$ndistricts
3
$ngroups
90
$nstocks
5
$nagecomps
18
$AgeCompLabels
 0.1 0.2 0.3 0.4 0.5 1.1 1.2 1.3 1.4 1.5 2.1 2.2 2.3 2.4 3.1 3.2 3.3 3.4
$navailpar
15
$nselectpar
5
$GENdata
-1
$maxGradient
0.0001369
#LIKELIHOOD_VALUES_AND_PENALTIES
$totalNLL
-203255
$NLLcatch
-160259
$NLLescape
-97169.7
$NLLagecompCatch
38160.1
$NLLagecompEsc
16013.7
$NLLgenetics
0
$NLLselOne
9.0312e-16
$NLLavailOne
1.17179e-10
$NLLextra
4.19985e-10
#OBSERVED_AND_PREDICTED_VALUES
$predEsc
 3998.56 747.01 3742.74 2860.45 2473.01
$obsEsc
 4222.79 748.736 3578.51 2786.93 2482.02
$predCatch
 10475.2 6797.16 2945.74
$obsCatch
 10475.2 6797.17 2945.74
$RunSize
 0 7.1215 48.3024 0.345778 0 5.32291 4034.53 796.868 2.60901 0 28.4461 1369.52 1342.68 7.7467e-11 0 0.960745 8.50247e-11 0 0 1.39818e-10 2.89084e-10 1.72541 0 0 383.204 675.255 1.64381e-10 0 1.83275e-10 132.352 297.187 2.46966 0 8.88036e-11 1.06233 0 0 5.10148e-11 13.5927 7.7467e-11 0 0 334.427 6777.62 47.8129 0 2.32389 1183.68 1552.24 1.83608 0 3.77888e-11 1.15256e-10 0 0 1.07698e-10 2.09671 1.32261e-11 0 1.00323 781.356 2795.17 3.89815 0 70.8821 4277.68 987.459 12.0102 0 4.57493 40.2082 0 0 0.572445 8.12734 0.0576675 0 1.69833 859.323 2726.39 2.34379 0 10.8257 1919.51 489.603 3.21204e-11 0 3.0231e-11 1.59951 0
$SSageCompEsc
 3549 88.5 3053 3792 3030
$obsAgeCompEsc
0 0.00118994 0.00582372 3.88102e-05 0 0.00124917 0.59652 0.08166 0.000377435 0 0.00655079 0.176337 0.130054 0 0 0.00019902 0 0 
0 0 0 0 0 0 0.601116 0.250188 0 0 0 0.102692 0.0460043 0 0 0 0 0 
0 0 0.00163259 0 0 0 0.0519077 0.648172 0.00721508 0 0.000637825 0.153382 0.136901 0.000151794 0 0 0 0 
0 0 0.000211772 0 0 0.000392333 0.0823469 0.311752 0.000173072 0 0.0220162 0.480703 0.0990314 0.000508826 0 0.000503268 0.00236111 0 
0 0.000184448 0.000609242 0 0 0.000684781 0.174912 0.399891 0 0 0.00426138 0.374919 0.0445375 0 0 0 0 0 
$predAgeCompEsc
0 0.000973634 0.00555947 4.19323e-05 0 0.00124393 0.551591 0.0917172 0.000316394 0 0.00664768 0.187238 0.154539 9.39438e-15 0 0.000131351 9.7861e-15 0 
0 1.03816e-13 1.82453e-13 0.00114366 0 0 0.28453 0.426181 1.08957e-13 0 2.29361e-13 0.0982714 0.187567 0.00163697 0 6.59369e-14 0.000670477 0 
0 6.25507e-15 0.00131655 8.06781e-15 0 0 0.041005 0.656459 0.00497948 0 0.000570206 0.145134 0.150345 0.000191219 0 4.63338e-15 1.11633e-14 0 
0 1.35488e-14 0.000185727 1.30978e-15 0 0.000315306 0.0982972 0.247596 0.000386035 0 0.0222776 0.538146 0.0874691 0.00118937 0 0.000575542 0.00356165 0 
0 0.000108351 0.00118129 9.1125e-06 0 0.000635971 0.162651 0.396275 0.000370361 0 0.00405387 0.363321 0.0711627 5.0756e-15 0 5.72205e-15 0.000232486 0 
$SSageCompCatch
 7296 19490 3102
$obsAgeCompCatch
0 0.000131931 0.00268129 0.000131931 0 0 0.146222 0.510798 0.00159594 0 0 0.145643 0.192098 0.00032315 0 0 0.0003759 0 
0 5.41582e-05 0.000768337 0 0 0 0.105877 0.361374 0.000977401 0 0.00115142 0.401711 0.122445 0.00127447 0 0.000411145 0.00395608 0 
0 0 0.00201388 2.60051e-05 0 0 0.113126 0.474879 0.000852353 0 0 0.283269 0.12436 0 0 0 0.00147443 0 
$predAgeCompCatch
0 0.00028382 0.0030611 9.40851e-05 0 3.27924e-05 0.199176 0.474417 0.00262516 0 0.00023487 0.148773 0.170631 0.000281225 0 6.18998e-05 0.000328722 0 
0 4.63868e-05 0.000792309 9.98265e-06 0 1.91353e-05 0.0996437 0.37916 0.000881721 0 0.000979723 0.386627 0.126549 0.00111434 0 0.000377898 0.00379885 0 
0 8.29959e-05 0.00137762 1.04943e-05 0 3.47215e-05 0.127007 0.473292 0.000424129 0 0.000303334 0.303225 0.093243 0.000154455 0 4.99394e-05 0.000794883 0 
$genSS
 0 0 0
$obsGenComp     #GeneticFracData
-1 -1 -1 -1 -1 
-1 -1 -1 -1 -1 
-1 -1 -1 -1 -1 
$predGenComp     #catchGenComp_pred
0 0 0 0 0 
0 0 0 0 0 
0 0 0 0 0 
#PARAMETERS_OF_INTEREST
$catchByGroup
0 0 0 
2.93366 0.274784 0.0199234 
23.5652 2.33711 0.170256 
0.161241 0.0157236 0.00114384 
0 0 0 
0.322611 0.024608 0.0017558 
1662 155.673 11.2872 
388.766 38.5564 2.80879 
1.21662 0.11864 0.00863067 
0 0 0 
1.72406 0.131507 0.00938315 
564.166 52.8432 3.83144 
655.053 64.9657 4.73268 
3.6124e-11 3.52267e-12 2.56262e-13 
0 0 0 
0.395773 0.0370704 0.00268783 
4.14808e-11 4.11391e-12 2.99694e-13 
0 0 0 
0 0 0 
5.87362e-11 3.25008e-12 2.80896e-13 
1.43615e-10 8.44361e-12 7.31797e-13 
0.819653 0.0473347 0.00409903 
0 0 0 
0 0 0 
160.98 8.90758 0.76986 
335.461 19.7229 1.70936 
7.80888e-11 4.5096e-12 3.90517e-13 
0 0 0 
1.13905e-11 5.06905e-13 4.33978e-14 
55.5995 3.07651 0.265895 
147.64 8.68028 0.752309 
1.17321 0.0677522 0.00586713 
0 0 0 
3.73054e-11 2.06424e-12 1.78407e-13 
0.527755 0.0310286 0.00268921 
0 0 0 
0 0 0 
2.45777e-11 2.97887e-12 4.71746e-14 
7.65675 0.992653 0.0158404 
4.18655e-11 5.32104e-12 8.47184e-14 
0 0 0 
0 0 0 
161.119 19.528 0.309253 
3817.82 494.957 7.89834 
25.8395 3.28416 0.0522885 
0 0 0 
0.173104 0.016407 0.000253164 
570.266 69.1174 1.09457 
874.373 113.357 1.80891 
0.992273 0.126116 0.00200795 
0 0 0 
1.82057e-11 2.20657e-12 3.49442e-14 
6.49232e-11 8.41691e-12 1.34314e-13 
0 0 0 
0 0 0 
5.94737e-12 5.95952e-11 3.39979e-12 
0.14487 1.3375 0.0830769 
8.59417e-13 8.12771e-12 4.92376e-13 
0 0 0 
0.00668867 0.0908406 0.00378241 
43.1486 432.367 24.6657 
193.129 1783.05 110.751 
0.253298 2.3955 0.145119 
0 0 0 
0.472581 6.41825 0.267242 
236.225 2367.08 135.037 
68.2273 629.905 39.1255 
0.780408 7.3805 0.44711 
0 0 0 
0.25264 2.53156 0.144421 
2.77814 25.649 1.59315 
0 0 0 
0 0 0 
0.0394152 0.0405153 0.224561 
0.698871 0.71819 3.78893 
0.00466609 0.00479545 0.0256707 
0 0 0 
0.0142077 0.0146175 0.0967424 
59.1679 60.8194 337.099 
234.442 240.923 1271.03 
0.189645 0.194902 1.04334 
0 0 0 
0.0905645 0.0931761 0.616666 
132.166 135.855 752.994 
42.101 43.2648 228.25 
2.59898e-12 2.67103e-12 1.42984e-11 
0 0 0 
2.08153e-12 2.13963e-12 1.18591e-11 
0.137542 0.141344 0.745684 
0 0 0 
$escByGroup
 5e-07 3.89313 22.2299 0.167669 5e-07 4.97393 2205.57 366.737 1.26512 5e-07 26.5811 748.682 617.934 5.00009e-07 5e-07 0.525214 5.0001e-07 5e-07 5e-07 5.00019e-07 5.00034e-07 0.854327 5e-07 5e-07 212.547 318.361 5.0002e-07 5e-07 5.00043e-07 73.4097 140.114 1.22284 5e-07 5.00012e-07 0.500853 5e-07 5e-07 5.00006e-07 4.9275 5.00008e-07 5e-07 5e-07 153.471 2456.95 18.6369 5e-07 2.13413 543.197 562.702 0.715682 5e-07 5.00004e-07 5.0001e-07 5e-07 5e-07 5.0001e-07 0.531263 5.00001e-07 5e-07 0.901917 281.174 708.237 1.10423 5e-07 63.724 1539.34 250.201 3.40213 5e-07 1.64631 10.1879 5e-07 5e-07 0.267953 2.92135 0.0225353 5e-07 1.57276 402.237 979.992 0.915907 5e-07 10.0253 898.496 175.986 5.00003e-07 5e-07 5.00004e-07 0.57494 5e-07
$catchByGroup
0 2.93366 23.5652 0.161241 0 0.322611 1662 388.766 1.21662 0 1.72406 564.166 655.053 3.6124e-11 0 0.395773 4.14808e-11 0 0 5.87362e-11 1.43615e-10 0.819653 0 0 160.98 335.461 7.80888e-11 0 1.13905e-11 55.5995 147.64 1.17321 0 3.73054e-11 0.527755 0 0 2.45777e-11 7.65675 4.18655e-11 0 0 161.119 3817.82 25.8395 0 0.173104 570.266 874.373 0.992273 0 1.82057e-11 6.49232e-11 0 0 5.94737e-12 0.14487 8.59417e-13 0 0.00668867 43.1486 193.129 0.253298 0 0.472581 236.225 68.2273 0.780408 0 0.25264 2.77814 0 0 0.0394152 0.698871 0.00466609 0 0.0142077 59.1679 234.442 0.189645 0 0.0905645 132.166 42.101 2.59898e-12 0 2.08153e-12 0.137542 0 
0 0.274784 2.33711 0.0157236 0 0.024608 155.673 38.5564 0.11864 0 0.131507 52.8432 64.9657 3.52267e-12 0 0.0370704 4.11391e-12 0 0 3.25008e-12 8.44361e-12 0.0473347 0 0 8.90758 19.7229 4.5096e-12 0 5.06905e-13 3.07651 8.68028 0.0677522 0 2.06424e-12 0.0310286 0 0 2.97887e-12 0.992653 5.32104e-12 0 0 19.528 494.957 3.28416 0 0.016407 69.1174 113.357 0.126116 0 2.20657e-12 8.41691e-12 0 0 5.95952e-11 1.3375 8.12771e-12 0 0.0908406 432.367 1783.05 2.3955 0 6.41825 2367.08 629.905 7.3805 0 2.53156 25.649 0 0 0.0405153 0.71819 0.00479545 0 0.0146175 60.8194 240.923 0.194902 0 0.0931761 135.855 43.2648 2.67103e-12 0 2.13963e-12 0.141344 0 
0 0.0199234 0.170256 0.00114384 0 0.0017558 11.2872 2.80879 0.00863067 0 0.00938315 3.83144 4.73268 2.56262e-13 0 0.00268783 2.99694e-13 0 0 2.80896e-13 7.31797e-13 0.00409903 0 0 0.76986 1.70936 3.90517e-13 0 4.33978e-14 0.265895 0.752309 0.00586713 0 1.78407e-13 0.00268921 0 0 4.71746e-14 0.0158404 8.47184e-14 0 0 0.309253 7.89834 0.0522885 0 0.000253164 1.09457 1.80891 0.00200795 0 3.49442e-14 1.34314e-13 0 0 3.39979e-12 0.0830769 4.92376e-13 0 0.00378241 24.6657 110.751 0.145119 0 0.267242 135.037 39.1255 0.44711 0 0.144421 1.59315 0 0 0.224561 3.78893 0.0256707 0 0.0967424 337.099 1271.03 1.04334 0 0.616666 752.994 228.25 1.42984e-11 0 1.18591e-11 0.745684 0 
$Fmort
 0.665288 0.3583 0.191534
#ESTIMATED_PARAMETERS
$availability
1.42624 1.46371 1.76582 0.152597 0.191638 
0.196269 0.117312 0.300102 4.02018 0.366136 
0.0261408 0.0187644 0.00863236 0.299301 4.64716 
$selectivity
 0.0658923 0.559549 0.705239 0.661796 3.00752
$RunSize
 0 7.1215 48.3024 0.345778 0 5.32291 4034.53 796.868 2.60901 0 28.4461 1369.52 1342.68 7.7467e-11 0 0.960745 8.50247e-11 0 0 1.39818e-10 2.89084e-10 1.72541 0 0 383.204 675.255 1.64381e-10 0 1.83275e-10 132.352 297.187 2.46966 0 8.88036e-11 1.06233 0 0 5.10148e-11 13.5927 7.7467e-11 0 0 334.427 6777.62 47.8129 0 2.32389 1183.68 1552.24 1.83608 0 3.77888e-11 1.15256e-10 0 0 1.07698e-10 2.09671 1.32261e-11 0 1.00323 781.356 2795.17 3.89815 0 70.8821 4277.68 987.459 12.0102 0 4.57493 40.2082 0 0 0.572445 8.12734 0.0576675 0 1.69833 859.323 2726.39 2.34379 0 10.8257 1919.51 489.603 3.21204e-11 0 3.0231e-11 1.59951 0
