$ndistricts
3
$ngroups
90
$nstocks
5
$nagecomps
18
$AgeCompLabels
 0.1 0.2 0.3 0.4 0.5 1.1 1.2 1.3 1.4 1.5 2.1 2.2 2.3 2.4 3.1 3.2 3.3 3.4
$navailpar
15
$nselectpar
5
$GENdata
-1
$maxGradient
0.000399511
#LIKELIHOOD_VALUES_AND_PENALTIES
$totalNLL
-117163
$NLLcatch
-100259
$NLLescape
-37490.9
$NLLagecompCatch
14469.7
$NLLagecompEsc
6117.31
$NLLgenetics
0
$NLLselOne
1.05824e-13
$NLLavailOne
1.17179e-10
$NLLextra
6.19991e-10
#OBSERVED_AND_PREDICTED_VALUES
$predEsc
 1828.36 1166.06 1409.75 1060.26 630.332
$obsEsc
 1827.78 1214.7 1375.49 1032.14 638.42
$predCatch
 4727.06 7029.4 1538.79
$obsCatch
 4727.06 7029.4 1538.79
$RunSize
 0 0 0 0 0 0 414.827 2222.02 1.3235e-10 0 0 665.582 245.688 0 0 2.65776e-10 6.24089e-11 0 0 0 0 0 0 0.341961 657.326 1180.96 13.0804 0 0 64.8575 249.345 0 0 6.24544 8.28532e-11 0 0 0 0 0 0 0 224.735 2970.77 1.36654e-10 0 0 77.7154 273.08 0 0 1.96911e-10 5.16487e-11 0 0 0 0 0 0 0 396.487 2571.21 9.03853e-11 0 3.35616 1727.65 3175.96 0 0 21.9266 2.16849 0 0 0 0 0 0 0 232.458 1711.71 7.82633 0 0 116.811 155.275 0 0 4.73447e-11 0.611658 0
$SSageCompEsc
 1272 411.5 1428 1413 1541
$obsAgeCompEsc
0 0 0 0 0 0 0.161887 0.570742 0 0 0 0.201055 0.0663159 0 0 0 0 0 
0 0 0 0 0 0.000258602 0.462782 0.40656 0.00654437 0 0 0.027621 0.0962343 0 0 0 0 0 
0 0 0 0 0 0 0.0954044 0.801329 0 0 0 0.0258885 0.077378 0 0 0 0 0 
0 0 0 0 0 0 0.0639659 0.303803 0 0 0.00322842 0.257088 0.366115 0 0 0.00516779 0.000631794 0 
0 0 0 0 0 0 0.155276 0.716517 0.00210491 0 0 0.063658 0.0624439 0 0 0 0 0 
$predAgeCompEsc
0 0 0 0 0 0 0.127259 0.601995 3.18966e-14 0 0 0.204184 0.0665624 0 0 8.15335e-14 1.69079e-14 0 
0 0 0 0 0 0.000293263 0.325878 0.522946 0.00521779 0 0 0.032154 0.110414 0 0 0.00309626 3.66887e-14 0 
0 0 0 0 0 0 0.0743829 0.824138 3.18863e-14 0 0 0.0257223 0.0757567 0 0 6.51737e-14 1.43282e-14 0 
0 0 0 0 0 0 0.0710196 0.273889 4.71305e-15 0 0.00316543 0.30946 0.338308 0 0 0.00392754 0.00023099 0 
0 0 0 0 0 0 0.132993 0.731183 0.00240527 0 0 0.0668292 0.0663282 0 0 2.70866e-14 0.00026128 0 
$SSageCompCatch
 5464 5653 2422
$obsAgeCompCatch
0 0 0 0 0 0 0.0854489 0.710505 0.00139838 0 0 0.0852602 0.116347 0 0 0.00104046 0 0 
0 0 0 0 0 0 0.0594488 0.381735 3.3716e-05 0 0 0.200406 0.35632 0 0 0.00190927 0.000147397 0 
0 0 0 0 0 0 0.0669 0.684512 0.00349255 0 0 0.0851768 0.158846 0 0 0.000536363 0.000536363 0 
$predAgeCompCatch
0 0 0 0 0 8.60707e-13 0.114253 0.683033 0.00146998 0 8.80673e-13 0.084768 0.115707 0 0 0.000733314 3.60643e-05 0 
0 0 0 0 0 4.47005e-14 0.0542016 0.392682 0.000255323 0 1.50343e-11 0.186131 0.364195 0 0 0.00228197 0.000252366 0 
0 0 0 0 0 1.39781e-14 0.0832419 0.67848 0.00296526 0 2.18821e-12 0.082021 0.152437 0 0 0.000578503 0.000276897 0 
$genSS
 0 0 0
$obsGenComp     #GeneticFracData
-1 -1 -1 -1 -1 
-1 -1 -1 -1 -1 
-1 -1 -1 -1 -1 
$predGenComp     #catchGenComp_pred
0 0 0 0 0 
0 0 0 0 0 
0 0 0 0 0 
#PARAMETERS_OF_INTEREST
$catchByGroup
0 0 0 
0 0 0 
0 0 0 
0 0 0 
0 0 0 
0 0 0 
155.607 25.0739 1.4716 
952.919 159.055 9.38702 
6.26121e-11 1.078e-11 6.3938e-13 
0 0 0 
0 0 0 
249.668 40.2306 2.36116 
105.364 17.5867 1.03792 
0 0 0 
0 0 0 
9.96959e-11 1.60646e-11 9.42843e-13 
2.67642e-11 4.4673e-12 2.63649e-13 
0 0 0 
0 0 0 
0 0 0 
0 0 0 
0 0 0 
0 0 0 
4.06861e-09 3.14218e-10 2.15094e-11 
251.614 24.0451 1.67471 
516.307 51.2798 3.58335 
6.30312 0.647659 0.0453911 
0 0 0 
0 0 0 
24.8264 2.3725 0.165241 
109.012 10.8271 0.756583 
0 0 0 
0 0 0 
2.39065 0.22846 0.0159119 
3.6223e-11 3.59767e-12 2.514e-13 
0 0 0 
0 0 0 
0 0 0 
0 0 0 
0 0 0 
0 0 0 
0 0 0 
99.1744 20.435 0.263586 
1485.86 318.923 4.15025 
7.48361e-11 1.66476e-11 2.1836e-13 
0 0 0 
0 0 0 
34.2955 7.06663 0.0911505 
136.584 29.3162 0.381501 
0 0 0 
0 0 0 
8.68959e-11 1.7905e-11 2.30952e-13 
2.58327e-11 5.54469e-12 7.21549e-14 
0 0 0 
0 0 0 
0 0 0 
0 0 0 
0 0 0 
0 0 0 
0 0 0 
19.4524 285.926 15.8092 
149.56 2009.59 121.659 
5.98841e-12 7.45247e-11 4.87518e-12 
0 0 0 
4.163e-09 1.05682e-07 3.3672e-09 
84.7619 1245.89 68.8867 
184.736 2482.25 150.273 
0 0 0 
0 0 0 
1.07576 15.8124 0.874283 
0.126135 1.69484 0.102604 
0 0 0 
0 0 0 
0 0 0 
0 0 0 
0 0 0 
0 0 0 
0 0 0 
14.2316 25.524 108.873 
124.094 221.467 905.258 
0.645575 1.1471 4.51753 
0 0 0 
0 0 0 
7.15144 12.8259 54.7088 
11.257 20.09 82.1192 
0 0 0 
0 0 0 
2.89856e-12 5.19846e-12 2.21741e-11 
0.0443434 0.0791385 0.323483 
0 0 0 
$escByGroup
 5e-07 5e-07 5e-07 5e-07 5e-07 5e-07 232.675 1100.66 5.00015e-07 5e-07 5e-07 373.322 121.7 5e-07 5e-07 5.00037e-07 5.00008e-07 5e-07 5e-07 5e-07 5e-07 5e-07 5e-07 0.341961 379.992 609.785 6.08424 5e-07 5e-07 37.4933 128.749 5e-07 5e-07 3.61041 5.00011e-07 5e-07 5e-07 5e-07 5e-07 5e-07 5e-07 5e-07 104.862 1161.83 5.00011e-07 5e-07 5e-07 36.2621 106.798 5e-07 5e-07 5.00023e-07 5.00005e-07 5e-07 5e-07 5e-07 5e-07 5e-07 5e-07 5e-07 75.299 290.392 5.00001e-07 5e-07 3.35616 328.107 358.693 5e-07 5e-07 4.16421 0.244909 5e-07 5e-07 5e-07 5e-07 5e-07 5e-07 5e-07 83.8295 460.888 1.51612 5e-07 5e-07 42.1246 41.8088 5e-07 5e-07 5.00004e-07 0.164693 5e-07
$catchByGroup
0 0 0 0 0 0 155.607 952.919 6.26121e-11 0 0 249.668 105.364 0 0 9.96959e-11 2.67642e-11 0 0 0 0 0 0 4.06861e-09 251.614 516.307 6.30312 0 0 24.8264 109.012 0 0 2.39065 3.6223e-11 0 0 0 0 0 0 0 99.1744 1485.86 7.48361e-11 0 0 34.2955 136.584 0 0 8.68959e-11 2.58327e-11 0 0 0 0 0 0 0 19.4524 149.56 5.98841e-12 0 4.163e-09 84.7619 184.736 0 0 1.07576 0.126135 0 0 0 0 0 0 0 14.2316 124.094 0.645575 0 0 7.15144 11.257 0 0 2.89856e-12 0.0443434 0 
0 0 0 0 0 0 25.0739 159.055 1.078e-11 0 0 40.2306 17.5867 0 0 1.60646e-11 4.4673e-12 0 0 0 0 0 0 3.14218e-10 24.0451 51.2798 0.647659 0 0 2.3725 10.8271 0 0 0.22846 3.59767e-12 0 0 0 0 0 0 0 20.435 318.923 1.66476e-11 0 0 7.06663 29.3162 0 0 1.7905e-11 5.54469e-12 0 0 0 0 0 0 0 285.926 2009.59 7.45247e-11 0 1.05682e-07 1245.89 2482.25 0 0 15.8124 1.69484 0 0 0 0 0 0 0 25.524 221.467 1.1471 0 0 12.8259 20.09 0 0 5.19846e-12 0.0791385 0 
0 0 0 0 0 0 1.4716 9.38702 6.3938e-13 0 0 2.36116 1.03792 0 0 9.42843e-13 2.63649e-13 0 0 0 0 0 0 2.15094e-11 1.67471 3.58335 0.0453911 0 0 0.165241 0.756583 0 0 0.0159119 2.514e-13 0 0 0 0 0 0 0 0.263586 4.15025 2.1836e-13 0 0 0.0911505 0.381501 0 0 2.30952e-13 7.21549e-14 0 0 0 0 0 0 0 15.8092 121.659 4.87518e-12 0 3.3672e-09 68.8867 150.273 0 0 0.874283 0.102604 0 0 0 0 0 0 0 108.873 905.258 4.51753 0 0 54.7088 82.1192 0 0 2.21741e-11 0.323483 0 
$Fmort
 0.279841 0.269655 0.115402
#ESTIMATED_PARAMETERS
$availability
1.42624 1.46371 1.76582 0.152597 0.191638 
0.196269 0.117312 0.300102 4.02018 0.366136 
0.0261408 0.0187644 0.00863236 0.299301 4.64716 
$selectivity
 2.90472e-08 1.17805 1.40335 1.6053 0.813294
$RunSize
 0 0 0 0 0 0 414.827 2222.02 1.3235e-10 0 0 665.582 245.688 0 0 2.65776e-10 6.24089e-11 0 0 0 0 0 0 0.341961 657.326 1180.96 13.0804 0 0 64.8575 249.345 0 0 6.24544 8.28532e-11 0 0 0 0 0 0 0 224.735 2970.77 1.36654e-10 0 0 77.7154 273.08 0 0 1.96911e-10 5.16487e-11 0 0 0 0 0 0 0 396.487 2571.21 9.03853e-11 0 3.35616 1727.65 3175.96 0 0 21.9266 2.16849 0 0 0 0 0 0 0 232.458 1711.71 7.82633 0 0 116.811 155.275 0 0 4.73447e-11 0.611658 0
