$ndistricts
3
$ngroups
90
$nstocks
5
$nagecomps
18
$AgeCompLabels
 0.1 0.2 0.3 0.4 0.5 1.1 1.2 1.3 1.4 1.5 2.1 2.2 2.3 2.4 3.1 3.2 3.3 3.4
$navailpar
15
$nselectpar
5
$GENdata
-1
$maxGradient
2.70377e-05
#LIKELIHOOD_VALUES_AND_PENALTIES
$totalNLL
-19095.3
$NLLcatch
-11409.1
$NLLescape
-26259.1
$NLLagecompCatch
10136.8
$NLLagecompEsc
8436.11
$NLLgenetics
0
$NLLselOne
2.6986e-16
$NLLavailOne
1.17179e-10
$NLLextra
4.9998e-10
#OBSERVED_AND_PREDICTED_VALUES
$predEsc
 2427.6 198.516 1110.78 350.381 100.274
$obsEsc
 2557.44 193.872 1023.22 338.654 70.896
$predCatch
 1216.86 671.554 82.457
$obsCatch
 1216.86 671.554 82.457
$RunSize
 0 0 1.18559e-10 0 0 19.12 1849.24 63.0752 1.88943e-10 0 90.46 749.665 430.535 1.49309e-10 0 7.51405 2.72231 0 0 0 7.75588e-11 0 0 7.15231 76.6945 137.471 8.95172e-11 0 1.64664 27.714 20.046 7.92671e-11 0 0.643328 2.05343e-10 0 0 0 6.4917e-11 0 0 11.7905 311.674 378.05 1.37355 0 31.5442 630.662 280.205 6.52587e-11 0 6.10563 2.85412 0 0 0 5.22753e-11 0 0 8.20004e-11 44.8263 64.2176 6.62837e-11 0 4.77485 440.304 269.243 6.11587e-11 0 22.2526 8.30927 0 0 0 0.160741 0 0 2.87002e-11 25.4939 20.0291 0.130965 0 11.5283 93.1239 15.777 0.273545 0 2.18668e-11 0.0191521 0
$SSageCompEsc
 2211 392 2668 635 505
$obsAgeCompEsc
0 0 0 0 0 0.007627 0.655261 0.0145843 0 0 0.0326109 0.182198 0.105089 0 0 0.00262919 0 0 
0 0 0 0 0 0.0365274 0.326088 0.457628 0 0 0.0080462 0.100497 0.0684903 0 0 0.00272251 0 0 
0 0 0 0 0 0.010952 0.223225 0.200272 0.00114467 0 0.0280683 0.380417 0.150877 0 0 0.00425878 0.000784162 0 
0 0 0 0 0 0 0.0733511 0.0774798 0 0 0.0145969 0.53706 0.257572 0 0 0.0339352 0.00600544 0 
0 0 0 0 0 0 0.131221 0.139758 0.000426318 0 0.125591 0.463974 0.136339 0.0022638 0 0 0.000426318 0 
$predAgeCompEsc
0 0 3.31976e-14 0 0 0.00775104 0.579373 0.0176616 6.64876e-14 0 0.0366716 0.234873 0.120554 5.25409e-14 0 0.00235418 0.000762271 0 
0 0 2.7045e-13 0 0 0.035474 0.297205 0.479364 3.87416e-13 0 0.008167 0.107397 0.069901 3.43056e-13 0 0.00249301 7.16036e-13 0 
0 0 3.54005e-14 0 0 0.0104014 0.19725 0.206158 0.00101107 0 0.0278277 0.39913 0.152801 4.80369e-14 0 0.0038641 0.00155641 0 
0 0 4.86778e-14 0 0 2.24005e-13 0.0590789 0.0597983 1.22244e-13 0 0.0130437 0.580299 0.250714 1.12792e-13 0 0.0293279 0.00773745 0 
0 0 0.000765805 0 0 2.78359e-13 0.153392 0.095423 0.000984924 0 0.111811 0.560309 0.0751653 0.0020572 0 1.31568e-13 9.12451e-05 0 
$SSageCompCatch
 2697 2953 1838
$obsAgeCompCatch
0 0 0 0 0 5.67151e-05 0.285885 0.170515 0.000137061 0 0.00429146 0.335412 0.198199 0 0 0.00233744 0.00316568 0 
0 0 0 0 0 0 0.133535 0.104217 0 0 6.46914e-05 0.414692 0.31835 0 0 0.0188024 0.0103379 0 
0 0 0.00103977 0 0 0 0.172967 0.117432 0.00049776 0 0.00119462 0.545039 0.158724 0.000644934 0 0.00246115 0 0 
$predAgeCompCatch
0 0 5.53239e-06 0 0 0.000464067 0.389554 0.149303 0.000174565 0 0.00150659 0.270272 0.184052 4.01337e-06 0 0.00306031 0.00160361 0 
0 0 1.95692e-05 0 0 0.000122596 0.149251 0.108308 6.62096e-05 0 0.000760973 0.413056 0.30332 1.43692e-05 0 0.0170861 0.00799356 0 
0 0 0.000777087 0 0 4.24965e-05 0.157622 0.131858 0.000312773 0 0.00329693 0.495333 0.20011 0.00063945 0 0.00654219 0.00346668 0 
$genSS
 0 0 0
$obsGenComp     #GeneticFracData
-1 -1 -1 -1 -1 
-1 -1 -1 -1 -1 
-1 -1 -1 -1 -1 
$predGenComp     #catchGenComp_pred
0 0 0 0 0 
0 0 0 0 0 
0 0 0 0 0 
#PARAMETERS_OF_INTEREST
$catchByGroup
0 0 0 
0 0 0 
3.2331e-11 5.29872e-12 3.38669e-13 
0 0 0 
0 0 0 
0.263134 0.0380087 0.00238025 
379.033 59.9145 3.80672 
17.2006 2.819 0.180177 
2.37072e-11 3.60268e-12 2.27443e-13 
0 0 0 
1.24494 0.179826 0.0112614 
153.656 24.2888 1.54321 
117.407 19.2418 1.22984 
1.87342e-11 2.84697e-12 1.79734e-13 
0 0 0 
1.54013 0.243451 0.0154679 
0.742373 0.121667 0.00777639 
0 0 0 
0 0 0 
0 0 0 
2.16202e-11 2.09087e-12 1.59098e-13 
0 0 0 
0 0 0 
0.101 0.00850172 0.000639156 
16.0861 1.49506 0.113361 
38.3211 3.70601 0.281996 
1.15072e-11 1.02417e-12 7.73642e-14 
0 0 0 
0.0232526 0.00195731 0.00014715 
5.81281 0.540247 0.0409638 
5.588 0.540412 0.0411207 
1.01896e-11 9.06894e-13 6.85057e-14 
0 0 0 
0.134933 0.0125408 0.000950896 
5.72411e-11 5.53575e-12 4.21223e-13 
0 0 0 
0 0 0 
0 0 0 
2.11501e-11 4.3834e-12 6.12953e-14 
0 0 0 
0 0 0 
0.20057 0.0358195 0.000484729 
77.0525 15.3073 0.212016 
123.169 25.5271 0.356958 
0.210083 0.0398433 0.000546228 
0 0 0 
0.536601 0.095831 0.00129684 
155.913 30.9739 0.429009 
91.2915 18.9204 0.264573 
9.98126e-12 1.893e-12 2.59518e-14 
0 0 0 
1.50944 0.299868 0.00415336 
0.929877 0.192719 0.00269488 
0 0 0 
0 0 0 
0 0 0 
1.75094e-12 3.17841e-11 1.68444e-12 
0 0 0 
0 0 0 
1.21492e-13 3.27505e-12 1.16805e-13 
1.0867 21.9942 1.04524 
2.15094 39.0452 2.06925 
9.44036e-13 2.15999e-11 9.07843e-13 
0 0 0 
0.0070744 0.190705 0.00680149 
10.674 216.037 10.2668 
9.01817 163.704 8.67569 
8.71044e-13 1.99298e-11 8.37649e-13 
0 0 0 
0.539458 10.9184 0.518877 
0.278315 5.05216 0.267746 
0 0 0 
0 0 0 
0 0 0 
0.00673214 0.0131418 0.0640763 
0 0 0 
0 0 0 
5.33907e-14 1.0634e-13 6.28232e-13 
0.773731 1.51924 7.81969 
0.838857 1.63753 7.98422 
0.00233817 0.00461998 0.0252441 
0 0 0 
0.021446 0.0427148 0.252348 
2.82627 5.54945 28.5637 
0.660773 1.28989 6.28921 
0.0048837 0.00964971 0.0527271 
0 0 0 
6.63648e-13 1.30309e-12 6.70715e-12 
0.00080213 0.00156584 0.00763465 
0 0 0 
$escByGroup
 5e-07 5e-07 5.0002e-07 5e-07 5e-07 18.8164 1406.49 42.8754 5.0004e-07 5e-07 89.024 570.177 292.656 5.00032e-07 5e-07 5.715 1.85049 5e-07 5e-07 5e-07 5.00013e-07 5e-07 5e-07 7.04217 58.9999 95.1614 5.00019e-07 5e-07 1.62128 21.32 13.8765 5.00017e-07 5e-07 0.494902 5.00036e-07 5e-07 5e-07 5e-07 5.0001e-07 5e-07 5e-07 11.5537 219.102 228.996 1.12308 5e-07 30.9105 443.346 169.729 5.00013e-07 5e-07 4.29217 1.72883 5e-07 5e-07 5e-07 5.00004e-07 5e-07 5e-07 5.0002e-07 20.7001 20.9522 5.00011e-07 5e-07 4.57027 203.326 87.8456 5.0001e-07 5e-07 10.2759 2.71106 5e-07 5e-07 5e-07 0.0767904 5e-07 5e-07 5.00007e-07 15.3813 9.56846 0.0987624 5e-07 11.2118 56.1845 7.53713 0.206284 5e-07 5.00003e-07 0.00914953 5e-07
$catchByGroup
0 0 3.2331e-11 0 0 0.263134 379.033 17.2006 2.37072e-11 0 1.24494 153.656 117.407 1.87342e-11 0 1.54013 0.742373 0 0 0 2.16202e-11 0 0 0.101 16.0861 38.3211 1.15072e-11 0 0.0232526 5.81281 5.588 1.01896e-11 0 0.134933 5.72411e-11 0 0 0 2.11501e-11 0 0 0.20057 77.0525 123.169 0.210083 0 0.536601 155.913 91.2915 9.98126e-12 0 1.50944 0.929877 0 0 0 1.75094e-12 0 0 1.21492e-13 1.0867 2.15094 9.44036e-13 0 0.0070744 10.674 9.01817 8.71044e-13 0 0.539458 0.278315 0 0 0 0.00673214 0 0 5.33907e-14 0.773731 0.838857 0.00233817 0 0.021446 2.82627 0.660773 0.0048837 0 6.63648e-13 0.00080213 0 
0 0 5.29872e-12 0 0 0.0380087 59.9145 2.819 3.60268e-12 0 0.179826 24.2888 19.2418 2.84697e-12 0 0.243451 0.121667 0 0 0 2.09087e-12 0 0 0.00850172 1.49506 3.70601 1.02417e-12 0 0.00195731 0.540247 0.540412 9.06894e-13 0 0.0125408 5.53575e-12 0 0 0 4.3834e-12 0 0 0.0358195 15.3073 25.5271 0.0398433 0 0.095831 30.9739 18.9204 1.893e-12 0 0.299868 0.192719 0 0 0 3.17841e-11 0 0 3.27505e-12 21.9942 39.0452 2.15999e-11 0 0.190705 216.037 163.704 1.99298e-11 0 10.9184 5.05216 0 0 0 0.0131418 0 0 1.0634e-13 1.51924 1.63753 0.00461998 0 0.0427148 5.54945 1.28989 0.00964971 0 1.30309e-12 0.00156584 0 
0 0 3.38669e-13 0 0 0.00238025 3.80672 0.180177 2.27443e-13 0 0.0112614 1.54321 1.22984 1.79734e-13 0 0.0154679 0.00777639 0 0 0 1.59098e-13 0 0 0.000639156 0.113361 0.281996 7.73642e-14 0 0.00014715 0.0409638 0.0411207 6.85057e-14 0 0.000950896 4.21223e-13 0 0 0 6.12953e-14 0 0 0.000484729 0.212016 0.356958 0.000546228 0 0.00129684 0.429009 0.264573 2.59518e-14 0 0.00415336 0.00269488 0 0 0 1.68444e-12 0 0 1.16805e-13 1.04524 2.06925 9.07843e-13 0 0.00680149 10.2668 8.67569 8.37649e-13 0 0.518877 0.267746 0 0 0 0.0640763 0 0 6.28232e-13 7.81969 7.98422 0.0252441 0 0.252348 28.5637 6.28921 0.0527271 0 6.70715e-12 0.00763465 0 
$Fmort
 0.36717 0.383124 0.179973
#ESTIMATED_PARAMETERS
$availability
1.42624 1.46371 1.76582 0.152597 0.191638 
0.196269 0.117312 0.300102 4.02018 0.366136 
0.0261408 0.0187644 0.00863236 0.299301 4.64716 
$selectivity
 0.0264629 0.438006 0.608046 0.256023 3.67146
$RunSize
 0 0 1.18559e-10 0 0 19.12 1849.24 63.0752 1.88943e-10 0 90.46 749.665 430.535 1.49309e-10 0 7.51405 2.72231 0 0 0 7.75588e-11 0 0 7.15231 76.6945 137.471 8.95172e-11 0 1.64664 27.714 20.046 7.92671e-11 0 0.643328 2.05343e-10 0 0 0 6.4917e-11 0 0 11.7905 311.674 378.05 1.37355 0 31.5442 630.662 280.205 6.52587e-11 0 6.10563 2.85412 0 0 0 5.22753e-11 0 0 8.20004e-11 44.8263 64.2176 6.62837e-11 0 4.77485 440.304 269.243 6.11587e-11 0 22.2526 8.30927 0 0 0 0.160741 0 0 2.87002e-11 25.4939 20.0291 0.130965 0 11.5283 93.1239 15.777 0.273545 0 2.18668e-11 0.0191521 0
