$ndistricts
3
$ngroups
90
$nstocks
5
$nagecomps
18
$AgeCompLabels
 0.1 0.2 0.3 0.4 0.5 1.1 1.2 1.3 1.4 1.5 2.1 2.2 2.3 2.4 3.1 3.2 3.3 3.4
$navailpar
15
$nselectpar
5
$GENdata
1
$maxGradient
0.000131062
#LIKELIHOOD_VALUES_AND_PENALTIES
$totalNLL
-224937
$NLLcatch
-175556
$NLLescape
-82955.4
$NLLagecompCatch
16729.1
$NLLagecompEsc
16415.2
$NLLgenetics
429.229
$NLLselOne
5.2888e-14
$NLLavailOne
6.68968e-15
$NLLextra
5.39984e-10
#OBSERVED_AND_PREDICTED_VALUES
$predEsc
 7213.21 318.561 1849.43 1102.55 998.01
$obsEsc
 7211.05 318.887 1849.94 1095.19 1006.41
$predCatch
 8179.09 7537.27 6468.86
$obsCatch
 8179.09 7537.27 6468.86
$RunSize
 0 0 3.55876 0 0 8.97061e-11 653.877 1347.58 2.56036e-10 0 7.84928e-11 8051.38 3461.13 6.35418e-11 0 5.60663e-11 1.04962 0 0 0 7.10173e-11 0 0 1.1587e-10 372.733 225.208 1.27078 0 1.1587e-10 72.3529 35.743 6.54107e-11 0 5.79352e-11 5.04597e-11 0 0 0 3.17709e-11 0 0 4.78914 737.127 1648.76 6.76067 0 5.47821 1338.92 459.563 2.24265e-11 0 4.39855 2.61643e-11 0 0 0 6.54107e-11 0 0 1.64382 567.742 2346.46 7.10173e-11 0 41.2643 3682.93 1021.32 1.20501 0.339388 4.48531e-11 7.11015 0 0 0 3.95046 0 0 4.24012 1708.07 2064.37 26.1839 0 6.08608 3109.03 643.376 1.68199e-11 0 2.61643e-11 3.36398e-11 0
$SSageCompEsc
 2940 88.5 2592 2962 4884
$obsAgeCompEsc
0 0 0.00057112 0 0 0 0.0534425 0.0876885 0 0 0 0.616908 0.241166 0 0 0 0.000223843 0 
0 0 0 0 0 0 0.601116 0.250188 0 0 0 0.102692 0.0460043 0 0 0 0 0 
0 0 0 0 0 0.00234829 0.193508 0.351876 0.00174347 0 0.00270783 0.343989 0.101978 0 0 0.00184921 0 0 
0 0 0 0 0 0.00124454 0.0978499 0.2151 0 0 0.0303154 0.569857 0.0847102 0 0.00025784 0 0.000665284 0 
0 0 0 0 0 0.00346734 0.294063 0.171832 0.00756187 0 0.00497545 0.453183 0.0649174 0 0 0 0 0 
$predAgeCompEsc
0 0 0.000238497 0 0 1.15972e-14 0.0508835 0.0903104 2.36891e-14 0 1.01475e-14 0.626543 0.231954 5.87904e-15 0 4.36297e-15 7.03423e-05 0 
0 0 8.82102e-14 0 0 3.33538e-13 0.563992 0.27973 0.0024031 0 3.33538e-13 0.109479 0.0443962 1.23694e-13 0 8.76632e-14 6.26757e-14 0 
0 0 6.8788e-15 0 0 0.00235506 0.190025 0.356976 0.00215269 0 0.00269391 0.345162 0.0995011 7.14091e-15 0 0.00113391 5.66489e-15 0 
0 0 5.72368e-15 0 0 0.00121987 0.0897899 0.205324 1.97786e-14 0 0.0306221 0.582466 0.0893688 0.000335598 0.000251859 7.09363e-15 0.000622165 0 
0 0 0.000351393 0 0 0.00338684 0.263588 0.183625 0.0071757 0 0.00486131 0.479783 0.0572282 4.6095e-15 0 4.03765e-15 2.99225e-15 0 
$SSageCompCatch
 8505 1697 3212
$obsAgeCompCatch
0 0 7.51564e-05 0 0 5.59577e-05 0.0965835 0.222268 0.000541575 0 8.84203e-05 0.465735 0.214596 0 0 5.59577e-05 0 0 
0 0 0 0 0 0 0.0582723 0.268891 0.000299975 0 0.00164542 0.496465 0.172685 0.00072057 0 0 0.00102055 0 
0 0 0.00108999 0 0 0 0.170402 0.302754 0.00214697 0 0 0.443921 0.079686 0 0 0 0 0 
$predAgeCompCatch
0 0 0.00018539 0 0 5.33691e-05 0.0983753 0.218622 0.000396326 0 9.54285e-05 0.462754 0.219133 5.65822e-06 2.94972e-07 0.00027034 0.000109143 0 
0 0 5.98811e-05 0 0 4.11604e-05 0.0760274 0.291267 8.3588e-05 0 0.000955312 0.470698 0.15995 0.000103787 7.82202e-06 1.00708e-05 0.000796336 0 
0 0 0.000536498 0 0 0.000130741 0.216683 0.284208 0.00284989 0 0.000193438 0.403207 0.0921775 9.96327e-07 5.12302e-08 2.22974e-06 1.10569e-05 0 
$genSS
 285 194 296
$obsGenComp     #GeneticFracData
0.649061 0.0416709 0.246109 0.0589417 0.00421729 
0.10761 0.0186229 0.0141937 0.837427 0.0221462 
0.0111502 0.00050226 0.00220994 0.00803616 0.978101 
$predGenComp     #catchGenComp_pred
0.623193 0.0389294 0.276392 0.053946 0.00753901 
0.149366 0.00909666 0.0106708 0.804566 0.0263003 
0.0127358 0.0002745 0.00236464 0.00958458 0.97504 
#PARAMETERS_OF_INTEREST
$catchByGroup
0 0 0 
0 0 0 
1.4798 0.33406 0.0245668 
0 0 0 
0 0 0 
5.04018e-12 9.46196e-13 6.68218e-14 
232.526 50.6252 3.69247 
560.348 126.497 9.30257 
6.96383e-11 1.44783e-11 1.04522e-12 
0 0 0 
4.41015e-12 8.27922e-13 5.84691e-14 
2863.16 623.363 45.4665 
1439.21 324.896 23.8928 
1.72825e-11 3.59316e-12 2.59397e-13 
0 0 0 
1.99378e-11 4.34083e-12 3.16609e-13 
0.436452 0.0985276 0.00724573 
0 0 0 
0 0 0 
0 0 0 
3.49787e-11 7.73671e-12 2.01555e-13 
0 0 0 
0 0 0 
8.15401e-12 1.42884e-12 3.54207e-14 
158.661 33.5411 0.865042 
110.924 24.5345 0.639167 
0.41944 0.0836762 0.00213105 
0 0 0 
8.15401e-12 1.42884e-12 3.54207e-14 
30.7984 6.51083 0.167917 
17.6048 3.89389 0.101443 
2.15898e-11 4.30705e-12 1.09691e-13 
0 0 0 
2.46612e-11 5.21342e-12 1.34457e-13 
2.48533e-11 5.49714e-12 1.4321e-13 
0 0 0 
0 0 0 
0 0 0 
1.82523e-11 6.69358e-13 1.27393e-13 
0 0 0 
0 0 0 
0.420591 0.0109575 0.00206946 
370.552 12.7207 2.41721 
947.206 34.7364 6.61106 
2.67892 0.0844786 0.0160215 
0 0 0 
0.481106 0.012534 0.00236721 
673.073 23.1059 4.39063 
264.018 9.68219 1.84272 
8.88653e-12 2.80233e-13 5.31465e-14 
0 0 0 
2.21114 0.0759061 0.0144238 
1.50313e-11 5.51236e-13 1.04912e-13 
0 0 0 
0 0 0 
0 0 0 
4.1972e-12 5.43115e-11 5.91347e-13 
0 0 0 
0 0 0 
0.0116854 0.285556 0.00160513 
29.9613 434.583 4.19954 
150.565 1948.3 21.2132 
2.72747e-12 4.61031e-11 3.79843e-13 
0 0 0 
0.293335 7.16822 0.0402932 
194.359 2819.13 27.2423 
65.5346 848.014 9.23322 
0.0462791 0.782267 0.0064451 
0.0024126 0.0589567 0.000331401 
2.36702e-12 3.43332e-11 3.31774e-13 
0.456236 5.90367 0.0642795 
0 0 0 
0 0 0 
0 0 0 
0.0365225 0.11728 3.44597 
0 0 0 
0 0 0 
0.00423443 0.0137241 0.842068 
12.9206 41.569 1390.52 
19.0853 61.2864 1800.74 
0.143223 0.461871 18.4174 
0 0 0 
0.00607791 0.019699 1.20867 
23.5181 75.6638 2531.02 
5.9481 19.1004 561.213 
9.20029e-14 2.96695e-13 1.18309e-11 
0 0 0 
1.97919e-13 6.36755e-13 2.13e-11 
3.11004e-13 9.98689e-13 2.93438e-11 
0 0 0 
$escByGroup
 5e-07 5e-07 1.72033 5e-07 5e-07 5.00021e-07 367.033 651.428 5.00043e-07 5e-07 5.00018e-07 4519.39 1673.14 5.00011e-07 5e-07 5.00008e-07 0.507394 5e-07 5e-07 5e-07 5.00007e-07 5e-07 5e-07 5.00027e-07 179.666 89.1111 0.765533 5e-07 5.00027e-07 34.8758 14.1429 5.0001e-07 5e-07 5.00007e-07 5.00005e-07 5e-07 5e-07 5e-07 5.00003e-07 5e-07 5e-07 4.35553 351.438 660.203 3.98125 5e-07 4.9822 638.354 184.02 5.00003e-07 5e-07 2.09708 5.00003e-07 5e-07 5e-07 5e-07 5.00002e-07 5e-07 5e-07 1.34497 98.9981 226.38 5.00005e-07 5e-07 33.7625 642.199 98.5338 0.370014 0.277687 5.00002e-07 0.685969 5e-07 5e-07 5e-07 0.350694 5e-07 5e-07 3.3801 263.064 183.26 7.16142 5e-07 4.85164 478.828 57.1143 5.00001e-07 5e-07 5.00001e-07 5.00001e-07 5e-07
$catchByGroup
0 0 1.4798 0 0 5.04018e-12 232.526 560.348 6.96383e-11 0 4.41015e-12 2863.16 1439.21 1.72825e-11 0 1.99378e-11 0.436452 0 0 0 3.49787e-11 0 0 8.15401e-12 158.661 110.924 0.41944 0 8.15401e-12 30.7984 17.6048 2.15898e-11 0 2.46612e-11 2.48533e-11 0 0 0 1.82523e-11 0 0 0.420591 370.552 947.206 2.67892 0 0.481106 673.073 264.018 8.88653e-12 0 2.21114 1.50313e-11 0 0 0 4.1972e-12 0 0 0.0116854 29.9613 150.565 2.72747e-12 0 0.293335 194.359 65.5346 0.0462791 0.0024126 2.36702e-12 0.456236 0 0 0 0.0365225 0 0 0.00423443 12.9206 19.0853 0.143223 0 0.00607791 23.5181 5.9481 9.20029e-14 0 1.97919e-13 3.11004e-13 0 
0 0 0.33406 0 0 9.46196e-13 50.6252 126.497 1.44783e-11 0 8.27922e-13 623.363 324.896 3.59316e-12 0 4.34083e-12 0.0985276 0 0 0 7.73671e-12 0 0 1.42884e-12 33.5411 24.5345 0.0836762 0 1.42884e-12 6.51083 3.89389 4.30705e-12 0 5.21342e-12 5.49714e-12 0 0 0 6.69358e-13 0 0 0.0109575 12.7207 34.7364 0.0844786 0 0.012534 23.1059 9.68219 2.80233e-13 0 0.0759061 5.51236e-13 0 0 0 5.43115e-11 0 0 0.285556 434.583 1948.3 4.61031e-11 0 7.16822 2819.13 848.014 0.782267 0.0589567 3.43332e-11 5.90367 0 0 0 0.11728 0 0 0.0137241 41.569 61.2864 0.461871 0 0.019699 75.6638 19.1004 2.96695e-13 0 6.36755e-13 9.98689e-13 0 
0 0 0.0245668 0 0 6.68218e-14 3.69247 9.30257 1.04522e-12 0 5.84691e-14 45.4665 23.8928 2.59397e-13 0 3.16609e-13 0.00724573 0 0 0 2.01555e-13 0 0 3.54207e-14 0.865042 0.639167 0.00213105 0 3.54207e-14 0.167917 0.101443 1.09691e-13 0 1.34457e-13 1.4321e-13 0 0 0 1.27393e-13 0 0 0.00206946 2.41721 6.61106 0.0160215 0 0.00236721 4.39063 1.84272 5.31465e-14 0 0.0144238 1.04912e-13 0 0 0 5.91347e-13 0 0 0.00160513 4.19954 21.2132 3.79843e-13 0 0.0402932 27.2423 9.23322 0.0064451 0.000331401 3.31774e-13 0.0642795 0 0 0 3.44597 0 0 0.842068 1390.52 1800.74 18.4174 0 1.20867 2531.02 561.213 1.18309e-11 0 2.13e-11 2.93438e-11 0 
$Fmort
 2.12811 2.02219 2.06358
#ESTIMATED_PARAMETERS
$availability
1.25245 1.58048 1.99091 0.154518 0.0216409 
0.241698 0.282824 0.0522111 4.34937 0.0738964 
0.0166446 0.00682914 0.00965399 0.0218215 4.94505 
$selectivity
 0.0216953 0.164876 0.201679 0.119097 4.49265
$RunSize
 0 0 3.55876 0 0 8.97061e-11 653.877 1347.58 2.56036e-10 0 7.84928e-11 8051.38 3461.13 6.35418e-11 0 5.60663e-11 1.04962 0 0 0 7.10173e-11 0 0 1.1587e-10 372.733 225.208 1.27078 0 1.1587e-10 72.3529 35.743 6.54107e-11 0 5.79352e-11 5.04597e-11 0 0 0 3.17709e-11 0 0 4.78914 737.127 1648.76 6.76067 0 5.47821 1338.92 459.563 2.24265e-11 0 4.39855 2.61643e-11 0 0 0 6.54107e-11 0 0 1.64382 567.742 2346.46 7.10173e-11 0 41.2643 3682.93 1021.32 1.20501 0.339388 4.48531e-11 7.11015 0 0 0 3.95046 0 0 4.24012 1708.07 2064.37 26.1839 0 6.08608 3109.03 643.376 1.68199e-11 0 2.61643e-11 3.36398e-11 0
