$ndistricts
3
$ngroups
90
$nstocks
5
$nagecomps
18
$AgeCompLabels
 0.1 0.2 0.3 0.4 0.5 1.1 1.2 1.3 1.4 1.5 2.1 2.2 2.3 2.4 3.1 3.2 3.3 3.4
$navailpar
15
$nselectpar
5
$GENdata
1
$maxGradient
0.000515506
#LIKELIHOOD_VALUES_AND_PENALTIES
$totalNLL
-403585
$NLLcatch
-338002
$NLLescape
-108219
$NLLagecompCatch
30690.9
$NLLagecompEsc
11369.9
$NLLgenetics
574.348
$NLLselOne
8.32853e-15
$NLLavailOne
1.04682e-13
$NLLextra
0.122744
#OBSERVED_AND_PREDICTED_VALUES
$predEsc
 10036.7 581.087 1111.05 1290.72 1304.6
$obsEsc
 10038.7 581.795 1111.14 1266.69 1321.11
$predCatch
 20279.6 14426 4509.45
$obsCatch
 20279.6 14426 4509.45
$RunSize
 0 1.95687 1.3451 2.55571e-10 0 0 2014.63 916.898 7.19166e-10 0 1.72358 21511.9 3222.31 4.75482e-11 0 11.6177 2.49628e-10 0 0 5.34917e-11 5.05199e-11 0.142954 0 0 1072.31 839.898 9.66366 0 1.57503e-10 201.024 118.912 4.16046e-11 0 1.93164e-10 1.21545e-09 0 0 2.67458e-11 2.97176e-11 1.09955e-10 0 0 455.811 984.502 1.6939e-10 0 2.07065 1569.99 569.309 2.077 0 2.43723 5.94352e-11 0 0 2.05883 0.943061 5.34917e-11 0 0.061321 1127.95 684.335 5.94352e-12 0 18.2092 8457.36 3978.09 1.33321 2.82479 177.697 180.3 0 0 4.12932 0.424597 1.88004 0 6.02535 1846.35 698.95 15.7708 0 0.397731 1788.53 1024.54 1.97144 0 1.12927e-10 8.50649 0
$SSageCompEsc
 3659 88.5 1295 3996 2138
$obsAgeCompEsc
0 0.000208362 0.000142055 0 0 0 0.0784253 0.0270611 0 0 0.000172176 0.79673 0.096745 0 0 0.000516404 0 0 
0 0 0 0 0 0 0.601116 0.250188 0 0 0 0.102692 0.0460043 0 0 0 0 0 
0 0 0 0 0 0 0.139802 0.240006 0 0 0.00184634 0.475027 0.141705 0.000807123 0 0.000807123 0 0 
0 0 0 0 0 4.67698e-05 0.09666 0.0319489 4.67698e-05 0 0.0137536 0.658348 0.179889 9.75746e-05 0.00215448 0.0142691 0.00278544 0 
0 0.000962361 0 0 0 0.00458299 0.420138 0.121118 0 0 0.000302101 0.34406 0.108837 0 0 0 0 0 
$predAgeCompEsc
0 7.24191e-05 4.17981e-05 3.74547e-15 0 0 0.0745566 0.028492 1.05396e-14 0 0.00016948 0.796107 0.100131 6.96831e-16 0 0.000429944 7.75703e-15 0 
0 2.58766e-14 2.01321e-14 2.82666e-05 0 0 0.518731 0.334698 0.00191082 0 2.66127e-13 0.0972454 0.0473864 8.2266e-15 0 9.34431e-14 4.84355e-13 0 
0 8.05712e-15 7.40032e-15 1.21099e-14 0 0 0.137312 0.245162 1.86558e-14 0 0.0018364 0.472957 0.14177 0.00022875 0 0.000734209 1.48006e-14 0 
0 0.000164517 3.96883e-05 -2.34459e-15 0 4.62434e-05 0.090132 0.0287999 -2.6051e-16 0 0.0137319 0.675811 0.167416 -5.84358e-05 0.00213024 0.0141994 0.00758783 0 
0 0.000837342 6.30641e-05 -7.30701e-06 0 0.00454815 0.374402 0.103813 -6.12951e-05 0 0.000300222 0.362677 0.152172 -7.66224e-06 0 2.28993e-14 0.00126345 0 
$SSageCompCatch
 9568 8746 8195
$obsAgeCompCatch
0 0 0 9.47809e-06 0 0 0.109054 0.0961906 0.00045885 0 0 0.665176 0.128344 0 0 0.000517738 0.000249315 0 
0 0.000268883 8.54086e-05 0 0 0 0.0860219 0.054002 0.000302787 0 6.19118e-05 0.582092 0.254346 0.000173141 0 0.00993056 0.0127158 0 
0 0.000507815 9.6959e-05 0.000347253 0 0 0.247691 0.106798 0.00261573 0 0 0.414126 0.221246 0.000350167 0 0.0022009 0.00402069 0 
$predAgeCompCatch
0 6.06602e-05 4.25864e-05 8.93641e-06 0 8.0326e-08 0.11072 0.093378 0.000439872 0 2.75502e-06 0.667053 0.127375 8.69021e-05 4.60614e-08 0.00059468 0.000236579 0 
0 0.000160344 6.56053e-05 2.62349e-05 0 9.30346e-07 0.0888653 0.0552977 0.000225498 0 3.26147e-05 0.5709 0.263061 0.000126014 5.02387e-06 0.0102758 0.0109584 0 
0 0.000569948 7.75452e-05 0.00032297 0 1.73926e-05 0.262259 0.112595 0.00271223 0 3.91456e-06 0.409756 0.206339 0.000362063 4.09255e-07 0.00177309 0.00321131 0 
$genSS
 317 313 321
$obsGenComp     #GeneticFracData
0.809119 0.0661601 0.0912867 0.0319149 0.00151976 
0.0634186 0.00130864 0.014999 0.877693 0.042581 
0.0836265 0.00100513 0.00281435 0.0751834 0.837371 
$predGenComp     #catchGenComp_pred
0.784191 0.0811297 0.112743 0.0168891 0.00504698 
0.0829163 0.000922401 0.0123038 0.854633 0.0492243 
0.121179 0.000506638 0.00250077 0.148359 0.727455 
#PARAMETERS_OF_INTEREST
$catchByGroup
0 0 0 
1.10945 0.0827681 0.0378007 
0.830654 0.0651303 0.0297972 
1.92083e-10 1.7734e-11 8.16234e-12 
0 0 0 
0 0 0 
1142.19 85.2111 38.9165 
566.223 44.3966 20.3115 
5.40512e-10 4.99026e-11 2.29684e-11 
0 0 0 
0.0209726 0.0010893 0.000491744 
12196.2 909.874 415.545 
1989.91 156.026 71.3821 
3.57363e-11 3.29934e-12 1.51858e-12 
0 0 0 
6.58665 0.491385 0.224419 
1.54156e-10 1.20871e-11 5.52987e-12 
0 0 0 
0 0 0 
3.81062e-11 2.97781e-13 5.11187e-14 
3.84431e-11 3.22852e-13 5.54415e-14 
0.124979 0.0013218 0.000227256 
0 0 0 
0 0 0 
763.892 5.96943 1.02474 
639.12 5.36744 0.921719 
8.44859 0.0893537 0.0153625 
0 0 0 
2.84507e-12 1.28616e-14 2.20287e-15 
143.205 1.11908 0.192107 
90.4863 0.75992 0.130497 
3.63734e-11 3.84692e-13 6.61396e-14 
0 0 0 
1.37606e-10 1.07532e-12 1.84595e-13 
9.24896e-10 7.76743e-12 1.33386e-12 
0 0 0 
0 0 0 
1.64689e-11 1.24603e-12 7.90439e-14 
1.98102e-11 1.58442e-12 1.00842e-13 
8.75685e-11 8.39161e-12 5.40213e-13 
0 0 0 
0 0 0 
280.667 21.2352 1.34709 
656.283 52.4896 3.34074 
1.34903e-10 1.29276e-11 8.32221e-13 
0 0 0 
0.0287703 0.00144459 8.96505e-05 
966.73 73.1425 4.63992 
379.509 30.3532 1.93185 
1.65413 0.158514 0.0102044 
0 0 0 
1.50073 0.113545 0.00720292 
3.96203e-11 3.16884e-12 2.01683e-13 
0 0 0 
0 0 0 
0.0460258 1.71051 0.0899555 
0.0241715 0.820498 0.0471658 
1.97509e-12 5.07103e-11 3.83247e-12 
0 0 0 
2.02777e-05 0.00157328 4.00627e-05 
25.2156 937.114 49.2828 
17.5401 595.396 34.226 
2.19454e-13 5.63448e-12 4.2583e-13 
0 0 0 
0.00602143 0.467182 0.0118965 
189.067 7026.49 369.523 
101.962 3461.08 198.958 
0.0492265 1.26389 0.0955194 
0.000934107 0.0724742 0.00184552 
3.97247 147.633 7.76402 
4.62125 156.867 9.01743 
0 0 0 
0 0 0 
0.0746914 0.519844 2.44239 
0.00880829 0.0607922 0.272723 
0.0562474 0.377142 1.45619 
0 0 0 
0.0016087 0.0118479 0.0783907 
33.3969 232.439 1092.07 
14.4998 100.073 448.943 
0.471834 3.16367 12.2153 
0 0 0 
0.00010619 0.000782074 0.00517454 
32.351 225.16 1057.87 
21.2541 146.69 658.072 
0.0589819 0.395476 1.52698 
0 0 0 
2.04263e-12 1.42165e-11 6.67935e-11 
0.176468 1.21793 5.46381 
0 0 0 
$escByGroup
 5e-07 0.726852 0.419516 5.00009e-07 5e-07 5e-07 748.305 285.967 5.00026e-07 5e-07 1.70103 7990.32 1004.99 5.00002e-07 5e-07 4.31523 5.00019e-07 5e-07 5e-07 5.00004e-07 5.00003e-07 0.0164254 5e-07 5e-07 301.428 194.489 1.11035 5e-07 5.00039e-07 56.508 27.5356 5.00001e-07 5e-07 5.00014e-07 5.0007e-07 5e-07 5e-07 5.00002e-07 5.00002e-07 5.00003e-07 5e-07 5e-07 152.561 272.389 5.00005e-07 5e-07 2.04034 525.481 157.514 0.254154 5e-07 0.815746 5.00004e-07 5e-07 5e-07 0.212346 0.0512265 4.99999e-07 5e-07 0.0596874 116.335 37.1727 5e-07 5e-07 17.7241 872.283 216.087 1.3258e-11 2.74954 18.3275 9.79378 5e-07 5e-07 1.09239 0.0822732 1.0488e-10 5e-07 5.9335 488.443 135.434 1.25051e-11 5e-07 0.391668 473.147 198.523 1.00019e-10 5e-07 5.00007e-07 1.64829 5e-07
$catchByGroup
0 1.10945 0.830654 1.92083e-10 0 0 1142.19 566.223 5.40512e-10 0 0.0209726 12196.2 1989.91 3.57363e-11 0 6.58665 1.54156e-10 0 0 3.81062e-11 3.84431e-11 0.124979 0 0 763.892 639.12 8.44859 0 2.84507e-12 143.205 90.4863 3.63734e-11 0 1.37606e-10 9.24896e-10 0 0 1.64689e-11 1.98102e-11 8.75685e-11 0 0 280.667 656.283 1.34903e-10 0 0.0287703 966.73 379.509 1.65413 0 1.50073 3.96203e-11 0 0 0.0460258 0.0241715 1.97509e-12 0 2.02777e-05 25.2156 17.5401 2.19454e-13 0 0.00602143 189.067 101.962 0.0492265 0.000934107 3.97247 4.62125 0 0 0.0746914 0.00880829 0.0562474 0 0.0016087 33.3969 14.4998 0.471834 0 0.00010619 32.351 21.2541 0.0589819 0 2.04263e-12 0.176468 0 
0 0.0827681 0.0651303 1.7734e-11 0 0 85.2111 44.3966 4.99026e-11 0 0.0010893 909.874 156.026 3.29934e-12 0 0.491385 1.20871e-11 0 0 2.97781e-13 3.22852e-13 0.0013218 0 0 5.96943 5.36744 0.0893537 0 1.28616e-14 1.11908 0.75992 3.84692e-13 0 1.07532e-12 7.76743e-12 0 0 1.24603e-12 1.58442e-12 8.39161e-12 0 0 21.2352 52.4896 1.29276e-11 0 0.00144459 73.1425 30.3532 0.158514 0 0.113545 3.16884e-12 0 0 1.71051 0.820498 5.07103e-11 0 0.00157328 937.114 595.396 5.63448e-12 0 0.467182 7026.49 3461.08 1.26389 0.0724742 147.633 156.867 0 0 0.519844 0.0607922 0.377142 0 0.0118479 232.439 100.073 3.16367 0 0.000782074 225.16 146.69 0.395476 0 1.42165e-11 1.21793 0 
0 0.0378007 0.0297972 8.16234e-12 0 0 38.9165 20.3115 2.29684e-11 0 0.000491744 415.545 71.3821 1.51858e-12 0 0.224419 5.52987e-12 0 0 5.11187e-14 5.54415e-14 0.000227256 0 0 1.02474 0.921719 0.0153625 0 2.20287e-15 0.192107 0.130497 6.61396e-14 0 1.84595e-13 1.33386e-12 0 0 7.90439e-14 1.00842e-13 5.40213e-13 0 0 1.34709 3.34074 8.32221e-13 0 8.96505e-05 4.63992 1.93185 0.0102044 0 0.00720292 2.01683e-13 0 0 0.0899555 0.0471658 3.83247e-12 0 4.00627e-05 49.2828 34.226 4.2583e-13 0 0.0118965 369.523 198.958 0.0955194 0.00184552 7.76402 9.01743 0 0 2.44239 0.272723 1.45619 0 0.0783907 1092.07 448.943 12.2153 0 0.00517454 1057.87 658.072 1.52698 0 6.67935e-11 5.46381 0 
$Fmort
 1.16851 0.761652 0.365423
#ESTIMATED_PARAMETERS
$availability
1.35846 2.02267 1.55254 0.0366987 0.0296292 
0.107622 0.0139018 0.118806 4.4246 0.335067 
0.101246 0.0049626 0.0153625 0.231889 4.64654 
$selectivity
 0.00771254 0.527225 0.605488 0.877324 2.98225
$RunSize
 0 1.95687 1.3451 2.55571e-10 0 0 2014.63 916.898 7.19166e-10 0 1.72358 21511.9 3222.31 4.75482e-11 0 11.6177 2.49628e-10 0 0 5.34917e-11 5.05199e-11 0.142954 0 0 1072.31 839.898 9.66366 0 1.57503e-10 201.024 118.912 4.16046e-11 0 1.93164e-10 1.21545e-09 0 0 2.67458e-11 2.97176e-11 1.09955e-10 0 0 455.811 984.502 1.6939e-10 0 2.07065 1569.99 569.309 2.077 0 2.43723 5.94352e-11 0 0 2.05883 0.943061 5.34917e-11 0 0.061321 1127.95 684.335 5.94352e-12 0 18.2092 8457.36 3978.09 1.33321 2.82479 177.697 180.3 0 0 4.12932 0.424597 1.88004 0 6.02535 1846.35 698.95 15.7708 0 0.397731 1788.53 1024.54 1.97144 0 1.12927e-10 8.50649 0
