$ndistricts
3
$ngroups
90
$nstocks
5
$nagecomps
18
$AgeCompLabels
 0.1 0.2 0.3 0.4 0.5 1.1 1.2 1.3 1.4 1.5 2.1 2.2 2.3 2.4 3.1 3.2 3.3 3.4
$navailpar
15
$nselectpar
5
$GENdata
-1
$maxGradient
0.000112604
#LIKELIHOOD_VALUES_AND_PENALTIES
$totalNLL
-84226.8
$NLLcatch
-57232
$NLLescape
-42387.7
$NLLagecompCatch
7573.79
$NLLagecompEsc
7819.18
$NLLgenetics
0
$NLLselOne
2.83299e-14
$NLLavailOne
1.17179e-10
$NLLextra
5.49987e-10
#OBSERVED_AND_PREDICTED_VALUES
$predEsc
 3826.39 157.89 968.375 823.494 676.567
$obsEsc
 3755.18 174.336 1016.45 804.246 704.436
$predCatch
 5397.54 2101.17 445.458
$obsCatch
 5397.54 2101.17 445.458
$RunSize
 0 0 1.00711e-10 0 0 0 95.5743 180.457 2.58058 0 1.75771 2030.24 5441.77 1.17496e-10 0 9.83479 1.85436e-10 0 0 0 2.1581e-11 0 0 0 88.5022 184.048 2.39788e-11 0 0 4.95258 34.941 1.99824e-11 0 1.83838e-11 1.02786 0 0 0 8.23274e-11 0 0 0 110.514 798.759 6.73006e-10 0 4.93317 290.001 1302.46 9.67147e-11 0 1.96176 1.21493e-10 0 0 0 4.79577e-11 0 0 0 2.89435 95.3085 4.79577e-11 0 0.359928 341.628 2058.66 0.190957 0 51.044 22.414 0 0 0 0.580159 0 0 0 69.0639 425.415 0.702045 0 0.637861 242.917 496.942 2.7176e-11 0 0.812683 2.99854 0
$SSageCompEsc
 2861 998 1313 1292 1503
$obsAgeCompEsc
0 0 0 0 0 0 0.0159184 0.0269422 0 0 0.000470798 0.313666 0.641046 0 0 0.00195677 0 0 
0 0 0 0 0 0 0.323651 0.55351 0 0 0 0.0179524 0.10181 0 0 0 0.00307692 0 
0 0 0 0 0 0 0.0578215 0.339466 0 0 0.00490777 0.142176 0.454444 0 0 0.00118545 0 0 
0 0 0 0 0 0 0.00181084 0.0326214 0 0 0.000443586 0.182893 0.76786 0 0 0.0113274 0.00304353 0 
0 0 0.000625569 0 0 0 0.0652028 0.378439 0.00127465 0 0.00092531 0.230987 0.322545 0 0 0 0 0 
$predAgeCompEsc
0 0 1.21376e-14 0 0 0 0.0143929 0.0217485 0.000341386 0 0.000459365 0.305742 0.655835 1.55436e-14 0 0.00148106 2.23486e-14 0 
0 0 6.43083e-14 0 0 0 0.326131 0.548436 7.80495e-14 0 0 0.0182503 0.104119 6.50412e-14 0 6.77444e-14 0.00306289 0 
0 0 3.09574e-14 0 0 0 0.0562325 0.300356 2.87697e-13 0 0.00509428 0.14756 0.489759 4.13437e-14 0 0.000998194 4.56847e-14 0 
0 0 1.73966e-14 0 0 0 0.00153657 0.034573 2.0509e-14 0 0.000437075 0.181365 0.746777 8.16623e-05 0 0.0270985 0.00813065 0 
0 0 0.000441946 0 0 0 0.0647213 0.324067 0.000584336 0 0.000942791 0.227643 0.378554 2.26195e-14 0 0.000761583 0.00228418 0 
$SSageCompCatch
 2653 3232 2290
$obsAgeCompCatch
0 0 0 0 0 0 0.0201568 0.0855266 0.000693178 0 0 0.176628 0.716464 0 0 0.000234729 0.000295738 0 
0 0 0 0 0 0 0.00654141 0.0810911 0 0 0 0.127577 0.758874 9.29307e-05 0 0.0175851 0.00823824 0 
0 0 0.0003271 0 0 0 0.0375629 0.269105 0 0 0 0.146428 0.535713 0 0 0.00524771 0.00561602 0 
$predAgeCompCatch
0 0 9.35274e-06 0 0 0 0.0236233 0.125656 0.0002263 0 1.91223e-11 0.177591 0.671086 2.20631e-06 0 0.001372 0.000434129 0 
0 0 2.25257e-05 0 0 0 0.00757668 0.0758587 7.31026e-05 0 7.39497e-12 0.125689 0.771905 5.12547e-05 0 0.0122166 0.00660669 0 
0 0 0.000411579 0 0 0 0.0382713 0.309733 0.000462317 0 1.1057e-11 0.152785 0.49248 9.2148e-06 0 0.00250137 0.00334672 0 
$genSS
 0 0 0
$obsGenComp     #GeneticFracData
-1 -1 -1 -1 -1 
-1 -1 -1 -1 -1 
-1 -1 -1 -1 -1 
$predGenComp     #catchGenComp_pred
0 0 0 0 0 
0 0 0 0 0 
0 0 0 0 0 
#PARAMETERS_OF_INTEREST
$catchByGroup
0 0 0 
0 0 0 
4.9562e-11 4.49118e-12 2.14945e-13 
0 0 0 
0 0 0 
0 0 0 
37.229 3.12384 0.148631 
88.8067 8.04743 0.385145 
1.16693 0.102485 0.00489307 
0 0 0 
2.27067e-08 1.52894e-09 7.16065e-11 
790.837 66.3583 3.1573 
2678 242.674 11.6142 
5.31313e-11 4.66625e-12 2.22787e-13 
0 0 0 
3.83094 0.32145 0.0152945 
9.1257e-11 8.26947e-12 3.95772e-13 
0 0 0 
0 0 0 
0 0 0 
1.08138e-11 5.80503e-13 3.30726e-14 
0 0 0 
0 0 0 
0 0 0 
35.1701 1.74053 0.0988178 
92.2224 4.95067 0.282051 
1.10492e-11 5.7383e-13 3.26457e-14 
0 0 0 
0 0 0 
1.96812 0.0974002 0.00552984 
17.5082 0.939873 0.0535467 
9.20765e-12 4.78192e-13 2.72048e-14 
0 0 0 
7.30558e-12 3.61546e-13 2.05266e-14 
0.51504 0.0276483 0.00157519 
0 0 0 
0 0 0 
0 0 0 
4.6744e-11 5.54695e-12 5.80653e-14 
0 0 0 
0 0 0 
0 0 0 
50.5283 5.47513 0.056784 
453.521 53.8178 0.563362 
3.5355e-10 4.04358e-11 4.21669e-13 
0 0 0 
7.89022e-08 6.56125e-09 6.63655e-11 
132.591 14.3673 0.149007 
739.51 87.7552 0.918618 
5.08071e-11 5.81084e-12 6.05961e-14 
0 0 0 
0.896937 0.09719 0.00100798 
6.89814e-11 8.1858e-12 8.56886e-14 
0 0 0 
0 0 0 
0 0 0 
3.35339e-12 2.91194e-11 1.15894e-12 
0 0 0 
0 0 0 
0 0 0 
0.148867 1.42901 0.0511193 
6.66433 57.8703 2.30322 
2.99078e-12 2.7047e-11 1.0309e-12 
0 0 0 
4.97483e-10 6.41288e-09 1.67885e-10 
17.5712 168.67 6.03375 
143.95 1250 49.7495 
0.0119086 0.107695 0.00410481 
0 0 0 
2.62539 25.2016 0.901527 
1.56727 13.6095 0.541655 
0 0 0 
0 0 0 
0 0 0 
0.0504817 0.0473305 0.183341 
0 0 0 
0 0 0 
0 0 0 
4.43128 4.1514 16.6929 
37.0169 34.7062 134.439 
0.054537 0.0511162 0.20105 
0 0 0 
1.10719e-09 1.03505e-09 4.61957e-09 
15.586 14.6016 58.7136 
43.2407 40.5415 157.043 
2.11112e-12 1.9787e-12 7.7826e-12 
0 0 0 
0.0521434 0.04885 0.196427 
0.260913 0.244626 0.947594 
0 0 0 
$escByGroup
 5e-07 5e-07 5.00012e-07 5e-07 5e-07 5e-07 55.0728 83.2182 1.30627 5e-07 1.75771 1169.89 2509.48 5.00015e-07 5e-07 5.66711 5.00021e-07 5e-07 5e-07 5e-07 5.00003e-07 5e-07 5e-07 5e-07 51.4927 86.5924 5.00003e-07 5e-07 5e-07 2.88153 16.4394 5.00003e-07 5e-07 5.00003e-07 0.483598 5e-07 5e-07 5e-07 5.00007e-07 5e-07 5e-07 5e-07 54.4542 290.857 5.0007e-07 5e-07 4.93317 142.893 474.271 5.0001e-07 5e-07 0.966627 5.00011e-07 5e-07 5e-07 5e-07 5.00004e-07 5e-07 5e-07 5e-07 1.26535 28.4707 5.00004e-07 5e-07 0.359928 149.353 614.966 0.0672484 5e-07 22.3155 6.69554 5e-07 5e-07 5e-07 0.299006 5e-07 5e-07 5e-07 43.7883 219.253 0.395342 5e-07 0.637861 154.016 256.117 5.00004e-07 5e-07 0.515262 1.5454 5e-07
$catchByGroup
0 0 4.9562e-11 0 0 0 37.229 88.8067 1.16693 0 2.27067e-08 790.837 2678 5.31313e-11 0 3.83094 9.1257e-11 0 0 0 1.08138e-11 0 0 0 35.1701 92.2224 1.10492e-11 0 0 1.96812 17.5082 9.20765e-12 0 7.30558e-12 0.51504 0 0 0 4.6744e-11 0 0 0 50.5283 453.521 3.5355e-10 0 7.89022e-08 132.591 739.51 5.08071e-11 0 0.896937 6.89814e-11 0 0 0 3.35339e-12 0 0 0 0.148867 6.66433 2.99078e-12 0 4.97483e-10 17.5712 143.95 0.0119086 0 2.62539 1.56727 0 0 0 0.0504817 0 0 0 4.43128 37.0169 0.054537 0 1.10719e-09 15.586 43.2407 2.11112e-12 0 0.0521434 0.260913 0 
0 0 4.49118e-12 0 0 0 3.12384 8.04743 0.102485 0 1.52894e-09 66.3583 242.674 4.66625e-12 0 0.32145 8.26947e-12 0 0 0 5.80503e-13 0 0 0 1.74053 4.95067 5.7383e-13 0 0 0.0974002 0.939873 4.78192e-13 0 3.61546e-13 0.0276483 0 0 0 5.54695e-12 0 0 0 5.47513 53.8178 4.04358e-11 0 6.56125e-09 14.3673 87.7552 5.81084e-12 0 0.09719 8.1858e-12 0 0 0 2.91194e-11 0 0 0 1.42901 57.8703 2.7047e-11 0 6.41288e-09 168.67 1250 0.107695 0 25.2016 13.6095 0 0 0 0.0473305 0 0 0 4.1514 34.7062 0.0511162 0 1.03505e-09 14.6016 40.5415 1.9787e-12 0 0.04885 0.244626 0 
0 0 2.14945e-13 0 0 0 0.148631 0.385145 0.00489307 0 7.16065e-11 3.1573 11.6142 2.22787e-13 0 0.0152945 3.95772e-13 0 0 0 3.30726e-14 0 0 0 0.0988178 0.282051 3.26457e-14 0 0 0.00552984 0.0535467 2.72048e-14 0 2.05266e-14 0.00157519 0 0 0 5.80653e-14 0 0 0 0.056784 0.563362 4.21669e-13 0 6.63655e-11 0.149007 0.918618 6.05961e-14 0 0.00100798 8.56886e-14 0 0 0 1.15894e-12 0 0 0 0.0511193 2.30322 1.0309e-12 0 1.67885e-10 6.03375 49.7495 0.00410481 0 0.901527 0.541655 0 0 0 0.183341 0 0 0 16.6929 134.439 0.20105 0 4.61957e-09 58.7136 157.043 7.7826e-12 0 0.196427 0.947594 0 
$Fmort
 0.657353 0.321643 0.113102
#ESTIMATED_PARAMETERS
$availability
1.42624 1.46371 1.76582 0.152597 0.191638 
0.196269 0.117312 0.300102 4.02018 0.366136 
0.0261408 0.0187644 0.00863236 0.299301 4.64716 
$selectivity
 1.3779e-08 0.526403 0.722645 0.641931 3.10902
$RunSize
 0 0 1.00711e-10 0 0 0 95.5743 180.457 2.58058 0 1.75771 2030.24 5441.77 1.17496e-10 0 9.83479 1.85436e-10 0 0 0 2.1581e-11 0 0 0 88.5022 184.048 2.39788e-11 0 0 4.95258 34.941 1.99824e-11 0 1.83838e-11 1.02786 0 0 0 8.23274e-11 0 0 0 110.514 798.759 6.73006e-10 0 4.93317 290.001 1302.46 9.67147e-11 0 1.96176 1.21493e-10 0 0 0 4.79577e-11 0 0 0 2.89435 95.3085 4.79577e-11 0 0.359928 341.628 2058.66 0.190957 0 51.044 22.414 0 0 0 0.580159 0 0 0 69.0639 425.415 0.702045 0 0.637861 242.917 496.942 2.7176e-11 0 0.812683 2.99854 0
