$ndistricts
3
$ngroups
90
$nstocks
5
$nagecomps
18
$AgeCompLabels
 0.1 0.2 0.3 0.4 0.5 1.1 1.2 1.3 1.4 1.5 2.1 2.2 2.3 2.4 3.1 3.2 3.3 3.4
$navailpar
15
$nselectpar
5
$GENdata
-1
$maxGradient
1.43e-05
#LIKELIHOOD_VALUES_AND_PENALTIES
$totalNLL
-43137.8
$NLLcatch
-26394
$NLLescape
-25787.1
$NLLagecompCatch
3685.65
$NLLagecompEsc
5357.6
$NLLgenetics
0
$NLLselOne
2.1719e-15
$NLLavailOne
1.17179e-10
$NLLextra
5.49939e-10
#OBSERVED_AND_PREDICTED_VALUES
$predEsc
 1949.97 79.8703 1306.84 544.25 348.264
$obsEsc
 1965.28 81.822 1320.75 509.16 356.308
$predCatch
 2547.28 1329.79 174.923
$obsCatch
 2547.28 1329.79 174.923
$RunSize
 0 1.68931e-09 5.55592e-10 0 0 0 460.59 600.617 0 0 86.0952 1845.4 265.207 9.24453e-10 0 54.6668 3.88305 0 0 1.8765e-10 1.69713e-10 0 0 0 62.4614 43.7538 0 0 1.74772e-10 28.2874 0.61497 1.61894e-10 0 2.27204e-10 2.35943e-10 0 0 2.35943e-10 1.66954e-10 0 0 0 257.366 488.973 0 0 5.23341 1541.29 326.883 1.66954e-10 0 15.4368 4.12054 0 0 0.422854 6.62295e-11 0 0 0 10.5561 35.6534 0 0 1.19371 650.848 767.681 2.82609 0 143.074 12.0219 0 0 5.24317e-11 1.01465 0 0 0 117.67 53.1718 0 0 4.09335e-11 275.875 117.303 0.082821 0 0.734058 0.161689 0
$SSageCompEsc
 35 73 1233 2084.5 1172.5
$obsAgeCompEsc
0 0 0 0 0 0 0.657143 0.142857 0 0 0 0.2 0 0 0 0 0 0 
0 0 0 0 0 0 0.4881 0.302237 0 0 0 0.205384 0.00427899 0 0 0 0 0 
0 0 0 0 0 0 0.109617 0.181867 0 0 0.00292846 0.582028 0.116371 0 0 0.00571301 0.0014758 0 
0 0 0 0 0 0 0.00796217 0.0278907 0 0 0.00165367 0.420382 0.455546 0.00253569 0 0.0774835 0.00654586 0 
0 0 0 0 0 0 0.217492 0.0896673 0 0 0 0.497646 0.193566 0.000191578 0 0.00126912 0.000167556 0 
$predAgeCompEsc
0 5.09691e-13 1.61477e-13 0 0 0 0.138967 0.174563 0 0 0.0349829 0.556786 0.0770793 3.26147e-13 0 0.0164938 0.00112857 0 
0 1.40481e-12 1.22641e-12 0 0 0 0.467606 0.316181 0 0 1.74143e-12 0.211768 0.00444399 1.4071e-12 0 1.70092e-12 1.70501e-12 0 
0 9.07037e-14 6.10065e-14 0 0 0 0.0989397 0.178675 0 0 0.00297747 0.592521 0.119446 7.90448e-14 0 0.00593438 0.00150568 0 
0 0.000270727 3.90506e-14 0 0 0 0.00675841 0.0210222 0 0 0.00140512 0.416697 0.452645 0.00251217 0 0.0916016 0.00708843 0 
0 9.36496e-14 0.00174729 0 0 0 0.210174 0.0915658 0 0 9.6299e-14 0.492748 0.202004 0.000171513 0 0.00131112 0.00027844 0 
$SSageCompCatch
 1155 1526 280.5
$obsAgeCompCatch
0 0 0 0 0 0 0.0994763 0.211569 0 0 0.00924569 0.547755 0.11826 0 0 0.0121825 0.00151195 0 
0 0.000578908 0 0 0 0 0.0279803 0.0300462 0 0 0 0.45079 0.394313 0.00110714 0 0.0887544 0.00643014 0 
0 0 0.00917627 0 0 0 0.143999 0.105131 0 0 0 0.42089 0.299298 0 0 0.0169173 0.00458814 0 
$predAgeCompCatch
0 7.95234e-06 2.53304e-05 0 0 0 0.122491 0.187191 0 0 0.00681902 0.551693 0.116933 3.98064e-05 0 0.0132312 0.00156884 0 
0 0.000186354 6.26039e-05 0 0 0 0.0396056 0.065686 0 0 0.00166187 0.435727 0.384642 0.00100007 0 0.0655685 0.00585996 0 
0 4.25502e-05 0.00147695 0 0 0 0.168403 0.0887135 0 0 0.000407291 0.466596 0.25656 0.000289555 0 0.0159379 0.00157341 0 
$genSS
 0 0 0
$obsGenComp     #GeneticFracData
-1 -1 -1 -1 -1 
-1 -1 -1 -1 -1 
-1 -1 -1 -1 -1 
$predGenComp     #catchGenComp_pred
0 0 0 0 0 
0 0 0 0 0 
0 0 0 0 0 
#PARAMETERS_OF_INTEREST
$catchByGroup
0 0 0 
6.21617e-10 7.11976e-11 2.61813e-12 
2.14879e-10 2.49209e-11 9.17652e-13 
0 0 0 
0 0 0 
0 0 0 
169.483 19.412 0.713831 
232.293 26.9405 0.992018 
0 0 0 
0 0 0 
16.1563 1.66301 0.0604666 
679.054 77.7763 2.86004 
102.571 11.8958 0.438032 
2.59323e-10 2.81261e-11 1.02827e-12 
0 0 0 
20.1158 2.30398 0.0847237 
1.5018 0.174173 0.0064135 
0 0 0 
0 0 0 
7.04707e-11 4.76798e-12 2.08806e-13 
6.69663e-11 4.59196e-12 2.01259e-13 
0 0 0 
0 0 0 
0 0 0 
23.4569 1.58707 0.0695032 
17.2646 1.18386 0.0518867 
0 0 0 
0 0 0 
3.35702e-11 2.02571e-12 8.81189e-14 
10.6231 0.71875 0.0314764 
0.242658 0.0166394 0.000729279 
4.64169e-11 2.96234e-12 1.29282e-13 
0 0 0 
8.53248e-11 5.773e-12 2.52819e-13 
9.30994e-11 6.38394e-12 2.79799e-13 
0 0 0 
0 0 0 
1.02252e-10 1.50341e-11 1.20816e-13 
7.58232e-11 1.13136e-11 9.11107e-14 
0 0 0 
0 0 0 
0 0 0 
111.537 16.3992 0.131786 
222.071 33.1352 0.266845 
0 0 0 
0 0 0 
1.18734 0.153775 0.00121405 
667.963 98.2102 0.789229 
148.457 22.1512 0.178388 
5.58893e-11 7.70393e-12 6.13465e-14 
0 0 0 
6.68996 0.983622 0.0079045 
1.87137 0.279228 0.00224868 
0 0 0 
0 0 0 
0.0202568 0.247811 0.007443 
3.37598e-12 4.03585e-11 1.24171e-12 
0 0 0 
0 0 0 
0 0 0 
0.50569 6.18634 0.185807 
1.81739 21.7262 0.66845 
0 0 0 
0 0 0 
0.026251 0.393157 0.00956384 
31.1788 381.425 11.4561 
39.1317 467.804 14.3929 
0.0978141 1.32525 0.0357829 
0 0 0 
6.85398 83.8479 2.51837 
0.612804 7.32583 0.225394 
0 0 0 
0 0 0 
3.13478e-12 4.04698e-12 1.26352e-11 
0.0645236 0.0832499 0.258353 
0 0 0 
0 0 0 
0 0 0 
7.03523 9.08246 28.3566 
3.38132 4.36266 13.5388 
0 0 0 
0 0 0 
1.12728e-12 1.46264e-12 4.80616e-12 
16.494 21.2937 66.4815 
7.45956 9.6245 29.8682 
0.00358381 0.00463866 0.0148668 
0 0 0 
0.0438877 0.0566589 0.176896 
0.0102821 0.0132663 0.0411698 
0 0 0 
$escByGroup
 5e-07 5.00249e-07 5.00079e-07 5e-07 5e-07 5e-07 270.98 340.391 5e-07 5e-07 68.2154 1085.71 150.302 5.00159e-07 5e-07 32.1623 2.20067 5e-07 5e-07 5.00028e-07 5.00024e-07 5e-07 5e-07 5e-07 37.3479 25.2535 5e-07 5e-07 5.00035e-07 16.914 0.354943 5.00028e-07 5e-07 5.00034e-07 5.00034e-07 5e-07 5e-07 5.0003e-07 5.0002e-07 5e-07 5e-07 5e-07 129.298 233.5 5e-07 5e-07 3.89108 774.33 156.097 5.00026e-07 5e-07 7.75528 1.96769 5e-07 5e-07 0.147343 5.00005e-07 5e-07 5e-07 5e-07 3.67826 11.4413 5e-07 5e-07 0.764736 226.787 246.352 1.36725 5e-07 49.8542 3.85788 5e-07 5e-07 5.00008e-07 0.608519 5e-07 5e-07 5e-07 73.1958 31.889 5e-07 5e-07 5.00008e-07 171.606 70.3507 0.0597317 5e-07 0.456615 0.0969704 5e-07
$catchByGroup
0 6.21617e-10 2.14879e-10 0 0 0 169.483 232.293 0 0 16.1563 679.054 102.571 2.59323e-10 0 20.1158 1.5018 0 0 7.04707e-11 6.69663e-11 0 0 0 23.4569 17.2646 0 0 3.35702e-11 10.6231 0.242658 4.64169e-11 0 8.53248e-11 9.30994e-11 0 0 1.02252e-10 7.58232e-11 0 0 0 111.537 222.071 0 0 1.18734 667.963 148.457 5.58893e-11 0 6.68996 1.87137 0 0 0.0202568 3.37598e-12 0 0 0 0.50569 1.81739 0 0 0.026251 31.1788 39.1317 0.0978141 0 6.85398 0.612804 0 0 3.13478e-12 0.0645236 0 0 0 7.03523 3.38132 0 0 1.12728e-12 16.494 7.45956 0.00358381 0 0.0438877 0.0102821 0 
0 7.11976e-11 2.49209e-11 0 0 0 19.412 26.9405 0 0 1.66301 77.7763 11.8958 2.81261e-11 0 2.30398 0.174173 0 0 4.76798e-12 4.59196e-12 0 0 0 1.58707 1.18386 0 0 2.02571e-12 0.71875 0.0166394 2.96234e-12 0 5.773e-12 6.38394e-12 0 0 1.50341e-11 1.13136e-11 0 0 0 16.3992 33.1352 0 0 0.153775 98.2102 22.1512 7.70393e-12 0 0.983622 0.279228 0 0 0.247811 4.03585e-11 0 0 0 6.18634 21.7262 0 0 0.393157 381.425 467.804 1.32525 0 83.8479 7.32583 0 0 4.04698e-12 0.0832499 0 0 0 9.08246 4.36266 0 0 1.46264e-12 21.2937 9.6245 0.00463866 0 0.0566589 0.0132663 0 
0 2.61813e-12 9.17652e-13 0 0 0 0.713831 0.992018 0 0 0.0604666 2.86004 0.438032 1.02827e-12 0 0.0847237 0.0064135 0 0 2.08806e-13 2.01259e-13 0 0 0 0.0695032 0.0518867 0 0 8.81189e-14 0.0314764 0.000729279 1.29282e-13 0 2.52819e-13 2.79799e-13 0 0 1.20816e-13 9.11107e-14 0 0 0 0.131786 0.266845 0 0 0.00121405 0.789229 0.178388 6.13465e-14 0 0.0079045 0.00224868 0 0 0.007443 1.24171e-12 0 0 0 0.185807 0.66845 0 0 0.00956384 11.4561 14.3929 0.0357829 0 2.51837 0.225394 0 0 1.26352e-11 0.258353 0 0 0 28.3566 13.5388 0 0 4.80616e-12 66.4815 29.8682 0.0148668 0 0.176896 0.0411698 0 
$Fmort
 0.350928 0.239325 0.0647243
#ESTIMATED_PARAMETERS
$availability
1.42624 1.46371 1.76582 0.152597 0.191638 
0.196269 0.117312 0.300102 4.02018 0.366136 
0.0261408 0.0187644 0.00863236 0.299301 4.64716 
$selectivity
 0.415244 0.916711 0.977002 0.657775 2.03327
$RunSize
 0 1.68931e-09 5.55592e-10 0 0 0 460.59 600.617 0 0 86.0952 1845.4 265.207 9.24453e-10 0 54.6668 3.88305 0 0 1.8765e-10 1.69713e-10 0 0 0 62.4614 43.7538 0 0 1.74772e-10 28.2874 0.61497 1.61894e-10 0 2.27204e-10 2.35943e-10 0 0 2.35943e-10 1.66954e-10 0 0 0 257.366 488.973 0 0 5.23341 1541.29 326.883 1.66954e-10 0 15.4368 4.12054 0 0 0.422854 6.62295e-11 0 0 0 10.5561 35.6534 0 0 1.19371 650.848 767.681 2.82609 0 143.074 12.0219 0 0 5.24317e-11 1.01465 0 0 0 117.67 53.1718 0 0 4.09335e-11 275.875 117.303 0.082821 0 0.734058 0.161689 0
