$ndistricts
3
$ngroups
90
$nstocks
5
$nagecomps
18
$AgeCompLabels
 0.1 0.2 0.3 0.4 0.5 1.1 1.2 1.3 1.4 1.5 2.1 2.2 2.3 2.4 3.1 3.2 3.3 3.4
$navailpar
15
$nselectpar
5
$GENdata
-1
$maxGradient
0.000436682
#LIKELIHOOD_VALUES_AND_PENALTIES
$totalNLL
-77240
$NLLcatch
-46009.2
$NLLescape
-43658.8
$NLLagecompCatch
4752.56
$NLLagecompEsc
7675.47
$NLLgenetics
0
$NLLselOne
1.86982e-17
$NLLavailOne
1.17179e-10
$NLLextra
4.9937e-10
#OBSERVED_AND_PREDICTED_VALUES
$predEsc
 4127.48 582.921 776.117 977.825 83.3665
$obsEsc
 4149.29 583.794 813.378 895.698 82.435
$predCatch
 5123.67 1207.29 7.995
$obsCatch
 5123.67 1207.29 7.995
$RunSize
 0 0 4.58433e-10 6.34095e-10 0 5.88554 6020.83 888.736 17.3017 0 278.14 227.84 201.025 5.12703e-10 0 4.24872e-10 3.22046e-10 0 0 0 2.06991 4.79777 0 0 712.534 289.206 7.74259e-08 0 5.33411e-10 84.1662 46.2185 1.35602e-09 0 1.10988e-08 7.44776e-10 0 0 0 8.92588e-11 1.99226e-10 0 0.801239 243.214 593.376 2.41389 0 1.41631 539.525 568.383 13.3588 0 4.05944 7.69509 0 0 0 5.0699e-11 5.78397e-11 0 0 60.3735 78.4293 0.297844 0 12.2613 566.885 1216.56 1.56381e-10 0 48.3561 52.925 0 0 0 8.56885e-12 9.28292e-12 0 1.15615 12.5122 7.44295 8.56885e-12 0 12.9059 20.3606 40.8467 0.286274 0 1.3135 0.752127 0
$SSageCompEsc
 2014 88.5 1580 1923 894
$obsAgeCompEsc
0 0 0 0 0 0.00141301 0.776799 0.100321 0.00105075 0 0.0648458 0.032119 0.0234519 0 0 0 0 0 
0 0 0 0 0 0 0.601116 0.250188 0 0 0 0.102692 0.0460043 0 0 0 0 0 
0 0 0 0 0 0.000980951 0.13947 0.270477 0.000590492 0 0.00171882 0.316626 0.260979 0.00350496 0 0.00206256 0.00358933 0 
0 0 0 0 0 0 0.0429891 0.0414334 0.000210202 0 0.0128906 0.304907 0.556214 0 0 0.0208549 0.0205005 0 
0 0 0 0 0 0.0137937 0.129745 0.0728806 0 0 0.153003 0.208243 0.400249 0.00156658 0 0.0132477 0.00727065 0 
$predAgeCompEsc
0 0 4.96958e-14 4.5216e-14 0 0.00138434 0.784153 0.0963422 0.00123375 0 0.0654214 0.0296739 0.0217919 3.65598e-14 0 5.53353e-14 3.49109e-14 0 
0 0 0.00160046 0.00249272 0 0 0.658744 0.223615 4.02273e-11 0 8.88156e-13 0.0778124 0.0357362 7.04531e-13 0 1.02609e-11 5.75862e-13 0 
0 0 4.07671e-14 4.98961e-14 0 0.000994842 0.141939 0.271012 0.000604559 0 0.00175854 0.314865 0.259597 0.00334571 0 0.00236908 0.00351457 0 
0 0 2.30881e-14 1.62619e-14 0 0 0.0334109 0.0357164 8.374e-05 0 0.0121917 0.313716 0.554019 4.39672e-14 0 0.0267604 0.0241018 0 
0 0 8.38082e-14 8.17402e-14 0 0.0137662 0.128242 0.0727963 7.54525e-14 0 0.153669 0.208683 0.399504 0.00252077 0 0.0134625 0.00735623 0 
$SSageCompCatch
 2496 1535 33
$obsAgeCompCatch
0 0 0.000286646 0.000771234 0 0 0.634004 0.183461 0.00316832 0 0.0015431 0.0735758 0.0987835 0.00177683 0 0.0012557 0.00137425 0 
0 0 0 0 0 0 0.0805941 0.0694982 0 0 0 0.245598 0.551328 0.000675646 0 0.0247983 0.0275076 0 
0 0 0 0 0 0 0.0606061 0.0909091 0 0 0.030303 0.242424 0.484849 0.030303 0 0.030303 0.030303 0 
$predAgeCompCatch
0 0 0.000214286 0.000627035 0 3.83575e-05 0.601693 0.190937 0.00258275 0 0.00154364 0.0874047 0.110348 0.00192947 0 0.000987171 0.00169515 0 
0 0 3.21005e-05 0.000108536 0 9.33465e-06 0.158283 0.0819214 0.000936734 0 0.000556662 0.209576 0.510473 0.000776357 0 0.0160912 0.0212363 0 
0 0 3.52007e-05 0.000119537 0 0.000192901 0.17598 0.0826949 0.000746366 0 0.00247277 0.194985 0.508836 0.00187687 0 0.0145442 0.0175168 0 
$genSS
 0 0 0
$obsGenComp     #GeneticFracData
-1 -1 -1 -1 -1 
-1 -1 -1 -1 -1 
-1 -1 -1 -1 -1 
$predGenComp     #catchGenComp_pred
0 0 0 0 0 
0 0 0 0 0 
0 0 0 0 0 
#PARAMETERS_OF_INTEREST
$catchByGroup
0 0 0 
0 0 0 
2.38959e-10 1.42695e-11 8.68292e-14 
4.18583e-10 2.87072e-11 1.75955e-13 
0 0 0 
0.164502 0.00715828 4.29064e-05 
2636.31 147.059 0.891802 
463.254 27.6634 0.16833 
11.4213 0.783293 0.00480105 
0 0 0 
7.77404 0.338287 0.00202768 
99.7631 5.565 0.0337475 
104.785 6.25724 0.0380751 
3.38449e-10 2.32114e-11 1.4227e-13 
0 0 0 
1.86036e-10 1.03775e-11 6.29317e-14 
1.67867e-10 1.00242e-11 6.09969e-14 
0 0 0 
0 0 0 
0 0 0 
1.09793 0.0387547 0.000281429 
3.21272 0.131035 0.000955698 
0 0 0 
0 0 0 
318.009 10.454 0.0757606 
153.402 5.41477 0.0393211 
5.18466e-08 2.11463e-09 1.5423e-11 
0 0 0 
1.52949e-11 3.87865e-13 2.79135e-15 
37.5639 1.23485 0.00894902 
24.5155 0.865344 0.00628397 
9.08029e-10 3.70352e-11 2.70114e-13 
0 0 0 
4.95347e-09 1.62837e-10 1.18009e-12 
3.95048e-10 1.39444e-11 1.01261e-13 
0 0 0 
0 0 0 
0 0 0 
5.34002e-11 4.21301e-12 5.58316e-15 
1.46857e-10 1.36248e-11 1.82577e-14 
0 0 0 
0.027634 0.00148958 1.9289e-06 
124.016 9.02433 0.0118969 
354.995 28.0074 0.0371158 
1.77938 0.165083 0.000221216 
0 0 0 
0.0488473 0.00263306 3.40963e-06 
275.107 20.0188 0.026391 
340.043 26.8277 0.0355525 
9.8473 0.913588 0.00122424 
0 0 0 
2.06994 0.150624 0.000198569 
4.60369 0.363208 0.00048133 
0 0 0 
0 0 0 
0 0 0 
3.84213e-12 2.41709e-11 1.09837e-13 
6.30733e-12 3.54476e-11 1.835e-13 
0 0 0 
0 0 0 
3.60844 23.9927 0.102309 
5.94363 37.3914 0.169914 
0.0324794 0.182537 0.000944926 
0 0 0 
0.0371329 0.301868 0.0010234 
33.8819 225.283 0.960641 
92.1952 580.001 2.63564 
1.70531e-11 9.58399e-11 4.96128e-13 
0 0 0 
2.89017 19.2169 0.0819441 
4.01083 25.2321 0.11466 
0 0 0 
0 0 0 
0 0 0 
8.07451e-13 4.90849e-13 2.83747e-13 
1.25303e-12 7.68602e-13 4.46882e-13 
0 0 0 
0.00439545 0.00262181 0.00149741 
0.931873 0.564079 0.325193 
0.701357 0.426354 0.246464 
1.15665e-12 7.09478e-13 4.12506e-13 
0 0 0 
0.0490655 0.0292668 0.0167153 
1.5164 0.917905 0.529175 
3.84903 2.33982 1.35259 
0.038642 0.0237028 0.0137813 
0 0 0 
0.0978258 0.0592157 0.034138 
0.0708737 0.0430841 0.0249058 
0 0 0 
$escByGroup
 5e-07 5e-07 5.00051e-07 5.00047e-07 5e-07 5.71384 3236.58 397.65 5.09227 5e-07 270.025 122.478 89.9455 5.00038e-07 5e-07 5.00057e-07 5.00036e-07 5e-07 5e-07 5e-07 0.932941 1.45306 5e-07 5e-07 383.996 130.35 5.05932e-07 5e-07 5.00129e-07 45.3585 20.8314 5.00103e-07 5e-07 5.015e-07 5.00084e-07 5e-07 5e-07 5e-07 5.00008e-07 5.0001e-07 5e-07 0.772113 110.161 210.337 0.469209 5e-07 1.36483 244.372 201.478 2.59666 5e-07 1.83868 2.72772 5e-07 5e-07 5e-07 5.00006e-07 5.00004e-07 5e-07 5e-07 32.6701 34.9244 0.0818831 5e-07 11.9213 306.76 541.733 5.00011e-07 5e-07 26.167 23.5674 5e-07 5e-07 5e-07 5.00002e-07 5.00002e-07 5e-07 1.14764 10.6911 6.06877 5.00002e-07 5e-07 12.8109 17.3972 33.3053 0.210148 5e-07 1.12232 0.613263 5e-07
$catchByGroup
0 0 2.38959e-10 4.18583e-10 0 0.164502 2636.31 463.254 11.4213 0 7.77404 99.7631 104.785 3.38449e-10 0 1.86036e-10 1.67867e-10 0 0 0 1.09793 3.21272 0 0 318.009 153.402 5.18466e-08 0 1.52949e-11 37.5639 24.5155 9.08029e-10 0 4.95347e-09 3.95048e-10 0 0 0 5.34002e-11 1.46857e-10 0 0.027634 124.016 354.995 1.77938 0 0.0488473 275.107 340.043 9.8473 0 2.06994 4.60369 0 0 0 3.84213e-12 6.30733e-12 0 0 3.60844 5.94363 0.0324794 0 0.0371329 33.8819 92.1952 1.70531e-11 0 2.89017 4.01083 0 0 0 8.07451e-13 1.25303e-12 0 0.00439545 0.931873 0.701357 1.15665e-12 0 0.0490655 1.5164 3.84903 0.038642 0 0.0978258 0.0708737 0 
0 0 1.42695e-11 2.87072e-11 0 0.00715828 147.059 27.6634 0.783293 0 0.338287 5.565 6.25724 2.32114e-11 0 1.03775e-11 1.00242e-11 0 0 0 0.0387547 0.131035 0 0 10.454 5.41477 2.11463e-09 0 3.87865e-13 1.23485 0.865344 3.70352e-11 0 1.62837e-10 1.39444e-11 0 0 0 4.21301e-12 1.36248e-11 0 0.00148958 9.02433 28.0074 0.165083 0 0.00263306 20.0188 26.8277 0.913588 0 0.150624 0.363208 0 0 0 2.41709e-11 3.54476e-11 0 0 23.9927 37.3914 0.182537 0 0.301868 225.283 580.001 9.58399e-11 0 19.2169 25.2321 0 0 0 4.90849e-13 7.68602e-13 0 0.00262181 0.564079 0.426354 7.09478e-13 0 0.0292668 0.917905 2.33982 0.0237028 0 0.0592157 0.0430841 0 
0 0 8.68292e-14 1.75955e-13 0 4.29064e-05 0.891802 0.16833 0.00480105 0 0.00202768 0.0337475 0.0380751 1.4227e-13 0 6.29317e-14 6.09969e-14 0 0 0 0.000281429 0.000955698 0 0 0.0757606 0.0393211 1.5423e-11 0 2.79135e-15 0.00894902 0.00628397 2.70114e-13 0 1.18009e-12 1.01261e-13 0 0 0 5.58316e-15 1.82577e-14 0 1.9289e-06 0.0118969 0.0371158 0.000221216 0 3.40963e-06 0.026391 0.0355525 0.00122424 0 0.000198569 0.00048133 0 0 0 1.09837e-13 1.835e-13 0 0 0.102309 0.169914 0.000944926 0 0.0010234 0.960641 2.63564 4.96128e-13 0 0.0819441 0.11466 0 0 0 2.83747e-13 4.46882e-13 0 0.00149741 0.325193 0.246464 4.12506e-13 0 0.0167153 0.529175 1.35259 0.0137813 0 0.034138 0.0249058 0 
$Fmort
 0.762967 0.238017 0.0107051
#ESTIMATED_PARAMETERS
$availability
1.42624 1.46371 1.76582 0.152597 0.191638 
0.196269 0.117312 0.300102 4.02018 0.366136 
0.0261408 0.0187644 0.00863236 0.299301 4.64716 
$selectivity
 0.0260512 0.529339 0.676895 0.991741 2.77597
$RunSize
 0 0 4.58433e-10 6.34095e-10 0 5.88554 6020.83 888.736 17.3017 0 278.14 227.84 201.025 5.12703e-10 0 4.24872e-10 3.22046e-10 0 0 0 2.06991 4.79777 0 0 712.534 289.206 7.74259e-08 0 5.33411e-10 84.1662 46.2185 1.35602e-09 0 1.10988e-08 7.44776e-10 0 0 0 8.92588e-11 1.99226e-10 0 0.801239 243.214 593.376 2.41389 0 1.41631 539.525 568.383 13.3588 0 4.05944 7.69509 0 0 0 5.0699e-11 5.78397e-11 0 0 60.3735 78.4293 0.297844 0 12.2613 566.885 1216.56 1.56381e-10 0 48.3561 52.925 0 0 0 8.56885e-12 9.28292e-12 0 1.15615 12.5122 7.44295 8.56885e-12 0 12.9059 20.3606 40.8467 0.286274 0 1.3135 0.752127 0
