$ndistricts
3
$ngroups
90
$nstocks
5
$nagecomps
18
$AgeCompLabels
 0.1 0.2 0.3 0.4 0.5 1.1 1.2 1.3 1.4 1.5 2.1 2.2 2.3 2.4 3.1 3.2 3.3 3.4
$navailpar
15
$nselectpar
5
$GENdata
-1
$maxGradient
0.000142352
#LIKELIHOOD_VALUES_AND_PENALTIES
$totalNLL
-99040
$NLLcatch
-84733.7
$NLLescape
-52535.2
$NLLagecompCatch
23776.5
$NLLagecompEsc
14452.5
$NLLgenetics
0
$NLLselOne
6.53024e-16
$NLLavailOne
1.17179e-10
$NLLextra
4.4997e-10
#OBSERVED_AND_PREDICTED_VALUES
$predEsc
 4117.72 532.946 988.261 1622.71 658.027
$obsEsc
 4065.22 524.815 1037.86 1612.74 654.412
$predCatch
 3480.84 6456.6 1523.52
$obsCatch
 3480.84 6456.6 1523.52
$RunSize
 0 2.30366 1.65074 5.05003e-11 0 8.2439 2454.38 3025.79 4.12009 0 42.3979 1004.3 88.5196 4.72769e-11 0 5.47982e-11 5.26492e-11 0 0 7.73621e-11 3.33607 6.55429e-11 0 6.7477e-10 480.955 264.878 2.50352e-10 0 2.77214e-10 61.6404 18.7457 6.01705e-11 0 7.41387e-11 6.76919e-11 0 0 3.00853e-11 6.87663e-11 3.11597e-11 0 2.02055 492.179 552.399 24.1331 0 27.7399 329.38 422.813 2.62948 0 3.00853e-11 3.11597e-11 0 0 1.16095 3.32419 0.0518757 0 0.391252 356.814 2432.92 4.72668 0 82.1264 3476.71 1589.4 3.54576e-11 0 26.6842 6.75062 0 0 1.76968 9.28001 0.690334 0 0.429695 476.696 242.689 8.42855 0 48.9129 533.715 761.633 0.752872 0 2.14895e-11 6.66174e-11 0
$SSageCompEsc
 2381 88.5 1966 3334 2723
$obsAgeCompEsc
0 0.000853951 0.000158868 0 0 0.0016186 0.386033 0.412051 0.000747682 0 0.0102803 0.171449 0.0168077 0 0 0 0 0 
0 0 0 0 0 0 0.601116 0.250188 0 0 0 0.102692 0.0460043 0 0 0 0 0 
0 0 0 0 0 0.00172877 0.271514 0.264459 0.0123669 0 0.0256149 0.187332 0.234545 0.00244053 0 0 0 0 
0 0 0 0 0 0.00022575 0.0618974 0.268124 0.000564842 0 0.0422097 0.481595 0.142194 0 0 0.00233705 0.000852844 0 
0 0.00113429 0.0062122 0 0 0.000604804 0.238054 0.0983553 0.0011553 0 0.0640495 0.294373 0.29586 0.000201601 0 0 0 0 
$predAgeCompEsc
0 0.000359619 0.000237144 6.71057e-15 0 0.00187696 0.383147 0.434683 0.000547485 0 0.00965307 0.156779 0.0127167 6.28224e-15 0 8.55442e-15 7.56355e-15 0 
0 9.56775e-14 0.00382418 7.00224e-14 0 1.1899e-12 0.59482 0.303634 2.67463e-13 0 4.88845e-13 0.0762337 0.0214884 6.42829e-14 0 9.1691e-14 7.75962e-14 0 
0 1.70769e-14 3.4819e-14 1.41408e-14 0 0.0018833 0.279369 0.2797 0.010952 0 0.0258557 0.186961 0.214086 0.0011933 0 1.70769e-14 1.57773e-14 0 
0 0.000166634 0.000332681 3.43072e-06 0 0.000198646 0.0512143 0.243484 0.000312592 0 0.0416971 0.49902 0.159065 2.34494e-15 0 0.00383005 0.000675593 0 
0 0.000922167 0.00370093 0.000204888 0 0.000569511 0.248403 0.0967859 0.00250155 0 0.0648285 0.278115 0.303745 0.000223449 0 1.1198e-14 2.65675e-14 0 
$SSageCompCatch
 6380 8826 3069
$obsAgeCompCatch
0 0 0.0007806 0 0 0.000334549 0.320233 0.438548 0.00321199 0 0.00108067 0.160462 0.0753492 0 0 0 0 0 
0 0.00027439 0.000813009 2.44473e-05 0 0 0.0661175 0.311608 0.000955351 0 0.00213122 0.401133 0.212332 0 0 0.00387216 0.000738755 0 
0 0.000435161 0.00103956 0.000480389 0 0 0.191245 0.182482 0.00504717 0 0.00470482 0.26261 0.35124 0.000398013 0 0 0.00031751 0 
$predAgeCompCatch
0 0.000233503 0.000679873 1.28836e-05 0 0.000165556 0.312894 0.419742 0.00372081 0 0.00141008 0.169373 0.0910522 0.000346822 0 0.000285189 8.4275e-05 0 
0 0.000170071 0.000584843 2.02395e-05 0 2.6155e-05 0.0748233 0.32358 0.00119469 0 0.00231157 0.390103 0.203521 5.92569e-05 0 0.00283054 0.000775388 0 
0 0.000633667 0.00358292 0.00027981 0 3.49039e-05 0.178162 0.184751 0.00361801 0 0.00375581 0.284679 0.339175 0.000305997 0 0.000788202 0.000232758 0 
$genSS
 0 0 0
$obsGenComp     #GeneticFracData
-1 -1 -1 -1 -1 
-1 -1 -1 -1 -1 
-1 -1 -1 -1 -1 
$predGenComp     #catchGenComp_pred
0 0 0 0 0 
0 0 0 0 0 
0 0 0 0 0 
#PARAMETERS_OF_INTEREST
$catchByGroup
0 0 0 
0.687317 0.126285 0.00924582 
0.560947 0.105539 0.00776138 
1.89559e-11 3.64317e-12 2.69004e-13 
0 0 0 
0.438606 0.0714023 0.00511382 
732.285 134.548 9.85074 
1028.21 193.452 14.2265 
1.54652 0.29723 0.0219468 
0 0 0 
2.25572 0.367218 0.0263001 
299.642 55.0552 4.0308 
30.0803 5.65945 0.416198 
1.77459e-11 3.41063e-12 2.51833e-13 
0 0 0 
1.63495e-11 3.00401e-12 2.19935e-13 
1.7891e-11 3.3661e-12 2.47544e-13 
0 0 0 
0 0 0 
2.35846e-11 2.56355e-12 2.23007e-13 
1.15754 0.129176 0.0112668 
2.51053e-11 2.86865e-12 2.50804e-13 
0 0 0 
3.68172e-11 3.49933e-12 3.00485e-13 
146.624 15.9374 1.38642 
91.9068 10.2563 0.894564 
9.5894e-11 1.09573e-11 9.57988e-13 
0 0 0 
1.51255e-11 1.43762e-12 1.23448e-13 
18.7917 2.04258 0.177687 
6.50433 0.72585 0.0633091 
2.30475e-11 2.63351e-12 2.30246e-13 
0 0 0 
2.26019e-11 2.45673e-12 2.13715e-13 
2.34876e-11 2.62109e-12 2.28614e-13 
0 0 0 
0 0 0 
1.06841e-11 2.48489e-12 3.9928e-14 
2.76416e-11 6.60761e-12 1.06938e-13 
1.37592e-11 3.37079e-12 5.49093e-14 
0 0 0 
0.132242 0.0266975 0.000413985 
174.786 40.6515 0.653201 
222.044 53.0788 0.859032 
10.6565 2.61066 0.042527 
0 0 0 
1.81553 0.366526 0.00568355 
116.971 27.2051 0.43714 
169.955 40.6272 0.657514 
1.1611 0.284451 0.00463364 
0 0 0 
1.06841e-11 2.48489e-12 3.9928e-14 
1.25251e-11 2.99408e-12 4.84564e-14 
0 0 0 
0 0 0 
0.0431893 0.795121 0.0522451 
0.144452 2.46527 0.174621 
0.00254722 0.0406841 0.00307728 
0 0 0 
0.00228193 0.0638558 0.00276983 
13.2741 244.377 16.0573 
105.722 1804.29 127.802 
0.232092 3.70696 0.280388 
0 0 0 
0.478991 13.4038 0.581406 
129.339 2381.15 156.459 
69.0672 1178.72 83.4915 
1.74106e-12 2.78081e-11 2.10336e-12 
0 0 0 
0.992695 18.2757 1.20084 
0.293347 5.00637 0.354612 
0 0 0 
0 0 0 
0.0822807 0.176672 0.903914 
0.503586 1.0761 5.265 
0.0422986 0.0899945 0.423219 
0 0 0 
0.00314496 0.00691671 0.0448791 
22.1639 47.5899 243.486 
13.1697 28.142 137.689 
0.51644 1.09878 5.16724 
0 0 0 
0.357996 0.787342 5.10867 
24.8149 53.2823 272.61 
41.3305 88.3184 432.112 
0.0461305 0.0981471 0.461559 
0 0 0 
9.99148e-13 2.14536e-12 1.09764e-11 
3.61504e-12 7.7249e-12 3.77953e-11 
0 0 0 
$escByGroup
 5e-07 1.48081 0.976492 5.00007e-07 5e-07 7.72878 1577.69 1789.9 2.25439 5e-07 39.7487 645.573 52.3636 5.00006e-07 5e-07 5.00009e-07 5.00008e-07 5e-07 5e-07 5.00013e-07 2.03808 5.00009e-07 5e-07 5.00159e-07 317.007 161.82 5.00036e-07 5e-07 5.00065e-07 40.6284 11.4522 5.00009e-07 5e-07 5.00012e-07 5.0001e-07 5e-07 5e-07 5.00004e-07 5.00009e-07 5.00003e-07 5e-07 1.8612 276.089 276.417 10.8234 5e-07 25.5521 184.766 211.573 1.17929 5e-07 5.00004e-07 5.00004e-07 5e-07 5e-07 0.270399 0.539844 0.00556706 5e-07 0.322344 83.106 395.103 0.507246 5e-07 67.6622 809.765 258.116 5.00001e-07 5e-07 6.21505 1.09629 5e-07 5e-07 0.606811 2.43532 0.134822 5e-07 0.374754 163.456 63.6878 1.64609 5e-07 42.6589 183.007 199.872 0.147035 5e-07 5.00002e-07 5.00004e-07 5e-07
$catchByGroup
0 0.687317 0.560947 1.89559e-11 0 0.438606 732.285 1028.21 1.54652 0 2.25572 299.642 30.0803 1.77459e-11 0 1.63495e-11 1.7891e-11 0 0 2.35846e-11 1.15754 2.51053e-11 0 3.68172e-11 146.624 91.9068 9.5894e-11 0 1.51255e-11 18.7917 6.50433 2.30475e-11 0 2.26019e-11 2.34876e-11 0 0 1.06841e-11 2.76416e-11 1.37592e-11 0 0.132242 174.786 222.044 10.6565 0 1.81553 116.971 169.955 1.1611 0 1.06841e-11 1.25251e-11 0 0 0.0431893 0.144452 0.00254722 0 0.00228193 13.2741 105.722 0.232092 0 0.478991 129.339 69.0672 1.74106e-12 0 0.992695 0.293347 0 0 0.0822807 0.503586 0.0422986 0 0.00314496 22.1639 13.1697 0.51644 0 0.357996 24.8149 41.3305 0.0461305 0 9.99148e-13 3.61504e-12 0 
0 0.126285 0.105539 3.64317e-12 0 0.0714023 134.548 193.452 0.29723 0 0.367218 55.0552 5.65945 3.41063e-12 0 3.00401e-12 3.3661e-12 0 0 2.56355e-12 0.129176 2.86865e-12 0 3.49933e-12 15.9374 10.2563 1.09573e-11 0 1.43762e-12 2.04258 0.72585 2.63351e-12 0 2.45673e-12 2.62109e-12 0 0 2.48489e-12 6.60761e-12 3.37079e-12 0 0.0266975 40.6515 53.0788 2.61066 0 0.366526 27.2051 40.6272 0.284451 0 2.48489e-12 2.99408e-12 0 0 0.795121 2.46527 0.0406841 0 0.0638558 244.377 1804.29 3.70696 0 13.4038 2381.15 1178.72 2.78081e-11 0 18.2757 5.00637 0 0 0.176672 1.0761 0.0899945 0 0.00691671 47.5899 28.142 1.09878 0 0.787342 53.2823 88.3184 0.0981471 0 2.14536e-12 7.7249e-12 0 
0 0.00924582 0.00776138 2.69004e-13 0 0.00511382 9.85074 14.2265 0.0219468 0 0.0263001 4.0308 0.416198 2.51833e-13 0 2.19935e-13 2.47544e-13 0 0 2.23007e-13 0.0112668 2.50804e-13 0 3.00485e-13 1.38642 0.894564 9.57988e-13 0 1.23448e-13 0.177687 0.0633091 2.30246e-13 0 2.13715e-13 2.28614e-13 0 0 3.9928e-14 1.06938e-13 5.49093e-14 0 0.000413985 0.653201 0.859032 0.042527 0 0.00568355 0.43714 0.657514 0.00463364 0 3.9928e-14 4.84564e-14 0 0 0.0522451 0.174621 0.00307728 0 0.00276983 16.0573 127.802 0.280388 0 0.581406 156.459 83.4915 2.10336e-12 0 1.20084 0.354612 0 0 0.903914 5.265 0.423219 0 0.0448791 243.486 137.689 5.16724 0 5.10867 272.61 432.112 0.461559 0 1.09764e-11 3.77953e-11 0 
$Fmort
 0.498202 0.576041 0.308509
#ESTIMATED_PARAMETERS
$availability
1.42624 1.46371 1.76582 0.152597 0.191638 
0.196269 0.117312 0.300102 4.02018 0.366136 
0.0261408 0.0187644 0.00863236 0.299301 4.64716 
$selectivity
 0.0769418 0.498672 0.584383 0.662275 3.17773
$RunSize
 0 2.30366 1.65074 5.05003e-11 0 8.2439 2454.38 3025.79 4.12009 0 42.3979 1004.3 88.5196 4.72769e-11 0 5.47982e-11 5.26492e-11 0 0 7.73621e-11 3.33607 6.55429e-11 0 6.7477e-10 480.955 264.878 2.50352e-10 0 2.77214e-10 61.6404 18.7457 6.01705e-11 0 7.41387e-11 6.76919e-11 0 0 3.00853e-11 6.87663e-11 3.11597e-11 0 2.02055 492.179 552.399 24.1331 0 27.7399 329.38 422.813 2.62948 0 3.00853e-11 3.11597e-11 0 0 1.16095 3.32419 0.0518757 0 0.391252 356.814 2432.92 4.72668 0 82.1264 3476.71 1589.4 3.54576e-11 0 26.6842 6.75062 0 0 1.76968 9.28001 0.690334 0 0.429695 476.696 242.689 8.42855 0 48.9129 533.715 761.633 0.752872 0 2.14895e-11 6.66174e-11 0
