$ndistricts
3
$ngroups
90
$nstocks
5
$nagecomps
18
$AgeCompLabels
 0.1 0.2 0.3 0.4 0.5 1.1 1.2 1.3 1.4 1.5 2.1 2.2 2.3 2.4 3.1 3.2 3.3 3.4
$navailpar
15
$nselectpar
5
$GENdata
-1
$maxGradient
4.73482e-05
#LIKELIHOOD_VALUES_AND_PENALTIES
$totalNLL
-276455
$NLLcatch
-182401
$NLLescape
-112230
$NLLagecompCatch
5306.64
$NLLagecompEsc
12869.4
$NLLgenetics
0
$NLLselOne
7.78284e-17
$NLLavailOne
1.17179e-10
$NLLextra
4.69968e-10
#OBSERVED_AND_PREDICTED_VALUES
$predEsc
 10568.7 565.765 1195.22 1163.45 1264.46
$obsEsc
 10490.7 580.795 1242.47 1165.35 1270.32
$predCatch
 14546.7 5190.41 2658.38
$obsCatch
 14546.7 5190.41 2658.38
$RunSize
 0 0 1.17945e-09 1.81453e-10 0 0 2259.81 2130.28 8.00043e-10 0 12.9617 17326.7 894.987 0 0 6.00032e-10 8.30973e-10 0 0 0 2.29158 1.95887e-10 0 0 539.447 469.434 10.9116 0 2.08259e-10 167.738 58.9332 0 0 24.6679 0.496205 0 0 0 4.74252e-11 5.15492e-11 0 4.61895 1018.81 1225.02 2.30209 0 16.2889 735.595 662.083 1.42578 0 0.990274 1.50265 0 0 0 16.7782 5.38928 0 0 720.844 213.197 1.29969 0 21.3088 1934.65 2361.67 0 0 13.3292 7.09213 0 0 0.356131 2.155 1.01036e-10 0 0.844777 1375.62 773.965 4.30439 0 35.0802 1808.06 286.683 3.2039 0 3.71154e-11 6.3921e-11 0
$SSageCompEsc
 2317 88.5 2887 3151 2396
$obsAgeCompEsc
0 0 0 0 0 0 0.141102 0.0746348 0 0 0.00124975 0.743633 0.0393799 0 0 0 0 0 
0 0 0 0 0 0 0.601116 0.250188 0 0 0 0.102692 0.0460043 0 0 0 0 0 
0 0 0 0 0 0.00365767 0.340511 0.262587 0.000325532 0 0.0128843 0.232088 0.147075 0.000290677 0 0.000290677 0.000290077 0 
0 0 0.000267361 0 0 0 0.188375 0.0277775 0.000160944 0 0.01727 0.469085 0.29325 0 0 0.00313636 0.000677992 0 
0 0.000115207 0 0 0 0.00064168 0.35449 0.0990275 0.000204695 0 0.0266003 0.476338 0.0421132 0.000469162 0 0 0 0 
$predAgeCompEsc
0 0 4.07493e-14 4.99782e-15 0 0 0.10318 0.0736002 2.20358e-14 0 0.00118622 0.791113 0.0309214 0 0 2.73966e-14 2.87097e-14 0 
0 0 0.00154039 1.07501e-13 0 0 0.469509 0.315552 0.00598822 0 3.5609e-13 0.145992 0.0396147 0 0 0.0214698 0.000333547 0 
0 0 1.0352e-14 7.88785e-15 0 0.00370642 0.331057 0.267398 0.000352257 0 0.0130708 0.239028 0.14452 0.000218167 0 0.000321784 0.000327999 0 
0 0 0.00209472 0.000275772 0 0 0.177671 0.0266171 6.65055e-05 0 0.0174083 0.476847 0.294849 0 0 0.00328534 0.000885437 0 
0 9.25225e-05 0.000294307 5.81439e-15 0 0.000639832 0.357386 0.1057 0.000247707 0 0.0265697 0.469734 0.0391521 0.000184376 0 9.64256e-15 8.72965e-15 0 
$SSageCompCatch
 2478 1642 599
$obsAgeCompCatch
0 0 0.000274 0 0 0 0.0830231 0.168686 0.000951079 0 0 0.679038 0.066232 0 0 0.00160751 0.000187915 0 
0 0 0.00561648 0.00143484 0 0 0.107637 0.0845442 0 0 0.000545791 0.435943 0.360838 0 0 0.00200628 0.00143484 0 
0 0 0.00260949 0 0 0 0.316911 0.219714 0.00154704 0 0 0.35803 0.101189 0 0 0 0 0 
$predAgeCompCatch
0 1.99824e-06 0.000207243 3.77382e-05 0 1.21449e-05 0.139691 0.164037 0.000641496 0 8.38721e-05 0.610935 0.0832184 9.75384e-05 0 0.000907869 0.000129094 0 
0 5.53494e-06 0.00235084 0.000797991 0 3.64843e-06 0.140141 0.0929095 0.0004297 0 0.0002242 0.410283 0.350064 0.000105447 0 0.0016873 0.0009973 0 
0 6.82156e-05 0.000875527 0.00014203 0 1.0939e-05 0.28013 0.189153 0.00114968 0 0.000468826 0.405524 0.12125 0.000816139 0 0.00025177 0.000160167 0 
$genSS
 0 0 0
$obsGenComp     #GeneticFracData
-1 -1 -1 -1 -1 
-1 -1 -1 -1 -1 
-1 -1 -1 -1 -1 
$predGenComp     #catchGenComp_pred
0 0 0 0 0 
0 0 0 0 0 
0 0 0 0 0 
#PARAMETERS_OF_INTEREST
$catchByGroup
0 0 0 
0 0 0 
6.73548e-10 6.89373e-11 6.29069e-12 
1.14974e-10 1.25113e-11 1.14746e-12 
0 0 0 
0 0 0 
1060.68 99.6251 9.02912 
1216.54 124.513 11.3621 
5.0693e-10 5.51634e-11 5.05926e-12 
0 0 0 
0.393938 0.0284325 0.00252722 
8132.56 763.858 69.2293 
511.102 52.311 4.7735 
0 0 0 
0 0 0 
2.81634e-10 2.64528e-11 2.39744e-12 
4.74545e-10 4.85695e-11 4.43208e-12 
0 0 0 
0 0 0 
0 0 0 
1.33027 0.0810253 0.0087801 
1.25988e-10 8.18869e-12 8.89988e-13 
0 0 0 
0 0 0 
257.923 14.3433 1.54805 
272.509 16.5982 1.79862 
7.01798 0.45614 0.0495756 
0 0 0 
6.49314e-12 2.73173e-13 2.91481e-14 
80.2001 4.45999 0.481358 
34.211 2.08375 0.2258 
0 0 0 
0 0 0 
11.7944 0.655894 0.0707892 
0.288049 0.0175447 0.00190119 
0 0 0 
0 0 0 
0 0 0 
3.07963e-11 4.17228e-12 8.36795e-14 
3.66791e-11 5.3345e-12 1.07877e-13 
0 0 0 
0.173172 0.0154832 0.000297415 
553.906 67.8699 1.34605 
795.484 107.772 2.16148 
1.63802 0.238229 0.00481759 
0 0 0 
0.610696 0.0546021 0.00104884 
399.928 49.003 0.971864 
429.934 58.2474 1.16821 
1.01449 0.147545 0.00298373 
0 0 0 
0.538392 0.065969 0.00130834 
0.975768 0.132197 0.00265135 
0 0 0 
0 0 0 
0 0 0 
1.45276 11.8918 0.996527 
0.548966 4.1419 0.377568 
0 0 0 
0 0 0 
47.2529 434.582 32.2967 
18.4598 151.106 12.6626 
0.132389 0.998865 0.0910547 
0 0 0 
0.07025 0.93724 0.047521 
126.821 1166.36 86.6804 
204.487 1673.87 140.269 
0 0 0 
0 0 0 
0.873759 8.03591 0.597203 
0.614079 5.02665 0.421231 
0 0 0 
0 0 0 
0.0290678 0.0287286 0.181343 
0.231677 0.229013 1.32217 
1.2752e-11 1.26069e-11 6.83254e-11 
0 0 0 
0.00349608 0.00345361 0.0287824 
112.28 110.97 700.472 
83.2064 82.2495 474.855 
0.543267 0.537085 2.91083 
0 0 0 
0.145178 0.143415 1.19522 
147.576 145.854 920.671 
30.8204 30.4659 175.89 
0.404371 0.399769 2.16662 
0 0 0 
3.0294e-12 2.99406e-12 1.88993e-11 
6.87194e-12 6.79291e-12 3.92178e-11 
0 0 0 
$escByGroup
 5e-07 5e-07 5.00108e-07 5.00013e-07 5e-07 5e-07 1090.48 777.863 5.00058e-07 5e-07 12.5368 8361.07 326.8 5e-07 5e-07 5.00072e-07 5.00076e-07 5e-07 5e-07 5e-07 0.8715 5.00015e-07 5e-07 5e-07 265.632 178.528 3.38792 5e-07 5.0005e-07 82.597 22.4126 5e-07 5e-07 12.1468 0.188709 5e-07 5e-07 5e-07 5.00003e-07 5.00002e-07 5e-07 4.43 395.687 319.6 0.421026 5e-07 15.6225 285.692 172.734 0.260759 5e-07 0.384604 0.392033 5e-07 5e-07 5e-07 2.43711 0.320848 5e-07 5e-07 206.712 30.9678 0.077376 5e-07 20.2538 554.789 343.043 5e-07 5e-07 3.82234 1.03017 5e-07 5e-07 0.116991 0.372141 5.00002e-07 5e-07 0.809045 451.902 133.654 0.313217 5e-07 33.5964 593.962 49.5065 0.233137 5e-07 5.00003e-07 5.00003e-07 5e-07
$catchByGroup
0 0 6.73548e-10 1.14974e-10 0 0 1060.68 1216.54 5.0693e-10 0 0.393938 8132.56 511.102 0 0 2.81634e-10 4.74545e-10 0 0 0 1.33027 1.25988e-10 0 0 257.923 272.509 7.01798 0 6.49314e-12 80.2001 34.211 0 0 11.7944 0.288049 0 0 0 3.07963e-11 3.66791e-11 0 0.173172 553.906 795.484 1.63802 0 0.610696 399.928 429.934 1.01449 0 0.538392 0.975768 0 0 0 1.45276 0.548966 0 0 47.2529 18.4598 0.132389 0 0.07025 126.821 204.487 0 0 0.873759 0.614079 0 0 0.0290678 0.231677 1.2752e-11 0 0.00349608 112.28 83.2064 0.543267 0 0.145178 147.576 30.8204 0.404371 0 3.0294e-12 6.87194e-12 0 
0 0 6.89373e-11 1.25113e-11 0 0 99.6251 124.513 5.51634e-11 0 0.0284325 763.858 52.311 0 0 2.64528e-11 4.85695e-11 0 0 0 0.0810253 8.18869e-12 0 0 14.3433 16.5982 0.45614 0 2.73173e-13 4.45999 2.08375 0 0 0.655894 0.0175447 0 0 0 4.17228e-12 5.3345e-12 0 0.0154832 67.8699 107.772 0.238229 0 0.0546021 49.003 58.2474 0.147545 0 0.065969 0.132197 0 0 0 11.8918 4.1419 0 0 434.582 151.106 0.998865 0 0.93724 1166.36 1673.87 0 0 8.03591 5.02665 0 0 0.0287286 0.229013 1.26069e-11 0 0.00345361 110.97 82.2495 0.537085 0 0.143415 145.854 30.4659 0.399769 0 2.99406e-12 6.79291e-12 0 
0 0 6.29069e-12 1.14746e-12 0 0 9.02912 11.3621 5.05926e-12 0 0.00252722 69.2293 4.7735 0 0 2.39744e-12 4.43208e-12 0 0 0 0.0087801 8.89988e-13 0 0 1.54805 1.79862 0.0495756 0 2.91481e-14 0.481358 0.2258 0 0 0.0707892 0.00190119 0 0 0 8.36795e-14 1.07877e-13 0 0.000297415 1.34605 2.16148 0.00481759 0 0.00104884 0.971864 1.16821 0.00298373 0 0.00130834 0.00265135 0 0 0 0.996527 0.377568 0 0 32.2967 12.6626 0.0910547 0 0.047521 86.6804 140.269 0 0 0.597203 0.421231 0 0 0.181343 1.32217 6.83254e-11 0 0.0287824 700.472 474.855 2.91083 0 1.19522 920.671 175.89 2.16662 0 1.88993e-11 3.92178e-11 0 
$Fmort
 0.805821 0.416637 0.277769
#ESTIMATED_PARAMETERS
$availability
1.42624 1.46371 1.76582 0.152597 0.191638 
0.196269 0.117312 0.300102 4.02018 0.366136 
0.0261408 0.0187644 0.00863236 0.299301 4.64716 
$selectivity
 0.0268547 0.551367 0.736512 0.873673 2.81159
$RunSize
 0 0 1.17945e-09 1.81453e-10 0 0 2259.81 2130.28 8.00043e-10 0 12.9617 17326.7 894.987 0 0 6.00032e-10 8.30973e-10 0 0 0 2.29158 1.95887e-10 0 0 539.447 469.434 10.9116 0 2.08259e-10 167.738 58.9332 0 0 24.6679 0.496205 0 0 0 4.74252e-11 5.15492e-11 0 4.61895 1018.81 1225.02 2.30209 0 16.2889 735.595 662.083 1.42578 0 0.990274 1.50265 0 0 0 16.7782 5.38928 0 0 720.844 213.197 1.29969 0 21.3088 1934.65 2361.67 0 0 13.3292 7.09213 0 0 0.356131 2.155 1.01036e-10 0 0.844777 1375.62 773.965 4.30439 0 35.0802 1808.06 286.683 3.2039 0 3.71154e-11 6.3921e-11 0
