$ndistricts
3
$ngroups
90
$nstocks
5
$nagecomps
18
$AgeCompLabels
 0.1 0.2 0.3 0.4 0.5 1.1 1.2 1.3 1.4 1.5 2.1 2.2 2.3 2.4 3.1 3.2 3.3 3.4
$navailpar
15
$nselectpar
5
$GENdata
-1
$maxGradient
0.000326752
#LIKELIHOOD_VALUES_AND_PENALTIES
$totalNLL
-276853
$NLLcatch
-251124
$NLLescape
-89808.3
$NLLagecompCatch
49458.1
$NLLagecompEsc
14621.2
$NLLgenetics
0
$NLLselOne
4.17885e-15
$NLLavailOne
1.17179e-10
$NLLextra
4.69977e-10
#OBSERVED_AND_PREDICTED_VALUES
$predEsc
 6619.45 493.147 2264.92 2352.28 749.557
$obsEsc
 6970.02 455.839 2092.58 2191.58 749.478
$predCatch
 17272.2 10371.8 2149.01
$obsCatch
 17272.2 10371.8 2149.01
$RunSize
 0 24.1314 17.8062 0 0 6.27727 579.757 1105.88 1.06485e-09 0 1.07892e-10 12667.3 2234.42 3.57307 0 7.271e-11 7.29446e-10 0 0 2.25167e-10 1.9233e-10 0 0 6.80191e-11 519.241 606.523 12.1103 0 2.55658e-10 59.6286 127.782 5.16007e-11 0 1.17274e-10 1.21971 0 0 2.5222 5.47786 1.59618 0 1.64184e-11 1914.46 3645.99 19.6492 0 2.67932 1643.43 1823.3 3.98732e-11 0 3.98732e-11 1.05547e-10 0 0 0.448358 1.29448 0 0 1.40729e-11 2497.61 447.789 3.17119 0 11.1939 4428.79 4722.83 16.1431 0 256.587 12.9011 0 0 4.81699 49.4433 0 0 0.0945058 466.188 867.456 15.4094 0 0.782534 905.825 538.812 4.69097e-11 0 1.64184e-11 1.87639e-11 0
$SSageCompEsc
 2912 88.5 3523 3581 2335
$obsAgeCompEsc
0 0.00166001 0.000878066 0 0 0.000795626 0.030689 0.0314509 0 0 0 0.880072 0.0539584 0.00049597 0 0 0 0 
0 0 0 0 0 0 0.601116 0.250188 0 0 0 0.102692 0.0460043 0 0 0 0 0 
0 0.000430762 0.000568186 0.000434444 0 0 0.278124 0.310298 0.000680026 0 0.000913529 0.264255 0.144296 0 0 0 0 0 
0 0.000208089 0.000149876 0 0 0 0.247464 0.0537641 3.78934e-05 0 0.0040223 0.410022 0.263092 0.000341224 0 0.0207481 0.000149876 0 
0 0.00237151 0.0182266 0 0 0.000114469 0.211127 0.239525 0 0 0.00092913 0.39861 0.129097 0 0 0 0 0 
$predAgeCompEsc
0 0.00152963 0.000836917 0 0 0.000815835 0.0367494 0.0519783 3.57768e-14 0 1.40224e-14 0.802949 0.105021 0.000120048 0 4.60891e-15 3.42851e-14 0 
0 1.96625e-13 1.27737e-13 0 0 1.18757e-13 0.453424 0.402825 0.00600317 0 4.46362e-13 0.0520703 0.0848668 2.55788e-14 0 1.02409e-13 0.000810076 0 
0 0.000356402 0.000495129 7.99589e-05 0 5.99925e-15 0.270525 0.329551 0.000984305 0 0.00097902 0.232226 0.164803 1.99741e-15 0 5.63432e-15 9.54009e-15 0 
0 4.62414e-05 6.37103e-05 0 0 4.81927e-15 0.257592 0.0220388 2.0118e-05 0 0.00383336 0.456763 0.232443 0.000102412 0 0.0264631 0.000634953 0 
0 0.00216511 0.0128619 0 0 0.000107285 0.209539 0.225655 0.00147517 0 0.000888348 0.407145 0.140163 4.49074e-15 0 7.37964e-15 4.88112e-15 0 
$SSageCompCatch
 11719 22555 2652
$obsAgeCompCatch
0 0.000999618 0.00121406 0 0 3.91355e-05 0.116975 0.249752 0.00173351 0 8.39496e-05 0.41429 0.213779 8.39496e-05 0 0.000910668 0.000140164 0 
0 1.41041e-05 0.000683564 0 0 0 0.179432 0.069626 0.000695382 0 0.000185251 0.366391 0.363227 0.00129125 0 0.0174274 0.00102698 0 
0 0.00123772 0.00886311 0 0 0 0.148597 0.240069 0.00599523 0 0 0.316059 0.277463 0.000341497 0 0.00137414 0 0 
$predAgeCompCatch
0 0.000855178 0.00122096 7.12531e-05 0 4.72912e-05 0.114758 0.218442 0.00152554 0 3.49505e-05 0.471693 0.18983 0.000255769 0 0.00114731 0.000118378 0 
0 0.000199547 0.000787667 1.74823e-05 0 5.7051e-06 0.17559 0.0829203 0.000717189 0 0.00019049 0.351704 0.369868 0.00127312 0 0.015811 0.000915721 0 
0 0.00112344 0.0131743 1.42205e-06 0 6.97235e-06 0.154201 0.246869 0.00475067 0 8.18946e-05 0.308817 0.265261 0.000492532 0 0.00490205 0.000318979 0 
$genSS
 0 0 0
$obsGenComp     #GeneticFracData
-1 -1 -1 -1 -1 
-1 -1 -1 -1 -1 
-1 -1 -1 -1 -1 
$predGenComp     #catchGenComp_pred
0 0 0 0 0 
0 0 0 0 0 
0 0 0 0 0 
#PARAMETERS_OF_INTEREST
$catchByGroup
0 0 0 
12.7465 1.17133 0.088196 
11.0715 1.11054 0.0841821 
0 0 0 
0 0 0 
0.815074 0.0575617 0.00425392 
306.236 28.1413 2.11891 
687.616 68.9723 5.22829 
7.41115e-10 8.07511e-11 6.16177e-12 
0 0 0 
1.40093e-11 9.89358e-13 7.31155e-14 
6691.06 614.868 46.2968 
1389.31 139.357 10.5636 
2.48679 0.270958 0.0206756 
0 0 0 
3.84065e-11 3.52933e-12 2.65743e-13 
4.53554e-10 4.54944e-11 3.4486e-12 
0 0 0 
0 0 0 
1.21012e-10 6.59796e-12 5.91033e-13 
1.21421e-10 7.26238e-12 6.53135e-13 
0 0 0 
0 0 0 
9.04782e-12 3.73497e-13 3.30909e-14 
279.058 15.2151 1.36294 
382.909 22.9023 2.0597 
8.54191 0.557599 0.0503436 
0 0 0 
3.40073e-11 1.40383e-12 1.24376e-13 
32.0464 1.74727 0.156517 
80.6708 4.82504 0.433936 
3.63961e-11 2.37587e-12 2.14509e-13 
0 0 0 
6.30272e-11 3.43644e-12 3.0783e-13 
0.770025 0.0460563 0.00414203 
0 0 0 
0 0 0 
1.52716 0.184773 0.00304783 
3.83418 0.513684 0.00856566 
1.2307 0.181322 0.003056 
0 0 0 
2.59722e-12 2.29644e-13 3.67502e-15 
1159.18 140.251 2.31344 
2551.98 341.902 5.7012 
15.1501 2.2321 0.0376198 
0 0 0 
0.423841 0.0374757 0.000599728 
995.073 120.396 1.98592 
1276.2 170.979 2.85107 
3.07434e-11 4.5295e-12 7.63403e-14 
0 0 0 
2.41427e-11 2.92106e-12 4.81828e-14 
7.38766e-11 9.89762e-12 1.65042e-13 
0 0 0 
0 0 0 
0.0346272 0.28655 0.018408 
0.127894 0.94836 0.0683655 
0 0 0 
0 0 0 
2.07869e-13 2.41997e-12 1.08807e-13 
192.894 1596.25 102.543 
44.2411 328.058 23.6491 
0.379313 2.54069 0.203864 
0 0 0 
0.165344 1.9249 0.0865477 
342.04 2830.48 181.83 
466.611 3460.02 249.426 
1.93091 12.9335 1.03778 
0 0 0 
19.8165 163.987 10.5346 
1.27462 9.45158 0.681347 
0 0 0 
0 0 0 
0.462492 0.426997 2.30463 
6.05519 5.5969 28.1505 
0 0 0 
0 0 0 
0.00174974 0.00161022 0.0107297 
44.76 41.3247 223.042 
106.235 98.1946 493.885 
2.27818 2.10812 9.91741 
0 0 0 
0.0144883 0.0133331 0.0888449 
86.9707 80.2959 433.381 
65.9869 60.9926 306.772 
6.93527e-12 6.41759e-12 3.01908e-11 
0 0 0 
1.57637e-12 1.45539e-12 7.85517e-12 
2.29796e-12 2.12404e-12 1.06832e-11 
0 0 0 
$escByGroup
 5e-07 10.1253 5.53993 5e-07 5e-07 5.40038 243.261 344.068 5.00059e-07 5e-07 5.00023e-07 5315.08 695.181 0.794651 5e-07 5.00008e-07 5.00057e-07 5e-07 5e-07 5.00024e-07 5.00016e-07 5e-07 5e-07 5.00015e-07 223.605 198.652 2.96045 5e-07 5.00055e-07 25.6783 41.8518 5.00003e-07 5e-07 5.00013e-07 0.399487 5e-07 5e-07 0.807223 1.12143 0.181101 5e-07 5.00003e-07 612.718 746.409 2.22938 5e-07 2.21741 525.975 373.266 5.00001e-07 5e-07 5.00003e-07 5.00005e-07 5e-07 5e-07 0.108773 0.149865 5e-07 5e-07 5.00003e-07 605.927 51.8413 0.0473232 5e-07 9.01714 1074.43 546.77 0.240901 5e-07 62.2487 1.49359 5e-07 5e-07 1.62287 9.64072 5e-07 5e-07 0.0804161 157.062 169.141 1.10572 5e-07 0.665867 305.178 105.06 5.00001e-07 5e-07 5.00001e-07 5.00001e-07 5e-07
$catchByGroup
0 12.7465 11.0715 0 0 0.815074 306.236 687.616 7.41115e-10 0 1.40093e-11 6691.06 1389.31 2.48679 0 3.84065e-11 4.53554e-10 0 0 1.21012e-10 1.21421e-10 0 0 9.04782e-12 279.058 382.909 8.54191 0 3.40073e-11 32.0464 80.6708 3.63961e-11 0 6.30272e-11 0.770025 0 0 1.52716 3.83418 1.2307 0 2.59722e-12 1159.18 2551.98 15.1501 0 0.423841 995.073 1276.2 3.07434e-11 0 2.41427e-11 7.38766e-11 0 0 0.0346272 0.127894 0 0 2.07869e-13 192.894 44.2411 0.379313 0 0.165344 342.04 466.611 1.93091 0 19.8165 1.27462 0 0 0.462492 6.05519 0 0 0.00174974 44.76 106.235 2.27818 0 0.0144883 86.9707 65.9869 6.93527e-12 0 1.57637e-12 2.29796e-12 0 
0 1.17133 1.11054 0 0 0.0575617 28.1413 68.9723 8.07511e-11 0 9.89358e-13 614.868 139.357 0.270958 0 3.52933e-12 4.54944e-11 0 0 6.59796e-12 7.26238e-12 0 0 3.73497e-13 15.2151 22.9023 0.557599 0 1.40383e-12 1.74727 4.82504 2.37587e-12 0 3.43644e-12 0.0460563 0 0 0.184773 0.513684 0.181322 0 2.29644e-13 140.251 341.902 2.2321 0 0.0374757 120.396 170.979 4.5295e-12 0 2.92106e-12 9.89762e-12 0 0 0.28655 0.94836 0 0 2.41997e-12 1596.25 328.058 2.54069 0 1.9249 2830.48 3460.02 12.9335 0 163.987 9.45158 0 0 0.426997 5.5969 0 0 0.00161022 41.3247 98.1946 2.10812 0 0.0133331 80.2959 60.9926 6.41759e-12 0 1.45539e-12 2.12404e-12 0 
0 0.088196 0.0841821 0 0 0.00425392 2.11891 5.22829 6.16177e-12 0 7.31155e-14 46.2968 10.5636 0.0206756 0 2.65743e-13 3.4486e-12 0 0 5.91033e-13 6.53135e-13 0 0 3.30909e-14 1.36294 2.0597 0.0503436 0 1.24376e-13 0.156517 0.433936 2.14509e-13 0 3.0783e-13 0.00414203 0 0 0.00304783 0.00856566 0.003056 0 3.67502e-15 2.31344 5.7012 0.0376198 0 0.000599728 1.98592 2.85107 7.63403e-14 0 4.81828e-14 1.65042e-13 0 0 0.018408 0.0683655 0 0 1.08807e-13 102.543 23.6491 0.203864 0 0.0865477 181.83 249.426 1.03778 0 10.5346 0.681347 0 0 2.30463 28.1505 0 0 0.0107297 223.042 493.885 9.91741 0 0.0888449 433.381 306.772 3.01908e-11 0 7.85517e-12 1.06832e-11 0 
$Fmort
 1.21057 0.582659 0.321923
#ESTIMATED_PARAMETERS
$availability
1.42624 1.46371 1.76582 0.152597 0.191638 
0.196269 0.117312 0.300102 4.02018 0.366136 
0.0261408 0.0187644 0.00863236 0.299301 4.64716 
$selectivity
 0.0805556 0.435103 0.563129 0.689615 3.2316
$RunSize
 0 24.1314 17.8062 0 0 6.27727 579.757 1105.88 1.06485e-09 0 1.07892e-10 12667.3 2234.42 3.57307 0 7.271e-11 7.29446e-10 0 0 2.25167e-10 1.9233e-10 0 0 6.80191e-11 519.241 606.523 12.1103 0 2.55658e-10 59.6286 127.782 5.16007e-11 0 1.17274e-10 1.21971 0 0 2.5222 5.47786 1.59618 0 1.64184e-11 1914.46 3645.99 19.6492 0 2.67932 1643.43 1823.3 3.98732e-11 0 3.98732e-11 1.05547e-10 0 0 0.448358 1.29448 0 0 1.40729e-11 2497.61 447.789 3.17119 0 11.1939 4428.79 4722.83 16.1431 0 256.587 12.9011 0 0 4.81699 49.4433 0 0 0.0945058 466.188 867.456 15.4094 0 0.782534 905.825 538.812 4.69097e-11 0 1.64184e-11 1.87639e-11 0
