$ndistricts
3
$ngroups
90
$nstocks
5
$nagecomps
18
$AgeCompLabels
 0.1 0.2 0.3 0.4 0.5 1.1 1.2 1.3 1.4 1.5 2.1 2.2 2.3 2.4 3.1 3.2 3.3 3.4
$navailpar
15
$nselectpar
5
$GENdata
-1
$maxGradient
0.000670316
#LIKELIHOOD_VALUES_AND_PENALTIES
$totalNLL
-15703.2
$NLLcatch
-11467.2
$NLLescape
-12899.9
$NLLagecompCatch
3804.53
$NLLagecompEsc
4859.23
$NLLgenetics
0
$NLLselOne
1.71889e-13
$NLLavailOne
1.17179e-10
$NLLextra
0.10592
#OBSERVED_AND_PREDICTED_VALUES
$predEsc
 1017.12 139.325 587.953 537.441 96.4891
$obsEsc
 1009.96 151.188 586.518 546.402 79.428
$predCatch
 1102.36 839.82 17.44
$obsCatch
 1102.37 839.82 17.44
$RunSize
 0 0 3.53108e-10 0.851433 0 8.29851e-11 211.903 230.551 3.49981e-10 0 0 736.335 405.315 3.46373e-10 0 3.63451e-10 6.95873e-10 0 0 0 1.83529e-10 5.4217e-10 0 1.13533e-10 122.167 36.6311 1.98924e-10 0 0 42.4076 6.68857 1.99164e-10 0 1.70059e-10 2.48234e-10 0 0 0 1.61881e-10 4.4379e-10 0 1.22602e-09 99.2972 408.341 2.66916 0 0 246.559 360.582 1.85213e-10 0 1.30852e-10 1.99405e-10 0 0 0 0.953542 1.26041e-10 0 4.44993e-11 15.0856 138.453 0.700954 0 0 532.149 589.901 0.960546 0 9.02463 19.4795 0 0 0 2.69401e-11 2.52563e-11 0 0.0514583 16.0366 50.1382 0.214419 0 0 38.7526 15.7526 2.50158e-11 0 2.83833e-11 2.69401e-11 0
$SSageCompEsc
 635 240 1475 970 672
$obsAgeCompEsc
0 0 0 0 0 0 0.174701 0.144554 0 0 0 0.485852 0.194893 0 0 0 0 0 
0 0 0 0 0 0 0.625625 0.151789 0 0 0 0.197576 0.0250096 0 0 0 0 0 
0 0 0 0 0 0 0.111746 0.348531 0.00233359 0 0 0.257101 0.280289 0 0 0 0 0 
0 0 0 0 0 0 0.0123745 0.0803945 0 0 0 0.510835 0.386989 0 0 0.00120798 0.00819932 0 
0 0 0 0 0 0 0.123764 0.422167 0.000928036 0 0 0.301539 0.151602 0 0 0 0 0 
$predAgeCompEsc
0 0 1.99443e-13 0.000369393 0 -9.18532e-14 0.143128 0.13022 1.51839e-13 0 0 0.497351 0.228931 1.50273e-13 0 2.4549e-13 3.93044e-13 0 
0 0 7.69326e-13 1.77688e-12 0 -8.88779e-13 0.607523 0.153552 6.51942e-13 0 0 0.210888 0.0280374 6.5273e-13 0 8.45687e-13 1.04056e-12 0 
0 0 1.33776e-13 2.52917e-13 0 -2.1758e-12 0.104234 0.337447 0.00152116 0 0 0.258818 0.297979 1.05553e-13 0 1.37358e-13 1.64785e-13 0 
0 0 0.000618416 4.57929e-14 0 -1.47841e-13 0.0139334 0.0897936 0.000254668 0 0 0.491504 0.382579 0.000348982 0 0.00833533 0.0126334 0 
0 0 2.14278e-13 1.76318e-13 0 -0.00106661 0.139172 0.398793 0.00149689 0 0 0.33631 0.125294 1.74639e-13 0 2.46322e-13 2.14278e-13 0 
$SSageCompCatch
 934 1400 617
$obsAgeCompCatch
0 0 0 0.000756098 0 0 0.0701597 0.235968 0 0 0 0.315033 0.377137 0 0 0 0.000946855 0 
0 0 0.00127254 0 0 0 0.0264625 0.15814 0.0011316 0 0 0.29343 0.487562 0.001317 0 0.0110006 0.0196837 0 
0 0 0 0 0 0.00231482 0.094039 0.304139 0.00279582 0 0 0.38623 0.210481 0 0 0 0 0 
$predAgeCompCatch
0 0 4.33825e-05 0.000383752 0 4.66799e-05 0.117812 0.268135 0.00144903 0 0 0.293667 0.317229 6.17391e-05 0 0.000285797 0.000886245 0 
0 0 0.000675765 6.19529e-05 0 6.1273e-05 0.024988 0.147572 0.000925699 0 0 0.337473 0.468618 0.000829398 0 0.00499114 0.013805 0 
0 0 0.00033458 3.7367e-05 0 0.00295059 0.0692862 0.321961 0.00195415 0 0 0.288613 0.305358 0.000480741 0 0.00218888 0.00683501 0 
$genSS
 0 0 0
$obsGenComp     #GeneticFracData
-1 -1 -1 -1 -1 
-1 -1 -1 -1 -1 
-1 -1 -1 -1 -1 
$predGenComp     #catchGenComp_pred
0 0 0 0 0 
0 0 0 0 0 
0 0 0 0 0 
#PARAMETERS_OF_INTEREST
$catchByGroup
0 0 0 
0 0 0 
1.34811e-10 1.525e-11 1.89251e-13 
0.423035 0.0520292 0.000651681 
0 0 0 
8.29851e-11 8.29839e-11 1.04418e-11 
59.883 6.36309 0.0784378 
88.0207 9.95704 0.123566 
1.73888e-10 2.13866e-11 2.67873e-13 
0 0 0 
0 0 0 
208.086 22.1109 0.272561 
154.743 17.5047 0.217232 
1.72095e-10 2.11661e-11 2.65111e-13 
0 0 0 
1.0271e-10 1.09138e-11 1.34535e-13 
2.65673e-10 3.00533e-11 3.72959e-13 
0 0 0 
0 0 0 
0 0 0 
7.14931e-11 4.77962e-12 7.06134e-14 
2.74255e-10 2.00532e-11 2.97909e-13 
0 0 0 
1.13533e-10 1.13382e-10 1.04472e-11 
35.2853 2.20611 0.0324625 
14.2695 0.953976 0.0140939 
1.00625e-10 7.3576e-12 1.09304e-13 
0 0 0 
0 0 0 
12.2485 0.765804 0.0112686 
2.6055 0.174189 0.00257344 
1.00747e-10 7.36649e-12 1.09436e-13 
0 0 0 
4.9118e-11 3.07097e-12 4.51886e-14 
9.66983e-11 6.4647e-12 9.55086e-14 
0 0 0 
0 0 0 
0 0 0 
7.26314e-11 1.0567e-11 2.86561e-14 
2.54185e-10 4.07892e-11 1.12198e-13 
0 0 0 
1.22602e-09 1.22602e-09 5.32538e-11 
33.4772 4.52279 0.0121392 
183.211 26.6551 0.0722844 
1.52879 0.245325 0.000674811 
0 0 0 
0 0 0 
83.1251 11.2303 0.0301421 
161.783 23.5375 0.0638301 
1.06083e-10 1.70231e-11 4.68252e-14 
0 0 0 
4.41156e-11 5.96005e-12 1.59968e-14 
8.94672e-11 1.30165e-11 3.52986e-14 
0 0 0 
0 0 0 
0 0 0 
0.0478234 0.567521 0.00583507 
8.9306e-12 9.13995e-11 1.10015e-12 
0 0 0 
4.44992e-11 4.44993e-11 3.49568e-11 
0.526643 7.00679 0.063812 
6.94391 82.4036 0.847248 
0.0496658 0.508301 0.00611827 
0 0 0 
0 0 0 
18.5775 247.167 2.25099 
29.5856 351.093 3.60982 
0.0680591 0.696545 0.00838412 
0 0 0 
0.315052 4.19166 0.0381741 
0.976965 11.5937 0.119202 
0 0 0 
0 0 0 
0 0 0 
1.68579e-12 2.12983e-12 2.44898e-12 
2.22662e-12 2.80277e-12 3.21417e-12 
0 0 0 
0.0514583 0.0514583 0.0514583 
0.699905 0.886641 1.0215 
3.13742 3.96382 4.55781 
0.0189034 0.0237947 0.0272874 
0 0 0 
0 0 0 
1.69132 2.14257 2.46846 
0.985727 1.24537 1.43199 
2.20541e-12 2.77607e-12 3.18355e-12 
0 0 0 
1.23877e-12 1.56927e-12 1.80796e-12 
1.68579e-12 2.12983e-12 2.44898e-12 
0 0 0 
$escByGroup
 5e-07 5e-07 5.00051e-07 0.375717 5e-07 4.99977e-07 145.578 132.45 5.00039e-07 5e-07 5e-07 505.866 232.85 5.00038e-07 5e-07 5.00062e-07 5.001e-07 5e-07 5e-07 5e-07 5.00027e-07 5.00062e-07 5e-07 4.99969e-07 84.643 21.3936 5.00023e-07 5e-07 5e-07 29.382 3.90631 5.00023e-07 5e-07 5.00029e-07 5.00036e-07 5e-07 5e-07 5e-07 5.0002e-07 5.00037e-07 5e-07 4.9968e-07 61.285 198.403 0.89437 5e-07 5e-07 152.173 175.198 5.00016e-07 5e-07 5.0002e-07 5.00024e-07 5e-07 5e-07 5e-07 0.332362 5.00006e-07 5e-07 4.9998e-07 7.48836 48.2587 0.136869 5e-07 5e-07 264.154 205.613 0.187557 5e-07 4.47975 6.7897 5e-07 5e-07 5e-07 5.00005e-07 5.00004e-07 5e-07 9.71642e-12 13.4286 38.4792 0.144434 5e-07 5e-07 32.4502 12.0895 5.00004e-07 5e-07 5.00006e-07 5.00005e-07 5e-07
$catchByGroup
0 0 1.34811e-10 0.423035 0 8.29851e-11 59.883 88.0207 1.73888e-10 0 0 208.086 154.743 1.72095e-10 0 1.0271e-10 2.65673e-10 0 0 0 7.14931e-11 2.74255e-10 0 1.13533e-10 35.2853 14.2695 1.00625e-10 0 0 12.2485 2.6055 1.00747e-10 0 4.9118e-11 9.66983e-11 0 0 0 7.26314e-11 2.54185e-10 0 1.22602e-09 33.4772 183.211 1.52879 0 0 83.1251 161.783 1.06083e-10 0 4.41156e-11 8.94672e-11 0 0 0 0.0478234 8.9306e-12 0 4.44992e-11 0.526643 6.94391 0.0496658 0 0 18.5775 29.5856 0.0680591 0 0.315052 0.976965 0 0 0 1.68579e-12 2.22662e-12 0 0.0514583 0.699905 3.13742 0.0189034 0 0 1.69132 0.985727 2.20541e-12 0 1.23877e-12 1.68579e-12 0 
0 0 1.525e-11 0.0520292 0 8.29839e-11 6.36309 9.95704 2.13866e-11 0 0 22.1109 17.5047 2.11661e-11 0 1.09138e-11 3.00533e-11 0 0 0 4.77962e-12 2.00532e-11 0 1.13382e-10 2.20611 0.953976 7.3576e-12 0 0 0.765804 0.174189 7.36649e-12 0 3.07097e-12 6.4647e-12 0 0 0 1.0567e-11 4.07892e-11 0 1.22602e-09 4.52279 26.6551 0.245325 0 0 11.2303 23.5375 1.70231e-11 0 5.96005e-12 1.30165e-11 0 0 0 0.567521 9.13995e-11 0 4.44993e-11 7.00679 82.4036 0.508301 0 0 247.167 351.093 0.696545 0 4.19166 11.5937 0 0 0 2.12983e-12 2.80277e-12 0 0.0514583 0.886641 3.96382 0.0237947 0 0 2.14257 1.24537 2.77607e-12 0 1.56927e-12 2.12983e-12 0 
0 0 1.89251e-13 0.000651681 0 1.04418e-11 0.0784378 0.123566 2.67873e-13 0 0 0.272561 0.217232 2.65111e-13 0 1.34535e-13 3.72959e-13 0 0 0 7.06134e-14 2.97909e-13 0 1.04472e-11 0.0324625 0.0140939 1.09304e-13 0 0 0.0112686 0.00257344 1.09436e-13 0 4.51886e-14 9.55086e-14 0 0 0 2.86561e-14 1.12198e-13 0 5.32538e-11 0.0121392 0.0722844 0.000674811 0 0 0.0301421 0.0638301 4.68252e-14 0 1.59968e-14 3.52986e-14 0 0 0 0.00583507 1.10015e-12 0 3.49568e-11 0.063812 0.847248 0.00611827 0 0 2.25099 3.60982 0.00838412 0 0.0381741 0.119202 0 0 0 2.44898e-12 3.21417e-12 0 0.0514583 1.0215 4.55781 0.0272874 0 0 2.46846 1.43199 3.18355e-12 0 1.80796e-12 2.44898e-12 0 
$Fmort
 24.9322 16.632 1.51639
#ESTIMATED_PARAMETERS
$availability
1.42624 1.46371 1.76582 0.152597 0.191638 
0.196269 0.117312 0.300102 4.02018 0.366136 
0.0261408 0.0187644 0.00863236 0.299301 4.64716 
$selectivity
 3.39251 0.00933984 0.0135244 0.0193162 1.56531
$RunSize
 0 0 3.53108e-10 0.851433 0 8.29851e-11 211.903 230.551 3.49981e-10 0 0 736.335 405.315 3.46373e-10 0 3.63451e-10 6.95873e-10 0 0 0 1.83529e-10 5.4217e-10 0 1.13533e-10 122.167 36.6311 1.98924e-10 0 0 42.4076 6.68857 1.99164e-10 0 1.70059e-10 2.48234e-10 0 0 0 1.61881e-10 4.4379e-10 0 1.22602e-09 99.2972 408.341 2.66916 0 0 246.559 360.582 1.85213e-10 0 1.30852e-10 1.99405e-10 0 0 0 0.953542 1.26041e-10 0 4.44993e-11 15.0856 138.453 0.700954 0 0 532.149 589.901 0.960546 0 9.02463 19.4795 0 0 0 2.69401e-11 2.52563e-11 0 0.0514583 16.0366 50.1382 0.214419 0 0 38.7526 15.7526 2.50158e-11 0 2.83833e-11 2.69401e-11 0
