$ndistricts
3
$ngroups
90
$nstocks
5
$nagecomps
18
$AgeCompLabels
 0.1 0.2 0.3 0.4 0.5 1.1 1.2 1.3 1.4 1.5 2.1 2.2 2.3 2.4 3.1 3.2 3.3 3.4
$navailpar
15
$nselectpar
5
$GENdata
-1
$maxGradient
0.000115172
#LIKELIHOOD_VALUES_AND_PENALTIES
$totalNLL
-394513
$NLLcatch
-153548
$NLLescape
-255852
$NLLagecompCatch
7976.87
$NLLagecompEsc
6910.18
$NLLgenetics
0
$NLLselOne
5.60262e-18
$NLLavailOne
1.17179e-10
$NLLextra
0.00552358
#OBSERVED_AND_PREDICTED_VALUES
$predEsc
 22479.3 810.625 2643.71 1079.21 3336.93
$obsEsc
 22505.3 803.716 2644.7 1060.86 3335.28
$predCatch
 15120.5 2623.07 885.875
$obsCatch
 15120.5 2623.07 885.875
$RunSize
 0 1.35374e-08 18.0133 0 0 35.263 5244.06 1057.59 5.9e-10 0 33.1007 28668.8 542.122 0 3.34424e-10 11.824 1.54977e-10 0 0 7.60914 1.90323e-10 0 0 1.63134e-10 785.613 353.451 3.58313 0 1.57696e-10 118.25 49.8924 0 2.12074e-10 1.41382e-10 1.30507e-10 0 0 8.15668e-11 7.06912e-11 0 0 4.28575 999.946 1698.98 1.33498e-09 0 4.16748 1519.67 900.037 0 4.35023e-11 6.68684 5.70968e-11 0 0 2.447e-11 1.88622 0 0 2.62393 224.43 70.6402 4.07834e-11 0 49.8686 1411.33 424.871 0 0.381488 53.8189 11.2242 0 0 2.99078e-11 0.498521 0 0 0.767 2320.01 571.406 0.323044 0 57.6489 1646.48 68.0588 0 4.35023e-11 4.62212e-11 2.99078e-11 0
$SSageCompEsc
 2338 88.5 1542 1169 1761
$obsAgeCompEsc
0 0 0.000616973 0 0 0.00158445 0.131796 0.0240473 0 0 0.00161651 0.823259 0.0164232 0 0 0.00065712 0 0 
0 0 0 0 0 0 0.601116 0.250188 0 0 0 0.102692 0.0460043 0 0 0 0 0 
0 0 0 0 0 0.00145006 0.206695 0.296517 0 0 0.00144887 0.322874 0.169297 0 0 0.00171811 0 0 
0 0 0 0 0 0.0016323 0.110062 0.0254621 0 0 0.0385972 0.667495 0.141909 0 0 0.0141513 0.000691449 0 
0 0 0 0 0 0.000243941 0.44604 0.132072 0 0 0.0168311 0.394752 0.0100615 0 0 0 0 0 
$predAgeCompEsc
0 3.81907e-13 0.000447679 0 0 0.00141157 0.147942 0.0262841 -1.16329e-16 0 0.00132501 0.808783 0.0134732 0 1.33869e-14 0.000333571 3.85161e-15 0 
0 0.00599755 1.32778e-13 0 0 1.812e-13 0.619222 0.246583 0.000184724 0 1.7516e-13 0.0932051 0.0348071 0 2.3556e-13 1.11438e-13 9.10474e-14 0 
0 1.72228e-14 1.26143e-14 0 0 0.0014193 0.211138 0.303169 -5.84424e-14 0 0.00138013 0.320878 0.160604 0 1.44065e-14 0.00141192 1.01885e-14 0 
0 1.11615e-14 0.000695532 0 0 0.00207354 0.102369 0.0260481 -7.48754e-15 0 0.0394082 0.643748 0.156669 0 0.000301467 0.0245483 0.00413885 0 
0 6.47041e-15 9.78344e-05 0 0 0.000213812 0.501922 0.112138 -7.04279e-06 0 0.0160705 0.356209 0.0133565 0 1.21269e-14 9.99972e-15 5.86938e-15 0 
$SSageCompCatch
 3826 2065 1757
$obsAgeCompCatch
0 0.000352167 0.000232025 0 0 0 0.18597 0.0965562 0.000277603 0 0 0.678475 0.0381054 0 0 3.16586e-05 0 0 
0 0 0.00130182 0 0 0.000768962 0.149972 0.0868346 0 0 0.00399824 0.608679 0.127469 0 0.000194435 0.0162652 0.0045162 0 
0 0 0.000306373 0 0 0 0.520014 0.11857 0.000266142 0 0.00221243 0.328367 0.0296956 0 0 0.000567522 0 0 
$predAgeCompCatch
0 0.000172539 0.000489607 0 0 0.000251388 0.169385 0.0937234 0.00021167 0 0.000318614 0.689051 0.0457652 0 2.61875e-07 0.000590748 3.99212e-05 0 
0 5.0607e-05 0.00064677 0 0 0.000249222 0.166038 0.0824358 0.000141801 0 0.00293691 0.620646 0.115018 0 1.9475e-05 0.00953539 0.00228123 0 
0 6.50747e-06 0.00017812 0 0 5.6826e-05 0.458546 0.140153 0.000234153 0 0.0030192 0.372069 0.024797 0 1.23913e-06 0.000746724 0.000191967 0 
$genSS
 0 0 0
$obsGenComp     #GeneticFracData
-1 -1 -1 -1 -1 
-1 -1 -1 -1 -1 
-1 -1 -1 -1 -1 
$predGenComp     #catchGenComp_pred
0 0 0 0 0 
0 0 0 0 0 
0 0 0 0 0 
#PARAMETERS_OF_INTEREST
$catchByGroup
0 0 0 
4.54529e-09 3.92795e-10 1.42857e-11 
7.2682 0.657535 0.024003 
0 0 0 
0 0 0 
3.27644 0.246634 0.00887377 
1760.74 152.159 5.53394 
426.731 38.6052 1.40927 
5.10373e-10 7.92004e-11 3.0417e-12 
0 0 0 
3.07554 0.231511 0.00832965 
9625.79 831.841 30.2535 
218.742 19.789 0.722388 
0 0 0 
3.10728e-11 2.339e-12 8.41562e-14 
3.97001 0.34308 0.0124776 
6.25319e-11 5.6571e-12 2.0651e-13 
0 0 0 
0 0 0 
2.60887 0.132745 0.0057648 
7.83242e-11 4.1835e-12 1.8208e-13 
0 0 0 
0 0 0 
1.55361e-11 6.82935e-13 2.94689e-14 
269.355 13.7054 0.595192 
145.457 7.76924 0.338144 
3.12433 0.295787 0.0132697 
0 0 0 
1.50182e-11 6.60171e-13 2.84866e-14 
40.5432 2.06293 0.0895881 
20.5324 1.09669 0.0477317 
0 0 0 
2.01969e-11 8.87816e-13 3.83096e-14 
4.84743e-11 2.46649e-12 1.07114e-13 
5.3708e-11 2.86868e-12 1.24855e-13 
0 0 0 
0 0 0 
3.24155e-11 3.59088e-12 2.84345e-14 
3.34043e-11 3.90726e-12 3.11204e-14 
0 0 0 
0 0 0 
0.487434 0.0457482 0.000356176 
397.389 44.0215 0.348585 
802.832 93.9061 0.74794 
1.22314e-09 2.64065e-10 2.27668e-12 
0 0 0 
0.473982 0.0444857 0.000346346 
603.934 66.9019 0.529764 
425.303 49.747 0.396223 
0 0 0 
4.94767e-12 4.64364e-13 3.61534e-15 
2.65742 0.294381 0.00233106 
2.69804e-11 3.15586e-12 2.51357e-14 
0 0 0 
0 0 0 
1.048e-12 1.10824e-11 2.94035e-13 
0.101439 1.00558 0.0285782 
0 0 0 
0 0 0 
0.0272353 0.351366 0.00755025 
9.61183 101.644 2.69678 
3.79897 37.6595 1.07027 
7.86628e-12 3.86542e-11 2.34355e-12 
0 0 0 
0.517614 6.67781 0.143495 
60.4442 639.19 16.9588 
22.8492 226.506 6.43725 
0 0 0 
0.00395967 0.0510843 0.00109771 
2.30494 24.3745 0.646695 
0.603627 5.98381 0.170058 
0 0 0 
0 0 0 
1.59968e-12 1.5985e-12 5.11835e-12 
0.0334343 0.0334099 0.105211 
0 0 0 
0 0 0 
0.00998457 0.00997707 0.0335605 
124.09 123.999 397.04 
38.3225 38.2946 120.593 
0.0762178 0.0761676 0.19416 
0 0 0 
0.750456 0.749893 2.52246 
88.0654 88.0007 281.775 
4.5645 4.56117 14.3635 
0 0 0 
5.663e-13 5.65875e-13 1.90347e-12 
2.47223e-12 2.47041e-12 7.91017e-12 
2.00583e-12 2.00436e-12 6.3119e-12 
0 0 0 
$escByGroup
 5e-07 5.02156e-07 10.0635 5e-07 5e-07 31.731 3325.62 590.849 4.99999e-07 5e-07 29.7854 18180.9 302.868 5e-07 5.00075e-07 7.49843 5.00022e-07 5e-07 5e-07 4.86177 5.00027e-07 5e-07 5e-07 5.00037e-07 501.957 199.886 0.149742 5e-07 5.00035e-07 75.5544 28.2155 5e-07 5.00048e-07 5.00023e-07 5.00018e-07 5e-07 5e-07 5.00011e-07 5.00008e-07 5e-07 5e-07 3.75222 558.187 801.49 4.99961e-07 5e-07 3.64867 848.307 424.591 5e-07 5.0001e-07 3.73271 5.00007e-07 5e-07 5e-07 5.00003e-07 0.750625 5e-07 5e-07 2.23778 110.477 28.1114 4.99998e-07 5e-07 42.5297 694.74 169.079 5e-07 0.325346 26.4928 4.46669 5e-07 5e-07 5.00005e-07 0.326467 5e-07 5e-07 0.713477 1674.88 374.197 4.25472e-11 5e-07 53.6261 1188.64 44.5696 5e-07 5.0001e-07 5.00008e-07 5.00005e-07 5e-07
$catchByGroup
0 4.54529e-09 7.2682 0 0 3.27644 1760.74 426.731 5.10373e-10 0 3.07554 9625.79 218.742 0 3.10728e-11 3.97001 6.25319e-11 0 0 2.60887 7.83242e-11 0 0 1.55361e-11 269.355 145.457 3.12433 0 1.50182e-11 40.5432 20.5324 0 2.01969e-11 4.84743e-11 5.3708e-11 0 0 3.24155e-11 3.34043e-11 0 0 0.487434 397.389 802.832 1.22314e-09 0 0.473982 603.934 425.303 0 4.94767e-12 2.65742 2.69804e-11 0 0 1.048e-12 0.101439 0 0 0.0272353 9.61183 3.79897 7.86628e-12 0 0.517614 60.4442 22.8492 0 0.00395967 2.30494 0.603627 0 0 1.59968e-12 0.0334343 0 0 0.00998457 124.09 38.3225 0.0762178 0 0.750456 88.0654 4.5645 0 5.663e-13 2.47223e-12 2.00583e-12 0 
0 3.92795e-10 0.657535 0 0 0.246634 152.159 38.6052 7.92004e-11 0 0.231511 831.841 19.789 0 2.339e-12 0.34308 5.6571e-12 0 0 0.132745 4.1835e-12 0 0 6.82935e-13 13.7054 7.76924 0.295787 0 6.60171e-13 2.06293 1.09669 0 8.87816e-13 2.46649e-12 2.86868e-12 0 0 3.59088e-12 3.90726e-12 0 0 0.0457482 44.0215 93.9061 2.64065e-10 0 0.0444857 66.9019 49.747 0 4.64364e-13 0.294381 3.15586e-12 0 0 1.10824e-11 1.00558 0 0 0.351366 101.644 37.6595 3.86542e-11 0 6.67781 639.19 226.506 0 0.0510843 24.3745 5.98381 0 0 1.5985e-12 0.0334099 0 0 0.00997707 123.999 38.2946 0.0761676 0 0.749893 88.0007 4.56117 0 5.65875e-13 2.47041e-12 2.00436e-12 0 
0 1.42857e-11 0.024003 0 0 0.00887377 5.53394 1.40927 3.0417e-12 0 0.00832965 30.2535 0.722388 0 8.41562e-14 0.0124776 2.0651e-13 0 0 0.0057648 1.8208e-13 0 0 2.94689e-14 0.595192 0.338144 0.0132697 0 2.84866e-14 0.0895881 0.0477317 0 3.83096e-14 1.07114e-13 1.24855e-13 0 0 2.84345e-14 3.11204e-14 0 0 0.000356176 0.348585 0.74794 2.27668e-12 0 0.000346346 0.529764 0.396223 0 3.61534e-15 0.00233106 2.51357e-14 0 0 2.94035e-13 0.0285782 0 0 0.00755025 2.69678 1.07027 2.34355e-12 0 0.143495 16.9588 6.43725 0 0.00109771 0.646695 0.170058 0 0 5.11835e-12 0.105211 0 0 0.0335605 397.04 120.593 0.19416 0 2.52246 281.775 14.3635 0 1.90347e-12 7.91017e-12 6.3119e-12 0 
$Fmort
 0.59458 0.310971 0.0837222
#ESTIMATED_PARAMETERS
$availability
1.42624 1.46371 1.76582 0.152597 0.191638 
0.196269 0.117312 0.300102 4.02018 0.366136 
0.0261408 0.0187644 0.00863236 0.299301 4.64716 
$selectivity
 0.114997 0.482434 0.609263 2.36172 1.43159
$RunSize
 0 1.35374e-08 18.0133 0 0 35.263 5244.06 1057.59 5.9e-10 0 33.1007 28668.8 542.122 0 3.34424e-10 11.824 1.54977e-10 0 0 7.60914 1.90323e-10 0 0 1.63134e-10 785.613 353.451 3.58313 0 1.57696e-10 118.25 49.8924 0 2.12074e-10 1.41382e-10 1.30507e-10 0 0 8.15668e-11 7.06912e-11 0 0 4.28575 999.946 1698.98 1.33498e-09 0 4.16748 1519.67 900.037 0 4.35023e-11 6.68684 5.70968e-11 0 0 2.447e-11 1.88622 0 0 2.62393 224.43 70.6402 4.07834e-11 0 49.8686 1411.33 424.871 0 0.381488 53.8189 11.2242 0 0 2.99078e-11 0.498521 0 0 0.767 2320.01 571.406 0.323044 0 57.6489 1646.48 68.0588 0 4.35023e-11 4.62212e-11 2.99078e-11 0
