$ndistricts
3
$ngroups
90
$nstocks
5
$nagecomps
18
$AgeCompLabels
 0.1 0.2 0.3 0.4 0.5 1.1 1.2 1.3 1.4 1.5 2.1 2.2 2.3 2.4 3.1 3.2 3.3 3.4
$navailpar
15
$nselectpar
5
$GENdata
-1
$maxGradient
7.49969e-05
#LIKELIHOOD_VALUES_AND_PENALTIES
$totalNLL
-75788.2
$NLLcatch
-61163.9
$NLLescape
-30726.2
$NLLagecompCatch
8850.46
$NLLagecompEsc
7251.53
$NLLgenetics
0
$NLLselOne
3.66587e-15
$NLLavailOne
1.17179e-10
$NLLextra
5.19978e-10
#OBSERVED_AND_PREDICTED_VALUES
$predEsc
 1112.61 640.704 1172.5 1052.45 1179.93
$obsEsc
 1134.84 645.639 1155.55 1034.63 1185.55
$predCatch
 5005.8 2447.51 1139.19
$obsCatch
 5005.8 2447.51 1139.19
$RunSize
 0 1.7236 7.55575e-11 0 0 48.0587 1377.65 674.624 2.8789 0 13.5967 139.666 221.368 9.23481e-11 0 0 0 0 0 0 1.77827e-10 0 0 0 822.772 477.128 7.15125e-10 0 0 46.1585 112.831 1.01049e-09 0 0 0 0 0 0 9.84537e-11 0 0 8.04643 351.756 2028.58 18.6164 0 8.74715 95.1217 1317.13 3.31183 0 0 0 0 0 0 0.504824 0 0 2.57218 281.804 1674.99 3.38864e-10 0 6.08549 604.768 729.128 0.658048 0 0 0.98908 0 0 0 3.80935 0 0 20.6327 254.232 1850.39 5.74254 0 2.83924 188.277 352.572 0.935112 0 0 0 0
$SSageCompEsc
 1774 88.5 1377 1563 1230
$obsAgeCompEsc
0 0.00108393 0 0 0 0.0426532 0.567967 0.232927 0.0012516 0 0.0120674 0.0671726 0.0748765 0 0 0 0 0 
0 0 0 0 0 0 0.601116 0.250188 0 0 0 0.102692 0.0460043 0 0 0 0 0 
0 0 0 0 0 0.0069471 0.114354 0.508625 0.00648366 0 0.00755208 0.0401793 0.314618 0.00124078 0 0 0 0 
0 0 0 0 0 0.00247186 0.124902 0.514856 0 0 0.00584815 0.163541 0.186921 0.0005756 0 0 0.000884712 0 
0 0 0 0 0 0.0174065 0.115576 0.670372 0.00107853 0 0.00239529 0.0672063 0.125384 0.000581315 0 0 0 0 
$predAgeCompEsc
0 0.000712277 2.66166e-14 0 0 0.0431945 0.569314 0.23765 0.00121017 0 0.0122205 0.057717 0.0779812 3.88194e-14 0 0 0 0 
0 0 1.11062e-13 0 0 0 0.597992 0.297991 5.28316e-13 0 0 0.0335481 0.070469 7.46521e-13 0 0 0 0 
0 0 2.46851e-14 0 0 0.00686265 0.110039 0.508621 0.00596023 0 0.00746029 0.0297567 0.33024 0.00106032 0 0 0 0 
0 0 0.000141767 0 0 0.00244399 0.100437 0.470378 1.23749e-13 0 0.00578221 0.215543 0.204756 0.000240312 0 0 0.000277757 0 
0 0 0.00136338 0 0 0.0174864 0.107675 0.662262 0.00247464 0 0.00240629 0.0797412 0.126187 0.000402969 0 0 0 0 
$SSageCompCatch
 3360 3676 481
$obsAgeCompCatch
0 0 0 0 0 0 0.272434 0.466153 0.00205426 0 0 0.0243491 0.234596 0.000414283 0 0 0 0 
0 0 0.000369604 0 0 0 0.0861532 0.50889 0.000860949 0 0 0.167028 0.236698 0 0 0 0 0 
0 0 0.00490196 0 0 0 0.0719988 0.668818 0.00490196 0 0 0.112911 0.136469 0 0 0 0 0 
$predAgeCompCatch
0 0.00017286 8.86292e-05 0 0 1.37581e-11 0.271385 0.457448 0.00250761 0 5.73566e-12 0.041755 0.226222 0.000403216 0 0 1.67428e-05 0 
0 2.52136e-05 0.000241967 0 0 3.65137e-12 0.1026 0.530676 0.000596735 0 3.78099e-12 0.139618 0.225768 0.000236037 0 0 0.000237569 0 
0 3.59787e-06 0.00133463 0 0 1.26702e-11 0.0880155 0.692434 0.00172932 0 1.99751e-12 0.0717348 0.144425 0.000296053 0 0 2.76421e-05 0 
$genSS
 0 0 0
$obsGenComp     #GeneticFracData
-1 -1 -1 -1 -1 
-1 -1 -1 -1 -1 
-1 -1 -1 -1 -1 
$predGenComp     #catchGenComp_pred
0 0 0 0 0 
0 0 0 0 0 
0 0 0 0 0 
#PARAMETERS_OF_INTEREST
$catchByGroup
0 0 0 
0.865304 0.0617107 0.00409867 
4.25303e-11 3.20008e-12 2.13215e-13 
0 0 0 
0 0 0 
5.41983e-08 2.83421e-09 1.8507e-10 
691.627 49.3246 3.27602 
379.737 28.5723 1.90371 
1.42474 0.101006 0.00670623 
0 0 0 
1.53337e-08 8.0185e-10 5.23597e-11 
70.1171 5.00052 0.332122 
124.605 9.37557 0.624674 
4.5702e-11 3.24002e-12 2.1512e-13 
0 0 0 
0 0 0 
0 0 0 
0 0 0 
0 0 0 
0 0 0 
1.01768e-10 4.54078e-12 3.60352e-13 
0 0 0 
0 0 0 
0 0 0 
420.495 17.7363 1.40491 
273.054 12.1834 0.966861 
3.60331e-10 1.51042e-11 1.19617e-12 
0 0 0 
0 0 0 
23.5903 0.995029 0.0788172 
64.5719 2.88113 0.228644 
5.09155e-10 2.13425e-11 1.69022e-12 
0 0 0 
0 0 0 
0 0 0 
0 0 0 
0 0 0 
0 0 0 
6.31149e-11 6.30387e-12 9.18319e-14 
0 0 0 
0 0 0 
1.1235e-08 7.25573e-10 1.02322e-11 
203.386 19.0734 0.276443 
1300.44 129.887 1.89214 
10.6243 0.989376 0.0143317 
0 0 0 
1.22134e-08 7.8876e-10 1.11233e-11 
54.9996 5.15782 0.0747556 
844.359 84.3341 1.22854 
1.89005 0.176009 0.00254959 
0 0 0 
0 0 0 
0 0 0 
0 0 0 
0 0 0 
0 0 0 
0.042777 0.296772 0.0160722 
0 0 0 
0 0 0 
3.10363e-10 3.1071e-09 1.13412e-10 
20.257 148.264 7.57801 
141.933 984.683 53.3273 
2.3879e-11 1.75816e-10 8.92872e-12 
0 0 0 
7.34286e-10 7.35106e-09 2.68319e-10 
43.4727 318.184 16.2628 
61.7838 428.634 23.2135 
0.0463712 0.341421 0.0173389 
0 0 0 
0 0 0 
0.0838112 0.581453 0.0314897 
0 0 0 
0 0 0 
0 0 0 
0.400883 0.295445 1.50433 
0 0 0 
0 0 0 
3.1265e-09 2.2699e-09 1.41251e-08 
22.7356 16.7168 87.7312 
194.729 143.512 730.725 
0.503529 0.370135 1.94899 
0 0 0 
4.30235e-10 3.12359e-10 1.94374e-09 
16.8374 12.38 64.9712 
37.1036 27.3447 139.232 
0.0819944 0.0602727 0.317372 
0 0 0 
0 0 0 
0 0 0 
0 0 0 
$escByGroup
 5e-07 0.792486 5.00007e-07 5e-07 5e-07 48.0587 633.425 264.412 1.34645 5e-07 13.5967 64.2165 86.7627 5.00011e-07 5e-07 5e-07 5e-07 5e-07 5e-07 5e-07 5.00018e-07 5e-07 5e-07 5e-07 383.136 190.924 5.00085e-07 5e-07 5e-07 21.4944 45.1497 5.0012e-07 5e-07 5e-07 5e-07 5e-07 5e-07 5e-07 5.00007e-07 5e-07 5e-07 8.04643 129.02 596.356 6.98834 5e-07 8.74715 34.8895 387.205 1.24322 5e-07 5e-07 5e-07 5e-07 5e-07 5e-07 0.149202 5e-07 5e-07 2.57218 105.705 495.05 5.00033e-07 5e-07 6.08549 226.849 215.496 0.252917 5e-07 5e-07 0.292326 5e-07 5e-07 5e-07 1.60869 5e-07 5e-07 20.6327 127.049 781.42 2.91989 5e-07 2.83924 94.0887 148.892 0.475473 5e-07 5e-07 5e-07 5e-07
$catchByGroup
0 0.865304 4.25303e-11 0 0 5.41983e-08 691.627 379.737 1.42474 0 1.53337e-08 70.1171 124.605 4.5702e-11 0 0 0 0 0 0 1.01768e-10 0 0 0 420.495 273.054 3.60331e-10 0 0 23.5903 64.5719 5.09155e-10 0 0 0 0 0 0 6.31149e-11 0 0 1.1235e-08 203.386 1300.44 10.6243 0 1.22134e-08 54.9996 844.359 1.89005 0 0 0 0 0 0 0.042777 0 0 3.10363e-10 20.257 141.933 2.3879e-11 0 7.34286e-10 43.4727 61.7838 0.0463712 0 0 0.0838112 0 0 0 0.400883 0 0 3.1265e-09 22.7356 194.729 0.503529 0 4.30235e-10 16.8374 37.1036 0.0819944 0 0 0 0 
0 0.0617107 3.20008e-12 0 0 2.83421e-09 49.3246 28.5723 0.101006 0 8.0185e-10 5.00052 9.37557 3.24002e-12 0 0 0 0 0 0 4.54078e-12 0 0 0 17.7363 12.1834 1.51042e-11 0 0 0.995029 2.88113 2.13425e-11 0 0 0 0 0 0 6.30387e-12 0 0 7.25573e-10 19.0734 129.887 0.989376 0 7.8876e-10 5.15782 84.3341 0.176009 0 0 0 0 0 0 0.296772 0 0 3.1071e-09 148.264 984.683 1.75816e-10 0 7.35106e-09 318.184 428.634 0.341421 0 0 0.581453 0 0 0 0.295445 0 0 2.2699e-09 16.7168 143.512 0.370135 0 3.12359e-10 12.38 27.3447 0.0602727 0 0 0 0 
0 0.00409867 2.13215e-13 0 0 1.8507e-10 3.27602 1.90371 0.00670623 0 5.23597e-11 0.332122 0.624674 2.1512e-13 0 0 0 0 0 0 3.60352e-13 0 0 0 1.40491 0.966861 1.19617e-12 0 0 0.0788172 0.228644 1.69022e-12 0 0 0 0 0 0 9.18319e-14 0 0 1.02322e-11 0.276443 1.89214 0.0143317 0 1.11233e-11 0.0747556 1.22854 0.00254959 0 0 0 0 0 0 0.0160722 0 0 1.13412e-10 7.57801 53.3273 8.92872e-12 0 2.68319e-10 16.2628 23.2135 0.0173389 0 0 0.0314897 0 0 0 1.50433 0 0 1.41251e-08 87.7312 730.725 1.94899 0 1.94374e-09 64.9712 139.232 0.317372 0 0 0 0 
$Fmort
 0.725515 0.275698 0.135168
#ESTIMATED_PARAMETERS
$availability
1.42624 1.46371 1.76582 0.152597 0.191638 
0.196269 0.117312 0.300102 4.02018 0.366136 
0.0261408 0.0187644 0.00863236 0.299301 4.64716 
$selectivity
 1.08987e-09 0.673803 0.799765 0.660037 2.8664
$RunSize
 0 1.7236 7.55575e-11 0 0 48.0587 1377.65 674.624 2.8789 0 13.5967 139.666 221.368 9.23481e-11 0 0 0 0 0 0 1.77827e-10 0 0 0 822.772 477.128 7.15125e-10 0 0 46.1585 112.831 1.01049e-09 0 0 0 0 0 0 9.84537e-11 0 0 8.04643 351.756 2028.58 18.6164 0 8.74715 95.1217 1317.13 3.31183 0 0 0 0 0 0 0.504824 0 0 2.57218 281.804 1674.99 3.38864e-10 0 6.08549 604.768 729.128 0.658048 0 0 0.98908 0 0 0 3.80935 0 0 20.6327 254.232 1850.39 5.74254 0 2.83924 188.277 352.572 0.935112 0 0 0 0
