$ndistricts
3
$ngroups
90
$nstocks
5
$nagecomps
18
$AgeCompLabels
 0.1 0.2 0.3 0.4 0.5 1.1 1.2 1.3 1.4 1.5 2.1 2.2 2.3 2.4 3.1 3.2 3.3 3.4
$navailpar
15
$nselectpar
5
$GENdata
-1
$maxGradient
0.000214425
#LIKELIHOOD_VALUES_AND_PENALTIES
$totalNLL
-78272.1
$NLLcatch
-50576.1
$NLLescape
-60718.4
$NLLagecompCatch
25883
$NLLagecompEsc
7139.47
$NLLgenetics
0
$NLLselOne
2.45361e-16
$NLLavailOne
1.17179e-10
$NLLextra
0.00710217
#OBSERVED_AND_PREDICTED_VALUES
$predEsc
 1627.54 3643.12 1834.67 1281.43 734.15
$obsEsc
 1686.8 3676.15 1831.17 1152.12 790.202
$predCatch
 3348.45 2291.5 1748.93
$obsCatch
 3348.45 2291.5 1748.93
$RunSize
 0 0 0 0 0 1.91724e-10 1085.19 455.125 1.26593e-10 3.85283e-11 48.4352 468.248 202.633 4.53166e-10 0 1.28428e-10 6.51312e-11 0 0 0 0 0 0 2.21223 740.795 2749.45 31.0723 4.3115e-11 2.48599e-10 423.014 1424.61 0.0158212 0 2.04567e-10 6.97179e-11 0 0 0 0 0 0 2.91126 428.94 1155.47 7.00439 3.11896e-11 6.44683 367.137 1075.12 3.28544 0 8.43953e-11 4.95364e-11 0 0 0 0 0 0 0.618001 134.667 50.419 3.85283e-10 2.84375e-11 181.246 609.022 2072.58 3.92054 0.0769493 305.946 8.5612 0 0 0 0 0 0 2.31155 1017.08 285.883 13.8069 0.128545 21.6368 675.469 446.88 0.300248 0 1.9716 0.156974 0
$SSageCompEsc
 754 719 1403 1361 1338
$obsAgeCompEsc
0 0 0 0 0 0 0.556576 0.193287 0 0 0.0293028 0.165296 0.0555391 0 0 0 0 0 
0 0 0 0 0 0.000517204 0.211433 0.61498 0.0130887 0 0 0.0552419 0.104739 0 0 0 0 0 
0 0 0 0 0 0.00145949 0.18735 0.409048 0.00300446 0 0.00358951 0.121373 0.273593 0.000582612 0 0 0 0 
0 0 0 0 0 0.000409714 0.0792896 0.0234694 0 0 0.133921 0.155794 0.538665 0.000199072 7.45655e-05 0.0654868 0.00268997 0 
0 0 0 0 0 0.00227804 0.678804 0.0845323 0.000724781 0 0.0261921 0.141641 0.0658274 0 0 0 0 0 
$predAgeCompEsc
0 0 0 0 0 1.12271e-13 0.496449 0.180577 4.60599e-14 7.84155e-15 0.0283631 0.214213 0.0803975 1.64881e-13 0 5.87528e-14 2.58417e-14 0 
0 0 0 0 0 0.000579449 0.15302 0.496556 0.00517702 4.29208e-15 6.51155e-14 0.0873786 0.257286 2.63601e-06 0 4.22558e-14 1.25912e-14 0 
0 0 0 0 0 0.00149384 0.160722 0.359531 0.0019422 3.69699e-15 0.00330802 0.137565 0.334528 0.000911 0 3.16226e-14 1.54135e-14 0 
0 0 0 0 0 0.000428614 0.0486682 0.0116806 6.47003e-14 -2.48708e-15 0.125703 0.220098 0.480159 0.000658375 5.33681e-05 0.110568 0.00198339 0 
0 0 0 0 0 0.00268937 0.479902 0.0666608 0.00169204 -3.6299e-05 0.0251733 0.318714 0.104201 3.67953e-05 0 0.000930283 3.66024e-05 0 
$SSageCompCatch
 7313 5619 6440
$obsAgeCompCatch
0 0 0 0 0 8.23783e-05 0.148505 0.410104 0.00329201 0 0.000419354 0.107935 0.327566 0.000526202 0 0.00157031 0 0 
0 0 0 0 0 7.30611e-05 0.063537 0.0772137 0.00128944 0 0.00943491 0.177631 0.593864 0.00136812 0 0.0734217 0.00216756 0 
0 0 0 0 0 0.000235817 0.295992 0.124879 0.00633453 7.63367e-05 0.0018969 0.272973 0.284154 0.000347131 0 0.0126139 0.000498118 0 
$predAgeCompCatch
0 0 0 0 0 7.66485e-05 0.167011 0.426958 0.00440768 4.00897e-06 0.000971667 0.10021 0.297364 0.000464577 1.03048e-07 0.00243203 9.98096e-05 0 
0 0 0 0 0 4.83973e-05 0.0790643 0.0943866 0.00119339 9.38763e-06 0.00794972 0.154208 0.598482 0.00123521 3.28361e-06 0.0612108 0.00220856 0 
0 0 0 0 0 0.000177336 0.338064 0.128066 0.00613175 6.8761e-05 0.00257439 0.239341 0.27501 0.00033408 3.95764e-07 0.00980123 0.000431465 0 
$genSS
 0 0 0
$obsGenComp     #GeneticFracData
-1 -1 -1 -1 -1 
-1 -1 -1 -1 -1 
-1 -1 -1 -1 -1 
$predGenComp     #catchGenComp_pred
0 0 0 0 0 
0 0 0 0 0 
0 0 0 0 0 
#PARAMETERS_OF_INTEREST
$catchByGroup
0 0 0 
0 0 0 
0 0 0 
0 0 0 
0 0 0 
7.88653e-12 9.60755e-13 1.51245e-13 
240.131 31.9798 5.08725 
138.759 19.3713 3.09909 
4.42608e-11 6.34889e-12 1.0191e-12 
2.15736e-11 3.60269e-12 5.89622e-13 
1.99237 0.242715 0.0382089 
103.615 13.799 2.1951 
61.779 8.62458 1.37979 
1.58441e-10 2.27272e-11 3.64809e-12 
0 0 0 
2.84186e-11 3.78469e-12 6.02057e-13 
1.98572e-11 2.77215e-12 4.43498e-13 
0 0 0 
0 0 0 
0 0 0 
0 0 0 
0 0 0 
0 0 0 
0.0933391 0.00663278 0.00125285 
167.702 13.1269 2.49449 
856.428 70.5572 13.4519 
11.0909 0.941057 0.17976 
2.45466e-11 2.45714e-12 4.74659e-13 
1.0489e-11 7.45357e-13 1.40789e-13 
95.7623 7.49582 1.42442 
443.751 36.5586 6.97 
0.00564722 0.000479162 9.1529e-05 
0 0 0 
4.631e-11 3.62493e-12 6.88841e-13 
2.17164e-11 1.78912e-12 3.41101e-13 
0 0 0 
0 0 0 
0 0 0 
0 0 0 
0 0 0 
0 0 0 
0.147534 0.0222771 0.000758597 
114.227 19.1766 0.665075 
418.904 74.3456 2.60416 
2.89248 0.529944 0.0186709 
1.9901e-11 4.3474e-12 1.58436e-13 
0.326706 0.0493315 0.00167987 
97.7686 16.4136 0.569248 
389.772 69.1753 2.42306 
1.35673 0.248573 0.00875765 
0 0 0 
2.24745e-11 3.77306e-12 1.30855e-13 
1.79589e-11 3.18727e-12 1.11643e-13 
0 0 0 
0 0 0 
0 0 0 
0 0 0 
0 0 0 
0 0 0 
0.0027712 0.0604306 0.00555896 
3.55584 61.6927 7.05377 
1.92414 29.7329 3.79397 
1.73326e-11 2.50985e-10 3.40558e-11 
2.39099e-12 2.46306e-11 4.60302e-12 
0.812729 17.7229 1.63032 
16.081 279 31.9001 
79.0962 1222.24 155.96 
0.176372 2.55397 0.346543 
0.000345051 0.00752441 0.000692164 
8.0784 140.158 16.0252 
0.326722 5.04868 0.64422 
0 0 0 
0 0 0 
0 0 0 
0 0 0 
0 0 0 
0 0 0 
0.0130097 0.0215619 0.302579 
33.6117 55.1998 575.95 
13.6339 22.2802 201.03 
0.775497 1.26365 10.5256 
0.0134239 0.0215118 0.120258 
0.121775 0.201827 2.83224 
22.3224 36.6595 382.503 
21.3119 34.8273 314.241 
0.0168641 0.0274795 0.228891 
0 0 0 
0.0651559 0.107004 1.11647 
0.00748617 0.0122337 0.110383 
0 0 0 
$escByGroup
 5e-07 5e-07 5e-07 5e-07 5e-07 5.00046e-07 807.988 293.896 5.00019e-07 5.00003e-07 46.1619 348.64 130.85 5.00067e-07 5e-07 5.00024e-07 5.00011e-07 5e-07 5e-07 5e-07 5e-07 5e-07 5e-07 2.11101 557.471 1809.02 18.8605 5.00004e-07 5.00059e-07 318.331 937.326 0.0096033 5e-07 5.00038e-07 5.00011e-07 5e-07 5e-07 5e-07 5e-07 5e-07 5e-07 2.7407 294.872 659.62 3.5633 5.00002e-07 6.06911 252.385 613.747 1.67138 5e-07 5.00015e-07 5.00007e-07 5e-07 5e-07 5e-07 5e-07 5e-07 5e-07 0.54924 62.365 14.968 5.00021e-07 4.99999e-07 161.08 282.041 615.291 0.843662 0.0683877 141.685 2.54158 5e-07 5e-07 5e-07 5e-07 5e-07 5e-07 1.9744 352.32 48.939 1.24221 3.75222e-11 18.481 233.984 76.4991 0.0270132 5e-07 0.682967 0.0268716 5e-07
$catchByGroup
0 0 0 0 0 7.88653e-12 240.131 138.759 4.42608e-11 2.15736e-11 1.99237 103.615 61.779 1.58441e-10 0 2.84186e-11 1.98572e-11 0 0 0 0 0 0 0.0933391 167.702 856.428 11.0909 2.45466e-11 1.0489e-11 95.7623 443.751 0.00564722 0 4.631e-11 2.17164e-11 0 0 0 0 0 0 0.147534 114.227 418.904 2.89248 1.9901e-11 0.326706 97.7686 389.772 1.35673 0 2.24745e-11 1.79589e-11 0 0 0 0 0 0 0.0027712 3.55584 1.92414 1.73326e-11 2.39099e-12 0.812729 16.081 79.0962 0.176372 0.000345051 8.0784 0.326722 0 0 0 0 0 0 0.0130097 33.6117 13.6339 0.775497 0.0134239 0.121775 22.3224 21.3119 0.0168641 0 0.0651559 0.00748617 0 
0 0 0 0 0 9.60755e-13 31.9798 19.3713 6.34889e-12 3.60269e-12 0.242715 13.799 8.62458 2.27272e-11 0 3.78469e-12 2.77215e-12 0 0 0 0 0 0 0.00663278 13.1269 70.5572 0.941057 2.45714e-12 7.45357e-13 7.49582 36.5586 0.000479162 0 3.62493e-12 1.78912e-12 0 0 0 0 0 0 0.0222771 19.1766 74.3456 0.529944 4.3474e-12 0.0493315 16.4136 69.1753 0.248573 0 3.77306e-12 3.18727e-12 0 0 0 0 0 0 0.0604306 61.6927 29.7329 2.50985e-10 2.46306e-11 17.7229 279 1222.24 2.55397 0.00752441 140.158 5.04868 0 0 0 0 0 0 0.0215619 55.1998 22.2802 1.26365 0.0215118 0.201827 36.6595 34.8273 0.0274795 0 0.107004 0.0122337 0 
0 0 0 0 0 1.51245e-13 5.08725 3.09909 1.0191e-12 5.89622e-13 0.0382089 2.1951 1.37979 3.64809e-12 0 6.02057e-13 4.43498e-13 0 0 0 0 0 0 0.00125285 2.49449 13.4519 0.17976 4.74659e-13 1.40789e-13 1.42442 6.97 9.1529e-05 0 6.88841e-13 3.41101e-13 0 0 0 0 0 0 0.000758597 0.665075 2.60416 0.0186709 1.58436e-13 0.00167987 0.569248 2.42306 0.00875765 0 1.30855e-13 1.11643e-13 0 0 0 0 0 0 0.00555896 7.05377 3.79397 3.40558e-11 4.60302e-12 1.63032 31.9001 155.96 0.346543 0.000692164 16.0252 0.64422 0 0 0 0 0 0 0.302579 575.95 201.03 10.5256 0.120258 2.83224 382.503 314.241 0.228891 0 1.11647 0.110383 0 
$Fmort
 0.267395 0.232392 0.274096
#ESTIMATED_PARAMETERS
$availability
1.42624 1.46371 1.76582 0.152597 0.191638 
0.196269 0.117312 0.300102 4.02018 0.366136 
0.0261408 0.0187644 0.00863236 0.299301 4.64716 
$selectivity
 0.110142 0.655809 0.953597 1.12808 2.15237
$RunSize
 0 0 0 0 0 1.91724e-10 1085.19 455.125 1.26593e-10 3.85283e-11 48.4352 468.248 202.633 4.53166e-10 0 1.28428e-10 6.51312e-11 0 0 0 0 0 0 2.21223 740.795 2749.45 31.0723 4.3115e-11 2.48599e-10 423.014 1424.61 0.0158212 0 2.04567e-10 6.97179e-11 0 0 0 0 0 0 2.91126 428.94 1155.47 7.00439 3.11896e-11 6.44683 367.137 1075.12 3.28544 0 8.43953e-11 4.95364e-11 0 0 0 0 0 0 0.618001 134.667 50.419 3.85283e-10 2.84375e-11 181.246 609.022 2072.58 3.92054 0.0769493 305.946 8.5612 0 0 0 0 0 0 2.31155 1017.08 285.883 13.8069 0.128545 21.6368 675.469 446.88 0.300248 0 1.9716 0.156974 0
