$ndistricts
3
$ngroups
90
$nstocks
5
$nagecomps
18
$AgeCompLabels
 0.1 0.2 0.3 0.4 0.5 1.1 1.2 1.3 1.4 1.5 2.1 2.2 2.3 2.4 3.1 3.2 3.3 3.4
$navailpar
15
$nselectpar
5
$GENdata
-1
$maxGradient
3.1497e-05
#LIKELIHOOD_VALUES_AND_PENALTIES
$totalNLL
316.348
$NLLcatch
-1669.35
$NLLescape
-4498
$NLLagecompCatch
2904.73
$NLLagecompEsc
3578.97
$NLLgenetics
0
$NLLselOne
4.23734e-15
$NLLavailOne
1.17179e-10
$NLLextra
5.39905e-10
#OBSERVED_AND_PREDICTED_VALUES
$predEsc
 192.116 37.6079 378.899 314.101 75.5096
$obsEsc
 226.554 35.28 356.676 328.842 38.988
$predCatch
 168.249 221.337 3.92
$obsCatch
 168.249 221.337 3.92
$RunSize
 0 0 0.378774 0 0 0.367582 90.8721 23.015 0.0382154 0 3.65679 62.6166 65.2562 0.656767 0 1.32513e-10 1.53806e-10 0 0 0 0.263789 0 0 7.99365e-10 0.706937 37.2323 4.55598e-10 0 0 0.451526 6.95384 0 0 2.80268e-10 4.76739e-10 0 0 0 1.60225e-09 0 0 0.456985 29.1731 147.887 2.99034e-10 0 3.04232 58.9671 257.148 0.309482 0 2.08573e-10 3.24158e-10 0 0 0 2.16846e-10 0 0 2.91374e-10 5.79685 31.4987 2.68319e-10 0 2.22545 60.1847 413.158 0 0 0.477044 4.275 0 0 0 8.47161e-11 0 0 0.0819174 10.0766 14.7812 0.0879419 0 0.380315 27.3425 31.1951 0 0 0.727268 8.32608e-11 0
$SSageCompEsc
 1021 44 755 915 411
$obsAgeCompEsc
0 0 0.00121197 0 0 0.00171989 0.377259 0.0943068 0.00019497 0 0.0184473 0.241534 0.26195 0.0033762 0 0 0 0 
0 0 0 0 0 0 0.0212121 0.82684 0 0 0 0.0106061 0.141342 0 0 0 0 0 
0 0 0 0 0 0.00101317 0.0742971 0.305674 0 0 0.00848245 0.120558 0.488973 0.00100273 0 0 0 0 
0 0 0 0 0 0 0.014076 0.0677107 0 0 0.00706794 0.0951107 0.799987 0 0 0.00168554 0.0143617 0 
0 0 0 0 0 0 0.071586 0.159104 0 0 0.00561601 0.211598 0.551432 0 0 0.00066324 0 0 
$predAgeCompEsc
0 0 0.00161982 0 0 0.00189583 0.353309 0.0984231 0.000185456 0 0.0188601 0.243452 0.279067 0.00318723 0 5.15207e-13 6.5775e-13 0 
0 0 0.00579661 0 0 2.10651e-11 0.0141803 0.818159 1.13142e-11 0 0 0.00905705 0.152807 0 0 5.62183e-12 1.04761e-11 0 
0 0 3.28561e-12 0 0 0.00119208 0.0528095 0.30326 7.2178e-13 0 0.00793612 0.106743 0.527312 0.000746998 0 3.77561e-13 6.64724e-13 0 
0 0 4.29351e-13 0 0 9.07325e-13 0.00908811 0.0623669 7.21507e-13 0 0.00692993 0.0943555 0.818047 0 0 0.000747893 0.00846444 0 
0 0 1.02075e-12 0 0 0.00108012 0.115914 0.1781 0.00112628 0 0.00501463 0.314528 0.375871 0 0 0.00836596 1.00321e-12 0 
$SSageCompCatch
 1191 925 441.5
$obsAgeCompCatch
0 0 0.0011798 0 0 0.000269078 0.13063 0.238293 0 0 0 0.178024 0.451335 0 0 0 0.000269078 0 
0 0 0 0 0 0 0.0180901 0.0654143 0 0 0 0.144944 0.769476 0 0 0 0.0020751 0 
0 0 0 0 0 0.00115741 0.174839 0.163348 0.00139791 0 0 0.47507 0.167271 0 0 0.0169173 0 0 
$predAgeCompCatch
0 0 0.000604925 0 0 4.5505e-05 0.169729 0.229742 1.79027e-05 0 0.000371711 0.191333 0.407109 0.000368783 0 0.000218004 0.000459595 0 
0 0 5.1972e-05 0 0 5.68844e-06 0.0343052 0.07976 7.10614e-06 0 0.000252689 0.158731 0.718708 3.97729e-05 0 0.00122033 0.00691791 0 
0 0 2.30975e-05 0 0 2.92535e-05 0.114709 0.123998 0.000229228 0 0.000189645 0.330157 0.420782 1.11576e-05 0 0.00788392 0.0019883 0 
$genSS
 0 0 0
$obsGenComp     #GeneticFracData
-1 -1 -1 -1 -1 
-1 -1 -1 -1 -1 
-1 -1 -1 -1 -1 
$predGenComp     #catchGenComp_pred
0 0 0 0 0 
0 0 0 0 0 
0 0 0 0 0 
#PARAMETERS_OF_INTEREST
$catchByGroup
0 0 0 
0 0 0 
0.0594092 0.00811195 6.03646e-05 
0 0 0 
0 0 0 
0.00298162 0.000379698 2.7968e-06 
20.1321 2.84249 0.0212584 
3.60981 0.492896 0.00366786 
0.0022862 0.000297979 2.20227e-06 
0 0 0 
0.0296618 0.00377732 2.78231e-05 
13.8723 1.95865 0.0146483 
10.2352 1.39755 0.0103998 
0.0392905 0.00512105 3.78481e-05 
0 0 0 
2.93573e-11 4.145e-12 3.09996e-14 
2.41239e-11 3.29397e-12 2.45119e-14 
0 0 0 
0 0 0 
0 0 0 
0.0423689 0.00339139 3.01776e-05 
0 0 0 
0 0 0 
6.65362e-12 4.93639e-13 4.36585e-15 
0.160226 0.0133016 0.000118716 
5.98013 0.478675 0.0042594 
2.79493e-11 2.12668e-12 1.88467e-14 
0 0 0 
0 0 0 
0.102337 0.00849582 7.5825e-05 
1.1169 0.0894016 0.000795523 
0 0 0 
0 0 0 
6.35222e-11 5.27346e-12 4.70656e-14 
7.65721e-11 6.12916e-12 5.45392e-14 
0 0 0 
0 0 0 
0 0 0 
3.05084e-10 5.21697e-11 8.43272e-14 
0 0 0 
0 0 0 
0.00458495 0.000721582 1.14821e-06 
7.77773 1.3837 0.00225386 
28.1591 4.81524 0.00778336 
2.19887e-11 3.55786e-12 5.6908e-15 
0 0 0 
0.0305238 0.00480385 7.64406e-06 
15.721 2.79685 0.00455569 
48.9634 8.37279 0.0135338 
0.022757 0.00368216 5.88963e-06 
0 0 0 
5.56068e-11 9.89278e-12 1.6114e-14 
6.17228e-11 1.05546e-11 1.70606e-14 
0 0 0 
0 0 0 
0 0 0 
3.92231e-12 7.76683e-11 3.9535e-13 
0 0 0 
0 0 0 
2.53795e-13 6.10331e-12 2.53823e-14 
0.153267 2.77349 0.0155078 
0.569749 11.282 0.0574279 
1.76513e-12 3.97502e-11 1.76988e-13 
0 0 0 
0.00193842 0.0466157 0.000193864 
1.59127 28.7952 0.161007 
7.47322 147.982 0.753264 
0 0 0 
0 0 0 
0.0126129 0.228241 0.0012762 
0.0773263 1.53119 0.00779412 
0 0 0 
0 0 0 
0 0 0 
1.91991e-12 3.35316e-12 2.36665e-12 
0 0 0 
0 0 0 
8.95969e-05 0.000157782 0.000110729 
0.333444 0.580024 0.410519 
0.334985 0.585058 0.412932 
0.000725921 0.00127487 0.000896372 
0 0 0 
0.000415969 0.00073253 0.000514076 
0.90479 1.57388 1.11393 
0.706969 1.23474 0.871473 
0 0 0 
0 0 0 
0.024066 0.0418627 0.0296288 
1.88693e-12 3.29556e-12 2.32599e-12 
0 0 0 
$escByGroup
 5e-07 5e-07 0.311193 5e-07 5e-07 0.364218 67.8763 18.9086 0.035629 5e-07 3.62332 46.771 53.6131 0.612318 5e-07 5.00025e-07 5.00032e-07 5e-07 5e-07 5e-07 0.217998 5e-07 5e-07 5.00198e-07 0.533291 30.7693 5.00106e-07 5e-07 5e-07 0.340617 5.74674 5e-07 5e-07 5.00053e-07 5.00099e-07 5e-07 5e-07 5e-07 5.00311e-07 5e-07 5e-07 0.451677 20.0095 114.905 5.00068e-07 5e-07 3.00699 40.4447 199.798 0.283037 5e-07 5.00036e-07 5.00063e-07 5e-07 5e-07 5e-07 5.00034e-07 5e-07 5e-07 5.00071e-07 2.85459 19.5895 5.00057e-07 5e-07 2.1767 29.6372 256.95 5e-07 5e-07 0.234914 2.65869 5e-07 5e-07 5e-07 5.00019e-07 5e-07 5e-07 0.0815593 8.75261 13.4483 0.0850447 5e-07 0.378653 23.7499 28.3819 5e-07 5e-07 0.631711 5.00019e-07 5e-07
$catchByGroup
0 0 0.0594092 0 0 0.00298162 20.1321 3.60981 0.0022862 0 0.0296618 13.8723 10.2352 0.0392905 0 2.93573e-11 2.41239e-11 0 0 0 0.0423689 0 0 6.65362e-12 0.160226 5.98013 2.79493e-11 0 0 0.102337 1.1169 0 0 6.35222e-11 7.65721e-11 0 0 0 3.05084e-10 0 0 0.00458495 7.77773 28.1591 2.19887e-11 0 0.0305238 15.721 48.9634 0.022757 0 5.56068e-11 6.17228e-11 0 0 0 3.92231e-12 0 0 2.53795e-13 0.153267 0.569749 1.76513e-12 0 0.00193842 1.59127 7.47322 0 0 0.0126129 0.0773263 0 0 0 1.91991e-12 0 0 8.95969e-05 0.333444 0.334985 0.000725921 0 0.000415969 0.90479 0.706969 0 0 0.024066 1.88693e-12 0 
0 0 0.00811195 0 0 0.000379698 2.84249 0.492896 0.000297979 0 0.00377732 1.95865 1.39755 0.00512105 0 4.145e-12 3.29397e-12 0 0 0 0.00339139 0 0 4.93639e-13 0.0133016 0.478675 2.12668e-12 0 0 0.00849582 0.0894016 0 0 5.27346e-12 6.12916e-12 0 0 0 5.21697e-11 0 0 0.000721582 1.3837 4.81524 3.55786e-12 0 0.00480385 2.79685 8.37279 0.00368216 0 9.89278e-12 1.05546e-11 0 0 0 7.76683e-11 0 0 6.10331e-12 2.77349 11.282 3.97502e-11 0 0.0466157 28.7952 147.982 0 0 0.228241 1.53119 0 0 0 3.35316e-12 0 0 0.000157782 0.580024 0.585058 0.00127487 0 0.00073253 1.57388 1.23474 0 0 0.0418627 3.29556e-12 0 
0 0 6.03646e-05 0 0 2.7968e-06 0.0212584 0.00366786 2.20227e-06 0 2.78231e-05 0.0146483 0.0103998 3.78481e-05 0 3.09996e-14 2.45119e-14 0 0 0 3.01776e-05 0 0 4.36585e-15 0.000118716 0.0042594 1.88467e-14 0 0 7.5825e-05 0.000795523 0 0 4.70656e-14 5.45392e-14 0 0 0 8.43272e-14 0 0 1.14821e-06 0.00225386 0.00778336 5.6908e-15 0 7.64406e-06 0.00455569 0.0135338 5.88963e-06 0 1.6114e-14 1.70606e-14 0 0 0 3.9535e-13 0 0 2.53823e-14 0.0155078 0.0574279 1.76988e-13 0 0.000193864 0.161007 0.753264 0 0 0.0012762 0.00779412 0 0 0 2.36665e-12 0 0 0.000110729 0.410519 0.412932 0.000896372 0 0.000514076 1.11393 0.871473 0 0 0.0296288 2.32599e-12 0 
$Fmort
 0.15184 0.140013 0.00773931
#ESTIMATED_PARAMETERS
$availability
1.42624 1.46371 1.76582 0.152597 0.191638 
0.196269 0.117312 0.300102 4.02018 0.366136 
0.0261408 0.0187644 0.00863236 0.299301 4.64716 
$selectivity
 0.0376087 1.15646 0.787801 0.284856 2.73328
$RunSize
 0 0 0.378774 0 0 0.367582 90.8721 23.015 0.0382154 0 3.65679 62.6166 65.2562 0.656767 0 1.32513e-10 1.53806e-10 0 0 0 0.263789 0 0 7.99365e-10 0.706937 37.2323 4.55598e-10 0 0 0.451526 6.95384 0 0 2.80268e-10 4.76739e-10 0 0 0 1.60225e-09 0 0 0.456985 29.1731 147.887 2.99034e-10 0 3.04232 58.9671 257.148 0.309482 0 2.08573e-10 3.24158e-10 0 0 0 2.16846e-10 0 0 2.91374e-10 5.79685 31.4987 2.68319e-10 0 2.22545 60.1847 413.158 0 0 0.477044 4.275 0 0 0 8.47161e-11 0 0 0.0819174 10.0766 14.7812 0.0879419 0 0.380315 27.3425 31.1951 0 0 0.727268 8.32608e-11 0
