$ndistricts
3
$ngroups
90
$nstocks
5
$nagecomps
18
$AgeCompLabels
 0.1 0.2 0.3 0.4 0.5 1.1 1.2 1.3 1.4 1.5 2.1 2.2 2.3 2.4 3.1 3.2 3.3 3.4
$navailpar
15
$nselectpar
5
$GENdata
-1
$maxGradient
0.000569187
#LIKELIHOOD_VALUES_AND_PENALTIES
$totalNLL
-113892
$NLLcatch
-40512.2
$NLLescape
-83120
$NLLagecompCatch
5730.08
$NLLagecompEsc
4010.42
$NLLgenetics
0
$NLLselOne
6.66256e-15
$NLLavailOne
1.17179e-10
$NLLextra
5.39967e-10
#OBSERVED_AND_PREDICTED_VALUES
$predEsc
 8254.47 180.724 1328.21 1169.17 171.401
$obsEsc
 8394.2 182.49 1331.2 1015.55 160.38
$predCatch
 4655.07 889.322 169.845
$obsCatch
 4655.07 889.322 169.845
$RunSize
 0 4.43748 0 0 0 2.69182 8786.04 230.848 6.29424e-10 0 449.46 2291.58 333.109 0 0 6.42479e-10 2.15403e-10 0 0 4.8489e-11 0 0 0 8.18731 93.0405 77.5804 4.10291e-11 0 0.444022 94.9479 0.716488 0 0 4.75565e-11 4.8489e-11 0 0 2.45242e-10 0 0 0 11.0228 517.602 213.334 1.04438e-10 0 32.6336 1094.37 387.528 0 0 5.99194 1.21222e-10 0 0 6.43411e-11 0 0 0 0 19.3947 28.9055 0.0145451 0 21.6564 1456.5 274.271 0 0 79.9229 14.2507 0 0 0.559847 0 0 0 0.0803721 61.6117 11.2547 1.93018 0 2.43055 196.09 13.7793 0 0 1.67846e-11 1.30547e-11 0
$SSageCompEsc
 1260 360 872 1155 471
$obsAgeCompEsc
0 0 0 0 0 0.00037044 0.763101 0.0164466 0 0 0.0402403 0.165312 0.0145302 0 0 0 0 0 
0 0 0 0 0 0.042474 0.35006 0.247558 0 0 0.00222777 0.355452 0.00222777 0 0 0 0 0 
0 0 0 0 0 0.00819535 0.257477 0.084908 0 0 0.0215464 0.49856 0.126977 0 0 0.00233652 0 0 
0 0 0 0 0 0 0.0186251 0.0196185 0 0 0.0223634 0.76252 0.127989 0 0 0.0414727 0.00741232 0 
0 0.000241546 0 0 0 0.000536033 0.151529 0.0160951 0.011078 0 0.0143861 0.730732 0.0754027 0 0 0 0 0 
$predAgeCompEsc
0 0.000364563 0 0 0 0.00029989 0.721822 0.0160352 7.36253e-14 0 0.0500734 0.188266 0.0231384 0 0 5.27832e-14 1.49623e-14 0 
0 1.82232e-13 0 0 0 0.0416509 0.349666 0.247306 2.19175e-13 0 0.00225885 0.356835 0.00228397 0 0 1.78727e-13 1.5457e-13 0 
0 1.13215e-13 0 0 0 0.0074745 0.238948 0.0793442 7.52655e-14 0 0.0221286 0.505208 0.144131 0 0 0.00276614 4.50856e-14 0 
0 3.49076e-14 0 0 0 0 0.0105224 0.0126616 1.19601e-05 0 0.0168509 0.790209 0.120141 0 0 0.0433613 0.0062423 0 
0 0.00196693 0 0 0 0.000422711 0.216462 0.030863 0.0107862 0 0.0127833 0.68893 0.0377862 0 0 5.89699e-14 3.57992e-14 0 
$SSageCompCatch
 2303 1901 1224
$obsAgeCompCatch
0 0.000521926 0 0 0 0 0.621062 0.0472649 0 0 0.012478 0.239533 0.077784 0 0 0.00135559 0 0 
0 0 0 0 0 0 0.0651044 0.0212559 0.000117354 0 0.000117354 0.690997 0.175478 0 0 0.0385785 0.00835072 0 
0 0.00185481 0 0 0 0 0.292982 0.0491915 0.000226853 0 0.00185481 0.595121 0.0569135 0 0 0.00185481 0 0 
$predAgeCompCatch
0 0.000293741 0 0 0 0.000402127 0.617282 0.0484778 1.8551e-06 0 0.00804778 0.253374 0.0708466 0 0 0.00111112 0.000162262 0 
0 0.000107754 0 0 0 0.000107067 0.198424 0.0302854 7.11908e-06 0 0.00405743 0.583305 0.149829 0 0 0.0274593 0.0064187 0 
0 0.00110511 0 0 0 7.22433e-05 0.232561 0.0399554 0.000394498 0 0.00312876 0.61082 0.0975946 0 0 0.0114913 0.00287759 0 
$genSS
 0 0 0
$obsGenComp     #GeneticFracData
-1 -1 -1 -1 -1 
-1 -1 -1 -1 -1 
-1 -1 -1 -1 -1 
$predGenComp     #catchGenComp_pred
0 0 0 0 0 
0 0 0 0 0 
0 0 0 0 0 
#PARAMETERS_OF_INTEREST
$catchByGroup
0 0 0 
1.34096 0.0776837 0.00955051 
0 0 0 
0 0 0 
0 0 0 
0.204682 0.0104291 0.00127445 
2655.06 153.811 18.9097 
92.0872 5.69623 0.702547 
2.0537e-11 1.02404e-12 1.25015e-13 
0 0 0 
34.1763 1.74138 0.212799 
692.494 40.1171 4.93203 
132.88 8.21956 1.01376 
0 0 0 
0 0 0 
1.94151e-10 1.12474e-11 1.38277e-12 
8.59261e-11 5.31513e-12 6.55543e-13 
0 0 0 
0 0 0 
1.49712e-11 5.09174e-13 7.49346e-14 
0 0 0 
0 0 0 
0 0 0 
0.638252 0.0189746 0.00278269 
28.7268 0.977001 0.143784 
31.5669 1.14995 0.169553 
1.37328e-12 3.99115e-14 5.84979e-15 
0 0 0 
0.0346143 0.00102905 0.000150913 
29.3157 0.99703 0.146732 
0.291534 0.0106203 0.00156589 
0 0 0 
0 0 0 
1.46833e-11 4.99382e-13 7.34935e-14 
1.97298e-11 7.18738e-13 1.05973e-13 
0 0 0 
0 0 0 
8.81604e-11 6.5341e-12 1.74426e-13 
0 0 0 
0 0 0 
0 0 0 
1.02815 0.0652332 0.00172366 
186.069 13.7907 0.368138 
99.7373 7.99623 0.214617 
4.20244e-12 2.59694e-13 6.85042e-15 
0 0 0 
3.04387 0.193126 0.00510297 
393.406 29.1577 0.778356 
181.176 14.5254 0.389859 
0 0 0 
0 0 0 
2.154 0.159646 0.0042617 
5.66735e-11 4.54368e-12 1.21952e-13 
0 0 0 
0 0 0 
2.42987e-12 1.95307e-11 1.5678e-12 
0 0 0 
0 0 0 
0 0 0 
0 0 0 
0.73245 5.88724 0.472592 
1.53211 11.5785 0.991349 
5.15319e-05 0.000477106 3.30426e-05 
0 0 0 
0.182473 1.65529 0.117106 
55.0054 442.119 35.4906 
14.5374 109.863 9.40645 
0 0 0 
0 0 0 
3.01832 24.2605 1.94749 
0.755341 5.70829 0.488744 
0 0 0 
0 0 0 
0.0264226 0.0181447 0.178146 
0 0 0 
0 0 0 
0 0 0 
0.000849539 0.000579923 0.00648937 
2.90783 1.99684 19.6051 
0.744012 0.512529 4.70817 
0.00858411 0.00585405 0.0669705 
0 0 0 
0.025691 0.0175375 0.196246 
9.25469 6.35531 62.3969 
0.91091 0.6275 5.76431 
0 0 0 
0 0 0 
7.92169e-13 5.43991e-13 5.34095e-12 
8.63009e-13 5.94502e-13 5.46118e-12 
0 0 0 
$escByGroup
 5e-07 3.00928 5e-07 5e-07 5e-07 2.47543 5958.26 132.362 5.00152e-07 5e-07 413.33 1554.04 190.996 5e-07 5e-07 5.00109e-07 5.00031e-07 5e-07 5e-07 5.00008e-07 5e-07 5e-07 5e-07 7.5273 63.193 44.694 5.0001e-07 5e-07 0.408227 64.4884 0.412768 5e-07 5e-07 5.00008e-07 5.00007e-07 5e-07 5e-07 5.00038e-07 5e-07 5e-07 5e-07 9.92774 317.374 105.386 5.00025e-07 5e-07 29.3915 671.025 191.437 5e-07 5e-07 3.67403 5.00015e-07 5e-07 5e-07 5.0001e-07 5e-07 5e-07 5e-07 5e-07 12.3024 14.8036 0.0139834 5e-07 19.7015 923.885 140.464 5e-07 5e-07 50.6966 7.29829 5e-07 5e-07 0.337134 5e-07 5e-07 5e-07 0.0724533 37.1019 5.28996 1.84877 5e-07 2.19107 118.084 6.47661 5e-07 5e-07 5.00003e-07 5.00002e-07 5e-07
$catchByGroup
0 1.34096 0 0 0 0.204682 2655.06 92.0872 2.0537e-11 0 34.1763 692.494 132.88 0 0 1.94151e-10 8.59261e-11 0 0 1.49712e-11 0 0 0 0.638252 28.7268 31.5669 1.37328e-12 0 0.0346143 29.3157 0.291534 0 0 1.46833e-11 1.97298e-11 0 0 8.81604e-11 0 0 0 1.02815 186.069 99.7373 4.20244e-12 0 3.04387 393.406 181.176 0 0 2.154 5.66735e-11 0 0 2.42987e-12 0 0 0 0 0.73245 1.53211 5.15319e-05 0 0.182473 55.0054 14.5374 0 0 3.01832 0.755341 0 0 0.0264226 0 0 0 0.000849539 2.90783 0.744012 0.00858411 0 0.025691 9.25469 0.91091 0 0 7.92169e-13 8.63009e-13 0 
0 0.0776837 0 0 0 0.0104291 153.811 5.69623 1.02404e-12 0 1.74138 40.1171 8.21956 0 0 1.12474e-11 5.31513e-12 0 0 5.09174e-13 0 0 0 0.0189746 0.977001 1.14995 3.99115e-14 0 0.00102905 0.99703 0.0106203 0 0 4.99382e-13 7.18738e-13 0 0 6.5341e-12 0 0 0 0.0652332 13.7907 7.99623 2.59694e-13 0 0.193126 29.1577 14.5254 0 0 0.159646 4.54368e-12 0 0 1.95307e-11 0 0 0 0 5.88724 11.5785 0.000477106 0 1.65529 442.119 109.863 0 0 24.2605 5.70829 0 0 0.0181447 0 0 0 0.000579923 1.99684 0.512529 0.00585405 0 0.0175375 6.35531 0.6275 0 0 5.43991e-13 5.94502e-13 0 
0 0.00955051 0 0 0 0.00127445 18.9097 0.702547 1.25015e-13 0 0.212799 4.93203 1.01376 0 0 1.38277e-12 6.55543e-13 0 0 7.49346e-14 0 0 0 0.00278269 0.143784 0.169553 5.84979e-15 0 0.000150913 0.146732 0.00156589 0 0 7.34935e-14 1.05973e-13 0 0 1.74426e-13 0 0 0 0.00172366 0.368138 0.214617 6.85042e-15 0 0.00510297 0.778356 0.389859 0 0 0.0042617 1.21952e-13 0 0 1.5678e-12 0 0 0 0 0.472592 0.991349 3.30426e-05 0 0.117106 35.4906 9.40645 0 0 1.94749 0.488744 0 0 0.178146 0 0 0 0.00648937 19.6051 4.70817 0.0669705 0 0.196246 62.3969 5.76431 0 0 5.34095e-12 5.46118e-12 0 
$Fmort
 0.263653 0.0940423 0.0861374
#ESTIMATED_PARAMETERS
$availability
1.42624 1.46371 1.76582 0.152597 0.191638 
0.196269 0.117312 0.300102 4.02018 0.366136 
0.0261408 0.0187644 0.00863236 0.299301 4.64716 
$selectivity
 0.210315 0.95686 1.35363 0.088217 2.39097
$RunSize
 0 4.43748 0 0 0 2.69182 8786.04 230.848 6.29424e-10 0 449.46 2291.58 333.109 0 0 6.42479e-10 2.15403e-10 0 0 4.8489e-11 0 0 0 8.18731 93.0405 77.5804 4.10291e-11 0 0.444022 94.9479 0.716488 0 0 4.75565e-11 4.8489e-11 0 0 2.45242e-10 0 0 0 11.0228 517.602 213.334 1.04438e-10 0 32.6336 1094.37 387.528 0 0 5.99194 1.21222e-10 0 0 6.43411e-11 0 0 0 0 19.3947 28.9055 0.0145451 0 21.6564 1456.5 274.271 0 0 79.9229 14.2507 0 0 0.559847 0 0 0 0.0803721 61.6117 11.2547 1.93018 0 2.43055 196.09 13.7793 0 0 1.67846e-11 1.30547e-11 0
