$ndistricts
3
$ngroups
90
$nstocks
5
$nagecomps
18
$AgeCompLabels
 0.1 0.2 0.3 0.4 0.5 1.1 1.2 1.3 1.4 1.5 2.1 2.2 2.3 2.4 3.1 3.2 3.3 3.4
$navailpar
15
$nselectpar
5
$GENdata
-1
$maxGradient
0.000707816
#LIKELIHOOD_VALUES_AND_PENALTIES
$totalNLL
-327823
$NLLcatch
-263221
$NLLescape
-95528.3
$NLLagecompCatch
20671.2
$NLLagecompEsc
10254.9
$NLLgenetics
0
$NLLselOne
3.09657e-14
$NLLavailOne
1.17179e-10
$NLLextra
3.99981e-10
#OBSERVED_AND_PREDICTED_VALUES
$predEsc
 8580.35 647.644 919.827 1894.98 1011.38
$obsEsc
 8355.94 654.769 990.81 1897.98 1095.07
$predCatch
 16327.9 10750.2 4352.8
$obsCatch
 16327.9 10750.2 4352.8
$RunSize
 0 6.16527e-11 7.77503 1.97537 0 1.43876 1232.11 1083.34 2.17452 0 71.9431 18300.8 275.825 1.10975e-10 0 1.10975e-10 7.64493e-11 0 0 8.38476e-11 1.23799e-09 1.18655 0 1.09716 465.598 1077.11 10.7565 0 1.70161e-10 251.57 23.5269 1.92356e-10 0 1.57831e-10 1.06043e-10 0 0 1.54736 7.64493e-11 9.61782e-11 0 9.81127 564.231 848.898 18.465 0 42.5685 1402.46 503.511 7.94382 0 4.19238e-11 4.93221e-11 0 0.915603 4.41352 5.91866e-11 2.95933e-11 0 1.39873 365.235 230.231 3.36256 0 70.8677 5295.44 6173.14 35.4653 2.03963 264.121 63.9078 0 0 0.94555 14.8733 1.97289e-11 0 6.16511 344.175 484.147 27.112 0 11.8411 2470.52 2349.64 41.2557 0 14.4811 1.69757 0
$SSageCompEsc
 2805 88.5 1482 3873 1861
$obsAgeCompEsc
0 0 0.000234065 6.126e-05 0 0.000111545 0.092273 0.0322778 6.126e-05 0 0.00863157 0.843383 0.0229665 0 0 0 0 0 
0 0 0 0 0 0 0.601116 0.250188 0 0 0 0.102692 0.0460043 0 0 0 0 0 
0 0.000780552 0 0 0 0.0084481 0.213229 0.147158 0.00349352 0 0.0408649 0.439394 0.144367 0.00226557 0 0 0 0 
0.000454791 0.000435125 0 0 0 0.0006891 0.0559235 0.00831303 0.000454791 0 0.034332 0.6197 0.249019 0.00276571 0.00101311 0.0252235 0.00167635 0 
0 0 0 0 0 0.00558036 0.106733 0.0312781 0 0 0.00989002 0.66433 0.178179 0.00364347 0 0.000365991 0 0 
$predAgeCompEsc
0 2.98605e-15 0.000260453 6.90003e-05 0 0.000157248 0.0596753 0.0362905 7.59567e-05 0 0.00786298 0.886369 0.00923977 3.87639e-15 0 5.37488e-15 2.56095e-15 0 
0 5.53053e-14 5.84351e-13 0.000581226 0 0.00158907 0.307105 0.508417 0.00526905 0 2.46452e-13 0.165933 0.0111051 9.4225e-14 0 1.04104e-13 5.0054e-14 0 
0 0.000531785 1.50073e-14 2.02127e-14 0 0.0098413 0.19391 0.166642 0.00388059 0 0.0426988 0.481985 0.0988412 0.00166947 0 1.4408e-14 9.68214e-15 0 
0.000440182 0.000526646 2.32919e-15 1.38772e-15 0 0.000672447 0.0435819 0.00906034 0.00015768 0 0.0340701 0.631882 0.242934 0.00166307 0.000980564 0.0315164 0.00251498 0 
0 0.000243178 0.00129729 2.04777e-15 0 0.00562677 0.0885155 0.0422286 0.00281411 0 0.0108071 0.635371 0.204942 0.00428217 0 0.00372427 0.000148066 0 
$SSageCompCatch
 7279 7714 5156
$obsAgeCompCatch
0 0 0.000465572 0.00015437 0 0.000306571 0.0622744 0.136085 0.00185225 0 0.000386859 0.747787 0.0490391 0.000570961 0 0.000929088 0.000148279 0 
0 0.00032238 0.000151905 0 0 0 0.0263248 0.0399928 0.000211366 0 0.000364781 0.436663 0.470712 0.00231702 0 0.0179876 0.00495276 0 
0 0.000301509 0.00279024 0 0 0 0.0428755 0.0838666 0.00540256 0 0.000474416 0.368117 0.479325 0.0072615 0 0.00803555 0.00155012 0 
$predAgeCompCatch
3.56548e-07 8.42083e-05 0.00042181 0.000122681 0 5.54003e-05 0.0802054 0.127945 0.00153415 0 0.000473892 0.694974 0.0915411 0.000879501 7.94257e-07 0.0013428 0.000418918 0 
6.68885e-06 0.000283712 0.00021379 1.61424e-05 0 2.08062e-05 0.035683 0.0400888 0.000745717 0 0.000576664 0.433227 0.465663 0.00297529 1.49003e-05 0.0159834 0.00450168 0 
8.5863e-07 0.000171948 0.00227806 3.85837e-06 0 8.89146e-05 0.049799 0.0803824 0.00414124 0 0.000240909 0.395122 0.454876 0.00673165 1.91271e-06 0.00490781 0.00125338 0 
$genSS
 0 0 0
$obsGenComp     #GeneticFracData
-1 -1 -1 -1 -1 
-1 -1 -1 -1 -1 
-1 -1 -1 -1 -1 
$predGenComp     #catchGenComp_pred
0 0 0 0 0 
0 0 0 0 0 
0 0 0 0 0 
#PARAMETERS_OF_INTEREST
$catchByGroup
0 0 0 
3.2708e-11 3.04463e-12 2.78715e-13 
4.97815 0.514612 0.0474891 
1.24435 0.127241 0.0117319 
0 0 0 
0.0832676 0.00573361 0.000513896 
653.66 60.8461 5.57004 
693.635 71.704 6.61694 
1.3698 0.140068 0.0129147 
0 0 0 
4.16367 0.286701 0.0256966 
9708.94 903.76 82.733 
176.603 18.2562 1.68471 
6.99067e-11 7.14828e-12 6.5909e-13 
0 0 0 
5.88744e-11 5.48034e-12 5.01688e-13 
4.89485e-11 5.06001e-12 4.66945e-13 
0 0 0 
0 0 0 
4.52571e-11 2.50011e-12 2.72266e-13 
8.04452e-10 4.96491e-11 5.4325e-12 
0.758764 0.0462932 0.00506276 
0 0 0 
0.0651154 0.00261547 0.000281317 
251.308 13.8828 1.51187 
699.917 43.1974 4.72657 
6.87851 0.419667 0.045896 
0 0 0 
1.00989e-11 4.05639e-13 4.36301e-14 
135.786 7.50112 0.816886 
15.2879 0.943539 0.10324 
1.23007e-10 7.50479e-12 8.20745e-13 
0 0 0 
8.51899e-11 4.70608e-12 5.12501e-13 
6.89073e-11 4.25281e-12 4.65334e-13 
0 0 0 
0 0 0 
0.940598 0.115302 0.00231351 
5.48906e-11 7.60005e-12 1.54514e-13 
6.80873e-11 9.30959e-12 1.89005e-13 
0 0 0 
0.698104 0.0597207 0.00115738 
342.98 42.0438 0.843599 
609.509 84.3915 1.71573 
13.0719 1.78732 0.0362866 
0 0 0 
3.02889 0.259112 0.00502156 
852.514 104.505 2.09686 
361.521 50.0555 1.01766 
5.62366 0.768924 0.0156109 
0 0 0 
2.54843e-11 3.12397e-12 6.26816e-14 
3.54133e-11 4.90326e-12 9.96864e-14 
0 0 0 
0.00582166 0.0719065 0.00373744 
0.342995 2.84941 0.223127 
6.13292e-12 4.46304e-11 4.00952e-12 
2.9859e-12 2.20266e-11 1.95106e-12 
0 0 0 
0.00889349 0.109848 0.00570952 
28.3841 235.799 18.4646 
23.8565 173.608 15.5967 
0.339275 2.50279 0.221691 
0 0 0 
0.450596 5.56556 0.289278 
411.534 3418.79 267.713 
639.662 4654.93 418.192 
3.57837 26.3972 2.3382 
0.0129685 0.160181 0.00832564 
20.5261 170.519 13.3527 
6.62213 48.1904 4.32935 
0 0 0 
0 0 0 
0.0913472 0.0852425 0.523015 
1.90912 1.78368 9.86843 
2.46676e-12 2.30439e-12 1.28866e-11 
0 0 0 
0.0491882 0.0457533 0.379365 
33.2499 31.0279 190.375 
62.1446 58.0614 321.232 
3.3899 3.16676 17.7092 
0 0 0 
0.0944738 0.0878766 0.728632 
238.671 222.72 1366.52 
301.597 281.781 1558.99 
5.15833 4.8188 26.9477 
0 0 0 
1.39898 1.30549 8.00997 
0.217898 0.203581 1.12634 
0 0 0 
$escByGroup
 5e-07 5.00006e-07 2.23478 0.592047 5e-07 1.34925 512.034 311.385 0.651734 5e-07 67.4671 7605.35 79.2804 5.00008e-07 5e-07 5.00012e-07 5.00005e-07 5e-07 5e-07 5.00009e-07 5.00095e-07 0.376427 5e-07 1.02915 198.895 329.274 3.41247 5e-07 5.0004e-07 107.466 7.19215 5.00015e-07 5e-07 5.00017e-07 5.00008e-07 5e-07 5e-07 0.48915 5.00003e-07 5.00005e-07 5e-07 9.05229 178.364 153.282 3.56947 5e-07 39.2755 443.342 90.9168 1.53562 5e-07 5.00003e-07 5.00002e-07 5e-07 0.834137 0.997985 5.00001e-07 5.00001e-07 5e-07 1.27427 82.5868 17.1692 0.298801 5e-07 64.5622 1197.4 460.355 3.15149 1.85815 59.723 4.76584 5e-07 5e-07 0.245945 1.31205 5.00001e-07 5e-07 5.6908 89.5229 42.7092 2.84613 5e-07 10.9301 642.602 207.274 4.3309 5e-07 3.76665 0.149751 5e-07
$catchByGroup
0 3.2708e-11 4.97815 1.24435 0 0.0832676 653.66 693.635 1.3698 0 4.16367 9708.94 176.603 6.99067e-11 0 5.88744e-11 4.89485e-11 0 0 4.52571e-11 8.04452e-10 0.758764 0 0.0651154 251.308 699.917 6.87851 0 1.00989e-11 135.786 15.2879 1.23007e-10 0 8.51899e-11 6.89073e-11 0 0 0.940598 5.48906e-11 6.80873e-11 0 0.698104 342.98 609.509 13.0719 0 3.02889 852.514 361.521 5.62366 0 2.54843e-11 3.54133e-11 0 0.00582166 0.342995 6.13292e-12 2.9859e-12 0 0.00889349 28.3841 23.8565 0.339275 0 0.450596 411.534 639.662 3.57837 0.0129685 20.5261 6.62213 0 0 0.0913472 1.90912 2.46676e-12 0 0.0491882 33.2499 62.1446 3.3899 0 0.0944738 238.671 301.597 5.15833 0 1.39898 0.217898 0 
0 3.04463e-12 0.514612 0.127241 0 0.00573361 60.8461 71.704 0.140068 0 0.286701 903.76 18.2562 7.14828e-12 0 5.48034e-12 5.06001e-12 0 0 2.50011e-12 4.96491e-11 0.0462932 0 0.00261547 13.8828 43.1974 0.419667 0 4.05639e-13 7.50112 0.943539 7.50479e-12 0 4.70608e-12 4.25281e-12 0 0 0.115302 7.60005e-12 9.30959e-12 0 0.0597207 42.0438 84.3915 1.78732 0 0.259112 104.505 50.0555 0.768924 0 3.12397e-12 4.90326e-12 0 0.0719065 2.84941 4.46304e-11 2.20266e-11 0 0.109848 235.799 173.608 2.50279 0 5.56556 3418.79 4654.93 26.3972 0.160181 170.519 48.1904 0 0 0.0852425 1.78368 2.30439e-12 0 0.0457533 31.0279 58.0614 3.16676 0 0.0878766 222.72 281.781 4.8188 0 1.30549 0.203581 0 
0 2.78715e-13 0.0474891 0.0117319 0 0.000513896 5.57004 6.61694 0.0129147 0 0.0256966 82.733 1.68471 6.5909e-13 0 5.01688e-13 4.66945e-13 0 0 2.72266e-13 5.4325e-12 0.00506276 0 0.000281317 1.51187 4.72657 0.045896 0 4.36301e-14 0.816886 0.10324 8.20745e-13 0 5.12501e-13 4.65334e-13 0 0 0.00231351 1.54514e-13 1.89005e-13 0 0.00115738 0.843599 1.71573 0.0362866 0 0.00502156 2.09686 1.01766 0.0156109 0 6.26816e-14 9.96864e-14 0 0.00373744 0.223127 4.00952e-12 1.95106e-12 0 0.00570952 18.4646 15.5967 0.221691 0 0.289278 267.713 418.192 2.3382 0.00832564 13.3527 4.32935 0 0 0.523015 9.86843 1.28866e-11 0 0.379365 190.375 321.232 17.7092 0 0.728632 1366.52 1558.99 26.9477 0 8.00997 1.12634 0 
$Fmort
 1.0708 0.521177 0.350088
#ESTIMATED_PARAMETERS
$availability
1.42624 1.46371 1.76582 0.152597 0.191638 
0.196269 0.117312 0.300102 4.02018 0.366136 
0.0261408 0.0187644 0.00863236 0.299301 4.64716 
$selectivity
 0.0390363 0.495105 0.669463 0.650906 3.14549
$RunSize
 0 6.16527e-11 7.77503 1.97537 0 1.43876 1232.11 1083.34 2.17452 0 71.9431 18300.8 275.825 1.10975e-10 0 1.10975e-10 7.64493e-11 0 0 8.38476e-11 1.23799e-09 1.18655 0 1.09716 465.598 1077.11 10.7565 0 1.70161e-10 251.57 23.5269 1.92356e-10 0 1.57831e-10 1.06043e-10 0 0 1.54736 7.64493e-11 9.61782e-11 0 9.81127 564.231 848.898 18.465 0 42.5685 1402.46 503.511 7.94382 0 4.19238e-11 4.93221e-11 0 0.915603 4.41352 5.91866e-11 2.95933e-11 0 1.39873 365.235 230.231 3.36256 0 70.8677 5295.44 6173.14 35.4653 2.03963 264.121 63.9078 0 0 0.94555 14.8733 1.97289e-11 0 6.16511 344.175 484.147 27.112 0 11.8411 2470.52 2349.64 41.2557 0 14.4811 1.69757 0
