$ndistricts
3
$ngroups
90
$nstocks
5
$nagecomps
18
$AgeCompLabels
 0.1 0.2 0.3 0.4 0.5 1.1 1.2 1.3 1.4 1.5 2.1 2.2 2.3 2.4 3.1 3.2 3.3 3.4
$navailpar
15
$nselectpar
5
$GENdata
-1
$maxGradient
0.000771417
#LIKELIHOOD_VALUES_AND_PENALTIES
$totalNLL
-291456
$NLLcatch
-165923
$NLLescape
-133349
$NLLagecompCatch
3318.1
$NLLagecompEsc
4498.24
$NLLgenetics
0
$NLLselOne
3.76596e-15
$NLLavailOne
1.17179e-10
$NLLextra
5.79997e-10
#OBSERVED_AND_PREDICTED_VALUES
$predEsc
 13959.8 171.2 715.96 934.401 724.125
$obsEsc
 13935.3 177.06 732.502 919.734 735.024
$predCatch
 17803.8 1403.51 171.541
$obsCatch
 17803.8 1403.51 171.541
$RunSize
 0 0 2.03149e-10 0 0 0 411.973 266.895 3.47305 0 14.3996 29410.4 385.053 0 0 4.71774 11.5917 0 0 0 3.98331e-11 0 0 4.97118 263.937 65.433 0 0 0 25.37 52.808 0 0 1.59332e-11 2.58915e-11 0 0 0 5.97497e-11 0 0 0 812.488 447.523 0 0 1.74128 765.208 221.696 0 0 4.31529 8.56412e-11 0 0 0 0.189155 0 0 0 132.574 9.15446 0 0 0.0931103 1313.57 190.077 0 0 68.1564 7.50846 0 0 0 0.259892 0 0 0 728.575 42.2555 0 0 0 205.053 12.8784 0 0 1.79249e-11 1.99166e-11 0
$SSageCompEsc
 2849 648 1443 1329 1160
$obsAgeCompEsc
0 0 0 0 0 0 0.0150719 0.00566992 0.000250926 0 0.00104037 0.965337 0.0126299 0 0 0 0 0 
0 0 0 0 0 0.0287746 0.709264 0.106043 0 0 0 0.0675734 0.0883449 0 0 0 0 0 
0 0 0 0 0 0 0.423496 0.114962 0 0 0.00240421 0.394894 0.0623582 0 0 0.00188622 0 0 
0 0 0 0 0 0 0.0657709 0.0034002 0 0 0.000100747 0.827259 0.0687585 0 0 0.0341347 0.000576019 0 
0 0 0 0 0 0 0.777281 0.0175373 0 0 0 0.198475 0.00670654 0 0 0 0 0 
$predAgeCompEsc
0 0 3.99347e-15 0 0 0 0.0136142 0.00524658 0.00024879 0 0.00103151 0.971906 0.00756933 0 0 0.000155904 0.000227868 0 
0 0 6.4832e-14 0 0 0.0290372 0.710245 0.106498 0 0 0 0.0682698 0.0859497 0 0 4.28759e-14 4.21408e-14 0 
0 0 1.52479e-14 0 0 0 0.424619 0.114207 0 0 0.0024321 0.39991 0.0565761 0 0 0.00225524 2.18554e-14 0 
0 0 7.43881e-05 0 0 0 0.0804147 0.00360012 0 0 9.96471e-05 0.796766 0.0747506 0 0 0.0413413 0.00295281 0 
0 0 0.000213339 0 0 0 0.744885 0.0346865 0 0 0 0.209643 0.0105716 0 0 1.83262e-14 1.6349e-14 0 
$SSageCompCatch
 2901 1646 551
$obsAgeCompCatch
0 0 0 0 0 0 0.0397036 0.0303666 0 0 0 0.910563 0.0175837 0 0 0.00115546 0.000627604 0 
0 0 0.000143919 0 0 0 0.111841 0.028734 0 0 0 0.738875 0.0909772 0 0 0.0241145 0.00531357 0 
0 0 0.000767918 0 0 0 0.452748 0.0916779 0 0 0 0.402052 0.0527535 0 0 0 0 0 
$predAgeCompCatch
0 0 3.3858e-06 0 0 6.6376e-12 0.0512465 0.0326054 2.83507e-11 0 2.15523e-11 0.887144 0.0279328 0 0 0.000567873 0.000499721 0 
0 0 7.87654e-05 0 0 1.41412e-12 0.0796815 0.0284667 1.03707e-11 0 9.02791e-12 0.785502 0.0861807 0 0 0.0171392 0.00295156 0 
0 0 0.000316116 0 0 5.10224e-13 0.554635 0.0529619 3.11572e-12 0 2.29355e-12 0.353711 0.0341539 0 0 0.00351904 0.000702856 0 
$genSS
 0 0 0
$obsGenComp     #GeneticFracData
-1 -1 -1 -1 -1 
-1 -1 -1 -1 -1 
-1 -1 -1 -1 -1 
$predGenComp     #catchGenComp_pred
0 0 0 0 0 
0 0 0 0 0 
0 0 0 0 0 
#PARAMETERS_OF_INTEREST
$catchByGroup
0 0 0 
0 0 0 
1.40383e-10 6.76538e-12 2.52497e-13 
0 0 0 
0 0 0 
0 0 0 
213.046 8.55871 0.317463 
184.434 8.88828 0.331728 
5.0475e-07 1.45554e-08 5.34473e-10 
0 0 0 
3.33545e-07 9.61839e-09 3.53186e-10 
15209.1 610.998 22.6634 
266.085 12.8233 0.47859 
0 0 0 
0 0 0 
2.43971 0.0980107 0.00363545 
8.01026 0.386033 0.0144075 
0 0 0 
0 0 0 
0 0 0 
2.79e-11 7.98284e-13 3.55451e-14 
0 0 0 
0 0 0 
1.18175e-07 1.98472e-09 8.75244e-11 
138.905 3.29123 0.146012 
45.8308 1.31132 0.0583891 
0 0 0 
0 0 0 
0 0 0 
13.3518 0.316358 0.0140349 
36.9879 1.05831 0.0471232 
0 0 0 
0 0 0 
8.38538e-12 1.98684e-13 8.81439e-15 
1.8135e-11 5.18885e-13 2.31043e-14 
0 0 0 
0 0 0 
0 0 0 
4.57927e-11 3.01556e-12 2.45341e-14 
0 0 0 
0 0 0 
0 0 0 
482.603 25.6669 0.206806 
342.986 22.5865 0.18376 
0 0 0 
0 0 0 
4.99376e-08 1.77844e-09 1.41038e-11 
454.52 24.1733 0.194772 
169.91 11.189 0.0910317 
0 0 0 
0 0 0 
2.56321 0.136322 0.00109839 
6.56362e-11 4.3223e-12 3.51656e-14 
0 0 0 
0 0 0 
0 0 0 
0.0223375 0.0946351 0.00267444 
0 0 0 
0 0 0 
0 0 0 
9.93462 46.3348 1.165 
1.08106 4.58001 0.129434 
0 0 0 
0 0 0 
2.30757e-10 1.27392e-09 2.61481e-11 
98.4343 459.095 11.543 
22.4464 95.0963 2.68748 
0 0 0 
0 0 0 
5.10739 23.8207 0.598926 
0.88668 3.75651 0.106161 
0 0 0 
0 0 0 
0 0 0 
0.0379426 0.0159129 0.0515524 
0 0 0 
0 0 0 
0 0 0 
67.8949 27.982 93.3073 
6.16903 2.58725 8.38183 
0 0 0 
0 0 0 
0 0 0 
19.1086 7.87536 26.2607 
1.88017 0.788531 2.55458 
0 0 0 
0 0 0 
1.6704e-12 6.88434e-13 2.29561e-12 
2.90769e-12 1.21947e-12 3.95066e-12 
0 0 0 
$escByGroup
 5e-07 5e-07 5.00014e-07 5e-07 5e-07 5e-07 190.051 73.2411 3.47305 5e-07 14.3996 13567.6 105.666 5e-07 5e-07 2.17639 3.18098 5e-07 5e-07 5e-07 5.00003e-07 5e-07 5e-07 4.97118 121.594 18.2325 5e-07 5e-07 5e-07 11.6878 14.7146 5e-07 5e-07 5.00002e-07 5.00002e-07 5e-07 5e-07 5e-07 5.00003e-07 5e-07 5e-07 5e-07 304.011 81.7673 5e-07 5e-07 1.74128 286.32 40.5062 5e-07 5e-07 1.61466 5.00004e-07 5e-07 5e-07 5e-07 0.0695083 5e-07 5e-07 5e-07 75.1396 3.36396 5e-07 5e-07 0.0931103 744.499 69.8471 5e-07 5e-07 38.6293 2.75911 5e-07 5e-07 5e-07 0.154484 5e-07 5e-07 5e-07 539.39 25.1174 5e-07 5e-07 5e-07 151.808 7.65517 5e-07 5e-07 5.00003e-07 5.00003e-07 5e-07
$catchByGroup
0 0 1.40383e-10 0 0 0 213.046 184.434 5.0475e-07 0 3.33545e-07 15209.1 266.085 0 0 2.43971 8.01026 0 0 0 2.79e-11 0 0 1.18175e-07 138.905 45.8308 0 0 0 13.3518 36.9879 0 0 8.38538e-12 1.8135e-11 0 0 0 4.57927e-11 0 0 0 482.603 342.986 0 0 4.99376e-08 454.52 169.91 0 0 2.56321 6.56362e-11 0 0 0 0.0223375 0 0 0 9.93462 1.08106 0 0 2.30757e-10 98.4343 22.4464 0 0 5.10739 0.88668 0 0 0 0.0379426 0 0 0 67.8949 6.16903 0 0 0 19.1086 1.88017 0 0 1.6704e-12 2.90769e-12 0 
0 0 6.76538e-12 0 0 0 8.55871 8.88828 1.45554e-08 0 9.61839e-09 610.998 12.8233 0 0 0.0980107 0.386033 0 0 0 7.98284e-13 0 0 1.98472e-09 3.29123 1.31132 0 0 0 0.316358 1.05831 0 0 1.98684e-13 5.18885e-13 0 0 0 3.01556e-12 0 0 0 25.6669 22.5865 0 0 1.77844e-09 24.1733 11.189 0 0 0.136322 4.3223e-12 0 0 0 0.0946351 0 0 0 46.3348 4.58001 0 0 1.27392e-09 459.095 95.0963 0 0 23.8207 3.75651 0 0 0 0.0159129 0 0 0 27.982 2.58725 0 0 0 7.87536 0.788531 0 0 6.88434e-13 1.21947e-12 0 
0 0 2.52497e-13 0 0 0 0.317463 0.331728 5.34473e-10 0 3.53186e-10 22.6634 0.47859 0 0 0.00363545 0.0144075 0 0 0 3.55451e-14 0 0 8.75244e-11 0.146012 0.0583891 0 0 0 0.0140349 0.0471232 0 0 8.81439e-15 2.31043e-14 0 0 0 2.45341e-14 0 0 0 0.206806 0.18376 0 0 1.41038e-11 0.194772 0.0910317 0 0 0.00109839 3.51656e-14 0 0 0 0.00267444 0 0 0 1.165 0.129434 0 0 2.61481e-11 11.543 2.68748 0 0 0.598926 0.106161 0 0 0 0.0515524 0 0 0 93.3073 8.38183 0 0 0 26.2607 2.55458 0 0 2.29561e-12 3.95066e-12 0 
$Fmort
 0.421069 0.0882352 0.0243263
#ESTIMATED_PARAMETERS
$availability
1.42624 1.46371 1.76582 0.152597 0.191638 
0.196269 0.117312 0.300102 4.02018 0.366136 
0.0261408 0.0187644 0.00863236 0.299301 4.64716 
$selectivity
 3.85707e-08 1.21226 1.95577 2.42003e-07 1.83196
$RunSize
 0 0 2.03149e-10 0 0 0 411.973 266.895 3.47305 0 14.3996 29410.4 385.053 0 0 4.71774 11.5917 0 0 0 3.98331e-11 0 0 4.97118 263.937 65.433 0 0 0 25.37 52.808 0 0 1.59332e-11 2.58915e-11 0 0 0 5.97497e-11 0 0 0 812.488 447.523 0 0 1.74128 765.208 221.696 0 0 4.31529 8.56412e-11 0 0 0 0.189155 0 0 0 132.574 9.15446 0 0 0.0931103 1313.57 190.077 0 0 68.1564 7.50846 0 0 0 0.259892 0 0 0 728.575 42.2555 0 0 0 205.053 12.8784 0 0 1.79249e-11 1.99166e-11 0
