$ndistricts
3
$ngroups
90
$nstocks
5
$nagecomps
18
$AgeCompLabels
 0.1 0.2 0.3 0.4 0.5 1.1 1.2 1.3 1.4 1.5 2.1 2.2 2.3 2.4 3.1 3.2 3.3 3.4
$navailpar
15
$nselectpar
5
$GENdata
-1
$maxGradient
0.00036441
#LIKELIHOOD_VALUES_AND_PENALTIES
$totalNLL
-239640
$NLLcatch
-154535
$NLLescape
-108187
$NLLagecompCatch
16617.2
$NLLagecompEsc
6465.98
$NLLgenetics
0
$NLLselOne
2.2778e-16
$NLLavailOne
1.17179e-10
$NLLextra
5.59965e-10
#OBSERVED_AND_PREDICTED_VALUES
$predEsc
 5570.72 5208.75 2006.81 1318.67 824.983
$obsEsc
 5500.13 5396.59 1939.67 1290.14 815.104
$predCatch
 5123.76 11187.7 3219.42
$obsCatch
 5123.76 11187.7 3219.42
$RunSize
 0 0 0 0 0 0 1568.2 267.786 19.9262 0 1.12903e-10 6132.32 103.073 4.36303e-10 0 1.51175e-10 6.69763e-11 3.61672e-10 0 0 0 0 0 38.8806 4495.33 1606.31 5.7791e-10 0 2.02842e-10 853.668 341.577 23.3477 0 1.87534e-10 7.84579e-11 0.571401 0 0 0 0 0 0 899.049 1244.59 18.476 0 4.01858e-11 551.631 737.604 1.1673e-10 0 6.12355e-11 4.01858e-11 9.95076e-11 0 0 0 0 0 0 1157.06 310.315 8.22852e-11 0 25.2233 9424.27 588.544 2.07479 0 19.2272 37.4129 5.16674e-11 0 0 0 0 0 0.601068 1861.55 832.734 4.35779 0 0.381047 1067.39 225.761 0.937704 0 0.61326 4.78402e-11 2.87041e-11
$SSageCompEsc
 1471 1006 1412 1313 1374
$obsAgeCompEsc
0 0 0 0 0 0 0.272427 0.0279234 0.00183165 0 0 0.691769 0.0060488 0 0 0 0 0 
0 0 0 0 0 0.00655557 0.792176 0.124001 0 0 0 0.0738648 0.00340231 0 0 0 0 0 
0 0 0 0 0 0 0.336517 0.337294 0.0045705 0 0 0.163798 0.157821 0 0 0 0 0 
0 0 0 0 0 0 0.136001 0.0253231 0 0 0.0174593 0.784028 0.0339486 0 0 0.00062602 0.0026137 0 
0 0 0 0 0 0.000719709 0.473608 0.184028 0.000448967 0 0.000454334 0.299255 0.0408499 0.00063628 0 0 0 0 
$predAgeCompEsc
0 0 0 0 0 0 0.194388 0.0312576 0.00218312 0 1.99162e-14 0.76014 0.0120313 4.78015e-14 0 1.87391e-14 7.81787e-15 3.96249e-14 
0 0 0 0 0 0.00734506 0.618143 0.2096 7.13968e-14 0 3.83197e-14 0.117386 0.0445709 0.00288445 0 2.57873e-14 1.02376e-14 7.05927e-05 
0 0 0 0 0 0 0.273397 0.347933 0.00471908 0 1.95778e-14 0.167749 0.206202 2.98147e-14 0 1.86214e-14 1.12342e-14 2.54159e-14 
0 0 0 0 0 0 0.102416 0.0146259 9.75435e-16 0 0.0175543 0.834175 0.0277395 2.45952e-05 0 0.00170187 0.00176336 6.12482e-16 
0 0 0 0 0 0.000688522 0.510157 0.153796 0.000444135 0 0.000436488 0.292519 0.0416954 9.55684e-05 0 0.000168064 8.83552e-15 2.92545e-15 
$SSageCompCatch
 5148 6243 3821
$obsAgeCompCatch
0 0 0 0 0 0 0.25086 0.201318 0.00297085 0 0 0.443366 0.0995249 0.00182129 0 9.09757e-05 0 4.81773e-05 
0 0 0 0 0 0 0.133391 0.0534826 0.000145199 0 0.000297248 0.752223 0.0555111 0.000357085 0 0.00152322 0.00306959 0 
0 0 0 0 0 0 0.399245 0.167507 0.00106188 0 0 0.372648 0.0584405 0 0 0.000700318 0.000397049 0 
$predAgeCompCatch
0 0 0 0 0 0.000102244 0.342859 0.179602 0.00238462 0 7.07466e-06 0.400696 0.072623 0.00135722 0 0.000107183 0.000229589 3.26655e-05 
0 0 0 0 0 8.60263e-06 0.142955 0.0585247 0.000475548 0 0.00017573 0.735246 0.0581238 0.000299175 0 0.00137869 0.00280991 3.00014e-06 
0 0 0 0 0 1.08515e-05 0.378303 0.179056 0.0010012 0 2.90814e-05 0.380998 0.0590847 0.000286826 0 0.000460973 0.000768755 8.59296e-07 
$genSS
 0 0 0
$obsGenComp     #GeneticFracData
-1 -1 -1 -1 -1 
-1 -1 -1 -1 -1 
-1 -1 -1 -1 -1 
$predGenComp     #catchGenComp_pred
0 0 0 0 0 
0 0 0 0 0 
0 0 0 0 0 
#PARAMETERS_OF_INTEREST
$catchByGroup
0 0 0 
0 0 0 
0 0 0 
0 0 0 
0 0 0 
0 0 0 
359.404 117.762 8.15079 
69.1262 22.9368 1.59596 
5.71105 1.91932 0.134268 
0 0 0 
1.47954e-12 4.45752e-13 2.98113e-14 
1405.42 460.498 31.873 
26.6072 8.82857 0.614297 
1.25049e-10 4.20253e-11 2.93993e-12 
0 0 0 
3.46467e-11 1.13523e-11 7.8574e-13 
1.72892e-11 5.73675e-12 3.99167e-13 
1.03659e-10 3.48367e-11 2.43705e-12 
0 0 0 
0 0 0 
0 0 0 
0 0 0 
0 0 0 
0.522807 0.091824 0.00736955 
1053.87 204.929 16.784 
423.962 83.7129 6.87771 
1.69277e-10 3.3947e-11 2.79795e-12 
0 0 0 
2.72752e-12 4.79052e-13 3.84474e-14 
200.13 38.9162 3.1873 
90.1545 17.8014 1.46253 
6.83881 1.37146 0.113038 
0 0 0 
4.39646e-11 8.5491e-12 7.00186e-13 
2.07079e-11 4.08885e-12 3.35933e-13 
0.16737 0.0335646 0.00276643 
0 0 0 
0 0 0 
0 0 0 
0 0 0 
0 0 0 
0 0 0 
247.693 101.154 1.54579 
384.641 159.256 2.45436 
6.31382 2.65071 0.0412052 
0 0 0 
6.50983e-13 2.4234e-13 3.50427e-15 
151.978 62.0654 0.948455 
227.957 94.383 1.45458 
3.98902e-11 1.6747e-11 2.60331e-13 
0 0 0 
1.68707e-11 6.88976e-12 1.05286e-13 
1.24195e-11 5.14213e-12 7.92475e-14 
3.40048e-11 1.42761e-11 2.21921e-13 
0 0 0 
0 0 0 
0 0 0 
0 0 0 
0 0 0 
0 0 0 
31.7804 923.213 67.0171 
9.75708 260.743 20.528 
2.92025e-12 7.19491e-11 6.12953e-12 
0 0 0 
0.0355741 1.96321 0.0761497 
258.851 7519.57 545.854 
18.5053 494.526 38.9335 
0.0736332 1.81417 0.154554 
0 0 0 
0.528103 15.3413 1.11364 
1.17636 31.4363 2.47494 
1.83365e-12 4.51773e-11 3.84877e-12 
0 0 0 
0 0 0 
0 0 0 
0 0 0 
0 0 0 
0.00106442 0.00441938 0.0275659 
63.9839 252.273 1124.42 
32.7487 128.107 544.999 
0.193333 0.75025 3.0478 
0 0 0 
0.000674786 0.00280166 0.0174754 
36.6877 144.651 644.73 
8.87842 34.7309 147.754 
0.0416011 0.161438 0.655823 
0 0 0 
0.0210786 0.0831077 0.370424 
1.8814e-12 7.3597e-12 3.131e-11 
1.27346e-12 4.94179e-12 2.00754e-11 
$escByGroup
 5e-07 5e-07 5e-07 5e-07 5e-07 5e-07 1082.88 174.127 12.1615 5e-07 5.00028e-07 4234.53 67.023 5.00067e-07 5e-07 5.00026e-07 5.00011e-07 5.00055e-07 5e-07 5e-07 5e-07 5e-07 5e-07 38.2586 3219.75 1091.75 5.00093e-07 5e-07 5.0005e-07 611.434 232.159 15.0243 5e-07 5.00034e-07 5.00013e-07 0.3677 5e-07 5e-07 5e-07 5e-07 5e-07 5e-07 548.655 698.236 9.4703 5e-07 5.0001e-07 336.64 413.809 5.00015e-07 5e-07 5.00009e-07 5.00006e-07 5.00013e-07 5e-07 5e-07 5e-07 5e-07 5e-07 5e-07 135.052 19.2867 5e-07 5e-07 23.1483 1100 36.5792 0.032433 5e-07 2.2442 2.32528 5e-07 5e-07 5e-07 5e-07 5e-07 5e-07 0.568019 420.871 126.879 0.366403 5e-07 0.360095 241.323 34.398 0.0788423 5e-07 0.13865 5.00002e-07 5.00001e-07
$catchByGroup
0 0 0 0 0 0 359.404 69.1262 5.71105 0 1.47954e-12 1405.42 26.6072 1.25049e-10 0 3.46467e-11 1.72892e-11 1.03659e-10 0 0 0 0 0 0.522807 1053.87 423.962 1.69277e-10 0 2.72752e-12 200.13 90.1545 6.83881 0 4.39646e-11 2.07079e-11 0.16737 0 0 0 0 0 0 247.693 384.641 6.31382 0 6.50983e-13 151.978 227.957 3.98902e-11 0 1.68707e-11 1.24195e-11 3.40048e-11 0 0 0 0 0 0 31.7804 9.75708 2.92025e-12 0 0.0355741 258.851 18.5053 0.0736332 0 0.528103 1.17636 1.83365e-12 0 0 0 0 0 0.00106442 63.9839 32.7487 0.193333 0 0.000674786 36.6877 8.87842 0.0416011 0 0.0210786 1.8814e-12 1.27346e-12 
0 0 0 0 0 0 117.762 22.9368 1.91932 0 4.45752e-13 460.498 8.82857 4.20253e-11 0 1.13523e-11 5.73675e-12 3.48367e-11 0 0 0 0 0 0.091824 204.929 83.7129 3.3947e-11 0 4.79052e-13 38.9162 17.8014 1.37146 0 8.5491e-12 4.08885e-12 0.0335646 0 0 0 0 0 0 101.154 159.256 2.65071 0 2.4234e-13 62.0654 94.383 1.6747e-11 0 6.88976e-12 5.14213e-12 1.42761e-11 0 0 0 0 0 0 923.213 260.743 7.19491e-11 0 1.96321 7519.57 494.526 1.81417 0 15.3413 31.4363 4.51773e-11 0 0 0 0 0 0.00441938 252.273 128.107 0.75025 0 0.00280166 144.651 34.7309 0.161438 0 0.0831077 7.3597e-12 4.94179e-12 
0 0 0 0 0 0 8.15079 1.59596 0.134268 0 2.98113e-14 31.873 0.614297 2.93993e-12 0 7.8574e-13 3.99167e-13 2.43705e-12 0 0 0 0 0 0.00736955 16.784 6.87771 2.79795e-12 0 3.84474e-14 3.1873 1.46253 0.113038 0 7.00186e-13 3.35933e-13 0.00276643 0 0 0 0 0 0 1.54579 2.45436 0.0412052 0 3.50427e-15 0.948455 1.45458 2.60331e-13 0 1.05286e-13 7.92475e-14 2.21921e-13 0 0 0 0 0 0 67.0171 20.528 6.12953e-12 0 0.0761497 545.854 38.9335 0.154554 0 1.11364 2.47494 3.84877e-12 0 0 0 0 0 0.0275659 1124.42 544.999 3.0478 0 0.0174754 644.73 147.754 0.655823 0 0.370424 3.131e-11 2.00754e-11 
$Fmort
 0.321764 0.701198 0.351447
#ESTIMATED_PARAMETERS
$availability
1.42624 1.46371 1.76582 0.152597 0.191638 
0.196269 0.117312 0.300102 4.02018 0.366136 
0.0261408 0.0187644 0.00863236 0.299301 4.64716 
$selectivity
 0.0287445 0.56722 0.650657 0.735932 3.01745
$RunSize
 0 0 0 0 0 0 1568.2 267.786 19.9262 0 1.12903e-10 6132.32 103.073 4.36303e-10 0 1.51175e-10 6.69763e-11 3.61672e-10 0 0 0 0 0 38.8806 4495.33 1606.31 5.7791e-10 0 2.02842e-10 853.668 341.577 23.3477 0 1.87534e-10 7.84579e-11 0.571401 0 0 0 0 0 0 899.049 1244.59 18.476 0 4.01858e-11 551.631 737.604 1.1673e-10 0 6.12355e-11 4.01858e-11 9.95076e-11 0 0 0 0 0 0 1157.06 310.315 8.22852e-11 0 25.2233 9424.27 588.544 2.07479 0 19.2272 37.4129 5.16674e-11 0 0 0 0 0 0.601068 1861.55 832.734 4.35779 0 0.381047 1067.39 225.761 0.937704 0 0.61326 4.78402e-11 2.87041e-11
