$ndistricts
3
$ngroups
90
$nstocks
5
$nagecomps
18
$AgeCompLabels
 0.1 0.2 0.3 0.4 0.5 1.1 1.2 1.3 1.4 1.5 2.1 2.2 2.3 2.4 3.1 3.2 3.3 3.4
$navailpar
15
$nselectpar
5
$GENdata
-1
$maxGradient
0.000339697
#LIKELIHOOD_VALUES_AND_PENALTIES
$totalNLL
-153847
$NLLcatch
-27388.5
$NLLescape
-134539
$NLLagecompCatch
3121.94
$NLLagecompEsc
4958.69
$NLLgenetics
0
$NLLselOne
4.67659e-15
$NLLavailOne
1.17179e-10
$NLLextra
5.59989e-10
#OBSERVED_AND_PREDICTED_VALUES
$predEsc
 13073.7 103.885 2041.69 1216.52 436.465
$obsEsc
 13140.5 100.48 2026.69 1173.84 429.336
$predCatch
 3085.42 964.024 14.558
$obsCatch
 3085.42 964.024 14.558
$RunSize
 0 0 0 0 0 1.73483 358.496 40.3885 0 0 43.6726 14605 664.91 2.24288e-10 0 17.7123 5.94067 0 0 0 0 0 0 1.60329 32.4618 70.5127 0 0 0 9.01496 18.4551 3.83498e-11 0 2.90529e-11 4.29982e-11 0 0 0 0 0 0 2.51871 289.091 245.426 0 0 16.0204 1232.02 920.427 8.59965e-11 0 2.06996 1.88263e-10 0 0 0 0 0 0 4.99709e-11 17.1675 62.8718 0 0 3.10899 466.286 984.576 8.05927 0 339.366 7.25361 0 0 0 0 0 0 1.27833e-11 168.796 1.43668 0 0 0 276.103 22.5504 0.160813 0 1.04633 1.27833e-11 0
$SSageCompEsc
 2471 167 1259 1083 1442
$obsAgeCompEsc
0 0 0 0 0 0 0.0156137 0.00188088 0 0 0.00341769 0.941034 0.0371086 0 0 0.000944663 0 0 
0 0 0 0 0 0.0135436 0.257423 0.51708 0 0 0 0.0743071 0.137647 0 0 0 0 0 
0 0 0 0 0 0.000764843 0.101111 0.0795755 0 0 0.00790217 0.492619 0.317263 0 0 0.000764843 0 0 
0 0 0 0 0 0 0.0108303 0.0268612 0 0 0.0027272 0.307862 0.506925 0.00507137 0 0.13499 0.00473233 0 
0 0 0 0 0 0 0.357188 0.00257754 0 0 0 0.588257 0.0493909 0.000383156 0 0.00220313 0 0 
$predAgeCompEsc
0 0 0 0 0 0.000129046 0.0228647 0.00233554 0 0 0.0032486 0.931499 0.0384497 1.46702e-14 0 0.00112968 0.000343531 0 
0 0 0 0 0 0.0150136 0.261338 0.516017 0 0 0 0.0725761 0.135055 3.1645e-13 0 2.33894e-13 3.14664e-13 0 
0 0 0 0 0 0.00119091 0.112357 0.084045 0 0 0.00757485 0.478831 0.315196 3.45215e-14 0 0.000804501 6.44697e-14 0 
0 0 0 0 0 3.89926e-14 0.010035 0.030501 0 0 0.00242596 0.27256 0.477648 0.00494061 0 0.198371 0.00351895 0 
0 0 0 0 0 2.89674e-14 0.359777 0.0029439 0 0 0 0.588494 0.0462081 0.000346239 0 0.00223019 2.61942e-14 0 
$SSageCompCatch
 1343 1342 266
$obsAgeCompCatch
0 0 0 0 0 0.000934286 0.0645619 0.0352666 0 0 0 0.755517 0.139196 0 0 0.00327484 0.00124873 0 
0 0 0 0 0 0 0.0208172 0.0398769 0 0 0 0.339425 0.442644 0.00221429 0 0.152807 0.00221429 0 
0 0 0 0 0 0 0.255639 0.0225564 0 0 0 0.56391 0.12406 0 0 0.0338346 0 0 
$predAgeCompCatch
0 0 0 0 0 5.27856e-05 0.0375951 0.02972 0 0 0.000518883 0.791935 0.136749 4.01124e-05 0 0.00290265 0.000486669 0 
0 0 0 0 0 1.62176e-05 0.0227234 0.0359091 0 0 0.000323178 0.399911 0.440598 0.00199496 0 0.09551 0.00301385 0 
0 0 0 0 0 4.44344e-06 0.233525 0.0133944 0 0 0.00010107 0.529936 0.189795 0.000799876 0 0.0314009 0.00104212 0 
$genSS
 0 0 0
$obsGenComp     #GeneticFracData
-1 -1 -1 -1 -1 
-1 -1 -1 -1 -1 
-1 -1 -1 -1 -1 
$predGenComp     #catchGenComp_pred
0 0 0 0 0 
0 0 0 0 0 
0 0 0 0 0 
#PARAMETERS_OF_INTEREST
$catchByGroup
0 0 0 
0 0 0 
0 0 0 
0 0 0 
0 0 0 
0.0435437 0.00414568 3.01878e-05 
54.057 5.47276 0.0401087 
8.91085 0.936526 0.00689109 
0 0 0 
0 0 0 
1.09617 0.104364 0.00075995 
2202.27 222.959 1.63402 
146.698 15.4179 0.113447 
2.95132e-11 2.95865e-12 2.16608e-14 
0 0 0 
2.67081 0.270394 0.00198166 
1.31068 0.137752 0.0010136 
0 0 0 
0 0 0 
0 0 0 
0 0 0 
0 0 0 
0 0 0 
0.0412855 0.00229113 2.00265e-05 
5.01298 0.297116 0.00260706 
15.9158 0.98189 0.00863624 
0 0 0 
0 0 0 
0 0 0 
1.39215 0.0825119 0.000724005 
4.16559 0.256987 0.00226033 
5.16951e-12 3.03179e-13 2.6586e-15 
0 0 0 
4.48654e-12 2.65914e-13 2.33328e-15 
9.70536e-12 5.9875e-13 5.26633e-15 
0 0 0 
0 0 0 
0 0 0 
0 0 0 
0 0 0 
0 0 0 
0.0780362 0.00919734 1.44733e-05 
52.9621 6.72069 0.0106811 
65.1699 8.64805 0.0138288 
0 0 0 
0 0 0 
0.496354 0.0585003 9.20587e-05 
225.709 28.6415 0.0455197 
244.409 32.433 0.0518627 
1.3783e-11 1.72849e-12 2.74267e-15 
0 0 0 
0.379221 0.0481216 7.64793e-05 
4.99909e-11 6.6338e-12 1.06079e-14 
0 0 0 
0 0 0 
0 0 0 
0 0 0 
0 0 0 
0 0 0 
1.35725e-13 2.38986e-12 9.95507e-15 
0.29761 4.64014 0.0219785 
1.65462 23.9892 0.122713 
0 0 0 
0 0 0 
0.00844428 0.148688 0.000619365 
8.08336 126.031 0.596957 
25.9114 375.673 1.92169 
0.120744 1.91926 0.00890708 
0 0 0 
5.88312 91.7258 0.434469 
0.190896 2.76767 0.0141575 
0 0 0 
0 0 0 
0 0 0 
0 0 0 
0 0 0 
0 0 0 
4.3588e-14 5.69277e-14 3.94838e-14 
3.66664 4.77524 3.32429 
0.0473218 0.0615218 0.0429266 
0 0 0 
0 0 0 
0 0 0 
5.99759 7.81095 5.4376 
0.742773 0.965659 0.673784 
0.00301987 0.00393472 0.00273752 
0 0 0 
0.0227287 0.0296007 0.0206066 
4.21059e-13 5.47407e-13 3.81951e-13 
0 0 0 
$escByGroup
 5e-07 5e-07 5e-07 5e-07 5e-07 1.68711 298.926 30.5343 5e-07 5e-07 42.4713 12178.2 502.681 5.00048e-07 5e-07 14.7691 4.49123 5e-07 5e-07 5e-07 5e-07 5e-07 5e-07 1.55969 27.1491 53.6064 5e-07 5e-07 5e-07 7.53957 14.0302 5.00008e-07 5e-07 5.00006e-07 5.00008e-07 5e-07 5e-07 5e-07 5e-07 5e-07 5e-07 2.43147 229.398 171.594 5e-07 5e-07 15.4655 977.625 643.533 5.00018e-07 5e-07 1.64254 5.00033e-07 5e-07 5e-07 5e-07 5e-07 5e-07 5e-07 5.00012e-07 12.2078 37.1052 5e-07 5e-07 2.95124 331.575 581.07 6.01036 5e-07 241.322 4.28088 5e-07 5e-07 5e-07 5e-07 5e-07 5e-07 5.00003e-07 157.03 1.28491 5e-07 5e-07 5e-07 256.857 20.1682 0.151121 5e-07 0.973397 5.00003e-07 5e-07
$catchByGroup
0 0 0 0 0 0.0435437 54.057 8.91085 0 0 1.09617 2202.27 146.698 2.95132e-11 0 2.67081 1.31068 0 0 0 0 0 0 0.0412855 5.01298 15.9158 0 0 0 1.39215 4.16559 5.16951e-12 0 4.48654e-12 9.70536e-12 0 0 0 0 0 0 0.0780362 52.9621 65.1699 0 0 0.496354 225.709 244.409 1.3783e-11 0 0.379221 4.99909e-11 0 0 0 0 0 0 1.35725e-13 0.29761 1.65462 0 0 0.00844428 8.08336 25.9114 0.120744 0 5.88312 0.190896 0 0 0 0 0 0 4.3588e-14 3.66664 0.0473218 0 0 0 5.99759 0.742773 0.00301987 0 0.0227287 4.21059e-13 0 
0 0 0 0 0 0.00414568 5.47276 0.936526 0 0 0.104364 222.959 15.4179 2.95865e-12 0 0.270394 0.137752 0 0 0 0 0 0 0.00229113 0.297116 0.98189 0 0 0 0.0825119 0.256987 3.03179e-13 0 2.65914e-13 5.9875e-13 0 0 0 0 0 0 0.00919734 6.72069 8.64805 0 0 0.0585003 28.6415 32.433 1.72849e-12 0 0.0481216 6.6338e-12 0 0 0 0 0 0 2.38986e-12 4.64014 23.9892 0 0 0.148688 126.031 375.673 1.91926 0 91.7258 2.76767 0 0 0 0 0 0 5.69277e-14 4.77524 0.0615218 0 0 0 7.81095 0.965659 0.00393472 0 0.0296007 5.47407e-13 0 
0 0 0 0 0 3.01878e-05 0.0401087 0.00689109 0 0 0.00075995 1.63402 0.113447 2.16608e-14 0 0.00198166 0.0010136 0 0 0 0 0 0 2.00265e-05 0.00260706 0.00863624 0 0 0 0.000724005 0.00226033 2.6586e-15 0 2.33328e-15 5.26633e-15 0 0 0 0 0 0 1.44733e-05 0.0106811 0.0138288 0 0 9.20587e-05 0.0455197 0.0518627 2.74267e-15 0 7.64793e-05 1.06079e-14 0 0 0 0 0 0 9.95507e-15 0.0219785 0.122713 0 0 0.000619365 0.596957 1.92169 0.00890708 0 0.434469 0.0141575 0 0 0 0 0 0 3.94838e-14 3.32429 0.0429266 0 0 0 5.4376 0.673784 0.00273752 0 0.0206066 3.81951e-13 0 
$Fmort
 0.212169 0.145112 0.00792423
#ESTIMATED_PARAMETERS
$availability
1.42624 1.46371 1.76582 0.152597 0.191638 
0.196269 0.117312 0.300102 4.02018 0.366136 
0.0261408 0.0187644 0.00863236 0.299301 4.64716 
$selectivity
 0.0840049 0.540136 0.823743 0.466244 3.08587
$RunSize
 0 0 0 0 0 1.73483 358.496 40.3885 0 0 43.6726 14605 664.91 2.24288e-10 0 17.7123 5.94067 0 0 0 0 0 0 1.60329 32.4618 70.5127 0 0 0 9.01496 18.4551 3.83498e-11 0 2.90529e-11 4.29982e-11 0 0 0 0 0 0 2.51871 289.091 245.426 0 0 16.0204 1232.02 920.427 8.59965e-11 0 2.06996 1.88263e-10 0 0 0 0 0 0 4.99709e-11 17.1675 62.8718 0 0 3.10899 466.286 984.576 8.05927 0 339.366 7.25361 0 0 0 0 0 0 1.27833e-11 168.796 1.43668 0 0 0 276.103 22.5504 0.160813 0 1.04633 1.27833e-11 0
