$ndistricts
3
$ngroups
90
$nstocks
5
$nagecomps
18
$AgeCompLabels
 0.1 0.2 0.3 0.4 0.5 1.1 1.2 1.3 1.4 1.5 2.1 2.2 2.3 2.4 3.1 3.2 3.3 3.4
$navailpar
15
$nselectpar
5
$GENdata
-1
$maxGradient
0.000564267
#LIKELIHOOD_VALUES_AND_PENALTIES
$totalNLL
-47293.9
$NLLcatch
-3560.06
$NLLescape
-49375.2
$NLLagecompCatch
1789.59
$NLLagecompEsc
3851.73
$NLLgenetics
0
$NLLselOne
9.88831e-15
$NLLavailOne
1.17179e-10
$NLLextra
5.29966e-10
#OBSERVED_AND_PREDICTED_VALUES
$predEsc
 4414.55 216.72 1249.3 1275.37 71.6665
$obsEsc
 4433.84 214.848 1241.06 1275.63 61.854
$predCatch
 538.163 172.253 2.151
$obsCatch
 538.163 172.253 2.151
$RunSize
 0 0 0 0 0 4.4824e-10 38.6612 317.021 4.46004 0 26.5851 4263.98 136.003 0 0 4.13903 0 0 0 0 0 0 0 1.19285 76.4391 51.7718 2.08161 0 1.03576e-10 103.052 2.88945 0 0 1.42802e-10 0 0 0 0 0 0 0 0.226484 147.34 237.157 0.250826 0 17.0891 811.624 196.102 0.440552 0 0.517445 0 0 0 0 0 0 0 3.88299e-10 111.666 102.739 2.87367e-10 0 1.55143e-10 1015.62 194.1 1.49869 0 2.45056e-10 1.5987 0 0 0 0 0 0 0.064115 7.45162 6.9422 0.0478094 0 0.206137 53.3147 4.93993 0.112249 0 0.845143 0 0
$SSageCompEsc
 1298 257 1556 967 482
$obsAgeCompEsc
0 0 0 0 0 0 0.00648223 0.0664573 0.000948691 0 0.00595634 0.899347 0.0208078 0 0 0 0 0 
0 0 0 0 0 0.00540844 0.316349 0.211861 0.00943396 0 0 0.445973 0.0109749 0 0 0 0 0 
0 0 0 0 0 0.000180165 0.103204 0.163058 0.000199445 0 0.0134681 0.596115 0.123139 0.000354279 0 0.000281639 0 0 
0 0 0 0 0 0 0.0411287 0.0698971 0 0 0 0.754258 0.131067 0.00136922 0 0 0.00227985 0 
0 0 0 0 0 0 0.0555949 0.0834801 0 0 0.00314963 0.791241 0.064778 0.00175644 0 0 0 0 
$predAgeCompEsc
0 0 0 0 0 9.93917e-14 0.00812169 0.0618495 0.000981648 0 0.00589491 0.895749 0.0265337 0 0 0.0008695 0 0 
0 0 0 0 0 0.00538758 0.327075 0.205771 0.00933216 0 4.67807e-13 0.440949 0.0114844 0 0 6.11037e-13 0 0 
0 0 0 0 0 0.000176498 0.107282 0.15729 0.000193656 0 0.0133174 0.590962 0.130062 0.000340137 0 0.000376764 0 0 
0 0 0 0 0 2.96494e-13 0.0797125 0.0668389 2.17411e-13 0 1.18463e-13 0.724999 0.126276 0.00113385 0 1.74933e-13 0.00104007 0 
0 0 0 0 0 0.000887866 0.101218 0.0918206 0.000660319 0 0.00285459 0.724191 0.0653376 0.00155032 0 0.0114799 0 0 
$SSageCompCatch
 563 547 441.5
$obsAgeCompCatch
0 0 0 0 0 0 0.0544393 0.135471 0 0 0.00172759 0.671499 0.134121 0 0 0.00274195 0 0 
0 0 0 0 0 0 0.0915708 0.107337 0 0 0 0.622812 0.178281 0 0 0 0 0 
0 0 0 0 0 0.00115741 0.174839 0.163348 0.00139791 0 0 0.47507 0.167271 0 0 0.0169173 0 0 
$predAgeCompCatch
0 0 0 0 0 5.60225e-05 0.0395847 0.162856 0.000343671 0 0.00176779 0.697544 0.0971461 3.58634e-05 0 0.00062198 4.41116e-05 0 
0 0 0 0 0 8.05611e-06 0.0605447 0.126168 5.68458e-05 0 0.000362807 0.616094 0.194892 0.000286301 0 0.0001562 0.00143148 0 
0 0 0 0 0 8.59136e-05 0.0672638 0.137142 0.000136462 0 0.000480192 0.6303 0.159577 0.000349795 0 0.00377848 0.000886235 0 
$genSS
 0 0 0
$obsGenComp     #GeneticFracData
-1 -1 -1 -1 -1 
-1 -1 -1 -1 -1 
-1 -1 -1 -1 -1 
$predGenComp     #catchGenComp_pred
0 0 0 0 0 
0 0 0 0 0 
0 0 0 0 0 
#PARAMETERS_OF_INTEREST
$catchByGroup
0 0 0 
0 0 0 
0 0 0 
0 0 0 
0 0 0 
8.93617e-12 5.27633e-13 6.72691e-15 
2.64563 0.159956 0.00204231 
41.3683 2.5821 0.0330336 
0.119348 0.00706997 9.01547e-05 
0 0 0 
0.530003 0.0312938 0.000398972 
291.789 17.6417 0.225248 
17.7472 1.10773 0.0141716 
0 0 0 
0 0 0 
0.283238 0.0171248 0.000218647 
0 0 0 
0 0 0 
0 0 0 
0 0 0 
0 0 0 
0 0 0 
0 0 0 
0.024399 0.000839457 1.28501e-05 
5.36328 0.189188 0.00289855 
6.92079 0.252454 0.00387243 
0.0571456 0.00197291 3.02042e-05 
0 0 0 
2.11859e-12 7.28907e-14 1.11578e-15 
7.23056 0.255055 0.0039077 
0.386258 0.0140898 0.000216125 
0 0 0 
0 0 0 
1.00196e-11 3.53437e-13 5.41502e-15 
0 0 0 
0 0 0 
0 0 0 
0 0 0 
0 0 0 
0 0 0 
0 0 0 
0.00557696 0.000407514 1.12242e-06 
12.3798 0.931083 0.00257031 
37.6989 2.94713 0.00816073 
0.00828341 0.000607698 1.67432e-06 
0 0 0 
0.420801 0.0307484 8.46908e-05 
68.1942 5.12888 0.0141586 
31.1728 2.43695 0.00674802 
0.014549 0.00106736 2.94077e-06 
0 0 0 
0.0434767 0.00326988 9.02669e-06 
0 0 0 
0 0 0 
0 0 0 
0 0 0 
0 0 0 
0 0 0 
0 0 0 
8.35718e-13 9.25569e-12 6.67155e-14 
0.843692 9.09138 0.0675205 
1.52557 15.846 0.122505 
8.3275e-13 9.18792e-12 6.65015e-14 
0 0 0 
3.33908e-13 3.69807e-12 2.66559e-14 
7.67352 82.6875 0.61411 
2.8822 29.9372 0.231444 
0.00434299 0.0479172 0.000346821 
0 0 0 
1.85152e-12 1.99514e-11 1.48177e-13 
0.0237392 0.246578 0.00190629 
0 0 0 
0 0 0 
0 0 0 
0 0 0 
0 0 0 
0 0 0 
0.000173248 0.000140719 0.000170828 
0.0706363 0.0574102 0.0696529 
0.129212 0.105109 0.127421 
0.000173926 0.000141281 0.000171497 
0 0 0 
0.000557011 0.000452426 0.00054923 
0.505387 0.410758 0.498351 
0.0919443 0.0747933 0.09067 
0.00040835 0.000331706 0.000402648 
0 0 0 
0.00801139 0.00651132 0.00789985 
0 0 0 
0 0 0 
$escByGroup
 5e-07 5e-07 5e-07 5e-07 5e-07 5.0011e-07 35.8536 273.038 4.33354 5e-07 26.0234 3954.33 117.134 5e-07 5e-07 3.83845 5e-07 5e-07 5e-07 5e-07 5e-07 5e-07 5e-07 1.16759 70.8837 44.5947 2.02246 5e-07 5.00025e-07 95.5624 2.48889 5e-07 5e-07 5.00033e-07 5e-07 5e-07 5e-07 5e-07 5e-07 5e-07 5e-07 0.220499 134.027 196.502 0.241934 5e-07 16.6374 738.287 162.486 0.424933 5e-07 0.47069 5e-07 5e-07 5e-07 5e-07 5e-07 5e-07 5e-07 5.00095e-07 101.663 85.2445 5.00069e-07 5e-07 5.00038e-07 924.643 161.049 1.44608 5e-07 5.00056e-07 1.32648 5e-07 5e-07 5e-07 5e-07 5e-07 5e-07 0.0636302 7.25392 6.58046 0.0473227 5e-07 0.204578 51.9002 4.68252 0.111106 5e-07 0.822721 5e-07 5e-07
$catchByGroup
0 0 0 0 0 8.93617e-12 2.64563 41.3683 0.119348 0 0.530003 291.789 17.7472 0 0 0.283238 0 0 0 0 0 0 0 0.024399 5.36328 6.92079 0.0571456 0 2.11859e-12 7.23056 0.386258 0 0 1.00196e-11 0 0 0 0 0 0 0 0.00557696 12.3798 37.6989 0.00828341 0 0.420801 68.1942 31.1728 0.014549 0 0.0434767 0 0 0 0 0 0 0 8.35718e-13 0.843692 1.52557 8.3275e-13 0 3.33908e-13 7.67352 2.8822 0.00434299 0 1.85152e-12 0.0237392 0 0 0 0 0 0 0.000173248 0.0706363 0.129212 0.000173926 0 0.000557011 0.505387 0.0919443 0.00040835 0 0.00801139 0 0 
0 0 0 0 0 5.27633e-13 0.159956 2.5821 0.00706997 0 0.0312938 17.6417 1.10773 0 0 0.0171248 0 0 0 0 0 0 0 0.000839457 0.189188 0.252454 0.00197291 0 7.28907e-14 0.255055 0.0140898 0 0 3.53437e-13 0 0 0 0 0 0 0 0.000407514 0.931083 2.94713 0.000607698 0 0.0307484 5.12888 2.43695 0.00106736 0 0.00326988 0 0 0 0 0 0 0 9.25569e-12 9.09138 15.846 9.18792e-12 0 3.69807e-12 82.6875 29.9372 0.0479172 0 1.99514e-11 0.246578 0 0 0 0 0 0 0.000140719 0.0574102 0.105109 0.000141281 0 0.000452426 0.410758 0.0747933 0.000331706 0 0.00651132 0 0 
0 0 0 0 0 6.72691e-15 0.00204231 0.0330336 9.01547e-05 0 0.000398972 0.225248 0.0141716 0 0 0.000218647 0 0 0 0 0 0 0 1.28501e-05 0.00289855 0.00387243 3.02042e-05 0 1.11578e-15 0.0039077 0.000216125 0 0 5.41502e-15 0 0 0 0 0 0 0 1.12242e-06 0.00257031 0.00816073 1.67432e-06 0 8.46908e-05 0.0141586 0.00674802 2.94077e-06 0 9.02669e-06 0 0 0 0 0 0 0 6.67155e-14 0.0675205 0.122505 6.65015e-14 0 2.66559e-14 0.61411 0.231444 0.000346821 0 1.48177e-13 0.00190629 0 0 0 0 0 0 0.000170828 0.0696529 0.127421 0.000171497 0 0.00054923 0.498351 0.09067 0.000402648 0 0.00789985 0 0 
$Fmort
 0.0848148 0.0360481 0.00344863
#ESTIMATED_PARAMETERS
$availability
1.42624 1.46371 1.76582 0.152597 0.191638 
0.196269 0.117312 0.300102 4.02018 0.366136 
0.0261408 0.0187644 0.00863236 0.299301 4.64716 
$selectivity
 0.166473 0.585992 1.15591 0.224227 2.8674
$RunSize
 0 0 0 0 0 4.4824e-10 38.6612 317.021 4.46004 0 26.5851 4263.98 136.003 0 0 4.13903 0 0 0 0 0 0 0 1.19285 76.4391 51.7718 2.08161 0 1.03576e-10 103.052 2.88945 0 0 1.42802e-10 0 0 0 0 0 0 0 0.226484 147.34 237.157 0.250826 0 17.0891 811.624 196.102 0.440552 0 0.517445 0 0 0 0 0 0 0 3.88299e-10 111.666 102.739 2.87367e-10 0 1.55143e-10 1015.62 194.1 1.49869 0 2.45056e-10 1.5987 0 0 0 0 0 0 0.064115 7.45162 6.9422 0.0478094 0 0.206137 53.3147 4.93993 0.112249 0 0.845143 0 0
