$ndistricts
3
$ngroups
90
$nstocks
5
$nagecomps
18
$AgeCompLabels
 0.1 0.2 0.3 0.4 0.5 1.1 1.2 1.3 1.4 1.5 2.1 2.2 2.3 2.4 3.1 3.2 3.3 3.4
$navailpar
15
$nselectpar
5
$GENdata
-1
$maxGradient
0.000431793
#LIKELIHOOD_VALUES_AND_PENALTIES
$totalNLL
-68281.1
$NLLcatch
-47057.1
$NLLescape
-38625.4
$NLLagecompCatch
10192.6
$NLLagecompEsc
7208.84
$NLLgenetics
0
$NLLselOne
1.2629e-14
$NLLavailOne
1.17179e-10
$NLLextra
4.89968e-10
#OBSERVED_AND_PREDICTED_VALUES
$predEsc
 2286.08 713.803 1249.98 1105.34 909.925
$obsEsc
 2296.07 680.62 1202.17 1110.94 924.853
$predCatch
 2552.72 3558.35 724.327
$obsCatch
 2552.72 3558.35 724.327
$RunSize
 0 0 3.26715e-10 1.35546 0 15.4136 1676.04 927.213 1.21703e-10 0 43.6059 683.236 112.878 9.20018e-11 0 1.43436e-10 8.69308e-11 0 0 0 1.38472 0 0 0 302.198 663.887 2.00665e-10 0 5.23034e-10 144.308 14.5342 1.23152e-10 0 2.97014e-10 1.16632e-10 0 0 0 1.03593e-10 0 0 7.93308 455.325 1189.24 8.53331 0 15.8761 435.366 212 0.891096 0 2.9737 5.57806e-11 0 0 0 7.02691e-11 0 0 3.27555 243.801 311.404 3.96954 0 62.2526 814.72 2911.15 0.60313 0 46.7577 7.94159 0 0 2.69488 1.04215 0 0 9.50176 254.285 390.402 0.61321 0 7.27268 263.641 847.975 3.01532 0 7.17179e-11 6.80958e-11 0
$SSageCompEsc
 1294 88.5 1433 1447 1176
$obsAgeCompEsc
0 0 0 0.000963247 0 0.00675764 0.573554 0.182383 0 0 0.0180585 0.174931 0.0433521 0 0 0 0 0 
0 0 0 0 0 0 0.601116 0.250188 0 0 0 0.102692 0.0460043 0 0 0 0 0 
0 0 0 0 0 0.00656955 0.253538 0.403147 0.00534598 0 0.0127164 0.201772 0.114355 0.000725745 0 0.00183022 0 0 
0 0 0 0 0 0.00294496 0.0764659 0.0509895 0 0 0.0558247 0.230228 0.573432 0 0 0.00868537 0.00143005 0 
0 0.00288582 0.00101158 0 0 0.010307 0.191498 0.209823 0.000326421 0 0.00786283 0.184948 0.391127 0.000210013 0 0 0 0 
$predAgeCompEsc
0 0 8.15506e-14 0.000349984 0 0.00669913 0.507502 0.23144 3.14242e-14 0 0.0189522 0.206882 0.0281751 2.37552e-14 0 4.3432e-14 2.16986e-14 0 
0 0 0.00114069 0 0 0 0.297792 0.54689 1.70522e-13 0 7.28172e-13 0.142204 0.0119729 1.04652e-13 0 2.92683e-13 9.60781e-14 0 
0 0 3.94757e-14 0 0 0.00629495 0.225901 0.45318 0.00340872 0 0.0125978 0.215999 0.0807862 0.000355958 0 0.00147535 2.12561e-14 0 
0 0 1.25222e-14 0 0 0.0029135 0.080536 0.0554933 0.000795585 0 0.0553718 0.269131 0.518778 0.000120881 0 0.0154457 0.00141522 0 
0 0.00182482 0.000527405 0 0 0.0103601 0.172188 0.197572 0.000327408 0 0.00792966 0.178523 0.429138 0.00160995 0 4.85633e-14 3.44615e-14 0 
$SSageCompCatch
 3781 3998 901
$obsAgeCompCatch
0 0 0.000286983 0 0 0 0.232375 0.501829 0.000642949 0 0.00058945 0.176455 0.0872107 0 0 0.000610614 0 0 
0 0 0 0 0 0 0.0782073 0.129865 0.00141694 0 0 0.168708 0.609167 0.00031754 0 0.0105194 0.00179869 0 
0 0 0 0 0 0 0.0737964 0.188093 0.000445989 0 0 0.100002 0.63423 0.00343166 0 0 0 0 
$predAgeCompCatch
0 4.26448e-05 0.000226555 0.000185463 0 5.89334e-05 0.268978 0.445248 0.00146247 0 0.000155573 0.154393 0.127921 0.000220897 0 0.00095987 0.000147792 0 
0 5.79541e-05 4.70402e-05 2.20943e-05 0 2.45407e-05 0.0752966 0.129484 0.00101506 0 0.000295533 0.155872 0.628323 0.000230899 0 0.00771054 0.00162099 0 
0 0.000993128 0.000534325 4.57104e-06 0 7.67925e-05 0.105298 0.217808 0.00045934 0 9.05103e-05 0.121672 0.549971 0.00149179 0 0.00128054 0.000320267 0 
$genSS
 0 0 0
$obsGenComp     #GeneticFracData
-1 -1 -1 -1 -1 
-1 -1 -1 -1 -1 
-1 -1 -1 -1 -1 
$predGenComp     #catchGenComp_pred
0 0 0 0 0 
0 0 0 0 0 
0 0 0 0 0 
#PARAMETERS_OF_INTEREST
$catchByGroup
0 0 0 
0 0 0 
1.19411e-10 2.00278e-11 8.44845e-13 
0.473436 0.0786192 0.00331093 
0 0 0 
0.0863297 0.0120343 0.000492748 
442.908 70.0204 2.92497 
338.887 56.8387 2.39766 
4.25086e-11 7.05902e-12 2.9728e-13 
0 0 0 
0.244231 0.0340456 0.00139401 
180.551 28.5437 1.19236 
41.2556 6.91945 0.291888 
3.21345e-11 5.33629e-12 2.2473e-13 
0 0 0 
3.79041e-11 5.99235e-12 2.50319e-13 
3.17724e-11 5.3289e-12 2.24792e-13 
0 0 0 
0 0 0 
0 0 0 
0.516538 0.0513801 0.00257125 
0 0 0 
0 0 0 
0 0 0 
81.6437 7.61077 0.378662 
247.648 24.6336 1.23276 
7.15543e-11 7.04018e-12 3.51968e-13 
0 0 0 
3.00618e-12 2.4412e-13 1.20024e-14 
38.987 3.63434 0.180821 
5.42167 0.539294 0.0269883 
4.39142e-11 4.32069e-12 2.16009e-13 
0 0 0 
8.02429e-11 7.48019e-12 3.72165e-13 
4.3507e-11 4.32765e-12 2.16572e-13 
0 0 0 
0 0 0 
0 0 0 
4.46095e-11 9.55082e-12 8.8537e-14 
0 0 0 
0 0 0 
0.0549748 0.00946861 8.37487e-05 
143.928 28.7621 0.262556 
512.116 109.643 1.0164 
3.52052 0.745076 0.00688888 
0 0 0 
0.110018 0.018949 0.000167602 
137.619 27.5013 0.251048 
91.2924 19.5456 0.181189 
0.367632 0.0778051 0.000719376 
0 0 0 
0.939985 0.187843 0.00171474 
2.40205e-11 5.14275e-12 4.76737e-14 
0 0 0 
0 0 0 
0 0 0 
3.3382e-12 5.1037e-11 2.0526e-12 
0 0 0 
0 0 0 
0.00196781 0.0519869 0.00119873 
7.87488 142.079 4.82732 
14.7935 226.176 9.09628 
0.178358 2.80218 0.109612 
0 0 0 
0.0373988 0.988025 0.0227822 
26.3158 474.793 16.1316 
138.297 2114.4 85.0363 
0.0270997 0.425762 0.0166545 
0 0 0 
1.51029 27.2489 0.925814 
0.377272 5.76804 0.231978 
0 0 0 
0 0 0 
0.10886 0.206221 0.71935 
0.0617922 0.116005 0.384455 
0 0 0 
0 0 0 
0.00716811 0.0138345 0.0538477 
10.2719 19.4587 67.8768 
23.148 43.4569 144.021 
0.0344005 0.0646806 0.216211 
0 0 0 
0.0054865 0.010589 0.0412152 
10.6498 20.1746 70.3742 
50.2789 94.3908 312.822 
0.169157 0.318052 1.06317 
0 0 0 
2.89706e-12 5.48808e-12 1.91438e-11 
4.0376e-12 7.57996e-12 2.51209e-11 
0 0 0 
$escByGroup
 5e-07 5e-07 5.00047e-07 0.800091 5e-07 15.3148 1160.19 529.09 5.00018e-07 5e-07 43.3263 472.949 64.4106 5.00014e-07 5e-07 5.00025e-07 5.00012e-07 5e-07 5e-07 5e-07 0.814228 5e-07 5e-07 5e-07 212.565 390.372 5.0003e-07 5e-07 5.0013e-07 101.506 8.54627 5.00019e-07 5e-07 5.00052e-07 5.00017e-07 5e-07 5e-07 5e-07 5.00012e-07 5e-07 5e-07 7.86856 282.372 566.465 4.26082 5e-07 15.7469 269.995 100.981 0.44494 5e-07 1.84415 5.00007e-07 5e-07 5e-07 5e-07 5.00003e-07 5e-07 5e-07 3.2204 89.0194 61.3388 0.87939 5e-07 61.2044 297.48 573.424 0.133614 5e-07 17.0727 1.56429 5e-07 5e-07 1.66045 0.479899 5e-07 5e-07 9.42691 156.678 179.776 0.297917 5e-07 7.21539 162.442 390.483 1.46494 5e-07 5.00011e-07 5.00008e-07 5e-07
$catchByGroup
0 0 1.19411e-10 0.473436 0 0.0863297 442.908 338.887 4.25086e-11 0 0.244231 180.551 41.2556 3.21345e-11 0 3.79041e-11 3.17724e-11 0 0 0 0.516538 0 0 0 81.6437 247.648 7.15543e-11 0 3.00618e-12 38.987 5.42167 4.39142e-11 0 8.02429e-11 4.3507e-11 0 0 0 4.46095e-11 0 0 0.0549748 143.928 512.116 3.52052 0 0.110018 137.619 91.2924 0.367632 0 0.939985 2.40205e-11 0 0 0 3.3382e-12 0 0 0.00196781 7.87488 14.7935 0.178358 0 0.0373988 26.3158 138.297 0.0270997 0 1.51029 0.377272 0 0 0.10886 0.0617922 0 0 0.00716811 10.2719 23.148 0.0344005 0 0.0054865 10.6498 50.2789 0.169157 0 2.89706e-12 4.0376e-12 0 
0 0 2.00278e-11 0.0786192 0 0.0120343 70.0204 56.8387 7.05902e-12 0 0.0340456 28.5437 6.91945 5.33629e-12 0 5.99235e-12 5.3289e-12 0 0 0 0.0513801 0 0 0 7.61077 24.6336 7.04018e-12 0 2.4412e-13 3.63434 0.539294 4.32069e-12 0 7.48019e-12 4.32765e-12 0 0 0 9.55082e-12 0 0 0.00946861 28.7621 109.643 0.745076 0 0.018949 27.5013 19.5456 0.0778051 0 0.187843 5.14275e-12 0 0 0 5.1037e-11 0 0 0.0519869 142.079 226.176 2.80218 0 0.988025 474.793 2114.4 0.425762 0 27.2489 5.76804 0 0 0.206221 0.116005 0 0 0.0138345 19.4587 43.4569 0.0646806 0 0.010589 20.1746 94.3908 0.318052 0 5.48808e-12 7.57996e-12 0 
0 0 8.44845e-13 0.00331093 0 0.000492748 2.92497 2.39766 2.9728e-13 0 0.00139401 1.19236 0.291888 2.2473e-13 0 2.50319e-13 2.24792e-13 0 0 0 0.00257125 0 0 0 0.378662 1.23276 3.51968e-13 0 1.20024e-14 0.180821 0.0269883 2.16009e-13 0 3.72165e-13 2.16572e-13 0 0 0 8.8537e-14 0 0 8.37487e-05 0.262556 1.0164 0.00688888 0 0.000167602 0.251048 0.181189 0.000719376 0 0.00171474 4.76737e-14 0 0 0 2.0526e-12 0 0 0.00119873 4.82732 9.09628 0.109612 0 0.0227822 16.1316 85.0363 0.0166545 0 0.925814 0.231978 0 0 0.71935 0.384455 0 0 0.0538477 67.8768 144.021 0.216211 0 0.0412152 70.3742 312.822 1.06317 0 1.91438e-11 2.51209e-11 0 
$Fmort
 0.374309 0.378251 0.11624
#ESTIMATED_PARAMETERS
$availability
1.42624 1.46371 1.76582 0.152597 0.191638 
0.196269 0.117312 0.300102 4.02018 0.366136 
0.0261408 0.0187644 0.00863236 0.299301 4.64716 
$selectivity
 0.0105209 0.574833 0.852112 0.804862 2.75767
$RunSize
 0 0 3.26715e-10 1.35546 0 15.4136 1676.04 927.213 1.21703e-10 0 43.6059 683.236 112.878 9.20018e-11 0 1.43436e-10 8.69308e-11 0 0 0 1.38472 0 0 0 302.198 663.887 2.00665e-10 0 5.23034e-10 144.308 14.5342 1.23152e-10 0 2.97014e-10 1.16632e-10 0 0 0 1.03593e-10 0 0 7.93308 455.325 1189.24 8.53331 0 15.8761 435.366 212 0.891096 0 2.9737 5.57806e-11 0 0 0 7.02691e-11 0 0 3.27555 243.801 311.404 3.96954 0 62.2526 814.72 2911.15 0.60313 0 46.7577 7.94159 0 0 2.69488 1.04215 0 0 9.50176 254.285 390.402 0.61321 0 7.27268 263.641 847.975 3.01532 0 7.17179e-11 6.80958e-11 0
