$ndistricts
3
$ngroups
90
$nstocks
5
$nagecomps
18
$AgeCompLabels
 0.1 0.2 0.3 0.4 0.5 1.1 1.2 1.3 1.4 1.5 2.1 2.2 2.3 2.4 3.1 3.2 3.3 3.4
$navailpar
15
$nselectpar
5
$GENdata
-1
$maxGradient
4.92451e-05
#LIKELIHOOD_VALUES_AND_PENALTIES
$totalNLL
-98774.1
$NLLcatch
-94104.4
$NLLescape
-36532.6
$NLLagecompCatch
21774.4
$NLLagecompEsc
10088.5
$NLLgenetics
0
$NLLselOne
1.11671e-16
$NLLavailOne
1.17179e-10
$NLLextra
5.09989e-10
#OBSERVED_AND_PREDICTED_VALUES
$predEsc
 1055.01 646.399 2127.12 1134.38 1043.15
$obsEsc
 1179.32 620.071 1977.64 1152.18 1015.58
$predCatch
 2892.17 4852.93 5002.95
$obsCatch
 2892.17 4852.94 5002.95
$RunSize
 0 0 8.3013e-11 0 0 0.961295 383.929 182.776 2.44403 0 0.44512 757.184 326.455 4.87701e-11 0 2.90545e-11 0 0 0 0 4.91253 0 0 4.0949 232.561 697.491 2.36587e-10 0 0 35.7917 40.2502 1.598e-10 0 4.35818e-11 0 0 0 0 1.01691e-10 0 0 5.18831e-11 134.783 2535.75 10.8177 0 0 508.93 843.887 4.98078e-11 0 2.69792e-11 0.733986 0 0 0 0.682798 0 0 2.39209 1151.39 442.26 5.2128 0 11.4798 2766.83 983.054 1.49089 0 4.11952 0 0 0 0 7.63883 0 0 0.340555 357.641 3189.36 10.7035 0 0.252962 2171 939.414 4.38344 0 0.275374 0 0
$SSageCompEsc
 1488 88.5 2622 2897 1327
$obsAgeCompEsc
0 0 0 0 0 0.000687469 0.245549 0.0862339 0.00158238 0 0.000415519 0.495345 0.170187 0 0 0 0 0 
0 0 0 0 0 0 0.601116 0.250188 0 0 0 0.102692 0.0460043 0 0 0 0 0 
0 0 0 0 0 0 0.0452095 0.559821 0.00360753 0 0 0.175152 0.215598 0 0 0 0.000611651 0 
0 0 0 0 0 0.00178497 0.248893 0.0502525 0.000141558 0 0.00903006 0.517533 0.171536 0.000565709 0 0.00026403 0 0 
0 0 0 0 0 0 0.0450652 0.37015 0.00402346 0 0.000237857 0.393305 0.185915 0.00130305 0 0 0 0 
$predAgeCompEsc
0 0 4.75784e-14 0 0 0.00086676 0.237293 0.104757 0.00158721 0 0.000401346 0.467989 0.187106 3.16724e-14 0 1.79576e-14 0 0 
0 0 0.00473985 0 0 0.00603769 0.240414 0.672973 2.55994e-13 0 0 0.0370002 0.0388354 1.72908e-13 0 4.50533e-14 0 0 
0 0 2.47647e-14 0 0 2.2895e-14 0.0363619 0.61753 0.0031183 0 0 0.1373 0.205511 1.43575e-14 0 7.27848e-15 0.000178747 0 
0 0 9.51354e-05 0 0 0.00181168 0.231651 0.0616209 0.00129259 0 0.00869435 0.556665 0.136971 0.000369686 0 0.000828816 0 0 
0 0 0.000929487 0 0 0.00028022 0.0696405 0.388079 0.002669 0 0.000208146 0.42274 0.114307 0.00109305 0 5.36213e-05 0 0 
$SSageCompCatch
 10810 2883 4264
$obsAgeCompCatch
0 0 0.00076915 0 0 0.000160715 0.0887351 0.537446 0.0014011 0 0 0.182751 0.188675 6.20158e-05 0 0 0 0 
0 0 0.00058208 0 0 0 0.149504 0.218024 0.00290875 0 0 0.486493 0.141219 0 0 0.0012688 0 0 
0 0 0.00126295 0 0 0.000149047 0.0760237 0.451289 0.000756166 0 0 0.342244 0.127549 0.000577145 0 0.000149047 0 0 
$predAgeCompCatch
0 0 0.000715108 0 0 7.81763e-05 0.0980897 0.505292 0.00160261 0 2.47482e-05 0.208094 0.185872 7.72754e-05 0 5.53846e-05 9.85058e-05 0 
0 0 0.000313062 0 0 6.85897e-05 0.173786 0.193993 0.00104528 0 0.000303783 0.441338 0.188293 0.000270325 0 0.000573716 1.3844e-05 0 
0 0 0.00110042 0 0 1.30395e-05 0.0629063 0.461926 0.00138165 0 2.57342e-05 0.322599 0.149401 0.000555551 0 9.08215e-05 3.37553e-07 0 
$genSS
 0 0 0
$obsGenComp     #GeneticFracData
-1 -1 -1 -1 -1 
-1 -1 -1 -1 -1 
-1 -1 -1 -1 -1 
$predGenComp     #catchGenComp_pred
0 0 0 0 0 
0 0 0 0 0 
0 0 0 0 0 
#PARAMETERS_OF_INTEREST
$catchByGroup
0 0 0 
0 0 0 
2.71888e-11 5.05153e-12 5.77034e-13 
0 0 0 
0 0 0 
0.0397429 0.00640064 0.000713251 
111.086 20.1983 2.2984 
59.8638 11.1224 1.2705 
0.641521 0.11495 0.0130465 
0 0 0 
0.0184026 0.00296377 0.000330265 
219.084 39.8352 4.5329 
106.922 19.8655 2.26923 
1.28014e-11 2.2938e-12 2.60341e-13 
0 0 0 
8.40666e-12 1.52855e-12 1.73936e-13 
0 0 0 
0 0 0 
0 0 0 
0 0 0 
1.64324 0.18093 0.0245361 
0 0 0 
0 0 0 
0.173648 0.0163187 0.00218118 
68.7659 7.39231 1.00022 
233.31 25.6889 3.48368 
6.34905e-11 6.71527e-12 9.07243e-13 
0 0 0 
0 0 0 
10.5832 1.13769 0.153937 
13.4636 1.48243 0.201033 
4.28839e-11 4.53575e-12 6.12787e-13 
0 0 0 
1.28867e-11 1.38531e-12 1.87441e-13 
0 0 0 
0 0 0 
0 0 0 
0 0 0 
3.94712e-11 9.30809e-12 2.33971e-13 
0 0 0 
0 0 0 
2.64252e-12 5.27284e-13 1.27154e-14 
46.4796 10.6901 0.266989 
984.248 232.105 5.83428 
3.39738 0.768202 0.0191035 
0 0 0 
0 0 0 
175.504 40.3649 1.00813 
327.554 77.2436 1.94162 
1.56425e-11 3.53703e-12 8.7958e-14 
0 0 0 
9.30373e-12 2.13981e-12 5.34427e-14 
0.284896 0.0671841 0.00168876 
0 0 0 
0 0 0 
0 0 0 
0.0283807 0.494086 0.0524113 
0 0 0 
0 0 0 
0.0107818 0.305924 0.0202429 
41.3178 770.794 76.4977 
18.3827 320.028 33.9477 
0.167076 3.26957 0.309865 
0 0 0 
0.0517424 1.46814 0.0971464 
99.2879 1852.24 183.826 
40.8609 711.357 75.4588 
0.0477846 0.935115 0.088623 
0 0 0 
0.147829 2.7578 0.273698 
0 0 0 
0 0 0 
0 0 0 
0 0 0 
0.396599 0.844255 5.42838 
0 0 0 
0 0 0 
0.00192657 0.00421786 0.0420984 
16.0427 34.2987 234.654 
165.588 352.493 2266.45 
0.429046 0.919959 6.57032 
0 0 0 
0.00143104 0.003133 0.0312704 
97.3847 208.204 1424.42 
48.7732 103.825 667.576 
0.175709 0.376754 2.69077 
0 0 0 
0.0123525 0.0264091 0.180677 
0 0 0 
0 0 0 
$escByGroup
 5e-07 5e-07 5.00013e-07 5e-07 5e-07 0.914438 250.346 110.52 1.67451 5e-07 0.423423 493.732 197.398 5.00008e-07 5e-07 5.00005e-07 5e-07 5e-07 5e-07 5e-07 3.06383 5e-07 5e-07 3.90276 155.403 435.009 5.00041e-07 5e-07 5e-07 23.9169 25.1031 5.00028e-07 5e-07 5.00007e-07 5e-07 5e-07 5e-07 5e-07 5.00013e-07 5e-07 5e-07 5.00012e-07 77.3461 1313.56 6.633 5e-07 5e-07 292.054 437.148 5.00008e-07 5e-07 5.00004e-07 0.380217 5e-07 5e-07 5e-07 0.10792 5e-07 5e-07 2.05514 262.781 69.9017 1.46629 5e-07 9.86273 631.472 155.377 0.419366 5e-07 0.940195 5e-07 5e-07 5e-07 5e-07 0.969595 5e-07 5e-07 0.292312 72.6456 404.825 2.78417 5e-07 0.217127 440.982 119.24 1.14021 5e-07 0.0559351 5e-07 5e-07
$catchByGroup
0 0 2.71888e-11 0 0 0.0397429 111.086 59.8638 0.641521 0 0.0184026 219.084 106.922 1.28014e-11 0 8.40666e-12 0 0 0 0 1.64324 0 0 0.173648 68.7659 233.31 6.34905e-11 0 0 10.5832 13.4636 4.28839e-11 0 1.28867e-11 0 0 0 0 3.94712e-11 0 0 2.64252e-12 46.4796 984.248 3.39738 0 0 175.504 327.554 1.56425e-11 0 9.30373e-12 0.284896 0 0 0 0.0283807 0 0 0.0107818 41.3178 18.3827 0.167076 0 0.0517424 99.2879 40.8609 0.0477846 0 0.147829 0 0 0 0 0.396599 0 0 0.00192657 16.0427 165.588 0.429046 0 0.00143104 97.3847 48.7732 0.175709 0 0.0123525 0 0 
0 0 5.05153e-12 0 0 0.00640064 20.1983 11.1224 0.11495 0 0.00296377 39.8352 19.8655 2.2938e-12 0 1.52855e-12 0 0 0 0 0.18093 0 0 0.0163187 7.39231 25.6889 6.71527e-12 0 0 1.13769 1.48243 4.53575e-12 0 1.38531e-12 0 0 0 0 9.30809e-12 0 0 5.27284e-13 10.6901 232.105 0.768202 0 0 40.3649 77.2436 3.53703e-12 0 2.13981e-12 0.0671841 0 0 0 0.494086 0 0 0.305924 770.794 320.028 3.26957 0 1.46814 1852.24 711.357 0.935115 0 2.7578 0 0 0 0 0.844255 0 0 0.00421786 34.2987 352.493 0.919959 0 0.003133 208.204 103.825 0.376754 0 0.0264091 0 0 
0 0 5.77034e-13 0 0 0.000713251 2.2984 1.2705 0.0130465 0 0.000330265 4.5329 2.26923 2.60341e-13 0 1.73936e-13 0 0 0 0 0.0245361 0 0 0.00218118 1.00022 3.48368 9.07243e-13 0 0 0.153937 0.201033 6.12787e-13 0 1.87441e-13 0 0 0 0 2.33971e-13 0 0 1.27154e-14 0.266989 5.83428 0.0191035 0 0 1.00813 1.94162 8.7958e-14 0 5.34427e-14 0.00168876 0 0 0 0.0524113 0 0 0.0202429 76.4977 33.9477 0.309865 0 0.0971464 183.826 75.4588 0.088623 0 0.273698 0 0 0 0 5.42838 0 0 0.0420984 234.654 2266.45 6.57032 0 0.0312704 1424.42 667.576 2.69077 0 0.180677 0 0 
$Fmort
 0.493713 0.567666 0.47354
#ESTIMATED_PARAMETERS
$availability
1.42624 1.46371 1.76582 0.152597 0.191638 
0.196269 0.117312 0.300102 4.02018 0.366136 
0.0261408 0.0187644 0.00863236 0.299301 4.64716 
$selectivity
 0.0599615 0.485069 0.563501 0.43239 3.45908
$RunSize
 0 0 8.3013e-11 0 0 0.961295 383.929 182.776 2.44403 0 0.44512 757.184 326.455 4.87701e-11 0 2.90545e-11 0 0 0 0 4.91253 0 0 4.0949 232.561 697.491 2.36587e-10 0 0 35.7917 40.2502 1.598e-10 0 4.35818e-11 0 0 0 0 1.01691e-10 0 0 5.18831e-11 134.783 2535.75 10.8177 0 0 508.93 843.887 4.98078e-11 0 2.69792e-11 0.733986 0 0 0 0.682798 0 0 2.39209 1151.39 442.26 5.2128 0 11.4798 2766.83 983.054 1.49089 0 4.11952 0 0 0 0 7.63883 0 0 0.340555 357.641 3189.36 10.7035 0 0.252962 2171 939.414 4.38344 0 0.275374 0 0
