$ndistricts
3
$ngroups
90
$nstocks
5
$nagecomps
18
$AgeCompLabels
 0.1 0.2 0.3 0.4 0.5 1.1 1.2 1.3 1.4 1.5 2.1 2.2 2.3 2.4 3.1 3.2 3.3 3.4
$navailpar
15
$nselectpar
5
$GENdata
1
$maxGradient
0.000247631
#LIKELIHOOD_VALUES_AND_PENALTIES
$totalNLL
-196790
$NLLcatch
-182318
$NLLescape
-43451.8
$NLLagecompCatch
19024
$NLLagecompEsc
7132.86
$NLLgenetics
2822.83
$NLLselOne
1.0192e-15
$NLLavailOne
6.34824e-15
$NLLextra
5.19995e-10
#OBSERVED_AND_PREDICTED_VALUES
$predEsc
 2255.45 968.767 1153.89 1189.58 1366.21
$obsEsc
 2266.14 970.818 1169.47 1146.28 1364.34
$predCatch
 8514.94 11527.5 2555.26
$obsCatch
 8514.94 11527.5 2555.26
$RunSize
 0 0 0 0 0 2.82205 1136.84 2873.34 10.408 0 5.24287e-11 2232.15 131.003 1.62201e-10 0 5.57054e-11 0 0 0 0 0 0 0 1.29976 744.702 1464.24 131.349 0 3.76831e-11 76.9367 22.1967 9.17501e-11 0 4.42367e-11 0 0 0 0 0 0 0 48.4629 1213.25 1538.04 281.262 0 10.1412 868.101 572.179 19.8731 0 0.988424 0 0 0 0 0 0 0 7.62276 491.769 3539.73 20.4049 0 36.7552 6198.34 2310.14 1.10041 2.21161 8.8598 0 0 0 0 0 0 0 64.8209 927.466 1419.22 9.55051 0 1.83115 1063.51 48.6187 2.78527e-11 0 2.94911e-11 0 0
$SSageCompEsc
 1424 932 1389 1360 704
$obsAgeCompEsc
0 0 0 0 0 0.00122976 0.206111 0.33104 0.00107936 0 0 0.44407 0.0164695 0 0 0 0 0 
0 0 0 0 0 0.00132603 0.370507 0.535829 0.0438984 0 0 0.0400175 0.00842289 0 0 0 0 0 
0 0 0 0 0 0.0409857 0.338829 0.229724 0.0321101 0 0.00859633 0.256 0.090412 0.00284249 0 0.00050005 0 0 
0 0 0 0 0 0.00648294 0.0548315 0.146997 0.000484487 0 0.0303825 0.677928 0.0810102 0 0.00188295 0 0 0 
0 0 0 0 0 0.0471084 0.216886 0.345498 0.00315047 0 0.00138643 0.373268 0.0127024 0 0 0 0 0 
$predAgeCompEsc
0 0 0 0 0 0.00123042 0.200986 0.384386 0.00124209 0 2.28591e-14 0.39463 0.0175252 1.93571e-14 0 9.84836e-15 0 0 
0 0 0 0 0 0.00132354 0.35743 0.551277 0.044686 0 3.83726e-14 0.0369268 0.00835691 3.12141e-14 0 2.1232e-14 0 0 
0 0 0 0 0 0.0412706 0.332199 0.249866 0.0346599 0 0.00863615 0.237694 0.0929547 0.00244896 0 0.000270639 0 0 
0 0 0 0 0 0.00621182 0.0557985 0.12206 0.000205228 0 0.029952 0.703294 0.0796603 1.10676e-05 0.00180225 0.00100528 0 0 
0 0 0 0 0 0.0467081 0.283467 0.330164 0.00198357 0 0.00131948 0.325047 0.0113105 5.7848e-15 0 9.01355e-15 0 0 
$SSageCompCatch
 5779 5074 4205
$obsAgeCompCatch
0 0 0 0 0 5.5727e-05 0.195325 0.485106 0.0337067 0 0 0.216763 0.0676495 0.00139368 0 0 0 0 
0 0 0 0 0 0 0.0557278 0.296003 0.00666959 0 0.000251026 0.457826 0.181957 0.000520849 0 0.00104462 0 0 
0 0 0 0 0 0.000341218 0.220093 0.419367 0.00270411 0 0 0.305524 0.0519708 0 0 0 0 0 
$predAgeCompCatch
0 0 0 0 0 9.01753e-05 0.200286 0.461283 0.0323731 0 2.00723e-05 0.237869 0.0664266 0.00155234 1.72323e-07 9.89019e-05 0 0 
0 0 0 0 0 3.48129e-05 0.0556228 0.307657 0.00701174 0 9.59946e-05 0.44474 0.183786 0.000421855 5.61695e-06 0.000623526 0 0 
0 0 0 0 0 0.000382715 0.207753 0.420569 0.00291657 0 2.03605e-05 0.315449 0.0527673 2.09397e-05 5.77965e-07 0.000121427 0 0 
$genSS
 1466 1490 932
$obsGenComp     #GeneticFracData
0.479592 0.142857 0.306122 0.0714286 0 
0.0102041 0.0102041 0.0612245 0.908163 0.0102041 
0 0 0 0.22 0.78 
$predGenComp     #catchGenComp_pred
0.470177 0.159652 0.312097 0.0580737 6.49714e-11 
0.0110683 0.00976174 0.0642747 0.905249 0.00964613 
1.1206e-10 1.14644e-10 1.09933e-10 0.194752 0.805248 
#PARAMETERS_OF_INTEREST
$catchByGroup
0 0 0 
0 0 0 
0 0 0 
0 0 0 
0 0 0 
0.0459527 0.000940733 2.09009e-12 
663.479 20.0488 4.49334e-08 
1941.42 64.9578 1.45952e-07 
7.35081 0.255745 5.75204e-10 
0 0 0 
8.53718e-13 1.74771e-14 3.88302e-23 
1302.72 39.3651 8.82251e-08 
88.5144 2.96159 6.65434e-09 
1.14557e-10 3.98559e-12 8.9641e-21 
0 0 0 
3.25106e-11 9.82392e-13 2.20174e-21 
0 0 0 
0 0 0 
0 0 0 
0 0 0 
0 0 0 
0 0 0 
0 0 0 
0.016594 0.000962322 2.44708e-12 
369.575 28.8613 7.48236e-08 
857.66 72.5223 1.8907e-07 
80.9964 7.06242 1.8453e-08 
0 0 0 
4.81099e-13 2.78999e-14 7.09466e-23 
38.1816 2.98172 7.73018e-09 
13.0014 1.09938 2.86615e-09 
5.65777e-11 4.93325e-12 1.28898e-20 
0 0 0 
2.19534e-11 1.71441e-12 4.44466e-21 
0 0 0 
0 0 0 
0 0 0 
0 0 0 
0 0 0 
0 0 0 
0 0 0 
0.700234 0.14096 4.8903e-11 
655.26 174.671 6.53339e-08 
971.206 278.518 1.06441e-07 
186.322 54.9465 2.11779e-08 
0 0 0 
0.146529 0.0294967 1.02333e-11 
468.849 124.98 4.67475e-08 
361.306 103.614 3.95981e-08 
13.1649 3.88235 1.49637e-09 
0 0 0 
0.533833 0.142303 5.32269e-11 
0 0 0 
0 0 0 
0 0 0 
0 0 0 
0 0 0 
0 0 0 
0 0 0 
0.00505743 0.223171 0.00509028 
17.113 391.057 17.2222 
157.511 3078.51 158.511 
0.985923 18.1827 0.99217 
0 0 0 
0.0243858 1.07608 0.0245441 
215.695 4928.95 217.072 
102.797 2009.13 103.449 
0.0531694 0.980568 0.0535063 
0.00146732 0.0647492 0.00147685 
0.308311 7.04536 0.310278 
0 0 0 
0 0 0 
0 0 0 
0 0 0 
0 0 0 
0 0 0 
0 0 0 
1.72653e-10 0.03527 0.972846 
1.31835e-07 26.5513 513.64 
2.59262e-07 52.0003 916.152 
1.89821e-09 0.380104 6.46044 
0 0 0 
4.87735e-12 0.000996359 0.0274824 
1.51173e-07 30.446 588.983 
8.8816e-09 1.78139 31.3849 
5.53586e-21 1.10852e-12 1.8841e-11 
0 0 0 
4.19203e-21 8.44266e-13 1.63325e-11 
0 0 0 
0 0 0 
$escByGroup
 5e-07 5e-07 5e-07 5e-07 5e-07 2.77516 453.314 866.964 2.80148 5e-07 5.00013e-07 890.067 39.5271 5.00011e-07 5e-07 5.00006e-07 5e-07 5e-07 5e-07 5e-07 5e-07 5e-07 5e-07 1.28221 346.266 534.059 43.2904 5e-07 5.00009e-07 35.7735 8.09589 5.00008e-07 5e-07 5.00005e-07 5e-07 5e-07 5e-07 5e-07 5e-07 5e-07 5e-07 47.6217 383.321 288.318 39.9937 5e-07 9.96516 274.272 107.259 2.82583 5e-07 0.312288 5e-07 5e-07 5e-07 5e-07 5e-07 5e-07 5e-07 7.38944 66.3765 145.2 0.244134 5e-07 35.6302 836.621 94.762 0.0131658 2.14391 1.19585 5e-07 5e-07 5e-07 5e-07 5e-07 5e-07 5e-07 63.8128 387.274 451.072 2.70996 5e-07 1.80268 444.081 15.4525 5.00002e-07 5e-07 5.00003e-07 5e-07 5e-07
$catchByGroup
0 0 0 0 0 0.0459527 663.479 1941.42 7.35081 0 8.53718e-13 1302.72 88.5144 1.14557e-10 0 3.25106e-11 0 0 0 0 0 0 0 0.016594 369.575 857.66 80.9964 0 4.81099e-13 38.1816 13.0014 5.65777e-11 0 2.19534e-11 0 0 0 0 0 0 0 0.700234 655.26 971.206 186.322 0 0.146529 468.849 361.306 13.1649 0 0.533833 0 0 0 0 0 0 0 0.00505743 17.113 157.511 0.985923 0 0.0243858 215.695 102.797 0.0531694 0.00146732 0.308311 0 0 0 0 0 0 0 1.72653e-10 1.31835e-07 2.59262e-07 1.89821e-09 0 4.87735e-12 1.51173e-07 8.8816e-09 5.53586e-21 0 4.19203e-21 0 0 
0 0 0 0 0 0.000940733 20.0488 64.9578 0.255745 0 1.74771e-14 39.3651 2.96159 3.98559e-12 0 9.82392e-13 0 0 0 0 0 0 0 0.000962322 28.8613 72.5223 7.06242 0 2.78999e-14 2.98172 1.09938 4.93325e-12 0 1.71441e-12 0 0 0 0 0 0 0 0.14096 174.671 278.518 54.9465 0 0.0294967 124.98 103.614 3.88235 0 0.142303 0 0 0 0 0 0 0 0.223171 391.057 3078.51 18.1827 0 1.07608 4928.95 2009.13 0.980568 0.0647492 7.04536 0 0 0 0 0 0 0 0.03527 26.5513 52.0003 0.380104 0 0.000996359 30.446 1.78139 1.10852e-12 0 8.44266e-13 0 0 
0 0 0 0 0 2.09009e-12 4.49334e-08 1.45952e-07 5.75204e-10 0 3.88302e-23 8.82251e-08 6.65434e-09 8.9641e-21 0 2.20174e-21 0 0 0 0 0 0 0 2.44708e-12 7.48236e-08 1.8907e-07 1.8453e-08 0 7.09466e-23 7.73018e-09 2.86615e-09 1.28898e-20 0 4.44466e-21 0 0 0 0 0 0 0 4.8903e-11 6.53339e-08 1.06441e-07 2.11779e-08 0 1.02333e-11 4.67475e-08 3.95981e-08 1.49637e-09 0 5.32269e-11 0 0 0 0 0 0 0 0.00509028 17.2222 158.511 0.99217 0 0.0245441 217.072 103.449 0.0535063 0.00147685 0.310278 0 0 0 0 0 0 0 0.972846 513.64 916.152 6.46044 0 0.0274824 588.983 31.3849 1.8841e-11 0 1.63325e-11 0 0 
$Fmort
 1.18784 0.914431 0.42163
#ESTIMATED_PARAMETERS
$availability
1.8453 1.44423 1.63588 0.0745972 2.9938e-10 
0.0486792 0.10814 0.425292 4.33842 0.0794654 
2.34524e-10 5.96175e-10 3.19526e-10 0.211526 4.78847 
$selectivity
 0.00748996 0.399715 0.513695 0.558901 3.5202
$RunSize
 0 0 0 0 0 2.82205 1136.84 2873.34 10.408 0 5.24287e-11 2232.15 131.003 1.62201e-10 0 5.57054e-11 0 0 0 0 0 0 0 1.29976 744.702 1464.24 131.349 0 3.76831e-11 76.9367 22.1967 9.17501e-11 0 4.42367e-11 0 0 0 0 0 0 0 48.4629 1213.25 1538.04 281.262 0 10.1412 868.101 572.179 19.8731 0 0.988424 0 0 0 0 0 0 0 7.62276 491.769 3539.73 20.4049 0 36.7552 6198.34 2310.14 1.10041 2.21161 8.8598 0 0 0 0 0 0 0 64.8209 927.466 1419.22 9.55051 0 1.83115 1063.51 48.6187 2.78527e-11 0 2.94911e-11 0 0
