$ndistricts
3
$ngroups
90
$nstocks
5
$nagecomps
18
$AgeCompLabels
 0.1 0.2 0.3 0.4 0.5 1.1 1.2 1.3 1.4 1.5 2.1 2.2 2.3 2.4 3.1 3.2 3.3 3.4
$navailpar
15
$nselectpar
5
$GENdata
1
$maxGradient
0.000241652
#LIKELIHOOD_VALUES_AND_PENALTIES
$totalNLL
-422895
$NLLcatch
-197427
$NLLescape
-241030
$NLLagecompCatch
8191.58
$NLLagecompEsc
6916.83
$NLLgenetics
453.091
$NLLselOne
1.67481e-14
$NLLavailOne
1.09913e-14
$NLLextra
5.59986e-10
#OBSERVED_AND_PREDICTED_VALUES
$predEsc
 24326.1 175.211 718.007 1458.49 978.812
$obsEsc
 24325.9 175.02 717.798 1444.61 996.612
$predCatch
 19139.6 3179.56 925.69
$obsCatch
 19139.6 3179.56 925.69
$RunSize
 0 0 7.91219e-11 0 0 1.29986e-10 289.694 297.227 6.4993e-11 0 4.23867e-10 41344.6 4.23272 0 0 1.36162 9.89024e-11 0 0 0 0.605383 0 0 10.3442 56.0342 128.87 2.26063e-11 0 1.13031e-11 175.684 55.2787 0 0 0.682524 2.5432e-11 0 0 0 8.47735e-12 0 0 0.146731 104.878 268.603 8.47735e-12 0 3.78684 512.716 250.745 0 0 8.47735e-12 2.53659 0 0 0 3.10836e-11 0 0 1.41289e-11 40.6854 224.261 0.294232 0 1.41289e-11 3450.63 464.698 0 0 11.1774 2.03633 0 0 0 10.9605 0 0 0.0664089 350.777 477.417 0.617891 0 1.14795 2170.99 187.625 0 0 1.13031e-11 1.69547e-11 0
$SSageCompEsc
 3350 329 2842 2043 2622
$obsAgeCompEsc
0 0 0 0 0 0 0.00393725 0.00563009 0 0 0 0.990268 8.6402e-05 0 0 7.80646e-05 0 0 
0 0 0.0015124 0 0 0.0507789 0.139089 0.23853 0 0 0 0.463783 0.104145 0 0 0.00216131 0 0 
0 0 0 0 0 0.000188964 0.097737 0.212755 0 0 0.00476217 0.483203 0.199221 0 0 0 0.00213234 0 
0 0 0 0 0 0 0.0109732 0.0369397 0.000200473 0 0 0.891325 0.0590817 0 0 0.00147962 0 0 
0 0 0 0 0 0 0.0979676 0.058409 0 0 0.00104384 0.820319 0.0222603 0 0 0 0 0 
$predAgeCompEsc
0 0 1.47017e-15 0 0 4.76445e-15 0.00691886 0.0055228 1.19863e-15 0 1.55363e-14 0.987447 7.86486e-05 0 0 3.252e-05 1.83772e-15 0 
0 0 0.00111636 0 0 0.0500051 0.146909 0.237642 4.1255e-14 0 5.46407e-14 0.460602 0.101937 0 0 0.00178942 4.68979e-14 0 
0 0 6.71476e-15 0 0 0.000187868 0.0987634 0.212756 6.68087e-15 0 0.00484852 0.482825 0.19861 0 0 7.98312e-15 0.00200919 0 
0 0 3.93391e-15 0 0 8.14747e-15 0.0105999 0.0283823 3.61976e-05 0 8.14747e-15 0.899 0.0588117 0 0 0.00291208 0.000257716 0 
0 0 0.00138155 0 0 5.73396e-05 0.127091 0.0601772 7.38866e-05 0 0.000991176 0.786578 0.0236496 0 0 4.09528e-15 2.1371e-15 0 
$SSageCompCatch
 6141 6053 2037
$obsAgeCompCatch
0 0 0 0 0 0 0.0187982 0.0310739 0 0 7.14378e-05 0.933383 0.0166738 0 0 0 0 0 
0 0 0.000388111 0 0 0 0.0191327 0.061349 0 0 0 0.825161 0.0913486 0 0 0.00214188 0.00047902 0 
0 0 0.0071168 0 0 0.000232458 0.135416 0.194273 0.000465574 0 0 0.585005 0.0774918 0 0 0 0 0 
$predAgeCompCatch
0 0 0.000228295 0 0 8.24867e-05 0.0146435 0.0304812 1.56934e-05 0 1.9697e-05 0.936987 0.0173038 0 0 0.000154699 8.33092e-05 0 
0 0 0.000543321 0 0 4.32948e-06 0.0200292 0.0665032 8.27535e-05 0 1.00388e-05 0.819498 0.0914339 0 0 0.00153403 0.000361498 0 
0 0 0.00423585 0 0 1.33614e-05 0.100783 0.186334 0.000241466 0 8.04151e-05 0.633328 0.0749391 0 0 3.37967e-05 1.13763e-05 0 
$genSS
 328 284 280
$obsGenComp     #GeneticFracData
0.902662 0.0075339 0.015771 0.0704169 0.00361627 
0.240506 0.00150693 0.00221017 0.606088 0.149689 
0.00241133 0.000502361 0.00110519 0.0177836 0.978198 
$predGenComp     #catchGenComp_pred
0.874152 0.0129474 0.0219217 0.0428133 0.048166 
0.276366 0.00084125 0.00148057 0.598915 0.122397 
0.0015608 0.0019505 0.00121553 0.0125029 0.98277 
#PARAMETERS_OF_INTEREST
$catchByGroup
0 0 0 
0 0 0 
4.0989e-11 2.36547e-12 3.90709e-15 
0 0 0 
0 0 0 
1.34936e-11 5.91078e-13 9.6384e-16 
115.324 6.0513 0.00994923 
153.978 8.88604 0.0146772 
3.38717e-11 1.96004e-12 3.23786e-15 
0 0 0 
4.40009e-11 1.92743e-12 3.14295e-15 
16458.8 863.631 1.41994 
2.19276 0.126543 0.000209014 
0 0 0 
0 0 0 
0.542047 0.0284423 4.67634e-05 
5.12363e-11 2.95683e-12 4.88386e-15 
0 0 0 
0 0 0 
0 0 0 
0.401994 0.00465131 0.00314033 
0 0 0 
0 0 0 
1.56272 0.0119731 0.00807502 
29.7921 0.299777 0.202317 
85.5738 0.990141 0.668493 
1.50844e-11 1.75224e-13 1.18304e-13 
0 0 0 
1.70759e-12 1.30831e-14 8.8236e-15 
93.4071 0.93989 0.634323 
36.7069 0.424721 0.28675 
0 0 0 
0 0 0 
0.362883 0.00365144 0.00246432 
1.68877e-11 1.95401e-13 1.31925e-13 
0 0 0 
0 0 0 
0 0 0 
3.60418e-12 4.19052e-14 1.00188e-14 
0 0 0 
0 0 0 
0.0117051 0.000109141 2.60519e-05 
33.518 0.360836 0.08622 
114.198 1.32776 0.317444 
3.62806e-12 4.2276e-14 1.01076e-14 
0 0 0 
0.302087 0.00281671 0.000672348 
163.859 1.76402 0.421504 
106.605 1.23948 0.296338 
0 0 0 
0 0 0 
2.70928e-12 2.91666e-14 6.96922e-15 
1.07844 0.0125389 0.00299782 
0 0 0 
0 0 0 
0 0 0 
7.87738e-12 1.73537e-11 1.14989e-13 
0 0 0 
0 0 0 
6.06633e-13 1.63139e-12 7.8607e-15 
7.48355 17.6373 0.104737 
56.8334 125.203 0.829621 
0.0751345 0.165205 0.0010981 
0 0 0 
6.06633e-13 1.63139e-12 7.8607e-15 
634.697 1495.86 8.88299 
117.766 259.436 1.71908 
0 0 0 
0 0 0 
2.05594 4.84546 0.0287742 
0.516058 1.13686 0.00753312 
0 0 0 
0 0 0 
0 0 0 
3.96747 1.72287 3.91794 
0 0 0 
0 0 0 
0.00433324 0.00168357 0.00426743 
94.1531 39.3347 92.8905 
172.814 75.0444 170.657 
0.225231 0.0979146 0.222425 
0 0 0 
0.0749048 0.0291022 0.0737671 
582.721 243.446 574.907 
67.9158 29.4924 67.068 
0 0 0 
0 0 0 
3.03391e-12 1.26749e-12 2.99322e-12 
6.13721e-12 2.66508e-12 6.0606e-12 
0 0 0 
$escByGroup
 5e-07 5e-07 5.00009e-07 5e-07 5e-07 5.00029e-07 168.309 134.348 5.00007e-07 5e-07 5.00095e-07 24020.7 1.91321 5e-07 5e-07 0.791085 5.00011e-07 5e-07 5e-07 5e-07 0.195597 5e-07 5e-07 8.76143 25.74 41.6375 5.00002e-07 5e-07 5.00002e-07 80.7024 17.8604 5e-07 5e-07 0.313526 5.00002e-07 5e-07 5e-07 5e-07 5.00001e-07 5e-07 5e-07 0.134891 70.9128 152.76 5.00001e-07 5e-07 3.48127 346.671 142.604 5e-07 5e-07 5.00001e-07 1.44261 5e-07 5e-07 5e-07 5.00001e-07 5e-07 5e-07 5.00003e-07 15.4598 41.3953 0.052794 5e-07 5.00003e-07 1311.19 85.7765 5e-07 5e-07 4.24725 0.375878 5e-07 5e-07 5e-07 1.35228 5e-07 5e-07 0.0561246 124.398 58.9022 0.0723211 5e-07 0.970174 769.912 23.1485 5e-07 5e-07 5.00001e-07 5.00001e-07 5e-07
$catchByGroup
0 0 4.0989e-11 0 0 1.34936e-11 115.324 153.978 3.38717e-11 0 4.40009e-11 16458.8 2.19276 0 0 0.542047 5.12363e-11 0 0 0 0.401994 0 0 1.56272 29.7921 85.5738 1.50844e-11 0 1.70759e-12 93.4071 36.7069 0 0 0.362883 1.68877e-11 0 0 0 3.60418e-12 0 0 0.0117051 33.518 114.198 3.62806e-12 0 0.302087 163.859 106.605 0 0 2.70928e-12 1.07844 0 0 0 7.87738e-12 0 0 6.06633e-13 7.48355 56.8334 0.0751345 0 6.06633e-13 634.697 117.766 0 0 2.05594 0.516058 0 0 0 3.96747 0 0 0.00433324 94.1531 172.814 0.225231 0 0.0749048 582.721 67.9158 0 0 3.03391e-12 6.13721e-12 0 
0 0 2.36547e-12 0 0 5.91078e-13 6.0513 8.88604 1.96004e-12 0 1.92743e-12 863.631 0.126543 0 0 0.0284423 2.95683e-12 0 0 0 0.00465131 0 0 0.0119731 0.299777 0.990141 1.75224e-13 0 1.30831e-14 0.93989 0.424721 0 0 0.00365144 1.95401e-13 0 0 0 4.19052e-14 0 0 0.000109141 0.360836 1.32776 4.2276e-14 0 0.00281671 1.76402 1.23948 0 0 2.91666e-14 0.0125389 0 0 0 1.73537e-11 0 0 1.63139e-12 17.6373 125.203 0.165205 0 1.63139e-12 1495.86 259.436 0 0 4.84546 1.13686 0 0 0 1.72287 0 0 0.00168357 39.3347 75.0444 0.0979146 0 0.0291022 243.446 29.4924 0 0 1.26749e-12 2.66508e-12 0 
0 0 3.90709e-15 0 0 9.6384e-16 0.00994923 0.0146772 3.23786e-15 0 3.14295e-15 1.41994 0.000209014 0 0 4.67634e-05 4.88386e-15 0 0 0 0.00314033 0 0 0.00807502 0.202317 0.668493 1.18304e-13 0 8.8236e-15 0.634323 0.28675 0 0 0.00246432 1.31925e-13 0 0 0 1.00188e-14 0 0 2.60519e-05 0.08622 0.317444 1.01076e-14 0 0.000672348 0.421504 0.296338 0 0 6.96922e-15 0.00299782 0 0 0 1.14989e-13 0 0 7.8607e-15 0.104737 0.829621 0.0010981 0 7.8607e-15 8.88299 1.71908 0 0 0.0287742 0.00753312 0 0 0 3.91794 0 0 0.00426743 92.8905 170.657 0.222425 0 0.0737671 574.907 67.068 0 0 2.99322e-12 6.0606e-12 0 
$Fmort
 0.674061 0.223061 0.0978795
#ESTIMATED_PARAMETERS
$availability
1.17125 1.75026 0.88842 0.468974 0.721098 
0.14718 0.0374002 0.0240292 3.96215 0.829241 
0.000545701 0.0574727 0.0130677 0.040956 4.88796 
$selectivity
 0.138824 0.643 0.924529 0.93273 2.36092
$RunSize
 0 0 7.91219e-11 0 0 1.29986e-10 289.694 297.227 6.4993e-11 0 4.23867e-10 41344.6 4.23272 0 0 1.36162 9.89024e-11 0 0 0 0.605383 0 0 10.3442 56.0342 128.87 2.26063e-11 0 1.13031e-11 175.684 55.2787 0 0 0.682524 2.5432e-11 0 0 0 8.47735e-12 0 0 0.146731 104.878 268.603 8.47735e-12 0 3.78684 512.716 250.745 0 0 8.47735e-12 2.53659 0 0 0 3.10836e-11 0 0 1.41289e-11 40.6854 224.261 0.294232 0 1.41289e-11 3450.63 464.698 0 0 11.1774 2.03633 0 0 0 10.9605 0 0 0.0664089 350.777 477.417 0.617891 0 1.14795 2170.99 187.625 0 0 1.13031e-11 1.69547e-11 0
