$ndistricts
3
$ngroups
90
$nstocks
5
$nagecomps
18
$AgeCompLabels
 0.1 0.2 0.3 0.4 0.5 1.1 1.2 1.3 1.4 1.5 2.1 2.2 2.3 2.4 3.1 3.2 3.3 3.4
$navailpar
15
$nselectpar
5
$GENdata
1
$maxGradient
0.000778093
#LIKELIHOOD_VALUES_AND_PENALTIES
$totalNLL
-327517
$NLLcatch
-296740
$NLLescape
-63042.6
$NLLagecompCatch
17861.3
$NLLagecompEsc
13697.9
$NLLgenetics
706.64
$NLLselOne
1.04137e-13
$NLLavailOne
6.94233e-14
$NLLextra
4.79982e-10
#OBSERVED_AND_PREDICTED_VALUES
$predEsc
 4024.6 940.313 1535.07 1518.05 1413.76
$obsEsc
 4025.17 939.668 1535.66 1517 1413.45
$predCatch
 8907.87 21600.9 4176.9
$obsCatch
 8907.88 21600.9 4176.9
$RunSize
 0 3.80156 46.9642 0.733049 0 2.65167 1664.21 1817.97 2.76993 0 127.746 3463.62 304.31 4.16324e-11 0 5.63261e-11 6.12241e-11 0 0 0 6.85709e-11 0 0 20.4073 990.456 626.294 1.46938e-10 0 1.91019e-10 328.704 110.89 3.25712e-10 0 5.41221e-10 7.79029 0 0 0 2.93875e-11 0 0 1.46938e-11 339.155 1118.75 105.754 0.658272 4.05342 791.488 3130.45 38.6883 0 5.63261e-11 6.12241e-11 0 0 0 7.34689e-11 0 0 1.22448e-11 188.953 1020.16 122.689 0 36.0027 10835.3 11153.2 56.5287 0 136.92 38.4874 0 0 0 8.1499 0 0 0.918172 811.46 714.233 12.5069 0 13.5141 1779.07 2125.3 15.7361 0 1.76325e-10 2.93875e-11 0
$SSageCompEsc
 3254 88.5 2482 3096 2054
$obsAgeCompEsc
0 0.000861529 0.00932848 0.000167084 0 0.000580105 0.226732 0.242733 0.000435228 0 0.0311751 0.447316 0.0406718 0 0 0 0 0 
0 0 0 0 0 0 0.601116 0.250188 0 0 0 0.102692 0.0460043 0 0 0 0 0 
0 0 0 0 0 0 0.0621543 0.201521 0.0249322 0.000428721 0.00249905 0.134244 0.565943 0.0082769 0 0 0 0 
0 0 0 0 0 0 0.00817989 0.0464873 0.00708144 0 0.0211018 0.412434 0.495007 0.00191217 0 0.00628422 0.00151169 0 
0 0 0.00123868 0 0 0.00062747 0.178587 0.145853 0.00171192 0 0.00847711 0.272155 0.388312 0.00303798 0 0 0 0 
$predAgeCompEsc
0 0.000501568 0.0063064 0.000101619 0 0.000633877 0.219572 0.244119 0.000383984 0 0.0305375 0.456981 0.040863 5.77132e-15 0 7.43152e-15 8.22123e-15 0 
0 0 3.29993e-14 0 0 0.0206315 0.466153 0.301399 7.36233e-14 0 1.93118e-13 0.154703 0.053365 1.63198e-13 0 2.54722e-13 0.00374902 0 
0 0 5.33641e-15 0 0 8.85641e-15 0.0592078 0.203151 0.0206065 0.000428823 0.00244313 0.138174 0.568451 0.00753853 0 9.83311e-15 1.11175e-14 0 
0 0 3.27549e-15 0 0 7.09337e-15 0.00718576 0.0454821 0.00701525 0 0.0208562 0.412059 0.497246 0.00323226 0 0.00520697 0.0017159 0 
0 0 0.00151575 0 0 0.000608747 0.142528 0.132836 0.00256632 0 0.00895983 0.312484 0.395272 0.00322891 0 3.09705e-14 5.46562e-15 0 
$SSageCompCatch
 6076 4717 3549
$obsAgeCompCatch
0 0 0.000601434 0 0 0.000452406 0.160798 0.215526 0.00655565 0 0.000166619 0.303718 0.308179 0.00275405 0 0.000565265 0.000684179 0 
0 0 0.000157712 0 0 0 0.0190372 0.0527098 0.0047858 0 0 0.444425 0.46942 0.00339879 0 0.00406105 0.00200429 0 
0 0 0.00125346 0 0 0 0.0848542 0.0948407 0.00401584 0 0.000583118 0.40465 0.404537 0.00257639 0 0.00269002 0 0 
$predAgeCompCatch
0 0.000184646 0.00224116 3.36083e-05 0 0.000120709 0.168089 0.21361 0.00846081 1.61699e-11 0.000553344 0.295758 0.306657 0.0031003 0 0.000573439 0.00061858 0 
0 4.83198e-06 0.000139648 8.63789e-07 0 2.0565e-06 0.019366 0.0517713 0.00500959 2.30525e-13 0.000211996 0.451326 0.462878 0.00238498 0 0.00539538 0.00150975 0 
0 8.08617e-06 0.00110369 1.44452e-06 0 1.09388e-05 0.108522 0.10575 0.00303703 9.30056e-14 0.00019844 0.371221 0.405321 0.00257958 0 0.00176266 0.000484916 0 
$genSS
 312 310 342
$obsGenComp     #GeneticFracData
0.358317 0.151741 0.414173 0.072705 0.00306341 
0.0099718 0.00211523 0.00785657 0.925363 0.0546938 
0.0200965 0.00130627 0.00472267 0.181572 0.792303 
$predGenComp     #catchGenComp_pred
0.353225 0.123798 0.422422 0.0972794 0.0032754 
0.00922337 0.0018106 0.00990899 0.923781 0.0552757 
0.0154338 0.000561115 0.00407103 0.299058 0.680876 
#PARAMETERS_OF_INTEREST
$catchByGroup
0 0 0 
1.6448 0.104375 0.0337751 
19.921 1.2561 0.406368 
0.299379 0.0186586 0.00603362 
0 0 0 
0.0943473 0.00471431 0.00151212 
720.046 45.6923 14.7858 
771.138 48.6235 15.7304 
1.13125 0.0705041 0.0227989 
0 0 0 
4.54525 0.227116 0.0728476 
1498.58 95.0963 30.7726 
129.08 8.13905 2.6331 
1.70028e-11 1.05968e-12 3.4267e-13 
0 0 0 
2.43703e-11 1.54648e-12 5.00432e-13 
2.59697e-11 1.6375e-12 5.29754e-13 
0 0 0 
0 0 0 
0 0 0 
3.61882e-11 1.27667e-12 7.64943e-14 
0 0 0 
0 0 0 
0.980594 0.0251584 0.00149504 
532.06 18.9321 1.13462 
330.525 11.6605 0.698662 
7.495e-11 2.60299e-12 1.55896e-13 
0 0 0 
9.1787e-12 2.35492e-13 1.39941e-14 
176.575 6.28302 0.376548 
58.5219 2.06458 0.123703 
1.66139e-10 5.76996e-12 3.45569e-13 
0 0 0 
2.90737e-10 1.03452e-11 6.19998e-13 
4.11131 0.145042 0.00869046 
0 0 0 
0 0 0 
0 0 0 
1.99718e-11 1.13389e-12 9.00731e-14 
0 0 0 
0 0 0 
1.05774e-12 3.79009e-14 2.96033e-15 
233.768 13.4311 1.06744 
760.304 43.1659 3.42898 
69.9289 3.88437 0.308291 
1.44039e-07 4.97954e-09 3.88475e-10 
0.291789 0.0104553 0.000816637 
545.547 31.3442 2.4911 
2127.46 120.786 9.59487 
25.5823 1.42103 0.112783 
0 0 0 
3.88238e-11 2.23061e-12 1.77279e-13 
4.1608e-11 2.36227e-12 1.87652e-13 
0 0 0 
0 0 0 
0 0 0 
2.67042e-12 6.19763e-11 3.8498e-12 
0 0 0 
0 0 0 
2.97213e-14 1.40382e-12 4.31825e-14 
7.04935 160.835 10.1604 
37.0803 860.576 53.4568 
4.24496 101.672 6.12222 
0 0 0 
0.0873879 4.12758 0.126967 
404.237 9222.91 582.637 
405.391 9408.49 584.431 
1.95586 46.8453 2.8208 
0 0 0 
5.10812 116.545 7.36246 
1.39893 32.4669 2.01676 
0 0 0 
0 0 0 
0 0 0 
0.0429566 1.76042 4.20362 
0 0 0 
0 0 0 
0.000318439 0.0145495 0.0426833 
4.39185 179.432 426.136 
3.76458 154.278 368.392 
0.0627025 2.58404 6.23204 
0 0 0 
0.00468693 0.214147 0.628233 
9.62883 393.393 934.274 
11.202 459.074 1096.2 
0.0788915 3.25121 7.84108 
0 0 0 
9.54321e-13 3.89895e-11 9.25966e-11 
1.54896e-13 6.34785e-12 1.51577e-11 
0 0 0 
$escByGroup
 5e-07 2.01861 25.3807 0.408978 5e-07 2.5511 883.689 982.482 1.54538 5e-07 122.901 1839.16 164.457 5.00006e-07 5e-07 5.00007e-07 5.00008e-07 5e-07 5e-07 5e-07 5.00008e-07 5e-07 5e-07 19.4 438.329 283.41 5.00017e-07 5e-07 5.00045e-07 145.469 50.1798 5.00038e-07 5e-07 5.0006e-07 3.52525 5e-07 5e-07 5e-07 5.00002e-07 5e-07 5e-07 5.00003e-07 90.8878 311.85 31.6323 0.658272 3.75036 212.106 872.609 11.5721 5e-07 5.00004e-07 5.00004e-07 5e-07 5e-07 5e-07 5.00001e-07 5e-07 5e-07 5.00003e-07 10.9083 69.0441 10.6495 5e-07 31.6608 625.527 754.844 4.90673 5e-07 7.90444 2.60482 5e-07 5e-07 5e-07 2.14291 5e-07 5e-07 0.860621 201.501 187.798 3.62815 5e-07 12.667 441.777 558.819 4.56489 5e-07 5.00011e-07 5.00002e-07 5e-07
$catchByGroup
0 1.6448 19.921 0.299379 0 0.0943473 720.046 771.138 1.13125 0 4.54525 1498.58 129.08 1.70028e-11 0 2.43703e-11 2.59697e-11 0 0 0 3.61882e-11 0 0 0.980594 532.06 330.525 7.495e-11 0 9.1787e-12 176.575 58.5219 1.66139e-10 0 2.90737e-10 4.11131 0 0 0 1.99718e-11 0 0 1.05774e-12 233.768 760.304 69.9289 1.44039e-07 0.291789 545.547 2127.46 25.5823 0 3.88238e-11 4.1608e-11 0 0 0 2.67042e-12 0 0 2.97213e-14 7.04935 37.0803 4.24496 0 0.0873879 404.237 405.391 1.95586 0 5.10812 1.39893 0 0 0 0.0429566 0 0 0.000318439 4.39185 3.76458 0.0627025 0 0.00468693 9.62883 11.202 0.0788915 0 9.54321e-13 1.54896e-13 0 
0 0.104375 1.2561 0.0186586 0 0.00471431 45.6923 48.6235 0.0705041 0 0.227116 95.0963 8.13905 1.05968e-12 0 1.54648e-12 1.6375e-12 0 0 0 1.27667e-12 0 0 0.0251584 18.9321 11.6605 2.60299e-12 0 2.35492e-13 6.28302 2.06458 5.76996e-12 0 1.03452e-11 0.145042 0 0 0 1.13389e-12 0 0 3.79009e-14 13.4311 43.1659 3.88437 4.97954e-09 0.0104553 31.3442 120.786 1.42103 0 2.23061e-12 2.36227e-12 0 0 0 6.19763e-11 0 0 1.40382e-12 160.835 860.576 101.672 0 4.12758 9222.91 9408.49 46.8453 0 116.545 32.4669 0 0 0 1.76042 0 0 0.0145495 179.432 154.278 2.58404 0 0.214147 393.393 459.074 3.25121 0 3.89895e-11 6.34785e-12 0 
0 0.0337751 0.406368 0.00603362 0 0.00151212 14.7858 15.7304 0.0227989 0 0.0728476 30.7726 2.6331 3.4267e-13 0 5.00432e-13 5.29754e-13 0 0 0 7.64943e-14 0 0 0.00149504 1.13462 0.698662 1.55896e-13 0 1.39941e-14 0.376548 0.123703 3.45569e-13 0 6.19998e-13 0.00869046 0 0 0 9.00731e-14 0 0 2.96033e-15 1.06744 3.42898 0.308291 3.88475e-10 0.000816637 2.4911 9.59487 0.112783 0 1.77279e-13 1.87652e-13 0 0 0 3.8498e-12 0 0 4.31825e-14 10.1604 53.4568 6.12222 0 0.126967 582.637 584.431 2.8208 0 7.36246 2.01676 0 0 0 4.20362 0 0 0.0426833 426.136 368.392 6.23204 0 0.628233 934.274 1096.2 7.84108 0 9.25966e-11 1.51577e-11 0 
$Fmort
 0.302252 0.26586 0.0964127
#ESTIMATED_PARAMETERS
$availability
1.1116 1.51094 2.29225 0.0745656 0.0106432 
0.0620721 0.0430307 0.0900926 4.24762 0.557186 
0.0548682 0.00704716 0.0193812 0.339823 4.57888 
$selectivity
 0.107829 1.68701 1.6428 1.56237 3.15822e-07
$RunSize
 0 3.80156 46.9642 0.733049 0 2.65167 1664.21 1817.97 2.76993 0 127.746 3463.62 304.31 4.16324e-11 0 5.63261e-11 6.12241e-11 0 0 0 6.85709e-11 0 0 20.4073 990.456 626.294 1.46938e-10 0 1.91019e-10 328.704 110.89 3.25712e-10 0 5.41221e-10 7.79029 0 0 0 2.93875e-11 0 0 1.46938e-11 339.155 1118.75 105.754 0.658272 4.05342 791.488 3130.45 38.6883 0 5.63261e-11 6.12241e-11 0 0 0 7.34689e-11 0 0 1.22448e-11 188.953 1020.16 122.689 0 36.0027 10835.3 11153.2 56.5287 0 136.92 38.4874 0 0 0 8.1499 0 0 0.918172 811.46 714.233 12.5069 0 13.5141 1779.07 2125.3 15.7361 0 1.76325e-10 2.93875e-11 0
