$ndistricts
3
$ngroups
90
$nstocks
5
$nagecomps
18
$AgeCompLabels
 0.1 0.2 0.3 0.4 0.5 1.1 1.2 1.3 1.4 1.5 2.1 2.2 2.3 2.4 3.1 3.2 3.3 3.4
$navailpar
15
$nselectpar
5
$GENdata
-1
$maxGradient
0.000103095
#LIKELIHOOD_VALUES_AND_PENALTIES
$totalNLL
-157965
$NLLcatch
-137572
$NLLescape
-36061.7
$NLLagecompCatch
7635.51
$NLLagecompEsc
8033.65
$NLLgenetics
0
$NLLselOne
9.10421e-16
$NLLavailOne
1.17179e-10
$NLLextra
5.69989e-10
#OBSERVED_AND_PREDICTED_VALUES
$predEsc
 1742.06 218.675 1798.75 712.884 1318.34
$obsEsc
 1754.36 221.922 1796.22 694.68 1327.7
$predCatch
 10992.8 4361.41 2116.07
$obsCatch
 10992.8 4361.41 2116.07
$RunSize
 0 0 4.63662 0 0 1.04006 1681.08 594.731 0 0 1.97346 3299.38 356.301 0 0 2.74414 2.86708e-10 0 0 0 3.80985e-10 0 0 0 418.301 161.178 0 0 0 78.9516 33.3178 0 0 1.65309e-10 6.60438 0 0 0 4.27215 0 0 0.364541 667.455 4071.14 0 0 0 1827.2 1598.73 0 0 3.28931 1.10292e-09 0 0 0 4.90761e-11 0 0 0 735.743 407.404 0 0 1.75142 2581.49 553.612 0 0 8.97145 2.46438 0 0 0 7.98991 0 0 0 675.091 1702.87 0 0 0 1372.67 397.375 0 0 0.864399 6.32823e-11 0
$SSageCompEsc
 1549 88.5 1433 1837 1746
$obsAgeCompEsc
0 0 0.000856314 0 0 0.000592288 0.286142 0.116087 0 0 0.00112384 0.529372 0.0651448 0 0 0.000682245 0 0 
0 0 0 0 0 0 0.601116 0.250188 0 0 0 0.102692 0.0460043 0 0 0 0 0 
0 0 0.000562132 0 0 0.000203021 0.0748745 0.555119 0 0 0 0.179863 0.188711 0 0 0.00066757 0 0 
0 0 0 0 0 0 0.186981 0.14159 0 0 0.00248115 0.515321 0.151848 0 0 0.00097974 0.000798872 0 
0 0 0 0 0 0 0.157583 0.446117 0 0 0 0.276736 0.119564 0 0 0 0 0 
$predAgeCompEsc
0 0 0.000903043 0 0 0.000597028 0.273975 0.115832 0 0 0.00113283 0.537719 0.0693943 0 0 0.000447228 5.58401e-14 0 
0 0 6.1078e-13 0 0 0 0.570018 0.258394 0 0 0 0.107587 0.0534137 0 0 2.25266e-13 0.0105879 0 
0 0 0.000564219 0 0 0.000202663 0.0669124 0.537672 0 0 0 0.183177 0.211142 0 0 0.000329754 1.45662e-13 0 
0 0 1.48979e-14 0 0 0 0.155957 0.123675 0 0 0.00245681 0.547203 0.168059 0 0 0.00190169 0.000748108 0 
0 0 0.00213413 0 0 0 0.143968 0.454841 0 0 0 0.292732 0.10614 0 0 0.000184339 1.69029e-14 0 
$SSageCompCatch
 2580 2461 1048
$obsAgeCompCatch
0 0 0.00076657 0 0 0 0.175213 0.321369 0 0 0 0.361824 0.140061 0 0 0 0.00076657 0 
0 0 0 0 0 0 0.143922 0.140739 0 0 0 0.566677 0.145971 0 0 0.00231271 0.000378877 0 
0 0 0.00555505 0 0 0 0.152716 0.388732 0 0 0 0.390561 0.0614646 0 0 0.000971267 0 0 
$predAgeCompCatch
0 0 0.00060835 0 0 6.36422e-12 0.185399 0.317614 0 0 9.22098e-12 0.365186 0.13032 0 0 0.000481194 0.000391884 0 
0 0 0.000295515 0 0 9.47347e-13 0.172543 0.175382 0 0 2.24451e-11 0.526587 0.123217 0 0 0.00156058 0.000414325 0 
0 0 0.00166384 0 0 8.92806e-14 0.171933 0.362803 0 0 1.69465e-12 0.369952 0.0932186 0 0 0.000379177 4.97151e-05 0 
$genSS
 0 0 0
$obsGenComp     #GeneticFracData
-1 -1 -1 -1 -1 
-1 -1 -1 -1 -1 
-1 -1 -1 -1 -1 
$predGenComp     #catchGenComp_pred
0 0 0 0 0 
0 0 0 0 0 
0 0 0 0 0 
#PARAMETERS_OF_INTEREST
$catchByGroup
0 0 0 
0 0 0 
2.81558 0.232874 0.0150146 
0 0 0 
0 0 0 
4.87886e-08 2.69008e-09 1.69325e-10 
1101.7 95.8935 6.20347 
361.149 29.8703 1.9259 
0 0 0 
0 0 0 
9.25742e-08 5.1043e-09 3.21287e-10 
2162.26 188.206 12.1753 
216.363 17.8952 1.1538 
0 0 0 
0 0 0 
1.79838 0.156533 0.0101263 
1.74103e-10 1.43999e-11 9.28437e-13 
0 0 0 
0 0 0 
0 0 0 
2.34982e-10 1.15555e-11 8.86007e-13 
0 0 0 
0 0 0 
0 0 0 
278.113 14.4301 1.10861 
99.4101 4.88861 0.37483 
0 0 0 
0 0 0 
0 0 0 
52.4921 2.72359 0.209243 
20.5495 1.01055 0.0774827 
0 0 0 
0 0 0 
1.09908e-10 5.70266e-12 4.38113e-13 
4.07341 0.200314 0.0153589 
0 0 0 
0 0 0 
0 0 0 
2.929 0.32369 0.00457344 
0 0 0 
0 0 0 
2.1172e-08 1.44169e-09 1.95984e-11 
488.953 57.3293 0.814362 
2791.19 308.46 4.35826 
0 0 0 
0 0 0 
0 0 0 
1338.54 156.943 2.22937 
1096.09 121.131 1.71148 
0 0 0 
0 0 0 
2.40963 0.282527 0.00401329 
7.56165e-10 8.35653e-11 1.1807e-12 
0 0 0 
0 0 0 
0 0 0 
4.6699e-12 3.19966e-11 1.78912e-12 
0 0 0 
0 0 0 
0 0 0 
79.2526 514.818 30.4934 
38.7671 265.619 14.8523 
0 0 0 
0 0 0 
8.79034e-09 9.27878e-08 3.2647e-09 
278.073 1806.33 106.992 
52.6796 360.943 20.1825 
0 0 0 
0 0 0 
0.966385 6.27755 0.371829 
0.234502 1.60673 0.0898415 
0 0 0 
0 0 0 
0 0 0 
0.942894 0.732298 3.50121 
0 0 0 
0 0 0 
0 0 0 
90.0301 70.0601 325.202 
200.956 156.073 746.204 
0 0 0 
0 0 0 
0 0 0 
183.059 142.454 661.238 
46.8945 36.4205 174.131 
0 0 0 
0 0 0 
0.115276 0.0897063 0.416395 
7.46798e-12 5.8e-12 2.77306e-11 
0 0 0 
$escByGroup
 5e-07 5e-07 1.57315 5e-07 5e-07 1.04006 477.281 201.786 5e-07 5e-07 1.97346 936.739 120.889 5e-07 5e-07 0.779098 5.00024e-07 5e-07 5e-07 5e-07 5.00033e-07 5e-07 5e-07 5e-07 124.649 56.5042 5e-07 5e-07 5e-07 23.5266 11.6802 5e-07 5e-07 5.00012e-07 2.3153 5e-07 5e-07 5e-07 1.01489 5e-07 5e-07 0.364541 120.359 967.138 5e-07 5e-07 5e-07 329.49 379.793 5e-07 5e-07 0.593146 5.00066e-07 5e-07 5e-07 5e-07 5.00003e-07 5e-07 5e-07 5e-07 111.179 88.1658 5e-07 5e-07 1.75142 390.092 119.806 5e-07 5e-07 1.35569 0.533314 5e-07 5e-07 5e-07 2.81351 5e-07 5e-07 5e-07 189.799 599.635 5e-07 5e-07 5e-07 385.921 139.929 5e-07 5e-07 0.243022 5.00006e-07 5e-07
$catchByGroup
0 0 2.81558 0 0 4.87886e-08 1101.7 361.149 0 0 9.25742e-08 2162.26 216.363 0 0 1.79838 1.74103e-10 0 0 0 2.34982e-10 0 0 0 278.113 99.4101 0 0 0 52.4921 20.5495 0 0 1.09908e-10 4.07341 0 0 0 2.929 0 0 2.1172e-08 488.953 2791.19 0 0 0 1338.54 1096.09 0 0 2.40963 7.56165e-10 0 0 0 4.6699e-12 0 0 0 79.2526 38.7671 0 0 8.79034e-09 278.073 52.6796 0 0 0.966385 0.234502 0 0 0 0.942894 0 0 0 90.0301 200.956 0 0 0 183.059 46.8945 0 0 0.115276 7.46798e-12 0 
0 0 0.232874 0 0 2.69008e-09 95.8935 29.8703 0 0 5.1043e-09 188.206 17.8952 0 0 0.156533 1.43999e-11 0 0 0 1.15555e-11 0 0 0 14.4301 4.88861 0 0 0 2.72359 1.01055 0 0 5.70266e-12 0.200314 0 0 0 0.32369 0 0 1.44169e-09 57.3293 308.46 0 0 0 156.943 121.131 0 0 0.282527 8.35653e-11 0 0 0 3.19966e-11 0 0 0 514.818 265.619 0 0 9.27878e-08 1806.33 360.943 0 0 6.27755 1.60673 0 0 0 0.732298 0 0 0 70.0601 156.073 0 0 0 142.454 36.4205 0 0 0.0897063 5.8e-12 0 
0 0 0.0150146 0 0 1.69325e-10 6.20347 1.9259 0 0 3.21287e-10 12.1753 1.1538 0 0 0.0101263 9.28437e-13 0 0 0 8.86007e-13 0 0 0 1.10861 0.37483 0 0 0 0.209243 0.0774827 0 0 4.38113e-13 0.0153589 0 0 0 0.00457344 0 0 1.95984e-11 0.814362 4.35826 0 0 0 2.22937 1.71148 0 0 0.00401329 1.1807e-12 0 0 0 1.78912e-12 0 0 0 30.4934 14.8523 0 0 3.2647e-09 106.992 20.1825 0 0 0.371829 0.0898415 0 0 0 3.50121 0 0 0 325.202 746.204 0 0 0 661.238 174.131 0 0 0.416395 2.77306e-11 0 
$Fmort
 1.41143 0.565516 0.267261
#ESTIMATED_PARAMETERS
$availability
1.42624 1.46371 1.76582 0.152597 0.191638 
0.196269 0.117312 0.300102 4.02018 0.366136 
0.0261408 0.0187644 0.00863236 0.299301 4.64716 
$selectivity
 2.33029e-08 0.52917 0.464263 1.98272 2.02384
$RunSize
 0 0 4.63662 0 0 1.04006 1681.08 594.731 0 0 1.97346 3299.38 356.301 0 0 2.74414 2.86708e-10 0 0 0 3.80985e-10 0 0 0 418.301 161.178 0 0 0 78.9516 33.3178 0 0 1.65309e-10 6.60438 0 0 0 4.27215 0 0 0.364541 667.455 4071.14 0 0 0 1827.2 1598.73 0 0 3.28931 1.10292e-09 0 0 0 4.90761e-11 0 0 0 735.743 407.404 0 0 1.75142 2581.49 553.612 0 0 8.97145 2.46438 0 0 0 7.98991 0 0 0 675.091 1702.87 0 0 0 1372.67 397.375 0 0 0.864399 6.32823e-11 0
