$ndistricts
3
$ngroups
90
$nstocks
5
$nagecomps
18
$AgeCompLabels
 0.1 0.2 0.3 0.4 0.5 1.1 1.2 1.3 1.4 1.5 2.1 2.2 2.3 2.4 3.1 3.2 3.3 3.4
$navailpar
15
$nselectpar
5
$GENdata
1
$maxGradient
4.37645e-05
#LIKELIHOOD_VALUES_AND_PENALTIES
$totalNLL
-34182.2
$NLLcatch
-24789.4
$NLLescape
-22432.8
$NLLagecompCatch
5306.09
$NLLagecompEsc
6950.27
$NLLgenetics
783.625
$NLLselOne
3.54234e-16
$NLLavailOne
1.31954e-14
$NLLextra
5.29989e-10
#OBSERVED_AND_PREDICTED_VALUES
$predEsc
 958.325 249.978 1349.89 848.147 468.431
$obsEsc
 957.12 248.7 1349.6 849.576 472.77
$predCatch
 2243.7 1103.93 576.768
$obsCatch
 2243.7 1103.93 576.768
$RunSize
 0 1.09576e-10 0 0 0 0 301.004 57.5095 1.70894 0 1.17797 936.992 281.561 0 0 0.0579511 1.24302e-10 0 0 1.69908 0 0 0 2.8801 835.177 244.997 0 0 1.06617 99.5254 1.05149 0 0 4.24879e-10 0.839343 0 0 1.32964e-10 0.0963978 0 0 0 1093.86 218.612 0.0931988 0 4.33008 506.678 83.6148 0 0 1.64363 1.41193e-10 0 0 1.03513e-10 0 0 0 0 48.0944 112.184 0.0851079 0 0.925361 1150.43 381.001 0 0 36.2355 49.543 0 0 6.19344e-11 0 0 0 0.0658438 1000.49 41.0865 0 0 5.78394 250.986 46.0875 0 0 6.53993e-11 1.0178e-10 0
$SSageCompEsc
 1929 45 1895 1311 2073
$obsAgeCompEsc
0 0 0 0 0 0 0.180856 0.0313443 0.00178437 0 0.00116595 0.607557 0.177254 0 0 3.90323e-05 0 0 
0 0 0 0 0 0.017094 0.188034 0.34188 0 0 0 0.444444 0.00854701 0 0 0 0 0 
0 0 6.90521e-05 0 0 0 0.563303 0.106864 6.90521e-05 0 0.00306307 0.279426 0.0462677 0 0 0.000938967 0 0 
0 0 0 0 0 0 0.0261073 0.0361511 0.000100236 0 0.00107332 0.687699 0.218152 0 0 0.0240596 0.00665727 0 
0 0 0 0 0 0.000136092 0.754479 0.0130918 0 0 0.011904 0.193491 0.0268991 0 0 0 0 0 
$predAgeCompEsc
0 7.076e-14 0 0 0 0 0.194376 0.0335029 0.00178326 0 0.00120035 0.605072 0.164027 0 0 3.74226e-05 7.24137e-14 0 
0 0.00150395 0 0 0 0.0106938 0.73926 0.155289 0 0 0.00395871 0.0880953 0.000666479 0 0 3.76083e-13 0.000532012 0 
0 7.03504e-14 4.75338e-05 0 0 0 0.578752 0.107798 6.90417e-05 0 0.00315396 0.26808 0.0412305 0 0 0.000869635 6.96224e-14 0 
0 6.09981e-14 0 0 0 0 0.0283411 0.0560623 0.000100346 0 0.00105624 0.677928 0.1904 0 0 0.0213529 0.0247585 0 
0 4.66432e-14 0 0 0 0.000135146 0.753479 0.0214424 0 0 0.0118717 0.189019 0.0240523 0 0 4.92527e-14 5.31174e-14 0 
$SSageCompCatch
 2817 1158 513
$obsAgeCompCatch
0 0.00064708 0 0 0 0 0.556451 0.139679 0 0 0.000269857 0.246195 0.054784 0 0 0.000624923 0.00134929 0 
0 0 0 0 0 0 0.216912 0.0863788 0 0 0 0.489157 0.152436 0 0 0.0118485 0.0432678 0 
0 0 0 0 0 0 0.639665 0.0770206 0 0 0 0.228455 0.0548594 0 0 0 0 0 
$predAgeCompCatch
0 0.000580973 1.39198e-05 0 0 9.15909e-05 0.510569 0.13676 3.56517e-11 0 9.03736e-05 0.275594 0.07426 0 0 0.000786726 0.00125343 0 
0 1.61125e-05 6.37166e-07 0 0 1.9776e-06 0.198472 0.0638466 7.5168e-12 0 7.81664e-05 0.513842 0.187098 0 0 0.0142915 0.0223536 0 
0 3.13776e-06 5.15333e-07 0 0 2.99417e-06 0.666894 0.0399189 8.76889e-13 0 0.000242964 0.228401 0.0596193 0 0 0.00186354 0.00305379 0 
$genSS
 334 295 258
$obsGenComp     #GeneticFracData
0.476417 0.211437 0.216498 0.06083 0.0348178 
0.0336296 0.00595839 0.00767522 0.794789 0.157948 
0.00371822 0.00150739 0.00713496 0.0973771 0.890262 
$predGenComp     #catchGenComp_pred
0.261864 0.411384 0.24161 0.0299123 0.0552303 
0.0289657 0.011703 0.0107839 0.731452 0.217095 
0.00375562 0.00227959 0.00871935 0.0966847 0.888561 
#PARAMETERS_OF_INTEREST
$catchByGroup
0 0 0 
3.94927e-11 2.1283e-12 1.44107e-13 
0 0 0 
0 0 0 
0 0 0 
0 0 0 
108.486 5.84639 0.395859 
23.9669 1.34473 0.0912227 
7.66467e-08 3.36372e-09 2.25686e-10 
0 0 0 
0.0263951 0.00117097 7.86016e-05 
337.704 18.1992 1.23227 
117.34 6.58366 0.446618 
0 0 0 
0 0 0 
0.0208864 0.00112558 7.62132e-05 
5.18024e-11 2.90651e-12 1.9717e-13 
0 0 0 
0 0 0 
1.30353 0.0177872 0.00180976 
0 0 0 
0 0 0 
0 0 0 
0.205183 0.00153647 0.000155629 
640.745 8.74321 0.88958 
202.772 3.09055 0.314755 
0 0 0 
0 0 0 
0.0759561 0.000568781 5.76118e-05 
76.3555 1.0419 0.106008 
0.87027 0.0132642 0.00135088 
0 0 0 
0 0 0 
3.25966e-10 4.44792e-12 4.52555e-13 
0.694686 0.010588 0.00107833 
0 0 0 
0 0 0 
3.6854e-11 8.04788e-13 3.39951e-13 
0.0312318 0.00070339 0.000297227 
0 0 0 
0 0 0 
0 0 0 
303.187 6.62075 2.79668 
70.8277 1.59516 0.674055 
3.03573e-09 5.67805e-11 2.39427e-11 
0 0 0 
0.0706826 0.00133276 0.000562035 
140.437 3.06676 1.29543 
27.0902 0.610116 0.257813 
0 0 0 
0 0 0 
0.45557 0.00994837 0.0042023 
4.57449e-11 1.03025e-12 4.35346e-13 
0 0 0 
0 0 0 
3.68145e-12 4.50377e-11 3.05822e-12 
0 0 0 
0 0 0 
0 0 0 
0 0 0 
1.71049 20.9256 1.42092 
4.79509 55.8537 3.98586 
3.09285e-10 4.87756e-09 2.56132e-10 
0 0 0 
0.0016976 0.0264122 0.00140608 
40.9154 500.546 33.9888 
16.2852 189.692 13.5369 
0 0 0 
0 0 0 
1.28872 15.7658 1.07055 
2.11763 24.6663 1.76025 
0 0 0 
0 0 0 
5.66027e-12 1.09548e-11 2.34702e-11 
0 0 0 
0 0 0 
0 0 0 
0.000319204 0.000646673 0.00157131 
91.4365 176.964 379.14 
4.4858 8.59838 17.9581 
0 0 0 
0 0 0 
0.0280399 0.0568059 0.138029 
22.9379 44.3936 95.1117 
5.0318 9.64495 20.1439 
0 0 0 
0 0 0 
5.97692e-12 1.15676e-11 2.47832e-11 
1.11123e-11 2.13001e-11 4.44861e-11 
0 0 0 
$escByGroup
 5e-07 5.00017e-07 5e-07 5e-07 5e-07 5e-07 186.276 32.1067 1.70894 5e-07 1.15033 579.856 157.191 5e-07 5e-07 0.035863 5.00017e-07 5e-07 5e-07 0.375955 5e-07 5e-07 5e-07 2.67322 184.799 38.819 5e-07 5e-07 0.989591 22.0219 0.166605 5e-07 5e-07 5.00024e-07 0.132991 5e-07 5e-07 5.00024e-07 0.0641654 5e-07 5e-07 5e-07 781.251 145.515 0.0931987 5e-07 4.2575 361.879 55.6566 5e-07 5e-07 1.17391 5.00023e-07 5e-07 5e-07 5.00013e-07 5e-07 5e-07 5e-07 5e-07 24.0374 47.5491 0.0851079 5e-07 0.895845 574.983 161.487 5e-07 5e-07 18.1104 20.9988 5e-07 5e-07 5.00005e-07 5e-07 5e-07 5e-07 0.0633066 352.953 10.0443 5e-07 5e-07 5.56106 88.5424 11.2668 5e-07 5e-07 5.00006e-07 5.00006e-07 5e-07
$catchByGroup
0 3.94927e-11 0 0 0 0 108.486 23.9669 7.66467e-08 0 0.0263951 337.704 117.34 0 0 0.0208864 5.18024e-11 0 0 1.30353 0 0 0 0.205183 640.745 202.772 0 0 0.0759561 76.3555 0.87027 0 0 3.25966e-10 0.694686 0 0 3.6854e-11 0.0312318 0 0 0 303.187 70.8277 3.03573e-09 0 0.0706826 140.437 27.0902 0 0 0.45557 4.57449e-11 0 0 3.68145e-12 0 0 0 0 1.71049 4.79509 3.09285e-10 0 0.0016976 40.9154 16.2852 0 0 1.28872 2.11763 0 0 5.66027e-12 0 0 0 0.000319204 91.4365 4.4858 0 0 0.0280399 22.9379 5.0318 0 0 5.97692e-12 1.11123e-11 0 
0 2.1283e-12 0 0 0 0 5.84639 1.34473 3.36372e-09 0 0.00117097 18.1992 6.58366 0 0 0.00112558 2.90651e-12 0 0 0.0177872 0 0 0 0.00153647 8.74321 3.09055 0 0 0.000568781 1.0419 0.0132642 0 0 4.44792e-12 0.010588 0 0 8.04788e-13 0.00070339 0 0 0 6.62075 1.59516 5.67805e-11 0 0.00133276 3.06676 0.610116 0 0 0.00994837 1.03025e-12 0 0 4.50377e-11 0 0 0 0 20.9256 55.8537 4.87756e-09 0 0.0264122 500.546 189.692 0 0 15.7658 24.6663 0 0 1.09548e-11 0 0 0 0.000646673 176.964 8.59838 0 0 0.0568059 44.3936 9.64495 0 0 1.15676e-11 2.13001e-11 0 
0 1.44107e-13 0 0 0 0 0.395859 0.0912227 2.25686e-10 0 7.86016e-05 1.23227 0.446618 0 0 7.62132e-05 1.9717e-13 0 0 0.00180976 0 0 0 0.000155629 0.88958 0.314755 0 0 5.76118e-05 0.106008 0.00135088 0 0 4.52555e-13 0.00107833 0 0 3.39951e-13 0.000297227 0 0 0 2.79668 0.674055 2.39427e-11 0 0.000562035 1.29543 0.257813 0 0 0.0042023 4.35346e-13 0 0 3.05822e-12 0 0 0 0 1.42092 3.98586 2.56132e-10 0 0.00140608 33.9888 13.5369 0 0 1.07055 1.76025 0 0 2.34702e-11 0 0 0 0.00157131 379.14 17.9581 0 0 0.138029 95.1117 20.1439 0 0 2.47832e-11 4.44861e-11 0 
$Fmort
 0.430138 0.146096 0.093142
#ESTIMATED_PARAMETERS
$availability
0.946437 3.08657 0.68735 0.0766857 0.202955 
0.122289 0.0656139 0.0378517 3.56065 1.2136 
0.0128696 0.010422 0.0250351 0.29328 4.65839 
$selectivity
 0.0556673 1.09785 1.32433 1.10171e-07 2.52215
$RunSize
 0 1.09576e-10 0 0 0 0 301.004 57.5095 1.70894 0 1.17797 936.992 281.561 0 0 0.0579511 1.24302e-10 0 0 1.69908 0 0 0 2.8801 835.177 244.997 0 0 1.06617 99.5254 1.05149 0 0 4.24879e-10 0.839343 0 0 1.32964e-10 0.0963978 0 0 0 1093.86 218.612 0.0931988 0 4.33008 506.678 83.6148 0 0 1.64363 1.41193e-10 0 0 1.03513e-10 0 0 0 0 48.0944 112.184 0.0851079 0 0.925361 1150.43 381.001 0 0 36.2355 49.543 0 0 6.19344e-11 0 0 0 0.0658438 1000.49 41.0865 0 0 5.78394 250.986 46.0875 0 0 6.53993e-11 1.0178e-10 0
