$ndistricts
3
$ngroups
90
$nstocks
5
$nagecomps
18
$AgeCompLabels
 0.1 0.2 0.3 0.4 0.5 1.1 1.2 1.3 1.4 1.5 2.1 2.2 2.3 2.4 3.1 3.2 3.3 3.4
$navailpar
15
$nselectpar
5
$GENdata
-1
$maxGradient
0.000107162
#LIKELIHOOD_VALUES_AND_PENALTIES
$totalNLL
-74742.8
$NLLcatch
-58618.7
$NLLescape
-28689.2
$NLLagecompCatch
7821.49
$NLLagecompEsc
4743.49
$NLLgenetics
0
$NLLselOne
9.7643e-15
$NLLavailOne
1.17179e-10
$NLLextra
0.0519124
#OBSERVED_AND_PREDICTED_VALUES
$predEsc
 2414.55 188.489 909.086 654.489 513.828
$obsEsc
 2387.39 187.302 935.754 634.014 529.752
$predCatch
 5857.38 1306.68 954.068
$obsCatch
 5857.38 1306.68 954.068
$RunSize
 0 1.89297 13.5255 1.28531e-10 0 0 297.25 722.213 8.72735e-10 0 2.12662 3936.09 952.171 0 0 1.43525 0.630181 0 0 0.463366 0.476821 9.16052e-11 0 6.80134 230.195 188.078 4.4228 0 2.14714 11.7309 14.3644 0 0 8.4504e-11 8.87647e-11 0 0 1.6915e-09 3.66641e-08 1.2285e-10 0 2.79397 313.892 2101.96 3.36028e-09 0 3.67028 187.053 422.491 0 0 1.74547e-09 5.99978e-09 0 0 6.036e-11 3.82116 5.18386e-11 0 0 36.5639 487.969 1.42686 0 0.295709 448.416 755.609 0 0 3.044 6.09852 0 0 6.10701e-11 7.52725e-11 0.0991064 0 0 79.5803 1420.04 0.515563 0 5.53892e-11 61.0389 73.3691 0 0 2.59052 0.212164 0
$SSageCompEsc
 1909 574 1165 564 755
$obsAgeCompEsc
0 0 0 0 0 0 0.050314 0.121501 0 0 0.000501405 0.666399 0.161284 0 0 0 0 0 
0 0.000737599 0.000737599 0 0 0.0290058 0.506906 0.395546 0.00280749 0 0.00804835 0.0259229 0.0302882 0 0 0 0 0 
0 0 0 0 0 0.00252173 0.107085 0.685496 0 0 0.00221491 0.0639592 0.138723 0 0 0 0 0 
0 0 0 0 0 0 0.0372175 0.263214 0 0 0.000558117 0.329323 0.364408 0 0 0.00472103 0.000558117 0 
0 0 0 0 0 0 0.0838037 0.864677 0 0 0 0.0174847 0.0340349 0 0 0 0 0 
$predAgeCompEsc
0 0.000325668 0.00216633 4.97171e-15 0 0 0.0511392 0.115674 3.37582e-14 0 0.00067213 0.677169 0.152506 0 0 0.000246922 0.000100934 0 
0 0.00103124 0.000990852 5.57432e-14 0 0.0275071 0.512306 0.390832 0.00269134 0 0.00868382 0.0261074 0.0298498 0 0 1.88066e-13 1.84456e-13 0 
0 6.0294e-13 1.18566e-11 9.11686e-16 0 0.00219117 0.111888 0.67974 2.4937e-14 0 0.00287842 0.0666755 0.136627 0 0 6.22178e-13 1.94023e-12 0 
0 3.68873e-14 0.00213836 -2.18819e-15 0 0 0.0223449 0.273072 -6.02299e-05 0 0.000348985 0.274036 0.422846 0 0 0.00186025 0.00341279 0 
0 4.12706e-14 4.55256e-14 -2.21564e-05 0 0 0.0537797 0.858855 -0.00011526 0 8.10086e-14 0.0412495 0.0443744 0 0 0.00175065 0.000128319 0 
$SSageCompCatch
 2760 2619 1406
$obsAgeCompCatch
0 0.000564588 0.00297665 0 0 0 0.0932523 0.339985 0.000665569 0 0.000920851 0.416391 0.144379 0 0 0.000538101 0.000326844 0 
0 0 0.00245763 0 0 0 0.0306941 0.36685 0.00102677 0 0 0.244013 0.351669 0 0 0.000449837 0.00283955 0 
0 0 0 9.51192e-05 0 0 0.0276769 0.783459 0.000571672 0 0 0.0944983 0.0905875 0 0 0.00250391 0.000607911 0 
$predAgeCompCatch
0 0.000221908 0.00143466 3.59e-06 0 0.000397411 0.0854037 0.358274 0.000693728 0 0.000337896 0.397937 0.154916 0 0 0.000222215 0.0001572 0 
0 5.15076e-05 0.00181383 9.2871e-06 0 6.40085e-05 0.0383963 0.355582 0.00101879 0 0.000111437 0.26601 0.333328 0 0 0.00125426 0.0023595 0 
0 8.92357e-06 0.000244264 8.10505e-05 0 7.46743e-06 0.0451249 0.803027 0.000588967 0 1.06041e-05 0.0678476 0.081162 0 0 0.00148417 0.000412652 0 
$genSS
 0 0 0
$obsGenComp     #GeneticFracData
-1 -1 -1 -1 -1 
-1 -1 -1 -1 -1 
-1 -1 -1 -1 -1 
$predGenComp     #catchGenComp_pred
0 0 0 0 0 
0 0 0 0 0 
0 0 0 0 0 
#PARAMETERS_OF_INTEREST
$catchByGroup
0 0 0 
1.04072 0.0586664 0.00724073 
7.78916 0.450026 0.0556004 
1.06744e-10 8.6917e-12 1.09088e-12 
0 0 0 
0 0 0 
163.423 9.2123 1.137 
415.913 24.0298 2.96886 
7.24799e-10 5.90171e-11 7.40715e-12 
0 0 0 
0.479774 0.0213419 0.00260952 
2163.99 121.986 15.0558 
548.343 31.681 3.91417 
0 0 0 
0 0 0 
0.789076 0.0444809 0.00548993 
0.362913 0.0209676 0.00259053 
0 0 0 
0 0 0 
0.259078 0.00863771 0.00127296 
0.279101 0.00954713 0.00140783 
7.67848e-11 3.75462e-12 5.58762e-13 
0 0 0 
1.56967 0.0408797 0.00599181 
128.707 4.29111 0.632391 
110.089 3.76578 0.555304 
3.70725 0.181277 0.0269777 
0 0 0 
0.495534 0.0129055 0.00189158 
6.55899 0.218678 0.032227 
8.40802 0.287611 0.0424112 
0 0 0 
0 0 0 
4.72481e-11 1.57526e-12 2.32149e-13 
5.19573e-11 1.77729e-12 2.6208e-13 
0 0 0 
0 0 0 
1.06174e-09 7.94956e-11 2.13934e-12 
2.39868e-08 1.84877e-09 4.98397e-11 
1.09203e-10 1.24728e-11 3.45299e-13 
0 0 0 
0.758116 0.042759 0.00113262 
197.027 14.752 0.396997 
1375.17 105.991 2.85732 
2.987e-09 3.41165e-10 9.44482e-12 
0 0 0 
0.995894 0.0561701 0.00148786 
117.412 8.79094 0.236577 
276.407 21.304 0.574318 
0 0 0 
0 0 0 
1.09562e-09 8.2032e-11 2.2076e-12 
3.92525e-09 3.02537e-10 8.15587e-12 
0 0 0 
0 0 0 
4.93983e-12 2.86866e-11 2.5913e-12 
0.335072 1.91052 0.176037 
8.96579e-12 3.9485e-11 4.81995e-12 
0 0 0 
0 0 0 
2.99236 17.3773 1.56971 
42.7894 243.977 22.4802 
0.246783 1.08682 0.132669 
0 0 0 
0.00797954 0.0551952 0.00412805 
36.6981 213.113 19.2508 
66.2583 377.793 34.8101 
0 0 0 
0 0 0 
0.249119 1.44669 0.130681 
0.534771 3.04917 0.280952 
0 0 0 
0 0 0 
6.20952e-12 3.48332e-12 3.01712e-11 
8.19413e-12 4.60473e-12 3.90813e-11 
0.021028 0.0121353 0.0773277 
0 0 0 
0 0 0 
8.09161 4.53911 39.3161 
154.585 86.8697 737.281 
0.10939 0.0631292 0.402268 
0 0 0 
1.87051e-12 1.03245e-12 1.08617e-11 
6.20634 3.48154 30.1558 
7.98692 4.48829 38.093 
0 0 0 
0 0 0 
0.2634 0.147758 1.27983 
0.023096 0.0129789 0.110155 
0 0 0 
$escByGroup
 5e-07 0.786342 5.23071 5.00003e-07 5e-07 5e-07 123.478 279.301 5.0002e-07 5e-07 1.62289 1635.06 368.233 5e-07 5e-07 0.596205 0.243709 5e-07 5e-07 0.194377 0.186765 5.00003e-07 5e-07 5.18479 96.5642 73.6677 0.507289 5e-07 1.63681 4.92097 5.62636 5e-07 5e-07 5.00009e-07 5.00009e-07 5e-07 5e-07 5.00137e-07 5.02709e-07 5e-07 5e-07 1.99197 101.716 617.942 5.00006e-07 5e-07 2.61673 60.6138 124.206 5e-07 5e-07 5.00141e-07 5.00441e-07 5e-07 5e-07 5.00006e-07 1.39953 5e-07 5e-07 5e-07 14.6245 178.723 2.53667e-11 5e-07 0.228407 179.354 276.748 5e-07 5e-07 1.21751 2.23363 5e-07 5e-07 5.00005e-07 5.00006e-07 8.78225e-11 5e-07 5e-07 27.6335 441.304 1.68844e-11 5e-07 5.0001e-07 21.1952 22.8008 5e-07 5e-07 0.899535 0.0659338 5e-07
$catchByGroup
0 1.04072 7.78916 1.06744e-10 0 0 163.423 415.913 7.24799e-10 0 0.479774 2163.99 548.343 0 0 0.789076 0.362913 0 0 0.259078 0.279101 7.67848e-11 0 1.56967 128.707 110.089 3.70725 0 0.495534 6.55899 8.40802 0 0 4.72481e-11 5.19573e-11 0 0 1.06174e-09 2.39868e-08 1.09203e-10 0 0.758116 197.027 1375.17 2.987e-09 0 0.995894 117.412 276.407 0 0 1.09562e-09 3.92525e-09 0 0 4.93983e-12 0.335072 8.96579e-12 0 0 2.99236 42.7894 0.246783 0 0.00797954 36.6981 66.2583 0 0 0.249119 0.534771 0 0 6.20952e-12 8.19413e-12 0.021028 0 0 8.09161 154.585 0.10939 0 1.87051e-12 6.20634 7.98692 0 0 0.2634 0.023096 0 
0 0.0586664 0.450026 8.6917e-12 0 0 9.2123 24.0298 5.90171e-11 0 0.0213419 121.986 31.681 0 0 0.0444809 0.0209676 0 0 0.00863771 0.00954713 3.75462e-12 0 0.0408797 4.29111 3.76578 0.181277 0 0.0129055 0.218678 0.287611 0 0 1.57526e-12 1.77729e-12 0 0 7.94956e-11 1.84877e-09 1.24728e-11 0 0.042759 14.752 105.991 3.41165e-10 0 0.0561701 8.79094 21.304 0 0 8.2032e-11 3.02537e-10 0 0 2.86866e-11 1.91052 3.9485e-11 0 0 17.3773 243.977 1.08682 0 0.0551952 213.113 377.793 0 0 1.44669 3.04917 0 0 3.48332e-12 4.60473e-12 0.0121353 0 0 4.53911 86.8697 0.0631292 0 1.03245e-12 3.48154 4.48829 0 0 0.147758 0.0129789 0 
0 0.00724073 0.0556004 1.09088e-12 0 0 1.137 2.96886 7.40715e-12 0 0.00260952 15.0558 3.91417 0 0 0.00548993 0.00259053 0 0 0.00127296 0.00140783 5.58762e-13 0 0.00599181 0.632391 0.555304 0.0269777 0 0.00189158 0.032227 0.0424112 0 0 2.32149e-13 2.6208e-13 0 0 2.13934e-12 4.98397e-11 3.45299e-13 0 0.00113262 0.396997 2.85732 9.44482e-12 0 0.00148786 0.236577 0.574318 0 0 2.2076e-12 8.15587e-12 0 0 2.5913e-12 0.176037 4.81995e-12 0 0 1.56971 22.4802 0.132669 0 0.00412805 19.2508 34.8101 0 0 0.130681 0.280952 0 0 3.01712e-11 3.90813e-11 0.0773277 0 0 39.3161 737.281 0.402268 0 1.08617e-11 30.1558 38.093 0 0 1.27983 0.110155 0 
$Fmort
 0.888429 0.254689 0.232783
#ESTIMATED_PARAMETERS
$availability
1.42624 1.46371 1.76582 0.152597 0.191638 
0.196269 0.117312 0.300102 4.02018 0.366136 
0.0261408 0.0187644 0.00863236 0.299301 4.64716 
$selectivity
 0.201776 0.629798 0.676939 1.40071 2.09077
$RunSize
 0 1.89297 13.5255 1.28531e-10 0 0 297.25 722.213 8.72735e-10 0 2.12662 3936.09 952.171 0 0 1.43525 0.630181 0 0 0.463366 0.476821 9.16052e-11 0 6.80134 230.195 188.078 4.4228 0 2.14714 11.7309 14.3644 0 0 8.4504e-11 8.87647e-11 0 0 1.6915e-09 3.66641e-08 1.2285e-10 0 2.79397 313.892 2101.96 3.36028e-09 0 3.67028 187.053 422.491 0 0 1.74547e-09 5.99978e-09 0 0 6.036e-11 3.82116 5.18386e-11 0 0 36.5639 487.969 1.42686 0 0.295709 448.416 755.609 0 0 3.044 6.09852 0 0 6.10701e-11 7.52725e-11 0.0991064 0 0 79.5803 1420.04 0.515563 0 5.53892e-11 61.0389 73.3691 0 0 2.59052 0.212164 0
