$ndistricts
3
$ngroups
90
$nstocks
5
$nagecomps
18
$AgeCompLabels
 0.1 0.2 0.3 0.4 0.5 1.1 1.2 1.3 1.4 1.5 2.1 2.2 2.3 2.4 3.1 3.2 3.3 3.4
$navailpar
15
$nselectpar
5
$GENdata
-1
$maxGradient
0.000320823
#LIKELIHOOD_VALUES_AND_PENALTIES
$totalNLL
-250615
$NLLcatch
-146276
$NLLescape
-120398
$NLLagecompCatch
8647.95
$NLLagecompEsc
7410.34
$NLLgenetics
0
$NLLselOne
2.78924e-15
$NLLavailOne
1.17179e-10
$NLLextra
5.09977e-10
#OBSERVED_AND_PREDICTED_VALUES
$predEsc
 11218.3 773.403 898.627 1170.2 1612.9
$obsEsc
 11218.4 791.55 925.362 1032.04 1706.9
$predCatch
 14991.8 2257.33 391.118
$obsCatch
 14991.8 2257.33 391.118
$RunSize
 0 1.62741e-10 0 0 0 5.1721 4771.29 1584.55 3.16235e-10 0 306.614 16954.9 319.151 0 0 23.2906 1.44248e-10 0 0 2.86646e-10 0 0 0 3.27331e-10 945.954 422.384 0.705816 0 3.01441e-10 256.395 81.1857 0 0 26.6104 2.05276e-10 0 0 4.99319e-11 0 0 0 4.26407 424.484 340.392 3.32879e-11 0 11.726 1098.83 771.589 2.29731 0 6.47266e-11 2.93528 0 0 0.334233 0 0 0 4.80826e-11 49.479 79.4242 1.6644e-11 0 8.65139 1761.57 746.557 0 0 27.267 13.4674 0.132009 0 1.63745 0 0 0 2.2192e-11 1536.3 13.2903 0.338262 0 4.86032 671.932 35.2167 0 0 6.09185 2.44281 0
$SSageCompEsc
 2575 88.5 1251 1936 2163
$obsAgeCompEsc
0 0 0 0 0 0.000363419 0.243269 0.0671093 0 0 0.0210755 0.655549 0.0120842 0 0 0.000549028 0 0 
0 0 0 0 0 0 0.601116 0.250188 0 0 0 0.102692 0.0460043 0 0 0 0 0 
0 0 0 0 0 0.00318486 0.188712 0.110966 0 0 0.00878252 0.448268 0.237244 0.00165752 0 0 0.00118525 0 
0 0 0 0 0 0 0.0310962 0.035044 0 0 0.00461071 0.712926 0.202329 0 0 0.00879523 0.00508509 0.000113071 
0 0 0 0 0 0 0.723562 0.00185774 0 0 0.00306556 0.261416 0.00751193 0 0 0.00123068 0.00135575 0 
$predAgeCompEsc
0 6.85999e-15 0 0 0 0.000342065 0.201123 0.0520878 1.82464e-14 0 0.0202784 0.714695 0.0104912 0 0 0.000981765 4.74175e-15 0 
0 1.76248e-13 0 0 0 3.13707e-13 0.581633 0.204466 0.000590612 0 2.88894e-13 0.157648 0.0393001 0 0 0.0163618 9.93692e-14 0 
0 2.12666e-14 0 0 0 0.00325979 0.180793 0.103043 2.13797e-14 0 0.00896431 0.468003 0.233573 0.00147549 0 2.75678e-14 0.000888561 0 
0 0.000134432 0 0 0 3.08094e-14 0.0199011 0.024113 9.30452e-15 0 0.00554347 0.708526 0.226653 0 0 0.0109671 0.00408868 7.37974e-05 
0 0.000722152 0 0 0 1.20731e-14 0.677542 0.00518961 0.000172954 0 0.00264415 0.296337 0.0137514 0 0 0.00268664 0.000953867 0 
$SSageCompCatch
 2912 3388 2291
$obsAgeCompCatch
0 0 0 0 0 0 0.215439 0.0854063 3.5175e-05 0 0.00268619 0.649815 0.0441717 0 0 0.00244645 0 0 
0 0.000229569 0 0 0 0.000194328 0.055692 0.0406234 0 0 0.0051517 0.656719 0.230449 0 0 0.00774406 0.00319644 0 
0 0.00123008 0 0 0 0 0.548543 0.02243 0.000241624 0 0.000322165 0.36368 0.0577526 0 0 0.00471045 0.00108988 0 
$predAgeCompCatch
0 1.12327e-05 0 0 0 0.000168693 0.215867 0.0954651 1.73158e-05 0 0.00528838 0.625785 0.0552663 6.07896e-05 0 0.00183738 0.000232322 3.7626e-07 
0 0.00010457 0 0 0 6.11389e-05 0.121503 0.0581602 7.93216e-06 0 0.00257574 0.603264 0.204859 2.6424e-05 0 0.00605262 0.00336701 1.73692e-05 
0 0.00062683 0 0 0 6.19591e-06 0.594035 0.0151004 7.88428e-05 0 0.00117307 0.339921 0.0443074 1.03328e-06 0 0.00311038 0.00163785 2.05257e-06 
$genSS
 0 0 0
$obsGenComp     #GeneticFracData
-1 -1 -1 -1 -1 
-1 -1 -1 -1 -1 
-1 -1 -1 -1 -1 
$predGenComp     #catchGenComp_pred
0 0 0 0 0 
0 0 0 0 0 
0 0 0 0 0 
#PARAMETERS_OF_INTEREST
$catchByGroup
0 0 0 
8.09831e-11 4.65451e-12 1.46165e-13 
0 0 0 
0 0 0 
0 0 0 
1.27166 0.0611575 0.00190471 
2374.29 136.462 4.28531 
939.459 58.9016 1.85759 
1.05979e-10 5.39431e-12 1.68434e-13 
0 0 0 
75.3867 3.62556 0.112915 
8437.07 484.922 15.2279 
189.22 11.8636 0.374145 
0 0 0 
0 0 0 
11.5899 0.666128 0.0209183 
8.55224e-11 5.36203e-12 1.69103e-13 
0 0 0 
0 0 0 
1.45222e-10 4.92877e-12 1.84826e-13 
0 0 0 
0 0 0 
0 0 0 
8.23037e-11 2.31899e-12 8.65344e-14 
479.242 16.2653 0.609942 
254.437 9.45606 0.3555 
0.241544 0.00722115 0.000269873 
0 0 0 
7.57938e-11 2.13556e-12 7.96899e-14 
129.896 4.40861 0.165321 
48.905 1.81753 0.06833 
0 0 0 
0 0 0 
13.4815 0.457556 0.0171581 
1.23655e-10 4.59558e-12 1.7277e-13 
0 0 0 
0 0 0 
2.86394e-11 2.16701e-12 1.48138e-14 
0 0 0 
0 0 0 
0 0 0 
1.25736 0.0768532 0.000518622 
243.471 18.4223 0.125936 
228.508 19.1558 0.131827 
1.32054e-11 8.64293e-13 5.85591e-15 
0 0 0 
3.45769 0.211343 0.00142619 
630.253 47.6883 0.326 
517.973 43.4217 0.298821 
0.911347 0.0596476 0.000404135 
0 0 0 
3.71251e-11 2.80908e-12 1.92031e-14 
1.97048 0.165185 0.00113678 
0 0 0 
0 0 0 
0.0237327 0.149766 0.00342097 
0 0 0 
0 0 0 
0 0 0 
1.43002e-12 1.03971e-11 2.02351e-13 
3.51334 22.1711 0.506432 
7.28102 42.8666 1.05957 
7.11206e-13 4.94341e-12 1.01218e-13 
0 0 0 
0.257301 1.87073 0.0364085 
125.083 789.343 18.0302 
68.4388 402.93 9.95953 
0 0 0 
0 0 0 
1.93614 12.2181 0.279086 
1.23459 7.26861 0.179664 
0.00564083 0.0392079 0.000802796 
0 0 0 
0.144666 0.0862823 0.241743 
0 0 0 
0 0 0 
0 0 0 
8.25689e-13 4.87013e-13 1.40658e-12 
135.729 80.9523 226.81 
1.5117 0.906761 2.50155 
0.0180517 0.0106844 0.030567 
0 0 0 
0.180836 0.106662 0.30806 
59.364 35.4061 99.1999 
4.00569 2.40273 6.6286 
0 0 0 
0 0 0 
0.538203 0.320998 0.899362 
0.277855 0.166666 0.459792 
0 0 0 
$escByGroup
 5e-07 5.00019e-07 5e-07 5e-07 5e-07 3.83738 2256.26 584.336 5.00051e-07 5e-07 227.489 8017.65 117.693 5e-07 5e-07 11.0137 5.00013e-07 5e-07 5e-07 5.00034e-07 5e-07 5e-07 5e-07 5.00061e-07 449.837 158.135 0.456781 5e-07 5.00056e-07 121.925 30.3948 5e-07 5e-07 12.6543 5.00019e-07 5e-07 5e-07 5.00005e-07 5e-07 5e-07 5e-07 2.92934 162.465 92.5969 5.00005e-07 5e-07 8.05557 420.56 209.895 1.32591 5e-07 5.00006e-07 0.798484 5e-07 5e-07 0.157313 5e-07 5e-07 5e-07 5.00009e-07 23.2882 28.217 5.00003e-07 5e-07 6.48696 829.115 265.229 5e-07 5e-07 12.8337 4.78457 0.0863576 5e-07 1.16476 5e-07 5e-07 5e-07 5.00005e-07 1092.81 8.37033 0.278959 5e-07 4.26476 477.962 22.1797 5e-07 5e-07 4.33328 1.53849 5e-07
$catchByGroup
0 8.09831e-11 0 0 0 1.27166 2374.29 939.459 1.05979e-10 0 75.3867 8437.07 189.22 0 0 11.5899 8.55224e-11 0 0 1.45222e-10 0 0 0 8.23037e-11 479.242 254.437 0.241544 0 7.57938e-11 129.896 48.905 0 0 13.4815 1.23655e-10 0 0 2.86394e-11 0 0 0 1.25736 243.471 228.508 1.32054e-11 0 3.45769 630.253 517.973 0.911347 0 3.71251e-11 1.97048 0 0 0.0237327 0 0 0 1.43002e-12 3.51334 7.28102 7.11206e-13 0 0.257301 125.083 68.4388 0 0 1.93614 1.23459 0.00564083 0 0.144666 0 0 0 8.25689e-13 135.729 1.5117 0.0180517 0 0.180836 59.364 4.00569 0 0 0.538203 0.277855 0 
0 4.65451e-12 0 0 0 0.0611575 136.462 58.9016 5.39431e-12 0 3.62556 484.922 11.8636 0 0 0.666128 5.36203e-12 0 0 4.92877e-12 0 0 0 2.31899e-12 16.2653 9.45606 0.00722115 0 2.13556e-12 4.40861 1.81753 0 0 0.457556 4.59558e-12 0 0 2.16701e-12 0 0 0 0.0768532 18.4223 19.1558 8.64293e-13 0 0.211343 47.6883 43.4217 0.0596476 0 2.80908e-12 0.165185 0 0 0.149766 0 0 0 1.03971e-11 22.1711 42.8666 4.94341e-12 0 1.87073 789.343 402.93 0 0 12.2181 7.26861 0.0392079 0 0.0862823 0 0 0 4.87013e-13 80.9523 0.906761 0.0106844 0 0.106662 35.4061 2.40273 0 0 0.320998 0.166666 0 
0 1.46165e-13 0 0 0 0.00190471 4.28531 1.85759 1.68434e-13 0 0.112915 15.2279 0.374145 0 0 0.0209183 1.69103e-13 0 0 1.84826e-13 0 0 0 8.65344e-14 0.609942 0.3555 0.000269873 0 7.96899e-14 0.165321 0.06833 0 0 0.0171581 1.7277e-13 0 0 1.48138e-14 0 0 0 0.000518622 0.125936 0.131827 5.85591e-15 0 0.00142619 0.326 0.298821 0.000404135 0 1.92031e-14 0.00113678 0 0 0.00342097 0 0 0 2.02351e-13 0.506432 1.05957 1.01218e-13 0 0.0364085 18.0302 9.95953 0 0 0.279086 0.179664 0.000802796 0 0.241743 0 0 0 1.40658e-12 226.81 2.50155 0.030567 0 0.30806 99.1999 6.6286 0 0 0.899362 0.459792 0 
$Fmort
 0.921989 0.282416 0.0656601
#ESTIMATED_PARAMETERS
$availability
1.42624 1.46371 1.76582 0.152597 0.191638 
0.196269 0.117312 0.300102 4.02018 0.366136 
0.0261408 0.0187644 0.00863236 0.299301 4.64716 
$selectivity
 0.214596 0.523506 0.683406 0.310395 3.2681
$RunSize
 0 1.62741e-10 0 0 0 5.1721 4771.29 1584.55 3.16235e-10 0 306.614 16954.9 319.151 0 0 23.2906 1.44248e-10 0 0 2.86646e-10 0 0 0 3.27331e-10 945.954 422.384 0.705816 0 3.01441e-10 256.395 81.1857 0 0 26.6104 2.05276e-10 0 0 4.99319e-11 0 0 0 4.26407 424.484 340.392 3.32879e-11 0 11.726 1098.83 771.589 2.29731 0 6.47266e-11 2.93528 0 0 0.334233 0 0 0 4.80826e-11 49.479 79.4242 1.6644e-11 0 8.65139 1761.57 746.557 0 0 27.267 13.4674 0.132009 0 1.63745 0 0 0 2.2192e-11 1536.3 13.2903 0.338262 0 4.86032 671.932 35.2167 0 0 6.09185 2.44281 0
