$ndistricts
3
$ngroups
90
$nstocks
5
$nagecomps
18
$AgeCompLabels
 0.1 0.2 0.3 0.4 0.5 1.1 1.2 1.3 1.4 1.5 2.1 2.2 2.3 2.4 3.1 3.2 3.3 3.4
$navailpar
15
$nselectpar
5
$GENdata
-1
$maxGradient
0.000692448
#LIKELIHOOD_VALUES_AND_PENALTIES
$totalNLL
-276778
$NLLcatch
-212089
$NLLescape
-97927.8
$NLLagecompCatch
22718.4
$NLLagecompEsc
10519.8
$NLLgenetics
0
$NLLselOne
3.62729e-14
$NLLavailOne
1.17179e-10
$NLLextra
0.0432304
#OBSERVED_AND_PREDICTED_VALUES
$predEsc
 8267.04 552.948 1197.05 1605.14 1714.17
$obsEsc
 8317.5 530.633 1161.98 1611.57 1713.29
$predCatch
 13810 8901.99 3146.24
$obsCatch
 13810 8901.99 3146.24
$RunSize
 0 0.940942 14.554 3.63335e-10 0 1.21837e-10 850.632 1764.23 2.55855 5.00401e-11 33.2455 16231.9 371.976 1.8058e-10 5.87427e-11 4.78645e-11 4.78645e-11 0 0 7.83237e-11 16.4747 1.49904 0 3.21997e-10 546.125 548.195 7.17967e-11 4.13375e-11 1.54472e-10 92.8542 59.1478 2.43674e-10 8.2675e-11 8.2675e-11 3.91618e-11 0 0 2.82835e-11 1.97968 5.22158e-11 0 7.2395 791.797 917.077 4.18496 8.2675e-11 27.7109 1535.12 391.253 6.36428 2.17566e-11 2.39322e-11 3.04592e-11 0 0 2.17566e-11 3.21173 2.61079e-11 0 1.43669 434.201 613.301 5.87248 0.466828 32.2531 5192.35 3209.44 3.69862e-11 2.00769 17.9536 0.798532 0 0 4.79874 9.0592 1.95809e-11 0 0.537537 647.098 629.929 3.1726 3.48105e-11 0.981239 3948.29 217.455 2.69738 1.08783e-11 0.126654 1.74053e-11 0
$SSageCompEsc
 3007 88.5 1732 2744 3712
$obsAgeCompEsc
0 0.000106919 0.000264508 0 0 0 0.0453678 0.060585 0.000235161 0 0.00373348 0.873374 0.0163333 0 0 0 0 0 
0 0 0 0 0 0 0.601116 0.250188 0 0 0 0.102692 0.0460043 0 0 0 0 0 
0 0 0.000389753 0 0 0.00518031 0.222433 0.213982 0.0011853 0 0.021533 0.434988 0.0988799 0.00142853 0 0 0 0 
0 0 0 0 0 0.000708519 0.0408486 0.0594829 0.000205748 0 0.0177067 0.535 0.344368 0 0.000938515 0.000601233 0.000140165 0 
0 0.00135269 0.00125205 0 0 0.000295966 0.150879 0.10471 0 0 0.000546787 0.703015 0.0376991 0.000249729 0 0 0 0 
$predAgeCompEsc
0 4.89444e-05 0.000727845 1.39958e-14 0 1.36277e-14 0.0442468 0.0882295 9.85564e-05 7.21589e-16 0.00371857 0.844327 0.0186025 6.956e-15 6.57048e-15 2.48974e-15 2.39371e-15 0 
0 6.30679e-14 0.0127969 0.000921844 0 5.3894e-13 0.439752 0.425818 4.41518e-14 1.17317e-14 2.58546e-13 0.0747682 0.0459438 1.49848e-13 1.38377e-13 6.65717e-14 3.04194e-14 0 
0 7.71128e-15 0.000509637 8.96745e-15 0 0.00547954 0.215877 0.236087 0.000718719 -2.34264e-17 0.0209742 0.418539 0.100722 0.00109299 1.64674e-14 6.52493e-15 7.84124e-15 0 
0 2.35576e-15 0.000309962 8.41946e-16 0 0.000779076 0.0470145 0.0591892 0.00018938 -4.09613e-05 0.0174899 0.562218 0.309741 1.19276e-15 0.00108871 0.00194398 7.70658e-05 0 
0 0.000887636 0.00156208 1.93928e-15 0 0.000286748 0.119695 0.108619 0.000314212 -2.30306e-15 0.00052344 0.730325 0.0374958 0.000267146 5.803e-15 2.34276e-05 3.00119e-15 0 
$SSageCompCatch
 9757 9235 4160
$obsAgeCompCatch
0 4.31321e-05 0.00161289 8.48751e-05 0 0.000112636 0.0893595 0.151951 0.000236226 0 0.000313058 0.700837 0.0551206 0.00032907 0 0 0 0 
0 0 0.000747975 0 0 5.59792e-05 0.0624329 0.0805053 0.000634903 5.57807e-05 0.000417034 0.59433 0.258837 4.39829e-05 7.2761e-05 0.00181061 5.57807e-05 0 
0 0.000479611 0.00169001 0 0 0 0.0763395 0.114228 0.00105275 0 0 0.725711 0.0793763 0.000574326 0 0.000549165 0 0 
$predAgeCompCatch
0 6.61051e-05 0.00134792 6.62709e-05 0 4.54745e-05 0.0916958 0.135098 0.00038373 4.76929e-06 0.000353792 0.718118 0.0523834 0.000335787 1.10533e-06 9.56787e-05 4.38478e-06 0 
0 6.39045e-05 0.000564022 7.74049e-06 0 2.72411e-05 0.0581658 0.0817565 0.000651918 4.81139e-05 0.000479316 0.585377 0.271209 0.000122472 2.65395e-05 0.00143625 6.50991e-05 0 
0 0.00074111 0.00151459 1.65463e-06 0 1.33029e-05 0.107346 0.111429 0.000689147 1.22062e-05 6.9315e-05 0.697842 0.0795705 0.000498345 2.74309e-06 0.00025839 1.10499e-05 0 
$genSS
 0 0 0
$obsGenComp     #GeneticFracData
-1 -1 -1 -1 -1 
-1 -1 -1 -1 -1 
-1 -1 -1 -1 -1 
$predGenComp     #catchGenComp_pred
0 0 0 0 0 
0 0 0 0 0 
0 0 0 0 0 
#PARAMETERS_OF_INTEREST
$catchByGroup
0 0 0 
0.477422 0.0553876 0.00350749 
7.58964 0.890734 0.0564721 
2.18367e-10 2.75077e-11 1.7566e-12 
0 0 0 
8.3882e-12 7.42411e-13 4.58328e-14 
431.6 50.0716 3.17085 
920.017 107.975 6.84555 
1.53771 0.193705 0.0123697 
3.79626e-11 5.7383e-12 3.73787e-13 
2.28888 0.202581 0.0125064 
8235.88 955.476 60.5068 
193.979 22.7657 1.44333 
1.0853e-10 1.36715e-11 8.73041e-13 
4.04431e-12 3.57948e-13 2.2098e-14 
2.42858e-11 2.81749e-12 1.78421e-13 
2.49605e-11 2.92941e-12 1.85723e-13 
0 0 0 
0 0 0 
4.04514e-11 2.78926e-12 2.09687e-13 
8.74243 0.610301 0.0459118 
0.915198 0.0689058 0.00520587 
0 0 0 
2.27302e-11 1.1742e-12 8.69541e-14 
282.055 19.4486 1.46208 
290.905 20.3078 1.52772 
4.38335e-11 3.30025e-12 2.49335e-13 
3.17261e-11 2.90246e-12 2.21884e-13 
1.09043e-11 5.63298e-13 4.17145e-14 
47.956 3.30673 0.248588 
31.3873 2.19112 0.164834 
1.48768e-10 1.12008e-11 8.46229e-13 
5.83612e-12 3.01483e-13 2.23261e-14 
4.26987e-11 2.94422e-12 2.21337e-13 
2.07816e-11 1.45074e-12 1.09137e-13 
0 0 0 
0 0 0 
1.65122e-11 2.50565e-12 3.48596e-14 
1.18485 0.182231 0.00253994 
3.54757e-11 5.92205e-12 8.34994e-14 
0 0 0 
0.61195 0.0673428 0.000899442 
462.259 70.1457 0.975892 
548.874 84.4174 1.17662 
2.84329 0.474638 0.00669227 
6.84503e-11 1.40483e-11 2.04447e-13 
2.34238 0.25777 0.00344283 
896.221 135.997 1.89205 
234.167 36.0151 0.501981 
4.32393 0.721805 0.0101773 
1.83907e-12 2.02383e-13 2.70306e-15 
1.39719e-11 2.12017e-12 2.94966e-14 
1.82299e-11 2.80379e-12 3.90794e-14 
0 0 0 
0 0 0 
1.58728e-12 1.54773e-11 9.10696e-13 
0.24355 2.33082 0.139829 
2.44445e-12 2.09028e-11 1.40925e-12 
0 0 0 
0.0109232 0.169063 0.00617588 
31.6776 308.883 18.175 
46.5073 445.085 26.7012 
0.549833 4.70168 0.316983 
0.0658637 0.428309 0.0384036 
0.245222 3.79539 0.138646 
378.814 3693.75 217.344 
243.376 2329.16 139.729 
3.46297e-12 2.96122e-11 1.99643e-12 
0.0152645 0.236255 0.00863041 
1.30982 12.7719 0.751509 
0.0605537 0.579511 0.0347656 
0 0 0 
0 0 0 
0.435486 0.513489 2.3282 
0.854192 1.00683 4.5205 
2.27413e-12 2.67457e-12 1.1308e-11 
0 0 0 
0.00512751 0.00609423 0.0347788 
58.7242 69.2428 313.952 
59.396 70.01 314.332 
0.368467 0.433347 1.83218 
6.05238e-12 7.07525e-12 2.56307e-11 
0.00935993 0.0111246 0.0634864 
358.308 422.487 1915.59 
20.5038 24.1678 108.509 
0.313274 0.368436 1.55773 
1.03767e-13 1.23331e-13 7.03828e-13 
0.0114939 0.0135527 0.0614488 
1.64114e-12 1.93441e-12 8.68514e-12 
0 0 0 
$escByGroup
 5e-07 0.404625 6.01712 5.00029e-07 5e-07 5.00028e-07 365.79 729.396 0.81477 5.00001e-07 30.7416 6980.08 153.788 5.00014e-07 5.00014e-07 5.00005e-07 5.00005e-07 5e-07 5e-07 5.00009e-07 7.07602 0.509732 5e-07 5.00075e-07 243.16 235.455 5.00006e-07 5.00002e-07 5.00036e-07 41.3429 25.4045 5.00021e-07 5.00019e-07 5.00009e-07 5.00004e-07 5e-07 5e-07 5.00002e-07 0.610063 5.00003e-07 5e-07 6.55931 258.416 282.609 0.860345 5e-07 25.1073 501.014 120.57 1.30837 5.00005e-07 5.00002e-07 5.00002e-07 5e-07 5e-07 5.00001e-07 0.497534 5e-07 5e-07 1.25053 75.465 95.0072 0.303982 1.52089e-11 28.0739 902.441 497.178 5e-07 1.74754 3.12037 0.123702 5e-07 5e-07 1.52156 2.67768 5.00001e-07 5e-07 0.491537 205.179 186.192 0.538614 4.99999e-07 0.897268 1251.9 64.2743 0.457935 5.00002e-07 0.040159 5.00001e-07 5e-07
$catchByGroup
0 0.477422 7.58964 2.18367e-10 0 8.3882e-12 431.6 920.017 1.53771 3.79626e-11 2.28888 8235.88 193.979 1.0853e-10 4.04431e-12 2.42858e-11 2.49605e-11 0 0 4.04514e-11 8.74243 0.915198 0 2.27302e-11 282.055 290.905 4.38335e-11 3.17261e-11 1.09043e-11 47.956 31.3873 1.48768e-10 5.83612e-12 4.26987e-11 2.07816e-11 0 0 1.65122e-11 1.18485 3.54757e-11 0 0.61195 462.259 548.874 2.84329 6.84503e-11 2.34238 896.221 234.167 4.32393 1.83907e-12 1.39719e-11 1.82299e-11 0 0 1.58728e-12 0.24355 2.44445e-12 0 0.0109232 31.6776 46.5073 0.549833 0.0658637 0.245222 378.814 243.376 3.46297e-12 0.0152645 1.30982 0.0605537 0 0 0.435486 0.854192 2.27413e-12 0 0.00512751 58.7242 59.396 0.368467 6.05238e-12 0.00935993 358.308 20.5038 0.313274 1.03767e-13 0.0114939 1.64114e-12 0 
0 0.0553876 0.890734 2.75077e-11 0 7.42411e-13 50.0716 107.975 0.193705 5.7383e-12 0.202581 955.476 22.7657 1.36715e-11 3.57948e-13 2.81749e-12 2.92941e-12 0 0 2.78926e-12 0.610301 0.0689058 0 1.1742e-12 19.4486 20.3078 3.30025e-12 2.90246e-12 5.63298e-13 3.30673 2.19112 1.12008e-11 3.01483e-13 2.94422e-12 1.45074e-12 0 0 2.50565e-12 0.182231 5.92205e-12 0 0.0673428 70.1457 84.4174 0.474638 1.40483e-11 0.25777 135.997 36.0151 0.721805 2.02383e-13 2.12017e-12 2.80379e-12 0 0 1.54773e-11 2.33082 2.09028e-11 0 0.169063 308.883 445.085 4.70168 0.428309 3.79539 3693.75 2329.16 2.96122e-11 0.236255 12.7719 0.579511 0 0 0.513489 1.00683 2.67457e-12 0 0.00609423 69.2428 70.01 0.433347 7.07525e-12 0.0111246 422.487 24.1678 0.368436 1.23331e-13 0.0135527 1.93441e-12 0 
0 0.00350749 0.0564721 1.7566e-12 0 4.58328e-14 3.17085 6.84555 0.0123697 3.73787e-13 0.0125064 60.5068 1.44333 8.73041e-13 2.2098e-14 1.78421e-13 1.85723e-13 0 0 2.09687e-13 0.0459118 0.00520587 0 8.69541e-14 1.46208 1.52772 2.49335e-13 2.21884e-13 4.17145e-14 0.248588 0.164834 8.46229e-13 2.23261e-14 2.21337e-13 1.09137e-13 0 0 3.48596e-14 0.00253994 8.34994e-14 0 0.000899442 0.975892 1.17662 0.00669227 2.04447e-13 0.00344283 1.89205 0.501981 0.0101773 2.70306e-15 2.94966e-14 3.90794e-14 0 0 9.10696e-13 0.139829 1.40925e-12 0 0.00617588 18.175 26.7012 0.316983 0.0384036 0.138646 217.344 139.729 1.99643e-12 0.00863041 0.751509 0.0347656 0 0 2.3282 4.5205 1.1308e-11 0 0.0347788 313.952 314.332 1.83218 2.56307e-11 0.0634864 1915.59 108.509 1.55773 7.03828e-13 0.0614488 8.68514e-12 0 
$Fmort
 0.540824 0.336745 0.15564
#ESTIMATED_PARAMETERS
$availability
1.42624 1.46371 1.76582 0.152597 0.191638 
0.196269 0.117312 0.300102 4.02018 0.366136 
0.0261408 0.0187644 0.00863236 0.299301 4.64716 
$selectivity
 0.0924784 0.91792 0.955557 1.19118 1.84286
$RunSize
 0 0.940942 14.554 3.63335e-10 0 1.21837e-10 850.632 1764.23 2.55855 5.00401e-11 33.2455 16231.9 371.976 1.8058e-10 5.87427e-11 4.78645e-11 4.78645e-11 0 0 7.83237e-11 16.4747 1.49904 0 3.21997e-10 546.125 548.195 7.17967e-11 4.13375e-11 1.54472e-10 92.8542 59.1478 2.43674e-10 8.2675e-11 8.2675e-11 3.91618e-11 0 0 2.82835e-11 1.97968 5.22158e-11 0 7.2395 791.797 917.077 4.18496 8.2675e-11 27.7109 1535.12 391.253 6.36428 2.17566e-11 2.39322e-11 3.04592e-11 0 0 2.17566e-11 3.21173 2.61079e-11 0 1.43669 434.201 613.301 5.87248 0.466828 32.2531 5192.35 3209.44 3.69862e-11 2.00769 17.9536 0.798532 0 0 4.79874 9.0592 1.95809e-11 0 0.537537 647.098 629.929 3.1726 3.48105e-11 0.981239 3948.29 217.455 2.69738 1.08783e-11 0.126654 1.74053e-11 0
