$ndistricts
3
$ngroups
90
$nstocks
5
$nagecomps
18
$AgeCompLabels
 0.1 0.2 0.3 0.4 0.5 1.1 1.2 1.3 1.4 1.5 2.1 2.2 2.3 2.4 3.1 3.2 3.3 3.4
$navailpar
15
$nselectpar
5
$GENdata
-1
$maxGradient
0.000170133
#LIKELIHOOD_VALUES_AND_PENALTIES
$totalNLL
-132601
$NLLcatch
-92286.7
$NLLescape
-66828.1
$NLLagecompCatch
14649.9
$NLLagecompEsc
11863.5
$NLLgenetics
0
$NLLselOne
3.47268e-15
$NLLavailOne
1.17179e-10
$NLLextra
4.89962e-10
#OBSERVED_AND_PREDICTED_VALUES
$predEsc
 5977.1 434.878 1113.64 1304.17 678.131
$obsEsc
 6065.88 415.853 1061.81 1273.55 686.894
$predCatch
 4986 5356.67 2128.65
$obsCatch
 4986 5356.67 2128.65
$RunSize
 0.829442 6.05058e-10 7.51443e-10 7.07527e-11 0 1.81761e-10 8685.9 511.904 1.37846e-10 0 2.57206 430.558 129.543 9.27105e-11 0 9.39304e-11 0 0 1.63463e-10 0.262597 8.76322 7.8072e-11 0 2.11038e-10 317.041 328.298 1.64683e-10 0 0 42.7801 26.832 1.04909e-10 0 9.88099e-11 0 0 3.17167e-11 7.31925e-11 7.8072e-11 3.78161e-11 0 0.248674 176.062 1029.9 15.9742 0 7.21694 211.947 914.478 1.0706 0 4.39155e-11 0 0 2.19577e-11 3.9036e-11 5.00149e-11 6.70931e-11 0 0.503217 1261.62 1893.9 3.1134 0 7.05431 1676.14 1441.13 5.97739e-11 0 6.33326 0 0 0.283269 1.43932 12.0991 1.13305 0 0.0700928 718.25 668.786 3.58994 0 3.41103 523.391 913.421 1.32643 0 0.0617275 0 0
$SSageCompEsc
 2101 88.5 1590 3411 2883
$obsAgeCompEsc
0.000138951 0 0 0 0 0 0.905737 0.0282806 0 0 0.000458995 0.0532215 0.0121625 0 0 0 0 0 
0 0 0 0 0 0 0.601116 0.250188 0 0 0 0.102692 0.0460043 0 0 0 0 0 
0 0 0 0 0 0.000193986 0.0883427 0.386537 0.00689522 0 0.00647937 0.112836 0.398094 0.000622798 0 0 0 0 
0 0 0 0 0 0 0.247385 0.27251 0.000154304 0 0.00482559 0.281178 0.193344 0 0 0.000602129 0 0 
0 0.000688538 0.00346092 0 0 8.78641e-05 0.356808 0.198392 0.000263123 0 0.00454569 0.199482 0.236272 0 0 0 0 0 
$predAgeCompEsc
0.000129638 6.23936e-14 6.95598e-14 5.40633e-15 0 2.84086e-14 0.895692 0.0473861 1.0533e-14 0 0.000402002 0.0443992 0.0119916 7.08416e-15 0 9.68611e-15 0 0 
3.51829e-13 0.000380834 0.0115059 8.62212e-14 0 4.54226e-13 0.459792 0.431049 1.81873e-13 0 0 0.0620423 0.0352299 1.1586e-13 0 1.433e-13 0 0 
2.6129e-14 3.50345e-14 3.22334e-14 1.18729e-14 0 0.000204864 0.0842743 0.425214 0.00501533 0 0.00594549 0.101451 0.377559 0.00033613 0 2.10207e-14 0 0 
1.41409e-14 7.54674e-15 6.38619e-15 2.63936e-15 0 0.000324074 0.243906 0.241823 0.000122477 0 0.00454301 0.324045 0.184011 2.35143e-15 0 0.0012244 0 0 
0.000359952 0.000618533 0.0034944 9.92258e-05 0 8.90674e-05 0.30866 0.193156 0.000314387 0 0.00433442 0.224922 0.26381 0.000116161 0 2.65267e-05 0 0 
$SSageCompCatch
 4700 3665 3148
$obsAgeCompCatch
0 5.1072e-05 0.00121198 0 0 0 0.60318 0.223275 0.0012017 0 0 0.0542597 0.116775 4.5905e-05 0 0 0 0 
0 0 0 0 0 0.000337437 0.260194 0.257555 0.00086436 0 0 0.263324 0.216497 0 0 0.00122869 0 0 
0.00035177 0.000333985 0.0038326 0.000537956 0 0 0.185069 0.250283 0.00144647 0 0 0.210744 0.346351 0.000620748 0 0.00042829 0 0 
$predAgeCompCatch
1.00052e-05 3.27074e-05 0.000833935 1.80157e-05 0 4.27037e-06 0.625358 0.184418 0.00180395 0 0.000146197 0.0672791 0.119907 0.000135503 0 5.36258e-05 0 0 
1.9415e-06 2.62548e-05 0.000307852 2.93241e-05 0 1.44345e-05 0.252598 0.29418 0.000904578 0 0.000220646 0.220979 0.229907 5.73403e-05 0 0.000774356 0 0 
1.57229e-05 0.000381997 0.00360881 0.000384681 0 5.72227e-06 0.240954 0.256909 0.00135265 0 0.00021393 0.180952 0.314599 0.000451533 0 0.000171394 0 0 
$genSS
 0 0 0
$obsGenComp     #GeneticFracData
-1 -1 -1 -1 -1 
-1 -1 -1 -1 -1 
-1 -1 -1 -1 -1 
$predGenComp     #catchGenComp_pred
0 0 0 0 0 
0 0 0 0 0 
0 0 0 0 0 
#PARAMETERS_OF_INTEREST
$catchByGroup
0.0476435 0.00636092 0.000575701 
1.98747e-10 3.05566e-11 2.82132e-12 
2.86042e-10 4.54209e-11 4.21368e-12 
3.24903e-11 5.43965e-12 5.08649e-13 
0 0 0 
1.04404e-11 1.39391e-12 1.26157e-13 
2853.11 438.654 40.5014 
194.86 30.942 2.87047 
6.33e-11 1.05979e-11 9.90988e-13 
0 0 0 
0.14774 0.0197249 0.00178522 
141.428 21.744 2.00764 
49.3115 7.83021 0.726405 
4.25734e-11 7.12781e-12 6.66505e-13 
0 0 0 
3.08539e-11 4.74366e-12 4.37986e-13 
0 0 0 
0 0 0 
9.62865e-12 7.5044e-13 8.14499e-14 
0.0880919 0.00800909 0.000879524 
3.40367 0.320564 0.0353012 
3.65277e-11 3.64525e-12 4.033e-13 
0 0 0 
1.2431e-11 9.68851e-13 1.05155e-13 
106.356 9.66962 1.06188 
127.512 12.0093 1.3225 
7.70506e-11 7.68919e-12 8.50711e-13 
0 0 0 
0 0 0 
14.3512 1.30477 0.143285 
10.4217 0.981532 0.108088 
4.90841e-11 4.8983e-12 5.41935e-13 
0 0 0 
3.31472e-11 3.01366e-12 3.30947e-13 
0 0 0 
0 0 0 
2.23994e-12 3.71157e-13 7.2713e-15 
2.8488e-11 5.57576e-12 1.12879e-13 
3.49315e-11 7.09912e-12 1.4484e-13 
2.015e-11 4.35399e-12 8.99936e-14 
0 0 0 
0.0175622 0.00291005 5.70104e-05 
68.5268 13.4123 0.271526 
460.806 93.6494 1.91069 
8.51173 1.8392 0.038015 
0 0 0 
0.509684 0.0844544 0.00165454 
82.494 16.146 0.326869 
409.162 83.1539 1.69655 
0.57046 0.123264 0.00254778 
0 0 0 
1.70928e-11 3.34545e-12 6.77272e-14 
0 0 0 
0 0 0 
1.38538e-13 3.20328e-12 1.73866e-13 
1.6282e-12 2.55316e-11 2.03403e-12 
2.49916e-12 3.60684e-11 3.11867e-12 
4.27079e-12 5.40604e-11 5.31979e-12 
0 0 0 
0.00317495 0.0734113 0.00398459 
52.6225 825.163 65.7384 
94.6349 1365.79 118.094 
0.198182 2.50863 0.24686 
0 0 0 
0.0445078 1.02911 0.0558575 
69.9125 1096.29 87.3379 
72.0108 1039.27 89.8614 
3.80488e-12 4.81629e-11 4.73945e-12 
0 0 0 
0.264162 4.14228 0.330004 
0 0 0 
0 0 0 
0.00224266 0.00403906 0.032893 
0.0749873 0.132629 0.812259 
0.75433 1.3285 7.64659 
0.0898261 0.157079 0.818852 
0 0 0 
0.000554929 0.000999435 0.00813912 
37.4201 66.1844 405.333 
41.6962 73.4337 422.672 
0.284605 0.49769 2.59445 
0 0 0 
0.0270053 0.048637 0.396086 
27.2682 48.2288 295.368 
56.9482 100.295 577.28 
0.105157 0.183888 0.958608 
0 0 0 
0.00321594 0.00568799 0.034835 
0 0 0 
0 0 0 
$escByGroup
 0.774862 5.00093e-07 5.00104e-07 5.00008e-07 5e-07 5.00042e-07 5353.64 283.231 5.00016e-07 5e-07 2.40281 265.378 71.6748 5.00011e-07 5e-07 5.00014e-07 5e-07 5e-07 5.00038e-07 0.165617 5.00368 5.00009e-07 5e-07 5.00049e-07 199.954 187.454 5.0002e-07 5e-07 5e-07 26.9809 15.3207 5.00013e-07 5e-07 5.00016e-07 5e-07 5e-07 5.00007e-07 5.0001e-07 5.00009e-07 5.00003e-07 5e-07 0.228145 93.8514 473.535 5.58528 5e-07 6.62115 112.98 420.465 0.374328 5e-07 5.00006e-07 5e-07 5e-07 5.00005e-07 5.00002e-07 5.00002e-07 5.00001e-07 5e-07 0.422647 318.094 315.378 0.159731 5e-07 5.92483 422.609 239.981 5.00001e-07 5e-07 1.59681 5e-07 5e-07 0.244094 0.419446 2.36966 0.067288 5e-07 0.0603993 209.312 130.985 0.213196 5e-07 2.9393 152.526 178.898 0.0787722 5e-07 0.0179886 5e-07 5e-07
$catchByGroup
0.0476435 1.98747e-10 2.86042e-10 3.24903e-11 0 1.04404e-11 2853.11 194.86 6.33e-11 0 0.14774 141.428 49.3115 4.25734e-11 0 3.08539e-11 0 0 9.62865e-12 0.0880919 3.40367 3.65277e-11 0 1.2431e-11 106.356 127.512 7.70506e-11 0 0 14.3512 10.4217 4.90841e-11 0 3.31472e-11 0 0 2.23994e-12 2.8488e-11 3.49315e-11 2.015e-11 0 0.0175622 68.5268 460.806 8.51173 0 0.509684 82.494 409.162 0.57046 0 1.70928e-11 0 0 1.38538e-13 1.6282e-12 2.49916e-12 4.27079e-12 0 0.00317495 52.6225 94.6349 0.198182 0 0.0445078 69.9125 72.0108 3.80488e-12 0 0.264162 0 0 0.00224266 0.0749873 0.75433 0.0898261 0 0.000554929 37.4201 41.6962 0.284605 0 0.0270053 27.2682 56.9482 0.105157 0 0.00321594 0 0 
0.00636092 3.05566e-11 4.54209e-11 5.43965e-12 0 1.39391e-12 438.654 30.942 1.05979e-11 0 0.0197249 21.744 7.83021 7.12781e-12 0 4.74366e-12 0 0 7.5044e-13 0.00800909 0.320564 3.64525e-12 0 9.68851e-13 9.66962 12.0093 7.68919e-12 0 0 1.30477 0.981532 4.8983e-12 0 3.01366e-12 0 0 3.71157e-13 5.57576e-12 7.09912e-12 4.35399e-12 0 0.00291005 13.4123 93.6494 1.8392 0 0.0844544 16.146 83.1539 0.123264 0 3.34545e-12 0 0 3.20328e-12 2.55316e-11 3.60684e-11 5.40604e-11 0 0.0734113 825.163 1365.79 2.50863 0 1.02911 1096.29 1039.27 4.81629e-11 0 4.14228 0 0 0.00403906 0.132629 1.3285 0.157079 0 0.000999435 66.1844 73.4337 0.49769 0 0.048637 48.2288 100.295 0.183888 0 0.00568799 0 0 
0.000575701 2.82132e-12 4.21368e-12 5.08649e-13 0 1.26157e-13 40.5014 2.87047 9.90988e-13 0 0.00178522 2.00764 0.726405 6.66505e-13 0 4.37986e-13 0 0 8.14499e-14 0.000879524 0.0353012 4.033e-13 0 1.05155e-13 1.06188 1.3225 8.50711e-13 0 0 0.143285 0.108088 5.41935e-13 0 3.30947e-13 0 0 7.2713e-15 1.12879e-13 1.4484e-13 8.99936e-14 0 5.70104e-05 0.271526 1.91069 0.038015 0 0.00165454 0.326869 1.69655 0.00254778 0 6.77272e-14 0 0 1.73866e-13 2.03403e-12 3.11867e-12 5.31979e-12 0 0.00398459 65.7384 118.094 0.24686 0 0.0558575 87.3379 89.8614 4.73945e-12 0 0.330004 0 0 0.032893 0.812259 7.64659 0.818852 0 0.00813912 405.333 422.672 2.59445 0 0.396086 295.368 577.28 0.958608 0 0.034835 0 0 
$Fmort
 0.641767 0.606907 0.410973
#ESTIMATED_PARAMETERS
$availability
1.42624 1.46371 1.76582 0.152597 0.191638 
0.196269 0.117312 0.300102 4.02018 0.366136 
0.0261408 0.0187644 0.00863236 0.299301 4.64716 
$selectivity
 0.0646295 0.435049 0.523425 0.671598 3.3053
$RunSize
 0.829442 6.05058e-10 7.51443e-10 7.07527e-11 0 1.81761e-10 8685.9 511.904 1.37846e-10 0 2.57206 430.558 129.543 9.27105e-11 0 9.39304e-11 0 0 1.63463e-10 0.262597 8.76322 7.8072e-11 0 2.11038e-10 317.041 328.298 1.64683e-10 0 0 42.7801 26.832 1.04909e-10 0 9.88099e-11 0 0 3.17167e-11 7.31925e-11 7.8072e-11 3.78161e-11 0 0.248674 176.062 1029.9 15.9742 0 7.21694 211.947 914.478 1.0706 0 4.39155e-11 0 0 2.19577e-11 3.9036e-11 5.00149e-11 6.70931e-11 0 0.503217 1261.62 1893.9 3.1134 0 7.05431 1676.14 1441.13 5.97739e-11 0 6.33326 0 0 0.283269 1.43932 12.0991 1.13305 0 0.0700928 718.25 668.786 3.58994 0 3.41103 523.391 913.421 1.32643 0 0.0617275 0 0
