$ndistricts
3
$ngroups
90
$nstocks
5
$nagecomps
18
$AgeCompLabels
 0.1 0.2 0.3 0.4 0.5 1.1 1.2 1.3 1.4 1.5 2.1 2.2 2.3 2.4 3.1 3.2 3.3 3.4
$navailpar
15
$nselectpar
5
$GENdata
-1
$maxGradient
0.000124413
#LIKELIHOOD_VALUES_AND_PENALTIES
$totalNLL
-42085.5
$NLLcatch
-22863.1
$NLLescape
-32421
$NLLagecompCatch
6263.05
$NLLagecompEsc
6935.54
$NLLgenetics
0
$NLLselOne
6.11517e-17
$NLLavailOne
1.17179e-10
$NLLextra
5.1998e-10
#OBSERVED_AND_PREDICTED_VALUES
$predEsc
 3295.77 169.915 694.056 648.682 245.115
$obsEsc
 3216.21 202.626 755.64 636.864 238.83
$predCatch
 2337.2 1070.94 163.744
$obsCatch
 2337.2 1070.94 163.744
$RunSize
 0 0 0.665843 0 0 2.99013 28.4916 126.015 3.47478e-10 0 0.103744 4313.4 583.631 0 0 5.15267 4.56685 0 0 0 1.72782e-10 0 0 5.1849 174.609 80.731 1.69432e-10 0 0.337424 1.37042 9.28523e-11 0 0 9.14164e-11 1.70389e-10 0 0 0 4.23579e-10 0 0 0.628055 114.257 214.471 6.55466 0 19.6304 353.123 607.296 0.848169 0 1.33535e-10 4.41288e-10 0 0 0 0.886397 0 0 0.208918 2.49786 17.2588 9.14164e-11 0 2.06706 653.239 829.099 0 0 24.6369 33.9002 0 0 0 1.81876e-11 0 0 0.122929 10.8712 142.531 1.14176 0 0.0449739 150.713 112.146 0 0 1.77089e-11 2.0102e-11 0
$SSageCompEsc
 2721 383 1259 1536 1597
$obsAgeCompEsc
0 0 0 0 0 0.000933792 0.00750481 0.026261 0 0 3.23985e-05 0.852443 0.111976 0 0 0.000849213 0 0 
0 0 0 0 0 0.0279085 0.699904 0.265538 0 0 0.00181624 0.00483283 0 0 0 0 0 0 
0 0 0 0 0 0.000860641 0.109524 0.16062 0.00250479 0 0.0269 0.278544 0.420054 0.000991459 0 0 0 0 
0 0 0.00109707 0 0 0.000324543 0.00197611 0.01541 0 0 0.00321107 0.5338 0.387 0 0 0.0266924 0.0304886 0 
0 0 0 0 0 0.000503488 0.026339 0.309376 0 0 0.000184203 0.392865 0.270732 0 0 0 0 0 
$predAgeCompEsc
0 0 0.000114758 0 0 0.000907264 0.00574056 0.0217186 3.35317e-14 0 3.1478e-05 0.869074 0.100589 0 0 0.00103817 0.000787094 0 
0 0 5.86337e-13 0 0 0.0305148 0.688137 0.273961 3.37593e-13 0 0.00198585 0.00540084 3.15095e-13 0 0 3.60274e-13 5.78216e-13 0 
0 0 2.93724e-13 0 0 0.000904904 0.0974864 0.148721 0.00194228 0 0.0282835 0.30129 0.42112 0.00025133 0 1.13934e-13 3.06004e-13 0 
0 0 0.000490221 0 0 0.000322065 0.00186934 0.00954499 9.83833e-15 0 0.00318656 0.488868 0.458533 0 0 0.0184376 0.0187485 0 
0 0 4.05137e-14 0 0 0.000501514 0.0289899 0.317495 0.00111575 0 0.000183481 0.401902 0.249811 0 0 4.72239e-14 4.47783e-14 0 
$SSageCompCatch
 3198 1701 1448
$obsAgeCompCatch
0 0 0.000268284 0 0 0 0.028452 0.0731807 0.00205648 0 0 0.677275 0.214313 0 0 0.00146303 0.00299197 0 
0 0 0 0 0 0 0.00918283 0.0159325 0 0 0 0.36075 0.599244 0 0 0.00539092 0.00949935 0 
0 0 0 0 0 0 0.0220866 0.300139 0.0050368 0 0 0.358305 0.31319 0 0 0 0.00124345 0 
$predAgeCompCatch
0 0 0.000130628 0 0 6.48513e-12 0.0449738 0.081064 0.00197214 0 1.77491e-11 0.631374 0.237654 0.000247788 0 0.00107444 0.00150902 0 
0 0 0.000492865 0 0 1.47576e-12 0.0100735 0.0374302 0.000816099 0 9.28816e-12 0.420925 0.501414 8.72847e-05 0 0.0106896 0.0180713 0 
0 0 0.000139823 0 0 1.36953e-12 0.0183371 0.281497 0.0036129 0 1.69145e-12 0.338839 0.349753 6.86954e-06 0 0.00274002 0.00507447 0 
$genSS
 0 0 0
$obsGenComp     #GeneticFracData
-1 -1 -1 -1 -1 
-1 -1 -1 -1 -1 
-1 -1 -1 -1 -1 
$predGenComp     #catchGenComp_pred
0 0 0 0 0 
0 0 0 0 0 
0 0 0 0 0 
#PARAMETERS_OF_INTEREST
$catchByGroup
0 0 0 
0 0 0 
0.25965 0.0265541 0.00142445 
0 0 0 
0 0 0 
4.96528e-09 4.0887e-10 2.15161e-11 
8.68661 0.840594 0.0448647 
49.1403 5.02552 0.269587 
2.10024e-10 2.55484e-11 1.39361e-12 
0 0 0 
1.72273e-10 1.4186e-11 7.46512e-13 
1315.08 127.259 6.79215 
227.59 23.2754 1.24857 
0 0 0 
0 0 0 
1.57096 0.15202 0.00811371 
1.78087 0.182127 0.00976994 
0 0 0 
0 0 0 
0 0 0 
6.8737e-11 4.15225e-12 2.65413e-13 
0 0 0 
0 0 0 
8.83599e-09 4.23766e-10 2.67811e-11 
54.3894 3.09764 0.197409 
32.1168 1.9401 0.124012 
1.04021e-10 7.56002e-12 4.88059e-13 
0 0 0 
5.75031e-10 2.75779e-11 1.74287e-12 
0.426874 0.0243118 0.00154937 
3.6939e-11 2.2314e-12 1.42632e-13 
0 0 0 
0 0 0 
2.84755e-11 1.62177e-12 1.03354e-13 
6.7785e-11 4.09474e-12 2.61737e-13 
0 0 0 
0 0 0 
0 0 0 
1.93863e-10 2.5555e-11 2.99456e-13 
0 0 0 
0 0 0 
1.29124e-09 1.31314e-10 1.49239e-12 
41.423 5.11391 0.0594447 
98.1591 12.9393 0.151624 
4.47553 0.72239 0.00869283 
0 0 0 
4.03587e-08 4.10432e-09 4.66458e-11 
128.022 15.805 0.183719 
277.947 36.6389 0.429338 
0.57913 0.0934768 0.00112485 
0 0 0 
4.8412e-11 5.97673e-12 6.94742e-14 
2.01969e-10 2.66234e-11 3.11976e-13 
0 0 0 
0 0 0 
0 0 0 
0.0456537 0.501275 0.0214707 
0 0 0 
0 0 0 
3.71179e-11 5.85146e-10 1.72122e-11 
0.0953268 1.14526 0.044666 
0.888913 9.76022 0.418051 
8.63539e-12 7.22881e-11 4.11102e-12 
0 0 0 
3.6725e-10 5.78952e-09 1.703e-10 
24.9298 299.509 11.681 
42.7026 468.872 20.0828 
0 0 0 
0 0 0 
0.940226 11.296 0.440549 
1.74602 19.1712 0.821144 
0 0 0 
0 0 0 
0 0 0 
1.16855e-12 1.32969e-12 5.75879e-12 
0 0 0 
0 0 0 
2.74281e-11 3.13574e-11 1.57251e-10 
0.518457 0.590677 2.65621 
9.15763 10.4204 45.1302 
0.133769 0.151604 0.582897 
0 0 0 
1.00347e-11 1.14722e-11 5.75307e-11 
7.18764 8.18887 36.8244 
7.20539 8.199 35.5093 
0 0 0 
0 0 0 
8.44554e-13 9.62199e-13 4.3269e-12 
1.29156e-12 1.46966e-12 6.36498e-12 
0 0 0 
$escByGroup
 5e-07 5e-07 0.378215 5e-07 5e-07 2.99013 18.9196 71.5796 5.00028e-07 5e-07 0.103744 2864.27 331.517 5e-07 5e-07 3.42157 2.59408 5e-07 5e-07 5e-07 5.00025e-07 5e-07 5e-07 5.1849 116.925 46.55 5.00014e-07 5e-07 0.337424 0.917681 5.00013e-07 5e-07 5e-07 5.00015e-07 5.00025e-07 5e-07 5e-07 5e-07 5.00051e-07 5e-07 5e-07 0.628055 67.661 103.221 1.34805 5e-07 19.6304 209.113 292.281 0.174437 5e-07 5.0002e-07 5.00053e-07 5e-07 5e-07 5e-07 0.317998 5e-07 5e-07 0.208918 1.2126 6.19166 5.00002e-07 5e-07 2.06706 317.12 297.442 5e-07 5e-07 11.9601 12.1618 5e-07 5e-07 5e-07 5.00002e-07 5e-07 5e-07 0.122929 7.10587 77.823 0.273487 5e-07 0.0449739 98.5124 61.2326 5e-07 5e-07 5.00003e-07 5.00003e-07 5e-07
$catchByGroup
0 0 0.25965 0 0 4.96528e-09 8.68661 49.1403 2.10024e-10 0 1.72273e-10 1315.08 227.59 0 0 1.57096 1.78087 0 0 0 6.8737e-11 0 0 8.83599e-09 54.3894 32.1168 1.04021e-10 0 5.75031e-10 0.426874 3.6939e-11 0 0 2.84755e-11 6.7785e-11 0 0 0 1.93863e-10 0 0 1.29124e-09 41.423 98.1591 4.47553 0 4.03587e-08 128.022 277.947 0.57913 0 4.8412e-11 2.01969e-10 0 0 0 0.0456537 0 0 3.71179e-11 0.0953268 0.888913 8.63539e-12 0 3.6725e-10 24.9298 42.7026 0 0 0.940226 1.74602 0 0 0 1.16855e-12 0 0 2.74281e-11 0.518457 9.15763 0.133769 0 1.00347e-11 7.18764 7.20539 0 0 8.44554e-13 1.29156e-12 0 
0 0 0.0265541 0 0 4.0887e-10 0.840594 5.02552 2.55484e-11 0 1.4186e-11 127.259 23.2754 0 0 0.15202 0.182127 0 0 0 4.15225e-12 0 0 4.23766e-10 3.09764 1.9401 7.56002e-12 0 2.75779e-11 0.0243118 2.2314e-12 0 0 1.62177e-12 4.09474e-12 0 0 0 2.5555e-11 0 0 1.31314e-10 5.11391 12.9393 0.72239 0 4.10432e-09 15.805 36.6389 0.0934768 0 5.97673e-12 2.66234e-11 0 0 0 0.501275 0 0 5.85146e-10 1.14526 9.76022 7.22881e-11 0 5.78952e-09 299.509 468.872 0 0 11.296 19.1712 0 0 0 1.32969e-12 0 0 3.13574e-11 0.590677 10.4204 0.151604 0 1.14722e-11 8.18887 8.199 0 0 9.62199e-13 1.46966e-12 0 
0 0 0.00142445 0 0 2.15161e-11 0.0448647 0.269587 1.39361e-12 0 7.46512e-13 6.79215 1.24857 0 0 0.00811371 0.00976994 0 0 0 2.65413e-13 0 0 2.67811e-11 0.197409 0.124012 4.88059e-13 0 1.74287e-12 0.00154937 1.42632e-13 0 0 1.03354e-13 2.61737e-13 0 0 0 2.99456e-13 0 0 1.49239e-12 0.0594447 0.151624 0.00869283 0 4.66458e-11 0.183719 0.429338 0.00112485 0 6.94742e-14 3.11976e-13 0 0 0 0.0214707 0 0 1.72122e-11 0.044666 0.418051 4.11102e-12 0 1.703e-10 11.681 20.0828 0 0 0.440549 0.821144 0 0 0 5.75879e-12 0 0 1.57251e-10 2.65621 45.1302 0.582897 0 5.75307e-11 36.8244 35.5093 0 0 4.3269e-12 6.36498e-12 0 
$Fmort
 0.573629 0.343253 0.135619
#ESTIMATED_PARAMETERS
$availability
1.42624 1.46371 1.76582 0.152597 0.191638 
0.196269 0.117312 0.300102 4.02018 0.366136 
0.0261408 0.0187644 0.00863236 0.299301 4.64716 
$selectivity
 2.02969e-09 0.444519 0.604089 1.13357 2.81782
$RunSize
 0 0 0.665843 0 0 2.99013 28.4916 126.015 3.47478e-10 0 0.103744 4313.4 583.631 0 0 5.15267 4.56685 0 0 0 1.72782e-10 0 0 5.1849 174.609 80.731 1.69432e-10 0 0.337424 1.37042 9.28523e-11 0 0 9.14164e-11 1.70389e-10 0 0 0 4.23579e-10 0 0 0.628055 114.257 214.471 6.55466 0 19.6304 353.123 607.296 0.848169 0 1.33535e-10 4.41288e-10 0 0 0 0.886397 0 0 0.208918 2.49786 17.2588 9.14164e-11 0 2.06706 653.239 829.099 0 0 24.6369 33.9002 0 0 0 1.81876e-11 0 0 0.122929 10.8712 142.531 1.14176 0 0.0449739 150.713 112.146 0 0 1.77089e-11 2.0102e-11 0
