$ndistricts
3
$ngroups
90
$nstocks
5
$nagecomps
18
$AgeCompLabels
 0.1 0.2 0.3 0.4 0.5 1.1 1.2 1.3 1.4 1.5 2.1 2.2 2.3 2.4 3.1 3.2 3.3 3.4
$navailpar
15
$nselectpar
5
$GENdata
1
$maxGradient
0.000141294
#LIKELIHOOD_VALUES_AND_PENALTIES
$totalNLL
-301115
$NLLcatch
-270222
$NLLescape
-42374.3
$NLLagecompCatch
4766.83
$NLLagecompEsc
6298.31
$NLLgenetics
416.398
$NLLselOne
1.56713e-15
$NLLavailOne
2.37256e-14
$NLLextra
5.29992e-10
#OBSERVED_AND_PREDICTED_VALUES
$predEsc
 3569.8 259.677 888.185 795.52 999.699
$obsEsc
 3569.98 259.82 888.294 792.282 1001.36
$predCatch
 21559.4 6755.25 3349.45
$obsCatch
 21559.4 6755.26 3349.45
$RunSize
 0 0 2.98805e-10 0 0 1.39692 17617.6 1022.55 1.65296e-10 0 71.1335 1344.86 112.815 2.81851e-10 0 1.20793e-10 1.27151e-10 0 0 0 0.812861 0 0 0 1442.27 847.834 4.30194e-10 0 1.10198e-10 295.856 136.347 9.23008 0 1.99203e-10 2.16157e-10 0 0 0 5.7218e-11 0 0 0.802675 1376.97 951.227 70.634 0 5.98145 631.052 241.541 10.552 0 4.02645e-11 2.83493 0 0 0 5.93371e-11 0 0 4.85897 628.811 415.604 9.8378 0 2.60855 6315.59 651.22 5.50988e-11 0 55.4122 7.20522e-11 0 0 0 3.81453e-11 0 0 1.13149 3156.22 291.59 2.09115 0 10.5663 304.964 131.138 3.39069e-11 0 5.50988e-11 0.99713 0
$SSageCompEsc
 2728 88.5 1704 1418 2090
$obsAgeCompEsc
0 0 0 0 0 0.000308536 0.873296 0.042575 0 0 0.0150301 0.0639878 0.00480225 0 0 0 0 0 
0 0 0 0 0 0 0.601116 0.250188 0 0 0 0.102692 0.0460043 0 0 0 0 0 
0 0 0 0 0 0.000751808 0.43681 0.264315 0.0223998 0 0.0055262 0.19831 0.0678317 0.00315383 0 0 0.000901917 0 
0 0 0 0 0 0.00483247 0.0765213 0.030171 0.00152422 0 0.00162934 0.807644 0.0707002 0 0 0.00697703 0 0 
0 0 0 0 0 0.000955069 0.825338 0.0576768 6.86401e-05 0 0.0089019 0.0769127 0.0301468 0 0 0 0 0 
$predAgeCompEsc
0 0 1.26723e-14 0 0 0.000294524 0.870134 0.0433661 7.93877e-15 0 0.0149977 0.0664227 0.00478445 1.35366e-14 0 5.96599e-15 5.39245e-15 0 
0 0 0.000256005 0 0 0 0.569467 0.26702 1.63072e-13 0 2.96402e-13 0.116816 0.0429417 0.0034988 0 7.86538e-14 6.80772e-14 0 
0 0 1.59798e-14 0 0 0.000741821 0.435256 0.265659 0.0218306 0 0.00552797 0.199474 0.0674575 0.00326126 0 1.27275e-14 0.000791738 0 
0 0 5.26976e-15 0 0 0.00452534 0.0805901 0.0369101 0.00118611 0 0.00242943 0.809422 0.0578352 6.64308e-15 0 0.00710176 6.399e-15 0 
0 0 8.53631e-15 0 0 0.000925654 0.816215 0.065253 0.000526907 0 0.00864415 0.0788652 0.0293465 8.54353e-15 0 1.42488e-14 0.000223142 0 
$SSageCompCatch
 2380 2276 1070
$obsAgeCompCatch
0 0 4.56164e-05 0 0 0 0.775118 0.110139 0.00143368 0 0.000802964 0.0926331 0.018824 0.001004 0 0 0 0 
0 0 0 0 0 0 0.0920572 0.0580826 0.000880059 0 0.000650553 0.767131 0.0744882 0 0 0.00670989 0 0 
0 0 0 0 0 0 0.649417 0.100799 0.00357187 0 0 0.202773 0.0413302 0 0 0.00138626 0.000723088 0 
$predAgeCompCatch
0 0 3.40496e-05 0 0 2.3425e-05 0.780925 0.108096 0.00226892 0 0.000866739 0.0880157 0.0189221 0.000717127 0 3.50078e-05 9.6479e-05 0 
0 0 2.13439e-07 0 0 0.000177108 0.0885562 0.0545213 0.00132006 0 0.000102641 0.766689 0.081897 2.0142e-05 0 0.00670986 6.21788e-06 0 
0 0 3.24008e-06 0 0 7.55279e-05 0.676727 0.0822013 0.00115519 0 0.000563431 0.193526 0.0443015 0.000113457 0 0.00109899 0.000233992 0 
$genSS
 321 320 265
$obsGenComp     #GeneticFracData
0.779276 0.105332 0.102213 0.00482897 0.0083501 
0.00532075 0.000501958 0.00481879 0.986648 0.00271057 
0.00977724 0.0080637 0.0149179 0.137889 0.829352 
$predGenComp     #catchGenComp_pred
0.766217 0.11287 0.105827 0.00516058 0.00992558 
0.00756382 0.000681373 0.00565183 0.982157 0.00394643 
0.00905154 0.0103464 0.0249821 0.161951 0.793669 
#PARAMETERS_OF_INTEREST
$catchByGroup
0 0 0 
0 0 0 
2.52261e-10 8.20094e-13 4.86626e-13 
0 0 0 
0 0 0 
0.344592 0.000584757 0.000346817 
14440.4 44.5484 26.4329 
863.27 2.80647 1.6653 
1.3628e-10 4.24548e-13 2.51908e-13 
0 0 0 
17.5472 0.0297768 0.0176605 
1102.33 3.40065 2.01778 
95.2419 0.309629 0.183727 
2.32375e-10 7.23909e-13 4.29536e-13 
0 0 0 
9.90094e-11 3.05442e-13 1.81234e-13 
1.07345e-10 3.48976e-13 2.07075e-13 
0 0 0 
0 0 0 
0 0 0 
0.734088 0.00144184 0.0108525 
0 0 0 
0 0 0 
0 0 0 
1274.29 2.35689 17.748 
765.672 1.50387 11.3194 
3.81758e-10 7.14068e-13 5.37668e-12 
0 0 0 
3.29738e-11 2.98004e-14 2.25413e-13 
261.397 0.483474 3.6407 
123.134 0.241851 1.82037 
8.19084 0.0153208 0.11536 
0 0 0 
1.76002e-10 3.25529e-13 2.45133e-12 
1.95209e-10 3.83415e-13 2.8859e-12 
0 0 0 
0 0 0 
0 0 0 
4.07931e-11 6.99425e-13 1.53235e-12 
0 0 0 
0 0 0 
0.138986 0.00150256 0.00331262 
940.86 15.5133 34.0075 
678.171 11.6277 25.4748 
48.6645 0.808246 1.7716 
0 0 0 
1.03571 0.0111969 0.0246853 
431.188 7.10962 15.5853 
172.205 2.95256 6.46869 
7.26996 0.120743 0.264659 
0 0 0 
2.75121e-11 4.53631e-13 9.94426e-13 
2.02114 0.0346538 0.075922 
0 0 0 
0 0 0 
0 0 0 
8.76811e-13 5.00017e-11 4.26642e-12 
0 0 0 
0 0 0 
0.0110074 1.19305 0.0549213 
8.56478 514.364 41.7716 
6.14129 350.218 29.8825 
0.136093 8.09468 0.663459 
0 0 0 
0.00590931 0.640489 0.0294846 
86.022 5166.12 419.541 
9.62292 548.764 46.8236 
7.62216e-13 4.5336e-11 3.71585e-12 
0 0 0 
0.754746 45.3268 3.681 
1.0647e-12 6.07164e-11 5.18066e-12 
0 0 0 
0 0 0 
0 0 0 
2.25265e-12 2.81158e-13 2.70778e-11 
0 0 0 
0 0 0 
0.0104439 0.00127451 0.194396 
172.113 21.4371 2146.7 
17.2196 2.14922 206.987 
0.115778 0.014426 1.4342 
0 0 0 
0.0975298 0.0119019 1.81535 
16.63 2.07131 207.421 
7.74426 0.966579 93.0893 
1.87729e-12 2.33911e-13 2.32548e-11 
0 0 0 
3.0046e-12 3.74231e-13 3.74754e-11 
0.0588848 0.00734955 0.707821 
0 0 0 
$escByGroup
 5e-07 5e-07 5.00011e-07 5e-07 5e-07 1.05139 3106.21 154.809 5.00007e-07 5e-07 53.5389 237.116 17.0796 5.00012e-07 5e-07 5.00005e-07 5.00005e-07 5e-07 5e-07 5e-07 0.0664786 5e-07 5e-07 5e-07 147.877 69.3388 5.00011e-07 5e-07 5.00019e-07 30.3344 11.151 0.908557 5e-07 5.00005e-07 5.00004e-07 5e-07 5e-07 5e-07 5.00004e-07 5e-07 5e-07 0.658874 386.588 235.954 19.3896 5e-07 4.90986 177.17 59.9148 2.8966 5e-07 5.00003e-07 0.70321 5e-07 5e-07 5e-07 5.00001e-07 5e-07 5e-07 3.6 64.111 29.3627 0.943575 5e-07 1.93266 643.911 46.009 5.00001e-07 5e-07 5.64959 5.00001e-07 5e-07 5e-07 5e-07 5.00002e-07 5e-07 5e-07 0.925375 815.969 65.2334 0.526749 5e-07 8.64155 78.8414 29.3377 5.00002e-07 5e-07 5.00004e-07 0.223074 5e-07
$catchByGroup
0 0 2.52261e-10 0 0 0.344592 14440.4 863.27 1.3628e-10 0 17.5472 1102.33 95.2419 2.32375e-10 0 9.90094e-11 1.07345e-10 0 0 0 0.734088 0 0 0 1274.29 765.672 3.81758e-10 0 3.29738e-11 261.397 123.134 8.19084 0 1.76002e-10 1.95209e-10 0 0 0 4.07931e-11 0 0 0.138986 940.86 678.171 48.6645 0 1.03571 431.188 172.205 7.26996 0 2.75121e-11 2.02114 0 0 0 8.76811e-13 0 0 0.0110074 8.56478 6.14129 0.136093 0 0.00590931 86.022 9.62292 7.62216e-13 0 0.754746 1.0647e-12 0 0 0 2.25265e-12 0 0 0.0104439 172.113 17.2196 0.115778 0 0.0975298 16.63 7.74426 1.87729e-12 0 3.0046e-12 0.0588848 0 
0 0 8.20094e-13 0 0 0.000584757 44.5484 2.80647 4.24548e-13 0 0.0297768 3.40065 0.309629 7.23909e-13 0 3.05442e-13 3.48976e-13 0 0 0 0.00144184 0 0 0 2.35689 1.50387 7.14068e-13 0 2.98004e-14 0.483474 0.241851 0.0153208 0 3.25529e-13 3.83415e-13 0 0 0 6.99425e-13 0 0 0.00150256 15.5133 11.6277 0.808246 0 0.0111969 7.10962 2.95256 0.120743 0 4.53631e-13 0.0346538 0 0 0 5.00017e-11 0 0 1.19305 514.364 350.218 8.09468 0 0.640489 5166.12 548.764 4.5336e-11 0 45.3268 6.07164e-11 0 0 0 2.81158e-13 0 0 0.00127451 21.4371 2.14922 0.014426 0 0.0119019 2.07131 0.966579 2.33911e-13 0 3.74231e-13 0.00734955 0 
0 0 4.86626e-13 0 0 0.000346817 26.4329 1.6653 2.51908e-13 0 0.0176605 2.01778 0.183727 4.29536e-13 0 1.81234e-13 2.07075e-13 0 0 0 0.0108525 0 0 0 17.748 11.3194 5.37668e-12 0 2.25413e-13 3.6407 1.82037 0.11536 0 2.45133e-12 2.8859e-12 0 0 0 1.53235e-12 0 0 0.00331262 34.0075 25.4748 1.7716 0 0.0246853 15.5853 6.46869 0.264659 0 9.94426e-13 0.075922 0 0 0 4.26642e-12 0 0 0.0549213 41.7716 29.8825 0.663459 0 0.0294846 419.541 46.8236 3.71585e-12 0 3.681 5.18066e-12 0 0 0 2.70778e-11 0 0 0.194396 2146.7 206.987 1.4342 0 1.81535 207.421 93.0893 2.32548e-11 0 3.74754e-11 0.707821 0 
$Fmort
 1.49398 0.507354 0.366703
#ESTIMATED_PARAMETERS
$availability
1.68508 2.11519 1.13107 0.0134914 0.0551636 
0.00733426 0.00473773 0.0328217 4.93536 0.0197423 
0.00601785 0.049626 0.100228 0.275499 4.56863 
$selectivity
 0.11252 0.680405 0.738593 0.691122 2.77736
$RunSize
 0 0 2.98805e-10 0 0 1.39692 17617.6 1022.55 1.65296e-10 0 71.1335 1344.86 112.815 2.81851e-10 0 1.20793e-10 1.27151e-10 0 0 0 0.812861 0 0 0 1442.27 847.834 4.30194e-10 0 1.10198e-10 295.856 136.347 9.23008 0 1.99203e-10 2.16157e-10 0 0 0 5.7218e-11 0 0 0.802675 1376.97 951.227 70.634 0 5.98145 631.052 241.541 10.552 0 4.02645e-11 2.83493 0 0 0 5.93371e-11 0 0 4.85897 628.811 415.604 9.8378 0 2.60855 6315.59 651.22 5.50988e-11 0 55.4122 7.20522e-11 0 0 0 3.81453e-11 0 0 1.13149 3156.22 291.59 2.09115 0 10.5663 304.964 131.138 3.39069e-11 0 5.50988e-11 0.99713 0
