$ndistricts
3
$ngroups
90
$nstocks
5
$nagecomps
18
$AgeCompLabels
 0.1 0.2 0.3 0.4 0.5 1.1 1.2 1.3 1.4 1.5 2.1 2.2 2.3 2.4 3.1 3.2 3.3 3.4
$navailpar
15
$nselectpar
5
$GENdata
-1
$maxGradient
0.000298411
#LIKELIHOOD_VALUES_AND_PENALTIES
$totalNLL
-267858
$NLLcatch
-235632
$NLLescape
-76279.2
$NLLagecompCatch
30036.8
$NLLagecompEsc
14016.5
$NLLgenetics
0
$NLLselOne
5.49578e-14
$NLLavailOne
1.17179e-10
$NLLextra
4.29979e-10
#OBSERVED_AND_PREDICTED_VALUES
$predEsc
 4422.18 633.406 1829.23 2072.04 2206.33
$obsEsc
 4725.86 611.784 1606.65 1945.63 2194.93
$predCatch
 9395.95 15646.6 3320.97
$obsCatch
 9395.95 15646.6 3320.97
$RunSize
 0 17.2629 16.5661 3.28743 0 2.08159 2326.82 2109.33 21.3772 0 12.546 3547.5 1108.22 7.43376 0 3.28473e-11 1.11608 0 0 5.03659e-11 1.02922e-10 4.59863e-11 0 0 261.141 573.7 5.05849e-10 0 7.00743e-11 61.4019 445.991 1.94894e-10 0 4.59863e-11 1.1409e-09 0 0 2.62779e-11 4.81761e-11 1.28217 0 0.780813 274.311 1320.94 459.707 0 23.7784 524.9 2972.3 31.4506 0 2.62779e-11 10.0306 0 0 8.54031e-11 1.36483 5.47456e-11 0 0 283.707 3953.19 42.7537 0 118.582 8769.12 3887.75 7.00743e-11 4.92531 83.8388 12.4371 0 0 3.35804 7.10776 3.06575e-11 0 5.41844 457.518 1804.69 80.026 0 32.0427 1899.45 1937.05 5.63674 0 1.44831 4.37965e-11 0
$SSageCompEsc
 3034 88.5 1692 3201 2644
$obsAgeCompEsc
0 0.00426853 0.00249163 0.000783507 0 0.000544397 0.325561 0.157878 0.00138071 0 0.00272495 0.431069 0.0725425 0.000679738 0 0 7.66527e-05 0 
0 0 0 0 0 0 0.601116 0.250188 0 0 0 0.102692 0.0460043 0 0 0 0 0 
0 0 0 0.000633714 0 0.000510901 0.0899411 0.225322 0.0612104 0 0.0131763 0.151671 0.449833 0.00615212 0 0 0.00154927 0 
0 0 0.00019264 0 0 0 0.0231543 0.169192 0.000868148 0 0.0212583 0.601028 0.17527 0 0.00149523 0.00731329 0.000227071 0 
0 0.00110602 0.000437801 0 0 0.00216205 0.0966069 0.251971 0.00506081 0 0.01201 0.359807 0.27055 0 0 0.000288284 0 0 
$predAgeCompEsc
0 0.00199295 0.00161195 0.00027127 0 0.000338875 0.268625 0.205247 0.00176399 0 0.00204245 0.40955 0.107835 0.000613414 0 3.79214e-15 0.000108599 0 
0 4.2076e-14 7.3737e-14 2.85241e-14 0 0 0.218159 0.41102 3.13765e-13 0 8.05972e-14 0.0512955 0.319525 1.20888e-13 0 3.84173e-14 8.17383e-13 0 
0 5.86959e-15 8.36138e-15 0.000171396 0 0.00027932 0.0612719 0.229261 0.0614519 0 0.00850624 0.117245 0.515869 0.0042042 0 5.86959e-15 0.00174089 0 
0 6.49841e-15 4.83429e-05 3.42141e-16 0 0 0.0215875 0.140024 0.000267196 0 0.0252467 0.667251 0.137706 4.3794e-16 0.00104862 0.00637938 0.000440528 0 
0 0.000634096 0.0010119 3.17665e-15 0 0.00165491 0.0863928 0.256927 0.00829208 0 0.00978652 0.358672 0.275771 0.000584064 0 0.000273483 6.23514e-15 0 
$SSageCompCatch
 12797 6544 2477
$obsAgeCompCatch
0 0.00020224 0.000710139 0.00010383 0 0 0.110035 0.280976 0.0342439 0 0.000511344 0.231612 0.338161 0.00249911 0 0.000135905 0.000809617 0 
0 8.54194e-05 0 0 0 0 0.0298598 0.223873 0.00604635 0 0.00739782 0.507379 0.220125 0 0 0.00433901 0.000893955 0 
0 0 0.00190078 0 0 0 0.0506192 0.300271 0.0168058 0 0 0.31339 0.314226 0.00168448 0 0.00110307 0 0 
$predAgeCompCatch
0 0.000797815 0.000931808 0.000272536 0 9.97065e-05 0.135537 0.263654 0.0325767 0 0.00156532 0.256203 0.304534 0.00254798 1.54648e-05 0.000516835 0.000748128 0 
0 9.87503e-05 0.000221912 3.07416e-05 0 2.91665e-05 0.0294317 0.246392 0.00738485 0 0.00412497 0.455641 0.251317 0.000380903 0.000161486 0.00405133 0.000733928 0 
0 0.000411737 0.00100879 4.43756e-06 0 0.000369431 0.0590121 0.29661 0.0129985 0 0.00277127 0.311326 0.313463 0.000881908 2.42458e-05 0.000969539 0.000148559 0 
$genSS
 0 0 0
$obsGenComp     #GeneticFracData
-1 -1 -1 -1 -1 
-1 -1 -1 -1 -1 
-1 -1 -1 -1 -1 
$predGenComp     #catchGenComp_pred
0 0 0 0 0 
0 0 0 0 0 
0 0 0 0 0 
#PARAMETERS_OF_INTEREST
$catchByGroup
0 0 0 
7.25887 1.14244 0.0483754 
8.05315 1.32794 0.0566331 
1.77064 0.304134 0.0130535 
0 0 0 
0.508179 0.0718496 0.00299456 
978.404 153.987 6.5204 
1025.39 169.085 7.211 
11.5139 1.97769 0.0848831 
0 0 0 
3.06287 0.433048 0.0180487 
1491.69 234.771 9.94111 
538.732 88.8354 3.78858 
4.00389 0.687728 0.0295174 
0 0 0 
1.3812e-11 2.17381e-12 9.20475e-14 
0.542552 0.0894654 0.00381545 
0 0 0 
0 0 0 
2.15937e-11 2.01965e-12 1.01353e-13 
5.09496e-11 5.0139e-12 2.52688e-13 
2.51954e-11 2.59237e-12 1.31147e-13 
0 0 0 
0 0 0 
111.961 10.4716 0.525504 
284 27.9481 1.40852 
2.7715e-10 2.85161e-11 1.44262e-12 
0 0 0 
1.74953e-11 1.4559e-12 7.23772e-14 
26.3252 2.46218 0.123561 
220.78 21.7268 1.09497 
1.06781e-10 1.09867e-11 5.55814e-13 
0 0 0 
1.9716e-11 1.84402e-12 9.25399e-14 
5.64782e-10 5.55796e-11 2.80107e-12 
0 0 0 
0 0 0 
1.29047e-11 2.61203e-12 2.43401e-14 
2.70487e-11 5.77804e-12 5.44493e-14 
0.790096 0.176867 0.00168347 
0 0 0 
0.228669 0.0408309 0.000371113 
134.71 27.2666 0.254083 
741.648 158.428 1.49294 
283.28 63.4137 0.603588 
0 0 0 
6.96375 1.24344 0.0113016 
257.77 52.1751 0.486192 
1668.81 356.485 3.35933 
19.3804 4.33841 0.0412942 
0 0 0 
1.29047e-11 2.61203e-12 2.43401e-14 
5.6317 1.20302 0.0113367 
0 0 0 
0 0 0 
4.84248e-12 6.43953e-11 2.70039e-12 
0.0938387 1.11834 0.0524778 
4.34833e-12 4.72504e-11 2.43792e-12 
0 0 0 
0 0 0 
16.0866 213.919 8.97063 
271.802 3239.25 152.001 
3.39584 36.9003 1.9039 
0 0 0 
3.4984 60.8328 1.93859 
497.221 6612.05 277.274 
267.303 3185.63 149.485 
5.56586e-12 6.04805e-11 3.12054e-12 
0.145306 2.5267 0.0805194 
4.75378 63.2158 2.65093 
0.855112 10.191 0.478208 
0 0 0 
0 0 0 
0.237359 0.402662 1.31899 
0.608229 1.02587 3.24106 
3.02634e-12 5.07826e-12 1.55442e-11 
0 0 0 
0.199988 0.343676 1.2235 
32.3392 54.8609 179.707 
154.432 260.474 822.918 
7.89973 13.2559 40.5753 
0 0 0 
1.18266 2.03237 7.23535 
134.261 227.763 746.077 
165.759 279.578 883.274 
0.556428 0.933696 2.85797 
0 0 0 
0.102372 0.173667 0.568875 
3.74777e-12 6.32122e-12 1.99707e-11 
0 0 0 
$escByGroup
 5e-07 8.81319 7.12834 1.19961 5e-07 1.49857 1187.91 907.639 7.80068 5e-07 9.03207 1811.1 476.864 2.71263 5e-07 5.00004e-07 0.480246 5e-07 5e-07 5.00007e-07 5.00012e-07 5.00005e-07 5e-07 5e-07 138.183 260.343 5.0005e-07 5e-07 5.00013e-07 32.4909 202.389 5.00019e-07 5e-07 5.00006e-07 5.00129e-07 5e-07 5e-07 5.00003e-07 5.00004e-07 0.313523 5e-07 0.510941 112.081 419.371 112.41 5e-07 15.5599 214.468 943.644 7.69045 5e-07 5.00003e-07 3.18449 5e-07 5e-07 5.00003e-07 0.100168 5e-07 5e-07 5e-07 44.7302 290.136 0.55364 5e-07 52.3121 1382.57 285.333 5e-07 2.17279 13.2183 0.912792 5e-07 5e-07 1.39903 2.2326 5.00002e-07 5e-07 3.65127 190.611 566.867 18.2951 5e-07 21.5923 791.35 608.442 1.28864 5e-07 0.603395 5.00003e-07 5e-07
$catchByGroup
0 7.25887 8.05315 1.77064 0 0.508179 978.404 1025.39 11.5139 0 3.06287 1491.69 538.732 4.00389 0 1.3812e-11 0.542552 0 0 2.15937e-11 5.09496e-11 2.51954e-11 0 0 111.961 284 2.7715e-10 0 1.74953e-11 26.3252 220.78 1.06781e-10 0 1.9716e-11 5.64782e-10 0 0 1.29047e-11 2.70487e-11 0.790096 0 0.228669 134.71 741.648 283.28 0 6.96375 257.77 1668.81 19.3804 0 1.29047e-11 5.6317 0 0 4.84248e-12 0.0938387 4.34833e-12 0 0 16.0866 271.802 3.39584 0 3.4984 497.221 267.303 5.56586e-12 0.145306 4.75378 0.855112 0 0 0.237359 0.608229 3.02634e-12 0 0.199988 32.3392 154.432 7.89973 0 1.18266 134.261 165.759 0.556428 0 0.102372 3.74777e-12 0 
0 1.14244 1.32794 0.304134 0 0.0718496 153.987 169.085 1.97769 0 0.433048 234.771 88.8354 0.687728 0 2.17381e-12 0.0894654 0 0 2.01965e-12 5.0139e-12 2.59237e-12 0 0 10.4716 27.9481 2.85161e-11 0 1.4559e-12 2.46218 21.7268 1.09867e-11 0 1.84402e-12 5.55796e-11 0 0 2.61203e-12 5.77804e-12 0.176867 0 0.0408309 27.2666 158.428 63.4137 0 1.24344 52.1751 356.485 4.33841 0 2.61203e-12 1.20302 0 0 6.43953e-11 1.11834 4.72504e-11 0 0 213.919 3239.25 36.9003 0 60.8328 6612.05 3185.63 6.04805e-11 2.5267 63.2158 10.191 0 0 0.402662 1.02587 5.07826e-12 0 0.343676 54.8609 260.474 13.2559 0 2.03237 227.763 279.578 0.933696 0 0.173667 6.32122e-12 0 
0 0.0483754 0.0566331 0.0130535 0 0.00299456 6.5204 7.211 0.0848831 0 0.0180487 9.94111 3.78858 0.0295174 0 9.20475e-14 0.00381545 0 0 1.01353e-13 2.52688e-13 1.31147e-13 0 0 0.525504 1.40852 1.44262e-12 0 7.23772e-14 0.123561 1.09497 5.55814e-13 0 9.25399e-14 2.80107e-12 0 0 2.43401e-14 5.44493e-14 0.00168347 0 0.000371113 0.254083 1.49294 0.603588 0 0.0113016 0.486192 3.35933 0.0412942 0 2.43401e-14 0.0113367 0 0 2.70039e-12 0.0524778 2.43792e-12 0 0 8.97063 152.001 1.9039 0 1.93859 277.274 149.485 3.12054e-12 0.0805194 2.65093 0.478208 0 0 1.31899 3.24106 1.55442e-11 0 1.2235 179.707 822.918 40.5753 0 7.23535 746.077 883.274 2.85797 0 0.568875 1.99707e-11 0 
$Fmort
 0.77981 0.711183 0.218842
#ESTIMATED_PARAMETERS
$availability
1.42624 1.46371 1.76582 0.152597 0.191638 
0.196269 0.117312 0.300102 4.02018 0.366136 
0.0261408 0.0187644 0.00863236 0.299301 4.64716 
$selectivity
 0.251653 0.490537 0.598612 0.69548 2.96372
$RunSize
 0 17.2629 16.5661 3.28743 0 2.08159 2326.82 2109.33 21.3772 0 12.546 3547.5 1108.22 7.43376 0 3.28473e-11 1.11608 0 0 5.03659e-11 1.02922e-10 4.59863e-11 0 0 261.141 573.7 5.05849e-10 0 7.00743e-11 61.4019 445.991 1.94894e-10 0 4.59863e-11 1.1409e-09 0 0 2.62779e-11 4.81761e-11 1.28217 0 0.780813 274.311 1320.94 459.707 0 23.7784 524.9 2972.3 31.4506 0 2.62779e-11 10.0306 0 0 8.54031e-11 1.36483 5.47456e-11 0 0 283.707 3953.19 42.7537 0 118.582 8769.12 3887.75 7.00743e-11 4.92531 83.8388 12.4371 0 0 3.35804 7.10776 3.06575e-11 0 5.41844 457.518 1804.69 80.026 0 32.0427 1899.45 1937.05 5.63674 0 1.44831 4.37965e-11 0
