$ndistricts
3
$ngroups
90
$nstocks
5
$nagecomps
18
$AgeCompLabels
 0.1 0.2 0.3 0.4 0.5 1.1 1.2 1.3 1.4 1.5 2.1 2.2 2.3 2.4 3.1 3.2 3.3 3.4
$navailpar
15
$nselectpar
5
$GENdata
-1
$maxGradient
9.04933e-05
#LIKELIHOOD_VALUES_AND_PENALTIES
$totalNLL
-20387.1
$NLLcatch
-10274.8
$NLLescape
-15587.8
$NLLagecompCatch
635.144
$NLLagecompEsc
4840.28
$NLLgenetics
0
$NLLselOne
2.34045e-14
$NLLavailOne
1.17179e-10
$NLLextra
5.79959e-10
#OBSERVED_AND_PREDICTED_VALUES
$predEsc
 340.128 212.418 897.308 994.95 390.856
$obsEsc
 338.76 203.304 905.358 997.602 388.254
$predCatch
 957.902 695.582 188.695
$obsCatch
 957.902 695.582 188.695
$RunSize
 0 0 0 0 0 0 197.686 27.6809 1.21057 0 0.817438 118.607 172.388 0 0 2.16975e-10 2.35662e-10 0 0 0 0 0 0 0 294.668 10.2149 0 0 4.39661e-10 16.129 10.6106 0 0 5.08958e-10 7.93933e-10 0 0 0 0 0 0 0 357.799 126.775 0.376323 0 6.78049 521.295 509.992 0.187174 0 1.0768 1.38075e-10 0 0 0 0 0 0 0 67.7148 57.3347 0 0 2.23385 873.401 605.103 0 0 78.2747 18.9379 0 0 0 0 0 0 0.775846 21.0461 128.621 0.860919 0 3.06758 410.163 36.009 0 0 2.61876e-10 2.66288e-10 0
$SSageCompEsc
 508 97 2384 579 343
$obsAgeCompEsc
0 0 0 0 0 0 0.357775 0.0570585 0.00356874 0 0.00233191 0.224845 0.354421 0 0 0 0 0 
0 0 0 0 0 0 0.867235 0.0382835 0 0 0 0.0550331 0.0394487 0 0 0 0 0 
0 0 0 0 0 0 0.218096 0.0887628 0.000417976 0 0.00720163 0.328442 0.356151 0.000207891 0 0.000720686 0 0 
0 0 0 0 0 0 0.0412414 0.0353625 0 0 0.00214664 0.484072 0.377223 0 0 0.0466397 0.0133145 0 
0 0 0 0 0 0.00198822 0.0204002 0.171776 0.00221936 0 0.00725331 0.730592 0.0657714 0 0 0 0 0 
$predAgeCompEsc
0 0 0 0 0 0 0.369014 0.0558571 0.00355916 0 0.00230977 0.2214 0.34786 0 0 4.05021e-13 4.75541e-13 0 
0 0 0 0 0 0 0.884155 0.0330841 0 0 1.98908e-12 0.0483954 0.0343656 0 0 1.52714e-12 2.57139e-12 0 
0 0 0 0 0 0 0.224089 0.0877858 0.000419392 0 0.00719033 0.326487 0.353146 0.000208595 0 0.0006744 9.56107e-14 0 
0 0 0 0 0 0 0.0380499 0.0357662 0 0 0.00213862 0.490776 0.377472 0 0 0.0439837 0.0118137 0 
0 0 0 0 0 0.00191198 0.0340896 0.226469 0.00220265 0 0.00755968 0.664365 0.0634026 0 0 4.24175e-13 4.68865e-13 0 
$SSageCompCatch
 256 108 172
$obsAgeCompCatch
0 0 0 0 0 0 0.452688 0.04946 0 0 0 0.285792 0.210669 0 0 0 0.00139179 0 
0 0 0 0 0 0 0.00862069 0.0338496 0 0 0 0.592132 0.315988 0 0 0.0479725 0.00143678 0 
0 0 0 0 0 0 0.0812781 0.282156 0 0 0.0012766 0.542445 0.0928449 0 0 0 0 0 
$predAgeCompCatch
0 0 0 0 0 4.0584e-06 0.331892 0.0661652 1.59853e-10 0 0.000376843 0.33016 0.26667 2.06702e-11 0 0.00401182 0.000720257 0 
0 0 0 0 0 4.31342e-06 0.0681867 0.0396313 2.31481e-11 0 0.000184166 0.528872 0.311733 1.95309e-12 0 0.0425092 0.00887929 0 
0 0 0 0 0 0.000114745 0.0423081 0.163125 2.97705e-10 0 0.000477827 0.683373 0.100581 1.1919e-13 0 0.00833739 0.00168318 0 
$genSS
 0 0 0
$obsGenComp     #GeneticFracData
-1 -1 -1 -1 -1 
-1 -1 -1 -1 -1 
-1 -1 -1 -1 -1 
$predGenComp     #catchGenComp_pred
0 0 0 0 0 
0 0 0 0 0 
0 0 0 0 0 
#PARAMETERS_OF_INTEREST
$catchByGroup
0 0 0 
0 0 0 
0 0 0 
0 0 0 
0 0 0 
0 0 0 
67.3054 4.51889 0.350103 
8.11319 0.528326 0.0408598 
1.03431e-07 5.74639e-09 4.40487e-10 
0 0 0 
0.029996 0.00169609 0.000130137 
40.3816 2.71122 0.210054 
50.5263 3.29024 0.254462 
0 0 0 
0 0 0 
7.38726e-11 4.95982e-12 3.84264e-13 
6.90718e-11 4.49792e-12 3.47861e-13 
0 0 0 
0 0 0 
0 0 0 
0 0 0 
0 0 0 
0 0 0 
0 0 0 
102.438 4.04475 0.374695 
3.05946 0.116984 0.0108258 
0 0 0 
0 0 0 
1.65492e-11 5.45485e-13 5.02449e-14 
5.60705 0.221395 0.0205094 
3.17798 0.121515 0.0112451 
0 0 0 
0 0 0 
1.76933e-10 6.9862e-12 6.47183e-13 
2.3779e-10 9.09231e-12 8.41409e-13 
0 0 0 
0 0 0 
0 0 0 
0 0 0 
0 0 0 
0 0 0 
0 0 0 
144.083 12.4299 0.209377 
44.2613 3.68102 0.0618267 
3.98089e-08 2.7314e-09 4.52185e-11 
0 0 0 
0.306694 0.0214998 0.000356487 
209.922 18.1098 0.305051 
178.055 14.808 0.248717 
1.98e-08 1.35853e-09 2.24906e-11 
0 0 0 
0.43362 0.0374081 0.000630122 
4.82066e-11 4.00913e-12 6.73377e-14 
0 0 0 
0 0 0 
0 0 0 
0 0 0 
0 0 0 
0 0 0 
0 0 0 
2.94937 25.5473 1.36044 
2.08879 18.6988 0.961562 
0 0 0 
0 0 0 
0.00891749 0.0930438 0.00406847 
38.0416 329.514 17.5472 
22.0448 197.344 10.1482 
0 0 0 
0 0 0 
3.40931 29.5313 1.57259 
0.689935 6.17628 0.317607 
0 0 0 
0 0 0 
0 0 0 
0 0 0 
0 0 0 
0 0 0 
0.00388755 0.00300034 0.0216519 
1.14472 0.88858 5.68872 
5.85702 4.54172 29.7058 
9.88358e-09 7.62359e-09 5.56898e-08 
0 0 0 
0.0153708 0.0118629 0.0856084 
22.3091 17.3173 110.866 
1.63974 1.27151 8.31649 
0 0 0 
0 0 0 
1.42436e-11 1.10566e-11 7.07844e-11 
1.2126e-11 9.40285e-12 6.15008e-11 
0 0 0 
$escByGroup
 5e-07 5e-07 5e-07 5e-07 5e-07 5e-07 125.512 18.9985 1.21057 5e-07 0.785616 75.3042 118.317 5e-07 5e-07 5.00034e-07 5.0004e-07 5e-07 5e-07 5e-07 5e-07 5e-07 5e-07 5e-07 187.811 7.02766 5e-07 5e-07 5.00106e-07 10.2801 7.29988 5e-07 5e-07 5.00081e-07 5.00137e-07 5e-07 5e-07 5e-07 5e-07 5e-07 5e-07 5e-07 201.077 78.7709 0.376323 5e-07 6.45194 292.959 316.88 0.187174 5e-07 0.605144 5.00021e-07 5e-07 5e-07 5e-07 5e-07 5e-07 5e-07 5e-07 37.8578 35.5855 5e-07 5e-07 2.12782 488.298 375.565 5e-07 5e-07 43.7615 11.754 5e-07 5e-07 5e-07 5e-07 5e-07 5e-07 0.747306 13.3241 88.5166 0.860919 5e-07 2.95474 259.671 24.7813 5e-07 5e-07 5.00041e-07 5.00046e-07 5e-07
$catchByGroup
0 0 0 0 0 0 67.3054 8.11319 1.03431e-07 0 0.029996 40.3816 50.5263 0 0 7.38726e-11 6.90718e-11 0 0 0 0 0 0 0 102.438 3.05946 0 0 1.65492e-11 5.60705 3.17798 0 0 1.76933e-10 2.3779e-10 0 0 0 0 0 0 0 144.083 44.2613 3.98089e-08 0 0.306694 209.922 178.055 1.98e-08 0 0.43362 4.82066e-11 0 0 0 0 0 0 0 2.94937 2.08879 0 0 0.00891749 38.0416 22.0448 0 0 3.40931 0.689935 0 0 0 0 0 0 0.00388755 1.14472 5.85702 9.88358e-09 0 0.0153708 22.3091 1.63974 0 0 1.42436e-11 1.2126e-11 0 
0 0 0 0 0 0 4.51889 0.528326 5.74639e-09 0 0.00169609 2.71122 3.29024 0 0 4.95982e-12 4.49792e-12 0 0 0 0 0 0 0 4.04475 0.116984 0 0 5.45485e-13 0.221395 0.121515 0 0 6.9862e-12 9.09231e-12 0 0 0 0 0 0 0 12.4299 3.68102 2.7314e-09 0 0.0214998 18.1098 14.808 1.35853e-09 0 0.0374081 4.00913e-12 0 0 0 0 0 0 0 25.5473 18.6988 0 0 0.0930438 329.514 197.344 0 0 29.5313 6.17628 0 0 0 0 0 0 0.00300034 0.88858 4.54172 7.62359e-09 0 0.0118629 17.3173 1.27151 0 0 1.10566e-11 9.40285e-12 0 
0 0 0 0 0 0 0.350103 0.0408598 4.40487e-10 0 0.000130137 0.210054 0.254462 0 0 3.84264e-13 3.47861e-13 0 0 0 0 0 0 0 0.374695 0.0108258 0 0 5.02449e-14 0.0205094 0.0112451 0 0 6.47183e-13 8.41409e-13 0 0 0 0 0 0 0 0.209377 0.0618267 4.52185e-11 0 0.000356487 0.305051 0.248717 2.24906e-11 0 0.000630122 6.73377e-14 0 0 0 0 0 0 0 1.36044 0.961562 0 0 0.00406847 17.5472 10.1482 0 0 1.57259 0.317607 0 0 0 0 0 0 0.0216519 5.68872 29.7058 5.56898e-08 0 0.0856084 110.866 8.31649 0 0 7.07844e-11 6.15008e-11 0 
$Fmort
 0.175871 0.0710033 0.0408648
#ESTIMATED_PARAMETERS
$availability
1.42624 1.46371 1.76582 0.152597 0.191638 
0.196269 0.117312 0.300102 4.02018 0.366136 
0.0261408 0.0187644 0.00863236 0.299301 4.64716 
$selectivity
 0.149044 1.65935 1.38283 3.40624e-07 1.80878
$RunSize
 0 0 0 0 0 0 197.686 27.6809 1.21057 0 0.817438 118.607 172.388 0 0 2.16975e-10 2.35662e-10 0 0 0 0 0 0 0 294.668 10.2149 0 0 4.39661e-10 16.129 10.6106 0 0 5.08958e-10 7.93933e-10 0 0 0 0 0 0 0 357.799 126.775 0.376323 0 6.78049 521.295 509.992 0.187174 0 1.0768 1.38075e-10 0 0 0 0 0 0 0 67.7148 57.3347 0 0 2.23385 873.401 605.103 0 0 78.2747 18.9379 0 0 0 0 0 0 0.775846 21.0461 128.621 0.860919 0 3.06758 410.163 36.009 0 0 2.61876e-10 2.66288e-10 0
