$ndistricts
3
$ngroups
90
$nstocks
5
$nagecomps
18
$AgeCompLabels
 0.1 0.2 0.3 0.4 0.5 1.1 1.2 1.3 1.4 1.5 2.1 2.2 2.3 2.4 3.1 3.2 3.3 3.4
$navailpar
15
$nselectpar
5
$GENdata
-1
$maxGradient
0.000131298
#LIKELIHOOD_VALUES_AND_PENALTIES
$totalNLL
-192479
$NLLcatch
-187999
$NLLescape
-30544.9
$NLLagecompCatch
20218.6
$NLLagecompEsc
5846.19
$NLLgenetics
0
$NLLselOne
3.79174e-16
$NLLavailOne
1.17179e-10
$NLLextra
4.39985e-10
#OBSERVED_AND_PREDICTED_VALUES
$predEsc
 1314.21 862.304 1204.45 1091.45 674.881
$obsEsc
 1450.58 826.762 1078.1 1076.46 692.167
$predCatch
 8211.98 10809.1 4411.05
$obsCatch
 8211.98 10809.1 4411.06
$RunSize
 0 0 3.804 4.43853e-11 0 0.191504 456.604 1148.1 1.37911e-10 0 1.76328 680.474 1351.16 1.2523e-10 0 6.81631e-11 6.02372e-11 0 0 0 24.2368 6.49927e-11 0 2.12415e-10 369.488 1801.93 3.7129 0 2.1083e-10 44.1634 46.6183 1.32601 0 1.61689e-10 9.66965e-11 0 0 0 6.72213 4.28001e-11 0 0.116211 117.692 3945.74 5.77219 0 0.451797 98.7382 744.174 1.49008e-10 0 6.81631e-11 5.70668e-11 0 0 0 17.8666 0.546458 0 0.815916 229.772 2969.84 2.84565 0 39.102 3442.59 5438.25 0.910089 0 14.6975 26.6917 0 0 0.471635 67.3218 3.96297e-11 0 1.81162 249.965 3868.82 2.56147 0 8.4739 450.253 890.266 1.53908 0 0.345881 0.697757 0
$SSageCompEsc
 1305 88.5 1290 1252 1260
$obsAgeCompEsc
0 0 0.000755112 0 0 0.00012094 0.147448 0.240097 0 0 0.00118225 0.250799 0.359598 0 0 0 0 0 
0 0 0 0 0 0 0.601116 0.250188 0 0 0 0.102692 0.0460043 0 0 0 0 0 
0 0 0.00116336 0 0 9.41962e-05 0.0377958 0.734125 0.00110984 0 0.000393381 0.036985 0.188333 0 0 0 0 0 
0 0 0.000484496 0 0 0 0.0232322 0.203747 0.000645995 0 0.0302865 0.264931 0.473898 0 0 0.00077928 0.00199536 0 
0 0.000399202 0.0088906 0 0 0.0023293 0.0862821 0.726355 0.000557219 0 0.0115311 0.0824139 0.0812412 0 0 0 0 0 
$predAgeCompEsc
0 0 0.00102027 1.21358e-14 0 0.000132285 0.131431 0.307933 3.77077e-14 0 0.00121802 0.195871 0.362395 3.42404e-14 0 1.96204e-14 1.61562e-14 0 
0 0 0.0104532 2.85165e-14 0 2.23878e-13 0.169774 0.777163 0.00162909 0 2.22207e-13 0.0202924 0.0201062 0.000581805 0 7.42937e-14 4.17047e-14 0 
0 0 0.00135917 8.9151e-15 0 8.54241e-05 0.0265114 0.797801 0.00120233 0 0.000332107 0.0222418 0.150467 3.10378e-14 0 1.53545e-14 1.15385e-14 0 
0 0 0.00128177 4.30266e-05 0 0.000630083 0.0225863 0.21306 0.000224059 0 0.0301961 0.338402 0.390146 7.16579e-05 0 0.00144474 0.00191489 0 
0 0.000105287 0.0115682 7.35039e-15 0 0.00233885 0.0558016 0.664796 0.000475093 0 0.01094 0.100514 0.152978 0.000285463 0 7.72138e-05 0.000119899 0 
$SSageCompCatch
 6608 7259 4441
$obsAgeCompCatch
0 0 0.00400959 0 0 0 0.0572467 0.661108 0.000892259 0 0 0.0647207 0.211676 0.000136515 0 9.69336e-05 0.000112832 0 
0 0 0.00242135 5.60062e-05 0 0.000151527 0.0248859 0.307822 0.000185754 0 0.000647336 0.268892 0.391766 9.85676e-05 0 0.0011243 0.00194965 0 
0 0 0.0106073 0 0 0 0.0302987 0.584941 0.000402317 0 0 0.124453 0.247912 0.000314886 0 0.000373802 0.000697178 0 
$predAgeCompCatch
0 5.85745e-06 0.00358937 5.69751e-06 0 6.94545e-06 0.0702568 0.602736 0.000776772 0 8.04709e-05 0.0962331 0.225743 0.000122461 0 0.00015122 0.000291682 0 
0 5.15763e-06 0.00223271 3.86173e-05 0 1.31788e-05 0.0238213 0.308251 0.000299 0 0.000521712 0.248548 0.413252 8.6913e-05 0 0.00102185 0.00190753 0 
0 6.72692e-05 0.0102343 8.0004e-06 0 4.37269e-05 0.0398362 0.620238 0.000422431 0 0.000260594 0.11346 0.214435 0.000239743 0 0.000255544 0.000499767 0 
$genSS
 0 0 0
$obsGenComp     #GeneticFracData
-1 -1 -1 -1 -1 
-1 -1 -1 -1 -1 
-1 -1 -1 -1 -1 
$predGenComp     #catchGenComp_pred
0 0 0 0 0 
0 0 0 0 0 
0 0 0 0 0 
#PARAMETERS_OF_INTEREST
$catchByGroup
0 0 0 
0 0 0 
2.17789 0.262785 0.0224655 
2.51582e-11 3.01997e-12 2.58045e-13 
0 0 0 
0.0161229 0.00141337 0.000117348 
251.56 29.775 2.54068 
657.321 79.3125 6.7804 
7.81703e-11 9.38347e-12 8.01784e-13 
0 0 0 
0.148452 0.0130136 0.00108049 
374.898 44.3735 3.78635 
773.577 93.34 7.97961 
7.09822e-11 8.52062e-12 7.28057e-13 
0 0 0 
3.75536e-11 4.4449e-12 3.7928e-13 
3.44875e-11 4.16127e-12 3.55746e-13 
0 0 0 
0 0 0 
0 0 0 
14.105 1.01513 0.102832 
3.74509e-11 2.6805e-12 2.71454e-13 
0 0 0 
1.83324e-11 9.38424e-13 9.34413e-14 
207.018 14.5962 1.47696 
1048.66 75.4716 7.64527 
2.13949 0.153132 0.0155076 
0 0 0 
1.81955e-11 9.31421e-13 9.2744e-14 
24.744 1.74463 0.176535 
27.1303 1.95255 0.197793 
0.764087 0.0546886 0.0055383 
0 0 0 
9.05918e-11 6.38736e-12 6.46323e-13 
5.62741e-11 4.05001e-12 4.10266e-13 
0 0 0 
0 0 0 
0 0 0 
4.37502 0.696926 0.0131357 
2.76083e-11 4.37171e-12 8.23305e-14 
0 0 0 
0.0119893 0.00130885 2.35205e-05 
74.0135 11.5303 0.216661 
2568.04 409.081 7.71039 
3.72336 0.589586 0.0111034 
0 0 0 
0.0466113 0.00508848 9.14414e-05 
62.0939 9.67341 0.181768 
484.337 77.1533 1.45419 
9.61176e-11 1.522e-11 2.86632e-13 
0 0 0 
4.2866e-11 6.67795e-12 1.25482e-13 
3.71413e-11 5.91648e-12 1.11514e-13 
0 0 0 
0 0 0 
0 0 0 
1.55293 13.7432 1.17152 
0.0467879 0.417419 0.0352902 
0 0 0 
0.00764155 0.114866 0.00570617 
18.8624 172.038 14.2204 
258.133 2284.43 194.734 
0.243645 2.17369 0.183772 
0 0 0 
0.366214 5.50485 0.273463 
282.608 2577.57 213.058 
472.683 4183.15 356.588 
0.077922 0.695183 0.0587734 
0 0 0 
1.20654 11.0045 0.909609 
2.31999 20.5315 1.75018 
0 0 0 
0 0 0 
0.0481013 0.0557494 0.296728 
7.26499 8.4156 43.834 
4.21349e-12 4.88152e-12 2.55741e-11 
0 0 0 
0.0212822 0.0248626 0.187035 
25.4935 29.547 157.265 
417.501 483.624 2519.03 
0.27234 0.315518 1.65298 
0 0 0 
0.0995478 0.116295 0.874859 
45.9206 53.2221 283.276 
96.0725 111.288 579.663 
0.163637 0.189581 0.993206 
0 0 0 
0.0352759 0.0408848 0.21761 
0.0752981 0.0872236 0.454318 
0 0 0 
$escByGroup
 5e-07 5e-07 1.34085 5.00004e-07 5e-07 0.173851 172.728 404.688 5.00012e-07 5e-07 1.60074 257.416 476.263 5.00011e-07 5e-07 5.00006e-07 5.00005e-07 5e-07 5e-07 5e-07 9.01384 5.00006e-07 5e-07 5.00048e-07 146.397 670.151 1.40477 5e-07 5.00048e-07 17.4982 17.3377 0.501693 5e-07 5.00016e-07 5.00009e-07 5e-07 5e-07 5e-07 1.63705 5.00003e-07 5e-07 0.102889 31.9316 960.912 1.44814 5e-07 0.400006 26.7892 181.229 5.00009e-07 5e-07 5.00005e-07 5.00003e-07 5e-07 5e-07 5e-07 1.39898 0.0469612 5e-07 0.687702 24.6517 232.543 0.244548 5e-07 32.9575 369.347 425.823 0.0782107 5e-07 1.57686 2.09 5e-07 5e-07 0.0710559 7.80716 5.00001e-07 5e-07 1.57844 37.6594 448.658 0.320631 5e-07 7.3832 67.8347 103.242 0.192653 5e-07 0.0521101 0.0809174 5e-07
$catchByGroup
0 0 2.17789 2.51582e-11 0 0.0161229 251.56 657.321 7.81703e-11 0 0.148452 374.898 773.577 7.09822e-11 0 3.75536e-11 3.44875e-11 0 0 0 14.105 3.74509e-11 0 1.83324e-11 207.018 1048.66 2.13949 0 1.81955e-11 24.744 27.1303 0.764087 0 9.05918e-11 5.62741e-11 0 0 0 4.37502 2.76083e-11 0 0.0119893 74.0135 2568.04 3.72336 0 0.0466113 62.0939 484.337 9.61176e-11 0 4.2866e-11 3.71413e-11 0 0 0 1.55293 0.0467879 0 0.00764155 18.8624 258.133 0.243645 0 0.366214 282.608 472.683 0.077922 0 1.20654 2.31999 0 0 0.0481013 7.26499 4.21349e-12 0 0.0212822 25.4935 417.501 0.27234 0 0.0995478 45.9206 96.0725 0.163637 0 0.0352759 0.0752981 0 
0 0 0.262785 3.01997e-12 0 0.00141337 29.775 79.3125 9.38347e-12 0 0.0130136 44.3735 93.34 8.52062e-12 0 4.4449e-12 4.16127e-12 0 0 0 1.01513 2.6805e-12 0 9.38424e-13 14.5962 75.4716 0.153132 0 9.31421e-13 1.74463 1.95255 0.0546886 0 6.38736e-12 4.05001e-12 0 0 0 0.696926 4.37171e-12 0 0.00130885 11.5303 409.081 0.589586 0 0.00508848 9.67341 77.1533 1.522e-11 0 6.67795e-12 5.91648e-12 0 0 0 13.7432 0.417419 0 0.114866 172.038 2284.43 2.17369 0 5.50485 2577.57 4183.15 0.695183 0 11.0045 20.5315 0 0 0.0557494 8.4156 4.88152e-12 0 0.0248626 29.547 483.624 0.315518 0 0.116295 53.2221 111.288 0.189581 0 0.0408848 0.0872236 0 
0 0 0.0224655 2.58045e-13 0 0.000117348 2.54068 6.7804 8.01784e-13 0 0.00108049 3.78635 7.97961 7.28057e-13 0 3.7928e-13 3.55746e-13 0 0 0 0.102832 2.71454e-13 0 9.34413e-14 1.47696 7.64527 0.0155076 0 9.2744e-14 0.176535 0.197793 0.0055383 0 6.46323e-13 4.10266e-13 0 0 0 0.0131357 8.23305e-14 0 2.35205e-05 0.216661 7.71039 0.0111034 0 9.14414e-05 0.181768 1.45419 2.86632e-13 0 1.25482e-13 1.11514e-13 0 0 0 1.17152 0.0352902 0 0.00570617 14.2204 194.734 0.183772 0 0.273463 213.058 356.588 0.0587734 0 0.909609 1.75018 0 0 0.296728 43.834 2.55741e-11 0 0.187035 157.265 2519.03 1.65298 0 0.874859 283.276 579.663 0.993206 0 0.21761 0.454318 0 
$Fmort
 0.739774 0.452794 0.281308
#ESTIMATED_PARAMETERS
$availability
1.42624 1.46371 1.76582 0.152597 0.191638 
0.196269 0.117312 0.300102 4.02018 0.366136 
0.0261408 0.0187644 0.00863236 0.299301 4.64716 
$selectivity
 0.083355 0.758788 0.80549 0.792907 2.55946
$RunSize
 0 0 3.804 4.43853e-11 0 0.191504 456.604 1148.1 1.37911e-10 0 1.76328 680.474 1351.16 1.2523e-10 0 6.81631e-11 6.02372e-11 0 0 0 24.2368 6.49927e-11 0 2.12415e-10 369.488 1801.93 3.7129 0 2.1083e-10 44.1634 46.6183 1.32601 0 1.61689e-10 9.66965e-11 0 0 0 6.72213 4.28001e-11 0 0.116211 117.692 3945.74 5.77219 0 0.451797 98.7382 744.174 1.49008e-10 0 6.81631e-11 5.70668e-11 0 0 0 17.8666 0.546458 0 0.815916 229.772 2969.84 2.84565 0 39.102 3442.59 5438.25 0.910089 0 14.6975 26.6917 0 0 0.471635 67.3218 3.96297e-11 0 1.81162 249.965 3868.82 2.56147 0 8.4739 450.253 890.266 1.53908 0 0.345881 0.697757 0
