$ndistricts
3
$ngroups
90
$nstocks
5
$nagecomps
18
$AgeCompLabels
 0.1 0.2 0.3 0.4 0.5 1.1 1.2 1.3 1.4 1.5 2.1 2.2 2.3 2.4 3.1 3.2 3.3 3.4
$navailpar
15
$nselectpar
5
$GENdata
-1
$maxGradient
3.68672e-05
#LIKELIHOOD_VALUES_AND_PENALTIES
$totalNLL
-193229
$NLLcatch
-131478
$NLLescape
-80553.6
$NLLagecompCatch
11834.6
$NLLagecompEsc
6967.27
$NLLgenetics
0
$NLLselOne
3.68035e-16
$NLLavailOne
1.17179e-10
$NLLextra
5.39982e-10
#OBSERVED_AND_PREDICTED_VALUES
$predEsc
 2351.27 4189.6 2703.11 1624.3 836.455
$obsEsc
 2320.33 4218.99 2744.62 1621.73 799.612
$predCatch
 6728.47 8015.95 2216.63
$obsCatch
 6728.47 8015.95 2216.64
$RunSize
 0 0 0 0 0 3.34566 859.605 1595.59 12.974 0 1.38946 1276.87 273.207 6.04695e-11 0 1.39575 6.04695e-11 0 0 0 0 0 0 1.87774e-10 117.68 5280.57 1.54356e-10 0 1.76634e-10 6.05781 1578.1 1.08209e-10 0 9.86607e-11 9.54781e-11 0 0 0 0 0 0 49.7142 317.438 4445.34 9.12837 0 10.3116 191.665 433.594 6.36521e-11 0 6.20608e-11 6.52434e-11 0 0 0 0 0 0 26.6628 237.628 2184.32 2.0687 0 46.1702 3578.15 3044.75 1.65902 0 23.6629 0.0875389 0 0 0 0 0 0 7.81421 397.349 2333.16 4.6864 0 2.0261 39.5889 272.007 4.29651e-11 0 3.81912e-11 3.81912e-11 0
$SSageCompEsc
 1407 912 1611 1615 1358
$obsAgeCompEsc
0 0 0 0 0 0.00138184 0.237582 0.412313 0.00450178 0 0.000584742 0.275586 0.0674664 0 0 0.000584742 0 0 
0 0 0 0 0 0 0.0200953 0.773809 0 0 0 0.000478058 0.205618 0 0 0 0 0 
0 0 0 0 0 0.016774 0.0641941 0.813039 0.0024369 0 0.00356547 0.0261589 0.0738314 0 0 0 0 0 
0 0 0 0 0 0.0160773 0.0384735 0.266595 0 0 0.0276505 0.369196 0.280646 0 0 0.00136068 0 0 
0 0 0 0 0 0.00940889 0.136451 0.742686 0.00259936 0 0.00244079 0.0217625 0.0846521 0 0 0 0 0 
$predAgeCompEsc
0 0 0 0 0 0.00140062 0.214007 0.394461 0.00376916 0 0.000581683 0.317891 0.0675421 1.75674e-14 0 0.000347487 1.49492e-14 0 
0 0 0 0 0 4.41392e-14 0.01696 0.756182 2.56465e-14 0 4.15208e-14 0.000873049 0.225985 1.7979e-14 0 1.42189e-14 1.36725e-14 0 
0 0 0 0 0 0.0180268 0.0580209 0.804639 0.00205875 0 0.00373906 0.0350322 0.0784836 1.43556e-14 0 1.13434e-14 1.18095e-14 0 
0 0 0 0 0 0.0156953 0.0255083 0.227347 0.000400798 0 0.0271786 0.384098 0.316901 0.000321425 0 0.0025401 9.11115e-06 0 
0 0 0 0 0 0.00905242 0.131333 0.753886 0.0024066 0 0.00234715 0.013085 0.0878901 2.20638e-14 0 1.26231e-14 1.23403e-14 0 
$SSageCompCatch
 4669 4483 1725
$obsAgeCompCatch
0 0 0 0 0 0.000462582 0.0673674 0.655342 0.000484099 0 8.31783e-05 0.124922 0.151339 0 0 0 0 0 
0 0 0 0 0 0 0.0299395 0.297879 0.000703631 0 8.2761e-05 0.359944 0.308219 0.000255075 0 0.00296433 1.26838e-05 0 
0 0 0 0 0 0 0.112112 0.702593 0.000827319 0 0 0.0311436 0.153306 1.84473e-05 0 0 0 0 
$predAgeCompCatch
0 0 0 0 0 0.000137858 0.07498 0.673435 0.000990331 0 3.88745e-05 0.102234 0.147945 8.09621e-06 0 0.000229614 5.8906e-07 0 
0 0 0 0 0 0.000159226 0.0380939 0.322853 0.000359507 0 0.000239886 0.33855 0.297443 0.00012731 0 0.00216585 8.01823e-06 0 
0 0 0 0 0 0.000110743 0.107132 0.653849 0.00100193 0 5.80134e-05 0.0947467 0.142526 2.79427e-05 0 0.000545619 2.03123e-06 0 
$genSS
 0 0 0
$obsGenComp     #GeneticFracData
-1 -1 -1 -1 -1 
-1 -1 -1 -1 -1 
-1 -1 -1 -1 -1 
$predGenComp     #catchGenComp_pred
0 0 0 0 0 
0 0 0 0 0 
0 0 0 0 0 
#PARAMETERS_OF_INTEREST
$catchByGroup
0 0 0 
0 0 0 
0 0 0 
0 0 0 
0 0 0 
0.0451568 0.00678501 0.000484144 
299.273 53.235 3.90869 
560.808 99.9565 7.34171 
3.47773 0.590926 0.0430438 
0 0 0 
0.0187538 0.00281784 0.000201067 
444.546 79.0764 5.80605 
96.0252 17.1152 1.2571 
1.62091e-11 2.7542e-12 2.00619e-13 
0 0 0 
0.485933 0.0864385 0.0063466 
2.12535e-11 3.78814e-12 2.78236e-13 
0 0 0 
0 0 0 
0 0 0 
0 0 0 
0 0 0 
0 0 0 
2.60052e-12 2.27704e-13 1.95053e-14 
41.828 4.41192 0.384353 
1894.72 200.292 17.4525 
4.22982e-11 4.24151e-12 3.67774e-13 
0 0 0 
2.44625e-12 2.14196e-13 1.83482e-14 
2.15318 0.227113 0.0197854 
566.239 59.8574 5.21567 
2.96523e-11 2.97343e-12 2.57821e-13 
0 0 0 
3.50678e-11 3.69888e-12 3.22235e-13 
3.42585e-11 3.62149e-12 3.15558e-13 
0 0 0 
0 0 0 
0 0 0 
0 0 0 
0 0 0 
0 0 0 
0.829424 0.154076 0.00237578 
130.562 29.5617 0.477381 
1844.87 418.681 6.76494 
2.92532 0.628012 0.0100121 
0 0 0 
0.172037 0.0319579 0.000492777 
78.8314 17.849 0.288236 
179.947 40.8377 0.659844 
2.03983e-11 4.37912e-12 6.98141e-14 
0 0 0 
2.55255e-11 5.77948e-12 9.33305e-14 
2.70768e-11 6.14489e-12 9.92875e-14 
0 0 0 
0 0 0 
0 0 0 
0 0 0 
0 0 0 
0 0 0 
0.0387377 1.08595 0.0441429 
10.6349 173.478 12.0817 
98.8988 1603.8 112.349 
0.0679274 1.27252 0.0772342 
0 0 0 
0.0670796 1.88048 0.0764394 
160.138 2612.2 181.924 
137.856 2235.55 156.605 
0.0544751 1.02051 0.0619388 
0 0 0 
1.05902 17.2749 1.20309 
0.00396347 0.0642737 0.0045025 
0 0 0 
0 0 0 
0 0 0 
0 0 0 
0 0 0 
0 0 0 
0.014255 0.0295368 0.198474 
22.2035 44.6716 220.62 
131.887 265.251 1305.44 
0.192432 0.390325 2.09063 
0 0 0 
0.00369609 0.00765844 0.0514613 
2.21219 4.45074 21.9809 
15.3758 30.9237 152.191 
1.76423e-12 3.57852e-12 1.9167e-11 
0 0 0 
2.13409e-12 4.29361e-12 2.12049e-11 
2.15884e-12 4.34185e-12 2.13685e-11 
0 0 0 
$escByGroup
 5e-07 5e-07 5e-07 5e-07 5e-07 3.29323 503.188 927.481 8.86231 5e-07 1.36769 747.446 158.809 5.0001e-07 5e-07 0.817034 5.00009e-07 5e-07 5e-07 5e-07 5e-07 5e-07 5e-07 5.00046e-07 71.0556 3168.1 5.00027e-07 5e-07 5.00043e-07 3.65773 946.788 5.00019e-07 5e-07 5.00015e-07 5.00014e-07 5e-07 5e-07 5e-07 5e-07 5e-07 5e-07 48.7283 156.837 2175.03 5.56502 5e-07 10.1071 94.696 212.15 5.0001e-07 5e-07 5.00008e-07 5.00008e-07 5e-07 5e-07 5e-07 5e-07 5e-07 5e-07 25.4939 41.4331 369.279 0.651016 5e-07 44.1462 623.89 514.742 0.52209 5e-07 4.12588 0.0147992 5e-07 5e-07 5e-07 5e-07 5e-07 5e-07 7.57194 109.854 630.591 2.01301 5e-07 1.96329 10.945 73.5161 5.00005e-07 5e-07 5.00003e-07 5.00003e-07 5e-07
$catchByGroup
0 0 0 0 0 0.0451568 299.273 560.808 3.47773 0 0.0187538 444.546 96.0252 1.62091e-11 0 0.485933 2.12535e-11 0 0 0 0 0 0 2.60052e-12 41.828 1894.72 4.22982e-11 0 2.44625e-12 2.15318 566.239 2.96523e-11 0 3.50678e-11 3.42585e-11 0 0 0 0 0 0 0.829424 130.562 1844.87 2.92532 0 0.172037 78.8314 179.947 2.03983e-11 0 2.55255e-11 2.70768e-11 0 0 0 0 0 0 0.0387377 10.6349 98.8988 0.0679274 0 0.0670796 160.138 137.856 0.0544751 0 1.05902 0.00396347 0 0 0 0 0 0 0.014255 22.2035 131.887 0.192432 0 0.00369609 2.21219 15.3758 1.76423e-12 0 2.13409e-12 2.15884e-12 0 
0 0 0 0 0 0.00678501 53.235 99.9565 0.590926 0 0.00281784 79.0764 17.1152 2.7542e-12 0 0.0864385 3.78814e-12 0 0 0 0 0 0 2.27704e-13 4.41192 200.292 4.24151e-12 0 2.14196e-13 0.227113 59.8574 2.97343e-12 0 3.69888e-12 3.62149e-12 0 0 0 0 0 0 0.154076 29.5617 418.681 0.628012 0 0.0319579 17.849 40.8377 4.37912e-12 0 5.77948e-12 6.14489e-12 0 0 0 0 0 0 1.08595 173.478 1603.8 1.27252 0 1.88048 2612.2 2235.55 1.02051 0 17.2749 0.0642737 0 0 0 0 0 0 0.0295368 44.6716 265.251 0.390325 0 0.00765844 4.45074 30.9237 3.57852e-12 0 4.29361e-12 4.34185e-12 0 
0 0 0 0 0 0.000484144 3.90869 7.34171 0.0430438 0 0.000201067 5.80605 1.2571 2.00619e-13 0 0.0063466 2.78236e-13 0 0 0 0 0 0 1.95053e-14 0.384353 17.4525 3.67774e-13 0 1.83482e-14 0.0197854 5.21567 2.57821e-13 0 3.22235e-13 3.15558e-13 0 0 0 0 0 0 0.00237578 0.477381 6.76494 0.0100121 0 0.000492777 0.288236 0.659844 6.98141e-14 0 9.33305e-14 9.92875e-14 0 0 0 0 0 0 0.0441429 12.0817 112.349 0.0772342 0 0.0764394 181.924 156.605 0.0619388 0 1.20309 0.0045025 0 0 0 0 0 0 0.198474 220.62 1305.44 2.09063 0 0.0514613 21.9809 152.191 1.9167e-11 0 2.12049e-11 2.13685e-11 0 
$Fmort
 0.312796 0.339565 0.181749
#ESTIMATED_PARAMETERS
$availability
1.42624 1.46371 1.76582 0.152597 0.191638 
0.196269 0.117312 0.300102 4.02018 0.366136 
0.0261408 0.0187644 0.00863236 0.299301 4.64716 
$selectivity
 0.0304604 0.959252 0.970707 0.699469 2.34011
$RunSize
 0 0 0 0 0 3.34566 859.605 1595.59 12.974 0 1.38946 1276.87 273.207 6.04695e-11 0 1.39575 6.04695e-11 0 0 0 0 0 0 1.87774e-10 117.68 5280.57 1.54356e-10 0 1.76634e-10 6.05781 1578.1 1.08209e-10 0 9.86607e-11 9.54781e-11 0 0 0 0 0 0 49.7142 317.438 4445.34 9.12837 0 10.3116 191.665 433.594 6.36521e-11 0 6.20608e-11 6.52434e-11 0 0 0 0 0 0 26.6628 237.628 2184.32 2.0687 0 46.1702 3578.15 3044.75 1.65902 0 23.6629 0.0875389 0 0 0 0 0 0 7.81421 397.349 2333.16 4.6864 0 2.0261 39.5889 272.007 4.29651e-11 0 3.81912e-11 3.81912e-11 0
