$ndistricts
3
$ngroups
90
$nstocks
5
$nagecomps
18
$AgeCompLabels
 0.1 0.2 0.3 0.4 0.5 1.1 1.2 1.3 1.4 1.5 2.1 2.2 2.3 2.4 3.1 3.2 3.3 3.4
$navailpar
15
$nselectpar
5
$GENdata
1
$maxGradient
6.15862e-05
#LIKELIHOOD_VALUES_AND_PENALTIES
$totalNLL
-166704
$NLLcatch
-131422
$NLLescape
-61054.9
$NLLagecompCatch
15218.9
$NLLagecompEsc
8251.41
$NLLgenetics
2302.67
$NLLselOne
4.12546e-15
$NLLavailOne
9.62342e-16
$NLLextra
4.19892e-10
#OBSERVED_AND_PREDICTED_VALUES
$predEsc
 3067.34 1771.17 1950.64 1468.28 1013
$obsEsc
 3068.23 1773.97 1953.23 1465.16 1003.16
$predCatch
 7150.54 7408.23 2429.6
$obsCatch
 7150.54 7408.23 2429.6
$RunSize
 0 7.03878 2.3608e-10 2.81985e-09 0 3.67916 2468.23 2076.73 1.85075e-10 0 2.27592 984.992 382.043 2.88688e-09 0 3.74231e-09 1.35236e-09 0 0 0 7.01586 1.45728e-10 0 4.22613e-11 1672.36 1201.1 23.6121 0 3.93467e-11 15.8606 92.1612 13.1135 0 1.20955e-10 1.36985e-10 0 0 0 2.05477e-10 3.34403 0 8.72965 1514.81 2564.53 80.7493 0 1.78691 477.888 410.989 1.35118 0 1.9412 0.487136 0 0 0 0.119022 1.82759 0 19.0482 1267.05 845.142 21.0225 0 44.5239 1723.47 4698.68 2.77025 0 19.7496 6.69448 0 0 10.7836 9.04402 0.409188 0 10.9131 1998.33 1314.04 26.5325 0 0.232379 155.217 63.2673 3.09318 0 3.35175e-11 3.35175e-11 0
$SSageCompEsc
 1514 1665 1545 1417 1314
$obsAgeCompEsc
0 0.00278211 0 0 0 0.00121059 0.51917 0.29613 0 0 0.00075186 0.125476 0.0544796 0 0 0 0 0 
0 0 0.00173211 0 0 0 0.617505 0.341506 0.00617054 0 0 0.00482611 0.026202 0.00205776 0 0 0 0 
0 0 0 0 0 0.004445 0.406647 0.427196 0.0123297 0 0.000910856 0.0800423 0.0684299 0 0 0 0 0 
0 0 4.57079e-05 0 0 0.0116858 0.293422 0.0669531 0.00297226 0 0.0285311 0.226839 0.36492 0 0 0.00277834 0.00185324 0 
0 0.00967721 0 0 0 0.0100521 0.685301 0.257668 0 0 0.000229047 0.0243368 0.0127364 0 0 0 0 0 
$predAgeCompEsc
0 0.00130951 3.40243e-14 3.39444e-13 0 0.00116212 0.459196 0.299302 2.22787e-14 0 0.000718887 0.18325 0.0550608 3.47513e-13 0 6.96229e-13 1.94905e-13 0 
0 0 0.00207873 3.8049e-14 0 2.32334e-14 0.599466 0.355875 0.00616499 0 2.16311e-14 0.00568529 0.0273064 0.00342388 0 4.33567e-14 4.05872e-14 0 
0 0 3.49411e-14 0.000447096 0 0.00428492 0.362518 0.436094 0.0107962 0 0.000877098 0.114366 0.069888 0.000180653 0 0.000464558 8.28367e-05 0 
0 0 9.37913e-06 6.34414e-05 0 0.012055 0.219495 0.0665987 0.000729755 0 0.0281778 0.298561 0.370264 9.61637e-05 0 0.00342128 0.000527537 0 
0 0.00368331 0.00161487 3.77391e-05 0 0.010205 0.682564 0.234631 0.00244707 0 0.000217302 0.0530171 0.0112968 0.000285282 0 1.14485e-14 5.98478e-15 0 
$SSageCompCatch
 5244 4047 2988
$obsAgeCompCatch
0 0 0.000557227 0.000478308 0 0 0.296117 0.464714 0.00940037 0 0 0.125153 0.101408 0.00157614 0 0.000457361 0.000138312 0 
0 0 0 0.00025803 0 0.000339978 0.129074 0.142709 0.00239212 0 0.000339978 0.191213 0.53084 0.000443262 0 0.00209452 0.000296655 0 
0 0 0.00344191 0.000165033 0 0.000310571 0.478137 0.374417 0.00967376 0 0 0.0693185 0.0634414 0.00109465 0 0 0 0 
$predAgeCompCatch
0 0.000386816 0.000461754 0.000340725 0 7.03886e-05 0.332983 0.457932 0.00979856 0 3.18037e-05 0.096634 0.0999219 0.00112277 0 0.000229528 8.66918e-05 0 
0 0.000170539 0.00018654 0.000240247 0 0.000185763 0.160967 0.140904 0.00349031 0 0.000408337 0.169159 0.521277 0.000412714 0 0.00186023 0.000737545 0 
0 0.00248811 0.00253695 0.000148639 0 0.000218031 0.475872 0.390489 0.0084233 0 2.36848e-05 0.0518379 0.0667701 0.000985915 0 0.000139521 6.65368e-05 0 
$genSS
 1283 1176 372
$obsGenComp     #GeneticFracData
0.350453 0.20141 0.405841 0.041289 0.00100705 
0.030303 0.0030303 0.0222222 0.867677 0.0767677 
0.0223124 0.0010142 0.0020284 0.0659229 0.908722 
$predGenComp     #catchGenComp_pred
0.362345 0.172555 0.414043 0.0502362 0.000821649 
0.0263782 0.0024095 0.0202723 0.895869 0.0550709 
0.0293361 0.000966431 0.00212476 0.0764724 0.8911 
#PARAMETERS_OF_INTEREST
$catchByGroup
0 0 0 
2.75077 0.198887 0.0724048 
1.18916e-10 9.37425e-12 3.42555e-12 
1.59693e-09 1.33006e-10 4.87231e-11 
0 0 0 
0.106064 0.00621888 0.00224462 
964.588 69.7421 25.3896 
1046.07 82.4628 30.1336 
1.04811e-10 8.72956e-12 3.19785e-12 
0 0 0 
0.0656106 0.00384698 0.00138851 
384.937 27.8318 10.1322 
192.44 15.1702 5.54349 
1.63489e-09 1.36167e-10 4.98814e-11 
0 0 0 
1.4625e-09 1.05742e-10 3.84955e-11 
6.81199e-10 5.36994e-11 1.96229e-11 
0 0 0 
0 0 0 
0 0 0 
3.27827 0.0493136 0.00648945 
7.69557e-11 1.22063e-12 1.60724e-13 
0 0 0 
1.0967e-12 1.24446e-14 1.63285e-15 
601.187 8.32409 1.09443 
561.234 8.4424 1.11098 
12.469 0.197776 0.0260418 
0 0 0 
1.02106e-12 1.15863e-14 1.52024e-15 
5.70161 0.0789451 0.0103795 
43.0637 0.647789 0.0852463 
6.92494 0.109839 0.0144629 
0 0 0 
4.34812e-11 6.02044e-13 7.91555e-14 
6.40082e-11 9.62848e-13 1.26707e-13 
0 0 0 
0 0 0 
0 0 0 
1.3022e-10 6.86357e-12 2.36266e-13 
2.33455 0.132768 0.00458466 
0 0 0 
0.358529 0.0123742 0.000419333 
770.467 35.9722 1.23237 
1625.26 85.6632 2.9488 
56.3732 3.20599 0.110707 
0 0 0 
0.0733888 0.00253293 8.5835e-05 
243.064 11.3484 0.388785 
260.462 13.7283 0.472571 
0.943297 0.0536461 0.00185247 
0 0 0 
0.987334 0.0460974 0.00157925 
0.30872 0.0162718 0.000560128 
0 0 0 
0 0 0 
0 0 0 
0.00553238 0.096854 0.00286417 
0.100842 1.58128 0.0523222 
0 0 0 
0.0378171 1.29084 0.0193628 
41.9524 881.175 21.6462 
39.284 687.734 20.3377 
1.15997 18.1892 0.601853 
0 0 0 
0.088395 3.01725 0.0452593 
57.0645 1198.59 29.4436 
218.404 3823.55 113.07 
0.152855 2.39689 0.0793094 
0 0 0 
0.653913 13.7349 0.3374 
0.311173 5.44763 0.161097 
0 0 0 
0 0 0 
0.0151759 1.06451 5.97269 
0.0179868 1.23576 6.1544 
0.000970242 0.065761 0.304227 
0 0 0 
0.000907067 0.0667403 0.5077 
2.81228 197.266 1106.82 
2.61338 179.549 894.199 
0.0629122 4.26406 19.7266 
0 0 0 
1.93147e-05 0.00142114 0.0108108 
0.21844 15.3224 85.9702 
0.125826 8.64476 43.0531 
0.00733437 0.497109 2.29975 
0 0 0 
4.71697e-14 3.3087e-12 1.85643e-11 
6.66599e-14 4.57979e-12 2.28085e-11 
0 0 0 
$escByGroup
 5e-07 4.01672 5.00026e-07 5.0026e-07 5e-07 3.56463 1408.51 918.062 5.00017e-07 5e-07 2.20507 562.091 168.89 5.00267e-07 5e-07 5.00534e-07 5.0015e-07 5e-07 5e-07 5e-07 3.68179 5.00017e-07 5e-07 5.0001e-07 1061.76 630.316 10.9193 5e-07 5.0001e-07 10.0696 48.3644 6.06428 5e-07 5.00019e-07 5.00018e-07 5e-07 5e-07 5e-07 5.00017e-07 0.872122 5e-07 8.35833 707.142 850.662 21.0594 5e-07 1.7109 223.087 136.326 0.352389 5e-07 0.906185 0.161584 5e-07 5e-07 5e-07 0.0137712 0.0931498 5e-07 17.7002 322.281 97.7856 1.07149 5e-07 41.373 438.372 543.652 0.141195 5e-07 5.0234 0.774573 5e-07 5e-07 3.73121 1.63587 0.0382298 5e-07 10.3377 691.439 237.682 2.47889 5e-07 0.220127 53.7065 11.4437 0.288991 5e-07 5.00003e-07 5.00002e-07 5e-07
$catchByGroup
0 2.75077 1.18916e-10 1.59693e-09 0 0.106064 964.588 1046.07 1.04811e-10 0 0.0656106 384.937 192.44 1.63489e-09 0 1.4625e-09 6.81199e-10 0 0 0 3.27827 7.69557e-11 0 1.0967e-12 601.187 561.234 12.469 0 1.02106e-12 5.70161 43.0637 6.92494 0 4.34812e-11 6.40082e-11 0 0 0 1.3022e-10 2.33455 0 0.358529 770.467 1625.26 56.3732 0 0.0733888 243.064 260.462 0.943297 0 0.987334 0.30872 0 0 0 0.00553238 0.100842 0 0.0378171 41.9524 39.284 1.15997 0 0.088395 57.0645 218.404 0.152855 0 0.653913 0.311173 0 0 0.0151759 0.0179868 0.000970242 0 0.000907067 2.81228 2.61338 0.0629122 0 1.93147e-05 0.21844 0.125826 0.00733437 0 4.71697e-14 6.66599e-14 0 
0 0.198887 9.37425e-12 1.33006e-10 0 0.00621888 69.7421 82.4628 8.72956e-12 0 0.00384698 27.8318 15.1702 1.36167e-10 0 1.05742e-10 5.36994e-11 0 0 0 0.0493136 1.22063e-12 0 1.24446e-14 8.32409 8.4424 0.197776 0 1.15863e-14 0.0789451 0.647789 0.109839 0 6.02044e-13 9.62848e-13 0 0 0 6.86357e-12 0.132768 0 0.0123742 35.9722 85.6632 3.20599 0 0.00253293 11.3484 13.7283 0.0536461 0 0.0460974 0.0162718 0 0 0 0.096854 1.58128 0 1.29084 881.175 687.734 18.1892 0 3.01725 1198.59 3823.55 2.39689 0 13.7349 5.44763 0 0 1.06451 1.23576 0.065761 0 0.0667403 197.266 179.549 4.26406 0 0.00142114 15.3224 8.64476 0.497109 0 3.3087e-12 4.57979e-12 0 
0 0.0724048 3.42555e-12 4.87231e-11 0 0.00224462 25.3896 30.1336 3.19785e-12 0 0.00138851 10.1322 5.54349 4.98814e-11 0 3.84955e-11 1.96229e-11 0 0 0 0.00648945 1.60724e-13 0 1.63285e-15 1.09443 1.11098 0.0260418 0 1.52024e-15 0.0103795 0.0852463 0.0144629 0 7.91555e-14 1.26707e-13 0 0 0 2.36266e-13 0.00458466 0 0.000419333 1.23237 2.9488 0.110707 0 8.5835e-05 0.388785 0.472571 0.00185247 0 0.00157925 0.000560128 0 0 0 0.00286417 0.0523222 0 0.0193628 21.6462 20.3377 0.601853 0 0.0452593 29.4436 113.07 0.0793094 0 0.3374 0.161097 0 0 5.97269 6.1544 0.304227 0 0.5077 1106.82 894.199 19.7266 0 0.0108108 85.9702 43.0531 2.29975 0 1.85643e-11 2.28085e-11 0 
$Fmort
 1.07388 0.859853 0.532373
#ESTIMATED_PARAMETERS
$availability
1.46917 1.32056 2.10629 0.0998118 0.00417471 
0.106116 0.0184735 0.0889768 4.40165 0.384786 
0.0618276 0.00391444 0.00486663 0.103037 4.82635 
$selectivity
 0.0185408 0.314134 0.444061 0.52953 3.69373
$RunSize
 0 7.03878 2.3608e-10 2.81985e-09 0 3.67916 2468.23 2076.73 1.85075e-10 0 2.27592 984.992 382.043 2.88688e-09 0 3.74231e-09 1.35236e-09 0 0 0 7.01586 1.45728e-10 0 4.22613e-11 1672.36 1201.1 23.6121 0 3.93467e-11 15.8606 92.1612 13.1135 0 1.20955e-10 1.36985e-10 0 0 0 2.05477e-10 3.34403 0 8.72965 1514.81 2564.53 80.7493 0 1.78691 477.888 410.989 1.35118 0 1.9412 0.487136 0 0 0 0.119022 1.82759 0 19.0482 1267.05 845.142 21.0225 0 44.5239 1723.47 4698.68 2.77025 0 19.7496 6.69448 0 0 10.7836 9.04402 0.409188 0 10.9131 1998.33 1314.04 26.5325 0 0.232379 155.217 63.2673 3.09318 0 3.35175e-11 3.35175e-11 0
