$ndistricts
3
$ngroups
90
$nstocks
5
$nagecomps
18
$AgeCompLabels
 0.1 0.2 0.3 0.4 0.5 1.1 1.2 1.3 1.4 1.5 2.1 2.2 2.3 2.4 3.1 3.2 3.3 3.4
$navailpar
15
$nselectpar
5
$GENdata
1
$maxGradient
0.000217444
#LIKELIHOOD_VALUES_AND_PENALTIES
$totalNLL
-221323
$NLLcatch
-161494
$NLLescape
-83698.3
$NLLagecompCatch
15066.8
$NLLagecompEsc
6680.77
$NLLgenetics
2121.56
$NLLselOne
4.24623e-14
$NLLavailOne
8.04718e-15
$NLLextra
5.79987e-10
#OBSERVED_AND_PREDICTED_VALUES
$predEsc
 2805.63 2464.47 2931.65 1513.85 2567.16
$obsEsc
 2810.21 2466.41 2945.3 1432.5 2599.19
$predCatch
 9022.51 6495.91 5026.61
$obsCatch
 9022.51 6495.91 5026.61
$RunSize
 0 0 0 0 0 0 3342.54 950.652 8.36556 0 6.19035e-11 126.497 838.867 1.62041e-10 0 7.10069e-11 7.10069e-11 0 0 0 0 0 0 1.68503 2604.24 1558.87 8.66549 0 4.91586e-11 56.9775 44.5133 1.8571e-10 0 6.19035e-11 6.55449e-11 0 0 0 0 0 0 0 3690.2 3661.58 53.7934 0 6.19035e-11 266.891 853.037 0.107532 0 5.82621e-11 7.10069e-11 0 0 0 0 0 0 22.2043 2128.52 2023.42 7.6469e-11 0 42.0465 1310.2 1964.24 10.9922 0 1.58755 10.507 0 0 0 0 0 0 11.2312 4352.95 2371.74 70.3929 0 5.46207e-11 328.06 112.226 4.00552e-11 0 5.28e-11 5.09793e-11 0
$SSageCompEsc
 1354 1313 1486 1392 1304
$obsAgeCompEsc
0 0 0 0 0 0 0.709965 0.147942 0.00130267 0 0 0.0234597 0.117331 0 0 0 0 0 
0 0 0 0 0 0.000678743 0.667759 0.30849 0.00172479 0 0 0.0132121 0.00813602 0 0 0 0 0 
0 0 0 0 0 0 0.569801 0.332471 0.00460143 0 0 0.03241 0.0607165 0 0 0 0 0 
0 0 0 0 0 0.0150673 0.389392 0.211735 0 0 0.02541 0.154796 0.198637 0.00496228 0 0 0 0 
0 0 0 0 0 0.00445581 0.790815 0.164596 0.00110997 0 0 0.0252406 0.0137828 0 0 0 0 0 
$predAgeCompEsc
0 0 0 0 0 0 0.682827 0.154014 0.00141464 0 2.10786e-14 0.0258412 0.135904 2.74016e-14 0 1.45056e-14 1.15037e-14 0 
0 0 0 0 0 0.000656922 0.652722 0.321314 0.0018513 0 1.91649e-14 0.0142807 0.00917509 3.96752e-14 0 1.55154e-14 1.35101e-14 0 
0 0 0 0 0 0 0.521119 0.353297 0.00557617 0 1.96484e-14 0.0376896 0.0823074 1.11467e-05 0 8.2276e-15 6.85128e-15 0 
0 0 0 0 0 0.0133722 0.3917 0.165555 7.50427e-15 0 0.0253217 0.241108 0.160713 0.00107872 0 0.000292148 0.000859675 0 
0 0 0 0 0 0.00407663 0.684487 0.240679 0.00778303 0 1.98259e-14 0.0515864 0.0113884 4.42872e-15 0 8.30262e-15 5.17327e-15 0 
$SSageCompCatch
 4017 4116 4199
$obsAgeCompCatch
0 0 0 0 0 0 0.426679 0.415567 0.00543509 0 0 0.0265396 0.12576 1.90875e-05 0 0 0 0 
0 0 0 0 0 0 0.327298 0.286527 0.000869454 0 0.0010557 0.156851 0.225164 0.000197411 0 0.000286944 0.00175048 0 
0 0 0 0 0 0 0.453507 0.390609 0.0111494 0 0 0.0756632 0.0690426 0 0 0 2.89314e-05 0 
$predAgeCompCatch
0 0 0 0 0 7.49509e-06 0.464542 0.396502 0.00469376 0 1.0008e-06 0.0240611 0.110177 1.16014e-05 0 4.36044e-07 3.96383e-06 0 
0 0 0 0 0 0.000279575 0.312299 0.316698 0.00165426 0 0.000505296 0.12958 0.236466 0.00119719 0 0.00014883 0.00117238 0 
0 0 0 0 0 0.000180858 0.496592 0.358764 0.00860676 0 8.39214e-05 0.0625019 0.0726179 0.000308875 0 3.47283e-05 0.000309189 0 
$genSS
 935 924 737
$obsGenComp     #GeneticFracData
0.251008 0.197581 0.546371 0.00302419 0.00201613 
0.0375635 0.0294416 0.0680203 0.781726 0.0832487 
0.0040282 0 0 0.221551 0.774421 
$predGenComp     #catchGenComp_pred
0.24193 0.179936 0.573338 0.00245874 0.00233747 
0.0400965 0.028788 0.0648119 0.770607 0.0956962 
0.00358179 1.40425e-10 1.65967e-10 0.193349 0.803069 
#PARAMETERS_OF_INTEREST
$catchByGroup
0 0 0 
0 0 0 
0 0 0 
0 0 0 
0 0 0 
0 0 0 
1269.54 147.099 10.1353 
457.575 57.0119 3.95888 
3.88551 0.477956 0.0331429 
0 0 0 
2.50772e-12 2.40693e-13 1.62706e-14 
48.0453 5.56687 0.383567 
403.77 50.308 3.49336 
7.52626e-11 9.25803e-12 6.41981e-13 
0 0 0 
2.69695e-11 3.12488e-12 2.15309e-13 
3.41776e-11 4.25838e-12 2.957e-13 
0 0 0 
0 0 0 
0 0 0 
0 0 0 
0 0 0 
0 0 0 
0.0603483 0.00571359 2.11149e-11 
895.417 100.208 3.76997e-07 
685.169 81.8281 3.10099e-07 
3.66975 0.433265 1.63978e-09 
0 0 0 
1.76059e-12 1.66687e-13 6.16e-22 
19.5906 2.19243 8.24822e-09 
19.5649 2.33659 8.85486e-09 
7.86466e-11 9.28532e-12 3.51422e-20 
0 0 0 
2.12843e-11 2.38197e-12 8.96132e-21 
2.88089e-11 3.44058e-12 1.30386e-20 
0 0 0 
0 0 0 
0 0 0 
0 0 0 
0 0 0 
0 0 0 
0 0 0 
2009.88 152.578 3.00896e-07 
2419.42 206.416 4.10271e-07 
34.5572 2.88877 5.73366e-09 
0 0 0 
4.07516e-12 2.25853e-13 4.36923e-22 
145.363 11.0351 2.17621e-08 
563.652 48.0887 9.55806e-08 
0.0690792 0.0057746 1.14615e-11 
0 0 0 
3.17327e-11 2.40895e-12 4.75065e-21 
4.69184e-11 4.00291e-12 7.95614e-21 
0 0 0 
0 0 0 
0 0 0 
0 0 0 
0 0 0 
0 0 0 
0.00476853 1.73338 0.22277 
5.27482 1296.22 234.05 
6.88732 1466.61 299.3 
2.4762e-13 5.40602e-11 1.08008e-11 
0 0 0 
0.00902977 3.28235 0.42184 
3.24688 797.88 144.068 
6.68588 1423.71 290.547 
0.0355948 7.77103 1.5526 
0 0 0 
0.00393421 0.966784 0.174566 
0.0357637 7.61564 1.55417 
0 0 0 
0 0 0 
0 0 0 
0 0 0 
0 0 0 
0 0 0 
0.00250774 0.0769995 0.686334 
11.2151 332.56 2251.99 
8.3929 245.376 1500.11 
0.236981 6.94594 43.2297 
0 0 0 
1.21959e-14 3.74472e-13 3.33785e-12 
0.845227 25.0634 169.721 
0.397135 11.6107 70.9821 
1.34847e-13 3.9524e-12 2.45987e-11 
0 0 0 
1.36036e-13 4.03385e-12 2.7316e-11 
1.80401e-13 5.27424e-12 3.22441e-11 
0 0 0 
$escByGroup
 5e-07 5e-07 5e-07 5e-07 5e-07 5e-07 1915.76 432.106 3.96895 5e-07 5.00015e-07 72.501 381.296 5.00019e-07 5e-07 5.0001e-07 5.00008e-07 5e-07 5e-07 5e-07 5e-07 5e-07 5e-07 1.61897 1608.62 791.869 4.56248 5e-07 5.00012e-07 35.1945 22.6118 5.00024e-07 5e-07 5.0001e-07 5.00008e-07 5e-07 5e-07 5e-07 5e-07 5e-07 5e-07 5e-07 1527.74 1035.74 16.3474 5e-07 5.00014e-07 110.493 241.297 0.0326781 5e-07 5.00006e-07 5.00005e-07 5e-07 5e-07 5e-07 5e-07 5e-07 5e-07 20.2434 592.974 250.625 5.00003e-07 5e-07 38.3332 365.001 243.295 1.63302 5e-07 0.442268 1.30142 5e-07 5e-07 5e-07 5e-07 5e-07 5e-07 10.4654 1757.19 617.861 19.9803 5e-07 5.00013e-07 132.431 29.2359 5.00003e-07 5e-07 5.00005e-07 5.00003e-07 5e-07
$catchByGroup
0 0 0 0 0 0 1269.54 457.575 3.88551 0 2.50772e-12 48.0453 403.77 7.52626e-11 0 2.69695e-11 3.41776e-11 0 0 0 0 0 0 0.0603483 895.417 685.169 3.66975 0 1.76059e-12 19.5906 19.5649 7.86466e-11 0 2.12843e-11 2.88089e-11 0 0 0 0 0 0 0 2009.88 2419.42 34.5572 0 4.07516e-12 145.363 563.652 0.0690792 0 3.17327e-11 4.69184e-11 0 0 0 0 0 0 0.00476853 5.27482 6.88732 2.4762e-13 0 0.00902977 3.24688 6.68588 0.0355948 0 0.00393421 0.0357637 0 0 0 0 0 0 0.00250774 11.2151 8.3929 0.236981 0 1.21959e-14 0.845227 0.397135 1.34847e-13 0 1.36036e-13 1.80401e-13 0 
0 0 0 0 0 0 147.099 57.0119 0.477956 0 2.40693e-13 5.56687 50.308 9.25803e-12 0 3.12488e-12 4.25838e-12 0 0 0 0 0 0 0.00571359 100.208 81.8281 0.433265 0 1.66687e-13 2.19243 2.33659 9.28532e-12 0 2.38197e-12 3.44058e-12 0 0 0 0 0 0 0 152.578 206.416 2.88877 0 2.25853e-13 11.0351 48.0887 0.0057746 0 2.40895e-12 4.00291e-12 0 0 0 0 0 0 1.73338 1296.22 1466.61 5.40602e-11 0 3.28235 797.88 1423.71 7.77103 0 0.966784 7.61564 0 0 0 0 0 0 0.0769995 332.56 245.376 6.94594 0 3.74472e-13 25.0634 11.6107 3.9524e-12 0 4.03385e-12 5.27424e-12 0 
0 0 0 0 0 0 10.1353 3.95888 0.0331429 0 1.62706e-14 0.383567 3.49336 6.41981e-13 0 2.15309e-13 2.957e-13 0 0 0 0 0 0 2.11149e-11 3.76997e-07 3.10099e-07 1.63978e-09 0 6.16e-22 8.24822e-09 8.85486e-09 3.51422e-20 0 8.96132e-21 1.30386e-20 0 0 0 0 0 0 0 3.00896e-07 4.10271e-07 5.73366e-09 0 4.36923e-22 2.17621e-08 9.55806e-08 1.14615e-11 0 4.75065e-21 7.95614e-21 0 0 0 0 0 0 0.22277 234.05 299.3 1.08008e-11 0 0.42184 144.068 290.547 1.5526 0 0.174566 1.55417 0 0 0 0 0 0 0.686334 2251.99 1500.11 43.2297 0 3.33785e-12 169.721 70.9821 2.45987e-11 0 2.7316e-11 3.22441e-11 0 
$Fmort
 0.850196 0.575705 0.426389
#ESTIMATED_PARAMETERS
$availability
1.41273 1.24594 2.32636 0.00733734 0.00762868 
0.196543 0.171358 0.184403 4.10063 0.347071 
0.0179062 8.53571e-10 4.80783e-10 0.686853 4.29524 
$selectivity
 0.03443 0.397751 0.546571 0.519933 3.50131
$RunSize
 0 0 0 0 0 0 3342.54 950.652 8.36556 0 6.19035e-11 126.497 838.867 1.62041e-10 0 7.10069e-11 7.10069e-11 0 0 0 0 0 0 1.68503 2604.24 1558.87 8.66549 0 4.91586e-11 56.9775 44.5133 1.8571e-10 0 6.19035e-11 6.55449e-11 0 0 0 0 0 0 0 3690.2 3661.58 53.7934 0 6.19035e-11 266.891 853.037 0.107532 0 5.82621e-11 7.10069e-11 0 0 0 0 0 0 22.2043 2128.52 2023.42 7.6469e-11 0 42.0465 1310.2 1964.24 10.9922 0 1.58755 10.507 0 0 0 0 0 0 11.2312 4352.95 2371.74 70.3929 0 5.46207e-11 328.06 112.226 4.00552e-11 0 5.28e-11 5.09793e-11 0
