$ndistricts
3
$ngroups
90
$nstocks
5
$nagecomps
18
$AgeCompLabels
 0.1 0.2 0.3 0.4 0.5 1.1 1.2 1.3 1.4 1.5 2.1 2.2 2.3 2.4 3.1 3.2 3.3 3.4
$navailpar
15
$nselectpar
5
$GENdata
-1
$maxGradient
7.2258e-05
#LIKELIHOOD_VALUES_AND_PENALTIES
$totalNLL
-74530.4
$NLLcatch
-62472
$NLLescape
-30391.3
$NLLagecompCatch
13966.1
$NLLagecompEsc
4366.77
$NLLgenetics
0
$NLLselOne
6.59086e-15
$NLLavailOne
1.17179e-10
$NLLextra
0.0154595
#OBSERVED_AND_PREDICTED_VALUES
$predEsc
 1072.06 203.943 1909.63 993.335 848.598
$obsEsc
 1095.35 267 1830.36 968.872 866.368
$predCatch
 5280.54 2872.66 480.509
$obsCatch
 5280.54 2872.66 480.509
$RunSize
 0 0 0 0 0 1.3044e-10 128.995 2172.72 7.73266 4.62608e-11 6.37034e-11 25.0497 122.74 1.85043e-10 0 6.21867e-11 6.29451e-11 0 0 0 0 0 0 0.104185 150.694 226.251 3.86404 5.23278e-11 4.39857e-11 11.8784 50.6713 1.3044e-10 0 5.08111e-11 5.30862e-11 0 0 0 0 0 0 1.41743 36.7156 5464.53 52.9791 3.86771e-11 6.35629 24.2297 133.518 2.28603 0 7.43207e-11 7.20456e-11 0 0 0 0 0 0 5.68781e-11 8.47629 1285.15 7.69858 3.10933e-11 18.8261 577.982 1582.74 14.2337 2.20599 11.1688 7.50846 0 0 0 0 0 0 1.21804 304.098 1072.01 43.0622 0.0701475 2.77346 40.6206 54.4604 4.02872 0 4.17106e-11 0.200419 0
$SSageCompEsc
 1305 411.5 1378 1242 1357
$obsAgeCompEsc
0 0 0 0 0 0 0.099823 0.832981 0.00310365 0 0 0.0132323 0.0508602 0 0 0 0 0 
0 0 0 0 0 0.000258602 0.462782 0.40656 0.00654437 0 0 0.027621 0.0962343 0 0 0 0 0 
0 0 0 0 0 0 0.0216509 0.926803 0.0132883 0 0.00353228 0.00751432 0.0269132 0.000297521 0 0 0 0 
0 0 0 0 0 0 0.00673879 0.380036 0.0042851 0 0.0181174 0.136347 0.441869 0.00451833 0.00242344 0.00349355 0.0021714 0 
0 0 0 0 0 0.00141654 0.182145 0.754829 0.000817825 0 0.00317286 0.0100871 0.0475324 0 0 0 0 0 
$predAgeCompEsc
0 0 0 0 0 1.15523e-13 0.0578734 0.878964 0.00227027 -8.84976e-15 5.64183e-14 0.0112385 0.0496542 5.43278e-14 0 2.79e-14 2.54642e-14 0 
0 0 0 0 0 0.000485103 0.361731 0.492664 0.00626878 -3.14328e-14 2.04806e-13 0.0285134 0.110337 2.11619e-13 0 1.21969e-13 1.15596e-13 0 
0 0 0 0 0 0.000695431 0.00741245 0.954589 0.00572192 -6.28214e-15 0.00311857 0.0048917 0.023324 0.000246898 0 1.50045e-14 1.25855e-14 0 
0 0 0 0 0 5.31763e-14 0.00277306 0.349421 0.00106123 -1.30779e-14 0.0176009 0.18909 0.430334 0.00196208 0.00206242 0.00365392 0.00204149 0 
0 0 0 0 0 0.00138769 0.213619 0.694517 0.0214126 -4.63324e-05 0.00315975 0.0285346 0.0352829 0.00200327 0 2.93003e-14 0.000129844 0 
$SSageCompCatch
 6821 7359 2752
$obsAgeCompCatch
0 0 0 0 0 0.000193081 0.0120257 0.914141 0.00827263 0 3.02412e-05 0.0109923 0.0536756 0.000669433 0 0 0 0 
0 0 0 0 0 0 0.00910059 0.487552 0.00400378 0 0.000427337 0.1285 0.362866 0.00332633 0 0.00254907 0.00167501 0 
0 0 0 0 0 0 0.184218 0.629255 0.0429667 0.000141885 0.000141885 0.0604229 0.0770061 0.00496022 0 0.000190949 0.000695748 0 
$predAgeCompCatch
0 0 0 0 0 1.80301e-05 0.0340994 0.886148 0.00950431 5.1932e-06 9.16594e-05 0.0137862 0.0554344 0.000659758 2.15361e-06 0.000140818 0.000109903 0 
0 0 0 0 0 5.11276e-06 0.0141045 0.493366 0.00567991 9.09895e-06 0.00044168 0.120974 0.357511 0.00389519 4.97729e-05 0.00229656 0.0016661 0 
0 0 0 0 0 5.24898e-05 0.154827 0.669929 0.031151 0.000116343 0.000172358 0.042028 0.0972279 0.00365144 6.16696e-06 0.000412783 0.000425213 0 
$genSS
 0 0 0
$obsGenComp     #GeneticFracData
-1 -1 -1 -1 -1 
-1 -1 -1 -1 -1 
-1 -1 -1 -1 -1 
$predGenComp     #catchGenComp_pred
0 0 0 0 0 
0 0 0 0 0 
0 0 0 0 0 
#PARAMETERS_OF_INTEREST
$catchByGroup
0 0 0 
0 0 0 
0 0 0 
0 0 0 
0 0 0 
6.15138e-12 4.2604e-13 1.53129e-14 
61.245 5.50465 0.201719 
1122.24 104.346 3.83403 
4.79077 0.489884 0.01814 
4.51057e-11 1.02295e-11 4.13017e-13 
3.00416e-12 2.08066e-13 7.47837e-15 
11.8932 1.06895 0.039172 
63.3971 5.89466 0.216591 
1.14644e-10 1.1723e-11 4.34093e-13 
0 0 0 
2.95254e-11 2.65372e-12 9.72458e-14 
3.2512e-11 3.02296e-12 1.11074e-13 
0 0 0 
0 0 0 
0 0 0 
0 0 0 
0 0 0 
0 0 0 
0.0050391 0.000203525 8.77954e-06 
72.8749 3.8773 0.169193 
118.93 6.55878 0.28666 
2.43082 0.148239 0.00650896 
5.1142e-11 7.26057e-12 3.35779e-13 
2.12746e-12 8.59263e-14 3.70663e-15 
5.74435 0.305628 0.0133366 
26.6357 1.46891 0.0642005 
8.20584e-11 5.00419e-12 2.19726e-13 
0 0 0 
2.4572e-11 1.30735e-12 5.70485e-14 
2.79051e-11 1.53891e-12 6.72603e-14 
0 0 0 
0 0 0 
0 0 0 
0 0 0 
0 0 0 
0 0 0 
0.0822893 0.00707267 5.49509e-05 
20.1732 2.36844 0.0189698 
3242.3 396.139 3.1862 
36.9662 5.04513 0.041074 
3.8276e-11 1.22833e-11 1.14373e-13 
0.369016 0.0317165 0.00024642 
13.3129 1.563 0.0125187 
79.2208 9.67906 0.0778502 
1.59507 0.217695 0.00177232 
0 0 0 
4.08351e-11 4.79425e-12 3.83992e-14 
4.27472e-11 5.22277e-12 4.20076e-14 
0 0 0 
0 0 0 
0 0 0 
0 0 0 
0 0 0 
0 0 0 
2.93215e-13 3.68653e-12 7.64035e-14 
0.564336 5.00685 0.150531 
96.1408 816.189 25.7274 
0.756248 5.68391 0.204265 
1.01425e-11 3.09073e-11 3.03426e-12 
0.0970513 1.22021 0.0252888 
38.481 341.407 10.2644 
118.404 1005.19 31.6849 
1.39821 10.5088 0.377661 
0.0113722 0.142981 0.00296328 
0.743595 6.59725 0.198346 
0.561701 4.76857 0.150312 
0 0 0 
0 0 0 
0 0 0 
0 0 0 
0 0 0 
0 0 0 
0.00788046 0.00741103 0.0251581 
25.2058 23.7603 73.8553 
99.7312 94.0419 288.873 
5.24386 4.9493 14.6984 
0.0274229 0.0261382 0.055904 
0.0179436 0.0168748 0.0572845 
3.36693 3.17383 9.86541 
5.06655 4.77752 14.6753 
0.490593 0.463036 1.37512 
0 0 0 
3.45727e-12 3.259e-12 1.01301e-11 
0.0186454 0.0175817 0.0540066 
0 0 0 
$escByGroup
 5e-07 5e-07 5e-07 5e-07 5e-07 5.00031e-07 62.0437 942.3 2.43386 4.99998e-07 5.00015e-07 12.0483 53.2322 5.00015e-07 5e-07 5.00007e-07 5.00007e-07 5e-07 5e-07 5e-07 5e-07 5e-07 5e-07 0.0989332 73.7724 100.475 1.27847 4.99998e-07 5.0001e-07 5.81509 22.5025 5.00011e-07 5e-07 5.00006e-07 5.00006e-07 5e-07 5e-07 5e-07 5e-07 5e-07 5e-07 1.32802 14.155 1822.91 10.9267 4.99997e-07 5.95531 9.34132 44.5401 0.471484 5e-07 5.00007e-07 5.00006e-07 5e-07 5e-07 5e-07 5e-07 5e-07 5e-07 5.00013e-07 2.75458 347.092 1.05416 4.99997e-07 17.4835 187.83 427.466 1.94901 2.04868 3.62956 2.02788 5e-07 5e-07 5e-07 5e-07 5e-07 5e-07 1.17759 181.276 589.366 18.1707 2.54326e-11 2.68136 24.2144 29.941 1.69997 5e-07 5.00006e-07 0.110186 5e-07
$catchByGroup
0 0 0 0 0 6.15138e-12 61.245 1122.24 4.79077 4.51057e-11 3.00416e-12 11.8932 63.3971 1.14644e-10 0 2.95254e-11 3.2512e-11 0 0 0 0 0 0 0.0050391 72.8749 118.93 2.43082 5.1142e-11 2.12746e-12 5.74435 26.6357 8.20584e-11 0 2.4572e-11 2.79051e-11 0 0 0 0 0 0 0.0822893 20.1732 3242.3 36.9662 3.8276e-11 0.369016 13.3129 79.2208 1.59507 0 4.08351e-11 4.27472e-11 0 0 0 0 0 0 2.93215e-13 0.564336 96.1408 0.756248 1.01425e-11 0.0970513 38.481 118.404 1.39821 0.0113722 0.743595 0.561701 0 0 0 0 0 0 0.00788046 25.2058 99.7312 5.24386 0.0274229 0.0179436 3.36693 5.06655 0.490593 0 3.45727e-12 0.0186454 0 
0 0 0 0 0 4.2604e-13 5.50465 104.346 0.489884 1.02295e-11 2.08066e-13 1.06895 5.89466 1.1723e-11 0 2.65372e-12 3.02296e-12 0 0 0 0 0 0 0.000203525 3.8773 6.55878 0.148239 7.26057e-12 8.59263e-14 0.305628 1.46891 5.00419e-12 0 1.30735e-12 1.53891e-12 0 0 0 0 0 0 0.00707267 2.36844 396.139 5.04513 1.22833e-11 0.0317165 1.563 9.67906 0.217695 0 4.79425e-12 5.22277e-12 0 0 0 0 0 0 3.68653e-12 5.00685 816.189 5.68391 3.09073e-11 1.22021 341.407 1005.19 10.5088 0.142981 6.59725 4.76857 0 0 0 0 0 0 0.00741103 23.7603 94.0419 4.9493 0.0261382 0.0168748 3.17383 4.77752 0.463036 0 3.259e-12 0.0175817 0 
0 0 0 0 0 1.53129e-14 0.201719 3.83403 0.01814 4.13017e-13 7.47837e-15 0.039172 0.216591 4.34093e-13 0 9.72458e-14 1.11074e-13 0 0 0 0 0 0 8.77954e-06 0.169193 0.28666 0.00650896 3.35779e-13 3.70663e-15 0.0133366 0.0642005 2.19726e-13 0 5.70485e-14 6.72603e-14 0 0 0 0 0 0 5.49509e-05 0.0189698 3.1862 0.041074 1.14373e-13 0.00024642 0.0125187 0.0778502 0.00177232 0 3.83992e-14 4.20076e-14 0 0 0 0 0 0 7.64035e-14 0.150531 25.7274 0.204265 3.03426e-12 0.0252888 10.2644 31.6849 0.377661 0.00296328 0.198346 0.150312 0 0 0 0 0 0 0.0251581 73.8553 288.873 14.6984 0.055904 0.0572845 9.86541 14.6753 1.37512 0 1.01301e-11 0.0540066 0 
$Fmort
 0.851962 0.419277 0.112968
#ESTIMATED_PARAMETERS
$availability
1.42624 1.46371 1.76582 0.152597 0.191638 
0.196269 0.117312 0.300102 4.02018 0.366136 
0.0261408 0.0187644 0.00863236 0.299301 4.64716 
$selectivity
 0.0397554 0.529956 0.598084 0.795327 3.03688
$RunSize
 0 0 0 0 0 1.3044e-10 128.995 2172.72 7.73266 4.62608e-11 6.37034e-11 25.0497 122.74 1.85043e-10 0 6.21867e-11 6.29451e-11 0 0 0 0 0 0 0.104185 150.694 226.251 3.86404 5.23278e-11 4.39857e-11 11.8784 50.6713 1.3044e-10 0 5.08111e-11 5.30862e-11 0 0 0 0 0 0 1.41743 36.7156 5464.53 52.9791 3.86771e-11 6.35629 24.2297 133.518 2.28603 0 7.43207e-11 7.20456e-11 0 0 0 0 0 0 5.68781e-11 8.47629 1285.15 7.69858 3.10933e-11 18.8261 577.982 1582.74 14.2337 2.20599 11.1688 7.50846 0 0 0 0 0 0 1.21804 304.098 1072.01 43.0622 0.0701475 2.77346 40.6206 54.4604 4.02872 0 4.17106e-11 0.200419 0
