$ndistricts
3
$ngroups
90
$nstocks
5
$nagecomps
18
$AgeCompLabels
 0.1 0.2 0.3 0.4 0.5 1.1 1.2 1.3 1.4 1.5 2.1 2.2 2.3 2.4 3.1 3.2 3.3 3.4
$navailpar
15
$nselectpar
5
$GENdata
-1
$maxGradient
0.000306082
#LIKELIHOOD_VALUES_AND_PENALTIES
$totalNLL
-34983.9
$NLLcatch
-26352.8
$NLLescape
-19927.4
$NLLagecompCatch
2222.76
$NLLagecompEsc
9073.54
$NLLgenetics
0
$NLLselOne
1.16477e-14
$NLLavailOne
1.17179e-10
$NLLextra
5.19982e-10
#OBSERVED_AND_PREDICTED_VALUES
$predEsc
 1330.48 107.611 1072.81 711.801 208.455
$obsEsc
 1341.14 108.962 1085.86 692.514 201.52
$predCatch
 2167.21 1780.57 92.623
$obsCatch
 2167.21 1780.57 92.623
$RunSize
 0 1.99051e-10 1.67341 0 0 12.8882 751.928 188.225 0 0 2.37015 1281.62 129.446 0 0 1.79085 0.84472 0 0 2.97748e-10 2.5462e-10 0 0 0 113.245 46.3373 0 0 0 19.8332 8.78264 0 0 2.96918e-10 2.97748e-10 0 0 1.75414e-10 1.51031 0 0 1.38547 592.035 263.271 1.32623 0 0.228817 345.459 1052 0 0 2.88187 2.2645 0 0 1.01128 7.83765e-11 0 0 0 10.3768 54.6038 0 0 0.410382 1296.64 897.719 0 0 52.872 22.9373 0 0 3.64928e-11 1.49438 0 0 0 22.108 59.2383 0 0 0 118.696 111.862 0 0 0.0876436 0.153873 0
$SSageCompEsc
 1883 88.5 2161 3086 903
$obsAgeCompEsc
0 0 0.000737137 0 0 0.00963206 0.31919 0.0817013 0 0 0.00177133 0.531167 0.0547121 0 0 0.000737137 0.000351686 0 
0 0 0 0 0 0 0.601116 0.250188 0 0 0 0.102692 0.0460043 0 0 0 0 0 
0 0 0.000715696 0 0 0.00128365 0.261016 0.120302 0.00122876 0 0.000212 0.147808 0.465231 0 0 0.00121768 0.000985175 0 
0 0 0 0 0 0 0.00509401 0.0289203 0 0 0.000580144 0.532902 0.404167 0 0 0.0199772 0.00835939 0 
0 0 0 0 0 0 0.077796 0.176757 0 0 0 0.407036 0.337741 0 0 0.000335112 0.000335112 0 
$predAgeCompEsc
0 8.32665e-14 0.000716617 0 0 0.00968692 0.314544 0.080605 0 0 0.00178142 0.536122 0.0554336 0 0 0.00074914 0.000361741 0 
0 1.57184e-12 1.3741e-12 0 0 0 0.597834 0.250067 0 0 0 0.104701 0.0473971 0 0 1.56746e-12 1.60685e-12 0 
0 7.59743e-14 0.000675513 0 0 0.00129145 0.256419 0.117753 0.00123622 0 0.000213288 0.149623 0.470528 0 0 0.00124818 0.00101284 0 
0 0.000422943 3.4578e-14 0 0 0 0.0043398 0.02409 0 0 0.000576541 0.542285 0.396054 0 0 0.0221123 0.0101194 0 
0 1.15213e-13 0.0048027 0 0 0 0.0697981 0.190382 0 0 0 0.37474 0.359506 0 0 0.000276703 0.000494523 0 
$SSageCompCatch
 23 1710 295
$obsAgeCompCatch
0 0 0 0 0 0 0.130435 0.130435 0 0 0 0.173913 0.565217 0 0 0 0 0 
0 0.00115781 0 0 0 0 0.0351433 0.0202154 0 0 0 0.562154 0.345982 0 0 0.0247014 0.010646 0 
0 0 0.0183525 0 0 0 0.0323589 0.187706 0 0 0 0.277871 0.474536 0 0 0 0.00917627 0 
$predAgeCompCatch
0 2.43506e-05 0.000652027 0 0 2.4858e-10 0.284878 0.0991772 3.73694e-10 0 4.5914e-11 0.345148 0.266749 0 0 0.00221588 0.00115564 0 
0 0.000361645 0.000174537 0 0 3.06857e-11 0.0512351 0.0379484 5.544e-11 0 2.27502e-11 0.518734 0.364327 0 0 0.0190782 0.00814153 0 
0 0.000146052 0.00296854 0 0 1.2481e-11 0.0595929 0.127986 5.47611e-12 0 6.6815e-12 0.446959 0.350985 0 0 0.00784926 0.00351256 0 
$genSS
 0 0 0
$obsGenComp     #GeneticFracData
-1 -1 -1 -1 -1 
-1 -1 -1 -1 -1 
-1 -1 -1 -1 -1 
$predGenComp     #catchGenComp_pred
0 0 0 0 0 
0 0 0 0 0 
0 0 0 0 0 
#PARAMETERS_OF_INTEREST
$catchByGroup
0 0 0 
7.84316e-11 9.60157e-12 2.33988e-13 
0.640285 0.0777862 0.00189395 
0 0 0 
0 0 0 
4.75448e-07 4.69249e-08 1.1164e-09 
296.28 36.2705 0.883904 
72.0192 8.74939 0.213031 
0 0 0 
0 0 0 
8.74347e-08 8.62947e-09 2.05306e-10 
504.992 61.8209 1.50656 
49.529 6.01712 0.146506 
0 0 0 
0 0 0 
0.705641 0.0863844 0.00210517 
0.323209 0.0392657 0.000956046 
0 0 0 
0 0 0 
1.19679e-10 8.66974e-12 2.51285e-13 
9.94026e-11 7.14192e-12 2.06892e-13 
0 0 0 
0 0 0 
0 0 0 
45.5189 3.29745 0.0955737 
18.0899 1.29973 0.0376515 
0 0 0 
0 0 0 
0 0 0 
7.97193 0.577497 0.0167383 
3.4287 0.246347 0.00713636 
0 0 0 
0 0 0 
1.19346e-10 8.64559e-12 2.50585e-13 
1.16239e-10 8.35163e-12 2.41936e-13 
0 0 0 
0 0 0 
8.10688e-11 1.27714e-11 6.81202e-14 
0.679029 0.106016 0.000564686 
0 0 0 
0 0 0 
6.32794e-08 7.71304e-09 3.9631e-11 
273.613 43.1045 0.229911 
118.366 18.4803 0.0984341 
8.09875e-07 9.87146e-08 5.07213e-10 
0 0 0 
1.04509e-08 1.27384e-09 6.54523e-12 
159.656 25.1519 0.134155 
472.977 73.8452 0.393331 
0 0 0 
0 0 0 
1.33187 0.209821 0.00111914 
1.01811 0.158957 0.000846672 
0 0 0 
0 0 0 
0.0527729 0.643933 0.0135278 
3.94167e-12 4.88125e-11 1.00966e-12 
0 0 0 
0 0 0 
0 0 0 
0.541501 6.60738 0.138808 
2.7461 34.007 0.703416 
0 0 0 
0 0 0 
1.61977e-09 3.0605e-08 4.0701e-10 
67.6638 825.632 17.345 
45.1476 559.095 11.5646 
0 0 0 
0 0 0 
2.75907 33.6661 0.707261 
1.15355 14.2852 0.295483 
0 0 0 
0 0 0 
2.37537e-12 3.21509e-12 6.88567e-12 
0.0937673 0.126973 0.272497 
0 0 0 
0 0 0 
0 0 0 
1.43904 1.94777 4.17147 
3.71699 5.03328 10.8019 
0 0 0 
0 0 0 
0 0 0 
7.7261 10.4574 22.3963 
7.01894 9.50454 20.3977 
0 0 0 
0 0 0 
0.00570484 0.00772159 0.0165371 
0.009655 0.0130741 0.0280583 
0 0 0 
$escByGroup
 5e-07 5.00028e-07 0.953443 5e-07 5e-07 12.8882 418.494 107.243 5e-07 5e-07 2.37015 713.299 73.7532 5e-07 5e-07 0.996716 0.481289 5e-07 5e-07 5.00042e-07 5.00037e-07 5e-07 5e-07 5e-07 64.3336 26.91 5e-07 5e-07 5e-07 11.267 5.10045 5e-07 5e-07 5.00042e-07 5.00043e-07 5e-07 5e-07 5.0002e-07 0.724696 5e-07 5e-07 1.38547 275.088 126.326 1.32623 5e-07 0.228817 160.517 504.786 5e-07 5e-07 1.33905 1.08659 5e-07 5e-07 0.301051 5.00006e-07 5e-07 5e-07 5e-07 3.08908 17.1473 5e-07 5e-07 0.410382 385.999 281.912 5e-07 5e-07 15.7395 7.20303 5e-07 5e-07 5.00006e-07 1.00115 5e-07 5e-07 5e-07 14.5498 39.6861 5e-07 5e-07 5e-07 78.1164 74.9408 5e-07 5e-07 0.05768 0.103086 5e-07
$catchByGroup
0 7.84316e-11 0.640285 0 0 4.75448e-07 296.28 72.0192 0 0 8.74347e-08 504.992 49.529 0 0 0.705641 0.323209 0 0 1.19679e-10 9.94026e-11 0 0 0 45.5189 18.0899 0 0 0 7.97193 3.4287 0 0 1.19346e-10 1.16239e-10 0 0 8.10688e-11 0.679029 0 0 6.32794e-08 273.613 118.366 8.09875e-07 0 1.04509e-08 159.656 472.977 0 0 1.33187 1.01811 0 0 0.0527729 3.94167e-12 0 0 0 0.541501 2.7461 0 0 1.61977e-09 67.6638 45.1476 0 0 2.75907 1.15355 0 0 2.37537e-12 0.0937673 0 0 0 1.43904 3.71699 0 0 0 7.7261 7.01894 0 0 0.00570484 0.009655 0 
0 9.60157e-12 0.0777862 0 0 4.69249e-08 36.2705 8.74939 0 0 8.62947e-09 61.8209 6.01712 0 0 0.0863844 0.0392657 0 0 8.66974e-12 7.14192e-12 0 0 0 3.29745 1.29973 0 0 0 0.577497 0.246347 0 0 8.64559e-12 8.35163e-12 0 0 1.27714e-11 0.106016 0 0 7.71304e-09 43.1045 18.4803 9.87146e-08 0 1.27384e-09 25.1519 73.8452 0 0 0.209821 0.158957 0 0 0.643933 4.88125e-11 0 0 0 6.60738 34.007 0 0 3.0605e-08 825.632 559.095 0 0 33.6661 14.2852 0 0 3.21509e-12 0.126973 0 0 0 1.94777 5.03328 0 0 0 10.4574 9.50454 0 0 0.00772159 0.0130741 0 
0 2.33988e-13 0.00189395 0 0 1.1164e-09 0.883904 0.213031 0 0 2.05306e-10 1.50656 0.146506 0 0 0.00210517 0.000956046 0 0 2.51285e-13 2.06892e-13 0 0 0 0.0955737 0.0376515 0 0 0 0.0167383 0.00713636 0 0 2.50585e-13 2.41936e-13 0 0 6.81202e-14 0.000564686 0 0 3.9631e-11 0.229911 0.0984341 5.07213e-10 0 6.54523e-12 0.134155 0.393331 0 0 0.00111914 0.000846672 0 0 0.0135278 1.00966e-12 0 0 0 0.138808 0.703416 0 0 4.0701e-10 17.345 11.5646 0 0 0.707261 0.295483 0 0 6.88567e-12 0.272497 0 0 0 4.17147 10.8019 0 0 0 22.3963 20.3977 0 0 0.0165371 0.0280583 0 
$Fmort
 0.200616 0.143882 0.0257014
#ESTIMATED_PARAMETERS
$availability
1.42624 1.46371 1.76582 0.152597 0.191638 
0.196269 0.117312 0.300102 4.02018 0.366136 
0.0261408 0.0187644 0.00863236 0.299301 4.64716 
$selectivity
 1.28929e-07 1.75069 1.68553 1.7238e-06 1.56377
$RunSize
 0 1.99051e-10 1.67341 0 0 12.8882 751.928 188.225 0 0 2.37015 1281.62 129.446 0 0 1.79085 0.84472 0 0 2.97748e-10 2.5462e-10 0 0 0 113.245 46.3373 0 0 0 19.8332 8.78264 0 0 2.96918e-10 2.97748e-10 0 0 1.75414e-10 1.51031 0 0 1.38547 592.035 263.271 1.32623 0 0.228817 345.459 1052 0 0 2.88187 2.2645 0 0 1.01128 7.83765e-11 0 0 0 10.3768 54.6038 0 0 0.410382 1296.64 897.719 0 0 52.872 22.9373 0 0 3.64928e-11 1.49438 0 0 0 22.108 59.2383 0 0 0 118.696 111.862 0 0 0.0876436 0.153873 0
