$ndistricts
3
$ngroups
90
$nstocks
5
$nagecomps
18
$AgeCompLabels
 0.1 0.2 0.3 0.4 0.5 1.1 1.2 1.3 1.4 1.5 2.1 2.2 2.3 2.4 3.1 3.2 3.3 3.4
$navailpar
15
$nselectpar
5
$GENdata
-1
$maxGradient
0.000137085
#LIKELIHOOD_VALUES_AND_PENALTIES
$totalNLL
-80220.9
$NLLcatch
-71506.4
$NLLescape
-28982.6
$NLLagecompCatch
13844.6
$NLLagecompEsc
6423.52
$NLLgenetics
0
$NLLselOne
1.14336e-14
$NLLavailOne
1.17179e-10
$NLLextra
3.99971e-10
#OBSERVED_AND_PREDICTED_VALUES
$predEsc
 1485.16 602.282 1064.12 1107.34 657.15
$obsEsc
 1503.73 588.792 1025.66 1104 656.641
$predCatch
 589.311 7517.39 1402.69
$obsCatch
 589.311 7517.39 1402.69
$RunSize
 0 6.07017e-11 1.4217e-10 1.55748e-10 0 2.13146 829.156 242.645 9.31298 0 0.605297 541.579 189.183 0.735645 0 1.238e-10 1.38176e-10 0 0 1.08624e-10 13.9568 0.889143 0 0.320655 348.71 263.566 3.97756e-10 0 0 41.6457 46.756 1.66131e-10 0 1.68443 0.243485 0 0 5.43121e-11 1.24598e-10 1.37378e-10 0 4.95929 255.562 593.317 47.3697 0 11.2053 191.72 329.836 9.85817 1.25447 1.20605e-10 1.15812e-10 0 0 0.212919 6.63054 2.89332 0 7.7229 258.642 862.432 39.731 0 28.7914 4549.99 2637.47 34.7771 2.25897 14.0772 24.4179 0 0 4.39289e-11 1.63708 0.744111 0 18.1146 321.108 674.535 14.5178 0 4.62685 751.767 190.055 0.0789141 0 4.95198e-11 5.11172e-11 0
$SSageCompEsc
 1190 88.5 1013 1545 1245
$obsAgeCompEsc
0 0 0 0 0 0.00110972 0.457348 0.115221 0.00483337 0 0.000408222 0.329873 0.0906673 0.000539361 0 0 0 0 
0 0 0 0 0 0 0.601116 0.250188 0 0 0 0.102692 0.0460043 0 0 0 0 0 
0 0 0 0 0 0.00379983 0.192536 0.376119 0.0326323 0 0.0111003 0.161246 0.211512 0.00981183 0.00124271 0 0 0 
0 0 0 0 0 0.00643495 0.0187452 0.0438356 0.000818585 0 0.0254498 0.673161 0.226501 0.00107094 0.00199679 0.000818585 0.00116801 0 
0 0 0.00122827 0 0 0.0269933 0.227583 0.256573 0.000404486 0 0.00700514 0.398601 0.0816121 0 0 0 0 0 
$predAgeCompEsc
0 3.38655e-14 7.51911e-14 7.82481e-14 0 0.00142704 0.462586 0.128331 0.00467886 0 0.000405255 0.302147 0.100056 0.00036959 0 6.90677e-14 7.3079e-14 0 
0 1.54308e-13 0.018983 0.00116025 0 0.000529863 0.495366 0.358483 5.19035e-13 0 0 0.0591604 0.063594 2.16786e-13 0 0.00239285 0.00033117 0 
0 3.9483e-14 8.40471e-14 8.61485e-14 0 0.00462504 0.185785 0.400219 0.0297052 0 0.0104501 0.139374 0.222489 0.00618198 0.00116992 8.76756e-14 7.81207e-14 0 
0 3.15629e-05 0.000470048 5.40064e-05 0 0.00663182 0.0383409 0.0611389 0.000741615 0 0.0247238 0.674487 0.186974 0.000649147 0.00193982 0.00208679 0.00173102 0 
0 2.53277e-14 0.000649875 0.000185308 0 0.0268707 0.185138 0.267771 0.00361542 0 0.00686335 0.43344 0.0754465 1.96522e-05 0 2.85512e-14 2.02921e-14 0 
$SSageCompCatch
 3049 5146 2220
$obsAgeCompCatch
0 0 0.00375075 0.0003805 0 0.000700535 0.248465 0.314511 0.0169593 0 0 0.198977 0.212381 0.00244879 0 0.000682594 0.00074406 0 
0 3.65159e-05 0.00109915 0.000362058 0 0.000113651 0.0574913 0.132727 0.00594324 0 0 0.495237 0.297541 0.00421224 0 0.00198876 0.00324829 0 
0 0 0.000420834 0.000597476 0 0 0.0904018 0.305797 0.0106946 0 0 0.424702 0.165253 0.00213289 0 0 0 0 
$predAgeCompCatch
0 3.86589e-06 0.0030991 0.000323071 0 6.40477e-05 0.255367 0.289941 0.0176254 0 9.81557e-05 0.232646 0.195671 0.00400548 9.68889e-06 0.000535825 0.000610975 0 
0 2.22119e-05 0.000892944 0.000373728 0 6.25029e-05 0.0462132 0.128292 0.00627002 0 0.000190006 0.495893 0.31312 0.00439342 1.48604e-05 0.00147835 0.00278371 0 
0 6.21245e-06 0.000930216 0.000460793 0 0.000270476 0.119845 0.303103 0.00830874 0 9.46624e-05 0.390238 0.173859 0.00157076 2.16572e-06 0.00041388 0.00089744 0 
$genSS
 0 0 0
$obsGenComp     #GeneticFracData
-1 -1 -1 -1 -1 
-1 -1 -1 -1 -1 
-1 -1 -1 -1 -1 
$predGenComp     #catchGenComp_pred
0 0 0 0 0 
0 0 0 0 0 
0 0 0 0 0 
#PARAMETERS_OF_INTEREST
$catchByGroup
0 0 0 
5.80644e-12 4.37861e-12 2.21142e-13 
1.69897e-11 1.28542e-11 6.55285e-13 
2.19904e-11 1.66886e-11 8.58166e-13 
0 0 0 
0.00678153 0.00505168 0.000246546 
79.3132 59.8097 3.0207 
28.9968 21.9386 1.11839 
1.31492 0.997899 0.0513143 
0 0 0 
0.00192583 0.00143459 7.00146e-05 
51.8049 39.0658 1.97302 
22.608 17.1049 0.871979 
0.103868 0.0788254 0.00405338 
0 0 0 
1.18421e-11 8.93006e-12 4.51014e-13 
1.65125e-11 1.24931e-11 6.36878e-13 
0 0 0 
0 0 0 
1.06496e-11 4.75365e-12 2.84209e-13 
1.7089 0.768579 0.0462071 
0.128588 0.0582387 0.00351946 
0 0 0 
0.00104696 0.000454457 2.66245e-05 
34.1879 15.2604 0.91238 
32.2715 14.5141 0.872593 
5.75234e-11 2.60529e-11 1.57442e-12 
0 0 0 
0 0 0 
4.08298 1.82251 0.108963 
5.7249 2.57478 0.154796 
2.40258e-11 1.08815e-11 6.5759e-13 
0 0 0 
0.165143 0.0737147 0.00440722 
0.0298128 0.0134083 0.000806111 
0 0 0 
0 0 0 
6.35711e-12 5.87469e-12 6.54198e-14 
1.81645e-11 1.68073e-11 1.89941e-13 
2.35959e-11 2.18586e-11 2.50426e-13 
0 0 0 
0.0195281 0.0179607 0.000189438 
29.9131 27.643 0.307829 
86.4962 80.0339 0.904467 
8.1362 7.53716 0.0863505 
0 0 0 
0.0441228 0.0405814 0.000428027 
22.4405 20.7375 0.23093 
48.0849 44.4924 0.50281 
1.69324 1.56857 0.0179705 
0.00493969 0.00454322 4.7919e-05 
1.41165e-11 1.30453e-11 1.4527e-13 
1.68836e-11 1.56222e-11 1.76547e-13 
0 0 0 
0 0 0 
0.00227821 0.166975 0.00871414 
0.0896752 5.67875 0.341609 
0.0467374 2.60941 0.177366 
0 0 0 
0.00263271 0.366384 0.0102218 
2.76745 202.833 10.5855 
11.664 738.633 44.433 
0.641797 35.8324 2.43559 
0 0 0 
0.00981489 1.3659 0.0381076 
48.6845 3568.2 186.218 
35.6707 2258.87 135.884 
0.561774 31.3646 2.13191 
0.000770074 0.107168 0.00298991 
0.150625 11.0396 0.576138 
0.330241 20.9128 1.25802 
0 0 0 
0 0 0 
5.89479e-13 5.72609e-12 2.09692e-11 
0.0277571 0.265273 0.916988 
0.0150639 0.141809 0.465463 
0 0 0 
0.00775471 0.0800077 0.36871 
4.30893 41.8561 153.279 
11.4369 109.302 377.831 
0.293902 2.76674 9.08134 
0 0 0 
0.00198072 0.0204357 0.0941764 
10.0879 97.9921 358.852 
3.22243 30.7966 106.457 
0.00159755 0.015039 0.049363 
0 0 0 
6.64503e-13 6.45487e-12 2.3638e-11 
8.66703e-13 8.28304e-12 2.86326e-11 
0 0 0 
$escByGroup
 5e-07 5.00013e-07 5.00028e-07 5.00029e-07 5e-07 2.11938 687.013 190.591 6.94884 5e-07 0.601867 448.735 148.598 0.548898 5e-07 5.00026e-07 5.00027e-07 5e-07 5e-07 5.00023e-07 11.4331 0.698798 5e-07 0.319127 298.35 215.908 5.00078e-07 5e-07 5e-07 35.6312 38.3015 5.00033e-07 5e-07 1.44117 0.199458 5e-07 5e-07 5.00011e-07 5.00022e-07 5.00023e-07 5e-07 4.92161 197.699 425.882 31.61 5e-07 11.1201 148.311 236.756 6.5784 1.24494 5.00023e-07 5.00021e-07 5e-07 5e-07 0.0349507 0.520501 0.0598034 5e-07 7.34366 42.4563 67.7014 0.821218 5e-07 27.3776 746.884 207.043 0.718824 2.14804 2.31078 1.91682 5e-07 5e-07 5.00004e-07 0.427065 0.121775 5e-07 17.6581 121.664 175.966 2.37587 5e-07 4.51025 284.835 49.5797 0.0129144 5e-07 5.00005e-07 5.00003e-07 5e-07
$catchByGroup
0 5.80644e-12 1.69897e-11 2.19904e-11 0 0.00678153 79.3132 28.9968 1.31492 0 0.00192583 51.8049 22.608 0.103868 0 1.18421e-11 1.65125e-11 0 0 1.06496e-11 1.7089 0.128588 0 0.00104696 34.1879 32.2715 5.75234e-11 0 0 4.08298 5.7249 2.40258e-11 0 0.165143 0.0298128 0 0 6.35711e-12 1.81645e-11 2.35959e-11 0 0.0195281 29.9131 86.4962 8.1362 0 0.0441228 22.4405 48.0849 1.69324 0.00493969 1.41165e-11 1.68836e-11 0 0 0.00227821 0.0896752 0.0467374 0 0.00263271 2.76745 11.664 0.641797 0 0.00981489 48.6845 35.6707 0.561774 0.000770074 0.150625 0.330241 0 0 5.89479e-13 0.0277571 0.0150639 0 0.00775471 4.30893 11.4369 0.293902 0 0.00198072 10.0879 3.22243 0.00159755 0 6.64503e-13 8.66703e-13 0 
0 4.37861e-12 1.28542e-11 1.66886e-11 0 0.00505168 59.8097 21.9386 0.997899 0 0.00143459 39.0658 17.1049 0.0788254 0 8.93006e-12 1.24931e-11 0 0 4.75365e-12 0.768579 0.0582387 0 0.000454457 15.2604 14.5141 2.60529e-11 0 0 1.82251 2.57478 1.08815e-11 0 0.0737147 0.0134083 0 0 5.87469e-12 1.68073e-11 2.18586e-11 0 0.0179607 27.643 80.0339 7.53716 0 0.0405814 20.7375 44.4924 1.56857 0.00454322 1.30453e-11 1.56222e-11 0 0 0.166975 5.67875 2.60941 0 0.366384 202.833 738.633 35.8324 0 1.3659 3568.2 2258.87 31.3646 0.107168 11.0396 20.9128 0 0 5.72609e-12 0.265273 0.141809 0 0.0800077 41.8561 109.302 2.76674 0 0.0204357 97.9921 30.7966 0.015039 0 6.45487e-12 8.28304e-12 0 
0 2.21142e-13 6.55285e-13 8.58166e-13 0 0.000246546 3.0207 1.11839 0.0513143 0 7.00146e-05 1.97302 0.871979 0.00405338 0 4.51014e-13 6.36878e-13 0 0 2.84209e-13 0.0462071 0.00351946 0 2.66245e-05 0.91238 0.872593 1.57442e-12 0 0 0.108963 0.154796 6.5759e-13 0 0.00440722 0.000806111 0 0 6.54198e-14 1.89941e-13 2.50426e-13 0 0.000189438 0.307829 0.904467 0.0863505 0 0.000428027 0.23093 0.50281 0.0179705 4.7919e-05 1.4527e-13 1.76547e-13 0 0 0.00871414 0.341609 0.177366 0 0.0102218 10.5855 44.433 2.43559 0 0.0381076 186.218 135.884 2.13191 0.00298991 0.576138 1.25802 0 0 2.09692e-11 0.916988 0.465463 0 0.36871 153.279 377.831 9.08134 0 0.0941764 358.852 106.457 0.049363 0 2.3638e-11 2.86326e-11 0 
$Fmort
 0.0918887 0.497204 0.181987
#ESTIMATED_PARAMETERS
$availability
1.42624 1.46371 1.76582 0.152597 0.191638 
0.196269 0.117312 0.300102 4.02018 0.366136 
0.0261408 0.0187644 0.00863236 0.299301 4.64716 
$selectivity
 0.0243157 0.767194 0.971109 1.16142 2.07596
$RunSize
 0 6.07017e-11 1.4217e-10 1.55748e-10 0 2.13146 829.156 242.645 9.31298 0 0.605297 541.579 189.183 0.735645 0 1.238e-10 1.38176e-10 0 0 1.08624e-10 13.9568 0.889143 0 0.320655 348.71 263.566 3.97756e-10 0 0 41.6457 46.756 1.66131e-10 0 1.68443 0.243485 0 0 5.43121e-11 1.24598e-10 1.37378e-10 0 4.95929 255.562 593.317 47.3697 0 11.2053 191.72 329.836 9.85817 1.25447 1.20605e-10 1.15812e-10 0 0 0.212919 6.63054 2.89332 0 7.7229 258.642 862.432 39.731 0 28.7914 4549.99 2637.47 34.7771 2.25897 14.0772 24.4179 0 0 4.39289e-11 1.63708 0.744111 0 18.1146 321.108 674.535 14.5178 0 4.62685 751.767 190.055 0.0789141 0 4.95198e-11 5.11172e-11 0
