$ndistricts
3
$ngroups
90
$nstocks
5
$nagecomps
18
$AgeCompLabels
 0.1 0.2 0.3 0.4 0.5 1.1 1.2 1.3 1.4 1.5 2.1 2.2 2.3 2.4 3.1 3.2 3.3 3.4
$navailpar
15
$nselectpar
5
$GENdata
-1
$maxGradient
0.000103642
#LIKELIHOOD_VALUES_AND_PENALTIES
$totalNLL
-19081.8
$NLLcatch
-11409.1
$NLLescape
-26259.1
$NLLagecompCatch
10150
$NLLagecompEsc
8436.4
$NLLgenetics
0
$NLLselOne
4.51006e-18
$NLLavailOne
2.2306e-05
$NLLextra
5.29957e-10
#OBSERVED_AND_PREDICTED_VALUES
$predEsc
 2427.15 197.409 1110.17 351.169 100.34
$obsEsc
 2557.44 193.872 1023.22 338.654 70.896
$predCatch
 1216.86 671.554 82.457
$obsCatch
 1216.86 671.554 82.457
$RunSize
 1.83134e-10 1.25392e-10 0 0 8.78088e-11 19.1232 1848.12 61.949 1.86893e-10 8.78088e-11 90.4677 748.331 430.502 1.48626e-10 1.84159e-10 7.50259 0 1.45892e-10 8.06338e-11 7.48254e-11 0 0 6.7992e-11 7.12381 78.0518 141.519 8.95172e-11 6.76504e-11 1.64666 28.6835 20.6855 7.89254e-11 8.06338e-11 0.645608 0 7.68754e-11 6.5942e-11 6.42337e-11 0 0 6.21837e-11 11.7848 312.083 375.753 1.37181 6.21837e-11 31.5281 631.935 280.934 6.52587e-11 6.52587e-11 6.11765 4.25969 6.45754e-11 8.20004e-11 4.51002e-11 0 0 3.14335e-11 0 44.5409 62.5846 6.5942e-11 3.14335e-11 4.78079 439.406 269.149 6.11587e-11 8.26838e-11 22.2447 8.41559 5.50086e-11 2.83585e-11 1.53751e-11 0 0 1.05917e-11 0 25.2862 19.6802 0.131262 1.05917e-11 11.5446 93.1615 15.7903 0.274417 2.87002e-11 2.15251e-11 0 1.91334e-11
$SSageCompEsc
 2211 392 2668 635 505
$obsAgeCompEsc
0 0 0 0 0 0.007627 0.655261 0.0145843 0 0 0.0326109 0.182198 0.105089 0 0 0.00262919 0 0 
0 0 0 0 0 0.0365274 0.326088 0.457628 0 0 0.0080462 0.100497 0.0684903 0 0 0.00272251 0 0 
0 0 0 0 0 0.010952 0.223225 0.200272 0.00114467 0 0.0280683 0.380417 0.150877 0 0 0.00425878 0.000784162 0 
0 0 0 0 0 0 0.0733511 0.0774798 0 0 0.0145969 0.53706 0.257572 0 0 0.0339352 0.00600544 0 
0 0 0 0 0 0 0.131221 0.139758 0.000426318 0 0.125591 0.463974 0.136339 0.0022638 0 0 0.000426318 0 
$predAgeCompEsc
7.42613e-14 3.93451e-14 0 0 1.71229e-14 0.00775448 0.579894 0.0174235 6.58294e-14 1.71229e-14 0.0366848 0.234808 0.121081 5.23506e-14 7.4677e-14 0.00235413 0 5.13879e-14 
4.01584e-13 2.83974e-13 0 0 1.57408e-13 0.035479 0.296218 0.478807 3.83845e-13 1.56617e-13 0.00820096 0.108858 0.0699861 3.38429e-13 4.01584e-13 0.00245018 0 3.29638e-13 
5.82008e-14 4.0584e-14 0 0 2.00621e-14 0.0104013 0.19718 0.204918 0.0010093 2.00621e-14 0.0278269 0.399268 0.153209 4.80137e-14 5.75977e-14 0.00386524 0.00232304 4.75109e-14 
2.23553e-13 5.94653e-14 0 0 5.37879e-15 0 0.0587278 0.0587937 1.21553e-13 5.37879e-15 0.0130336 0.579363 0.252846 1.12735e-13 2.25415e-13 0.02933 0.00790583 1.01399e-13 
2.74916e-13 9.27406e-14 0 0 1.84966e-14 0 0.152523 0.0946363 0.000988244 1.84966e-14 0.111917 0.561939 0.0759307 0.00206603 2.78228e-13 1.29837e-13 0 1.44052e-13 
$SSageCompCatch
 2697 2953 1838
$obsAgeCompCatch
0 0 0 0 0 5.67151e-05 0.285885 0.170515 0.000137061 0 0.00429146 0.335412 0.198199 0 0 0.00233744 0.00316568 0 
0 0 0 0 0 0 0.133535 0.104217 0 0 6.46914e-05 0.414692 0.31835 0 0 0.0188024 0.0103379 0 
0 0 0.00103977 0 0 0 0.172967 0.117432 0.00049776 0 0.00119462 0.545039 0.158724 0.000644934 0 0.00246115 0 0 
$predAgeCompCatch
4.13449e-15 4.91786e-14 0 0 8.70772e-14 0.000468413 0.389369 0.150471 0.000173755 8.69431e-14 0.00150138 0.270165 0.183411 4.11404e-06 4.1379e-15 0.00306898 0.00136632 3.27452e-14 
6.01778e-15 4.76478e-14 0 0 6.85459e-14 0.00012677 0.149581 0.108685 6.88674e-05 6.85166e-14 0.000763093 0.41315 0.302555 1.41703e-05 6.05978e-15 0.0170414 0.00801425 3.61323e-14 
9.39259e-15 7.62444e-14 0 0 1.13587e-13 5.13143e-05 0.157965 0.13278 0.000312063 1.13554e-13 0.00328223 0.494966 0.200075 0.000637771 9.49568e-15 0.00659117 0.00333995 5.78138e-14 
$genSS
 0 0 0
$obsGenComp     #GeneticFracData
-1 -1 -1 -1 -1 
-1 -1 -1 -1 -1 
-1 -1 -1 -1 -1 
$predGenComp     #catchGenComp_pred
0 0 0 0 0 
0 0 0 0 0 
0 0 0 0 0 
#PARAMETERS_OF_INTEREST
$catchByGroup
2.50803e-12 3.6041e-13 2.27269e-14 
2.56119e-11 4.02663e-12 2.57577e-13 
0 0 0 
0 0 0 
3.87764e-11 7.01324e-12 4.59275e-13 
0.261892 0.0376345 0.00237317 
377.485 59.3472 3.79634 
16.7551 2.72886 0.175571 
2.33596e-11 3.53102e-12 2.24449e-13 
3.87764e-11 7.01324e-12 4.59275e-13 
1.23896 0.178041 0.011227 
152.85 24.0306 1.5372 
116.436 18.9637 1.2201 
1.85766e-11 2.80803e-12 1.78492e-13 
2.52207e-12 3.62427e-13 2.28541e-14 
1.53244 0.240925 0.0154116 
0 0 0 
1.8235e-11 2.75639e-12 1.7521e-13 
1.22909e-12 1.13077e-13 1.52347e-14 
1.68128e-11 1.71972e-12 2.3389e-13 
0 0 0 
0 0 0 
3.24631e-11 3.91457e-12 5.40702e-13 
0.108587 0.0099901 0.00134595 
17.5377 1.79387 0.243975 
41.9184 4.46957 0.6102 
1.23708e-11 1.20812e-12 1.63627e-13 
3.22999e-11 3.89489e-12 5.37985e-13 
0.0250998 0.00230921 0.000311115 
6.44498 0.659235 0.089659 
6.1271 0.653306 0.0891914 
1.09071e-11 1.06517e-12 1.44266e-13 
1.22909e-12 1.13077e-13 1.52347e-14 
0.145064 0.0148381 0.00201805 
0 0 0 
1.06238e-11 1.03751e-12 1.40519e-13 
1.11638e-12 2.09879e-13 2.86548e-15 
1.58276e-11 3.30467e-12 4.62314e-14 
0 0 0 
0 0 0 
3.19605e-11 7.83664e-12 1.14077e-13 
0.199513 0.0375085 0.000512104 
76.8994 16.056 0.224618 
121.467 26.4183 0.373224 
0.20904 0.0416964 0.000577083 
3.19605e-11 7.83664e-12 1.14077e-13 
0.533761 0.100347 0.00137004 
155.713 32.5116 0.454827 
90.8154 19.7519 0.279044 
9.94426e-12 1.98354e-12 2.74524e-14 
1.10481e-12 2.07704e-13 2.83579e-15 
1.50743 0.314739 0.0044031 
1.377 0.299489 0.00423102 
9.84013e-12 1.96277e-12 2.7165e-14 
1.23719e-13 3.25472e-12 1.1736e-13 
1.11427e-12 2.2046e-11 1.05763e-12 
0 0 0 
0 0 0 
1.94283e-12 2.57559e-11 1.8459e-12 
0 0 0 
1.10045 21.7726 1.04452 
2.12411 37.7974 2.01663 
9.57034e-13 2.13914e-11 9.08149e-13 
1.94283e-12 2.57559e-11 1.8459e-12 
0.00721306 0.189757 0.00684232 
10.8562 214.792 10.3044 
9.13487 162.55 8.67267 
8.87612e-13 1.98396e-11 8.42273e-13 
1.2475e-13 3.28184e-12 1.18338e-13 
0.54959 10.8737 0.521656 
0.285623 5.08251 0.271171 
7.98355e-13 1.78446e-11 7.57575e-13 
5.38728e-14 1.03179e-13 6.16298e-13 
4.76847e-13 9.01062e-13 4.69155e-12 
0 0 0 
0 0 0 
8.17733e-13 1.51191e-12 6.40612e-12 
0 0 0 
0.784233 1.48191 7.71584 
0.837451 1.57396 7.77299 
0.00239461 0.00455183 0.0251547 
8.17733e-13 1.51191e-12 6.40612e-12 
0.0219314 0.0420038 0.250892 
2.88934 5.45976 28.4273 
0.671922 1.26285 6.23659 
0.0050062 0.0095161 0.0525886 
5.45219e-14 1.04422e-13 6.23723e-13 
6.67585e-13 1.26149e-12 6.56818e-12 
0 0 0 
3.49051e-13 6.635e-13 3.66668e-12 
$escByGroup
 5.00045e-07 5.00024e-07 5e-07 5e-07 5.0001e-07 18.8213 1407.49 42.2895 5.0004e-07 5.0001e-07 89.0394 569.913 293.882 5.00032e-07 5.00045e-07 5.71382 5e-07 5.00031e-07 5.0002e-07 5.00014e-07 5e-07 5e-07 5.00008e-07 7.00389 58.4762 94.521 5.00019e-07 5.00008e-07 1.61894 21.4896 13.8159 5.00017e-07 5.0002e-07 0.483688 5e-07 5.00016e-07 5.00016e-07 5.00011e-07 5e-07 5e-07 5.00006e-07 11.5473 218.903 227.495 1.1205 5.00006e-07 30.8927 443.256 170.088 5.00013e-07 5.00016e-07 4.29108 2.57897 5.00013e-07 5.0002e-07 5.00005e-07 5e-07 5e-07 5e-07 5e-07 20.6234 20.6465 5.00011e-07 5e-07 4.57698 203.454 88.7917 5.0001e-07 5.0002e-07 10.2998 2.77628 5.00009e-07 5.00007e-07 5.00002e-07 5e-07 5e-07 5e-07 5e-07 15.3042 9.49584 0.0991607 5e-07 11.2298 56.3851 7.61891 0.207306 5.00007e-07 5.00003e-07 5e-07 5.00004e-07
$catchByGroup
2.50803e-12 2.56119e-11 0 0 3.87764e-11 0.261892 377.485 16.7551 2.33596e-11 3.87764e-11 1.23896 152.85 116.436 1.85766e-11 2.52207e-12 1.53244 0 1.8235e-11 1.22909e-12 1.68128e-11 0 0 3.24631e-11 0.108587 17.5377 41.9184 1.23708e-11 3.22999e-11 0.0250998 6.44498 6.1271 1.09071e-11 1.22909e-12 0.145064 0 1.06238e-11 1.11638e-12 1.58276e-11 0 0 3.19605e-11 0.199513 76.8994 121.467 0.20904 3.19605e-11 0.533761 155.713 90.8154 9.94426e-12 1.10481e-12 1.50743 1.377 9.84013e-12 1.23719e-13 1.11427e-12 0 0 1.94283e-12 0 1.10045 2.12411 9.57034e-13 1.94283e-12 0.00721306 10.8562 9.13487 8.87612e-13 1.2475e-13 0.54959 0.285623 7.98355e-13 5.38728e-14 4.76847e-13 0 0 8.17733e-13 0 0.784233 0.837451 0.00239461 8.17733e-13 0.0219314 2.88934 0.671922 0.0050062 5.45219e-14 6.67585e-13 0 3.49051e-13 
3.6041e-13 4.02663e-12 0 0 7.01324e-12 0.0376345 59.3472 2.72886 3.53102e-12 7.01324e-12 0.178041 24.0306 18.9637 2.80803e-12 3.62427e-13 0.240925 0 2.75639e-12 1.13077e-13 1.71972e-12 0 0 3.91457e-12 0.0099901 1.79387 4.46957 1.20812e-12 3.89489e-12 0.00230921 0.659235 0.653306 1.06517e-12 1.13077e-13 0.0148381 0 1.03751e-12 2.09879e-13 3.30467e-12 0 0 7.83664e-12 0.0375085 16.056 26.4183 0.0416964 7.83664e-12 0.100347 32.5116 19.7519 1.98354e-12 2.07704e-13 0.314739 0.299489 1.96277e-12 3.25472e-12 2.2046e-11 0 0 2.57559e-11 0 21.7726 37.7974 2.13914e-11 2.57559e-11 0.189757 214.792 162.55 1.98396e-11 3.28184e-12 10.8737 5.08251 1.78446e-11 1.03179e-13 9.01062e-13 0 0 1.51191e-12 0 1.48191 1.57396 0.00455183 1.51191e-12 0.0420038 5.45976 1.26285 0.0095161 1.04422e-13 1.26149e-12 0 6.635e-13 
2.27269e-14 2.57577e-13 0 0 4.59275e-13 0.00237317 3.79634 0.175571 2.24449e-13 4.59275e-13 0.011227 1.5372 1.2201 1.78492e-13 2.28541e-14 0.0154116 0 1.7521e-13 1.52347e-14 2.3389e-13 0 0 5.40702e-13 0.00134595 0.243975 0.6102 1.63627e-13 5.37985e-13 0.000311115 0.089659 0.0891914 1.44266e-13 1.52347e-14 0.00201805 0 1.40519e-13 2.86548e-15 4.62314e-14 0 0 1.14077e-13 0.000512104 0.224618 0.373224 0.000577083 1.14077e-13 0.00137004 0.454827 0.279044 2.74524e-14 2.83579e-15 0.0044031 0.00423102 2.7165e-14 1.1736e-13 1.05763e-12 0 0 1.8459e-12 0 1.04452 2.01663 9.08149e-13 1.8459e-12 0.00684232 10.3044 8.67267 8.42273e-13 1.18338e-13 0.521656 0.271171 7.57575e-13 6.16298e-13 4.69155e-12 0 0 6.40612e-12 0 7.71584 7.77299 0.0251547 6.40612e-12 0.250892 28.4273 6.23659 0.0525886 6.23723e-13 6.56818e-12 0 3.66668e-12 
$Fmort
 0.183398 0.187361 0.0877826
#ESTIMATED_PARAMETERS
$availability
1.38912 1.54733 1.72003 0.152101 0.191551 
0.194249 0.138378 0.314342 3.99361 0.359421 
0.0261198 0.0397677 0.00914573 0.301431 4.62427 
$selectivity
 0.0541275 0.896816 1.23782 0.524091 2.28715
$RunSize
 1.83134e-10 1.25392e-10 0 0 8.78088e-11 19.1232 1848.12 61.949 1.86893e-10 8.78088e-11 90.4677 748.331 430.502 1.48626e-10 1.84159e-10 7.50259 0 1.45892e-10 8.06338e-11 7.48254e-11 0 0 6.7992e-11 7.12381 78.0518 141.519 8.95172e-11 6.76504e-11 1.64666 28.6835 20.6855 7.89254e-11 8.06338e-11 0.645608 0 7.68754e-11 6.5942e-11 6.42337e-11 0 0 6.21837e-11 11.7848 312.083 375.753 1.37181 6.21837e-11 31.5281 631.935 280.934 6.52587e-11 6.52587e-11 6.11765 4.25969 6.45754e-11 8.20004e-11 4.51002e-11 0 0 3.14335e-11 0 44.5409 62.5846 6.5942e-11 3.14335e-11 4.78079 439.406 269.149 6.11587e-11 8.26838e-11 22.2447 8.41559 5.50086e-11 2.83585e-11 1.53751e-11 0 0 1.05917e-11 0 25.2862 19.6802 0.131262 1.05917e-11 11.5446 93.1615 15.7903 0.274417 2.87002e-11 2.15251e-11 0 1.91334e-11
