$ndistricts
3
$ngroups
90
$nstocks
5
$nagecomps
18
$AgeCompLabels
 0.1 0.2 0.3 0.4 0.5 1.1 1.2 1.3 1.4 1.5 2.1 2.2 2.3 2.4 3.1 3.2 3.3 3.4
$navailpar
15
$nselectpar
5
$GENdata
-1
$maxGradient
0.000150479
#LIKELIHOOD_VALUES_AND_PENALTIES
$totalNLL
-193224
$NLLcatch
-131478
$NLLescape
-80553.3
$NLLagecompCatch
11839
$NLLagecompEsc
6968.41
$NLLgenetics
0
$NLLselOne
2.84696e-14
$NLLavailOne
2.2306e-05
$NLLextra
5.49968e-10
#OBSERVED_AND_PREDICTED_VALUES
$predEsc
 2359.17 4180.15 2702.56 1625.34 837.843
$obsEsc
 2320.33 4218.99 2744.62 1621.73 799.612
$predCatch
 6728.47 8015.95 2216.63
$obsCatch
 6728.47 8015.95 2216.64
$RunSize
 5.72869e-11 5.41043e-11 0 0 0 3.3382 854.61 1559.38 12.9473 5.41043e-11 1.38624 1270.86 264.633 5.56956e-11 5.72869e-11 1.3953 0 5.56956e-11 1.5913e-10 8.59303e-11 0 0 0 0 124.145 5481.74 1.52765e-10 7.16086e-11 1.75043e-10 7.44639 1619.24 1.03435e-10 1.60721e-10 9.07042e-11 0 9.70694e-11 6.20608e-11 5.56956e-11 0 0 0 49.722 318.637 4364.4 9.22313 5.56956e-11 10.3119 194.436 420.852 6.8426e-11 6.20608e-11 6.52434e-11 0 5.72869e-11 3.50086e-11 5.56956e-11 0 0 0 26.6676 237.211 2142.65 2.02038 5.56956e-11 46.1765 3583.22 3020.55 1.66424 3.34173e-11 23.679 0 5.09217e-11 2.22782e-11 3.34173e-11 0 0 0 7.82047 396.737 2297.45 4.70473 4.13738e-11 2.02765 39.5058 265.322 4.45564e-11 2.06869e-11 3.97825e-11 0 2.86434e-11
$SSageCompEsc
 1407 912 1611 1615 1358
$obsAgeCompEsc
0 0 0 0 0 0.00138184 0.237582 0.412313 0.00450178 0 0.000584742 0.275586 0.0674664 0 0 0.000584742 0 0 
0 0 0 0 0 0 0.0200953 0.773809 0 0 0 0.000478058 0.205618 0 0 0 0 0 
0 0 0 0 0 0.016774 0.0641941 0.813039 0.0024369 0 0.00356547 0.0261589 0.0738314 0 0 0 0 0 
0 0 0 0 0 0.0160773 0.0384735 0.266595 0 0 0.0276505 0.369196 0.280646 0 0 0.00136068 0 0 
0 0 0 0 0 0.00940889 0.136451 0.742686 0.00259936 0 0.00244079 0.0217625 0.0846521 0 0 0 0 0 
$predAgeCompEsc
2.39109e-14 1.36206e-14 0 0 0 0.00139333 0.215146 0.392254 0.0037722 1.17933e-14 0.0005786 0.319937 0.0665671 1.6227e-14 2.39109e-14 0.000351264 0 1.6227e-14 
3.7448e-14 1.18908e-14 0 0 0 0 0.0171788 0.757912 2.46089e-14 8.54036e-15 4.11928e-14 0.00103041 0.223878 1.66623e-14 3.78224e-14 1.25514e-14 0 1.56369e-14 
2.25142e-14 1.02717e-14 0 0 0 0.0180379 0.0587646 0.803987 0.00208338 8.33681e-15 0.00374092 0.0358589 0.0775272 1.54565e-14 2.25142e-14 1.20325e-14 0 1.29403e-14 
2.05894e-14 5.92654e-15 0 0 0 0.0156838 0.0252415 0.227166 0.000384122 2.60256e-15 0.0271575 0.381289 0.320242 0.000316411 1.96535e-14 0.00251968 0 9.68141e-15 
2.57612e-14 1.10144e-14 0 0 0 0.00904313 0.130764 0.755225 0.00238421 7.76823e-15 0.00234465 0.0130211 0.0872177 2.25799e-14 2.39211e-14 1.31123e-14 0 1.45156e-14 
$SSageCompCatch
 4669 4483 1725
$obsAgeCompCatch
0 0 0 0 0 0.000462582 0.0673674 0.655342 0.000484099 0 8.31783e-05 0.124922 0.151339 0 0 0 0 0 
0 0 0 0 0 0 0.0299395 0.297879 0.000703631 0 8.2761e-05 0.359944 0.308219 0.000255075 0 0.00296433 1.26838e-05 0 
0 0 0 0 0 0 0.112112 0.702593 0.000827319 0 0 0.0311436 0.153306 1.84473e-05 0 0 0 0 
$predAgeCompCatch
6.20844e-16 1.14276e-14 0 0 0 0.000134347 0.0738399 0.674758 0.000977317 1.26947e-14 3.80647e-05 0.100152 0.149866 8.13994e-06 6.23529e-16 0.000226753 0 9.44943e-15 
2.58079e-16 7.11996e-15 0 0 0 0.000161185 0.0383343 0.323541 0.000363658 8.14763e-15 0.000241515 0.339533 0.295527 0.000128673 2.49488e-16 0.00217005 0 5.47689e-15 
3.0508e-16 1.01145e-14 0 0 0 0.000111967 0.107572 0.651283 0.00101638 1.39668e-14 5.89102e-05 0.0962232 0.143151 2.87634e-05 2.85657e-16 0.000554723 0 7.04588e-15 
$genSS
 0 0 0
$obsGenComp     #GeneticFracData
-1 -1 -1 -1 -1 
-1 -1 -1 -1 -1 
-1 -1 -1 -1 -1 
$predGenComp     #catchGenComp_pred
0 0 0 0 0 
0 0 0 0 0 
0 0 0 0 0 
#PARAMETERS_OF_INTEREST
$catchByGroup
7.52353e-13 1.16433e-13 8.38764e-15 
1.83757e-11 3.34714e-12 2.48098e-13 
0 0 0 
0 0 0 
0 0 0 
0.0438409 0.00678473 0.000488762 
290.255 52.8701 3.91887 
530.222 96.6022 7.16071 
3.40941 0.59485 0.0437523 
2.18364e-11 4.13675e-12 3.08837e-13 
0.0182056 0.00281746 0.000202966 
431.629 78.6214 5.82762 
89.9809 16.3938 1.2152 
1.46663e-11 2.55888e-12 1.8821e-13 
7.52353e-13 1.16433e-13 8.38764e-15 
0.473892 0.0863197 0.00639824 
0 0 0 
1.46663e-11 2.55888e-12 1.8821e-13 
2.32614e-12 2.30466e-13 3.54716e-14 
3.18043e-11 3.82163e-12 5.99208e-13 
0 0 0 
0 0 0 
0 0 0 
0 0 0 
45.9482 5.52117 0.865686 
2031.14 244.13 38.2791 
4.40773e-11 5.0336e-12 7.85276e-13 
3.13425e-11 3.94468e-12 6.21403e-13 
2.55875e-12 2.53513e-13 3.90187e-14 
2.75604 0.331168 0.0519251 
599.976 72.113 11.3072 
2.9844e-11 3.40817e-12 5.31697e-13 
2.3494e-12 2.32771e-13 3.58263e-14 
3.35712e-11 4.03394e-12 6.32497e-13 
0 0 0 
2.80074e-11 3.19844e-12 4.98977e-13 
1.00762e-12 2.0399e-13 3.18178e-15 
2.23779e-11 5.46832e-12 8.9559e-14 
0 0 0 
0 0 0 
0 0 0 
0.80729 0.163433 0.00254919 
128.025 31.2845 0.512371 
1755.47 429.082 7.02792 
2.9058 0.675933 0.0109251 
2.63266e-11 6.72667e-12 1.11525e-13 
0.167425 0.0338947 0.00052868 
78.1224 19.0902 0.312655 
169.277 41.3757 0.677691 
2.1558e-11 5.01471e-12 8.1053e-14 
1.00762e-12 2.0399e-13 3.18178e-15 
2.62141e-11 6.40574e-12 1.04912e-13 
0 0 0 
1.80486e-11 4.19836e-12 6.78583e-14 
5.06394e-14 1.43415e-12 5.91074e-14 
2.47396e-12 4.07118e-11 2.87714e-12 
0 0 0 
0 0 0 
0 0 0 
0.0385742 1.09245 0.0450247 
10.5367 173.394 12.2539 
95.3066 1567.28 110.838 
0.0664899 1.25216 0.0774021 
3.06437e-12 4.48406e-11 3.5605e-12 
0.0667936 1.89164 0.0779629 
159.164 2619.23 185.103 
134.356 2209.44 156.251 
0.0547694 1.03144 0.063758 
4.83376e-14 1.36896e-12 5.64207e-14 
1.05181 17.3087 1.22322 
0 0 0 
1.67581e-12 3.15594e-11 1.95084e-12 
4.05755e-14 8.37087e-14 5.70102e-13 
1.85849e-12 3.72432e-12 1.86062e-11 
0 0 0 
0 0 0 
0 0 0 
0.0142435 0.0293848 0.200127 
22.0643 44.2158 220.896 
127.947 256.388 1280.35 
0.194149 0.392123 2.12086 
2.84606e-12 5.66226e-12 2.6357e-11 
0.00369298 0.00761875 0.0518878 
2.19709 4.40287 21.9962 
14.776 29.6092 147.862 
1.8387e-12 3.71363e-12 2.00857e-11 
3.76773e-14 7.77296e-14 5.29381e-13 
2.21248e-12 4.43371e-12 2.21503e-11 
0 0 0 
1.18202e-12 2.38733e-12 1.29123e-11 
$escByGroup
 5.00014e-07 5.00008e-07 5e-07 5e-07 5e-07 3.28709 507.566 925.392 8.89926 5.00007e-07 1.36501 754.786 157.043 5.0001e-07 5.00014e-07 0.828691 5e-07 5.0001e-07 5.00039e-07 5.00012e-07 5e-07 5e-07 5e-07 5e-07 71.8099 3168.19 5.00026e-07 5.00009e-07 5.00043e-07 4.30726 935.846 5.00017e-07 5.0004e-07 5.00013e-07 5e-07 5.00016e-07 5.00015e-07 5.00007e-07 5e-07 5e-07 5e-07 48.7487 158.815 2172.83 5.63047 5.00006e-07 10.1101 96.9109 209.522 5.0001e-07 5.00015e-07 5.00008e-07 5e-07 5.00009e-07 5.00008e-07 5.00002e-07 5e-07 5e-07 5e-07 25.4916 41.026 369.222 0.624329 5.00001e-07 44.1401 619.725 520.502 0.514276 5.00008e-07 4.09533 5e-07 5.00004e-07 5.00005e-07 5.00002e-07 5e-07 5e-07 5e-07 7.57672 109.56 632.76 1.9976 5.00002e-07 1.96445 10.9097 73.0747 5.00005e-07 5.00005e-07 5.00003e-07 5e-07 5.00003e-07
$catchByGroup
7.52353e-13 1.83757e-11 0 0 0 0.0438409 290.255 530.222 3.40941 2.18364e-11 0.0182056 431.629 89.9809 1.46663e-11 7.52353e-13 0.473892 0 1.46663e-11 2.32614e-12 3.18043e-11 0 0 0 0 45.9482 2031.14 4.40773e-11 3.13425e-11 2.55875e-12 2.75604 599.976 2.9844e-11 2.3494e-12 3.35712e-11 0 2.80074e-11 1.00762e-12 2.23779e-11 0 0 0 0.80729 128.025 1755.47 2.9058 2.63266e-11 0.167425 78.1224 169.277 2.1558e-11 1.00762e-12 2.62141e-11 0 1.80486e-11 5.06394e-14 2.47396e-12 0 0 0 0.0385742 10.5367 95.3066 0.0664899 3.06437e-12 0.0667936 159.164 134.356 0.0547694 4.83376e-14 1.05181 0 1.67581e-12 4.05755e-14 1.85849e-12 0 0 0 0.0142435 22.0643 127.947 0.194149 2.84606e-12 0.00369298 2.19709 14.776 1.8387e-12 3.76773e-14 2.21248e-12 0 1.18202e-12 
1.16433e-13 3.34714e-12 0 0 0 0.00678473 52.8701 96.6022 0.59485 4.13675e-12 0.00281746 78.6214 16.3938 2.55888e-12 1.16433e-13 0.0863197 0 2.55888e-12 2.30466e-13 3.82163e-12 0 0 0 0 5.52117 244.13 5.0336e-12 3.94468e-12 2.53513e-13 0.331168 72.113 3.40817e-12 2.32771e-13 4.03394e-12 0 3.19844e-12 2.0399e-13 5.46832e-12 0 0 0 0.163433 31.2845 429.082 0.675933 6.72667e-12 0.0338947 19.0902 41.3757 5.01471e-12 2.0399e-13 6.40574e-12 0 4.19836e-12 1.43415e-12 4.07118e-11 0 0 0 1.09245 173.394 1567.28 1.25216 4.48406e-11 1.89164 2619.23 2209.44 1.03144 1.36896e-12 17.3087 0 3.15594e-11 8.37087e-14 3.72432e-12 0 0 0 0.0293848 44.2158 256.388 0.392123 5.66226e-12 0.00761875 4.40287 29.6092 3.71363e-12 7.77296e-14 4.43371e-12 0 2.38733e-12 
8.38764e-15 2.48098e-13 0 0 0 0.000488762 3.91887 7.16071 0.0437523 3.08837e-13 0.000202966 5.82762 1.2152 1.8821e-13 8.38764e-15 0.00639824 0 1.8821e-13 3.54716e-14 5.99208e-13 0 0 0 0 0.865686 38.2791 7.85276e-13 6.21403e-13 3.90187e-14 0.0519251 11.3072 5.31697e-13 3.58263e-14 6.32497e-13 0 4.98977e-13 3.18178e-15 8.9559e-14 0 0 0 0.00254919 0.512371 7.02792 0.0109251 1.11525e-13 0.00052868 0.312655 0.677691 8.1053e-14 3.18178e-15 1.04912e-13 0 6.78583e-14 5.91074e-14 2.87714e-12 0 0 0 0.0450247 12.2539 110.838 0.0774021 3.5605e-12 0.0779629 185.103 156.251 0.063758 5.64207e-14 1.22322 0 1.95084e-12 5.70102e-13 1.86062e-11 0 0 0 0.200127 220.896 1280.35 2.12086 2.6357e-11 0.0518878 21.9962 147.862 2.00857e-11 5.29381e-13 2.21503e-11 0 1.29123e-11 
$Fmort
 0.239891 0.264012 0.141308
#ESTIMATED_PARAMETERS
$availability
1.38912 1.54733 1.72003 0.152101 0.191551 
0.194249 0.138378 0.314342 3.99361 0.359421 
0.0261198 0.0397677 0.00914573 0.301431 4.62427 
$selectivity
 0.0396717 1.24524 1.247 0.91711 1.55097
$RunSize
 5.72869e-11 5.41043e-11 0 0 0 3.3382 854.61 1559.38 12.9473 5.41043e-11 1.38624 1270.86 264.633 5.56956e-11 5.72869e-11 1.3953 0 5.56956e-11 1.5913e-10 8.59303e-11 0 0 0 0 124.145 5481.74 1.52765e-10 7.16086e-11 1.75043e-10 7.44639 1619.24 1.03435e-10 1.60721e-10 9.07042e-11 0 9.70694e-11 6.20608e-11 5.56956e-11 0 0 0 49.722 318.637 4364.4 9.22313 5.56956e-11 10.3119 194.436 420.852 6.8426e-11 6.20608e-11 6.52434e-11 0 5.72869e-11 3.50086e-11 5.56956e-11 0 0 0 26.6676 237.211 2142.65 2.02038 5.56956e-11 46.1765 3583.22 3020.55 1.66424 3.34173e-11 23.679 0 5.09217e-11 2.22782e-11 3.34173e-11 0 0 0 7.82047 396.737 2297.45 4.70473 4.13738e-11 2.02765 39.5058 265.322 4.45564e-11 2.06869e-11 3.97825e-11 0 2.86434e-11
