$ndistricts
3
$ngroups
90
$nstocks
5
$nagecomps
18
$AgeCompLabels
 0.1 0.2 0.3 0.4 0.5 1.1 1.2 1.3 1.4 1.5 2.1 2.2 2.3 2.4 3.1 3.2 3.3 3.4
$navailpar
15
$nselectpar
5
$GENdata
-1
$maxGradient
0.000152156
#LIKELIHOOD_VALUES_AND_PENALTIES
$totalNLL
-112087
$NLLcatch
-100259
$NLLescape
-32386.2
$NLLagecompCatch
14461.5
$NLLagecompEsc
6096.17
$NLLgenetics
0
$NLLselOne
1.94059e-09
$NLLavailOne
2.2306e-05
$NLLextra
6.49973e-10
#OBSERVED_AND_PREDICTED_VALUES
$predEsc
 1813.59 427.329 1402.3 1056.12 629.957
$obsEsc
 1827.78 451.3 1375.49 1032.14 638.42
$predCatch
 4727.06 7029.4 1538.79
$obsCatch
 4727.06 7029.4 1538.79
$RunSize
 7.75229e-11 6.40856e-11 0 0 0 0 456.873 2323.32 2.1603e-10 7.75229e-11 8.37247e-11 664.134 262.147 5.58165e-11 7.4422e-11 0 0 5.68501e-11 5.89174e-11 5.37492e-11 0 0 0 0 342.679 424.684 9.06961 5.9951e-11 6.09847e-11 23.4994 98.0132 5.16819e-11 6.20183e-11 0 0 5.06483e-11 5.37492e-11 4.96146e-11 0 0 0 0 252.857 3203.63 1.90189e-10 5.47828e-11 5.16819e-11 79.7866 300.265 5.16819e-11 5.37492e-11 0 0 4.96146e-11 3.82446e-11 5.58165e-11 0 0 0 0 405.091 2578.87 9.09602e-11 3.92783e-11 3.35395 1738.31 3196.86 6.09847e-11 3.92783e-11 26.2159 3.26744 6.09847e-11 2.17064e-11 3.20428e-11 0 0 0 0 234.677 1716.53 8.20904 2.274e-11 2.17064e-11 117.22 154.965 3.51437e-11 2.06728e-11 0 0 3.51437e-11
$SSageCompEsc
 1272 411.5 1428 1413 1541
$obsAgeCompEsc
0 0 0 0 0 0 0.161887 0.570742 0 0 0 0.201055 0.0663159 0 0 0 0 0 
0 0 0 0 0 0.000258602 0.462782 0.40656 0.00654437 0 0 0.027621 0.0962343 0 0 0 0 0 
0 0 0 0 0 0 0.0954044 0.801329 0 0 0 0.0258885 0.077378 0 0 0 0 0 
0 0 0 0 0 0 0.0639659 0.303803 0 0 0.00322842 0.257088 0.366115 0 0 0.00516779 0.000631794 0 
0 0 0 0 0 0 0.155276 0.716517 0.00210491 0 0 0.063658 0.0624439 0 0 0 0 0 
$predAgeCompEsc
4.27277e-14 1.87906e-14 0 0 0 0 0.13396 0.603242 4.63963e-14 4.27245e-14 4.61459e-14 0.194732 0.0680658 1.19876e-14 4.10186e-14 0 0 1.22096e-14 
1.37812e-13 6.44841e-14 0 0 0 0 0.41112 0.449139 0.00789175 1.40218e-13 1.42647e-13 0.0281928 0.103657 4.49701e-14 1.45065e-13 0 0 4.40707e-14 
3.83087e-14 1.5198e-14 0 0 0 0 0.0774555 0.821141 3.62423e-14 3.90417e-14 3.68353e-14 0.0244403 0.0769627 9.84844e-15 3.83087e-14 0 0 9.4545e-15 
3.61767e-14 9.70662e-15 0 0 0 0 0.0704464 0.276463 2.4917e-15 3.71479e-14 0.0031726 0.302296 0.342713 1.67057e-15 3.71545e-14 0.004559 0.000350279 1.67057e-15 
3.44367e-14 1.79326e-14 0 0 0 0 0.131336 0.734668 0.00207044 3.60727e-14 3.44367e-14 0.0656015 0.0663242 8.86375e-15 3.27968e-14 0 0 8.86375e-15 
$SSageCompCatch
 5464 5653 2422
$obsAgeCompCatch
0 0 0 0 0 0 0.0854489 0.710505 0.00139838 0 0 0.0852602 0.116347 0 0 0.00104046 0 0 
0 0 0 0 0 0 0.0594488 0.381735 3.3716e-05 0 0 0.200406 0.35632 0 0 0.00190927 0.000147397 0 
0 0 0 0 0 0 0.0669 0.684512 0.00349255 0 0 0.0851768 0.158846 0 0 0.000536363 0.000536363 0 
$predAgeCompCatch
1.70854e-17 1.65629e-14 0 0 0 0 0.104388 0.689938 0.00124137 2.03959e-17 2.89352e-08 0.0890111 0.115071 2.05279e-14 1.71109e-17 0.000306019 4.44311e-05 2.02579e-14 
6.54604e-18 7.76904e-15 0 0 0 0 0.0545984 0.391804 0.000254128 7.90963e-18 4.36951e-07 0.18692 0.363375 1.0103e-14 6.66292e-18 0.00268751 0.000360338 1.00674e-14 
7.48453e-18 1.16382e-14 0 0 0 0 0.0848392 0.675388 0.00321526 9.21402e-18 6.48156e-08 0.0833 0.152466 1.63361e-14 7.20084e-18 0.000690734 0.000100417 1.63319e-14 
$genSS
 0 0 0
$obsGenComp     #GeneticFracData
-1 -1 -1 -1 -1 
-1 -1 -1 -1 -1 
-1 -1 -1 -1 -1 
$predGenComp     #catchGenComp_pred
0 0 0 0 0 
0 0 0 0 0 
0 0 0 0 0 
#PARAMETERS_OF_INTEREST
$catchByGroup
2.88685e-14 3.45466e-15 1.99766e-16 
2.59237e-11 3.85408e-12 2.29428e-13 
0 0 0 
0 0 0 
0 0 0 
0 0 0 
184.813 27.4761 1.63562 
1056.86 162.694 9.73279 
1.12573e-10 1.82164e-11 1.09762e-12 
3.40404e-14 4.07369e-15 2.35562e-16 
3.1178e-14 3.73103e-15 2.15747e-16 
268.653 39.9407 2.37762 
119.249 18.3573 1.09818 
2.90857e-11 4.70664e-12 2.83596e-13 
2.77138e-14 3.31647e-15 1.91775e-16 
0 0 0 
0 0 0 
2.96244e-11 4.7938e-12 2.88848e-13 
2.44384e-14 1.87038e-15 2.3115e-16 
2.35774e-11 2.32316e-12 2.92693e-13 
0 0 0 
0 0 0 
0 0 0 
0 0 0 
150.318 14.8114 1.86607 
208.643 21.4055 2.70569 
5.0755 0.551668 0.0700663 
2.9322e-14 2.24422e-15 2.77352e-16 
2.52958e-14 1.936e-15 2.3926e-16 
10.3082 1.0157 0.127967 
48.1529 4.94019 0.62445 
2.8922e-11 3.14361e-12 3.99263e-13 
2.57246e-14 1.96882e-15 2.43316e-16 
0 0 0 
0 0 0 
2.83436e-11 3.08073e-12 3.91278e-13 
2.47825e-14 3.87602e-15 4.84966e-17 
2.35021e-11 4.73806e-12 6.2266e-14 
0 0 0 
0 0 0 
0 0 0 
0 0 0 
119.776 24.1472 0.317334 
1692.33 355.107 4.70557 
1.13759e-10 2.52686e-11 3.38915e-13 
2.9784e-14 4.65844e-15 5.82866e-17 
2.38293e-14 3.72694e-15 4.66314e-17 
37.7943 7.61941 0.100132 
158.616 33.283 0.441036 
3.09129e-11 6.86646e-12 9.20966e-14 
2.47825e-14 3.87602e-15 4.84966e-17 
0 0 0 
0 0 0 
2.96763e-11 6.59181e-12 8.84127e-14 
1.55966e-15 3.50238e-14 1.13729e-15 
3.07991e-12 4.02222e-11 2.26302e-12 
0 0 0 
0 0 0 
0 0 0 
0 0 0 
22.3526 291.915 16.424 
165.768 1999.17 121.958 
7.04506e-12 7.60907e-11 5.1929e-12 
1.88884e-15 4.24126e-14 1.37733e-15 
0.000136778 0.0030715 9.97376e-05 
95.9186 1252.65 70.4779 
205.492 2478.24 151.183 
4.72339e-12 5.10153e-11 3.4816e-12 
1.60181e-15 3.59704e-14 1.16803e-15 
1.44657 18.8916 1.06289 
0.210029 2.53295 0.154521 
4.72339e-12 5.10153e-11 3.4816e-12 
1.1148e-15 1.78978e-15 9.90041e-15 
2.21053e-12 3.47418e-12 1.50613e-11 
0 0 0 
0 0 0 
0 0 0 
0 0 0 
16.1896 25.4444 110.307 
137.778 215.769 900.179 
0.792513 1.2347 4.87754 
1.37716e-15 2.21098e-15 1.22299e-14 
1.1148e-15 1.78978e-15 9.90041e-15 
8.08659 12.7093 55.0975 
12.4383 19.4791 81.2661 
3.39283e-12 5.28587e-12 2.08812e-11 
1.06172e-15 1.70456e-15 9.42896e-15 
0 0 0 
0 0 0 
3.39283e-12 5.28587e-12 2.08812e-11 
$escByGroup
 5.00019e-07 5.00009e-07 5e-07 5e-07 5e-07 5e-07 242.948 1094.03 5.00021e-07 5.00019e-07 5.00021e-07 353.162 123.443 5.00005e-07 5.00019e-07 5e-07 5e-07 5.00006e-07 5.00015e-07 5.00007e-07 5e-07 5e-07 5e-07 5e-07 175.683 191.93 3.37238 5.00015e-07 5.00015e-07 12.0476 44.2957 5.00005e-07 5.00015e-07 5e-07 5e-07 5.00005e-07 5.00013e-07 5.00005e-07 5e-07 5e-07 5e-07 5e-07 108.616 1151.49 5.00013e-07 5.00014e-07 5.00013e-07 34.2728 107.925 5.00003e-07 5.00013e-07 5e-07 5e-07 5.00003e-07 5.0001e-07 5.00003e-07 5e-07 5e-07 5e-07 5e-07 74.3997 291.977 5.00001e-07 5.0001e-07 3.35065 319.261 361.945 5e-07 5.0001e-07 4.81485 0.369936 5e-07 5.00005e-07 5.00003e-07 5e-07 5e-07 5e-07 5e-07 82.7359 462.809 1.30429 5.00006e-07 5.00005e-07 41.3261 41.7813 5.00001e-07 5.00005e-07 5e-07 5e-07 5.00001e-07
$catchByGroup
2.88685e-14 2.59237e-11 0 0 0 0 184.813 1056.86 1.12573e-10 3.40404e-14 3.1178e-14 268.653 119.249 2.90857e-11 2.77138e-14 0 0 2.96244e-11 2.44384e-14 2.35774e-11 0 0 0 0 150.318 208.643 5.0755 2.9322e-14 2.52958e-14 10.3082 48.1529 2.8922e-11 2.57246e-14 0 0 2.83436e-11 2.47825e-14 2.35021e-11 0 0 0 0 119.776 1692.33 1.13759e-10 2.9784e-14 2.38293e-14 37.7943 158.616 3.09129e-11 2.47825e-14 0 0 2.96763e-11 1.55966e-15 3.07991e-12 0 0 0 0 22.3526 165.768 7.04506e-12 1.88884e-15 0.000136778 95.9186 205.492 4.72339e-12 1.60181e-15 1.44657 0.210029 4.72339e-12 1.1148e-15 2.21053e-12 0 0 0 0 16.1896 137.778 0.792513 1.37716e-15 1.1148e-15 8.08659 12.4383 3.39283e-12 1.06172e-15 0 0 3.39283e-12 
3.45466e-15 3.85408e-12 0 0 0 0 27.4761 162.694 1.82164e-11 4.07369e-15 3.73103e-15 39.9407 18.3573 4.70664e-12 3.31647e-15 0 0 4.7938e-12 1.87038e-15 2.32316e-12 0 0 0 0 14.8114 21.4055 0.551668 2.24422e-15 1.936e-15 1.0157 4.94019 3.14361e-12 1.96882e-15 0 0 3.08073e-12 3.87602e-15 4.73806e-12 0 0 0 0 24.1472 355.107 2.52686e-11 4.65844e-15 3.72694e-15 7.61941 33.283 6.86646e-12 3.87602e-15 0 0 6.59181e-12 3.50238e-14 4.02222e-11 0 0 0 0 291.915 1999.17 7.60907e-11 4.24126e-14 0.0030715 1252.65 2478.24 5.10153e-11 3.59704e-14 18.8916 2.53295 5.10153e-11 1.78978e-15 3.47418e-12 0 0 0 0 25.4444 215.769 1.2347 2.21098e-15 1.78978e-15 12.7093 19.4791 5.28587e-12 1.70456e-15 0 0 5.28587e-12 
1.99766e-16 2.29428e-13 0 0 0 0 1.63562 9.73279 1.09762e-12 2.35562e-16 2.15747e-16 2.37762 1.09818 2.83596e-13 1.91775e-16 0 0 2.88848e-13 2.3115e-16 2.92693e-13 0 0 0 0 1.86607 2.70569 0.0700663 2.77352e-16 2.3926e-16 0.127967 0.62445 3.99263e-13 2.43316e-16 0 0 3.91278e-13 4.84966e-17 6.2266e-14 0 0 0 0 0.317334 4.70557 3.38915e-13 5.82866e-17 4.66314e-17 0.100132 0.441036 9.20966e-14 4.84966e-17 0 0 8.84127e-14 1.13729e-15 2.26302e-12 0 0 0 0 16.424 121.958 5.1929e-12 1.37733e-15 9.97376e-05 70.4779 151.183 3.4816e-12 1.16803e-15 1.06289 0.154521 3.4816e-12 9.90041e-15 1.50613e-11 0 0 0 0 110.307 900.179 4.87754 1.22299e-14 9.90041e-15 55.0975 81.2661 2.08812e-11 9.42896e-15 0 0 2.08812e-11 
$Fmort
 0.268114 0.229409 0.0986519
#ESTIMATED_PARAMETERS
$availability
1.38912 1.54733 1.72003 0.152101 0.191551 
0.194249 0.138378 0.314342 3.99361 0.359421 
0.0261198 0.0397677 0.00914573 0.301431 4.62427 
$selectivity
 0.00100004 1.39184 1.62916 1.97682 0.00117923
$RunSize
 7.75229e-11 6.40856e-11 0 0 0 0 456.873 2323.32 2.1603e-10 7.75229e-11 8.37247e-11 664.134 262.147 5.58165e-11 7.4422e-11 0 0 5.68501e-11 5.89174e-11 5.37492e-11 0 0 0 0 342.679 424.684 9.06961 5.9951e-11 6.09847e-11 23.4994 98.0132 5.16819e-11 6.20183e-11 0 0 5.06483e-11 5.37492e-11 4.96146e-11 0 0 0 0 252.857 3203.63 1.90189e-10 5.47828e-11 5.16819e-11 79.7866 300.265 5.16819e-11 5.37492e-11 0 0 4.96146e-11 3.82446e-11 5.58165e-11 0 0 0 0 405.091 2578.87 9.09602e-11 3.92783e-11 3.35395 1738.31 3196.86 6.09847e-11 3.92783e-11 26.2159 3.26744 6.09847e-11 2.17064e-11 3.20428e-11 0 0 0 0 234.677 1716.53 8.20904 2.274e-11 2.17064e-11 117.22 154.965 3.51437e-11 2.06728e-11 0 0 3.51437e-11
