$ndistricts
3
$ngroups
90
$nstocks
5
$nagecomps
18
$AgeCompLabels
 0.1 0.2 0.3 0.4 0.5 1.1 1.2 1.3 1.4 1.5 2.1 2.2 2.3 2.4 3.1 3.2 3.3 3.4
$navailpar
15
$nselectpar
5
$GENdata
1
$maxGradient
0.000610581
#LIKELIHOOD_VALUES_AND_PENALTIES
$totalNLL
-422752
$NLLcatch
-197427
$NLLescape
-241030
$NLLagecompCatch
8331.31
$NLLagecompEsc
6918.74
$NLLgenetics
454.926
$NLLselOne
4.62255e-15
$NLLavailOne
6.84907e-05
$NLLextra
6.09978e-10
#OBSERVED_AND_PREDICTED_VALUES
$predEsc
 24325.8 175.266 717.893 1457.83 980.058
$obsEsc
 24325.9 175.02 717.798 1444.61 996.612
$predCatch
 19139.6 3179.56 925.69
$obsCatch
 19139.6 3179.56 925.69
$RunSize
 7.34704e-11 8.47735e-11 0 0 1.46941e-10 0 278.284 291.783 6.21672e-11 1.46941e-10 3.22139e-10 41279.6 4.19394 4.80383e-11 1.01728e-10 1.36218 0 7.34704e-11 1.41289e-11 1.69547e-11 0 0 1.13031e-11 10.4379 55.4525 125.677 2.5432e-11 1.13031e-11 1.41289e-11 174.162 53.9818 2.26063e-11 1.13031e-11 0.676954 0 2.5432e-11 5.65157e-12 5.65157e-12 0 0 5.65157e-12 0 104.95 268.598 8.47735e-12 5.65157e-12 3.77716 513.827 251.162 8.47735e-12 5.65157e-12 0 3.68553 8.47735e-12 1.41289e-11 1.41289e-11 0 0 1.41289e-11 0 40.3183 220.411 0.295994 1.41289e-11 1.41289e-11 3473.01 460.676 1.41289e-11 1.41289e-11 11.2275 0 1.41289e-11 8.47735e-12 1.13031e-11 0 0 5.65157e-12 0 359.888 491.643 0.639744 5.65157e-12 1.15815 2227.44 193.322 1.13031e-11 5.65157e-12 0 0 1.41289e-11
$SSageCompEsc
 3350 329 2842 2043 2622
$obsAgeCompEsc
0 0 0 0 0 0 0.00393725 0.00563009 0 0 0 0.990268 8.6402e-05 0 0 7.80646e-05 0 0 
0 0 0.0015124 0 0 0.0507789 0.139089 0.23853 0 0 0 0.463783 0.104145 0 0 0.00216131 0 0 
0 0 0 0 0 0.000188964 0.097737 0.212755 0 0 0.00476217 0.483203 0.199221 0 0 0 0.00213234 0 
0 0 0 0 0 0 0.0109732 0.0369397 0.000200473 0 0 0.891325 0.0590817 0 0 0.00147962 0 0 
0 0 0 0 0 0 0.0979676 0.058409 0 0 0.00104384 0.820319 0.0222603 0 0 0 0 0 
$predAgeCompEsc
2.69369e-15 2.02846e-15 0 0 6.02908e-15 0 0.0066588 0.00548911 1.14891e-15 6.02908e-15 1.18108e-14 0.987741 7.88976e-05 8.87793e-16 3.72972e-15 3.25944e-05 0 1.3578e-15 
6.8433e-14 4.48786e-14 0 0 6.43159e-14 0.0505559 0.146781 0.237748 4.69372e-14 6.43159e-14 6.8433e-14 0.461003 0.10212 4.1722e-14 5.47464e-14 0.00179188 0 4.69372e-14 
7.24113e-15 5.31004e-15 0 0 7.86152e-15 0 0.098608 0.212323 6.61684e-15 7.86152e-15 0.00483953 0.482776 0.19854 6.61684e-15 7.24113e-15 0 0.00291336 6.61684e-15 
8.14495e-15 3.65747e-15 0 0 9.6647e-15 0 0.010437 0.0283428 3.55408e-05 9.6647e-15 8.14495e-15 0.89904 0.0592385 1.69649e-15 8.14495e-15 0.0029064 0 1.69649e-15 
7.28713e-15 3.99287e-15 0 0 5.75095e-15 0 0.127132 0.0609761 6.94167e-05 5.75095e-15 0.000995546 0.78685 0.0239768 1.22647e-15 4.85809e-15 0 0 1.53309e-15 
$SSageCompCatch
 6141 6053 2037
$obsAgeCompCatch
0 0 0 0 0 0 0.0187982 0.0310739 0 0 7.14378e-05 0.933383 0.0166738 0 0 0 0 0 
0 0 0.000388111 0 0 0 0.0191327 0.061349 0 0 0 0.825161 0.0913486 0 0 0.00214188 0.00047902 0 
0 0 0.0071168 0 0 0.000232458 0.135416 0.194273 0.000465574 0 0 0.585005 0.0774918 0 0 0 0 0 
$predAgeCompCatch
5.93718e-16 2.62327e-15 0 0 1.68682e-17 8.11629e-05 0.0147596 0.0305494 1.6991e-05 1.68682e-17 1.927e-05 0.937026 0.017312 2.69155e-15 7.14308e-16 0.00015744 7.81359e-05 3.53779e-15 
6.92629e-16 2.91754e-15 0 0 1.34433e-17 3.84389e-06 0.0202623 0.0667137 8.30003e-05 1.34433e-17 1.35973e-05 0.820048 0.091312 3.61106e-15 7.09993e-16 0.00153368 2.96135e-05 3.9945e-15 
6.0192e-16 3.3057e-15 0 0 7.00895e-18 1.24969e-05 0.101188 0.186444 0.000244995 7.00895e-18 7.91866e-05 0.636963 0.0750281 4.5622e-15 4.07545e-16 3.55688e-05 4.75564e-06 5.66411e-15 
$genSS
 328 284 280
$obsGenComp     #GeneticFracData
0.902662 0.0075339 0.015771 0.0704169 0.00361627 
0.240506 0.00150693 0.00221017 0.606088 0.149689 
0.00241133 0.000502361 0.00110519 0.0177836 0.978198 
$predGenComp     #catchGenComp_pred
0.870211 0.012539 0.021025 0.0438625 0.0523624 
0.274059 0.000829178 0.00772165 0.596577 0.120812 
0.00279517 0.00269614 0.00123796 0.0126987 0.980572 
#PARAMETERS_OF_INTEREST
$catchByGroup
7.61098e-12 3.32317e-13 9.78686e-16 
3.36645e-11 1.75974e-12 5.22507e-15 
0 0 0 
0 0 0 
2.67592e-13 1.11024e-14 3.26245e-17 
0 0 0 
110.51 5.77666 0.0171522 
149.659 8.57198 0.0255641 
3.23487e-11 1.86483e-12 5.56323e-15 
2.67592e-13 1.11024e-14 3.26245e-17 
3.33712e-11 1.45708e-12 4.29116e-15 
16392.6 856.888 2.54429 
2.15111 0.123209 0.000367445 
2.49968e-11 1.44101e-12 4.29886e-15 
1.05383e-11 4.60131e-13 1.3551e-15 
0.540939 0.0282764 8.39591e-05 
0 0 0 
3.82303e-11 2.20389e-12 6.57472e-15 
2.10273e-12 1.65437e-14 1.56589e-14 
8.91057e-12 9.16646e-14 8.67724e-14 
0 0 0 
0 0 0 
3.03165e-14 2.20719e-16 2.08909e-16 
1.55342 0.0122219 0.0115683 
29.1432 0.299801 0.283801 
82.1294 0.96475 0.913316 
1.68174e-11 1.99389e-13 1.8876e-13 
3.03165e-14 2.20719e-16 2.08909e-16 
2.10273e-12 1.65437e-14 1.56589e-14 
91.5313 0.9416 0.891346 
35.277 0.414388 0.392296 
1.49488e-11 1.77235e-13 1.67787e-13 
1.68219e-12 1.32349e-14 1.25272e-14 
0.355774 0.00365991 0.00346458 
0 0 0 
1.68174e-11 1.99389e-13 1.8876e-13 
4.2999e-13 2.21934e-14 1.02685e-15 
1.73282e-12 1.01963e-13 4.74981e-15 
0 0 0 
0 0 0 
7.44921e-15 3.70621e-16 1.71165e-17 
0 0 0 
32.1786 1.89346 0.0882045 
108.99 6.86213 0.320832 
3.49567e-12 2.21152e-13 1.03425e-14 
7.44921e-15 3.70621e-16 1.71165e-17 
0.287379 0.0148327 0.000686285 
157.544 9.2702 0.431841 
101.915 6.41667 0.300005 
3.49567e-12 2.21152e-13 1.03425e-14 
4.2999e-13 2.21934e-14 1.02685e-15 
0 0 0 
1.49549 0.0941577 0.00440224 
3.49567e-12 2.21152e-13 1.03425e-14 
6.23679e-13 1.62331e-12 7.99778e-15 
2.66359e-12 6.0964e-12 3.69687e-14 
0 0 0 
0 0 0 
1.06275e-14 2.87118e-14 1.33339e-16 
0 0 0 
7.60081 17.3967 0.105494 
56.6268 121.646 0.819341 
0.0774383 0.16562 0.00112381 
1.06275e-14 2.87118e-14 1.33339e-16 
6.23679e-13 1.62331e-12 7.99778e-15 
654.733 1498.55 9.08725 
118.354 254.25 1.71248 
3.69642e-12 7.90566e-12 5.36435e-14 
6.23679e-13 1.62331e-12 7.99778e-15 
2.11661 4.84449 0.0293771 
0 0 0 
3.69642e-12 7.90566e-12 5.36435e-14 
5.96123e-13 2.07886e-13 5.31529e-13 
3.23682e-12 1.22672e-12 2.92634e-12 
0 0 0 
0 0 0 
6.86413e-15 2.33825e-15 6.09613e-15 
0 0 0 
103.059 39.0585 93.1737 
187.297 74.0748 170.511 
0.247761 0.0982844 0.225666 
6.86413e-15 2.33825e-15 6.09613e-15 
0.0814406 0.0284007 0.072616 
637.86 241.743 576.675 
73.6482 29.1274 67.0476 
4.3775e-12 1.73651e-12 3.98711e-12 
3.97415e-13 1.3859e-13 3.54353e-13 
0 0 0 
0 0 0 
5.47187e-12 2.17064e-12 4.98389e-12 
$escByGroup
 5.00016e-07 5.00012e-07 5e-07 5e-07 5.00037e-07 5e-07 161.981 133.527 5.00007e-07 5.00037e-07 5.00072e-07 24027.6 1.91925 5.00005e-07 5.00023e-07 0.792884 5e-07 5.00008e-07 5.00003e-07 5.00002e-07 5e-07 5e-07 5.00003e-07 8.86072 25.7258 41.6691 5.00002e-07 5.00003e-07 5.00003e-07 80.7982 17.8981 5.00002e-07 5.00002e-07 0.314055 5e-07 5.00002e-07 5.00001e-07 5.00001e-07 5e-07 5e-07 5.00001e-07 5e-07 70.79 152.425 5.00001e-07 5.00001e-07 3.47426 346.581 142.53 5.00001e-07 5.00001e-07 5e-07 2.09148 5.00001e-07 5.00003e-07 5.00001e-07 5e-07 5e-07 5.00004e-07 5e-07 15.2153 41.3188 0.0518123 5.00004e-07 5.00003e-07 1310.64 86.3594 5.00001e-07 5.00003e-07 4.23703 5e-07 5.00001e-07 5.00002e-07 5.00001e-07 5e-07 5e-07 5.00001e-07 5e-07 124.596 59.7601 0.0680324 5.00001e-07 0.975693 771.159 23.4986 5e-07 5.00001e-07 5e-07 5e-07 5e-07
$catchByGroup
7.61098e-12 3.36645e-11 0 0 2.67592e-13 0 110.51 149.659 3.23487e-11 2.67592e-13 3.33712e-11 16392.6 2.15111 2.49968e-11 1.05383e-11 0.540939 0 3.82303e-11 2.10273e-12 8.91057e-12 0 0 3.03165e-14 1.55342 29.1432 82.1294 1.68174e-11 3.03165e-14 2.10273e-12 91.5313 35.277 1.49488e-11 1.68219e-12 0.355774 0 1.68174e-11 4.2999e-13 1.73282e-12 0 0 7.44921e-15 0 32.1786 108.99 3.49567e-12 7.44921e-15 0.287379 157.544 101.915 3.49567e-12 4.2999e-13 0 1.49549 3.49567e-12 6.23679e-13 2.66359e-12 0 0 1.06275e-14 0 7.60081 56.6268 0.0774383 1.06275e-14 6.23679e-13 654.733 118.354 3.69642e-12 6.23679e-13 2.11661 0 3.69642e-12 5.96123e-13 3.23682e-12 0 0 6.86413e-15 0 103.059 187.297 0.247761 6.86413e-15 0.0814406 637.86 73.6482 4.3775e-12 3.97415e-13 0 0 5.47187e-12 
3.32317e-13 1.75974e-12 0 0 1.11024e-14 0 5.77666 8.57198 1.86483e-12 1.11024e-14 1.45708e-12 856.888 0.123209 1.44101e-12 4.60131e-13 0.0282764 0 2.20389e-12 1.65437e-14 9.16646e-14 0 0 2.20719e-16 0.0122219 0.299801 0.96475 1.99389e-13 2.20719e-16 1.65437e-14 0.9416 0.414388 1.77235e-13 1.32349e-14 0.00365991 0 1.99389e-13 2.21934e-14 1.01963e-13 0 0 3.70621e-16 0 1.89346 6.86213 2.21152e-13 3.70621e-16 0.0148327 9.2702 6.41667 2.21152e-13 2.21934e-14 0 0.0941577 2.21152e-13 1.62331e-12 6.0964e-12 0 0 2.87118e-14 0 17.3967 121.646 0.16562 2.87118e-14 1.62331e-12 1498.55 254.25 7.90566e-12 1.62331e-12 4.84449 0 7.90566e-12 2.07886e-13 1.22672e-12 0 0 2.33825e-15 0 39.0585 74.0748 0.0982844 2.33825e-15 0.0284007 241.743 29.1274 1.73651e-12 1.3859e-13 0 0 2.17064e-12 
9.78686e-16 5.22507e-15 0 0 3.26245e-17 0 0.0171522 0.0255641 5.56323e-15 3.26245e-17 4.29116e-15 2.54429 0.000367445 4.29886e-15 1.3551e-15 8.39591e-05 0 6.57472e-15 1.56589e-14 8.67724e-14 0 0 2.08909e-16 0.0115683 0.283801 0.913316 1.8876e-13 2.08909e-16 1.56589e-14 0.891346 0.392296 1.67787e-13 1.25272e-14 0.00346458 0 1.8876e-13 1.02685e-15 4.74981e-15 0 0 1.71165e-17 0 0.0882045 0.320832 1.03425e-14 1.71165e-17 0.000686285 0.431841 0.300005 1.03425e-14 1.02685e-15 0 0.00440224 1.03425e-14 7.99778e-15 3.69687e-14 0 0 1.33339e-16 0 0.105494 0.819341 0.00112381 1.33339e-16 7.99778e-15 9.08725 1.71248 5.36435e-14 7.99778e-15 0.0293771 0 5.36435e-14 5.31529e-13 2.92634e-12 0 0 6.09613e-15 0 93.1737 170.511 0.225666 6.09613e-15 0.072616 576.675 67.0476 3.98711e-12 3.54353e-13 0 0 4.98389e-12 
$Fmort
 0.354311 0.118572 0.050458
#ESTIMATED_PARAMETERS
$availability
1.16915 1.72269 0.846001 0.482647 0.779514 
0.144824 0.0374276 0.125697 3.89889 0.793158 
0.001 0.0832454 0.0136409 0.0425059 4.86092 
$selectivity
 0.264 1.22156 1.73644 1.7736 0.0044002
$RunSize
 7.34704e-11 8.47735e-11 0 0 1.46941e-10 0 278.284 291.783 6.21672e-11 1.46941e-10 3.22139e-10 41279.6 4.19394 4.80383e-11 1.01728e-10 1.36218 0 7.34704e-11 1.41289e-11 1.69547e-11 0 0 1.13031e-11 10.4379 55.4525 125.677 2.5432e-11 1.13031e-11 1.41289e-11 174.162 53.9818 2.26063e-11 1.13031e-11 0.676954 0 2.5432e-11 5.65157e-12 5.65157e-12 0 0 5.65157e-12 0 104.95 268.598 8.47735e-12 5.65157e-12 3.77716 513.827 251.162 8.47735e-12 5.65157e-12 0 3.68553 8.47735e-12 1.41289e-11 1.41289e-11 0 0 1.41289e-11 0 40.3183 220.411 0.295994 1.41289e-11 1.41289e-11 3473.01 460.676 1.41289e-11 1.41289e-11 11.2275 0 1.41289e-11 8.47735e-12 1.13031e-11 0 0 5.65157e-12 0 359.888 491.643 0.639744 5.65157e-12 1.15815 2227.44 193.322 1.13031e-11 5.65157e-12 0 0 1.41289e-11
