$ndistricts
3
$ngroups
90
$nstocks
5
$nagecomps
18
$AgeCompLabels
 0.1 0.2 0.3 0.4 0.5 1.1 1.2 1.3 1.4 1.5 2.1 2.2 2.3 2.4 3.1 3.2 3.3 3.4
$navailpar
15
$nselectpar
5
$GENdata
-1
$maxGradient
0.00051256
#LIKELIHOOD_VALUES_AND_PENALTIES
$totalNLL
-65646.1
$NLLcatch
-47057.1
$NLLescape
-36008.4
$NLLagecompCatch
10209.5
$NLLagecompEsc
7209.98
$NLLgenetics
0
$NLLselOne
8.18879e-13
$NLLavailOne
2.2306e-05
$NLLextra
4.99957e-10
#OBSERVED_AND_PREDICTED_VALUES
$predEsc
 2297.6 259.385 1273.72 1102.51 908.53
$obsEsc
 2296.07 252.2 1202.17 1110.94 924.853
$predCatch
 2552.72 3558.35 724.327
$obsCatch
 2552.72 3558.35 724.327
$RunSize
 1.39428e-10 9.80898e-11 0 1.3478 6.4459e-11 15.3483 1677.7 1022.85 1.34523e-10 6.51596e-11 43.409 693.541 107.961 9.73891e-11 1.38026e-10 1.37326e-10 0 8.47776e-11 2.21403e-10 8.68795e-11 0 0 6.37584e-11 0 171.044 201.234 1.50638e-10 6.58603e-11 1.51339e-10 49.2242 9.62914 1.07899e-10 2.03887e-10 1.8567e-10 0 9.45866e-11 6.58603e-11 6.51596e-11 0 0 5.88539e-11 7.95522 465.278 1319.68 8.55398 6.09558e-11 15.9216 450.486 210.474 0.893483 5.465e-11 2.9607 0 6.16564e-11 6.09558e-11 6.58603e-11 0 0 7.00641e-11 3.27353 245.753 309.844 3.93419 5.95545e-11 62.2179 818.12 2919.8 0.615161 6.23571e-11 46.769 7.94832 6.65609e-11 6.37584e-11 2.69419 1.81549 0 5.25481e-11 9.4986 254.683 393.345 0.609908 4.76436e-11 7.27088 264.262 846.2 2.99739 6.37584e-11 7.07648e-11 0 6.30577e-11
$SSageCompEsc
 1294 88.5 1433 1447 1176
$obsAgeCompEsc
0 0 0 0.000963247 0 0.00675764 0.573554 0.182383 0 0 0.0180585 0.174931 0.0433521 0 0 0 0 0 
0 0 0 0 0 0 0.601116 0.250188 0 0 0 0.102692 0.0460043 0 0 0 0 0 
0 0 0 0 0 0.00656955 0.253538 0.403147 0.00534598 0 0.0127164 0.201772 0.114355 0.000725745 0 0.00183022 0 0 
0 0 0 0 0 0.00294496 0.0764659 0.0509895 0 0 0.0558247 0.230228 0.573432 0 0 0.00868537 0.00143005 0 
0 0.00288582 0.00101158 0 0 0.010307 0.191498 0.209823 0.000326421 0 0.00786283 0.184948 0.391127 0.000210013 0 0 0 0 
$predAgeCompEsc
6.02815e-14 2.90443e-14 0 0.00034519 5.48146e-15 0.00663584 0.496767 0.246147 3.44531e-14 5.54104e-15 0.0187679 0.205357 0.0259808 2.49426e-14 5.96757e-14 4.0662e-14 0 2.17126e-14 
8.47511e-13 2.22689e-13 0 0 4.65383e-14 0 0.438418 0.415527 3.31825e-13 4.80725e-14 5.79311e-13 0.126171 0.0198831 2.3768e-13 7.80461e-13 4.75908e-13 0 2.08355e-13 
5.12691e-14 3.08547e-14 0 0 2.28368e-15 0.00619277 0.220321 0.468063 0.00331469 2.36524e-15 0.0123942 0.213316 0.0746506 0.000346227 4.25425e-14 0.00140197 0 2.3892e-14 
5.43765e-14 2.19282e-14 0 0 -7.94437e-15 0.0029202 0.0818235 0.0546271 0.000851727 -6.75271e-15 0.0555024 0.272393 0.514776 0.000133178 5.56266e-14 0.0155717 0.00140133 1.441e-14 
6.96334e-14 0.00182945 0.000914764 0 -1.06881e-15 0.0103739 0.172939 0.198192 0.000337406 -9.69052e-16 0.00794086 0.179443 0.42637 0.00165818 6.96334e-14 4.80519e-14 0 3.4884e-14 
$SSageCompCatch
 3781 3998 901
$obsAgeCompCatch
0 0 0.000286983 0 0 0 0.232375 0.501829 0.000642949 0 0.00058945 0.176455 0.0872107 0 0 0.000610614 0 0 
0 0 0 0 0 0 0.0782073 0.129865 0.00141694 0 0 0.168708 0.609167 0.00031754 0 0.0105194 0.00179869 0 
0 0 0 0 0 0 0.0737964 0.188093 0.000445989 0 0 0.100002 0.63423 0.00343166 0 0 0 0 
$predAgeCompCatch
1.10535e-15 4.61308e-05 4.59205e-05 0.000186987 5.75713e-14 6.14838e-05 0.27021 0.435885 0.0014868 5.8211e-14 0.000162371 0.155088 0.135418 0.000226275 1.02611e-15 0.00102218 0.000160728 3.88071e-14 
3.76521e-16 5.65979e-05 5.58947e-05 2.08571e-05 2.9572e-14 2.40108e-05 0.0746777 0.13093 0.000988159 2.66629e-14 0.000288387 0.155231 0.62823 0.000224726 3.75792e-16 0.00765445 0.00161838 1.85115e-14 
5.39894e-16 0.000984252 0.000922635 4.35248e-06 5.47378e-14 7.50896e-05 0.104803 0.218912 0.000440283 4.94444e-14 8.88545e-05 0.121164 0.54957 0.00142813 5.39209e-16 0.00128326 0.000323478 3.28051e-14 
$genSS
 0 0 0
$obsGenComp     #GeneticFracData
-1 -1 -1 -1 -1 
-1 -1 -1 -1 -1 
-1 -1 -1 -1 -1 
$predGenComp     #catchGenComp_pred
0 0 0 0 0 
0 0 0 0 0 
0 0 0 0 0 
#PARAMETERS_OF_INTEREST
$catchByGroup
8.1459e-13 1.05802e-13 4.37611e-15 
2.7154e-11 4.03343e-12 1.70146e-13 
0 0 0 
0.477325 0.0742166 0.00315262 
4.2945e-11 8.54203e-12 3.7777e-13 
0.0896707 0.0116467 0.000481726 
464.436 68.9869 2.91014 
392.48 62.172 2.6486 
4.76415e-11 7.40751e-12 3.14661e-13 
4.34118e-11 8.63488e-12 3.81876e-13 
0.253612 0.03294 0.00136245 
191.992 28.5183 1.20301 
41.4262 6.56225 0.279559 
3.44904e-11 5.36273e-12 2.27801e-13 
8.06403e-13 1.04738e-13 4.33213e-15 
3.80156e-11 5.64681e-12 2.38204e-13 
0 0 0 
3.0024e-11 4.66827e-12 1.98302e-13 
1.44036e-12 1.19697e-13 1.05798e-14 
2.63276e-11 2.56026e-12 2.29339e-13 
0 0 0 
0 0 0 
4.49782e-11 6.14076e-12 5.68035e-13 
0 0 0 
51.8324 5.04049 0.45151 
83.868 8.79176 0.792816 
5.80741e-11 5.95698e-12 5.36134e-13 
4.6461e-11 6.3432e-12 5.86761e-13 
9.8455e-13 8.1818e-14 7.23178e-15 
14.9167 1.45059 0.129939 
4.01312 0.420689 0.0379366 
4.15973e-11 4.26686e-12 3.84022e-13 
1.32641e-12 1.10227e-13 9.74282e-15 
5.62647e-11 5.47152e-12 4.9012e-13 
0 0 0 
3.64651e-11 3.74043e-12 3.36643e-13 
4.7611e-13 8.08557e-14 7.23795e-16 
2.15393e-11 4.28045e-12 3.95977e-14 
0 0 0 
0 0 0 
4.37291e-11 1.2095e-11 1.21003e-13 
0.0575091 0.00976651 8.74268e-05 
153.803 30.5649 0.282751 
594.953 127.349 1.19753 
3.57581 0.749167 0.0070112 
4.52909e-11 1.25269e-11 1.25325e-13 
0.115099 0.0195467 0.000174976 
148.913 29.5932 0.273761 
94.8881 20.3107 0.190993 
0.373502 0.0782523 0.000732336 
3.9507e-13 6.7093e-14 6.00596e-16 
0.978696 0.194494 0.00179923 
0 0 0 
2.57742e-11 5.39994e-12 5.05362e-14 
3.90958e-14 9.43945e-13 2.2075e-14 
2.29627e-12 3.80816e-11 1.30639e-12 
0 0 0 
0 0 0 
7.93222e-12 6.62956e-11 4.59501e-12 
0.00209958 0.050693 0.0011855 
8.56839 142.099 4.8747 
15.9941 224.489 9.13368 
0.183893 2.70636 0.104899 
6.74239e-12 5.63513e-11 3.90576e-12 
0.0399053 0.963489 0.022532 
28.5244 473.051 16.228 
150.72 2115.46 86.0709 
0.028754 0.423175 0.0164023 
3.99946e-14 9.65645e-13 2.25824e-14 
1.63064 27.0427 0.927699 
0.410293 5.75874 0.234304 
3.1112e-12 4.57878e-11 1.77474e-12 
5.14954e-14 8.94925e-14 3.53305e-13 
0.117759 0.201395 0.71292 
0.117222 0.198893 0.66829 
0 0 0 
7.37894e-12 1.21539e-11 3.39863e-11 
0.00767169 0.0133324 0.0526347 
11.1318 19.038 67.3928 
25.3974 43.092 144.791 
0.0356824 0.0606831 0.206999 
6.69024e-12 1.10196e-11 3.08142e-11 
0.00587244 0.0102056 0.0402903 
11.5505 19.754 69.9274 
54.6372 92.7036 311.489 
0.175361 0.298227 1.0173 
5.14954e-14 8.94925e-14 3.53305e-13 
3.09303e-12 5.28979e-12 1.87254e-11 
0 0 0 
3.68916e-12 6.27396e-12 2.14014e-11 
$escByGroup
 5.00035e-07 5.00017e-07 5e-07 0.793108 5.00003e-07 15.2465 1141.37 565.547 5.0002e-07 5.00003e-07 43.1211 471.828 59.6934 5.00014e-07 5.00034e-07 5.00023e-07 5e-07 5.00012e-07 5.00055e-07 5.00014e-07 5e-07 5e-07 5.00003e-07 5e-07 113.719 107.782 5.00022e-07 5.00003e-07 5.00038e-07 32.727 5.1574 5.00015e-07 5.00051e-07 5.00031e-07 5e-07 5.00014e-07 5.00016e-07 5.0001e-07 5e-07 5e-07 5.00001e-07 7.88786 280.627 596.181 4.22199 5.00001e-07 15.7868 271.705 95.0841 0.440997 5.00014e-07 1.78572 5e-07 5.00008e-07 5.00015e-07 5.00006e-07 5e-07 5e-07 4.99998e-07 3.21955 90.2112 60.2269 0.939037 4.99998e-07 61.1919 300.316 567.546 0.146831 5.00015e-07 17.168 1.54498 5.00004e-07 5.00016e-07 1.66211 0.83109 5e-07 5e-07 9.42496 157.121 180.064 0.306543 5e-07 7.21451 163.03 387.37 1.50651 5.00016e-07 5.00011e-07 5e-07 5.00008e-07
$catchByGroup
8.1459e-13 2.7154e-11 0 0.477325 4.2945e-11 0.0896707 464.436 392.48 4.76415e-11 4.34118e-11 0.253612 191.992 41.4262 3.44904e-11 8.06403e-13 3.80156e-11 0 3.0024e-11 1.44036e-12 2.63276e-11 0 0 4.49782e-11 0 51.8324 83.868 5.80741e-11 4.6461e-11 9.8455e-13 14.9167 4.01312 4.15973e-11 1.32641e-12 5.62647e-11 0 3.64651e-11 4.7611e-13 2.15393e-11 0 0 4.37291e-11 0.0575091 153.803 594.953 3.57581 4.52909e-11 0.115099 148.913 94.8881 0.373502 3.9507e-13 0.978696 0 2.57742e-11 3.90958e-14 2.29627e-12 0 0 7.93222e-12 0.00209958 8.56839 15.9941 0.183893 6.74239e-12 0.0399053 28.5244 150.72 0.028754 3.99946e-14 1.63064 0.410293 3.1112e-12 5.14954e-14 0.117759 0.117222 0 7.37894e-12 0.00767169 11.1318 25.3974 0.0356824 6.69024e-12 0.00587244 11.5505 54.6372 0.175361 5.14954e-14 3.09303e-12 0 3.68916e-12 
1.05802e-13 4.03343e-12 0 0.0742166 8.54203e-12 0.0116467 68.9869 62.172 7.40751e-12 8.63488e-12 0.03294 28.5183 6.56225 5.36273e-12 1.04738e-13 5.64681e-12 0 4.66827e-12 1.19697e-13 2.56026e-12 0 0 6.14076e-12 0 5.04049 8.79176 5.95698e-12 6.3432e-12 8.1818e-14 1.45059 0.420689 4.26686e-12 1.10227e-13 5.47152e-12 0 3.74043e-12 8.08557e-14 4.28045e-12 0 0 1.2095e-11 0.00976651 30.5649 127.349 0.749167 1.25269e-11 0.0195467 29.5932 20.3107 0.0782523 6.7093e-14 0.194494 0 5.39994e-12 9.43945e-13 3.80816e-11 0 0 6.62956e-11 0.050693 142.099 224.489 2.70636 5.63513e-11 0.963489 473.051 2115.46 0.423175 9.65645e-13 27.0427 5.75874 4.57878e-11 8.94925e-14 0.201395 0.198893 0 1.21539e-11 0.0133324 19.038 43.092 0.0606831 1.10196e-11 0.0102056 19.754 92.7036 0.298227 8.94925e-14 5.28979e-12 0 6.27396e-12 
4.37611e-15 1.70146e-13 0 0.00315262 3.7777e-13 0.000481726 2.91014 2.6486 3.14661e-13 3.81876e-13 0.00136245 1.20301 0.279559 2.27801e-13 4.33213e-15 2.38204e-13 0 1.98302e-13 1.05798e-14 2.29339e-13 0 0 5.68035e-13 0 0.45151 0.792816 5.36134e-13 5.86761e-13 7.23178e-15 0.129939 0.0379366 3.84022e-13 9.74282e-15 4.9012e-13 0 3.36643e-13 7.23795e-16 3.95977e-14 0 0 1.21003e-13 8.74268e-05 0.282751 1.19753 0.0070112 1.25325e-13 0.000174976 0.273761 0.190993 0.000732336 6.00596e-16 0.00179923 0 5.05362e-14 2.2075e-14 1.30639e-12 0 0 4.59501e-12 0.0011855 4.8747 9.13368 0.104899 3.90576e-12 0.022532 16.228 86.0709 0.0164023 2.25824e-14 0.927699 0.234304 1.77474e-12 3.53305e-13 0.71292 0.66829 0 3.39863e-11 0.0526347 67.3928 144.791 0.206999 3.08142e-11 0.0402903 69.9274 311.489 1.0173 3.53305e-13 1.87254e-11 0 2.14014e-11 
$Fmort
 0.338131 0.313267 0.096325
#ESTIMATED_PARAMETERS
$availability
1.38912 1.54733 1.72003 0.152101 0.191551 
0.194249 0.138378 0.314342 3.99361 0.359421 
0.0261198 0.0397677 0.00914573 0.301431 4.62427 
$selectivity
 0.0124749 0.690026 1.03052 0.930774 2.3362
$RunSize
 1.39428e-10 9.80898e-11 0 1.3478 6.4459e-11 15.3483 1677.7 1022.85 1.34523e-10 6.51596e-11 43.409 693.541 107.961 9.73891e-11 1.38026e-10 1.37326e-10 0 8.47776e-11 2.21403e-10 8.68795e-11 0 0 6.37584e-11 0 171.044 201.234 1.50638e-10 6.58603e-11 1.51339e-10 49.2242 9.62914 1.07899e-10 2.03887e-10 1.8567e-10 0 9.45866e-11 6.58603e-11 6.51596e-11 0 0 5.88539e-11 7.95522 465.278 1319.68 8.55398 6.09558e-11 15.9216 450.486 210.474 0.893483 5.465e-11 2.9607 0 6.16564e-11 6.09558e-11 6.58603e-11 0 0 7.00641e-11 3.27353 245.753 309.844 3.93419 5.95545e-11 62.2179 818.12 2919.8 0.615161 6.23571e-11 46.769 7.94832 6.65609e-11 6.37584e-11 2.69419 1.81549 0 5.25481e-11 9.4986 254.683 393.345 0.609908 4.76436e-11 7.27088 264.262 846.2 2.99739 6.37584e-11 7.07648e-11 0 6.30577e-11
