$ndistricts
3
$ngroups
90
$nstocks
5
$nagecomps
18
$AgeCompLabels
 0.1 0.2 0.3 0.4 0.5 1.1 1.2 1.3 1.4 1.5 2.1 2.2 2.3 2.4 3.1 3.2 3.3 3.4
$navailpar
15
$nselectpar
5
$GENdata
1
$maxGradient
0.000223863
#LIKELIHOOD_VALUES_AND_PENALTIES
$totalNLL
-221273
$NLLcatch
-161494
$NLLescape
-83698.3
$NLLagecompCatch
15117.5
$NLLagecompEsc
6679.49
$NLLgenetics
2121.87
$NLLselOne
7.80789e-14
$NLLavailOne
2.66118e-05
$NLLextra
5.89976e-10
#OBSERVED_AND_PREDICTED_VALUES
$predEsc
 2805.63 2464.39 2931.52 1513.97 2567.36
$obsEsc
 2810.21 2466.41 2945.3 1432.5 2599.19
$predCatch
 9022.51 6495.91 5026.61
$obsCatch
 9022.51 6495.91 5026.61
$RunSize
 6.00828e-11 6.73656e-11 0 0 0 0 3342.98 950.505 8.36288 6.37242e-11 6.91862e-11 126.501 838.782 1.82069e-10 6.55449e-11 7.46483e-11 0 6.37242e-11 5.64414e-11 6.19035e-11 0 0 0 1.68508 2604.73 1558.99 8.66683 6.55449e-11 5.82621e-11 56.9913 44.5144 2.33048e-10 5.82621e-11 7.10069e-11 0 6.37242e-11 6.19035e-11 6.19035e-11 0 0 0 0 3691.22 3663.21 53.8155 6.00828e-11 6.19035e-11 266.98 853.453 0.107072 6.37242e-11 7.46483e-11 0 6.73656e-11 3.27724e-11 4.18759e-11 0 0 0 22.207 2130.73 2027.36 9.64966e-11 7.6469e-11 42.0514 1312.42 1966.83 11.0034 3.45931e-11 1.58898 0 4.36966e-11 6.00828e-11 4.91586e-11 0 0 0 11.2306 4352.6 2369.66 70.41 3.09517e-11 6.37242e-11 326.946 111.361 3.64138e-11 6.00828e-11 5.28e-11 0 4.18759e-11
$SSageCompEsc
 1354 1313 1486 1392 1304
$obsAgeCompEsc
0 0 0 0 0 0 0.709965 0.147942 0.00130267 0 0 0.0234597 0.117331 0 0 0 0 0 
0 0 0 0 0 0.000678743 0.667759 0.30849 0.00172479 0 0 0.0132121 0.00813602 0 0 0 0 0 
0 0 0 0 0 0 0.569801 0.332471 0.00460143 0 0 0.03241 0.0607165 0 0 0 0 0 
0 0 0 0 0 0.0150673 0.389392 0.211735 0 0 0.02541 0.154796 0.198637 0.00496228 0 0 0 0 
0 0 0 0 0 0.00445581 0.790815 0.164596 0.00110997 0 0 0.0252406 0.0137828 0 0 0 0 0 
$predAgeCompEsc
2.04572e-14 1.37583e-14 0 0 0 0 0.682747 0.154055 0.0014144 -9.87489e-15 2.35568e-14 0.0258357 0.135948 3.0793e-14 2.23169e-14 1.52456e-14 0 1.07775e-14 
2.20034e-14 1.55106e-14 0 0 0 0.000656918 0.652645 0.32139 0.00185149 -9.51058e-15 2.27131e-14 0.0142798 0.00917674 4.9786e-14 2.27131e-14 1.77916e-14 0 1.36134e-14 
1.9647e-14 8.73593e-15 0 0 0 0 0.520911 0.353473 0.00557667 -7.93192e-15 1.9647e-14 0.0376767 0.0823519 1.10954e-05 2.02249e-14 1.05345e-14 0 6.9808e-15 
1.97327e-14 7.69866e-15 0 0 0 0.0133711 0.391724 0.165944 9.46478e-15 -3.8773e-14 0.0253197 0.241281 0.160989 0.00107926 2.0829e-14 0.000292125 0 4.28594e-15 
2.18056e-14 7.73102e-15 0 0 0 0.00407589 0.68452 0.240874 0.00779327 -7.58336e-15 2.31272e-14 0.0514177 0.0113197 4.03043e-15 2.18056e-14 8.30369e-15 0 4.635e-15 
$SSageCompCatch
 4017 4116 4199
$obsAgeCompCatch
0 0 0 0 0 0 0.426679 0.415567 0.00543509 0 0 0.0265396 0.12576 1.90875e-05 0 0 0 0 
0 0 0 0 0 0 0.327298 0.286527 0.000869454 0 0.0010557 0.156851 0.225164 0.000197411 0 0.000286944 0.00175048 0 
0 0 0 0 0 0 0.453507 0.390609 0.0111494 0 0 0.0756632 0.0690426 0 0 0 2.89314e-05 0 
$predAgeCompCatch
9.48933e-16 8.95755e-15 0 0 0 7.50766e-06 0.464659 0.396406 0.00469365 2.12395e-14 1.00936e-06 0.0240712 0.110149 1.15961e-05 9.9407e-16 4.39563e-07 0 1.10948e-14 
5.58346e-16 5.72433e-15 0 0 0 0.000279822 0.312753 0.317104 0.00165844 2.58314e-14 0.000505656 0.129749 0.236604 0.00119763 5.85502e-16 0.000148907 0 7.00091e-15 
7.99924e-16 6.02087e-15 0 0 0 0.000181154 0.496722 0.358723 0.00860347 1.78861e-14 8.44079e-05 0.0625457 0.0727956 0.000310285 8.03874e-16 3.49055e-05 0 6.39932e-15 
$genSS
 935 924 737
$obsGenComp     #GeneticFracData
0.251008 0.197581 0.546371 0.00302419 0.00201613 
0.0375635 0.0294416 0.0680203 0.781726 0.0832487 
0.0040282 0 0 0.221551 0.774421 
$predGenComp     #catchGenComp_pred
0.241891 0.179888 0.57341 0.00247464 0.00233658 
0.0401946 0.0288365 0.0649539 0.770115 0.0959001 
0.00357009 0.000164456 0.000345112 0.194027 0.801893 
#PARAMETERS_OF_INTEREST
$catchByGroup
2.43718e-12 2.34576e-13 1.57659e-14 
2.55884e-11 2.97297e-12 2.03676e-13 
0 0 0 
0 0 0 
0 0 0 
0 0 0 
1269.81 147.532 10.1073 
457.23 57.1097 3.94308 
3.88276 0.478841 0.0330153 
6.34613e-11 2.57889e-11 2.17928e-12 
2.80644e-12 2.70118e-13 1.81547e-14 
48.0506 5.58274 0.382469 
403.487 50.397 3.47961 
8.45318e-11 1.04249e-11 7.1878e-13 
2.65874e-12 2.55902e-13 1.71992e-14 
2.83547e-11 3.29437e-12 2.25695e-13 
0 0 0 
2.95861e-11 3.64871e-12 2.51573e-13 
2.02363e-12 1.92004e-13 8.29648e-16 
2.1282e-11 2.38666e-12 1.04981e-14 
0 0 0 
0 0 0 
0 0 0 
0.0604162 0.00573234 2.47694e-05 
895.491 100.424 0.441732 
684.679 81.9191 0.362953 
3.6682 0.43391 0.00192001 
6.50272e-11 2.38278e-11 1.27624e-13 
2.08891e-12 1.98198e-13 8.56411e-16 
19.5933 2.19727 0.00966505 
19.5499 2.33906 0.0103635 
9.86368e-11 1.16677e-11 5.16286e-14 
2.08891e-12 1.98198e-13 8.56411e-16 
2.44117e-11 2.73764e-12 1.20419e-14 
0 0 0 
2.6971e-11 3.19039e-12 1.41172e-14 
4.08041e-12 2.26682e-13 9.09936e-16 
3.37179e-11 2.56559e-12 1.04981e-14 
0 0 0 
0 0 0 
0 0 0 
0 0 0 
2010.55 152.983 0.625987 
2419.34 206.805 0.852841 
34.5605 2.89498 0.0119221 
6.00757e-11 2.31427e-11 1.16989e-13 
4.08041e-12 2.26682e-13 9.09936e-16 
145.42 11.065 0.0452767 
563.657 48.1813 0.198695 
0.0687622 0.00575991 2.37203e-05 
4.20043e-12 2.33349e-13 9.36699e-16 
4.06598e-11 3.0938e-12 1.26595e-14 
0 0 0 
4.32624e-11 3.62391e-12 1.49239e-14 
7.09745e-15 2.5599e-12 3.30664e-13 
1.04519e-13 2.54918e-11 4.62397e-12 
0 0 0 
0 0 0 
0 0 0 
0.00480931 1.73462 0.224061 
5.31815 1297.08 235.278 
6.9436 1468.33 300.852 
3.14512e-13 6.81749e-11 1.36777e-11 
2.16483e-12 7.64674e-11 5.6538e-11 
0.00910698 3.2847 0.424286 
3.2757 798.933 144.919 
6.73628 1424.49 291.869 
0.0358634 7.77392 1.55966 
7.49175e-15 2.70212e-12 3.49034e-13 
0.00396597 0.967285 0.175456 
0 0 0 
1.4242e-13 3.08717e-11 6.19369e-12 
1.34415e-14 4.138e-13 3.67274e-12 
1.26742e-13 3.76767e-12 2.54159e-11 
0 0 0 
0 0 0 
0 0 0 
0.00251247 0.0773471 0.686505 
11.2219 333.597 2250.38 
8.38339 245.713 1497.15 
0.237051 6.96536 43.1995 
9.04739e-13 1.85717e-11 3.09445e-11 
1.42561e-14 4.38878e-13 3.89533e-12 
0.842937 25.0582 169.037 
0.393973 11.5472 70.3578 
1.22595e-13 3.60226e-12 2.23414e-11 
1.34415e-14 4.138e-13 3.67274e-12 
1.3613e-13 4.04676e-12 2.72986e-11 
0 0 0 
1.40984e-13 4.1426e-12 2.56926e-11 
$escByGroup
 5.00014e-07 5.0001e-07 5e-07 5e-07 5e-07 5e-07 1915.53 432.222 3.96827 4.99993e-07 5.00017e-07 72.4853 381.419 5.00022e-07 5.00016e-07 5.00011e-07 5e-07 5.00008e-07 5.00014e-07 5.0001e-07 5e-07 5e-07 5e-07 1.6189 1608.38 792.031 4.5628 4.99994e-07 5.00014e-07 35.1911 22.6151 5.00031e-07 5.00014e-07 5.00011e-07 5e-07 5.00008e-07 5.00014e-07 5.00006e-07 5e-07 5e-07 5e-07 5e-07 1527.06 1036.21 16.3481 4.99994e-07 5.00014e-07 110.45 241.416 0.0325264 5.00015e-07 5.00008e-07 5e-07 5.00005e-07 5.00007e-07 5.00003e-07 5e-07 5e-07 5e-07 20.2435 593.059 251.234 5.00004e-07 4.99985e-07 38.3333 365.294 243.733 1.63397 5.00008e-07 0.442269 5e-07 5.00002e-07 5.00014e-07 5.00005e-07 5e-07 5e-07 5e-07 10.4643 1757.41 618.409 20.0081 4.99995e-07 5.00015e-07 132.008 29.0618 5.00003e-07 5.00014e-07 5.00005e-07 5e-07 5.00003e-07
$catchByGroup
2.43718e-12 2.55884e-11 0 0 0 0 1269.81 457.23 3.88276 6.34613e-11 2.80644e-12 48.0506 403.487 8.45318e-11 2.65874e-12 2.83547e-11 0 2.95861e-11 2.02363e-12 2.1282e-11 0 0 0 0.0604162 895.491 684.679 3.6682 6.50272e-11 2.08891e-12 19.5933 19.5499 9.86368e-11 2.08891e-12 2.44117e-11 0 2.6971e-11 4.08041e-12 3.37179e-11 0 0 0 0 2010.55 2419.34 34.5605 6.00757e-11 4.08041e-12 145.42 563.657 0.0687622 4.20043e-12 4.06598e-11 0 4.32624e-11 7.09745e-15 1.04519e-13 0 0 0 0.00480931 5.31815 6.9436 3.14512e-13 2.16483e-12 0.00910698 3.2757 6.73628 0.0358634 7.49175e-15 0.00396597 0 1.4242e-13 1.34415e-14 1.26742e-13 0 0 0 0.00251247 11.2219 8.38339 0.237051 9.04739e-13 1.42561e-14 0.842937 0.393973 1.22595e-13 1.34415e-14 1.3613e-13 0 1.40984e-13 
2.34576e-13 2.97297e-12 0 0 0 0 147.532 57.1097 0.478841 2.57889e-11 2.70118e-13 5.58274 50.397 1.04249e-11 2.55902e-13 3.29437e-12 0 3.64871e-12 1.92004e-13 2.38666e-12 0 0 0 0.00573234 100.424 81.9191 0.43391 2.38278e-11 1.98198e-13 2.19727 2.33906 1.16677e-11 1.98198e-13 2.73764e-12 0 3.19039e-12 2.26682e-13 2.56559e-12 0 0 0 0 152.983 206.805 2.89498 2.31427e-11 2.26682e-13 11.065 48.1813 0.00575991 2.33349e-13 3.0938e-12 0 3.62391e-12 2.5599e-12 2.54918e-11 0 0 0 1.73462 1297.08 1468.33 6.81749e-11 7.64674e-11 3.2847 798.933 1424.49 7.77392 2.70212e-12 0.967285 0 3.08717e-11 4.138e-13 3.76767e-12 0 0 0 0.0773471 333.597 245.713 6.96536 1.85717e-11 4.38878e-13 25.0582 11.5472 3.60226e-12 4.138e-13 4.04676e-12 0 4.1426e-12 
1.57659e-14 2.03676e-13 0 0 0 0 10.1073 3.94308 0.0330153 2.17928e-12 1.81547e-14 0.382469 3.47961 7.1878e-13 1.71992e-14 2.25695e-13 0 2.51573e-13 8.29648e-16 1.04981e-14 0 0 0 2.47694e-05 0.441732 0.362953 0.00192001 1.27624e-13 8.56411e-16 0.00966505 0.0103635 5.16286e-14 8.56411e-16 1.20419e-14 0 1.41172e-14 9.09936e-16 1.04981e-14 0 0 0 0 0.625987 0.852841 0.0119221 1.16989e-13 9.09936e-16 0.0452767 0.198695 2.37203e-05 9.36699e-16 1.26595e-14 0 1.49239e-14 3.30664e-13 4.62397e-12 0 0 0 0.224061 235.278 300.852 1.36777e-11 5.6538e-11 0.424286 144.919 291.869 1.55966 3.49034e-13 0.175456 0 6.19369e-12 3.67274e-12 2.54159e-11 0 0 0 0.686505 2250.38 1497.15 43.1995 3.09445e-11 3.89533e-12 169.037 70.3578 2.23414e-11 3.67274e-12 2.72986e-11 0 2.56926e-11 
$Fmort
 1.03197 0.69875 0.517545
#ESTIMATED_PARAMETERS
$availability
1.4128 1.24572 2.32646 0.00738964 0.00763359 
0.197111 0.171704 0.184853 4.0981 0.348231 
0.0178536 0.001 0.001 0.689889 4.29107 
$selectivity
 0.0284021 0.327706 0.449892 0.428098 3.7659
$RunSize
 6.00828e-11 6.73656e-11 0 0 0 0 3342.98 950.505 8.36288 6.37242e-11 6.91862e-11 126.501 838.782 1.82069e-10 6.55449e-11 7.46483e-11 0 6.37242e-11 5.64414e-11 6.19035e-11 0 0 0 1.68508 2604.73 1558.99 8.66683 6.55449e-11 5.82621e-11 56.9913 44.5144 2.33048e-10 5.82621e-11 7.10069e-11 0 6.37242e-11 6.19035e-11 6.19035e-11 0 0 0 0 3691.22 3663.21 53.8155 6.00828e-11 6.19035e-11 266.98 853.453 0.107072 6.37242e-11 7.46483e-11 0 6.73656e-11 3.27724e-11 4.18759e-11 0 0 0 22.207 2130.73 2027.36 9.64966e-11 7.6469e-11 42.0514 1312.42 1966.83 11.0034 3.45931e-11 1.58898 0 4.36966e-11 6.00828e-11 4.91586e-11 0 0 0 11.2306 4352.6 2369.66 70.41 3.09517e-11 6.37242e-11 326.946 111.361 3.64138e-11 6.00828e-11 5.28e-11 0 4.18759e-11
