$ndistricts
3
$ngroups
90
$nstocks
5
$nagecomps
18
$AgeCompLabels
 0.1 0.2 0.3 0.4 0.5 1.1 1.2 1.3 1.4 1.5 2.1 2.2 2.3 2.4 3.1 3.2 3.3 3.4
$navailpar
15
$nselectpar
5
$GENdata
-1
$maxGradient
3.10952e-05
#LIKELIHOOD_VALUES_AND_PENALTIES
$totalNLL
346.848
$NLLcatch
-1669.35
$NLLescape
-4500.18
$NLLagecompCatch
2930.4
$NLLagecompEsc
3585.98
$NLLgenetics
0
$NLLselOne
5.53423e-18
$NLLavailOne
2.2306e-05
$NLLextra
5.79844e-10
#OBSERVED_AND_PREDICTED_VALUES
$predEsc
 192.109 37.5299 379.325 316.25 71.0058
$obsEsc
 226.554 35.28 356.676 328.842 38.988
$predCatch
 168.249 221.337 3.92
$obsCatch
 168.249 221.337 3.92
$RunSize
 1.40785e-10 1.31057e-10 0 0 1.29985e-10 0.436112 90.9743 22.976 0.0382751 1.30138e-10 3.66119 62.6614 65.2472 0.657518 1.41015e-10 0 0 1.38028e-10 5.62834e-10 2.63953e-10 0 0 2.5637e-10 0 0.708448 37.9713 4.65479e-10 2.52693e-10 5.62527e-10 0.462154 7.12289 4.4296e-10 5.62757e-10 0 0 4.40355e-10 3.44379e-10 2.07424e-10 0 0 2.03594e-10 0.526966 29.1838 147.397 2.97579e-10 2.04054e-10 3.04346 59.0709 258.103 0.309482 3.44686e-10 0 0 2.95511e-10 2.50701e-10 1.8613e-10 0 0 1.85058e-10 0 5.81389 31.4134 2.7077e-10 1.83603e-10 2.23423 60.356 413.062 2.29484e-10 2.50548e-10 2.31239 4.27321 2.3025e-10 1.13517e-10 6.77882e-11 0 0 6.61797e-11 0 9.59061 14.0037 0.0837757 6.61797e-11 0.361582 25.9421 29.728 9.86567e-11 1.139e-10 0 0 9.85035e-11
$SSageCompEsc
 1021 44 755 915 411
$obsAgeCompEsc
0 0 0.00121197 0 0 0.00171989 0.377259 0.0943068 0.00019497 0 0.0184473 0.241534 0.26195 0.0033762 0 0 0 0 
0 0 0 0 0 0 0.0212121 0.82684 0 0 0 0.0106061 0.141342 0 0 0 0 0 
0 0 0 0 0 0.00101317 0.0742971 0.305674 0 0 0.00848245 0.120558 0.488973 0.00100273 0 0 0 0 
0 0 0 0 0 0 0.014076 0.0677107 0 0 0.00706794 0.0951107 0.799987 0 0 0.00168554 0.0143617 0 
0 0 0 0 0 0 0.071586 0.159104 0 0 0.00561601 0.211598 0.551432 0 0 0.00066324 0 0 
$predAgeCompEsc
7.26104e-13 5.09585e-13 0 0 4.96257e-13 0.00224926 0.353732 0.0984726 0.000185758 4.96842e-13 0.0188827 0.243644 0.279642 0.00319108 7.2729e-13 0 0 6.69879e-13 
1.48497e-11 5.16094e-12 0 0 4.91719e-12 0 0.0138519 0.822771 1.15094e-11 4.84667e-12 1.48416e-11 0.00903627 0.15434 1.09526e-11 1.48476e-11 0 0 1.08882e-11 
8.97205e-13 3.73624e-13 0 0 3.57856e-13 0.00137289 0.0525675 0.302059 7.16954e-13 3.58663e-13 0.00792907 0.106402 0.528925 0.000745634 8.98003e-13 0 0 7.11972e-13 
7.75286e-13 2.89483e-13 0 0 2.75028e-13 0 0.00904218 0.0620627 7.23099e-13 2.72865e-13 0.00690928 0.09387 0.816077 6.12844e-13 7.74812e-13 0.0035964 0.00844247 6.1489e-13 
1.59157e-12 8.27369e-13 0 0 8.00428e-13 0 0.117055 0.179356 0.0011404 8.00428e-13 0.00506959 0.316629 0.38075 1.34297e-12 1.59694e-12 0 0 1.34089e-12 
$SSageCompCatch
 1191 925 441.5
$obsAgeCompCatch
0 0 0.0011798 0 0 0.000269078 0.13063 0.238293 0 0 0 0.178024 0.451335 0 0 0 0.000269078 0 
0 0 0 0 0 0 0.0180901 0.0654143 0 0 0 0.144944 0.769476 0 0 0 0.0020751 0 
0 0 0 0 0 0.00115741 0.174839 0.163348 0.00139791 0 0 0.47507 0.167271 0 0 0.0169173 0 0 
$predAgeCompCatch
5.98897e-14 9.27162e-13 0 0 9.55469e-13 5.26878e-05 0.170004 0.230544 1.78284e-05 9.50601e-13 0.000373935 0.191805 0.405996 0.000369091 5.99168e-14 0.000371936 0.000465285 3.66245e-13 
2.99137e-14 5.11404e-13 0 0 5.29991e-13 6.01226e-06 0.0344824 0.0801937 6.7596e-06 5.26455e-13 0.00025534 0.159267 0.713899 4.05746e-05 2.99056e-14 0.0049965 0.00685306 1.92925e-13 
4.92659e-14 9.07683e-13 0 0 9.4117e-13 1.26901e-06 0.11465 0.123987 0.000228059 9.39706e-13 0.000193183 0.330269 0.426912 1.18087e-05 4.94013e-14 0.00166875 0.00207925 3.22475e-13 
$genSS
 0 0 0
$obsGenComp     #GeneticFracData
-1 -1 -1 -1 -1 
-1 -1 -1 -1 -1 
-1 -1 -1 -1 -1 
$predGenComp     #catchGenComp_pred
0 0 0 0 0 
0 0 0 0 0 
0 0 0 0 0 
#PARAMETERS_OF_INTEREST
$catchByGroup
1.1471e-12 1.45388e-13 1.12844e-15 
2.90468e-11 4.08222e-12 3.21678e-14 
0 0 0 
0 0 0 
3.03265e-11 4.28892e-12 3.38284e-14 
0.00355338 0.000450371 3.49557e-06 
20.1631 2.8337 0.0223295 
3.5699 0.484802 0.0038008 
0.00228995 0.000297058 2.31336e-06 
3.03622e-11 4.29397e-12 3.38682e-14 
0.0298309 0.00378091 2.93456e-05 
13.8879 1.9518 0.0153801 
10.1378 1.37674 0.0107935 
0.0393384 0.00510308 3.97406e-05 
1.14897e-12 1.45626e-13 1.13028e-15 
0 0 0 
0 0 0 
8.258e-12 1.07125e-12 8.34242e-15 
5.10581e-12 4.1412e-13 6.86846e-15 
6.4281e-11 5.88352e-12 9.8632e-14 
0 0 0 
0 0 0 
6.56712e-11 6.05502e-12 1.01575e-13 
0 0 0 
0.17253 0.0157913 0.000264728 
6.5107 0.572507 0.00956307 
3.09131e-11 2.57643e-12 4.28331e-14 
6.47294e-11 5.96818e-12 1.00118e-13 
5.10303e-12 4.13894e-13 6.86472e-15 
0.11255 0.0103014 0.000172695 
1.22132 0.107394 0.0017939 
2.94176e-11 2.45179e-12 4.07609e-14 
5.10511e-12 4.14063e-13 6.86752e-15 
0 0 0 
0 0 0 
2.92446e-11 2.43737e-12 4.05212e-14 
3.471e-12 5.7533e-13 9.66511e-16 
5.53271e-11 1.03543e-11 1.7828e-14 
0 0 0 
0 0 0 
5.70728e-11 1.07596e-11 1.85541e-14 
0.0053113 0.000880364 1.47895e-06 
7.78431 1.45681 0.00250833 
27.8104 5.00005 0.00853811 
2.18853e-11 3.72844e-12 6.29775e-15 
5.72016e-11 1.07839e-11 1.85959e-14 
0.0306751 0.00508449 8.54156e-06 
15.7562 2.94873 0.0050771 
48.6979 8.75543 0.0149508 
0.0227608 0.00387759 6.54967e-06 
3.47409e-12 5.75842e-13 9.67371e-16 
0 0 0 
0 0 0 
2.17332e-11 3.70253e-12 6.25398e-15 
2.24478e-13 5.26936e-12 2.31887e-14 
5.03705e-12 8.90175e-11 5.26541e-13 
0 0 0 
0 0 0 
5.30568e-12 9.22195e-11 5.55031e-13 
0 0 0 
0.157335 2.78051 0.0164468 
0.575484 11.1506 0.0599176 
1.82291e-12 4.00778e-11 1.88802e-13 
5.26396e-12 9.14943e-11 5.50667e-13 
0.00200053 0.0469601 0.000206655 
1.63335 28.8655 0.17074 
7.56717 146.622 0.78787 
1.54496e-12 3.39669e-11 1.60014e-13 
2.24341e-13 5.26614e-12 2.31745e-14 
0.0625779 1.10591 0.00654149 
0.0782838 1.51684 0.00815066 
1.55011e-12 3.40803e-11 1.60548e-13 
1.27991e-13 2.16814e-13 1.6097e-13 
2.30212e-12 3.85511e-12 2.88295e-12 
0 0 0 
0 0 0 
2.38057e-12 3.98364e-12 2.9804e-12 
0 0 0 
0.325702 0.545417 0.407877 
0.32231 0.541825 0.404209 
0.000709666 0.00119909 0.00089168 
2.38057e-12 3.98364e-12 2.9804e-12 
0.000407686 0.000690613 0.000512735 
0.881007 1.47532 1.10329 
0.684224 1.15023 0.858086 
8.35724e-13 1.41209e-12 1.05007e-12 
1.28423e-13 2.17546e-13 1.61513e-13 
0 0 0 
0 0 0 
8.34426e-13 1.40989e-12 1.04844e-12 
$escByGroup
 5.00035e-07 5.00024e-07 5e-07 5e-07 5.00024e-07 0.432104 67.9552 18.9175 0.0356858 5.00024e-07 3.62755 46.8063 53.7218 0.613037 5.00035e-07 5e-07 5e-07 5.00032e-07 5.00139e-07 5.00048e-07 5e-07 5e-07 5.00046e-07 5e-07 0.519862 30.8785 5.00108e-07 5.00045e-07 5.00139e-07 0.339131 5.79239 5.00103e-07 5.00139e-07 5e-07 5e-07 5.00102e-07 5.00085e-07 5.00035e-07 5e-07 5e-07 5.00034e-07 0.520773 19.9402 114.578 5.00068e-07 5.00034e-07 3.00769 40.3609 200.634 0.282838 5.00085e-07 5e-07 5e-07 5.00068e-07 5.00061e-07 5.00023e-07 5e-07 5e-07 5.00022e-07 5e-07 2.85959 19.6274 5.00057e-07 5.00022e-07 2.18506 29.6864 258.085 5.00048e-07 5.00061e-07 1.13736 2.66993 5.00049e-07 5.00028e-07 5.00015e-07 5e-07 5e-07 5.00014e-07 5e-07 8.31161 12.7353 0.0809752 5.00014e-07 0.359971 22.4825 27.0355 5.00024e-07 5.00028e-07 5e-07 5e-07 5.00024e-07
$catchByGroup
1.1471e-12 2.90468e-11 0 0 3.03265e-11 0.00355338 20.1631 3.5699 0.00228995 3.03622e-11 0.0298309 13.8879 10.1378 0.0393384 1.14897e-12 0 0 8.258e-12 5.10581e-12 6.4281e-11 0 0 6.56712e-11 0 0.17253 6.5107 3.09131e-11 6.47294e-11 5.10303e-12 0.11255 1.22132 2.94176e-11 5.10511e-12 0 0 2.92446e-11 3.471e-12 5.53271e-11 0 0 5.70728e-11 0.0053113 7.78431 27.8104 2.18853e-11 5.72016e-11 0.0306751 15.7562 48.6979 0.0227608 3.47409e-12 0 0 2.17332e-11 2.24478e-13 5.03705e-12 0 0 5.30568e-12 0 0.157335 0.575484 1.82291e-12 5.26396e-12 0.00200053 1.63335 7.56717 1.54496e-12 2.24341e-13 0.0625779 0.0782838 1.55011e-12 1.27991e-13 2.30212e-12 0 0 2.38057e-12 0 0.325702 0.32231 0.000709666 2.38057e-12 0.000407686 0.881007 0.684224 8.35724e-13 1.28423e-13 0 0 8.34426e-13 
1.45388e-13 4.08222e-12 0 0 4.28892e-12 0.000450371 2.8337 0.484802 0.000297058 4.29397e-12 0.00378091 1.9518 1.37674 0.00510308 1.45626e-13 0 0 1.07125e-12 4.1412e-13 5.88352e-12 0 0 6.05502e-12 0 0.0157913 0.572507 2.57643e-12 5.96818e-12 4.13894e-13 0.0103014 0.107394 2.45179e-12 4.14063e-13 0 0 2.43737e-12 5.7533e-13 1.03543e-11 0 0 1.07596e-11 0.000880364 1.45681 5.00005 3.72844e-12 1.07839e-11 0.00508449 2.94873 8.75543 0.00387759 5.75842e-13 0 0 3.70253e-12 5.26936e-12 8.90175e-11 0 0 9.22195e-11 0 2.78051 11.1506 4.00778e-11 9.14943e-11 0.0469601 28.8655 146.622 3.39669e-11 5.26614e-12 1.10591 1.51684 3.40803e-11 2.16814e-13 3.85511e-12 0 0 3.98364e-12 0 0.545417 0.541825 0.00119909 3.98364e-12 0.000690613 1.47532 1.15023 1.41209e-12 2.17546e-13 0 0 1.40989e-12 
1.12844e-15 3.21678e-14 0 0 3.38284e-14 3.49557e-06 0.0223295 0.0038008 2.31336e-06 3.38682e-14 2.93456e-05 0.0153801 0.0107935 3.97406e-05 1.13028e-15 0 0 8.34242e-15 6.86846e-15 9.8632e-14 0 0 1.01575e-13 0 0.000264728 0.00956307 4.28331e-14 1.00118e-13 6.86472e-15 0.000172695 0.0017939 4.07609e-14 6.86752e-15 0 0 4.05212e-14 9.66511e-16 1.7828e-14 0 0 1.85541e-14 1.47895e-06 0.00250833 0.00853811 6.29775e-15 1.85959e-14 8.54156e-06 0.0050771 0.0149508 6.54967e-06 9.67371e-16 0 0 6.25398e-15 2.31887e-14 5.26541e-13 0 0 5.55031e-13 0 0.0164468 0.0599176 1.88802e-13 5.50667e-13 0.000206655 0.17074 0.78787 1.60014e-13 2.31745e-14 0.00654149 0.00815066 1.60548e-13 1.6097e-13 2.88295e-12 0 0 2.9804e-12 0 0.407877 0.404209 0.00089168 2.9804e-12 0.000512735 1.10329 0.858086 1.05007e-12 1.61513e-13 0 0 1.04844e-12 
$Fmort
 0.108697 0.0981698 0.00566356
#ESTIMATED_PARAMETERS
$availability
1.38912 1.54733 1.72003 0.152101 0.191551 
0.194249 0.138378 0.314342 3.99361 0.359421 
0.0261198 0.0397677 0.00914573 0.301431 4.62427 
$selectivity
 0.0541828 1.65941 1.11835 0.408582 1.75948
$RunSize
 1.40785e-10 1.31057e-10 0 0 1.29985e-10 0.436112 90.9743 22.976 0.0382751 1.30138e-10 3.66119 62.6614 65.2472 0.657518 1.41015e-10 0 0 1.38028e-10 5.62834e-10 2.63953e-10 0 0 2.5637e-10 0 0.708448 37.9713 4.65479e-10 2.52693e-10 5.62527e-10 0.462154 7.12289 4.4296e-10 5.62757e-10 0 0 4.40355e-10 3.44379e-10 2.07424e-10 0 0 2.03594e-10 0.526966 29.1838 147.397 2.97579e-10 2.04054e-10 3.04346 59.0709 258.103 0.309482 3.44686e-10 0 0 2.95511e-10 2.50701e-10 1.8613e-10 0 0 1.85058e-10 0 5.81389 31.4134 2.7077e-10 1.83603e-10 2.23423 60.356 413.062 2.29484e-10 2.50548e-10 2.31239 4.27321 2.3025e-10 1.13517e-10 6.77882e-11 0 0 6.61797e-11 0 9.59061 14.0037 0.0837757 6.61797e-11 0.361582 25.9421 29.728 9.86567e-11 1.139e-10 0 0 9.85035e-11
