$ndistricts
3
$ngroups
90
$nstocks
5
$nagecomps
18
$AgeCompLabels
 0.1 0.2 0.3 0.4 0.5 1.1 1.2 1.3 1.4 1.5 2.1 2.2 2.3 2.4 3.1 3.2 3.3 3.4
$navailpar
15
$nselectpar
5
$GENdata
1
$maxGradient
0.000170939
#LIKELIHOOD_VALUES_AND_PENALTIES
$totalNLL
-401404
$NLLcatch
-338002
$NLLescape
-106040
$NLLagecompCatch
30693.9
$NLLagecompEsc
11365.1
$NLLgenetics
578.579
$NLLselOne
3.84753e-13
$NLLavailOne
1.34005e-13
$NLLextra
0.14368
#OBSERVED_AND_PREDICTED_VALUES
$predEsc
 10036.7 214.613 1111.18 1290.81 1305.76
$obsEsc
 10038.7 215.713 1111.14 1266.69 1321.11
$predCatch
 20279.6 14426 4509.45
$obsCatch
 20279.6 14426 4509.45
$RunSize
 5.31259e-11 1.96809 4.35613 2.56775e-10 5.31259e-11 5.01744e-11 2031.48 909.373 5.51919e-10 5.01744e-11 1.72391 21558.9 3223.33 4.7223e-11 5.31259e-11 11.3899 0 3.83687e-11 4.42716e-11 4.13201e-11 0 0.135688 4.7223e-11 4.42716e-11 878.144 750.745 9.03379 4.7223e-11 4.7223e-11 161.885 111.095 4.13201e-11 4.42716e-11 1.85941e-10 0 3.83687e-11 1.47572e-11 2.95144e-11 0 1.033e-10 1.77086e-11 1.77086e-11 452.029 963.408 1.47572e-10 1.77086e-11 2.07072 1554.03 560.027 2.089 1.47572e-11 2.42309 0 3.24658e-11 5.90288e-12 2.05733 0 5.31259e-11 5.90288e-12 0.0613078 1127.58 687.09 5.90288e-12 5.90288e-12 18.2052 8454.89 4014.88 1.30997 2.82419 176.179 194.99 3.54173e-11 1.18058e-11 4.11813 0 1.87976 1.18058e-11 6.02746 1839.53 693.473 15.7367 1.18058e-11 0.397882 1753.68 987.625 1.95909 1.18058e-11 5.60773e-11 0 1.18058e-11
$SSageCompEsc
 3659 88.5 1295 3996 2138
$obsAgeCompEsc
0 0.000208362 0.000142055 0 0 0 0.0784253 0.0270611 0 0 0.000172176 0.79673 0.096745 0 0 0.000516404 0 0 
0 0 0 0 0 0 0.601116 0.250188 0 0 0 0.102692 0.0460043 0 0 0 0 0 
0 0 0 0 0 0 0.139802 0.240006 0 0 0.00184634 0.475027 0.141705 0.000807123 0 0.000807123 0 0 
0 0 0 0 0 4.67698e-05 0.09666 0.0319489 4.67698e-05 0 0.0137536 0.658348 0.179889 9.75746e-05 0.00215448 0.0142691 0.00278544 0 
0 0.000962361 0 0 0 0.00458299 0.420138 0.121118 0 0 0.000302101 0.34406 0.108837 0 0 0 0 0 
$predAgeCompEsc
5.22319e-15 7.26294e-05 0.000135588 3.6271e-15 5.28866e-15 4.93301e-15 0.0749691 0.0283049 7.79617e-15 4.99484e-15 0.00016949 0.795599 0.100329 6.67052e-16 5.22319e-15 0.000420327 0 5.4198e-16 
2.00342e-13 2.48442e-14 0 1.21345e-05 2.19628e-13 2.00342e-13 0.527994 0.32566 0.000807886 2.19628e-13 2.13698e-13 0.0973354 0.0481909 3.69523e-15 2.00342e-13 1.11799e-13 0 3.43129e-15 
1.30866e-14 8.98641e-15 0 1.1318e-14 1.59218e-14 1.57039e-14 0.137632 0.244357 1.61686e-14 1.59218e-14 0.0018363 0.473164 0.142044 0.00022888 1.30866e-14 0.000737772 0 3.55709e-15 
4.45238e-15 0.000164396 0 -2.75272e-15 4.56521e-15 4.62428e-05 0.0901019 0.0286521 -3.05858e-16 4.56521e-15 0.0137317 0.675609 0.167423 -6.78763e-05 0.00213021 0.014078 0.00813124 -1.83515e-15 
8.90306e-15 0.000845271 0 -7.37408e-06 9.03241e-15 0.00454548 0.377575 0.105957 -6.1733e-05 9.03241e-15 0.000300055 0.359954 0.1509 -7.68526e-06 8.90306e-15 1.15102e-14 0 -4.63125e-17 
$SSageCompCatch
 9568 8746 8195
$obsAgeCompCatch
0 0 0 9.47809e-06 0 0 0.109054 0.0961906 0.00045885 0 0 0.665176 0.128344 0 0 0.000517738 0.000249315 0 
0 0.000268883 8.54086e-05 0 0 0 0.0860219 0.054002 0.000302787 0 6.19118e-05 0.582092 0.254346 0.000173141 0 0.00993056 0.0127158 0 
0 0.000507815 9.6959e-05 0.000347253 0 0 0.247691 0.106798 0.00261573 0 0 0.414126 0.221246 0.000350167 0 0.0022009 0.00402069 0 
$predAgeCompCatch
1.05018e-16 6.07869e-05 0.000132261 9.08319e-06 7.17042e-18 7.65966e-08 0.110467 0.093676 0.000451157 7.05584e-18 2.77011e-06 0.667113 0.127158 8.70975e-05 4.77993e-08 0.000590928 0.000252368 4.6046e-15 
1.56167e-17 0.000159391 1.5478e-05 2.63972e-05 1.01569e-18 9.34133e-07 0.0887491 0.0553116 0.000229488 1.00682e-18 3.21268e-05 0.570219 0.263372 0.000124555 4.94682e-06 0.0100985 0.0116558 2.90099e-15 
3.86698e-17 0.000569148 1.99102e-05 0.000323203 2.4834e-18 1.74594e-05 0.261724 0.112123 0.00270938 2.47218e-18 4.36452e-06 0.411278 0.206356 0.000363292 4.79296e-07 0.00202151 0.00249031 2.99325e-15 
$genSS
 317 313 321
$obsGenComp     #GeneticFracData
0.809119 0.0661601 0.0912867 0.0319149 0.00151976 
0.0634186 0.00130864 0.014999 0.877693 0.042581 
0.0836265 0.00100513 0.00281435 0.0751834 0.837371 
$predGenComp     #catchGenComp_pred
0.785095 0.0825922 0.110236 0.0174031 0.00467325 
0.0882593 0.00131393 0.0123471 0.84992 0.04816 
0.113346 0.000562519 0.00249082 0.171952 0.711649 
#PARAMETERS_OF_INTEREST
$catchByGroup
6.51766e-13 3.60671e-14 1.42784e-14 
1.11513 0.0884807 0.0355083 
2.6822 0.223285 0.0897841 
1.93587e-10 1.90623e-11 7.72119e-12 
4.18263e-14 2.30197e-15 9.11139e-16 
6.15557e-13 3.40634e-14 1.34852e-14 
1151.06 91.331 36.6522 
559.929 46.6123 18.7431 
4.16102e-10 4.0973e-11 1.65961e-11 
3.95026e-14 2.17409e-15 8.6052e-16 
0.0211495 0.00117036 0.000463327 
12215.4 969.238 388.966 
1984.71 165.22 66.4361 
3.56023e-11 3.50572e-12 1.41999e-12 
6.51766e-13 3.60671e-14 1.42784e-14 
6.45359 0.512063 0.205497 
0 0 0 
2.89269e-11 2.84839e-12 1.15374e-12 
1.26856e-12 6.09945e-15 8.12782e-16 
3.55531e-11 3.83826e-13 5.13508e-14 
0 0 0 
0.130694 0.00210696 0.000282654 
8.75157e-14 4.15143e-16 5.53168e-17 
1.26856e-12 6.09945e-15 8.12782e-16 
755.581 8.15715 1.09132 
671.816 7.97175 1.06713 
8.70132 0.140276 0.0188184 
8.75157e-14 4.15143e-16 5.53168e-17 
1.35313e-12 6.50608e-15 8.66968e-16 
139.291 1.50377 0.201184 
99.4147 1.17965 0.157913 
3.97994e-11 6.41617e-13 8.60746e-14 
1.26856e-12 6.09945e-15 8.12782e-16 
1.59989e-10 1.72722e-12 2.31079e-13 
0 0 0 
3.69566e-11 5.95787e-13 7.99264e-14 
2.04373e-13 1.06028e-14 6.52806e-16 
1.80381e-11 1.40243e-12 8.83029e-14 
0 0 0 
8.21081e-11 8.09809e-12 5.17742e-13 
1.57502e-14 8.12083e-16 4.99833e-17 
2.45248e-13 1.27234e-14 7.83367e-16 
276.264 21.479 1.35241 
636.404 52.1831 3.29638 
1.17297e-10 1.15687e-11 7.39632e-13 
1.57502e-14 8.12083e-16 4.99833e-17 
0.0286774 0.00148778 9.16011e-05 
949.766 73.8426 4.64944 
369.94 30.3339 1.91618 
1.66044 0.163764 0.0104701 
2.04373e-13 1.06028e-14 6.52806e-16 
1.48091 0.115138 0.00724955 
0 0 0 
2.58054e-11 2.54511e-12 1.62719e-13 
2.02605e-15 1.49156e-13 4.51749e-15 
0.0472856 1.69387 0.103967 
0 0 0 
2.03161e-12 5.02229e-11 4.42458e-12 
1.29292e-16 9.63125e-15 2.88339e-16 
2.10428e-05 0.00154915 4.6919e-05 
25.9162 928.376 56.9819 
18.0341 592.5 39.5711 
2.25735e-13 5.58033e-12 4.9162e-13 
1.29292e-16 9.63125e-15 2.88339e-16 
0.00624859 0.460015 0.0139325 
194.327 6961.22 427.266 
105.379 3462.16 231.226 
0.0500952 1.23839 0.109101 
0.000969351 0.0713627 0.00216136 
4.04928 145.054 8.90313 
5.11792 168.147 11.2299 
1.35441e-12 3.3482e-11 2.94972e-12 
3.00127e-15 2.33602e-14 1.54118e-13 
0.0703127 0.517022 2.42707 
0 0 0 
0.0535089 0.378698 1.45719 
1.91517e-16 1.49187e-15 9.894e-15 
0.0015323 0.0119266 0.0786853 
31.408 230.949 1084.15 
13.5271 98.6568 442.935 
0.447956 3.17031 12.199 
1.91517e-16 1.49187e-15 9.894e-15 
0.00010115 0.000787296 0.00519415 
29.9423 220.171 1033.55 
19.265 140.504 630.816 
0.0557669 0.394678 1.51868 
3.00127e-15 2.33602e-14 1.54118e-13 
9.57461e-13 7.04039e-12 3.30499e-11 
0 0 0 
3.3606e-13 2.37839e-12 9.15177e-12 
$escByGroup
 5.00013e-07 0.728962 1.36086 5.00009e-07 5.00013e-07 5.00012e-07 752.445 284.089 5.0002e-07 5.00013e-07 1.70112 7985.22 1006.97 5.00002e-07 5.00013e-07 4.21871 5e-07 5.00001e-07 5.00011e-07 5.00001e-07 5e-07 0.00260423 5.00012e-07 5.00011e-07 113.314 69.8909 0.173383 5.00012e-07 5.00011e-07 20.8894 10.3424 5e-07 5.00011e-07 5.00006e-07 5e-07 5e-07 5.00004e-07 5.00002e-07 5e-07 5.00003e-07 5.00004e-07 5.00004e-07 152.934 271.525 5.00004e-07 5.00004e-07 2.04046 525.77 157.837 0.254326 5.00004e-07 0.819797 5e-07 5.00001e-07 5.00001e-07 0.212204 5e-07 4.99999e-07 5.00001e-07 0.0596907 116.305 36.9845 5e-07 5.00001e-07 17.725 872.083 216.112 1.14133e-11 2.74969 18.172 10.4959 4.99999e-07 5.00003e-07 1.10372 5e-07 1.03834e-10 5.00003e-07 5.93531 493.023 138.354 1.24053e-11 5.00003e-07 0.3918 470.014 197.04 9.96303e-11 5.00003e-07 5.00004e-07 5e-07 5e-07
$catchByGroup
6.51766e-13 1.11513 2.6822 1.93587e-10 4.18263e-14 6.15557e-13 1151.06 559.929 4.16102e-10 3.95026e-14 0.0211495 12215.4 1984.71 3.56023e-11 6.51766e-13 6.45359 0 2.89269e-11 1.26856e-12 3.55531e-11 0 0.130694 8.75157e-14 1.26856e-12 755.581 671.816 8.70132 8.75157e-14 1.35313e-12 139.291 99.4147 3.97994e-11 1.26856e-12 1.59989e-10 0 3.69566e-11 2.04373e-13 1.80381e-11 0 8.21081e-11 1.57502e-14 2.45248e-13 276.264 636.404 1.17297e-10 1.57502e-14 0.0286774 949.766 369.94 1.66044 2.04373e-13 1.48091 0 2.58054e-11 2.02605e-15 0.0472856 0 2.03161e-12 1.29292e-16 2.10428e-05 25.9162 18.0341 2.25735e-13 1.29292e-16 0.00624859 194.327 105.379 0.0500952 0.000969351 4.04928 5.11792 1.35441e-12 3.00127e-15 0.0703127 0 0.0535089 1.91517e-16 0.0015323 31.408 13.5271 0.447956 1.91517e-16 0.00010115 29.9423 19.265 0.0557669 3.00127e-15 9.57461e-13 0 3.3606e-13 
3.60671e-14 0.0884807 0.223285 1.90623e-11 2.30197e-15 3.40634e-14 91.331 46.6123 4.0973e-11 2.17409e-15 0.00117036 969.238 165.22 3.50572e-12 3.60671e-14 0.512063 0 2.84839e-12 6.09945e-15 3.83826e-13 0 0.00210696 4.15143e-16 6.09945e-15 8.15715 7.97175 0.140276 4.15143e-16 6.50608e-15 1.50377 1.17965 6.41617e-13 6.09945e-15 1.72722e-12 0 5.95787e-13 1.06028e-14 1.40243e-12 0 8.09809e-12 8.12083e-16 1.27234e-14 21.479 52.1831 1.15687e-11 8.12083e-16 0.00148778 73.8426 30.3339 0.163764 1.06028e-14 0.115138 0 2.54511e-12 1.49156e-13 1.69387 0 5.02229e-11 9.63125e-15 0.00154915 928.376 592.5 5.58033e-12 9.63125e-15 0.460015 6961.22 3462.16 1.23839 0.0713627 145.054 168.147 3.3482e-11 2.33602e-14 0.517022 0 0.378698 1.49187e-15 0.0119266 230.949 98.6568 3.17031 1.49187e-15 0.000787296 220.171 140.504 0.394678 2.33602e-14 7.04039e-12 0 2.37839e-12 
1.42784e-14 0.0355083 0.0897841 7.72119e-12 9.11139e-16 1.34852e-14 36.6522 18.7431 1.65961e-11 8.6052e-16 0.000463327 388.966 66.4361 1.41999e-12 1.42784e-14 0.205497 0 1.15374e-12 8.12782e-16 5.13508e-14 0 0.000282654 5.53168e-17 8.12782e-16 1.09132 1.06713 0.0188184 5.53168e-17 8.66968e-16 0.201184 0.157913 8.60746e-14 8.12782e-16 2.31079e-13 0 7.99264e-14 6.52806e-16 8.83029e-14 0 5.17742e-13 4.99833e-17 7.83367e-16 1.35241 3.29638 7.39632e-13 4.99833e-17 9.16011e-05 4.64944 1.91618 0.0104701 6.52806e-16 0.00724955 0 1.62719e-13 4.51749e-15 0.103967 0 4.42458e-12 2.88339e-16 4.6919e-05 56.9819 39.5711 4.9162e-13 2.88339e-16 0.0139325 427.266 231.226 0.109101 0.00216136 8.90313 11.2299 2.94972e-12 1.54118e-13 2.42707 0 1.45719 9.894e-15 0.0786853 1084.15 442.935 12.199 9.894e-15 0.00519415 1033.55 630.816 1.51868 1.54118e-13 3.30499e-11 0 9.15177e-12 
$Fmort
 0.58167 0.302573 0.147989
#ESTIMATED_PARAMETERS
$availability
1.10294 2.59762 1.24605 0.0306727 0.0227173 
0.116651 0.0236664 0.123456 4.39601 0.340212 
0.0943996 0.00644751 0.0155356 0.268867 4.61475 
$selectivity
 0.0192412 1.30327 1.49078 2.18547 0.00122768
$RunSize
 5.31259e-11 1.96809 4.35613 2.56775e-10 5.31259e-11 5.01744e-11 2031.48 909.373 5.51919e-10 5.01744e-11 1.72391 21558.9 3223.33 4.7223e-11 5.31259e-11 11.3899 0 3.83687e-11 4.42716e-11 4.13201e-11 0 0.135688 4.7223e-11 4.42716e-11 878.144 750.745 9.03379 4.7223e-11 4.7223e-11 161.885 111.095 4.13201e-11 4.42716e-11 1.85941e-10 0 3.83687e-11 1.47572e-11 2.95144e-11 0 1.033e-10 1.77086e-11 1.77086e-11 452.029 963.408 1.47572e-10 1.77086e-11 2.07072 1554.03 560.027 2.089 1.47572e-11 2.42309 0 3.24658e-11 5.90288e-12 2.05733 0 5.31259e-11 5.90288e-12 0.0613078 1127.58 687.09 5.90288e-12 5.90288e-12 18.2052 8454.89 4014.88 1.30997 2.82419 176.179 194.99 3.54173e-11 1.18058e-11 4.11813 0 1.87976 1.18058e-11 6.02746 1839.53 693.473 15.7367 1.18058e-11 0.397882 1753.68 987.625 1.95909 1.18058e-11 5.60773e-11 0 1.18058e-11
