$ndistricts
3
$ngroups
90
$nstocks
5
$nagecomps
18
$AgeCompLabels
 0.1 0.2 0.3 0.4 0.5 1.1 1.2 1.3 1.4 1.5 2.1 2.2 2.3 2.4 3.1 3.2 3.3 3.4
$navailpar
15
$nselectpar
5
$GENdata
1
$maxGradient
0.000222502
#LIKELIHOOD_VALUES_AND_PENALTIES
$totalNLL
-213948
$NLLcatch
-150666
$NLLescape
-82507.6
$NLLagecompCatch
11002.8
$NLLagecompEsc
7208.31
$NLLgenetics
1014.26
$NLLselOne
1.05769e-13
$NLLavailOne
1.12892e-14
$NLLextra
5.89972e-10
#OBSERVED_AND_PREDICTED_VALUES
$predEsc
 6196.81 462.273 1623.75 1727.84 1665.93
$obsEsc
 6196.91 463.6 1625.36 1728.4 1662.04
$predCatch
 9452.97 7388.08 2256.01
$obsCatch
 9452.97 7388.08 2256.01
$RunSize
 8.71215e-11 8.19967e-11 0 0 0 0 7556.4 1020.19 4.55666 8.3705e-11 8.54133e-11 3749.24 442.319 2.32324e-10 8.88298e-11 1.31536e-10 0 8.71215e-11 1.36661e-10 1.00788e-10 0 0 0 0 1214.51 556.366 4.37316e-10 7.17472e-11 1.3837e-10 0 317.417 4.51868 1.34953e-10 1.63993e-10 0 9.90794e-11 2.73322e-11 4.78314e-11 0 0 0 1.21002 2291.7 713.552 22.6764 2.1695e-10 0.438187 676.611 692.3 9.56629e-11 2.90405e-11 6.14976e-11 0 5.1248e-11 4.09984e-11 4.95397e-11 0 0 0 0.323167 1532.85 539.8 3.07488e-10 6.32058e-11 2.82816 3961.1 711.302 10.2524 3.92901e-11 1.91401 18.5427 4.44149e-11 3.58736e-11 4.44149e-11 0 0 0 0 3515.57 450.325 30.6969 4.44149e-11 1.34953e-10 509.109 203.209 21.8396 3.75818e-11 4.78314e-11 0 3.75818e-11
$SSageCompEsc
 2380 104 1890 1477 1411
$obsAgeCompEsc
0 0 0 0 0 0 0.615132 0.0694446 0.000357283 0 0 0.286128 0.0289382 0 0 0 0 0 
0 0 0 0 0 0 0.714131 0.198139 0 0 0 0 0.0877296 0 0 0 0 0 
0 0 0 0 0 0.000703682 0.569843 0.134148 0.0045517 0 0.000253706 0.162877 0.127623 0 0 0 0 0 
0 0 0 0 0 0.000178377 0.263793 0.0594444 0 0 0.00139794 0.598367 0.0728652 0.00122102 0 0 0.00273333 0 
0 0 0 0 0 0 0.788278 0.0807604 0.002578 0 0 0.0910592 0.0314665 0.00585774 0 0 0 0 
$predAgeCompEsc
1.30703e-14 6.5357e-15 0 0 0 0 0.602297 0.0687464 0.000311382 -1.56902e-15 1.2814e-14 0.29884 0.0298061 1.5876e-14 1.33265e-14 1.04843e-14 0 5.95351e-15 
2.60252e-13 5.62849e-14 0 0 0 0 0.678242 0.203779 1.66462e-13 -4.9204e-14 2.63505e-13 0 0.116259 0.00172001 2.56999e-13 9.15822e-14 0 3.77142e-14 
1.54447e-14 1.1751e-14 0 0 0 0.000683749 0.563014 0.13473 0.00438127 -4.63577e-14 0.000247608 0.166226 0.130717 1.84829e-14 1.641e-14 1.51084e-14 0 9.90154e-15 
2.08659e-14 7.75317e-15 0 0 0 0.000164474 0.239897 0.0583008 3.432e-14 -9.47741e-15 0.00143938 0.619928 0.0768238 0.00114432 1.99965e-14 0.000299551 0.00200269 4.95733e-15 
1.97395e-14 9.79753e-15 0 0 0 0 0.775503 0.0713927 0.00501506 -1.45995e-14 7.42582e-14 0.112305 0.032216 0.00356802 2.06795e-14 1.05512e-14 0 6.13988e-15 
$SSageCompCatch
 3225 3626 2498
$obsAgeCompCatch
0 0 0 0 0 0 0.554547 0.133483 0.00144479 0 0 0.223273 0.0864116 0.000840049 0 0 0 0 
0 0 0 0 0 0 0.350122 0.11226 0.00163387 0 0 0.421635 0.111273 0.00162759 0 0.000330949 0.00111786 0 
0 0 0 0 0 0 0.612963 0.0952609 0.00691114 0 9.72857e-05 0.219784 0.0610594 0.00268373 0 0 0.00124054 0 
$predAgeCompCatch
2.30357e-15 1.30193e-14 0 0 0 7.50064e-06 0.562385 0.135822 0.00183747 3.60376e-14 3.87009e-06 0.213829 0.08529 0.000737269 2.30803e-15 6.98517e-06 8.07754e-05 1.47098e-14 
1.18211e-15 9.00523e-15 0 0 0 8.81801e-06 0.367411 0.108581 0.00141404 3.21408e-14 4.34433e-05 0.413127 0.105963 0.00152399 1.16523e-15 0.000164878 0.0017628 9.71652e-15 
9.57632e-16 8.70993e-15 0 0 0 1.20131e-06 0.626719 0.104371 0.00563606 2.23138e-14 8.7476e-06 0.196154 0.0622022 0.0042844 9.91068e-16 4.97659e-05 0.000574069 8.60335e-15 
$genSS
 328 330 337
$obsGenComp     #GeneticFracData
0.546515 0.155285 0.198431 0.0204164 0.0793523 
0.183262 0.038824 0.126613 0.534624 0.116677 
0.0340548 0.000615448 0.00759052 0.104831 0.852908 
$predGenComp     #catchGenComp_pred
0.564937 0.142953 0.196223 0.0256333 0.070254 
0.155684 0.0376456 0.122344 0.595144 0.0891826 
0.0378365 0.000477868 0.00707569 0.182527 0.772083 
#PARAMETERS_OF_INTEREST
$catchByGroup
5.1437e-12 9.1837e-13 6.55666e-14 
3.37318e-11 7.22867e-12 5.35859e-13 
0 0 0 
0 0 0 
0 0 0 
0 0 0 
3108.55 666.157 49.3821 
479.437 106.762 7.98041 
2.12103 0.47088 0.0351745 
6.9428e-11 2.21883e-11 1.81165e-12 
5.04284e-12 9.00363e-13 6.4281e-14 
1542.36 330.525 24.5017 
207.868 46.2884 3.46003 
1.08142e-10 2.40081e-11 1.7934e-12 
5.24456e-12 9.36378e-13 6.68523e-14 
5.41114e-11 1.1596e-11 8.59607e-13 
0 0 0 
4.05532e-11 9.00304e-12 6.72524e-13 
1.42942e-11 2.05191e-12 7.46613e-15 
6.22795e-11 1.24412e-11 4.79427e-14 
0 0 0 
0 0 0 
0 0 0 
0 0 0 
750.477 149.919 0.577717 
380.627 81.2207 0.316977 
2.97058e-10 6.30606e-11 2.45855e-13 
6.88543e-11 2.55247e-11 1.13832e-13 
1.44729e-11 2.07756e-12 7.55946e-15 
0 0 0 
217.154 46.3378 0.180841 
3.06943 0.651589 0.00254035 
1.41155e-11 2.02626e-12 7.37281e-15 
1.01336e-10 2.02433e-11 7.80085e-14 
0 0 0 
6.73023e-11 1.42872e-11 5.57014e-14 
1.57222e-12 6.70909e-13 1.07243e-14 
1.92788e-11 9.30876e-12 1.63194e-13 
0 0 0 
0 0 0 
0 0 0 
0.0696032 0.0297016 0.000474772 
923.688 446.002 7.81899 
328.92 162.948 2.91503 
10.3526 5.1183 0.0914151 
1.78171e-10 1.11592e-10 2.46041e-12 
0.0252056 0.0107559 0.00017193 
272.713 131.679 2.30851 
319.124 158.095 2.82821 
4.36735e-11 2.15921e-11 3.85645e-13 
1.67048e-12 7.1284e-13 1.13945e-14 
2.4787e-11 1.19684e-11 2.09821e-13 
0 0 0 
2.33965e-11 1.15672e-11 2.06595e-13 
1.64944e-13 4.4969e-12 2.8359e-13 
1.70905e-12 3.15285e-11 2.9059e-12 
0 0 0 
0 0 0 
0 0 0 
0.00130016 0.0354465 0.00223538 
52.8811 975.551 89.9139 
22.2284 379.135 37.7021 
1.24979e-11 2.14488e-10 2.12022e-11 
6.98802e-12 6.10464e-11 1.15468e-11 
0.0113782 0.310206 0.0195627 
136.652 2520.96 232.35 
29.2907 499.592 49.6805 
0.416713 7.1516 0.706935 
1.58072e-13 4.30953e-12 2.71774e-13 
0.0660306 1.21813 0.112272 
0.763567 13.0237 1.2951 
1.80525e-12 3.09816e-11 3.06254e-12 
6.00472e-13 5.9542e-13 1.79308e-12 
6.07201e-12 6.02416e-12 1.59968e-11 
0 0 0 
0 0 0 
0 0 0 
0 0 0 
480.617 476.83 1266.19 
72.704 72.1395 186.546 
4.8959 4.85784 12.5884 
1.72213e-11 1.71079e-11 3.44074e-11 
2.25892e-12 2.23991e-12 6.74539e-12 
69.6008 69.0523 183.364 
32.8077 32.5529 84.179 
3.48324 3.45616 8.95616 
6.29066e-13 6.23773e-13 1.87846e-12 
6.53909e-12 6.48755e-12 1.72273e-11 
0 0 0 
5.994e-12 5.9474e-12 1.54119e-11 
$escByGroup
 5.0002e-07 5.0001e-07 5e-07 5e-07 5e-07 5e-07 3732.32 426.008 1.92958 4.99998e-07 5.0002e-07 1851.85 184.703 5.00025e-07 5.00021e-07 5.00016e-07 5e-07 5.00009e-07 5.0003e-07 5.00007e-07 5e-07 5e-07 5e-07 5e-07 313.533 94.2015 5.00019e-07 4.99994e-07 5.0003e-07 5e-07 53.7436 0.795117 5.0003e-07 5.00011e-07 5e-07 5.00004e-07 5.00006e-07 5.00005e-07 5e-07 5e-07 5e-07 1.11024 914.195 218.769 7.1141 4.99981e-07 0.402054 269.91 212.253 5.00008e-07 5.00007e-07 5.00006e-07 5e-07 5.00004e-07 5.00009e-07 5.00003e-07 5e-07 5e-07 5e-07 0.284185 414.504 100.734 5.00015e-07 4.99996e-07 2.48701 1071.14 132.739 1.9772 5.00009e-07 0.517576 3.46033 5.00002e-07 5.00008e-07 5.00004e-07 5e-07 5e-07 5e-07 5e-07 1291.93 118.935 8.35472 4.99994e-07 5.00031e-07 187.092 53.6695 5.94406 5.00009e-07 5.00004e-07 5e-07 5.00003e-07
$catchByGroup
5.1437e-12 3.37318e-11 0 0 0 0 3108.55 479.437 2.12103 6.9428e-11 5.04284e-12 1542.36 207.868 1.08142e-10 5.24456e-12 5.41114e-11 0 4.05532e-11 1.42942e-11 6.22795e-11 0 0 0 0 750.477 380.627 2.97058e-10 6.88543e-11 1.44729e-11 0 217.154 3.06943 1.41155e-11 1.01336e-10 0 6.73023e-11 1.57222e-12 1.92788e-11 0 0 0 0.0696032 923.688 328.92 10.3526 1.78171e-10 0.0252056 272.713 319.124 4.36735e-11 1.67048e-12 2.4787e-11 0 2.33965e-11 1.64944e-13 1.70905e-12 0 0 0 0.00130016 52.8811 22.2284 1.24979e-11 6.98802e-12 0.0113782 136.652 29.2907 0.416713 1.58072e-13 0.0660306 0.763567 1.80525e-12 6.00472e-13 6.07201e-12 0 0 0 0 480.617 72.704 4.8959 1.72213e-11 2.25892e-12 69.6008 32.8077 3.48324 6.29066e-13 6.53909e-12 0 5.994e-12 
9.1837e-13 7.22867e-12 0 0 0 0 666.157 106.762 0.47088 2.21883e-11 9.00363e-13 330.525 46.2884 2.40081e-11 9.36378e-13 1.1596e-11 0 9.00304e-12 2.05191e-12 1.24412e-11 0 0 0 0 149.919 81.2207 6.30606e-11 2.55247e-11 2.07756e-12 0 46.3378 0.651589 2.02626e-12 2.02433e-11 0 1.42872e-11 6.70909e-13 9.30876e-12 0 0 0 0.0297016 446.002 162.948 5.1183 1.11592e-10 0.0107559 131.679 158.095 2.15921e-11 7.1284e-13 1.19684e-11 0 1.15672e-11 4.4969e-12 3.15285e-11 0 0 0 0.0354465 975.551 379.135 2.14488e-10 6.10464e-11 0.310206 2520.96 499.592 7.1516 4.30953e-12 1.21813 13.0237 3.09816e-11 5.9542e-13 6.02416e-12 0 0 0 0 476.83 72.1395 4.85784 1.71079e-11 2.23991e-12 69.0523 32.5529 3.45616 6.23773e-13 6.48755e-12 0 5.9474e-12 
6.55666e-14 5.35859e-13 0 0 0 0 49.3821 7.98041 0.0351745 1.81165e-12 6.4281e-14 24.5017 3.46003 1.7934e-12 6.68523e-14 8.59607e-13 0 6.72524e-13 7.46613e-15 4.79427e-14 0 0 0 0 0.577717 0.316977 2.45855e-13 1.13832e-13 7.55946e-15 0 0.180841 0.00254035 7.37281e-15 7.80085e-14 0 5.57014e-14 1.07243e-14 1.63194e-13 0 0 0 0.000474772 7.81899 2.91503 0.0914151 2.46041e-12 0.00017193 2.30851 2.82821 3.85645e-13 1.13945e-14 2.09821e-13 0 2.06595e-13 2.8359e-13 2.9059e-12 0 0 0 0.00223538 89.9139 37.7021 2.12022e-11 1.15468e-11 0.0195627 232.35 49.6805 0.706935 2.71774e-13 0.112272 1.2951 3.06254e-12 1.79308e-12 1.59968e-11 0 0 0 0 1266.19 186.546 12.5884 3.44074e-11 6.74539e-12 183.364 84.179 8.95616 1.87846e-12 1.72273e-11 0 1.54119e-11 
$Fmort
 0.598507 0.43669 0.141403
#ESTIMATED_PARAMETERS
$availability
1.20989 2.19651 1.17784 0.0801485 0.335604 
0.28876 0.41223 0.677203 3.16575 0.456061 
0.0633552 0.00459752 0.0330247 0.584107 4.31492 
$selectivity
 0.0840392 0.731877 0.876617 0.865017 2.44245
$RunSize
 8.71215e-11 8.19967e-11 0 0 0 0 7556.4 1020.19 4.55666 8.3705e-11 8.54133e-11 3749.24 442.319 2.32324e-10 8.88298e-11 1.31536e-10 0 8.71215e-11 1.36661e-10 1.00788e-10 0 0 0 0 1214.51 556.366 4.37316e-10 7.17472e-11 1.3837e-10 0 317.417 4.51868 1.34953e-10 1.63993e-10 0 9.90794e-11 2.73322e-11 4.78314e-11 0 0 0 1.21002 2291.7 713.552 22.6764 2.1695e-10 0.438187 676.611 692.3 9.56629e-11 2.90405e-11 6.14976e-11 0 5.1248e-11 4.09984e-11 4.95397e-11 0 0 0 0.323167 1532.85 539.8 3.07488e-10 6.32058e-11 2.82816 3961.1 711.302 10.2524 3.92901e-11 1.91401 18.5427 4.44149e-11 3.58736e-11 4.44149e-11 0 0 0 0 3515.57 450.325 30.6969 4.44149e-11 1.34953e-10 509.109 203.209 21.8396 3.75818e-11 4.78314e-11 0 3.75818e-11
