$ndistricts
3
$ngroups
90
$nstocks
5
$nagecomps
18
$AgeCompLabels
 0.1 0.2 0.3 0.4 0.5 1.1 1.2 1.3 1.4 1.5 2.1 2.2 2.3 2.4 3.1 3.2 3.3 3.4
$navailpar
15
$nselectpar
5
$GENdata
1
$maxGradient
0.000258452
#LIKELIHOOD_VALUES_AND_PENALTIES
$totalNLL
-199072
$NLLcatch
-159958
$NLLescape
-61465.7
$NLLagecompCatch
14242.7
$NLLagecompEsc
5084.62
$NLLgenetics
3024.07
$NLLselOne
1.26142e-15
$NLLavailOne
1.72692e-13
$NLLextra
5.39973e-10
#OBSERVED_AND_PREDICTED_VALUES
$predEsc
 2755.97 2180.03 2466.27 1254.47 607.397
$obsEsc
 2757.91 2180.5 2472.69 1259.57 596.332
$predCatch
 10381.8 7403.88 2334.02
$obsCatch
 10381.8 7403.89 2334.02
$RunSize
 7.50395e-11 6.6883e-11 0 0 7.01456e-11 4.07102 4378.25 1069.45 1.48448e-10 7.17769e-11 7.50395e-11 23.7951 10.6076 6.52517e-11 7.50395e-11 8.64585e-11 0 6.52517e-11 5.70952e-11 5.54639e-11 0 0 5.54639e-11 5.54639e-11 668.061 3592.57 2.86443 5.70952e-11 5.70952e-11 2.49141 38.396 5.54639e-11 5.38327e-11 6.19891e-11 0 5.54639e-11 6.19891e-11 5.70952e-11 0 0 5.54639e-11 34.2985 860.956 8026.95 62.7728 1.74896 3.12068 186.801 249.996 5.70952e-11 6.03578e-11 7.17769e-11 0 5.70952e-11 2.93633e-11 4.40449e-11 0 0 3.9151e-11 4.12544 2439.71 2649.02 5.44875 4.07823e-11 38.1393 1937.85 495.078 5.54639e-11 3.26259e-11 0.78761 0 4.89388e-11 2.44694e-11 1.95755e-11 0 0 2.12068e-11 0.809412 1295.26 1207.25 13.9688 0.724134 0.347271 60.2952 17.3089 0.539234 2.28381e-11 0.0332525 0 1.95755e-11
$SSageCompEsc
 1251 1348 1398 1468 868
$obsAgeCompEsc
0 0 0 0 0 0.00147602 0.831523 0.16035 0 0 0 0.00519814 0.00145285 0 0 0 0 0 
0 0 0 0 0 0 0.174562 0.815767 0.000764968 0 0 0.000740741 0.00816548 0 0 0 0 0 
0 0 0 0 0 0.0138501 0.126589 0.792525 0.00940063 0.000730064 0.00125422 0.0357815 0.0198693 0 0 0 0 0 
0 0 0 0 0 0.00314026 0.431468 0.248343 0 0 0.0287078 0.233038 0.0553029 0 0 0 0 0 
0 0 0 0 0 0.000954175 0.461756 0.516494 0 0 0.000583294 0.0104004 0.00981182 0 0 0 0 0 
$predAgeCompEsc
2.67079e-14 1.24452e-14 0 0 1.76291e-14 0.00144895 0.814683 0.177679 2.3705e-14 1.80391e-14 2.67079e-14 0.00442767 0.00176234 1.04198e-14 2.67079e-14 1.60877e-14 0 1.04198e-14 
2.57022e-14 1.39139e-14 0 0 1.80241e-14 2.49679e-14 0.167592 0.822358 0.000635529 1.85543e-14 2.57022e-14 0.000625003 0.00878904 1.23057e-14 2.42335e-14 1.55508e-14 0 1.23057e-14 
2.43461e-14 7.28599e-15 0 0 1.21508e-14 0.0134707 0.109868 0.819776 0.00590797 0.000383154 0.00122564 0.0238379 0.0255315 5.37361e-15 2.37054e-14 9.15954e-15 0 5.37361e-15 
2.24067e-14 6.56433e-15 0 0 1.329e-14 0.00314807 0.363607 0.265187 0.000463633 1.38437e-14 0.0291036 0.288812 0.0495612 4.71941e-15 2.48964e-14 0.000117383 0 4.16419e-15 
3.86553e-14 8.32021e-15 0 0 1.63157e-14 0.00127866 0.550525 0.410988 0.0043989 0.000557121 0.000548599 0.0256273 0.00589254 0.00016981 3.60783e-14 1.41333e-05 0 6.16452e-15 
$SSageCompCatch
 6208 4443 4146
$obsAgeCompCatch
0 0 0 0 0 0 0.23771 0.719492 0.00307935 0 0 0.0170108 0.0227071 0 0 0 0 0 
0 0 0 0 0 1.72119e-05 0.284332 0.453629 0.00216415 0 0.000335946 0.205263 0.0540257 0 0 0.000116676 0.000116676 0 
0 0 0.000310949 0.000322997 0 0.000103801 0.469898 0.443772 0.00566847 0.000278446 0 0.0651971 0.0142007 0.000215332 0 3.25029e-05 0 0 
$predAgeCompCatch
3.77488e-16 8.09171e-15 0 0 5.32389e-15 9.80226e-05 0.248731 0.703438 0.00404644 6.67369e-05 1.60419e-05 0.0230435 0.0205555 5.07658e-07 3.68298e-16 4.77153e-06 0 9.1014e-15 
2.33561e-16 6.26845e-15 0 0 3.95411e-15 4.1386e-05 0.315871 0.439223 0.00172168 1.6928e-05 0.000203146 0.187983 0.0548614 2.24866e-06 2.49422e-16 7.51698e-05 0 7.47455e-15 
4.44964e-16 7.17894e-15 0 0 5.33673e-15 1.66614e-05 0.449522 0.472902 0.00475086 0.000159189 3.0386e-05 0.0556826 0.016734 0.00017745 4.18994e-16 2.52517e-05 0 8.02515e-15 
$genSS
 1277 1128 934
$obsGenComp     #GeneticFracData
0.232932 0.175703 0.527108 0.061245 0.00301205 
0.104418 0.0150602 0.138554 0.728916 0.0130522 
0.0070922 0.0303951 0.00202634 0.135765 0.824721 
$predGenComp     #catchGenComp_pred
0.202618 0.187523 0.559718 0.0479457 0.00219574 
0.0821206 0.0159825 0.15472 0.73744 0.00973618 
0.00799179 0.0253594 0.00168815 0.153379 0.811582 
#PARAMETERS_OF_INTEREST
$catchByGroup
1.14544e-12 2.79659e-13 8.12166e-15 
2.51335e-11 7.22939e-12 2.21418e-13 
0 0 0 
0 0 0 
1.6888e-11 4.53639e-12 1.35817e-13 
0.0621421 0.015172 0.000440613 
1645.27 473.246 14.4943 
444.856 130.88 4.0394 
6.36626e-11 1.88709e-11 5.83919e-13 
1.72808e-11 4.64189e-12 1.38976e-13 
1.14544e-12 2.79659e-13 8.12166e-15 
8.9418 2.57202 0.0787744 
4.41239 1.29816 0.0400657 
2.79836e-11 8.29488e-12 2.56668e-13 
1.14544e-12 2.79659e-13 8.12166e-15 
3.24896e-11 9.34531e-12 2.86223e-13 
0 0 0 
2.79836e-11 8.29488e-12 2.56668e-13 
9.94295e-13 4.63991e-14 2.30513e-14 
2.3085e-11 1.36439e-12 6.81946e-13 
0 0 0 
0 0 0 
1.49697e-11 8.01562e-13 3.99597e-13 
9.65887e-13 4.50734e-14 2.23927e-14 
278.058 16.434 8.21401 
1648.76 100.678 50.3647 
1.3536 0.0835544 0.041811 
1.541e-11 8.25137e-13 4.1135e-13 
9.94295e-13 4.63991e-14 2.30513e-14 
1.03696 0.0612876 0.0306326 
17.6213 1.076 0.538278 
2.62097e-11 1.61786e-12 8.09586e-13 
9.37478e-13 4.37477e-14 2.17341e-14 
2.58009e-11 1.52491e-12 7.62175e-13 
0 0 0 
2.62097e-11 1.61786e-12 8.09586e-13 
1.71084e-12 2.33436e-13 7.54389e-16 
3.28724e-11 6.23235e-12 2.12834e-14 
0 0 0 
0 0 0 
2.18615e-11 3.62319e-12 1.20849e-14 
0.946606 0.12916 0.000417403 
495.692 93.9794 0.320938 
5009.79 991.955 3.4146 
40.1167 8.05766 0.0278109 
0.689363 0.114251 0.000381076 
0.0861278 0.0117517 3.79778e-05 
107.55 20.3906 0.0696336 
156.028 30.894 0.106346 
3.64883e-11 7.32887e-12 2.52955e-14 
1.66582e-12 2.27293e-13 7.34537e-16 
4.13253e-11 7.83495e-12 2.67562e-14 
0 0 0 
3.64883e-11 7.32887e-12 2.52955e-14 
6.18405e-14 1.1487e-12 4.40555e-14 
2.75493e-12 3.1075e-11 1.98019e-12 
0 0 0 
0 0 0 
1.45042e-12 1.99901e-11 1.03857e-12 
0.00868839 0.161388 0.00618966 
152.599 1721.29 109.685 
188.236 1992.63 135.474 
0.40264 4.17459 0.289907 
1.51086e-12 2.0823e-11 1.08185e-12 
0.0803233 1.49202 0.0572228 
121.209 1367.21 87.1226 
35.1797 372.406 25.3189 
4.09855e-12 4.2494e-11 2.95102e-12 
6.87117e-14 1.27633e-12 4.89506e-14 
0.0492636 0.555683 0.0354097 
0 0 0 
3.61637e-12 3.74947e-11 2.60384e-12 
6.59945e-15 2.10658e-14 9.62572e-13 
1.61102e-13 5.09773e-13 1.3851e-11 
0 0 0 
0 0 0 
1.0218e-13 3.24541e-13 1.087e-11 
0.0002183 0.000696826 0.0318405 
10.6597 33.7302 916.479 
11.3316 35.8108 910.47 
0.13653 0.431285 10.7291 
0.00348908 0.0110819 0.37117 
9.36597e-05 0.000298967 0.0136609 
0.496216 1.57017 42.6628 
0.162467 0.513437 13.0539 
0.00527043 0.0166488 0.414172 
6.15948e-15 1.96614e-14 8.984e-13 
0.000273661 0.000865939 0.0235283 
0 0 0 
1.91329e-13 6.04393e-13 1.50355e-11 
$escByGroup
 5.00018e-07 5.00009e-07 5e-07 5e-07 5.00012e-07 3.99326 2245.24 489.677 5.00016e-07 5.00012e-07 5.00018e-07 12.2025 4.85696 5.00007e-07 5.00018e-07 5.00011e-07 5e-07 5.00007e-07 5.00014e-07 5.00008e-07 5e-07 5e-07 5.0001e-07 5.00014e-07 365.355 1792.76 1.38547 5.0001e-07 5.00014e-07 1.36252 19.1604 5.00007e-07 5.00013e-07 5.00008e-07 5e-07 5.00007e-07 5.00015e-07 5.00004e-07 5e-07 5e-07 5.00007e-07 33.2223 270.963 2021.79 14.5706 0.944961 3.02277 58.7907 62.9677 5.00003e-07 5.00015e-07 5.00006e-07 5e-07 5.00003e-07 5.00007e-07 5.00002e-07 5e-07 5e-07 5.00004e-07 3.94918 456.136 332.67 0.581616 5.00004e-07 36.5097 362.307 62.1732 5.00001e-07 5.00008e-07 0.147254 5e-07 5.00001e-07 5.00006e-07 5.00001e-07 5e-07 5e-07 5.00002e-07 0.776657 334.387 249.633 2.67188 0.338394 0.333217 15.566 3.57911 0.103142 5.00005e-07 0.00858456 5e-07 5.00001e-07
$catchByGroup
1.14544e-12 2.51335e-11 0 0 1.6888e-11 0.0621421 1645.27 444.856 6.36626e-11 1.72808e-11 1.14544e-12 8.9418 4.41239 2.79836e-11 1.14544e-12 3.24896e-11 0 2.79836e-11 9.94295e-13 2.3085e-11 0 0 1.49697e-11 9.65887e-13 278.058 1648.76 1.3536 1.541e-11 9.94295e-13 1.03696 17.6213 2.62097e-11 9.37478e-13 2.58009e-11 0 2.62097e-11 1.71084e-12 3.28724e-11 0 0 2.18615e-11 0.946606 495.692 5009.79 40.1167 0.689363 0.0861278 107.55 156.028 3.64883e-11 1.66582e-12 4.13253e-11 0 3.64883e-11 6.18405e-14 2.75493e-12 0 0 1.45042e-12 0.00868839 152.599 188.236 0.40264 1.51086e-12 0.0803233 121.209 35.1797 4.09855e-12 6.87117e-14 0.0492636 0 3.61637e-12 6.59945e-15 1.61102e-13 0 0 1.0218e-13 0.0002183 10.6597 11.3316 0.13653 0.00348908 9.36597e-05 0.496216 0.162467 0.00527043 6.15948e-15 0.000273661 0 1.91329e-13 
2.79659e-13 7.22939e-12 0 0 4.53639e-12 0.015172 473.246 130.88 1.88709e-11 4.64189e-12 2.79659e-13 2.57202 1.29816 8.29488e-12 2.79659e-13 9.34531e-12 0 8.29488e-12 4.63991e-14 1.36439e-12 0 0 8.01562e-13 4.50734e-14 16.434 100.678 0.0835544 8.25137e-13 4.63991e-14 0.0612876 1.076 1.61786e-12 4.37477e-14 1.52491e-12 0 1.61786e-12 2.33436e-13 6.23235e-12 0 0 3.62319e-12 0.12916 93.9794 991.955 8.05766 0.114251 0.0117517 20.3906 30.894 7.32887e-12 2.27293e-13 7.83495e-12 0 7.32887e-12 1.1487e-12 3.1075e-11 0 0 1.99901e-11 0.161388 1721.29 1992.63 4.17459 2.0823e-11 1.49202 1367.21 372.406 4.2494e-11 1.27633e-12 0.555683 0 3.74947e-11 2.10658e-14 5.09773e-13 0 0 3.24541e-13 0.000696826 33.7302 35.8108 0.431285 0.0110819 0.000298967 1.57017 0.513437 0.0166488 1.96614e-14 0.000865939 0 6.04393e-13 
8.12166e-15 2.21418e-13 0 0 1.35817e-13 0.000440613 14.4943 4.0394 5.83919e-13 1.38976e-13 8.12166e-15 0.0787744 0.0400657 2.56668e-13 8.12166e-15 2.86223e-13 0 2.56668e-13 2.30513e-14 6.81946e-13 0 0 3.99597e-13 2.23927e-14 8.21401 50.3647 0.041811 4.1135e-13 2.30513e-14 0.0306326 0.538278 8.09586e-13 2.17341e-14 7.62175e-13 0 8.09586e-13 7.54389e-16 2.12834e-14 0 0 1.20849e-14 0.000417403 0.320938 3.4146 0.0278109 0.000381076 3.79778e-05 0.0696336 0.106346 2.52955e-14 7.34537e-16 2.67562e-14 0 2.52955e-14 4.40555e-14 1.98019e-12 0 0 1.03857e-12 0.00618966 109.685 135.474 0.289907 1.08185e-12 0.0572228 87.1226 25.3189 2.95102e-12 4.89506e-14 0.0354097 0 2.60384e-12 9.62572e-13 1.3851e-11 0 0 1.087e-11 0.0318405 916.479 910.47 10.7291 0.37117 0.0136609 42.6628 13.0539 0.414172 8.984e-13 0.0235283 0 1.50355e-11 
$Fmort
 0.306238 0.237419 0.203907
#ESTIMATED_PARAMETERS
$availability
1.21473 1.38735 2.21013 0.16649 0.0213012 
0.380325 0.0828115 0.384304 4.06483 0.0877296 
0.0128371 0.0478931 0.00144335 0.178078 4.75975 
$selectivity
 0.0413504 1.26683 1.4457 1.5057 0.740418
$RunSize
 7.50395e-11 6.6883e-11 0 0 7.01456e-11 4.07102 4378.25 1069.45 1.48448e-10 7.17769e-11 7.50395e-11 23.7951 10.6076 6.52517e-11 7.50395e-11 8.64585e-11 0 6.52517e-11 5.70952e-11 5.54639e-11 0 0 5.54639e-11 5.54639e-11 668.061 3592.57 2.86443 5.70952e-11 5.70952e-11 2.49141 38.396 5.54639e-11 5.38327e-11 6.19891e-11 0 5.54639e-11 6.19891e-11 5.70952e-11 0 0 5.54639e-11 34.2985 860.956 8026.95 62.7728 1.74896 3.12068 186.801 249.996 5.70952e-11 6.03578e-11 7.17769e-11 0 5.70952e-11 2.93633e-11 4.40449e-11 0 0 3.9151e-11 4.12544 2439.71 2649.02 5.44875 4.07823e-11 38.1393 1937.85 495.078 5.54639e-11 3.26259e-11 0.78761 0 4.89388e-11 2.44694e-11 1.95755e-11 0 0 2.12068e-11 0.809412 1295.26 1207.25 13.9688 0.724134 0.347271 60.2952 17.3089 0.539234 2.28381e-11 0.0332525 0 1.95755e-11
