$ndistricts
3
$ngroups
90
$nstocks
5
$nagecomps
18
$AgeCompLabels
 0.1 0.2 0.3 0.4 0.5 1.1 1.2 1.3 1.4 1.5 2.1 2.2 2.3 2.4 3.1 3.2 3.3 3.4
$navailpar
15
$nselectpar
5
$GENdata
-1
$maxGradient
0.000232836
#LIKELIHOOD_VALUES_AND_PENALTIES
$totalNLL
-74631.2
$NLLcatch
-58618.7
$NLLescape
-28689
$NLLagecompCatch
7938.26
$NLLagecompEsc
4738.2
$NLLgenetics
0
$NLLselOne
3.09712e-14
$NLLavailOne
2.2306e-05
$NLLextra
0.0207333
#OBSERVED_AND_PREDICTED_VALUES
$predEsc
 2415.94 186.528 908.827 657.098 511.916
$obsEsc
 2387.39 187.302 935.754 634.014 529.752
$predCatch
 5857.38 1306.68 954.068
$obsCatch
 5857.38 1306.68 954.068
$RunSize
 1.06518e-10 1.80272 0 1.32082e-10 1.2001e-10 1.06518e-10 291.202 716.834 6.86684e-10 1.24271e-10 2.10126 3935.52 949.297 1.27821e-10 1.05808e-10 0 0 1.30662e-10 3.19553e-11 0.526502 0 1.00127e-10 6.24904e-11 6.81971 248.014 204.417 4.83109 5.89398e-11 2.1724 12.7503 15.6381 9.79962e-11 3.33755e-11 0 0 9.79962e-11 7.31421e-11 1.67091e-09 0 1.1859e-10 1.07228e-10 2.77294 308.893 2100.31 1.21146e-09 1.07228e-10 3.61118 188.102 424.226 1.2214e-10 7.59826e-11 0 0 1.2143e-10 7.17219e-11 5.89398e-11 0 4.47374e-11 5.18386e-11 7.2432e-11 35.8474 485.546 1.40498 5.18386e-11 0.298326 451.17 758.376 4.61576e-11 7.17219e-11 6.26256 6.61086 4.68678e-11 5.46791e-11 6.17802e-11 0 0.100011 5.82296e-11 5.46791e-11 79.0318 1420 0.500241 5.75195e-11 5.75195e-11 60.5757 72.8593 5.82296e-11 5.89398e-11 0 0 5.68094e-11
$SSageCompEsc
 1909 574 1165 564 755
$obsAgeCompEsc
0 0 0 0 0 0 0.050314 0.121501 0 0 0.000501405 0.666399 0.161284 0 0 0 0 0 
0 0.000737599 0.000737599 0 0 0.0290058 0.506906 0.395546 0.00280749 0 0.00804835 0.0259229 0.0302882 0 0 0 0 0 
0 0 0 0 0 0.00252173 0.107085 0.685496 0 0 0.00221491 0.0639592 0.138723 0 0 0 0 0 
0 0 0 0 0 0 0.0372175 0.263214 0 0 0.000558117 0.329323 0.364408 0 0 0.00472103 0.000558117 0 
0 0 0 0 0 0 0.0838037 0.864677 0 0 0 0.0174847 0.0340349 0 0 0 0 0 
$predAgeCompEsc
3.40732e-14 0.000311387 0 6.1471e-15 1.56171e-14 3.40732e-14 0.0502999 0.115703 3.19583e-14 1.61715e-14 0.000672158 0.679789 0.153224 5.94881e-15 3.38461e-14 0 0 6.08101e-15 
1.29081e-13 0.00108658 0 5.04008e-14 9.49635e-14 0.0275477 0.511847 0.392009 0.00243183 8.95679e-14 0.00877524 0.0263139 0.0299891 4.93284e-14 1.34818e-13 0 0 4.93284e-14 
5.82275e-14 5.94567e-13 0 2.47355e-15 2.55172e-14 0.0022075 0.109915 0.680601 2.52687e-14 2.55172e-14 0.00287481 0.0669332 0.137469 2.54761e-15 6.04887e-14 0 0 2.53279e-15 
8.52832e-14 3.58646e-14 0 -2.17687e-16 2.17147e-14 8.61276e-14 0.021813 0.271593 -6.83649e-06 2.17147e-14 0.000354734 0.274535 0.424203 -2.24598e-16 8.52832e-14 0.00381074 0.00369783 -2.28053e-16 
8.1208e-14 4.17017e-14 0 -1.73523e-05 2.39975e-14 8.1208e-14 0.0533465 0.861658 -8.67938e-05 2.37049e-14 8.54266e-14 0.0408886 0.044211 -1.01031e-14 8.75359e-14 0 0 -9.85666e-15 
$SSageCompCatch
 2760 2619 1406
$obsAgeCompCatch
0 0.000564588 0.00297665 0 0 0 0.0932523 0.339985 0.000665569 0 0.000920851 0.416391 0.144379 0 0 0.000538101 0.000326844 0 
0 0 0.00245763 0 0 0 0.0306941 0.36685 0.00102677 0 0 0.244013 0.351669 0 0 0.000449837 0.00283955 0 
0 0 0 9.51192e-05 0 0 0.0276769 0.783459 0.000571672 0 0 0.0944983 0.0905875 0 0 0.00250391 0.000607911 0 
$predAgeCompCatch
9.12152e-15 0.000221483 0 3.54706e-06 3.58111e-14 0.000400446 0.0870396 0.359311 0.000757304 3.58488e-14 0.000327971 0.39716 0.154588 5.36422e-14 9.30346e-15 8.9067e-05 0.000100429 5.39014e-14 
1.23495e-14 5.12172e-05 0 8.8366e-06 3.56731e-14 6.81241e-05 0.0390258 0.356126 0.00101489 3.56859e-14 0.000109941 0.265819 0.332994 5.06763e-14 1.24425e-14 0.0022686 0.00251406 5.10394e-14 
1.20801e-14 1.04991e-05 0 8.02573e-05 4.00776e-14 1.40757e-05 0.0457405 0.803287 0.000597107 3.96359e-14 1.25169e-05 0.0681956 0.0814543 5.38279e-14 1.29275e-14 0.000285609 0.00032252 5.27775e-14 
$genSS
 0 0 0
$obsGenComp     #GeneticFracData
-1 -1 -1 -1 -1 
-1 -1 -1 -1 -1 
-1 -1 -1 -1 -1 
$predGenComp     #catchGenComp_pred
0 0 0 0 0 
0 0 0 0 0 
0 0 0 0 0 
#PARAMETERS_OF_INTEREST
$catchByGroup
2.30576e-11 1.0153e-12 1.26018e-13 
0.988138 0.0553559 0.00693582 
0 0 0 
1.0768e-10 8.47332e-12 1.07798e-12 
7.69509e-11 4.73366e-12 5.95446e-13 
2.30576e-11 1.0153e-12 1.26018e-13 
159.619 8.94191 1.12038 
410.791 23.5579 2.95455 
5.59818e-10 4.40521e-11 5.60431e-12 
7.96829e-11 4.90172e-12 6.16586e-13 
0.454854 0.0200287 0.00248593 
2157.2 120.847 15.1416 
544.006 31.1975 3.91268 
1.04206e-10 8.19999e-12 1.0432e-12 
2.29039e-11 1.00853e-12 1.25178e-13 
0 0 0 
0 0 0 
1.06522e-10 8.38221e-12 1.06638e-12 
7.60332e-12 2.17281e-13 5.75411e-14 
0.309174 0.0115687 0.00308101 
0 0 0 
8.48647e-11 4.61923e-12 1.2415e-12 
4.25395e-11 1.76604e-12 4.71449e-13 
1.62266 0.0463708 0.0122801 
145.64 5.44953 1.45134 
125.206 4.80862 1.28139 
4.0947 0.222877 0.0599021 
4.01225e-11 1.66569e-12 4.44662e-13 
0.516893 0.0147713 0.00391179 
7.48729 0.280159 0.0746129 
9.57841 0.367863 0.0980276 
8.30591e-11 4.52095e-12 1.21508e-12 
7.94125e-12 2.26938e-13 6.00985e-14 
0 0 0 
0 0 0 
8.30591e-11 4.52095e-12 1.21508e-12 
1.90683e-11 1.12487e-12 3.03105e-14 
1.04606e-09 8.22383e-11 2.25379e-12 
0 0 0 
1.03937e-10 1.20651e-11 3.39794e-13 
7.709e-11 6.76047e-12 1.86587e-13 
0.722909 0.0426457 0.00114912 
193.38 15.203 0.416648 
1368.17 110.559 3.0352 
1.06177e-09 1.23252e-10 3.47119e-12 
7.709e-11 6.76047e-12 1.86587e-13 
0.941439 0.0555372 0.00149649 
117.76 9.25796 0.25372 
276.346 22.3309 0.613057 
1.07049e-10 1.24263e-11 3.49968e-13 
1.98088e-11 1.16856e-12 3.14876e-14 
0 0 0 
0 0 0 
1.06426e-10 1.23541e-11 3.47933e-13 
1.89036e-12 1.2819e-11 9.73134e-13 
4.90995e-12 2.78988e-11 2.56453e-12 
0 0 0 
7.55256e-12 3.32909e-11 4.03699e-12 
5.50336e-12 2.91748e-11 2.89181e-12 
1.90908e-12 1.29459e-11 9.82769e-13 
2.98625 16.9681 1.55976 
43.2049 241.278 22.6 
0.237189 1.0455 0.126782 
5.50336e-12 2.91748e-11 2.89181e-12 
0.00786292 0.0533204 0.00404773 
37.5845 213.558 19.6308 
67.482 376.853 35.299 
7.79232e-12 3.43478e-11 4.16515e-12 
1.89036e-12 1.2819e-11 9.73134e-13 
0.521699 2.96434 0.27249 
0.588249 3.28507 0.307706 
7.9122e-12 3.48762e-11 4.22923e-12 
1.80871e-12 9.60452e-13 1.03382e-11 
6.40991e-12 3.46429e-12 3.05583e-11 
0 0 0 
0.0207765 0.0115466 0.0765709 
7.6751e-12 4.1784e-12 3.40914e-11 
1.80871e-12 9.60452e-13 1.03382e-11 
8.19981 4.43167 39.0914 
157.249 85.1397 736.519 
0.103921 0.0577545 0.382997 
7.5815e-12 4.12745e-12 3.36757e-11 
1.90267e-12 1.01035e-12 1.08753e-11 
6.28493 3.39675 29.9625 
8.06833 4.36845 37.7902 
1.20967e-11 6.72281e-12 4.4582e-11 
1.94965e-12 1.03529e-12 1.11438e-11 
0 0 0 
0 0 0 
1.18017e-11 6.55884e-12 4.34947e-11 
$escByGroup
 5.00021e-07 0.752291 5e-07 5.00004e-07 5.00009e-07 5.00021e-07 121.521 279.531 5.00019e-07 5.0001e-07 1.62389 1642.33 370.18 5.00004e-07 5.0002e-07 5e-07 5e-07 5.00004e-07 5.00006e-07 0.202678 5e-07 5.00002e-07 5.00004e-07 5.13841 95.4737 73.1206 0.453603 5.00004e-07 1.63683 4.90827 5.59379 5.00002e-07 5.00006e-07 5e-07 5e-07 5.00002e-07 5.00013e-07 5.00135e-07 5e-07 5.00001e-07 5.00006e-07 2.00623 99.8935 618.548 5.00006e-07 5.00006e-07 2.61271 60.8307 124.936 5.00001e-07 5.00014e-07 5e-07 5e-07 5.00001e-07 5.00014e-07 5.00006e-07 5e-07 5e-07 5.00004e-07 5.00014e-07 14.3333 178.463 2.22507e-10 5.00004e-07 0.233095 180.396 278.742 5e-07 5.00014e-07 2.50403 2.42983 5e-07 5.0001e-07 5.00005e-07 5e-07 1.1255e-10 5.00003e-07 5.0001e-07 27.3089 441.096 2.25057e-11 5.00003e-07 5.00011e-07 20.9315 22.6323 4.99999e-07 5.00011e-07 5e-07 5e-07 4.99999e-07
$catchByGroup
2.30576e-11 0.988138 0 1.0768e-10 7.69509e-11 2.30576e-11 159.619 410.791 5.59818e-10 7.96829e-11 0.454854 2157.2 544.006 1.04206e-10 2.29039e-11 0 0 1.06522e-10 7.60332e-12 0.309174 0 8.48647e-11 4.25395e-11 1.62266 145.64 125.206 4.0947 4.01225e-11 0.516893 7.48729 9.57841 8.30591e-11 7.94125e-12 0 0 8.30591e-11 1.90683e-11 1.04606e-09 0 1.03937e-10 7.709e-11 0.722909 193.38 1368.17 1.06177e-09 7.709e-11 0.941439 117.76 276.346 1.07049e-10 1.98088e-11 0 0 1.06426e-10 1.89036e-12 4.90995e-12 0 7.55256e-12 5.50336e-12 1.90908e-12 2.98625 43.2049 0.237189 5.50336e-12 0.00786292 37.5845 67.482 7.79232e-12 1.89036e-12 0.521699 0.588249 7.9122e-12 1.80871e-12 6.40991e-12 0 0.0207765 7.6751e-12 1.80871e-12 8.19981 157.249 0.103921 7.5815e-12 1.90267e-12 6.28493 8.06833 1.20967e-11 1.94965e-12 0 0 1.18017e-11 
1.0153e-12 0.0553559 0 8.47332e-12 4.73366e-12 1.0153e-12 8.94191 23.5579 4.40521e-11 4.90172e-12 0.0200287 120.847 31.1975 8.19999e-12 1.00853e-12 0 0 8.38221e-12 2.17281e-13 0.0115687 0 4.61923e-12 1.76604e-12 0.0463708 5.44953 4.80862 0.222877 1.66569e-12 0.0147713 0.280159 0.367863 4.52095e-12 2.26938e-13 0 0 4.52095e-12 1.12487e-12 8.22383e-11 0 1.20651e-11 6.76047e-12 0.0426457 15.203 110.559 1.23252e-10 6.76047e-12 0.0555372 9.25796 22.3309 1.24263e-11 1.16856e-12 0 0 1.23541e-11 1.2819e-11 2.78988e-11 0 3.32909e-11 2.91748e-11 1.29459e-11 16.9681 241.278 1.0455 2.91748e-11 0.0533204 213.558 376.853 3.43478e-11 1.2819e-11 2.96434 3.28507 3.48762e-11 9.60452e-13 3.46429e-12 0 0.0115466 4.1784e-12 9.60452e-13 4.43167 85.1397 0.0577545 4.12745e-12 1.01035e-12 3.39675 4.36845 6.72281e-12 1.03529e-12 0 0 6.55884e-12 
1.26018e-13 0.00693582 0 1.07798e-12 5.95446e-13 1.26018e-13 1.12038 2.95455 5.60431e-12 6.16586e-13 0.00248593 15.1416 3.91268 1.0432e-12 1.25178e-13 0 0 1.06638e-12 5.75411e-14 0.00308101 0 1.2415e-12 4.71449e-13 0.0122801 1.45134 1.28139 0.0599021 4.44662e-13 0.00391179 0.0746129 0.0980276 1.21508e-12 6.00985e-14 0 0 1.21508e-12 3.03105e-14 2.25379e-12 0 3.39794e-13 1.86587e-13 0.00114912 0.416648 3.0352 3.47119e-12 1.86587e-13 0.00149649 0.25372 0.613057 3.49968e-13 3.14876e-14 0 0 3.47933e-13 9.73134e-13 2.56453e-12 0 4.03699e-12 2.89181e-12 9.82769e-13 1.55976 22.6 0.126782 2.89181e-12 0.00404773 19.6308 35.299 4.16515e-12 9.73134e-13 0.27249 0.307706 4.22923e-12 1.03382e-11 3.05583e-11 0 0.0765709 3.40914e-11 1.03382e-11 39.0914 736.519 0.382997 3.36757e-11 1.08753e-11 29.9625 37.7902 4.4582e-11 1.11438e-11 0 0 4.34947e-11 
$Fmort
 0.662747 0.186078 0.17104
#ESTIMATED_PARAMETERS
$availability
1.38912 1.54733 1.72003 0.152101 0.191551 
0.194249 0.138378 0.314342 3.99361 0.359421 
0.0261198 0.0397677 0.00914573 0.301431 4.62427 
$selectivity
 0.264971 0.862855 0.924488 1.83432 1.11336
$RunSize
 1.06518e-10 1.80272 0 1.32082e-10 1.2001e-10 1.06518e-10 291.202 716.834 6.86684e-10 1.24271e-10 2.10126 3935.52 949.297 1.27821e-10 1.05808e-10 0 0 1.30662e-10 3.19553e-11 0.526502 0 1.00127e-10 6.24904e-11 6.81971 248.014 204.417 4.83109 5.89398e-11 2.1724 12.7503 15.6381 9.79962e-11 3.33755e-11 0 0 9.79962e-11 7.31421e-11 1.67091e-09 0 1.1859e-10 1.07228e-10 2.77294 308.893 2100.31 1.21146e-09 1.07228e-10 3.61118 188.102 424.226 1.2214e-10 7.59826e-11 0 0 1.2143e-10 7.17219e-11 5.89398e-11 0 4.47374e-11 5.18386e-11 7.2432e-11 35.8474 485.546 1.40498 5.18386e-11 0.298326 451.17 758.376 4.61576e-11 7.17219e-11 6.26256 6.61086 4.68678e-11 5.46791e-11 6.17802e-11 0 0.100011 5.82296e-11 5.46791e-11 79.0318 1420 0.500241 5.75195e-11 5.75195e-11 60.5757 72.8593 5.82296e-11 5.89398e-11 0 0 5.68094e-11
