$ndistricts
3
$ngroups
90
$nstocks
5
$nagecomps
18
$AgeCompLabels
 0.1 0.2 0.3 0.4 0.5 1.1 1.2 1.3 1.4 1.5 2.1 2.2 2.3 2.4 3.1 3.2 3.3 3.4
$navailpar
15
$nselectpar
5
$GENdata
-1
$maxGradient
0.000348966
#LIKELIHOOD_VALUES_AND_PENALTIES
$totalNLL
-75107.3
$NLLcatch
-46009.2
$NLLescape
-41541.5
$NLLagecompCatch
4768.82
$NLLagecompEsc
7674.66
$NLLgenetics
0
$NLLselOne
5.86182e-18
$NLLavailOne
2.2306e-05
$NLLextra
5.19937e-10
#OBSERVED_AND_PREDICTED_VALUES
$predEsc
 4136.53 228.622 771.315 975.976 83.3113
$obsEsc
 4149.29 229.4 813.378 895.698 82.435
$predCatch
 5123.67 1207.29 7.995
$obsCatch
 5123.67 1207.29 7.995
$RunSize
 1.68739e-10 1.59711e-10 0 0 1.51379e-10 5.87294 6197.59 928.552 17.4102 1.51379e-10 277.543 230.131 200.527 4.8955e-10 1.6735e-10 4.29832e-10 0 1.59017e-10 2.15263e-10 1.79155e-10 0 0 1.62489e-10 2.06236e-10 290.478 137.92 1.28186e-09 1.54156e-10 2.15263e-10 41.0796 22.2247 7.81197e-10 2.04847e-10 6.33291e-10 0 1.62489e-10 4.16639e-11 6.94398e-11 0 0 1.17353e-10 0.79909 251.972 622.002 2.38041 1.27769e-10 1.41251 556.272 586.362 13.3007 4.23583e-11 4.14253 7.87725 9.72157e-11 3.95807e-11 4.86078e-11 0 0 6.38846e-11 3.95807e-11 60.7344 78.3805 0.295575 6.31902e-11 12.2478 568.156 1219.55 1.59017e-10 3.95807e-11 48.5008 53.0591 5.55518e-11 7.63837e-12 9.02717e-12 0 0 1.11104e-11 1.15549 12.5682 7.47573 9.02717e-12 1.18048e-11 12.8985 20.4462 41.0278 0.283982 7.63837e-12 1.31874 0.755264 9.02717e-12
$SSageCompEsc
 2014 88.5 1580 1923 894
$obsAgeCompEsc
0 0 0 0 0 0.00141301 0.776799 0.100321 0.00105075 0 0.0648458 0.032119 0.0234519 0 0 0 0 0 
0 0 0 0 0 0 0.601116 0.250188 0 0 0 0.102692 0.0460043 0 0 0 0 0 
0 0 0 0 0 0.000980951 0.13947 0.270477 0.000590492 0 0.00171882 0.316626 0.260979 0.00350496 0 0.00206256 0.00358933 0 
0 0 0 0 0 0 0.0429891 0.0414334 0.000210202 0 0.0128906 0.304907 0.556214 0 0 0.0208549 0.0205005 0 
0 0 0 0 0 0.0137937 0.129745 0.0728806 0 0 0.153003 0.208243 0.400249 0.00156658 0 0.0132477 0.00727065 0 
$predAgeCompEsc
3.95895e-14 2.02155e-14 0 0 5.96712e-15 0.00137791 0.78446 0.0975833 0.00125938 5.96712e-15 0.0651172 0.0291288 0.0210738 3.54119e-14 3.92637e-14 5.4406e-14 0 1.15026e-14 
9.11133e-13 3.87224e-13 0 0 1.02753e-13 8.72924e-13 0.627838 0.244047 1.52435e-12 9.74837e-14 9.11133e-13 0.0887891 0.0393263 9.28976e-13 8.67046e-13 1.36879e-12 0 1.93227e-13 
5.20272e-14 3.92352e-14 0 0 9.32564e-15 0.000997853 0.142371 0.273208 0.00060696 1.01534e-14 0.00176385 0.314307 0.257553 0.00339144 5.28943e-14 0.00234063 0.00346 2.47882e-14 
3.94579e-14 2.6792e-14 0 0 8.35535e-15 3.94579e-14 0.0334761 0.0356416 8.86241e-05 8.26453e-15 0.0122098 0.313161 0.554563 4.7679e-14 3.94579e-14 0.026733 0.0241273 1.66564e-14 
9.10095e-14 9.21248e-14 0 0 8.57185e-14 0.0137674 0.128262 0.0727938 8.01103e-14 9.10759e-14 0.153683 0.20866 0.399502 0.00252015 9.10095e-14 0.0134581 0.00735427 8.01103e-14 
$SSageCompCatch
 2496 1535 33
$obsAgeCompCatch
0 0 0.000286646 0.000771234 0 0 0.634004 0.183461 0.00316832 0 0.0015431 0.0735758 0.0987835 0.00177683 0 0.0012557 0.00137425 0 
0 0 0 0 0 0 0.0805941 0.0694982 0 0 0 0.245598 0.551328 0.000675646 0 0.0247983 0.0275076 0 
0 0 0 0 0 0 0.0606061 0.0909091 0 0 0.030303 0.242424 0.484849 0.030303 0 0.030303 0.030303 0 
$predAgeCompCatch
2.56899e-15 3.90248e-14 0 0 7.03431e-14 3.87855e-05 0.601196 0.187922 0.00258254 7.07431e-14 0.00156043 0.0886169 0.113333 0.00191516 2.50206e-15 0.00104841 0.00178683 5.79012e-14 
1.17327e-15 2.43295e-14 0 0 6.12986e-14 9.0342e-06 0.157335 0.0826515 0.000898165 6.14682e-14 0.000536679 0.210583 0.509921 0.000772077 1.16581e-15 0.0161158 0.0211777 4.31828e-14 
2.04e-15 4.78054e-14 0 0 1.41602e-13 0.000185235 0.177316 0.0833849 0.000710811 1.46292e-13 0.00237621 0.195507 0.506714 0.00176601 2.02505e-15 0.014576 0.0174641 8.67559e-14 
$genSS
 0 0 0
$obsGenComp     #GeneticFracData
-1 -1 -1 -1 -1 
-1 -1 -1 -1 -1 
-1 -1 -1 -1 -1 
$predGenComp     #catchGenComp_pred
0 0 0 0 0 
0 0 0 0 0 
0 0 0 0 0 
#PARAMETERS_OF_INTEREST
$catchByGroup
4.77647e-12 1.9784e-13 1.18661e-15 
7.21893e-11 3.87679e-12 2.35237e-14 
0 0 0 
0 0 0 
1.17636e-10 9.00417e-12 5.56356e-14 
0.166245 0.00688583 4.13e-05 
2801.3 150.439 0.912836 
496.175 28.5473 0.173792 
11.4502 0.746033 0.00457001 
1.17636e-10 9.00417e-12 5.56356e-14 
7.85637 0.325409 0.00195175 
104.019 5.58612 0.0338957 
107.153 6.165 0.0375315 
3.21962e-10 2.09773e-11 1.28502e-13 
4.73716e-12 1.96212e-13 1.17685e-15 
1.94283e-10 1.04336e-11 6.33095e-14 
0 0 0 
1.04581e-10 6.81391e-12 4.17403e-14 
6.77639e-12 1.79826e-13 2.30475e-15 
8.74778e-11 3.10886e-12 4.01736e-14 
0 0 0 
0 0 0 
1.31961e-10 6.94556e-12 9.09138e-14 
6.49222e-12 1.72285e-13 2.2081e-15 
141.835 5.04066 0.0651368 
79.052 3.03414 0.0392996 
8.93472e-10 3.93749e-11 5.1225e-13 
1.25194e-10 6.58938e-12 8.62516e-14 
6.77639e-12 1.79826e-13 2.30475e-15 
20.0584 0.712852 0.00921168 
12.7386 0.488929 0.00633283 
5.44505e-10 2.39961e-11 3.12178e-13 
6.4485e-12 1.71125e-13 2.19323e-15 
3.09224e-10 1.09895e-11 1.42009e-13 
0 0 0 
1.13257e-10 4.99118e-12 6.49331e-14 
1.45536e-12 7.9022e-14 1.0259e-16 
3.64664e-11 2.70713e-12 3.58135e-15 
0 0 0 
0 0 0 
9.90585e-11 1.10865e-11 1.51037e-14 
0.0279131 0.0015156 1.96761e-06 
132.324 9.82321 0.0129955 
380.582 30.6502 0.0407651 
1.74917 0.162865 0.000218801 
1.07851e-10 1.20706e-11 1.64442e-14 
0.0493405 0.00267905 3.47805e-06 
292.127 21.6864 0.0286897 
358.775 28.8939 0.0384293 
9.77363 0.91002 0.00122257 
1.47962e-12 8.0339e-14 1.04299e-16 
2.17546 0.161498 0.000213651 
4.81982 0.388164 0.000516264 
7.14359e-11 6.65137e-12 8.9358e-15 
1.24253e-13 9.43234e-13 3.21202e-15 
3.0981e-12 1.92788e-11 8.25575e-14 
0 0 0 
0 0 0 
9.68218e-12 4.57774e-11 2.70433e-13 
1.24253e-13 9.43234e-13 3.21202e-15 
3.87101 24.0884 0.103154 
6.29266 37.1333 0.169129 
0.0327347 0.175452 0.000894122 
9.57694e-12 4.52798e-11 2.67494e-13 
0.0384486 0.291872 0.000993922 
36.2124 225.342 0.964979 
97.9102 577.773 2.63155 
1.7611e-11 9.43915e-11 4.8103e-13 
1.24253e-13 9.43234e-13 3.21202e-15 
3.09128 19.2364 0.0823757 
4.25977 25.1371 0.114491 
6.15231e-12 3.29752e-11 1.68045e-13 
3.01856e-14 1.65627e-14 9.50385e-15 
7.18505e-13 4.01257e-13 2.32368e-13 
0 0 0 
0 0 0 
2.07724e-12 1.19178e-12 7.00025e-13 
0.0045663 0.00250551 0.00143769 
1.00035 0.558657 0.323518 
0.747813 0.419697 0.243676 
1.24045e-12 7.02664e-13 4.09959e-13 
2.20707e-12 1.26626e-12 7.43776e-13 
0.0509727 0.0279685 0.0160486 
1.62739 0.908835 0.526305 
4.1041 2.30335 1.33733 
0.0390227 0.0221048 0.0128967 
3.01856e-14 1.65627e-14 9.50385e-15 
0.104963 0.0586179 0.0339456 
0.0755507 0.0424015 0.0246183 
1.24045e-12 7.02664e-13 4.09959e-13 
$escByGroup
 5.00041e-07 5.00021e-07 5e-07 5e-07 5.00006e-07 5.69977 3244.94 403.656 5.20946 5.00006e-07 269.359 120.492 87.1724 5.00037e-07 5.00041e-07 5.00056e-07 5e-07 5.00012e-07 5.00052e-07 5.00022e-07 5e-07 5e-07 5.00006e-07 5.0005e-07 143.537 55.7944 5.00087e-07 5.00006e-07 5.00052e-07 20.2991 8.99084 5.00053e-07 5.0005e-07 5.00078e-07 5e-07 5.00011e-07 5.0001e-07 5.00008e-07 5e-07 5e-07 5.00002e-07 0.76966 109.813 210.729 0.468158 5.00002e-07 1.36049 242.43 198.655 2.61587 5.0001e-07 1.80537 2.66875 5.00005e-07 5.0001e-07 5.00007e-07 5e-07 5e-07 5.00002e-07 5.0001e-07 32.6718 34.7853 0.086495 5.00002e-07 11.9165 305.637 541.24 5.00012e-07 5.0001e-07 26.0908 23.5477 5.00004e-07 5.00002e-07 5.00002e-07 5e-07 5e-07 5.00002e-07 1.14698 10.6857 6.06454 5.00002e-07 5.00002e-07 12.8035 17.3837 33.283 0.209957 5.00002e-07 1.12121 0.612694 5.00002e-07
$catchByGroup
4.77647e-12 7.21893e-11 0 0 1.17636e-10 0.166245 2801.3 496.175 11.4502 1.17636e-10 7.85637 104.019 107.153 3.21962e-10 4.73716e-12 1.94283e-10 0 1.04581e-10 6.77639e-12 8.74778e-11 0 0 1.31961e-10 6.49222e-12 141.835 79.052 8.93472e-10 1.25194e-10 6.77639e-12 20.0584 12.7386 5.44505e-10 6.4485e-12 3.09224e-10 0 1.13257e-10 1.45536e-12 3.64664e-11 0 0 9.90585e-11 0.0279131 132.324 380.582 1.74917 1.07851e-10 0.0493405 292.127 358.775 9.77363 1.47962e-12 2.17546 4.81982 7.14359e-11 1.24253e-13 3.0981e-12 0 0 9.68218e-12 1.24253e-13 3.87101 6.29266 0.0327347 9.57694e-12 0.0384486 36.2124 97.9102 1.7611e-11 1.24253e-13 3.09128 4.25977 6.15231e-12 3.01856e-14 7.18505e-13 0 0 2.07724e-12 0.0045663 1.00035 0.747813 1.24045e-12 2.20707e-12 0.0509727 1.62739 4.1041 0.0390227 3.01856e-14 0.104963 0.0755507 1.24045e-12 
1.9784e-13 3.87679e-12 0 0 9.00417e-12 0.00688583 150.439 28.5473 0.746033 9.00417e-12 0.325409 5.58612 6.165 2.09773e-11 1.96212e-13 1.04336e-11 0 6.81391e-12 1.79826e-13 3.10886e-12 0 0 6.94556e-12 1.72285e-13 5.04066 3.03414 3.93749e-11 6.58938e-12 1.79826e-13 0.712852 0.488929 2.39961e-11 1.71125e-13 1.09895e-11 0 4.99118e-12 7.9022e-14 2.70713e-12 0 0 1.10865e-11 0.0015156 9.82321 30.6502 0.162865 1.20706e-11 0.00267905 21.6864 28.8939 0.91002 8.0339e-14 0.161498 0.388164 6.65137e-12 9.43234e-13 1.92788e-11 0 0 4.57774e-11 9.43234e-13 24.0884 37.1333 0.175452 4.52798e-11 0.291872 225.342 577.773 9.43915e-11 9.43234e-13 19.2364 25.1371 3.29752e-11 1.65627e-14 4.01257e-13 0 0 1.19178e-12 0.00250551 0.558657 0.419697 7.02664e-13 1.26626e-12 0.0279685 0.908835 2.30335 0.0221048 1.65627e-14 0.0586179 0.0424015 7.02664e-13 
1.18661e-15 2.35237e-14 0 0 5.56356e-14 4.13e-05 0.912836 0.173792 0.00457001 5.56356e-14 0.00195175 0.0338957 0.0375315 1.28502e-13 1.17685e-15 6.33095e-14 0 4.17403e-14 2.30475e-15 4.01736e-14 0 0 9.09138e-14 2.2081e-15 0.0651368 0.0392996 5.1225e-13 8.62516e-14 2.30475e-15 0.00921168 0.00633283 3.12178e-13 2.19323e-15 1.42009e-13 0 6.49331e-14 1.0259e-16 3.58135e-15 0 0 1.51037e-14 1.96761e-06 0.0129955 0.0407651 0.000218801 1.64442e-14 3.47805e-06 0.0286897 0.0384293 0.00122257 1.04299e-16 0.000213651 0.000516264 8.9358e-15 3.21202e-15 8.25575e-14 0 0 2.70433e-13 3.21202e-15 0.103154 0.169129 0.000894122 2.67494e-13 0.000993922 0.964979 2.63155 4.8103e-13 3.21202e-15 0.0823757 0.114491 1.68045e-13 9.50385e-15 2.32368e-13 0 0 7.00025e-13 0.00143769 0.323518 0.243676 4.09959e-13 7.43776e-13 0.0160486 0.526305 1.33733 0.0128967 9.50385e-15 0.0339456 0.0246183 4.09959e-13 
$Fmort
 0.571226 0.166891 0.00743979
#ESTIMATED_PARAMETERS
$availability
1.38912 1.54733 1.72003 0.152101 0.191551 
0.194249 0.138378 0.314342 3.99361 0.359421 
0.0261198 0.0397677 0.00914573 0.301431 4.62427 
$selectivity
 0.036188 0.758003 0.963234 1.35094 1.89163
$RunSize
 1.68739e-10 1.59711e-10 0 0 1.51379e-10 5.87294 6197.59 928.552 17.4102 1.51379e-10 277.543 230.131 200.527 4.8955e-10 1.6735e-10 4.29832e-10 0 1.59017e-10 2.15263e-10 1.79155e-10 0 0 1.62489e-10 2.06236e-10 290.478 137.92 1.28186e-09 1.54156e-10 2.15263e-10 41.0796 22.2247 7.81197e-10 2.04847e-10 6.33291e-10 0 1.62489e-10 4.16639e-11 6.94398e-11 0 0 1.17353e-10 0.79909 251.972 622.002 2.38041 1.27769e-10 1.41251 556.272 586.362 13.3007 4.23583e-11 4.14253 7.87725 9.72157e-11 3.95807e-11 4.86078e-11 0 0 6.38846e-11 3.95807e-11 60.7344 78.3805 0.295575 6.31902e-11 12.2478 568.156 1219.55 1.59017e-10 3.95807e-11 48.5008 53.0591 5.55518e-11 7.63837e-12 9.02717e-12 0 0 1.11104e-11 1.15549 12.5682 7.47573 9.02717e-12 1.18048e-11 12.8985 20.4462 41.0278 0.283982 7.63837e-12 1.31874 0.755264 9.02717e-12
