$ndistricts
3
$ngroups
90
$nstocks
5
$nagecomps
18
$AgeCompLabels
 0.1 0.2 0.3 0.4 0.5 1.1 1.2 1.3 1.4 1.5 2.1 2.2 2.3 2.4 3.1 3.2 3.3 3.4
$navailpar
15
$nselectpar
5
$GENdata
1
$maxGradient
0.000462937
#LIKELIHOOD_VALUES_AND_PENALTIES
$totalNLL
-223853
$NLLcatch
-175556
$NLLescape
-81881.1
$NLLagecompCatch
16740.8
$NLLagecompEsc
16412.6
$NLLgenetics
430.282
$NLLselOne
7.98192e-14
$NLLavailOne
1.05459e-13
$NLLextra
5.59928e-10
#OBSERVED_AND_PREDICTED_VALUES
$predEsc
 7213.46 117.146 1849.72 1102.2 997.712
$obsEsc
 7211.05 118.03 1849.94 1095.19 1006.41
$predCatch
 8179.09 7537.27 6468.86
$obsCatch
 8179.09 7537.27 6468.86
$RunSize
 6.68782e-11 4.83009e-11 8.90205 0 3.90123e-11 0 659.577 1344.41 2.87948e-10 4.087e-11 7.80245e-11 8095.64 3474.04 6.87359e-11 7.05936e-11 5.38741e-11 1.04965 5.01586e-11 4.087e-11 3.15814e-11 0 0 3.34391e-11 0 255.474 201.137 6.84015e-09 3.34391e-11 4.64432e-11 48.7645 31.7147 4.087e-11 3.71545e-11 3.90123e-11 0 3.15814e-11 2.22927e-11 2.41505e-11 0 0 2.78659e-11 4.78877 736.526 1630.34 7.22969 2.78659e-11 5.47723 1333.39 456.713 2.41505e-11 2.22927e-11 4.39603 0 2.41505e-11 1.30041e-11 4.27277e-11 0 0 2.37789e-10 1.6449 568.874 2337.46 8.54555e-11 2.56366e-10 41.291 3690 1019.76 1.22619 0.339605 4.45855e-11 7.10097 3.15814e-11 7.43091e-12 2.41505e-11 0 0 1.00317e-10 4.23638 1700.86 2051.03 26.5512 9.84596e-11 6.08074 3078.8 630.609 1.85773e-11 7.43091e-12 2.60082e-11 0 1.67195e-11
$SSageCompEsc
 2940 88.5 2592 2962 4884
$obsAgeCompEsc
0 0 0.00057112 0 0 0 0.0534425 0.0876885 0 0 0 0.616908 0.241166 0 0 0 0.000223843 0 
0 0 0 0 0 0 0.601116 0.250188 0 0 0 0.102692 0.0460043 0 0 0 0 0 
0 0 0 0 0 0.00234829 0.193508 0.351876 0.00174347 0 0.00270783 0.343989 0.101978 0 0 0.00184921 0 0 
0 0 0 0 0 0.00124454 0.0978499 0.2151 0 0 0.0303154 0.569857 0.0847102 0 0.00025784 0 0.000665284 0 
0 0 0 0 0 0.00346734 0.294063 0.171832 0.00756187 0 0.00497545 0.453183 0.0649174 0 0 0 0 0 
$predAgeCompEsc
8.64161e-15 3.74127e-15 0.000593376 0 1.17431e-15 0 0.0510892 0.0896131 2.63773e-14 1.23023e-15 1.00819e-14 0.627069 0.231566 6.29652e-15 9.1217e-15 4.17296e-15 6.99656e-05 4.59476e-15 
3.02052e-13 7.05117e-14 0 0 -3.51141e-14 0 0.570397 0.277043 2.36789e-11 -3.51141e-14 3.43241e-13 0.108877 0.0436833 1.41482e-13 2.74593e-13 8.71027e-14 0 1.09327e-13 
1.09643e-14 6.25534e-15 0 0 2.8009e-15 0.00235528 0.190772 0.355731 0.00228887 2.8009e-15 0.00269388 0.345369 0.0996518 7.64586e-15 1.09643e-14 0.00113864 0 7.64586e-15 
9.64433e-15 6.74235e-15 0 0 -1.69022e-14 0.00121992 0.0897672 0.205328 2.32361e-14 -1.82227e-14 0.0306229 0.582275 0.0895778 0.000333413 0.000251864 7.03549e-15 0.000623765 8.58726e-15 
5.94199e-15 3.7553e-15 0 0 -4.10038e-15 0.00338755 0.264478 0.184612 0.00715734 -4.02444e-15 0.00486235 0.478742 0.0567607 5.00783e-15 5.94199e-15 4.04417e-15 0 4.50705e-15 
$SSageCompCatch
 8505 1697 3212
$obsAgeCompCatch
0 0 7.51564e-05 0 0 5.59577e-05 0.0965835 0.222268 0.000541575 0 8.84203e-05 0.465735 0.214596 0 0 5.59577e-05 0 0 
0 0 0 0 0 0 0.0582723 0.268891 0.000299975 0 0.00164542 0.496465 0.172685 0.00072057 0 0 0.00102055 0 
0 0 0.00108999 0 0 0 0.170402 0.302754 0.00214697 0 0 0.443921 0.079686 0 0 0 0 0 
$predAgeCompCatch
1.2875e-15 6.20838e-15 0.000450076 0 1.2402e-14 5.32367e-05 0.0979045 0.21935 0.000372376 1.2782e-14 9.53445e-05 0.462467 0.218923 5.8416e-06 2.95503e-07 0.000268971 0.000108579 4.93934e-15 
5.01463e-16 5.50738e-15 0.000109288 0 3.28682e-14 4.14096e-05 0.0762042 0.290966 7.71513e-05 3.52456e-14 0.000960214 0.471262 0.15946 0.000106714 7.86162e-06 1.00315e-05 0.000795138 3.61082e-15 
2.48316e-16 3.18834e-15 1.80578e-05 0 1.58348e-14 0.000130089 0.21567 0.282868 0.00290297 1.56068e-14 0.000192462 0.404657 0.0935471 1.01966e-06 5.08619e-08 2.21385e-06 1.19283e-05 1.93554e-15 
$genSS
 285 194 296
$obsGenComp     #GeneticFracData
0.649061 0.0416709 0.246109 0.0589417 0.00421729 
0.10761 0.0186229 0.0141937 0.837427 0.0221462 
0.0111502 0.00050226 0.00220994 0.00803616 0.978101 
$predGenComp     #catchGenComp_pred
0.623115 0.0418939 0.273201 0.0537724 0.00801797 
0.148075 0.00997968 0.0105526 0.804595 0.0267978 
0.0243575 0.000320154 0.00233083 0.00946748 0.963524 
#PARAMETERS_OF_INTEREST
$catchByGroup
3.7486e-12 6.98288e-13 9.54241e-14 
1.71013e-11 3.69237e-12 5.19719e-13 
3.68121 0.823735 0.116814 
0 0 0 
2.35925e-11 6.06279e-12 8.86155e-13 
0 0 0 
233.529 50.4214 7.09707 
555.946 124.403 17.6415 
7.9061e-11 1.63364e-11 2.27882e-12 
2.4716e-11 6.35149e-12 9.28352e-13 
4.37337e-12 8.14669e-13 1.11328e-13 
2866.33 618.872 87.1093 
1436.6 321.464 45.5867 
1.88726e-11 3.89966e-12 5.43977e-13 
3.95685e-12 7.37081e-13 1.00725e-13 
1.90746e-11 4.11841e-12 5.79687e-13 
0.434056 0.0971276 0.0137736 
1.37719e-11 2.8457e-12 3.96956e-13 
4.73015e-12 7.3657e-13 1.90143e-14 
1.91448e-11 4.0652e-12 1.11152e-13 
0 0 0 
0 0 0 
2.88189e-11 8.48419e-12 2.49465e-13 
0 0 0 
154.87 32.885 0.899156 
136.672 31.1464 0.864011 
3.39021e-09 6.58362e-10 1.76896e-11 
2.88189e-11 8.48419e-12 2.49465e-13 
5.37518e-12 8.37011e-13 2.16072e-14 
29.5614 6.27704 0.171629 
21.5501 4.91107 0.136235 
2.02566e-11 3.93372e-12 1.05695e-13 
4.30014e-12 6.69609e-13 1.72857e-14 
2.36495e-11 5.02172e-12 1.37306e-13 
0 0 0 
1.56528e-11 3.03969e-12 8.16738e-14 
1.95129e-12 5.09883e-14 9.5988e-15 
1.20858e-11 4.15379e-13 7.86758e-14 
0 0 0 
0 0 0 
2.14845e-11 1.0081e-12 1.92451e-13 
0.419162 0.010953 0.00206195 
368.586 12.668 2.39941 
931.688 34.1725 6.48256 
2.88709 0.0915372 0.0173055 
2.14845e-11 1.0081e-12 1.92451e-13 
0.479423 0.0125276 0.00235838 
667.28 22.9339 4.34384 
260.996 9.57283 1.81598 
9.6442e-12 3.05776e-13 5.78082e-14 
1.95129e-12 5.09883e-14 9.5988e-15 
2.19994 0.0756102 0.0143211 
0 0 0 
9.6442e-12 3.05776e-13 5.78082e-14 
9.25493e-14 2.26899e-12 1.25987e-14 
2.25077e-12 3.27329e-11 3.12643e-13 
0 0 0 
0 0 0 
2.58179e-11 2.26921e-10 3.68019e-12 
0.0117066 0.287006 0.00159362 
29.9666 435.804 4.16251 
149.453 1940.83 20.866 
3.3298e-12 5.60552e-11 4.59687e-13 
2.78349e-11 2.44649e-10 3.9677e-12 
0.293865 7.20455 0.0400038 
194.379 2826.84 27.0002 
65.2012 846.72 9.10316 
0.047779 0.80433 0.00659601 
0.00241695 0.0592551 0.000329018 
2.34863e-12 3.41561e-11 3.26237e-13 
0.454022 5.89604 0.0633889 
1.23058e-12 2.0716e-11 1.69884e-13 
7.99648e-15 2.48316e-14 1.46968e-12 
1.96211e-13 6.04778e-13 1.96028e-11 
0 0 0 
0 0 0 
1.72311e-12 5.26048e-12 9.74247e-11 
0.00455882 0.0141566 0.837871 
13.8187 42.5932 1380.58 
20.3276 62.5374 1783.98 
0.158603 0.489973 18.7616 
1.6912e-12 5.16307e-12 9.56205e-11 
0.00654355 0.0203198 1.20265 
25.0138 77.0998 2499.04 
6.24992 19.2277 548.501 
1.10971e-13 3.42823e-13 1.31271e-11 
7.99648e-15 2.48316e-14 1.46968e-12 
2.11304e-13 6.513e-13 2.11107e-11 
0 0 0 
9.98739e-14 3.08541e-13 1.18144e-11 
$escByGroup
 5.00016e-07 5.00007e-07 4.28029 5e-07 5.00002e-07 5e-07 368.53 646.42 5.00048e-07 5.00002e-07 5.00018e-07 4523.33 1670.39 5.00011e-07 5.00016e-07 5.00008e-07 0.504694 5.00008e-07 5.00009e-07 5.00002e-07 5e-07 5e-07 4.99999e-07 5e-07 66.8198 32.4545 5.00694e-07 4.99999e-07 5.0001e-07 12.7545 5.11733 5.00004e-07 5.00008e-07 5.00003e-07 5e-07 5.00003e-07 5.00005e-07 5.00003e-07 5e-07 5e-07 5.00001e-07 4.35659 352.873 658.001 4.23376 5.00001e-07 4.98292 638.834 184.328 5.00004e-07 5.00005e-07 2.10616 5e-07 5.00004e-07 5.00003e-07 5.00002e-07 5e-07 5e-07 4.99995e-07 1.34459 98.9412 226.312 5.00006e-07 4.99995e-07 33.7525 641.782 98.7325 0.367487 0.277604 5.00002e-07 0.687513 5.00002e-07 5.00001e-07 5.00001e-07 5e-07 5e-07 4.99999e-07 3.3798 263.873 184.19 7.14096 4.99999e-07 4.85123 477.647 56.6309 5.00001e-07 5.00001e-07 5.00001e-07 5e-07 5.00001e-07
$catchByGroup
3.7486e-12 1.71013e-11 3.68121 0 2.35925e-11 0 233.529 555.946 7.9061e-11 2.4716e-11 4.37337e-12 2866.33 1436.6 1.88726e-11 3.95685e-12 1.90746e-11 0.434056 1.37719e-11 4.73015e-12 1.91448e-11 0 0 2.88189e-11 0 154.87 136.672 3.39021e-09 2.88189e-11 5.37518e-12 29.5614 21.5501 2.02566e-11 4.30014e-12 2.36495e-11 0 1.56528e-11 1.95129e-12 1.20858e-11 0 0 2.14845e-11 0.419162 368.586 931.688 2.88709 2.14845e-11 0.479423 667.28 260.996 9.6442e-12 1.95129e-12 2.19994 0 9.6442e-12 9.25493e-14 2.25077e-12 0 0 2.58179e-11 0.0117066 29.9666 149.453 3.3298e-12 2.78349e-11 0.293865 194.379 65.2012 0.047779 0.00241695 2.34863e-12 0.454022 1.23058e-12 7.99648e-15 1.96211e-13 0 0 1.72311e-12 0.00455882 13.8187 20.3276 0.158603 1.6912e-12 0.00654355 25.0138 6.24992 1.10971e-13 7.99648e-15 2.11304e-13 0 9.98739e-14 
6.98288e-13 3.69237e-12 0.823735 0 6.06279e-12 0 50.4214 124.403 1.63364e-11 6.35149e-12 8.14669e-13 618.872 321.464 3.89966e-12 7.37081e-13 4.11841e-12 0.0971276 2.8457e-12 7.3657e-13 4.0652e-12 0 0 8.48419e-12 0 32.885 31.1464 6.58362e-10 8.48419e-12 8.37011e-13 6.27704 4.91107 3.93372e-12 6.69609e-13 5.02172e-12 0 3.03969e-12 5.09883e-14 4.15379e-13 0 0 1.0081e-12 0.010953 12.668 34.1725 0.0915372 1.0081e-12 0.0125276 22.9339 9.57283 3.05776e-13 5.09883e-14 0.0756102 0 3.05776e-13 2.26899e-12 3.27329e-11 0 0 2.26921e-10 0.287006 435.804 1940.83 5.60552e-11 2.44649e-10 7.20455 2826.84 846.72 0.80433 0.0592551 3.41561e-11 5.89604 2.0716e-11 2.48316e-14 6.04778e-13 0 0 5.26048e-12 0.0141566 42.5932 62.5374 0.489973 5.16307e-12 0.0203198 77.0998 19.2277 3.42823e-13 2.48316e-14 6.513e-13 0 3.08541e-13 
9.54241e-14 5.19719e-13 0.116814 0 8.86155e-13 0 7.09707 17.6415 2.27882e-12 9.28352e-13 1.11328e-13 87.1093 45.5867 5.43977e-13 1.00725e-13 5.79687e-13 0.0137736 3.96956e-13 1.90143e-14 1.11152e-13 0 0 2.49465e-13 0 0.899156 0.864011 1.76896e-11 2.49465e-13 2.16072e-14 0.171629 0.136235 1.05695e-13 1.72857e-14 1.37306e-13 0 8.16738e-14 9.5988e-15 7.86758e-14 0 0 1.92451e-13 0.00206195 2.39941 6.48256 0.0173055 1.92451e-13 0.00235838 4.34384 1.81598 5.78082e-14 9.5988e-15 0.0143211 0 5.78082e-14 1.25987e-14 3.12643e-13 0 0 3.68019e-12 0.00159362 4.16251 20.866 4.59687e-13 3.9677e-12 0.0400038 27.0002 9.10316 0.00659601 0.000329018 3.26237e-13 0.0633889 1.69884e-13 1.46968e-12 1.96028e-11 0 0 9.74247e-11 0.837871 1380.58 1783.98 18.7616 9.56205e-11 1.20265 2499.04 548.501 1.31271e-11 1.46968e-12 2.11107e-11 0 1.18144e-11 
$Fmort
 0.443015 0.357037 0.353248
#ESTIMATED_PARAMETERS
$availability
1.02821 2.19249 1.63279 0.127314 0.0191921 
0.232148 0.402244 0.0506456 4.24093 0.0740333 
0.0319194 0.0104027 0.00962761 0.0216684 4.92638 
$selectivity
 0.126634 0.959458 1.17148 0.704671 2.03776
$RunSize
 6.68782e-11 4.83009e-11 8.90205 0 3.90123e-11 0 659.577 1344.41 2.87948e-10 4.087e-11 7.80245e-11 8095.64 3474.04 6.87359e-11 7.05936e-11 5.38741e-11 1.04965 5.01586e-11 4.087e-11 3.15814e-11 0 0 3.34391e-11 0 255.474 201.137 6.84015e-09 3.34391e-11 4.64432e-11 48.7645 31.7147 4.087e-11 3.71545e-11 3.90123e-11 0 3.15814e-11 2.22927e-11 2.41505e-11 0 0 2.78659e-11 4.78877 736.526 1630.34 7.22969 2.78659e-11 5.47723 1333.39 456.713 2.41505e-11 2.22927e-11 4.39603 0 2.41505e-11 1.30041e-11 4.27277e-11 0 0 2.37789e-10 1.6449 568.874 2337.46 8.54555e-11 2.56366e-10 41.291 3690 1019.76 1.22619 0.339605 4.45855e-11 7.10097 3.15814e-11 7.43091e-12 2.41505e-11 0 0 1.00317e-10 4.23638 1700.86 2051.03 26.5512 9.84596e-11 6.08074 3078.8 630.609 1.85773e-11 7.43091e-12 2.60082e-11 0 1.67195e-11
