$ndistricts
3
$ngroups
90
$nstocks
5
$nagecomps
18
$AgeCompLabels
 0.1 0.2 0.3 0.4 0.5 1.1 1.2 1.3 1.4 1.5 2.1 2.2 2.3 2.4 3.1 3.2 3.3 3.4
$navailpar
15
$nselectpar
5
$GENdata
-1
$maxGradient
0.000248557
#LIKELIHOOD_VALUES_AND_PENALTIES
$totalNLL
-15687.4
$NLLcatch
-11467.2
$NLLescape
-12899.9
$NLLagecompCatch
3821.16
$NLLagecompEsc
4858.38
$NLLgenetics
0
$NLLselOne
1.34799e-14
$NLLavailOne
2.2306e-05
$NLLextra
0.106385
#OBSERVED_AND_PREDICTED_VALUES
$predEsc
 1017.51 138.518 588.543 537.828 95.9763
$obsEsc
 1009.96 151.188 586.518 546.402 79.428
$predCatch
 1102.36 839.82 17.44
$obsCatch
 1102.37 839.82 17.44
$RunSize
 3.68021e-11 3.14141e-10 0 0 1.00544e-10 8.39473e-11 210.37 229.591 3.49019e-10 1.0319e-10 3.70426e-11 735.187 404.205 3.35789e-10 3.80048e-11 3.67781e-10 0 2.72769e-10 3.29535e-11 1.62362e-10 0 0 1.32295e-10 1.18585e-10 124.995 38.2127 2.05659e-10 1.28447e-10 3.34346e-11 43.8982 7.03624 1.95556e-10 3.34346e-11 1.71503e-10 0 1.81846e-10 1.5707e-10 1.20749e-10 0 0 8.26724e-10 1.02132e-09 99.17 409.385 2.61446 8.10127e-10 1.55868e-10 246.733 361.898 1.77516e-10 1.5683e-10 1.32295e-10 0 1.51538e-10 8.41878e-12 1.26041e-10 0 0 3.15103e-11 4.32966e-11 14.7609 137.41 0.705564 3.05482e-11 8.65932e-12 532.571 589.548 0.965059 8.41878e-12 9.02862 19.4865 1.2099e-10 1.01025e-11 2.79023e-11 0 0 9.862e-12 0.051571 15.8037 49.9716 0.216294 9.862e-12 1.01025e-11 38.5081 15.6815 2.54969e-11 9.862e-12 2.83833e-11 0 2.42942e-11
$SSageCompEsc
 635 240 1475 970 672
$obsAgeCompEsc
0 0 0 0 0 0 0.174701 0.144554 0 0 0 0.485852 0.194893 0 0 0 0 0 
0 0 0 0 0 0 0.625625 0.151789 0 0 0 0.197576 0.0250096 0 0 0 0 0 
0 0 0 0 0 0 0.111746 0.348531 0.00233359 0 0 0.257101 0.280289 0 0 0 0 0 
0 0 0 0 0 0 0.0123745 0.0803945 0 0 0 0.510835 0.386989 0 0 0.00120798 0.00819932 0 
0 0 0 0 0 0 0.123764 0.422167 0.000928036 0 0 0.301539 0.151602 0 0 0 0 0 
$predAgeCompEsc
-4.06316e-14 2.12844e-13 0 0 -7.8089e-14 -9.26826e-14 0.142535 0.130171 1.58902e-13 -8.0144e-14 -4.08972e-14 0.498122 0.229172 1.52879e-13 -4.19595e-14 2.49188e-13 0 1.24187e-13 
-2.81021e-13 7.86752e-13 0 0 -6.48215e-13 -1.01127e-12 0.605683 0.153362 6.56139e-13 -6.29358e-13 -2.85124e-13 0.212715 0.0282391 6.23907e-13 -2.85124e-13 8.31043e-13 0 5.80165e-13 
-2.78909e-13 1.26677e-13 0 0 -1.28548e-12 -1.81355e-12 0.104038 0.337335 0.00157572 -1.25967e-12 -2.76774e-13 0.258845 0.298206 1.06988e-13 -2.78482e-13 1.38789e-13 0 9.13311e-14 
-2.78833e-14 1.16645e-13 0 0 -5.96006e-14 -1.434e-13 0.0136604 0.0891796 0.000283492 -5.77808e-14 -2.86799e-14 0.492867 0.382619 0.000387756 -2.78833e-14 0.00835553 0.0126468 4.86132e-14 
-2.10521e-13 2.43625e-13 0 0 -1.83561e-13 -0.00107466 0.137989 0.399834 0.0015518 -1.83561e-13 -2.10521e-13 0.336229 0.125471 1.82927e-13 -2.05509e-13 2.47826e-13 0 1.74298e-13 
$SSageCompCatch
 934 1400 617
$obsAgeCompCatch
0 0 0 0.000756098 0 0 0.0701597 0.235968 0 0 0 0.315033 0.377137 0 0 0 0.000946855 0 
0 0 0.00127254 0 0 0 0.0264625 0.15814 0.0011316 0 0 0.29343 0.487562 0.001317 0 0.0110006 0.0196837 0 
0 0 0 0 0 0.00231482 0.094039 0.304139 0.00279582 0 0 0.38623 0.210481 0 0 0 0 0 
$predAgeCompCatch
2.22565e-13 1.66967e-13 0 0 9.92846e-13 4.67821e-05 0.119548 0.268391 0.0013723 9.75975e-13 2.22346e-13 0.292841 0.31655 6.01634e-05 2.23656e-13 0.000289922 0.000900531 2.88756e-13 
2.92124e-13 9.33421e-14 0 0 1.13825e-12 6.14072e-05 0.0254099 0.148293 0.00090731 1.11859e-12 2.91837e-13 0.337039 0.468725 0.000812202 2.93556e-13 0.00497345 0.013779 1.49288e-13 
1.96617e-12 1.44704e-13 0 0 1.49133e-12 0.00295705 0.0701363 0.320959 0.00187939 1.47166e-12 1.98055e-12 0.288287 0.306232 0.00046372 1.96527e-12 0.00220059 0.00688403 2.52041e-13 
$genSS
 0 0 0
$obsGenComp     #GeneticFracData
-1 -1 -1 -1 -1 
-1 -1 -1 -1 -1 
-1 -1 -1 -1 -1 
$predGenComp     #catchGenComp_pred
0 0 0 0 0 
0 0 0 0 0 
0 0 0 0 0 
#PARAMETERS_OF_INTEREST
$catchByGroup
3.68021e-11 3.68013e-11 4.54187e-12 
8.81056e-11 9.34755e-12 1.15936e-13 
0 0 0 
0 0 0 
1.00544e-10 7.76547e-11 1.80189e-12 
8.39473e-11 8.39455e-11 1.03602e-11 
59.0014 6.25974 0.0776382 
87.1729 9.84458 0.122919 
1.6686e-10 2.02188e-11 2.54418e-13 
1.0319e-10 7.96982e-11 1.84931e-12 
3.70426e-11 3.70419e-11 4.57155e-12 
206.195 21.8762 0.271325 
153.472 17.3318 0.216404 
1.60535e-10 1.94524e-11 2.44774e-13 
3.80048e-11 3.8004e-11 4.69029e-12 
1.0315e-10 1.09436e-11 1.35732e-13 
0 0 0 
1.30406e-10 1.58016e-11 1.98835e-13 
3.29535e-11 3.29383e-11 5.98814e-12 
4.98354e-11 3.45657e-12 9.12211e-14 
0 0 0 
0 0 0 
1.32295e-10 8.61965e-11 3.59279e-12 
1.18585e-10 1.1853e-10 2.15486e-11 
38.3659 2.66105 0.0702268 
15.7636 1.17457 0.0311437 
1.05984e-10 8.55969e-12 2.28204e-13 
1.28447e-10 8.3689e-11 3.48827e-12 
3.34346e-11 3.34191e-11 6.07556e-12 
13.4741 0.934558 0.0246636 
2.90261 0.216277 0.0057346 
1.00778e-10 8.13921e-12 2.16994e-13 
3.34346e-11 3.34191e-11 6.07556e-12 
5.26409e-11 3.65116e-12 9.63565e-14 
0 0 0 
9.37122e-11 7.56857e-12 2.0178e-13 
1.5707e-10 1.5707e-10 7.07972e-12 
4.04182e-11 5.76069e-12 1.56055e-14 
0 0 0 
0 0 0 
8.26724e-10 7.5134e-10 5.21828e-12 
1.02132e-09 1.02132e-09 4.60345e-11 
33.195 4.73119 0.0128166 
182.743 28.0279 0.0767571 
1.44574 0.240673 0.000667471 
8.10127e-10 7.36256e-10 5.11352e-12 
1.55868e-10 1.55868e-10 7.02552e-12 
82.5886 11.7711 0.0318875 
161.546 24.7768 0.0678536 
9.81626e-11 1.63412e-11 4.53198e-14 
1.5683e-10 1.5683e-10 7.06888e-12 
4.42829e-11 6.31152e-12 1.70976e-14 
0 0 0 
8.37973e-11 1.39498e-11 3.86876e-14 
8.41876e-12 8.41878e-12 6.57765e-12 
4.46167e-12 5.8309e-11 5.35769e-13 
0 0 0 
0 0 0 
2.61197e-11 3.15103e-11 5.93517e-12 
4.32965e-11 4.32966e-11 3.38279e-11 
0.522513 6.82864 0.0627446 
7.00016 81.5997 0.84659 
0.0484886 0.498692 0.00591268 
2.53222e-11 3.05482e-11 5.75394e-12 
8.6593e-12 8.65932e-12 6.76558e-12 
18.8522 246.377 2.26382 
30.0337 350.098 3.63224 
0.066322 0.682103 0.00808727 
8.41876e-12 8.41878e-12 6.57765e-12 
0.3196 4.1768 0.0383783 
0.992714 11.5719 0.120057 
8.31482e-12 8.55157e-11 1.01391e-12 
1.01025e-11 1.01025e-11 1.01025e-11 
1.23811e-12 1.51677e-12 1.76511e-12 
0 0 0 
0 0 0 
8.79477e-12 9.22413e-12 9.46064e-12 
0.051571 0.051571 0.051571 
0.701264 0.859096 0.999751 
3.18456 3.89227 4.52012 
0.01855 0.0226118 0.0261965 
8.79477e-12 9.22413e-12 9.46064e-12 
1.01025e-11 1.01025e-11 1.01025e-11 
1.70873 2.09331 2.43604 
0.999342 1.22143 1.41845 
2.18669e-12 2.66549e-12 3.08805e-12 
9.862e-12 9.862e-12 9.862e-12 
1.25946e-12 1.54292e-12 1.79554e-12 
0 0 0 
2.08354e-12 2.53976e-12 2.94239e-12 
$escByGroup
 4.9999e-07 5.00054e-07 5e-07 5e-07 4.9998e-07 4.99976e-07 145.031 132.451 5.0004e-07 4.9998e-07 4.9999e-07 506.845 233.185 5.00039e-07 4.99989e-07 5.00063e-07 5e-07 5.00032e-07 4.9999e-07 5.00027e-07 5e-07 5e-07 4.99978e-07 4.99965e-07 83.8979 21.2434 5.00023e-07 4.99978e-07 4.9999e-07 29.4649 3.91162 5.00022e-07 4.9999e-07 5.00029e-07 5e-07 5.0002e-07 4.99959e-07 5.00019e-07 5e-07 5e-07 4.99811e-07 4.99733e-07 61.231 198.536 0.92738 4.99815e-07 4.99959e-07 152.342 175.507 5.00016e-07 4.99959e-07 5.0002e-07 5e-07 5.00013e-07 4.99996e-07 5.00016e-07 5e-07 5e-07 4.99992e-07 4.99981e-07 7.34696 47.9633 0.15247 4.99992e-07 4.99996e-07 265.078 205.783 0.208546 4.99996e-07 4.49384 6.80182 5.00007e-07 4.99995e-07 5.00006e-07 5e-07 5e-07 4.99996e-07 9.69519e-12 13.2436 38.3746 0.148936 4.99996e-07 4.99995e-07 32.27 12.0423 5.00004e-07 4.99995e-07 5.00006e-07 5e-07 5.00004e-07
$catchByGroup
3.68021e-11 8.81056e-11 0 0 1.00544e-10 8.39473e-11 59.0014 87.1729 1.6686e-10 1.0319e-10 3.70426e-11 206.195 153.472 1.60535e-10 3.80048e-11 1.0315e-10 0 1.30406e-10 3.29535e-11 4.98354e-11 0 0 1.32295e-10 1.18585e-10 38.3659 15.7636 1.05984e-10 1.28447e-10 3.34346e-11 13.4741 2.90261 1.00778e-10 3.34346e-11 5.26409e-11 0 9.37122e-11 1.5707e-10 4.04182e-11 0 0 8.26724e-10 1.02132e-09 33.195 182.743 1.44574 8.10127e-10 1.55868e-10 82.5886 161.546 9.81626e-11 1.5683e-10 4.42829e-11 0 8.37973e-11 8.41876e-12 4.46167e-12 0 0 2.61197e-11 4.32965e-11 0.522513 7.00016 0.0484886 2.53222e-11 8.6593e-12 18.8522 30.0337 0.066322 8.41876e-12 0.3196 0.992714 8.31482e-12 1.01025e-11 1.23811e-12 0 0 8.79477e-12 0.051571 0.701264 3.18456 0.01855 8.79477e-12 1.01025e-11 1.70873 0.999342 2.18669e-12 9.862e-12 1.25946e-12 0 2.08354e-12 
3.68013e-11 9.34755e-12 0 0 7.76547e-11 8.39455e-11 6.25974 9.84458 2.02188e-11 7.96982e-11 3.70419e-11 21.8762 17.3318 1.94524e-11 3.8004e-11 1.09436e-11 0 1.58016e-11 3.29383e-11 3.45657e-12 0 0 8.61965e-11 1.1853e-10 2.66105 1.17457 8.55969e-12 8.3689e-11 3.34191e-11 0.934558 0.216277 8.13921e-12 3.34191e-11 3.65116e-12 0 7.56857e-12 1.5707e-10 5.76069e-12 0 0 7.5134e-10 1.02132e-09 4.73119 28.0279 0.240673 7.36256e-10 1.55868e-10 11.7711 24.7768 1.63412e-11 1.5683e-10 6.31152e-12 0 1.39498e-11 8.41878e-12 5.8309e-11 0 0 3.15103e-11 4.32966e-11 6.82864 81.5997 0.498692 3.05482e-11 8.65932e-12 246.377 350.098 0.682103 8.41878e-12 4.1768 11.5719 8.55157e-11 1.01025e-11 1.51677e-12 0 0 9.22413e-12 0.051571 0.859096 3.89227 0.0226118 9.22413e-12 1.01025e-11 2.09331 1.22143 2.66549e-12 9.862e-12 1.54292e-12 0 2.53976e-12 
4.54187e-12 1.15936e-13 0 0 1.80189e-12 1.03602e-11 0.0776382 0.122919 2.54418e-13 1.84931e-12 4.57155e-12 0.271325 0.216404 2.44774e-13 4.69029e-12 1.35732e-13 0 1.98835e-13 5.98814e-12 9.12211e-14 0 0 3.59279e-12 2.15486e-11 0.0702268 0.0311437 2.28204e-13 3.48827e-12 6.07556e-12 0.0246636 0.0057346 2.16994e-13 6.07556e-12 9.63565e-14 0 2.0178e-13 7.07972e-12 1.56055e-14 0 0 5.21828e-12 4.60345e-11 0.0128166 0.0767571 0.000667471 5.11352e-12 7.02552e-12 0.0318875 0.0678536 4.53198e-14 7.06888e-12 1.70976e-14 0 3.86876e-14 6.57765e-12 5.35769e-13 0 0 5.93517e-12 3.38279e-11 0.0627446 0.84659 0.00591268 5.75394e-12 6.76558e-12 2.26382 3.63224 0.00808727 6.57765e-12 0.0383783 0.120057 1.01391e-12 1.01025e-11 1.76511e-12 0 0 9.46064e-12 0.051571 0.999751 4.52012 0.0261965 9.46064e-12 1.01025e-11 2.43604 1.41845 3.08805e-12 9.862e-12 1.79554e-12 0 2.94239e-12 
$Fmort
 19.4422 12.76 1.15956
#ESTIMATED_PARAMETERS
$availability
1.38912 1.54733 1.72003 0.152101 0.191551 
0.194249 0.138378 0.314342 3.99361 0.359421 
0.0261198 0.0397677 0.00914573 0.301431 4.62427 
$selectivity
 4.34898 0.0121874 0.0176814 0.0240766 0.597076
$RunSize
 3.68021e-11 3.14141e-10 0 0 1.00544e-10 8.39473e-11 210.37 229.591 3.49019e-10 1.0319e-10 3.70426e-11 735.187 404.205 3.35789e-10 3.80048e-11 3.67781e-10 0 2.72769e-10 3.29535e-11 1.62362e-10 0 0 1.32295e-10 1.18585e-10 124.995 38.2127 2.05659e-10 1.28447e-10 3.34346e-11 43.8982 7.03624 1.95556e-10 3.34346e-11 1.71503e-10 0 1.81846e-10 1.5707e-10 1.20749e-10 0 0 8.26724e-10 1.02132e-09 99.17 409.385 2.61446 8.10127e-10 1.55868e-10 246.733 361.898 1.77516e-10 1.5683e-10 1.32295e-10 0 1.51538e-10 8.41878e-12 1.26041e-10 0 0 3.15103e-11 4.32966e-11 14.7609 137.41 0.705564 3.05482e-11 8.65932e-12 532.571 589.548 0.965059 8.41878e-12 9.02862 19.4865 1.2099e-10 1.01025e-11 2.79023e-11 0 0 9.862e-12 0.051571 15.8037 49.9716 0.216294 9.862e-12 1.01025e-11 38.5081 15.6815 2.54969e-11 9.862e-12 2.83833e-11 0 2.42942e-11
