$ndistricts
3
$ngroups
90
$nstocks
5
$nagecomps
18
$AgeCompLabels
 0.1 0.2 0.3 0.4 0.5 1.1 1.2 1.3 1.4 1.5 2.1 2.2 2.3 2.4 3.1 3.2 3.3 3.4
$navailpar
15
$nselectpar
5
$GENdata
1
$maxGradient
9.13777e-05
#LIKELIHOOD_VALUES_AND_PENALTIES
$totalNLL
-34180
$NLLcatch
-24789.4
$NLLescape
-22432.8
$NLLagecompCatch
5306.22
$NLLagecompEsc
6952.56
$NLLgenetics
783.383
$NLLselOne
4.97359e-11
$NLLavailOne
2.66949e-15
$NLLextra
5.79878e-10
#OBSERVED_AND_PREDICTED_VALUES
$predEsc
 958.344 249.881 1349.91 848.11 468.444
$obsEsc
 957.12 248.7 1349.6 849.576 472.77
$predCatch
 2243.7 1103.93 576.768
$obsCatch
 2243.7 1103.93 576.768
$RunSize
 6.40999e-11 1.07844e-10 0 6.32337e-11 0 0 300.723 57.4739 1.70918 6.40999e-11 1.20992 936.108 281.267 6.10682e-11 6.32337e-11 0 0 6.32337e-11 4.58228e-10 1.70105 0 6.90807e-10 0 2.75028 835.926 244.908 6.32337e-10 6.75215e-10 0 99.3631 1.04764 6.85609e-10 4.71221e-10 0 0 6.96437e-10 9.35513e-11 1.29066e-10 0 9.22519e-11 0 0 1094.05 218.705 0.093207 9.44175e-11 4.446 506.655 83.5905 9.09526e-11 9.05195e-11 1.6386 0 9.44175e-11 8.66215e-11 1.05678e-10 0 8.27236e-11 0 0 48.1337 112.332 0.0851148 8.48891e-11 0.929602 1151.36 381.348 8.57553e-11 8.35898e-11 36.2508 50.3108 8.48891e-11 2.98844e-11 6.10682e-11 0 2.85851e-11 0 0 1000.77 41.1586 2.90182e-11 2.90182e-11 5.82872 251.071 46.1541 2.90182e-11 2.98844e-11 0 0 2.85851e-11
$SSageCompEsc
 1929 45 1895 1311 2073
$obsAgeCompEsc
0 0 0 0 0 0 0.180856 0.0313443 0.00178437 0 0.00116595 0.607557 0.177254 0 0 3.90323e-05 0 0 
0 0 0 0 0 0.017094 0.188034 0.34188 0 0 0 0.444444 0.00854701 0 0 0 0 0 
0 0 6.90521e-05 0 0 0 0.563303 0.106864 6.90521e-05 0 0.00306307 0.279426 0.0462677 0 0 0.000938967 0 0 
0 0 0 0 0 0 0.0261073 0.0361511 0.000100236 0 0.00107332 0.687699 0.218152 0 0 0.0240596 0.00665727 0 
0 0 0 0 0 0.000136092 0.754479 0.0130918 0 0 0.011904 0.193491 0.0268991 0 0 0 0 0 
$predAgeCompEsc
6.50605e-14 6.97112e-14 0 6.59683e-14 0 0 0.19439 0.0335081 0.0017831 6.68563e-14 0.00122805 0.605108 0.163983 6.37091e-14 6.41814e-14 0 0 6.59683e-14 
1.68132e-12 0.00151285 0 2.76271e-12 0 0.0100913 0.743442 0.155917 2.52887e-12 2.69836e-12 0 0.08837 0.000666962 2.74192e-12 1.729e-12 0 0 2.78522e-12 
6.79469e-14 6.82811e-14 0 6.83288e-14 0 0 0.578795 0.107798 6.90362e-05 6.99211e-14 0.00322916 0.268041 0.0412011 6.73664e-14 6.57449e-14 0.000866883 0 6.99328e-14 
9.83393e-14 6.22211e-14 0 9.75105e-14 0 0 0.02834 0.0560149 0.000100329 1.00031e-13 0.00105535 0.677896 0.190162 1.01084e-13 9.48974e-14 0.0213437 0.0250878 1.00063e-13 
6.09293e-14 4.59847e-14 0 6.10002e-14 0 0 0.753588 0.0214347 6.19245e-14 6.19006e-14 0.0118838 0.189058 0.0240362 6.19245e-14 6.09293e-14 0 0 6.10002e-14 
$SSageCompCatch
 2817 1158 513
$obsAgeCompCatch
0 0.00064708 0 0 0 0 0.556451 0.139679 0 0 0.000269857 0.246195 0.054784 0 0 0.000624923 0.00134929 0 
0 0 0 0 0 0 0.216912 0.0863788 0 0 0 0.489157 0.152436 0 0 0.0118485 0.0432678 0 
0 0 0 0 0 0 0.639665 0.0770206 0 0 0 0.228455 0.0548594 0 0 0 0 0 
$predAgeCompCatch
1.85391e-14 0.00058093 0 2.15892e-16 0 0.000101072 0.510528 0.136766 1.60841e-07 4.45581e-16 6.74283e-05 0.275753 0.074416 2.14116e-16 1.89778e-14 0.000796676 0.000991707 2.17704e-16 
3.26921e-15 1.60944e-05 0 2.53776e-17 0 1.54822e-06 0.198464 0.0638793 3.39612e-08 5.44886e-17 9.11426e-05 0.513497 0.18711 2.6079e-17 3.18352e-15 0.0142737 0.022668 2.59144e-17 
1.7894e-15 3.15018e-06 0 1.3482e-17 0 3.01695e-07 0.666825 0.0399791 3.96096e-09 2.88356e-17 0.000285071 0.228296 0.0596577 1.37063e-17 1.78061e-15 0.00185964 0.00309392 1.35421e-17 
$genSS
 334 295 258
$obsGenComp     #GeneticFracData
0.476417 0.211437 0.216498 0.06083 0.0348178 
0.0336296 0.00595839 0.00767522 0.794789 0.157948 
0.00371822 0.00150739 0.00713496 0.0973771 0.890262 
$predGenComp     #catchGenComp_pred
0.261166 0.410755 0.24171 0.0309798 0.0553887 
0.028988 0.011673 0.0107879 0.731397 0.217155 
0.00375576 0.00228531 0.00871571 0.0966017 0.888642 
#PARAMETERS_OF_INTEREST
$catchByGroup
1.67003e-12 7.45101e-14 4.99817e-15 
3.87967e-11 2.09793e-12 1.41946e-13 
0 0 0 
1.27899e-14 5.6355e-16 3.77828e-17 
0 0 0 
0 0 0 
108.185 5.8501 0.395819 
23.9233 1.34697 0.0913091 
0.000345706 1.52325e-05 1.02125e-06 
2.73136e-14 1.20362e-15 8.06966e-17 
0.0315227 0.00140642 9.4343e-05 
336.763 18.2105 1.23213 
117.076 6.59184 0.44685 
1.23519e-14 5.4425e-16 3.64889e-17 
1.64746e-12 7.35032e-14 4.93063e-15 
0 0 0 
0 0 0 
1.27899e-14 5.6355e-16 3.77828e-17 
3.77835e-11 2.84762e-13 2.89917e-14 
1.30343 0.0177672 0.00181692 
0 0 0 
4.55368e-13 3.29053e-15 3.34918e-16 
0 0 0 
0.226776 0.00170914 0.000174008 
640.53 8.73111 0.892868 
202.547 3.08465 0.315753 
4.16825e-13 3.01202e-15 3.0657e-16 
9.37435e-13 6.77645e-15 6.89725e-16 
0 0 0 
76.1372 1.03783 0.106132 
0.866431 0.0131951 0.00135069 
4.51942e-13 3.26577e-15 3.32398e-16 
3.88549e-11 2.92836e-13 2.98138e-14 
0 0 0 
0 0 0 
4.59079e-13 3.31735e-15 3.37647e-16 
1.78105e-12 3.36244e-14 1.41687e-14 
3.57814e-11 7.81307e-13 3.29774e-13 
0 0 0 
1.35867e-14 2.54116e-16 1.07069e-16 
0 0 0 
0 0 0 
303.306 6.62287 2.79538 
70.9153 1.59723 0.674404 
1.37273e-05 2.56747e-07 1.08178e-07 
2.92959e-14 5.47976e-16 2.30884e-16 
0.0846441 0.00159799 0.000673365 
140.461 3.06706 1.29454 
27.1043 0.610474 0.257762 
1.33953e-14 2.50537e-16 1.05561e-16 
1.72334e-12 3.25347e-14 1.37096e-14 
0.454272 0.00991931 0.00418674 
0 0 0 
1.39056e-14 2.60082e-16 1.09583e-16 
1.91955e-13 2.87376e-12 1.53282e-13 
3.88664e-12 4.59067e-11 3.11459e-12 
0 0 0 
1.40623e-15 2.13835e-14 1.12267e-15 
0 0 0 
0 0 0 
1.77026 20.9093 1.41861 
4.96809 55.8724 3.98429 
1.44688e-06 2.20016e-05 1.15512e-06 
3.04037e-15 4.62266e-14 2.4273e-15 
0.00206001 0.0308406 0.00164499 
42.3448 500.152 33.9333 
16.8659 189.678 13.526 
1.45776e-15 2.21672e-14 1.16381e-15 
1.85236e-13 2.77318e-12 1.47917e-13 
1.33323 15.7474 1.06839 
2.22509 25.024 1.78447 
1.44304e-15 2.19433e-14 1.15206e-15 
1.69513e-13 3.42339e-13 8.30627e-13 
5.59443e-12 1.07994e-11 2.31331e-11 
0 0 0 
1.24594e-15 2.52352e-15 6.17356e-15 
0 0 0 
0 0 0 
91.6802 176.977 379.101 
4.50742 8.61738 17.9929 
1.26482e-15 2.56176e-15 6.2671e-15 
2.66484e-15 5.39721e-15 1.32028e-14 
0.0330621 0.0667706 0.162007 
23.0004 44.3996 95.1076 
5.05449 9.66326 20.1767 
1.26482e-15 2.56176e-15 6.2671e-15 
1.69513e-13 3.42339e-13 8.30627e-13 
0 0 0 
0 0 0 
1.24594e-15 2.52352e-15 6.17356e-15 
$escByGroup
 5.00016e-07 5.00017e-07 5e-07 5.00016e-07 5e-07 5e-07 186.293 32.1123 1.70882 5.00016e-07 1.17689 579.902 157.152 5.00015e-07 5.00015e-07 5e-07 5e-07 5.00016e-07 5.00105e-07 0.378033 5e-07 5.00173e-07 5e-07 2.52162 185.772 38.9606 5.00158e-07 5.00169e-07 5e-07 22.082 0.166661 5.00171e-07 5.00108e-07 5e-07 5e-07 5.00174e-07 5.00023e-07 5.00023e-07 5e-07 5.00023e-07 5e-07 5e-07 781.324 145.518 0.0931929 5.00024e-07 4.35908 361.832 55.618 5.00023e-07 5.00022e-07 1.17022 5e-07 5.00024e-07 5.00021e-07 5.00013e-07 5e-07 5.00021e-07 5e-07 5e-07 24.0355 47.5068 0.0850902 5.00021e-07 0.895057 574.931 161.278 5.00021e-07 5.0002e-07 18.1018 21.2772 5.00021e-07 5.00007e-07 5.00005e-07 5e-07 5.00007e-07 5e-07 5e-07 353.013 10.041 5.00007e-07 5.00007e-07 5.56688 88.5629 11.2596 5.00007e-07 5.00007e-07 5e-07 5e-07 5.00007e-07
$catchByGroup
1.67003e-12 3.87967e-11 0 1.27899e-14 0 0 108.185 23.9233 0.000345706 2.73136e-14 0.0315227 336.763 117.076 1.23519e-14 1.64746e-12 0 0 1.27899e-14 3.77835e-11 1.30343 0 4.55368e-13 0 0.226776 640.53 202.547 4.16825e-13 9.37435e-13 0 76.1372 0.866431 4.51942e-13 3.88549e-11 0 0 4.59079e-13 1.78105e-12 3.57814e-11 0 1.35867e-14 0 0 303.306 70.9153 1.37273e-05 2.92959e-14 0.0846441 140.461 27.1043 1.33953e-14 1.72334e-12 0.454272 0 1.39056e-14 1.91955e-13 3.88664e-12 0 1.40623e-15 0 0 1.77026 4.96809 1.44688e-06 3.04037e-15 0.00206001 42.3448 16.8659 1.45776e-15 1.85236e-13 1.33323 2.22509 1.44304e-15 1.69513e-13 5.59443e-12 0 1.24594e-15 0 0 91.6802 4.50742 1.26482e-15 2.66484e-15 0.0330621 23.0004 5.05449 1.26482e-15 1.69513e-13 0 0 1.24594e-15 
7.45101e-14 2.09793e-12 0 5.6355e-16 0 0 5.8501 1.34697 1.52325e-05 1.20362e-15 0.00140642 18.2105 6.59184 5.4425e-16 7.35032e-14 0 0 5.6355e-16 2.84762e-13 0.0177672 0 3.29053e-15 0 0.00170914 8.73111 3.08465 3.01202e-15 6.77645e-15 0 1.03783 0.0131951 3.26577e-15 2.92836e-13 0 0 3.31735e-15 3.36244e-14 7.81307e-13 0 2.54116e-16 0 0 6.62287 1.59723 2.56747e-07 5.47976e-16 0.00159799 3.06706 0.610474 2.50537e-16 3.25347e-14 0.00991931 0 2.60082e-16 2.87376e-12 4.59067e-11 0 2.13835e-14 0 0 20.9093 55.8724 2.20016e-05 4.62266e-14 0.0308406 500.152 189.678 2.21672e-14 2.77318e-12 15.7474 25.024 2.19433e-14 3.42339e-13 1.07994e-11 0 2.52352e-15 0 0 176.977 8.61738 2.56176e-15 5.39721e-15 0.0667706 44.3996 9.66326 2.56176e-15 3.42339e-13 0 0 2.52352e-15 
4.99817e-15 1.41946e-13 0 3.77828e-17 0 0 0.395819 0.0913091 1.02125e-06 8.06966e-17 9.4343e-05 1.23213 0.44685 3.64889e-17 4.93063e-15 0 0 3.77828e-17 2.89917e-14 0.00181692 0 3.34918e-16 0 0.000174008 0.892868 0.315753 3.0657e-16 6.89725e-16 0 0.106132 0.00135069 3.32398e-16 2.98138e-14 0 0 3.37647e-16 1.41687e-14 3.29774e-13 0 1.07069e-16 0 0 2.79538 0.674404 1.08178e-07 2.30884e-16 0.000673365 1.29454 0.257762 1.05561e-16 1.37096e-14 0.00418674 0 1.09583e-16 1.53282e-13 3.11459e-12 0 1.12267e-15 0 0 1.41861 3.98429 1.15512e-06 2.4273e-15 0.00164499 33.9333 13.526 1.16381e-15 1.47917e-13 1.06839 1.78447 1.15206e-15 8.30627e-13 2.31331e-11 0 6.17356e-15 0 0 379.101 17.9929 6.2671e-15 1.32028e-14 0.162007 95.1076 20.1767 6.2671e-15 8.30627e-13 0 0 6.17356e-15 
$Fmort
 0.213865 0.0726323 0.0463515
#ESTIMATED_PARAMETERS
$availability
0.945643 3.08257 0.688549 0.0794685 0.203766 
0.122676 0.0655668 0.0379168 3.55861 1.21523 
0.012888 0.0104573 0.025034 0.292728 4.65889 
$selectivity
 0.130533 2.20478 2.66158 0.00100022 0.00210741
$RunSize
 6.40999e-11 1.07844e-10 0 6.32337e-11 0 0 300.723 57.4739 1.70918 6.40999e-11 1.20992 936.108 281.267 6.10682e-11 6.32337e-11 0 0 6.32337e-11 4.58228e-10 1.70105 0 6.90807e-10 0 2.75028 835.926 244.908 6.32337e-10 6.75215e-10 0 99.3631 1.04764 6.85609e-10 4.71221e-10 0 0 6.96437e-10 9.35513e-11 1.29066e-10 0 9.22519e-11 0 0 1094.05 218.705 0.093207 9.44175e-11 4.446 506.655 83.5905 9.09526e-11 9.05195e-11 1.6386 0 9.44175e-11 8.66215e-11 1.05678e-10 0 8.27236e-11 0 0 48.1337 112.332 0.0851148 8.48891e-11 0.929602 1151.36 381.348 8.57553e-11 8.35898e-11 36.2508 50.3108 8.48891e-11 2.98844e-11 6.10682e-11 0 2.85851e-11 0 0 1000.77 41.1586 2.90182e-11 2.90182e-11 5.82872 251.071 46.1541 2.90182e-11 2.98844e-11 0 0 2.85851e-11
