$ndistricts
3
$ngroups
90
$nstocks
5
$nagecomps
18
$AgeCompLabels
 0.1 0.2 0.3 0.4 0.5 1.1 1.2 1.3 1.4 1.5 2.1 2.2 2.3 2.4 3.1 3.2 3.3 3.4
$navailpar
15
$nselectpar
5
$GENdata
-1
$maxGradient
9.18633e-05
#LIKELIHOOD_VALUES_AND_PENALTIES
$totalNLL
-77975.8
$NLLcatch
-71506.4
$NLLescape
-26772.2
$NLLagecompCatch
13877.2
$NLLagecompEsc
6425.61
$NLLgenetics
0
$NLLselOne
1.14154e-17
$NLLavailOne
2.2306e-05
$NLLextra
4.3995e-10
#OBSERVED_AND_PREDICTED_VALUES
$predEsc
 1488.8 225.282 1072.02 1103.85 662.278
$obsEsc
 1503.73 218.115 1025.66 1104 656.641
$predCatch
 589.311 7517.39 1402.69
$obsCatch
 589.311 7517.39 1402.69
$RunSize
 8.63724e-11 6.22504e-11 0 2.39664e-10 4.2019e-11 2.13778 855.6 252.988 9.01464 4.27972e-11 0.60431 526.951 185.317 0.712694 8.63724e-11 2.27214e-10 0 4.98003e-11 1.75857e-10 7.47005e-11 0 0.572807 4.66878e-11 2.98802e-10 155.06 86.7279 1.9142e-10 4.51315e-11 1.58739e-10 19.8344 13.6566 1.05826e-10 1.61851e-10 0.722469 0 5.68035e-11 7.1588e-11 5.21347e-11 0 2.24101e-10 3.5794e-11 4.97971 267.248 629.998 46.3588 3.65721e-11 11.1943 187.996 327.044 9.62773 1.25324 1.99979e-10 0 4.12409e-11 5.13566e-11 0.212147 0 3.02136 8.55943e-11 7.71822 264.249 872.06 39.7287 8.48162e-11 28.7574 4550.7 2644.39 34.693 2.2563 14.5324 24.5432 8.63724e-11 3.73502e-11 4.66878e-11 12.3198 0.73774 4.82441e-11 18.1863 320.871 673.343 14.3337 4.82441e-11 4.64238 746.838 187.849 0.0316482 3.81284e-11 4.90222e-11 0 4.66878e-11
$SSageCompEsc
 1190 88.5 1013 1545 1245
$obsAgeCompEsc
0 0 0 0 0 0.00110972 0.457348 0.115221 0.00483337 0 0.000408222 0.329873 0.0906673 0.000539361 0 0 0 0 
0 0 0 0 0 0 0.601116 0.250188 0 0 0 0.102692 0.0460043 0 0 0 0 0 
0 0 0 0 0 0.00379983 0.192536 0.376119 0.0326323 0 0.0111003 0.161246 0.211512 0.00981183 0.00124271 0 0 0 
0 0 0 0 0 0.00643495 0.0187452 0.0438356 0.000818585 0 0.0254498 0.673161 0.226501 0.00107094 0.00199679 0.000818585 0.00116801 0 
0 0 0.00122827 0 0 0.0269933 0.227583 0.256573 0.000404486 0 0.00700514 0.398601 0.0816121 0 0 0 0 0 
$predAgeCompEsc
5.76779e-14 3.44082e-14 0 1.19156e-13 1.79759e-14 0.00142757 0.472923 0.132261 0.00448188 1.83088e-14 0.000403546 0.291266 0.0968829 0.000354336 5.76779e-14 1.2559e-13 0 2.47596e-14 
7.76253e-13 2.75279e-13 0 0.0019097 1.35217e-13 1.31894e-12 0.571413 0.303182 6.38181e-13 1.30709e-13 7.00689e-13 0.073092 0.0477405 3.52816e-13 7.14428e-13 0.00266237 0 1.89379e-13 
6.62463e-14 3.70031e-14 0 1.3631e-13 1.73251e-14 0.00460813 0.189682 0.412545 0.0281977 1.77017e-14 0.010359 0.133432 0.21416 0.00585606 0.00115973 1.41937e-13 0 2.50848e-14 
4.42653e-14 3.14824e-05 0 6.06959e-05 -5.81706e-15 0.00665249 0.0392142 0.0611598 0.000798107 -5.76417e-15 0.0247866 0.675319 0.185458 0.000696946 0.00194475 0.00215659 0.00172128 1.73513e-15 
5.49975e-14 2.68999e-14 0.00489818 0.000191104 -2.91477e-15 0.0267789 0.184875 0.267711 0.00371299 -2.91477e-15 0.00683581 0.430303 0.0746858 8.19813e-06 5.61433e-14 2.82449e-14 0 1.2094e-14 
$SSageCompCatch
 3049 5146 2220
$obsAgeCompCatch
0 0 0.00375075 0.0003805 0 0.000700535 0.248465 0.314511 0.0169593 0 0 0.198977 0.212381 0.00244879 0 0.000682594 0.00074406 0 
0 3.65159e-05 0.00109915 0.000362058 0 0.000113651 0.0574913 0.132727 0.00594324 0 0 0.495237 0.297541 0.00421224 0 0.00198876 0.00324829 0 
0 0 0.000420834 0.000597476 0 0 0.0904018 0.305797 0.0106946 0 0 0.424702 0.165253 0.00213289 0 0 0 0 
$predAgeCompCatch
2.17782e-15 4.20522e-06 0.000388266 0.000276693 5.41367e-14 6.65362e-05 0.247043 0.283967 0.0182075 5.41053e-14 0.000104175 0.243293 0.201435 0.00416311 1.02642e-05 0.000426189 0.000615375 4.53469e-14 
4.43308e-16 2.21071e-05 0.00026227 0.000385561 1.52089e-14 6.17264e-05 0.0462828 0.129263 0.00625413 1.51259e-14 0.000187806 0.494988 0.313592 0.00437252 1.46997e-05 0.00151933 0.00279462 1.36751e-14 
6.12558e-16 6.22325e-06 0.00490164 0.000461012 3.1838e-14 0.000267289 0.11951 0.302117 0.00816304 3.17826e-14 9.3691e-05 0.388081 0.173521 0.00154112 2.15608e-06 0.00042915 0.000907053 2.49794e-14 
$genSS
 0 0 0
$obsGenComp     #GeneticFracData
-1 -1 -1 -1 -1 
-1 -1 -1 -1 -1 
-1 -1 -1 -1 -1 
$predGenComp     #catchGenComp_pred
0 0 0 0 0 
0 0 0 0 0 
0 0 0 0 0 
#PARAMETERS_OF_INTEREST
$catchByGroup
2.90479e-13 2.01481e-13 9.87157e-15 
6.33432e-12 4.46309e-12 2.2624e-13 
0 0 0 
3.5645e-11 2.53149e-11 1.3058e-12 
8.69138e-12 6.23614e-12 3.29077e-13 
0.00718954 0.00498679 0.000244328 
87.062 61.3428 3.10955 
32.1589 22.7551 1.16427 
1.34074 0.952186 0.0491157 
8.85233e-12 6.35162e-12 3.35171e-13 
0.00203235 0.00140967 6.9067e-05 
53.6201 37.7801 1.91512 
23.5568 16.6684 0.852839 
0.105998 0.0752795 0.00388307 
2.90479e-13 2.01481e-13 9.87157e-15 
2.31203e-11 1.62903e-11 8.25776e-13 
0 0 0 
7.40675e-12 5.26024e-12 2.71334e-13 
6.58657e-13 2.9233e-13 3.05998e-14 
8.41628e-12 3.85587e-12 4.1295e-13 
0 0 0 
0.0940539 0.0437876 0.00474483 
1.06216e-11 5.04877e-12 5.55551e-13 
1.11913e-12 4.96703e-13 5.19926e-14 
17.4702 8.00385 0.857185 
12.1877 5.63187 0.606943 
3.14309e-11 1.46329e-11 1.58562e-12 
1.02676e-11 4.88047e-12 5.37033e-13 
5.9454e-13 2.63873e-13 2.76211e-14 
2.23469 1.02381 0.109646 
1.91913 0.886821 0.0955721 
1.73764e-11 8.08973e-12 8.76605e-13 
6.06198e-13 2.69047e-13 2.81626e-14 
0.0813984 0.0372922 0.00399386 
0 0 0 
9.32704e-12 4.34228e-12 4.70531e-13 
2.9799e-13 2.70042e-13 2.86494e-15 
6.48696e-12 5.91343e-12 6.64226e-14 
0 0 0 
4.05096e-11 3.70375e-11 4.28288e-13 
8.92853e-12 8.19431e-12 9.84052e-14 
0.0207284 0.0187843 0.000199287 
33.2528 30.3129 0.340489 
97.6073 89.1189 1.01669 
8.38002 7.66177 0.0885978 
9.12263e-12 8.37245e-12 1.00544e-13 
0.0465973 0.042227 0.000447996 
23.3918 21.3237 0.239518 
50.6699 46.2634 0.527786 
1.74035 1.59119 0.0183999 
0.00521672 0.00472745 5.01546e-05 
2.48828e-11 2.26829e-11 2.54785e-13 
0 0 0 
7.45488e-12 6.81593e-12 7.88168e-14 
1.894e-14 2.40761e-12 6.7696e-14 
0.00247818 0.166188 0.0087293 
0 0 0 
0.0528038 2.71695 0.184612 
2.14453e-12 8.24465e-11 7.42447e-12 
0.00284643 0.361832 0.0101738 
3.0868 207.002 10.8731 
12.8854 746.456 45.2073 
0.694332 35.7259 2.42751 
2.12503e-12 8.1697e-11 7.35698e-12 
0.0106055 1.34815 0.0379067 
53.1587 3564.84 187.25 
39.0731 2263.51 137.084 
0.606325 31.1976 2.11982 
0.000832109 0.105776 0.00297415 
0.169759 11.3841 0.597971 
0.362647 21.0082 1.27231 
1.50952e-12 7.76701e-11 5.27754e-12 
1.73464e-14 1.61053e-13 7.48196e-13 
6.8579e-13 6.00411e-12 2.21827e-11 
0.228809 1.97159 6.87548 
0.0162005 0.137675 0.4573 
1.51726e-12 1.24059e-11 3.62513e-11 
0.00844615 0.0784185 0.364306 
4.71323 41.2644 152.455 
12.5056 107.757 375.781 
0.314763 2.67493 8.88499 
1.51726e-12 1.24059e-11 3.62513e-11 
0.00215603 0.0200177 0.0929956 
10.9702 96.0443 354.843 
3.48881 30.0621 104.835 
0.000694984 0.00590613 0.0196177 
1.77077e-14 1.64408e-13 7.63784e-13 
7.2008e-13 6.30431e-12 2.32918e-11 
0 0 0 
1.02525e-12 8.71278e-12 2.89402e-11 
$escByGroup
 5.00021e-07 5.00013e-07 5e-07 5.00044e-07 5.00007e-07 2.12535 704.086 196.91 6.6726 5.00007e-07 0.600798 433.636 144.239 0.527533 5.00021e-07 5.00047e-07 5e-07 5.00009e-07 5.00044e-07 5.00016e-07 5e-07 0.43022 5.00008e-07 5.00074e-07 128.729 68.3015 5.00036e-07 5.00007e-07 5.00039e-07 16.4663 10.7551 5.0002e-07 5.0004e-07 0.599785 5e-07 5.00011e-07 5.00018e-07 5.0001e-07 5e-07 5.00037e-07 5.00005e-07 4.94 203.342 442.255 30.2284 5.00005e-07 11.1051 143.041 229.583 6.2778 1.24325 5.00038e-07 5e-07 5.00007e-07 5.00012e-07 0.0347519 5e-07 0.0669993 4.99998e-07 7.34336 43.2867 67.5114 0.880992 4.99998e-07 27.3607 745.452 204.718 0.769326 2.14672 2.38056 1.90004 5e-07 5.00009e-07 5.00004e-07 3.24396 0.126564 5e-07 17.7351 122.439 177.299 2.45904 5e-07 4.52721 284.98 49.4628 0.00542945 5.00009e-07 5.00005e-07 5e-07 5.00002e-07
$catchByGroup
2.90479e-13 6.33432e-12 0 3.5645e-11 8.69138e-12 0.00718954 87.062 32.1589 1.34074 8.85233e-12 0.00203235 53.6201 23.5568 0.105998 2.90479e-13 2.31203e-11 0 7.40675e-12 6.58657e-13 8.41628e-12 0 0.0940539 1.06216e-11 1.11913e-12 17.4702 12.1877 3.14309e-11 1.02676e-11 5.9454e-13 2.23469 1.91913 1.73764e-11 6.06198e-13 0.0813984 0 9.32704e-12 2.9799e-13 6.48696e-12 0 4.05096e-11 8.92853e-12 0.0207284 33.2528 97.6073 8.38002 9.12263e-12 0.0465973 23.3918 50.6699 1.74035 0.00521672 2.48828e-11 0 7.45488e-12 1.894e-14 0.00247818 0 0.0528038 2.14453e-12 0.00284643 3.0868 12.8854 0.694332 2.12503e-12 0.0106055 53.1587 39.0731 0.606325 0.000832109 0.169759 0.362647 1.50952e-12 1.73464e-14 6.8579e-13 0.228809 0.0162005 1.51726e-12 0.00844615 4.71323 12.5056 0.314763 1.51726e-12 0.00215603 10.9702 3.48881 0.000694984 1.77077e-14 7.2008e-13 0 1.02525e-12 
2.01481e-13 4.46309e-12 0 2.53149e-11 6.23614e-12 0.00498679 61.3428 22.7551 0.952186 6.35162e-12 0.00140967 37.7801 16.6684 0.0752795 2.01481e-13 1.62903e-11 0 5.26024e-12 2.9233e-13 3.85587e-12 0 0.0437876 5.04877e-12 4.96703e-13 8.00385 5.63187 1.46329e-11 4.88047e-12 2.63873e-13 1.02381 0.886821 8.08973e-12 2.69047e-13 0.0372922 0 4.34228e-12 2.70042e-13 5.91343e-12 0 3.70375e-11 8.19431e-12 0.0187843 30.3129 89.1189 7.66177 8.37245e-12 0.042227 21.3237 46.2634 1.59119 0.00472745 2.26829e-11 0 6.81593e-12 2.40761e-12 0.166188 0 2.71695 8.24465e-11 0.361832 207.002 746.456 35.7259 8.1697e-11 1.34815 3564.84 2263.51 31.1976 0.105776 11.3841 21.0082 7.76701e-11 1.61053e-13 6.00411e-12 1.97159 0.137675 1.24059e-11 0.0784185 41.2644 107.757 2.67493 1.24059e-11 0.0200177 96.0443 30.0621 0.00590613 1.64408e-13 6.30431e-12 0 8.71278e-12 
9.87157e-15 2.2624e-13 0 1.3058e-12 3.29077e-13 0.000244328 3.10955 1.16427 0.0491157 3.35171e-13 6.9067e-05 1.91512 0.852839 0.00388307 9.87157e-15 8.25776e-13 0 2.71334e-13 3.05998e-14 4.1295e-13 0 0.00474483 5.55551e-13 5.19926e-14 0.857185 0.606943 1.58562e-12 5.37033e-13 2.76211e-14 0.109646 0.0955721 8.76605e-13 2.81626e-14 0.00399386 0 4.70531e-13 2.86494e-15 6.64226e-14 0 4.28288e-13 9.84052e-14 0.000199287 0.340489 1.01669 0.0885978 1.00544e-13 0.000447996 0.239518 0.527786 0.0183999 5.01546e-05 2.54785e-13 0 7.88168e-14 6.7696e-14 0.0087293 0 0.184612 7.42447e-12 0.0101738 10.8731 45.2073 2.42751 7.35698e-12 0.0379067 187.25 137.084 2.11982 0.00297415 0.597971 1.27231 5.27754e-12 7.48196e-13 2.21827e-11 6.87548 0.4573 3.62513e-11 0.364306 152.455 375.781 8.88499 3.62513e-11 0.0929956 354.843 104.835 0.0196177 7.63784e-13 2.32918e-11 0 2.89402e-11 
$Fmort
 0.0920574 0.456391 0.166109
#ESTIMATED_PARAMETERS
$availability
1.38912 1.54733 1.72003 0.152101 0.191551 
0.194249 0.138378 0.314342 3.99361 0.359421 
0.0261198 0.0397677 0.00914573 0.301431 4.62427 
$selectivity
 0.0263434 0.839176 1.06314 1.2592 1.81215
$RunSize
 8.63724e-11 6.22504e-11 0 2.39664e-10 4.2019e-11 2.13778 855.6 252.988 9.01464 4.27972e-11 0.60431 526.951 185.317 0.712694 8.63724e-11 2.27214e-10 0 4.98003e-11 1.75857e-10 7.47005e-11 0 0.572807 4.66878e-11 2.98802e-10 155.06 86.7279 1.9142e-10 4.51315e-11 1.58739e-10 19.8344 13.6566 1.05826e-10 1.61851e-10 0.722469 0 5.68035e-11 7.1588e-11 5.21347e-11 0 2.24101e-10 3.5794e-11 4.97971 267.248 629.998 46.3588 3.65721e-11 11.1943 187.996 327.044 9.62773 1.25324 1.99979e-10 0 4.12409e-11 5.13566e-11 0.212147 0 3.02136 8.55943e-11 7.71822 264.249 872.06 39.7287 8.48162e-11 28.7574 4550.7 2644.39 34.693 2.2563 14.5324 24.5432 8.63724e-11 3.73502e-11 4.66878e-11 12.3198 0.73774 4.82441e-11 18.1863 320.871 673.343 14.3337 4.82441e-11 4.64238 746.838 187.849 0.0316482 3.81284e-11 4.90222e-11 0 4.66878e-11
