$ndistricts
3
$ngroups
90
$nstocks
5
$nagecomps
18
$AgeCompLabels
 0.1 0.2 0.3 0.4 0.5 1.1 1.2 1.3 1.4 1.5 2.1 2.2 2.3 2.4 3.1 3.2 3.3 3.4
$navailpar
15
$nselectpar
5
$GENdata
-1
$maxGradient
0.000190337
#LIKELIHOOD_VALUES_AND_PENALTIES
$totalNLL
-391334
$NLLcatch
-153548
$NLLescape
-252678
$NLLagecompCatch
7980.72
$NLLagecompEsc
6911.22
$NLLgenetics
0
$NLLselOne
4.5884e-15
$NLLavailOne
2.2306e-05
$NLLextra
0.00641924
#OBSERVED_AND_PREDICTED_VALUES
$predEsc
 22479.5 301.326 2647.4 1077.98 3337.33
$obsEsc
 22505.3 297.9 2644.7 1060.86 3335.28
$predCatch
 15120.5 2623.07 885.875
$obsCatch
 15120.5 2623.07 885.875
$RunSize
 1.72212e-10 7.67906 29.0072 5.91979e-11 9.68693e-11 35.1824 5458.84 1101.37 6.72704e-10 9.95601e-11 33.0496 28593.3 539.369 6.18887e-11 2.90608e-10 11.7621 1.6414e-10 5.91979e-11 6.72704e-11 1.93739e-10 0 6.45796e-11 6.72704e-11 0 303.422 142.408 3.44548 6.72704e-11 7.2652e-11 48.3227 22.9241 6.99612e-11 9.95601e-11 0 8.61061e-11 6.18887e-11 3.76714e-11 8.07244e-11 0 6.45796e-11 5.11255e-11 4.29559 1017.37 1740.84 2.24683e-09 5.11255e-11 4.17109 1532.17 912.249 5.91979e-11 4.3053e-11 6.74641 5.91979e-11 5.91979e-11 1.88357e-11 2.42173e-11 0 2.9599e-11 2.42173e-11 2.62292 225.081 69.8054 4.3053e-11 2.42173e-11 49.8835 1415.96 423.999 2.9599e-11 0.381531 53.8537 11.2458 2.9599e-11 3.22898e-11 2.69081e-11 0 1.34541e-11 2.42173e-11 0.766868 2325.16 571.433 0.30023 2.15265e-11 57.6609 1649.07 67.8396 1.34541e-11 4.03622e-11 0 2.69081e-11 1.34541e-11
$SSageCompEsc
 2338 88.5 1542 1169 1761
$obsAgeCompEsc
0 0 0.000616973 0 0 0.00158445 0.131796 0.0240473 0 0 0.00161651 0.823259 0.0164232 0 0 0.00065712 0 0 
0 0 0 0 0 0 0.601116 0.250188 0 0 0 0.102692 0.0460043 0 0 0 0 0 
0 0 0 0 0 0.00145006 0.206695 0.296517 0 0 0.00144887 0.322874 0.169297 0 0 0.00171811 0 0 
0 0 0 0 0 0.0016323 0.110062 0.0254621 0 0 0.0385972 0.667495 0.141909 0 0 0.0141513 0.000691449 0 
0 0 0 0 0 0.000243941 0.44604 0.132072 0 0 0.0168311 0.394752 0.0100615 0 0 0 0 0 
$predAgeCompEsc
6.88505e-15 0.000215496 0.00071451 -2.3899e-17 2.08921e-15 0.00140659 0.15319 0.027129 -2.71579e-16 2.14724e-15 0.00132133 0.802407 0.0132858 -2.49853e-17 1.16185e-14 0.000330078 4.04311e-15 -2.3899e-17 
1.98793e-13 3.90935e-13 0 -4.60599e-16 1.02562e-13 0 0.612259 0.250012 -2.45741e-05 1.02562e-13 2.14696e-13 0.0975078 0.0402456 -4.98982e-16 2.94213e-13 0 1.51168e-13 -4.41408e-16 
1.24303e-14 1.68318e-14 0 -3.15914e-15 7.44243e-15 0.0014174 0.21213 0.304587 -1.09912e-13 7.44243e-15 0.00137632 0.319471 0.159612 -2.89588e-15 1.42061e-14 0.00140669 1.03576e-14 -2.89588e-15 
1.49007e-14 1.10432e-14 0 -5.66937e-15 7.02369e-15 0.00207497 0.102638 0.0256081 -8.24636e-15 7.02369e-15 0.0394623 0.645687 0.155544 -5.66937e-15 0.000301825 0.0245576 0.00412554 -5.66937e-15 
8.99822e-15 5.81395e-15 0 -3.25335e-16 4.26383e-15 0.000213704 0.502389 0.111759 -7.2599e-06 3.79007e-15 0.0160684 0.356309 0.0132679 -3.25335e-16 1.12478e-14 0 5.26261e-15 -3.25335e-16 
$SSageCompCatch
 3826 2065 1757
$obsAgeCompCatch
0 0.000352167 0.000232025 0 0 0 0.18597 0.0965562 0.000277603 0 0 0.678475 0.0381054 0 0 3.16586e-05 0 0 
0 0 0.00130182 0 0 0.000768962 0.149972 0.0868346 0 0 0.00399824 0.608679 0.127469 0 0.000194435 0.0162652 0.0045162 0 
0 0 0.000306373 0 0 0 0.520014 0.11857 0.000266142 0 0.00221243 0.328367 0.0296956 0 0 0.000567522 0 0 
$predAgeCompCatch
1.86411e-15 0.000172306 0.000783772 1.17746e-14 7.34552e-15 0.000254138 0.166116 0.0918733 0.000209223 7.41421e-15 0.000324459 0.693653 0.0459708 1.19212e-14 2.71471e-07 0.000601019 4.15627e-05 1.12876e-14 
1.86124e-15 8.43923e-05 0.00040242 2.24372e-14 1.00746e-14 0.000248869 0.165791 0.0839686 0.000154755 1.0038e-14 0.00292703 0.61871 0.11588 2.23483e-14 1.94258e-05 0.00952697 0.00228648 2.1911e-14 
1.73402e-15 9.15871e-06 4.38367e-05 1.21408e-14 7.7126e-15 5.68043e-05 0.458564 0.140322 0.000234637 6.9608e-15 0.00301339 0.371944 0.0248628 1.21934e-14 1.25066e-06 0.000753973 0.000194751 1.21058e-14 
$genSS
 0 0 0
$obsGenComp     #GeneticFracData
-1 -1 -1 -1 -1 
-1 -1 -1 -1 -1 
-1 -1 -1 -1 -1 
$predGenComp     #catchGenComp_pred
0 0 0 0 0 
0 0 0 0 0 
0 0 0 0 0 
#PARAMETERS_OF_INTEREST
$catchByGroup
1.61995e-11 1.19663e-12 4.33916e-14 
2.60534 0.221367 0.00811347 
11.851 1.05557 0.0388339 
5.1493e-11 7.93504e-12 3.07104e-13 
4.55062e-11 4.24216e-12 1.56643e-13 
3.3095 0.244467 0.00886476 
1852.07 157.363 5.76764 
449.967 40.0788 1.47447 
5.85148e-10 9.0171e-11 3.48982e-12 
4.67703e-11 4.36e-12 1.60994e-13 
3.10888 0.229648 0.00832739 
9701.08 824.267 30.2108 
220.361 19.6277 0.722089 
5.38336e-11 8.29573e-12 3.21063e-13 
2.73366e-11 2.01931e-12 7.32234e-14 
3.99064 0.339071 0.0124275 
6.70598e-11 5.97305e-12 2.19744e-13 
5.1493e-11 7.93504e-12 3.07104e-13 
7.00976e-12 3.33321e-13 2.58046e-14 
7.16328e-11 3.99528e-12 3.11569e-13 
0 0 0 
5.79161e-11 6.29289e-12 5.09383e-13 
3.4088e-11 2.11209e-12 1.65549e-13 
0 0 0 
112.187 6.25717 0.487961 
63.0715 3.71132 0.290166 
3.08996 0.335741 0.0271768 
3.4088e-11 2.11209e-12 1.65549e-13 
7.57054e-12 3.59987e-13 2.7869e-14 
17.8668 0.996512 0.0777123 
10.1529 0.597429 0.0467094 
6.27424e-11 6.8173e-12 5.51831e-13 
1.03744e-11 4.93315e-13 3.81908e-14 
0 0 0 
3.81357e-11 2.24402e-12 1.75447e-13 
5.55029e-11 6.03069e-12 4.88158e-13 
4.3374e-12 4.22686e-13 3.32382e-15 
3.2402e-11 3.73209e-12 2.98745e-14 
0 0 0 
5.94082e-11 1.34174e-11 1.17505e-13 
2.78196e-11 3.5738e-12 2.89627e-14 
0.494585 0.048198 0.000379008 
408.36 47.0353 0.376507 
832.308 101.356 0.816397 
2.06691e-09 4.66813e-10 4.08819e-12 
2.78196e-11 3.5738e-12 2.89627e-14 
0.48025 0.046801 0.000368023 
614.998 70.836 0.567026 
436.152 53.1135 0.427814 
5.44575e-11 1.22993e-11 1.07713e-13 
4.95703e-12 4.8307e-13 3.79865e-15 
2.70794 0.311903 0.00249671 
2.83029e-11 3.44666e-12 2.77618e-14 
5.44575e-11 1.22993e-11 1.07713e-13 
2.02647e-13 2.5156e-12 5.46971e-14 
1.07435e-12 1.09449e-11 2.93647e-13 
0 0 0 
5.92262e-12 2.80635e-11 1.72438e-12 
1.62523e-12 1.45726e-11 4.48096e-13 
0.0282192 0.350304 0.00761672 
9.98527 101.724 2.72922 
3.90091 37.2284 1.0709 
8.61471e-12 4.08196e-11 2.50819e-12 
1.62523e-12 1.45726e-11 4.48096e-13 
0.53668 6.66218 0.144857 
62.8162 639.936 17.1692 
23.6942 226.126 6.50465 
5.92262e-12 2.80635e-11 1.72438e-12 
0.00410477 0.0509553 0.00110793 
2.38911 24.3389 0.653002 
0.628447 5.9976 0.172525 
5.92262e-12 2.80635e-11 1.72438e-12 
4.36886e-13 4.13925e-13 1.40891e-12 
1.49459e-12 1.41765e-12 4.59281e-12 
0 0 0 
3.29759e-12 3.1454e-12 8.09683e-12 
2.02864e-12 1.92572e-12 6.03315e-12 
0.0103758 0.00983053 0.033461 
129.149 122.501 396.869 
39.92 37.88 120.656 
0.0735862 0.0701901 0.180682 
1.80324e-12 1.71175e-12 5.3628e-12 
0.780161 0.739159 2.51593 
91.5963 86.8811 281.471 
4.73924 4.49705 14.3241 
3.29759e-12 3.1454e-12 8.09683e-12 
5.46107e-13 5.17406e-13 1.76114e-12 
0 0 0 
1.87979e-12 1.78373e-12 5.68156e-12 
3.29759e-12 3.1454e-12 8.09683e-12 
$escByGroup
 5.00039e-07 4.84424 16.0618 5e-07 5.00012e-07 31.6195 3443.64 609.847 4.99998e-07 5.00012e-07 29.7028 18037.7 298.659 5e-07 5.00065e-07 7.42 5.00023e-07 5e-07 5.00015e-07 5.00029e-07 5e-07 5e-07 5.00008e-07 5e-07 184.49 75.3352 1.35011e-10 5.00008e-07 5.00016e-07 29.3817 12.1271 5e-07 5.00022e-07 5e-07 5.00011e-07 5e-07 5.00008e-07 5.00011e-07 5e-07 4.99998e-07 5.00005e-07 3.75243 561.593 806.364 4.99927e-07 5.00005e-07 3.64367 845.769 422.556 4.99998e-07 5.00009e-07 3.72407 5.00007e-07 4.99998e-07 5.00004e-07 5.00003e-07 5e-07 4.99998e-07 5.00002e-07 2.23678 110.643 27.6052 4.99998e-07 5.00002e-07 42.5398 696.04 167.674 4.99998e-07 0.325363 26.4727 4.44727 4.99998e-07 5.00008e-07 5.00005e-07 5e-07 5e-07 5.00004e-07 0.7132 1676.64 372.977 4.127e-11 5.00003e-07 53.6256 1189.12 44.2792 5e-07 5.00009e-07 5e-07 5.00004e-07 5e-07
$catchByGroup
1.61995e-11 2.60534 11.851 5.1493e-11 4.55062e-11 3.3095 1852.07 449.967 5.85148e-10 4.67703e-11 3.10888 9701.08 220.361 5.38336e-11 2.73366e-11 3.99064 6.70598e-11 5.1493e-11 7.00976e-12 7.16328e-11 0 5.79161e-11 3.4088e-11 0 112.187 63.0715 3.08996 3.4088e-11 7.57054e-12 17.8668 10.1529 6.27424e-11 1.03744e-11 0 3.81357e-11 5.55029e-11 4.3374e-12 3.2402e-11 0 5.94082e-11 2.78196e-11 0.494585 408.36 832.308 2.06691e-09 2.78196e-11 0.48025 614.998 436.152 5.44575e-11 4.95703e-12 2.70794 2.83029e-11 5.44575e-11 2.02647e-13 1.07435e-12 0 5.92262e-12 1.62523e-12 0.0282192 9.98527 3.90091 8.61471e-12 1.62523e-12 0.53668 62.8162 23.6942 5.92262e-12 0.00410477 2.38911 0.628447 5.92262e-12 4.36886e-13 1.49459e-12 0 3.29759e-12 2.02864e-12 0.0103758 129.149 39.92 0.0735862 1.80324e-12 0.780161 91.5963 4.73924 3.29759e-12 5.46107e-13 0 1.87979e-12 3.29759e-12 
1.19663e-12 0.221367 1.05557 7.93504e-12 4.24216e-12 0.244467 157.363 40.0788 9.0171e-11 4.36e-12 0.229648 824.267 19.6277 8.29573e-12 2.01931e-12 0.339071 5.97305e-12 7.93504e-12 3.33321e-13 3.99528e-12 0 6.29289e-12 2.11209e-12 0 6.25717 3.71132 0.335741 2.11209e-12 3.59987e-13 0.996512 0.597429 6.8173e-12 4.93315e-13 0 2.24402e-12 6.03069e-12 4.22686e-13 3.73209e-12 0 1.34174e-11 3.5738e-12 0.048198 47.0353 101.356 4.66813e-10 3.5738e-12 0.046801 70.836 53.1135 1.22993e-11 4.8307e-13 0.311903 3.44666e-12 1.22993e-11 2.5156e-12 1.09449e-11 0 2.80635e-11 1.45726e-11 0.350304 101.724 37.2284 4.08196e-11 1.45726e-11 6.66218 639.936 226.126 2.80635e-11 0.0509553 24.3389 5.9976 2.80635e-11 4.13925e-13 1.41765e-12 0 3.1454e-12 1.92572e-12 0.00983053 122.501 37.88 0.0701901 1.71175e-12 0.739159 86.8811 4.49705 3.1454e-12 5.17406e-13 0 1.78373e-12 3.1454e-12 
4.33916e-14 0.00811347 0.0388339 3.07104e-13 1.56643e-13 0.00886476 5.76764 1.47447 3.48982e-12 1.60994e-13 0.00832739 30.2108 0.722089 3.21063e-13 7.32234e-14 0.0124275 2.19744e-13 3.07104e-13 2.58046e-14 3.11569e-13 0 5.09383e-13 1.65549e-13 0 0.487961 0.290166 0.0271768 1.65549e-13 2.7869e-14 0.0777123 0.0467094 5.51831e-13 3.81908e-14 0 1.75447e-13 4.88158e-13 3.32382e-15 2.98745e-14 0 1.17505e-13 2.89627e-14 0.000379008 0.376507 0.816397 4.08819e-12 2.89627e-14 0.000368023 0.567026 0.427814 1.07713e-13 3.79865e-15 0.00249671 2.77618e-14 1.07713e-13 5.46971e-14 2.93647e-13 0 1.72438e-12 4.48096e-13 0.00761672 2.72922 1.0709 2.50819e-12 4.48096e-13 0.144857 17.1692 6.50465 1.72438e-12 0.00110793 0.653002 0.172525 1.72438e-12 1.40891e-12 4.59281e-12 0 8.09683e-12 6.03315e-12 0.033461 396.869 120.656 0.180682 5.3628e-12 2.51593 281.471 14.3241 8.09683e-12 1.76114e-12 0 5.68156e-12 8.09683e-12 
$Fmort
 0.534419 0.26975 0.0724997
#ESTIMATED_PARAMETERS
$availability
1.38912 1.54733 1.72003 0.152101 0.191551 
0.194249 0.138378 0.314342 3.99361 0.359421 
0.0261198 0.0397677 0.00914573 0.301431 4.62427 
$selectivity
 0.133073 0.55824 0.707438 2.74663 0.854614
$RunSize
 1.72212e-10 7.67906 29.0072 5.91979e-11 9.68693e-11 35.1824 5458.84 1101.37 6.72704e-10 9.95601e-11 33.0496 28593.3 539.369 6.18887e-11 2.90608e-10 11.7621 1.6414e-10 5.91979e-11 6.72704e-11 1.93739e-10 0 6.45796e-11 6.72704e-11 0 303.422 142.408 3.44548 6.72704e-11 7.2652e-11 48.3227 22.9241 6.99612e-11 9.95601e-11 0 8.61061e-11 6.18887e-11 3.76714e-11 8.07244e-11 0 6.45796e-11 5.11255e-11 4.29559 1017.37 1740.84 2.24683e-09 5.11255e-11 4.17109 1532.17 912.249 5.91979e-11 4.3053e-11 6.74641 5.91979e-11 5.91979e-11 1.88357e-11 2.42173e-11 0 2.9599e-11 2.42173e-11 2.62292 225.081 69.8054 4.3053e-11 2.42173e-11 49.8835 1415.96 423.999 2.9599e-11 0.381531 53.8537 11.2458 2.9599e-11 3.22898e-11 2.69081e-11 0 1.34541e-11 2.42173e-11 0.766868 2325.16 571.433 0.30023 2.15265e-11 57.6609 1649.07 67.8396 1.34541e-11 4.03622e-11 0 2.69081e-11 1.34541e-11
