$ndistricts
3
$ngroups
90
$nstocks
5
$nagecomps
18
$AgeCompLabels
 0.1 0.2 0.3 0.4 0.5 1.1 1.2 1.3 1.4 1.5 2.1 2.2 2.3 2.4 3.1 3.2 3.3 3.4
$navailpar
15
$nselectpar
5
$GENdata
-1
$maxGradient
0.000464168
#LIKELIHOOD_VALUES_AND_PENALTIES
$totalNLL
-157246
$NLLcatch
-137572
$NLLescape
-35365
$NLLagecompCatch
7662.43
$NLLagecompEsc
8028.58
$NLLgenetics
0
$NLLselOne
3.08471e-07
$NLLavailOne
2.2306e-05
$NLLextra
0.534186
#OBSERVED_AND_PREDICTED_VALUES
$predEsc
 1746.89 80.8779 1794.19 713.164 1314.85
$obsEsc
 1754.36 82.21 1796.22 694.68 1327.7
$predCatch
 10992.8 4361.41 2116.07
$obsCatch
 10992.8 4361.41 2116.07
$RunSize
 4.87814e-11 9.75627e-11 17.4783 0 0.00422496 1.05259 1728.7 595.477 0.00469607 0.004225 1.99723 3307.02 355.501 0.00469605 5.13488e-11 2.76577 0 0.00469605 4.1079e-11 9.37116e-11 0 0 0.0145656 0 188.259 65.7724 0.0144369 0.0145656 0 32.9136 12.6665 0.0144368 4.36465e-11 0 0 0.0144369 5.52e-11 1.2067e-10 4.36657 0 6.86148e-08 0.370177 715.339 4135.76 0.000162559 2.96308e-08 0 1879.16 1626.08 0.000162721 5.52e-11 3.32705 0 0.000163615 1.54046e-11 5.13488e-11 0 0 0.0551509 0 738.466 402.147 0.0534431 0.0551509 1.7806 2584.2 546.899 0.0534431 2.05395e-11 9.69959 4.46342 0.0534431 3.33767e-11 6.29023e-11 0 0 0.0169727 0 679.705 1702.78 0.0168652 0.0169727 0 1378.41 397.252 0.0168652 3.2093e-11 0 0 0.0168652
$SSageCompEsc
 1549 88.5 1433 1837 1746
$obsAgeCompEsc
0 0 0.000856314 0 0 0.000592288 0.286142 0.116087 0 0 0.00112384 0.529372 0.0651448 0 0 0.000682245 0 0 
0 0 0 0 0 0 0.601116 0.250188 0 0 0 0.102692 0.0460043 0 0 0 0 0 
0 0 0.000562132 0 0 0.000203021 0.0748745 0.555119 0 0 0 0.179863 0.188711 0 0 0.00066757 0 0 
0 0 0 0 0 0 0.186981 0.14159 0 0 0.00248115 0.515321 0.151848 0 0 0.00097974 0.000798872 0 
0 0 0 0 0 0 0.157583 0.446117 0 0 0 0.276736 0.119564 0 0 0 0 0 
$predAgeCompEsc
2.74459e-14 1.56956e-14 0.00338796 0 -2.36749e-06 0.000592217 0.278107 0.115426 -2.7964e-06 -2.36751e-06 0.00112371 0.532021 0.0689098 -2.79639e-06 2.88904e-14 0.000444948 0 -2.79638e-06 
4.98389e-13 2.96198e-13 0 0 -0.000167262 0 0.595036 0.253072 -0.00018056 -0.000167262 0 0.104031 0.0487368 -0.00018056 5.29539e-13 0 0 -0.00018056 
3.01051e-14 1.16448e-14 0.000567273 0 -3.83141e-11 0.000201888 0.0690312 0.537289 -9.30897e-08 -1.65457e-11 0 0.181341 0.211249 -9.3182e-08 3.01051e-14 0.000321066 0 -9.36939e-08 
2.11604e-14 1.08623e-14 0 0 -0.000135217 0 0.156215 0.123702 -0.000135754 -0.000135217 0.0024459 0.546662 0.168228 -0.000135754 2.82139e-14 0.00205185 0.00137296 -0.000135754 
2.50339e-14 1.33392e-14 0 0 -2.53956e-05 0 0.14414 0.45705 -2.54455e-05 -2.53956e-05 0 0.292308 0.106628 -2.54455e-05 2.4071e-14 0 0 -2.54455e-05 
$SSageCompCatch
 2580 2461 1048
$obsAgeCompCatch
0 0 0.00076657 0 0 0 0.175213 0.321369 0 0 0 0.361824 0.140061 0 0 0 0.00076657 0 
0 0 0 0 0 0 0.143922 0.140739 0 0 0 0.566677 0.145971 0 0 0.00231271 0.000378877 0 
0 0 0.00555505 0 0 0 0.152716 0.388732 0 0 0 0.390561 0.0614646 0 0 0.000971267 0 0 
$predAgeCompCatch
2.49296e-16 2.11894e-14 0.00124106 0 8.16877e-06 2.2269e-06 0.179476 0.317797 8.10389e-06 8.16877e-06 3.23496e-06 0.369572 0.131342 8.1039e-06 2.57869e-16 0.000486625 3.96596e-05 8.10398e-06 
1.09543e-16 1.42649e-14 0.000276168 0 1.97865e-05 3.33108e-07 0.172432 0.176191 1.97528e-05 1.97865e-05 7.72363e-06 0.526105 0.122575 1.97528e-05 1.31062e-16 0.00165202 0.000661384 1.9753e-05 
1.64899e-16 1.58297e-14 2.90457e-05 0 2.94444e-05 3.15026e-08 0.173313 0.361397 3.03848e-05 2.94444e-05 6.00625e-07 0.371988 0.0928461 3.03848e-05 1.60624e-16 0.00019908 7.73793e-05 3.03848e-05 
$genSS
 0 0 0
$obsGenComp     #GeneticFracData
-1 -1 -1 -1 -1 
-1 -1 -1 -1 -1 
-1 -1 -1 -1 -1 
$predGenComp     #catchGenComp_pred
0 0 0 0 0 
0 0 0 0 0 
0 0 0 0 0 
#PARAMETERS_OF_INTEREST
$catchByGroup
7.90806e-13 4.29138e-14 2.75067e-15 
6.42917e-11 5.49127e-12 3.6145e-13 
10.6418 0.86152 0.0565138 
0 0 0 
0.00422496 0.00363503 0.000500697 
0.0170637 0.000925977 5.93528e-05 
1139.17 97.2988 6.40446 
362.563 29.3516 1.9254 
0.00469607 0.0042357 0.000649283 
0.004225 0.00363506 0.000500701 
0.0323776 0.001757 0.000112619 
2179.25 186.134 12.2518 
216.451 17.523 1.14947 
0.00469605 0.00423569 0.000649281 
8.32428e-13 4.51724e-14 2.89544e-15 
1.82258 0.15567 0.0102466 
0 0 0 
0.00469605 0.00423568 0.00064928 
7.41099e-13 2.5747e-14 3.52661e-15 
6.54391e-11 3.7886e-12 5.28076e-13 
0 0 0 
0 0 0 
0.0145656 0.0109827 0.00254511 
0 0 0 
131.462 7.61097 1.06086 
42.6547 2.32623 0.323514 
0.0144369 0.0116766 0.00292669 
0.0145656 0.0109827 0.00254511 
0 0 0 
22.9836 1.33064 0.185472 
8.21447 0.447988 0.0623025 
0.0144368 0.0116766 0.00292669 
7.87418e-13 2.73562e-14 3.74702e-15 
0 0 0 
0 0 0 
0.0144369 0.0116766 0.00292669 
1.10588e-12 7.85613e-14 1.08988e-15 
8.88217e-11 1.07983e-11 1.56724e-13 
3.00086 0.342959 0.00494882 
0 0 0 
6.86148e-08 6.57784e-08 2.9646e-09 
0.00741617 0.000526841 7.30886e-06 
526.541 64.0128 0.929068 
2842.25 324.831 4.68724 
0.000162559 0.000158768 8.25291e-06 
2.96308e-08 2.84059e-08 1.28024e-09 
0 0 0 
1383.2 168.158 2.44062 
1117.5 127.715 1.84291 
0.000162721 0.000158926 8.26109e-06 
1.10588e-12 7.85613e-14 1.08988e-15 
2.44895 0.297725 0.00432112 
0 0 0 
0.000163615 0.000159799 8.30647e-06 
2.75433e-14 2.76229e-13 1.00213e-14 
5.70598e-12 3.57432e-11 2.15303e-12 
0 0 0 
0 0 0 
0.0541441 0.0551509 0.0422877 
0 0 0 
82.0597 514.036 30.9635 
39.2803 259.895 14.7527 
0.0529679 0.0534431 0.0438467 
0.0541441 0.0551509 0.0422877 
0.00318369 0.0319289 0.00115834 
287.161 1798.83 108.354 
53.4191 353.443 20.0629 
0.0529679 0.0534431 0.0438467 
3.67244e-14 3.68306e-13 1.33617e-14 
1.07784 6.75175 0.406698 
0.43597 2.88456 0.16374 
0.0529679 0.0534431 0.0438467 
7.51381e-14 5.43087e-14 3.31548e-13 
8.67223e-12 6.3937e-12 3.02973e-11 
0 0 0 
0 0 0 
0.016863 0.0165284 0.0169727 
0 0 0 
93.7098 69.0885 327.384 
206.739 152.037 743.051 
0.0168212 0.0166358 0.0168652 
0.016863 0.0165284 0.0169727 
0 0 0 
190.038 140.108 663.918 
48.2315 35.4697 173.351 
0.0168212 0.0166358 0.0168652 
7.22481e-14 5.22199e-14 3.18796e-13 
0 0 0 
0 0 0 
0.0168212 0.0166358 0.0168652 
$escByGroup
 5.00012e-07 5.00007e-07 5.91838 5e-07 2.41678e-10 1.03454 485.821 201.637 2.04625e-10 2.41676e-10 1.96299 929.381 120.378 2.04626e-10 5.00013e-07 0.777274 5e-07 2.04626e-10 5.0001e-07 5.00006e-07 5e-07 5e-07 7.39108e-11 5e-07 48.1252 20.4679 6.84682e-11 7.39108e-11 5e-07 8.41382 3.94173 6.84684e-11 5.00011e-07 5e-07 5e-07 6.84682e-11 5.00014e-07 5.00005e-07 1.0178 5e-07 4.83385e-07 0.362227 123.855 964 5.91642e-09 4.92687e-07 5e-07 325.362 379.021 5.91063e-09 5.00014e-07 0.576054 5e-07 5.87872e-09 5.00004e-07 5.00002e-07 5e-07 5e-07 1.03698e-11 5e-07 111.407 88.2196 1.03288e-11 1.03698e-11 1.74433 389.86 119.974 1.03288e-11 5.00005e-07 1.46331 0.979147 1.03288e-11 5.00008e-07 5.00004e-07 5e-07 5e-07 2.9946e-11 5e-07 189.522 600.952 2.98874e-11 2.9946e-11 5e-07 384.341 140.2 2.98874e-11 5.00008e-07 5e-07 5e-07 2.98874e-11
$catchByGroup
7.90806e-13 6.42917e-11 10.6418 0 0.00422496 0.0170637 1139.17 362.563 0.00469607 0.004225 0.0323776 2179.25 216.451 0.00469605 8.32428e-13 1.82258 0 0.00469605 7.41099e-13 6.54391e-11 0 0 0.0145656 0 131.462 42.6547 0.0144369 0.0145656 0 22.9836 8.21447 0.0144368 7.87418e-13 0 0 0.0144369 1.10588e-12 8.88217e-11 3.00086 0 6.86148e-08 0.00741617 526.541 2842.25 0.000162559 2.96308e-08 0 1383.2 1117.5 0.000162721 1.10588e-12 2.44895 0 0.000163615 2.75433e-14 5.70598e-12 0 0 0.0541441 0 82.0597 39.2803 0.0529679 0.0541441 0.00318369 287.161 53.4191 0.0529679 3.67244e-14 1.07784 0.43597 0.0529679 7.51381e-14 8.67223e-12 0 0 0.016863 0 93.7098 206.739 0.0168212 0.016863 0 190.038 48.2315 0.0168212 7.22481e-14 0 0 0.0168212 
4.29138e-14 5.49127e-12 0.86152 0 0.00363503 0.000925977 97.2988 29.3516 0.0042357 0.00363506 0.001757 186.134 17.523 0.00423569 4.51724e-14 0.15567 0 0.00423568 2.5747e-14 3.7886e-12 0 0 0.0109827 0 7.61097 2.32623 0.0116766 0.0109827 0 1.33064 0.447988 0.0116766 2.73562e-14 0 0 0.0116766 7.85613e-14 1.07983e-11 0.342959 0 6.57784e-08 0.000526841 64.0128 324.831 0.000158768 2.84059e-08 0 168.158 127.715 0.000158926 7.85613e-14 0.297725 0 0.000159799 2.76229e-13 3.57432e-11 0 0 0.0551509 0 514.036 259.895 0.0534431 0.0551509 0.0319289 1798.83 353.443 0.0534431 3.68306e-13 6.75175 2.88456 0.0534431 5.43087e-14 6.3937e-12 0 0 0.0165284 0 69.0885 152.037 0.0166358 0.0165284 0 140.108 35.4697 0.0166358 5.22199e-14 0 0 0.0166358 
2.75067e-15 3.6145e-13 0.0565138 0 0.000500697 5.93528e-05 6.40446 1.9254 0.000649283 0.000500701 0.000112619 12.2518 1.14947 0.000649281 2.89544e-15 0.0102466 0 0.00064928 3.52661e-15 5.28076e-13 0 0 0.00254511 0 1.06086 0.323514 0.00292669 0.00254511 0 0.185472 0.0623025 0.00292669 3.74702e-15 0 0 0.00292669 1.08988e-15 1.56724e-13 0.00494882 0 2.9646e-09 7.30886e-06 0.929068 4.68724 8.25291e-06 1.28024e-09 0 2.44062 1.84291 8.26109e-06 1.08988e-15 0.00432112 0 8.30647e-06 1.00213e-14 2.15303e-12 0 0 0.0422877 0 30.9635 14.7527 0.0438467 0.0422877 0.00115834 108.354 20.0629 0.0438467 1.33617e-14 0.406698 0.16374 0.0438467 3.31548e-13 3.02973e-11 0 0 0.0169727 0 327.384 743.051 0.0168652 0.0169727 0 663.918 173.351 0.0168652 3.18796e-13 0 0 0.0168652 
$Fmort
 11.7657 4.5308 2.15886
#ESTIMATED_PARAMETERS
$availability
1.38912 1.54733 1.72003 0.152101 0.191551 
0.194249 0.138378 0.314342 3.99361 0.359421 
0.0261198 0.0397677 0.00914573 0.301431 4.62427 
$selectivity
 0.001 0.0658226 0.0574334 2.63886 2.23697
$RunSize
 4.87814e-11 9.75627e-11 17.4783 0 0.00422496 1.05259 1728.7 595.477 0.00469607 0.004225 1.99723 3307.02 355.501 0.00469605 5.13488e-11 2.76577 0 0.00469605 4.1079e-11 9.37116e-11 0 0 0.0145656 0 188.259 65.7724 0.0144369 0.0145656 0 32.9136 12.6665 0.0144368 4.36465e-11 0 0 0.0144369 5.52e-11 1.2067e-10 4.36657 0 6.86148e-08 0.370177 715.339 4135.76 0.000162559 2.96308e-08 0 1879.16 1626.08 0.000162721 5.52e-11 3.32705 0 0.000163615 1.54046e-11 5.13488e-11 0 0 0.0551509 0 738.466 402.147 0.0534431 0.0551509 1.7806 2584.2 546.899 0.0534431 2.05395e-11 9.69959 4.46342 0.0534431 3.33767e-11 6.29023e-11 0 0 0.0169727 0 679.705 1702.78 0.0168652 0.0169727 0 1378.41 397.252 0.0168652 3.2093e-11 0 0 0.0168652
