$ndistricts
3
$ngroups
90
$nstocks
5
$nagecomps
18
$AgeCompLabels
 0.1 0.2 0.3 0.4 0.5 1.1 1.2 1.3 1.4 1.5 2.1 2.2 2.3 2.4 3.1 3.2 3.3 3.4
$navailpar
15
$nselectpar
5
$GENdata
1
$maxGradient
0.000359426
#LIKELIHOOD_VALUES_AND_PENALTIES
$totalNLL
-166653
$NLLcatch
-131422
$NLLescape
-61054.9
$NLLagecompCatch
15262
$NLLagecompEsc
8251.13
$NLLgenetics
2311.09
$NLLselOne
4.21285e-14
$NLLavailOne
4.31695e-14
$NLLextra
4.79916e-10
#OBSERVED_AND_PREDICTED_VALUES
$predEsc
 3067.38 1770.32 1950.76 1467.82 1013.87
$obsEsc
 3068.23 1773.97 1953.23 1465.16 1003.16
$predCatch
 7150.54 7408.23 2429.6
$obsCatch
 7150.54 7408.23 2429.6
$RunSize
 7.28642e-11 7.03823 0 0 4.95477e-11 3.67885 2472.49 2077.97 2.01105e-10 4.95477e-11 2.27574 984.467 381.445 3.22351e-09 8.16079e-11 4.05417e-09 0 6.1206e-11 4.0804e-11 4.66331e-11 19.2038 0 6.26632e-11 3.78894e-11 1687.83 1218.4 24.4217 3.93467e-11 4.22613e-11 16.144 93.3575 13.5974 3.64321e-11 1.10754e-10 0 4.51758e-11 4.66331e-11 4.66331e-11 0 0 5.53768e-11 8.72969 1518.13 2567.85 80.6096 5.24622e-11 1.78692 477.604 410.55 1.2218 5.1005e-11 1.93216 0 5.24622e-11 4.37185e-11 6.1206e-11 0 0 6.70351e-11 19.0503 1266.78 845.587 21.0263 6.70351e-11 44.531 1724.47 4700 2.85231 3.93467e-11 19.766 7.27987 6.26632e-11 2.91457e-11 10.8156 0 0 4.66331e-11 10.9181 1976.83 1291.34 25.758 4.51758e-11 0.23248 155.537 62.3928 2.60932 2.91457e-11 3.64321e-11 0 3.78894e-11
$SSageCompEsc
 1514 1665 1545 1417 1314
$obsAgeCompEsc
0 0.00278211 0 0 0 0.00121059 0.51917 0.29613 0 0 0.00075186 0.125476 0.0544796 0 0 0 0 0 
0 0 0.00173211 0 0 0 0.617505 0.341506 0.00617054 0 0 0.00482611 0.026202 0.00205776 0 0 0 0 
0 0 0 0 0 0.004445 0.406647 0.427196 0.0123297 0 0.000910856 0.0800423 0.0684299 0 0 0 0 0 
0 0 4.57079e-05 0 0 0.0116858 0.293422 0.0669531 0.00297226 0 0.0285311 0.226839 0.36492 0 0 0.00277834 0.00185324 0 
0 0.00967721 0 0 0 0.0100521 0.685301 0.257668 0 0 0.000229047 0.0243368 0.0127364 0 0 0 0 0 
$predAgeCompEsc
2.30117e-14 0.00130833 0 0 -3.41974e-15 0.00116184 0.459609 0.299265 2.45022e-14 -3.41974e-15 0.000718715 0.183002 0.054935 3.92745e-13 2.57731e-14 7.53627e-13 0 7.45718e-15 
2.24381e-14 1.65432e-14 0.00556676 0 -3.17677e-15 2.08354e-14 0.598759 0.353188 0.00622914 -1.99472e-15 2.32394e-14 0.00572711 0.0270622 0.00346823 2.0034e-14 3.929e-14 0 1.15228e-14 
2.28841e-14 1.11499e-14 0 0 -4.23939e-15 0.00428389 0.362983 0.436321 0.0109541 -4.01626e-15 0.000876888 0.114194 0.0697592 0.000166032 2.50295e-14 0.000461976 0 7.12913e-15 
2.76704e-14 1.05991e-14 0 0 -1.45023e-14 0.0120574 0.219369 0.066614 0.000785204 -1.45023e-14 0.0281846 0.298628 0.370259 0.000106516 2.49033e-14 0.0034229 0.000573496 2.34009e-15 
2.72452e-14 0.00373518 0 0 -2.39631e-14 0.0102061 0.682703 0.235199 0.00259685 -2.32142e-14 0.000217321 0.0537151 0.0113639 0.000263064 2.72452e-14 1.25819e-14 0 3.81991e-15 
$SSageCompCatch
 5244 4047 2988
$obsAgeCompCatch
0 0 0.000557227 0.000478308 0 0 0.296117 0.464714 0.00940037 0 0 0.125153 0.101408 0.00157614 0 0.000457361 0.000138312 0 
0 0 0 0.00025803 0 0.000339978 0.129074 0.142709 0.00239212 0 0.000339978 0.191213 0.53084 0.000443262 0 0.00209452 0.000296655 0 
0 0 0.00344191 0.000165033 0 0.000310571 0.478137 0.374417 0.00967376 0 0 0.0693185 0.0634414 0.00109465 0 0 0 0 
$predAgeCompCatch
7.20705e-16 0.000387469 0.00122561 0 2.4693e-14 7.073e-05 0.332432 0.457904 0.00974827 2.11962e-14 3.20251e-05 0.0967615 0.100045 0.00111616 7.64711e-16 0.000229747 4.76491e-05 1.3645e-14 
4.52882e-16 0.000173581 1.77266e-05 0 1.4891e-14 0.00018651 0.161134 0.140917 0.00346295 1.46271e-14 0.000409614 0.16929 0.521338 0.000410175 4.15439e-16 0.00186177 0.00079953 8.83132e-15 
6.04787e-16 0.00246837 0.000186775 0 2.64807e-14 0.000215345 0.477126 0.391972 0.00834464 2.48276e-14 2.35876e-05 0.0515142 0.0669618 0.000977186 6.03413e-16 0.000138941 7.17224e-05 1.3136e-14 
$genSS
 1283 1176 372
$obsGenComp     #GeneticFracData
0.350453 0.20141 0.405841 0.041289 0.00100705 
0.030303 0.0030303 0.0222222 0.867677 0.0767677 
0.0223124 0.0010142 0.0020284 0.0659229 0.908722 
$predGenComp     #catchGenComp_pred
0.363125 0.171157 0.414309 0.0505917 0.000817479 
0.0263527 0.00238421 0.0202551 0.895886 0.055122 
0.028898 0.0251496 0.00208637 0.0760796 0.867786 
#PARAMETERS_OF_INTEREST
$catchByGroup
2.11137e-12 1.23356e-13 4.38985e-14 
2.75521 0.198587 0.0712841 
0 0 0 
0 0 0 
4.78916e-11 8.81203e-12 3.33366e-12 
0.106601 0.00622814 0.00221639 
967.887 69.7622 25.0417 
1047.97 82.3601 29.6757 
1.13201e-10 9.36508e-12 3.3822e-12 
4.78916e-11 8.81203e-12 3.33366e-12 
0.0659436 0.00385274 0.00137106 
385.382 27.7772 9.97081 
192.372 15.1186 5.44746 
1.81449e-09 1.50113e-10 5.42132e-11 
2.36474e-12 1.38159e-13 4.91663e-14 
1.58706e-09 1.1439e-10 4.10611e-11 
0 0 0 
3.44524e-11 2.85024e-12 1.02936e-12 
1.02872e-12 1.17291e-14 4.08617e-14 
1.63379e-11 2.25911e-13 7.82579e-13 
8.76375 0.131323 0.453788 
0 0 0 
5.93873e-11 2.04791e-12 6.8519e-12 
9.5524e-13 1.08913e-14 3.7943e-14 
591.328 8.17656 28.3245 
556.024 8.33188 28.791 
12.5183 0.196804 0.679027 
3.72897e-11 1.2859e-12 4.30235e-12 
1.06546e-12 1.2148e-14 4.23211e-14 
5.65603 0.0782085 0.270922 
42.6041 0.638412 2.20605 
6.96986 0.109575 0.378065 
9.185e-13 1.04724e-14 3.64837e-14 
3.88024e-11 5.36538e-13 1.85863e-12 
0 0 0 
2.31566e-11 3.64052e-13 1.25608e-12 
1.92317e-12 6.62765e-14 2.20728e-15 
2.3738e-11 1.10696e-12 3.72706e-14 
0 0 0 
0 0 0 
5.49508e-11 8.39392e-12 3.02122e-13 
0.360015 0.0124069 0.000413202 
772.787 36.037 1.21334 
1628.09 85.7057 2.89944 
55.9705 3.1629 0.107315 
5.20587e-11 7.95214e-12 2.86221e-13 
0.0736932 0.00253963 8.45802e-05 
243.119 11.3372 0.381716 
260.3 13.7027 0.463565 
0.848348 0.0479402 0.00162657 
2.10346e-12 7.24899e-14 2.41422e-15 
0.983541 0.045865 0.00154424 
0 0 0 
3.64267e-11 2.05847e-12 6.98424e-14 
8.77104e-14 2.97144e-12 4.43553e-14 
2.04146e-12 4.25665e-11 1.04051e-12 
0 0 0 
0 0 0 
1.38856e-11 6.70154e-11 7.42069e-12 
0.0382197 1.2948 0.0193278 
42.2522 881 21.5355 
39.5757 687.994 20.2406 
1.15546 18.1261 0.592191 
1.38856e-11 6.70154e-11 7.42069e-12 
0.0893404 3.02667 0.0451796 
57.518 1199.31 29.3164 
219.972 3824.05 112.503 
0.156744 2.45888 0.0803332 
7.89393e-14 2.6743e-12 3.99198e-14 
0.659276 13.7466 0.336027 
0.340717 5.92311 0.174257 
3.44355e-12 5.402e-11 1.76487e-12 
2.45963e-15 1.82247e-13 1.33807e-12 
0.0154073 1.08734 5.92586 
0 0 0 
0 0 0 
4.52647e-13 2.40467e-11 4.64291e-11 
0.000921385 0.0682704 0.501244 
2.81608 198.74 1083.11 
2.59856 179.556 870.727 
0.0611079 4.16848 18.8956 
4.38502e-13 2.32953e-11 4.49782e-11 
1.96192e-05 0.00145369 0.0106731 
0.22157 15.6369 85.219 
0.125553 8.67549 42.0703 
0.0061903 0.422271 1.91414 
2.45963e-15 1.82247e-13 1.33807e-12 
5.18991e-14 3.66268e-12 1.99612e-11 
0 0 0 
8.98882e-14 6.13172e-12 2.77949e-11 
$escByGroup
 5.00018e-07 4.01315 5e-07 5e-07 4.99997e-07 3.5638 1409.8 917.958 5.00019e-07 4.99997e-07 2.20457 561.337 168.506 5.00301e-07 5.0002e-07 5.00579e-07 5e-07 5.00006e-07 5.0001e-07 5.00007e-07 9.85496 5e-07 4.99999e-07 5.00009e-07 1060 625.257 11.0276 4.99999e-07 5.0001e-07 10.1388 47.9089 6.13988 5.00009e-07 5.00017e-07 5e-07 5.00005e-07 5.00011e-07 5.00005e-07 5e-07 5e-07 4.99998e-07 8.35685 708.094 851.159 21.3689 4.99998e-07 1.7106 222.767 136.084 0.323889 5.00012e-07 0.901206 5e-07 5.00003e-07 5.0001e-07 5.00004e-07 5e-07 5e-07 4.99995e-07 17.698 321.994 97.7771 1.15253 4.99995e-07 41.3698 438.331 543.471 0.156346 5.00009e-07 5.02418 0.841787 5.00001e-07 5.00007e-07 3.78697 5e-07 5e-07 4.99994e-07 10.3476 692.169 238.46 2.63286 4.99994e-07 0.220334 54.4599 11.5215 0.266712 5.00007e-07 5.00003e-07 5e-07 5.00001e-07
$catchByGroup
2.11137e-12 2.75521 0 0 4.78916e-11 0.106601 967.887 1047.97 1.13201e-10 4.78916e-11 0.0659436 385.382 192.372 1.81449e-09 2.36474e-12 1.58706e-09 0 3.44524e-11 1.02872e-12 1.63379e-11 8.76375 0 5.93873e-11 9.5524e-13 591.328 556.024 12.5183 3.72897e-11 1.06546e-12 5.65603 42.6041 6.96986 9.185e-13 3.88024e-11 0 2.31566e-11 1.92317e-12 2.3738e-11 0 0 5.49508e-11 0.360015 772.787 1628.09 55.9705 5.20587e-11 0.0736932 243.119 260.3 0.848348 2.10346e-12 0.983541 0 3.64267e-11 8.77104e-14 2.04146e-12 0 0 1.38856e-11 0.0382197 42.2522 39.5757 1.15546 1.38856e-11 0.0893404 57.518 219.972 0.156744 7.89393e-14 0.659276 0.340717 3.44355e-12 2.45963e-15 0.0154073 0 0 4.52647e-13 0.000921385 2.81608 2.59856 0.0611079 4.38502e-13 1.96192e-05 0.22157 0.125553 0.0061903 2.45963e-15 5.18991e-14 0 8.98882e-14 
1.23356e-13 0.198587 0 0 8.81203e-12 0.00622814 69.7622 82.3601 9.36508e-12 8.81203e-12 0.00385274 27.7772 15.1186 1.50113e-10 1.38159e-13 1.1439e-10 0 2.85024e-12 1.17291e-14 2.25911e-13 0.131323 0 2.04791e-12 1.08913e-14 8.17656 8.33188 0.196804 1.2859e-12 1.2148e-14 0.0782085 0.638412 0.109575 1.04724e-14 5.36538e-13 0 3.64052e-13 6.62765e-14 1.10696e-12 0 0 8.39392e-12 0.0124069 36.037 85.7057 3.1629 7.95214e-12 0.00253963 11.3372 13.7027 0.0479402 7.24899e-14 0.045865 0 2.05847e-12 2.97144e-12 4.25665e-11 0 0 6.70154e-11 1.2948 881 687.994 18.1261 6.70154e-11 3.02667 1199.31 3824.05 2.45888 2.6743e-12 13.7466 5.92311 5.402e-11 1.82247e-13 1.08734 0 0 2.40467e-11 0.0682704 198.74 179.556 4.16848 2.32953e-11 0.00145369 15.6369 8.67549 0.422271 1.82247e-13 3.66268e-12 0 6.13172e-12 
4.38985e-14 0.0712841 0 0 3.33366e-12 0.00221639 25.0417 29.6757 3.3822e-12 3.33366e-12 0.00137106 9.97081 5.44746 5.42132e-11 4.91663e-14 4.10611e-11 0 1.02936e-12 4.08617e-14 7.82579e-13 0.453788 0 6.8519e-12 3.7943e-14 28.3245 28.791 0.679027 4.30235e-12 4.23211e-14 0.270922 2.20605 0.378065 3.64837e-14 1.85863e-12 0 1.25608e-12 2.20728e-15 3.72706e-14 0 0 3.02122e-13 0.000413202 1.21334 2.89944 0.107315 2.86221e-13 8.45802e-05 0.381716 0.463565 0.00162657 2.41422e-15 0.00154424 0 6.98424e-14 4.43553e-14 1.04051e-12 0 0 7.42069e-12 0.0193278 21.5355 20.2406 0.592191 7.42069e-12 0.0451796 29.3164 112.503 0.0803332 3.99198e-14 0.336027 0.174257 1.76487e-12 1.33807e-12 5.92586 0 0 4.64291e-11 0.501244 1083.11 870.727 18.8956 4.49782e-11 0.0106731 85.219 42.0703 1.91414 1.33807e-12 1.99612e-11 0 2.77949e-11 
$Fmort
 0.735591 0.594014 0.368465
#ESTIMATED_PARAMETERS
$availability
1.4829 1.28771 2.12386 0.101277 0.00425602 
0.105815 0.0179538 0.0888187 4.39569 0.391722 
0.0606731 0.10087 0.00476545 0.102195 4.7315 
$selectivity
 0.0269571 0.45535 0.643412 0.758683 3.1156
$RunSize
 7.28642e-11 7.03823 0 0 4.95477e-11 3.67885 2472.49 2077.97 2.01105e-10 4.95477e-11 2.27574 984.467 381.445 3.22351e-09 8.16079e-11 4.05417e-09 0 6.1206e-11 4.0804e-11 4.66331e-11 19.2038 0 6.26632e-11 3.78894e-11 1687.83 1218.4 24.4217 3.93467e-11 4.22613e-11 16.144 93.3575 13.5974 3.64321e-11 1.10754e-10 0 4.51758e-11 4.66331e-11 4.66331e-11 0 0 5.53768e-11 8.72969 1518.13 2567.85 80.6096 5.24622e-11 1.78692 477.604 410.55 1.2218 5.1005e-11 1.93216 0 5.24622e-11 4.37185e-11 6.1206e-11 0 0 6.70351e-11 19.0503 1266.78 845.587 21.0263 6.70351e-11 44.531 1724.47 4700 2.85231 3.93467e-11 19.766 7.27987 6.26632e-11 2.91457e-11 10.8156 0 0 4.66331e-11 10.9181 1976.83 1291.34 25.758 4.51758e-11 0.23248 155.537 62.3928 2.60932 2.91457e-11 3.64321e-11 0 3.78894e-11
