$ndistricts
3
$ngroups
90
$nstocks
5
$nagecomps
18
$AgeCompLabels
 0.1 0.2 0.3 0.4 0.5 1.1 1.2 1.3 1.4 1.5 2.1 2.2 2.3 2.4 3.1 3.2 3.3 3.4
$navailpar
15
$nselectpar
5
$GENdata
-1
$maxGradient
8.56266e-05
#LIKELIHOOD_VALUES_AND_PENALTIES
$totalNLL
-113890
$NLLcatch
-40512.2
$NLLescape
-83120.1
$NLLagecompCatch
5730.29
$NLLagecompEsc
4011.59
$NLLgenetics
0
$NLLselOne
1.14683e-14
$NLLavailOne
2.2306e-05
$NLLextra
5.49919e-10
#OBSERVED_AND_PREDICTED_VALUES
$predEsc
 8255.68 180.742 1327.55 1168.65 171.073
$obsEsc
 8394.2 182.49 1331.2 1015.55 160.38
$predCatch
 4655.07 889.322 169.845
$obsCatch
 4655.07 889.322 169.845
$RunSize
 3.4222e-10 4.44068 0 3.91642e-10 0 2.69093 8788.18 227.666 6.42479e-10 3.36625e-10 449.268 2282.47 333.212 3.91642e-10 3.3849e-10 0 0 3.93507e-10 3.17043e-11 4.94214e-11 0 2.98394e-11 0 8.22006 96.5692 81.7213 3.26368e-11 3.35693e-11 0.447488 98.501 0.751809 3.07718e-11 3.26368e-11 0 0 3.17043e-11 9.13831e-11 1.89293e-10 0 9.13831e-11 0 11.0161 516.2 211.776 1.06303e-10 9.13831e-11 32.6159 1097.07 388.559 9.04506e-11 9.23155e-11 5.97935 0 9.23155e-11 4.94214e-11 4.8489e-11 0 5.12864e-11 0 0 19.4255 28.6782 0.016796 4.75565e-11 21.6614 1456.03 273.872 5.12864e-11 4.94214e-11 79.9344 14.2729 5.12864e-11 1.86496e-11 0.561021 0 2.05146e-11 0 0 61.3439 10.9041 1.92819 1.86496e-11 2.4296 195.724 13.7965 1.95821e-11 1.95821e-11 0 0 2.05146e-11
$SSageCompEsc
 1260 360 872 1155 471
$obsAgeCompEsc
0 0 0 0 0 0.00037044 0.763101 0.0164466 0 0 0.0402403 0.165312 0.0145302 0 0 0 0 0 
0 0 0 0 0 0.042474 0.35006 0.247558 0 0 0.00222777 0.355452 0.00222777 0 0 0 0 0 
0 0 0 0 0 0.00819535 0.257477 0.084908 0 0 0.0215464 0.49856 0.126977 0 0 0.00233652 0 0 
0 0 0 0 0 0 0.0186251 0.0196185 0 0 0.0223634 0.76252 0.127989 0 0 0.0414727 0.00741232 0 
0 0.000241546 0 0 0 0.000536033 0.151529 0.0160951 0.011078 0 0.0143861 0.730732 0.0754027 0 0 0 0 0 
$predAgeCompEsc
3.81239e-14 0.00036509 0 4.57979e-14 0 0.000299774 0.72252 0.0158763 7.51303e-14 3.6637e-14 0.0500492 0.187653 0.0232365 4.57979e-14 3.77084e-14 0 0 4.6016e-14 
1.60024e-13 1.78993e-13 0 1.58837e-13 0 0.0414899 0.349751 0.247475 1.73728e-13 1.65167e-13 0.00225865 0.356748 0.00227669 1.63801e-13 1.64731e-13 0 0 1.68765e-13 
6.19795e-14 8.73038e-14 0 6.58678e-14 0 0.00747157 0.238076 0.0788758 7.66217e-14 6.0191e-14 0.0221213 0.505979 0.144718 6.51956e-14 6.26119e-14 0.00275773 0 6.65399e-14 
3.84677e-14 2.63084e-14 0 4.218e-14 0 0 0.0105396 0.0126023 1.38137e-05 3.60419e-14 0.0168604 0.789992 0.12035 4.218e-14 3.84677e-14 0.0433697 0.00627207 4.218e-14 
9.82949e-14 0.00197754 0 1.14843e-13 0 0 0.216231 0.0301447 0.0107943 9.54587e-14 0.0128055 0.689906 0.0381411 1.09623e-13 1.0321e-13 0 0 1.14843e-13 
$SSageCompCatch
 2303 1901 1224
$obsAgeCompCatch
0 0.000521926 0 0 0 0 0.621062 0.0472649 0 0 0.012478 0.239533 0.077784 0 0 0.00135559 0 0 
0 0 0 0 0 0 0.0651044 0.0212559 0.000117354 0 0.000117354 0.690997 0.175478 0 0 0.0385785 0.00835072 0 
0 0.00185481 0 0 0 0 0.292982 0.0491915 0.000226853 0 0.00185481 0.595121 0.0569135 0 0 0.00185481 0 0 
$predAgeCompCatch
8.12397e-15 0.000293644 0 3.84415e-15 0 0.000413275 0.617046 0.0486271 1.91179e-06 1.01786e-14 0.00803958 0.253606 0.0706846 3.84243e-15 8.10081e-15 0.00112322 0.000165132 3.87997e-15 
6.6106e-15 0.000107008 0 2.99309e-15 0 0.000114198 0.198304 0.0305722 7.1426e-06 8.15387e-15 0.00405457 0.583425 0.149615 2.98839e-15 6.61132e-15 0.0274092 0.00639151 3.00169e-15 
1.15886e-14 0.00110236 0 5.43895e-15 0 5.31109e-05 0.232534 0.0400335 0.000394348 1.45796e-14 0.00313008 0.610822 0.0974769 5.24964e-15 1.20244e-14 0.0115665 0.00288644 5.44486e-15 
$genSS
 0 0 0
$obsGenComp     #GeneticFracData
-1 -1 -1 -1 -1 
-1 -1 -1 -1 -1 
-1 -1 -1 -1 -1 
$predGenComp     #catchGenComp_pred
0 0 0 0 0 
0 0 0 0 0 
0 0 0 0 0 
#PARAMETERS_OF_INTEREST
$catchByGroup
2.60009e-11 1.31872e-12 1.61944e-13 
1.33983 0.0772416 0.00954263 
0 0 0 
1.28336e-11 6.37038e-13 7.81546e-14 
0 0 0 
0.204449 0.0103692 0.00127339 
2651.54 152.862 18.885 
90.3527 5.55544 0.688484 
2.10533e-11 1.04505e-12 1.28211e-13 
3.23029e-11 1.65519e-12 2.03361e-13 
34.1341 1.73122 0.212601 
688.66 39.7015 4.90484 
132.24 8.13095 1.00767 
1.28336e-11 6.37038e-13 7.81546e-14 
2.57175e-11 1.30434e-12 1.60179e-13 
0 0 0 
0 0 0 
1.28947e-11 6.40071e-13 7.85268e-14 
2.67127e-12 8.70789e-14 2.28394e-14 
1.62943e-11 6.13929e-13 1.61603e-13 
0 0 0 
1.08711e-12 3.4584e-14 9.06551e-15 
0 0 0 
0.692586 0.0225772 0.00592163 
31.839 1.19961 0.315772 
35.1904 1.42561 0.375965 
1.18903e-12 3.78263e-14 9.91541e-15 
3.56804e-12 1.17668e-13 3.08712e-14 
0.0377034 0.00122907 0.000322365 
32.4759 1.22361 0.322089 
0.323741 0.0131152 0.00345876 
1.12108e-12 3.56648e-14 9.34881e-15 
2.74983e-12 8.964e-14 2.35111e-14 
0 0 0 
0 0 0 
1.15505e-12 3.67455e-14 9.63211e-15 
8.51762e-12 5.69165e-13 1.5144e-14 
6.79509e-11 5.29951e-12 1.4253e-13 
0 0 0 
3.69326e-12 2.40419e-13 6.38569e-15 
0 0 0 
1.02679 0.0686123 0.00182559 
185.301 14.4517 0.388677 
98.5408 8.29936 0.224465 
4.29624e-12 2.79671e-13 7.42825e-15 
1.07309e-11 7.26026e-13 1.93339e-14 
3.04005 0.203143 0.0054051 
393.817 30.7139 0.826048 
180.799 15.2273 0.411839 
3.65557e-12 2.37966e-13 6.32053e-15 
8.60453e-12 5.74973e-13 1.52985e-14 
2.14641 0.167399 0.00450219 
0 0 0 
3.73095e-12 2.42872e-13 6.45085e-15 
4.25755e-13 3.77124e-12 2.69221e-13 
1.86972e-12 1.46849e-11 1.18896e-12 
0 0 0 
1.86758e-13 1.68808e-12 1.17985e-13 
0 0 0 
0 0 0 
0.749041 5.88303 0.476316 
1.54453 11.4209 0.98504 
6.1162e-05 0.000552835 3.86395e-05 
5.22425e-13 4.58321e-12 3.30495e-13 
0.186608 1.65293 0.118 
56.1441 440.961 35.7021 
14.7501 109.068 9.40698 
1.86758e-13 1.68808e-12 1.17985e-13 
4.25755e-13 3.77124e-12 2.69221e-13 
3.08225 24.2082 1.96 
0.768703 5.68411 0.490247 
1.86758e-13 1.68808e-12 1.17985e-13 
2.02106e-13 1.32754e-13 1.49912e-12 
0.0271061 0.0179225 0.177688 
0 0 0 
9.40341e-14 6.16998e-14 7.12187e-13 
0 0 0 
0 0 0 
2.96387 1.95971 19.429 
0.734346 0.487214 4.52554 
0.00883837 0.00579924 0.0669393 
2.57641e-13 1.6932e-13 1.89221e-12 
0.0263296 0.0172947 0.195299 
9.45652 6.25265 61.9901 
0.929144 0.616456 5.72601 
8.97598e-14 5.88953e-14 6.79815e-13 
2.12212e-13 1.39392e-13 1.57407e-12 
0 0 0 
0 0 0 
9.40341e-14 6.16998e-14 7.12187e-13 
$escByGroup
 5.00079e-07 3.01407 5e-07 5.00095e-07 5e-07 2.47484 5964.89 131.069 5.00155e-07 5.00076e-07 413.19 1549.21 191.833 5.00095e-07 5.00078e-07 5e-07 5e-07 5.00095e-07 5.00007e-07 5.00008e-07 5e-07 5.00007e-07 5e-07 7.49898 63.2148 44.7293 5.00008e-07 5.00007e-07 0.408233 64.4794 0.411495 5.00007e-07 5.00007e-07 5e-07 5e-07 5.00008e-07 5.00021e-07 5.00029e-07 5e-07 5.00022e-07 5e-07 9.9189 316.059 104.712 5.00025e-07 5.0002e-07 29.3672 671.715 192.121 5.00022e-07 5.00021e-07 3.66103 5e-07 5.00022e-07 5.00011e-07 5.00008e-07 5e-07 5.00012e-07 5e-07 5e-07 12.3171 14.7277 0.0161433 5.00011e-07 19.7039 923.224 140.647 5.00012e-07 5.00011e-07 50.6839 7.32985 5.00012e-07 5.00004e-07 0.338304 5e-07 5.00005e-07 5e-07 5e-07 36.9913 5.15696 1.84661 5.00004e-07 2.19067 118.024 6.52493 5.00005e-07 5.00004e-07 5e-07 5e-07 5.00005e-07
$catchByGroup
2.60009e-11 1.33983 0 1.28336e-11 0 0.204449 2651.54 90.3527 2.10533e-11 3.23029e-11 34.1341 688.66 132.24 1.28336e-11 2.57175e-11 0 0 1.28947e-11 2.67127e-12 1.62943e-11 0 1.08711e-12 0 0.692586 31.839 35.1904 1.18903e-12 3.56804e-12 0.0377034 32.4759 0.323741 1.12108e-12 2.74983e-12 0 0 1.15505e-12 8.51762e-12 6.79509e-11 0 3.69326e-12 0 1.02679 185.301 98.5408 4.29624e-12 1.07309e-11 3.04005 393.817 180.799 3.65557e-12 8.60453e-12 2.14641 0 3.73095e-12 4.25755e-13 1.86972e-12 0 1.86758e-13 0 0 0.749041 1.54453 6.1162e-05 5.22425e-13 0.186608 56.1441 14.7501 1.86758e-13 4.25755e-13 3.08225 0.768703 1.86758e-13 2.02106e-13 0.0271061 0 9.40341e-14 0 0 2.96387 0.734346 0.00883837 2.57641e-13 0.0263296 9.45652 0.929144 8.97598e-14 2.12212e-13 0 0 9.40341e-14 
1.31872e-12 0.0772416 0 6.37038e-13 0 0.0103692 152.862 5.55544 1.04505e-12 1.65519e-12 1.73122 39.7015 8.13095 6.37038e-13 1.30434e-12 0 0 6.40071e-13 8.70789e-14 6.13929e-13 0 3.4584e-14 0 0.0225772 1.19961 1.42561 3.78263e-14 1.17668e-13 0.00122907 1.22361 0.0131152 3.56648e-14 8.964e-14 0 0 3.67455e-14 5.69165e-13 5.29951e-12 0 2.40419e-13 0 0.0686123 14.4517 8.29936 2.79671e-13 7.26026e-13 0.203143 30.7139 15.2273 2.37966e-13 5.74973e-13 0.167399 0 2.42872e-13 3.77124e-12 1.46849e-11 0 1.68808e-12 0 0 5.88303 11.4209 0.000552835 4.58321e-12 1.65293 440.961 109.068 1.68808e-12 3.77124e-12 24.2082 5.68411 1.68808e-12 1.32754e-13 0.0179225 0 6.16998e-14 0 0 1.95971 0.487214 0.00579924 1.6932e-13 0.0172947 6.25265 0.616456 5.88953e-14 1.39392e-13 0 0 6.16998e-14 
1.61944e-13 0.00954263 0 7.81546e-14 0 0.00127339 18.885 0.688484 1.28211e-13 2.03361e-13 0.212601 4.90484 1.00767 7.81546e-14 1.60179e-13 0 0 7.85268e-14 2.28394e-14 1.61603e-13 0 9.06551e-15 0 0.00592163 0.315772 0.375965 9.91541e-15 3.08712e-14 0.000322365 0.322089 0.00345876 9.34881e-15 2.35111e-14 0 0 9.63211e-15 1.5144e-14 1.4253e-13 0 6.38569e-15 0 0.00182559 0.388677 0.224465 7.42825e-15 1.93339e-14 0.0054051 0.826048 0.411839 6.32053e-15 1.52985e-14 0.00450219 0 6.45085e-15 2.69221e-13 1.18896e-12 0 1.17985e-13 0 0 0.476316 0.98504 3.86395e-05 3.30495e-13 0.118 35.7021 9.40698 1.17985e-13 2.69221e-13 1.96 0.490247 1.17985e-13 1.49912e-12 0.177688 0 7.12187e-13 0 0 19.429 4.52554 0.0669393 1.89221e-12 0.195299 61.9901 5.72601 6.79815e-13 1.57407e-12 0 0 7.12187e-13 
$Fmort
 0.155201 0.0542289 0.0494422
#ESTIMATED_PARAMETERS
$availability
1.38912 1.54733 1.72003 0.152101 0.191551 
0.194249 0.138378 0.314342 3.99361 0.359421 
0.0261198 0.0397677 0.00914573 0.301431 4.62427 
$selectivity
 0.366518 1.66578 2.34523 0.15454 0.467933
$RunSize
 3.4222e-10 4.44068 0 3.91642e-10 0 2.69093 8788.18 227.666 6.42479e-10 3.36625e-10 449.268 2282.47 333.212 3.91642e-10 3.3849e-10 0 0 3.93507e-10 3.17043e-11 4.94214e-11 0 2.98394e-11 0 8.22006 96.5692 81.7213 3.26368e-11 3.35693e-11 0.447488 98.501 0.751809 3.07718e-11 3.26368e-11 0 0 3.17043e-11 9.13831e-11 1.89293e-10 0 9.13831e-11 0 11.0161 516.2 211.776 1.06303e-10 9.13831e-11 32.6159 1097.07 388.559 9.04506e-11 9.23155e-11 5.97935 0 9.23155e-11 4.94214e-11 4.8489e-11 0 5.12864e-11 0 0 19.4255 28.6782 0.016796 4.75565e-11 21.6614 1456.03 273.872 5.12864e-11 4.94214e-11 79.9344 14.2729 5.12864e-11 1.86496e-11 0.561021 0 2.05146e-11 0 0 61.3439 10.9041 1.92819 1.86496e-11 2.4296 195.724 13.7965 1.95821e-11 1.95821e-11 0 0 2.05146e-11
