$ndistricts
3
$ngroups
90
$nstocks
5
$nagecomps
18
$AgeCompLabels
 0.1 0.2 0.3 0.4 0.5 1.1 1.2 1.3 1.4 1.5 2.1 2.2 2.3 2.4 3.1 3.2 3.3 3.4
$navailpar
15
$nselectpar
5
$GENdata
-1
$maxGradient
0.000111274
#LIKELIHOOD_VALUES_AND_PENALTIES
$totalNLL
-78262.5
$NLLcatch
-50576.1
$NLLescape
-60716.9
$NLLagecompCatch
25885.7
$NLLagecompEsc
7144.82
$NLLgenetics
0
$NLLselOne
3.73137e-14
$NLLavailOne
2.2306e-05
$NLLextra
0.00702277
#OBSERVED_AND_PREDICTED_VALUES
$predEsc
 1628.82 3639.75 1823.28 1294.31 731.932
$obsEsc
 1686.8 3676.15 1831.17 1152.12 790.202
$predCatch
 3348.45 2291.5 1748.93
$obsCatch
 3348.45 2291.5 1748.93
$RunSize
 1.16502e-10 6.97179e-11 0 0 0 0 1087.38 447.391 1.39436e-10 3.94456e-11 48.5962 457.608 192.137 3.98126e-10 1.20172e-10 1.33014e-10 0 5.50404e-11 2.1374e-10 8.3478e-11 0 0 0 2.24567 744.365 2761.8 30.9349 3.85283e-11 2.63277e-10 455.541 1517.55 0.533859 2.09154e-10 2.08236e-10 0 5.87098e-11 7.70566e-11 5.1371e-11 0 0 0 2.91032 428.975 1132.31 6.92023 3.21069e-11 6.47782 362.531 1034.45 3.00466 7.33872e-11 8.71473e-11 0 4.21976e-11 4.5867e-11 3.21069e-11 0 0 0 0.61473 133.409 46.7444 2.77037e-10 2.75202e-11 181.423 607.203 2068.93 3.93004 0.0770063 306.587 8.81818 2.66029e-11 3.02722e-11 2.01815e-11 0 0 0 2.30307 1012.34 267.725 13.5337 0.128572 21.5803 671.037 435.088 0.290278 3.02722e-11 1.53589 0 1.83468e-11
$SSageCompEsc
 754 719 1403 1361 1338
$obsAgeCompEsc
0 0 0 0 0 0 0.556576 0.193287 0 0 0.0293028 0.165296 0.0555391 0 0 0 0 0 
0 0 0 0 0 0.000517204 0.211433 0.61498 0.0130887 0 0 0.0552419 0.104739 0 0 0 0 0 
0 0 0 0 0 0.00145949 0.18735 0.409048 0.00300446 0 0.00358951 0.121373 0.273593 0.000582612 0 0 0 0 
0 0 0 0 0 0.000409714 0.0792896 0.0234694 0 0 0.133921 0.155794 0.538665 0.000199072 7.45655e-05 0.0654868 0.00268997 0 
0 0 0 0 0 0.00227804 0.678804 0.0845323 0.000724781 0 0.0261921 0.141641 0.0658274 0 0 0 0 0 
$predAgeCompEsc
6.82631e-14 3.21759e-14 0 0 0 0 0.501843 0.18083 5.20739e-14 8.29469e-15 0.0284744 0.211193 0.0776594 1.48685e-13 7.04132e-14 6.13882e-14 0 2.05555e-14 
5.58445e-14 1.68869e-14 0 0 0 0.000586732 0.150579 0.485067 0.00499575 3.40107e-15 6.8787e-14 0.092152 0.266534 8.62143e-05 5.46461e-14 4.21244e-14 0 9.4812e-15 
3.98361e-14 1.95331e-14 0 0 0 0.00150455 0.163112 0.361282 0.00198458 3.8988e-15 0.00334885 0.137847 0.330058 0.000861675 3.79391e-14 3.31366e-14 0 1.21014e-14 
3.14979e-14 1.1524e-14 0 0 0 0.000422149 0.0478842 0.0109658 4.82251e-14 -2.42703e-15 0.124587 0.217941 0.485351 0.00068412 5.2882e-05 0.110042 0.00206866 4.63089e-15 
3.53125e-14 9.57573e-15 0 0 0 0.00268652 0.480337 0.0650733 0.00185116 -3.62049e-05 0.0251734 0.318394 0.105752 3.97048e-05 3.53125e-14 0.000728752 0 2.50951e-15 
$SSageCompCatch
 7313 5619 6440
$obsAgeCompCatch
0 0 0 0 0 8.23783e-05 0.148505 0.410104 0.00329201 0 0.000419354 0.107935 0.327566 0.000526202 0 0.00157031 0 0 
0 0 0 0 0 7.30611e-05 0.063537 0.0772137 0.00128944 0 0.00943491 0.177631 0.593864 0.00136812 0 0.0734217 0.00216756 0 
0 0 0 0 0 0.000235817 0.295992 0.124879 0.00633453 7.63367e-05 0.0018969 0.272973 0.284154 0.000347131 0 0.0126139 0.000498118 0 
$predAgeCompCatch
5.45298e-15 1.4747e-14 0 0 0 7.70169e-05 0.166011 0.425897 0.00441302 3.99147e-06 0.000949763 0.100597 0.299081 0.000469945 1.02137e-07 0.00240202 9.8166e-05 1.75481e-14 
2.93011e-15 9.5634e-15 0 0 0 4.91288e-05 0.0795579 0.0978994 0.00123142 9.28737e-06 0.00794125 0.153941 0.594808 0.0012243 3.27944e-06 0.0610887 0.00224622 1.168e-14 
2.72766e-15 8.09059e-15 0 0 0 0.000178285 0.338411 0.128615 0.00608 6.88557e-05 0.002593 0.239262 0.274283 0.00033184 4.02518e-07 0.0097964 0.000380106 9.9995e-15 
$genSS
 0 0 0
$obsGenComp     #GeneticFracData
-1 -1 -1 -1 -1 
-1 -1 -1 -1 -1 
-1 -1 -1 -1 -1 
$predGenComp     #catchGenComp_pred
0 0 0 0 0 
0 0 0 0 0 
0 0 0 0 0 
#PARAMETERS_OF_INTEREST
$catchByGroup
4.64098e-12 5.80421e-13 9.26765e-14 
1.49446e-11 2.03619e-12 3.28495e-13 
0 0 0 
0 0 0 
0 0 0 
0 0 0 
233.089 31.7583 5.12351 
131.154 18.6698 3.02834 
4.66943e-11 6.81389e-12 1.10869e-12 
2.16502e-11 3.67501e-12 6.09899e-13 
1.93588 0.242109 0.0386579 
98.092 13.365 2.15615 
56.3256 8.01796 1.30055 
1.33324e-10 1.94554e-11 3.16561e-12 
4.78715e-12 5.98702e-13 9.55954e-14 
2.85127e-11 3.88484e-12 6.26735e-13 
0 0 0 
1.8432e-11 2.68969e-12 4.37643e-13 
9.46251e-12 7.59128e-13 2.58816e-13 
1.96717e-11 1.74421e-12 5.98111e-13 
0 0 0 
0 0 0 
0 0 0 
0.0994182 0.00797581 0.00271926 
175.41 15.5529 5.33329 
885.264 82.6037 28.4119 
11.2932 1.08464 0.373716 
2.26531e-11 2.59281e-12 9.03309e-13 
1.16555e-11 9.35063e-13 3.18799e-13 
107.349 9.51818 3.2639 
486.433 45.3889 15.6117 
0.194893 0.0187181 0.00644941 
9.25945e-12 7.42838e-13 2.53262e-13 
4.90711e-11 4.35094e-12 1.49199e-12 
0 0 0 
2.14329e-11 2.05848e-12 7.09257e-13 
3.78264e-12 6.20289e-13 2.14687e-14 
1.32659e-11 2.40594e-12 8.48825e-14 
0 0 0 
0 0 0 
0 0 0 
0.142865 0.0234275 0.000810844 
110.777 20.0909 0.708813 
395.429 75.4734 2.6896 
2.74354 0.538932 0.0193167 
2.01241e-11 4.69953e-12 1.74703e-13 
0.317991 0.0521451 0.00180478 
93.6188 16.979 0.599024 
361.254 68.9506 2.45715 
1.1912 0.233996 0.008387 
3.60251e-12 5.90751e-13 2.04464e-14 
2.25046e-11 4.08151e-12 1.43997e-13 
0 0 0 
1.67294e-11 3.28626e-12 1.17788e-13 
2.03704e-13 4.47605e-12 4.19308e-13 
8.37034e-13 1.46511e-11 1.70312e-12 
0 0 0 
0 0 0 
0 0 0 
0.00273013 0.05999 0.00561975 
3.47801 60.8778 7.07672 
1.74243 27.285 3.52394 
1.20978e-11 1.78139e-10 2.43822e-11 
2.29699e-12 2.38351e-11 4.52942e-12 
0.805735 17.7046 1.65854 
15.8299 277.081 32.2092 
77.121 1207.65 155.972 
0.171619 2.52707 0.345885 
0.000342 0.00751485 0.000703977 
7.9928 139.903 16.263 
0.328704 5.14722 0.664781 
1.16171e-12 1.7106e-11 2.34134e-12 
1.69218e-13 2.7847e-13 3.97824e-12 
6.60343e-13 1.07706e-12 1.14353e-11 
0 0 0 
0 0 0 
0 0 0 
0.0128738 0.0211856 0.302659 
33.1241 54.0273 573.616 
12.5067 20.3047 187.285 
0.740018 1.19823 10.2405 
0.0133653 0.021282 0.120424 
0.120631 0.198514 2.83598 
21.9565 35.8123 380.225 
20.325 32.9978 304.362 
0.0158724 0.0257004 0.219644 
1.69218e-13 2.7847e-13 3.97824e-12 
0.0502548 0.0819686 0.870274 
0 0 0 
1.0032e-12 1.62438e-12 1.38824e-11 
$escByGroup
 5.00028e-07 5.00013e-07 5e-07 5e-07 5e-07 5e-07 817.41 294.539 5.00021e-07 5.00003e-07 46.3796 343.995 126.493 5.00061e-07 5.00029e-07 5.00025e-07 5e-07 5.00008e-07 5.00051e-07 5.00015e-07 5e-07 5e-07 5e-07 2.13556 548.068 1765.52 18.1833 5.00003e-07 5.00063e-07 335.41 970.115 0.313798 5.0005e-07 5.00038e-07 5e-07 5.00009e-07 5.00018e-07 5.00009e-07 5e-07 5e-07 5e-07 2.74322 297.398 658.718 3.61844 5.00002e-07 6.10588 251.334 601.788 1.57107 5.00017e-07 5.00015e-07 5e-07 5.00006e-07 5.0001e-07 5.00004e-07 5e-07 5e-07 5e-07 0.54639 61.9768 14.193 5.00016e-07 4.99999e-07 161.254 282.083 628.193 0.885461 0.0684454 142.428 2.67747 5.00001e-07 5.00006e-07 5.00002e-07 5e-07 5e-07 5e-07 1.96635 351.574 47.6292 1.35492 3.77337e-11 18.4252 233.043 77.4036 0.0290612 5.00006e-07 0.533397 5e-07 5e-07
$catchByGroup
4.64098e-12 1.49446e-11 0 0 0 0 233.089 131.154 4.66943e-11 2.16502e-11 1.93588 98.092 56.3256 1.33324e-10 4.78715e-12 2.85127e-11 0 1.8432e-11 9.46251e-12 1.96717e-11 0 0 0 0.0994182 175.41 885.264 11.2932 2.26531e-11 1.16555e-11 107.349 486.433 0.194893 9.25945e-12 4.90711e-11 0 2.14329e-11 3.78264e-12 1.32659e-11 0 0 0 0.142865 110.777 395.429 2.74354 2.01241e-11 0.317991 93.6188 361.254 1.1912 3.60251e-12 2.25046e-11 0 1.67294e-11 2.03704e-13 8.37034e-13 0 0 0 0.00273013 3.47801 1.74243 1.20978e-11 2.29699e-12 0.805735 15.8299 77.121 0.171619 0.000342 7.9928 0.328704 1.16171e-12 1.69218e-13 6.60343e-13 0 0 0 0.0128738 33.1241 12.5067 0.740018 0.0133653 0.120631 21.9565 20.325 0.0158724 1.69218e-13 0.0502548 0 1.0032e-12 
5.80421e-13 2.03619e-12 0 0 0 0 31.7583 18.6698 6.81389e-12 3.67501e-12 0.242109 13.365 8.01796 1.94554e-11 5.98702e-13 3.88484e-12 0 2.68969e-12 7.59128e-13 1.74421e-12 0 0 0 0.00797581 15.5529 82.6037 1.08464 2.59281e-12 9.35063e-13 9.51818 45.3889 0.0187181 7.42838e-13 4.35094e-12 0 2.05848e-12 6.20289e-13 2.40594e-12 0 0 0 0.0234275 20.0909 75.4734 0.538932 4.69953e-12 0.0521451 16.979 68.9506 0.233996 5.90751e-13 4.08151e-12 0 3.28626e-12 4.47605e-12 1.46511e-11 0 0 0 0.05999 60.8778 27.285 1.78139e-10 2.38351e-11 17.7046 277.081 1207.65 2.52707 0.00751485 139.903 5.14722 1.7106e-11 2.7847e-13 1.07706e-12 0 0 0 0.0211856 54.0273 20.3047 1.19823 0.021282 0.198514 35.8123 32.9978 0.0257004 2.7847e-13 0.0819686 0 1.62438e-12 
9.26765e-14 3.28495e-13 0 0 0 0 5.12351 3.02834 1.10869e-12 6.09899e-13 0.0386579 2.15615 1.30055 3.16561e-12 9.55954e-14 6.26735e-13 0 4.37643e-13 2.58816e-13 5.98111e-13 0 0 0 0.00271926 5.33329 28.4119 0.373716 9.03309e-13 3.18799e-13 3.2639 15.6117 0.00644941 2.53262e-13 1.49199e-12 0 7.09257e-13 2.14687e-14 8.48825e-14 0 0 0 0.000810844 0.708813 2.6896 0.0193167 1.74703e-13 0.00180478 0.599024 2.45715 0.008387 2.04464e-14 1.43997e-13 0 1.17788e-13 4.19308e-13 1.70312e-12 0 0 0 0.00561975 7.07672 3.52394 2.43822e-11 4.52942e-12 1.65854 32.2092 155.972 0.345885 0.000703977 16.263 0.664781 2.34134e-12 3.97824e-12 1.14353e-11 0 0 0 0.302659 573.616 187.285 10.2405 0.120424 2.83598 380.225 304.362 0.219644 3.97824e-12 0.870274 0 1.38824e-11 
$Fmort
 0.263853 0.231827 0.274705
#ESTIMATED_PARAMETERS
$availability
1.38912 1.54733 1.72003 0.152101 0.191551 
0.194249 0.138378 0.314342 3.99361 0.359421 
0.0261198 0.0397677 0.00914573 0.301431 4.62427 
$selectivity
 0.11091 0.658224 0.946574 1.11259 2.17171
$RunSize
 1.16502e-10 6.97179e-11 0 0 0 0 1087.38 447.391 1.39436e-10 3.94456e-11 48.5962 457.608 192.137 3.98126e-10 1.20172e-10 1.33014e-10 0 5.50404e-11 2.1374e-10 8.3478e-11 0 0 0 2.24567 744.365 2761.8 30.9349 3.85283e-11 2.63277e-10 455.541 1517.55 0.533859 2.09154e-10 2.08236e-10 0 5.87098e-11 7.70566e-11 5.1371e-11 0 0 0 2.91032 428.975 1132.31 6.92023 3.21069e-11 6.47782 362.531 1034.45 3.00466 7.33872e-11 8.71473e-11 0 4.21976e-11 4.5867e-11 3.21069e-11 0 0 0 0.61473 133.409 46.7444 2.77037e-10 2.75202e-11 181.423 607.203 2068.93 3.93004 0.0770063 306.587 8.81818 2.66029e-11 3.02722e-11 2.01815e-11 0 0 0 2.30307 1012.34 267.725 13.5337 0.128572 21.5803 671.037 435.088 0.290278 3.02722e-11 1.53589 0 1.83468e-11
