$ndistricts
3
$ngroups
90
$nstocks
5
$nagecomps
18
$AgeCompLabels
 0.1 0.2 0.3 0.4 0.5 1.1 1.2 1.3 1.4 1.5 2.1 2.2 2.3 2.4 3.1 3.2 3.3 3.4
$navailpar
15
$nselectpar
5
$GENdata
-1
$maxGradient
0.000457595
#LIKELIHOOD_VALUES_AND_PENALTIES
$totalNLL
-291450
$NLLcatch
-165923
$NLLescape
-133349
$NLLagecompCatch
3324.23
$NLLagecompEsc
4498.15
$NLLgenetics
0
$NLLselOne
9.5203e-10
$NLLavailOne
2.2306e-05
$NLLextra
6.29973e-10
#OBSERVED_AND_PREDICTED_VALUES
$predEsc
 13961 170.337 715.152 935.695 723.321
$obsEsc
 13935.3 177.06 732.502 919.734 735.024
$predCatch
 17803.8 1403.51 171.541
$obsCatch
 17803.8 1403.51 171.541
$RunSize
 1.47383e-10 1.41408e-10 0 0 1.55349e-10 0 405.427 261.743 3.47196 1.43399e-10 14.3951 29403 382.301 1.19499e-10 1.43399e-10 0 0 1.23483e-10 7.96662e-12 1.59332e-11 0 0 5.97497e-12 4.9548 282.033 73.2812 7.96662e-12 7.96662e-12 0 27.1623 58.8254 5.97497e-12 5.97497e-12 0 0 7.96662e-12 1.39416e-11 2.98748e-11 0 0 1.39416e-11 0 813.687 443.987 1.59332e-11 1.19499e-11 1.74107 767.551 220.684 1.39416e-11 1.59332e-11 4.7096 0 1.39416e-11 1.99166e-11 2.19082e-11 0 0 2.19082e-11 0 131.566 8.93205 1.99166e-11 1.99166e-11 0 1317.54 189.662 1.79249e-11 1.79249e-11 68.7618 9.5928 1.99166e-11 1.79249e-11 1.79249e-11 0 0 1.79249e-11 0 729.257 42.0868 1.79249e-11 1.59332e-11 0 205.26 12.7565 1.59332e-11 1.79249e-11 0 0 1.79249e-11
$SSageCompEsc
 2849 648 1443 1329 1160
$obsAgeCompEsc
0 0 0 0 0 0 0.0150719 0.00566992 0.000250926 0 0.00104037 0.965337 0.0126299 0 0 0 0 0 
0 0 0 0 0 0.0287746 0.709264 0.106043 0 0 0 0.0675734 0.0883449 0 0 0 0 0 
0 0 0 0 0 0 0.423496 0.114962 0 0 0.00240421 0.394894 0.0623582 0 0 0.00188622 0 0 
0 0 0 0 0 0 0.0657709 0.0034002 0 0 0.000100747 0.827259 0.0687585 0 0 0.0341347 0.000576019 0 
0 0 0 0 0 0 0.777281 0.0175373 0 0 0 0.198475 0.00670654 0 0 0 0 0 
$predAgeCompEsc
1.05526e-14 4.6769e-15 0 0 1.11219e-14 0 0.0134091 0.00521805 0.000248593 1.02664e-14 0.00103069 0.972472 0.00762147 8.55618e-15 1.02674e-14 0 0 8.84138e-15 
4.67497e-14 4.0112e-14 0 0 3.50583e-14 0.0290757 0.710018 0.106796 4.67496e-14 4.67444e-14 0 0.0683812 0.0857289 3.50622e-14 3.50622e-14 0 0 4.67496e-14 
1.94851e-14 1.55744e-14 0 0 1.94826e-14 0 0.424191 0.114078 2.22687e-14 1.66994e-14 0.00243336 0.40014 0.0567024 1.94851e-14 2.22687e-14 0.00245521 0 1.94851e-14 
2.12796e-14 1.32462e-14 0 0 2.34059e-14 0 0.0795478 0.00352932 2.12796e-14 2.12781e-14 0 0.796616 0.0749413 1.91516e-14 1.91516e-14 0.0415749 0.0037904 2.12796e-14 
2.47778e-14 1.83147e-14 0 0 2.47769e-14 0 0.745113 0.0346585 2.47778e-14 2.20239e-14 0 0.209723 0.010505 2.20247e-14 2.47778e-14 0 0 2.47778e-14 
$SSageCompCatch
 2901 1646 551
$obsAgeCompCatch
0 0 0 0 0 0 0.0397036 0.0303666 0 0 0 0.910563 0.0175837 0 0 0.00115546 0.000627604 0 
0 0 0.000143919 0 0 0 0.111841 0.028734 0 0 0 0.738875 0.0909772 0 0 0.0241145 0.00531357 0 
0 0 0.000767918 0 0 0 0.452748 0.0916779 0 0 0 0.402052 0.0527535 0 0 0 0 0 
$predAgeCompCatch
3.78665e-18 5.78841e-15 0 0 4.9419e-18 1.17294e-07 0.052174 0.0325427 7.38124e-08 4.60132e-18 3.51753e-07 0.886759 0.0280063 3.13743e-18 3.70262e-18 0.000452728 6.44511e-05 3.27975e-18 
4.78201e-18 8.88379e-15 0 0 6.5028e-18 2.73029e-08 0.0805593 0.0289379 2.68649e-08 5.93251e-18 1.33143e-07 0.784071 0.0858357 4.21149e-18 4.44846e-18 0.017202 0.00339367 4.5986e-18 
8.34598e-18 1.5261e-14 0 0 1.06222e-17 1.76478e-08 0.554457 0.0526786 8.1249e-09 9.48423e-18 3.51022e-08 0.354345 0.0341695 7.39738e-18 8.27743e-18 0.00355961 0.000790576 8.2927e-18 
$genSS
 0 0 0
$obsGenComp     #GeneticFracData
-1 -1 -1 -1 -1 
-1 -1 -1 -1 -1 
-1 -1 -1 -1 -1 
$predGenComp     #catchGenComp_pred
0 0 0 0 0 
0 0 0 0 0 
0 0 0 0 0 
#PARAMETERS_OF_INTEREST
$catchByGroup
5.57669e-14 1.60005e-15 5.91453e-17 
7.30842e-11 2.9201e-12 1.09028e-13 
0 0 0 
0 0 0 
7.4229e-14 2.12987e-15 7.87297e-17 
0 0 0 
209.538 8.37218 0.312591 
179.979 8.59215 0.322734 
0.00131414 3.77052e-05 1.39375e-06 
6.8519e-14 1.96603e-15 7.26736e-17 
0.00544685 0.00015628 5.77683e-06 
15196.5 607.18 22.6702 
262.876 12.5497 0.471384 
4.52307e-14 1.29775e-15 4.79709e-17 
5.42596e-14 1.55681e-15 5.75467e-17 
0 0 0 
0 0 0 
4.67384e-14 1.34101e-15 4.95699e-17 
3.35767e-15 6.16129e-17 4.86752e-18 
8.8469e-12 2.35092e-13 1.87e-14 
0 0 0 
0 0 0 
3.18003e-15 5.83564e-17 4.61026e-18 
0.00208828 3.83198e-05 3.02733e-06 
156.598 4.16134 0.331006 
53.2305 1.72188 0.137525 
3.35873e-15 6.16325e-17 4.86907e-18 
4.24004e-15 7.78085e-17 6.14701e-18 
0 0 0 
15.0818 0.400774 0.0318789 
42.73 1.38221 0.110396 
2.51905e-15 4.62244e-17 3.6518e-18 
2.51825e-15 4.62097e-17 3.65064e-18 
0 0 0 
0 0 0 
3.35873e-15 6.16325e-17 4.86907e-18 
6.5316e-15 2.44932e-16 1.959e-18 
1.77368e-11 9.91945e-13 8.06727e-15 
0 0 0 
0 0 0 
8.248e-15 3.09314e-16 2.47395e-18 
0 0 0 
483.089 27.0171 0.219724 
338.867 23.345 0.191762 
7.46706e-15 2.80011e-16 2.23957e-18 
7.06972e-15 2.65126e-16 2.12053e-18 
0.000815685 3.05878e-05 2.44646e-07 
455.698 25.4853 0.207266 
168.434 11.6036 0.0953151 
6.53367e-15 2.45009e-16 1.95962e-18 
7.46468e-15 2.79922e-16 2.23886e-18 
2.7961 0.156375 0.00127176 
0 0 0 
6.53367e-15 2.45009e-16 1.95962e-18 
8.25298e-16 4.44493e-15 9.22368e-17 
1.67722e-12 7.64245e-12 1.94144e-13 
0 0 0 
0 0 0 
1.14645e-15 6.17448e-15 1.28131e-16 
0 0 0 
10.0723 45.8955 1.1659 
1.06844 4.43497 0.126275 
8.2556e-16 4.44634e-15 9.22661e-17 
1.04223e-15 5.61317e-15 1.16482e-16 
0 0 0 
100.867 459.611 11.6757 
22.6871 94.1718 2.68131 
7.43004e-16 4.00171e-15 8.30395e-17 
7.42768e-16 4.00044e-15 8.30131e-17 
5.26417 23.9868 0.609347 
1.14747 4.76305 0.135616 
8.2556e-16 4.44634e-15 9.22661e-17 
9.35412e-16 3.60072e-16 1.27347e-15 
1.7107e-12 6.78882e-13 2.28795e-12 
0 0 0 
0 0 0 
1.18129e-15 4.5472e-16 1.6082e-15 
0 0 0 
69.598 27.6196 93.0829 
6.23867 2.5206 8.25824 
9.35709e-16 3.60186e-16 1.27387e-15 
1.05003e-15 4.04196e-16 1.42951e-15 
0 0 0 
19.5894 7.77396 26.1996 
1.89094 0.763994 2.50307 
8.31742e-16 3.20166e-16 1.13233e-15 
9.35412e-16 3.60072e-16 1.27347e-15 
0 0 0 
0 0 0 
9.35709e-16 3.60186e-16 1.27387e-15 
$escByGroup
 5.00037e-07 5.00016e-07 5e-07 5e-07 5.00039e-07 5e-07 187.204 72.8493 3.4706 5.00036e-07 14.3895 13576.7 106.403 5.0003e-07 5.00036e-07 5e-07 5e-07 5.00031e-07 5.00002e-07 5.00002e-07 5e-07 5e-07 5.00001e-07 4.95267 120.942 18.1913 5.00002e-07 5.00002e-07 5e-07 11.6478 14.6028 5.00001e-07 5.00001e-07 5e-07 5e-07 5.00002e-07 5.00003e-07 5.00003e-07 5e-07 5e-07 5.00003e-07 5e-07 303.361 81.5831 5.00004e-07 5.00003e-07 1.74022 286.161 40.5508 5.00003e-07 5.00004e-07 1.75585 5e-07 5.00003e-07 5.00005e-07 5.00003e-07 5e-07 5e-07 5.00005e-07 5e-07 74.4324 3.30237 5.00005e-07 5.00005e-07 5e-07 745.389 70.1221 5.00004e-07 5.00004e-07 38.9014 3.54666 5.00005e-07 5.00004e-07 5.00003e-07 5e-07 5e-07 5.00004e-07 5e-07 538.956 25.0693 5.00004e-07 5.00004e-07 5e-07 151.697 7.59849 5.00004e-07 5.00004e-07 5e-07 5e-07 5.00004e-07
$catchByGroup
5.57669e-14 7.30842e-11 0 0 7.4229e-14 0 209.538 179.979 0.00131414 6.8519e-14 0.00544685 15196.5 262.876 4.52307e-14 5.42596e-14 0 0 4.67384e-14 3.35767e-15 8.8469e-12 0 0 3.18003e-15 0.00208828 156.598 53.2305 3.35873e-15 4.24004e-15 0 15.0818 42.73 2.51905e-15 2.51825e-15 0 0 3.35873e-15 6.5316e-15 1.77368e-11 0 0 8.248e-15 0 483.089 338.867 7.46706e-15 7.06972e-15 0.000815685 455.698 168.434 6.53367e-15 7.46468e-15 2.7961 0 6.53367e-15 8.25298e-16 1.67722e-12 0 0 1.14645e-15 0 10.0723 1.06844 8.2556e-16 1.04223e-15 0 100.867 22.6871 7.43004e-16 7.42768e-16 5.26417 1.14747 8.2556e-16 9.35412e-16 1.7107e-12 0 0 1.18129e-15 0 69.598 6.23867 9.35709e-16 1.05003e-15 0 19.5894 1.89094 8.31742e-16 9.35412e-16 0 0 9.35709e-16 
1.60005e-15 2.9201e-12 0 0 2.12987e-15 0 8.37218 8.59215 3.77052e-05 1.96603e-15 0.00015628 607.18 12.5497 1.29775e-15 1.55681e-15 0 0 1.34101e-15 6.16129e-17 2.35092e-13 0 0 5.83564e-17 3.83198e-05 4.16134 1.72188 6.16325e-17 7.78085e-17 0 0.400774 1.38221 4.62244e-17 4.62097e-17 0 0 6.16325e-17 2.44932e-16 9.91945e-13 0 0 3.09314e-16 0 27.0171 23.345 2.80011e-16 2.65126e-16 3.05878e-05 25.4853 11.6036 2.45009e-16 2.79922e-16 0.156375 0 2.45009e-16 4.44493e-15 7.64245e-12 0 0 6.17448e-15 0 45.8955 4.43497 4.44634e-15 5.61317e-15 0 459.611 94.1718 4.00171e-15 4.00044e-15 23.9868 4.76305 4.44634e-15 3.60072e-16 6.78882e-13 0 0 4.5472e-16 0 27.6196 2.5206 3.60186e-16 4.04196e-16 0 7.77396 0.763994 3.20166e-16 3.60072e-16 0 0 3.60186e-16 
5.91453e-17 1.09028e-13 0 0 7.87297e-17 0 0.312591 0.322734 1.39375e-06 7.26736e-17 5.77683e-06 22.6702 0.471384 4.79709e-17 5.75467e-17 0 0 4.95699e-17 4.86752e-18 1.87e-14 0 0 4.61026e-18 3.02733e-06 0.331006 0.137525 4.86907e-18 6.14701e-18 0 0.0318789 0.110396 3.6518e-18 3.65064e-18 0 0 4.86907e-18 1.959e-18 8.06727e-15 0 0 2.47395e-18 0 0.219724 0.191762 2.23957e-18 2.12053e-18 2.44646e-07 0.207266 0.0953151 1.95962e-18 2.23886e-18 0.00127176 0 1.95962e-18 9.22368e-17 1.94144e-13 0 0 1.28131e-16 0 1.1659 0.126275 9.22661e-17 1.16482e-16 0 11.6757 2.68131 8.30395e-17 8.30131e-17 0.609347 0.135616 9.22661e-17 1.27347e-15 2.28795e-12 0 0 1.6082e-15 0 93.0829 8.25824 1.27387e-15 1.42951e-15 0 26.1996 2.50307 1.13233e-15 1.27347e-15 0 0 1.27387e-15 
$Fmort
 0.272424 0.0558865 0.015363
#ESTIMATED_PARAMETERS
$availability
1.38912 1.54733 1.72003 0.152101 0.191551 
0.194249 0.138378 0.314342 3.99361 0.359421 
0.0261198 0.0397677 0.00914573 0.301431 4.62427 
$selectivity
 0.00100006 1.92214 3.07461 0.00100038 0.00126294
$RunSize
 1.47383e-10 1.41408e-10 0 0 1.55349e-10 0 405.427 261.743 3.47196 1.43399e-10 14.3951 29403 382.301 1.19499e-10 1.43399e-10 0 0 1.23483e-10 7.96662e-12 1.59332e-11 0 0 5.97497e-12 4.9548 282.033 73.2812 7.96662e-12 7.96662e-12 0 27.1623 58.8254 5.97497e-12 5.97497e-12 0 0 7.96662e-12 1.39416e-11 2.98748e-11 0 0 1.39416e-11 0 813.687 443.987 1.59332e-11 1.19499e-11 1.74107 767.551 220.684 1.39416e-11 1.59332e-11 4.7096 0 1.39416e-11 1.99166e-11 2.19082e-11 0 0 2.19082e-11 0 131.566 8.93205 1.99166e-11 1.99166e-11 0 1317.54 189.662 1.79249e-11 1.79249e-11 68.7618 9.5928 1.99166e-11 1.79249e-11 1.79249e-11 0 0 1.79249e-11 0 729.257 42.0868 1.79249e-11 1.59332e-11 0 205.26 12.7565 1.59332e-11 1.79249e-11 0 0 1.79249e-11
