$ndistricts
3
$ngroups
90
$nstocks
5
$nagecomps
18
$AgeCompLabels
 0.1 0.2 0.3 0.4 0.5 1.1 1.2 1.3 1.4 1.5 2.1 2.2 2.3 2.4 3.1 3.2 3.3 3.4
$navailpar
15
$nselectpar
5
$GENdata
-1
$maxGradient
7.61969e-05
#LIKELIHOOD_VALUES_AND_PENALTIES
$totalNLL
-47222.3
$NLLcatch
-3560.06
$NLLescape
-49375.7
$NLLagecompCatch
1865.89
$NLLagecompEsc
3847.54
$NLLgenetics
0
$NLLselOne
1.87786e-16
$NLLavailOne
2.2306e-05
$NLLextra
5.79911e-10
#OBSERVED_AND_PREDICTED_VALUES
$predEsc
 4415.38 218.384 1249.04 1277.99 66.4705
$obsEsc
 4433.84 214.848 1241.06 1275.63 61.854
$predCatch
 538.163 172.253 2.151
$obsCatch
 538.163 172.253 2.151
$RunSize
 4.05488e-10 3.46868e-10 0 0 0 0 38.3192 316.547 4.50363 2.8869e-10 26.5295 4267.96 135.978 3.96673e-10 4.05488e-10 0 0 3.96232e-10 1.0622e-10 1.04898e-10 0 0 0 1.58931 78.1849 52.5568 2.14902 1.04016e-10 1.07102e-10 103.668 2.94946 1.05339e-10 1.05339e-10 0 0 1.05779e-10 1.00931e-10 1.0049e-10 0 0 0 0 147.162 237.212 0.251245 1.0005e-10 17.0941 812.187 196.276 0.440642 9.96089e-11 0 0 9.91682e-11 1.4721e-10 1.16798e-10 0 0 0 0 112.421 102.687 3.48191e-10 8.94717e-11 1.4765e-10 1017.22 194.261 1.49694 1.4765e-10 0 1.59607 1.42802e-10 1.58669e-11 1.36632e-11 0 0 0 0 6.74946 6.4966 0.0327023 1.14594e-11 0.193853 50.3617 4.64398 0.105897 1.58669e-11 0 0 1.58669e-11
$SSageCompEsc
 1298 257 1556 967 482
$obsAgeCompEsc
0 0 0 0 0 0 0.00648223 0.0664573 0.000948691 0 0.00595634 0.899347 0.0208078 0 0 0 0 0 
0 0 0 0 0 0.00540844 0.316349 0.211861 0.00943396 0 0 0.445973 0.0109749 0 0 0 0 0 
0 0 0 0 0 0.000180165 0.103204 0.163058 0.000199445 0 0.0134681 0.596115 0.123139 0.000354279 0 0.000281639 0 0 
0 0 0 0 0 0 0.0411287 0.0698971 0 0 0 0.754258 0.131067 0.00136922 0 0 0.00227985 0 
0 0 0 0 0 0 0.0555949 0.0834801 0 0 0.00314963 0.791241 0.064778 0.00175644 0 0 0 0 
$predAgeCompEsc
8.98453e-14 7.28844e-14 0 0 0 0 0.00805168 0.0617597 0.00099105 5.58893e-14 0.00587822 0.896789 0.0265299 8.72902e-14 8.98453e-14 0 0 8.71932e-14 
4.74895e-13 4.4261e-13 0 0 0 0.00710555 0.329896 0.204563 0.00953617 4.01456e-13 4.78836e-13 0.437419 0.01148 4.67435e-13 4.70954e-13 0 0 4.69391e-13 
7.86082e-14 7.31935e-14 0 0 0 0 0.107187 0.157269 0.000193989 6.56805e-14 0.0133134 0.591567 0.130129 0.000340225 7.75784e-14 0 0 7.6569e-14 
1.12094e-13 8.32369e-14 0 0 0 0 0.0801179 0.0666664 2.62873e-13 5.75203e-14 1.12429e-13 0.724931 0.126118 0.00113014 1.12429e-13 0 0.0010362 1.07811e-13 
2.36833e-13 2.00066e-13 0 0 0 0 0.0988304 0.0925928 0.000486915 1.62862e-13 0.0028935 0.737431 0.0661884 0.00157674 2.36833e-13 0 0 2.36247e-13 
$SSageCompCatch
 563 547 441.5
$obsAgeCompCatch
0 0 0 0 0 0 0.0544393 0.135471 0 0 0.00172759 0.671499 0.134121 0 0 0.00274195 0 0 
0 0 0 0 0 0 0.0915708 0.107337 0 0 0 0.622812 0.178281 0 0 0 0 0 
0 0 0 0 0 0.00115741 0.174839 0.163348 0.00139791 0 0 0.47507 0.167271 0 0 0.0169173 0 0 
$predAgeCompCatch
2.53412e-14 7.6135e-14 0 0 0 6.71995e-05 0.0404135 0.163854 0.000358582 1.36416e-13 0.00181166 0.696135 0.0972791 3.60416e-05 2.52437e-14 0 4.50049e-05 3.25489e-14 
2.55763e-14 6.9358e-14 0 0 0 7.90234e-06 0.0610021 0.126945 5.95712e-05 1.10661e-13 0.000380611 0.614545 0.195348 0.000285995 2.56195e-14 0 0.00142603 3.25482e-14 
3.73113e-14 1.07131e-13 0 0 0 1.76801e-05 0.0671987 0.138428 0.000130901 1.82919e-13 0.000487994 0.631298 0.161183 0.000346778 3.73352e-14 0 0.000908977 4.83951e-14 
$genSS
 0 0 0
$obsGenComp     #GeneticFracData
-1 -1 -1 -1 -1 
-1 -1 -1 -1 -1 
-1 -1 -1 -1 -1 
$predGenComp     #catchGenComp_pred
0 0 0 0 0 
0 0 0 0 0 
0 0 0 0 0 
#PARAMETERS_OF_INTEREST
$catchByGroup
8.2931e-12 4.87427e-13 6.37292e-15 
2.36167e-11 1.42077e-12 1.86027e-14 
0 0 0 
0 0 0 
0 0 0 
0 0 0 
2.60898 0.156955 0.00205507 
41.2584 2.56268 0.0336208 
0.120566 0.00710783 9.29494e-05 
3.94277e-11 2.45708e-12 3.22419e-14 
0.542585 0.0318904 0.000416955 
290.586 17.4816 0.228892 
17.7232 1.10084 0.0144423 
1.06193e-11 6.26047e-13 8.18684e-15 
8.2931e-12 4.87427e-13 6.37292e-15 
0 0 0 
0 0 0 
1.06075e-11 6.25351e-13 8.17775e-15 
2.41702e-12 9.09749e-14 2.54171e-15 
7.92395e-12 3.0626e-13 8.56507e-15 
0 0 0 
0 0 0 
0 0 0 
0.0361643 0.0013612 3.803e-05 
5.90606 0.228269 0.00638392 
7.57141 0.303459 0.00849856 
0.0639852 0.00241669 6.75277e-05 
1.56956e-11 6.31438e-13 1.76864e-14 
2.43707e-12 9.17299e-14 2.5628e-15 
7.83102 0.302669 0.00846462 
0.424903 0.01703 0.000476934 
3.13636e-12 1.18459e-13 3.31001e-15 
2.39696e-12 9.022e-14 2.52062e-15 
0 0 0 
0 0 0 
3.14949e-12 1.18955e-13 3.32386e-15 
2.54974e-12 1.96264e-13 5.55439e-16 
8.40188e-12 6.65241e-13 1.88708e-15 
0 0 0 
0 0 0 
0 0 0 
0 0 0 
12.304 0.974205 0.00276352 
37.6679 3.09991 0.00882204 
0.00830158 0.000641364 1.81565e-06 
1.66339e-11 1.37437e-12 3.91263e-15 
0.431834 0.03324 9.40712e-05 
67.9059 5.37663 0.0152518 
31.1675 2.56495 0.00729959 
0.0145596 0.00112485 3.18435e-06 
2.51634e-12 1.93693e-13 5.48163e-16 
0 0 0 
0 0 0 
3.2767e-12 2.53151e-13 7.16651e-16 
3.32703e-13 3.59566e-12 2.6698e-14 
8.98318e-13 9.45147e-12 7.22671e-14 
0 0 0 
0 0 0 
0 0 0 
0 0 0 
0.864656 9.09731 0.0695591 
1.55825 15.8037 0.125793 
1.03302e-12 1.11252e-11 8.29222e-14 
1.42712e-12 1.4419e-11 1.15249e-13 
3.33699e-13 3.60642e-12 2.67779e-14 
7.82368 82.3153 0.629392 
2.94787 29.8971 0.237973 
0.00444115 0.0478297 0.000356499 
3.33699e-13 3.60642e-12 2.67779e-14 
0 0 0 
0.02422 0.245637 0.00195521 
4.23668e-13 4.56276e-12 3.40086e-14 
4.51479e-14 3.52734e-14 4.40885e-14 
1.3221e-13 1.03371e-13 1.29118e-13 
0 0 0 
0 0 0 
0 0 0 
0 0 0 
0.0653102 0.0510643 0.0637828 
0.123909 0.0969819 0.121025 
0.000122139 9.54349e-05 0.000119274 
2.29714e-13 1.79813e-13 2.24369e-13 
0.000551593 0.000430952 0.00053865 
0.487318 0.381021 0.475921 
0.0885742 0.0693258 0.0865124 
0.000395513 0.000309039 0.000386236 
4.51479e-14 3.52734e-14 4.40885e-14 
0 0 0 
0 0 0 
5.92609e-14 4.63043e-14 5.78709e-14 
$escByGroup
 5.00099e-07 5.0008e-07 5e-07 5e-07 5e-07 5e-07 35.5512 272.693 4.37586 5.00062e-07 25.9546 3959.66 117.139 5.00096e-07 5.00099e-07 5e-07 5e-07 5.00096e-07 5.00026e-07 5.00024e-07 5e-07 5e-07 5e-07 1.55174 72.0442 44.6734 2.08255 5.00022e-07 5.00026e-07 95.5255 2.50705 5.00026e-07 5.00026e-07 5e-07 5e-07 5.00026e-07 5.00025e-07 5.00023e-07 5e-07 5e-07 5e-07 5e-07 133.881 196.435 0.2423 5.00021e-07 16.6289 738.889 162.536 0.424954 5.00024e-07 5e-07 5e-07 5.00024e-07 5.00036e-07 5.00027e-07 5e-07 5e-07 5e-07 5e-07 102.39 85.199 5.00084e-07 5.00018e-07 5.00036e-07 926.456 161.178 1.44431 5.00036e-07 5e-07 1.32425 5.00034e-07 5.00004e-07 5.00003e-07 5e-07 5e-07 5e-07 5e-07 6.5693 6.15468 0.0323655 5.00003e-07 0.192332 49.0174 4.39957 0.104807 5.00004e-07 5e-07 5e-07 5.00004e-07
$catchByGroup
8.2931e-12 2.36167e-11 0 0 0 0 2.60898 41.2584 0.120566 3.94277e-11 0.542585 290.586 17.7232 1.06193e-11 8.2931e-12 0 0 1.06075e-11 2.41702e-12 7.92395e-12 0 0 0 0.0361643 5.90606 7.57141 0.0639852 1.56956e-11 2.43707e-12 7.83102 0.424903 3.13636e-12 2.39696e-12 0 0 3.14949e-12 2.54974e-12 8.40188e-12 0 0 0 0 12.304 37.6679 0.00830158 1.66339e-11 0.431834 67.9059 31.1675 0.0145596 2.51634e-12 0 0 3.2767e-12 3.32703e-13 8.98318e-13 0 0 0 0 0.864656 1.55825 1.03302e-12 1.42712e-12 3.33699e-13 7.82368 2.94787 0.00444115 3.33699e-13 0 0.02422 4.23668e-13 4.51479e-14 1.3221e-13 0 0 0 0 0.0653102 0.123909 0.000122139 2.29714e-13 0.000551593 0.487318 0.0885742 0.000395513 4.51479e-14 0 0 5.92609e-14 
4.87427e-13 1.42077e-12 0 0 0 0 0.156955 2.56268 0.00710783 2.45708e-12 0.0318904 17.4816 1.10084 6.26047e-13 4.87427e-13 0 0 6.25351e-13 9.09749e-14 3.0626e-13 0 0 0 0.0013612 0.228269 0.303459 0.00241669 6.31438e-13 9.17299e-14 0.302669 0.01703 1.18459e-13 9.022e-14 0 0 1.18955e-13 1.96264e-13 6.65241e-13 0 0 0 0 0.974205 3.09991 0.000641364 1.37437e-12 0.03324 5.37663 2.56495 0.00112485 1.93693e-13 0 0 2.53151e-13 3.59566e-12 9.45147e-12 0 0 0 0 9.09731 15.8037 1.11252e-11 1.4419e-11 3.60642e-12 82.3153 29.8971 0.0478297 3.60642e-12 0 0.245637 4.56276e-12 3.52734e-14 1.03371e-13 0 0 0 0 0.0510643 0.0969819 9.54349e-05 1.79813e-13 0.000430952 0.381021 0.0693258 0.000309039 3.52734e-14 0 0 4.63043e-14 
6.37292e-15 1.86027e-14 0 0 0 0 0.00205507 0.0336208 9.29494e-05 3.22419e-14 0.000416955 0.228892 0.0144423 8.18684e-15 6.37292e-15 0 0 8.17775e-15 2.54171e-15 8.56507e-15 0 0 0 3.803e-05 0.00638392 0.00849856 6.75277e-05 1.76864e-14 2.5628e-15 0.00846462 0.000476934 3.31001e-15 2.52062e-15 0 0 3.32386e-15 5.55439e-16 1.88708e-15 0 0 0 0 0.00276352 0.00882204 1.81565e-06 3.91263e-15 9.40712e-05 0.0152518 0.00729959 3.18435e-06 5.48163e-16 0 0 7.16651e-16 2.6698e-14 7.22671e-14 0 0 0 0 0.0695591 0.125793 8.29222e-14 1.15249e-13 2.67779e-14 0.629392 0.237973 0.000356499 2.67779e-14 0 0.00195521 3.40086e-14 4.40885e-14 1.29118e-13 0 0 0 0 0.0637828 0.121025 0.000119274 2.24369e-13 0.00053865 0.475921 0.0865124 0.000386236 4.40885e-14 0 0 5.78709e-14 
$Fmort
 0.0582834 0.0242606 0.00235755
#ESTIMATED_PARAMETERS
$availability
1.38912 1.54733 1.72003 0.152101 0.191551 
0.194249 0.138378 0.314342 3.99361 0.359421 
0.0261198 0.0397677 0.00914573 0.301431 4.62427 
$selectivity
 0.255231 0.870946 1.72489 0.335164 1.81377
$RunSize
 4.05488e-10 3.46868e-10 0 0 0 0 38.3192 316.547 4.50363 2.8869e-10 26.5295 4267.96 135.978 3.96673e-10 4.05488e-10 0 0 3.96232e-10 1.0622e-10 1.04898e-10 0 0 0 1.58931 78.1849 52.5568 2.14902 1.04016e-10 1.07102e-10 103.668 2.94946 1.05339e-10 1.05339e-10 0 0 1.05779e-10 1.00931e-10 1.0049e-10 0 0 0 0 147.162 237.212 0.251245 1.0005e-10 17.0941 812.187 196.276 0.440642 9.96089e-11 0 0 9.91682e-11 1.4721e-10 1.16798e-10 0 0 0 0 112.421 102.687 3.48191e-10 8.94717e-11 1.4765e-10 1017.22 194.261 1.49694 1.4765e-10 0 1.59607 1.42802e-10 1.58669e-11 1.36632e-11 0 0 0 0 6.74946 6.4966 0.0327023 1.14594e-11 0.193853 50.3617 4.64398 0.105897 1.58669e-11 0 0 1.58669e-11
