$ndistricts
3
$ngroups
90
$nstocks
5
$nagecomps
18
$AgeCompLabels
 0.1 0.2 0.3 0.4 0.5 1.1 1.2 1.3 1.4 1.5 2.1 2.2 2.3 2.4 3.1 3.2 3.3 3.4
$navailpar
15
$nselectpar
5
$GENdata
-1
$maxGradient
0.000296474
#LIKELIHOOD_VALUES_AND_PENALTIES
$totalNLL
-97098.9
$NLLcatch
-84733.7
$NLLescape
-50603.8
$NLLagecompCatch
23786.4
$NLLagecompEsc
14452.2
$NLLgenetics
0
$NLLselOne
4.54042e-14
$NLLavailOne
2.2306e-05
$NLLextra
4.69982e-10
#OBSERVED_AND_PREDICTED_VALUES
$predEsc
 4137.6 198.911 982.634 1617.74 658.641
$obsEsc
 4065.22 194.63 1037.86 1612.74 654.412
$predCatch
 3480.84 6456.6 1523.52
$obsCatch
 3480.84 6456.6 1523.52
$RunSize
 7.60424e-11 2.27191 5.19057 5.28073e-11 2.85159e-11 8.19698 2546.28 3064.11 4.05147 2.74598e-11 42.1315 991.044 86.1596 4.33019e-11 7.39302e-11 5.59757e-11 0 4.43581e-11 9.18846e-11 5.91441e-11 0 5.17511e-11 2.85159e-11 1.56309e-10 197.873 93.9482 1.24625e-10 2.53475e-11 1.1512e-10 27.62 10.3015 4.85827e-11 9.50531e-11 5.8088e-11 0 4.75265e-11 2.53475e-11 3.27405e-11 0 3.06282e-11 3.06282e-11 2.01657 508.744 567.209 24.2126 2.95721e-11 27.6862 333.466 425.121 2.63002 2.53475e-11 3.16844e-11 0 2.74598e-11 2.74598e-11 1.16839 0 0.0557083 3.69651e-11 0.390717 359.449 2442.91 4.68545 3.37966e-11 81.9989 3486.16 1591.97 3.80212e-11 2.64036e-11 26.6869 6.748 3.48528e-11 1.37299e-11 1.76865 10.849 0.681457 1.17232e-10 0.429872 477.642 241.641 8.33231 1.1512e-10 48.9191 533.422 759.561 0.745614 1.37299e-11 2.11229e-11 0 2.00668e-11
$SSageCompEsc
 2381 88.5 1966 3334 2723
$obsAgeCompEsc
0 0.000853951 0.000158868 0 0 0.0016186 0.386033 0.412051 0.000747682 0 0.0102803 0.171449 0.0168077 0 0 0 0 0 
0 0 0 0 0 0 0.601116 0.250188 0 0 0 0.102692 0.0460043 0 0 0 0 0 
0 0 0 0 0 0.00172877 0.271514 0.264459 0.0123669 0 0.0256149 0.187332 0.234545 0.00244053 0 0 0 0 
0 0 0 0 0 0.00022575 0.0618974 0.268124 0.000564842 0 0.0422097 0.481595 0.142194 0 0 0.00233705 0.000852844 0 
0 0.00113429 0.0062122 0 0 0.000604804 0.238054 0.0983553 0.0011553 0 0.0640495 0.294373 0.29586 0.000201601 0 0 0 0 
$predAgeCompEsc
1.7205e-14 0.000348379 0.000732513 6.94918e-15 -6.61078e-16 0.00185461 0.390452 0.432419 0.000533154 -6.36593e-16 0.00953249 0.151969 0.0121592 5.69833e-15 1.67271e-14 8.58343e-15 0 5.83731e-15 
4.30643e-13 1.84172e-13 0 1.37542e-13 -1.06012e-14 7.32589e-13 0.616166 0.268396 3.31224e-13 -9.4233e-15 5.39542e-13 0.0860074 0.02943 1.29121e-13 4.45493e-13 1.80883e-13 0 1.26314e-13 
2.36989e-14 1.82221e-14 0 1.37184e-14 -8.09535e-15 0.00188542 0.283147 0.280918 0.0108449 -7.8162e-15 0.0258855 0.185594 0.210547 0.00117799 2.36989e-14 1.76343e-14 0 1.22993e-14 
1.39995e-14 0.000166804 0 3.88937e-06 -8.6865e-15 0.000199195 0.0513163 0.244601 0.000327123 -7.94194e-15 0.0418047 0.497697 0.159399 2.65452e-15 1.34611e-14 0.00380992 0.000675655 2.43331e-15 
1.81966e-14 0.000918859 0.00434552 0.000211732 -1.04997e-13 0.00056972 0.248147 0.096788 0.00258888 -1.03105e-13 0.0648337 0.277126 0.304238 0.000231665 1.81966e-14 1.09739e-14 0 6.23482e-15 
$SSageCompCatch
 6380 8826 3069
$obsAgeCompCatch
0 0 0.0007806 0 0 0.000334549 0.320233 0.438548 0.00321199 0 0.00108067 0.160462 0.0753492 0 0 0 0 0 
0 0.00027439 0.000813009 2.44473e-05 0 0 0.0661175 0.311608 0.000955351 0 0.00213122 0.401133 0.212332 0 0 0.00387216 0.000738755 0 
0 0.000435161 0.00103956 0.000480389 0 0 0.191245 0.182482 0.00504717 0 0.00470482 0.26261 0.35124 0.000398013 0 0 0.00031751 0 
$predAgeCompCatch
3.36512e-15 0.000238627 0.00069759 1.32975e-05 3.11106e-14 0.000169334 0.307792 0.419738 0.00376942 2.95014e-14 0.00144961 0.171997 0.0933937 0.000351048 3.38534e-15 0.000301735 8.87181e-05 1.48753e-14 
9.64486e-16 0.000170009 0.000242478 2.00516e-05 1.65223e-14 2.60361e-05 0.0749248 0.323588 0.0011896 1.57167e-14 0.0022921 0.390617 0.203269 6.00203e-05 9.38182e-16 0.00282823 0.000772832 5.92042e-15 
1.15261e-15 0.000632845 0.00403857 0.000272833 8.0665e-14 3.46567e-05 0.178581 0.184739 0.00353358 7.88148e-14 0.00372928 0.285537 0.337572 0.000299338 1.14879e-15 0.000795771 0.000233856 9.74922e-15 
$genSS
 0 0 0
$obsGenComp     #GeneticFracData
-1 -1 -1 -1 -1 
-1 -1 -1 -1 -1 
-1 -1 -1 -1 -1 
$predGenComp     #catchGenComp_pred
0 0 0 0 0 
0 0 0 0 0 
0 0 0 0 0 
#PARAMETERS_OF_INTEREST
$catchByGroup
4.15702e-12 6.50907e-13 4.69536e-14 
0.697431 0.123888 0.00913469 
1.80668 0.328699 0.0243403 
2.00575e-11 3.72034e-12 2.76458e-13 
2.38187e-11 6.87298e-12 5.59472e-13 
0.448105 0.0701644 0.00506135 
781.657 138.85 10.2379 
1066.53 194.039 14.3686 
1.53885 0.285431 0.0212104 
2.29366e-11 6.61843e-12 5.38751e-13 
2.30321 0.360637 0.0260147 
304.231 54.0421 3.9847 
29.9896 5.45617 0.404031 
1.64472e-11 3.05068e-12 2.26695e-13 
4.04155e-12 6.32827e-13 4.56493e-14 
1.71834e-11 3.05239e-12 2.25062e-13 
0 0 0 
1.68483e-11 3.12508e-12 2.32225e-13 
5.57744e-12 5.60984e-13 8.63665e-14 
1.98326e-11 2.31597e-12 3.61674e-13 
0 0 0 
2.1356e-11 2.62441e-12 4.11927e-13 
2.46909e-11 5.08629e-12 8.47421e-13 
9.48806e-12 9.54317e-13 1.46922e-13 
66.3522 7.74834 1.21002 
35.6134 4.27788 0.669925 
5.14288e-11 6.32001e-12 9.91987e-13 
2.19475e-11 4.52114e-12 7.53263e-13 
6.98783e-12 7.02842e-13 1.08206e-13 
9.26175 1.08155 0.1689 
3.90505 0.469074 0.0734581 
2.00485e-11 2.46373e-12 3.86707e-13 
5.76977e-12 5.80328e-13 8.93447e-14 
1.94785e-11 2.27462e-12 3.55216e-13 
0 0 0 
1.96127e-11 2.41017e-12 3.783e-13 
1.70443e-12 3.5018e-13 5.48129e-15 
1.19486e-11 2.84011e-12 4.61535e-14 
0 0 0 
1.36767e-11 3.41511e-12 5.624e-14 
2.73451e-11 1.10261e-11 2.11763e-13 
0.1356 0.0278593 0.000436076 
185.666 44.1315 0.717165 
233.258 56.979 0.932749 
10.8118 2.69975 0.0444595 
2.64021e-11 1.06459e-11 2.04461e-13 
1.86169 0.382489 0.00598703 
121.698 28.9268 0.47008 
174.826 42.7056 0.699092 
1.1744 0.293252 0.00482928 
1.70443e-12 3.5018e-13 5.48129e-15 
1.15632e-11 2.74849e-12 4.46647e-14 
0 0 0 
1.22618e-11 3.06182e-12 5.04221e-14 
1.68512e-13 4.44856e-12 1.95036e-13 
0.0459832 0.799483 0.0530794 
0 0 0 
0.00283927 0.0433026 0.00327434 
6.62408e-12 3.68376e-11 7.55591e-12 
0.0023977 0.0632972 0.0027751 
14.1465 245.957 16.3296 
111.797 1806.43 128.982 
0.238803 3.64206 0.275395 
6.0563e-12 3.36801e-11 6.90826e-12 
0.503201 13.2841 0.582405 
137.201 2385.43 158.374 
72.8545 1177.2 84.0539 
1.93782e-12 2.95543e-11 2.23476e-12 
1.62031e-13 4.27746e-12 1.87534e-13 
1.05029 18.2608 1.21237 
0.308813 4.98987 0.356285 
1.77633e-12 2.70915e-11 2.04853e-12 
1.06025e-13 2.16667e-13 1.42219e-12 
0.0872088 0.174306 0.901937 
0.621511 1.23688 6.12849 
0.0434471 0.0861625 0.412393 
2.58121e-11 4.68549e-11 1.1372e-10 
0.00331954 0.00678365 0.0445276 
23.5516 47.073 243.577 
13.8429 27.5492 136.5 
0.531236 1.05353 5.04241 
2.5347e-11 4.60107e-11 1.11671e-10 
0.377762 0.771975 5.06722 
26.302 52.5703 272.023 
43.5132 86.5966 429.068 
0.0475375 0.0942743 0.451218 
1.06025e-13 2.16667e-13 1.42219e-12 
1.04153e-12 2.08173e-12 1.07718e-11 
0 0 0 
1.27938e-12 2.53721e-12 1.21437e-11 
$escByGroup
 5.00018e-07 1.44145 3.03084 5.00007e-07 4.99999e-07 7.67365 1615.53 1789.18 2.20598 4.99999e-07 39.4416 628.786 50.3098 5.00006e-07 5.00017e-07 5.00009e-07 5e-07 5.00006e-07 5.00021e-07 5.00009e-07 5e-07 5.00007e-07 4.99999e-07 5.00036e-07 122.562 53.3871 5.00016e-07 5e-07 5.00027e-07 17.1078 5.85396 5.00006e-07 5.00022e-07 5.00009e-07 5e-07 5.00006e-07 5.00006e-07 5.00004e-07 5e-07 5.00003e-07 4.99998e-07 1.85268 278.23 276.04 10.6565 4.99998e-07 25.436 182.371 206.891 1.15753 5.00006e-07 5.00004e-07 5e-07 5.00003e-07 5.00006e-07 0.269846 5e-07 0.006292 4.99996e-07 0.322247 83.0166 395.701 0.529201 4.99997e-07 67.6293 805.145 257.867 5.00001e-07 5.00005e-07 6.16348 1.09304 5.00001e-07 5.00003e-07 0.605198 2.86214 0.139455 4.99983e-07 0.375241 163.44 63.7486 1.70514 4.99983e-07 42.7022 182.527 200.384 0.152584 5.00003e-07 5.00002e-07 5e-07 5.00001e-07
$catchByGroup
4.15702e-12 0.697431 1.80668 2.00575e-11 2.38187e-11 0.448105 781.657 1066.53 1.53885 2.29366e-11 2.30321 304.231 29.9896 1.64472e-11 4.04155e-12 1.71834e-11 0 1.68483e-11 5.57744e-12 1.98326e-11 0 2.1356e-11 2.46909e-11 9.48806e-12 66.3522 35.6134 5.14288e-11 2.19475e-11 6.98783e-12 9.26175 3.90505 2.00485e-11 5.76977e-12 1.94785e-11 0 1.96127e-11 1.70443e-12 1.19486e-11 0 1.36767e-11 2.73451e-11 0.1356 185.666 233.258 10.8118 2.64021e-11 1.86169 121.698 174.826 1.1744 1.70443e-12 1.15632e-11 0 1.22618e-11 1.68512e-13 0.0459832 0 0.00283927 6.62408e-12 0.0023977 14.1465 111.797 0.238803 6.0563e-12 0.503201 137.201 72.8545 1.93782e-12 1.62031e-13 1.05029 0.308813 1.77633e-12 1.06025e-13 0.0872088 0.621511 0.0434471 2.58121e-11 0.00331954 23.5516 13.8429 0.531236 2.5347e-11 0.377762 26.302 43.5132 0.0475375 1.06025e-13 1.04153e-12 0 1.27938e-12 
6.50907e-13 0.123888 0.328699 3.72034e-12 6.87298e-12 0.0701644 138.85 194.039 0.285431 6.61843e-12 0.360637 54.0421 5.45617 3.05068e-12 6.32827e-13 3.05239e-12 0 3.12508e-12 5.60984e-13 2.31597e-12 0 2.62441e-12 5.08629e-12 9.54317e-13 7.74834 4.27788 6.32001e-12 4.52114e-12 7.02842e-13 1.08155 0.469074 2.46373e-12 5.80328e-13 2.27462e-12 0 2.41017e-12 3.5018e-13 2.84011e-12 0 3.41511e-12 1.10261e-11 0.0278593 44.1315 56.979 2.69975 1.06459e-11 0.382489 28.9268 42.7056 0.293252 3.5018e-13 2.74849e-12 0 3.06182e-12 4.44856e-12 0.799483 0 0.0433026 3.68376e-11 0.0632972 245.957 1806.43 3.64206 3.36801e-11 13.2841 2385.43 1177.2 2.95543e-11 4.27746e-12 18.2608 4.98987 2.70915e-11 2.16667e-13 0.174306 1.23688 0.0861625 4.68549e-11 0.00678365 47.073 27.5492 1.05353 4.60107e-11 0.771975 52.5703 86.5966 0.0942743 2.16667e-13 2.08173e-12 0 2.53721e-12 
4.69536e-14 0.00913469 0.0243403 2.76458e-13 5.59472e-13 0.00506135 10.2379 14.3686 0.0212104 5.38751e-13 0.0260147 3.9847 0.404031 2.26695e-13 4.56493e-14 2.25062e-13 0 2.32225e-13 8.63665e-14 3.61674e-13 0 4.11927e-13 8.47421e-13 1.46922e-13 1.21002 0.669925 9.91987e-13 7.53263e-13 1.08206e-13 0.1689 0.0734581 3.86707e-13 8.93447e-14 3.55216e-13 0 3.783e-13 5.48129e-15 4.61535e-14 0 5.624e-14 2.11763e-13 0.000436076 0.717165 0.932749 0.0444595 2.04461e-13 0.00598703 0.47008 0.699092 0.00482928 5.48129e-15 4.46647e-14 0 5.04221e-14 1.95036e-13 0.0530794 0 0.00327434 7.55591e-12 0.0027751 16.3296 128.982 0.275395 6.90826e-12 0.582405 158.374 84.0539 2.23476e-12 1.87534e-13 1.21237 0.356285 2.04853e-12 1.42219e-12 0.901937 6.12849 0.412393 1.1372e-10 0.0445276 243.577 136.5 5.04241 1.11671e-10 5.06722 272.023 429.068 0.451218 1.42219e-12 1.07718e-11 0 1.21437e-11 
$Fmort
 0.450931 0.493111 0.263482
#ESTIMATED_PARAMETERS
$availability
1.38912 1.54733 1.72003 0.152101 0.191551 
0.194249 0.138378 0.314342 3.99361 0.359421 
0.0261198 0.0397677 0.00914573 0.301431 4.62427 
$selectivity
 0.0897483 0.585406 0.682983 0.762701 2.87916
$RunSize
 7.60424e-11 2.27191 5.19057 5.28073e-11 2.85159e-11 8.19698 2546.28 3064.11 4.05147 2.74598e-11 42.1315 991.044 86.1596 4.33019e-11 7.39302e-11 5.59757e-11 0 4.43581e-11 9.18846e-11 5.91441e-11 0 5.17511e-11 2.85159e-11 1.56309e-10 197.873 93.9482 1.24625e-10 2.53475e-11 1.1512e-10 27.62 10.3015 4.85827e-11 9.50531e-11 5.8088e-11 0 4.75265e-11 2.53475e-11 3.27405e-11 0 3.06282e-11 3.06282e-11 2.01657 508.744 567.209 24.2126 2.95721e-11 27.6862 333.466 425.121 2.63002 2.53475e-11 3.16844e-11 0 2.74598e-11 2.74598e-11 1.16839 0 0.0557083 3.69651e-11 0.390717 359.449 2442.91 4.68545 3.37966e-11 81.9989 3486.16 1591.97 3.80212e-11 2.64036e-11 26.6869 6.748 3.48528e-11 1.37299e-11 1.76865 10.849 0.681457 1.17232e-10 0.429872 477.642 241.641 8.33231 1.1512e-10 48.9191 533.422 759.561 0.745614 1.37299e-11 2.11229e-11 0 2.00668e-11
