$ndistricts
3
$ngroups
90
$nstocks
5
$nagecomps
18
$AgeCompLabels
 0.1 0.2 0.3 0.4 0.5 1.1 1.2 1.3 1.4 1.5 2.1 2.2 2.3 2.4 3.1 3.2 3.3 3.4
$navailpar
15
$nselectpar
5
$GENdata
-1
$maxGradient
0.000305022
#LIKELIHOOD_VALUES_AND_PENALTIES
$totalNLL
-189189
$NLLcatch
-187999
$NLLescape
-27260.1
$NLLagecompCatch
20239.4
$NLLagecompEsc
5830.49
$NLLgenetics
0
$NLLselOne
7.3868e-16
$NLLavailOne
2.2306e-05
$NLLextra
4.69973e-10
#OBSERVED_AND_PREDICTED_VALUES
$predEsc
 1294.76 303.586 1254.68 1087.94 675.902
$obsEsc
 1450.58 306.75 1078.1 1076.46 692.167
$predCatch
 8211.98 10809.1 4411.05
$obsCatch
 8211.98 10809.1 4411.06
$RunSize
 3.89081e-11 4.51333e-11 6.62512 0 4.04644e-11 0.191808 472.504 1242.11 1.5252e-10 4.04644e-11 1.76631 676.155 1336.69 1.63414e-10 3.73517e-11 7.15908e-11 0 4.3577e-11 1.0583e-10 5.60276e-11 0 0 1.02717e-10 1.22949e-10 285.708 589.002 0.465776 1.01161e-10 1.0583e-10 33.8955 28.7115 1.09871 1.07386e-10 1.24506e-10 0 5.60276e-11 3.11264e-11 4.04644e-11 16.8858 0 3.57954e-11 0.117628 125.556 4571.85 7.77859 2.64575e-11 0.455202 100.131 756.807 2.08547e-10 3.11264e-11 7.00345e-11 0 3.57954e-11 3.42391e-11 4.66897e-11 18.4438 0 3.11264e-11 0.816955 231.606 2973.74 2.85686 3.26828e-11 39.0823 3451.45 5464.53 0.937634 3.26828e-11 14.7111 27.6809 4.8246e-11 2.02322e-11 0.471371 69.2188 0 1.86759e-11 1.81174 249.788 3898.96 2.62279 1.86759e-11 8.47992 447.66 887.747 1.56156 2.17885e-11 0.330631 0 3.57954e-11
$SSageCompEsc
 1305 88.5 1290 1252 1260
$obsAgeCompEsc
0 0 0.000755112 0 0 0.00012094 0.147448 0.240097 0 0 0.00118225 0.250799 0.359598 0 0 0 0 0 
0 0 0 0 0 0 0.601116 0.250188 0 0 0 0.102692 0.0460043 0 0 0 0 0 
0 0 0.00116336 0 0 9.41962e-05 0.0377958 0.734125 0.00110984 0 0.000393381 0.036985 0.188333 0 0 0 0 0 
0 0 0.000484496 0 0 0 0.0232322 0.203747 0.000645995 0 0.0302865 0.264931 0.473898 0 0 0.00077928 0.00199536 0 
0 0.000399202 0.0088906 0 0 0.0023293 0.0862821 0.726355 0.000557219 0 0.0115311 0.0824139 0.0812412 0 0 0 0 0 
$predAgeCompEsc
2.71627e-14 1.27251e-14 0.0017291 0 2.73308e-14 0.000133906 0.133219 0.324181 4.00835e-14 2.73308e-14 0.0012331 0.190638 0.348866 4.29466e-14 2.60762e-14 2.01846e-14 0 1.14524e-14 
3.12395e-13 6.28935e-14 0 0 2.92544e-13 3.62929e-13 0.32072 0.60987 0.000485787 2.88112e-13 3.12395e-13 0.0380493 0.0297288 0.00114591 3.16989e-13 1.39763e-13 0 5.84347e-14 
2.18311e-14 8.15656e-15 0.00300946 0 2.40716e-14 8.25003e-05 0.0253087 0.814813 0.00140203 1.77921e-14 0.000319265 0.0201838 0.134881 3.75889e-14 2.18311e-14 1.41171e-14 0 6.45183e-15 
2.65369e-14 4.63452e-15 0.00130811 0 2.27971e-14 0.000633179 0.0229897 0.21091 0.000209587 2.3937e-14 0.0302906 0.342599 0.387568 6.87875e-05 2.53307e-14 0.00146026 0.00196324 3.53946e-15 
2.60761e-14 0.000105989 0.011817 0 2.29838e-14 0.00233504 0.0561657 0.665626 0.000460092 2.29838e-14 0.0109293 0.100658 0.151555 0.000273931 2.80819e-14 7.43433e-05 0 6.27927e-15 
$SSageCompCatch
 6608 7259 4441
$obsAgeCompCatch
0 0 0.00400959 0 0 0 0.0572467 0.661108 0.000892259 0 0 0.0647207 0.211676 0.000136515 0 9.69336e-05 0.000112832 0 
0 0 0.00242135 5.60062e-05 0 0.000151527 0.0248859 0.307822 0.000185754 0 0.000647336 0.268892 0.391766 9.85676e-05 0 0.0011243 0.00194965 0 
0 0 0.0106073 0 0 0 0.0302987 0.584941 0.000402317 0 0 0.124453 0.247912 0.000314886 0 0.000373802 0.000697178 0 
$predAgeCompCatch
2.15977e-15 6.2326e-06 0.00302435 0 2.85907e-15 7.39849e-06 0.0691864 0.593416 0.000733819 2.6778e-15 8.58851e-05 0.0994877 0.233463 0.000116047 2.16207e-15 0.000160633 0.000312118 1.13197e-14 
5.78721e-16 5.01867e-06 0.00229586 0 7.03652e-16 1.30697e-05 0.023767 0.310343 0.000310185 7.15226e-16 0.000517313 0.247081 0.412607 8.8647e-05 5.60244e-16 0.00101467 0.00195793 4.68546e-15 
5.55333e-16 6.67195e-05 0.0104502 0 6.70317e-16 4.35475e-05 0.0397912 0.621493 0.000430627 6.72567e-16 0.000260246 0.112696 0.213859 0.000244582 5.8922e-16 0.000253002 0.000412227 6.13922e-15 
$genSS
 0 0 0
$obsGenComp     #GeneticFracData
-1 -1 -1 -1 -1 
-1 -1 -1 -1 -1 
-1 -1 -1 -1 -1 
$predGenComp     #catchGenComp_pred
0 0 0 0 0 
0 0 0 0 0 
0 0 0 0 0 
#PARAMETERS_OF_INTEREST
$catchByGroup
3.43121e-12 2.83708e-13 2.38253e-14 
2.55226e-11 2.88587e-12 2.48919e-13 
3.89741 0.450038 0.0388928 
0 0 0 
4.65459e-12 3.9009e-13 3.27946e-14 
0.0169151 0.00139862 0.000117453 
267.198 30.2124 2.60595 
730.706 84.3754 7.29182 
8.94236e-11 1.03068e-11 8.90568e-13 
4.65459e-12 3.9009e-13 3.27946e-14 
0.155766 0.0128795 0.00108159 
382.362 43.234 3.72912 
786.347 90.8004 7.84707 
9.5811e-11 1.10429e-11 9.5418e-13 
3.29396e-12 2.7236e-13 2.28723e-14 
4.04842e-11 4.57759e-12 3.94837e-13 
0 0 0 
2.55496e-11 2.94479e-12 2.54448e-13 
1.03422e-11 5.50307e-13 9.86501e-14 
3.3888e-11 2.57619e-12 4.6978e-13 
0 0 0 
0 0 0 
1.30719e-11 7.06395e-13 1.26719e-13 
1.20152e-11 6.39327e-13 1.14608e-13 
172.809 13.137 2.3956 
369.808 28.7893 5.25636 
0.291517 0.0226469 0.00413442 
1.28738e-11 6.95692e-13 1.24799e-13 
1.03422e-11 5.50307e-13 9.86501e-14 
20.5016 1.55854 0.284207 
18.0267 1.40336 0.256227 
0.687653 0.0534212 0.00975261 
1.04943e-11 5.584e-13 1.00101e-13 
7.53067e-11 5.72486e-12 1.04396e-12 
0 0 0 
3.50662e-11 2.72416e-12 4.97324e-13 
3.36233e-12 3.66459e-13 6.67518e-15 
2.60488e-11 4.1035e-12 7.82818e-14 
11.2583 1.81687 0.0347757 
0 0 0 
5.02638e-12 5.56758e-13 1.01606e-14 
0.0127063 0.00138486 2.52257e-05 
80.8259 12.7326 0.242898 
3048.19 491.919 9.41555 
5.17085 0.832707 0.0159337 
3.71515e-12 4.11517e-13 7.51e-15 
0.0491717 0.00535921 9.76198e-05 
64.459 10.1543 0.193713 
504.585 81.4305 1.55862 
1.38633e-10 2.23252e-11 4.27189e-13 
3.36233e-12 3.66459e-13 6.67518e-15 
4.50844e-11 7.10221e-12 1.35488e-13 
0 0 0 
2.37952e-11 3.83194e-12 7.33235e-14 
3.44368e-13 4.78286e-12 2.41178e-13 
4.07263e-12 3.46882e-11 2.88677e-12 
1.7078 14.1013 1.21158 
0 0 0 
4.13708e-13 5.62084e-12 2.89882e-13 
0.00821672 0.11412 0.00575457 
20.2024 172.072 14.3199 
275.353 2273.59 195.345 
0.263176 2.17897 0.186692 
4.34394e-13 5.90189e-12 3.04376e-13 
0.393079 5.4594 0.275293 
301.062 2564.26 213.399 
505.988 4177.93 358.966 
0.0863755 0.715148 0.0612732 
3.28715e-13 4.56545e-12 2.30215e-13 
1.28322 10.9297 0.909575 
2.5631 21.1635 1.81836 
4.44446e-12 3.6798e-11 3.15281e-12 
2.55934e-13 2.72127e-13 2.07928e-12 
0.051182 0.0542474 0.294303 
7.97243 8.44801 44.8113 
0 0 0 
3.12066e-13 3.31768e-13 2.49725e-12 
0.0229181 0.0243682 0.186193 
27.1223 28.7467 155.957 
449.071 475.859 2524.13 
0.300558 0.318493 1.69276 
3.12066e-13 3.31768e-13 2.49725e-12 
0.107269 0.114057 0.871487 
48.6075 51.5187 279.5 
102.248 108.348 574.715 
0.178947 0.189625 1.00784 
2.75621e-13 2.9306e-13 2.23922e-12 
0.0359003 0.0380504 0.206432 
0 0 0 
4.10197e-12 4.34675e-12 2.31025e-11 
$escByGroup
 5.00009e-07 5.00004e-07 2.23878 5e-07 5.00009e-07 0.173377 172.488 419.737 5.00013e-07 5.00009e-07 1.59658 246.83 451.699 5.00014e-07 5.00008e-07 5.00007e-07 5e-07 5.00004e-07 5.00024e-07 5.00005e-07 5e-07 5e-07 5.00022e-07 5.00028e-07 97.3661 185.148 0.147478 5.00022e-07 5.00024e-07 11.5512 9.02524 0.347883 5.00024e-07 5.00011e-07 5e-07 5.00004e-07 5.00007e-07 5.00003e-07 3.77589 5e-07 5.00008e-07 0.103511 31.7543 1022.33 1.75909 5.00006e-07 0.400574 25.3242 169.232 5.00012e-07 5.00007e-07 5.00004e-07 5e-07 5.00002e-07 5.00007e-07 5.00001e-07 1.42316 5e-07 5.00006e-07 0.688863 25.0115 229.459 0.228019 5.00007e-07 32.9545 372.728 421.652 0.074837 5.00007e-07 1.58868 2.1359 5.00001e-07 5.00004e-07 0.0716382 7.9871 5e-07 5.00004e-07 1.57826 37.9625 449.898 0.310977 5.00004e-07 7.3871 68.0347 102.436 0.18515 5.00005e-07 0.0502488 5e-07 5.00001e-07
$catchByGroup
3.43121e-12 2.55226e-11 3.89741 0 4.65459e-12 0.0169151 267.198 730.706 8.94236e-11 4.65459e-12 0.155766 382.362 786.347 9.5811e-11 3.29396e-12 4.04842e-11 0 2.55496e-11 1.03422e-11 3.3888e-11 0 0 1.30719e-11 1.20152e-11 172.809 369.808 0.291517 1.28738e-11 1.03422e-11 20.5016 18.0267 0.687653 1.04943e-11 7.53067e-11 0 3.50662e-11 3.36233e-12 2.60488e-11 11.2583 0 5.02638e-12 0.0127063 80.8259 3048.19 5.17085 3.71515e-12 0.0491717 64.459 504.585 1.38633e-10 3.36233e-12 4.50844e-11 0 2.37952e-11 3.44368e-13 4.07263e-12 1.7078 0 4.13708e-13 0.00821672 20.2024 275.353 0.263176 4.34394e-13 0.393079 301.062 505.988 0.0863755 3.28715e-13 1.28322 2.5631 4.44446e-12 2.55934e-13 0.051182 7.97243 0 3.12066e-13 0.0229181 27.1223 449.071 0.300558 3.12066e-13 0.107269 48.6075 102.248 0.178947 2.75621e-13 0.0359003 0 4.10197e-12 
2.83708e-13 2.88587e-12 0.450038 0 3.9009e-13 0.00139862 30.2124 84.3754 1.03068e-11 3.9009e-13 0.0128795 43.234 90.8004 1.10429e-11 2.7236e-13 4.57759e-12 0 2.94479e-12 5.50307e-13 2.57619e-12 0 0 7.06395e-13 6.39327e-13 13.137 28.7893 0.0226469 6.95692e-13 5.50307e-13 1.55854 1.40336 0.0534212 5.584e-13 5.72486e-12 0 2.72416e-12 3.66459e-13 4.1035e-12 1.81687 0 5.56758e-13 0.00138486 12.7326 491.919 0.832707 4.11517e-13 0.00535921 10.1543 81.4305 2.23252e-11 3.66459e-13 7.10221e-12 0 3.83194e-12 4.78286e-12 3.46882e-11 14.1013 0 5.62084e-12 0.11412 172.072 2273.59 2.17897 5.90189e-12 5.4594 2564.26 4177.93 0.715148 4.56545e-12 10.9297 21.1635 3.6798e-11 2.72127e-13 0.0542474 8.44801 0 3.31768e-13 0.0243682 28.7467 475.859 0.318493 3.31768e-13 0.114057 51.5187 108.348 0.189625 2.9306e-13 0.0380504 0 4.34675e-12 
2.38253e-14 2.48919e-13 0.0388928 0 3.27946e-14 0.000117453 2.60595 7.29182 8.90568e-13 3.27946e-14 0.00108159 3.72912 7.84707 9.5418e-13 2.28723e-14 3.94837e-13 0 2.54448e-13 9.86501e-14 4.6978e-13 0 0 1.26719e-13 1.14608e-13 2.3956 5.25636 0.00413442 1.24799e-13 9.86501e-14 0.284207 0.256227 0.00975261 1.00101e-13 1.04396e-12 0 4.97324e-13 6.67518e-15 7.82818e-14 0.0347757 0 1.01606e-14 2.52257e-05 0.242898 9.41555 0.0159337 7.51e-15 9.76198e-05 0.193713 1.55862 4.27189e-13 6.67518e-15 1.35488e-13 0 7.33235e-14 2.41178e-13 2.88677e-12 1.21158 0 2.89882e-13 0.00575457 14.3199 195.345 0.186692 3.04376e-13 0.275293 213.399 358.966 0.0612732 2.30215e-13 0.909575 1.81836 3.15281e-12 2.07928e-12 0.294303 44.8113 0 2.49725e-12 0.186193 155.957 2524.13 1.69276 2.49725e-12 0.871487 279.5 574.715 1.00784 2.23922e-12 0.206432 0 2.31025e-11 
$Fmort
 0.40574 0.230011 0.143169
#ESTIMATED_PARAMETERS
$availability
1.38912 1.54733 1.72003 0.152101 0.191551 
0.194249 0.138378 0.314342 3.99361 0.359421 
0.0261198 0.0397677 0.00914573 0.301431 4.62427 
$selectivity
 0.1638 1.47891 1.57447 1.56601 0.216814
$RunSize
 3.89081e-11 4.51333e-11 6.62512 0 4.04644e-11 0.191808 472.504 1242.11 1.5252e-10 4.04644e-11 1.76631 676.155 1336.69 1.63414e-10 3.73517e-11 7.15908e-11 0 4.3577e-11 1.0583e-10 5.60276e-11 0 0 1.02717e-10 1.22949e-10 285.708 589.002 0.465776 1.01161e-10 1.0583e-10 33.8955 28.7115 1.09871 1.07386e-10 1.24506e-10 0 5.60276e-11 3.11264e-11 4.04644e-11 16.8858 0 3.57954e-11 0.117628 125.556 4571.85 7.77859 2.64575e-11 0.455202 100.131 756.807 2.08547e-10 3.11264e-11 7.00345e-11 0 3.57954e-11 3.42391e-11 4.66897e-11 18.4438 0 3.11264e-11 0.816955 231.606 2973.74 2.85686 3.26828e-11 39.0823 3451.45 5464.53 0.937634 3.26828e-11 14.7111 27.6809 4.8246e-11 2.02322e-11 0.471371 69.2188 0 1.86759e-11 1.81174 249.788 3898.96 2.62279 1.86759e-11 8.47992 447.66 887.747 1.56156 2.17885e-11 0.330631 0 3.57954e-11
