$ndistricts
3
$ngroups
90
$nstocks
5
$nagecomps
18
$AgeCompLabels
 0.1 0.2 0.3 0.4 0.5 1.1 1.2 1.3 1.4 1.5 2.1 2.2 2.3 2.4 3.1 3.2 3.3 3.4
$navailpar
15
$nselectpar
5
$GENdata
-1
$maxGradient
0.000947956
#LIKELIHOOD_VALUES_AND_PENALTIES
$totalNLL
-247513
$NLLcatch
-146276
$NLLescape
-117285
$NLLagecompCatch
8645.1
$NLLagecompEsc
7402.67
$NLLgenetics
0
$NLLselOne
3.05233e-15
$NLLavailOne
2.2306e-05
$NLLextra
5.18903e-10
#OBSERVED_AND_PREDICTED_VALUES
$predEsc
 11213.3 286.27 896.487 1167.46 1614.55
$obsEsc
 11218.4 294.2 925.362 1032.04 1706.9
$predCatch
 14991.8 2257.33 391.118
$obsCatch
 14991.8 2257.33 391.118
$RunSize
 1.25699e-10 2.2225e-10 0 1.47559e-10 0 5.1416 4981.87 1665.8 0.38603 1.0566e-10 307.374 17058 320.487 1.29342e-10 1.54846e-10 40.9082 0 1.25699e-10 1.73064e-10 9.65512e-11 0 1.23877e-10 0 0 395.476 205.442 8.95194e-08 1.09303e-10 1.73064e-10 79.0462 37.2015 1.42094e-10 1.56668e-10 0 0 8.19775e-11 3.09693e-11 7.65123e-11 0 2.18607e-11 0 4.28497 437.426 356.288 5.64734e-11 9.47295e-11 11.7913 1127.4 801.781 2.32585 3.46127e-11 0 3.01745 1.63955e-11 1.82172e-11 0.337797 0 2.18607e-11 0 0 49.7874 79.7736 2.91475e-11 2.00389e-11 8.65054 1767.81 746.973 1.82172e-11 1.82172e-11 27.3936 13.5141 0.132235 2.00389e-11 1.64317 0 1.82172e-11 0 0 1544.68 12.8989 0.343134 1.45738e-11 4.88129 674.417 35.0867 1.82172e-11 2.00389e-11 6.13144 2.4508 2.00389e-11
$SSageCompEsc
 2575 88.5 1251 1936 2163
$obsAgeCompEsc
0 0 0 0 0 0.000363419 0.243269 0.0671093 0 0 0.0210755 0.655549 0.0120842 0 0 0.000549028 0 0 
0 0 0 0 0 0 0.601116 0.250188 0 0 0 0.102692 0.0460043 0 0 0 0 0 
0 0 0 0 0 0.00318486 0.188712 0.110966 0 0 0.00878252 0.448268 0.237244 0.00165752 0 0 0.00118525 0 
0 0 0 0 0 0 0.0310962 0.035044 0 0 0.00461071 0.712926 0.202329 0 0 0.00879523 0.00508509 0.000113071 
0 0 0 0 0 0 0.723562 0.00185774 0 0 0.00306556 0.261416 0.00751193 0 0 0.00123068 0.00135575 0 
$predAgeCompEsc
8.29393e-15 9.21581e-15 0 8.3992e-15 0 0.000339256 0.206578 0.0534684 2.19731e-05 2.89246e-15 0.0202814 0.707328 0.0102869 7.36226e-15 1.02172e-14 0.0016963 0 7.15487e-15 
4.34658e-13 1.46533e-13 0 2.64879e-13 0 0 0.6002 0.23693 1.91414e-10 1.06415e-13 4.34658e-13 0.119966 0.0429034 3.03831e-13 3.9348e-13 0 0 1.75287e-13 
2.36163e-14 3.1752e-14 0 1.37899e-14 0 0.0032676 0.181528 0.103375 3.56239e-14 2.16973e-14 0.00899169 0.467861 0.232633 0.00146717 2.63947e-14 0 0.0008755 1.03424e-14 
1.17356e-14 0.000135646 0 1.218e-14 0 0 0.0199927 0.0240518 1.624e-14 4.98801e-15 0.00557272 0.709885 0.225213 1.015e-14 1.17356e-14 0.0110002 0.00407451 7.36766e-05 
1.0896e-14 0.000721365 0 9.26949e-15 0 0 0.678125 0.00500217 0.000174597 5.22357e-15 0.00265416 0.296074 0.0136066 9.26949e-15 1.0896e-14 0.00269175 0.000950416 1.01964e-14 
$SSageCompCatch
 2912 3388 2291
$obsAgeCompCatch
0 0 0 0 0 0 0.215439 0.0854063 3.5175e-05 0 0.00268619 0.649815 0.0441717 0 0 0.00244645 0 0 
0 0.000229569 0 0 0 0.000194328 0.055692 0.0406234 0 0 0.0051517 0.656719 0.230449 0 0 0.00774406 0.00319644 0 
0 0.00123008 0 0 0 0 0.548543 0.02243 0.000241624 0 0.000322165 0.36368 0.0577526 0 0 0.00471045 0.00108988 0 
$predAgeCompCatch
5.92666e-15 1.18233e-05 0 7.21225e-15 0 0.000170161 0.209188 0.0924641 1.01539e-05 1.44753e-14 0.00535253 0.635033 0.05591 6.3113e-05 6.18379e-15 0.00155364 0.000242943 3.98078e-07 
3.443e-15 0.00010459 0 5.1932e-15 0 6.18326e-05 0.120332 0.0583994 7.68914e-06 1.19208e-14 0.00253701 0.603118 0.205942 2.83249e-05 3.56267e-15 0.0060752 0.0033766 1.74702e-05 
3.7528e-15 0.00062534 0 5.0361e-15 0 6.15983e-06 0.593953 0.0152146 8.0012e-05 9.66322e-15 0.00115767 0.339779 0.0444253 1.11682e-06 3.75787e-15 0.0031147 0.00164107 2.08647e-06 
$genSS
 0 0 0
$obsGenComp     #GeneticFracData
-1 -1 -1 -1 -1 
-1 -1 -1 -1 -1 
-1 -1 -1 -1 -1 
$predGenComp     #catchGenComp_pred
0 0 0 0 0 
0 0 0 0 0 
0 0 0 0 0 
#PARAMETERS_OF_INTEREST
$catchByGroup
3.11948e-11 1.45588e-12 4.55932e-14 
1.12405e-10 6.30572e-12 1.99114e-13 
0 0 0 
5.07773e-11 2.52004e-12 7.91322e-14 
0 0 0 
1.27599 0.0595515 0.00186495 
2519.63 141.347 4.46326 
1002.77 61.5117 1.95062 
0.132838 0.00659269 0.000207018 
6.86531e-11 4.43168e-12 1.40889e-13 
76.2814 3.5601 0.11149 
8627.27 483.973 15.2823 
192.927 11.8344 0.375287 
4.45085e-11 2.20893e-12 6.93628e-14 
3.84283e-11 1.79348e-12 5.61656e-14 
20.6897 1.16066 0.0366496 
0 0 0 
4.32547e-11 2.1467e-12 6.74089e-14 
4.71084e-11 1.43032e-12 9.55638e-14 
5.25122e-11 1.95952e-12 1.31667e-13 
0 0 0 
4.64385e-11 1.51082e-12 1.01129e-13 
0 0 0 
0 0 0 
215.091 8.02622 0.539308 
131.817 5.43339 0.366158 
3.35586e-08 1.09179e-09 7.30806e-11 
7.5332e-11 3.28594e-12 2.21824e-13 
4.71084e-11 1.43032e-12 9.55638e-14 
42.9916 1.60425 0.107795 
23.8694 0.983879 0.066304 
5.32676e-11 1.733e-12 1.16001e-13 
4.26455e-11 1.29482e-12 8.65104e-14 
0 0 0 
0 0 0 
3.07313e-11 9.99809e-13 6.69236e-14 
9.21524e-12 5.78376e-13 3.93368e-15 
4.4541e-11 3.48201e-12 2.40085e-14 
0 0 0 
8.89314e-12 6.0096e-13 4.10557e-15 
0 0 0 
1.27504 0.0800253 0.000544272 
254.644 19.9069 0.137258 
242.421 21.0461 0.146139 
2.29739e-11 1.55248e-12 1.0606e-14 
6.8888e-11 6.34586e-12 4.42474e-14 
3.50862 0.220211 0.00149771 
656.307 51.3069 0.353762 
545.538 47.3616 0.328868 
0.94618 0.0639388 0.000436809 
1.02994e-11 6.46421e-13 4.39647e-15 
0 0 0 
2.0531 0.178243 0.00123767 
6.66985e-12 4.5072e-13 3.07917e-15 
5.60183e-13 3.88007e-12 7.61094e-14 
0.0250857 0.150873 0.00347602 
0 0 0 
9.86599e-13 6.51947e-12 1.34908e-13 
0 0 0 
0 0 0 
3.69735 22.2371 0.512326 
7.65438 42.9682 1.0714 
1.31547e-12 8.69263e-12 1.79878e-13 
2.17465e-12 1.17348e-11 3.06202e-13 
0.266006 1.84247 0.036141 
131.282 789.575 18.1913 
71.6731 402.34 10.0322 
8.22166e-13 5.43289e-12 1.12424e-13 
5.60183e-13 3.88007e-12 7.61094e-14 
2.03432 12.2351 0.281888 
1.29669 7.27905 0.1815 
0.00596791 0.0394361 0.000816058 
7.72905e-13 4.27336e-13 1.24659e-12 
0.152168 0.0852203 0.241106 
0 0 0 
1.02928e-12 5.7148e-13 1.65044e-12 
0 0 0 
0 0 0 
143.046 80.112 226.653 
1.5388 0.867458 2.41638 
0.0193872 0.0107642 0.0310871 
1.96295e-12 1.11082e-12 3.0663e-12 
0.188272 0.104095 0.303657 
62.4552 34.9775 98.9587 
4.18574 2.3596 6.57289 
1.02928e-12 5.7148e-13 1.65044e-12 
7.72905e-13 4.27336e-13 1.24659e-12 
0.567808 0.317997 0.899678 
0.292373 0.164818 0.459115 
1.13221e-12 6.28629e-13 1.81548e-12 
$escByGroup
 5.00023e-07 5.00026e-07 5e-07 5.00024e-07 5e-07 3.80418 2316.43 599.558 0.246392 5.00008e-07 227.422 7931.5 115.351 5.00021e-07 5.00029e-07 19.0212 5e-07 5.0002e-07 5.00031e-07 5.0001e-07 5e-07 5.00019e-07 5e-07 5e-07 171.819 67.8259 5.14085e-07 5.00008e-07 5.00031e-07 34.3426 12.2819 5.00022e-07 5.00028e-07 5e-07 5e-07 5.00013e-07 5.00005e-07 5.00007e-07 5e-07 5.00003e-07 5e-07 2.92936 162.738 92.6746 5.00008e-07 5.00005e-07 8.06093 419.432 208.552 1.3153 5.00006e-07 5e-07 0.784875 5.00002e-07 5.00003e-07 0.158362 5e-07 5.00004e-07 5e-07 5e-07 23.3407 28.0795 5.00005e-07 5.00001e-07 6.50592 828.762 262.928 5.00003e-07 5.00003e-07 12.8423 4.75682 0.0860145 5.00004e-07 1.16468 5e-07 5.00004e-07 5e-07 5e-07 1094.86 8.07623 0.281896 5.00002e-07 4.28527 478.026 21.9684 5.00004e-07 5.00004e-07 4.34595 1.53449 5.00004e-07
$catchByGroup
3.11948e-11 1.12405e-10 0 5.07773e-11 0 1.27599 2519.63 1002.77 0.132838 6.86531e-11 76.2814 8627.27 192.927 4.45085e-11 3.84283e-11 20.6897 0 4.32547e-11 4.71084e-11 5.25122e-11 0 4.64385e-11 0 0 215.091 131.817 3.35586e-08 7.5332e-11 4.71084e-11 42.9916 23.8694 5.32676e-11 4.26455e-11 0 0 3.07313e-11 9.21524e-12 4.4541e-11 0 8.89314e-12 0 1.27504 254.644 242.421 2.29739e-11 6.8888e-11 3.50862 656.307 545.538 0.94618 1.02994e-11 0 2.0531 6.66985e-12 5.60183e-13 0.0250857 0 9.86599e-13 0 0 3.69735 7.65438 1.31547e-12 2.17465e-12 0.266006 131.282 71.6731 8.22166e-13 5.60183e-13 2.03432 1.29669 0.00596791 7.72905e-13 0.152168 0 1.02928e-12 0 0 143.046 1.5388 0.0193872 1.96295e-12 0.188272 62.4552 4.18574 1.02928e-12 7.72905e-13 0.567808 0.292373 1.13221e-12 
1.45588e-12 6.30572e-12 0 2.52004e-12 0 0.0595515 141.347 61.5117 0.00659269 4.43168e-12 3.5601 483.973 11.8344 2.20893e-12 1.79348e-12 1.16066 0 2.1467e-12 1.43032e-12 1.95952e-12 0 1.51082e-12 0 0 8.02622 5.43339 1.09179e-09 3.28594e-12 1.43032e-12 1.60425 0.983879 1.733e-12 1.29482e-12 0 0 9.99809e-13 5.78376e-13 3.48201e-12 0 6.0096e-13 0 0.0800253 19.9069 21.0461 1.55248e-12 6.34586e-12 0.220211 51.3069 47.3616 0.0639388 6.46421e-13 0 0.178243 4.5072e-13 3.88007e-12 0.150873 0 6.51947e-12 0 0 22.2371 42.9682 8.69263e-12 1.17348e-11 1.84247 789.575 402.34 5.43289e-12 3.88007e-12 12.2351 7.27905 0.0394361 4.27336e-13 0.0852203 0 5.7148e-13 0 0 80.112 0.867458 0.0107642 1.11082e-12 0.104095 34.9775 2.3596 5.7148e-13 4.27336e-13 0.317997 0.164818 6.28629e-13 
4.55932e-14 1.99114e-13 0 7.91322e-14 0 0.00186495 4.46326 1.95062 0.000207018 1.40889e-13 0.11149 15.2823 0.375287 6.93628e-14 5.61656e-14 0.0366496 0 6.74089e-14 9.55638e-14 1.31667e-13 0 1.01129e-13 0 0 0.539308 0.366158 7.30806e-11 2.21824e-13 9.55638e-14 0.107795 0.066304 1.16001e-13 8.65104e-14 0 0 6.69236e-14 3.93368e-15 2.40085e-14 0 4.10557e-15 0 0.000544272 0.137258 0.146139 1.0606e-14 4.42474e-14 0.00149771 0.353762 0.328868 0.000436809 4.39647e-15 0 0.00123767 3.07917e-15 7.61094e-14 0.00347602 0 1.34908e-13 0 0 0.512326 1.0714 1.79878e-13 3.06202e-13 0.036141 18.1913 10.0322 1.12424e-13 7.61094e-14 0.281888 0.1815 0.000816058 1.24659e-12 0.241106 0 1.65044e-12 0 0 226.653 2.41638 0.0310871 3.0663e-12 0.303657 98.9587 6.57289 1.65044e-12 1.24659e-12 0.899678 0.459115 1.81548e-12 
$Fmort
 0.486945 0.142221 0.0329365
#ESTIMATED_PARAMETERS
$availability
1.38912 1.54733 1.72003 0.152101 0.191551 
0.194249 0.138378 0.314342 3.99361 0.359421 
0.0261198 0.0397677 0.00914573 0.301431 4.62427 
$selectivity
 0.421696 1.04185 1.36194 0.623526 1.55099
$RunSize
 1.25699e-10 2.2225e-10 0 1.47559e-10 0 5.1416 4981.87 1665.8 0.38603 1.0566e-10 307.374 17058 320.487 1.29342e-10 1.54846e-10 40.9082 0 1.25699e-10 1.73064e-10 9.65512e-11 0 1.23877e-10 0 0 395.476 205.442 8.95194e-08 1.09303e-10 1.73064e-10 79.0462 37.2015 1.42094e-10 1.56668e-10 0 0 8.19775e-11 3.09693e-11 7.65123e-11 0 2.18607e-11 0 4.28497 437.426 356.288 5.64734e-11 9.47295e-11 11.7913 1127.4 801.781 2.32585 3.46127e-11 0 3.01745 1.63955e-11 1.82172e-11 0.337797 0 2.18607e-11 0 0 49.7874 79.7736 2.91475e-11 2.00389e-11 8.65054 1767.81 746.973 1.82172e-11 1.82172e-11 27.3936 13.5141 0.132235 2.00389e-11 1.64317 0 1.82172e-11 0 0 1544.68 12.8989 0.343134 1.45738e-11 4.88129 674.417 35.0867 1.82172e-11 2.00389e-11 6.13144 2.4508 2.00389e-11
