$ndistricts
3
$ngroups
90
$nstocks
5
$nagecomps
18
$AgeCompLabels
 0.1 0.2 0.3 0.4 0.5 1.1 1.2 1.3 1.4 1.5 2.1 2.2 2.3 2.4 3.1 3.2 3.3 3.4
$navailpar
15
$nselectpar
5
$GENdata
-1
$maxGradient
0.00514739
#LIKELIHOOD_VALUES_AND_PENALTIES
$totalNLL
-275193
$NLLcatch
-251124
$NLLescape
-88167
$NLLagecompCatch
49471.4
$NLLagecompEsc
14626.8
$NLLgenetics
0
$NLLselOne
8.93216e-13
$NLLavailOne
2.2306e-05
$NLLextra
0.0583208
#OBSERVED_AND_PREDICTED_VALUES
$predEsc
 6593.94 183.864 2291.66 2357.75 749.147
$obsEsc
 6970.02 168.76 2092.58 2191.58 749.478
$predCatch
 17272.2 10371.8 2149.01
$obsCatch
 17272.2 10371.8 2149.01
$RunSize
 5.12501e-11 24.1351 17.5631 3.02841e-11 1.16477e-11 6.30207 617.687 1186.24 4.80493e-08 6.98865e-12 1.21137e-10 12638.9 2218.03 3.55198 5.59092e-11 9.7841e-11 0 2.79546e-11 4.19319e-11 6.75569e-11 0 3.49432e-11 1.39773e-11 0 261.217 205.031 1.44898e-09 4.6591e-12 5.35796e-11 34.0804 37.6652 5.12501e-11 4.19319e-11 7.68751e-11 0 2.5625e-11 1.63068e-11 2.53713 5.60619 1.59793 1.63068e-11 0 2001.88 3844.81 29.019 2.5625e-11 2.69362 1676.83 1896.75 4.19319e-11 1.86364e-11 4.6591e-11 0 2.5625e-11 1.63068e-11 0.449923 1.3318 1.16477e-11 2.79546e-11 0 2498.23 433.591 2.48789 3.02841e-11 11.2057 4443.85 4731.47 16.1893 1.39773e-11 257.109 13.3134 1.39773e-11 9.31819e-12 4.83007 49.5542 2.09659e-11 0.0269998 0 466.305 868.323 15.6221 0.0269998 0.782791 905.027 537.526 4.6591e-11 4.6591e-12 1.39773e-11 0 1.39773e-11
$SSageCompEsc
 2912 88.5 3523 3581 2335
$obsAgeCompEsc
0 0.00166001 0.000878066 0 0 0.000795626 0.030689 0.0314509 0 0 0 0.880072 0.0539584 0.00049597 0 0 0 0 
0 0 0 0 0 0 0.601116 0.250188 0 0 0 0.102692 0.0460043 0 0 0 0 0 
0 0.000430762 0.000568186 0.000434444 0 0 0.278124 0.310298 0.000680026 0 0.000913529 0.264255 0.144296 0 0 0 0 0 
0 0.000208089 0.000149876 0 0 0 0.247464 0.0537641 3.78934e-05 0 0.0040223 0.410022 0.263092 0.000341224 0 0.0207481 0.000149876 0 
0 0.00237151 0.0182266 0 0 0.000114469 0.211127 0.239525 0 0 0.00092913 0.39861 0.129097 0 0 0 0 0 
$predAgeCompEsc
6.6729e-15 0.00152463 0.0008218 1.00976e-15 -2.44721e-15 0.000820546 0.0390197 0.0555058 1.6021e-12 -1.46833e-15 1.57723e-14 0.798405 0.103785 0.000118433 7.27952e-15 6.18068e-15 0 9.32085e-16 
1.93156e-13 1.43087e-13 0 3.78857e-14 -1.1523e-13 0 0.553263 0.316425 1.57099e-12 -3.84101e-14 2.4681e-13 0.072183 0.0581288 5.55657e-14 1.93156e-13 1.62823e-13 0 2.77829e-14 
5.86826e-15 0.000346517 0.000482707 7.3423e-05 -8.23548e-15 0 0.273414 0.331048 0.00133339 -1.29415e-14 0.000969337 0.229018 0.163315 1.92672e-15 6.70658e-15 6.36332e-15 0 1.17744e-15 
5.57081e-15 4.63576e-05 6.53727e-05 6.77374e-17 -2.36708e-14 0 0.257404 0.0212833 1.44683e-05 -2.56434e-14 0.00382815 0.457871 0.232249 9.41488e-05 4.77498e-15 0.0264911 0.000653505 8.12849e-17 
1.05774e-14 0.00217137 0.0129081 1.9968e-15 -7.20812e-05 0 0.209628 0.226185 0.00148785 -7.20812e-05 0.000888569 0.406857 0.140018 4.43734e-15 5.28868e-15 6.28353e-15 0 1.3312e-15 
$SSageCompCatch
 11719 22555 2652
$obsAgeCompCatch
0 0.000999618 0.00121406 0 0 3.91355e-05 0.116975 0.249752 0.00173351 0 8.39496e-05 0.41429 0.213779 8.39496e-05 0 0.000910668 0.000140164 0 
0 1.41041e-05 0.000683564 0 0 0 0.179432 0.069626 0.000695382 0 0.000185251 0.366391 0.363227 0.00129125 0 0.0174274 0.00102698 0 
0 0.00123772 0.00886311 0 0 0 0.148597 0.240069 0.00599523 0 0 0.316059 0.277463 0.000341497 0 0.00137414 0 0 
$predAgeCompCatch
9.20275e-16 0.000862522 0.00123492 7.16339e-05 1.56319e-06 4.80418e-05 0.112481 0.216302 0.00145682 1.56319e-06 3.58384e-05 0.47517 0.190809 0.000259444 9.70154e-16 0.00118701 7.85242e-05 3.59899e-15 
3.78817e-16 0.000198384 0.000780761 1.82375e-05 2.60319e-06 5.53032e-06 0.175573 0.0839184 0.000724748 2.60319e-06 0.000190229 0.350991 0.369621 0.00127161 3.40178e-16 0.0157652 0.000936075 1.88416e-15 
5.9008e-16 0.00112313 0.0131588 1.508e-06 1.25638e-05 1.99612e-06 0.154487 0.246226 0.00476732 1.25638e-05 8.24796e-05 0.308955 0.265396 0.000497119 3.37116e-16 0.00494853 0.000329278 4.79898e-15 
$genSS
 0 0 0
$obsGenComp     #GeneticFracData
-1 -1 -1 -1 -1 
-1 -1 -1 -1 -1 
-1 -1 -1 -1 -1 
$predGenComp     #catchGenComp_pred
0 0 0 0 0 
0 0 0 0 0 
0 0 0 0 0 
#PARAMETERS_OF_INTEREST
$catchByGroup
6.74806e-12 4.66459e-13 3.48848e-14 
12.836 1.15759 0.0881811 
10.9798 1.0814 0.0829226 
2.11824e-11 2.26832e-12 1.75077e-13 
1.16477e-11 1.16314e-11 4.50541e-12 
0.829788 0.0573591 0.00428968 
328.511 29.626 2.25681 
741.598 73.0396 5.60073 
3.36084e-08 3.59896e-09 2.7778e-10 
6.98865e-12 6.97882e-12 2.70325e-12 
1.595e-11 1.10254e-12 8.24551e-14 
6721.86 606.195 46.1778 
1386.64 136.569 10.4722 
2.48446 0.266048 0.0205346 
7.36152e-12 5.08865e-13 3.80562e-14 
5.20358e-11 4.69273e-12 3.57476e-13 
0 0 0 
1.9553e-11 2.09384e-12 1.6161e-13 
6.10192e-12 2.72234e-13 4.34479e-14 
3.85485e-11 2.3245e-12 3.7544e-13 
0 0 0 
2.57851e-11 1.88525e-12 3.071e-13 
1.39773e-11 1.38474e-11 7.33925e-12 
0 0 0 
149.052 8.98796 1.45168 
136.305 9.07501 1.47203 
1.06922e-09 7.81751e-11 1.27344e-11 
4.6591e-12 4.61579e-12 2.44642e-12 
7.7969e-12 3.47854e-13 5.55168e-14 
19.4465 1.17264 0.189398 
25.0399 1.66712 0.270418 
3.78181e-11 2.76504e-12 4.50414e-13 
6.10192e-12 2.72234e-13 4.34479e-14 
4.38655e-11 2.64512e-12 4.27224e-13 
0 0 0 
1.89091e-11 1.38252e-12 2.25207e-13 
2.61541e-12 2.39502e-13 3.88737e-15 
1.5458 0.193983 0.00324962 
3.94283 0.54788 0.0092823 
1.23728 0.189155 0.0032407 
1.63068e-11 1.63064e-11 2.56647e-12 
0 0 0 
1219.69 153.059 2.56406 
2704.05 375.745 6.36595 
22.4693 3.43512 0.0588521 
2.5625e-11 2.56244e-11 4.03303e-12 
0.432022 0.0395617 0.000642129 
1021.64 128.206 2.14772 
1333.98 185.365 3.1405 
3.24678e-11 4.96369e-12 8.50403e-14 
2.98904e-12 2.73717e-13 4.44271e-15 
2.83865e-11 3.56224e-12 5.96749e-14 
0 0 0 
1.98414e-11 3.03337e-12 5.1969e-14 
2.50145e-13 2.79448e-12 1.27636e-13 
0.0358775 0.286136 0.0186095 
0.135675 0.971204 0.0707863 
1.43658e-12 9.29761e-12 7.53847e-13 
2.79542e-11 2.79546e-11 2.78557e-11 
0 0 0 
199.212 1588.79 103.331 
44.1714 316.193 23.0458 
0.306844 1.98591 0.161017 
3.02837e-11 3.02841e-11 3.0177e-11 
0.171895 1.92031 0.0877087 
354.359 2826.15 183.805 
482.011 3450.39 251.482 
1.99671 12.9228 1.04778 
2.1441e-13 2.39527e-12 1.09402e-13 
20.5022 163.513 10.6344 
1.35629 9.70874 0.707622 
1.72389e-12 1.11571e-11 9.04617e-13 
1.79654e-13 1.56319e-13 1.05823e-12 
0.479935 0.419888 2.30357 
6.27141 5.49738 28.1154 
3.20275e-12 2.81281e-12 1.34545e-11 
0.0269997 0.0269996 0.0269998 
0 0 0 
46.3339 40.5369 222.392 
109.892 96.3289 492.656 
2.38642 2.09587 10.0251 
0.0269998 0.0269996 0.0269998 
0.0150922 0.0131319 0.0888986 
89.9271 78.6759 431.628 
68.0274 59.6314 304.974 
7.11723e-12 6.25069e-12 2.98988e-11 
8.98271e-14 7.81596e-14 5.29116e-13 
1.38884e-12 1.21508e-12 6.66609e-12 
0 0 0 
2.13517e-12 1.87521e-12 8.96965e-12 
$escByGroup
 5.00011e-07 10.0533 5.4189 5.00002e-07 4.99996e-07 5.41063 257.293 366.002 5.02655e-07 4.99998e-07 5.00026e-07 5264.63 684.349 0.78094 5.00012e-07 5.0001e-07 5e-07 5.00002e-07 5.00009e-07 5.00007e-07 5e-07 5.00002e-07 4.99995e-07 5e-07 101.725 58.1791 5.00072e-07 4.99998e-07 5.00011e-07 13.2718 10.6878 5.00003e-07 5.00009e-07 5.00007e-07 5e-07 5.00001e-07 5.00003e-07 0.794098 1.1062 0.16826 4.99995e-07 5e-07 626.57 758.649 3.05566 4.99993e-07 2.22139 524.831 374.262 5.00001e-07 5.00004e-07 5.00004e-07 5e-07 5.00001e-07 5.00003e-07 0.1093 0.154132 5e-07 4.99986e-07 5e-07 606.895 50.1806 0.0341127 4.99985e-07 9.02583 1079.54 547.585 0.221979 5.00003e-07 62.4594 1.5408 5e-07 5.00002e-07 1.62667 9.67009 5e-07 1.85181e-11 5e-07 157.042 169.446 1.11462 1.8518e-11 0.665668 304.796 104.894 5.00001e-07 5.00001e-07 5.00001e-07 5e-07 5e-07
$catchByGroup
6.74806e-12 12.836 10.9798 2.11824e-11 1.16477e-11 0.829788 328.511 741.598 3.36084e-08 6.98865e-12 1.595e-11 6721.86 1386.64 2.48446 7.36152e-12 5.20358e-11 0 1.9553e-11 6.10192e-12 3.85485e-11 0 2.57851e-11 1.39773e-11 0 149.052 136.305 1.06922e-09 4.6591e-12 7.7969e-12 19.4465 25.0399 3.78181e-11 6.10192e-12 4.38655e-11 0 1.89091e-11 2.61541e-12 1.5458 3.94283 1.23728 1.63068e-11 0 1219.69 2704.05 22.4693 2.5625e-11 0.432022 1021.64 1333.98 3.24678e-11 2.98904e-12 2.83865e-11 0 1.98414e-11 2.50145e-13 0.0358775 0.135675 1.43658e-12 2.79542e-11 0 199.212 44.1714 0.306844 3.02837e-11 0.171895 354.359 482.011 1.99671 2.1441e-13 20.5022 1.35629 1.72389e-12 1.79654e-13 0.479935 6.27141 3.20275e-12 0.0269997 0 46.3339 109.892 2.38642 0.0269998 0.0150922 89.9271 68.0274 7.11723e-12 8.98271e-14 1.38884e-12 0 2.13517e-12 
4.66459e-13 1.15759 1.0814 2.26832e-12 1.16314e-11 0.0573591 29.626 73.0396 3.59896e-09 6.97882e-12 1.10254e-12 606.195 136.569 0.266048 5.08865e-13 4.69273e-12 0 2.09384e-12 2.72234e-13 2.3245e-12 0 1.88525e-12 1.38474e-11 0 8.98796 9.07501 7.81751e-11 4.61579e-12 3.47854e-13 1.17264 1.66712 2.76504e-12 2.72234e-13 2.64512e-12 0 1.38252e-12 2.39502e-13 0.193983 0.54788 0.189155 1.63064e-11 0 153.059 375.745 3.43512 2.56244e-11 0.0395617 128.206 185.365 4.96369e-12 2.73717e-13 3.56224e-12 0 3.03337e-12 2.79448e-12 0.286136 0.971204 9.29761e-12 2.79546e-11 0 1588.79 316.193 1.98591 3.02841e-11 1.92031 2826.15 3450.39 12.9228 2.39527e-12 163.513 9.70874 1.11571e-11 1.56319e-13 0.419888 5.49738 2.81281e-12 0.0269996 0 40.5369 96.3289 2.09587 0.0269996 0.0131319 78.6759 59.6314 6.25069e-12 7.81596e-14 1.21508e-12 0 1.87521e-12 
3.48848e-14 0.0881811 0.0829226 1.75077e-13 4.50541e-12 0.00428968 2.25681 5.60073 2.7778e-10 2.70325e-12 8.24551e-14 46.1778 10.4722 0.0205346 3.80562e-14 3.57476e-13 0 1.6161e-13 4.34479e-14 3.7544e-13 0 3.071e-13 7.33925e-12 0 1.45168 1.47203 1.27344e-11 2.44642e-12 5.55168e-14 0.189398 0.270418 4.50414e-13 4.34479e-14 4.27224e-13 0 2.25207e-13 3.88737e-15 0.00324962 0.0092823 0.0032407 2.56647e-12 0 2.56406 6.36595 0.0588521 4.03303e-12 0.000642129 2.14772 3.1405 8.50403e-14 4.44271e-15 5.96749e-14 0 5.1969e-14 1.27636e-13 0.0186095 0.0707863 7.53847e-13 2.78557e-11 0 103.331 23.0458 0.161017 3.0177e-11 0.0877087 183.805 251.482 1.04778 1.09402e-13 10.6344 0.707622 9.04617e-13 1.05823e-12 2.30357 28.1154 1.34545e-11 0.0269998 0 222.392 492.656 10.0251 0.0269998 0.0888986 431.628 304.974 2.98988e-11 5.29116e-13 6.66609e-12 0 8.96965e-12 
$Fmort
 15.044 6.96736 3.85871
#ESTIMATED_PARAMETERS
$availability
1.38912 1.54733 1.72003 0.152101 0.191551 
0.194249 0.138378 0.314342 3.99361 0.359421 
0.0261198 0.0397677 0.00914573 0.301431 4.62427 
$selectivity
 0.00675581 0.0363168 0.0469555 0.0575255 4.85245
$RunSize
 5.12501e-11 24.1351 17.5631 3.02841e-11 1.16477e-11 6.30207 617.687 1186.24 4.80493e-08 6.98865e-12 1.21137e-10 12638.9 2218.03 3.55198 5.59092e-11 9.7841e-11 0 2.79546e-11 4.19319e-11 6.75569e-11 0 3.49432e-11 1.39773e-11 0 261.217 205.031 1.44898e-09 4.6591e-12 5.35796e-11 34.0804 37.6652 5.12501e-11 4.19319e-11 7.68751e-11 0 2.5625e-11 1.63068e-11 2.53713 5.60619 1.59793 1.63068e-11 0 2001.88 3844.81 29.019 2.5625e-11 2.69362 1676.83 1896.75 4.19319e-11 1.86364e-11 4.6591e-11 0 2.5625e-11 1.63068e-11 0.449923 1.3318 1.16477e-11 2.79546e-11 0 2498.23 433.591 2.48789 3.02841e-11 11.2057 4443.85 4731.47 16.1893 1.39773e-11 257.109 13.3134 1.39773e-11 9.31819e-12 4.83007 49.5542 2.09659e-11 0.0269998 0 466.305 868.323 15.6221 0.0269998 0.782791 905.027 537.526 4.6591e-11 4.6591e-12 1.39773e-11 0 1.39773e-11
