$ndistricts
3
$ngroups
90
$nstocks
5
$nagecomps
18
$AgeCompLabels
 0.1 0.2 0.3 0.4 0.5 1.1 1.2 1.3 1.4 1.5 2.1 2.2 2.3 2.4 3.1 3.2 3.3 3.4
$navailpar
15
$nselectpar
5
$GENdata
-1
$maxGradient
0.000213623
#LIKELIHOOD_VALUES_AND_PENALTIES
$totalNLL
-84220.4
$NLLcatch
-57232
$NLLescape
-42386.8
$NLLagecompCatch
7580.66
$NLLagecompEsc
7817.79
$NLLgenetics
0
$NLLselOne
1.8216e-09
$NLLavailOne
2.2306e-05
$NLLextra
5.59967e-10
#OBSERVED_AND_PREDICTED_VALUES
$predEsc
 3831.01 155.101 967.278 827.601 670.593
$obsEsc
 3755.18 174.336 1016.45 804.246 704.436
$predCatch
 5397.54 2101.17 445.458
$obsCatch
 5397.54 2101.17 445.458
$RunSize
 9.03203e-11 1.00711e-10 0 0 8.79224e-11 0 94.5205 178.826 2.57693 9.19189e-11 1.75723 2027.43 5426.79 1.25489e-10 9.19189e-11 9.81851 0 1.0231e-10 1.11901e-11 1.91831e-11 0 0 1.11901e-11 0 91.5517 194.467 2.55774e-11 1.03908e-11 1.11901e-11 5.13536 37.1172 2.1581e-11 1.11901e-11 1.91831e-11 1.09318 2.1581e-11 5.43521e-11 7.51337e-11 0 0 5.59506e-11 0 109.786 797.755 6.5702e-10 5.19542e-11 4.93317 290.946 1309.97 1.0151e-10 5.51514e-11 1.97048 0 7.51337e-11 4.15633e-11 4.55598e-11 0 0 4.39612e-11 0 2.83357 93.2036 4.8757e-11 4.55598e-11 0.360598 342.127 2060.15 0.190946 4.63591e-11 51.1714 27.9252 4.63591e-11 3.27711e-11 2.47781e-11 0.579306 0 3.11725e-11 0 68.5894 423.678 0.701444 3.11725e-11 0.634663 242.061 494.355 2.63767e-11 3.27711e-11 0.742224 0 2.47781e-11
$SSageCompEsc
 2861 998 1313 1292 1503
$obsAgeCompEsc
0 0 0 0 0 0 0.0159184 0.0269422 0 0 0.000470798 0.313666 0.641046 0 0 0.00195677 0 0 
0 0 0 0 0 0 0.323651 0.55351 0 0 0 0.0179524 0.10181 0 0 0 0.00307692 0 
0 0 0 0 0 0 0.0578215 0.339466 0 0 0.00490777 0.142176 0.454444 0 0 0.00118545 0 0 
0 0 0 0 0 0 0.00181084 0.0326214 0 0 0.000443586 0.182893 0.76786 0 0 0.0113274 0.00304353 0 
0 0 0.000625569 0 0 0 0.0652028 0.378439 0.00127465 0 0.00092531 0.230987 0.322545 0 0 0 0 0 
$predAgeCompEsc
2.35672e-14 1.51888e-14 0 0 2.29399e-14 0 0.0142552 0.0216193 0.000341645 2.39827e-14 0.000458513 0.305769 0.656076 1.66372e-14 2.39843e-14 0.00148078 0 1.35641e-14 
7.21178e-14 6.83781e-14 0 0 7.21124e-14 0 0.326336 0.547736 7.9457e-14 6.69615e-14 7.21178e-14 0.018305 0.104544 6.70419e-14 7.21178e-14 6.83781e-14 0.00307905 6.70419e-14 
5.6164e-14 3.81951e-14 0 0 5.78108e-14 0 0.0558108 0.299078 2.80222e-13 5.36815e-14 0.00509762 0.147906 0.491107 4.32947e-14 5.69899e-14 0.00100172 0 3.20449e-14 
5.01945e-14 2.41221e-14 0 0 5.30851e-14 0 0.00150027 0.033745 2.0797e-14 5.50155e-14 0.000435481 0.181143 0.745891 8.14472e-05 5.59862e-14 0.0270933 0.0101105 1.97742e-14 
4.88546e-14 2.33901e-14 0.000444291 0 4.64689e-14 0 0.064747 0.324934 0.000587806 4.64689e-14 0.000946144 0.228501 0.379139 2.21035e-14 4.88546e-14 0.000700645 0 2.07639e-14 
$SSageCompCatch
 2653 3232 2290
$obsAgeCompCatch
0 0 0 0 0 0 0.0201568 0.0855266 0.000693178 0 0 0.176628 0.716464 0 0 0.000234729 0.000295738 0 
0 0 0 0 0 0 0.00654141 0.0810911 0 0 0 0.127577 0.758874 9.29307e-05 0 0.0175851 0.00823824 0 
0 0 0.0003271 0 0 0 0.0375629 0.269105 0 0 0 0.146428 0.535713 0 0 0.00524771 0.00561602 0 
$predAgeCompCatch
1.17225e-17 1.58325e-14 9.53168e-06 0 1.38343e-17 0 0.0240838 0.127166 0.000225562 1.37053e-17 5.22961e-07 0.177088 0.669571 2.24726e-06 1.19262e-17 0.00137852 0.000475289 1.86964e-14 
1.23893e-17 1.49694e-14 2.2091e-05 0 1.5271e-17 0 0.00776366 0.0764056 7.21047e-05 1.56677e-17 2.06188e-07 0.125288 0.770155 5.10399e-05 1.35309e-17 0.0121903 0.00805243 1.76868e-14 
1.62083e-17 1.58664e-14 0.000411942 0 1.83996e-17 0 0.0383946 0.310046 0.000463262 1.84589e-17 3.03551e-07 0.153006 0.493622 9.35535e-06 1.63531e-17 0.00250076 0.0015454 1.8938e-14 
$genSS
 0 0 0
$obsGenComp     #GeneticFracData
-1 -1 -1 -1 -1 
-1 -1 -1 -1 -1 
-1 -1 -1 -1 -1 
$predGenComp     #catchGenComp_pred
0 0 0 0 0 
0 0 0 0 0 
0 0 0 0 0 
#PARAMETERS_OF_INTEREST
$catchByGroup
3.18991e-14 2.13516e-15 1.01779e-16 
3.91059e-11 3.25887e-12 1.57787e-13 
0 0 0 
0 0 0 
3.67235e-14 2.45816e-15 1.17176e-16 
0 0 0 
36.7021 3.05855 0.148088 
87.7258 7.89221 0.384342 
1.16183 0.101326 0.00492275 
3.83927e-14 2.56989e-15 1.22502e-16 
0.000620614 4.15407e-05 1.98016e-06 
787.248 65.6049 3.17645 
2662.19 239.503 11.6635 
5.65781e-11 4.93428e-12 2.39725e-13 
3.24636e-14 2.17295e-15 1.0358e-16 
3.8125 0.317713 0.015383 
0 0 0 
4.61274e-11 4.02285e-12 1.95444e-13 
4.40211e-15 1.88447e-16 1.91985e-17 
8.08757e-12 4.44285e-13 4.57399e-14 
0 0 0 
0 0 0 
5.20609e-15 2.22872e-16 2.27056e-17 
0 0 0 
38.5981 2.12036 0.218295 
102.724 6.15352 0.635989 
1.24587e-11 7.20565e-13 7.43542e-14 
4.83422e-15 2.06952e-16 2.10837e-17 
4.40211e-15 1.88447e-16 1.91985e-17 
2.16506 0.118936 0.0122447 
19.6065 1.1745 0.121389 
1.0512e-11 6.07977e-13 6.27364e-14 
4.40211e-15 1.88447e-16 1.91985e-17 
8.08757e-12 4.44285e-13 4.57399e-14 
0.577453 0.0345915 0.00357516 
1.0512e-11 6.07977e-13 6.27364e-14 
2.37677e-14 2.07923e-15 2.14455e-17 
3.42524e-11 3.89481e-12 4.12382e-14 
0 0 0 
0 0 0 
2.8935e-14 2.53137e-15 2.6109e-17 
0 0 0 
50.0496 5.69109 0.0602572 
451.67 56.193 0.60077 
3.44232e-10 4.12955e-11 4.39747e-13 
2.68683e-14 2.35056e-15 2.42441e-17 
0.00215723 0.000188718 1.94646e-06 
132.638 15.0821 0.159689 
741.675 92.2729 0.986508 
5.31843e-11 6.38021e-12 6.79414e-14 
2.41172e-14 2.10981e-15 2.17609e-17 
0.898312 0.102146 0.00108152 
0 0 0 
3.93648e-11 4.72236e-12 5.02873e-14 
1.60755e-15 2.01959e-14 5.40501e-16 
2.38711e-12 2.23922e-11 8.16979e-13 
0 0 0 
0 0 0 
2.01089e-15 2.5262e-14 6.76116e-16 
0 0 0 
0.148465 1.39267 0.0508116 
6.63498 56.3555 2.28572 
3.09723e-12 2.7384e-11 1.06412e-12 
2.08401e-15 2.61807e-14 7.00702e-16 
1.39469e-05 0.000175217 4.68932e-06 
17.9258 168.152 6.13502 
146.658 1245.67 50.523 
0.0121297 0.107244 0.00416741 
1.79303e-15 2.25262e-14 6.02867e-16 
2.68114 25.1503 0.917607 
1.98794 16.885 0.684837 
2.94491e-12 2.60372e-11 1.01179e-12 
1.59623e-15 1.43343e-15 6.53721e-15 
1.62372e-12 1.46311e-12 6.00609e-12 
0.0514476 0.0464169 0.183503 
0 0 0 
1.79572e-15 1.61258e-15 7.35413e-15 
0 0 0 
4.49469 4.05011 16.6257 
37.6264 33.9472 134.206 
0.0556457 0.0501788 0.201441 
1.79572e-15 1.61258e-15 7.35413e-15 
3.09134e-05 2.77606e-05 0.000126603 
15.8624 14.2934 58.6744 
43.9032 39.6102 156.593 
2.09247e-12 1.8869e-12 7.57489e-12 
1.59623e-15 1.43343e-15 6.53721e-15 
0.0486383 0.0438273 0.179911 
0 0 0 
1.96566e-12 1.77254e-12 7.1158e-12 
$escByGroup
 5.00023e-07 5.00015e-07 5e-07 5e-07 5.00022e-07 5e-07 54.6117 82.8238 1.30885 5.00023e-07 1.75657 1171.4 2513.43 5.00016e-07 5.00023e-07 5.67291 5e-07 5.00013e-07 5.00003e-07 5.00003e-07 5e-07 5e-07 5.00003e-07 5e-07 50.6149 84.9542 5.00003e-07 5.00003e-07 5.00003e-07 2.83912 16.2149 5.00003e-07 5.00003e-07 5.00003e-07 0.477563 5.00003e-07 5.00014e-07 5.00009e-07 5e-07 5e-07 5.00014e-07 5e-07 53.9845 289.291 5.00068e-07 5.00013e-07 4.93082 143.066 475.037 5.0001e-07 5.00014e-07 0.968937 5e-07 5.00008e-07 5.0001e-07 5.00005e-07 5e-07 5e-07 5.00011e-07 5e-07 1.24162 27.9274 5.00004e-07 5.00011e-07 0.360404 149.914 617.3 0.0674058 5.00012e-07 22.4224 8.36747 5.00004e-07 5.00008e-07 5.00004e-07 0.297938 5e-07 5.00008e-07 5e-07 43.4189 217.899 0.394178 5.00008e-07 0.634478 153.231 254.248 5.00004e-07 5.00008e-07 0.469847 5e-07 5.00003e-07
$catchByGroup
3.18991e-14 3.91059e-11 0 0 3.67235e-14 0 36.7021 87.7258 1.16183 3.83927e-14 0.000620614 787.248 2662.19 5.65781e-11 3.24636e-14 3.8125 0 4.61274e-11 4.40211e-15 8.08757e-12 0 0 5.20609e-15 0 38.5981 102.724 1.24587e-11 4.83422e-15 4.40211e-15 2.16506 19.6065 1.0512e-11 4.40211e-15 8.08757e-12 0.577453 1.0512e-11 2.37677e-14 3.42524e-11 0 0 2.8935e-14 0 50.0496 451.67 3.44232e-10 2.68683e-14 0.00215723 132.638 741.675 5.31843e-11 2.41172e-14 0.898312 0 3.93648e-11 1.60755e-15 2.38711e-12 0 0 2.01089e-15 0 0.148465 6.63498 3.09723e-12 2.08401e-15 1.39469e-05 17.9258 146.658 0.0121297 1.79303e-15 2.68114 1.98794 2.94491e-12 1.59623e-15 1.62372e-12 0.0514476 0 1.79572e-15 0 4.49469 37.6264 0.0556457 1.79572e-15 3.09134e-05 15.8624 43.9032 2.09247e-12 1.59623e-15 0.0486383 0 1.96566e-12 
2.13516e-15 3.25887e-12 0 0 2.45816e-15 0 3.05855 7.89221 0.101326 2.56989e-15 4.15407e-05 65.6049 239.503 4.93428e-12 2.17295e-15 0.317713 0 4.02285e-12 1.88447e-16 4.44285e-13 0 0 2.22872e-16 0 2.12036 6.15352 7.20565e-13 2.06952e-16 1.88447e-16 0.118936 1.1745 6.07977e-13 1.88447e-16 4.44285e-13 0.0345915 6.07977e-13 2.07923e-15 3.89481e-12 0 0 2.53137e-15 0 5.69109 56.193 4.12955e-11 2.35056e-15 0.000188718 15.0821 92.2729 6.38021e-12 2.10981e-15 0.102146 0 4.72236e-12 2.01959e-14 2.23922e-11 0 0 2.5262e-14 0 1.39267 56.3555 2.7384e-11 2.61807e-14 0.000175217 168.152 1245.67 0.107244 2.25262e-14 25.1503 16.885 2.60372e-11 1.43343e-15 1.46311e-12 0.0464169 0 1.61258e-15 0 4.05011 33.9472 0.0501788 1.61258e-15 2.77606e-05 14.2934 39.6102 1.8869e-12 1.43343e-15 0.0438273 0 1.77254e-12 
1.01779e-16 1.57787e-13 0 0 1.17176e-16 0 0.148088 0.384342 0.00492275 1.22502e-16 1.98016e-06 3.17645 11.6635 2.39725e-13 1.0358e-16 0.015383 0 1.95444e-13 1.91985e-17 4.57399e-14 0 0 2.27056e-17 0 0.218295 0.635989 7.43542e-14 2.10837e-17 1.91985e-17 0.0122447 0.121389 6.27364e-14 1.91985e-17 4.57399e-14 0.00357516 6.27364e-14 2.14455e-17 4.12382e-14 0 0 2.6109e-17 0 0.0602572 0.60077 4.39747e-13 2.42441e-17 1.94646e-06 0.159689 0.986508 6.79414e-14 2.17609e-17 0.00108152 0 5.02873e-14 5.40501e-16 8.16979e-13 0 0 6.76116e-16 0 0.0508116 2.28572 1.06412e-12 7.00702e-16 4.68932e-06 6.13502 50.523 0.00416741 6.02867e-16 0.917607 0.684837 1.01179e-12 6.53721e-15 6.00609e-12 0.183503 0 7.35413e-15 0 16.6257 134.206 0.201441 7.35413e-15 0.000126603 58.6744 156.593 7.57489e-12 6.53721e-15 0.179911 0 7.1158e-12 
$Fmort
 0.25428 0.121696 0.0431406
#ESTIMATED_PARAMETERS
$availability
1.38912 1.54733 1.72003 0.152101 0.191551 
0.194249 0.138378 0.314342 3.99361 0.359421 
0.0261198 0.0397677 0.00914573 0.301431 4.62427 
$selectivity
 0.00100004 1.39149 1.9094 1.69693 0.00118272
$RunSize
 9.03203e-11 1.00711e-10 0 0 8.79224e-11 0 94.5205 178.826 2.57693 9.19189e-11 1.75723 2027.43 5426.79 1.25489e-10 9.19189e-11 9.81851 0 1.0231e-10 1.11901e-11 1.91831e-11 0 0 1.11901e-11 0 91.5517 194.467 2.55774e-11 1.03908e-11 1.11901e-11 5.13536 37.1172 2.1581e-11 1.11901e-11 1.91831e-11 1.09318 2.1581e-11 5.43521e-11 7.51337e-11 0 0 5.59506e-11 0 109.786 797.755 6.5702e-10 5.19542e-11 4.93317 290.946 1309.97 1.0151e-10 5.51514e-11 1.97048 0 7.51337e-11 4.15633e-11 4.55598e-11 0 0 4.39612e-11 0 2.83357 93.2036 4.8757e-11 4.55598e-11 0.360598 342.127 2060.15 0.190946 4.63591e-11 51.1714 27.9252 4.63591e-11 3.27711e-11 2.47781e-11 0.579306 0 3.11725e-11 0 68.5894 423.678 0.701444 3.11725e-11 0.634663 242.061 494.355 2.63767e-11 3.27711e-11 0.742224 0 2.47781e-11
