$ndistricts
3
$ngroups
90
$nstocks
5
$nagecomps
18
$AgeCompLabels
 0.1 0.2 0.3 0.4 0.5 1.1 1.2 1.3 1.4 1.5 2.1 2.2 2.3 2.4 3.1 3.2 3.3 3.4
$navailpar
15
$nselectpar
5
$GENdata
-1
$maxGradient
0.000127807
#LIKELIHOOD_VALUES_AND_PENALTIES
$totalNLL
-239618
$NLLcatch
-154535
$NLLescape
-108187
$NLLagecompCatch
16622.4
$NLLagecompEsc
6481.83
$NLLgenetics
0
$NLLselOne
1.01053e-16
$NLLavailOne
2.2306e-05
$NLLextra
5.59952e-10
#OBSERVED_AND_PREDICTED_VALUES
$predEsc
 5586.14 5203.74 1993.5 1321.23 823.271
$obsEsc
 5500.13 5396.59 1939.67 1290.14 815.104
$predCatch
 5123.76 11187.7 3219.42
$obsCatch
 5123.76 11187.7 3219.42
$RunSize
 1.03335e-10 6.31491e-11 0 0 0 0 1549.85 256.29 20.0944 4.4013e-11 1.01421e-10 6104.97 90.3406 3.29141e-10 1.03335e-10 1.30125e-10 0 2.98523e-10 1.70311e-10 7.27171e-11 0 0 0 38.9231 4492.94 1662.49 7.38653e-10 4.59266e-11 1.53089e-10 950.877 426.595 22.6671 1.83706e-10 2.12411e-10 0 0.546575 3.82722e-11 3.63586e-11 0 0 0 0 897.548 1225.36 18.6029 3.4445e-11 4.01858e-11 554.787 709.627 1.14817e-10 4.01858e-11 5.93219e-11 0 9.95076e-11 3.06177e-11 4.4013e-11 0 0 0 0 1130.69 296.064 8.61124e-11 4.97538e-11 25.2015 9411.75 579.664 1.83687 3.06177e-11 19.2579 37.3381 4.97538e-11 1.72225e-11 2.48769e-11 0 0 0 0.600273 1833.06 819.029 4.34256 3.25313e-11 0.380521 1053.9 221.603 0.934253 1.72225e-11 0.579555 0 2.87041e-11
$SSageCompEsc
 1471 1006 1412 1313 1374
$obsAgeCompEsc
0 0 0 0 0 0 0.272427 0.0279234 0.00183165 0 0 0.691769 0.0060488 0 0 0 0 0 
0 0 0 0 0 0.00655557 0.792176 0.124001 0 0 0 0.0738648 0.00340231 0 0 0 0 0 
0 0 0 0 0 0 0.336517 0.337294 0.0045705 0 0 0.163798 0.157821 0 0 0 0 0 
0 0 0 0 0 0 0.136001 0.0253231 0 0 0.0174593 0.784028 0.0339486 0 0 0.00062602 0.0026137 0 
0 0 0 0 0 0.000719709 0.473608 0.184028 0.000448967 0 0.000454334 0.299255 0.0408499 0.00063628 0 0 0 0 
$predAgeCompEsc
1.8194e-14 7.89358e-15 0 0 0 0 0.19373 0.0302632 0.00222341 3.16161e-15 1.78571e-14 0.763116 0.0106676 3.6419e-14 1.8194e-14 1.62656e-14 0 3.30311e-14 
3.21759e-14 9.70489e-15 0 0 0 0.00735353 0.599631 0.209588 8.72775e-14 3.5556e-15 2.89222e-14 0.126905 0.0537801 0.00267829 3.47066e-14 2.83485e-14 0 6.4582e-05 
1.87843e-14 1.11837e-14 0 0 0 0 0.276082 0.347329 0.00479385 4.35818e-15 1.97235e-14 0.17065 0.201144 2.95875e-14 1.97235e-14 1.82472e-14 0 2.56425e-14 
2.13122e-14 3.9105e-15 0 0 0 0 0.10046 0.0142817 9.32252e-16 -5.90195e-15 0.0175421 0.836222 0.0279621 1.98859e-05 2.13122e-14 0.00171104 0.00180113 5.38635e-16 
1.97965e-14 6.89858e-15 0 0 0 0.000689989 0.508322 0.155517 0.000444284 -8.73836e-15 0.000437393 0.292255 0.0420779 9.55827e-05 1.97965e-14 0.000160715 0 2.9367e-15 
$SSageCompCatch
 5148 6243 3821
$obsAgeCompCatch
0 0 0 0 0 0 0.25086 0.201318 0.00297085 0 0 0.443366 0.0995249 0.00182129 0 9.09757e-05 0 4.81773e-05 
0 0 0 0 0 0 0.133391 0.0534826 0.000145199 0 0.000297248 0.752223 0.0555111 0.000357085 0 0.00152322 0.00306959 0 
0 0 0 0 0 0 0.399245 0.167507 0.00106188 0 0 0.372648 0.0584405 0 0 0.000700318 0.000397049 0 
$predAgeCompCatch
8.34657e-16 8.48847e-15 0 0 0 0.000104719 0.345865 0.180806 0.00234054 1.22436e-14 6.82102e-06 0.395349 0.0737923 0.00137144 8.76334e-16 0.000105703 0.000225481 3.25717e-05 
3.171e-16 4.58589e-15 0 0 0 9.89274e-06 0.143814 0.0589625 0.000489761 6.96699e-15 0.000171386 0.734124 0.0579488 0.000298628 3.21434e-16 0.00137868 0.00279867 3.39396e-06 
2.9883e-16 5.77097e-15 0 0 0 1.31426e-05 0.378605 0.178349 0.00100191 1.12232e-14 2.87027e-05 0.381614 0.0588332 0.000319391 3.00526e-16 0.000459286 0.000774208 1.75408e-06 
$genSS
 0 0 0
$obsGenComp     #GeneticFracData
-1 -1 -1 -1 -1 
-1 -1 -1 -1 -1 
-1 -1 -1 -1 -1 
$predGenComp     #catchGenComp_pred
0 0 0 0 0 
0 0 0 0 0 
0 0 0 0 0 
#PARAMETERS_OF_INTEREST
$catchByGroup
1.27727e-12 3.96394e-13 2.68007e-14 
1.40135e-11 4.71135e-12 3.29593e-13 
0 0 0 
0 0 0 
0 0 0 
0 0 0 
343.929 115.629 8.08911 
63.9514 21.7547 1.52973 
5.60576 1.93171 0.136604 
1.88553e-11 6.98605e-12 5.10427e-13 
1.25362e-12 3.89053e-13 2.63044e-14 
1354.76 455.472 31.8636 
22.5425 7.66839 0.539219 
9.1821e-11 3.16409e-11 2.23755e-12 
1.27727e-12 3.96394e-13 2.68007e-14 
2.88763e-11 9.70823e-12 6.79162e-13 
0 0 0 
8.32795e-11 2.86976e-11 2.0294e-12 
2.34323e-12 4.65663e-13 6.72469e-14 
1.77308e-11 3.90762e-12 5.77052e-13 
0 0 0 
0 0 0 
0 0 0 
0.535526 0.106423 0.0153687 
1095.52 241.438 35.654 
454.967 101.803 15.0842 
2.25538e-10 5.13142e-11 7.63164e-12 
2.12952e-11 5.3205e-12 8.08456e-13 
2.10628e-12 4.18573e-13 6.04467e-14 
231.854 51.0975 7.54575 
116.744 26.1225 3.8706 
6.92109 1.57468 0.234192 
2.52753e-12 5.02288e-13 7.2536e-14 
5.17925e-11 1.14144e-11 1.6856e-12 
0 0 0 
0.166889 0.0379705 0.00564712 
5.84891e-13 2.37297e-13 3.4759e-15 
9.7098e-12 4.28743e-12 6.65586e-14 
0 0 0 
0 0 0 
0 0 0 
0 0 0 
239.696 105.84 1.64307 
366.541 163.852 2.56589 
6.19509 2.80687 0.0443793 
1.72124e-11 8.40412e-12 1.40401e-13 
6.14135e-13 2.49162e-13 3.64969e-15 
148.16 65.4209 1.0156 
212.271 94.8895 1.48595 
3.8236e-11 1.7324e-11 2.73908e-13 
6.14135e-13 2.49162e-13 3.64969e-15 
1.58423e-11 6.99528e-12 1.08596e-13 
0 0 0 
3.31378e-11 1.50141e-11 2.37387e-13 
4.16682e-14 2.32622e-12 9.15157e-14 
1.19275e-12 3.50743e-11 2.57927e-12 
0 0 0 
0 0 0 
0 0 0 
0 0 0 
30.6414 901.052 66.2611 
9.16077 248.27 19.7637 
3.02939e-12 7.53324e-11 6.51886e-12 
2.95564e-12 4.83296e-11 6.26646e-12 
0.0342972 1.91471 0.0753267 
255.057 7500.3 551.553 
17.9359 486.088 38.6954 
0.06462 1.60692 0.139054 
4.16682e-14 2.32622e-12 9.15157e-14 
0.521886 15.3467 1.12856 
1.15531 31.3106 2.4925 
1.75031e-12 4.35254e-11 3.76645e-12 
2.95123e-14 1.22043e-13 7.73018e-13 
8.46012e-13 3.32482e-12 1.50267e-11 
0 0 0 
0 0 0 
0 0 0 
0.00102862 0.00425369 0.0269428 
62.3385 244.989 1107.24 
31.7861 123.975 535.235 
0.191507 0.740705 3.04459 
2.41473e-12 8.90418e-12 2.84065e-11 
0.000652059 0.00269647 0.0170794 
35.8409 140.854 636.599 
8.60032 33.5435 144.818 
0.0412006 0.159354 0.655008 
2.95123e-14 1.22043e-13 7.73018e-13 
0.0197095 0.0774579 0.350075 
0 0 0 
1.26585e-12 4.89602e-12 2.01246e-11 
$escByGroup
 5.00025e-07 5.00011e-07 5e-07 5e-07 5e-07 5e-07 1082.2 169.054 12.4203 5.00004e-07 5.00025e-07 4262.87 59.5906 5.00051e-07 5.00025e-07 5.00023e-07 5e-07 5.00046e-07 5.00042e-07 5.00013e-07 5e-07 5e-07 5e-07 38.2658 3120.32 1090.64 5.00114e-07 5.00005e-07 5.00038e-07 660.379 279.857 13.9371 5.00045e-07 5.00037e-07 5e-07 0.336068 5.00009e-07 5.00006e-07 5e-07 5e-07 5e-07 5e-07 550.369 692.4 9.55653 5.00002e-07 5.0001e-07 340.191 400.981 5.00015e-07 5.0001e-07 5.00009e-07 5e-07 5.00013e-07 5.00007e-07 5.00001e-07 5e-07 5e-07 5e-07 5e-07 132.731 18.8694 5e-07 4.99998e-07 23.1772 1104.84 36.9444 0.0262739 5.00007e-07 2.26068 2.37972 5e-07 5.00004e-07 5.00001e-07 5e-07 5e-07 5e-07 0.568048 418.487 128.032 0.365767 4.99998e-07 0.360094 240.605 34.6415 0.0786905 5.00004e-07 0.132312 5e-07 5.00001e-07
$catchByGroup
1.27727e-12 1.40135e-11 0 0 0 0 343.929 63.9514 5.60576 1.88553e-11 1.25362e-12 1354.76 22.5425 9.1821e-11 1.27727e-12 2.88763e-11 0 8.32795e-11 2.34323e-12 1.77308e-11 0 0 0 0.535526 1095.52 454.967 2.25538e-10 2.12952e-11 2.10628e-12 231.854 116.744 6.92109 2.52753e-12 5.17925e-11 0 0.166889 5.84891e-13 9.7098e-12 0 0 0 0 239.696 366.541 6.19509 1.72124e-11 6.14135e-13 148.16 212.271 3.8236e-11 6.14135e-13 1.58423e-11 0 3.31378e-11 4.16682e-14 1.19275e-12 0 0 0 0 30.6414 9.16077 3.02939e-12 2.95564e-12 0.0342972 255.057 17.9359 0.06462 4.16682e-14 0.521886 1.15531 1.75031e-12 2.95123e-14 8.46012e-13 0 0 0 0.00102862 62.3385 31.7861 0.191507 2.41473e-12 0.000652059 35.8409 8.60032 0.0412006 2.95123e-14 0.0197095 0 1.26585e-12 
3.96394e-13 4.71135e-12 0 0 0 0 115.629 21.7547 1.93171 6.98605e-12 3.89053e-13 455.472 7.66839 3.16409e-11 3.96394e-13 9.70823e-12 0 2.86976e-11 4.65663e-13 3.90762e-12 0 0 0 0.106423 241.438 101.803 5.13142e-11 5.3205e-12 4.18573e-13 51.0975 26.1225 1.57468 5.02288e-13 1.14144e-11 0 0.0379705 2.37297e-13 4.28743e-12 0 0 0 0 105.84 163.852 2.80687 8.40412e-12 2.49162e-13 65.4209 94.8895 1.7324e-11 2.49162e-13 6.99528e-12 0 1.50141e-11 2.32622e-12 3.50743e-11 0 0 0 0 901.052 248.27 7.53324e-11 4.83296e-11 1.91471 7500.3 486.088 1.60692 2.32622e-12 15.3467 31.3106 4.35254e-11 1.22043e-13 3.32482e-12 0 0 0 0.00425369 244.989 123.975 0.740705 8.90418e-12 0.00269647 140.854 33.5435 0.159354 1.22043e-13 0.0774579 0 4.89602e-12 
2.68007e-14 3.29593e-13 0 0 0 0 8.08911 1.52973 0.136604 5.10427e-13 2.63044e-14 31.8636 0.539219 2.23755e-12 2.68007e-14 6.79162e-13 0 2.0294e-12 6.72469e-14 5.77052e-13 0 0 0 0.0153687 35.654 15.0842 7.63164e-12 8.08456e-13 6.04467e-14 7.54575 3.8706 0.234192 7.2536e-14 1.6856e-12 0 0.00564712 3.4759e-15 6.65586e-14 0 0 0 0 1.64307 2.56589 0.0443793 1.40401e-13 3.64969e-15 1.0156 1.48595 2.73908e-13 3.64969e-15 1.08596e-13 0 2.37387e-13 9.15157e-14 2.57927e-12 0 0 0 0 66.2611 19.7637 6.51886e-12 6.26646e-12 0.0753267 551.553 38.6954 0.139054 9.15157e-14 1.12856 2.4925 3.76645e-12 7.73018e-13 1.50267e-11 0 0 0 0.0269428 1107.24 535.235 3.04459 2.84065e-11 0.0170794 636.599 144.818 0.655008 7.73018e-13 0.350075 0 2.01246e-11 
$Fmort
 0.206865 0.45714 0.229445
#ESTIMATED_PARAMETERS
$availability
1.38912 1.54733 1.72003 0.152101 0.191551 
0.194249 0.138378 0.314342 3.99361 0.359421 
0.0261198 0.0397677 0.00914573 0.301431 4.62427 
$selectivity
 0.043282 0.87317 0.998925 1.13821 1.94641
$RunSize
 1.03335e-10 6.31491e-11 0 0 0 0 1549.85 256.29 20.0944 4.4013e-11 1.01421e-10 6104.97 90.3406 3.29141e-10 1.03335e-10 1.30125e-10 0 2.98523e-10 1.70311e-10 7.27171e-11 0 0 0 38.9231 4492.94 1662.49 7.38653e-10 4.59266e-11 1.53089e-10 950.877 426.595 22.6671 1.83706e-10 2.12411e-10 0 0.546575 3.82722e-11 3.63586e-11 0 0 0 0 897.548 1225.36 18.6029 3.4445e-11 4.01858e-11 554.787 709.627 1.14817e-10 4.01858e-11 5.93219e-11 0 9.95076e-11 3.06177e-11 4.4013e-11 0 0 0 0 1130.69 296.064 8.61124e-11 4.97538e-11 25.2015 9411.75 579.664 1.83687 3.06177e-11 19.2579 37.3381 4.97538e-11 1.72225e-11 2.48769e-11 0 0 0 0.600273 1833.06 819.029 4.34256 3.25313e-11 0.380521 1053.9 221.603 0.934253 1.72225e-11 0.579555 0 2.87041e-11
