$ndistricts
3
$ngroups
90
$nstocks
5
$nagecomps
18
$AgeCompLabels
 0.1 0.2 0.3 0.4 0.5 1.1 1.2 1.3 1.4 1.5 2.1 2.2 2.3 2.4 3.1 3.2 3.3 3.4
$navailpar
15
$nselectpar
5
$GENdata
-1
$maxGradient
0.00127584
#LIKELIHOOD_VALUES_AND_PENALTIES
$totalNLL
-74518.3
$NLLcatch
-62472
$NLLescape
-30389.8
$NLLagecompCatch
13973.7
$NLLagecompEsc
4369.76
$NLLgenetics
0
$NLLselOne
3.10429e-14
$NLLavailOne
2.2306e-05
$NLLextra
0.0154993
#OBSERVED_AND_PREDICTED_VALUES
$predEsc
 1073.41 199.269 1911.36 995.645 850.34
$obsEsc
 1095.35 267 1830.36 968.872 866.368
$predCatch
 5280.54 2872.66 480.509
$obsCatch
 5280.54 2872.66 480.509
$RunSize
 6.97704e-11 5.61197e-11 0 0 0 0 128.277 2158.1 7.67805 4.77776e-11 6.29451e-11 24.7635 120.992 1.81251e-10 5.83948e-11 6.74953e-11 0 5.23278e-11 3.79187e-11 5.23278e-11 0 0 0 0 152.558 242.877 4.16153 5.53613e-11 4.01938e-11 12.3479 53.5797 1.24373e-10 4.70192e-11 5.53613e-11 0 4.77776e-11 8.7213e-11 7.50791e-11 0 0 0 0 36.5275 5479.63 52.7464 7.05288e-11 6.35485 24.0803 131.648 2.26597 9.25217e-11 8.19044e-11 0 5.53613e-11 6.14283e-11 4.09522e-11 0 0 0 0 8.45339 1267.42 7.64722 3.26101e-11 18.8282 580.216 1584.58 14.2813 2.2064 11.2028 7.76849 3.10933e-11 4.32273e-11 2.95766e-11 0 0 0 1.94314 304.441 1071.78 43.1175 0.0702341 2.77363 40.3194 54.0754 4.02356 4.62608e-11 3.56436e-11 0 2.35096e-11
$SSageCompEsc
 1305 411.5 1378 1242 1357
$obsAgeCompEsc
0 0 0 0 0 0 0.099823 0.832981 0.00310365 0 0 0.0132323 0.0508602 0 0 0 0 0 
0 0 0 0 0 0.000258602 0.462782 0.40656 0.00654437 0 0 0.027621 0.0962343 0 0 0 0 0 
0 0 0 0 0 0 0.0216509 0.926803 0.0132883 0 0.00353228 0.00751432 0.0269132 0.000297521 0 0 0 0 
0 0 0 0 0 0 0.00673879 0.380036 0.0042851 0 0.0181174 0.136347 0.441869 0.00451833 0.00242344 0.00349355 0.0021714 0 
0 0 0 0 0 0.00141654 0.182145 0.754829 0.000817825 0 0.00317286 0.0100871 0.0475324 0 0 0 0 0 
$predAgeCompEsc
6.17129e-14 2.54726e-14 0 0 0 0 0.0582245 0.878969 0.00228786 -9.01467e-15 5.56757e-14 0.0112401 0.0492786 5.40083e-14 5.1651e-14 3.0636e-14 0 1.55924e-14 
1.79841e-13 1.21149e-13 0 0 0 0 0.3532 0.501407 0.00619313 -4.39882e-14 1.90632e-13 0.0285877 0.110612 1.85091e-13 2.23003e-13 1.28172e-13 0 7.11019e-14 
4.27363e-14 1.52739e-14 0 0 0 0 0.00743108 0.955657 0.00569511 -1.18995e-14 0.00311402 0.00489884 0.0229596 0.00024466 4.53377e-14 1.66625e-14 0 5.97745e-15 
5.72781e-14 1.35563e-14 0 0 0 0 0.0027983 0.345135 0.00106718 -1.3844e-14 0.0175561 0.192067 0.431502 0.00199298 0.00205733 0.00370844 0.00211546 4.33912e-15 
4.91335e-14 2.084e-14 0 0 0 0.00220864 0.214512 0.693289 0.0214901 -4.6297e-05 0.00315259 0.0284095 0.0349791 0.00200537 5.25815e-14 2.51148e-14 0 1.17174e-14 
$SSageCompCatch
 6821 7359 2752
$obsAgeCompCatch
0 0 0 0 0 0.000193081 0.0120257 0.914141 0.00827263 0 3.02412e-05 0.0109923 0.0536756 0.000669433 0 0 0 0 
0 0 0 0 0 0 0.00910059 0.487552 0.00400378 0 0.000427337 0.1285 0.362866 0.00332633 0 0.00254907 0.00167501 0 
0 0 0 0 0 0 0.184218 0.629255 0.0429667 0.000141885 0.000141885 0.0604229 0.0770061 0.00496022 0 0.000190949 0.000695748 0 
$predAgeCompCatch
2.07439e-15 1.87214e-14 0 0 0 2.44364e-06 0.0347157 0.885102 0.00948988 5.27156e-06 9.2191e-05 0.0138659 0.0558105 0.000660205 2.20476e-06 0.000142177 0.000111598 2.04276e-14 
1.75023e-15 1.22505e-14 0 0 0 4.07771e-06 0.0141218 0.494601 0.00570258 8.98488e-06 0.000443367 0.120398 0.356785 0.00389023 4.99071e-05 0.00228367 0.00171123 1.26782e-14 
2.08619e-15 1.68753e-14 0 0 0 8.41502e-05 0.154197 0.670108 0.0311038 0.00011645 0.000174339 0.0418961 0.0979253 0.0036464 6.28984e-06 0.000415274 0.000327093 1.90755e-14 
$genSS
 0 0 0
$obsGenComp     #GeneticFracData
-1 -1 -1 -1 -1 
-1 -1 -1 -1 -1 
-1 -1 -1 -1 -1 
$predGenComp     #catchGenComp_pred
0 0 0 0 0 
0 0 0 0 0 
0 0 0 0 0 
#PARAMETERS_OF_INTEREST
$catchByGroup
3.29103e-12 2.27627e-13 8.28673e-15 
2.63359e-11 2.35374e-12 8.73306e-14 
0 0 0 
0 0 0 
0 0 0 
0 0 0 
60.1978 5.38011 0.199617 
1108.15 102.638 3.81889 
4.7239 0.480314 0.018007 
4.65486e-11 1.04774e-11 4.27983e-13 
2.96908e-12 2.0536e-13 7.47607e-15 
11.6211 1.03862 0.0385357 
62.1272 5.75431 0.214102 
1.11515e-10 1.13385e-11 4.25082e-13 
2.75445e-12 1.90514e-13 6.93563e-15 
3.16743e-11 2.83085e-12 1.05033e-13 
0 0 0 
3.21946e-11 3.27346e-12 1.22722e-13 
1.98688e-12 8.81696e-14 6.85664e-15 
2.64897e-11 1.57306e-12 1.23927e-13 
0 0 0 
0 0 0 
0 0 0 
0 0 0 
77.2288 4.58614 0.361301 
134.022 8.28617 0.654049 
2.72541 0.187169 0.0148504 
5.44228e-11 8.9508e-12 7.53267e-13 
2.1061e-12 9.34598e-14 7.26804e-15 
6.25082 0.371197 0.0292434 
29.5658 1.82796 0.144286 
8.14529e-11 5.5938e-12 4.43825e-13 
2.46373e-12 1.0933e-13 8.50223e-15 
2.80253e-11 1.66425e-12 1.31111e-13 
0 0 0 
3.12898e-11 2.14884e-12 1.70494e-13 
5.0648e-12 4.59983e-13 3.62709e-15 
4.08148e-11 5.02932e-12 4.09296e-14 
0 0 0 
0 0 0 
0 0 0 
0 0 0 
19.8573 2.44687 0.0199131 
3234.14 415.491 3.39715 
36.5821 5.23554 0.0433474 
6.97703e-11 2.32809e-11 2.21863e-13 
0.369051 0.033517 0.000264291 
13.0906 1.61307 0.0131275 
77.7 9.98214 0.0816163 
1.57155 0.224917 0.00186219 
5.37309e-12 4.87982e-13 3.84787e-15 
4.45252e-11 5.48653e-12 4.46505e-14 
0 0 0 
3.83957e-11 5.4951e-12 4.54964e-14 
3.24134e-13 3.99146e-12 8.41444e-14 
2.74446e-12 2.39811e-11 7.29435e-13 
0 0 0 
0 0 0 
0 0 0 
0 0 0 
0.566514 4.95019 0.150571 
96.143 802.001 25.6422 
0.759378 5.62088 0.204433 
1.07682e-11 3.24092e-11 3.2164e-12 
0.0993489 1.22341 0.0257908 
38.8839 339.767 10.3347 
120.202 1002.7 32.059 
1.41816 10.4971 0.381782 
0.0116423 0.143366 0.00302232 
0.75077 6.56022 0.199543 
0.589298 4.91577 0.157171 
3.08761e-12 2.28543e-11 8.31217e-13 
2.87057e-13 2.60588e-13 8.99519e-13 
2.47414e-12 2.25428e-12 7.12712e-12 
0 0 0 
0 0 0 
0 0 0 
0.0129037 0.0117139 0.0404349 
25.4671 23.204 73.3616 
101.363 92.4049 288.48 
5.32092 4.85768 14.665 
0.0278367 0.0258105 0.0559551 
0.0184187 0.0167203 0.0577166 
3.3728 3.07307 9.71583 
5.11415 4.66219 14.555 
0.496527 0.453299 1.36848 
3.07202e-13 2.78875e-13 9.62643e-13 
2.98166e-12 2.71669e-12 8.58909e-12 
0 0 0 
2.9012e-12 2.64862e-12 7.99603e-12 
$escByGroup
 5.00017e-07 5.00007e-07 5e-07 5e-07 5e-07 5e-07 62.499 943.498 2.45583 4.99998e-07 5.00015e-07 12.0653 52.8963 5.00014e-07 5.00014e-07 5.00008e-07 5e-07 5.00004e-07 5.00009e-07 5.00006e-07 5e-07 5e-07 5e-07 5e-07 70.3819 99.9149 1.2341 4.99998e-07 5.00009e-07 5.69664 22.0416 5.00009e-07 5.00011e-07 5.00006e-07 5e-07 5.00004e-07 5.0002e-07 5.00007e-07 5e-07 5e-07 5e-07 5e-07 14.2035 1826.61 10.8854 4.99994e-07 5.95202 9.36347 43.8841 0.467634 5.00022e-07 5.00008e-07 5e-07 5.00003e-07 5.00014e-07 5.00003e-07 5e-07 5e-07 5e-07 5e-07 2.78611 343.631 1.06253 4.99997e-07 17.4796 191.231 429.623 1.9843 2.04837 3.69228 2.10625 5.00001e-07 5.0001e-07 5.00004e-07 5e-07 5e-07 5e-07 1.87809 182.408 589.531 18.2739 2.54e-11 2.68078 24.1577 29.7441 1.70525 5.00011e-07 5.00005e-07 5e-07 5.00002e-07
$catchByGroup
3.29103e-12 2.63359e-11 0 0 0 0 60.1978 1108.15 4.7239 4.65486e-11 2.96908e-12 11.6211 62.1272 1.11515e-10 2.75445e-12 3.16743e-11 0 3.21946e-11 1.98688e-12 2.64897e-11 0 0 0 0 77.2288 134.022 2.72541 5.44228e-11 2.1061e-12 6.25082 29.5658 8.14529e-11 2.46373e-12 2.80253e-11 0 3.12898e-11 5.0648e-12 4.08148e-11 0 0 0 0 19.8573 3234.14 36.5821 6.97703e-11 0.369051 13.0906 77.7 1.57155 5.37309e-12 4.45252e-11 0 3.83957e-11 3.24134e-13 2.74446e-12 0 0 0 0 0.566514 96.143 0.759378 1.07682e-11 0.0993489 38.8839 120.202 1.41816 0.0116423 0.75077 0.589298 3.08761e-12 2.87057e-13 2.47414e-12 0 0 0 0.0129037 25.4671 101.363 5.32092 0.0278367 0.0184187 3.3728 5.11415 0.496527 3.07202e-13 2.98166e-12 0 2.9012e-12 
2.27627e-13 2.35374e-12 0 0 0 0 5.38011 102.638 0.480314 1.04774e-11 2.0536e-13 1.03862 5.75431 1.13385e-11 1.90514e-13 2.83085e-12 0 3.27346e-12 8.81696e-14 1.57306e-12 0 0 0 0 4.58614 8.28617 0.187169 8.9508e-12 9.34598e-14 0.371197 1.82796 5.5938e-12 1.0933e-13 1.66425e-12 0 2.14884e-12 4.59983e-13 5.02932e-12 0 0 0 0 2.44687 415.491 5.23554 2.32809e-11 0.033517 1.61307 9.98214 0.224917 4.87982e-13 5.48653e-12 0 5.4951e-12 3.99146e-12 2.39811e-11 0 0 0 0 4.95019 802.001 5.62088 3.24092e-11 1.22341 339.767 1002.7 10.4971 0.143366 6.56022 4.91577 2.28543e-11 2.60588e-13 2.25428e-12 0 0 0 0.0117139 23.204 92.4049 4.85768 0.0258105 0.0167203 3.07307 4.66219 0.453299 2.78875e-13 2.71669e-12 0 2.64862e-12 
8.28673e-15 8.73306e-14 0 0 0 0 0.199617 3.81889 0.018007 4.27983e-13 7.47607e-15 0.0385357 0.214102 4.25082e-13 6.93563e-15 1.05033e-13 0 1.22722e-13 6.85664e-15 1.23927e-13 0 0 0 0 0.361301 0.654049 0.0148504 7.53267e-13 7.26804e-15 0.0292434 0.144286 4.43825e-13 8.50223e-15 1.31111e-13 0 1.70494e-13 3.62709e-15 4.09296e-14 0 0 0 0 0.0199131 3.39715 0.0433474 2.21863e-13 0.000264291 0.0131275 0.0816163 0.00186219 3.84787e-15 4.46505e-14 0 4.54964e-14 8.41444e-14 7.29435e-13 0 0 0 0 0.150571 25.6422 0.204433 3.2164e-12 0.0257908 10.3347 32.059 0.381782 0.00302232 0.199543 0.157171 8.31217e-13 8.99519e-13 7.12712e-12 0 0 0 0.0404349 73.3616 288.48 14.665 0.0559551 0.0577166 9.71583 14.555 1.36848 9.62643e-13 8.58909e-12 0 7.99603e-12 
$Fmort
 0.866428 0.419051 0.113274
#ESTIMATED_PARAMETERS
$availability
1.38912 1.54733 1.72003 0.152101 0.191551 
0.194249 0.138378 0.314342 3.99361 0.359421 
0.0261198 0.0397677 0.00914573 0.301431 4.62427 
$selectivity
 0.0401456 0.526368 0.598618 0.793599 3.04127
$RunSize
 6.97704e-11 5.61197e-11 0 0 0 0 128.277 2158.1 7.67805 4.77776e-11 6.29451e-11 24.7635 120.992 1.81251e-10 5.83948e-11 6.74953e-11 0 5.23278e-11 3.79187e-11 5.23278e-11 0 0 0 0 152.558 242.877 4.16153 5.53613e-11 4.01938e-11 12.3479 53.5797 1.24373e-10 4.70192e-11 5.53613e-11 0 4.77776e-11 8.7213e-11 7.50791e-11 0 0 0 0 36.5275 5479.63 52.7464 7.05288e-11 6.35485 24.0803 131.648 2.26597 9.25217e-11 8.19044e-11 0 5.53613e-11 6.14283e-11 4.09522e-11 0 0 0 0 8.45339 1267.42 7.64722 3.26101e-11 18.8282 580.216 1584.58 14.2813 2.2064 11.2028 7.76849 3.10933e-11 4.32273e-11 2.95766e-11 0 0 0 1.94314 304.441 1071.78 43.1175 0.0702341 2.77363 40.3194 54.0754 4.02356 4.62608e-11 3.56436e-11 0 2.35096e-11
