$ndistricts
3
$ngroups
90
$nstocks
5
$nagecomps
18
$AgeCompLabels
 0.1 0.2 0.3 0.4 0.5 1.1 1.2 1.3 1.4 1.5 2.1 2.2 2.3 2.4 3.1 3.2 3.3 3.4
$navailpar
15
$nselectpar
5
$GENdata
-1
$maxGradient
0.000249462
#LIKELIHOOD_VALUES_AND_PENALTIES
$totalNLL
-265537
$NLLcatch
-235632
$NLLescape
-73953.6
$NLLagecompCatch
30048
$NLLagecompEsc
14000.3
$NLLgenetics
0
$NLLselOne
4.94555e-14
$NLLavailOne
2.2306e-05
$NLLextra
4.29992e-10
#OBSERVED_AND_PREDICTED_VALUES
$predEsc
 4418.15 215.714 1854.82 2076.53 2208.06
$obsEsc
 4725.86 224.643 1606.65 1945.63 2194.93
$predCatch
 9395.95 15646.6 3320.97
$obsCatch
 9395.95 15646.6 3320.97
$RunSize
 3.03567e-11 17.1726 16.4361 3.27357 2.16833e-11 2.07511 2342.04 2202.63 20.7748 2.16833e-11 12.4845 3513.01 1145.45 7.33715 3.03567e-11 3.46933e-11 1.07636 2.38517e-11 4.11983e-11 4.11983e-11 0 4.11983e-11 1.9515e-11 3.68617e-11 177.899 218.056 4.14151e-10 1.9515e-11 5.42083e-11 36.8921 55.093 1.40942e-10 4.11983e-11 3.903e-11 0 2.602e-11 2.16833e-11 2.81883e-11 0 1.28485 2.38517e-11 0.780984 279.816 1418.6 461.221 2.38517e-11 23.8157 528.831 3171.51 31.5297 2.38517e-11 2.81883e-11 10.0577 2.38517e-11 2.602e-11 6.93866e-11 1.36983 4.98716e-11 1.10585e-10 2.602e-11 284.252 3988.04 40.8165 1.06248e-10 118.005 8759.25 3908.85 7.1555e-11 4.90166 83.4455 12.4189 4.5535e-11 2.38517e-11 3.34919 7.11003 3.46933e-11 5.204e-11 5.40763 457.098 1808.72 79.6156 5.8545e-11 31.9689 1894.52 1941.41 5.61516 2.38517e-11 1.43573 0 3.03567e-11
$SSageCompEsc
 3034 88.5 1692 3201 2644
$obsAgeCompEsc
0 0.00426853 0.00249163 0.000783507 0 0.000544397 0.325561 0.157878 0.00138071 0 0.00272495 0.431069 0.0725425 0.000679738 0 0 7.66527e-05 0 
0 0 0 0 0 0 0.601116 0.250188 0 0 0 0.102692 0.0460043 0 0 0 0 0 
0 0 0 0.000633714 0 0.000510901 0.0899411 0.225322 0.0612104 0 0.0131763 0.151671 0.449833 0.00615212 0 0 0.00154927 0 
0 0 0.00019264 0 0 0 0.0231543 0.169192 0.000868148 0 0.0212583 0.601028 0.17527 0 0.00149523 0.00731329 0.000227071 0 
0 0.00110602 0.000437801 0 0 0.00216205 0.0966069 0.251971 0.00506081 0 0.01201 0.359807 0.27055 0 0 0.000288284 0 0 
$predAgeCompEsc
4.92901e-15 0.00196579 0.00157665 0.000268859 -9.56132e-16 0.000336935 0.2681 0.21129 0.00170624 -9.56132e-16 0.00202711 0.402144 0.109879 0.000602603 4.92901e-15 3.97144e-15 0.000103251 1.95895e-15 
1.3413e-13 9.30958e-14 0 6.62778e-14 -1.39172e-14 1.20011e-13 0.401998 0.410837 6.66267e-13 -1.39172e-14 1.76487e-13 0.0833652 0.1038 2.2674e-13 1.3413e-13 8.8196e-14 0 4.18597e-14 
7.58298e-15 6.0524e-15 0 0.000163321 -4.49983e-15 0.000273122 0.0600801 0.232819 0.058627 -4.49983e-15 0.0083287 0.113547 0.520504 0.00400783 8.34128e-15 6.0524e-15 0.00165066 3.03185e-15 
5.57343e-15 5.30727e-15 4.76662e-05 3.63917e-16 -1.99595e-14 5.57343e-15 0.021742 0.138773 0.000297841 -1.91768e-14 0.0252764 0.669981 0.136018 5.22142e-16 0.00104993 0.00638261 0.000432145 3.32272e-16 
7.2993e-15 0.00063387 0.00100968 3.67649e-15 -1.45796e-14 0.00165489 0.0865108 0.256852 0.00843695 -1.64021e-14 0.0097834 0.358558 0.275694 0.000595045 7.2993e-15 0.000271727 0 3.21693e-15 
$SSageCompCatch
 12797 6544 2477
$obsAgeCompCatch
0 0.00020224 0.000710139 0.00010383 0 0 0.110035 0.280976 0.0342439 0 0.000511344 0.231612 0.338161 0.00249911 0 0.000135905 0.000809617 0 
0 8.54194e-05 0 0 0 0 0.0298598 0.223873 0.00604635 0 0.00739782 0.507379 0.220125 0 0 0.00433901 0.000893955 0 
0 0 0.00190078 0 0 0 0.0506192 0.300271 0.0168058 0 0 0.31339 0.314226 0.00168448 0 0.00110307 0 0 
$predAgeCompCatch
2.85469e-15 0.000805181 0.000941353 0.000273843 1.09509e-14 0.000101361 0.135145 0.261629 0.0328707 1.10426e-14 0.00159539 0.259013 0.303747 0.00256625 1.5975e-05 0.000535282 0.000760666 5.29024e-15 
1.14452e-15 9.67694e-05 0.000219312 3.06749e-05 9.69359e-15 2.85957e-05 0.0292162 0.247991 0.00738208 9.59644e-15 0.00406895 0.452545 0.253128 0.000387654 0.000159205 0.00401255 0.000734534 3.27506e-15 
1.78053e-15 0.000408746 0.00100732 4.41366e-06 1.87661e-14 0.000365735 0.0588173 0.297597 0.0128103 2.03395e-14 0.00274768 0.310085 0.314143 0.000871469 2.4197e-05 0.000968215 0.000149859 5.28861e-15 
$genSS
 0 0 0
$obsGenComp     #GeneticFracData
-1 -1 -1 -1 -1 
-1 -1 -1 -1 -1 
-1 -1 -1 -1 -1 
$predGenComp     #catchGenComp_pred
0 0 0 0 0 
0 0 0 0 0 
0 0 0 0 0 
#PARAMETERS_OF_INTEREST
$catchByGroup
7.50612e-12 1.02999e-12 4.34503e-14 
7.3185 1.12088 0.0480313 
8.11012 1.30382 0.0562724 
1.77603 0.296794 0.0128846 
1.99273e-11 5.70729e-12 2.73099e-13 
0.5131 0.0704074 0.00297016 
998.116 152.869 6.55063 
1086.85 174.728 7.54117 
11.2711 1.88352 0.0817687 
1.99273e-11 5.70729e-12 2.73099e-13 
3.08698 0.423594 0.0178694 
1497.15 229.299 9.82579 
565.205 90.8651 3.9217 
3.98067 0.665214 0.0288787 
7.50612e-12 1.02999e-12 4.34503e-14 
1.47854e-11 2.26448e-12 9.70363e-14 
0.531114 0.0853844 0.00368516 
1.29404e-11 2.16248e-12 9.38791e-14 
1.1174e-11 1.00072e-12 8.97462e-14 
1.90068e-11 1.93413e-12 1.75311e-13 
0 0 0 
2.39576e-11 2.69698e-12 2.46628e-13 
1.8328e-11 3.81617e-12 3.72982e-13 
9.99783e-12 8.95378e-13 8.02992e-14 
82.0733 8.35179 0.757013 
115.829 12.468 1.13563 
2.40837e-10 2.71117e-11 2.47926e-12 
1.8328e-11 3.81617e-12 3.72982e-13 
1.47027e-11 1.31673e-12 1.18087e-13 
17.0201 1.73197 0.156987 
29.2648 3.1501 0.286922 
8.19603e-11 9.2265e-12 8.43728e-13 
1.1174e-11 1.00072e-12 8.97462e-14 
1.80064e-11 1.83234e-12 1.66084e-13 
0 0 0 
1.51311e-11 1.70335e-12 1.55765e-13 
6.42937e-12 1.17801e-12 1.08721e-14 
1.40178e-11 2.91682e-12 2.76313e-14 
0 0 0 
0.796985 0.183163 0.001773 
2.27902e-11 9.3022e-12 1.0562e-13 
0.231571 0.0424293 0.00039159 
139.149 28.9543 0.274286 
807.468 177.594 1.70251 
286.092 65.7497 0.636449 
2.27902e-11 9.3022e-12 1.0562e-13 
7.06165 1.29386 0.0119413 
262.982 54.7214 0.518381 
1805.22 397.041 3.80623 
19.5577 4.49475 0.0435086 
7.07231e-12 1.29581e-12 1.19594e-14 
1.40178e-11 2.91682e-12 2.76313e-14 
5.72485 1.25912 0.0120706 
1.4795e-11 3.40019e-12 3.29135e-14 
7.96794e-13 1.32233e-11 4.2657e-13 
4.09409e-12 5.20649e-11 2.20693e-12 
0.0983017 1.11939 0.0531566 
4.09282e-12 4.28043e-11 2.21887e-12 
2.66055e-11 1.10378e-10 1.50481e-11 
7.96794e-13 1.32233e-11 4.2657e-13 
16.772 213.291 9.04101 
286.19 3258.92 154.757 
3.34969 35.0323 1.81599 
2.55622e-11 1.06049e-10 1.4458e-11 
3.61359 59.9697 1.93457 
516.831 6572.59 278.6 
280.508 3194.22 151.685 
5.87231e-12 6.14148e-11 3.1836e-12 
0.1501 2.49101 0.0803574 
4.92362 62.6142 2.6541 
0.89121 10.1484 0.481922 
3.73693e-12 3.90822e-11 2.02593e-12 
9.16153e-13 1.47578e-12 5.34244e-12 
0.246938 0.393229 1.3094 
0.636479 1.00827 3.23586 
3.54668e-12 5.59466e-12 1.74341e-11 
1.52429e-11 2.2468e-11 4.65218e-11 
0.20771 0.334587 1.21123 
33.7022 53.668 178.707 
161.914 256.493 823.172 
8.13906 12.8388 40.0084 
1.71482e-11 2.52765e-11 5.2337e-11 
1.22794 1.97802 7.16058 
139.684 222.435 740.68 
173.792 275.31 883.559 
0.574036 0.905503 2.82173 
9.16153e-13 1.47578e-12 5.34244e-12 
0.105857 0.168569 0.561313 
0 0 0 
3.10335e-12 4.89532e-12 1.52548e-11 
$escByGroup
 5.00005e-07 8.68518 6.96588 1.18786 4.99999e-07 1.48863 1184.51 933.51 7.53843 4.99999e-07 8.95608 1776.73 485.461 2.66239 5.00005e-07 5.00004e-07 0.45618 5.00002e-07 5.00007e-07 5.00005e-07 5e-07 5.00004e-07 4.99999e-07 5.00006e-07 86.7166 88.6234 5.00036e-07 4.99999e-07 5.0001e-07 17.9831 22.3911 5.00012e-07 5.00007e-07 5.00005e-07 5e-07 5.00002e-07 5.00004e-07 5.00003e-07 5e-07 0.302931 4.99998e-07 0.506592 111.438 431.837 108.743 4.99998e-07 15.4483 210.609 965.441 7.43381 5.00004e-07 5.00003e-07 3.06167 5.00001e-07 5.00003e-07 5.00003e-07 0.0989801 5e-07 4.9999e-07 5.00003e-07 45.1478 288.166 0.618474 4.9999e-07 52.4872 1391.23 282.444 5e-07 2.1802 13.2537 0.897361 5e-07 5.00004e-07 1.39962 2.22942 5.00002e-07 4.99992e-07 3.6541 191.021 567.144 18.6293 4.99991e-07 21.6023 791.716 608.749 1.31389 5.00004e-07 0.59999 5e-07 5.00002e-07
$catchByGroup
7.50612e-12 7.3185 8.11012 1.77603 1.99273e-11 0.5131 998.116 1086.85 11.2711 1.99273e-11 3.08698 1497.15 565.205 3.98067 7.50612e-12 1.47854e-11 0.531114 1.29404e-11 1.1174e-11 1.90068e-11 0 2.39576e-11 1.8328e-11 9.99783e-12 82.0733 115.829 2.40837e-10 1.8328e-11 1.47027e-11 17.0201 29.2648 8.19603e-11 1.1174e-11 1.80064e-11 0 1.51311e-11 6.42937e-12 1.40178e-11 0 0.796985 2.27902e-11 0.231571 139.149 807.468 286.092 2.27902e-11 7.06165 262.982 1805.22 19.5577 7.07231e-12 1.40178e-11 5.72485 1.4795e-11 7.96794e-13 4.09409e-12 0.0983017 4.09282e-12 2.66055e-11 7.96794e-13 16.772 286.19 3.34969 2.55622e-11 3.61359 516.831 280.508 5.87231e-12 0.1501 4.92362 0.89121 3.73693e-12 9.16153e-13 0.246938 0.636479 3.54668e-12 1.52429e-11 0.20771 33.7022 161.914 8.13906 1.71482e-11 1.22794 139.684 173.792 0.574036 9.16153e-13 0.105857 0 3.10335e-12 
1.02999e-12 1.12088 1.30382 0.296794 5.70729e-12 0.0704074 152.869 174.728 1.88352 5.70729e-12 0.423594 229.299 90.8651 0.665214 1.02999e-12 2.26448e-12 0.0853844 2.16248e-12 1.00072e-12 1.93413e-12 0 2.69698e-12 3.81617e-12 8.95378e-13 8.35179 12.468 2.71117e-11 3.81617e-12 1.31673e-12 1.73197 3.1501 9.2265e-12 1.00072e-12 1.83234e-12 0 1.70335e-12 1.17801e-12 2.91682e-12 0 0.183163 9.3022e-12 0.0424293 28.9543 177.594 65.7497 9.3022e-12 1.29386 54.7214 397.041 4.49475 1.29581e-12 2.91682e-12 1.25912 3.40019e-12 1.32233e-11 5.20649e-11 1.11939 4.28043e-11 1.10378e-10 1.32233e-11 213.291 3258.92 35.0323 1.06049e-10 59.9697 6572.59 3194.22 6.14148e-11 2.49101 62.6142 10.1484 3.90822e-11 1.47578e-12 0.393229 1.00827 5.59466e-12 2.2468e-11 0.334587 53.668 256.493 12.8388 2.52765e-11 1.97802 222.435 275.31 0.905503 1.47578e-12 0.168569 0 4.89532e-12 
4.34503e-14 0.0480313 0.0562724 0.0128846 2.73099e-13 0.00297016 6.55063 7.54117 0.0817687 2.73099e-13 0.0178694 9.82579 3.9217 0.0288787 4.34503e-14 9.70363e-14 0.00368516 9.38791e-14 8.97462e-14 1.75311e-13 0 2.46628e-13 3.72982e-13 8.02992e-14 0.757013 1.13563 2.47926e-12 3.72982e-13 1.18087e-13 0.156987 0.286922 8.43728e-13 8.97462e-14 1.66084e-13 0 1.55765e-13 1.08721e-14 2.76313e-14 0 0.001773 1.0562e-13 0.00039159 0.274286 1.70251 0.636449 1.0562e-13 0.0119413 0.518381 3.80623 0.0435086 1.19594e-14 2.76313e-14 0.0120706 3.29135e-14 4.2657e-13 2.20693e-12 0.0531566 2.21887e-12 1.50481e-11 4.2657e-13 9.04101 154.757 1.81599 1.4458e-11 1.93457 278.6 151.685 3.1836e-12 0.0803574 2.6541 0.481922 2.02593e-12 5.34244e-12 1.3094 3.23586 1.74341e-11 4.65218e-11 1.21123 178.707 823.172 40.0084 5.2337e-11 7.16058 740.68 883.559 2.82173 5.34244e-12 0.561313 0 1.52548e-11 
$Fmort
 0.693259 0.602488 0.185923
#ESTIMATED_PARAMETERS
$availability
1.38912 1.54733 1.72003 0.152101 0.191551 
0.194249 0.138378 0.314342 3.99361 0.359421 
0.0261198 0.0397677 0.00914573 0.301431 4.62427 
$selectivity
 0.294949 0.576756 0.706216 0.812087 2.60999
$RunSize
 3.03567e-11 17.1726 16.4361 3.27357 2.16833e-11 2.07511 2342.04 2202.63 20.7748 2.16833e-11 12.4845 3513.01 1145.45 7.33715 3.03567e-11 3.46933e-11 1.07636 2.38517e-11 4.11983e-11 4.11983e-11 0 4.11983e-11 1.9515e-11 3.68617e-11 177.899 218.056 4.14151e-10 1.9515e-11 5.42083e-11 36.8921 55.093 1.40942e-10 4.11983e-11 3.903e-11 0 2.602e-11 2.16833e-11 2.81883e-11 0 1.28485 2.38517e-11 0.780984 279.816 1418.6 461.221 2.38517e-11 23.8157 528.831 3171.51 31.5297 2.38517e-11 2.81883e-11 10.0577 2.38517e-11 2.602e-11 6.93866e-11 1.36983 4.98716e-11 1.10585e-10 2.602e-11 284.252 3988.04 40.8165 1.06248e-10 118.005 8759.25 3908.85 7.1555e-11 4.90166 83.4455 12.4189 4.5535e-11 2.38517e-11 3.34919 7.11003 3.46933e-11 5.204e-11 5.40763 457.098 1808.72 79.6156 5.8545e-11 31.9689 1894.52 1941.41 5.61516 2.38517e-11 1.43573 0 3.03567e-11
