$ndistricts
3
$ngroups
90
$nstocks
5
$nagecomps
18
$AgeCompLabels
 0.1 0.2 0.3 0.4 0.5 1.1 1.2 1.3 1.4 1.5 2.1 2.2 2.3 2.4 3.1 3.2 3.3 3.4
$navailpar
15
$nselectpar
5
$GENdata
-1
$maxGradient
0.000244604
#LIKELIHOOD_VALUES_AND_PENALTIES
$totalNLL
-200339
$NLLcatch
-160259
$NLLescape
-94246.2
$NLLagecompCatch
38165
$NLLagecompEsc
16002
$NLLgenetics
0
$NLLselOne
3.05863e-16
$NLLavailOne
2.2306e-05
$NLLextra
4.39981e-10
#OBSERVED_AND_PREDICTED_VALUES
$predEsc
 3994.2 266.482 3751.48 2863.54 2471.76
$obsEsc
 4222.79 277.589 3578.51 2786.93 2482.02
$predCatch
 10475.2 6797.16 2945.74
$obsCatch
 10475.2 6797.17 2945.74
$RunSize
 3.72657e-11 7.1381 48.3014 0.427964 2.79493e-11 5.32581 4070.55 810.991 2.60339 3.16758e-11 28.4594 1376.45 1385.5 1.1366e-10 4.28555e-11 0.961853 0 3.35391e-11 8.01212e-11 9.31642e-11 0 1.27955 3.35391e-11 8.57111e-11 231.816 219.512 1.1366e-10 3.16758e-11 9.68908e-11 57.6745 54.2887 0.327679 8.57111e-11 7.08048e-11 0 4.84454e-11 3.35391e-11 5.2172e-11 13.6863 9.13009e-11 2.6086e-11 3.54024e-11 340.483 7003.32 48.0764 2.79493e-11 2.32548 1199.86 1640.9 2.78114 3.72657e-11 3.72657e-11 0 3.16758e-11 2.04961e-11 1.0807e-10 2.09403 1.3043e-11 1.11797e-11 1.00398 787.326 2780.58 3.72138 1.11797e-11 70.9374 4292.63 985.513 12.1066 2.04961e-11 4.58793 41.443 1.49063e-11 2.23594e-11 0.573786 8.13688 0.0530071 2.23594e-11 1.69885 860.369 2733.74 2.34362 2.04961e-11 10.8258 1921.46 491.398 3.54024e-11 2.79493e-11 2.98125e-11 0 2.6086e-11
$SSageCompEsc
 3549 88.5 3053 3792 3030
$obsAgeCompEsc
0 0.00118994 0.00582372 3.88102e-05 0 0.00124917 0.59652 0.08166 0.000377435 0 0.00655079 0.176337 0.130054 0 0 0.00019902 0 0 
0 0 0 0 0 0 0.601116 0.250188 0 0 0 0.102692 0.0460043 0 0 0 0 0 
0 0 0.00163259 0 0 0 0.0519077 0.648172 0.00721508 0 0.000637825 0.153382 0.136901 0.000151794 0 0 0 0 
0 0 0.000211772 0 0 0.000392333 0.0823469 0.311752 0.000173072 0 0.0220162 0.480703 0.0990314 0.000508826 0 0.000503268 0.00236111 0 
0 0.000184448 0.000609242 0 0 0.000684781 0.174912 0.399891 0 0 0.00426138 0.374919 0.0445375 0 0 0 0 0 
$predAgeCompEsc
8.70369e-15 0.000964522 0.00547902 5.14469e-05 2.43102e-17 0.00124388 0.550025 0.0919939 0.000312962 2.75516e-17 0.00664692 0.18599 0.157163 1.36635e-14 1.00092e-14 0.000129968 0 4.03184e-15 
2.7877e-13 1.79772e-13 0 0.00218013 6.75924e-16 2.98219e-13 0.44732 0.351676 1.93658e-13 6.38372e-16 3.37117e-13 0.11129 0.0869751 0.000558309 2.98219e-13 1.36627e-13 0 8.25427e-14 
8.18949e-15 6.23235e-15 0.00128085 9.27667e-15 -7.98402e-16 8.64446e-15 0.0406734 0.655413 0.00488482 -8.55431e-16 0.00056783 0.143333 0.153565 0.000282579 9.09943e-15 4.45168e-15 0 3.21844e-15 
6.43478e-15 1.35801e-14 0.00018519 1.30309e-15 -9.50728e-16 0.000315202 0.0989349 0.245906 0.000371794 -9.50728e-16 0.0222709 0.539409 0.0871559 0.00120953 6.43478e-15 0.000576517 0.0036651 1.48925e-15 
8.37438e-15 0.000108431 0.00118059 8.426e-06 -2.64386e-15 0.000636278 0.162588 0.396643 0.000372542 -2.42354e-15 0.00405462 0.363109 0.0712979 5.62756e-15 1.0468e-14 5.63383e-15 0 4.14663e-15 
$SSageCompCatch
 7296 19490 3102
$obsAgeCompCatch
0 0.000131931 0.00268129 0.000131931 0 0 0.146222 0.510798 0.00159594 0 0 0.145643 0.192098 0.00032315 0 0 0.0003759 0 
0 5.41582e-05 0.000768337 0 0 0 0.105877 0.361374 0.000977401 0 0.00115142 0.401711 0.122445 0.00127447 0 0.000411145 0.00395608 0 
0 0 0.00201388 2.60051e-05 0 0 0.113126 0.474879 0.000852353 0 0 0.283269 0.12436 0 0 0 0.00147443 0 
$predAgeCompCatch
1.02669e-15 0.000289706 0.0031163 8.18725e-05 8.09199e-15 3.37296e-05 0.199199 0.474288 0.00266789 8.35935e-15 0.00024255 0.150639 0.168853 0.000239026 1.12863e-15 6.38127e-05 0.000285639 5.82285e-15 
3.9997e-16 4.59279e-05 0.00079228 9.47229e-06 4.06906e-15 1.90272e-05 0.0993971 0.379777 0.000882609 4.10743e-15 0.000976204 0.386049 0.126689 0.00111559 4.17455e-16 0.000377008 0.00386948 2.42759e-15 
4.78091e-16 8.29906e-05 0.00137544 1.05988e-05 7.01537e-15 3.47465e-05 0.127095 0.473217 0.000420271 6.49538e-15 0.000304485 0.30338 0.0933133 0.000154886 5.87903e-16 5.04963e-05 0.000561546 4.23266e-15 
$genSS
 0 0 0
$obsGenComp     #GeneticFracData
-1 -1 -1 -1 -1 
-1 -1 -1 -1 -1 
-1 -1 -1 -1 -1 
$predGenComp     #catchGenComp_pred
0 0 0 0 0 
0 0 0 0 0 
0 0 0 0 0 
#PARAMETERS_OF_INTEREST
$catchByGroup
2.31823e-12 1.70881e-13 1.23418e-14 
2.9933 0.272333 0.0199833 
23.9384 2.30855 0.170185 
0.201956 0.0191129 0.00140686 
2.39453e-11 3.62817e-12 2.78685e-13 
0.331309 0.0244215 0.00176382 
1706.95 155.299 11.3956 
401.931 38.761 2.85744 
1.22854 0.116268 0.00855822 
2.7138e-11 4.11193e-12 3.15843e-13 
1.77041 0.1305 0.00942528 
577.2 52.5142 3.8534 
686.661 66.2196 4.88167 
5.36361e-11 5.07607e-12 3.73639e-13 
2.66596e-12 1.96514e-13 1.4193e-14 
0.403344 0.0366966 0.00269273 
0 0 0 
1.5827e-11 1.49786e-12 1.10254e-13 
5.53181e-12 2.61896e-13 4.0396e-14 
4.23151e-11 2.54619e-12 3.96803e-13 
0 0 0 
0.651209 0.040975 0.00639863 
2.96882e-11 3.16293e-12 5.07832e-13 
5.91775e-12 2.80168e-13 4.32143e-14 
105.291 6.33556 0.987347 
117.093 7.52632 1.17646 
5.78459e-11 3.63974e-12 5.6838e-13 
2.80389e-11 2.98721e-12 4.79619e-13 
6.68963e-12 3.16711e-13 4.88509e-14 
26.1957 1.57625 0.245646 
28.959 1.86138 0.290958 
0.166768 0.0104933 0.00163862 
5.91775e-12 2.80168e-13 4.32143e-14 
3.21595e-11 1.9351e-12 3.0157e-13 
0 0 0 
2.46556e-11 1.55137e-12 2.4226e-13 
2.56397e-12 2.48523e-13 3.88969e-15 
2.55573e-11 3.18289e-12 5.11876e-14 
7.82151 1.04281 0.0169041 
4.98876e-11 6.50679e-12 1.05204e-13 
2.37336e-11 5.25616e-12 9.13716e-14 
2.70641e-12 2.6233e-13 4.10578e-15 
166.791 20.7721 0.334059 
4002.29 533.61 8.6499 
26.2694 3.42628 0.0553972 
2.54289e-11 5.6316e-12 9.78981e-14 
0.177777 0.0172317 0.000269697 
587.771 73.2006 1.17722 
937.748 125.026 2.0267 
1.51964 0.198205 0.00320464 
2.84886e-12 2.76136e-13 4.32187e-15 
1.82552e-11 2.27349e-12 3.65626e-14 
0 0 0 
1.7308e-11 2.25746e-12 3.64993e-14 
1.43634e-13 1.84802e-12 7.81986e-14 
6.2447e-12 5.94982e-11 3.44041e-12 
0.151186 1.32897 0.0835821 
8.80675e-13 7.94453e-12 4.86326e-13 
2.14259e-12 1.05386e-11 1.22094e-12 
0.0070358 0.0905235 0.00383049 
45.4945 433.463 25.0644 
200.754 1764.68 110.985 
0.251271 2.26671 0.138757 
2.14259e-12 1.05386e-11 1.22094e-12 
0.49712 6.39601 0.270646 
248.044 2363.31 136.655 
71.1526 625.45 39.3361 
0.817446 7.37414 0.451409 
1.43634e-13 1.84802e-12 7.81986e-14 
0.265107 2.52589 0.146056 
2.99212 26.3015 1.65417 
1.00649e-12 9.07946e-12 5.55801e-13 
1.97153e-13 1.89341e-13 1.27351e-12 
0.0414374 0.0398471 0.224486 
0.732787 0.704929 3.78102 
0.00446724 0.00429689 0.0234159 
5.25555e-12 5.0722e-12 1.85666e-11 
0.0149795 0.014386 0.09676 
62.1336 59.7491 336.607 
246.194 236.834 1270.31 
0.197512 0.18998 1.0353 
4.81758e-12 4.64952e-12 1.70194e-11 
0.0954555 0.0916731 0.616594 
138.763 133.438 751.746 
44.2541 42.5717 228.342 
2.98358e-12 2.86981e-12 1.5639e-11 
2.46441e-13 2.36676e-13 1.59188e-12 
2.15299e-12 2.07036e-12 1.16637e-11 
0 0 0 
2.19843e-12 2.1146e-12 1.15235e-11 
$escByGroup
 5.00009e-07 3.85249 21.8843 0.205489 5e-07 4.96832 2196.91 367.442 1.25003 5e-07 26.5491 742.879 627.74 5.00014e-07 5.0001e-07 0.51912 5e-07 5.00004e-07 5.00019e-07 5.00012e-07 5e-07 0.580966 5e-07 5.0002e-07 119.203 93.7154 5.00013e-07 5e-07 5.00022e-07 29.6569 23.1773 0.148779 5.0002e-07 5.00009e-07 5e-07 5.00005e-07 5.00008e-07 5.00006e-07 4.80507 5.00009e-07 4.99999e-07 5.00008e-07 152.586 2458.77 18.3253 4.99999e-07 2.13021 537.71 576.097 1.06009 5.00009e-07 5.00004e-07 5e-07 5.00003e-07 5.00005e-07 5.0001e-07 0.530301 5.00001e-07 4.99999e-07 0.902595 283.304 704.163 1.06465 4.99999e-07 63.7736 1544.62 249.575 3.46355 5.00005e-07 1.65088 10.4952 5.00001e-07 5.00005e-07 0.268016 2.91814 0.020827 4.99998e-07 1.57272 401.879 980.405 0.920834 4.99999e-07 10.022 897.517 176.231 5.00003e-07 5.00006e-07 5.00003e-07 5e-07 5.00003e-07
$catchByGroup
2.31823e-12 2.9933 23.9384 0.201956 2.39453e-11 0.331309 1706.95 401.931 1.22854 2.7138e-11 1.77041 577.2 686.661 5.36361e-11 2.66596e-12 0.403344 0 1.5827e-11 5.53181e-12 4.23151e-11 0 0.651209 2.96882e-11 5.91775e-12 105.291 117.093 5.78459e-11 2.80389e-11 6.68963e-12 26.1957 28.959 0.166768 5.91775e-12 3.21595e-11 0 2.46556e-11 2.56397e-12 2.55573e-11 7.82151 4.98876e-11 2.37336e-11 2.70641e-12 166.791 4002.29 26.2694 2.54289e-11 0.177777 587.771 937.748 1.51964 2.84886e-12 1.82552e-11 0 1.7308e-11 1.43634e-13 6.2447e-12 0.151186 8.80675e-13 2.14259e-12 0.0070358 45.4945 200.754 0.251271 2.14259e-12 0.49712 248.044 71.1526 0.817446 1.43634e-13 0.265107 2.99212 1.00649e-12 1.97153e-13 0.0414374 0.732787 0.00446724 5.25555e-12 0.0149795 62.1336 246.194 0.197512 4.81758e-12 0.0954555 138.763 44.2541 2.98358e-12 2.46441e-13 2.15299e-12 0 2.19843e-12 
1.70881e-13 0.272333 2.30855 0.0191129 3.62817e-12 0.0244215 155.299 38.761 0.116268 4.11193e-12 0.1305 52.5142 66.2196 5.07607e-12 1.96514e-13 0.0366966 0 1.49786e-12 2.61896e-13 2.54619e-12 0 0.040975 3.16293e-12 2.80168e-13 6.33556 7.52632 3.63974e-12 2.98721e-12 3.16711e-13 1.57625 1.86138 0.0104933 2.80168e-13 1.9351e-12 0 1.55137e-12 2.48523e-13 3.18289e-12 1.04281 6.50679e-12 5.25616e-12 2.6233e-13 20.7721 533.61 3.42628 5.6316e-12 0.0172317 73.2006 125.026 0.198205 2.76136e-13 2.27349e-12 0 2.25746e-12 1.84802e-12 5.94982e-11 1.32897 7.94453e-12 1.05386e-11 0.0905235 433.463 1764.68 2.26671 1.05386e-11 6.39601 2363.31 625.45 7.37414 1.84802e-12 2.52589 26.3015 9.07946e-12 1.89341e-13 0.0398471 0.704929 0.00429689 5.0722e-12 0.014386 59.7491 236.834 0.18998 4.64952e-12 0.0916731 133.438 42.5717 2.86981e-12 2.36676e-13 2.07036e-12 0 2.1146e-12 
1.23418e-14 0.0199833 0.170185 0.00140686 2.78685e-13 0.00176382 11.3956 2.85744 0.00855822 3.15843e-13 0.00942528 3.8534 4.88167 3.73639e-13 1.4193e-14 0.00269273 0 1.10254e-13 4.0396e-14 3.96803e-13 0 0.00639863 5.07832e-13 4.32143e-14 0.987347 1.17646 5.6838e-13 4.79619e-13 4.88509e-14 0.245646 0.290958 0.00163862 4.32143e-14 3.0157e-13 0 2.4226e-13 3.88969e-15 5.11876e-14 0.0169041 1.05204e-13 9.13716e-14 4.10578e-15 0.334059 8.6499 0.0553972 9.78981e-14 0.000269697 1.17722 2.0267 0.00320464 4.32187e-15 3.65626e-14 0 3.64993e-14 7.81986e-14 3.44041e-12 0.0835821 4.86326e-13 1.22094e-12 0.00383049 25.0644 110.985 0.138757 1.22094e-12 0.270646 136.655 39.3361 0.451409 7.81986e-14 0.146056 1.65417 5.55801e-13 1.27351e-12 0.224486 3.78102 0.0234159 1.85666e-11 0.09676 336.607 1270.31 1.0353 1.70194e-11 0.616594 751.746 228.342 1.5639e-11 1.59188e-12 1.16637e-11 0 1.15235e-11 
$Fmort
 0.557732 0.285412 0.152973
#ESTIMATED_PARAMETERS
$availability
1.38912 1.54733 1.72003 0.152101 0.191551 
0.194249 0.138378 0.314342 3.99361 0.359421 
0.0261198 0.0397677 0.00914573 0.301431 4.62427 
$selectivity
 0.0828998 0.701627 0.883366 0.824085 2.50802
$RunSize
 3.72657e-11 7.1381 48.3014 0.427964 2.79493e-11 5.32581 4070.55 810.991 2.60339 3.16758e-11 28.4594 1376.45 1385.5 1.1366e-10 4.28555e-11 0.961853 0 3.35391e-11 8.01212e-11 9.31642e-11 0 1.27955 3.35391e-11 8.57111e-11 231.816 219.512 1.1366e-10 3.16758e-11 9.68908e-11 57.6745 54.2887 0.327679 8.57111e-11 7.08048e-11 0 4.84454e-11 3.35391e-11 5.2172e-11 13.6863 9.13009e-11 2.6086e-11 3.54024e-11 340.483 7003.32 48.0764 2.79493e-11 2.32548 1199.86 1640.9 2.78114 3.72657e-11 3.72657e-11 0 3.16758e-11 2.04961e-11 1.0807e-10 2.09403 1.3043e-11 1.11797e-11 1.00398 787.326 2780.58 3.72138 1.11797e-11 70.9374 4292.63 985.513 12.1066 2.04961e-11 4.58793 41.443 1.49063e-11 2.23594e-11 0.573786 8.13688 0.0530071 2.23594e-11 1.69885 860.369 2733.74 2.34362 2.04961e-11 10.8258 1921.46 491.398 3.54024e-11 2.79493e-11 2.98125e-11 0 2.6086e-11
