$ndistricts
3
$ngroups
90
$nstocks
5
$nagecomps
18
$AgeCompLabels
 0.1 0.2 0.3 0.4 0.5 1.1 1.2 1.3 1.4 1.5 2.1 2.2 2.3 2.4 3.1 3.2 3.3 3.4
$navailpar
15
$nselectpar
5
$GENdata
-1
$maxGradient
5.3892e-05
#LIKELIHOOD_VALUES_AND_PENALTIES
$totalNLL
-42071.3
$NLLcatch
-22863.1
$NLLescape
-32419.7
$NLLagecompCatch
6272.07
$NLLagecompEsc
6939.53
$NLLgenetics
0
$NLLselOne
1.11388e-07
$NLLavailOne
2.2306e-05
$NLLextra
5.59964e-10
#OBSERVED_AND_PREDICTED_VALUES
$predEsc
 3298.47 165.182 692.41 651.81 245.021
$obsEsc
 3216.21 202.626 755.64 636.864 238.83
$predCatch
 2337.2 1070.94 163.744
$obsCatch
 2337.2 1070.94 163.744
$RunSize
 1.36407e-10 1.11518e-10 0 0 1.35928e-10 2.98895 28.0349 124.874 3.48914e-10 1.36407e-10 0.103703 4314.52 582.501 9.38095e-11 1.35928e-10 5.12547 0 9.33309e-11 5.55199e-11 6.22206e-11 0 0 5.59986e-11 5.11021 175.997 83.0566 1.79483e-10 5.55199e-11 0.332563 1.40733 0 7.03572e-11 5.55199e-11 0 0 7.03572e-11 6.74854e-11 7.27503e-11 0 0 6.65282e-11 0.627487 113.084 213.159 6.54864 6.70068e-11 19.6126 353.759 609.549 0.847168 6.70068e-11 0 0 7.84937e-11 4.88193e-11 5.55199e-11 1.24265 0 4.88193e-11 0 2.40329 17.1977 9.14164e-11 4.88193e-11 2.07384 654.492 828.414 5.93489e-11 4.83406e-11 24.661 36.3344 5.88703e-11 1.77089e-11 1.77089e-11 0 0 1.77089e-11 0 10.5363 142.382 1.14167 1.77089e-11 0.0449811 150.609 112.005 1.77089e-11 1.77089e-11 0 0 1.81876e-11
$SSageCompEsc
 2721 383 1259 1536 1597
$obsAgeCompEsc
0 0 0 0 0 0.000933792 0.00750481 0.026261 0 0 3.23985e-05 0.852443 0.111976 0 0 0.000849213 0 0 
0 0 0 0 0 0.0279085 0.699904 0.265538 0 0 0.00181624 0.00483283 0 0 0 0 0 0 
0 0 0 0 0 0.000860641 0.109524 0.16062 0.00250479 0 0.0269 0.278544 0.420054 0.000991459 0 0 0 0 
0 0 0.00109707 0 0 0.000324543 0.00197611 0.01541 0 0 0.00321107 0.5338 0.387 0 0 0.0266924 0.0304886 0 
0 0 0 0 0 0.000503488 0.026339 0.309376 0 0 0.000184203 0.392865 0.270732 0 0 0 0 0 
$predAgeCompEsc
4.13386e-14 2.24927e-14 0 0 4.11932e-14 0.000905813 0.00565449 0.0215646 3.43034e-14 4.13383e-14 3.14277e-05 0.870217 0.100593 9.22286e-15 4.11936e-14 0.00103378 0 9.1758e-15 
3.35974e-13 2.42822e-13 0 0 3.38867e-13 0.030924 0.686847 0.274724 3.28998e-13 3.35971e-13 0.00201248 0.00549226 0 1.28967e-13 3.35974e-13 0 0 1.28967e-13 
9.74172e-14 6.2108e-14 0 0 9.60343e-14 0.000905795 0.0965412 0.147691 0.00195255 9.67252e-14 0.0283114 0.302009 0.422337 0.000252592 9.67263e-14 0 0 2.34037e-14 
7.48492e-14 4.14613e-14 0.000686404 0 7.4848e-14 0 0.00179473 0.00949949 1.04136e-14 7.4848e-14 0.00317959 0.488763 0.45759 6.76067e-15 7.41153e-14 0.0184164 0.02007 6.70615e-15 
7.2248e-14 4.73108e-14 0 0 7.22474e-14 0 0.0281486 0.318 0.00114857 7.22474e-14 0.000183511 0.402365 0.250155 1.7816e-14 7.2248e-14 0 0 1.82975e-14 
$SSageCompCatch
 3198 1701 1448
$obsAgeCompCatch
0 0 0.000268284 0 0 0 0.028452 0.0731807 0.00205648 0 0 0.677275 0.214313 0 0 0.00146303 0.00299197 0 
0 0 0 0 0 0 0.00918283 0.0159325 0 0 0 0.36075 0.599244 0 0 0.00539092 0.00949935 0 
0 0 0 0 0 0 0.0220866 0.300139 0.0050368 0 0 0.358305 0.31319 0 0 0 0.00124345 0 
$predAgeCompCatch
4.38696e-17 3.58879e-14 2.79003e-05 0 4.47332e-17 1.43275e-06 0.0464018 0.0817811 0.00195771 4.48166e-17 3.78579e-06 0.630018 0.23767 0.000245768 4.36993e-17 0.00107692 0.000815787 6.92824e-14 
3.5745e-17 3.1977e-14 0.000653381 0 3.65448e-17 2.06807e-07 0.0106932 0.0379454 0.000835785 3.65701e-17 2.02313e-06 0.419557 0.500471 9.02781e-05 3.5445e-17 0.010648 0.0191044 6.34427e-14 
3.70597e-17 3.46459e-14 0.000185093 0 3.79366e-17 1.03291e-07 0.0191439 0.280999 0.00358044 3.79358e-17 3.7008e-07 0.338441 0.34947 7.20158e-06 3.70017e-17 0.00276151 0.00541201 7.78089e-14 
$genSS
 0 0 0
$obsGenComp     #GeneticFracData
-1 -1 -1 -1 -1 
-1 -1 -1 -1 -1 
-1 -1 -1 -1 -1 
$predGenComp     #catchGenComp_pred
0 0 0 0 0 
0 0 0 0 0 
0 0 0 0 0 
#PARAMETERS_OF_INTEREST
$catchByGroup
4.82951e-14 3.95188e-15 2.09945e-16 
3.38943e-11 3.25715e-12 1.75474e-13 
0 0 0 
0 0 0 
4.92654e-14 4.03129e-15 2.14164e-16 
0.00105824 8.65937e-05 4.60032e-06 
8.52077 0.818823 0.0441128 
48.5471 4.92945 0.266898 
2.09207e-10 2.51734e-11 1.38527e-12 
4.94389e-14 4.04549e-15 2.14918e-16 
3.67164e-05 3.00442e-06 1.59611e-07 
1311.33 126.016 6.7889 
226.459 22.9945 1.24501 
5.62476e-11 6.76815e-12 3.72444e-13 
4.81257e-14 3.93802e-15 2.09209e-16 
1.55781 0.149701 0.00806492 
0 0 0 
5.59606e-11 6.73362e-12 3.70544e-13 
2.18953e-14 1.14585e-15 1.301e-16 
2.06618e-11 1.3001e-12 1.48998e-13 
0 0 0 
0 0 0 
2.2607e-14 1.1831e-15 1.3433e-16 
0.0020153 0.000105467 1.19748e-05 
58.4439 3.67747 0.421458 
35.0579 2.34915 0.270126 
1.14731e-10 9.32352e-12 1.08379e-12 
2.24138e-14 1.17299e-15 1.33182e-16 
0.000131152 6.86361e-06 7.79299e-07 
0.467337 0.0294063 0.00337011 
0 0 0 
4.49745e-11 3.65482e-12 4.24846e-13 
2.18953e-14 1.14585e-15 1.301e-16 
0 0 0 
0 0 0 
4.49745e-11 3.65482e-12 4.24846e-13 
2.95839e-14 3.16388e-15 3.63688e-17 
2.62986e-11 3.40735e-12 4.01025e-14 
0 0 0 
0 0 0 
2.9855e-14 3.19288e-15 3.67021e-17 
0.000275075 2.94181e-05 3.38161e-07 
40.8788 5.29642 0.0623357 
97.2869 13.4498 0.159635 
4.4402 0.74736 0.00911538 
3.00698e-14 3.21585e-15 3.69662e-17 
0.00859768 0.000919485 1.05695e-05 
127.881 16.5688 0.195004 
278.202 38.4611 0.456493 
0.574409 0.0966826 0.00117922 
2.93741e-14 3.14144e-15 3.61108e-17 
0 0 0 
0 0 0 
5.32214e-11 8.95806e-12 1.09259e-13 
1.89287e-15 2.90699e-14 8.67111e-16 
2.15943e-12 2.53358e-11 9.99848e-13 
0.0652086 0.699733 0.0303079 
0 0 0 
1.9377e-15 2.97583e-14 8.8765e-16 
0 0 0 
0.0934749 1.09671 0.0432804 
0.902456 9.68397 0.419447 
8.71744e-12 7.18094e-11 4.10193e-12 
1.9377e-15 2.97583e-14 8.8765e-16 
8.0409e-05 0.00123489 3.68349e-05 
25.4562 298.669 11.7866 
43.4712 466.476 20.2047 
5.65949e-12 4.66197e-11 2.66303e-12 
1.87431e-15 2.87849e-14 8.5861e-16 
0.95918 11.2537 0.444115 
1.90666 20.4597 0.886184 
5.61385e-12 4.62437e-11 2.64156e-12 
8.64713e-16 9.49295e-16 4.82477e-15 
8.63011e-13 9.45138e-13 4.30864e-12 
0 0 0 
0 0 0 
8.85194e-16 9.71781e-16 4.93904e-15 
0 0 0 
0.513467 0.56233 2.56352 
9.34452 10.225 44.8957 
0.135369 0.147716 0.57716 
8.85194e-16 9.71781e-16 4.93904e-15 
2.19639e-06 2.41123e-06 1.2255e-05 
7.33966 8.03813 36.6438 
7.35088 8.0435 35.3173 
2.09977e-12 2.29129e-12 8.95258e-12 
8.64713e-16 9.49295e-16 4.82477e-15 
0 0 0 
0 0 0 
2.15652e-12 2.35322e-12 9.19454e-12 
$escByGroup
 5.00034e-07 5.00019e-07 5e-07 5e-07 5.00034e-07 2.9878 18.6512 71.1302 5.00028e-07 5.00034e-07 0.103663 2870.39 331.802 5.00008e-07 5.00034e-07 3.4099 5e-07 5.00008e-07 5.00014e-07 5.0001e-07 5e-07 5e-07 5.00014e-07 5.10808 113.455 45.3794 5.00014e-07 5.00014e-07 0.332425 0.90722 5e-07 5.00005e-07 5.00014e-07 5e-07 5e-07 5.00005e-07 5.00017e-07 5.00011e-07 5e-07 5e-07 5.00017e-07 0.627182 66.8461 102.263 1.35196 5.00017e-07 19.6031 209.114 292.43 0.174897 5.00017e-07 5e-07 5e-07 5.00004e-07 5.00012e-07 5.00007e-07 0.447405 5e-07 5.00012e-07 5e-07 1.16983 6.19186 5.00002e-07 5.00012e-07 2.07249 318.581 298.262 5.00001e-07 5.00012e-07 12.004 13.0818 5.00001e-07 5.00004e-07 5.00003e-07 5e-07 5e-07 5.00004e-07 5e-07 6.897 77.9167 0.281425 5.00004e-07 0.0449642 98.5879 61.2933 5.00001e-07 5.00004e-07 5e-07 5e-07 5.00001e-07
$catchByGroup
4.82951e-14 3.38943e-11 0 0 4.92654e-14 0.00105824 8.52077 48.5471 2.09207e-10 4.94389e-14 3.67164e-05 1311.33 226.459 5.62476e-11 4.81257e-14 1.55781 0 5.59606e-11 2.18953e-14 2.06618e-11 0 0 2.2607e-14 0.0020153 58.4439 35.0579 1.14731e-10 2.24138e-14 0.000131152 0.467337 0 4.49745e-11 2.18953e-14 0 0 4.49745e-11 2.95839e-14 2.62986e-11 0 0 2.9855e-14 0.000275075 40.8788 97.2869 4.4402 3.00698e-14 0.00859768 127.881 278.202 0.574409 2.93741e-14 0 0 5.32214e-11 1.89287e-15 2.15943e-12 0.0652086 0 1.9377e-15 0 0.0934749 0.902456 8.71744e-12 1.9377e-15 8.0409e-05 25.4562 43.4712 5.65949e-12 1.87431e-15 0.95918 1.90666 5.61385e-12 8.64713e-16 8.63011e-13 0 0 8.85194e-16 0 0.513467 9.34452 0.135369 8.85194e-16 2.19639e-06 7.33966 7.35088 2.09977e-12 8.64713e-16 0 0 2.15652e-12 
3.95188e-15 3.25715e-12 0 0 4.03129e-15 8.65937e-05 0.818823 4.92945 2.51734e-11 4.04549e-15 3.00442e-06 126.016 22.9945 6.76815e-12 3.93802e-15 0.149701 0 6.73362e-12 1.14585e-15 1.3001e-12 0 0 1.1831e-15 0.000105467 3.67747 2.34915 9.32352e-12 1.17299e-15 6.86361e-06 0.0294063 0 3.65482e-12 1.14585e-15 0 0 3.65482e-12 3.16388e-15 3.40735e-12 0 0 3.19288e-15 2.94181e-05 5.29642 13.4498 0.74736 3.21585e-15 0.000919485 16.5688 38.4611 0.0966826 3.14144e-15 0 0 8.95806e-12 2.90699e-14 2.53358e-11 0.699733 0 2.97583e-14 0 1.09671 9.68397 7.18094e-11 2.97583e-14 0.00123489 298.669 466.476 4.66197e-11 2.87849e-14 11.2537 20.4597 4.62437e-11 9.49295e-16 9.45138e-13 0 0 9.71781e-16 0 0.56233 10.225 0.147716 9.71781e-16 2.41123e-06 8.03813 8.0435 2.29129e-12 9.49295e-16 0 0 2.35322e-12 
2.09945e-16 1.75474e-13 0 0 2.14164e-16 4.60032e-06 0.0441128 0.266898 1.38527e-12 2.14918e-16 1.59611e-07 6.7889 1.24501 3.72444e-13 2.09209e-16 0.00806492 0 3.70544e-13 1.301e-16 1.48998e-13 0 0 1.3433e-16 1.19748e-05 0.421458 0.270126 1.08379e-12 1.33182e-16 7.79299e-07 0.00337011 0 4.24846e-13 1.301e-16 0 0 4.24846e-13 3.63688e-17 4.01025e-14 0 0 3.67021e-17 3.38161e-07 0.0623357 0.159635 0.00911538 3.69662e-17 1.05695e-05 0.195004 0.456493 0.00117922 3.61108e-17 0 0 1.09259e-13 8.67111e-16 9.99848e-13 0.0303079 0 8.8765e-16 0 0.0432804 0.419447 4.10193e-12 8.8765e-16 3.68349e-05 11.7866 20.2047 2.66303e-12 8.5861e-16 0.444115 0.886184 2.64156e-12 4.82477e-15 4.30864e-12 0 0 4.93904e-15 0 2.56352 44.8957 0.57716 4.93904e-15 1.2255e-05 36.6438 35.3173 8.95258e-12 4.82477e-15 0 0 9.19454e-12 
$Fmort
 0.254919 0.149147 0.0589248
#ESTIMATED_PARAMETERS
$availability
1.38912 1.54733 1.72003 0.152101 0.191551 
0.194249 0.138378 0.314342 3.99361 0.359421 
0.0261198 0.0397677 0.00914573 0.301431 4.62427 
$selectivity
 0.001 1.02315 1.39018 2.5847 0.00102369
$RunSize
 1.36407e-10 1.11518e-10 0 0 1.35928e-10 2.98895 28.0349 124.874 3.48914e-10 1.36407e-10 0.103703 4314.52 582.501 9.38095e-11 1.35928e-10 5.12547 0 9.33309e-11 5.55199e-11 6.22206e-11 0 0 5.59986e-11 5.11021 175.997 83.0566 1.79483e-10 5.55199e-11 0.332563 1.40733 0 7.03572e-11 5.55199e-11 0 0 7.03572e-11 6.74854e-11 7.27503e-11 0 0 6.65282e-11 0.627487 113.084 213.159 6.54864 6.70068e-11 19.6126 353.759 609.549 0.847168 6.70068e-11 0 0 7.84937e-11 4.88193e-11 5.55199e-11 1.24265 0 4.88193e-11 0 2.40329 17.1977 9.14164e-11 4.88193e-11 2.07384 654.492 828.414 5.93489e-11 4.83406e-11 24.661 36.3344 5.88703e-11 1.77089e-11 1.77089e-11 0 0 1.77089e-11 0 10.5363 142.382 1.14167 1.77089e-11 0.0449811 150.609 112.005 1.77089e-11 1.77089e-11 0 0 1.81876e-11
