$ndistricts
3
$ngroups
90
$nstocks
5
$nagecomps
18
$AgeCompLabels
 0.1 0.2 0.3 0.4 0.5 1.1 1.2 1.3 1.4 1.5 2.1 2.2 2.3 2.4 3.1 3.2 3.3 3.4
$navailpar
15
$nselectpar
5
$GENdata
-1
$maxGradient
0.000292908
#LIKELIHOOD_VALUES_AND_PENALTIES
$totalNLL
-20388.2
$NLLcatch
-10274.8
$NLLescape
-15587.7
$NLLagecompCatch
634.344
$NLLagecompEsc
4840.01
$NLLgenetics
0
$NLLselOne
8.82599e-12
$NLLavailOne
2.2306e-05
$NLLextra
5.7984e-10
#OBSERVED_AND_PREDICTED_VALUES
$predEsc
 339.789 212.877 897.085 995.012 390.667
$obsEsc
 338.76 203.304 905.358 997.602 388.254
$predCatch
 957.902 695.582 188.695
$obsCatch
 957.902 695.582 188.695
$RunSize
 1.39892e-10 2.08411e-10 0 0 0 0 195.592 27.582 1.21033 1.43785e-10 0.81696 117.834 171.811 1.39113e-10 1.50274e-10 0 0 1.45602e-10 4.3447e-10 5.17263e-10 0 0 0 0 306.383 10.4951 4.22791e-10 5.55935e-10 0 16.6633 10.8944 4.02027e-10 3.91386e-10 0 0 4.2331e-10 8.01979e-11 1.38854e-10 0 0 0 0 354.847 126.558 0.376337 7.34498e-11 6.77839 518.617 509.217 0.187181 8.43505e-11 1.07166 0 8.14956e-11 3.88791e-10 5.10515e-10 0 0 0 0 67.3713 57.3657 3.65692e-10 3.73738e-10 2.23409 872.009 605.234 3.60501e-10 3.82043e-10 78.1179 18.94 3.63356e-10 2.4267e-10 2.60059e-10 0 0 0 0.77591 20.1873 128.602 0.860995 2.55387e-10 3.06765 409.966 35.9432 2.42151e-10 2.44227e-10 0 0 2.41891e-10
$SSageCompEsc
 508 97 2384 579 343
$obsAgeCompEsc
0 0 0 0 0 0 0.357775 0.0570585 0.00356874 0 0.00233191 0.224845 0.354421 0 0 0 0 0 
0 0 0 0 0 0 0.867235 0.0382835 0 0 0 0.0550331 0.0394487 0 0 0 0 0 
0 0 0 0 0 0 0.218096 0.0887628 0.000417976 0 0.00720163 0.328442 0.356151 0.000207891 0 0.000720686 0 0 
0 0 0 0 0 0 0.0412414 0.0353625 0 0 0.00214664 0.484072 0.377223 0 0 0.0466397 0.0133145 0 
0 0 0 0 0 0.00198822 0.0204002 0.171776 0.00221936 0 0.00725331 0.730592 0.0657714 0 0 0 0 0 
$predAgeCompEsc
3.95797e-13 3.92289e-13 0 0 0 0 0.368161 0.0559085 0.00356142 4.22898e-13 0.00231143 0.221798 0.34826 4.09343e-13 4.2517e-13 0 0 4.28435e-13 
1.95486e-12 1.49403e-12 0 0 0 0 0.884933 0.0328443 1.98572e-12 2.60977e-12 0 0.048129 0.0340938 1.8882e-12 1.761e-12 0 0 1.98816e-12 
8.5082e-14 8.74966e-14 0 0 0 0 0.223601 0.0878069 0.000419422 8.18125e-14 0.0071912 0.326798 0.353299 0.000208611 8.94876e-14 0.000675287 0 9.08257e-14 
3.72135e-13 2.87616e-13 0 0 0 0 0.0379559 0.0357406 3.67449e-13 3.75324e-13 0.00213838 0.491276 0.377079 3.62233e-13 3.65676e-13 0.0440104 0.0118002 3.65102e-13 
5.98241e-13 4.22419e-13 0 0 0 0.00191281 0.0327906 0.226352 0.00220356 6.53338e-13 0.00756251 0.665915 0.0632637 6.19741e-13 6.0208e-13 0 0 6.19077e-13 
$SSageCompCatch
 256 108 172
$obsAgeCompCatch
0 0 0 0 0 0 0.452688 0.04946 0 0 0 0.285792 0.210669 0 0 0 0.00139179 0 
0 0 0 0 0 0 0.00862069 0.0338496 0 0 0 0.592132 0.315988 0 0 0.0479725 0.00143678 0 
0 0 0 0 0 0 0.0812781 0.282156 0 0 0.0012766 0.542445 0.0928449 0 0 0 0 0 
$predAgeCompCatch
3.03626e-14 3.66826e-13 0 0 0 4.13124e-06 0.337343 0.0660548 2.96544e-07 5.66583e-16 0.000374389 0.326458 0.265014 3.82881e-08 2.91115e-14 0.00402084 0.000729944 1.30703e-16 
2.6376e-14 3.17057e-13 0 0 0 4.26961e-06 0.0695952 0.0398787 4.33952e-08 4.13312e-16 0.000185925 0.526331 0.312913 3.85196e-09 2.59394e-14 0.0422105 0.00888117 1.08045e-16 
4.04993e-14 4.35325e-13 0 0 0 0.000115063 0.0433752 0.163436 5.57529e-07 6.75759e-16 0.000479506 0.681078 0.101433 2.37642e-10 4.06185e-14 0.00837578 0.00170571 1.7344e-16 
$genSS
 0 0 0
$obsGenComp     #GeneticFracData
-1 -1 -1 -1 -1 
-1 -1 -1 -1 -1 
-1 -1 -1 -1 -1 
$predGenComp     #catchGenComp_pred
0 0 0 0 0 
0 0 0 0 0 
0 0 0 0 0 
#PARAMETERS_OF_INTEREST
$catchByGroup
5.09237e-12 2.89637e-13 2.24242e-14 
7.00305e-11 4.71603e-12 3.68638e-13 
0 0 0 
0 0 0 
0 0 0 
0 0 0 
65.7233 4.42597 0.345965 
8.01938 0.524567 0.0409344 
0.000191531 1.07061e-05 8.28092e-07 
8.39001e-14 4.69072e-15 3.62821e-16 
0.0297391 0.00169146 0.000130956 
39.5949 2.66642 0.208426 
49.9536 3.26759 0.254985 
2.20143e-14 1.23053e-15 9.51793e-17 
5.47029e-12 3.11132e-13 2.40883e-14 
0 0 0 
0 0 0 
2.3041e-14 1.28793e-15 9.96186e-17 
1.758e-11 6.41001e-13 1.06029e-13 
1.89462e-10 8.36569e-12 1.39236e-12 
0 0 0 
0 0 0 
0 0 0 
0 0 0 
112.221 4.95512 0.824714 
3.33705 0.142583 0.0237051 
7.45245e-14 2.66415e-15 4.40411e-16 
3.61327e-13 1.29199e-14 2.13581e-15 
0 0 0 
6.1034 0.269495 0.0448539 
3.464 0.148007 0.0246069 
7.08646e-14 2.53331e-15 4.18783e-16 
1.58367e-11 5.77437e-13 9.55148e-14 
0 0 0 
0 0 0 
7.4616e-14 2.66742e-15 4.40952e-16 
3.599e-12 2.68529e-13 4.5015e-15 
5.5227e-11 5.04897e-12 8.60471e-14 
0 0 0 
0 0 0 
0 0 0 
0 0 0 
141.135 12.9028 0.219897 
43.8497 3.87207 0.0657976 
7.37394e-05 5.38698e-06 9.01567e-08 
5.30647e-14 3.87755e-15 6.4896e-17 
0.30419 0.0226963 0.00038047 
206.272 18.8578 0.321384 
176.433 15.5796 0.264742 
3.66762e-05 2.67936e-06 4.48418e-08 
3.78535e-12 2.82434e-13 4.73459e-15 
0.426235 0.0389673 0.0006641 
0 0 0 
1.59682e-14 1.16655e-15 1.95234e-17 
1.57537e-12 1.62187e-11 7.18605e-13 
2.23852e-11 1.91624e-10 1.03243e-11 
0 0 0 
0 0 0 
0 0 0 
0 0 0 
2.95412 25.2881 1.36247 
2.1178 18.7108 0.974852 
6.33685e-15 6.64982e-14 2.88738e-15 
2.38848e-14 2.50589e-13 1.08832e-14 
0.00905245 0.0931965 0.00412928 
38.2361 327.313 17.6349 
22.3437 197.407 10.2851 
6.24691e-15 6.55543e-14 2.8464e-15 
1.54803e-12 1.59372e-11 7.06132e-13 
3.42534 29.3219 1.5798 
0.699215 6.17758 0.321859 
6.29638e-15 6.60735e-14 2.86894e-15 
1.23767e-12 9.2884e-13 6.79045e-12 
1.42782e-11 1.07838e-11 6.99722e-11 
0 0 0 
0 0 0 
0 0 0 
0.00395732 0.00296986 0.0217117 
1.10836 0.8371 5.43164 
5.95014 4.48889 29.7343 
1.87893e-05 1.40919e-05 0.000104285 
2.05543e-14 1.54158e-14 1.14066e-13 
0.0156457 0.0117417 0.0858397 
22.5086 16.9999 110.306 
1.66302 1.25461 8.31052 
5.2844e-15 3.96328e-15 2.93296e-14 
1.24561e-12 9.34801e-13 6.83403e-12 
0 0 0 
0 0 0 
5.27873e-15 3.95903e-15 2.92981e-14 
$escByGroup
 5.00034e-07 5.00033e-07 5e-07 5e-07 5e-07 5e-07 125.097 18.9971 1.21013 5.00036e-07 0.785399 75.3645 118.335 5.00035e-07 5.00036e-07 5e-07 5e-07 5.00036e-07 5.00104e-07 5.0008e-07 5e-07 5e-07 5e-07 5e-07 188.382 6.99178 5.00106e-07 5.00139e-07 5e-07 10.2455 7.25776 5.00101e-07 5.00094e-07 5e-07 5e-07 5.00106e-07 5.00019e-07 5.0002e-07 5e-07 5e-07 5e-07 5e-07 200.589 78.7703 0.376257 5.00018e-07 6.45112 293.166 316.939 0.187142 5.0002e-07 0.60579 5e-07 5.0002e-07 5.00093e-07 5.00072e-07 5e-07 5e-07 5e-07 5e-07 37.7665 35.5623 5.00091e-07 5.00093e-07 2.12771 488.825 375.198 5.0009e-07 5.00091e-07 43.7908 11.7413 5.00091e-07 5.00058e-07 5.00041e-07 5e-07 5e-07 5e-07 0.747271 12.8102 88.4283 0.860858 5.00064e-07 2.95442 260.151 24.715 5.00061e-07 5.00059e-07 5e-07 5e-07 5.0006e-07
$catchByGroup
5.09237e-12 7.00305e-11 0 0 0 0 65.7233 8.01938 0.000191531 8.39001e-14 0.0297391 39.5949 49.9536 2.20143e-14 5.47029e-12 0 0 2.3041e-14 1.758e-11 1.89462e-10 0 0 0 0 112.221 3.33705 7.45245e-14 3.61327e-13 0 6.1034 3.464 7.08646e-14 1.58367e-11 0 0 7.4616e-14 3.599e-12 5.5227e-11 0 0 0 0 141.135 43.8497 7.37394e-05 5.30647e-14 0.30419 206.272 176.433 3.66762e-05 3.78535e-12 0.426235 0 1.59682e-14 1.57537e-12 2.23852e-11 0 0 0 0 2.95412 2.1178 6.33685e-15 2.38848e-14 0.00905245 38.2361 22.3437 6.24691e-15 1.54803e-12 3.42534 0.699215 6.29638e-15 1.23767e-12 1.42782e-11 0 0 0 0.00395732 1.10836 5.95014 1.87893e-05 2.05543e-14 0.0156457 22.5086 1.66302 5.2844e-15 1.24561e-12 0 0 5.27873e-15 
2.89637e-13 4.71603e-12 0 0 0 0 4.42597 0.524567 1.07061e-05 4.69072e-15 0.00169146 2.66642 3.26759 1.23053e-15 3.11132e-13 0 0 1.28793e-15 6.41001e-13 8.36569e-12 0 0 0 0 4.95512 0.142583 2.66415e-15 1.29199e-14 0 0.269495 0.148007 2.53331e-15 5.77437e-13 0 0 2.66742e-15 2.68529e-13 5.04897e-12 0 0 0 0 12.9028 3.87207 5.38698e-06 3.87755e-15 0.0226963 18.8578 15.5796 2.67936e-06 2.82434e-13 0.0389673 0 1.16655e-15 1.62187e-11 1.91624e-10 0 0 0 0 25.2881 18.7108 6.64982e-14 2.50589e-13 0.0931965 327.313 197.407 6.55543e-14 1.59372e-11 29.3219 6.17758 6.60735e-14 9.2884e-13 1.07838e-11 0 0 0 0.00296986 0.8371 4.48889 1.40919e-05 1.54158e-14 0.0117417 16.9999 1.25461 3.96328e-15 9.34801e-13 0 0 3.95903e-15 
2.24242e-14 3.68638e-13 0 0 0 0 0.345965 0.0409344 8.28092e-07 3.62821e-16 0.000130956 0.208426 0.254985 9.51793e-17 2.40883e-14 0 0 9.96186e-17 1.06029e-13 1.39236e-12 0 0 0 0 0.824714 0.0237051 4.40411e-16 2.13581e-15 0 0.0448539 0.0246069 4.18783e-16 9.55148e-14 0 0 4.40952e-16 4.5015e-15 8.60471e-14 0 0 0 0 0.219897 0.0657976 9.01567e-08 6.4896e-17 0.00038047 0.321384 0.264742 4.48418e-08 4.73459e-15 0.0006641 0 1.95234e-17 7.18605e-13 1.03243e-11 0 0 0 0 1.36247 0.974852 2.88738e-15 1.08832e-14 0.00412928 17.6349 10.2851 2.8464e-15 7.06132e-13 1.5798 0.321859 2.86894e-15 6.79045e-12 6.99722e-11 0 0 0 0.0217117 5.43164 29.7343 0.000104285 1.14066e-13 0.0858397 110.306 8.31052 2.93296e-14 6.83403e-12 0 0 2.92981e-14 
$Fmort
 0.113867 0.0455131 0.02618
#ESTIMATED_PARAMETERS
$availability
1.38912 1.54733 1.72003 0.152101 0.191551 
0.194249 0.138378 0.314342 3.99361 0.359421 
0.0261198 0.0397677 0.00914573 0.301431 4.62427 
$selectivity
 0.234433 2.58895 2.17193 0.00100054 0.0036901
$RunSize
 1.39892e-10 2.08411e-10 0 0 0 0 195.592 27.582 1.21033 1.43785e-10 0.81696 117.834 171.811 1.39113e-10 1.50274e-10 0 0 1.45602e-10 4.3447e-10 5.17263e-10 0 0 0 0 306.383 10.4951 4.22791e-10 5.55935e-10 0 16.6633 10.8944 4.02027e-10 3.91386e-10 0 0 4.2331e-10 8.01979e-11 1.38854e-10 0 0 0 0 354.847 126.558 0.376337 7.34498e-11 6.77839 518.617 509.217 0.187181 8.43505e-11 1.07166 0 8.14956e-11 3.88791e-10 5.10515e-10 0 0 0 0 67.3713 57.3657 3.65692e-10 3.73738e-10 2.23409 872.009 605.234 3.60501e-10 3.82043e-10 78.1179 18.94 3.63356e-10 2.4267e-10 2.60059e-10 0 0 0 0.77591 20.1873 128.602 0.860995 2.55387e-10 3.06765 409.966 35.9432 2.42151e-10 2.44227e-10 0 0 2.41891e-10
