$ndistricts
3
$ngroups
90
$nstocks
5
$nagecomps
18
$AgeCompLabels
 0.1 0.2 0.3 0.4 0.5 1.1 1.2 1.3 1.4 1.5 2.1 2.2 2.3 2.4 3.1 3.2 3.3 3.4
$navailpar
15
$nselectpar
5
$GENdata
-1
$maxGradient
0.000181768
#LIKELIHOOD_VALUES_AND_PENALTIES
$totalNLL
-34921.3
$NLLcatch
-26352.8
$NLLescape
-19885.8
$NLLagecompCatch
2242.02
$NLLagecompEsc
9075.24
$NLLgenetics
0
$NLLselOne
8.3168e-11
$NLLavailOne
2.2306e-05
$NLLextra
5.49934e-10
#OBSERVED_AND_PREDICTED_VALUES
$predEsc
 1334.56 98.2582 1071.03 713.449 203.991
$obsEsc
 1341.14 100 1085.86 692.514 201.52
$predCatch
 2167.21 1780.57 92.623
$obsCatch
 2167.21 1780.57 92.623
$RunSize
 9.77496e-11 1.90943e-10 7.44277 9.52644e-11 9.40218e-11 12.9023 749.611 187.822 9.56786e-11 9.52644e-11 2.37272 1278.64 129.155 9.73354e-11 9.48502e-11 1.78657 0.843416 9.07083e-11 1.45796e-10 3.40881e-10 0 1.5118e-10 1.46624e-10 0 109.001 44.7414 1.40411e-10 1.50352e-10 0 19.1859 8.50565 1.48695e-10 1.52423e-10 0 0 1.34199e-10 6.66851e-11 1.77275e-10 1.93763 6.79277e-11 7.12412e-11 1.38468 592.591 263.576 1.32547 6.54425e-11 0.228686 346.76 1054.97 6.54425e-11 6.58567e-11 2.89523 2.27457 6.46141e-11 3.02361e-11 1.01078 0 3.10645e-11 3.02361e-11 0 10.303 54.4895 3.02361e-11 2.98219e-11 0.41125 1295.91 896.323 3.02361e-11 2.94077e-11 52.8435 23.0475 3.10645e-11 3.06503e-11 3.97625e-11 0 3.02361e-11 3.02361e-11 0 21.7755 58.4125 2.98219e-11 2.98219e-11 0 117.042 110.173 3.06503e-11 3.02361e-11 0 0 2.94077e-11
$SSageCompEsc
 1883 88.5 2161 3086 903
$obsAgeCompEsc
0 0 0.000737137 0 0 0.00963206 0.31919 0.0817013 0 0 0.00177133 0.531167 0.0547121 0 0 0.000737137 0.000351686 0 
0 0 0 0 0 0 0.601116 0.250188 0 0 0 0.102692 0.0460043 0 0 0 0 0 
0 0 0.000715696 0 0 0.00128365 0.261016 0.120302 0.00122876 0 0.000212 0.147808 0.465231 0 0 0.00121768 0.000985175 0 
0 0 0 0 0 0 0.00509401 0.0289203 0 0 0.000580144 0.532902 0.404167 0 0 0.0199772 0.00835939 0 
0 0 0 0 0 0 0.077796 0.176757 0 0 0 0.407036 0.337741 0 0 0.000335112 0.000335112 0 
$predAgeCompEsc
7.32288e-14 7.98831e-14 0.00318679 7.1367e-14 7.0423e-14 0.00966569 0.313608 0.0804201 7.16773e-14 7.13537e-14 0.00177752 0.534933 0.0553007 7.29184e-14 7.10567e-14 0.000747433 0.000361128 6.79538e-14 
1.48346e-12 1.86533e-12 0 1.53824e-12 1.49159e-12 0 0.596463 0.25086 1.42867e-12 1.52951e-12 0 0.104987 0.0476901 1.51296e-12 1.55089e-12 0 0 1.36546e-12 
6.22456e-14 7.6582e-14 0.000864559 6.34054e-14 6.64826e-14 0.0012925 0.255997 0.117606 0.00123723 6.10712e-14 0.000213461 0.149799 0.470724 6.10857e-14 6.14723e-14 0.00125073 0.0010149 6.03124e-14 
4.23623e-14 0.000423195 0 4.35229e-14 4.23468e-14 0 0.00431369 0.0240588 4.23622e-14 4.17667e-14 0.000576182 0.542574 0.395754 4.23622e-14 4.12017e-14 0.0221246 0.0101762 4.35229e-14 
1.50231e-13 1.28089e-13 0 1.48201e-13 1.48182e-13 0 0.0701465 0.191544 1.46171e-13 1.46152e-13 0 0.377034 0.361276 1.50231e-13 1.48201e-13 0 0 1.4414e-13 
$SSageCompCatch
 23 1710 295
$obsAgeCompCatch
0 0 0 0 0 0 0.130435 0.130435 0 0 0 0.173913 0.565217 0 0 0 0 0 
0 0.00115781 0 0 0 0 0.0351433 0.0202154 0 0 0 0.562154 0.345982 0 0 0.0247014 0.010646 0 
0 0 0.0183525 0 0 0 0.0323589 0.187706 0 0 0 0.277871 0.474536 0 0 0 0.00917627 0 
$predAgeCompCatch
3.16717e-17 2.47865e-05 0.00171053 3.2202e-17 5.95634e-17 1.32172e-06 0.28417 0.0991377 1.48729e-07 5.92449e-17 2.44229e-07 0.344552 0.267005 3.18569e-17 3.19709e-17 0.00223507 0.00116367 2.96928e-17 
1.06726e-17 0.0003602 0.000272426 1.09085e-17 1.99829e-17 1.63619e-07 0.0522937 0.0382944 2.32266e-08 1.96853e-17 1.20974e-07 0.517014 0.364612 1.06921e-17 1.04855e-17 0.019003 0.00814914 1.06535e-17 
3.086e-17 0.000148701 0.000100326 3.06364e-17 5.6885e-17 6.75248e-08 0.0605453 0.127724 2.3461e-09 5.61959e-17 3.63106e-08 0.448827 0.351558 3.09457e-17 3.04767e-17 0.00781003 0.00328616 2.97355e-17 
$genSS
 0 0 0
$obsGenComp     #GeneticFracData
-1 -1 -1 -1 -1 
-1 -1 -1 -1 -1 
-1 -1 -1 -1 -1 
$predGenComp     #catchGenComp_pred
0 0 0 0 0 
0 0 0 0 0 
0 0 0 0 0 
#PARAMETERS_OF_INTEREST
$catchByGroup
1.9156e-14 1.88059e-15 4.56678e-17 
7.4984e-11 9.12308e-12 2.26873e-13 
2.83853 0.342746 0.00851592 
1.87099e-14 1.83681e-15 4.46045e-17 
3.43792e-14 3.37537e-15 8.19671e-17 
0.00252845 0.000248225 6.02784e-06 
294.375 35.8157 0.890665 
71.6316 8.64934 0.214903 
1.87913e-14 1.84479e-15 4.47984e-17 
3.48336e-14 3.41997e-15 8.30504e-17 
0.000464982 4.56486e-05 1.10852e-06 
502.126 61.0922 1.51924 
49.2573 5.94769 0.147777 
1.91167e-14 1.87674e-15 4.55741e-17 
1.85878e-14 1.82481e-15 4.43133e-17 
0.701594 0.0853609 0.00212275 
0.321663 0.03884 0.000965025 
1.78151e-14 1.74896e-15 4.24712e-17 
3.18253e-14 1.99818e-15 1.03705e-16 
1.45296e-10 1.16838e-11 6.16461e-13 
0 0 0 
3.30731e-14 2.07653e-15 1.07771e-16 
5.97183e-14 3.7498e-15 1.94615e-16 
0 0 0 
46.4602 3.73604 0.197121 
18.5368 1.47768 0.0779178 
3.07172e-14 1.92861e-15 1.00094e-16 
6.12366e-14 3.84514e-15 1.99563e-16 
0 0 0 
8.17773 0.657602 0.0346964 
3.52397 0.280917 0.0148127 
3.25294e-14 2.04239e-15 1.06e-16 
3.32719e-14 2.08901e-15 1.08419e-16 
0 0 0 
0 0 0 
2.9358e-14 1.84327e-15 9.56655e-17 
1.6181e-14 2.07612e-15 1.09087e-17 
8.16764e-11 1.35029e-11 7.37803e-14 
0.868554 0.142327 0.000776562 
1.65186e-14 2.11944e-15 1.11363e-17 
3.22535e-14 4.1387e-15 2.17466e-17 
0.000335989 4.31094e-05 2.26513e-07 
273.027 45.1373 0.246632 
118.15 19.3608 0.105636 
0.000322327 4.13566e-05 2.17303e-07 
2.96282e-14 3.80183e-15 1.99765e-17 
5.549e-05 7.11971e-06 3.74096e-08 
159.764 26.4125 0.144319 
472.9 77.4926 0.422813 
1.59143e-14 2.0419e-15 1.07289e-17 
1.598e-14 2.05033e-15 1.07732e-17 
1.33393 0.220528 0.00120497 
1.01959 0.167077 0.000911603 
1.57129e-14 2.01606e-15 1.05931e-17 
6.48852e-16 1.19573e-14 1.63019e-16 
0.0537177 0.64136 0.0137732 
0 0 0 
6.68092e-16 1.23118e-14 1.67852e-16 
1.21076e-15 2.23086e-14 3.04195e-16 
0 0 0 
0.547553 6.53748 0.140392 
2.79138 33.8183 0.715171 
6.50276e-16 1.19835e-14 1.63376e-16 
1.19417e-15 2.2003e-14 3.00028e-16 
8.82523e-06 0.000162634 2.21727e-06 
68.8708 822.28 17.6584 
45.9166 556.292 11.7642 
6.50276e-16 1.19835e-14 1.63376e-16 
6.31075e-16 1.16297e-14 1.58552e-16 
2.80836 33.5303 0.720061 
1.18067 14.3042 0.302497 
6.68092e-16 1.23118e-14 1.67852e-16 
8.28334e-16 1.09108e-15 2.53504e-15 
2.64267e-12 3.44368e-12 7.54709e-12 
0 0 0 
8.18934e-16 1.0787e-15 2.50627e-15 
1.52478e-15 2.00843e-15 4.66634e-15 
0 0 0 
1.44723 1.88589 4.13308 
3.7431 4.87957 10.7165 
8.07715e-16 1.06392e-15 2.47194e-15 
1.50389e-15 1.98092e-15 4.60241e-15 
0 0 0 
7.77878 10.1366 22.2151 
7.05996 9.20349 20.2128 
8.30152e-16 1.09348e-15 2.5406e-15 
8.1714e-16 1.07634e-15 2.50078e-15 
0 0 0 
0 0 0 
7.96497e-16 1.04915e-15 2.43761e-15 
$escByGroup
 5.00024e-07 5.00027e-07 4.25298 5.00024e-07 5.00023e-07 12.8995 418.53 107.326 5.00024e-07 5.00024e-07 2.37221 713.902 73.8023 5.00024e-07 5.00024e-07 0.997497 0.481948 5.00023e-07 5.00036e-07 5.00046e-07 5e-07 5.00038e-07 5.00037e-07 5e-07 58.6074 24.649 5.00035e-07 5.00038e-07 5e-07 10.3158 4.68595 5.00037e-07 5.00038e-07 5e-07 5e-07 5.00034e-07 5.00017e-07 5.00021e-07 0.925967 5.00017e-07 5.00018e-07 1.3843 274.18 125.96 1.32511 5.00016e-07 0.228623 160.439 504.159 5.00016e-07 5.00016e-07 1.33957 1.08699 5.00016e-07 5.00008e-07 0.301928 5e-07 5.00008e-07 5.00008e-07 5e-07 3.0776 17.1647 5.00008e-07 5.00007e-07 0.411077 387.099 282.35 5.00008e-07 5.00007e-07 15.7848 7.26018 5.00008e-07 5.00008e-07 5.00007e-07 5e-07 5.00008e-07 5.00008e-07 5e-07 14.3093 39.0733 5.00007e-07 5.00007e-07 5e-07 76.9117 73.6972 5.00008e-07 5.00008e-07 5e-07 5e-07 5.00007e-07
$catchByGroup
1.9156e-14 7.4984e-11 2.83853 1.87099e-14 3.43792e-14 0.00252845 294.375 71.6316 1.87913e-14 3.48336e-14 0.000464982 502.126 49.2573 1.91167e-14 1.85878e-14 0.701594 0.321663 1.78151e-14 3.18253e-14 1.45296e-10 0 3.30731e-14 5.97183e-14 0 46.4602 18.5368 3.07172e-14 6.12366e-14 0 8.17773 3.52397 3.25294e-14 3.32719e-14 0 0 2.9358e-14 1.6181e-14 8.16764e-11 0.868554 1.65186e-14 3.22535e-14 0.000335989 273.027 118.15 0.000322327 2.96282e-14 5.549e-05 159.764 472.9 1.59143e-14 1.598e-14 1.33393 1.01959 1.57129e-14 6.48852e-16 0.0537177 0 6.68092e-16 1.21076e-15 0 0.547553 2.79138 6.50276e-16 1.19417e-15 8.82523e-06 68.8708 45.9166 6.50276e-16 6.31075e-16 2.80836 1.18067 6.68092e-16 8.28334e-16 2.64267e-12 0 8.18934e-16 1.52478e-15 0 1.44723 3.7431 8.07715e-16 1.50389e-15 0 7.77878 7.05996 8.30152e-16 8.1714e-16 0 0 7.96497e-16 
1.88059e-15 9.12308e-12 0.342746 1.83681e-15 3.37537e-15 0.000248225 35.8157 8.64934 1.84479e-15 3.41997e-15 4.56486e-05 61.0922 5.94769 1.87674e-15 1.82481e-15 0.0853609 0.03884 1.74896e-15 1.99818e-15 1.16838e-11 0 2.07653e-15 3.7498e-15 0 3.73604 1.47768 1.92861e-15 3.84514e-15 0 0.657602 0.280917 2.04239e-15 2.08901e-15 0 0 1.84327e-15 2.07612e-15 1.35029e-11 0.142327 2.11944e-15 4.1387e-15 4.31094e-05 45.1373 19.3608 4.13566e-05 3.80183e-15 7.11971e-06 26.4125 77.4926 2.0419e-15 2.05033e-15 0.220528 0.167077 2.01606e-15 1.19573e-14 0.64136 0 1.23118e-14 2.23086e-14 0 6.53748 33.8183 1.19835e-14 2.2003e-14 0.000162634 822.28 556.292 1.19835e-14 1.16297e-14 33.5303 14.3042 1.23118e-14 1.09108e-15 3.44368e-12 0 1.0787e-15 2.00843e-15 0 1.88589 4.87957 1.06392e-15 1.98092e-15 0 10.1366 9.20349 1.09348e-15 1.07634e-15 0 0 1.04915e-15 
4.56678e-17 2.26873e-13 0.00851592 4.46045e-17 8.19671e-17 6.02784e-06 0.890665 0.214903 4.47984e-17 8.30504e-17 1.10852e-06 1.51924 0.147777 4.55741e-17 4.43133e-17 0.00212275 0.000965025 4.24712e-17 1.03705e-16 6.16461e-13 0 1.07771e-16 1.94615e-16 0 0.197121 0.0779178 1.00094e-16 1.99563e-16 0 0.0346964 0.0148127 1.06e-16 1.08419e-16 0 0 9.56655e-17 1.09087e-17 7.37803e-14 0.000776562 1.11363e-17 2.17466e-17 2.26513e-07 0.246632 0.105636 2.17303e-07 1.99765e-17 3.74096e-08 0.144319 0.422813 1.07289e-17 1.07732e-17 0.00120497 0.000911603 1.05931e-17 1.63019e-16 0.0137732 0 1.67852e-16 3.04195e-16 0 0.140392 0.715171 1.63376e-16 3.00028e-16 2.21727e-06 17.6584 11.7642 1.63376e-16 1.58552e-16 0.720061 0.302497 1.67852e-16 2.53504e-15 7.54709e-12 0 2.50627e-15 4.66634e-15 0 4.13308 10.7165 2.47194e-15 4.60241e-15 0 22.2151 20.2128 2.5406e-15 2.50078e-15 0 0 2.43761e-15 
$Fmort
 0.141062 0.0990251 0.0178831
#ESTIMATED_PARAMETERS
$availability
1.38912 1.54733 1.72003 0.152101 0.191551 
0.194249 0.138378 0.314342 3.99361 0.359421 
0.0261198 0.0397677 0.00914573 0.301431 4.62427 
$selectivity
 0.00100019 2.5452 2.45093 0.00100238 0.00186637
$RunSize
 9.77496e-11 1.90943e-10 7.44277 9.52644e-11 9.40218e-11 12.9023 749.611 187.822 9.56786e-11 9.52644e-11 2.37272 1278.64 129.155 9.73354e-11 9.48502e-11 1.78657 0.843416 9.07083e-11 1.45796e-10 3.40881e-10 0 1.5118e-10 1.46624e-10 0 109.001 44.7414 1.40411e-10 1.50352e-10 0 19.1859 8.50565 1.48695e-10 1.52423e-10 0 0 1.34199e-10 6.66851e-11 1.77275e-10 1.93763 6.79277e-11 7.12412e-11 1.38468 592.591 263.576 1.32547 6.54425e-11 0.228686 346.76 1054.97 6.54425e-11 6.58567e-11 2.89523 2.27457 6.46141e-11 3.02361e-11 1.01078 0 3.10645e-11 3.02361e-11 0 10.303 54.4895 3.02361e-11 2.98219e-11 0.41125 1295.91 896.323 3.02361e-11 2.94077e-11 52.8435 23.0475 3.10645e-11 3.06503e-11 3.97625e-11 0 3.02361e-11 3.02361e-11 0 21.7755 58.4125 2.98219e-11 2.98219e-11 0 117.042 110.173 3.06503e-11 3.02361e-11 0 0 2.94077e-11
