$ndistricts
3
$ngroups
90
$nstocks
5
$nagecomps
18
$AgeCompLabels
 0.1 0.2 0.3 0.4 0.5 1.1 1.2 1.3 1.4 1.5 2.1 2.2 2.3 2.4 3.1 3.2 3.3 3.4
$navailpar
15
$nselectpar
5
$GENdata
1
$maxGradient
0.000439881
#LIKELIHOOD_VALUES_AND_PENALTIES
$totalNLL
-323707
$NLLcatch
-296740
$NLLescape
-59238.1
$NLLagecompCatch
17867.3
$NLLagecompEsc
13696.5
$NLLgenetics
707.356
$NLLselOne
1.93255e-11
$NLLavailOne
7.55581e-14
$NLLextra
4.9998e-10
#OBSERVED_AND_PREDICTED_VALUES
$predEsc
 4025.17 348.106 1535.09 1517.8 1413.69
$obsEsc
 4025.17 347.975 1535.66 1517 1413.45
$predCatch
 8907.87 21600.9 4176.9
$obsCatch
 8907.88 21600.9 4176.9
$RunSize
 2.65773e-11 3.80012 46.9405 0.732896 2.89934e-11 5.77381 1667.04 1823.25 2.77398 2.89934e-11 127.831 3458.91 304.468 5.31546e-11 2.89934e-11 5.07384e-11 0 3.14095e-11 5.31546e-11 3.62417e-11 0 0 1.13557e-10 0 717.705 445.471 1.35303e-10 1.3047e-10 7.24835e-11 223.131 76.3453 2.12618e-10 7.00674e-11 1.03893e-10 0 4.1074e-11 1.44967e-11 2.41612e-11 0 0 1.20806e-11 0 337.284 1114.52 105.463 0.658553 4.07123 782.57 3107.45 38.5561 1.44967e-11 4.59062e-11 0 2.41612e-11 1.20806e-11 7.00674e-11 0 0 1.20806e-11 0 188.945 1023.11 122.97 1.44967e-11 36.4052 10852.2 11180.8 56.6805 1.20806e-11 136.572 46.4046 5.55707e-11 1.44967e-11 2.65773e-11 8.1633 0 1.44967e-11 0.923922 811.731 714.869 12.5377 1.69128e-11 13.5624 1781.22 2127.85 15.7632 1.44967e-11 1.59464e-10 0 2.65773e-11
$SSageCompEsc
 3254 88.5 2482 3096 2054
$obsAgeCompEsc
0 0.000861529 0.00932848 0.000167084 0 0.000580105 0.226732 0.242733 0.000435228 0 0.0311751 0.447316 0.0406718 0 0 0 0 0 
0 0 0 0 0 0 0.601116 0.250188 0 0 0 0.102692 0.0460043 0 0 0 0 0 
0 0 0 0 0 0 0.0621543 0.201521 0.0249322 0.000428721 0.00249905 0.134244 0.565943 0.0082769 0 0 0 0 
0 0 0 0 0 0 0.00817989 0.0464873 0.00708144 0 0.0211018 0.412434 0.495007 0.00191217 0 0.00628422 0.00151169 0 
0 0 0.00123868 0 0 0.00062747 0.178587 0.145853 0.00171192 0 0.00847711 0.272155 0.388312 0.00303798 0 0 0 0 
$predAgeCompEsc
6.32557e-15 0.000500887 0.00629369 0.000101383 7.20044e-15 0.0013742 0.219729 0.244458 0.000383728 7.20044e-15 0.0304246 0.455912 0.0408225 7.35295e-15 6.90062e-15 6.68774e-15 0 4.34492e-15 
1.38648e-13 2.44131e-14 0 0 3.25951e-13 0 0.483459 0.312654 1.02308e-13 3.74497e-13 1.89065e-13 0.150305 0.0535829 1.6077e-13 1.82763e-13 6.99841e-14 0 3.10578e-14 
8.66952e-15 4.25264e-15 0 0 7.86399e-15 0 0.0593657 0.203749 0.02065 0.000428692 0.00243473 0.137741 0.568081 0.00754945 8.66952e-15 8.08001e-15 0 4.73086e-15 
6.90905e-15 2.66282e-15 0 0 7.94989e-15 0 0.00718059 0.0454473 0.00699263 9.53987e-15 0.0208207 0.412424 0.49666 0.0032231 6.90905e-15 0.00519022 0.00206133 3.15999e-15 
9.54477e-15 4.66774e-15 0.00151555 0 1.02484e-14 0.000608319 0.142564 0.132718 0.00256356 1.19565e-14 0.0089296 0.312834 0.395044 0.00322308 9.54477e-15 2.80065e-14 0 5.43423e-15 
$SSageCompCatch
 6076 4717 3549
$obsAgeCompCatch
0 0 0.000601434 0 0 0.000452406 0.160798 0.215526 0.00655565 0 0.000166619 0.303718 0.308179 0.00275405 0 0.000565265 0.000684179 0 
0 0 0.000157712 0 0 0 0.0190372 0.0527098 0.0047858 0 0 0.444425 0.46942 0.00339879 0 0.00406105 0.00200429 0 
0 0 0.00125346 0 0 0 0.0848542 0.0948407 0.00401584 0 0.000583118 0.40465 0.404537 0.00257639 0 0.00269002 0 0 
$predAgeCompCatch
7.8688e-16 0.000185048 0.00224711 3.37377e-05 1.21704e-17 2.55988e-05 0.16781 0.213092 0.00845385 5.10759e-08 0.000614204 0.296643 0.306987 0.00309871 9.68234e-16 0.000608535 0.000201619 6.75051e-15 
9.10223e-17 4.72179e-06 0.000138708 8.45794e-07 8.52745e-19 1.26496e-06 0.0193714 0.0517965 0.0050115 7.33377e-10 0.000233959 0.450869 0.463008 0.00238716 9.28068e-17 0.00536835 0.00180811 2.50958e-15 
1.95439e-16 8.04252e-06 0.00110487 1.43968e-06 1.6994e-18 1.221e-05 0.108483 0.105816 0.00304161 2.96468e-10 0.000219785 0.370923 0.405474 0.00258434 1.9627e-16 0.00175059 0.000580111 3.92864e-15 
$genSS
 312 310 342
$obsGenComp     #GeneticFracData
0.358317 0.151741 0.414173 0.072705 0.00306341 
0.0099718 0.00211523 0.00785657 0.925363 0.0546938 
0.0200965 0.00130627 0.00472267 0.181572 0.792303 
$predGenComp     #catchGenComp_pred
0.35443 0.120303 0.41825 0.103787 0.0032302 
0.00902418 0.00187678 0.00985255 0.923787 0.0554594 
0.0153695 0.000566503 0.0040559 0.298596 0.681412 
#PARAMETERS_OF_INTEREST
$catchByGroup
1.04804e-12 5.10992e-14 1.66877e-14 
1.64838 0.101995 0.0335928 
19.9746 1.22829 0.404454 
0.300531 0.0182699 0.00601338 
9.80917e-15 4.693e-16 1.53163e-16 
0.227682 0.0111011 0.00362533 
723.113 44.7431 14.7365 
775.846 47.7089 15.7097 
1.1375 0.0691506 0.0227603 
9.80917e-15 4.693e-16 1.53163e-16 
5.04082 0.245776 0.080264 
1500.37 92.8365 30.5765 
129.56 7.967 2.62339 
2.17966e-11 1.32506e-12 4.36131e-13 
1.14331e-12 5.57446e-14 1.82047e-14 
2.20089e-11 1.36181e-12 4.48524e-13 
0 0 0 
1.28798e-11 7.82987e-13 2.57714e-13 
4.77778e-12 1.06547e-13 6.14304e-15 
2.66707e-11 1.01357e-12 5.91665e-14 
0 0 0 
0 0 0 
8.99196e-14 1.91637e-15 1.10387e-16 
0 0 0 
528.167 20.0719 1.17169 
323.779 12.1463 0.708793 
9.59689e-11 3.51463e-12 2.04968e-13 
1.03312e-13 2.20179e-15 1.26827e-16 
6.51516e-12 1.45291e-13 8.37687e-15 
164.204 6.24025 0.364272 
55.4896 2.08164 0.121474 
1.50808e-10 5.523e-12 3.22093e-13 
6.29799e-12 1.40448e-13 8.09764e-15 
7.6456e-11 2.90556e-12 1.69611e-13 
0 0 0 
2.91334e-11 1.06694e-12 6.22226e-14 
1.14357e-12 4.14025e-14 3.24062e-15 
1.65993e-11 9.57414e-13 7.62417e-14 
0 0 0 
0 0 0 
8.34617e-15 2.906e-16 2.27158e-17 
0 0 0 
231.722 13.3652 1.06431 
755.258 43.0642 3.42772 
69.5709 3.88328 0.308825 
0.000454978 1.58416e-05 1.23832e-06 
0.321159 0.0116274 0.000910091 
537.645 31.0102 2.46943 
2105.77 120.069 9.55697 
25.4344 1.41969 0.112903 
1.14357e-12 4.14025e-14 3.24062e-15 
3.15387e-11 1.81909e-12 1.44859e-13 
0 0 0 
1.59385e-11 8.89647e-13 7.07507e-14 
3.45603e-14 1.51256e-12 4.69313e-14 
2.78109e-12 5.94933e-11 3.75141e-12 
0 0 0 
0 0 0 
2.9109e-16 1.3584e-14 3.95489e-16 
0 0 0 
7.49953 160.43 10.1161 
39.5975 861.11 53.4228 
4.53544 101.701 6.12101 
3.49308e-16 1.63008e-14 4.74587e-16 
0.104149 4.55816 0.141429 
430.743 9214.47 581.028 
432.732 9410.43 583.818 
2.09051 46.8766 2.82134 
3.45603e-14 1.51256e-12 4.69313e-14 
5.42075 115.961 7.31205 
1.796 39.0568 2.42306 
2.04958e-12 4.59588e-11 2.7661e-12 
5.47889e-15 2.54547e-13 7.43326e-13 
1.41648e-13 5.88786e-12 1.3949e-11 
0.0424051 1.76792 4.21047 
0 0 0 
4.60901e-17 2.15979e-15 6.41647e-15 
0.000349187 0.0162231 0.0473746 
4.32624 179.829 426.035 
3.71346 154.818 368.715 
0.0620137 2.59966 6.2519 
5.37718e-17 2.51975e-15 7.48589e-15 
0.00512577 0.238142 0.695418 
9.49329 394.607 934.871 
11.0534 460.827 1097.5 
0.0779677 3.26846 7.86029 
5.47889e-15 2.54547e-13 7.43326e-13 
8.49886e-13 3.53272e-11 8.36942e-11 
0 0 0 
1.31456e-13 5.51075e-12 1.32527e-11 
$escByGroup
 5.00006e-07 2.01615 25.3332 0.408081 5.00007e-07 5.5314 884.448 983.983 1.54457 5.00007e-07 122.464 1835.12 164.317 5.00007e-07 5.00007e-07 5.00007e-07 5e-07 5.00004e-07 5.00012e-07 5.00002e-07 5e-07 5e-07 5.00028e-07 5e-07 168.295 108.837 5.00009e-07 5.00033e-07 5.00016e-07 52.322 18.6525 5.00014e-07 5.00016e-07 5.00006e-07 5e-07 5.00003e-07 5.00003e-07 5.00002e-07 5e-07 5e-07 5.00003e-07 5e-07 91.1316 312.773 31.6996 0.658081 3.73753 211.445 872.056 11.5891 5.00003e-07 5.00003e-07 5e-07 5.00002e-07 5.00003e-07 5.00001e-07 5e-07 5e-07 5.00003e-07 5e-07 10.8987 68.9798 10.6134 5.00004e-07 31.6015 625.976 753.829 4.892 5.00003e-07 7.8777 3.12867 5.00001e-07 5.00003e-07 5.00002e-07 2.14251 5e-07 5.00004e-07 0.859975 201.541 187.622 3.62409 5.00004e-07 12.6237 442.251 558.47 4.55643 5.00003e-07 5.0001e-07 5e-07 5.00002e-07
$catchByGroup
1.04804e-12 1.64838 19.9746 0.300531 9.80917e-15 0.227682 723.113 775.846 1.1375 9.80917e-15 5.04082 1500.37 129.56 2.17966e-11 1.14331e-12 2.20089e-11 0 1.28798e-11 4.77778e-12 2.66707e-11 0 0 8.99196e-14 0 528.167 323.779 9.59689e-11 1.03312e-13 6.51516e-12 164.204 55.4896 1.50808e-10 6.29799e-12 7.6456e-11 0 2.91334e-11 1.14357e-12 1.65993e-11 0 0 8.34617e-15 0 231.722 755.258 69.5709 0.000454978 0.321159 537.645 2105.77 25.4344 1.14357e-12 3.15387e-11 0 1.59385e-11 3.45603e-14 2.78109e-12 0 0 2.9109e-16 0 7.49953 39.5975 4.53544 3.49308e-16 0.104149 430.743 432.732 2.09051 3.45603e-14 5.42075 1.796 2.04958e-12 5.47889e-15 1.41648e-13 0.0424051 0 4.60901e-17 0.000349187 4.32624 3.71346 0.0620137 5.37718e-17 0.00512577 9.49329 11.0534 0.0779677 5.47889e-15 8.49886e-13 0 1.31456e-13 
5.10992e-14 0.101995 1.22829 0.0182699 4.693e-16 0.0111011 44.7431 47.7089 0.0691506 4.693e-16 0.245776 92.8365 7.967 1.32506e-12 5.57446e-14 1.36181e-12 0 7.82987e-13 1.06547e-13 1.01357e-12 0 0 1.91637e-15 0 20.0719 12.1463 3.51463e-12 2.20179e-15 1.45291e-13 6.24025 2.08164 5.523e-12 1.40448e-13 2.90556e-12 0 1.06694e-12 4.14025e-14 9.57414e-13 0 0 2.906e-16 0 13.3652 43.0642 3.88328 1.58416e-05 0.0116274 31.0102 120.069 1.41969 4.14025e-14 1.81909e-12 0 8.89647e-13 1.51256e-12 5.94933e-11 0 0 1.3584e-14 0 160.43 861.11 101.701 1.63008e-14 4.55816 9214.47 9410.43 46.8766 1.51256e-12 115.961 39.0568 4.59588e-11 2.54547e-13 5.88786e-12 1.76792 0 2.15979e-15 0.0162231 179.829 154.818 2.59966 2.51975e-15 0.238142 394.607 460.827 3.26846 2.54547e-13 3.53272e-11 0 5.51075e-12 
1.66877e-14 0.0335928 0.404454 0.00601338 1.53163e-16 0.00362533 14.7365 15.7097 0.0227603 1.53163e-16 0.080264 30.5765 2.62339 4.36131e-13 1.82047e-14 4.48524e-13 0 2.57714e-13 6.14304e-15 5.91665e-14 0 0 1.10387e-16 0 1.17169 0.708793 2.04968e-13 1.26827e-16 8.37687e-15 0.364272 0.121474 3.22093e-13 8.09764e-15 1.69611e-13 0 6.22226e-14 3.24062e-15 7.62417e-14 0 0 2.27158e-17 0 1.06431 3.42772 0.308825 1.23832e-06 0.000910091 2.46943 9.55697 0.112903 3.24062e-15 1.44859e-13 0 7.07507e-14 4.69313e-14 3.75141e-12 0 0 3.95489e-16 0 10.1161 53.4228 6.12101 4.74587e-16 0.141429 581.028 583.818 2.82134 4.69313e-14 7.31205 2.42306 2.7661e-12 7.43326e-13 1.3949e-11 4.21047 0 6.41647e-15 0.0473746 426.035 368.715 6.2519 7.48589e-15 0.695418 934.871 1097.5 7.86029 7.43326e-13 8.36942e-11 0 1.32527e-11 
$Fmort
 0.369667 0.266154 0.0966866
#ESTIMATED_PARAMETERS
$availability
0.915075 2.14221 1.86896 0.0651621 0.00859784 
0.0607973 0.0633866 0.0903528 4.22583 0.559633 
0.0546198 0.0100507 0.0194418 0.338492 4.5774 
$selectivity
 0.118934 1.68135 1.63864 1.56008 0.00100032
$RunSize
 2.65773e-11 3.80012 46.9405 0.732896 2.89934e-11 5.77381 1667.04 1823.25 2.77398 2.89934e-11 127.831 3458.91 304.468 5.31546e-11 2.89934e-11 5.07384e-11 0 3.14095e-11 5.31546e-11 3.62417e-11 0 0 1.13557e-10 0 717.705 445.471 1.35303e-10 1.3047e-10 7.24835e-11 223.131 76.3453 2.12618e-10 7.00674e-11 1.03893e-10 0 4.1074e-11 1.44967e-11 2.41612e-11 0 0 1.20806e-11 0 337.284 1114.52 105.463 0.658553 4.07123 782.57 3107.45 38.5561 1.44967e-11 4.59062e-11 0 2.41612e-11 1.20806e-11 7.00674e-11 0 0 1.20806e-11 0 188.945 1023.11 122.97 1.44967e-11 36.4052 10852.2 11180.8 56.6805 1.20806e-11 136.572 46.4046 5.55707e-11 1.44967e-11 2.65773e-11 8.1633 0 1.44967e-11 0.923922 811.731 714.869 12.5377 1.69128e-11 13.5624 1781.22 2127.85 15.7632 1.44967e-11 1.59464e-10 0 2.65773e-11
