$ndistricts
3
$ngroups
90
$nstocks
5
$nagecomps
18
$AgeCompLabels
 0.1 0.2 0.3 0.4 0.5 1.1 1.2 1.3 1.4 1.5 2.1 2.2 2.3 2.4 3.1 3.2 3.3 3.4
$navailpar
15
$nselectpar
5
$GENdata
1
$maxGradient
0.000278954
#LIKELIHOOD_VALUES_AND_PENALTIES
$totalNLL
-300272
$NLLcatch
-270222
$NLLescape
-41532.7
$NLLagecompCatch
4768.53
$NLLagecompEsc
6296.56
$NLLgenetics
416.809
$NLLselOne
7.00629e-10
$NLLavailOne
2.69885e-15
$NLLextra
0.376112
#OBSERVED_AND_PREDICTED_VALUES
$predEsc
 3569.83 96.0134 887.899 794.909 999.487
$obsEsc
 3569.98 96.22 888.294 792.282 1001.36
$predCatch
 21559.4 6755.25 3349.45
$obsCatch
 21559.4 6755.26 3349.45
$RunSize
 4.00919e-11 1.18166e-10 0 0 0.0114023 1.3975 17692.5 1014.63 1.60368e-10 0.0114023 71.1659 1354.58 112.169 3.01745e-10 4.00919e-11 1.09725e-10 0 1.20276e-10 4.43121e-11 1.68808e-10 0 0 0.0144073 0 1277.65 846.348 3.88259e-10 0.0144073 4.64222e-11 262.254 136.08 8.66115 4.43121e-11 2.0046e-10 0 1.81469e-10 1.68808e-11 4.00919e-11 0 0 0.0378226 0.800658 1366.08 939.619 71.3435 0.0378225 5.96525 626.41 238.565 10.5986 1.68808e-11 4.2202e-11 4.02166 3.79818e-11 1.68808e-11 5.48627e-11 0 0 0.0349337 4.85641 629.616 414.448 9.94751 0.0349337 2.60739 6320.8 649.847 5.69728e-11 1.89909e-11 55.455 0 5.69728e-11 1.47707e-11 3.58717e-11 0 0 0.0425618 1.13104 3148.14 287.819 1.78773 0.0425618 10.562 303.905 130.146 3.37616e-11 1.47707e-11 5.69728e-11 0 3.58717e-11
$SSageCompEsc
 2728 88.5 1704 1418 2090
$obsAgeCompEsc
0 0 0 0 0 0.000308536 0.873296 0.042575 0 0 0.0150301 0.0639878 0.00480225 0 0 0 0 0 
0 0 0 0 0 0 0.601116 0.250188 0 0 0 0.102692 0.0460043 0 0 0 0 0 
0 0 0 0 0 0.000751808 0.43681 0.264315 0.0223998 0 0.0055262 0.19831 0.0678317 0.00315383 0 0 0.000901917 0 
0 0 0 0 0 0.00483247 0.0765213 0.030171 0.00152422 0 0.00162934 0.807644 0.0707002 0 0 0.00697703 0 0 
0 0 0 0 0 0.000955069 0.825338 0.0576768 6.86401e-05 0 0.0089019 0.0769127 0.0301468 0 0 0 0 0 
$predAgeCompEsc
8.4483e-15 5.81252e-15 0 0 -5.05053e-06 0.000294485 0.870287 0.0430429 7.52792e-15 -5.05053e-06 0.0149963 0.0666311 0.0047585 1.41644e-14 8.4483e-15 5.39734e-15 0 5.64594e-15 
2.87743e-13 7.60371e-14 0 0 -0.000267107 0 0.575497 0.261396 1.56184e-13 -0.000267107 3.01445e-13 0.118129 0.0420286 0.0034841 2.87743e-13 9.02941e-14 0 7.29991e-14 
1.56443e-14 1.27745e-14 0 0 -8.51921e-05 0.00074201 0.435274 0.265377 0.0218901 -8.51921e-05 0.00552829 0.199593 0.0673781 0.00325193 1.56443e-14 1.34468e-14 0.00113584 1.16539e-14 
1.57383e-14 7.02147e-15 0 0 -8.78932e-05 0.00452773 0.08058 0.0371646 0.00114769 -8.78932e-05 0.00243092 0.808954 0.0582735 6.57322e-15 1.77056e-14 0.00709728 0 6.57322e-15 
1.20909e-14 9.30872e-15 0 0 -8.50094e-05 0.000925835 0.816943 0.0649702 0.000444254 -8.50094e-05 0.00864577 0.0788633 0.0293781 8.38982e-15 1.20909e-14 1.47844e-14 0 8.91418e-15 
$SSageCompCatch
 2380 2276 1070
$obsAgeCompCatch
0 0 4.56164e-05 0 0 0 0.775118 0.110139 0.00143368 0 0.000802964 0.0926331 0.018824 0.001004 0 0 0 0 
0 0 0 0 0 0 0.0920572 0.0580826 0.000880059 0 0.000650553 0.767131 0.0744882 0 0 0.00670989 0 0 
0 0 0 0 0 0 0.649417 0.100799 0.00357187 0 0 0.202773 0.0413302 0 0 0.00138626 0.000723088 0 
$predAgeCompCatch
1.3697e-15 1.32516e-14 0 0 6.54599e-06 2.33624e-05 0.780253 0.109013 0.00228367 6.54599e-06 0.000867568 0.0876184 0.0190423 0.000717368 1.36993e-15 3.67147e-05 0.000131717 1.39193e-14 
6.24474e-16 6.83426e-15 0 0 2.01852e-05 0.000176807 0.0885861 0.054319 0.00134072 2.01852e-05 0.000102454 0.767062 0.0816316 2.06912e-05 7.0108e-16 0.0067128 7.31379e-06 7.16266e-15 
8.70652e-16 9.45209e-15 0 0 4.11395e-05 7.55227e-05 0.676151 0.0826449 0.00119266 4.11395e-05 0.000563569 0.193753 0.0442737 0.000128989 8.77752e-16 0.00109722 3.70251e-05 9.68754e-15 
$genSS
 321 320 265
$obsGenComp     #GeneticFracData
0.779276 0.105332 0.102213 0.00482897 0.0083501 
0.00532075 0.000501958 0.00481879 0.986648 0.00271057 
0.00977724 0.0080637 0.0149179 0.137889 0.829352 
$predGenComp     #catchGenComp_pred
0.769756 0.111055 0.103975 0.00541174 0.00980184 
0.00753439 0.000714234 0.00565207 0.982167 0.0039328 
0.00904493 0.0107194 0.0285914 0.161604 0.790041 
#PARAMETERS_OF_INTEREST
$catchByGroup
9.90636e-12 1.66431e-14 9.90096e-15 
9.69431e-11 2.96456e-13 1.76436e-13 
0 0 0 
0 0 0 
0.0114023 0.00996018 0.00806938 
0.345309 0.000580135 0.000345121 
14514.9 44.3873 26.4171 
856.572 2.75622 1.64044 
1.32836e-10 4.12887e-13 2.45733e-13 
0.0114023 0.00996018 0.00806939 
17.5845 0.0295427 0.0175749 
1111.3 3.39839 2.02256 
94.6961 0.304707 0.181354 
2.49941e-10 7.7688e-13 4.62367e-13 
9.90636e-12 1.66431e-14 9.90096e-15 
9.00186e-11 2.75281e-13 1.63834e-13 
0 0 0 
9.96268e-11 3.09665e-13 1.843e-13 
1.65703e-11 1.3474e-14 1.0118e-13 
1.58879e-10 3.10298e-13 2.3185e-12 
0 0 0 
0 0 0 
0.0144073 0.0112387 0.0144071 
0 0 0 
1202.5 2.34854 17.5479 
806.986 1.68456 12.5805 
3.67059e-10 7.32413e-13 5.47162e-12 
0.0144073 0.0112387 0.0144071 
1.73594e-11 1.41156e-14 1.05998e-13 
246.828 0.482068 3.60194 
129.751 0.270852 2.02276 
8.18823 0.0163384 0.122059 
1.65703e-11 1.3474e-14 1.0118e-13 
1.88669e-10 3.68479e-13 2.75322e-12 
0 0 0 
1.7156e-10 3.42324e-13 2.55739e-12 
2.87794e-12 3.18209e-14 8.05142e-14 
2.71514e-11 4.55047e-13 1.14302e-12 
0 0 0 
0 0 0 
0.0378226 0.0378194 0.0378226 
0.136501 0.00150927 0.00381879 
925.149 15.5051 38.947 
663.473 11.5433 28.9745 
48.9897 0.830898 2.08664 
0.0378225 0.0378194 0.0378225 
1.01699 0.0112447 0.0284517 
424.223 7.10981 17.859 
168.453 2.93079 7.35649 
7.27777 0.123436 0.309985 
2.87794e-12 3.18209e-14 8.05142e-14 
2.85804e-11 4.78997e-13 1.20318e-12 
2.83973 0.0494065 0.124014 
2.60812e-11 4.42354e-13 1.11088e-12 
4.00668e-14 4.13995e-12 1.90247e-13 
7.83091e-13 4.48623e-11 3.63583e-12 
0 0 0 
0 0 0 
0.0349334 0.0349337 0.0349337 
0.0115268 1.19102 0.054732 
8.98693 514.849 41.7255 
6.40223 348.843 29.6593 
0.145689 8.21356 0.675948 
0.0349334 0.0349337 0.0349337 
0.00618866 0.639451 0.0293854 
90.2211 5168.65 418.889 
10.0386 546.981 46.5053 
8.34412e-13 4.70418e-11 3.87139e-12 
4.50752e-14 4.65744e-12 2.14028e-13 
0.791546 45.3467 3.67508 
0 0 0 
8.34412e-13 4.70418e-11 3.87139e-12 
1.35068e-13 1.65903e-14 2.53436e-12 
1.93923e-12 2.43063e-13 2.43855e-11 
0 0 0 
0 0 0 
0.0425618 0.0424039 0.0425618 
0.0103425 0.00127036 0.194064 
170.189 21.3315 2140.1 
16.8109 2.11129 203.96 
0.0991117 0.0124305 1.23216 
0.0425618 0.0424039 0.0425618 
0.096582 0.0118631 1.81223 
16.4291 2.05923 206.594 
7.60153 0.954683 92.2265 
1.87174e-12 2.34753e-13 2.32696e-11 
1.35068e-13 1.65903e-14 2.53436e-12 
3.07995e-12 3.86041e-13 3.87299e-11 
0 0 0 
1.98873e-12 2.49425e-13 2.4724e-11 
$escByGroup
 5.00008e-07 5.00005e-07 5e-07 5e-07 5.54583e-11 1.05126 3106.78 153.656 5.00007e-07 5.54583e-11 53.5343 237.862 16.987 5.00013e-07 5.00008e-07 5.00005e-07 5e-07 5.00005e-07 5.00007e-07 5.00002e-07 5e-07 5e-07 3.89896e-11 5e-07 55.2554 25.0975 5.00004e-07 3.89896e-11 5.00007e-07 11.3419 4.0353 0.33452 5.00007e-07 5.00002e-07 5e-07 5.00002e-07 5.00003e-07 5.00003e-07 5e-07 5e-07 1.32198e-11 0.658829 386.479 235.628 19.4362 1.32198e-11 4.90856 177.218 59.8249 2.88738 5.00003e-07 5.00003e-07 1.00851 5.00003e-07 5.00003e-07 5.00001e-07 5e-07 5e-07 1.43125e-11 3.59914 64.0538 29.5425 0.912311 1.43125e-11 1.93236 643.045 46.3222 5.00001e-07 5.00004e-07 5.6417 5e-07 5.00001e-07 5.00003e-07 5.00002e-07 5e-07 5e-07 1.17692e-11 0.92536 816.523 64.9368 0.444026 1.17692e-11 8.64133 78.8228 29.3631 5.00002e-07 5.00003e-07 5.00004e-07 5e-07 5.00002e-07
$catchByGroup
9.90636e-12 9.69431e-11 0 0 0.0114023 0.345309 14514.9 856.572 1.32836e-10 0.0114023 17.5845 1111.3 94.6961 2.49941e-10 9.90636e-12 9.00186e-11 0 9.96268e-11 1.65703e-11 1.58879e-10 0 0 0.0144073 0 1202.5 806.986 3.67059e-10 0.0144073 1.73594e-11 246.828 129.751 8.18823 1.65703e-11 1.88669e-10 0 1.7156e-10 2.87794e-12 2.71514e-11 0 0 0.0378226 0.136501 925.149 663.473 48.9897 0.0378225 1.01699 424.223 168.453 7.27777 2.87794e-12 2.85804e-11 2.83973 2.60812e-11 4.00668e-14 7.83091e-13 0 0 0.0349334 0.0115268 8.98693 6.40223 0.145689 0.0349334 0.00618866 90.2211 10.0386 8.34412e-13 4.50752e-14 0.791546 0 8.34412e-13 1.35068e-13 1.93923e-12 0 0 0.0425618 0.0103425 170.189 16.8109 0.0991117 0.0425618 0.096582 16.4291 7.60153 1.87174e-12 1.35068e-13 3.07995e-12 0 1.98873e-12 
1.66431e-14 2.96456e-13 0 0 0.00996018 0.000580135 44.3873 2.75622 4.12887e-13 0.00996018 0.0295427 3.39839 0.304707 7.7688e-13 1.66431e-14 2.75281e-13 0 3.09665e-13 1.3474e-14 3.10298e-13 0 0 0.0112387 0 2.34854 1.68456 7.32413e-13 0.0112387 1.41156e-14 0.482068 0.270852 0.0163384 1.3474e-14 3.68479e-13 0 3.42324e-13 3.18209e-14 4.55047e-13 0 0 0.0378194 0.00150927 15.5051 11.5433 0.830898 0.0378194 0.0112447 7.10981 2.93079 0.123436 3.18209e-14 4.78997e-13 0.0494065 4.42354e-13 4.13995e-12 4.48623e-11 0 0 0.0349337 1.19102 514.849 348.843 8.21356 0.0349337 0.639451 5168.65 546.981 4.70418e-11 4.65744e-12 45.3467 0 4.70418e-11 1.65903e-14 2.43063e-13 0 0 0.0424039 0.00127036 21.3315 2.11129 0.0124305 0.0424039 0.0118631 2.05923 0.954683 2.34753e-13 1.65903e-14 3.86041e-13 0 2.49425e-13 
9.90096e-15 1.76436e-13 0 0 0.00806938 0.000345121 26.4171 1.64044 2.45733e-13 0.00806939 0.0175749 2.02256 0.181354 4.62367e-13 9.90096e-15 1.63834e-13 0 1.843e-13 1.0118e-13 2.3185e-12 0 0 0.0144071 0 17.5479 12.5805 5.47162e-12 0.0144071 1.05998e-13 3.60194 2.02276 0.122059 1.0118e-13 2.75322e-12 0 2.55739e-12 8.05142e-14 1.14302e-12 0 0 0.0378226 0.00381879 38.947 28.9745 2.08664 0.0378225 0.0284517 17.859 7.35649 0.309985 8.05142e-14 1.20318e-12 0.124014 1.11088e-12 1.90247e-13 3.63583e-12 0 0 0.0349337 0.054732 41.7255 29.6593 0.675948 0.0349337 0.0293854 418.889 46.5053 3.87139e-12 2.14028e-13 3.67508 0 3.87139e-12 2.53436e-12 2.43855e-11 0 0 0.0425618 0.194064 2140.1 203.96 1.23216 0.0425618 1.81223 206.594 92.2265 2.32696e-11 2.53436e-12 3.87299e-11 0 2.4724e-11 
$Fmort
 190.11 57.0152 41.3742
#ESTIMATED_PARAMETERS
$availability
1.49279 2.46326 0.983135 0.012499 0.0483183 
0.00728201 0.00533362 0.0330912 4.93458 0.0197097 
0.00596923 0.0552474 0.115548 0.273923 4.54931 
$selectivity
 0.00100006 0.00605024 0.00655174 0.00620915 4.98019
$RunSize
 4.00919e-11 1.18166e-10 0 0 0.0114023 1.3975 17692.5 1014.63 1.60368e-10 0.0114023 71.1659 1354.58 112.169 3.01745e-10 4.00919e-11 1.09725e-10 0 1.20276e-10 4.43121e-11 1.68808e-10 0 0 0.0144073 0 1277.65 846.348 3.88259e-10 0.0144073 4.64222e-11 262.254 136.08 8.66115 4.43121e-11 2.0046e-10 0 1.81469e-10 1.68808e-11 4.00919e-11 0 0 0.0378226 0.800658 1366.08 939.619 71.3435 0.0378225 5.96525 626.41 238.565 10.5986 1.68808e-11 4.2202e-11 4.02166 3.79818e-11 1.68808e-11 5.48627e-11 0 0 0.0349337 4.85641 629.616 414.448 9.94751 0.0349337 2.60739 6320.8 649.847 5.69728e-11 1.89909e-11 55.455 0 5.69728e-11 1.47707e-11 3.58717e-11 0 0 0.0425618 1.13104 3148.14 287.819 1.78773 0.0425618 10.562 303.905 130.146 3.37616e-11 1.47707e-11 5.69728e-11 0 3.58717e-11
