$ndistricts
3
$ngroups
90
$nstocks
5
$nagecomps
18
$AgeCompLabels
 0.1 0.2 0.3 0.4 0.5 1.1 1.2 1.3 1.4 1.5 2.1 2.2 2.3 2.4 3.1 3.2 3.3 3.4
$navailpar
15
$nselectpar
5
$GENdata
-1
$maxGradient
0.000676391
#LIKELIHOOD_VALUES_AND_PENALTIES
$totalNLL
-274272
$NLLcatch
-182401
$NLLescape
-110056
$NLLagecompCatch
5321.89
$NLLagecompEsc
12863
$NLLgenetics
0
$NLLselOne
1.41185e-08
$NLLavailOne
2.2306e-05
$NLLextra
0.583161
#OBSERVED_AND_PREDICTED_VALUES
$predEsc
 10558.5 207.112 1198.19 1164.46 1263.73
$obsEsc
 10490.7 215.37 1242.47 1165.35 1270.32
$predCatch
 14546.7 5190.41 2658.38
$obsCatch
 14546.7 5190.41 2658.38
$RunSize
 1.24543e-10 1.75585e-10 0 0 6.94172e-11 1.06167e-10 2305.31 2225.38 9.05687 7.14589e-11 13.0056 17419.8 895.307 1.42918e-10 1.20459e-10 0 0 1.38834e-10 7.14589e-11 1.02084e-10 0 0 0.000429018 7.35006e-11 253.285 177.31 6.37005e-10 0.000428761 7.35006e-11 54.9666 26.8365 7.55422e-11 7.35006e-11 0 0 1.28626e-10 1.02084e-11 2.85836e-11 0 0 0.075575 4.63001 1044.79 1279.66 1.969 0.0755751 16.3289 753.458 686.436 1.19902 1.22501e-11 3.49318 1.62254 3.8792e-11 1.42918e-11 2.65419e-11 19.1907 0 0.0587462 1.02084e-11 723.346 214.528 0.94336 0.0587462 21.3233 1941.01 2376.89 3.8792e-11 1.02084e-11 14.6619 7.1743 3.67503e-11 1.42918e-11 0.35663 0 0 0.0383843 0.84472 1378.06 777.07 3.09391 0.0383843 35.077 1810.48 286.958 2.34204 1.42918e-11 0 0 4.08336e-11
$SSageCompEsc
 2317 88.5 2887 3151 2396
$obsAgeCompEsc
0 0 0 0 0 0 0.141102 0.0746348 0 0 0.00124975 0.743633 0.0393799 0 0 0 0 0 
0 0 0 0 0 0 0.601116 0.250188 0 0 0 0.102692 0.0460043 0 0 0 0 0 
0 0 0 0 0 0.00365767 0.340511 0.262587 0.000325532 0 0.0128843 0.232088 0.147075 0.000290677 0 0.000290677 0.000290077 0 
0 0 0.000267361 0 0 0 0.188375 0.0277775 0.000160944 0 0.01727 0.469085 0.29325 0 0 0.00313636 0.000677992 0 
0 0.000115207 0 0 0 0.00064168 0.35449 0.0990275 0.000204695 0 0.0266003 0.476338 0.0421132 0.000469162 0 0 0 0 
$predAgeCompEsc
1.1401e-14 7.94113e-15 0 0 -1.0646e-14 9.71891e-15 0.104262 0.0758828 0.000295412 -1.09591e-14 0.00119057 0.787841 0.0305289 4.66161e-15 1.10272e-14 0 0 4.52842e-15 
3.3247e-13 2.22126e-13 0 0 -3.66579e-06 3.4197e-13 0.551127 0.285992 9.80467e-13 -3.66359e-06 3.4197e-13 0.119603 0.0432858 1.16273e-13 3.4197e-13 0 0 1.97979e-13 
8.16275e-15 9.05096e-15 0 0 -8.11711e-05 0.0037022 0.330833 0.268106 0.000385009 -8.11711e-05 0.0130567 0.238582 0.143817 0.000234451 9.7953e-15 0.00110611 0.000339943 7.5852e-15 
1.16639e-14 6.52618e-15 0.00237501 0 -0.000100898 8.33136e-15 0.177858 0.0265497 0.00010179 -0.000100898 0.0174025 0.477262 0.29416 4.18571e-15 8.33136e-15 0.0036051 0.000887879 3.96541e-15 
1.08284e-14 9.25468e-05 0 0 -6.07475e-05 0.000640017 0.357611 0.105694 0.000369292 -6.07476e-05 0.0265767 0.469827 0.0390309 0.000279549 1.08284e-14 0 0 4.87394e-15 
$SSageCompCatch
 2478 1642 599
$obsAgeCompCatch
0 0 0.000274 0 0 0 0.0830231 0.168686 0.000951079 0 0 0.679038 0.066232 0 0 0.00160751 0.000187915 0 
0 0 0.00561648 0.00143484 0 0 0.107637 0.0845442 0 0 0.000545791 0.435943 0.360838 0 0 0.00200628 0.00143484 0 
0 0 0.00260949 0 0 0 0.316911 0.219714 0.00154704 0 0 0.35803 0.101189 0 0 0 0 0 
$predAgeCompCatch
4.70096e-16 2.08339e-06 0.000118546 0 1.1902e-05 1.24469e-05 0.13507 0.160686 0.000488581 1.1902e-05 8.62995e-05 0.618678 0.0844427 7.37435e-05 4.70634e-16 0.000200591 0.000117397 1.35437e-14 
2.1288e-16 5.44493e-06 0.00261104 0 3.33566e-05 3.80679e-06 0.139649 0.0936903 0.00033581 3.33565e-05 0.000224399 0.409085 0.351511 7.07384e-05 1.78591e-16 0.00174298 0.00100485 9.32451e-15 
2.13146e-16 6.81272e-05 0.000431948 0 4.48182e-05 1.09659e-05 0.280135 0.189604 0.000770115 4.48181e-05 0.000469914 0.405541 0.121914 0.000551836 2.09653e-16 0.000250914 0.000162622 1.1187e-14 
$genSS
 0 0 0
$obsGenComp     #GeneticFracData
-1 -1 -1 -1 -1 
-1 -1 -1 -1 -1 
-1 -1 -1 -1 -1 
$predGenComp     #catchGenComp_pred
0 0 0 0 0 
0 0 0 0 0 
0 0 0 0 0 
#PARAMETERS_OF_INTEREST
$catchByGroup
3.86812e-12 2.71944e-13 2.44291e-14 
8.33738e-11 7.66247e-12 7.01697e-13 
0 0 0 
0 0 0 
6.94172e-11 6.94157e-11 4.29902e-11 
3.29741e-12 2.31821e-13 2.08248e-14 
1094.64 100.603 9.21281 
1283.59 128.707 11.8662 
5.34492 0.542747 0.0500888 
7.14589e-11 7.14574e-11 4.42546e-11 
0.403936 0.0283982 0.00255106 
8271.52 760.194 69.6155 
516.412 51.7811 4.77398 
8.4343e-11 8.56456e-12 7.90403e-13 
3.7413e-12 2.63027e-13 2.36282e-14 
0 0 0 
0 0 0 
8.19332e-11 8.31986e-12 7.6782e-13 
2.46777e-12 1.11189e-13 2.13395e-14 
5.22648e-11 3.19387e-12 6.20479e-13 
0 0 0 
0 0 0 
0.000429018 0.000428817 0.000330412 
2.53828e-12 1.14366e-13 2.19492e-14 
129.676 7.92445 1.5395 
109.273 7.36766 1.43746 
4.01148e-10 2.74344e-11 5.35595e-12 
0.000428761 0.00042856 0.000330214 
2.53828e-12 1.14366e-13 2.19492e-14 
28.1417 1.71972 0.334093 
16.5388 1.11512 0.217564 
4.75721e-11 3.25344e-12 6.3516e-13 
2.53828e-12 1.14366e-13 2.19492e-14 
0 0 0 
0 0 0 
8.10011e-11 5.53963e-12 1.08149e-12 
3.91124e-13 3.60472e-14 7.01171e-16 
1.57075e-11 1.99118e-12 4.00491e-14 
0 0 0 
0 0 0 
0.075575 0.075575 0.0216835 
0.177394 0.0163491 0.000318015 
574.146 72.7823 1.46388 
838.417 117.61 2.39335 
1.31648 0.187381 0.00381978 
0.0755751 0.0755751 0.0216835 
0.625622 0.0576592 0.00112156 
414.048 52.4873 1.05569 
449.743 63.0885 1.28384 
0.801672 0.114105 0.00232605 
4.69348e-13 4.32566e-14 8.41406e-16 
1.91961 0.243342 0.00489438 
1.06307 0.149123 0.00303463 
2.59365e-11 3.69166e-12 7.52548e-14 
4.92884e-14 6.28069e-13 3.2318e-14 
1.80724e-12 1.59365e-11 1.19863e-12 
1.72445 13.5524 1.14828 
0 0 0 
0.0587462 0.0587462 0.0587454 
3.5206e-14 4.48621e-13 2.30843e-14 
49.2528 434.319 32.6663 
19.2772 151.499 12.8363 
0.0877775 0.678568 0.058484 
0.0587462 0.0587462 0.0587454 
0.0735382 0.937079 0.0482184 
132.164 1165.44 87.6561 
213.584 1678.55 142.222 
3.60951e-12 2.79035e-11 2.40492e-12 
3.5206e-14 4.48621e-13 2.30843e-14 
0.99833 8.80343 0.662129 
0.644671 5.06645 0.429275 
3.41953e-12 2.64349e-11 2.27835e-12 
6.20443e-14 5.76885e-14 4.87834e-13 
0.0303065 0.0282614 0.181108 
0 0 0 
0 0 0 
0.0383843 0.0383843 0.0383843 
0.00366715 0.0034097 0.0288336 
117.108 109.205 699.821 
86.8885 81.1073 475.505 
0.358069 0.334295 1.93486 
0.0383843 0.0383843 0.0383843 
0.152279 0.141588 1.19732 
153.855 143.473 919.42 
32.0864 29.9515 175.595 
0.271053 0.253056 1.46466 
6.20443e-14 5.76885e-14 4.87834e-13 
0 0 0 
0 0 0 
4.72582e-12 4.41204e-12 2.55364e-11 
$escByGroup
 5.0003e-07 5.00021e-07 5e-07 5e-07 4.99972e-07 5.00026e-07 1100.85 801.211 3.11912 4.99971e-07 12.5707 8318.44 322.341 5.00012e-07 5.00029e-07 5e-07 5e-07 5.00012e-07 5.00017e-07 5.00012e-07 5e-07 5e-07 1.31367e-09 5.00018e-07 114.145 59.2323 5.00051e-07 1.31445e-09 5.00018e-07 24.7711 8.96501 5.00006e-07 5.00018e-07 5e-07 5e-07 5.0001e-07 5.00002e-07 5.00003e-07 5e-07 5e-07 1.02817e-11 4.43595 396.401 321.242 0.461314 1.02817e-11 15.6445 285.867 172.32 0.280917 5.00003e-07 1.32534 0.407317 5.00002e-07 5.00003e-07 5.00002e-07 2.7656 5e-07 8.51111e-12 5.00002e-07 207.108 30.9159 0.11853 8.5111e-12 20.2645 555.75 342.537 5.00001e-07 5.00002e-07 4.19798 1.0339 5.00001e-07 5.00003e-07 0.116954 5e-07 5e-07 1.30258e-11 0.80881 451.925 133.569 0.466686 1.30258e-11 33.5858 593.735 49.3246 0.353274 5.00003e-07 5e-07 5e-07 5.00002e-07
$catchByGroup
3.86812e-12 8.33738e-11 0 0 6.94172e-11 3.29741e-12 1094.64 1283.59 5.34492 7.14589e-11 0.403936 8271.52 516.412 8.4343e-11 3.7413e-12 0 0 8.19332e-11 2.46777e-12 5.22648e-11 0 0 0.000429018 2.53828e-12 129.676 109.273 4.01148e-10 0.000428761 2.53828e-12 28.1417 16.5388 4.75721e-11 2.53828e-12 0 0 8.10011e-11 3.91124e-13 1.57075e-11 0 0 0.075575 0.177394 574.146 838.417 1.31648 0.0755751 0.625622 414.048 449.743 0.801672 4.69348e-13 1.91961 1.06307 2.59365e-11 4.92884e-14 1.80724e-12 1.72445 0 0.0587462 3.5206e-14 49.2528 19.2772 0.0877775 0.0587462 0.0735382 132.164 213.584 3.60951e-12 3.5206e-14 0.99833 0.644671 3.41953e-12 6.20443e-14 0.0303065 0 0 0.0383843 0.00366715 117.108 86.8885 0.358069 0.0383843 0.152279 153.855 32.0864 0.271053 6.20443e-14 0 0 4.72582e-12 
2.71944e-13 7.66247e-12 0 0 6.94157e-11 2.31821e-13 100.603 128.707 0.542747 7.14574e-11 0.0283982 760.194 51.7811 8.56456e-12 2.63027e-13 0 0 8.31986e-12 1.11189e-13 3.19387e-12 0 0 0.000428817 1.14366e-13 7.92445 7.36766 2.74344e-11 0.00042856 1.14366e-13 1.71972 1.11512 3.25344e-12 1.14366e-13 0 0 5.53963e-12 3.60472e-14 1.99118e-12 0 0 0.075575 0.0163491 72.7823 117.61 0.187381 0.0755751 0.0576592 52.4873 63.0885 0.114105 4.32566e-14 0.243342 0.149123 3.69166e-12 6.28069e-13 1.59365e-11 13.5524 0 0.0587462 4.48621e-13 434.319 151.499 0.678568 0.0587462 0.937079 1165.44 1678.55 2.79035e-11 4.48621e-13 8.80343 5.06645 2.64349e-11 5.76885e-14 0.0282614 0 0 0.0383843 0.0034097 109.205 81.1073 0.334295 0.0383843 0.141588 143.473 29.9515 0.253056 5.76885e-14 0 0 4.41204e-12 
2.44291e-14 7.01697e-13 0 0 4.29902e-11 2.08248e-14 9.21281 11.8662 0.0500888 4.42546e-11 0.00255106 69.6155 4.77398 7.90403e-13 2.36282e-14 0 0 7.6782e-13 2.13395e-14 6.20479e-13 0 0 0.000330412 2.19492e-14 1.5395 1.43746 5.35595e-12 0.000330214 2.19492e-14 0.334093 0.217564 6.3516e-13 2.19492e-14 0 0 1.08149e-12 7.01171e-16 4.00491e-14 0 0 0.0216835 0.000318015 1.46388 2.39335 0.00381978 0.0216835 0.00112156 1.05569 1.28384 0.00232605 8.41406e-16 0.00489438 0.00303463 7.52548e-14 3.2318e-14 1.19863e-12 1.14828 0 0.0587454 2.30843e-14 32.6663 12.8363 0.058484 0.0587454 0.0482184 87.6561 142.222 2.40492e-12 2.30843e-14 0.662129 0.429275 2.27835e-12 4.87834e-13 0.181108 0 0 0.0383843 0.0288336 699.821 475.505 1.93486 0.0383843 1.19732 919.42 175.595 1.46466 4.87834e-13 0 0 2.55364e-11 
$Fmort
 22.7127 11.2531 7.51029
#ESTIMATED_PARAMETERS
$availability
1.38912 1.54733 1.72003 0.152101 0.191551 
0.194249 0.138378 0.314342 3.99361 0.359421 
0.0261198 0.0397677 0.00914573 0.301431 4.62427 
$selectivity
 0.00100001 0.0204129 0.0272547 0.0282709 4.92308
$RunSize
 1.24543e-10 1.75585e-10 0 0 6.94172e-11 1.06167e-10 2305.31 2225.38 9.05687 7.14589e-11 13.0056 17419.8 895.307 1.42918e-10 1.20459e-10 0 0 1.38834e-10 7.14589e-11 1.02084e-10 0 0 0.000429018 7.35006e-11 253.285 177.31 6.37005e-10 0.000428761 7.35006e-11 54.9666 26.8365 7.55422e-11 7.35006e-11 0 0 1.28626e-10 1.02084e-11 2.85836e-11 0 0 0.075575 4.63001 1044.79 1279.66 1.969 0.0755751 16.3289 753.458 686.436 1.19902 1.22501e-11 3.49318 1.62254 3.8792e-11 1.42918e-11 2.65419e-11 19.1907 0 0.0587462 1.02084e-11 723.346 214.528 0.94336 0.0587462 21.3233 1941.01 2376.89 3.8792e-11 1.02084e-11 14.6619 7.1743 3.67503e-11 1.42918e-11 0.35663 0 0 0.0383843 0.84472 1378.06 777.07 3.09391 0.0383843 35.077 1810.48 286.958 2.34204 1.42918e-11 0 0 4.08336e-11
