$ndistricts
3
$ngroups
90
$nstocks
5
$nagecomps
18
$AgeCompLabels
 0.1 0.2 0.3 0.4 0.5 1.1 1.2 1.3 1.4 1.5 2.1 2.2 2.3 2.4 3.1 3.2 3.3 3.4
$navailpar
15
$nselectpar
5
$GENdata
-1
$maxGradient
3.19615e-05
#LIKELIHOOD_VALUES_AND_PENALTIES
$totalNLL
-43112.9
$NLLcatch
-26394
$NLLescape
-25786.9
$NLLagecompCatch
3710.5
$NLLagecompEsc
5357.45
$NLLgenetics
0
$NLLselOne
1.35358e-15
$NLLavailOne
2.2306e-05
$NLLextra
5.89874e-10
#OBSERVED_AND_PREDICTED_VALUES
$predEsc
 1947.87 79.4758 1307.78 546.307 347.909
$obsEsc
 1965.28 81.822 1320.75 509.16 356.308
$predCatch
 2547.28 1329.79 174.923
$obsCatch
 2547.28 1329.79 174.923
$RunSize
 4.12095e-10 1.73071e-09 0 7.22545e-10 5.23397e-10 0 466.497 612.996 7.17486e-10 5.24317e-10 0 1905.94 275.132 9.29053e-10 4.13934e-10 56.1236 0 7.20246e-10 1.78912e-10 1.98688e-10 0 1.58215e-10 1.68793e-10 0 64.6553 45.8593 1.58215e-10 1.68333e-10 0 29.5508 0.646527 1.64194e-10 1.78912e-10 2.36862e-10 0 1.58675e-10 1.75692e-10 2.40542e-10 0 1.54076e-10 1.63274e-10 0 255.757 484.782 1.54535e-10 1.65574e-10 20.6556 1533.23 325.701 1.67413e-10 1.75692e-10 15.3985 4.98747 1.53616e-10 7.35883e-11 0.421871 0 4.92122e-11 5.93306e-11 0 10.4698 35.4724 4.96721e-11 5.97905e-11 2.19149 646.633 766.231 2.8309 7.40483e-11 142.669 12.244 4.87523e-11 5.28916e-11 5.24317e-11 0 4.32331e-11 4.73725e-11 0 117.529 53.1142 4.32331e-11 4.73725e-11 0 275.557 117.239 0.0828855 5.28916e-11 0.732209 0 4.32331e-11
$SSageCompEsc
 35 73 1233 2084.5 1172.5
$obsAgeCompEsc
0 0 0 0 0 0 0.657143 0.142857 0 0 0 0.2 0 0 0 0 0 0 
0 0 0 0 0 0 0.4881 0.302237 0 0 0 0.205384 0.00427899 0 0 0 0 0 
0 0 0 0 0 0 0.109617 0.181867 0 0 0.00292846 0.582028 0.116371 0 0 0.00571301 0.0014758 0 
0 0 0 0 0 0 0.00796217 0.0278907 0 0 0.00165367 0.420382 0.455546 0.00253569 0 0.0774835 0.00654586 0 
0 0 0 0 0 0 0.217492 0.0896673 0 0 0 0.497646 0.193566 0.000191578 0 0.00126912 0.000167556 0 
$predAgeCompEsc
9.68506e-14 5.27102e-13 0 2.55982e-13 1.53822e-13 0 0.142076 0.179703 2.5419e-13 1.54092e-13 0 0.580471 0.0806566 3.29143e-13 9.7283e-14 0.017093 0 2.55168e-13 
9.81634e-13 1.43068e-12 0 1.33729e-12 1.17055e-12 0 0.465558 0.317186 1.33729e-12 1.16736e-12 0 0.212784 0.00447171 1.38783e-12 9.81634e-13 1.70556e-12 0 1.34118e-12 
4.6906e-14 9.27868e-14 0 7.28814e-14 5.99651e-14 0 0.0986559 0.177428 7.3099e-14 6.08097e-14 0.0055146 0.591431 0.119205 7.91906e-14 4.6906e-14 0.00593985 0.0018254 7.26639e-14 
2.52915e-14 0.000271634 0 4.36296e-14 3.52964e-14 0 0.00674128 0.0209845 4.40374e-14 3.557e-14 0.000753189 0.416352 0.453282 0.00250977 2.54496e-14 0.0918616 0.00724322 4.32219e-14 
7.2603e-14 9.39691e-14 0 8.95412e-14 8.19657e-14 0 0.210638 0.0916717 8.95412e-14 8.19657e-14 0 0.493859 0.202348 0.000171666 7.2603e-14 0.00131228 0 8.95412e-14 
$SSageCompCatch
 1155 1526 280.5
$obsAgeCompCatch
0 0 0 0 0 0 0.0994763 0.211569 0 0 0.00924569 0.547755 0.11826 0 0 0.0121825 0.00151195 0 
0 0.000578908 0 0 0 0 0.0279803 0.0300462 0 0 0 0.45079 0.394313 0.00110714 0 0.0887544 0.00643014 0 
0 0 0.00917627 0 0 0 0.143999 0.105131 0 0 0 0.42089 0.299298 0 0 0.0169173 0.00458814 0 
$predAgeCompCatch
1.56164e-13 7.99709e-06 0 1.19504e-13 1.37059e-13 0 0.122657 0.187358 1.19017e-13 1.37537e-13 0.00456295 0.553453 0.117467 4.04668e-05 1.56523e-13 0.0133249 0.00112865 1.19241e-13 
8.07307e-14 0.000184697 0 4.36916e-14 5.98892e-14 0 0.040056 0.0667156 4.37552e-14 6.02398e-14 0.0026532 0.435523 0.382994 0.000999032 8.10613e-14 0.0650255 0.0058483 4.34684e-14 
1.19731e-13 4.28634e-05 0 5.46948e-14 8.30294e-14 0 0.168468 0.0892507 5.46972e-14 8.30887e-14 0.000414176 0.466657 0.257481 0.000293719 1.19822e-13 0.0160484 0.0013447 5.46496e-14 
$genSS
 0 0 0
$obsGenComp     #GeneticFracData
-1 -1 -1 -1 -1 
-1 -1 -1 -1 -1 
-1 -1 -1 -1 -1 
$predGenComp     #catchGenComp_pred
0 0 0 0 0 
0 0 0 0 0 
0 0 0 0 0 
#PARAMETERS_OF_INTEREST
$catchByGroup
1.97946e-10 2.45702e-11 9.26316e-13 
6.29363e-10 7.1929e-11 2.68726e-12 
0 0 0 
2.01292e-10 2.1822e-11 8.10684e-13 
1.99798e-10 2.31094e-11 8.64484e-13 
0 0 0 
169.639 19.3879 0.72433 
234.764 27.1763 1.01671 
1.99883e-10 2.16692e-11 8.05008e-13 
2.0015e-10 2.315e-11 8.66003e-13 
0 0 0 
693.085 79.2118 2.95935 
105.37 12.1976 0.456333 
2.58823e-10 2.80588e-11 1.04238e-12 
1.98829e-10 2.46799e-11 9.30452e-13 
20.4091 2.33253 0.0871431 
0 0 0 
2.00652e-10 2.17525e-11 8.08104e-13 
9.26177e-11 7.66592e-12 6.11935e-13 
7.85962e-11 5.9183e-12 4.69509e-13 
0 0 0 
4.82437e-11 3.41894e-12 2.70188e-13 
6.99954e-11 5.34346e-12 4.2428e-13 
0 0 0 
25.576 1.92588 0.152783 
19.0772 1.45775 0.115755 
4.82437e-11 3.41894e-12 2.70188e-13 
6.98047e-11 5.3289e-12 4.23124e-13 
0 0 0 
11.6895 0.880223 0.0698296 
0.268951 0.0205514 0.00163192 
5.00668e-11 3.54815e-12 2.80399e-13 
9.26177e-11 7.66592e-12 6.11935e-13 
9.36968e-11 7.05538e-12 5.59715e-13 
0 0 0 
4.83839e-11 3.42888e-12 2.70974e-13 
9.75742e-11 1.66367e-11 1.38382e-13 
1.03097e-10 1.59687e-11 1.30841e-13 
0 0 0 
5.12422e-11 7.45966e-12 6.05518e-14 
7.32524e-11 1.15058e-11 9.44766e-14 
0 0 0 
109.618 16.9788 0.139118 
218.162 34.3002 0.281688 
5.13952e-11 7.48192e-12 6.07325e-14 
7.42841e-11 1.16679e-11 9.58073e-14 
11.4715 1.95593 0.0162692 
657.149 101.786 0.833994 
146.572 23.0446 0.189252 
5.56781e-11 8.10542e-12 6.57936e-14 
9.75742e-11 1.66367e-11 1.38382e-13 
6.59987 1.02226 0.00837595 
2.24447 0.352883 0.00289803 
5.10892e-11 7.43739e-12 6.0371e-14 
5.08973e-12 5.27952e-11 1.88647e-12 
0.0203708 0.245607 0.0074978 
0 0 0 
1.72849e-12 2.30151e-11 6.33446e-13 
3.04289e-12 3.58839e-11 1.1211e-12 
0 0 0 
0.505553 6.09538 0.186077 
1.8267 21.5086 0.673062 
1.74465e-12 2.32302e-11 6.39366e-13 
3.06648e-12 3.61621e-11 1.12979e-12 
0.151574 1.57226 0.0561797 
31.2238 376.46 11.4924 
39.4581 464.603 14.5387 
0.0994306 1.32393 0.0364386 
5.12154e-12 5.31252e-11 1.89826e-12 
6.88904 83.06 2.53562 
0.630521 7.42411 0.23232 
1.71234e-12 2.28e-11 6.27526e-13 
4.56502e-12 5.68669e-12 1.73807e-11 
3.1682e-12 3.96061e-12 1.26102e-11 
0 0 0 
1.90355e-12 2.3849e-12 7.7925e-12 
3.03914e-12 3.79735e-12 1.20194e-11 
0 0 0 
7.10174 8.87798 28.2666 
3.4213 4.27471 13.5248 
1.90355e-12 2.3849e-12 7.7925e-12 
3.03914e-12 3.79735e-12 1.20194e-11 
0 0 0 
16.6506 20.8151 66.2734 
7.55187 9.4356 29.8534 
0.00364944 0.00457228 0.0149396 
4.56502e-12 5.68669e-12 1.73807e-11 
0.0442439 0.0553099 0.176102 
0 0 0 
1.90355e-12 2.3849e-12 7.7925e-12 
$escByGroup
 5.00047e-07 5.00257e-07 5e-07 5.00125e-07 5.00075e-07 5e-07 276.746 350.039 5.00124e-07 5.00075e-07 5e-07 1130.68 157.109 5.0016e-07 5.00047e-07 33.2949 5e-07 5.00124e-07 5.0002e-07 5.00028e-07 5e-07 5.00027e-07 5.00023e-07 5e-07 37.0006 25.2086 5.00027e-07 5.00023e-07 5e-07 16.9112 0.355392 5.00028e-07 5.0002e-07 5.00034e-07 5e-07 5.00027e-07 5.00015e-07 5.0003e-07 5e-07 5.00024e-07 5.0002e-07 5e-07 129.021 232.038 5.00024e-07 5.0002e-07 7.21191 773.463 155.895 5.00026e-07 5.00015e-07 7.76803 2.38722 5.00024e-07 5.00003e-07 0.148395 5e-07 5.00006e-07 5.00005e-07 5e-07 3.68281 11.464 5.00006e-07 5.00005e-07 0.411473 227.456 247.632 1.3711 5.00003e-07 50.1847 3.95702 5.00006e-07 5.00006e-07 5.00008e-07 5e-07 5.00008e-07 5.00007e-07 5e-07 73.2829 31.8934 5.00008e-07 5.00007e-07 5e-07 171.818 70.3986 0.0597242 5.00006e-07 0.456554 5e-07 5.00008e-07
$catchByGroup
1.97946e-10 6.29363e-10 0 2.01292e-10 1.99798e-10 0 169.639 234.764 1.99883e-10 2.0015e-10 0 693.085 105.37 2.58823e-10 1.98829e-10 20.4091 0 2.00652e-10 9.26177e-11 7.85962e-11 0 4.82437e-11 6.99954e-11 0 25.576 19.0772 4.82437e-11 6.98047e-11 0 11.6895 0.268951 5.00668e-11 9.26177e-11 9.36968e-11 0 4.83839e-11 9.75742e-11 1.03097e-10 0 5.12422e-11 7.32524e-11 0 109.618 218.162 5.13952e-11 7.42841e-11 11.4715 657.149 146.572 5.56781e-11 9.75742e-11 6.59987 2.24447 5.10892e-11 5.08973e-12 0.0203708 0 1.72849e-12 3.04289e-12 0 0.505553 1.8267 1.74465e-12 3.06648e-12 0.151574 31.2238 39.4581 0.0994306 5.12154e-12 6.88904 0.630521 1.71234e-12 4.56502e-12 3.1682e-12 0 1.90355e-12 3.03914e-12 0 7.10174 3.4213 1.90355e-12 3.03914e-12 0 16.6506 7.55187 0.00364944 4.56502e-12 0.0442439 0 1.90355e-12 
2.45702e-11 7.1929e-11 0 2.1822e-11 2.31094e-11 0 19.3879 27.1763 2.16692e-11 2.315e-11 0 79.2118 12.1976 2.80588e-11 2.46799e-11 2.33253 0 2.17525e-11 7.66592e-12 5.9183e-12 0 3.41894e-12 5.34346e-12 0 1.92588 1.45775 3.41894e-12 5.3289e-12 0 0.880223 0.0205514 3.54815e-12 7.66592e-12 7.05538e-12 0 3.42888e-12 1.66367e-11 1.59687e-11 0 7.45966e-12 1.15058e-11 0 16.9788 34.3002 7.48192e-12 1.16679e-11 1.95593 101.786 23.0446 8.10542e-12 1.66367e-11 1.02226 0.352883 7.43739e-12 5.27952e-11 0.245607 0 2.30151e-11 3.58839e-11 0 6.09538 21.5086 2.32302e-11 3.61621e-11 1.57226 376.46 464.603 1.32393 5.31252e-11 83.06 7.42411 2.28e-11 5.68669e-12 3.96061e-12 0 2.3849e-12 3.79735e-12 0 8.87798 4.27471 2.3849e-12 3.79735e-12 0 20.8151 9.4356 0.00457228 5.68669e-12 0.0553099 0 2.3849e-12 
9.26316e-13 2.68726e-12 0 8.10684e-13 8.64484e-13 0 0.72433 1.01671 8.05008e-13 8.66003e-13 0 2.95935 0.456333 1.04238e-12 9.30452e-13 0.0871431 0 8.08104e-13 6.11935e-13 4.69509e-13 0 2.70188e-13 4.2428e-13 0 0.152783 0.115755 2.70188e-13 4.23124e-13 0 0.0698296 0.00163192 2.80399e-13 6.11935e-13 5.59715e-13 0 2.70974e-13 1.38382e-13 1.30841e-13 0 6.05518e-14 9.44766e-14 0 0.139118 0.281688 6.07325e-14 9.58073e-14 0.0162692 0.833994 0.189252 6.57936e-14 1.38382e-13 0.00837595 0.00289803 6.0371e-14 1.88647e-12 0.0074978 0 6.33446e-13 1.1211e-12 0 0.186077 0.673062 6.39366e-13 1.12979e-12 0.0561797 11.4924 14.5387 0.0364386 1.89826e-12 2.53562 0.23232 6.27526e-13 1.73807e-11 1.26102e-11 0 7.7925e-12 1.20194e-11 0 28.2666 13.5248 7.7925e-12 1.20194e-11 0 66.2734 29.8534 0.0149396 1.73807e-11 0.176102 0 7.7925e-12 
$Fmort
 0.345083 0.231758 0.063093
#ESTIMATED_PARAMETERS
$availability
1.38912 1.54733 1.72003 0.152101 0.191551 
0.194249 0.138378 0.314342 3.99361 0.359421 
0.0261198 0.0397677 0.00914573 0.301431 4.62427 
$selectivity
 1.36552 0.942916 1.00728 0.681206 1.00307
$RunSize
 4.12095e-10 1.73071e-09 0 7.22545e-10 5.23397e-10 0 466.497 612.996 7.17486e-10 5.24317e-10 0 1905.94 275.132 9.29053e-10 4.13934e-10 56.1236 0 7.20246e-10 1.78912e-10 1.98688e-10 0 1.58215e-10 1.68793e-10 0 64.6553 45.8593 1.58215e-10 1.68333e-10 0 29.5508 0.646527 1.64194e-10 1.78912e-10 2.36862e-10 0 1.58675e-10 1.75692e-10 2.40542e-10 0 1.54076e-10 1.63274e-10 0 255.757 484.782 1.54535e-10 1.65574e-10 20.6556 1533.23 325.701 1.67413e-10 1.75692e-10 15.3985 4.98747 1.53616e-10 7.35883e-11 0.421871 0 4.92122e-11 5.93306e-11 0 10.4698 35.4724 4.96721e-11 5.97905e-11 2.19149 646.633 766.231 2.8309 7.40483e-11 142.669 12.244 4.87523e-11 5.28916e-11 5.24317e-11 0 4.32331e-11 4.73725e-11 0 117.529 53.1142 4.32331e-11 4.73725e-11 0 275.557 117.239 0.0828855 5.28916e-11 0.732209 0 4.32331e-11
