$ndistricts
3
$ngroups
90
$nstocks
5
$nagecomps
18
$AgeCompLabels
 0.1 0.2 0.3 0.4 0.5 1.1 1.2 1.3 1.4 1.5 2.1 2.2 2.3 2.4 3.1 3.2 3.3 3.4
$navailpar
15
$nselectpar
5
$GENdata
-1
$maxGradient
0.000389303
#LIKELIHOOD_VALUES_AND_PENALTIES
$totalNLL
-274809
$NLLcatch
-212089
$NLLescape
-95971.2
$NLLagecompCatch
22724.4
$NLLagecompEsc
10526.7
$NLLgenetics
0
$NLLselOne
2.3889e-14
$NLLavailOne
2.2306e-05
$NLLextra
0.0436712
#OBSERVED_AND_PREDICTED_VALUES
$predEsc
 8259.39 207.632 1214.08 1603.06 1715.88
$obsEsc
 8317.5 196.76 1161.98 1611.57 1713.29
$predCatch
 13810 8901.99 3146.24
$obsCatch
 13810 8901.99 3146.24
$RunSize
 6.9028e-11 0.931617 32.0261 1.14435e-08 4.31425e-11 1.14328e-10 930.777 1951.41 2.52847 4.09854e-11 33.2638 16139.8 369.958 1.18642e-10 6.9028e-11 5.60852e-11 4.31425e-11 4.09854e-11 4.74567e-11 7.98136e-11 0 1.2504 3.4514e-11 7.11851e-11 281.922 173.916 7.76565e-11 3.88282e-11 5.82423e-11 44.5083 24.0768 1.44527e-10 5.1771e-11 4.74567e-11 3.88282e-11 3.66711e-11 1.94141e-11 3.88282e-11 2.50181 1.85513e-10 3.4514e-11 7.2785 843.373 981.096 4.24796 4.52996e-11 27.8545 1575.89 404.38 6.40374 1.94141e-11 2.58855e-11 2.80426e-11 3.01997e-11 1.50999e-11 2.15712e-11 0 2.37284e-11 3.01997e-11 1.43179 433.506 611.85 5.872 0.467001 32.2182 5219.88 3221.95 4.09854e-11 2.00586 17.9977 0.80011 2.37284e-11 1.50999e-11 4.80716 9.85414 2.37284e-11 2.37284e-11 0.537637 648.594 632.153 3.15573 3.4514e-11 0.981544 3950.91 217.076 2.69113 1.29427e-11 0.105955 1.7257e-11 2.15712e-11
$SSageCompEsc
 3007 88.5 1732 2744 3712
$obsAgeCompEsc
0 0.000106919 0.000264508 0 0 0 0.0453678 0.060585 0.000235161 0 0.00373348 0.873374 0.0163333 0 0 0 0 0 
0 0 0 0 0 0 0.601116 0.250188 0 0 0 0.102692 0.0460043 0 0 0 0 0 
0 0 0.000389753 0 0 0.00518031 0.222433 0.213982 0.0011853 0 0.021533 0.434988 0.0988799 0.00142853 0 0 0 0 
0 0 0 0 0 0.000708519 0.0408486 0.0594829 0.000205748 0 0.0177067 0.535 0.344368 0 0.000938515 0.000601233 0.000140165 0 
0 0.00135269 0.00125205 0 0 0.000295966 0.150879 0.10471 0 0 0.000546787 0.703015 0.0376991 0.000249729 0 0 0 0 
$predAgeCompEsc
7.72412e-15 4.80214e-05 0.00158141 4.39329e-13 6.22102e-16 1.27931e-14 0.0479782 0.0963585 9.70703e-05 5.90997e-16 0.00372217 0.831947 0.0182681 4.55477e-15 7.72412e-15 2.89099e-15 2.13032e-15 1.57347e-15 
2.09853e-13 1.54488e-13 0 0.00178108 1.83388e-14 3.14779e-13 0.545689 0.321826 1.10615e-13 2.06312e-14 2.57547e-13 0.0861505 0.0445535 2.05867e-13 2.2893e-13 9.18575e-14 7.18506e-14 5.22348e-14 
1.44709e-14 1.01444e-14 0.000612851 3.03432e-14 -2.37679e-16 0.00542526 0.220343 0.240332 0.000694813 -3.11954e-16 0.0207623 0.411724 0.099058 0.00104742 1.44709e-14 6.76295e-15 6.86939e-15 4.93959e-15 
8.21014e-15 2.33613e-15 0 7.94037e-16 -2.6658e-15 0.000778497 0.0469479 0.0584401 0.000196498 -4.12232e-05 0.0175178 0.565304 0.30774 1.37152e-15 0.00109063 0.00194912 7.64216e-05 7.94037e-16 
8.05237e-15 0.000888859 0.00168877 2.40204e-15 -1.51013e-15 0.000286708 0.119927 0.108336 0.000319457 -2.19656e-15 0.000523433 0.730536 0.0372017 0.000272426 6.90204e-15 1.95913e-05 2.95745e-15 2.18367e-15 
$SSageCompCatch
 9757 9235 4160
$obsAgeCompCatch
0 4.31321e-05 0.00161289 8.48751e-05 0 0.000112636 0.0893595 0.151951 0.000236226 0 0.000313058 0.700837 0.0551206 0.00032907 0 0 0 0 
0 0 0.000747975 0 0 5.59792e-05 0.0624329 0.0805053 0.000634903 5.57807e-05 0.000417034 0.59433 0.258837 4.39829e-05 7.2761e-05 0.00181061 5.57807e-05 0 
0 0.000479611 0.00169001 0 0 0 0.0763395 0.114228 0.00105275 0 0 0.725711 0.0793763 0.000574326 0 0.000549165 0 0 
$predAgeCompCatch
7.50853e-16 6.73775e-05 0.00140311 5.8252e-05 7.06719e-15 4.61208e-05 0.0885413 0.132636 0.000388722 4.90333e-06 0.000358141 0.723286 0.0527651 0.000339658 1.13976e-06 9.92682e-05 4.56683e-06 5.34457e-15 
3.06255e-16 6.28196e-05 0.000366647 7.52725e-06 5.17459e-15 2.72755e-05 0.0583383 0.0823243 0.000649563 4.79646e-05 0.000474554 0.584285 0.271766 0.000124899 2.61898e-05 0.00143394 6.5082e-05 3.40701e-15 
3.45579e-16 0.000739701 0.00160128 2.8992e-06 6.56149e-15 1.32043e-05 0.107419 0.111828 0.000681786 1.22015e-05 6.91668e-05 0.696791 0.0800767 0.000493689 2.74431e-06 0.000257339 1.118e-05 4.50062e-15 
$genSS
 0 0 0
$obsGenComp     #GeneticFracData
-1 -1 -1 -1 -1 
-1 -1 -1 -1 -1 
-1 -1 -1 -1 -1 
$predGenComp     #catchGenComp_pred
0 0 0 0 0 
0 0 0 0 0 
0 0 0 0 0 
#PARAMETERS_OF_INTEREST
$catchByGroup
4.79202e-12 4.13605e-13 2.57981e-14 
0.477283 0.0542372 0.00346917 
16.8957 1.9444 0.124523 
6.90862e-09 8.51437e-10 5.48995e-11 
3.28252e-11 4.85959e-12 3.1949e-13 
7.93678e-12 6.85033e-13 4.2728e-14 
476.853 54.1883 3.46604 
1029.49 118.476 7.58742 
1.52647 0.188126 0.0121301 
3.11839e-11 4.61661e-12 3.03515e-13 
2.30922 0.199311 0.0124318 
8268.68 939.631 60.1016 
195.175 22.4613 1.43846 
7.16256e-11 8.82734e-12 5.69174e-13 
4.79202e-12 4.13605e-13 2.57981e-14 
2.87334e-11 3.26519e-12 2.08851e-13 
2.27602e-11 2.61931e-12 1.67745e-13 
2.47434e-11 3.04944e-12 1.96624e-13 
3.65491e-12 2.02741e-13 2.70008e-14 
4.39465e-11 3.33856e-12 4.52066e-13 
0 0 0 
0.804458 0.0670075 0.00912157 
2.75012e-11 2.81666e-12 3.88387e-13 
5.48237e-12 3.04111e-13 4.05012e-14 
155.23 11.7926 1.59681 
98.4765 7.58937 1.02849 
4.99613e-11 4.16153e-12 5.665e-13 
3.09389e-11 3.16874e-12 4.36936e-13 
4.48558e-12 2.48818e-13 3.31374e-14 
24.5069 1.86176 0.252096 
13.633 1.05067 0.142384 
9.29835e-11 7.74508e-12 1.05432e-12 
3.98718e-12 2.21172e-13 2.94555e-14 
2.61303e-11 1.98509e-12 2.68796e-13 
2.19858e-11 1.6944e-12 2.29621e-13 
2.35928e-11 1.96517e-12 2.67514e-13 
1.65476e-12 1.87896e-13 2.54086e-15 
2.28696e-11 3.59174e-12 5.06886e-14 
1.5132 0.241151 0.00341034 
1.26544e-10 2.18175e-11 3.1211e-13 
2.86439e-11 6.06889e-12 8.97105e-14 
0.620383 0.0704436 0.000952587 
496.742 78.0149 1.10099 
593.408 94.5682 1.33738 
2.89766 0.499589 0.00714685 
3.75952e-11 7.96542e-12 1.17745e-13 
2.37418 0.269585 0.00364552 
928.193 145.775 2.05726 
244.586 38.9784 0.55123 
4.36819 0.753123 0.0107738 
1.65476e-12 1.87896e-13 2.54086e-15 
1.52464e-11 2.3945e-12 3.37924e-14 
1.69613e-11 2.70304e-12 3.82262e-14 
2.06002e-11 3.55169e-12 5.08086e-14 
1.18489e-13 1.75506e-12 6.49975e-14 
1.63111e-12 1.52862e-11 9.09022e-13 
0 0 0 
2.28702e-12 1.88875e-11 1.28098e-12 
4.37894e-12 2.76117e-11 2.48251e-12 
0.0112353 0.166417 0.00616316 
32.7797 307.198 18.2682 
48.2283 443.04 26.8984 
0.565964 4.67404 0.317 
0.0677147 0.42698 0.038389 
0.252818 3.74473 0.138684 
394.703 3699 219.968 
253.966 2333.01 141.645 
3.95031e-12 3.26238e-11 2.21259e-12 
0.0157401 0.233141 0.00863425 
1.3609 12.7538 0.758432 
0.0630677 0.57936 0.0351748 
2.28702e-12 1.88875e-11 1.28098e-12 
1.4907e-13 1.66983e-13 9.66936e-13 
0.453197 0.504983 2.32381 
0.968 1.07834 4.91008 
2.8433e-12 3.16295e-12 1.36005e-11 
4.24837e-12 4.70726e-12 1.73639e-11 
0.00530768 0.00594548 0.0344282 
61.1465 68.1335 313.534 
62.0982 69.1763 314.987 
0.378142 0.420653 1.80879 
6.17945e-12 6.84693e-12 2.52566e-11 
0.00969004 0.0108545 0.0628543 
372.474 415.035 1909.89 
21.324 23.7545 108.164 
0.322471 0.358723 1.54249 
1.27774e-13 1.43128e-13 8.28803e-13 
0.00998892 0.0111303 0.051219 
1.6952e-12 1.88843e-12 8.59875e-12 
2.58482e-12 2.8754e-12 1.23641e-11 
$escByGroup
 5.00016e-07 0.396628 13.0615 5.00909e-07 5.00001e-07 5.00026e-07 396.27 795.863 0.801742 5.00001e-07 30.7428 6871.37 150.883 5.00009e-07 5.00016e-07 5.00006e-07 5.00004e-07 5.00003e-07 5.00011e-07 5.00008e-07 5e-07 0.369808 5.00001e-07 5.00016e-07 113.302 66.8212 5.00006e-07 5.00001e-07 5.00013e-07 17.8876 9.2507 5.00011e-07 5.00012e-07 5.00005e-07 5.00004e-07 5.00003e-07 5.00004e-07 5.00003e-07 0.744051 5.00009e-07 5e-07 6.58672 267.515 291.782 0.843561 5e-07 25.2071 499.868 120.265 1.27166 5.00004e-07 5.00002e-07 5.00002e-07 5.00001e-07 5.00003e-07 5.00001e-07 5e-07 5e-07 4.99999e-07 1.24798 75.2602 93.6828 0.314998 1.5132e-11 28.082 906.214 493.325 5.00001e-07 1.74835 3.12455 0.122508 5e-07 5.00003e-07 1.52517 2.89772 5.00001e-07 4.99999e-07 0.491955 205.78 185.892 0.548149 4.99999e-07 0.898145 1253.51 63.8336 0.467449 5.00003e-07 0.0336163 5.00001e-07 5.00001e-07
$catchByGroup
4.79202e-12 0.477283 16.8957 6.90862e-09 3.28252e-11 7.93678e-12 476.853 1029.49 1.52647 3.11839e-11 2.30922 8268.68 195.175 7.16256e-11 4.79202e-12 2.87334e-11 2.27602e-11 2.47434e-11 3.65491e-12 4.39465e-11 0 0.804458 2.75012e-11 5.48237e-12 155.23 98.4765 4.99613e-11 3.09389e-11 4.48558e-12 24.5069 13.633 9.29835e-11 3.98718e-12 2.61303e-11 2.19858e-11 2.35928e-11 1.65476e-12 2.28696e-11 1.5132 1.26544e-10 2.86439e-11 0.620383 496.742 593.408 2.89766 3.75952e-11 2.37418 928.193 244.586 4.36819 1.65476e-12 1.52464e-11 1.69613e-11 2.06002e-11 1.18489e-13 1.63111e-12 0 2.28702e-12 4.37894e-12 0.0112353 32.7797 48.2283 0.565964 0.0677147 0.252818 394.703 253.966 3.95031e-12 0.0157401 1.3609 0.0630677 2.28702e-12 1.4907e-13 0.453197 0.968 2.8433e-12 4.24837e-12 0.00530768 61.1465 62.0982 0.378142 6.17945e-12 0.00969004 372.474 21.324 0.322471 1.27774e-13 0.00998892 1.6952e-12 2.58482e-12 
4.13605e-13 0.0542372 1.9444 8.51437e-10 4.85959e-12 6.85033e-13 54.1883 118.476 0.188126 4.61661e-12 0.199311 939.631 22.4613 8.82734e-12 4.13605e-13 3.26519e-12 2.61931e-12 3.04944e-12 2.02741e-13 3.33856e-12 0 0.0670075 2.81666e-12 3.04111e-13 11.7926 7.58937 4.16153e-12 3.16874e-12 2.48818e-13 1.86176 1.05067 7.74508e-12 2.21172e-13 1.98509e-12 1.6944e-12 1.96517e-12 1.87896e-13 3.59174e-12 0.241151 2.18175e-11 6.06889e-12 0.0704436 78.0149 94.5682 0.499589 7.96542e-12 0.269585 145.775 38.9784 0.753123 1.87896e-13 2.3945e-12 2.70304e-12 3.55169e-12 1.75506e-12 1.52862e-11 0 1.88875e-11 2.76117e-11 0.166417 307.198 443.04 4.67404 0.42698 3.74473 3699 2333.01 3.26238e-11 0.233141 12.7538 0.57936 1.88875e-11 1.66983e-13 0.504983 1.07834 3.16295e-12 4.70726e-12 0.00594548 68.1335 69.1763 0.420653 6.84693e-12 0.0108545 415.035 23.7545 0.358723 1.43128e-13 0.0111303 1.88843e-12 2.8754e-12 
2.57981e-14 0.00346917 0.124523 5.48995e-11 3.1949e-13 4.2728e-14 3.46604 7.58742 0.0121301 3.03515e-13 0.0124318 60.1016 1.43846 5.69174e-13 2.57981e-14 2.08851e-13 1.67745e-13 1.96624e-13 2.70008e-14 4.52066e-13 0 0.00912157 3.88387e-13 4.05012e-14 1.59681 1.02849 5.665e-13 4.36936e-13 3.31374e-14 0.252096 0.142384 1.05432e-12 2.94555e-14 2.68796e-13 2.29621e-13 2.67514e-13 2.54086e-15 5.06886e-14 0.00341034 3.1211e-13 8.97105e-14 0.000952587 1.10099 1.33738 0.00714685 1.17745e-13 0.00364552 2.05726 0.55123 0.0107738 2.54086e-15 3.37924e-14 3.82262e-14 5.08086e-14 6.49975e-14 9.09022e-13 0 1.28098e-12 2.48251e-12 0.00616316 18.2682 26.8984 0.317 0.038389 0.138684 219.968 141.645 2.21259e-12 0.00863425 0.758432 0.0351748 1.28098e-12 9.66936e-13 2.32381 4.91008 1.36005e-11 1.73639e-11 0.0344282 313.534 314.987 1.80879 2.52566e-11 0.0628543 1909.89 108.164 1.54249 8.28803e-13 0.051219 8.59875e-12 1.23641e-11 
$Fmort
 0.560957 0.335084 0.154996
#ESTIMATED_PARAMETERS
$availability
1.38912 1.54733 1.72003 0.152101 0.191551 
0.194249 0.138378 0.314342 3.99361 0.359421 
0.0261198 0.0397677 0.00914573 0.301431 4.62427 
$selectivity
 0.0923323 0.921527 0.962279 1.18785 1.83601
$RunSize
 6.9028e-11 0.931617 32.0261 1.14435e-08 4.31425e-11 1.14328e-10 930.777 1951.41 2.52847 4.09854e-11 33.2638 16139.8 369.958 1.18642e-10 6.9028e-11 5.60852e-11 4.31425e-11 4.09854e-11 4.74567e-11 7.98136e-11 0 1.2504 3.4514e-11 7.11851e-11 281.922 173.916 7.76565e-11 3.88282e-11 5.82423e-11 44.5083 24.0768 1.44527e-10 5.1771e-11 4.74567e-11 3.88282e-11 3.66711e-11 1.94141e-11 3.88282e-11 2.50181 1.85513e-10 3.4514e-11 7.2785 843.373 981.096 4.24796 4.52996e-11 27.8545 1575.89 404.38 6.40374 1.94141e-11 2.58855e-11 2.80426e-11 3.01997e-11 1.50999e-11 2.15712e-11 0 2.37284e-11 3.01997e-11 1.43179 433.506 611.85 5.872 0.467001 32.2182 5219.88 3221.95 4.09854e-11 2.00586 17.9977 0.80011 2.37284e-11 1.50999e-11 4.80716 9.85414 2.37284e-11 2.37284e-11 0.537637 648.594 632.153 3.15573 3.4514e-11 0.981544 3950.91 217.076 2.69113 1.29427e-11 0.105955 1.7257e-11 2.15712e-11
