$ndistricts
3
$ngroups
90
$nstocks
5
$nagecomps
18
$AgeCompLabels
 0.1 0.2 0.3 0.4 0.5 1.1 1.2 1.3 1.4 1.5 2.1 2.2 2.3 2.4 3.1 3.2 3.3 3.4
$navailpar
15
$nselectpar
5
$GENdata
-1
$maxGradient
0.00229833
#LIKELIHOOD_VALUES_AND_PENALTIES
$totalNLL
-325272
$NLLcatch
-263221
$NLLescape
-93028
$NLLagecompCatch
20726.3
$NLLagecompEsc
10249.9
$NLLgenetics
0
$NLLselOne
1.62617e-16
$NLLavailOne
2.2306e-05
$NLLextra
0.061793
#OBSERVED_AND_PREDICTED_VALUES
$predEsc
 8573.1 239.578 933.907 1901.67 1009.83
$obsEsc
 8355.94 242.595 990.81 1897.98 1095.07
$predCatch
 16327.9 10750.2 4352.8
$obsCatch
 16327.9 10750.2 4352.8
$RunSize
 6.10807e-11 5.86374e-11 44.2519 2.93499 2.44323e-11 1.49842 1276.47 1388.85 3.96376 1.95458e-11 71.9998 18291.9 270.031 1.00172e-10 5.86374e-11 1.02616e-10 0 5.13078e-11 6.35239e-11 5.61942e-11 0 5.79045e-10 1.46594e-11 1.05059e-10 271.068 398.988 1.09701e-09 1.71026e-11 6.84103e-11 75.2878 16.9742 9.77291e-11 5.86374e-11 9.28426e-11 0 5.13078e-11 1.46594e-11 1.57752 0 9.03994e-11 0.0160925 9.95902 587.998 985.165 22.8536 0.0160926 42.8331 1449.01 515.533 8.0997 1.71026e-11 3.90916e-11 0 3.17619e-11 0.91689 4.42303 0 2.93187e-11 0.0217845 1.40167 366.884 225.863 3.41258 0.0217845 70.9698 5324.23 6215.57 35.779 2.04249 264.987 66.4979 2.68755e-11 1.22161e-11 0.943793 0 1.95458e-11 0.0147124 6.16845 345.34 487.815 27.5779 0.0147124 11.8313 2478.92 2354.26 41.4517 1.46594e-11 14.2924 0 2.1989e-11
$SSageCompEsc
 2805 88.5 1482 3873 1861
$obsAgeCompEsc
0 0 0.000234065 6.126e-05 0 0.000111545 0.092273 0.0322778 6.126e-05 0 0.00863157 0.843383 0.0229665 0 0 0 0 0 
0 0 0 0 0 0 0.601116 0.250188 0 0 0 0.102692 0.0460043 0 0 0 0 0 
0 0.000780552 0 0 0 0.0084481 0.213229 0.147158 0.00349352 0 0.0408649 0.439394 0.144367 0.00226557 0 0 0 0 
0.000454791 0.000435125 0 0 0 0.0006891 0.0559235 0.00831303 0.000454791 0 0.034332 0.6197 0.249019 0.00276571 0.00101311 0.0252235 0.00167635 0 
0 0 0 0 0 0.00558036 0.106733 0.0312781 0 0 0.00989002 0.66433 0.178179 0.00364347 0 0.000365991 0 0 
$predAgeCompEsc
6.67538e-15 2.80402e-15 0.00145451 0.000100309 -3.84144e-15 0.000163759 0.0610404 0.0456502 0.000135469 -3.07315e-15 0.00786871 0.874711 0.00887564 3.42359e-15 6.40837e-15 4.90703e-15 0 1.75354e-15 
2.46962e-13 8.97173e-14 0 6.4831e-13 -8.91165e-14 4.08436e-13 0.432775 0.428782 1.22823e-12 -1.03969e-13 2.65959e-13 0.120201 0.0182418 1.09419e-13 2.27965e-13 1.48229e-13 0 5.74452e-14 
1.44609e-14 0.000517538 0 1.75872e-14 -1.96833e-05 0.00982422 0.192904 0.17931 0.00444615 -1.96834e-05 0.0422533 0.475375 0.0938323 0.00157579 1.68711e-14 1.28248e-14 0 6.17928e-15 
0.000439558 0.000526933 0 1.33908e-15 -2.28361e-05 0.000671961 0.0437084 0.00874729 0.000155864 -2.28361e-05 0.034023 0.634297 0.240718 0.00163415 0.000979173 0.031569 0.00257535 1.22749e-15 
1.11697e-14 0.000242901 0 1.98847e-15 -2.91361e-05 0.00564005 0.0888791 0.0421866 0.00280561 -2.91361e-05 0.0108179 0.637992 0.203598 0.00421703 1.34036e-14 0.0036784 0 2.23703e-15 
$SSageCompCatch
 7279 7714 5156
$obsAgeCompCatch
0 0 0.000465572 0.00015437 0 0.000306571 0.0622744 0.136085 0.00185225 0 0.000386859 0.747787 0.0490391 0.000570961 0 0.000929088 0.000148279 0 
0 0.00032238 0.000151905 0 0 0 0.0263248 0.0399928 0.000211366 0 0.000364781 0.436663 0.470712 0.00231702 0 0.0179876 0.00495276 0 
0 0.000301509 0.00279024 0 0 0 0.0428755 0.0838666 0.00540256 0 0.000474416 0.368117 0.479325 0.0072615 0 0.00803555 0.00155012 0 
$predAgeCompCatch
3.71269e-07 8.70743e-05 0.00175301 0.000114568 3.22044e-06 5.31853e-05 0.0775963 0.120979 0.00139822 3.22044e-06 0.000483566 0.700213 0.0945594 0.000916521 8.27049e-07 0.00139975 0.00043865 5.87004e-15 
6.62065e-06 0.000283177 0.000268761 1.73877e-05 4.89119e-06 2.06989e-05 0.0356463 0.0407602 0.00076771 4.8912e-06 0.000571963 0.431766 0.466303 0.00298607 1.47484e-05 0.0159361 0.00464218 2.90927e-15 
8.64071e-07 0.00017178 6.20185e-05 4.00924e-06 8.88089e-06 8.83323e-05 0.049982 0.0809561 0.00419997 8.8809e-06 0.000240108 0.395742 0.455824 0.00676046 1.92483e-06 0.00490717 0.0010416 3.89668e-15 
$genSS
 0 0 0
$obsGenComp     #GeneticFracData
-1 -1 -1 -1 -1 
-1 -1 -1 -1 -1 
-1 -1 -1 -1 -1 
$predGenComp     #catchGenComp_pred
0 0 0 0 0 
0 0 0 0 0 
0 0 0 0 0 
#PARAMETERS_OF_INTEREST
$catchByGroup
3.59056e-12 2.39591e-13 2.17521e-14 
3.14777e-11 2.85587e-12 2.64733e-13 
28.623 2.88924 0.269954 
1.87065 0.186921 0.0174514 
2.44323e-11 2.42413e-11 8.69181e-12 
0.0880829 0.00587761 0.000533619 
685.236 62.1692 5.76295 
898.337 90.6792 8.47255 
2.52635 0.252441 0.0235685 
1.95458e-11 1.9393e-11 6.95345e-12 
4.23242 0.282422 0.0256407 
9819.45 890.887 82.5833 
174.661 17.6305 1.64729 
6.38462e-11 6.3797e-12 5.95624e-13 
3.44693e-12 2.30008e-13 2.0882e-14 
5.5086e-11 4.99777e-12 4.63283e-13 
0 0 0 
3.27017e-11 3.26765e-12 3.05076e-13 
4.14529e-12 1.77606e-13 3.44393e-14 
3.23505e-11 1.96363e-12 3.85808e-13 
0 0 0 
3.91972e-10 2.65182e-11 5.23384e-12 
1.46594e-11 1.41968e-11 7.15356e-12 
6.85568e-12 2.93733e-13 5.69573e-14 
156.051 9.47208 1.86105 
273.825 18.7368 3.69985 
7.42596e-10 5.02392e-11 9.91559e-12 
1.71026e-11 1.65629e-11 8.34581e-12 
4.46416e-12 1.91268e-13 3.70885e-14 
43.3425 2.63083 0.516897 
11.6494 0.797125 0.157404 
6.61556e-11 4.47565e-12 8.83348e-13 
3.82643e-12 1.63944e-13 3.17901e-14 
5.34486e-11 3.24426e-12 6.37422e-13 
0 0 0 
3.47317e-11 2.34972e-12 4.63758e-13 
1.05943e-12 9.29395e-14 1.82815e-15 
0.969245 0.122449 0.00249744 
0 0 0 
6.46542e-11 9.13178e-12 1.88573e-13 
0.0160925 0.0160863 0.00229614 
0.719735 0.0631396 0.00124198 
361.271 45.6409 0.930883 
713.626 101.971 2.10852 
16.345 2.30858 0.0476724 
0.0160926 0.0160863 0.00229615 
3.09553 0.271559 0.00534165 
890.283 112.473 2.29398 
373.438 53.3608 1.10338 
5.79296 0.818199 0.0168959 
1.236e-12 1.08429e-13 2.13284e-15 
2.40183e-11 3.03433e-12 6.18875e-14 
0 0 0 
2.27164e-11 3.20846e-12 6.62553e-14 
0.00606202 0.0711734 0.00376112 
0.357461 2.83847 0.225041 
0 0 0 
3.08201e-12 2.17403e-11 1.94994e-12 
0.0217785 0.0217845 0.0216482 
0.00926713 0.108804 0.0057497 
29.6509 235.448 18.6669 
24.3268 169.503 15.3994 
0.358733 2.53048 0.226966 
0.0217785 0.0217845 0.0216482 
0.469217 5.50901 0.291121 
430.295 3416.82 270.894 
669.453 4664.57 423.78 
3.76112 26.5307 2.37961 
0.0135039 0.158548 0.00837839 
21.4158 170.055 13.4824 
7.16222 49.9044 4.53385 
2.82517e-12 1.99286e-11 1.78745e-12 
1.01628e-13 8.8516e-14 7.46553e-13 
0.0950313 0.0832867 0.520186 
0 0 0 
2.55135e-12 2.24074e-12 1.27457e-11 
0.0147119 0.0147105 0.0147124 
0.0513163 0.0446956 0.376967 
34.7726 30.4752 190.34 
65.2177 57.2909 322.705 
3.5998 3.16155 17.9834 
0.0147119 0.0147105 0.0147124 
0.0984268 0.085728 0.723038 
249.605 218.757 1366.3 
314.75 276.494 1557.42 
5.41076 4.75204 27.0304 
1.21953e-13 1.06219e-13 8.95864e-13 
1.43912 1.26126 7.87751 
0 0 0 
2.87027e-12 2.52083e-12 1.43389e-11 
$escByGroup
 5.00014e-07 5.00006e-07 12.4697 0.859959 4.99992e-07 1.40393 523.306 391.364 1.16139 4.99993e-07 67.4593 7498.99 76.0917 5.00007e-07 5.00014e-07 5.00011e-07 5e-07 5.00004e-07 5.00015e-07 5.00005e-07 5e-07 5.00039e-07 4.99995e-07 5.00024e-07 103.683 102.727 5.00074e-07 4.99994e-07 5.00016e-07 28.7976 4.37032 5.00007e-07 5.00014e-07 5.00009e-07 5e-07 5.00003e-07 5.00003e-07 0.483332 5e-07 5.00004e-07 5.43939e-11 9.1749 180.155 167.459 4.15229 5.43937e-11 39.4606 443.956 87.6306 1.47164 5.00004e-07 5.00003e-07 5e-07 5.00001e-07 0.835894 1.00205 5e-07 5.00001e-07 2.30263e-11 1.27785 83.1188 16.6345 0.296402 2.30263e-11 64.7004 1206.22 457.766 3.10761 1.86206 60.0337 4.89746 5.00001e-07 5.00003e-07 0.245288 5e-07 5.00001e-07 3.39854e-11 5.69547 89.7525 42.6011 2.83318 3.39854e-11 10.9242 644.262 205.599 4.25847 5.00003e-07 3.71455 5e-07 5.00001e-07
$catchByGroup
3.59056e-12 3.14777e-11 28.623 1.87065 2.44323e-11 0.0880829 685.236 898.337 2.52635 1.95458e-11 4.23242 9819.45 174.661 6.38462e-11 3.44693e-12 5.5086e-11 0 3.27017e-11 4.14529e-12 3.23505e-11 0 3.91972e-10 1.46594e-11 6.85568e-12 156.051 273.825 7.42596e-10 1.71026e-11 4.46416e-12 43.3425 11.6494 6.61556e-11 3.82643e-12 5.34486e-11 0 3.47317e-11 1.05943e-12 0.969245 0 6.46542e-11 0.0160925 0.719735 361.271 713.626 16.345 0.0160926 3.09553 890.283 373.438 5.79296 1.236e-12 2.40183e-11 0 2.27164e-11 0.00606202 0.357461 0 3.08201e-12 0.0217785 0.00926713 29.6509 24.3268 0.358733 0.0217785 0.469217 430.295 669.453 3.76112 0.0135039 21.4158 7.16222 2.82517e-12 1.01628e-13 0.0950313 0 2.55135e-12 0.0147119 0.0513163 34.7726 65.2177 3.5998 0.0147119 0.0984268 249.605 314.75 5.41076 1.21953e-13 1.43912 0 2.87027e-12 
2.39591e-13 2.85587e-12 2.88924 0.186921 2.42413e-11 0.00587761 62.1692 90.6792 0.252441 1.9393e-11 0.282422 890.887 17.6305 6.3797e-12 2.30008e-13 4.99777e-12 0 3.26765e-12 1.77606e-13 1.96363e-12 0 2.65182e-11 1.41968e-11 2.93733e-13 9.47208 18.7368 5.02392e-11 1.65629e-11 1.91268e-13 2.63083 0.797125 4.47565e-12 1.63944e-13 3.24426e-12 0 2.34972e-12 9.29395e-14 0.122449 0 9.13178e-12 0.0160863 0.0631396 45.6409 101.971 2.30858 0.0160863 0.271559 112.473 53.3608 0.818199 1.08429e-13 3.03433e-12 0 3.20846e-12 0.0711734 2.83847 0 2.17403e-11 0.0217845 0.108804 235.448 169.503 2.53048 0.0217845 5.50901 3416.82 4664.57 26.5307 0.158548 170.055 49.9044 1.99286e-11 8.8516e-14 0.0832867 0 2.24074e-12 0.0147105 0.0446956 30.4752 57.2909 3.16155 0.0147105 0.085728 218.757 276.494 4.75204 1.06219e-13 1.26126 0 2.52083e-12 
2.17521e-14 2.64733e-13 0.269954 0.0174514 8.69181e-12 0.000533619 5.76295 8.47255 0.0235685 6.95345e-12 0.0256407 82.5833 1.64729 5.95624e-13 2.0882e-14 4.63283e-13 0 3.05076e-13 3.44393e-14 3.85808e-13 0 5.23384e-12 7.15356e-12 5.69573e-14 1.86105 3.69985 9.91559e-12 8.34581e-12 3.70885e-14 0.516897 0.157404 8.83348e-13 3.17901e-14 6.37422e-13 0 4.63758e-13 1.82815e-15 0.00249744 0 1.88573e-13 0.00229614 0.00124198 0.930883 2.10852 0.0476724 0.00229615 0.00534165 2.29398 1.10338 0.0168959 2.13284e-15 6.18875e-14 0 6.62553e-14 0.00376112 0.225041 0 1.94994e-12 0.0216482 0.0057497 18.6669 15.3994 0.226966 0.0216482 0.291121 270.894 423.78 2.37961 0.00837839 13.4824 4.53385 1.78745e-12 7.46553e-13 0.520186 0 1.27457e-11 0.0147124 0.376967 190.34 322.705 17.9834 0.0147124 0.723038 1366.3 1557.42 27.0304 8.95864e-13 7.87751 0 1.43389e-11 
$Fmort
 11.1823 5.18783 3.49646
#ESTIMATED_PARAMETERS
$availability
1.38912 1.54733 1.72003 0.152101 0.191551 
0.194249 0.138378 0.314342 3.99361 0.359421 
0.0261198 0.0397677 0.00914573 0.301431 4.62427 
$selectivity
 0.00390011 0.0495469 0.0670019 0.065301 4.81425
$RunSize
 6.10807e-11 5.86374e-11 44.2519 2.93499 2.44323e-11 1.49842 1276.47 1388.85 3.96376 1.95458e-11 71.9998 18291.9 270.031 1.00172e-10 5.86374e-11 1.02616e-10 0 5.13078e-11 6.35239e-11 5.61942e-11 0 5.79045e-10 1.46594e-11 1.05059e-10 271.068 398.988 1.09701e-09 1.71026e-11 6.84103e-11 75.2878 16.9742 9.77291e-11 5.86374e-11 9.28426e-11 0 5.13078e-11 1.46594e-11 1.57752 0 9.03994e-11 0.0160925 9.95902 587.998 985.165 22.8536 0.0160926 42.8331 1449.01 515.533 8.0997 1.71026e-11 3.90916e-11 0 3.17619e-11 0.91689 4.42303 0 2.93187e-11 0.0217845 1.40167 366.884 225.863 3.41258 0.0217845 70.9698 5324.23 6215.57 35.779 2.04249 264.987 66.4979 2.68755e-11 1.22161e-11 0.943793 0 1.95458e-11 0.0147124 6.16845 345.34 487.815 27.5779 0.0147124 11.8313 2478.92 2354.26 41.4517 1.46594e-11 14.2924 0 2.1989e-11
