$ndistricts
3
$ngroups
90
$nstocks
5
$nagecomps
18
$AgeCompLabels
 0.1 0.2 0.3 0.4 0.5 1.1 1.2 1.3 1.4 1.5 2.1 2.2 2.3 2.4 3.1 3.2 3.3 3.4
$navailpar
15
$nselectpar
5
$GENdata
-1
$maxGradient
0.000380663
#LIKELIHOOD_VALUES_AND_PENALTIES
$totalNLL
-96321.7
$NLLcatch
-94104.4
$NLLescape
-34182.4
$NLLagecompCatch
21887
$NLLagecompEsc
10078.1
$NLLgenetics
0
$NLLselOne
2.96624e-14
$NLLavailOne
2.2306e-05
$NLLextra
5.59983e-10
#OBSERVED_AND_PREDICTED_VALUES
$predEsc
 1039.3 230.3 2172 1134.62 1044.5
$obsEsc
 1179.32 230.18 1977.64 1152.18 1015.58
$predCatch
 2892.17 4852.93 5002.95
$obsCatch
 2892.17 4852.94 5002.95
$RunSize
 3.75927e-11 2.64165e-11 0 0 1.82883e-11 1.78275 393.108 191.092 2.40424 1.82883e-11 0.433923 743.232 321.293 4.77529e-11 4.36888e-11 2.84485e-11 0 3.04806e-11 8.73776e-11 3.75927e-11 0 0 1.82883e-11 0 155.099 189.806 1.41227e-10 1.82883e-11 1.08714e-10 21.9402 17.0105 1.01602e-10 9.75378e-11 3.86087e-11 0 3.86087e-11 3.75927e-11 2.64165e-11 0 0 1.72723e-11 0 140.95 2766.69 10.787 1.72723e-11 3.65767e-11 503.874 839.667 4.87689e-11 3.65767e-11 2.74325e-11 0.725516 3.04806e-11 2.43844e-11 5.2833e-11 0 0 1.44275e-10 2.72353 1154.4 444.788 5.11924 1.54435e-10 11.8221 2761.22 989.51 1.47168 2.43844e-11 4.09808 0 4.36888e-11 4.47048e-11 6.60412e-11 0 0 5.5881e-11 0 358.192 3218.87 10.6332 5.08009e-11 0.255438 2162.14 939.021 4.35046 4.36888e-11 0.267618 0 4.97849e-11
$SSageCompEsc
 1488 88.5 2622 2897 1327
$obsAgeCompEsc
0 0 0 0 0 0.000687469 0.245549 0.0862339 0.00158238 0 0.000415519 0.495345 0.170187 0 0 0 0 0 
0 0 0 0 0 0 0.601116 0.250188 0 0 0 0.102692 0.0460043 0 0 0 0 0 
0 0 0 0 0 0 0.0452095 0.559821 0.00360753 0 0 0.175152 0.215598 0 0 0 0.000611651 0 
0 0 0 0 0 0.00178497 0.248893 0.0502525 0.000141558 0 0.00903006 0.517533 0.171536 0.000565709 0 0.00026403 0 0 
0 0 0 0 0 0 0.0450652 0.37015 0.00402346 0 0.000237857 0.393305 0.185915 0.00130305 0 0 0 0 
$predAgeCompEsc
3.3848e-14 1.63636e-14 0 0 9.69286e-16 0.00160516 0.243509 0.109098 0.00157407 9.69286e-16 0.000390699 0.460391 0.183432 3.12641e-14 3.93369e-14 1.76223e-14 0 1.99558e-14 
3.53477e-13 1.02447e-13 0 0 4.41013e-15 0 0.422673 0.474969 4.07877e-13 4.41013e-15 4.39791e-13 0.0597913 0.042567 2.93437e-13 3.94579e-13 1.05216e-13 0 1.11506e-13 
1.58989e-14 6.81215e-15 0 0 -7.79041e-16 0 0.0363475 0.637173 0.00299974 -7.79041e-16 1.54692e-14 0.129936 0.193376 1.35621e-14 1.54692e-14 7.07415e-15 0.000167087 8.47632e-15 
1.76807e-14 1.06679e-14 0 0 -4.46934e-14 0.00197479 0.233093 0.0608822 0.00129619 -4.78408e-14 0.00857202 0.557538 0.135443 0.000372629 1.76807e-14 0.000827475 0 1.1062e-14 
3.51693e-14 1.29931e-14 0 0 -2.48023e-14 0 0.0704716 0.387117 0.00272615 -2.25475e-14 0.000200954 0.425385 0.112931 0.00111538 3.437e-14 5.26519e-05 0 1.27639e-14 
$SSageCompCatch
 10810 2883 4264
$obsAgeCompCatch
0 0 0.00076915 0 0 0.000160715 0.0887351 0.537446 0.0014011 0 0 0.182751 0.188675 6.20158e-05 0 0 0 0 
0 0 0.00058208 0 0 0 0.149504 0.218024 0.00290875 0 0 0.486493 0.141219 0 0 0.0012688 0 0 
0 0 0.00126295 0 0 0.000149047 0.0760237 0.451289 0.000756166 0 0 0.342244 0.127549 0.000577145 0 0.000149047 0 0 
$predAgeCompCatch
3.59933e-15 1.19887e-14 0 0 2.45184e-14 3.95839e-05 0.096419 0.499141 0.0016341 2.4702e-14 3.40628e-05 0.212943 0.18955 8.05388e-05 3.90228e-15 5.83161e-05 0.00010066 1.1366e-14 
1.22871e-15 9.55509e-15 0 0 3.50568e-14 9.30361e-05 0.173226 0.197457 0.00102269 3.67907e-14 0.000391934 0.437684 0.18928 0.000262821 1.24584e-15 0.000567784 1.43632e-05 7.4499e-15 
1.4727e-15 9.43138e-15 0 0 1.78395e-14 6.28038e-06 0.0629201 0.465579 0.00135619 1.73099e-14 3.3785e-05 0.320031 0.149439 0.000544868 1.44526e-15 8.94992e-05 3.54392e-07 6.65681e-15 
$genSS
 0 0 0
$obsGenComp     #GeneticFracData
-1 -1 -1 -1 -1 
-1 -1 -1 -1 -1 
-1 -1 -1 -1 -1 
$predGenComp     #catchGenComp_pred
0 0 0 0 0 
0 0 0 0 0 
0 0 0 0 0 
#PARAMETERS_OF_INTEREST
$catchByGroup
2.06068e-12 3.17975e-13 3.57324e-14 
7.8795e-12 1.37294e-12 1.57371e-13 
0 0 0 
0 0 0 
1.35185e-11 3.3525e-12 4.09939e-13 
0.0977231 0.0150792 0.00169453 
117.256 20.431 2.34187 
64.8127 11.563 1.33067 
0.645115 0.110553 0.012637 
1.35185e-11 3.3525e-12 4.09939e-13 
0.023786 0.00367031 0.000412451 
221.691 38.6279 4.42767 
108.973 19.4415 2.23733 
1.28132e-11 2.1958e-12 2.50994e-13 
2.39485e-12 3.69539e-13 4.15269e-14 
8.48562e-12 1.47855e-12 1.69477e-13 
0 0 0 
8.17866e-12 1.40158e-12 1.60209e-13 
5.31827e-12 5.27143e-13 1.26419e-13 
1.22562e-11 1.40248e-12 3.40437e-13 
0 0 0 
0 0 0 
1.41955e-11 2.45674e-12 6.20467e-13 
0 0 0 
50.5661 5.78629 1.40456 
70.1568 8.25488 2.00866 
4.15065e-11 4.65735e-12 1.12861e-12 
1.41955e-11 2.45674e-12 6.20467e-13 
6.61692e-12 6.55864e-13 1.57288e-13 
7.15308 0.81853 0.198689 
6.28749 0.739806 0.180017 
2.98608e-11 3.35061e-12 8.11949e-13 
5.93667e-12 5.88438e-13 1.41119e-13 
1.25874e-11 1.44038e-12 3.49638e-13 
0 0 0 
1.13471e-11 1.27323e-12 3.08541e-13 
2.53468e-12 5.13216e-13 1.25154e-14 
9.3795e-12 2.18582e-12 5.52098e-14 
0 0 0 
0 0 0 
1.40016e-11 4.82619e-12 1.36563e-13 
0 0 0 
50.0461 11.6629 0.294582 
1110.19 265.809 6.76119 
3.46046 0.791196 0.0198864 
1.40016e-11 4.82619e-12 1.36563e-13 
2.46617e-12 4.99346e-13 1.21772e-14 
178.907 41.6929 1.05308 
336.932 80.6707 2.05196 
1.56451e-11 3.57707e-12 8.99081e-14 
2.46617e-12 4.99346e-13 1.21772e-14 
9.74025e-12 2.26989e-12 5.73333e-14 
0.291127 0.0697037 0.001773 
9.77817e-12 2.23567e-12 5.61926e-14 
1.50058e-13 3.90736e-12 2.66143e-13 
2.00991e-12 3.51987e-11 3.52032e-12 
0 0 0 
0 0 0 
1.97426e-11 1.4203e-10 3.32118e-11 
0.0167602 0.436419 0.0297259 
43.9165 769.091 76.9188 
19.7245 321.525 34.4605 
0.172158 3.17434 0.302059 
2.11329e-11 1.52032e-10 3.55507e-11 
0.0727514 1.89438 0.129032 
105.044 1839.6 183.983 
43.8806 715.29 76.6635 
0.0494919 0.91256 0.0868359 
1.50058e-13 3.90736e-12 2.66143e-13 
0.155902 2.73025 0.27306 
0 0 0 
1.46923e-12 2.70906e-11 2.57784e-12 
3.46182e-13 6.97148e-13 6.92703e-12 
3.14826e-12 6.21023e-12 4.31114e-11 
0 0 0 
0 0 0 
9.45307e-12 1.74627e-11 5.48713e-11 
0 0 0 
17.0754 33.6828 233.826 
178.72 351.094 2284.71 
0.448354 0.886967 6.45037 
8.5937e-12 1.58752e-11 4.9883e-11 
0.00197805 0.00398343 0.0395802 
103.072 203.318 1411.43 
52.1371 102.423 666.504 
0.18344 0.362895 2.63911 
3.38314e-13 6.81304e-13 6.76959e-12 
0.0127577 0.0251657 0.1747 
0 0 0 
2.09921e-12 4.15282e-12 3.02009e-11 
$escByGroup
 5.00009e-07 5.00004e-07 5e-07 5e-07 5e-07 1.66825 253.079 113.386 1.63594 5e-07 0.406054 478.485 190.641 5.00008e-07 5.0001e-07 5.00005e-07 5e-07 5.00005e-07 5.0002e-07 5.00006e-07 5e-07 5e-07 5e-07 5e-07 97.3416 109.386 5.00023e-07 5e-07 5.00025e-07 13.7699 9.80318 5.00017e-07 5.00023e-07 5.00006e-07 5e-07 5.00006e-07 5.00009e-07 5.00004e-07 5e-07 5e-07 5e-07 5e-07 78.9466 1383.94 6.51543 5e-07 5.00008e-07 282.221 420.013 5.00007e-07 5.00008e-07 5.00004e-07 0.362913 5.00005e-07 5.00005e-07 5.00003e-07 5e-07 5e-07 4.99987e-07 2.24063 264.472 69.0781 1.47068 4.99986e-07 9.72598 632.593 153.676 0.422792 5.00005e-07 0.938869 5e-07 5.00003e-07 5.00009e-07 5.00003e-07 5e-07 5e-07 4.99994e-07 5e-07 73.6078 404.344 2.84747 4.99994e-07 0.209897 444.316 117.957 1.16502 5.00009e-07 0.054995 5e-07 5.00003e-07
$catchByGroup
2.06068e-12 7.8795e-12 0 0 1.35185e-11 0.0977231 117.256 64.8127 0.645115 1.35185e-11 0.023786 221.691 108.973 1.28132e-11 2.39485e-12 8.48562e-12 0 8.17866e-12 5.31827e-12 1.22562e-11 0 0 1.41955e-11 0 50.5661 70.1568 4.15065e-11 1.41955e-11 6.61692e-12 7.15308 6.28749 2.98608e-11 5.93667e-12 1.25874e-11 0 1.13471e-11 2.53468e-12 9.3795e-12 0 0 1.40016e-11 0 50.0461 1110.19 3.46046 1.40016e-11 2.46617e-12 178.907 336.932 1.56451e-11 2.46617e-12 9.74025e-12 0.291127 9.77817e-12 1.50058e-13 2.00991e-12 0 0 1.97426e-11 0.0167602 43.9165 19.7245 0.172158 2.11329e-11 0.0727514 105.044 43.8806 0.0494919 1.50058e-13 0.155902 0 1.46923e-12 3.46182e-13 3.14826e-12 0 0 9.45307e-12 0 17.0754 178.72 0.448354 8.5937e-12 0.00197805 103.072 52.1371 0.18344 3.38314e-13 0.0127577 0 2.09921e-12 
3.17975e-13 1.37294e-12 0 0 3.3525e-12 0.0150792 20.431 11.563 0.110553 3.3525e-12 0.00367031 38.6279 19.4415 2.1958e-12 3.69539e-13 1.47855e-12 0 1.40158e-12 5.27143e-13 1.40248e-12 0 0 2.45674e-12 0 5.78629 8.25488 4.65735e-12 2.45674e-12 6.55864e-13 0.81853 0.739806 3.35061e-12 5.88438e-13 1.44038e-12 0 1.27323e-12 5.13216e-13 2.18582e-12 0 0 4.82619e-12 0 11.6629 265.809 0.791196 4.82619e-12 4.99346e-13 41.6929 80.6707 3.57707e-12 4.99346e-13 2.26989e-12 0.0697037 2.23567e-12 3.90736e-12 3.51987e-11 0 0 1.4203e-10 0.436419 769.091 321.525 3.17434 1.52032e-10 1.89438 1839.6 715.29 0.91256 3.90736e-12 2.73025 0 2.70906e-11 6.97148e-13 6.21023e-12 0 0 1.74627e-11 0 33.6828 351.094 0.886967 1.58752e-11 0.00398343 203.318 102.423 0.362895 6.81304e-13 0.0251657 0 4.15282e-12 
3.57324e-14 1.57371e-13 0 0 4.09939e-13 0.00169453 2.34187 1.33067 0.012637 4.09939e-13 0.000412451 4.42767 2.23733 2.50994e-13 4.15269e-14 1.69477e-13 0 1.60209e-13 1.26419e-13 3.40437e-13 0 0 6.20467e-13 0 1.40456 2.00866 1.12861e-12 6.20467e-13 1.57288e-13 0.198689 0.180017 8.11949e-13 1.41119e-13 3.49638e-13 0 3.08541e-13 1.25154e-14 5.52098e-14 0 0 1.36563e-13 0 0.294582 6.76119 0.0198864 1.36563e-13 1.21772e-14 1.05308 2.05196 8.99081e-14 1.21772e-14 5.73333e-14 0.001773 5.61926e-14 2.66143e-13 3.52032e-12 0 0 3.32118e-11 0.0297259 76.9188 34.4605 0.302059 3.55507e-11 0.129032 183.983 76.6635 0.0868359 2.66143e-13 0.27306 0 2.57784e-12 6.92703e-12 4.31114e-11 0 0 5.48713e-11 0 233.826 2284.71 6.45037 4.9883e-11 0.0395802 1411.43 666.504 2.63911 6.76959e-12 0.1747 0 3.02009e-11 
$Fmort
 0.357237 0.384928 0.320479
#ESTIMATED_PARAMETERS
$availability
1.38912 1.54733 1.72003 0.152101 0.191551 
0.194249 0.138378 0.314342 3.99361 0.359421 
0.0261198 0.0397677 0.00914573 0.301431 4.62427 
$selectivity
 0.113605 0.713801 0.834786 0.629562 2.70825
$RunSize
 3.75927e-11 2.64165e-11 0 0 1.82883e-11 1.78275 393.108 191.092 2.40424 1.82883e-11 0.433923 743.232 321.293 4.77529e-11 4.36888e-11 2.84485e-11 0 3.04806e-11 8.73776e-11 3.75927e-11 0 0 1.82883e-11 0 155.099 189.806 1.41227e-10 1.82883e-11 1.08714e-10 21.9402 17.0105 1.01602e-10 9.75378e-11 3.86087e-11 0 3.86087e-11 3.75927e-11 2.64165e-11 0 0 1.72723e-11 0 140.95 2766.69 10.787 1.72723e-11 3.65767e-11 503.874 839.667 4.87689e-11 3.65767e-11 2.74325e-11 0.725516 3.04806e-11 2.43844e-11 5.2833e-11 0 0 1.44275e-10 2.72353 1154.4 444.788 5.11924 1.54435e-10 11.8221 2761.22 989.51 1.47168 2.43844e-11 4.09808 0 4.36888e-11 4.47048e-11 6.60412e-11 0 0 5.5881e-11 0 358.192 3218.87 10.6332 5.08009e-11 0.255438 2162.14 939.021 4.35046 4.36888e-11 0.267618 0 4.97849e-11
