$ndistricts
3
$ngroups
90
$nstocks
5
$nagecomps
18
$AgeCompLabels
 0.1 0.2 0.3 0.4 0.5 1.1 1.2 1.3 1.4 1.5 2.1 2.2 2.3 2.4 3.1 3.2 3.3 3.4
$navailpar
15
$nselectpar
5
$GENdata
-1
$maxGradient
0.000212483
#LIKELIHOOD_VALUES_AND_PENALTIES
$totalNLL
-73305.8
$NLLcatch
-61163.9
$NLLescape
-28266.3
$NLLagecompCatch
8878.5
$NLLagecompEsc
7245.92
$NLLgenetics
0
$NLLselOne
4.04418e-07
$NLLavailOne
2.2306e-05
$NLLextra
5.39945e-10
#OBSERVED_AND_PREDICTED_VALUES
$predEsc
 1124.53 239.011 1161.68 1049.27 1179.19
$obsEsc
 1134.84 239.3 1155.55 1034.63 1185.55
$predCatch
 5005.8 2447.51 1139.19
$obsCatch
 5005.8 2447.51 1139.19
$RunSize
 4.8883e-11 1.77054 0 0 4.74017e-11 48.2582 1505.67 704.076 2.88772 4.36984e-11 13.6531 144.699 228.224 9.92472e-11 4.96236e-11 7.11025e-11 0 0 2.06642e-10 1.31095e-10 0 0 2.02938e-10 0 382.842 179.538 3.61438e-10 2.08123e-10 2.03679e-10 29.2155 33.9038 4.11802e-10 2.00716e-10 1.3702e-10 0 0 6.3696e-11 8.59155e-11 0 0 5.77708e-11 8.03648 399.495 2158.09 18.7125 5.55488e-11 8.73634 98.2964 1369.13 3.31627 6.22147e-11 8.66561e-11 0 0 4.96236e-11 5.25862e-11 0 0 4.96236e-11 2.56968 284.994 1680.97 3.15517e-10 4.8883e-11 6.07958 608.229 728.277 0.658944 5.03643e-11 5.18456e-11 0.992362 0 6.88805e-11 9.40627e-11 0 0 7.99903e-11 20.6356 260.194 1860.62 5.65703 7.11025e-11 2.83964 190.503 353.485 0.931466 7.11025e-11 9.48033e-11 0 0
$SSageCompEsc
 1774 88.5 1377 1563 1230
$obsAgeCompEsc
0 0.00108393 0 0 0 0.0426532 0.567967 0.232927 0.0012516 0 0.0120674 0.0671726 0.0748765 0 0 0 0 0 
0 0 0 0 0 0 0.601116 0.250188 0 0 0 0.102692 0.0460043 0 0 0 0 0 
0 0 0 0 0 0.0069471 0.114354 0.508625 0.00648366 0 0.00755208 0.0401793 0.314618 0.00124078 0 0 0 0 
0 0 0 0 0 0.00247186 0.124902 0.514856 0 0 0.00584815 0.163541 0.186921 0.0005756 0 0 0.000884712 0 
0 0 0 0 0 0.0174065 0.115576 0.670372 0.00107853 0 0.00239529 0.0672063 0.125384 0.000581315 0 0 0 0 
$predAgeCompEsc
4.34483e-14 0.00067677 0 0 4.21315e-14 0.042893 0.575525 0.235823 0.00119646 3.88399e-14 0.0121352 0.0553095 0.0764413 4.11207e-14 4.41066e-14 2.71781e-14 0 0 
8.64109e-13 2.1945e-13 0 0 8.48617e-13 0 0.640867 0.26095 6.59703e-13 8.70297e-13 8.5172e-13 0.048906 0.0492774 7.51629e-13 8.39332e-13 2.29369e-13 0 0 
5.47975e-14 2.45731e-14 0 0 4.96997e-14 0.00691377 0.114261 0.51159 0.00598297 4.77882e-14 0.00751586 0.0281142 0.324561 0.00106032 5.35232e-14 2.47849e-14 0 0 
4.72683e-14 1.80682e-14 0 0 4.72679e-14 0.00244771 0.097922 0.477462 1.21032e-13 4.65625e-14 0.00579102 0.208983 0.206859 0.00025277 4.79738e-14 1.78138e-14 0.00028187 0 
5.83916e-14 3.85328e-14 0 0 6.78093e-14 0.0174933 0.106589 0.666019 0.00250736 6.02749e-14 0.00240723 0.0780397 0.126532 0.000412854 6.02752e-14 3.88362e-14 0 0 
$SSageCompCatch
 3360 3676 481
$obsAgeCompCatch
0 0 0 0 0 0 0.272434 0.466153 0.00205426 0 0 0.0243491 0.234596 0.000414283 0 0 0 0 
0 0 0.000369604 0 0 0 0.0861532 0.50889 0.000860949 0 0 0.167028 0.236698 0 0 0 0 0 
0 0 0.00490196 0 0 0 0.0719988 0.668818 0.00490196 0 0 0.112911 0.136469 0 0 0 0 0 
$predAgeCompCatch
3.4485e-17 0.000187977 0 0 3.38446e-17 5.67295e-06 0.261753 0.4594 0.00253911 3.36586e-17 2.36103e-06 0.0441034 0.231584 0.000407294 3.38093e-17 3.64024e-14 1.79292e-05 0 
1.33323e-17 2.6227e-05 0 0 1.35617e-17 1.40329e-06 0.104798 0.52748 0.000583638 1.32325e-17 1.45624e-06 0.142123 0.224522 0.000229179 1.34563e-17 1.83876e-14 0.000235078 0 
1.72589e-17 3.7992e-06 0 0 2.00737e-17 4.89961e-06 0.0920618 0.688566 0.00163806 1.79766e-17 7.73655e-07 0.074151 0.143262 0.000283643 1.77747e-17 3.11953e-14 2.76481e-05 0 
$genSS
 0 0 0
$obsGenComp     #GeneticFracData
-1 -1 -1 -1 -1 
-1 -1 -1 -1 -1 
-1 -1 -1 -1 -1 
$predGenComp     #catchGenComp_pred
0 0 0 0 0 
0 0 0 0 0 
0 0 0 0 0 
#PARAMETERS_OF_INTEREST
$catchByGroup
2.26321e-14 1.10264e-15 7.30787e-17 
0.940975 0.0641909 0.00432801 
0 0 0 
0 0 0 
2.22186e-14 1.0825e-15 7.1744e-17 
0.0223428 0.00108855 7.21447e-05 
800.205 54.5879 3.68054 
407.846 29.0738 1.96504 
1.4403 0.0955349 0.00643155 
2.04828e-14 9.9793e-16 6.6139e-17 
0.00632119 0.00030797 2.04111e-05 
76.9019 5.24605 0.35371 
132.202 9.42419 0.636964 
4.95011e-11 3.28341e-12 2.21044e-13 
2.2975e-14 1.11935e-15 7.41859e-17 
3.77882e-11 2.57781e-12 1.73807e-13 
0 0 0 
0 0 0 
1.06565e-13 3.3205e-15 4.70338e-16 
7.4753e-11 3.40373e-12 4.87585e-13 
0 0 0 
0 0 0 
1.05954e-13 3.30148e-15 4.67644e-16 
0 0 0 
218.304 9.94003 1.42391 
111.093 5.31331 0.762347 
1.93977e-10 8.55932e-12 1.2249e-12 
1.08661e-13 3.38582e-15 4.79591e-16 
1.05037e-13 3.27289e-15 4.63595e-16 
16.6592 0.758546 0.108662 
20.9786 1.00336 0.143961 
2.21007e-10 9.75201e-12 1.39558e-12 
1.0351e-13 3.22529e-15 4.56852e-16 
7.81317e-11 3.55757e-12 5.09623e-13 
0 0 0 
0 0 0 
3.65133e-14 2.32504e-15 3.33421e-17 
5.2312e-11 4.98385e-12 7.35947e-14 
0 0 0 
0 0 0 
3.35278e-14 2.13494e-15 3.0616e-17 
0.00460686 0.000293349 4.20676e-06 
243.244 23.1742 0.342205 
1419.32 142.36 2.11089 
10.7561 0.991515 0.0146034 
3.22382e-14 2.05282e-15 2.94385e-17 
0.00500805 0.000318895 4.5731e-06 
59.8505 5.70205 0.0842001 
900.438 90.3155 1.33918 
1.90622 0.175719 0.00258805 
3.56642e-14 2.27097e-15 3.25667e-17 
5.2763e-11 5.02682e-12 7.42292e-14 
0 0 0 
0 0 0 
2.51615e-15 2.30079e-14 8.56121e-16 
4.189e-12 2.79742e-11 1.46448e-12 
0 0 0 
0 0 0 
2.54739e-15 2.32934e-14 8.6675e-16 
0.000130295 0.00119143 4.43329e-05 
22.7026 151.608 7.93684 
152.028 974.605 53.3522 
2.29813e-11 1.57526e-10 8.0151e-12 
2.50937e-15 2.29458e-14 8.53813e-16 
0.000308264 0.00281878 0.000104887 
48.4513 323.559 16.9386 
65.8659 422.245 23.1147 
0.0479955 0.328985 0.0167392 
2.55371e-15 2.33513e-14 8.68899e-16 
4.13e-12 2.75802e-11 1.44385e-12 
0.08975 0.575358 0.0314965 
0 0 0 
4.3984e-15 2.87484e-15 1.82283e-14 
9.33697e-12 6.21256e-12 3.30755e-11 
0 0 0 
0 0 0 
5.17123e-15 3.37998e-15 2.14311e-14 
0.0013177 0.00086126 0.00546092 
25.8277 17.185 91.4925 
209.378 139.662 726.219 
0.513918 0.341412 1.84503 
4.59665e-15 3.00442e-15 1.90499e-14 
0.000181327 0.000118517 0.000751471 
18.91 12.5822 66.987 
39.778 26.5332 137.968 
0.0846199 0.0562156 0.303796 
4.54028e-15 2.96758e-15 1.88163e-14 
9.41048e-12 6.26148e-12 3.33359e-11 
0 0 0 
0 0 0 
$escByGroup
 5.00012e-07 0.761051 5e-07 5e-07 5.00012e-07 48.2347 647.197 265.191 1.34546 5.00011e-07 13.6465 62.1975 85.9609 5.00012e-07 5.00012e-07 5.00008e-07 5e-07 5e-07 5.00052e-07 5.00013e-07 5e-07 5e-07 5.00051e-07 5e-07 153.174 62.3697 5.00039e-07 5.00052e-07 5.00051e-07 11.6891 11.7778 5.00045e-07 5.0005e-07 5.00014e-07 5e-07 5e-07 5.00016e-07 5.00007e-07 5e-07 5e-07 5.00014e-07 8.03158 132.735 594.303 6.95028 5.00014e-07 8.73101 32.6596 377.036 1.23175 5.00016e-07 5.00007e-07 5e-07 5e-07 5.00012e-07 5.00005e-07 5e-07 5e-07 5.00012e-07 2.56832 102.747 500.988 5.00032e-07 5.00012e-07 6.07635 219.28 217.051 0.265224 5.00013e-07 5.00005e-07 0.295758 5e-07 5.00017e-07 5.00011e-07 5e-07 5e-07 5.0002e-07 20.6279 125.689 785.366 2.95667 5.00018e-07 2.83859 92.0239 149.205 0.486834 5.00018e-07 5.00011e-07 5e-07 5e-07
$catchByGroup
2.26321e-14 0.940975 0 0 2.22186e-14 0.0223428 800.205 407.846 1.4403 2.04828e-14 0.00632119 76.9019 132.202 4.95011e-11 2.2975e-14 3.77882e-11 0 0 1.06565e-13 7.4753e-11 0 0 1.05954e-13 0 218.304 111.093 1.93977e-10 1.08661e-13 1.05037e-13 16.6592 20.9786 2.21007e-10 1.0351e-13 7.81317e-11 0 0 3.65133e-14 5.2312e-11 0 0 3.35278e-14 0.00460686 243.244 1419.32 10.7561 3.22382e-14 0.00500805 59.8505 900.438 1.90622 3.56642e-14 5.2763e-11 0 0 2.51615e-15 4.189e-12 0 0 2.54739e-15 0.000130295 22.7026 152.028 2.29813e-11 2.50937e-15 0.000308264 48.4513 65.8659 0.0479955 2.55371e-15 4.13e-12 0.08975 0 4.3984e-15 9.33697e-12 0 0 5.17123e-15 0.0013177 25.8277 209.378 0.513918 4.59665e-15 0.000181327 18.91 39.778 0.0846199 4.54028e-15 9.41048e-12 0 0 
1.10264e-15 0.0641909 0 0 1.0825e-15 0.00108855 54.5879 29.0738 0.0955349 9.9793e-16 0.00030797 5.24605 9.42419 3.28341e-12 1.11935e-15 2.57781e-12 0 0 3.3205e-15 3.40373e-12 0 0 3.30148e-15 0 9.94003 5.31331 8.55932e-12 3.38582e-15 3.27289e-15 0.758546 1.00336 9.75201e-12 3.22529e-15 3.55757e-12 0 0 2.32504e-15 4.98385e-12 0 0 2.13494e-15 0.000293349 23.1742 142.36 0.991515 2.05282e-15 0.000318895 5.70205 90.3155 0.175719 2.27097e-15 5.02682e-12 0 0 2.30079e-14 2.79742e-11 0 0 2.32934e-14 0.00119143 151.608 974.605 1.57526e-10 2.29458e-14 0.00281878 323.559 422.245 0.328985 2.33513e-14 2.75802e-11 0.575358 0 2.87484e-15 6.21256e-12 0 0 3.37998e-15 0.00086126 17.185 139.662 0.341412 3.00442e-15 0.000118517 12.5822 26.5332 0.0562156 2.96758e-15 6.26148e-12 0 0 
7.30787e-17 0.00432801 0 0 7.1744e-17 7.21447e-05 3.68054 1.96504 0.00643155 6.6139e-17 2.04111e-05 0.35371 0.636964 2.21044e-13 7.41859e-17 1.73807e-13 0 0 4.70338e-16 4.87585e-13 0 0 4.67644e-16 0 1.42391 0.762347 1.2249e-12 4.79591e-16 4.63595e-16 0.108662 0.143961 1.39558e-12 4.56852e-16 5.09623e-13 0 0 3.33421e-17 7.35947e-14 0 0 3.0616e-17 4.20676e-06 0.342205 2.11089 0.0146034 2.94385e-17 4.5731e-06 0.0842001 1.33918 0.00258805 3.25667e-17 7.42292e-14 0 0 8.56121e-16 1.46448e-12 0 0 8.6675e-16 4.43329e-05 7.93684 53.3522 8.0151e-12 8.53813e-16 0.000104887 16.9386 23.1147 0.0167392 8.68899e-16 1.44385e-12 0.0314965 0 1.82283e-14 3.30755e-11 0 0 2.14311e-14 0.00546092 91.4925 726.219 1.84503 1.90499e-14 0.000751471 66.987 137.968 0.303796 1.88163e-14 3.33359e-11 0 0 
$Fmort
 0.333369 0.116124 0.057235
#ESTIMATED_PARAMETERS
$availability
1.38912 1.54733 1.72003 0.152101 0.191551 
0.194249 0.138378 0.314342 3.99361 0.359421 
0.0261198 0.0397677 0.00914573 0.301431 4.62427 
$selectivity
 0.001 1.63712 1.86951 1.49146 0.00101242
$RunSize
 4.8883e-11 1.77054 0 0 4.74017e-11 48.2582 1505.67 704.076 2.88772 4.36984e-11 13.6531 144.699 228.224 9.92472e-11 4.96236e-11 7.11025e-11 0 0 2.06642e-10 1.31095e-10 0 0 2.02938e-10 0 382.842 179.538 3.61438e-10 2.08123e-10 2.03679e-10 29.2155 33.9038 4.11802e-10 2.00716e-10 1.3702e-10 0 0 6.3696e-11 8.59155e-11 0 0 5.77708e-11 8.03648 399.495 2158.09 18.7125 5.55488e-11 8.73634 98.2964 1369.13 3.31627 6.22147e-11 8.66561e-11 0 0 4.96236e-11 5.25862e-11 0 0 4.96236e-11 2.56968 284.994 1680.97 3.15517e-10 4.8883e-11 6.07958 608.229 728.277 0.658944 5.03643e-11 5.18456e-11 0.992362 0 6.88805e-11 9.40627e-11 0 0 7.99903e-11 20.6356 260.194 1860.62 5.65703 7.11025e-11 2.83964 190.503 353.485 0.931466 7.11025e-11 9.48033e-11 0 0
