$ndistricts
3
$ngroups
90
$nstocks
5
$nagecomps
18
$AgeCompLabels
 0.1 0.2 0.3 0.4 0.5 1.1 1.2 1.3 1.4 1.5 2.1 2.2 2.3 2.4 3.1 3.2 3.3 3.4
$navailpar
15
$nselectpar
5
$GENdata
-1
$maxGradient
0.000288354
#LIKELIHOOD_VALUES_AND_PENALTIES
$totalNLL
-153845
$NLLcatch
-27388.5
$NLLescape
-134539
$NLLagecompCatch
3124.85
$NLLagecompEsc
4957.26
$NLLgenetics
0
$NLLselOne
2.77442e-17
$NLLavailOne
2.2306e-05
$NLLextra
5.79956e-10
#OBSERVED_AND_PREDICTED_VALUES
$predEsc
 13072.6 104.276 2040.96 1217.38 436.668
$obsEsc
 13140.5 100.48 2026.69 1173.84 429.336
$predCatch
 3085.42 964.024 14.558
$obsCatch
 3085.42 964.024 14.558
$RunSize
 2.51017e-10 1.89425e-10 0 0 0 0 356.873 39.7343 2.06856e-10 1.41778e-10 43.6701 14609.7 664.564 2.2545e-10 2.46368e-10 17.5863 0 2.05694e-10 3.13771e-11 3.37013e-11 0 0 0 1.67995 33.1547 72.5099 2.90529e-11 3.48634e-11 0 9.17474 18.9345 3.25392e-11 2.78907e-11 3.71877e-11 0 3.25392e-11 7.66995e-11 7.66995e-11 0 0 0 2.87408 289.044 244.793 7.78617e-11 8.1348e-11 16.0205 1233.36 921.848 8.48343e-11 7.66995e-11 2.07326 0 7.43753e-11 4.99709e-11 4.64846e-11 0 0 0 0 17.0691 62.0069 4.76467e-11 3.71877e-11 3.1081 466.246 983.407 8.05937 4.88088e-11 339.429 8.68348 4.76467e-11 1.51075e-11 1.27833e-11 0 0 0 0 168.899 1.41392 1.39454e-11 1.16211e-11 0 276.264 22.5564 0.160919 1.51075e-11 1.04565 0 1.39454e-11
$SSageCompEsc
 2471 167 1259 1083 1442
$obsAgeCompEsc
0 0 0 0 0 0 0.0156137 0.00188088 0 0 0.00341769 0.941034 0.0371086 0 0 0.000944663 0 0 
0 0 0 0 0 0.0135436 0.257423 0.51708 0 0 0 0.0743071 0.137647 0 0 0 0 0 
0 0 0 0 0 0.000764843 0.101111 0.0795755 0 0 0.00790217 0.492619 0.317263 0 0 0.000764843 0 0 
0 0 0 0 0 0 0.0108303 0.0268612 0 0 0.0027272 0.307862 0.506925 0.00507137 0 0.13499 0.00473233 0 
0 0 0 0 0 0 0.357188 0.00257754 0 0 0 0.588257 0.0493909 0.000383156 0 0.00220313 0 0 
$predAgeCompEsc
1.86686e-14 1.2085e-14 0 0 0 0 0.022768 0.00230084 1.35322e-14 6.31356e-15 0.00324783 0.932079 0.0384821 1.47486e-14 1.83229e-14 0.00112198 0 1.34562e-14 
2.919e-13 2.65875e-13 0 0 0 0.0156285 0.261563 0.51575 2.35446e-13 1.87763e-13 0 0.0723809 0.134678 2.63699e-13 2.59467e-13 2.93379e-13 0 2.63699e-13 
3.62584e-14 2.9779e-14 0 0 0 0.00135867 0.112223 0.0837598 3.12264e-14 1.95523e-14 0.00757341 0.478856 0.315424 3.40228e-14 3.62584e-14 0.000804953 0 2.98282e-14 
3.89456e-14 2.71571e-14 0 0 0 0 0.00997205 0.030117 2.91871e-14 1.07356e-14 0.00242235 0.272389 0.477644 0.00493696 3.80399e-14 0.1983 0.0042176 2.91871e-14 
3.42139e-14 2.72318e-14 0 0 0 0 0.359801 0.00289663 3.00078e-14 2.13956e-14 0 0.588518 0.0462103 0.000346267 3.42139e-14 0.00222751 0 3.00078e-14 
$SSageCompCatch
 1343 1342 266
$obsAgeCompCatch
0 0 0 0 0 0.000934286 0.0645619 0.0352666 0 0 0 0.755517 0.139196 0 0 0.00327484 0.00124873 0 
0 0 0 0 0 0 0.0208172 0.0398769 0 0 0 0.339425 0.442644 0.00221429 0 0.152807 0.00221429 0 
0 0 0 0 0 0 0.255639 0.0225564 0 0 0 0.56391 0.12406 0 0 0.0338346 0 0 
$predAgeCompCatch
3.18884e-15 1.59797e-14 0 0 0 4.44887e-05 0.0376882 0.0300633 1.45603e-14 3.427e-14 0.000523952 0.791911 0.136713 4.10476e-05 3.11775e-15 0.0029395 7.54832e-05 1.44939e-14 
3.55794e-15 1.86835e-14 0 0 0 1.45529e-05 0.0229838 0.0360568 1.69097e-14 3.71123e-14 0.000328666 0.399832 0.440025 0.00199225 3.48206e-15 0.0953447 0.00342226 1.68513e-14 
4.31435e-15 2.33944e-14 0 0 0 4.30384e-06 0.232927 0.0139853 2.17427e-14 5.85405e-14 0.000102817 0.529125 0.190253 0.00080447 4.28613e-15 0.0316288 0.00116938 2.17621e-14 
$genSS
 0 0 0
$obsGenComp     #GeneticFracData
-1 -1 -1 -1 -1 
-1 -1 -1 -1 -1 
-1 -1 -1 -1 -1 
$predGenComp     #catchGenComp_pred
0 0 0 0 0 
0 0 0 0 0 
0 0 0 0 0 
#PARAMETERS_OF_INTEREST
$catchByGroup
6.36135e-12 6.02528e-13 4.4128e-15 
2.85452e-11 2.87468e-12 2.11885e-14 
0 0 0 
0 0 0 
0 0 0 
0 0 0 
53.7787 5.41585 0.0399188 
8.73637 0.913024 0.0067562 
2.72198e-11 2.71447e-12 1.9987e-14 
5.31031e-11 6.09435e-12 4.55599e-14 
1.1067 0.104823 0.000767706 
2201.6 221.715 1.6342 
146.118 15.2705 0.112999 
2.96665e-11 2.95846e-12 2.17836e-14 
6.24355e-12 5.9137e-13 4.33108e-15 
2.65015 0.266887 0.00196716 
0 0 0 
2.70669e-11 2.69922e-12 1.98747e-14 
8.84443e-13 5.36717e-14 8.39811e-16 
5.60613e-12 3.65141e-13 5.73929e-15 
0 0 0 
0 0 0 
0 0 0 
0.0473536 0.00287361 4.49639e-05 
5.5152 0.359219 0.00564621 
17.52 1.19088 0.0187705 
4.22518e-12 2.72105e-13 4.27382e-15 
1.4193e-11 1.0743e-12 1.70556e-14 
0 0 0 
1.5262 0.099405 0.00156245 
4.575 0.310976 0.00490154 
4.7322e-12 3.04757e-13 4.78668e-15 
7.86172e-13 4.77082e-14 7.46499e-16 
6.18607e-12 4.02915e-13 6.33301e-15 
0 0 0 
4.7322e-12 3.04757e-13 4.78668e-15 
2.39947e-12 2.97708e-13 4.72122e-16 
1.40441e-11 1.87476e-12 3.00415e-15 
0 0 0 
0 0 0 
0 0 0 
0.0899127 0.0111557 1.76914e-05 
52.9256 7.06506 0.0113212 
64.7907 9.03767 0.014575 
1.24804e-11 1.64671e-12 2.63429e-15 
3.58504e-11 5.58302e-12 9.15407e-15 
0.501184 0.0621832 9.86138e-05 
225.834 30.1468 0.0483077 
243.99 34.0343 0.0548869 
1.35981e-11 1.79417e-12 2.8702e-15 
2.39947e-12 2.97708e-13 4.72122e-16 
0.379625 0.0506764 8.12048e-05 
0 0 0 
1.19216e-11 1.57297e-12 2.51634e-15 
1.40252e-13 2.409e-12 1.01369e-14 
8.2396e-13 1.25402e-11 5.997e-14 
0 0 0 
0 0 0 
0 0 0 
0 0 0 
0.302557 4.60473 0.0220209 
1.66307 23.5585 0.121564 
7.30413e-13 1.13314e-11 5.31016e-14 
1.8626e-12 2.21181e-11 1.37675e-13 
0.00872341 0.149835 0.000630497 
8.26442 125.779 0.601507 
26.3757 373.629 1.92796 
0.123548 1.91669 0.00898206 
1.3699e-13 2.35298e-12 9.90116e-15 
6.01653 91.5678 0.437899 
0.232897 3.29915 0.0170239 
7.30413e-13 1.13314e-11 5.31016e-14 
5.33799e-14 6.703e-14 4.69466e-14 
2.847e-13 3.56638e-13 2.50674e-13 
0 0 0 
0 0 0 
0 0 0 
0 0 0 
3.76161 4.71209 3.31204 
0.0475908 0.0595276 0.0419324 
2.68689e-13 3.36713e-13 2.36534e-13 
7.28207e-13 9.07373e-13 6.42788e-13 
0 0 0 
6.15277 7.70745 5.41743 
0.759222 0.949651 0.668953 
0.00310047 0.00388542 0.00272942 
5.33799e-14 6.703e-14 4.69466e-14 
0.0232879 0.0291723 0.0205047 
0 0 0 
2.68689e-13 3.36713e-13 2.36534e-13 
$escByGroup
 5.00061e-07 5.00039e-07 5e-07 5e-07 5e-07 5e-07 297.638 30.0781 5.00044e-07 5.00021e-07 42.4578 12184.7 503.063 5.00048e-07 5.0006e-07 14.6673 5e-07 5.00044e-07 5.00008e-07 5.00007e-07 5e-07 5e-07 5e-07 1.62967 27.2747 53.7803 5.00006e-07 5.00005e-07 5e-07 7.54758 14.0437 5.00007e-07 5.00007e-07 5.00008e-07 5e-07 5.00007e-07 5.00019e-07 5.00015e-07 5e-07 5e-07 5e-07 2.773 229.042 170.95 5.00016e-07 5.0001e-07 15.457 977.326 643.769 5.00017e-07 5.00019e-07 1.64288 5e-07 5.00015e-07 5.00012e-07 5.00008e-07 5e-07 5e-07 5e-07 5e-07 12.1398 36.6638 5.00009e-07 5.00003e-07 2.94891 331.601 581.474 6.01015 5.00012e-07 241.406 5.13441 5.00009e-07 5.00004e-07 5.00003e-07 5e-07 5e-07 5e-07 5e-07 157.114 1.26487 5.00003e-07 5.00002e-07 5e-07 256.987 20.1786 0.151204 5.00004e-07 0.972681 5e-07 5.00003e-07
$catchByGroup
6.36135e-12 2.85452e-11 0 0 0 0 53.7787 8.73637 2.72198e-11 5.31031e-11 1.1067 2201.6 146.118 2.96665e-11 6.24355e-12 2.65015 0 2.70669e-11 8.84443e-13 5.60613e-12 0 0 0 0.0473536 5.5152 17.52 4.22518e-12 1.4193e-11 0 1.5262 4.575 4.7322e-12 7.86172e-13 6.18607e-12 0 4.7322e-12 2.39947e-12 1.40441e-11 0 0 0 0.0899127 52.9256 64.7907 1.24804e-11 3.58504e-11 0.501184 225.834 243.99 1.35981e-11 2.39947e-12 0.379625 0 1.19216e-11 1.40252e-13 8.2396e-13 0 0 0 0 0.302557 1.66307 7.30413e-13 1.8626e-12 0.00872341 8.26442 26.3757 0.123548 1.3699e-13 6.01653 0.232897 7.30413e-13 5.33799e-14 2.847e-13 0 0 0 0 3.76161 0.0475908 2.68689e-13 7.28207e-13 0 6.15277 0.759222 0.00310047 5.33799e-14 0.0232879 0 2.68689e-13 
6.02528e-13 2.87468e-12 0 0 0 0 5.41585 0.913024 2.71447e-12 6.09435e-12 0.104823 221.715 15.2705 2.95846e-12 5.9137e-13 0.266887 0 2.69922e-12 5.36717e-14 3.65141e-13 0 0 0 0.00287361 0.359219 1.19088 2.72105e-13 1.0743e-12 0 0.099405 0.310976 3.04757e-13 4.77082e-14 4.02915e-13 0 3.04757e-13 2.97708e-13 1.87476e-12 0 0 0 0.0111557 7.06506 9.03767 1.64671e-12 5.58302e-12 0.0621832 30.1468 34.0343 1.79417e-12 2.97708e-13 0.0506764 0 1.57297e-12 2.409e-12 1.25402e-11 0 0 0 0 4.60473 23.5585 1.13314e-11 2.21181e-11 0.149835 125.779 373.629 1.91669 2.35298e-12 91.5678 3.29915 1.13314e-11 6.703e-14 3.56638e-13 0 0 0 0 4.71209 0.0595276 3.36713e-13 9.07373e-13 0 7.70745 0.949651 0.00388542 6.703e-14 0.0291723 0 3.36713e-13 
4.4128e-15 2.11885e-14 0 0 0 0 0.0399188 0.0067562 1.9987e-14 4.55599e-14 0.000767706 1.6342 0.112999 2.17836e-14 4.33108e-15 0.00196716 0 1.98747e-14 8.39811e-16 5.73929e-15 0 0 0 4.49639e-05 0.00564621 0.0187705 4.27382e-15 1.70556e-14 0 0.00156245 0.00490154 4.78668e-15 7.46499e-16 6.33301e-15 0 4.78668e-15 4.72122e-16 3.00415e-15 0 0 0 1.76914e-05 0.0113212 0.014575 2.63429e-15 9.15407e-15 9.86138e-05 0.0483077 0.0548869 2.8702e-15 4.72122e-16 8.12048e-05 0 2.51634e-15 1.01369e-14 5.997e-14 0 0 0 0 0.0220209 0.121564 5.31016e-14 1.37675e-13 0.000630497 0.601507 1.92796 0.00898206 9.90116e-15 0.437899 0.0170239 5.31016e-14 4.69466e-14 2.50674e-13 0 0 0 0 3.31204 0.0419324 2.36534e-13 6.42788e-13 0 5.41743 0.668953 0.00272942 4.69466e-14 0.0205047 0 2.36534e-13 
$Fmort
 0.15084 0.100992 0.00549405
#ESTIMATED_PARAMETERS
$availability
1.38912 1.54733 1.72003 0.152101 0.191551 
0.194249 0.138378 0.314342 3.99361 0.359421 
0.0261198 0.0397677 0.00914573 0.301431 4.62427 
$selectivity
 0.122505 0.779517 1.18498 0.673344 2.23965
$RunSize
 2.51017e-10 1.89425e-10 0 0 0 0 356.873 39.7343 2.06856e-10 1.41778e-10 43.6701 14609.7 664.564 2.2545e-10 2.46368e-10 17.5863 0 2.05694e-10 3.13771e-11 3.37013e-11 0 0 0 1.67995 33.1547 72.5099 2.90529e-11 3.48634e-11 0 9.17474 18.9345 3.25392e-11 2.78907e-11 3.71877e-11 0 3.25392e-11 7.66995e-11 7.66995e-11 0 0 0 2.87408 289.044 244.793 7.78617e-11 8.1348e-11 16.0205 1233.36 921.848 8.48343e-11 7.66995e-11 2.07326 0 7.43753e-11 4.99709e-11 4.64846e-11 0 0 0 0 17.0691 62.0069 4.76467e-11 3.71877e-11 3.1081 466.246 983.407 8.05937 4.88088e-11 339.429 8.68348 4.76467e-11 1.51075e-11 1.27833e-11 0 0 0 0 168.899 1.41392 1.39454e-11 1.16211e-11 0 276.264 22.5564 0.160919 1.51075e-11 1.04565 0 1.39454e-11
