$ndistricts
3
$ngroups
90
$nstocks
5
$nagecomps
18
$AgeCompLabels
 0.1 0.2 0.3 0.4 0.5 1.1 1.2 1.3 1.4 1.5 2.1 2.2 2.3 2.4 3.1 3.2 3.3 3.4
$navailpar
15
$nselectpar
5
$GENdata
1
$maxGradient
0.000857765
#LIKELIHOOD_VALUES_AND_PENALTIES
$totalNLL
-196789
$NLLcatch
-182318
$NLLescape
-43451.8
$NLLagecompCatch
19024
$NLLagecompEsc
7132.86
$NLLgenetics
2824.06
$NLLselOne
6.75384e-14
$NLLavailOne
0.000232928
$NLLextra
5.19986e-10
#OBSERVED_AND_PREDICTED_VALUES
$predEsc
 2255.36 968.759 1153.85 1189.52 1366.63
$obsEsc
 2266.14 970.818 1169.47 1146.28 1364.34
$predCatch
 8514.94 11527.5 2555.26
$obsCatch
 8514.94 11527.5 2555.26
$RunSize
 5.4067e-11 5.24287e-11 0 0 0 2.8221 1136.92 2873.51 10.4101 5.24287e-11 5.24287e-11 2232.09 131.019 1.39264e-10 5.24287e-11 5.24287e-11 0 4.42367e-11 3.44063e-11 4.25983e-11 0 0 0 1.29976 744.694 1464.18 131.351 4.91519e-11 3.44063e-11 76.9324 22.1966 9.66653e-11 3.44063e-11 3.93215e-11 0 3.93215e-11 2.94911e-11 4.25983e-11 0 0 0 48.4629 1213.27 1538.05 281.331 6.55358e-11 10.1412 868.06 572.218 19.8631 2.94911e-11 0.988137 0 4.58751e-11 3.11295e-11 6.2259e-11 0 0 0 7.62287 491.78 3539.61 20.3718 7.20894e-11 36.7557 6198.51 2310.01 1.10416 2.21164 8.86021 0 6.38974e-11 6.55358e-11 2.94911e-11 0 0 0 64.8048 927.563 1419.09 9.4462 2.12991e-11 1.8307 1063.83 48.5614 2.62143e-11 5.57054e-11 2.94911e-11 0 2.62143e-11
$SSageCompEsc
 1424 932 1389 1360 704
$obsAgeCompEsc
0 0 0 0 0 0.00122976 0.206111 0.33104 0.00107936 0 0 0.44407 0.0164695 0 0 0 0 0 
0 0 0 0 0 0.00132603 0.370507 0.535829 0.0438984 0 0 0.0400175 0.00842289 0 0 0 0 0 
0 0 0 0 0 0.0409857 0.338829 0.229724 0.0321101 0 0.00859633 0.256 0.090412 0.00284249 0 0.00050005 0 0 
0 0 0 0 0 0.00648294 0.0548315 0.146997 0.000484487 0 0.0303825 0.677928 0.0810102 0 0.00188295 0 0 0 
0 0 0 0 0 0.0471084 0.216886 0.345498 0.00315047 0 0.00138643 0.373268 0.0127024 0 0 0 0 0 
$predAgeCompEsc
2.3574e-14 9.26914e-15 0 0 0 0.00123048 0.201002 0.384377 0.0012422 1.54054e-15 2.28597e-14 0.394623 0.0175259 1.66178e-14 2.28597e-14 9.26914e-15 0 5.2786e-15 
3.50357e-14 2.04466e-14 0 0 0 0.00132354 0.357442 0.551263 0.0446874 4.22407e-15 3.50357e-14 0.0369264 0.008357 3.28869e-14 3.50357e-14 1.88737e-14 0 1.33777e-14 
2.51149e-14 1.16639e-14 0 0 0 0.0412713 0.332209 0.249856 0.0346674 -1.03491e-14 0.0086363 0.237686 0.0929564 0.00244766 2.51149e-14 0.000270564 0 5.65301e-15 
2.53679e-14 7.06374e-15 0 0 0 0.00621199 0.055796 0.122079 0.000205244 -9.24312e-15 0.0299528 0.703266 0.0796706 1.11243e-05 0.0018023 0.00100526 0 6.4376e-16 
4.72085e-14 9.01404e-15 0 0 0 0.0466819 0.283512 0.330069 0.00196123 9.35487e-16 0.00131874 0.325162 0.011295 5.44264e-15 4.01272e-14 9.01404e-15 0 5.44264e-15 
$SSageCompCatch
 5779 5074 4205
$obsAgeCompCatch
0 0 0 0 0 5.5727e-05 0.195325 0.485106 0.0337067 0 0 0.216763 0.0676495 0.00139368 0 0 0 0 
0 0 0 0 0 0 0.0557278 0.296003 0.00666959 0 0.000251026 0.457826 0.181957 0.000520849 0 0.00104462 0 0 
0 0 0 0 0 0.000341218 0.220093 0.419367 0.00270411 0 0 0.305524 0.0519708 0 0 0 0 0 
$predAgeCompCatch
2.07654e-16 9.03179e-15 0 0 0 9.03066e-05 0.20029 0.461278 0.0323698 1.75503e-14 2.00906e-05 0.237878 0.066424 0.00155119 1.72581e-07 9.88844e-05 0 1.04476e-14 
9.34766e-17 5.12363e-15 0 0 0 3.48541e-05 0.0556258 0.307648 0.00700866 8.71075e-15 9.61016e-05 0.444761 0.183774 0.000421881 5.62324e-06 0.000623558 0 6.08488e-15 
3.92893e-16 7.24584e-15 0 0 0 0.000382375 0.207726 0.420605 0.0029244 9.68343e-15 2.03687e-05 0.315414 0.0527822 2.28301e-05 5.78393e-07 0.000121456 0 8.15946e-15 
$genSS
 1466 1490 932
$obsGenComp     #GeneticFracData
0.479592 0.142857 0.306122 0.0714286 0 
0.0102041 0.0102041 0.0612245 0.908163 0.0102041 
0 0 0 0.22 0.78 
$predGenComp     #catchGenComp_pred
0.470074 0.159588 0.312027 0.0580943 0.000216872 
0.0110638 0.00976147 0.0642615 0.905248 0.00966554 
0.000476968 0.000191941 0.000343431 0.194676 0.804311 
#PARAMETERS_OF_INTEREST
$catchByGroup
8.80984e-13 1.80352e-14 1.70639e-16 
3.05904e-11 9.2422e-13 8.82023e-15 
0 0 0 
0 0 0 
0 0 0 
0.0459841 0.000941371 8.9067e-06 
663.355 20.0418 0.191267 
1941.05 64.9312 0.621219 
7.35037 0.255665 0.00244846 
4.66379e-11 2.29406e-12 2.21859e-14 
8.54287e-13 1.74887e-14 1.65468e-16 
1302.35 39.3476 0.375511 
88.5031 2.96057 0.0283248 
9.83315e-11 3.42023e-12 3.27549e-14 
8.54287e-13 1.74887e-14 1.65468e-16 
3.05904e-11 9.2422e-13 8.82023e-15 
0 0 0 
3.12347e-11 1.08642e-12 1.04045e-14 
4.39498e-13 2.55024e-14 1.08588e-16 
2.11323e-11 1.65099e-12 7.16644e-15 
0 0 0 
0 0 0 
0 0 0 
0.0166029 0.000963403 4.10213e-06 
369.431 28.8622 0.125282 
857.306 72.5186 0.316539 
80.9666 7.06215 0.0308939 
4.03865e-11 4.65249e-12 2.07993e-14 
4.39498e-13 2.55024e-14 1.08588e-16 
38.1649 2.98168 0.0129426 
12.9965 1.09936 0.00479864 
5.95859e-11 5.19726e-12 2.27358e-14 
4.39498e-13 2.55024e-14 1.08588e-16 
1.95068e-11 1.52399e-12 6.61517e-15 
0 0 0 
2.42383e-11 2.11414e-12 9.24845e-15 
4.26413e-13 8.58521e-14 9.30756e-17 
2.30011e-11 6.13162e-12 7.16643e-15 
0 0 0 
0 0 0 
0 0 0 
0.700726 0.141081 0.000152952 
655.11 174.639 0.204112 
970.974 278.452 0.332509 
186.319 54.9446 0.0661693 
5.62418e-11 2.12075e-11 2.77324e-14 
0.146632 0.0295221 3.20061e-05 
468.712 124.949 0.146036 
361.241 103.595 0.123707 
13.1549 3.87932 0.00467183 
4.26413e-13 8.58521e-14 9.30756e-17 
0.533547 0.142233 0.000166237 
0 0 0 
3.0382e-11 8.95951e-12 1.07899e-14 
2.0684e-14 9.12386e-13 2.08026e-14 
2.1674e-12 4.95096e-11 2.17961e-12 
0 0 0 
0 0 0 
0 0 0 
0.00506501 0.223422 0.00509405 
17.1201 391.072 17.2166 
157.56 3078.4 158.443 
0.984616 18.1529 0.990124 
6.14781e-12 7.07549e-11 6.18152e-12 
0.0244223 1.07729 0.0245623 
215.786 4929.17 217.002 
102.826 2009.01 103.403 
0.0533666 0.983895 0.0536651 
0.00146952 0.0648217 0.00147795 
0.308447 7.04581 0.310185 
0 0 0 
3.08831e-12 5.69378e-11 3.10559e-12 
5.83467e-16 3.57713e-14 9.8277e-13 
1.39936e-14 8.45985e-13 1.63123e-11 
0 0 0 
0 0 0 
0 0 0 
0.000576959 0.0353723 0.971808 
0.440131 26.6081 513.058 
0.865268 52.098 915.044 
0.00626609 0.376677 6.38298 
2.54154e-14 1.5038e-12 1.84915e-11 
1.62988e-05 0.000999249 0.0274531 
0.504789 30.5171 588.429 
0.0296096 1.7828 31.3129 
1.73892e-14 1.04532e-12 1.77135e-11 
4.95947e-16 3.04056e-14 8.35355e-13 
1.39936e-14 8.45985e-13 1.63123e-11 
0 0 0 
1.73892e-14 1.04532e-12 1.77135e-11 
$escByGroup
 5.00013e-07 5.00005e-07 5e-07 5e-07 5e-07 2.77516 453.331 866.908 2.8016 5.00001e-07 5.00013e-07 890.015 39.5271 5.00009e-07 5.00013e-07 5.00005e-07 5e-07 5.00003e-07 5.00008e-07 5.00005e-07 5e-07 5e-07 5e-07 1.28219 346.276 534.042 43.2913 5.00001e-07 5.00008e-07 35.7728 8.09592 5.00008e-07 5.00008e-07 5.00005e-07 5e-07 5.00003e-07 5.00007e-07 5.00003e-07 5e-07 5e-07 5e-07 47.6209 383.319 288.296 40.0009 4.99997e-07 9.96499 274.253 107.258 2.82423 5.00007e-07 0.31219 5e-07 5.00002e-07 5.00008e-07 5.00002e-07 5e-07 5e-07 5e-07 7.38929 66.3704 145.215 0.244141 4.99997e-07 35.6294 836.549 94.7698 0.0132326 2.14387 1.19577 5e-07 5e-07 5.00016e-07 5.00003e-07 5e-07 5e-07 5e-07 63.797 387.457 451.083 2.68028 5e-07 1.80224 444.377 15.4361 5.00002e-07 5.00014e-07 5.00003e-07 5e-07 5.00002e-07
$catchByGroup
8.80984e-13 3.05904e-11 0 0 0 0.0459841 663.355 1941.05 7.35037 4.66379e-11 8.54287e-13 1302.35 88.5031 9.83315e-11 8.54287e-13 3.05904e-11 0 3.12347e-11 4.39498e-13 2.11323e-11 0 0 0 0.0166029 369.431 857.306 80.9666 4.03865e-11 4.39498e-13 38.1649 12.9965 5.95859e-11 4.39498e-13 1.95068e-11 0 2.42383e-11 4.26413e-13 2.30011e-11 0 0 0 0.700726 655.11 970.974 186.319 5.62418e-11 0.146632 468.712 361.241 13.1549 4.26413e-13 0.533547 0 3.0382e-11 2.0684e-14 2.1674e-12 0 0 0 0.00506501 17.1201 157.56 0.984616 6.14781e-12 0.0244223 215.786 102.826 0.0533666 0.00146952 0.308447 0 3.08831e-12 5.83467e-16 1.39936e-14 0 0 0 0.000576959 0.440131 0.865268 0.00626609 2.54154e-14 1.62988e-05 0.504789 0.0296096 1.73892e-14 4.95947e-16 1.39936e-14 0 1.73892e-14 
1.80352e-14 9.2422e-13 0 0 0 0.000941371 20.0418 64.9312 0.255665 2.29406e-12 1.74887e-14 39.3476 2.96057 3.42023e-12 1.74887e-14 9.2422e-13 0 1.08642e-12 2.55024e-14 1.65099e-12 0 0 0 0.000963403 28.8622 72.5186 7.06215 4.65249e-12 2.55024e-14 2.98168 1.09936 5.19726e-12 2.55024e-14 1.52399e-12 0 2.11414e-12 8.58521e-14 6.13162e-12 0 0 0 0.141081 174.639 278.452 54.9446 2.12075e-11 0.0295221 124.949 103.595 3.87932 8.58521e-14 0.142233 0 8.95951e-12 9.12386e-13 4.95096e-11 0 0 0 0.223422 391.072 3078.4 18.1529 7.07549e-11 1.07729 4929.17 2009.01 0.983895 0.0648217 7.04581 0 5.69378e-11 3.57713e-14 8.45985e-13 0 0 0 0.0353723 26.6081 52.098 0.376677 1.5038e-12 0.000999249 30.5171 1.7828 1.04532e-12 3.04056e-14 8.45985e-13 0 1.04532e-12 
1.70639e-16 8.82023e-15 0 0 0 8.9067e-06 0.191267 0.621219 0.00244846 2.21859e-14 1.65468e-16 0.375511 0.0283248 3.27549e-14 1.65468e-16 8.82023e-15 0 1.04045e-14 1.08588e-16 7.16644e-15 0 0 0 4.10213e-06 0.125282 0.316539 0.0308939 2.07993e-14 1.08588e-16 0.0129426 0.00479864 2.27358e-14 1.08588e-16 6.61517e-15 0 9.24845e-15 9.30756e-17 7.16643e-15 0 0 0 0.000152952 0.204112 0.332509 0.0661693 2.77324e-14 3.20061e-05 0.146036 0.123707 0.00467183 9.30756e-17 0.000166237 0 1.07899e-14 2.08026e-14 2.17961e-12 0 0 0 0.00509405 17.2166 158.443 0.990124 6.18152e-12 0.0245623 217.002 103.403 0.0536651 0.00147795 0.310185 0 3.10559e-12 9.8277e-13 1.63123e-11 0 0 0 0.971808 513.058 915.044 6.38298 1.84915e-11 0.0274531 588.429 31.3129 1.77135e-11 8.35355e-13 1.63123e-11 0 1.77135e-11 
$Fmort
 0.590195 0.454545 0.209219
#ESTIMATED_PARAMETERS
$availability
1.84526 1.444 1.63591 0.0746564 0.001 
0.0486565 0.108139 0.425179 4.3384 0.0796258 
0.001 0.001 0.001 0.211809 4.78746 
$selectivity
 0.0150849 0.804166 1.03342 1.12432 2.02301
$RunSize
 5.4067e-11 5.24287e-11 0 0 0 2.8221 1136.92 2873.51 10.4101 5.24287e-11 5.24287e-11 2232.09 131.019 1.39264e-10 5.24287e-11 5.24287e-11 0 4.42367e-11 3.44063e-11 4.25983e-11 0 0 0 1.29976 744.694 1464.18 131.351 4.91519e-11 3.44063e-11 76.9324 22.1966 9.66653e-11 3.44063e-11 3.93215e-11 0 3.93215e-11 2.94911e-11 4.25983e-11 0 0 0 48.4629 1213.27 1538.05 281.331 6.55358e-11 10.1412 868.06 572.218 19.8631 2.94911e-11 0.988137 0 4.58751e-11 3.11295e-11 6.2259e-11 0 0 0 7.62287 491.78 3539.61 20.3718 7.20894e-11 36.7557 6198.51 2310.01 1.10416 2.21164 8.86021 0 6.38974e-11 6.55358e-11 2.94911e-11 0 0 0 64.8048 927.563 1419.09 9.4462 2.12991e-11 1.8307 1063.83 48.5614 2.62143e-11 5.57054e-11 2.94911e-11 0 2.62143e-11
