$ndistricts
3
$ngroups
90
$nstocks
5
$nagecomps
18
$AgeCompLabels
 0.1 0.2 0.3 0.4 0.5 1.1 1.2 1.3 1.4 1.5 2.1 2.2 2.3 2.4 3.1 3.2 3.3 3.4
$navailpar
15
$nselectpar
5
$GENdata
-1
$maxGradient
0.000805702
#LIKELIHOOD_VALUES_AND_PENALTIES
$totalNLL
-131123
$NLLcatch
-92286.7
$NLLescape
-65358.9
$NLLagecompCatch
14657.5
$NLLagecompEsc
11864.8
$NLLgenetics
0
$NLLselOne
4.27458e-15
$NLLavailOne
2.2306e-05
$NLLextra
0.419929
#OBSERVED_AND_PREDICTED_VALUES
$predEsc
 5980.06 159.46 1122.36 1304.3 677.283
$obsEsc
 6065.88 154.21 1061.81 1273.55 686.894
$predCatch
 4986 5356.67 2128.65
$obsCatch
 4986 5356.67 2128.65
$RunSize
 0.827991 0.195548 7.60515 7.59371e-11 2.4107e-11 1.79597e-10 8710.1 574.175 1.43437e-10 1.68749e-11 2.56701 428.494 126.096 9.2812e-11 1.15714e-10 9.04013e-11 0 7.11157e-11 8.31692e-11 4.13435e-10 1.22343e-09 6.02675e-11 2.65177e-11 9.6428e-11 146.364 100.211 1.13303e-10 2.4107e-11 7.35264e-11 22.1326 12.3675 7.95531e-11 6.99103e-11 7.35264e-11 0 6.26782e-11 3.01338e-11 8.07585e-11 1.0366e-10 4.4598e-11 3.09775e-10 0.251595 179.488 1084.5 16.1311 1.79597e-10 7.23838 215.39 926.898 1.07725 3.13391e-11 4.33926e-11 0 4.33926e-11 2.65177e-11 4.21873e-11 5.06247e-11 6.26782e-11 0.0270979 0.501448 1266.49 1902.3 3.03702 0.0270979 7.04682 1678.99 1443.79 6.8705e-11 1.80803e-11 6.34649 0 5.42408e-11 0.282783 1.44764 12.1831 1.12362 0.0671917 0.0699189 717.471 668.73 3.55293 0.0671917 3.40538 522.173 912.175 1.31539 1.08482e-11 0.0531495 0 3.25445e-11
$SSageCompEsc
 2101 88.5 1590 3411 2883
$obsAgeCompEsc
0.000138951 0 0 0 0 0 0.905737 0.0282806 0 0 0.000458995 0.0532215 0.0121625 0 0 0 0 0 
0 0 0 0 0 0 0.601116 0.250188 0 0 0 0.102692 0.0460043 0 0 0 0 0 
0 0 0 0 0 0.000193986 0.0883427 0.386537 0.00689522 0 0.00647937 0.112836 0.398094 0.000622798 0 0 0 0 
0 0 0 0 0 0 0.247385 0.27251 0.000154304 0 0.00482559 0.281178 0.193344 0 0 0.000602129 0 0 
0 0.000688538 0.00346092 0 0 8.78641e-05 0.356808 0.198392 0.000263123 0 0.00454569 0.199482 0.236272 0 0 0 0 0 
$predAgeCompEsc
0.00012926 1.99984e-05 0.000696799 5.76608e-15 -7.10521e-15 2.80375e-14 0.890772 0.052607 1.08915e-14 -4.97365e-15 0.000400744 0.0438215 0.0115532 7.04743e-15 1.80645e-14 9.24523e-15 0 5.39998e-15 
4.84519e-13 1.53792e-12 4.05586e-12 1.64334e-13 -3.13962e-13 5.61761e-13 0.544453 0.332217 3.08947e-13 -2.8542e-13 4.28343e-13 0.0823302 0.0410003 2.1692e-13 4.07277e-13 2.73507e-13 0 1.70907e-13 
2.45938e-14 3.76675e-14 4.14599e-14 1.3546e-14 -3.85174e-13 0.000205341 0.0837173 0.433758 0.00489961 -2.23311e-13 0.00590764 0.100462 0.370722 0.000327199 2.55775e-14 2.02393e-14 0 1.31799e-14 
1.71021e-14 8.14782e-15 6.42993e-15 2.55747e-15 -4.15517e-05 0.0003234 0.244602 0.241614 0.00012392 -4.15516e-05 0.00454471 0.324271 0.183378 2.80339e-15 1.16605e-14 0.00122573 0 2.2132e-15 
0.000360204 0.000623444 0.00352192 0.000105299 -0.000198415 8.90616e-05 0.308988 0.193318 0.000332961 -0.000198415 0.00433772 0.224881 0.263694 0.000123271 1.38182e-14 2.28895e-05 0 3.04989e-15 
$SSageCompCatch
 4700 3665 3148
$obsAgeCompCatch
0 5.1072e-05 0.00121198 0 0 0 0.60318 0.223275 0.0012017 0 0 0.0542597 0.116775 4.5905e-05 0 0 0 0 
0 0 0 0 0 0.000337437 0.260194 0.257555 0.00086436 0 0 0.263324 0.216497 0 0 0.00122869 0 0 
0.00035177 0.000333985 0.0038326 0.000537956 0 0 0.185069 0.250283 0.00144647 0 0 0.210744 0.346351 0.000620748 0 0.00042829 0 0 
$predAgeCompCatch
1.01299e-05 2.88967e-05 0.000748831 1.85229e-05 1.89109e-05 4.38354e-06 0.62674 0.180309 0.00183623 1.89108e-05 0.00014869 0.0677079 0.122216 0.00013772 2.74747e-15 5.59292e-05 0 1.88159e-14 
1.90289e-06 2.63218e-05 0.000330835 2.84127e-05 1.76023e-05 1.42658e-05 0.251344 0.295437 0.000904234 1.76023e-05 0.000218826 0.220571 0.230257 5.72991e-05 8.20174e-16 0.000773433 0 1.15495e-14 
1.55624e-05 0.000383468 0.00363149 0.000379464 4.42955e-05 5.68065e-06 0.240841 0.257379 0.00133214 4.42954e-05 0.000212117 0.180804 0.314311 0.000445498 7.29778e-16 0.00017078 0 1.3623e-14 
$genSS
 0 0 0
$obsGenComp     #GeneticFracData
-1 -1 -1 -1 -1 
-1 -1 -1 -1 -1 
-1 -1 -1 -1 -1 
$predGenComp     #catchGenComp_pred
0 0 0 0 0 
0 0 0 0 0 
0 0 0 0 0 
#PARAMETERS_OF_INTEREST
$catchByGroup
0.0481795 0.00625382 0.000571816 
0.0652554 0.00978763 0.00091281 
2.93979 0.455763 0.0427054 
3.51687e-11 5.74447e-12 5.4235e-13 
2.4107e-11 2.4107e-11 1.83826e-11 
1.04505e-11 1.3565e-12 1.24031e-13 
2906.62 435.962 40.6585 
221.948 34.4092 3.22418 
6.64298e-11 1.08507e-11 1.02444e-12 
1.68749e-11 1.68749e-11 1.28678e-11 
0.14937 0.0193886 0.00177279 
142.991 21.4471 2.00019 
48.7426 7.5567 0.70807 
4.2984e-11 7.02102e-12 6.62872e-13 
6.7332e-12 8.73986e-13 7.99127e-14 
3.01675e-11 4.5248e-12 4.2199e-13 
0 0 0 
3.29358e-11 5.37974e-12 5.07915e-13 
5.37248e-12 4.47985e-13 8.74329e-14 
1.50414e-10 1.48499e-11 2.93471e-12 
5.13547e-10 5.2692e-11 1.04442e-11 
3.01245e-11 3.28432e-12 6.54119e-13 
2.65177e-11 2.65174e-11 2.3547e-11 
6.22896e-12 5.19403e-13 1.01371e-13 
53.2495 5.25716 1.03894 
42.0647 4.31601 0.855489 
5.6634e-11 6.17452e-12 1.22974e-12 
2.4107e-11 2.41067e-11 2.14063e-11 
4.74958e-12 3.96045e-13 7.72957e-14 
8.0522 0.794968 0.157105 
5.19139 0.532657 0.10558 
3.97643e-11 4.3353e-12 8.63437e-13 
4.516e-12 3.76567e-13 7.34943e-14 
2.67501e-11 2.64095e-12 5.21916e-13 
0 0 0 
3.13295e-11 3.41569e-12 6.80284e-13 
2.15586e-12 3.67453e-13 7.28836e-15 
3.19103e-11 6.43935e-12 1.32198e-13 
4.70577e-11 9.86515e-12 2.04188e-13 
2.3952e-11 5.33061e-12 1.11789e-13 
3.09775e-10 3.09775e-10 1.22529e-10 
0.0179999 0.00306797 6.08526e-05 
70.9217 14.3117 0.293814 
492.323 103.21 2.13623 
8.66348 1.92809 0.0404343 
1.79597e-10 1.79597e-10 7.10385e-11 
0.517855 0.0882654 0.00175073 
85.1076 17.1743 0.352583 
420.776 88.2111 1.82578 
0.578552 0.128759 0.00270022 
2.24209e-12 3.82151e-13 7.5799e-15 
1.71458e-11 3.45995e-12 7.10316e-14 
0 0 0 
2.33047e-11 5.18654e-12 1.08768e-13 
1.73498e-13 3.82737e-12 2.10574e-13 
1.83446e-12 2.75081e-11 2.21753e-12 
2.63752e-12 3.64154e-11 3.18524e-12 
4.12662e-12 5.02399e-11 4.97596e-12 
0.0270979 0.0270979 0.0270979 
0.00328083 0.0723754 0.00398193 
55.0716 825.809 66.5716 
99.1086 1368.36 119.69 
0.199952 2.43434 0.241106 
0.0270979 0.0270979 0.0270979 
0.0461053 1.01709 0.0559578 
73.0087 1094.78 88.2542 
75.2206 1038.55 90.8414 
4.52341e-12 5.50707e-11 5.45442e-12 
1.18294e-13 2.60957e-12 1.43573e-13 
0.275969 4.13821 0.333597 
0 0 0 
3.57111e-12 4.34769e-11 4.30612e-12 
0.00232806 0.00393932 0.0325551 
0.0788237 0.13121 0.815358 
0.793889 1.31641 7.68747 
0.0923552 0.152197 0.807747 
0.0671917 0.0671917 0.0671917 
0.00057562 0.000974009 0.00804934 
39.0662 65.0294 404.103 
43.5765 72.2578 421.965 
0.292031 0.481254 2.55413 
0.0671917 0.0671917 0.0671917 
0.0280354 0.0474389 0.392041 
28.4323 47.3282 294.105 
59.4401 98.5626 575.577 
0.108118 0.178174 0.945609 
8.93093e-14 1.51121e-13 1.24888e-12 
0.00289398 0.00481731 0.0299355 
0 0 0 
2.67498e-12 4.40825e-12 2.33956e-11 
$escByGroup
 0.772986 0.119592 4.1669 5.00009e-07 4.99989e-07 5.00042e-07 5326.87 314.593 5.00016e-07 4.99993e-07 2.39648 262.055 69.0886 5.00011e-07 5.00027e-07 5.00014e-07 5e-07 5.00008e-07 5.00019e-07 5.00061e-07 5.00162e-07 5.00007e-07 4.99987e-07 5.00022e-07 86.8184 52.9752 5.00012e-07 4.99989e-07 5.00017e-07 13.1284 6.5379 5.00009e-07 5.00016e-07 5.00011e-07 5e-07 5.00007e-07 5.00007e-07 5.00011e-07 5.00012e-07 5.00004e-07 4.99892e-07 0.230467 93.9612 486.834 5.49914 4.99937e-07 6.63051 112.755 416.085 0.367236 5.00007e-07 5.00006e-07 5e-07 5.00004e-07 5.00006e-07 5.00003e-07 5.00002e-07 5.00001e-07 1.84509e-11 0.42181 319.035 315.137 0.161629 1.84509e-11 5.92767 422.946 239.18 5.00001e-07 5.00004e-07 1.59871 5e-07 5.00001e-07 0.24396 0.422248 2.38534 0.0713174 7.44129e-12 0.06032 209.272 130.931 0.225509 7.44129e-12 2.93787 152.308 178.595 0.0834895 5.00002e-07 0.0155027 5e-07 5.00001e-07
$catchByGroup
0.0481795 0.0652554 2.93979 3.51687e-11 2.4107e-11 1.04505e-11 2906.62 221.948 6.64298e-11 1.68749e-11 0.14937 142.991 48.7426 4.2984e-11 6.7332e-12 3.01675e-11 0 3.29358e-11 5.37248e-12 1.50414e-10 5.13547e-10 3.01245e-11 2.65177e-11 6.22896e-12 53.2495 42.0647 5.6634e-11 2.4107e-11 4.74958e-12 8.0522 5.19139 3.97643e-11 4.516e-12 2.67501e-11 0 3.13295e-11 2.15586e-12 3.19103e-11 4.70577e-11 2.3952e-11 3.09775e-10 0.0179999 70.9217 492.323 8.66348 1.79597e-10 0.517855 85.1076 420.776 0.578552 2.24209e-12 1.71458e-11 0 2.33047e-11 1.73498e-13 1.83446e-12 2.63752e-12 4.12662e-12 0.0270979 0.00328083 55.0716 99.1086 0.199952 0.0270979 0.0461053 73.0087 75.2206 4.52341e-12 1.18294e-13 0.275969 0 3.57111e-12 0.00232806 0.0788237 0.793889 0.0923552 0.0671917 0.00057562 39.0662 43.5765 0.292031 0.0671917 0.0280354 28.4323 59.4401 0.108118 8.93093e-14 0.00289398 0 2.67498e-12 
0.00625382 0.00978763 0.455763 5.74447e-12 2.4107e-11 1.3565e-12 435.962 34.4092 1.08507e-11 1.68749e-11 0.0193886 21.4471 7.5567 7.02102e-12 8.73986e-13 4.5248e-12 0 5.37974e-12 4.47985e-13 1.48499e-11 5.2692e-11 3.28432e-12 2.65174e-11 5.19403e-13 5.25716 4.31601 6.17452e-12 2.41067e-11 3.96045e-13 0.794968 0.532657 4.3353e-12 3.76567e-13 2.64095e-12 0 3.41569e-12 3.67453e-13 6.43935e-12 9.86515e-12 5.33061e-12 3.09775e-10 0.00306797 14.3117 103.21 1.92809 1.79597e-10 0.0882654 17.1743 88.2111 0.128759 3.82151e-13 3.45995e-12 0 5.18654e-12 3.82737e-12 2.75081e-11 3.64154e-11 5.02399e-11 0.0270979 0.0723754 825.809 1368.36 2.43434 0.0270979 1.01709 1094.78 1038.55 5.50707e-11 2.60957e-12 4.13821 0 4.34769e-11 0.00393932 0.13121 1.31641 0.152197 0.0671917 0.000974009 65.0294 72.2578 0.481254 0.0671917 0.0474389 47.3282 98.5626 0.178174 1.51121e-13 0.00481731 0 4.40825e-12 
0.000571816 0.00091281 0.0427054 5.4235e-13 1.83826e-11 1.24031e-13 40.6585 3.22418 1.02444e-12 1.28678e-11 0.00177279 2.00019 0.70807 6.62872e-13 7.99127e-14 4.2199e-13 0 5.07915e-13 8.74329e-14 2.93471e-12 1.04442e-11 6.54119e-13 2.3547e-11 1.01371e-13 1.03894 0.855489 1.22974e-12 2.14063e-11 7.72957e-14 0.157105 0.10558 8.63437e-13 7.34943e-14 5.21916e-13 0 6.80284e-13 7.28836e-15 1.32198e-13 2.04188e-13 1.11789e-13 1.22529e-10 6.08526e-05 0.293814 2.13623 0.0404343 7.10385e-11 0.00175073 0.352583 1.82578 0.00270022 7.5799e-15 7.10316e-14 0 1.08768e-13 2.10574e-13 2.21753e-12 3.18524e-12 4.97596e-12 0.0270979 0.00398193 66.5716 119.69 0.241106 0.0270979 0.0559578 88.2542 90.8414 5.45442e-12 1.43573e-13 0.333597 0 4.30612e-12 0.0325551 0.815358 7.68747 0.807747 0.0671917 0.00804934 404.103 421.965 2.55413 0.0671917 0.392041 294.105 575.577 0.945609 1.24888e-12 0.0299355 0 2.33956e-11 
$Fmort
 18.1903 16.4512 11.1481
#ESTIMATED_PARAMETERS
$availability
1.38912 1.54733 1.72003 0.152101 0.191551 
0.194249 0.138378 0.314342 3.99361 0.359421 
0.0261198 0.0397677 0.00914573 0.301431 4.62427 
$selectivity
 0.00237252 0.0160684 0.0193387 0.0246156 4.9376
$RunSize
 0.827991 0.195548 7.60515 7.59371e-11 2.4107e-11 1.79597e-10 8710.1 574.175 1.43437e-10 1.68749e-11 2.56701 428.494 126.096 9.2812e-11 1.15714e-10 9.04013e-11 0 7.11157e-11 8.31692e-11 4.13435e-10 1.22343e-09 6.02675e-11 2.65177e-11 9.6428e-11 146.364 100.211 1.13303e-10 2.4107e-11 7.35264e-11 22.1326 12.3675 7.95531e-11 6.99103e-11 7.35264e-11 0 6.26782e-11 3.01338e-11 8.07585e-11 1.0366e-10 4.4598e-11 3.09775e-10 0.251595 179.488 1084.5 16.1311 1.79597e-10 7.23838 215.39 926.898 1.07725 3.13391e-11 4.33926e-11 0 4.33926e-11 2.65177e-11 4.21873e-11 5.06247e-11 6.26782e-11 0.0270979 0.501448 1266.49 1902.3 3.03702 0.0270979 7.04682 1678.99 1443.79 6.8705e-11 1.80803e-11 6.34649 0 5.42408e-11 0.282783 1.44764 12.1831 1.12362 0.0671917 0.0699189 717.471 668.73 3.55293 0.0671917 3.40538 522.173 912.175 1.31539 1.08482e-11 0.0531495 0 3.25445e-11
