$ndistricts
3
$ngroups
90
$nstocks
5
$nagecomps
18
$AgeCompLabels
 0.1 0.2 0.3 0.4 0.5 1.1 1.2 1.3 1.4 1.5 2.1 2.2 2.3 2.4 3.1 3.2 3.3 3.4
$navailpar
15
$nselectpar
5
$GENdata
 -1 -1 -1
$maxGradient
2.99400838e-06
#LIKELIHOOD_VALUES_AND_PENALTIES
$totalNLL
855.7467867
$NLLcatch
0.6773740579
$NLLescape
-6.847014856
$NLLagecompCatch
341.3205178
$NLLagecompEsc
520.5959098
$NLLgenetics
0
$NLLselOne
3.175989711e-16
$NLLavailOne
1.945099676e-09
$NLLextra
5e-198
$sigmaCat
0.5
$sigmaEsc
0.1
#OBSERVED_AND_PREDICTED_VALUES
$predEsc
 338656.089 208310.5283 881830.088 996839.9985 392850.6924
$obsEsc
 338760 203304 905358 997602 388254
$predCatch
 957901.9281 695581.9388 188694.9831
$obsCatch
 957902 695582 188695
$RunSize
 0 0 0 0 0 0 202347.1273 28094.15929 1208.946316 0 813.2726261 119743.2796 174238.4868 0 0 1.038160002e-09 1.557240004e-09 0 0 0 0 0 0 0 287224.671 11383.40414 0 0 5.190800012e-10 17529.25547 11712.8257 0 0 7.786200018e-10 7.786200018e-10 0 0 0 0 0 0 0 411189.3589 118443.047 378.5509871 0 6544.356362 504391.7289 475304.9423 188.2822735 0 686.7519991 8.097648019e-08 0 0 0 0 0 0 0 43162.89334 53871.36377 0 0 2126.476295 910275.6127 604311.0165 0 0 76645.71891 13353.6477 0 0 0 0 0 0 749.1108278 23852.63172 142652.0811 861.7340794 0 3192.027477 378996.0253 35193.45941 0 0 7.786200018e-10 7.786200018e-10 0
$SSageCompEsc
 508 97 2384 579 343
$obsAgeCompEsc
0 0 0 0 0 0 0.3577751 0.05705847 0.003568739 0 0.002331908 0.2248451 0.3544206 0 0 0 0 0 
0 0 0 0 0 0 0.8672347 0.03828346 0 0 0 0.05503311 0.03944869 0 0 0 0 0 
0 0 0 0 0 0 0.2180961 0.08876277 0.0004179755 0 0.007201632 0.3284423 0.3561507 0.0002078911 0 0.0007206864 0 0 
0 0 0 0 0 0 0.04124142 0.03536252 0 0 0.002146639 0.4840722 0.377223 0 0 0.04663966 0.01331454 0 
0 0 0 0 0 0.001988218 0.02040019 0.1717757 0.002219359 0 0.007253314 0.7305919 0.06577137 0 0 0 0 0 
$predAgeCompEsc
0 0 0 0 0 0 0.3745738921 0.05524857393 0.003569834227 0 0.002296788017 0.2216621846 0.3426487271 0 0 1.921784796e-15 3.062390605e-15 0 
0 0 0 0 0 0 0.8723626441 0.03666806826 0 0 2.384563372e-15 0.05324009112 0.03772919656 0 0 2.36483517e-15 2.508080275e-15 0 
0 0 0 0 0 0 0.2621645871 0.08141718246 0.0004292787336 0 0.007027035444 0.3215882086 0.3267223379 0.0002135130502 0 0.0004378567936 5.566284414e-14 0 
0 0 0 0 0 0 0.02454300999 0.03307158764 0 0 0.002024620268 0.5175951315 0.3709860554 0 0 0.04358180139 0.00819779377 0 
0 0 0 0 0 0.001834326586 0.03988113652 0.2523451314 0.002193540602 0 0.007816227783 0.6336739863 0.06225565076 0 0 1.301837506e-15 1.377343851e-15 0 
$SSageCompCatch
 256 108 172
$obsAgeCompCatch
0 0 0 0 0 0 0.4526877 0.04945998 0 0 0 0.2857918 0.2106688 0 0 0 0.001391788 0 
0 0 0 0 0 0 0.00862069 0.03384958 0 0 0 0.592132 0.3159884 0 0 0.04797254 0.001436782 0 
0 0 0 0 0 0 0.08127812 0.2821559 0 0 0.001276596 0.5424446 0.09284485 0 0 0 0 0 
$predAgeCompCatch
0 0 0 0 0 1.21586083e-06 0.3558413515 0.06249595578 3.036666584e-10 0 0.0003924372162 0.3104948781 0.2666734339 4.115000154e-11 0 0.003596142442 0.0005045848952 0 
0 0 0 0 0 5.103427706e-06 0.05380935436 0.0397319717 4.54346292e-11 0 0.0001879945605 0.541444757 0.316912247 2.991887759e-12 0 0.04142602554 0.006482546352 0 
0 0 0 0 0 0.0001260225919 0.05085080061 0.194474932 6.072084718e-10 0 0.0005625230713 0.647873044 0.09852583093 7.344958481e-13 0 0.006583777825 0.00100306837 0 
$genSS
 -1 -1 -1
$obsGenComp     #GeneticFracData
0 0 0 0 0 
0 0 0 0 0 
0 0 0 0 0 
$predGenComp     #catchGenComp_pred
0 0 0 0 0 
0 0 0 0 0 
0 0 0 0 0 
#PARAMETERS_OF_INTEREST
$catchByGroup
0 0 0 
0 0 0 
0 0 0 
0 0 0 
0 0 0 
0 0 0 
70437.16442 4481.154652 577.0789116 
8768.98783 544.8286281 70.07686666 
0.0002061850518 1.079188087e-05 1.376285608e-06 
0 0 0 
33.43827249 1.785219674 0.2278868764 
41682.71221 2651.819977 341.4989003 
54384.79772 3378.998273 434.6130126 
0 0 0 
0 0 0 
3.613841608e-10 2.299096402e-11 2.960754878e-12 
4.860589882e-10 3.019947762e-11 3.884312712e-12 
0 0 0 
0 0 0 
0 0 0 
0 0 0 
0 0 0 
0 0 0 
0 0 0 
100266.1338 4358.468904 877.745071 
3563.436581 151.1968847 30.42599993 
0 0 0 
0 0 0 
2.141621784e-11 7.782563535e-13 1.558712468e-13 
6119.219036 265.9963527 53.56857939 
3666.558005 155.5723345 31.30649054 
0 0 0 
0 0 0 
2.718054023e-10 1.181510994e-11 2.379426066e-12 
2.437375467e-10 1.034180261e-11 2.081125456e-12 
0 0 0 
0 0 0 
0 0 0 
0 0 0 
0 0 0 
0 0 0 
0 0 0 
168000.6862 11245.40821 758.6436569 
43618.29393 2837.515222 191.1166464 
7.925120102e-05 4.1841625e-06 2.786535934e-07 
0 0 0 
328.7363696 17.78291119 1.18579695 
206080.6164 13794.35233 930.6018685 
175037.6338 11386.78076 766.9397985 
3.941766582e-05 2.081103088e-06 1.385956816e-07 
0 0 0 
280.5880176 18.78163042 1.267056252 
2.982071134e-08 1.939936544e-09 1.306615603e-10 
0 0 0 
0 0 0 
0 0 0 
0 0 0 
0 0 0 
0 0 0 
0 0 0 
1781.892908 16216.64645 698.8999372 
1949.904532 18190.80771 763.5701549 
0 0 0 
0 0 0 
8.778938932 96.07125614 3.40363566 
37578.89087 341997.8747 14739.31702 
21873.37961 204058.4223 8565.475684 
0 0 0 
0 0 0 
3164.163761 28796.41353 1241.058789 
483.342844 4509.14216 189.2739691 
0 0 0 
0 0 0 
0 0 0 
0 0 0 
0 0 0 
0 0 0 
1.164675433 3.549852138 23.77983084 
375.2394303 1127.13681 6682.923384 
1964.373673 5912.49346 35641.25433 
5.446624797e-06 1.66274641e-05 0.0001129222531 
0 0 0 
4.962785007 15.12623385 101.3279619 
5962.203848 17909.15048 106185.4067 
484.6273858 1458.6615 8792.995013 
0 0 0 
0 0 0 
1.224891783e-11 3.67930581e-11 2.181502603e-10 
1.072189499e-11 3.227142313e-11 1.945361982e-10 
0 0 0 
$escByGroup
 5e-101 5e-101 5e-101 5e-101 5e-101 5e-101 126851.7293 18710.26597 1208.946098 5e-101 777.821247 75067.24852 116040.0778 5e-101 5e-101 6.508241227e-10 1.037097225e-09 5e-101 5e-101 5e-101 5e-101 5e-101 5e-101 5e-101 181722.3232 7638.34467 5e-101 5e-101 4.967296558e-10 11090.47151 7859.388867 5e-101 5e-101 4.926200634e-10 5.22459527e-10 5e-101 5e-101 5e-101 5e-101 5e-101 5e-101 5e-101 231184.6209 71796.12117 378.5509034 5e-101 6196.651284 283586.1582 288113.588 188.2822318 5e-101 386.1152948 4.908517074e-08 5e-101 5e-101 5e-101 5e-101 5e-101 5e-101 5e-101 24465.45404 32967.08137 5e-101 5e-101 2018.222464 515959.5301 369813.7389 5e-101 5e-101 43444.08283 8171.888729 5e-101 5e-101 5e-101 5e-101 5e-101 5e-101 720.6164694 15667.3321 99133.95961 861.7339444 5e-101 3070.610496 248939.2643 24457.17551 5e-101 5e-101 5.114277656e-10 5.410904855e-10 5e-101
$catchByGroup
0 0 0 0 0 0 70437.16442 8768.98783 0.0002061850518 0 33.43827249 41682.71221 54384.79772 0 0 3.613841608e-10 4.860589882e-10 0 0 0 0 0 0 0 100266.1338 3563.436581 0 0 2.141621784e-11 6119.219036 3666.558005 0 0 2.718054023e-10 2.437375467e-10 0 0 0 0 0 0 0 168000.6862 43618.29393 7.925120102e-05 0 328.7363696 206080.6164 175037.6338 3.941766582e-05 0 280.5880176 2.982071134e-08 0 0 0 0 0 0 0 1781.892908 1949.904532 0 0 8.778938932 37578.89087 21873.37961 0 0 3164.163761 483.342844 0 0 0 0 0 0 1.164675433 375.2394303 1964.373673 5.446624797e-06 0 4.962785007 5962.203848 484.6273858 0 0 1.224891783e-11 1.072189499e-11 0 
0 0 0 0 0 0 4481.154652 544.8286281 1.079188087e-05 0 1.785219674 2651.819977 3378.998273 0 0 2.299096402e-11 3.019947762e-11 0 0 0 0 0 0 0 4358.468904 151.1968847 0 0 7.782563535e-13 265.9963527 155.5723345 0 0 1.181510994e-11 1.034180261e-11 0 0 0 0 0 0 0 11245.40821 2837.515222 4.1841625e-06 0 17.78291119 13794.35233 11386.78076 2.081103088e-06 0 18.78163042 1.939936544e-09 0 0 0 0 0 0 0 16216.64645 18190.80771 0 0 96.07125614 341997.8747 204058.4223 0 0 28796.41353 4509.14216 0 0 0 0 0 0 3.549852138 1127.13681 5912.49346 1.66274641e-05 0 15.12623385 17909.15048 1458.6615 0 0 3.67930581e-11 3.227142313e-11 0 
0 0 0 0 0 0 577.0789116 70.07686666 1.376285608e-06 0 0.2278868764 341.4989003 434.6130126 0 0 2.960754878e-12 3.884312712e-12 0 0 0 0 0 0 0 877.745071 30.42599993 0 0 1.558712468e-13 53.56857939 31.30649054 0 0 2.379426066e-12 2.081125456e-12 0 0 0 0 0 0 0 758.6436569 191.1166464 2.786535934e-07 0 1.18579695 930.6018685 766.9397985 1.385956816e-07 0 1.267056252 1.306615603e-10 0 0 0 0 0 0 0 698.8999372 763.5701549 0 0 3.40363566 14739.31702 8565.475684 0 0 1241.058789 189.2739691 0 0 0 0 0 0 23.77983084 6682.923384 35641.25433 0.0001129222531 0 101.3279619 106185.4067 8792.995013 0 0 2.181502603e-10 1.945361982e-10 0 
$Fmort
 0.1322244847 0.05369478036 0.03238765713
#ESTIMATED_PARAMETERS
$availability
1.4851545 1.4904055 1.823068357 0.1463384521 0.05503964531 
0.1914217929 0.1306991979 0.2370202286 4.027095714 0.4137652429 
0.04047206131 0.04337187881 0.02616941697 0.23133515 4.65865 
$availabilityVector
 1.4851545 0.1914217929 0.04047206131 1.4904055 0.1306991979 0.04337187881 1.823068357 0.2370202286 0.02616941697 0.1463384521 4.027095714 0.23133515 0.05503964531 0.4137652429 4.65865
$selectivity
 0.2138007172 2.17882991 1.905311478 8.684937119e-07 0.7020570284
$RunSize
 0 0 0 0 0 0 202347.1273 28094.15929 1208.946316 0 813.2726261 119743.2796 174238.4868 0 0 1.038160002e-09 1.557240004e-09 0 0 0 0 0 0 0 287224.671 11383.40414 0 0 5.190800012e-10 17529.25547 11712.8257 0 0 7.786200018e-10 7.786200018e-10 0 0 0 0 0 0 0 411189.3589 118443.047 378.5509871 0 6544.356362 504391.7289 475304.9423 188.2822735 0 686.7519991 8.097648019e-08 0 0 0 0 0 0 0 43162.89334 53871.36377 0 0 2126.476295 910275.6127 604311.0165 0 0 76645.71891 13353.6477 0 0 0 0 0 0 749.1108278 23852.63172 142652.0811 861.7340794 0 3192.027477 378996.0253 35193.45941 0 0 7.786200018e-10 7.786200018e-10 0
