$ndistricts
3
$ngroups
90
$nstocks
5
$nagecomps
18
$AgeCompLabels
 0.1 0.2 0.3 0.4 0.5 1.1 1.2 1.3 1.4 1.5 2.1 2.2 2.3 2.4 3.1 3.2 3.3 3.4
$navailpar
15
$nselectpar
5
$GENdata
 1 1 1
$maxGradient
6.84502088
#LIKELIHOOD_VALUES_AND_PENALTIES
$totalNLL
1025.791054
$NLLcatch
0.6773740579
$NLLescape
-6.759442304
$NLLagecompCatch
307.9654587
$NLLagecompEsc
479.5529795
$NLLgenetics
244.3546439
$NLLselOne
1.588253667e-007
$NLLavailOne
2.150698798e-007
$NLLextra
3.939967177e-005
$sigmaCat
0.5
$sigmaEsc
0.1
#OBSERVED_AND_PREDICTED_VALUES
$predEsc
 4389443.542 1579738.311 2209327.122 1563432.743 1225660.496
$obsEsc
 4398708 1581426 2221152 1608357 1167792
$predCatch
 5880322.53 5150757.971 2772499.406
$obsCatch
 5880323 5150759 2772500
$RunSize
 0 0 0 0 0 3881.117128 4090864.993 2402684.357 0.000427921857 5.11910506e-005 5187.046894 22772.52038 98784.60182 3.227761296e-005 0 0 2.957588982e-007 0 0 0 0 0 0 2541.933508 1515996.473 1158126.623 10626.28168 5.805128141e-006 3.205201083e-007 3.882007492e-006 8925.532317 8.64716481e-006 0 0 3.210841136e-005 0 0 0 0 0 0 36983.43698 2422751.873 2127324.913 11572.09565 949.080562 1927.891838 170770.6747 253934.2749 0.0001291338374 0 0 6.118907698e-005 0 0 0 0 0 0 283230.4347 2035644.576 1859205.266 2719.222711 0.0005179068457 70691.41521 442604.2321 1116836.658 0.0007164958774 1565.796089 3905.211307 17090.5568 0 0 0 0 0 0 14144.63485 2526482.279 1921374.758 5672.531695 0.008140784307 1.576463709e-006 48534.11855 71594.45674 3280.241717 0 0 0.0001588294064 0
$SSageCompEsc
 1 1 1 1 1
$obsAgeCompEsc
0 0 0 0 0 0.00088037607 0.67376388 0.30805632 0 0 0.0011763696 0.0035465662 0.012576491 0 0 0 0 0 
0 0 0 0 0 0.0015973141 0.61937546 0.37362215 0.0025385074 0 0 0 0.0028665678 0 0 0 0 0 
0 0 0 0 0 0.016521418 0.57794509 0.32688814 0.00086109048 0 0.00086109048 0.038108861 0.038814309 0 0 0 0 0 
0 0 0 0 0 0.17254182 0.46867243 0.14183553 0 0 0.04298837 0.077098716 0.092004717 0 0.00096035478 0.0012993545 0.002598709 0 
0 0 0 0 0 0.011962709 0.63754018 0.3262659 0 0 0 0.010677603 0.013553608 0 0 0 0 0 
$predAgeCompEsc
0 0 0 0 0 0.0008784209454 0.6531652803 0.3276742582 4.811846641e-011 3.613179222e-012 0.001173994622 0.003635959554 0.01347208635 3.62951602e-012 0 0 4.033512654e-014 0 
0 0 0 0 0 0.001595495368 0.6098374154 0.382842699 0.002773870979 8.72756416e-013 2.011808517e-013 1.561608788e-012 0.002950519239 2.257244842e-012 0 0 1.061409921e-011 0 
0 0 0 0 0 0.01654195839 0.5550714321 0.3459541862 0.001149396414 3.955688926e-010 0.0008623078102 0.03912489927 0.0412958194 1.282619624e-011 0 0 9.950815317e-012 0 
0 0 0 0 0 0.177635253 0.4016714975 0.1784208845 3.086933929e-005 -5.276979654e-011 0.04433593953 0.08733425608 0.1071785822 8.133851726e-012 0.0009820292964 0.0007705726689 0.001640115976 0 
0 0 0 0 0 0.0113490062 0.7083632939 0.2570998477 2.83027103e-009 -1.618082462e-009 1.264882169e-012 0.01360776933 0.009580080018 1.636654249e-009 0 0 2.125302003e-011 0 
$SSageCompCatch
 1 1 1
$obsAgeCompCatch
0 0 0 0 0 0 0.42532136 0.50025874 0.0028624406 0 0 0.018887095 0.052670359 0 0 0 0 0 
0 0 0 0 0 0.0012007676 0.26924274 0.46982221 0.0011396064 0 0.00037271085 0.066235306 0.19002112 0 0 0 0.0019655422 0 
0 0 0 0 0 0 0.59318314 0.36990513 0.00151395 0.00017408559 0 0.015763954 0.018468049 0.00099169323 0 0 0 0 
$predAgeCompCatch
0 0 0 0 0 0.0001353670547 0.4719702457 0.4594007524 0.002336647405 0.0001290834408 2.420939839e-005 0.01824364678 0.04744830015 5.714608146e-007 3.4550661e-007 4.369017862e-005 0.000267140516 0 
0 0 0 0 0 0.00100065061 0.3702407273 0.4004865823 0.001032917977 3.068076339e-005 0.0002465390395 0.05604045154 0.167841544 0.000161315312 5.437060456e-006 0.0004637554933 0.002449398569 0 
0 0 0 0 0 0.0001002002454 0.4892456415 0.4699697257 0.001644701 1.154517848e-005 7.058346816e-006 0.01195056522 0.02604603985 0.0008822306794 1.524474337e-007 1.979012904e-005 0.0001223496633 0 
$genSS
 379 566 377
$obsGenComp     #GeneticFracData
0.3462913272 0.1836677075 0.4063918065 0.06303972516 0.0006094336924 
0.04994543316 0.01023817717 0.06816234784 0.6938202033 0.1778338386 
0.001532527094 0.000200075721 0.02484578272 0.03341336569 0.9400082488 
$predGenComp     #catchGenComp_pred
0.337551914 0.1809527409 0.4063095553 0.07468935476 0.0004964349562 
0.04764054627 0.01006693799 0.06952284998 0.7254103144 0.1473593513 
0.001598574013 0.0002040368346 0.02508946015 0.0340667965 0.9390411325 
#PARAMETERS_OF_INTEREST
$catchByGroup
0 0 0 
0 0 0 
0 0 0 
0 0 0 
0 0 0 
22.87654577 2.418564521 0.04287111452 
1089971.213 131493.9435 2367.71452 
853721.7998 108684.8472 1970.053223 
0.0001904706748 2.576721824e-005 4.706722894e-007 
3.056542288e-005 4.678906022e-006 8.687549365e-008 
30.57411353 3.232370263 0.0572965139 
6067.516701 731.9841921 13.18029982 
35100.14448 4468.49763 80.99729064 
1.436696589e-005 1.943589195e-006 3.550222486e-008 
0 0 0 
0 0 0 
1.05089051e-007 1.33785824e-008 2.425040846e-010 
0 0 0 
0 0 0 
0 0 0 
0 0 0 
0 0 0 
0 0 0 
20.66354421 0.7962042113 0.008602057779 
527655.5422 24688.541 268.8611545 
526413.1033 26631.24323 290.9975317 
5914.172305 326.5370874 3.582034026 
4.150368399e-006 2.730130492e-007 3.019947014e-009 
2.605528982e-009 1.003958047e-010 1.084659564e-012 
1.351165919e-006 6.321987079e-008 6.884719291e-010 
4056.997804 205.2435524 2.242680396 
4.812673347e-006 2.657204181e-007 2.914889658e-009 
0 0 0 
0 0 0 
1.459450818e-005 7.38336289e-007 8.067743431e-009 
0 0 0 
0 0 0 
0 0 0 
0 0 0 
0 0 0 
0 0 0 
384.8122152 43.77855693 8.248895536 
1022429.618 145827.4666 28160.41866 
1148934.302 179116.2136 34948.4315 
7490.309401 1288.053526 254.3400549 
759.0521238 158.0257418 32.00182245 
20.05969129 2.282111385 0.4300027168 
72067.22147 10278.83009 1984.922084 
137145.8572 21380.72352 4171.720341 
8.358489469e-005 1.43734808e-005 2.83819874e-006 
0 0 0 
0 0 0 
3.304724586e-005 5.151989576e-006 1.005235379e-006 
0 0 0 
0 0 0 
0 0 0 
0 0 0 
0 0 0 
0 0 0 
367.5041288 5065.706457 76.45331031 
133919.0568 1245138.393 28600.75528 
170888.1797 1372466.43 36901.60348 
329.9477057 2268.849795 72.16307452 
9.373146568e-005 0.0004856180485 2.10593592e-005 
91.72526599 1264.348441 19.0819631 
29117.6279 270726.7903 6218.578369 
102653.6375 824449.4835 22167.03248 
8.693887778e-005 0.0005978258117 1.901445777e-005 
2.031690303 28.00498248 0.4226604194 
256.9123417 2388.692304 54.868121 
1570.872347 12616.25916 339.2142663 
0 0 0 
0 0 0 
0 0 0 
0 0 0 
0 0 0 
0 0 0 
0.1455079061 41.40932441 193.0514417 
1361.838929 359872.0333 1297035.501 
1467.209792 375910.7217 1228879.699 
5.810776465 1436.870069 4229.847381 
1.286712399e-005 0.002954252851 0.007156884086 
1.621731035e-011 4.615198471e-009 2.151618581e-008 
26.16113819 6913.197876 24916.25422 
54.67131675 14007.22259 45790.63721 
3.360184199 830.8955146 2445.984012 
0 0 0 
0 0 0 
1.212861049e-007 3.107445674e-005 0.0001015846765 
0 0 0 
$escByGroup
 5e-101 5e-101 5e-101 5e-101 5e-101 3855.779146 2867032.121 1438307.657 0.0002112132917 1.58598462e-005 5153.183114 15959.83918 59134.96243 1.593155565e-005 5e-101 5e-101 1.770487607e-007 5e-101 5e-101 5e-101 5e-101 5e-101 5e-101 2520.465158 963383.5286 604791.2786 4381.990255 1.378726746e-006 3.178130988e-007 2.46693323e-006 4661.04828 3.565856154e-006 5e-101 5e-101 1.676749915e-005 5e-101 5e-101 5e-101 5e-101 5e-101 5e-101 36546.59731 1226334.369 764325.9666 2539.392672 0.0008739410829 1905.120033 86439.7011 91235.97383 2.833726321e-005 5e-101 5e-101 2.198460616e-005 5e-101 5e-101 5e-101 5e-101 5e-101 5e-101 277720.7708 627986.371 278949.0528 48.26213579 1.212091421e-196 69316.25954 136541.2355 167566.5047 1.271673011e-005 1535.336756 1204.738541 2564.211019 5e-101 5e-101 5e-101 5e-101 5e-101 5e-101 13910.02858 868212.9064 315117.1269 0.003468951395 5.042305564e-198 1.550316107e-006 16678.50532 11741.92563 0.00200598246 5e-101 5e-101 2.604898707e-005 5e-101
$catchByGroup
0 0 0 0 0 22.87654577 1089971.213 853721.7998 0.0001904706748 3.056542288e-005 30.57411353 6067.516701 35100.14448 1.436696589e-005 0 0 1.05089051e-007 0 0 0 0 0 0 20.66354421 527655.5422 526413.1033 5914.172305 4.150368399e-006 2.605528982e-009 1.351165919e-006 4056.997804 4.812673347e-006 0 0 1.459450818e-005 0 0 0 0 0 0 384.8122152 1022429.618 1148934.302 7490.309401 759.0521238 20.05969129 72067.22147 137145.8572 8.358489469e-005 0 0 3.304724586e-005 0 0 0 0 0 0 367.5041288 133919.0568 170888.1797 329.9477057 9.373146568e-005 91.72526599 29117.6279 102653.6375 8.693887778e-005 2.031690303 256.9123417 1570.872347 0 0 0 0 0 0 0.1455079061 1361.838929 1467.209792 5.810776465 1.286712399e-005 1.621731035e-011 26.16113819 54.67131675 3.360184199 0 0 1.212861049e-007 0 
0 0 0 0 0 2.418564521 131493.9435 108684.8472 2.576721824e-005 4.678906022e-006 3.232370263 731.9841921 4468.49763 1.943589195e-006 0 0 1.33785824e-008 0 0 0 0 0 0 0.7962042113 24688.541 26631.24323 326.5370874 2.730130492e-007 1.003958047e-010 6.321987079e-008 205.2435524 2.657204181e-007 0 0 7.38336289e-007 0 0 0 0 0 0 43.77855693 145827.4666 179116.2136 1288.053526 158.0257418 2.282111385 10278.83009 21380.72352 1.43734808e-005 0 0 5.151989576e-006 0 0 0 0 0 0 5065.706457 1245138.393 1372466.43 2268.849795 0.0004856180485 1264.348441 270726.7903 824449.4835 0.0005978258117 28.00498248 2388.692304 12616.25916 0 0 0 0 0 0 41.40932441 359872.0333 375910.7217 1436.870069 0.002954252851 4.615198471e-009 6913.197876 14007.22259 830.8955146 0 0 3.107445674e-005 0 
0 0 0 0 0 0.04287111452 2367.71452 1970.053223 4.706722894e-007 8.687549365e-008 0.0572965139 13.18029982 80.99729064 3.550222486e-008 0 0 2.425040846e-010 0 0 0 0 0 0 0.008602057779 268.8611545 290.9975317 3.582034026 3.019947014e-009 1.084659564e-012 6.884719291e-010 2.242680396 2.914889658e-009 0 0 8.067743431e-009 0 0 0 0 0 0 8.248895536 28160.41866 34948.4315 254.3400549 32.00182245 0.4300027168 1984.922084 4171.720341 2.83819874e-006 0 0 1.005235379e-006 0 0 0 0 0 0 76.45331031 28600.75528 36901.60348 72.16307452 2.10593592e-005 19.0819631 6218.578369 22167.03248 1.901445777e-005 0.4226604194 54.868121 339.2142663 0 0 0 0 0 0 193.0514417 1297035.501 1228879.699 4229.847381 0.007156884086 2.151618581e-008 24916.25422 45790.63721 2445.984012 0 0 0.0001015846765 0 
$Fmort
 0.3939087392 0.352107898 0.217207808
#ESTIMATED_PARAMETERS
$availability
1.143816476 1.579251865 2.023719938 0.2512139618 0.00199038295 
0.1349260136 0.06780905897 0.2563720949 3.906362522 0.6346032643 
0.003875878592 0.001187404377 0.07827024873 0.09472720839 4.821939456 
$availabilityVector
 1.143816476 0.1349260136 0.003875878592 1.579251865 0.06780905897 0.001187404377 2.023719938 0.2563720949 0.07827024873 0.2512139618 3.906362522 0.09472720839 0.00199038295 0.6346032643 4.821939456
$selectivity
 0.01312093626 0.687692525 0.9743472168 1.307216477 2.017559832
$RunSize
 0 0 0 0 0 3881.117128 4090864.993 2402684.357 0.000427921857 5.11910506e-005 5187.046894 22772.52038 98784.60182 3.227761296e-005 0 0 2.957588982e-007 0 0 0 0 0 0 2541.933508 1515996.473 1158126.623 10626.28168 5.805128141e-006 3.205201083e-007 3.882007492e-006 8925.532317 8.64716481e-006 0 0 3.210841136e-005 0 0 0 0 0 0 36983.43698 2422751.873 2127324.913 11572.09565 949.080562 1927.891838 170770.6747 253934.2749 0.0001291338374 0 0 6.118907698e-005 0 0 0 0 0 0 283230.4347 2035644.576 1859205.266 2719.222711 0.0005179068457 70691.41521 442604.2321 1116836.658 0.0007164958774 1565.796089 3905.211307 17090.5568 0 0 0 0 0 0 14144.63485 2526482.279 1921374.758 5672.531695 0.008140784307 1.576463709e-006 48534.11855 71594.45674 3280.241717 0 0 0.0001588294064 0
