$ndistricts
3
$ngroups
90
$nstocks
5
$nagecomps
18
$AgeCompLabels
 0.1 0.2 0.3 0.4 0.5 1.1 1.2 1.3 1.4 1.5 2.1 2.2 2.3 2.4 3.1 3.2 3.3 3.4
$navailpar
15
$nselectpar
5
$GENdata
 -1 -1 -1
$maxGradient
1.170226674e-06
#LIKELIHOOD_VALUES_AND_PENALTIES
$totalNLL
929.8240429
$NLLcatch
0.6773740579
$NLLescape
-6.747010888
$NLLagecompCatch
404.5175013
$NLLagecompEsc
531.3761784
$NLLgenetics
0
$NLLselOne
3.031106552e-17
$NLLavailOne
1.945099676e-09
$NLLextra
2.6e-198
$sigmaCat
0.5
$sigmaEsc
0.1
#OBSERVED_AND_PREDICTED_VALUES
$predEsc
 4513002.008 585130.5433 1650069.567 1986669.132 2193096.611
$obsEsc
 4725864 577939.7 1606650 1945632 2194927
$predCatch
 9137078.922 15646571.63 3320965.503
$obsCatch
 9137080 15646575 3320966
$RunSize
 0 28911.76941 21767.42439 6026.62866 0 2981.501012 2769996.574 2020060.262 20858.27329 0 16002.16623 3905878.542 927631.4973 7854.15598 0 4.347148602e-09 993.793862 0 0 6.520722903e-09 6.520722903e-09 4.347148602e-09 0 0 8.694297204e-09 362720.3764 1.58670924e-07 0 8.694297204e-09 1.086787151e-08 980268.9668 1.086787151e-08 0 4.347148602e-09 795.4579528 0 0 4.347148602e-09 4.347148602e-09 2899.178907 0 1125.314797 335640.6195 1179844.792 416238.2285 0 30003.47176 583877.5053 2354712.857 35970.93449 0 4.347148602e-09 8210.500149 0 0 4.347148602e-09 2201.080761 4.347148602e-09 0 0 281619.0434 4011487.167 64844.89045 0 101640.2681 8434658.65 3997896.649 4.347148602e-09 5384.874169 90398.91884 10380.67375 0 0 3423.191754 7307.789047 4.347148602e-09 0 5534.980321 446136.951 1716975.98 73724.23491 0 31520.27059 1893996.627 1824958.021 5535.58175 0 1687.281239 4.347148602e-09 0
$SSageCompEsc
 3034 0 1692 3201 2644
$obsAgeCompEsc
0 0.004268529 0.002491626 0.0007835074 0 0.0005443967 0.325561 0.1578778 0.001380709 0 0.00272495 0.4310686 0.07254251 0.0006797383 0 0 7.665275e-05 0 
0 0 0 0 0 0 0.6011158 0.250188 0 0 0 0.1026919 0.0460043 0 0 0 0 0 
0 0 0 0.0006337136 0 0.0005109009 0.08994107 0.2253222 0.06121041 0 0.0131763 0.1516707 0.4498333 0.006152121 0 0 0.001549275 0 
0 0 0.0001926398 0 0 0 0.02315432 0.1691924 0.0008681476 0 0.02125831 0.6010284 0.1752703 0 0.001495235 0.007313293 0.000227071 0 
0 0.001106023 0.000437801 0 0 0.002162051 0.0966069 0.2519714 0.005060811 0 0.01201002 0.3598069 0.2705499 0 0 0.0002882841 0 0 
$predAgeCompEsc
0 0.003116749234 0.00198982978 0.0004531448632 0 0.0004804829274 0.2986114263 0.1846601598 0.001568342755 0 0.002578824439 0.421061879 0.08479775763 0.0005905574473 0 4.686317147e-16 9.084587069e-05 0 
0 5.636105838e-15 4.852505325e-15 2.720204213e-15 0 0 7.514807784e-15 0.2699244522 9.928745379e-14 0 1.094190743e-14 9.39350973e-15 0.7294835944 6.800510533e-15 0 3.757403892e-15 0.0005919533783 0 
0 1.063214312e-15 8.522716984e-16 0.0004319394302 0 0.0004602307868 0.08209011077 0.2313121581 0.06201400777 0 0.01227080765 0.1428032434 0.4616486136 0.005359194947 0 1.063214312e-15 0.001609693513 0 
0 3.28668995e-16 8.4678614e-05 2.696149324e-17 0 0 0.02129199078 0.1543274465 0.0004021751349 0 0.02388197179 0.6377078483 0.1538046005 2.696149324e-17 0.001265260466 0.006834669003 0.0003993588428 0 
0 0.0006516881887 0.001097558388 4.772140629e-16 0 0.001757090572 0.08493306901 0.2578729869 0.008093176677 0 0.01000617294 0.3605685337 0.2740908325 0.0006076759042 0 0.0003212152089 6.528991714e-16 0 
$SSageCompCatch
 12797 6544 2477
$obsAgeCompCatch
0 0.0002022402 0.0007101391 0.0001038305 0 0 0.1100355 0.2809761 0.03424393 0 0.0005113444 0.2316116 0.3381607 0.002499105 0 0.0001359049 0.0008096172 0 
0 8.541936e-05 0 0 0 0 0.02985976 0.223873 0.006046355 0 0.007397816 0.5073795 0.2201252 0 0 0.004339007 0.000893955 0 
0 0 0.001900783 0 0 0 0.05061917 0.3002709 0.01680578 0 0 0.31339 0.3142257 0.00168448 0 0.001103073 0 0 
$predAgeCompCatch
0 0.00140601763 0.001232903886 0.0005716633737 0 0.0001189799202 0.1554830554 0.2392705691 0.03104023093 0 0.001681334795 0.2775025167 0.2874264781 0.003003406668 1.562038824e-05 0.0005563385318 0.000690884562 0 
0 0.0001540757048 0.0003033132239 5.699315787e-05 0 3.281536444e-05 0.03138188808 0.2484314482 0.007668565889 0 0.00345349204 0.4501297363 0.2527880215 0.0003762139175 0.0001700295722 0.004446980665 0.0006064263639 0 
0 0.0004764276701 0.001117131823 1.594502925e-05 0 0.0003793826364 0.06325219389 0.2928733344 0.01328178619 0 0.00255719945 0.3150581506 0.3089490841 0.0009608431822 2.051079918e-05 0.0009455706704 0.0001124394822 0 
$genSS
 -1 -1 -1
$obsGenComp     #GeneticFracData
0 0 0 0 0 
0 0 0 0 0 
0 0 0 0 0 
$predGenComp     #catchGenComp_pred
0 0 0 0 0 
0 0 0 0 0 
0 0 0 0 0 
#PARAMETERS_OF_INTEREST
$catchByGroup
0 0 0 
12773.71762 1934.767815 137.3884341 
10932.40491 1731.209183 123.7045101 
3379.965751 561.2411271 40.378105 
0 0 0 
711.4383946 95.00938602 6.632815237 
1223832.189 185367.424 13162.99554 
1014548.912 160659.6542 11480.02449 
11698.12399 1942.465924 139.7493684 
0 0 0 
3818.397312 509.9297241 35.59932113 
1725684.403 261380.339 18560.6951 
465890.817 73776.48991 5271.739911 
4404.913545 731.4330454 52.62244494 
0 0 0 
1.920645114e-09 2.909100125e-10 2.065760593e-11 
499.1200015 79.03852236 5.647741352 
0 0 0 
0 0 0 
2.888463416e-09 3.012008964e-10 3.320091933e-11 
3.282944121e-09 3.58725312e-10 3.970439303e-11 
2.443594933e-09 2.806740826e-10 3.120501725e-11 
0 0 0 
0 0 0 
3.851284555e-09 4.016011952e-10 4.426789244e-11 
182616.3671 19954.37961 2208.588311 
8.919121506e-08 1.024460402e-08 1.13898313e-09 
0 0 0 
2.080989258e-09 1.90137698e-10 2.072600957e-11 
4.814105694e-09 5.020014939e-10 5.533486555e-11 
493529.3662 53927.65436 5968.814335 
6.108987333e-09 7.016852065e-10 7.801254313e-11 
0 0 0 
1.925642278e-09 2.008005976e-10 2.213394622e-11 
400.4838188 43.76062386 4.843508254 
0 0 0 
0 0 0 
2.222116318e-09 3.572861638e-10 1.336854074e-11 
2.500894876e-09 4.239557569e-10 1.599037718e-11 
1843.367611 330.5063999 12.57478708 
0 0 0 
320.0508146 44.23179516 1.619371705 
171568.2084 27585.84082 1032.176653 
678759.358 115064.3876 4339.893793 
264654.2672 47451.1587 1805.375683 
0 0 0 
8533.28829 1179.32104 43.17616132 
298458.5647 47988.089 1795.565537 
1354655.627 229643.4198 8661.48139 
22871.18447 4100.686588 156.0189477 
0 0 0 
2.222116318e-09 3.572861638e-10 1.336854074e-11 
4723.463499 800.7291961 30.20117465 
0 0 0 
0 0 0 
2.427142413e-10 3.334715842e-09 1.167619723e-10 
146.2201892 1816.084444 70.54773913 
3.385666977e-10 3.791146614e-09 1.638717237e-10 
0 0 0 
0 0 0 
15723.62914 216031.1439 7564.129491 
266487.4561 3309828.322 128573.8148 
5050.280639 56551.20387 2444.417006 
0 0 0 
2693.949453 50215.04977 1285.692734 
470932.0896 6470261.864 226550.1987 
265584.6232 3298614.954 128138.2196 
3.385666977e-10 3.791146614e-09 1.638717237e-10 
142.7247201 2660.379881 68.11565653 
5047.240619 69345.38805 2428.064238 
689.5994489 8564.965197 332.7152173 
0 0 0 
0 0 0 
73.1764371 475.9887361 1444.811423 
186.515009 1198.518458 3515.703998 
1.305701748e-10 8.279826401e-10 2.342019243e-09 
0 0 0 
55.63971158 374.2067691 1251.664461 
9536.921936 62034.55099 188299.0523 
43821.98067 281593.7064 826019.919 
2214.367881 14041.93697 39718.81172 
0 0 0 
316.8536586 2131.010037 7127.902942 
40487.33901 263356.8685 799390.7904 
46577.98131 299303.3677 877968.9956 
166.2657394 1054.338375 2982.28567 
0 0 0 
36.06845257 234.6134607 712.1433395 
1.10951268e-10 7.129567924e-10 2.091369582e-09 
0 0 0 
$escByGroup
 5e-101 14065.89555 8980.105792 2045.043677 5e-101 2168.420416 1347633.966 833371.6719 7077.934001 5e-101 11638.23987 1900253.105 382692.4505 2665.186945 5e-101 2.114935869e-09 409.9875968 5e-101 5e-101 3.297857671e-09 2.839349077e-09 1.591674569e-09 5e-101 5e-101 4.397143562e-09 157941.0414 5.809612178e-08 5e-101 6.402444239e-09 5.496429452e-09 426843.1319 3.979186423e-09 5e-101 2.198571781e-09 346.3700019 5e-101 5e-101 1.75437758e-09 1.406307593e-09 712.7301087 5e-101 759.4128153 135454.3935 381681.1526 102327.427 5e-101 20247.68627 235635.2861 761752.3281 8843.044487 5e-101 1.75437758e-09 2656.106279 5e-101 5e-101 6.529565469e-10 168.2283886 5.356356637e-11 5e-101 5e-101 42300.14084 306597.5741 798.9889261 5e-101 47445.57616 1266914.497 305558.8522 5.356356637e-11 2513.653911 13578.22593 793.3938854 5e-101 5e-101 1429.215158 2407.051582 1.046576544e-09 5e-101 3853.469379 186266.4258 565540.3736 17749.11834 5e-101 21944.50396 790761.6294 601107.6759 1332.691966 5e-101 704.455986 1.43187096e-09 5e-101
$catchByGroup
0 12773.71762 10932.40491 3379.965751 0 711.4383946 1223832.189 1014548.912 11698.12399 0 3818.397312 1725684.403 465890.817 4404.913545 0 1.920645114e-09 499.1200015 0 0 2.888463416e-09 3.282944121e-09 2.443594933e-09 0 0 3.851284555e-09 182616.3671 8.919121506e-08 0 2.080989258e-09 4.814105694e-09 493529.3662 6.108987333e-09 0 1.925642278e-09 400.4838188 0 0 2.222116318e-09 2.500894876e-09 1843.367611 0 320.0508146 171568.2084 678759.358 264654.2672 0 8533.28829 298458.5647 1354655.627 22871.18447 0 2.222116318e-09 4723.463499 0 0 2.427142413e-10 146.2201892 3.385666977e-10 0 0 15723.62914 266487.4561 5050.280639 0 2693.949453 470932.0896 265584.6232 3.385666977e-10 142.7247201 5047.240619 689.5994489 0 0 73.1764371 186.515009 1.305701748e-10 0 55.63971158 9536.921936 43821.98067 2214.367881 0 316.8536586 40487.33901 46577.98131 166.2657394 0 36.06845257 1.10951268e-10 0 
0 1934.767815 1731.209183 561.2411271 0 95.00938602 185367.424 160659.6542 1942.465924 0 509.9297241 261380.339 73776.48991 731.4330454 0 2.909100125e-10 79.03852236 0 0 3.012008964e-10 3.58725312e-10 2.806740826e-10 0 0 4.016011952e-10 19954.37961 1.024460402e-08 0 1.90137698e-10 5.020014939e-10 53927.65436 7.016852065e-10 0 2.008005976e-10 43.76062386 0 0 3.572861638e-10 4.239557569e-10 330.5063999 0 44.23179516 27585.84082 115064.3876 47451.1587 0 1179.32104 47988.089 229643.4198 4100.686588 0 3.572861638e-10 800.7291961 0 0 3.334715842e-09 1816.084444 3.791146614e-09 0 0 216031.1439 3309828.322 56551.20387 0 50215.04977 6470261.864 3298614.954 3.791146614e-09 2660.379881 69345.38805 8564.965197 0 0 475.9887361 1198.518458 8.279826401e-10 0 374.2067691 62034.55099 281593.7064 14041.93697 0 2131.010037 263356.8685 299303.3677 1054.338375 0 234.6134607 7.129567924e-10 0 
0 137.3884341 123.7045101 40.378105 0 6.632815237 13162.99554 11480.02449 139.7493684 0 35.59932113 18560.6951 5271.739911 52.62244494 0 2.065760593e-11 5.647741352 0 0 3.320091933e-11 3.970439303e-11 3.120501725e-11 0 0 4.426789244e-11 2208.588311 1.13898313e-09 0 2.072600957e-11 5.533486555e-11 5968.814335 7.801254313e-11 0 2.213394622e-11 4.843508254 0 0 1.336854074e-11 1.599037718e-11 12.57478708 0 1.619371705 1032.176653 4339.893793 1805.375683 0 43.17616132 1795.565537 8661.48139 156.0189477 0 1.336854074e-11 30.20117465 0 0 1.167619723e-10 70.54773913 1.638717237e-10 0 0 7564.129491 128573.8148 2444.417006 0 1285.692734 226550.1987 128138.2196 1.638717237e-10 68.11565653 2428.064238 332.7152173 0 0 1444.811423 3515.703998 2.342019243e-09 0 1251.664461 188299.0523 826019.919 39718.81172 0 7127.902942 799390.7904 877968.9956 2982.28567 0 712.1433395 2.091369582e-09 0 
$Fmort
 0.5053599048 0.46576741 0.151497936
#ESTIMATED_PARAMETERS
$availability
1.4851545 1.4904055 1.823068357 0.1463384521 0.05503964531 
0.1914217929 0.1306991979 0.2370202286 4.027095714 0.4137652429 
0.04047206131 0.04337187881 0.02616941697 0.23133515 4.65865 
$availabilityVector
 1.4851545 0.1914217929 0.04047206131 1.4904055 0.1306991979 0.04337187881 1.823068357 0.2370202286 0.02616941697 0.1463384521 4.027095714 0.23133515 0.05503964531 0.4137652429 4.65865
$selectivity
 0.36323227 0.7768682853 0.9295086401 1.096398451 1.833992354
$RunSize
 0 28911.76941 21767.42439 6026.62866 0 2981.501012 2769996.574 2020060.262 20858.27329 0 16002.16623 3905878.542 927631.4973 7854.15598 0 4.347148602e-09 993.793862 0 0 6.520722903e-09 6.520722903e-09 4.347148602e-09 0 0 8.694297204e-09 362720.3764 1.58670924e-07 0 8.694297204e-09 1.086787151e-08 980268.9668 1.086787151e-08 0 4.347148602e-09 795.4579528 0 0 4.347148602e-09 4.347148602e-09 2899.178907 0 1125.314797 335640.6195 1179844.792 416238.2285 0 30003.47176 583877.5053 2354712.857 35970.93449 0 4.347148602e-09 8210.500149 0 0 4.347148602e-09 2201.080761 4.347148602e-09 0 0 281619.0434 4011487.167 64844.89045 0 101640.2681 8434658.65 3997896.649 4.347148602e-09 5384.874169 90398.91884 10380.67375 0 0 3423.191754 7307.789047 4.347148602e-09 0 5534.980321 446136.951 1716975.98 73724.23491 0 31520.27059 1893996.627 1824958.021 5535.58175 0 1687.281239 4.347148602e-09 0
