$ndistricts
3
$ngroups
90
$nstocks
5
$nagecomps
18
$AgeCompLabels
 0.1 0.2 0.3 0.4 0.5 1.1 1.2 1.3 1.4 1.5 2.1 2.2 2.3 2.4 3.1 3.2 3.3 3.4
$navailpar
15
$nselectpar
5
$GENdata
 1 1 1
$maxGradient
1.200753117e-06
#LIKELIHOOD_VALUES_AND_PENALTIES
$totalNLL
1244.384458
$NLLcatch
0.6773740579
$NLLescape
-6.917769288
$NLLagecompCatch
365.2265826
$NLLagecompEsc
590.5545219
$NLLgenetics
294.843749
$NLLselOne
8.133199644e-17
$NLLavailOne
1.680441697e-16
$NLLextra
3.2e-198
$sigmaCat
0.5
$sigmaEsc
0.1
#OBSERVED_AND_PREDICTED_VALUES
$predEsc
 4463572.554 200349.0895 1470713.221 1383609.547 640554.4116
$obsEsc
 4458540 200500 1474428 1382466 640158
$predCatch
 12684535.89 6944922.026 1472366.933
$obsCatch
 12684537 6944923 1472367
$RunSize
 0 0 4.872422299e-09 0 0 4166.749051 5665688.455 906728.4228 28790.35373 0 85416.28339 9363166.473 634664.4699 15080.10964 0 2520.473847 3.248281533e-09 0 0 0 3.248281533e-09 0 0 3.248281533e-09 626512.3536 656515.4123 3553.127356 0 3.248281533e-09 44427.45599 58161.40224 3.248281533e-09 0 3.248281533e-09 3.248281533e-09 0 0 0 3.248281533e-09 0 0 80810.40476 3076771.119 850933.0198 5972.510295 0 37055.44031 324221.8715 667165.0469 3.248281533e-09 0 3.248281533e-09 3.248281533e-09 0 0 7094.600355 969.2853473 0 0 35965.16293 523679.9054 479543.3259 3.248281533e-09 0 269877.3573 2714549.472 927476.9457 3940.226173 7834.261065 475.6632281 15887.28335 0 0 933.8709658 1077.418529 0 0 63042.23634 569465.7267 311972.3424 784.1571415 0 6830.301979 141719.3738 39183.80496 3.248281533e-09 0 3.248281533e-09 3.248281533e-09 0
$SSageCompEsc
 1 1 1 1 1
$obsAgeCompEsc
0 0 0 0 0 0.0009196174 0.4366519 0.03317562 0.001839235 0 0.01831865 0.4919184 0.01625694 0.0009196174 0 0 0 0 
0 0 0 0 0 0 0.5890921 0.3358491 0.003662783 0 0 0.04202729 0.02936869 0 0 0 0 0 
0 0 0 0 0 0.05323783 0.6488733 0.1167852 0.001415139 0 0.02417678 0.06839855 0.08711317 0 0 0 0 0 
0 0.002383908 0 0 0 0.02516956 0.1171091 0.05873148 0 0 0.1876884 0.4939319 0.1071065 0.0008403439 0.005509982 0 0.001528756 0 
0 0.0009916302 0.0009916302 0 0 0.09731181 0.5227419 0.2386225 0.0005679506 0 0.01043354 0.1004289 0.02791015 0 0 0 0 0 
$predAgeCompEsc
0 0 1.536061109e-16 0 0 0.0009063499644 0.3501739288 0.02858517142 0.001896815486 0 0.01857972353 0.5787005086 0.02000818791 0.000993533659 0 0.0001557805793 1.024040739e-16 0 
0 0 1.668313783e-15 0 0 1.54648949e-14 0.5877071745 0.3371855856 0.003559918352 0 1.54648949e-14 0.04167569001 0.02987163151 3.254489886e-15 0 3.047088139e-15 1.668313783e-15 0 
0 0 4.541987397e-16 0 0 0.05315131846 0.6413209698 0.1189837461 0.001302911216 0 0.02437242475 0.06758068021 0.09328794947 7.086170192e-16 0 6.770705333e-16 4.541987397e-16 0 
0 0.001338780304 0.0001146259878 0 0 0.02503364053 0.09882055478 0.05670995396 6.459591056e-16 0 0.1878488014 0.5122466644 0.1096817994 0.0007835604609 0.005453056773 8.975961002e-05 0.001878802308 0 
0 0.000826481604 0.0008005565654 0 0 0.09684784664 0.5039807044 0.2318054685 0.0007086250849 0 0.01049296594 0.1254225259 0.02911482537 2.935398602e-15 0 2.874749328e-15 2.413577489e-15 0 
$SSageCompCatch
 1 1 1
$obsAgeCompCatch
0 0 0 0 0 0 0.4209524 0.140919 0.0008576969 0 0.0005782368 0.3540628 0.08163904 0.0008251557 0 0.000165659 0 0 
0 0 0.0003182483 0 0 0.0001591241 0.2182991 0.1245043 0.001012354 0 0.001562268 0.4933878 0.1570036 0.0008828312 0 0.000394047 0.002476157 0 
0 0 0 0 0 0 0.194928 0.09377691 0.001576482 0 0.0009233839 0.6369801 0.07092614 0.0002968527 0 0 0.0005921175 0 
$predAgeCompCatch
0 2.826172248e-06 2.753047551e-06 0 0 0.0002051132009 0.410930952 0.1329389367 0.001594800975 0 0.0002332159934 0.3832233866 0.0701938325 0.0005731681388 3.651145831e-08 9.802258645e-05 2.95558558e-06 0 
0 0.0007008578569 0.0001200865317 0 0 0.0002293660637 0.2407917913 0.1012136374 0.0008349996234 0 0.001449370599 0.5214881301 0.1305118458 0.0007716185958 3.937695831e-05 0.0001142941888 0.001734624941 0 
0 0.0005049446618 0.0003439315871 0 0 0.00061183989 0.3354056871 0.1490231507 0.001033648191 0 0.0005079430632 0.4248104925 0.08624338042 0.0005924349937 1.047742782e-05 9.472615476e-05 0.0008173433678 0 
$genSS
 285 285 285
$obsGenComp     #GeneticFracData
0.6725095045 0.08377284185 0.2407609288 0.0007318337571 0.002224891138 
0.4738763262 0.009208635348 0.0443637089 0.4604976098 0.01205371969 
0.4549505204 0.000222139171 0.03450725175 0.1782459339 0.3320741548 
$predGenComp     #catchGenComp_pred
0.6558026605 0.08796337313 0.2532851505 0.0007467801374 0.002202035773 
0.4575680036 0.01048299094 0.04617010453 0.4735256 0.01225330097 
0.5068863797 0.0001647303315 0.02632756263 0.2075657951 0.2590555323 
#PARAMETERS_OF_INTEREST
$catchByGroup
0 0 0 
0 0 0 
2.799876271e-09 1.119316934e-09 2.675970734e-10 
0 0 0 
0 0 0 
88.17984766 27.12502978 5.885348689 
2792926.797 1061086.486 248648.434 
521040.0986 208298.135 49798.2025 
13866.65957 5233.770752 1223.349869 
0 0 0 
1807.643024 556.0496209 120.6467213 
4615615.341 1753560.841 410918.5847 
364701.9655 145798.259 34856.24692 
7263.222555 2741.398647 640.7788638 
0 0 0 
1242.479004 472.0416166 110.6153083 
1.866584181e-09 7.462112892e-10 1.783980489e-10 
0 0 0 
0 0 0 
0 0 0 
2.724783053e-09 1.886232968e-10 6.300353593e-13 
0 0 0 
0 0 0 
1.450293081e-10 4.858845485e-12 1.576678516e-14 
479587.882 29081.32545 96.54880093 
550710.2914 38122.95832 127.3374612 
2679.678736 159.6924522 0.5297676946 
0 0 0 
1.450293081e-10 4.858845485e-12 1.576678516e-14 
34008.69816 2062.22479 6.846501238 
48788.01347 3377.353634 11.28096182 
2.44977173e-09 1.459914017e-10 4.843154907e-13 
0 0 0 
2.486521537e-09 1.507780842e-10 5.005770202e-13 
2.724783053e-09 1.886232968e-10 6.300353593e-13 
0 0 0 
0 0 0 
0 0 0 
2.30542086e-09 2.450994965e-10 2.97650846e-11 
0 0 0 
0 0 0 
2462.959183 158.4862564 18.61252576 
1925224.454 185926.3737 22421.06239 
603937.4095 64207.25931 7797.382422 
3664.649673 349.5379364 42.11393313 
0 0 0 
1129.384728 72.67353794 8.534734349 
202874.9788 19592.42157 2362.671296 
473510.7474 50341.02353 6113.455335 
1.993100601e-09 1.901039207e-10 2.290459196e-11 
0 0 0 
2.032543467e-09 1.962905861e-10 2.367089396e-11 
2.30542086e-09 2.450994965e-10 2.97650846e-11 
0 0 0 
0 0 0 
13.30451754 4798.549119 430.3975093 
2.287284184 734.9790617 73.42139039 
0 0 0 
0 0 0 
2.126119907 1255.432977 70.81980479 
982.0579229 354199.4789 31769.30562 
1131.608837 363622.8533 36324.42999 
5.89378731e-12 2.157784031e-09 1.908485293e-10 
0 0 0 
15.95409488 9420.586662 531.4215258 
5090.599788 1836029.984 164679.513 
2188.626244 703277.0455 70254.48914 
7.149274096 2617.432334 231.5028309 
0.4631309035 273.4699051 15.42661826 
0.8920121565 321.7226129 28.85634967 
37.49023137 12046.83496 1203.429348 
0 0 0 
0 0 0 
22.54416578 68.85404876 313.0663137 
32.63384628 99.01253726 432.9721057 
0 0 0 
0 0 0 
48.50060808 151.8851637 805.5351431 
13747.22014 41986.55098 190904.892 
9449.306088 28669.61384 125369.4069 
18.32223566 56.00613507 255.9158464 
0 0 0 
5.254791368 16.4559761 87.27558858 
3421.184697 10448.93035 47509.30649 
1186.83523 3600.910736 15746.42916 
7.589777174e-11 2.319990275e-10 1.060102209e-09 
0 0 0 
7.841532724e-11 2.394949016e-10 1.08893794e-09 
9.838694747e-11 2.985103631e-10 1.305356514e-09 
0 0 0 
$escByGroup
 5e-101 5e-101 6.856320207e-10 5e-101 5e-101 4045.558825 1563026.738 127591.9866 8466.573542 5e-101 82931.94403 2583071.707 89307.99842 4434.709572 5e-101 695.3379182 4.570880138e-10 5e-101 5e-101 5e-101 3.342451473e-10 5e-101 5e-101 3.098377612e-09 117746.5973 67554.82506 713.2264006 5e-101 3.098377612e-09 8349.686547 5984.754174 6.520340853e-10 5e-101 6.104813343e-10 3.342451473e-10 5e-101 5e-101 5e-101 6.679960916e-10 5e-101 5e-101 78170.34679 943199.2294 174990.9685 1916.208752 5e-101 35844.84731 99391.79989 137199.8207 1.042172419e-09 5e-101 9.957765852e-10 6.679960916e-10 5e-101 5e-101 1852.34921 158.597611 5e-101 5e-101 34636.78403 136729.063 78464.43369 8.937551854e-10 5e-101 259909.395 708749.3752 151756.7848 1084.141734 7544.90141 124.1922533 2599.52881 5e-101 5e-101 529.4064375 512.8000397 5e-101 5e-101 62036.31542 322827.0636 148484.0155 453.9129243 5e-101 6721.315623 80339.95226 18649.62983 1.880282524e-09 5e-101 1.841433364e-09 1.546027708e-09 5e-101
$catchByGroup
0 0 2.799876271e-09 0 0 88.17984766 2792926.797 521040.0986 13866.65957 0 1807.643024 4615615.341 364701.9655 7263.222555 0 1242.479004 1.866584181e-09 0 0 0 2.724783053e-09 0 0 1.450293081e-10 479587.882 550710.2914 2679.678736 0 1.450293081e-10 34008.69816 48788.01347 2.44977173e-09 0 2.486521537e-09 2.724783053e-09 0 0 0 2.30542086e-09 0 0 2462.959183 1925224.454 603937.4095 3664.649673 0 1129.384728 202874.9788 473510.7474 1.993100601e-09 0 2.032543467e-09 2.30542086e-09 0 0 13.30451754 2.287284184 0 0 2.126119907 982.0579229 1131.608837 5.89378731e-12 0 15.95409488 5090.599788 2188.626244 7.149274096 0.4631309035 0.8920121565 37.49023137 0 0 22.54416578 32.63384628 0 0 48.50060808 13747.22014 9449.306088 18.32223566 0 5.254791368 3421.184697 1186.83523 7.589777174e-11 0 7.841532724e-11 9.838694747e-11 0 
0 0 1.119316934e-09 0 0 27.12502978 1061086.486 208298.135 5233.770752 0 556.0496209 1753560.841 145798.259 2741.398647 0 472.0416166 7.462112892e-10 0 0 0 1.886232968e-10 0 0 4.858845485e-12 29081.32545 38122.95832 159.6924522 0 4.858845485e-12 2062.22479 3377.353634 1.459914017e-10 0 1.507780842e-10 1.886232968e-10 0 0 0 2.450994965e-10 0 0 158.4862564 185926.3737 64207.25931 349.5379364 0 72.67353794 19592.42157 50341.02353 1.901039207e-10 0 1.962905861e-10 2.450994965e-10 0 0 4798.549119 734.9790617 0 0 1255.432977 354199.4789 363622.8533 2.157784031e-09 0 9420.586662 1836029.984 703277.0455 2617.432334 273.4699051 321.7226129 12046.83496 0 0 68.85404876 99.01253726 0 0 151.8851637 41986.55098 28669.61384 56.00613507 0 16.4559761 10448.93035 3600.910736 2.319990275e-10 0 2.394949016e-10 2.985103631e-10 0 
0 0 2.675970734e-10 0 0 5.885348689 248648.434 49798.2025 1223.349869 0 120.6467213 410918.5847 34856.24692 640.7788638 0 110.6153083 1.783980489e-10 0 0 0 6.300353593e-13 0 0 1.576678516e-14 96.54880093 127.3374612 0.5297676946 0 1.576678516e-14 6.846501238 11.28096182 4.843154907e-13 0 5.005770202e-13 6.300353593e-13 0 0 0 2.97650846e-11 0 0 18.61252576 22421.06239 7797.382422 42.11393313 0 8.534734349 2362.671296 6113.455335 2.290459196e-11 0 2.367089396e-11 2.97650846e-11 0 0 430.3975093 73.42139039 0 0 70.81980479 31769.30562 36324.42999 1.908485293e-10 0 531.4215258 164679.513 70254.48914 231.5028309 15.42661826 28.85634967 1203.429348 0 0 313.0663137 432.9721057 0 0 805.5351431 190904.892 125369.4069 255.9158464 0 87.27558858 47509.30649 15746.42916 1.060102209e-09 0 1.08893794e-09 1.305356514e-09 0 
$Fmort
 0.5142228292 0.2493648281 0.08573168551
#ESTIMATED_PARAMETERS
$availability
1.08197566 2.310423914 1.565679384 0.002990388234 0.03893065421 
0.6812640969 0.1561455505 0.2047744259 3.7062032 0.2516127273 
0.4288453967 0.001472683933 0.06988871515 0.5980254158 3.90176779 
$availabilityVector
 1.08197566 0.6812640969 0.4288453967 2.310423914 0.1561455505 0.001472683933 1.565679384 0.2047744259 0.06988871515 0.002990388234 3.7062032 0.5980254158 0.03893065421 0.2516127273 3.90176779
$selectivity
 0.03844497919 1.220674299 1.536393536 1.181017043 1.023470145
$RunSize
 0 0 4.872422299e-09 0 0 4166.749051 5665688.455 906728.4228 28790.35373 0 85416.28339 9363166.473 634664.4699 15080.10964 0 2520.473847 3.248281533e-09 0 0 0 3.248281533e-09 0 0 3.248281533e-09 626512.3536 656515.4123 3553.127356 0 3.248281533e-09 44427.45599 58161.40224 3.248281533e-09 0 3.248281533e-09 3.248281533e-09 0 0 0 3.248281533e-09 0 0 80810.40476 3076771.119 850933.0198 5972.510295 0 37055.44031 324221.8715 667165.0469 3.248281533e-09 0 3.248281533e-09 3.248281533e-09 0 0 7094.600355 969.2853473 0 0 35965.16293 523679.9054 479543.3259 3.248281533e-09 0 269877.3573 2714549.472 927476.9457 3940.226173 7834.261065 475.6632281 15887.28335 0 0 933.8709658 1077.418529 0 0 63042.23634 569465.7267 311972.3424 784.1571415 0 6830.301979 141719.3738 39183.80496 3.248281533e-09 0 3.248281533e-09 3.248281533e-09 0
