$ndistricts
3
$ngroups
90
$nstocks
5
$nagecomps
18
$AgeCompLabels
 0.1 0.2 0.3 0.4 0.5 1.1 1.2 1.3 1.4 1.5 2.1 2.2 2.3 2.4 3.1 3.2 3.3 3.4
$navailpar
15
$nselectpar
5
$GENdata
 1 1 1
$maxGradient
7.435922509e-06
#LIKELIHOOD_VALUES_AND_PENALTIES
$totalNLL
1042.118807
$NLLcatch
0.6773740579
$NLLescape
-10.22027865
$NLLagecompCatch
299.4432825
$NLLagecompEsc
490.5517646
$NLLgenetics
261.6666641
$NLLselOne
7.851330729e-15
$NLLavailOne
1.328394297e-16
$NLLextra
0
$sigmaCat
0.5
$sigmaEsc
0.05
#OBSERVED_AND_PREDICTED_VALUES
$predEsc
 2966745.114 2157170.898 1041353.412 1413123.332 1022448.943
$obsEsc
 2968128 2157828 1042152 1382106 1041048
$predCatch
 8779138.691 7627778.334 4981616.059
$obsCatch
 8779140 7627780 4981617
$RunSize
 1e-06 1e-06 1e-06 1e-06 1e-06 0.0001811505775 1038709.099 4606804.879 0.0006160969224 1e-06 0.0001762226057 601393.6139 224680.2662 0.0001449849032 1e-06 1822.519106 1e-06 1e-06 1e-06 1e-06 1e-06 1e-06 1e-06 4632.207675 463745.0801 4573430.65 0.0005914576203 1e-06 0.0001880817405 43194.83393 428238.123 0.0001140422532 1e-06 83.89401928 1e-06 1e-06 1e-06 1e-06 1e-06 1e-06 1e-06 7860.513646 725918.3367 2554499.026 6961.99179 1e-06 1374.758434 103067.9942 255702.1308 0.0002374150539 1e-06 0.0005744851823 1e-06 1e-06 1e-06 1e-06 1e-06 1e-06 1e-06 90443.78425 688418.9621 3130106.69 0.0004938314765 1e-06 132041.4983 4126115.858 657260.368 0.0005577022261 1e-06 2996.946583 1e-06 1e-06 1e-06 1e-06 1e-06 1e-06 1e-06 28705.81356 2370556.127 2567496.631 5313.439028 1e-06 5936.429929 444828.3592 94424.56667 2470.789098 1e-06 138.5978009 1e-06 1e-06
$SSageCompEsc
 1 1 1 1 1
$obsAgeCompEsc
0 0 0 0 0 0 0.2122163 0.6460223 0 0 0 0.1114298 0.03033158 0 0 0 0 0 
0 0 0 0 0 0.002107675 0.1194307 0.7962998 0 0 0 0.0102719 0.07188988 0 0 0 0 0 
0 0 0 0 0 0.00731947 0.2925197 0.6002877 0.001280044 0 0.001280044 0.0390538 0.05825926 0 0 0 0 0 
0 0 0 0 0 0.06682049 0.1449679 0.1041375 0 0 0.09740353 0.5628794 0.02379123 0 0 0 0 0 
0 0 0 0 0 0.02499404 0.7282748 0.14622 0.000429375 0 0.005167869 0.09039064 0.004523326 0 0 0 0 0 
$predAgeCompEsc
3.305454939e-13 1.906399681e-13 1.421888726e-13 1.362784297e-13 3.251515895e-13 5.98785071e-11 0.1980194695 0.6550363922 8.396072116e-11 3.251515895e-13 5.824958823e-11 0.1146496594 0.03194703375 1.975831494e-11 3.305454939e-13 0.0003474449843 1.421888726e-13 1.362784297e-13 
4.530973588e-13 2.415458709e-13 1.750279139e-13 1.671925125e-13 4.444761675e-13 0.002098841063 0.1120157092 0.8004780262 9.888728554e-11 4.444761675e-13 8.521933984e-11 0.01043353378 0.07495362532 1.906701085e-11 4.530973588e-13 2.026425395e-05 1.750279139e-13 1.671925125e-13 
9.306807976e-13 3.85975877e-13 2.383785912e-13 2.218316869e-13 9.064803469e-13 0.007315629109 0.2801869666 0.6089378792 0.001544390383 9.064803469e-13 0.001279461276 0.03978175944 0.06095391371 5.266618188e-11 9.306807976e-13 2.217374221e-10 2.383785912e-13 2.218316869e-13 
6.775229756e-13 1.563407432e-13 2.536976506e-14 1.085914365e-14 6.530295741e-13 0.06127774182 0.1076279322 0.07941007134 5.362586945e-12 6.530295741e-13 0.0894611488 0.6450800199 0.01667454112 6.05616859e-12 6.775229756e-13 0.0004685448561 2.536976506e-14 1.085914365e-14 
9.427831809e-13 2.716473123e-13 7.592112861e-14 5.325323897e-14 9.13900325e-13 0.02706335822 0.6439552006 0.1949272419 0.0002829578383 9.13900325e-13 0.005596766292 0.1208364282 0.00716881967 0.0001315775223 9.427831809e-13 3.764972012e-05 7.592112861e-14 5.325323897e-14 
$SSageCompCatch
 1 1 1
$obsAgeCompCatch
0 0 0 0 0 0 0.08751552 0.8015054 0.0008711559 0 0 0.03982827 0.06984408 0 0 0.000435578 0 0 
0 0 0 0 0 0.0002934012 0.07176583 0.3992696 0 0 0.0005613691 0.4651256 0.06234134 0 0 0.0006426509 0 0 
0 0 0 0 0 0.0004466421 0.1682147 0.5717541 0.0007613994 0 0.0002758141 0.211185 0.04653489 0.0005516281 0 0.0002758141 0 0 
$predAgeCompCatch
7.878779568e-15 1.609721237e-13 2.061916203e-13 2.113998879e-13 1.434563053e-14 4.032936803e-05 0.1186365784 0.7805126278 0.0005736592712 1.434563053e-14 7.080225077e-06 0.03768601611 0.06245404229 3.456755001e-06 7.878779568e-15 8.62098217e-05 2.061916203e-13 2.113998879e-13 
6.059999209e-15 1.147062047e-13 1.443177274e-13 1.47717217e-13 1.099763962e-14 0.000470178531 0.1123861731 0.4466890586 0.000187412441 1.099763962e-14 0.0006577742748 0.3650875483 0.07418536897 6.875858214e-05 6.059999209e-15 0.000267727161 1.443177274e-13 1.47717217e-13 
7.229639829e-15 1.454552932e-13 1.862600036e-13 1.910166235e-13 1.315297446e-14 0.0002593980562 0.2925108969 0.5133136076 0.0007853056127 1.315297446e-14 0.0001603407815 0.1533129387 0.03920599588 0.0003576020542 7.229639829e-15 9.391443958e-05 1.862600036e-13 1.910166235e-13 
$genSS
 568 559 373
$obsGenComp     #GeneticFracData
0.35477682 0.3541329234 0.2802517306 0.006561540099 0.004276985916 
0.04284431356 0.01462346286 0.02038707207 0.8118543592 0.1102907923 
0.02037687725 0.01908403302 0.006963611352 0.2446343024 0.708941176 
$predGenComp     #catchGenComp_pred
0.352856749 0.3587149538 0.2773762796 0.004866894764 0.006185122922 
0.03895847696 0.0131448477 0.01849035518 0.804093973 0.1253123471 
0.02242651765 0.0214146527 0.007601184391 0.248530403 0.7000272422 
#PARAMETERS_OF_INTEREST
$catchByGroup
1.761155969e-08 1.272692707e-09 4.715185459e-10 
3.87040092e-07 3.447209645e-08 1.290761763e-08 
5.096336572e-07 4.97913197e-08 1.873688e-08 
5.243101312e-07 5.18585006e-08 1.952800261e-08 
3.215157979e-08 2.339485673e-09 8.670450807e-10 
3.190344208e-06 2.305490188e-07 8.541585687e-08 
402022.0652 35806.48024 13407.25988 
2347782.818 229378.8945 86317.15021 
0.0003230258582 3.194986262e-05 1.203114231e-05 
3.215157979e-08 2.339485673e-09 8.670450807e-10 
3.103554939e-06 2.242772251e-07 8.309222677e-08 
232763.4396 20731.29866 7762.558814 
114504.6258 11187.12697 4209.807186 
7.601705361e-05 7.518699689e-06 2.831265567e-06 
1.761155969e-08 1.272692707e-09 4.715185459e-10 
705.3879625 62.82605441 23.52437975 
5.096336572e-07 4.97913197e-08 1.873688e-08 
5.243101312e-07 5.18585006e-08 1.952800261e-08 
2.161803797e-08 4.7153593e-10 5.019898305e-10 
4.522999769e-07 1.290809054e-08 1.37362094e-08 
5.837614336e-07 1.873756445e-08 1.993587976e-08 
5.990313727e-07 1.952871567e-08 2.077708941e-08 
3.939880473e-08 8.67077041e-10 9.230649581e-10 
100.1392414 2.184252354 2.325321146 
209751.889 5986.063481 6370.099529 
2669792.433 85694.95157 91175.36354 
0.0003543016702 1.155040769e-05 1.228876786e-05 
3.939880473e-08 8.67077041e-10 9.230649581e-10 
4.065958207e-06 8.868729841e-08 9.441512102e-08 
19537.02239 557.5628273 593.333284 
249988.9006 8024.139428 8537.303728 
6.831488751e-05 2.227098738e-06 2.369466093e-06 
2.161803797e-08 4.7153593e-10 5.019898305e-10 
37.94526298 1.082911597 1.152385816 
5.837614336e-07 1.873756445e-08 1.993587976e-08 
5.990313727e-07 1.952871567e-08 2.077708941e-08 
2.949340584e-08 1.0587639e-09 2.802061498e-10 
5.616138873e-07 2.875881823e-08 7.689998013e-09 
6.989931075e-07 4.159425721e-08 1.117627593e-08 
7.140158207e-07 4.332892964e-08 1.16500656e-08 
5.357189044e-08 1.946412871e-09 5.152944108e-10 
231.8333191 8.322428086 2.202564264 
407685.8189 20876.55349 5582.310567 
1785577.213 106252.4895 28549.78597 
4970.972282 301.6556525 81.10766104 
5.357189044e-08 1.946412871e-09 5.152944108e-10 
40.54630843 1.455544601 0.3852157677 
57884.41687 2964.11371 792.5926705 
178734.027 10635.7402 2857.797569 
0.0001695181045 1.028694016e-05 2.765900951e-06 
2.949340584e-08 1.0587639e-09 2.802061498e-10 
0.0003226388564 1.652151493e-05 4.41778991e-06 
6.989931075e-07 4.159425721e-08 1.117627593e-08 
7.140158207e-07 4.332892964e-08 1.16500656e-08 
1.503899716e-10 3.773149762e-08 4.694587996e-09 
4.134425357e-09 6.533634155e-07 1.215734072e-07 
6.013665621e-09 7.861548213e-07 1.719809062e-07 
6.269293583e-09 7.997678973e-07 1.786174998e-07 
2.765797027e-10 6.829482167e-08 8.617271277e-09 
13.60183815 3412.57943 424.5963038 
2846.216813 449787.7644 83693.43882 
18823.41499 2460748.466 538318.5849 
3.095974507e-06 0.0003949505616 8.820694368e-05 
2.765797027e-10 6.829482167e-08 8.617271277e-09 
19.85771717 4982.123478 619.8804327 
17059.11803 2695853.15 501625.9635 
3952.544079 516708.4071 113036.2337 
3.496398987e-06 0.0004460323367 9.961537728e-05 
1.503899716e-10 3.773149762e-08 4.694587996e-09 
12.39065194 1958.095255 364.3490073 
6.013665621e-09 7.861548213e-07 1.719809062e-07 
6.269293583e-09 7.997678973e-07 1.786174998e-07 
2.9550507e-10 5.689840513e-09 3.006698735e-08 
8.108217816e-09 1.454510823e-07 5.686951924e-07 
1.178296797e-08 2.045456714e-07 7.06045883e-07 
1.228231671e-08 2.122701438e-07 7.209988216e-07 
5.434253795e-10 1.043975993e-08 5.460039304e-08 
8.482713446 163.3315009 863.0973331 
19220.98542 344799.9544 1348123.872 
30252.73057 525170.3222 1812770.426 
65.26134095 1127.884466 3830.983278 
5.434253795e-10 1.043975993e-08 5.460039304e-08 
1.754245142 33.77733951 178.4905636 
3606.765227 64700.7663 252971.7493 
1112.601645 19314.13638 66668.07655 
30.34701423 524.474757 1781.436028 
2.9550507e-10 5.689840513e-09 3.006698735e-08 
1.123781159 20.15920015 78.81990306 
1.178296797e-08 2.045456714e-07 7.06045883e-07 
1.228231671e-08 2.122701438e-07 7.209988216e-07 
$escByGroup
 9.806442291e-07 5.65580194e-07 4.218381431e-07 4.043033656e-07 9.646418895e-07 0.0001776442684 587473.2937 1943326.016 0.0002490900593 9.646418895e-07 0.0001728116813 340136.3168 94778.70629 5.861788433e-05 9.806442291e-07 1030.78071 4.218381431e-07 4.043033656e-07 9.774084363e-07 5.210557232e-07 3.775651222e-07 3.606628222e-07 9.588110533e-07 4527.55886 241637.0281 1726767.902 0.0002133167746 9.588110533e-07 0.0001838326798 22506.91543 161687.7792 4.113080091e-05 9.774084363e-07 43.71345888 3.775651222e-07 3.606628222e-07 9.691676241e-07 4.019372965e-07 2.482363593e-07 2.31005184e-07 9.439664023e-07 7618.155335 291773.6537 634119.5382 1608.256195 9.439664023e-07 1332.371365 41426.87094 63474.56603 5.484410821e-05 9.691676241e-07 0.000230907021 2.482363593e-07 2.31005184e-07 9.574235244e-07 2.209287519e-07 3.585060692e-08 1.534530926e-08 9.228113274e-07 86593.00668 152091.5421 112216.2246 7.577996729e-06 9.228113274e-07 126419.6366 911577.6268 23563.1831 8.558113134e-06 9.574235244e-07 662.1116681 3.585060692e-08 1.534530926e-08 9.639476671e-07 2.777455075e-07 7.762547772e-08 5.444871791e-08 9.344164216e-07 27670.90201 658411.3144 199303.1525 289.3099428 9.344164216e-07 5722.407781 123549.0784 7329.752096 134.5312986 9.639476671e-07 38.49491655 7.762547772e-08 5.444871791e-08
$catchByGroup
1.761155969e-08 3.87040092e-07 5.096336572e-07 5.243101312e-07 3.215157979e-08 3.190344208e-06 402022.0652 2347782.818 0.0003230258582 3.215157979e-08 3.103554939e-06 232763.4396 114504.6258 7.601705361e-05 1.761155969e-08 705.3879625 5.096336572e-07 5.243101312e-07 2.161803797e-08 4.522999769e-07 5.837614336e-07 5.990313727e-07 3.939880473e-08 100.1392414 209751.889 2669792.433 0.0003543016702 3.939880473e-08 4.065958207e-06 19537.02239 249988.9006 6.831488751e-05 2.161803797e-08 37.94526298 5.837614336e-07 5.990313727e-07 2.949340584e-08 5.616138873e-07 6.989931075e-07 7.140158207e-07 5.357189044e-08 231.8333191 407685.8189 1785577.213 4970.972282 5.357189044e-08 40.54630843 57884.41687 178734.027 0.0001695181045 2.949340584e-08 0.0003226388564 6.989931075e-07 7.140158207e-07 1.503899716e-10 4.134425357e-09 6.013665621e-09 6.269293583e-09 2.765797027e-10 13.60183815 2846.216813 18823.41499 3.095974507e-06 2.765797027e-10 19.85771717 17059.11803 3952.544079 3.496398987e-06 1.503899716e-10 12.39065194 6.013665621e-09 6.269293583e-09 2.9550507e-10 8.108217816e-09 1.178296797e-08 1.228231671e-08 5.434253795e-10 8.482713446 19220.98542 30252.73057 65.26134095 5.434253795e-10 1.754245142 3606.765227 1112.601645 30.34701423 2.9550507e-10 1.123781159 1.178296797e-08 1.228231671e-08 
1.272692707e-09 3.447209645e-08 4.97913197e-08 5.18585006e-08 2.339485673e-09 2.305490188e-07 35806.48024 229378.8945 3.194986262e-05 2.339485673e-09 2.242772251e-07 20731.29866 11187.12697 7.518699689e-06 1.272692707e-09 62.82605441 4.97913197e-08 5.18585006e-08 4.7153593e-10 1.290809054e-08 1.873756445e-08 1.952871567e-08 8.67077041e-10 2.184252354 5986.063481 85694.95157 1.155040769e-05 8.67077041e-10 8.868729841e-08 557.5628273 8024.139428 2.227098738e-06 4.7153593e-10 1.082911597 1.873756445e-08 1.952871567e-08 1.0587639e-09 2.875881823e-08 4.159425721e-08 4.332892964e-08 1.946412871e-09 8.322428086 20876.55349 106252.4895 301.6556525 1.946412871e-09 1.455544601 2964.11371 10635.7402 1.028694016e-05 1.0587639e-09 1.652151493e-05 4.159425721e-08 4.332892964e-08 3.773149762e-08 6.533634155e-07 7.861548213e-07 7.997678973e-07 6.829482167e-08 3412.57943 449787.7644 2460748.466 0.0003949505616 6.829482167e-08 4982.123478 2695853.15 516708.4071 0.0004460323367 3.773149762e-08 1958.095255 7.861548213e-07 7.997678973e-07 5.689840513e-09 1.454510823e-07 2.045456714e-07 2.122701438e-07 1.043975993e-08 163.3315009 344799.9544 525170.3222 1127.884466 1.043975993e-08 33.77733951 64700.7663 19314.13638 524.474757 5.689840513e-09 20.15920015 2.045456714e-07 2.122701438e-07 
4.715185459e-10 1.290761763e-08 1.873688e-08 1.952800261e-08 8.670450807e-10 8.541585687e-08 13407.25988 86317.15021 1.203114231e-05 8.670450807e-10 8.309222677e-08 7762.558814 4209.807186 2.831265567e-06 4.715185459e-10 23.52437975 1.873688e-08 1.952800261e-08 5.019898305e-10 1.37362094e-08 1.993587976e-08 2.077708941e-08 9.230649581e-10 2.325321146 6370.099529 91175.36354 1.228876786e-05 9.230649581e-10 9.441512102e-08 593.333284 8537.303728 2.369466093e-06 5.019898305e-10 1.152385816 1.993587976e-08 2.077708941e-08 2.802061498e-10 7.689998013e-09 1.117627593e-08 1.16500656e-08 5.152944108e-10 2.202564264 5582.310567 28549.78597 81.10766104 5.152944108e-10 0.3852157677 792.5926705 2857.797569 2.765900951e-06 2.802061498e-10 4.41778991e-06 1.117627593e-08 1.16500656e-08 4.694587996e-09 1.215734072e-07 1.719809062e-07 1.786174998e-07 8.617271277e-09 424.5963038 83693.43882 538318.5849 8.820694368e-05 8.617271277e-09 619.8804327 501625.9635 113036.2337 9.961537728e-05 4.694587996e-09 364.3490073 1.719809062e-07 1.786174998e-07 3.006698735e-08 5.686951924e-07 7.06045883e-07 7.209988216e-07 5.460039304e-08 863.0973331 1348123.872 1812770.426 3830.983278 5.460039304e-08 178.4905636 252971.7493 66668.07655 1781.436028 3.006698735e-08 78.81990306 7.06045883e-07 7.209988216e-07 
$Fmort
 0.314484768 0.2110096674 0.1639114178
#ESTIMATED_PARAMETERS
$availability
1.269057164 1.560932468 2.138159823 0.010741928 0.02110861862 
0.1355588972 0.05020479138 0.1127605272 4.094087335 0.6073884495 
0.06462823528 0.06880580128 0.03840251124 0.6448222425 4.18334121 
$availabilityVector
 1.269057164 0.1355588972 0.06462823528 1.560932468 0.05020479138 0.06880580128 2.138159823 0.1127605272 0.03840251124 0.010741928 4.094087335 0.6448222425 0.02110861862 0.6073884495 4.18334121
$selectivity
 0.04452148933 1.226401386 1.785527563 1.861665647 0.08188389989
$RunSize
 1e-06 1e-06 1e-06 1e-06 1e-06 0.0001811505775 1038709.099 4606804.879 0.0006160969224 1e-06 0.0001762226057 601393.6139 224680.2662 0.0001449849032 1e-06 1822.519106 1e-06 1e-06 1e-06 1e-06 1e-06 1e-06 1e-06 4632.207675 463745.0801 4573430.65 0.0005914576203 1e-06 0.0001880817405 43194.83393 428238.123 0.0001140422532 1e-06 83.89401928 1e-06 1e-06 1e-06 1e-06 1e-06 1e-06 1e-06 7860.513646 725918.3367 2554499.026 6961.99179 1e-06 1374.758434 103067.9942 255702.1308 0.0002374150539 1e-06 0.0005744851823 1e-06 1e-06 1e-06 1e-06 1e-06 1e-06 1e-06 90443.78425 688418.9621 3130106.69 0.0004938314765 1e-06 132041.4983 4126115.858 657260.368 0.0005577022261 1e-06 2996.946583 1e-06 1e-06 1e-06 1e-06 1e-06 1e-06 1e-06 28705.81356 2370556.127 2567496.631 5313.439028 1e-06 5936.429929 444828.3592 94424.56667 2470.789098 1e-06 138.5978009 1e-06 1e-06
