$ndistricts
3
$ngroups
90
$nstocks
5
$nagecomps
18
$AgeCompLabels
 0.1 0.2 0.3 0.4 0.5 1.1 1.2 1.3 1.4 1.5 2.1 2.2 2.3 2.4 3.1 3.2 3.3 3.4
$navailpar
15
$nselectpar
5
$GENdata
 1 1 1
$maxGradient
1.417449734e-05
#LIKELIHOOD_VALUES_AND_PENALTIES
$totalNLL
1192.590524
$NLLcatch
-4.150939679
$NLLescape
-10.38290519
$NLLagecompCatch
317.2479627
$NLLagecompEsc
647.7600109
$NLLgenetics
242.116395
$NLLselOne
3.497021127e-14
$NLLavailOne
9.892759706e-17
$NLLextra
0
$sigmaCat
0.1
$sigmaEsc
0.05
#OBSERVED_AND_PREDICTED_VALUES
$predEsc
 3750558.068 1098899.79 1154800.269 1565283.96 1130024.812
$obsEsc
 3751686 1099050 1156206 1562700 1128896
$predCatch
 10654227.73 12681096.43 2264958.619
$obsCatch
 10654229 12681099 2264959
$RunSize
 1e-06 1e-06 1e-06 1e-06 1e-06 11214.35825 1109668.717 5011223.261 5774.964867 1e-06 2875.5486 324945.0264 1349934.515 1732.346724 1e-06 0.0002094318164 1e-06 1e-06 1e-06 1e-06 1e-06 1e-06 1e-06 1405.411426 435861.7061 1000435.067 5585.434768 1e-06 9.149492279e-05 34862.18146 779324.9242 0.0001556391789 1e-06 0.0001690706216 1e-06 1e-06 1e-06 1e-06 1e-06 1e-06 1e-06 33947.36517 952146.9183 3598540.141 72400.91137 1e-06 1344.976579 180595.6519 523646.2794 0.002676359006 1e-06 0.0002331983155 1e-06 1e-06 1e-06 1e-06 1e-06 1e-06 1e-06 89895.92019 260235.5575 6328348.89 23164.69463 1e-06 138003.6627 1000320.376 6717666.382 0.0002457747728 1e-06 1592.309014 1e-06 1e-06 1e-06 1e-06 1e-06 1e-06 1e-06 167752.8155 385808.0499 2325867.241 32779.42255 1e-06 11644.80625 401555.7023 977748.1398 0.0001021393893 1e-06 0.0001184935831 1e-06 1e-06
$SSageCompEsc
 1 1 1 1 1
$obsAgeCompEsc
0 0 0 0 0 0.002977062 0.1788633 0.6046556 0.0007631236 0 0.0007631236 0.04864906 0.1633287 0 0 0 0 0 
0 0 0 0 0 0.001272918 0.2314908 0.4201974 0.002545835 0 0 0.01804831 0.3264447 0 0 0 0 0 
0 0 0 0 0 0.02902251 0.2740662 0.5529222 0.01417394 0 0.001149449 0.04841092 0.08025473 0 0 0 0 0 
0 0 0 0 0 0.05727907 0.04065592 0.3284264 0.002393934 0 0.08732386 0.1283458 0.355575 0 0 0 0 0 
0 0 0 0 0 0.1483972 0.1453349 0.4650446 0.006860685 0 0.01029058 0.1005788 0.1234932 0 0 0 0 0 
$predAgeCompEsc
2.653282648e-13 1.506022495e-13 1.224953668e-13 1.322893804e-13 2.445879124e-13 0.002975486215 0.1671186049 0.6138516314 0.0007639665243 2.445879124e-13 0.0007629643203 0.04893745193 0.1653607236 0.0002291710748 2.653282648e-13 3.154090266e-11 1.224953668e-13 1.322893804e-13 
9.057672287e-13 5.207524437e-13 4.219926907e-13 4.566702323e-13 8.378349868e-13 0.001272975613 0.2269760486 0.4221762859 0.002550701793 8.378349868e-13 8.287310266e-11 0.01815456619 0.3288694217 7.107578e-11 9.057672287e-13 8.804393938e-11 4.219926907e-13 4.566702323e-13 
8.582601611e-13 2.725321202e-13 1.569096215e-13 1.959995087e-13 7.386555703e-13 0.0291356711 0.2594906184 0.5646455716 0.01419054305 7.386555703e-13 0.001154339815 0.04921811592 0.08216513951 5.245650501e-10 8.582601611e-13 6.355403136e-11 1.569096215e-13 1.959995087e-13 
6.321045414e-13 1.421445761e-13 5.171197803e-14 8.205835358e-14 5.280086977e-13 0.0568236194 0.036991073 0.3272514388 0.001900856702 5.280086977e-13 0.08723274192 0.1421901158 0.3473838163 2.016787321e-11 6.321045414e-13 0.0002263380897 5.171197803e-14 8.205835358e-14 
8.789849755e-13 3.237509969e-13 1.755443779e-13 2.279258996e-13 7.831047224e-13 0.1474522044 0.1249057408 0.4082929178 0.007471279373 7.831047224e-13 0.01023560974 0.130004059 0.1716381889 2.328021219e-11 8.789849755e-13 3.836241567e-11 1.755443779e-13 2.279258996e-13 
$SSageCompCatch
 1 1 1
$obsAgeCompCatch
0 0 0 0 0 0 0.08603128 0.6416602 0.005600124 0 0 0.03530476 0.2310923 0.0003113318 0 0 0 0 
0 0 0 0 0 0 0.02334309 0.4798784 0.001566583 0 0.000619347 0.07522999 0.4190272 0 0 0.000335381 0 0 
0 0 0 0 0 0 0.05304776 0.5049398 0.007950254 0 0 0.1065595 0.3275026 0 0 0 0 0 
$predAgeCompCatch
1.727340651e-15 1.450410614e-13 1.774480358e-13 1.66268758e-13 2.899126048e-14 4.479313748e-05 0.1168602527 0.6176880598 0.005509554643 2.899126048e-14 1.494331483e-05 0.0351577783 0.2246317594 7.757290013e-05 1.727340651e-15 1.528583966e-05 1.774480358e-13 1.66268758e-13 
9.957074251e-16 7.803787019e-14 9.423738342e-14 8.867507717e-14 1.648951975e-14 9.55349584e-05 0.02805806942 0.4723903447 0.002481863065 1.648951975e-14 0.0001055403364 0.06031879661 0.4364631548 3.432333554e-06 9.957074251e-16 8.326376321e-05 9.423738342e-14 8.867507717e-14 
2.064664483e-15 1.876118433e-13 2.34321499e-13 2.179717198e-13 3.512933761e-14 0.0003324163913 0.07414625532 0.5744505817 0.007090201273 3.512933761e-14 2.928922318e-05 0.07637484688 0.2675666448 1.247105395e-06 2.064664483e-15 8.517331479e-06 2.34321499e-13 2.179717198e-13 
$genSS
 536 703 182
$obsGenComp     #GeneticFracData
0.3601550821 0.09861707789 0.3465799581 0.1759428931 0.01870498878 
0.01613110897 0.007503639481 0.0363606234 0.8576491546 0.08235547355 
0.006237320786 0.01111457466 0.02335208707 0.09362236441 0.8656736531 
$predGenComp     #catchGenComp_pred
0.3611128319 0.09757990202 0.3453074837 0.177544485 0.01845529734 
0.01624865117 0.007410700149 0.03784017089 0.8575685094 0.08093196837 
0.005908103742 0.01102034866 0.0216262461 0.1004148556 0.8610304459 
#PARAMETERS_OF_INTEREST
$catchByGroup
4.675233162e-09 1.839079321e-10 1.179473616e-11 
4.131177128e-07 2.069935712e-08 1.340448323e-09 
5.110809401e-07 2.769368776e-08 1.799385985e-09 
4.770854544e-07 2.512505687e-08 1.630485642e-09 
7.921717201e-08 3.2339568e-09 2.077029637e-10 
52.42973958 2.062409436 0.1322703968 
458423.8024 22969.42906 1487.453571 
2561140.696 138779.2523 9017.124906 
2755.151738 145.0963207 9.415997299 
7.921717201e-08 3.2339568e-09 2.077029637e-10 
13.44386017 0.5288361967 0.03391633706 
134240.5461 6726.153147 435.5720158 
689925.8013 37384.66496 2429.053248 
826.4774242 43.52530997 2.824566461 
4.675233162e-09 1.839079321e-10 1.179473616e-11 
8.651999298e-05 4.33510396e-06 2.807325271e-07 
5.110809401e-07 2.769368776e-08 1.799385985e-09 
4.770854544e-07 2.512505687e-08 1.630485642e-09 
4.281185893e-09 2.944169239e-10 7.697945767e-11 
3.860961525e-07 3.293259077e-08 8.716505516e-09 
4.806195653e-07 4.396674939e-08 1.168600595e-08 
4.476511071e-07 3.99200364e-08 1.059403399e-08 
7.277597791e-08 5.172471449e-09 1.354859314e-09 
6.016827572 0.4137769089 0.1081878094 
168284.5278 14354.0552 3799.190966 
480828.6671 43985.87788 11691.09015 
2500.326058 222.9707593 59.17228576 
7.277597791e-08 5.172471449e-09 1.354859314e-09 
3.917067728e-07 2.693765372e-08 7.043229536e-09 
13460.15413 1148.101955 303.876397 
374558.8063 34264.38363 9107.195701 
6.967205077e-05 6.213121689e-06 1.648846751e-06 
4.281185893e-09 2.944169239e-10 7.697945767e-11 
6.527751652e-05 5.567933594e-06 1.473705006e-06 
4.806195653e-07 4.396674939e-08 1.168600595e-08 
4.476511071e-07 3.99200364e-08 1.059403399e-08 
8.162222689e-09 6.546624611e-10 6.405019884e-11 
6.06252785e-07 7.176926399e-08 7.257785312e-09 
7.139086566e-07 9.515929067e-08 9.732779636e-09 
6.782179272e-07 8.661928054e-08 8.822506991e-09 
1.344058005e-07 1.146712664e-08 1.127421901e-09 
277.0859542 22.22406563 2.174335489 
577241.721 68334.88354 6910.477919 
2569028.958 342434.5273 35023.7982 
49103.59604 6271.314853 638.7575467 
1.344058005e-07 1.146712664e-08 1.127421901e-09 
10.97799835 0.8805056772 0.0861460173 
109486.6169 12961.21702 1310.72447 
373835.6118 49829.80851 5096.533844 
0.001815154657 0.0002318242915 2.361219604e-05 
8.162222689e-09 6.546624611e-10 6.405019884e-11 
0.0001413771282 1.673647147e-05 1.692503309e-06 
7.139086566e-07 9.515929067e-08 9.732779636e-09 
6.782179272e-07 8.661928054e-08 8.822506991e-09 
9.482985476e-10 9.521423842e-09 1.071780196e-10 
1.022782122e-07 6.631098304e-07 1.211533243e-08 
1.348644369e-07 7.679584201e-07 1.623321328e-08 
1.230100527e-07 7.338258108e-07 1.471951181e-08 
1.657008948e-08 1.550604761e-07 1.885889197e-09 
85.24817055 855.9371578 9.634866699 
26616.42758 172564.7564 3152.840289 
853469.2095 4859908.816 102729.4372 
2849.490308 16998.85082 340.9729961 
1.657008948e-08 1.550604761e-07 1.885889197e-09 
130.8686729 1313.991364 14.79095927 
102310.9797 663322.2749 12119.21389 
905974.2938 5158888.462 109049.3111 
3.023276776e-05 0.0001803558719 3.61768467e-06 
9.482985476e-10 9.521423842e-09 1.071780196e-10 
162.8585192 1055.87576 19.29135303 
1.348644369e-07 7.679584201e-07 1.623321328e-08 
1.230100527e-07 7.338258108e-07 1.471951181e-08 
3.365403764e-10 1.972250714e-09 4.416377204e-09 
3.755563576e-08 2.010947148e-07 3.9550299e-07 
5.009818491e-08 2.602551985e-07 4.91277114e-07 
4.550067126e-08 2.390070199e-07 4.579303871e-07 
5.910451566e-09 3.417115912e-08 7.499062263e-08 
56.45559566 330.8506102 740.8597101 
14489.2666 77583.95975 152588.2373 
116521.7271 605319.0406 1142645.346 
1491.48573 7834.512098 15010.69366 
5.910451566e-09 3.417115912e-08 7.499062263e-08 
3.918947479 22.96647744 51.42785686 
15080.67969 80750.72943 158816.4809 
48983.4071 254464.0362 480345.2843 
4.647410776e-06 2.441203105e-05 4.677273009e-05 
3.365403764e-10 1.972250714e-09 4.416377204e-09 
4.450101848e-06 2.38284333e-05 4.686456642e-05 
5.009818491e-08 2.602551985e-07 4.91277114e-07 
4.550067126e-08 2.390070199e-07 4.579303871e-07 
$escByGroup
 9.951290642e-07 5.648424817e-07 4.594259861e-07 4.96159003e-07 9.173411682e-07 11159.73383 626788.032 2302286.189 2865.300811 9.173411682e-07 2861.541987 183542.7552 620194.996 859.5194236 9.951290642e-07 0.0001182959869 4.594259861e-07 4.96159003e-07 9.953474177e-07 5.722547512e-07 4.637276794e-07 5.018348225e-07 9.206966913e-07 1398.872634 249423.9322 463929.432 2802.965665 9.206966913e-07 9.106923514e-05 19950.04898 361394.5386 7.810515974e-05 9.953474177e-07 9.675146652e-05 4.637276794e-07 5.018348225e-07 9.911190647e-07 3.147201657e-07 1.811992731e-07 2.263402852e-07 8.52999651e-07 33645.88081 299659.8359 652052.8577 16387.24293 8.52999651e-07 1333.031929 56837.09349 94884.32518 0.0006057678608 9.911190647e-07 7.339221248e-05 1.811992731e-07 2.263402852e-07 9.894230996e-07 2.224966249e-07 8.094392974e-08 1.284446246e-07 8.264835453e-07 88945.09999 57901.53322 512241.4279 2975.380506 8.264835453e-07 136544.0117 222567.9075 543754.3156 3.156844844e-05 9.894230996e-07 354.2833813 8.094392974e-08 1.284446246e-07 9.932748317e-07 3.658466594e-07 1.983695026e-07 2.575619218e-07 8.849277667e-07 166624.6495 141146.5862 461381.1277 8442.731068 8.849277667e-07 11566.49297 146907.8123 193955.4121 2.63072174e-05 9.932748317e-07 4.335048155e-05 1.983695026e-07 2.575619218e-07
$catchByGroup
4.675233162e-09 4.131177128e-07 5.110809401e-07 4.770854544e-07 7.921717201e-08 52.42973958 458423.8024 2561140.696 2755.151738 7.921717201e-08 13.44386017 134240.5461 689925.8013 826.4774242 4.675233162e-09 8.651999298e-05 5.110809401e-07 4.770854544e-07 4.281185893e-09 3.860961525e-07 4.806195653e-07 4.476511071e-07 7.277597791e-08 6.016827572 168284.5278 480828.6671 2500.326058 7.277597791e-08 3.917067728e-07 13460.15413 374558.8063 6.967205077e-05 4.281185893e-09 6.527751652e-05 4.806195653e-07 4.476511071e-07 8.162222689e-09 6.06252785e-07 7.139086566e-07 6.782179272e-07 1.344058005e-07 277.0859542 577241.721 2569028.958 49103.59604 1.344058005e-07 10.97799835 109486.6169 373835.6118 0.001815154657 8.162222689e-09 0.0001413771282 7.139086566e-07 6.782179272e-07 9.482985476e-10 1.022782122e-07 1.348644369e-07 1.230100527e-07 1.657008948e-08 85.24817055 26616.42758 853469.2095 2849.490308 1.657008948e-08 130.8686729 102310.9797 905974.2938 3.023276776e-05 9.482985476e-10 162.8585192 1.348644369e-07 1.230100527e-07 3.365403764e-10 3.755563576e-08 5.009818491e-08 4.550067126e-08 5.910451566e-09 56.45559566 14489.2666 116521.7271 1491.48573 5.910451566e-09 3.918947479 15080.67969 48983.4071 4.647410776e-06 3.365403764e-10 4.450101848e-06 5.009818491e-08 4.550067126e-08 
1.839079321e-10 2.069935712e-08 2.769368776e-08 2.512505687e-08 3.2339568e-09 2.062409436 22969.42906 138779.2523 145.0963207 3.2339568e-09 0.5288361967 6726.153147 37384.66496 43.52530997 1.839079321e-10 4.33510396e-06 2.769368776e-08 2.512505687e-08 2.944169239e-10 3.293259077e-08 4.396674939e-08 3.99200364e-08 5.172471449e-09 0.4137769089 14354.0552 43985.87788 222.9707593 5.172471449e-09 2.693765372e-08 1148.101955 34264.38363 6.213121689e-06 2.944169239e-10 5.567933594e-06 4.396674939e-08 3.99200364e-08 6.546624611e-10 7.176926399e-08 9.515929067e-08 8.661928054e-08 1.146712664e-08 22.22406563 68334.88354 342434.5273 6271.314853 1.146712664e-08 0.8805056772 12961.21702 49829.80851 0.0002318242915 6.546624611e-10 1.673647147e-05 9.515929067e-08 8.661928054e-08 9.521423842e-09 6.631098304e-07 7.679584201e-07 7.338258108e-07 1.550604761e-07 855.9371578 172564.7564 4859908.816 16998.85082 1.550604761e-07 1313.991364 663322.2749 5158888.462 0.0001803558719 9.521423842e-09 1055.87576 7.679584201e-07 7.338258108e-07 1.972250714e-09 2.010947148e-07 2.602551985e-07 2.390070199e-07 3.417115912e-08 330.8506102 77583.95975 605319.0406 7834.512098 3.417115912e-08 22.96647744 80750.72943 254464.0362 2.441203105e-05 1.972250714e-09 2.38284333e-05 2.602551985e-07 2.390070199e-07 
1.179473616e-11 1.340448323e-09 1.799385985e-09 1.630485642e-09 2.077029637e-10 0.1322703968 1487.453571 9017.124906 9.415997299 2.077029637e-10 0.03391633706 435.5720158 2429.053248 2.824566461 1.179473616e-11 2.807325271e-07 1.799385985e-09 1.630485642e-09 7.697945767e-11 8.716505516e-09 1.168600595e-08 1.059403399e-08 1.354859314e-09 0.1081878094 3799.190966 11691.09015 59.17228576 1.354859314e-09 7.043229536e-09 303.876397 9107.195701 1.648846751e-06 7.697945767e-11 1.473705006e-06 1.168600595e-08 1.059403399e-08 6.405019884e-11 7.257785312e-09 9.732779636e-09 8.822506991e-09 1.127421901e-09 2.174335489 6910.477919 35023.7982 638.7575467 1.127421901e-09 0.0861460173 1310.72447 5096.533844 2.361219604e-05 6.405019884e-11 1.692503309e-06 9.732779636e-09 8.822506991e-09 1.071780196e-10 1.211533243e-08 1.623321328e-08 1.471951181e-08 1.885889197e-09 9.634866699 3152.840289 102729.4372 340.9729961 1.885889197e-09 14.79095927 12119.21389 109049.3111 3.61768467e-06 1.071780196e-10 19.29135303 1.623321328e-08 1.471951181e-08 4.416377204e-09 3.9550299e-07 4.91277114e-07 4.579303871e-07 7.499062263e-08 740.8597101 152588.2373 1142645.346 15010.69366 7.499062263e-08 51.42785686 158816.4809 480345.2843 4.677273009e-05 4.416377204e-09 4.686456642e-05 4.91277114e-07 4.579303871e-07 
$Fmort
 0.3125840481 0.2146454565 0.07936133251
#ESTIMATED_PARAMETERS
$availability
1.269446618 1.162222736 2.220142609 0.2570070627 0.0911809759 
0.07255702737 0.1161624579 0.2583442013 3.774129352 0.7788069624 
0.01258469292 0.08213786205 0.06834176991 0.1143617608 4.722573915 
$availabilityVector
 1.269446618 0.07255702737 0.01258469292 1.162222736 0.1161624579 0.08213786205 2.220142609 0.2583442013 0.06834176991 0.2570070627 3.774129352 0.1143617608 0.0911809759 0.7788069624 4.722573915
$selectivity
 0.01180970958 1.343042448 1.803282569 1.633878286 0.2079870167
$RunSize
 1e-06 1e-06 1e-06 1e-06 1e-06 11214.35825 1109668.717 5011223.261 5774.964867 1e-06 2875.5486 324945.0264 1349934.515 1732.346724 1e-06 0.0002094318164 1e-06 1e-06 1e-06 1e-06 1e-06 1e-06 1e-06 1405.411426 435861.7061 1000435.067 5585.434768 1e-06 9.149492279e-05 34862.18146 779324.9242 0.0001556391789 1e-06 0.0001690706216 1e-06 1e-06 1e-06 1e-06 1e-06 1e-06 1e-06 33947.36517 952146.9183 3598540.141 72400.91137 1e-06 1344.976579 180595.6519 523646.2794 0.002676359006 1e-06 0.0002331983155 1e-06 1e-06 1e-06 1e-06 1e-06 1e-06 1e-06 89895.92019 260235.5575 6328348.89 23164.69463 1e-06 138003.6627 1000320.376 6717666.382 0.0002457747728 1e-06 1592.309014 1e-06 1e-06 1e-06 1e-06 1e-06 1e-06 1e-06 167752.8155 385808.0499 2325867.241 32779.42255 1e-06 11644.80625 401555.7023 977748.1398 0.0001021393893 1e-06 0.0001184935831 1e-06 1e-06
