$ndistricts
3
$ngroups
90
$nstocks
5
$nagecomps
18
$AgeCompLabels
 0.1 0.2 0.3 0.4 0.5 1.1 1.2 1.3 1.4 1.5 2.1 2.2 2.3 2.4 3.1 3.2 3.3 3.4
$navailpar
15
$nselectpar
5
$GENdata
 1 1 -1
$maxGradient
2.566417354e-06
#LIKELIHOOD_VALUES_AND_PENALTIES
$totalNLL
939.7112175
$NLLcatch
0.6773740579
$NLLescape
-6.918162303
$NLLagecompCatch
340.4930236
$NLLagecompEsc
477.2997447
$NLLgenetics
128.1592375
$NLLselOne
1.05157261e-16
$NLLavailOne
8.915254289e-11
$NLLextra
4.5e-198
$sigmaCat
0.5
$sigmaEsc
0.1
#OBSERVED_AND_PREDICTED_VALUES
$predEsc
 1134156.051 610046.86 1155163.787 1035259.199 1186377.491
$obsEsc
 1134840 610215 1155552 1034628 1185551
$predCatch
 5005801.179 2447513.44 1139191.835
$obsCatch
 5005802 2447514 1139192
$RunSize
 0 2135.628152 1.522481474e-09 0 0 48404.62569 1446973.506 643996.9677 3009.384363 0 13694.56013 156728.1227 207032.2698 2.283722211e-09 0 0 0 0 0 0 7.612407371e-09 0 0 0 503893.7614 618197.0198 1.979225916e-08 0 0 2.359846285e-08 84900.98531 2.05534999e-08 0 0 0 0 0 0 2.283722211e-09 0 0 8027.731872 439704.2189 2203979.729 21790.82354 0 8726.823529 130827.3973 1363640.488 4255.315434 0 0 0 0 0 0 9.134888845e-09 0 0 2557.45604 348143.8194 1736645.352 525.8610371 0 6050.65673 563617.9598 736155.6121 977.7151799 0 0 1516.607859 0 0 0 6433.967762 0 0 20636.25094 220335.5565 1635580.341 7771.318111 0 2839.733212 206523.6284 306569.5142 709.1328162 0 0 0 0
$SSageCompEsc
 1774 0 1377 1563 1230
$obsAgeCompEsc
0 0.001083928 0 0 0 0.04265325 0.5679675 0.2329272 0.001251599 0 0.01206739 0.06717257 0.07487653 0 0 0 0 0 
0 0 0 0 0 0 0.6011158 0.250188 0 0 0 0.1026919 0.0460043 0 0 0 0 0 
0 0 0 0 0 0.006947096 0.1143538 0.508625 0.006483664 0 0.007552081 0.04017933 0.3146182 0.001240778 0 0 0 0 
0 0 0 0 0 0.00247186 0.1249017 0.5148555 0 0 0.005848146 0.163541 0.1869215 0.0005755998 0 0 0.0008847118 0 
0 0 0 0 0 0.01740646 0.115576 0.6703722 0.001078525 0 0.002395285 0.06720632 0.1253839 0.0005813149 0 0 0 0 
$predAgeCompEsc
0 0.0008435353022 5.543049689e-16 0 0 0.04267898084 0.571528912 0.2344663795 0.001126392491 0 0.01207466974 0.06190483311 0.07537629706 8.54781989e-16 0 0 0 0 
0 0 6.134223358e-15 0 0 0 0.4334301889 0.4981549744 1.630629997e-14 0 0 2.029849741e-14 0.0684148367 1.693346535e-14 0 0 0 0 
0 0 5.309316879e-16 0 0 0.006949431444 0.1154238743 0.5123927385 0.005279446736 0 0.007554619762 0.0343426431 0.317026275 0.001030971186 0 0 0 0 
0 0 2.582989401e-15 0 0 0.00247035327 0.1113439923 0.4910554046 0.0001551032654 0 0.005844581258 0.1802573255 0.2081560242 0.0002883781196 0 0 0.0004288374047 0 
0 0 0.002608795108 0 0 0.01739433753 0.09631227844 0.6631823705 0.003233287987 0 0.002393616851 0.09027485856 0.1243054175 0.0002950375448 0 0 0 0 
$SSageCompCatch
 3360 3676 481
$obsAgeCompCatch
0 0 0 0 0 0 0.2724343 0.4661526 0.002054256 0 0 0.02434913 0.2345955 0.0004142831 0 0 0 0 
0 0 0.0003696038 0 0 0 0.0861532 0.5088899 0.0008609487 0 0 0.1670283 0.236698 0 0 0 0 0 
0 0 0.004901961 0 0 0 0.07199884 0.6688177 0.004901961 0 0 0.1129106 0.1364689 0 0 0 0 0 
$predAgeCompCatch
0 0.0002329154693 3.805269951e-06 0 0 3.275559603e-10 0.2665778396 0.4608048307 0.003459807528 0 1.450952078e-10 0.0363249413 0.2319827045 0.0006100850655 0 0 3.070121304e-06 0 
0 1.42080247e-06 0.0002206565273 0 0 6.052128096e-11 0.09872400094 0.5338724928 0.0004209088805 0 8.916988569e-11 0.152780883 0.2132747165 0.000290103946 0 0 0.0004148164128 0 
0 8.358136564e-06 0.002440189299 0 0 3.291490102e-10 0.09436960983 0.6743120702 0.00296306161 0 5.129271836e-11 0.08631924247 0.1392533138 0.0002972747789 0 0 3.687950251e-05 0 
$genSS
 308 306 -1
$obsGenComp     #GeneticFracData
0.2759281679 0.1160209847 0.599677159 0.00696125908 0.001412429379 
0.001812688822 0.0007049345418 0.003625377644 0.9119838872 0.08187311178 
0 0 0 0 0 
$predGenComp     #catchGenComp_pred
0.2741476775 0.1177094576 0.6000653606 0.006690625557 0.001386878638 
0.001693168721 0.000659506453 0.003650637505 0.9135247005 0.08047198686 
0 0 0 0 0 
#PARAMETERS_OF_INTEREST
$catchByGroup
0 0 0 
1165.928531 3.477433142 9.521520932 
8.836222511e-10 2.726512532e-12 7.464376092e-12 
0 0 0 
0 0 0 
0.001312389574 2.708825657e-06 7.427540815e-06 
789963.2213 2356.100064 6451.211329 
373764.8437 1153.292065 3157.368842 
1712.355222 5.223423148 14.30085783 
0 0 0 
0.0003712991819 7.663766694e-07 2.101388097e-06 
85564.42265 255.1996552 698.7593319 
120157.9943 370.7605562 1015.031546 
1.299449716e-09 3.963882982e-12 1.085244779e-11 
0 0 0 
0 0 0 
0 0 0 
0 0 0 
0 0 0 
0 0 0 
3.819673378e-09 1.058134226e-11 3.998895231e-11 
0 0 0 
0 0 0 
0 0 0 
236437.05 636.8358126 2407.149779 
310192.372 859.3016545 3247.468237 
9.717211209e-09 2.666450302e-11 1.007763579e-10 
0 0 0 
0 0 0 
1.107287164e-08 2.982443407e-11 1.12732165e-10 
42600.71979 118.0134404 445.9957655 
1.00909501e-08 2.769006083e-11 1.046523717e-10 
0 0 0 
0 0 0 
0 0 0 
0 0 0 
0 0 0 
0 0 0 
1.658200352e-09 4.962765925e-12 7.246034524e-12 
0 0 0 
0 0 0 
0.000324566877 5.452498113e-07 7.965068237e-07 
304233.3318 868.8131171 1268.594235 
1600299.697 4789.477216 6993.019173 
15579.28797 45.89641759 67.01346838 
0 0 0 
0.0003528316471 5.92732662e-07 8.658702858e-07 
90520.0661 258.5023157 377.4511928 
990133.1803 2963.33263 4326.70226 
3042.325795 8.962659615 13.0864006 
0 0 0 
0 0 0 
0 0 0 
0 0 0 
0 0 0 
0 0 0 
9.256761977e-11 6.115204458e-09 2.530532286e-10 
0 0 0 
0 0 0 
8.132490547e-07 8.838639193e-05 2.243120142e-06 
3208.909117 220885.6899 8779.32803 
17598.14808 1162569.307 48108.27157 
5.165411505 345.9989237 14.12461948 
0 0 0 
1.924056871e-06 0.0002091123792 5.306972934e-06 
5194.976068 357596.8751 14213.05414 
7459.770332 492807.5379 20392.86493 
9.603870382 643.3037934 26.26141491 
0 0 0 
0 0 0 
15.36841684 1015.268745 42.01282814 
0 0 0 
0 0 0 
0 0 0 
19.0484248 540.0598161 2779.843726 
0 0 0 
0 0 0 
1.91031279e-06 5.648618116e-05 0.0003644966972 
593.1513937 16880.88021 88598.80564 
4842.304202 137288.7231 706664.677 
22.29999573 633.0613775 3280.056648 
0 0 0 
2.628761732e-07 7.773005143e-06 5.015801465e-05 
555.9691769 15822.68738 83044.91158 
907.6306492 25733.09062 132455.6436 
2.034874721 57.76685384 299.3051854 
0 0 0 
0 0 0 
0 0 0 
0 0 0 
$escByGroup
 5e-101 956.7006672 6.286683345e-10 5e-101 5e-101 48404.62437 648202.9738 265921.463 1277.50486 5e-101 13694.55975 70209.74106 85488.48341 9.69456165e-10 5e-101 5e-101 5e-101 5e-101 5e-101 5e-101 3.742163698e-09 5e-101 5e-101 5e-101 264412.7258 303897.8779 9.947607095e-09 5e-101 5e-101 1.238303461e-08 41736.25631 1.033020737e-08 5e-101 5e-101 5e-101 5e-101 5e-101 5e-101 6.133130593e-10 5e-101 5e-101 8027.731546 133333.4798 591897.5363 6098.625686 5e-101 8726.823175 39671.37766 366217.2725 1190.940579 5e-101 5e-101 5e-101 5e-101 5e-101 5e-101 2.674063539e-09 5e-101 5e-101 2557.455949 115269.8923 508369.625 160.5720824 5e-101 6050.656514 186613.0545 215495.439 298.5461012 5e-101 5e-101 443.9578682 5e-101 5e-101 5e-101 3095.015795 5e-101 5e-101 20636.25052 114262.7193 786784.6369 3835.90009 5e-101 2839.733154 107100.0602 147473.1493 350.0259022 5e-101 5e-101 5e-101 5e-101
$catchByGroup
0 1165.928531 8.836222511e-10 0 0 0.001312389574 789963.2213 373764.8437 1712.355222 0 0.0003712991819 85564.42265 120157.9943 1.299449716e-09 0 0 0 0 0 0 3.819673378e-09 0 0 0 236437.05 310192.372 9.717211209e-09 0 0 1.107287164e-08 42600.71979 1.00909501e-08 0 0 0 0 0 0 1.658200352e-09 0 0 0.000324566877 304233.3318 1600299.697 15579.28797 0 0.0003528316471 90520.0661 990133.1803 3042.325795 0 0 0 0 0 0 9.256761977e-11 0 0 8.132490547e-07 3208.909117 17598.14808 5.165411505 0 1.924056871e-06 5194.976068 7459.770332 9.603870382 0 0 15.36841684 0 0 0 19.0484248 0 0 1.91031279e-06 593.1513937 4842.304202 22.29999573 0 2.628761732e-07 555.9691769 907.6306492 2.034874721 0 0 0 0 
0 3.477433142 2.726512532e-12 0 0 2.708825657e-06 2356.100064 1153.292065 5.223423148 0 7.663766694e-07 255.1996552 370.7605562 3.963882982e-12 0 0 0 0 0 0 1.058134226e-11 0 0 0 636.8358126 859.3016545 2.666450302e-11 0 0 2.982443407e-11 118.0134404 2.769006083e-11 0 0 0 0 0 0 4.962765925e-12 0 0 5.452498113e-07 868.8131171 4789.477216 45.89641759 0 5.92732662e-07 258.5023157 2963.33263 8.962659615 0 0 0 0 0 0 6.115204458e-09 0 0 8.838639193e-05 220885.6899 1162569.307 345.9989237 0 0.0002091123792 357596.8751 492807.5379 643.3037934 0 0 1015.268745 0 0 0 540.0598161 0 0 5.648618116e-05 16880.88021 137288.7231 633.0613775 0 7.773005143e-06 15822.68738 25733.09062 57.76685384 0 0 0 0 
0 9.521520932 7.464376092e-12 0 0 7.427540815e-06 6451.211329 3157.368842 14.30085783 0 2.101388097e-06 698.7593319 1015.031546 1.085244779e-11 0 0 0 0 0 0 3.998895231e-11 0 0 0 2407.149779 3247.468237 1.007763579e-10 0 0 1.12732165e-10 445.9957655 1.046523717e-10 0 0 0 0 0 0 7.246034524e-12 0 0 7.965068237e-07 1268.594235 6993.019173 67.01346838 0 8.658702858e-07 377.4511928 4326.70226 13.0864006 0 0 0 0 0 0 2.530532286e-10 0 0 2.243120142e-06 8779.32803 48108.27157 14.12461948 0 5.306972934e-06 14213.05414 20392.86493 26.26141491 0 0 42.01282814 0 0 0 2779.843726 0 0 0.0003644966972 88598.80564 706664.677 3280.056648 0 5.015801465e-05 83044.91158 132455.6436 299.3051854 0 0 0 0 
$Fmort
 0.4985667178 0.2082220336 0.105359997
#ESTIMATED_PARAMETERS
$availability
1.511212929 1.212384911 2.253518336 0.01772413748 0.005159687013 
0.007468626411 0.005795846071 0.009064605681 4.612364122 0.3653068012 
0.04047206131 0.04337187881 0.02616941697 0.23133515 4.65865 
$availabilityVector
 1.511212929 0.007468626411 0.04047206131 1.212384911 0.005795846071 0.04337187881 2.253518336 0.009064605681 0.02616941697 0.01772413748 4.612364122 0.23133515 0.005159687013 0.3653068012 4.65865
$selectivity
 3.59854524e-08 1.047899304 1.152596315 1.117087796 1.682416547
$RunSize
 0 2135.628152 1.522481474e-09 0 0 48404.62569 1446973.506 643996.9677 3009.384363 0 13694.56013 156728.1227 207032.2698 2.283722211e-09 0 0 0 0 0 0 7.612407371e-09 0 0 0 503893.7614 618197.0198 1.979225916e-08 0 0 2.359846285e-08 84900.98531 2.05534999e-08 0 0 0 0 0 0 2.283722211e-09 0 0 8027.731872 439704.2189 2203979.729 21790.82354 0 8726.823529 130827.3973 1363640.488 4255.315434 0 0 0 0 0 0 9.134888845e-09 0 0 2557.45604 348143.8194 1736645.352 525.8610371 0 6050.65673 563617.9598 736155.6121 977.7151799 0 0 1516.607859 0 0 0 6433.967762 0 0 20636.25094 220335.5565 1635580.341 7771.318111 0 2839.733212 206523.6284 306569.5142 709.1328162 0 0 0 0
