$ndistricts
3
$ngroups
90
$nstocks
5
$nagecomps
18
$AgeCompLabels
 0.1 0.2 0.3 0.4 0.5 1.1 1.2 1.3 1.4 1.5 2.1 2.2 2.3 2.4 3.1 3.2 3.3 3.4
$navailpar
15
$nselectpar
5
$GENdata
 1 1 1
$maxGradient
1.497683629e-05
#LIKELIHOOD_VALUES_AND_PENALTIES
$totalNLL
736.3879056
$NLLcatch
0.6773740579
$NLLescape
-6.879161672
$NLLagecompCatch
211.9934738
$NLLagecompEsc
382.8771961
$NLLgenetics
147.7190233
$NLLselOne
4.148131761e-16
$NLLavailOne
1.241052327e-15
$NLLextra
4e-198
$sigmaCat
0.5
$sigmaEsc
0.1
#OBSERVED_AND_PREDICTED_VALUES
$predEsc
 24322176.03 175018.9045 717804.4465 1475157.619 978312.0514
$obsEsc
 24325926 175020 717798 1444608 996612
$predCatch
 19139566.76 3179558.63 925689.8558
$obsCatch
 19139567 3179559 925690
$RunSize
 0 0 5.651565882e-09 0 0 5.651565882e-09 362536.2426 398292.1698 5.651565882e-09 0 1.41289147e-08 41687353.92 4759.507416 0 0 1952.443914 5.651565882e-09 0 0 0 634.8316722 0 0 10447.2777 43912.62444 101674.8167 5.651565882e-09 0 5.651565882e-09 145738.7172 44301.76971 0 0 674.7552042 5.651565882e-09 0 0 0 5.651565882e-09 0 0 148.1877768 97945.3152 249931.9005 5.651565882e-09 0 3782.002861 479661.4463 233127.371 0 0 5.651565882e-09 2438.354683 0 0 0 5.651565882e-09 0 0 5.651565882e-09 41549.2373 298039.9562 685.4699903 0 5.651565882e-09 3633863.052 556523.8493 0 0 9242.617767 1703.329356 0 0 0 9371.919264 0 0 207.4068261 285995.7284 340499.2267 564.3262493 0 1087.673548 1732138.798 132498.0511 0 0 5.651565882e-09 5.651565882e-09 0
$SSageCompEsc
 3350 329 2842 2043 2622
$obsAgeCompEsc
0 0 0 0 0 0 0.003937251 0.005630093 0 0 0 0.9902682 8.640199e-05 0 0 7.806456e-05 0 0 
0 0 0.001512402 0 0 0.05077887 0.1390894 0.2385302 0 0 0 0.4637826 0.1041452 0 0 0.002161313 0 0 
0 0 0 0 0 0.0001889645 0.09773704 0.2127555 0 0 0.004762171 0.4832032 0.1992208 0 0 0 0.002132345 0 
0 0 0 0 0 0 0.01097317 0.0369397 0.0002004727 0 0 0.8913253 0.05908169 0 0 0.001479623 0 0 
0 0 0 0 0 0 0.0979676 0.058409 0 0 0.001043838 0.8203193 0.02226029 0 0 0 0 0 
$predAgeCompEsc
0 0 9.964613861e-17 0 0 1.993298066e-16 0.008559907875 0.007022527488 1.068841433e-16 0 4.983245165e-16 0.9842875474 8.39177222e-05 0 0 4.609950143e-05 9.964613861e-17 0 
0 0 0.001490354703 0 0 0.05070779956 0.1396109369 0.2386956227 1.426385694e-14 0 2.743092299e-14 0.4633455438 0.1040045003 0 0 0.002145241999 1.326782856e-14 0 
0 0 4.820302161e-15 0 0 0.0001884301665 0.09850622439 0.2131705275 5.012017754e-15 0 0.004809056752 0.4824083517 0.1988377016 0 0 5.683931037e-15 0.002079707924 0 
0 0 5.242539657e-16 0 0 3.046851241e-15 0.01037963734 0.02764696232 8.70686635e-05 0 3.046851241e-15 0.9077947774 0.05162460124 0 0 0.002308947811 0.0001580052658 0 
0 0 0.002012610391 0 0 0.0001743144537 0.1268576234 0.07312187211 0.000149911526 0 0.000914132017 0.7683157107 0.02845382542 0 0 2.5068354e-15 1.213668183e-15 0 
$SSageCompCatch
 6141 6053 2037
$obsAgeCompCatch
0 0 0 0 0 0 0.0187982 0.03107395 0 0 7.143784e-05 0.9333827 0.01667375 0 0 0 0 0 
0 0 0.0003881113 0 0 0 0.01913273 0.06134899 0 0 0 0.8251607 0.09134859 0 0 0.002141878 0.0004790203 0 
0 0 0.007116803 0 0 0.0002324583 0.1354156 0.1942729 0.0004655737 0 0 0.5850049 0.07749177 0 0 0 0 0 
$predAgeCompCatch
0 0 5.507484491e-05 0 0 8.117692455e-05 0.01135326123 0.02580097977 1.318725774e-05 0 1.773641366e-05 0.9461392907 0.01628999882 0 0 0.0001712897472 7.800429438e-05 0 
0 0 0.0007523601005 0 0 1.321931029e-05 0.02351583 0.08098091629 0.0001490089748 0 1.998269583e-05 0.7898844075 0.1032467674 0 0 0.001150726889 0.0002867808239 0 
0 0 0.004678314167 0 0 2.866628206e-05 0.1049124582 0.1720026836 0.0002684644447 0 0.0001300697997 0.6485963351 0.06933891744 0 0 3.223722825e-05 1.185378487e-05 0 
$genSS
 328 284 280
$obsGenComp     #GeneticFracData
0.9026619789 0.007533902562 0.01577096936 0.07041687594 0.00361627323 
0.2405063291 0.001506931887 0.002210166767 0.6060880048 0.1496885674 
0.002411333266 0.0005023610972 0.001105194414 0.01778358284 0.9781975284 
$predGenComp     #catchGenComp_pred
0.9056726757 0.008754415684 0.01785556096 0.0606034536 0.007113894094 
0.2505076763 0.001349178032 0.002016774594 0.5947338561 0.151392515 
0.002194872414 0.0005621473114 0.00115587063 0.01678195186 0.9793051578 
#PARAMETERS_OF_INTEREST
$catchByGroup
0 0 0 
0 0 0 
3.070046182e-09 1.57505145e-10 4.036306143e-13 
0 0 0 
0 0 0 
7.73431719e-10 2.992370516e-11 7.581347307e-14 
147553.43 6769.958429 17.26808588 
216360.4532 11100.12114 28.44572929 
2.906240099e-09 1.45298893e-10 3.719402285e-13 
0 0 0 
1.933579298e-09 7.48092629e-11 1.895336827e-13 
16966888.64 778464.6605 1985.624395 
2585.461778 132.6441063 0.3399204649 
0 0 0 
0 0 0 
794.6510237 36.45970411 0.09299751369 
3.070046182e-09 1.57505145e-10 4.036306143e-13 
0 0 0 
0 0 0 
0 0 0 
362.9201271 9.872409626 1.198887876 
0 0 0 
0 0 0 
1538.035774 30.7098236 3.70856703 
18966.12396 456.6226307 55.32461011 
58125.38824 1581.167865 192.0142148 
3.064247661e-09 8.103782308e-11 9.835780609e-12 
0 0 0 
8.320167949e-10 1.66128054e-11 2.006188742e-12 
62945.41973 1515.454776 183.6132049 
25326.40478 688.9467506 83.66446874 
0 0 0 
0 0 0 
291.4307903 7.01639905 0.8501101692 
3.230883238e-09 8.788876778e-11 1.067305573e-11 
0 0 0 
0 0 0 
0 0 0 
2.143029594e-09 4.156354343e-11 6.93842002e-12 
0 0 0 
0 0 0 
12.69226934 0.2053084 0.03418774831 
26675.91111 480.9867156 80.2114924 
94772.22247 1838.084456 306.8410663 
2.009212069e-09 3.831123085e-11 6.393951885e-12 
0 0 0 
323.9281943 5.239817836 0.8725291969 
130638.2656 2355.506062 392.8147087 
88400.0763 1714.498214 286.2101676 
0 0 0 
0 0 0 
1.539233079e-09 2.775352865e-11 4.628302363e-12 
924.6050305 17.93249214 2.993564845 
0 0 0 
0 0 0 
0 0 0 
1.885802657e-09 2.965930844e-09 2.647514923e-11 
0 0 0 
0 0 0 
4.149277417e-10 7.370701802e-10 4.982139114e-12 
9855.392785 16252.33287 129.9105371 
99449.34787 156410.7925 1396.188681 
213.9324678 340.1379687 2.959551505 
0 0 0 
4.149277417e-10 7.370701802e-10 4.982139114e-12 
861944.768 1421416.03 11361.87163 
185699.7115 292062.6397 2607.074263 
0 0 0 
0 0 0 
2192.329736 3615.327509 28.89856748 
568.3633691 893.9039513 7.979363563 
0 0 0 
0 0 0 
0 0 0 
691.1885436 2382.300641 4329.469079 
0 0 0 
0 0 0 
2.963123481 11.1164401 22.79333173 
14245.64348 50810.05956 96833.68355 
25112.16304 86553.40523 157297.6497 
38.46593202 133.6448031 245.5552616 
0 0 0 
15.53907887 58.29633515 119.531765 
86279.02216 307732.1329 586475.124 
9771.865551 33680.42161 61209.04367 
0 0 0 
0 0 0 
2.815083748e-10 1.00405835e-09 1.913531875e-09 
4.168087113e-10 1.43660318e-09 2.610807781e-09 
0 0 0 
$escByGroup
 5e-101 5e-101 2.423610924e-09 5e-101 5e-101 4.848134644e-09 208195.5862 170803.1498 2.599654949e-09 5e-101 1.212033661e-08 23940014.99 2041.061612 5e-101 5e-101 1121.240189 2.423610924e-09 5e-101 5e-101 5e-101 260.8402475 5e-101 5e-101 8874.823531 24434.55324 41776.24641 2.496444617e-09 5e-101 4.800930093e-09 81094.22951 18202.75371 5e-101 5e-101 375.4579046 2.322120821e-09 5e-101 5e-101 5e-101 3.460034325e-09 5e-101 5e-101 135.2560113 70708.20588 153014.7525 3.59764863e-09 5e-101 3451.96232 346274.8599 142726.5864 5e-101 5e-101 4.079950972e-09 1492.823595 5e-101 5e-101 5e-101 7.733572317e-10 5e-101 5e-101 4.494585821e-09 15311.6011 40783.6271 128.4400023 5e-101 4.494585821e-09 1339140.382 76154.42383 5e-101 5e-101 3406.061954 233.0826717 5e-101 5e-101 5e-101 1968.961001 5e-101 5e-101 170.5339308 124106.3418 71536.00871 146.6602526 5e-101 894.3063688 751652.519 27836.72032 5e-101 5e-101 2.452467283e-09 1.18734621e-09 5e-101
$catchByGroup
0 0 3.070046182e-09 0 0 7.73431719e-10 147553.43 216360.4532 2.906240099e-09 0 1.933579298e-09 16966888.64 2585.461778 0 0 794.6510237 3.070046182e-09 0 0 0 362.9201271 0 0 1538.035774 18966.12396 58125.38824 3.064247661e-09 0 8.320167949e-10 62945.41973 25326.40478 0 0 291.4307903 3.230883238e-09 0 0 0 2.143029594e-09 0 0 12.69226934 26675.91111 94772.22247 2.009212069e-09 0 323.9281943 130638.2656 88400.0763 0 0 1.539233079e-09 924.6050305 0 0 0 1.885802657e-09 0 0 4.149277417e-10 9855.392785 99449.34787 213.9324678 0 4.149277417e-10 861944.768 185699.7115 0 0 2192.329736 568.3633691 0 0 0 691.1885436 0 0 2.963123481 14245.64348 25112.16304 38.46593202 0 15.53907887 86279.02216 9771.865551 0 0 2.815083748e-10 4.168087113e-10 0 
0 0 1.57505145e-10 0 0 2.992370516e-11 6769.958429 11100.12114 1.45298893e-10 0 7.48092629e-11 778464.6605 132.6441063 0 0 36.45970411 1.57505145e-10 0 0 0 9.872409626 0 0 30.7098236 456.6226307 1581.167865 8.103782308e-11 0 1.66128054e-11 1515.454776 688.9467506 0 0 7.01639905 8.788876778e-11 0 0 0 4.156354343e-11 0 0 0.2053084 480.9867156 1838.084456 3.831123085e-11 0 5.239817836 2355.506062 1714.498214 0 0 2.775352865e-11 17.93249214 0 0 0 2.965930844e-09 0 0 7.370701802e-10 16252.33287 156410.7925 340.1379687 0 7.370701802e-10 1421416.03 292062.6397 0 0 3615.327509 893.9039513 0 0 0 2382.300641 0 0 11.1164401 50810.05956 86553.40523 133.6448031 0 58.29633515 307732.1329 33680.42161 0 0 1.00405835e-09 1.43660318e-09 0 
0 0 4.036306143e-13 0 0 7.581347307e-14 17.26808588 28.44572929 3.719402285e-13 0 1.895336827e-13 1985.624395 0.3399204649 0 0 0.09299751369 4.036306143e-13 0 0 0 1.198887876 0 0 3.70856703 55.32461011 192.0142148 9.835780609e-12 0 2.006188742e-12 183.6132049 83.66446874 0 0 0.8501101692 1.067305573e-11 0 0 0 6.93842002e-12 0 0 0.03418774831 80.2114924 306.8410663 6.393951885e-12 0 0.8725291969 392.8147087 286.2101676 0 0 4.628302363e-12 2.993564845 0 0 0 2.647514923e-11 0 0 4.982139114e-12 129.9105371 1396.188681 2.959551505 0 4.982139114e-12 11361.87163 2607.074263 0 0 28.89856748 7.979363563 0 0 0 4329.469079 0 0 22.79333173 96833.68355 157297.6497 245.5552616 0 119.531765 586475.124 61209.04367 0 0 1.913531875e-09 2.610807781e-09 0 
$Fmort
 4.682693022 1.967645271 1.134560612
#ESTIMATED_PARAMETERS
$availability
1.512206345 1.636356277 0.9200634332 0.7835176547 0.1478562943 
0.1298195048 0.07198704718 0.03390286863 3.417218385 1.347072195 
0.0005689062469 0.01505706345 0.009785170765 0.03740233742 4.937186526 
$availabilityVector
 1.512206345 0.1298195048 0.0005689062469 1.636356277 0.07198704718 0.01505706345 0.9200634332 0.03390286863 0.009785170765 0.7835176547 3.417218385 0.03740233742 0.1478562943 1.347072195 4.937186526
$selectivity
 0.02078318511 0.0737963206 0.1106528001 0.1019647938 4.692802904
$RunSize
 0 0 5.651565882e-09 0 0 5.651565882e-09 362536.2426 398292.1698 5.651565882e-09 0 1.41289147e-08 41687353.92 4759.507416 0 0 1952.443914 5.651565882e-09 0 0 0 634.8316722 0 0 10447.2777 43912.62444 101674.8167 5.651565882e-09 0 5.651565882e-09 145738.7172 44301.76971 0 0 674.7552042 5.651565882e-09 0 0 0 5.651565882e-09 0 0 148.1877768 97945.3152 249931.9005 5.651565882e-09 0 3782.002861 479661.4463 233127.371 0 0 5.651565882e-09 2438.354683 0 0 0 5.651565882e-09 0 0 5.651565882e-09 41549.2373 298039.9562 685.4699903 0 5.651565882e-09 3633863.052 556523.8493 0 0 9242.617767 1703.329356 0 0 0 9371.919264 0 0 207.4068261 285995.7284 340499.2267 564.3262493 0 1087.673548 1732138.798 132498.0511 0 0 5.651565882e-09 5.651565882e-09 0
