$ndistricts
3
$ngroups
90
$nstocks
5
$nagecomps
18
$AgeCompLabels
 0.1 0.2 0.3 0.4 0.5 1.1 1.2 1.3 1.4 1.5 2.1 2.2 2.3 2.4 3.1 3.2 3.3 3.4
$navailpar
15
$nselectpar
5
$GENdata
 1 1 1
$maxGradient
3.989662684e-05
#LIKELIHOOD_VALUES_AND_PENALTIES
$totalNLL
953.5504819
$NLLcatch
0.6773740579
$NLLescape
-6.915368743
$NLLagecompCatch
350.9372464
$NLLagecompEsc
432.8806402
$NLLgenetics
175.97059
$NLLselOne
5.106039298e-17
$NLLavailOne
7.32504831e-16
$NLLextra
2.7e-198
$sigmaCat
0.5
$sigmaEsc
0.1
#OBSERVED_AND_PREDICTED_VALUES
$predEsc
 10034971.76 550068.0956 1111119.265 1274353.373 1315099.564
$obsEsc
 10038720 550068.2 1111140 1266692 1321108
$predCatch
 18966273.82 14425974.21 4509444.909
$obsCatch
 18966276 14425979 4509446
$RunSize
 0 3170.202277 2358.524911 8.691285883e-09 0 0 2057059.942 839565.7898 5.794190588e-09 0 1738.893752 20678732.97 3090486.046 5.794190588e-09 0 11654.43538 5.794190588e-09 0 0 5.794190588e-09 5.794190588e-09 211.7459471 0 0 850649.3446 1008695.755 10683.97931 0 2.172821471e-07 1.4775186e-07 3.858930932e-06 5.794190588e-09 0 1.448547647e-08 1.738257177e-08 0 0 5.794190588e-09 5.794190588e-09 5.794190588e-09 0 0 403406.3615 824178.7684 5.794190588e-09 0 2075.167018 1367746.326 486652.8394 3029.512406 0 2269.220462 5.794190588e-09 0 0 1200.526015 716.4596873 5.794190588e-09 0 60.68710217 1166733.271 704308.9274 3973.39212 0 17926.0688 8503002.522 4095635.315 3726.931919 2795.593471 182869.9706 157255.9162 0 0 4562.238511 254.3620879 1357.90781 0 6125.250177 1989448.017 759983.8479 10363.95837 0 403.8781705 1933049.403 988171.2832 1222.973135 0 8.691285883e-09 7790.476895 0
$SSageCompEsc
 3659 0 1295 3996 2138
$obsAgeCompEsc
0 0.0002083617 0.0001420547 0 0 0 0.07842533 0.02706108 0 0 0.0001721762 0.7967296 0.09674496 0 0 0.0005164036 0 0 
0 0 0 0 0 0 0.6011158 0.250188 0 0 0 0.1026919 0.0460043 0 0 0 0 0 
0 0 0 0 0 0 0.1398022 0.2400058 0 0 0.001846338 0.4750269 0.1417045 0.000807123 0 0.000807123 0 0 
0 0 0 0 0 4.676977e-05 0.09665996 0.03194892 4.676977e-05 0 0.01375365 0.658348 0.1798893 9.757458e-05 0.002154482 0.01426915 0.002785443 0 
0 0.000962361 0 0 0 0.004582994 0.4201384 0.1211175 0 0 0.0003021008 0.3440598 0.1088369 0 0 0 0 0 
$predAgeCompEsc
0 0.0001215386662 7.654186957e-05 2.26008028e-16 0 0 0.07886320805 0.02724666375 1.506720187e-16 0 0.0001711471023 0.7927776855 0.1002964093 1.506720187e-16 0 0.0004468057267 1.880404902e-16 0 
0 3.405619668e-15 2.847712247e-15 8.29356068e-05 0 0 0.4999815063 0.4957509098 0.004184648253 0 3.889334217e-13 8.684330153e-14 1.896576357e-12 2.269439954e-15 0 8.51404917e-15 8.543136741e-15 0 
0 2.01012963e-15 1.689499394e-15 1.334088977e-15 0 0 0.1399503637 0.2403182133 1.334088977e-15 0 0.001845265397 0.4745006871 0.141900696 0.0006975329938 0 0.0007872414994 1.689499394e-15 0 
0 9.48869553e-05 2.966134039e-05 2.820136916e-17 0 4.637764495e-05 0.09221605061 0.02915830047 1.933921508e-05 0 0.01369926762 0.672058756 0.1695587838 1.813964889e-05 0.002136418395 0.01445364325 0.006510375033 0 
0 0.0008706563022 3.542646558e-05 0.0001131306645 0 0.00458427795 0.3796656946 0.1058473055 0.0008634470535 0 0.0003022717012 0.3689025992 0.1376282772 0.0001018889224 0 1.65864253e-15 0.00108502436 0 
$SSageCompCatch
 9568 8746 8195
$obsAgeCompCatch
0 0 0 9.478095e-06 0 0 0.1090542 0.09619061 0.0004588496 0 0 0.6651762 0.1283436 0 0 0.0005177376 0.0002493148 0 
0 0.0002688825 8.54086e-05 0 0 0 0.0860219 0.05400201 0.0003027873 0 6.191182e-05 0.5820916 0.254346 0.0001731407 0 0.009930559 0.01271576 0 
0 0.000507815 9.695903e-05 0.0003472534 0 0 0.2476905 0.1067983 0.002615729 0 0 0.4141261 0.2212456 0.0003501666 0 0.002200899 0.004020691 0 
$predAgeCompCatch
0 9.82609796e-05 7.854149059e-05 9.103068881e-06 0 2.559976755e-08 0.1056965203 0.09324018711 0.000447743582 0 2.758851692e-06 0.6738207678 0.1253805504 0.0001142083418 7.624179528e-08 0.0007631782873 0.0003480778675 0 
0 0.0001109799686 5.21613567e-05 1.335524673e-05 0 7.746140848e-07 0.08975727486 0.05654548359 0.0003611399534 0 3.164495617e-05 0.5639480542 0.2685905357 0.0002660870705 4.897947198e-06 0.01067736057 0.009640249924 0 
0 0.0006614498535 5.205630161e-05 0.0002239614225 0 1.915839843e-05 0.2947285472 0.124869981 0.001742454248 0 2.701378926e-06 0.3864886802 0.1878392087 0.0002312020289 2.079634832e-07 0.001000167184 0.002140224112 0 
$genSS
 317 313 321
$obsGenComp     #GeneticFracData
0.809118541 0.06616008105 0.09128672746 0.03191489362 0.001519756839 
0.06341856251 0.001308637004 0.01499899336 0.8776927723 0.04258103483 
0.08362649513 0.001005126143 0.002814353201 0.07518343552 0.83737059 
$predGenComp     #catchGenComp_pred
0.8077564323 0.06844481166 0.09237365543 0.02976346019 0.00166164047 
0.06435472465 0.001253219588 0.01480463054 0.8756966634 0.04389076182 
0.08898784168 0.0008761114422 0.002812689629 0.08173351633 0.8255898409 
#PARAMETERS_OF_INTEREST
$catchByGroup
0 0 0 
1795.996366 107.9288637 46.63996469 
1458.230552 92.26724345 39.93161618 
5.857859239e-09 3.944257976e-10 1.710166682e-10 
0 0 0 
0 0 0 
1165374.275 70032.16914 30263.43265 
519087.3666 32844.43627 14214.48581 
3.905239493e-09 2.629505318e-10 1.140111122e-10 
0 0 0 
20.23347665 0.843121719 0.3608159785 
11715003.02 704003.075 304225.1854 
1910788.032 120902.1058 52324.27354 
3.905239493e-09 2.629505318e-10 1.140111122e-10 
0 0 0 
6602.519892 396.7727791 171.4598651 
3.582436505e-09 2.266730324e-10 9.810004278e-11 
0 0 0 
0 0 0 
3.857886151e-09 5.168955871e-11 1.129215329e-11 
4.155235599e-09 5.951147932e-11 1.300785777e-11 
163.0436312 2.52894885 0.5531357425 
0 0 0 
0 0 0 
566379.0785 7588.581798 1657.809257 
723374.2913 10360.20056 2264.504544 
8226.626327 127.6021458 27.90934567 
0 0 0 
3.309085937e-09 2.725984324e-11 5.934686068e-12 
9.837609686e-08 1.318083747e-09 2.87949909e-10 
2.767386909e-06 3.963464523e-08 8.663233275e-09 
4.461506283e-09 6.920185169e-11 1.513593983e-11 
0 0 0 
9.644715378e-09 1.292238968e-10 2.823038323e-11 
1.24657068e-08 1.78534438e-10 3.902357331e-11 
0 0 0 
0 0 0 
3.161070206e-09 3.772703209e-10 2.235630513e-11 
3.458742832e-09 4.324631073e-10 2.574932529e-11 
3.781738736e-09 5.001633885e-10 2.995650039e-11 
0 0 0 
0 0 0 
220081.789 26266.52423 1556.503116 
491979.3996 61514.53007 3662.642241 
3.781738736e-09 5.001633885e-10 2.995650039e-11 
0 0 0 
22.78944322 1.9553229 0.1123207145 
746185.6999 89056.45877 5277.312461 
290499.0773 36322.48472 2162.680373 
1977.295058 261.5121417 15.66285889 
0 0 0 
1237.992621 147.7530845 8.755560292 
3.458742832e-09 4.324631073e-10 2.574932529e-11 
0 0 0 
0 0 0 
43.55254534 1007.62798 28.4259777 
29.86171228 629.2896797 19.50926612 
2.800892755e-10 5.294953167e-09 1.832096365e-10 
0 0 0 
0.03139044795 1.533845559 0.02035788006 
42326.61605 979264.9848 27625.83529 
29355.27416 618617.2749 19178.39976 
192.0724738 3631.037824 125.636828 
0 0 0 
9.272272187 453.075201 6.01341546 
308470.9521 7136757.681 201333.5463 
170704.2079 3597328.756 111524.5431 
180.1586684 3405.813058 117.84387 
1.446022766 70.65765997 0.9377998707 
6634.135859 153486.8023 4329.983392 
6554.354709 138122.9494 4282.093708 
0 0 0 
0 0 0 
24.09573439 485.437321 2907.705732 
1.547152924 30.92146356 175.304142 
9.607665832 190.1334961 1009.388561 
0 0 0 
0.4541417532 9.640717253 86.37338441 
10507.38818 211683.8725 1267958.566 
4622.588382 92387.24628 523774.2679 
73.32857795 1451.155685 7703.955264 
0 0 0 
0.0299445631 0.6356761167 5.695167293 
10209.51554 205682.8728 1232013.367 
6010.534442 120126.7947 681039.0666 
8.652956492 171.2400179 909.0860832 
0 0 0 
4.590354398e-11 9.247816669e-10 5.539320603e-09 
47.38543863 947.0473741 5369.12902 
0 0 0 
$escByGroup
 5e-101 1219.637083 768.0954993 2.267984178e-09 5e-101 5e-101 791390.0654 273419.5011 1.511989452e-09 5e-101 1717.456338 7955501.684 1006471.635 1.511989452e-09 5e-101 4483.682848 1.886981008e-09 5e-101 5e-101 1.873322725e-09 1.566435653e-09 45.62023129 5e-101 5e-101 275023.875 272696.7589 2301.841495 5e-101 2.139398666e-07 4.776972949e-08 1.043246145e-06 1.248346514e-09 5e-101 4.683306813e-09 4.699306958e-09 5e-101 5e-101 2.233493756e-09 1.877235324e-09 1.482331963e-09 5e-101 5e-101 155501.5452 267022.1964 1.482331963e-09 5e-101 2050.309931 527226.8545 157668.597 775.042347 5e-101 874.7191959 1.877235324e-09 5e-101 5e-101 120.9195116 37.79902919 3.593850992e-11 5e-101 59.10150829 117515.8352 37157.97857 24.64499397 5e-101 17457.70791 856440.3428 216077.8081 23.11632276 2722.551988 18419.04903 8296.518385 5e-101 5e-101 1144.999723 46.58932944 148.7780876 5e-101 6028.781934 499298.1895 139199.7453 1135.518844 5e-101 397.5173825 485143.6474 180994.8874 133.9940774 5e-101 2.181280068e-09 1426.915062 5e-101
$catchByGroup
0 1795.996366 1458.230552 5.857859239e-09 0 0 1165374.275 519087.3666 3.905239493e-09 0 20.23347665 11715003.02 1910788.032 3.905239493e-09 0 6602.519892 3.582436505e-09 0 0 3.857886151e-09 4.155235599e-09 163.0436312 0 0 566379.0785 723374.2913 8226.626327 0 3.309085937e-09 9.837609686e-08 2.767386909e-06 4.461506283e-09 0 9.644715378e-09 1.24657068e-08 0 0 3.161070206e-09 3.458742832e-09 3.781738736e-09 0 0 220081.789 491979.3996 3.781738736e-09 0 22.78944322 746185.6999 290499.0773 1977.295058 0 1237.992621 3.458742832e-09 0 0 43.55254534 29.86171228 2.800892755e-10 0 0.03139044795 42326.61605 29355.27416 192.0724738 0 9.272272187 308470.9521 170704.2079 180.1586684 1.446022766 6634.135859 6554.354709 0 0 24.09573439 1.547152924 9.607665832 0 0.4541417532 10507.38818 4622.588382 73.32857795 0 0.0299445631 10209.51554 6010.534442 8.652956492 0 4.590354398e-11 47.38543863 0 
0 107.9288637 92.26724345 3.944257976e-10 0 0 70032.16914 32844.43627 2.629505318e-10 0 0.843121719 704003.075 120902.1058 2.629505318e-10 0 396.7727791 2.266730324e-10 0 0 5.168955871e-11 5.951147932e-11 2.52894885 0 0 7588.581798 10360.20056 127.6021458 0 2.725984324e-11 1.318083747e-09 3.963464523e-08 6.920185169e-11 0 1.292238968e-10 1.78534438e-10 0 0 3.772703209e-10 4.324631073e-10 5.001633885e-10 0 0 26266.52423 61514.53007 5.001633885e-10 0 1.9553229 89056.45877 36322.48472 261.5121417 0 147.7530845 4.324631073e-10 0 0 1007.62798 629.2896797 5.294953167e-09 0 1.533845559 979264.9848 618617.2749 3631.037824 0 453.075201 7136757.681 3597328.756 3405.813058 70.65765997 153486.8023 138122.9494 0 0 485.437321 30.92146356 190.1334961 0 9.640717253 211683.8725 92387.24628 1451.155685 0 0.6356761167 205682.8728 120126.7947 171.2400179 0 9.247816669e-10 947.0473741 0 
0 46.63996469 39.93161618 1.710166682e-10 0 0 30263.43265 14214.48581 1.140111122e-10 0 0.3608159785 304225.1854 52324.27354 1.140111122e-10 0 171.4598651 9.810004278e-11 0 0 1.129215329e-11 1.300785777e-11 0.5531357425 0 0 1657.809257 2264.504544 27.90934567 0 5.934686068e-12 2.87949909e-10 8.663233275e-09 1.513593983e-11 0 2.823038323e-11 3.902357331e-11 0 0 2.235630513e-11 2.574932529e-11 2.995650039e-11 0 0 1556.503116 3662.642241 2.995650039e-11 0 0.1123207145 5277.312461 2162.680373 15.66285889 0 8.755560292 2.574932529e-11 0 0 28.4259777 19.50926612 1.832096365e-10 0 0.02035788006 27625.83529 19178.39976 125.636828 0 6.01341546 201333.5463 111524.5431 117.84387 0.9377998707 4329.983392 4282.093708 0 0 2907.705732 175.304142 1009.388561 0 86.37338441 1267958.566 523774.2679 7703.955264 0 5.695167293 1232013.367 681039.0666 909.0860832 0 5.539320603e-09 5369.12902 0 
$Fmort
 0.5309755457 0.3943083835 0.2034970096
#ESTIMATED_PARAMETERS
$availability
1.512741854 1.983538088 1.427265217 0.06687161148 0.009583232688 
0.08440912119 0.0218370212 0.1640729395 4.455527066 0.2741538535 
0.06998461802 0.009211374896 0.018254224 0.113149809 4.789399976 
$availabilityVector
 1.512741854 0.08440912119 0.06998461802 1.983538088 0.0218370212 0.009211374896 1.427265217 0.1640729395 0.018254224 0.06687161148 4.455527066 0.113149809 0.009583232688 0.2741538535 4.789399976
$selectivity
 0.01457126135 1.040698757 1.198998009 1.395410511 1.350321462
$RunSize
 0 3170.202277 2358.524911 8.691285883e-09 0 0 2057059.942 839565.7898 5.794190588e-09 0 1738.893752 20678732.97 3090486.046 5.794190588e-09 0 11654.43538 5.794190588e-09 0 0 5.794190588e-09 5.794190588e-09 211.7459471 0 0 850649.3446 1008695.755 10683.97931 0 2.172821471e-07 1.4775186e-07 3.858930932e-06 5.794190588e-09 0 1.448547647e-08 1.738257177e-08 0 0 5.794190588e-09 5.794190588e-09 5.794190588e-09 0 0 403406.3615 824178.7684 5.794190588e-09 0 2075.167018 1367746.326 486652.8394 3029.512406 0 2269.220462 5.794190588e-09 0 0 1200.526015 716.4596873 5.794190588e-09 0 60.68710217 1166733.271 704308.9274 3973.39212 0 17926.0688 8503002.522 4095635.315 3726.931919 2795.593471 182869.9706 157255.9162 0 0 4562.238511 254.3620879 1357.90781 0 6125.250177 1989448.017 759983.8479 10363.95837 0 403.8781705 1933049.403 988171.2832 1222.973135 0 8.691285883e-09 7790.476895 0
