$ndistricts
3
$ngroups
90
$nstocks
5
$nagecomps
18
$AgeCompLabels
 0.1 0.2 0.3 0.4 0.5 1.1 1.2 1.3 1.4 1.5 2.1 2.2 2.3 2.4 3.1 3.2 3.3 3.4
$navailpar
15
$nselectpar
5
$GENdata
 -1 -1 -1
$maxGradient
6.159334383e-05
#LIKELIHOOD_VALUES_AND_PENALTIES
$totalNLL
1015.043478
$NLLcatch
0.6773740579
$NLLescape
-6.705749563
$NLLagecompCatch
409.0820802
$NLLagecompEsc
611.9897735
$NLLgenetics
0
$NLLselOne
9.265872106e-17
$NLLavailOne
1.945099676e-09
$NLLextra
3.352638633e-10
$sigmaCat
0.5
$sigmaEsc
0.1
#OBSERVED_AND_PREDICTED_VALUES
$predEsc
 1655959.025 3547433.012 1870689.859 1200334.927 772691.5561
$obsEsc
 1686804 3676146 1831170 1152120 790202
$predCatch
 286514.998 2291501.591 1748933.613
$obsCatch
 286515 2291502 1748934
$RunSize
 0 0 0 0 0 1.49473689e-09 956070.572 345184.4114 1.49473689e-09 1.49473689e-09 49220.17936 316101.1107 116503.6951 1.49473689e-09 0 1.49473689e-09 1.49473689e-09 0 0 0 0 0 0 1933.074383 746999.4624 2255030.301 38971.81315 1.49473689e-09 2.98947378e-09 243964.6175 551503.7054 5.231579114e-09 0 2.242105335e-09 2.242105335e-09 0 0 0 0 0 0 2719.398174 348073.8192 795452.8547 5136.349307 1.49473689e-09 6525.913382 259587.6722 661629.0816 1569.864988 0 1.49473689e-09 1.49473689e-09 0 0 0 0 0 0 550.6809152 161602.5263 74111.24827 3.736842225e-09 1.49473689e-09 174627.6057 489876.0725 2052126.594 3051.900076 90.61868419 233569.8565 9069.559712 0 0 0 0 0 0 2164.024397 1221009.667 294822.3117 11689.18238 137.5110906 23719.29399 510424.4713 408900.2402 337.3211362 0 4.708421203e-08 5.904210715e-07 0
$SSageCompEsc
 754 719 1403 1361 1338
$obsAgeCompEsc
0 0 0 0 0 0 0.5565759 0.1932866 0 0 0.02930283 0.1652956 0.05553909 0 0 0 0 0 
0 0 0 0 0 0.0005172036 0.2114327 0.6149804 0.01308874 0 0 0.05524194 0.1047391 0 0 0 0 0 
0 0 0 0 0 0.001459492 0.18735 0.4090485 0.003004464 0 0.003589505 0.1213726 0.2735928 0.0005826119 0 0 0 0 
0 0 0 0 0 0.0004097143 0.07928961 0.02346943 0 0 0.1339212 0.1557943 0.5386654 0.0001990716 7.456547e-05 0.06548679 0.002689972 0 
0 0 0 0 0 0.002278043 0.6788042 0.08453227 0.0007247806 0 0.02619208 0.1416412 0.06582739 0 0 0 0 0 
$predAgeCompEsc
0 0 0 0 0 8.931190865e-16 0.540140667 0.1883091576 7.971205097e-16 7.732939843e-16 0.02940951142 0.178584165 0.06355649895 7.971205097e-16 0 8.444650472e-16 8.154268711e-16 0 
0 0 0 0 0 0.000540012294 0.1989588986 0.5830450876 0.009884469535 3.695187565e-16 8.351218184e-16 0.06497853617 0.1425929958 1.32689193e-15 0 5.971715247e-16 5.797032975e-16 0 
0 0 0 0 0 0.001435797182 0.172119857 0.3775244323 0.002373522288 6.664707959e-16 0.003445574147 0.1283641301 0.3140112477 0.000725439279 0 7.391360266e-16 7.094068396e-16 0 
0 0 0 0 0 0.0004080141363 0.0626838495 0.01826660641 6.575975467e-16 1.507512047e-16 0.1293862375 0.1900175617 0.5057989126 0.0005370636173 6.714179327e-05 0.09059918846 0.002235424196 0 
0 0 0 0 0 0.002410026787 0.569852058 0.06774357456 0.001365189591 -7.493543043e-12 0.02641566055 0.2382179629 0.09395613157 3.939602352e-05 0 2.197446577e-14 1.356655595e-13 0 
$SSageCompCatch
 7313 5619 6440
$obsAgeCompCatch
0 0 0 0 0 8.237834e-05 0.1485048 0.4101038 0.003292009 0 0.0004193545 0.1079352 0.3275659 0.0005262022 0 0.001570314 0 0 
0 0 0 0 0 7.306108e-05 0.06353699 0.07721369 0.001289437 0 0.009434905 0.1776307 0.5938638 0.001368123 0 0.07342173 0.002167557 0 
0 0 0 0 0 0.0002358166 0.2959916 0.1248785 0.006334526 7.633671e-05 0.001896897 0.272973 0.2841542 0.0003471309 0 0.01261387 0.0004981176 0 
$predAgeCompCatch
0 0 0 0 0 7.897632253e-05 0.195679637 0.4813651075 0.00741649392 1.040048326e-06 0.001099697655 0.08444244143 0.2273557551 0.0003620359873 1.30566162e-07 0.002077032434 0.000121652094 0 
0 0 0 0 0 4.597980208e-05 0.09642442225 0.09273802433 0.001435795996 8.704487676e-06 0.008127715829 0.1308765632 0.6167880182 0.001011066707 4.090586068e-06 0.05001142745 0.002528191161 0 
0 0 0 0 0 0.0001633209762 0.4110765771 0.1449602038 0.00561644601 6.705043504e-05 0.002452188231 0.181446453 0.2481059476 0.0002895063554 3.516720106e-07 0.005502850193 0.0003191045974 0 
$genSS
 -1 -1 -1
$obsGenComp     #GeneticFracData
0 0 0 0 0 
0 0 0 0 0 
0 0 0 0 0 
$predGenComp     #catchGenComp_pred
0 0 0 0 0 
0 0 0 0 0 
0 0 0 0 0 
#PARAMETERS_OF_INTEREST
$catchByGroup
0 0 0 
0 0 0 
0 0 0 
0 0 0 
0 0 0 
6.250549582e-12 7.737847171e-12 1.779881727e-12 
24435.48113 30172.06269 7012.216118 
13228.87635 16309.18256 3814.103558 
6.931823118e-11 8.537451199e-11 2.004524495e-11 
8.498568287e-11 1.045358611e-10 2.467219399e-11 
205.8242983 254.799509 58.60971147 
8078.988049 9975.646997 2318.415992 
4464.897388 5504.53604 1287.303665 
6.931823118e-11 8.537451199e-11 2.004524495e-11 
0 0 0 
3.820284415e-11 4.717151272e-11 1.096301718e-11 
5.7284422e-11 7.062293666e-11 1.651604505e-11 
0 0 0 
0 0 0 
0 0 0 
0 0 0 
0 0 0 
0 0 0 
8.112068536 6.838215115 2.466660245 
19158.62119 16177.66486 5869.811497 
86721.57702 73303.7661 26691.56632 
1813.551831 1533.957895 559.8098898 
8.527742427e-11 7.219219202e-11 2.642423804e-11 
1.254520592e-11 1.057520857e-11 3.814657208e-12 
6257.067005 5283.508245 1917.037948 
21209.14785 17927.60772 6527.849194 
2.434513336e-10 2.059186226e-10 7.51489215e-11 
0 0 0 
5.750425392e-11 4.855696758e-11 1.761813272e-11 
8.62245223e-11 7.288361711e-11 2.653858053e-11 
0 0 0 
0 0 0 
0 0 0 
0 0 0 
0 0 0 
0 0 0 
13.95245701 17.42023542 2.094253902 
10888.31293 13549.76131 1652.87405 
37256.39534 46270.96076 5694.371752 
290.8326711 360.7474377 44.64512488 
1.036373675e-10 1.283393331e-10 1.600003019e-11 
33.4826017 41.80445091 5.025714768 
8120.322903 10105.1869 1232.686009 
30988.52997 38486.52135 4736.373665 
88.8895985 110.2582278 13.64525936 
0 0 0 
4.67577913e-11 5.818687577e-11 7.097953594e-12 
7.000855948e-11 8.694784557e-11 1.07003042e-11 
0 0 0 
0 0 0 
0 0 0 
0 0 0 
0 0 0 
0 0 0 
0.2273318429 56.96235966 3.737605006 
411.738986 79290.4286 6658.744734 
284.8163217 47339.97186 4560.41441 
1.744331619e-11 2.652527627e-09 2.775339781e-10 
8.596661875e-12 1.169541739e-09 1.35646553e-10 
72.0896881 18063.456 1185.239937 
1248.13072 240358.1469 20185.07875 
7886.510639 1310834.96 126277.0215 
14.2460545 2166.334241 226.6635618 
0.03740916366 9.373584481 0.6150510001 
595.1009437 114601.2656 9624.119671 
34.85514947 5793.354067 558.092756 
0 0 0 
0 0 0 
0 0 0 
0 0 0 
0 0 0 
0 0 0 
0.3360435044 24.14197941 277.3390259 
1170.996582 81766.79951 697751.997 
426.65779 29285.44901 212765.3169 
20.55223829 1395.423477 9218.336198 
0.2979894439 19.94634735 117.2667596 
3.683283186 264.6137945 3039.83906 
489.517264 34181.36363 291684.5819 
591.7478626 40617.09937 295092.2835 
0.5930871934 40.2684993 266.018575 
0 0 0 
4.515562233e-11 3.153067032e-09 2.690650522e-08 
8.544392316e-10 5.864802456e-08 4.260909754e-07 
0 0 0 
$escByGroup
 5e-101 5e-101 5e-101 5e-101 5e-101 1.478968611e-09 894450.8121 311832.2489 1.319998902e-09 1.280543152e-09 48700.94584 295728.0597 105246.958 1.319998902e-09 5e-101 1.398399516e-09 1.350313486e-09 5e-101 5e-101 5e-101 5e-101 5e-101 5e-101 1915.657439 705793.3649 2068313.391 35064.49354 1.310843035e-09 2.962538708e-09 230507.0043 505839.1007 4.707060237e-09 5e-101 2.118425981e-09 2.056458615e-09 5e-101 5e-101 5e-101 5e-101 5e-101 5e-101 2685.931227 321982.8709 706231.1269 4440.124073 1.246760159e-09 6445.600614 240129.4764 587417.6567 1357.071902 5e-101 1.382694269e-09 1.327080181e-09 5e-101 5e-101 5e-101 5e-101 5e-101 5e-101 489.7536187 75241.61394 21926.04568 7.893373035e-10 1.809519364e-10 155306.82 228084.7161 607128.1011 644.6562181 80.59263955 108749.3703 2683.25774 5e-101 5e-101 5e-101 5e-101 5e-101 5e-101 1862.207348 440319.8735 52344.88804 1054.87047 1.727056825e-195 20411.15785 184069.0084 72599.10951 30.44097472 5e-101 1.697948415e-08 1.048276323e-07 5e-101
$catchByGroup
0 0 0 0 0 6.250549582e-12 24435.48113 13228.87635 6.931823118e-11 8.498568287e-11 205.8242983 8078.988049 4464.897388 6.931823118e-11 0 3.820284415e-11 5.7284422e-11 0 0 0 0 0 0 8.112068536 19158.62119 86721.57702 1813.551831 8.527742427e-11 1.254520592e-11 6257.067005 21209.14785 2.434513336e-10 0 5.750425392e-11 8.62245223e-11 0 0 0 0 0 0 13.95245701 10888.31293 37256.39534 290.8326711 1.036373675e-10 33.4826017 8120.322903 30988.52997 88.8895985 0 4.67577913e-11 7.000855948e-11 0 0 0 0 0 0 0.2273318429 411.738986 284.8163217 1.744331619e-11 8.596661875e-12 72.0896881 1248.13072 7886.510639 14.2460545 0.03740916366 595.1009437 34.85514947 0 0 0 0 0 0 0.3360435044 1170.996582 426.65779 20.55223829 0.2979894439 3.683283186 489.517264 591.7478626 0.5930871934 0 4.515562233e-11 8.544392316e-10 0 
0 0 0 0 0 7.737847171e-12 30172.06269 16309.18256 8.537451199e-11 1.045358611e-10 254.799509 9975.646997 5504.53604 8.537451199e-11 0 4.717151272e-11 7.062293666e-11 0 0 0 0 0 0 6.838215115 16177.66486 73303.7661 1533.957895 7.219219202e-11 1.057520857e-11 5283.508245 17927.60772 2.059186226e-10 0 4.855696758e-11 7.288361711e-11 0 0 0 0 0 0 17.42023542 13549.76131 46270.96076 360.7474377 1.283393331e-10 41.80445091 10105.1869 38486.52135 110.2582278 0 5.818687577e-11 8.694784557e-11 0 0 0 0 0 0 56.96235966 79290.4286 47339.97186 2.652527627e-09 1.169541739e-09 18063.456 240358.1469 1310834.96 2166.334241 9.373584481 114601.2656 5793.354067 0 0 0 0 0 0 24.14197941 81766.79951 29285.44901 1395.423477 19.94634735 264.6137945 34181.36363 40617.09937 40.2684993 0 3.153067032e-09 5.864802456e-08 0 
0 0 0 0 0 1.779881727e-12 7012.216118 3814.103558 2.004524495e-11 2.467219399e-11 58.60971147 2318.415992 1287.303665 2.004524495e-11 0 1.096301718e-11 1.651604505e-11 0 0 0 0 0 0 2.466660245 5869.811497 26691.56632 559.8098898 2.642423804e-11 3.814657208e-12 1917.037948 6527.849194 7.51489215e-11 0 1.761813272e-11 2.653858053e-11 0 0 0 0 0 0 2.094253902 1652.87405 5694.371752 44.64512488 1.600003019e-11 5.025714768 1232.686009 4736.373665 13.64525936 0 7.097953594e-12 1.07003042e-11 0 0 0 0 0 0 3.737605006 6658.744734 4560.41441 2.775339781e-10 1.35646553e-10 1185.239937 20185.07875 126277.0215 226.6635618 0.6150510001 9624.119671 558.092756 0 0 0 0 0 0 277.3390259 697751.997 212765.3169 9218.336198 117.2667596 3039.83906 291684.5819 295092.2835 266.018575 0 2.690650522e-08 4.260909754e-07 0 
$Fmort
 0.02359086002 0.2266954928 0.2461399413
#ESTIMATED_PARAMETERS
$availability
1.4851545 1.4904055 1.823068357 0.1463384521 0.05503964531 
0.1914217929 0.1306991979 0.2370202286 4.027095714 0.4137652429 
0.04047206131 0.04337187881 0.02616941697 0.23133515 4.65865 
$availabilityVector
 1.4851545 0.1914217929 0.04047206131 1.4904055 0.1306991979 0.04337187881 1.823068357 0.2370202286 0.02616941697 0.1463384521 4.027095714 0.23133515 0.05503964531 0.4137652429 4.65865
$selectivity
 0.1196045425 0.7389677087 1.115358215 1.355306951 1.670762584
$RunSize
 0 0 0 0 0 1.49473689e-09 956070.572 345184.4114 1.49473689e-09 1.49473689e-09 49220.17936 316101.1107 116503.6951 1.49473689e-09 0 1.49473689e-09 1.49473689e-09 0 0 0 0 0 0 1933.074383 746999.4624 2255030.301 38971.81315 1.49473689e-09 2.98947378e-09 243964.6175 551503.7054 5.231579114e-09 0 2.242105335e-09 2.242105335e-09 0 0 0 0 0 0 2719.398174 348073.8192 795452.8547 5136.349307 1.49473689e-09 6525.913382 259587.6722 661629.0816 1569.864988 0 1.49473689e-09 1.49473689e-09 0 0 0 0 0 0 550.6809152 161602.5263 74111.24827 3.736842225e-09 1.49473689e-09 174627.6057 489876.0725 2052126.594 3051.900076 90.61868419 233569.8565 9069.559712 0 0 0 0 0 0 2164.024397 1221009.667 294822.3117 11689.18238 137.5110906 23719.29399 510424.4713 408900.2402 337.3211362 0 4.708421203e-08 5.904210715e-07 0
