$ndistricts
3
$ngroups
90
$nstocks
5
$nagecomps
18
$AgeCompLabels
 0.1 0.2 0.3 0.4 0.5 1.1 1.2 1.3 1.4 1.5 2.1 2.2 2.3 2.4 3.1 3.2 3.3 3.4
$navailpar
15
$nselectpar
5
$GENdata
 1 -1 -1
$maxGradient
1.28341297e-06
#LIKELIHOOD_VALUES_AND_PENALTIES
$totalNLL
876.9067035
$NLLcatch
0.6773740579
$NLLescape
-6.905383784
$NLLagecompCatch
316.9172469
$NLLagecompEsc
487.3849039
$NLLgenetics
78.83256241
$NLLselOne
7.221076158e-17
$NLLavailOne
2.786263217e-10
$NLLextra
4e-198
$sigmaCat
0.5
$sigmaEsc
0.1
#OBSERVED_AND_PREDICTED_VALUES
$predEsc
 2314993.875 4216621.986 2739908.417 1613763.423 811673.0453
$obsEsc
 2320332 4218990 2744622 1621734 799612
$predCatch
 1911839.843 8015948.283 2216634.564
$obsCatch
 1911840 8015950 2216635
$RunSize
 0 0 0 0 0 3210.710002 595485.1726 1038073.86 11445.15109 0 1358.708386 694928.9018 170870.7287 2.647850272e-09 0 1466.935473 2.647850272e-09 0 0 0 0 0 0 2.647850272e-09 93610.72803 3573964.33 2.647850272e-09 0 2.647850272e-09 2307.467512 975852.528 2.647850272e-09 0 2.647850272e-09 2.647850272e-09 0 0 0 0 0 0 47160.94567 315619.5423 3578997.033 8106.522075 0 9937.791574 190355.8812 395625.3243 2.647850272e-09 0 2.647850272e-09 2.647850272e-09 0 0 0 0 0 0 26717.81252 283833.0251 2356744.643 191.5143907 0 46066.59909 3441931.092 2946048.025 925.7385094 0 18057.46552 54.38197336 0 0 0 0 0 0 7632.14716 389460.5425 2283594.588 4733.406235 0 1980.010294 43097.67188 281936.5106 2.647850272e-09 0 2.647850272e-09 2.647850272e-09 0
$SSageCompEsc
 1407 912 1611 1615 1358
$obsAgeCompEsc
0 0 0 0 0 0.001381839 0.2375817 0.4123128 0.004501783 0 0.0005847419 0.275586 0.06746639 0 0 0.0005847419 0 0 
0 0 0 0 0 0 0.02009533 0.7738087 0 0 0 0.0004780578 0.2056179 0 0 0 0 0 
0 0 0 0 0 0.01677396 0.06419409 0.8130393 0.002436898 0 0.003565471 0.02615888 0.0738314 0 0 0 0 0 
0 0 0 0 0 0.01607733 0.03847348 0.2665953 0 0 0.02765049 0.3691964 0.2806463 0 0 0.001360681 0 0 
0 0 0 0 0 0.00940889 0.1364507 0.7426856 0.002599358 0 0.002440786 0.02176248 0.08465212 0 0 0 0 0 
$predAgeCompEsc
0 0 0 0 0 0.001384590694 0.2368225546 0.4118121568 0.004654585327 0 0.0005859311446 0.2763710087 0.06778577714 1.07684424e-15 0 0.0005833955609 1.050423263e-15 0 
0 0 0 0 0 6.267711304e-16 0.02020663575 0.7692543467 5.864417758e-16 0 6.267711304e-16 0.0004980855987 0.210040932 5.864417758e-16 0 5.715599813e-16 5.699190431e-16 0 
0 0 0 0 0 0.01705077249 0.069857505 0.7791650714 0.002071809852 0 0.003592952194 0.04213233067 0.08612955841 6.767195881e-16 0 5.860607119e-16 5.764498901e-16 0 
0 0 0 0 0 0.01606217445 0.03123964741 0.2417576163 3.657068755e-05 0 0.02769424895 0.3788308766 0.302209045 0.000176774673 0 0.001987467299 5.578566301e-06 0 
0 0 0 0 0 0.009208537262 0.1341034482 0.7449968048 0.002483774119 0 0.002388973665 0.01483987665 0.09197858526 1.38941423e-15 0 9.117376813e-16 8.638310857e-16 0 
$SSageCompCatch
 4669 4483 1725
$obsAgeCompCatch
0 0 0 0 0 0.0004625817 0.06736742 0.6553417 0.0004840988 0 8.317826e-05 0.1249216 0.1513395 0 0 0 0 0 
0 0 0 0 0 0 0.02993946 0.2978793 0.0007036312 0 8.276102e-05 0.3599436 0.3082192 0.0002550754 0 0.002964335 1.26838e-05 0 
0 0 0 0 0 0 0.1121121 0.7025928 0.0008273193 0 0 0.0311436 0.1533057 1.844732e-05 0 0 0 0 
$predAgeCompCatch
0 0 0 0 0 0.0001970830274 0.0618486328 0.7201234979 0.001064661758 0 5.398407033e-05 0.08426364505 0.1321677927 9.951027622e-06 0 0.0002699331457 8.185200369e-07 0 
0 0 0 0 0 0.0001079155184 0.04155528787 0.3285986466 0.0002011542679 0 0.0001661589728 0.3314166449 0.2961674621 7.39845869e-05 0 0.001707569964 5.175270343e-06 0 
0 0 0 0 0 7.30990082e-05 0.1094217636 0.6739550825 0.001038400344 0 3.435850026e-05 0.07857814688 0.1365412215 1.280527475e-05 0 0.0003440713021 1.05110175e-06 0 
$genSS
 272 -1 -1
$obsGenComp     #GeneticFracData
0.00894249766 0.09711968389 0.767910991 0.1076219195 0.01840490798 
0 0 0 0 0 
0 0 0 0 0 
$predGenComp     #catchGenComp_pred
0.01018543839 0.09378040509 0.7430012295 0.1345966281 0.01843629896 
0 0 0 0 0 
0 0 0 0 0 
#PARAMETERS_OF_INTEREST
$catchByGroup
0 0 0 
0 0 0 
0 0 0 
0 0 0 
0 0 0 
0.507998865 4.390955856 0.492072446 
4556.211274 38272.30991 4413.888002 
8177.455725 68631.74031 7922.043173 
64.19314137 543.4354947 62.18592739 
0 0 0 
0.2149749798 1.858164873 0.2082352372 
5317.080999 44663.63818 5150.99029 
1346.038921 11297.0338 1303.997087 
1.485116497e-11 1.257244935e-10 1.438679346e-11 
0 0 0 
11.22390321 94.28112004 10.87329993 
2.085851422e-11 1.750613124e-10 2.020702474e-11 
0 0 0 
0 0 0 
0 0 0 
0 0 0 
0 0 0 
0 0 0 
2.085443718e-12 2.473017598e-12 4.348824845e-13 
3512.586122 4151.013222 743.3841314 
138010.8061 163077.87 29220.86327 
7.312972633e-11 8.650266143e-11 1.541459908e-11 
0 0 0 
2.085443718e-12 2.473017598e-12 4.348824845e-13 
86.58386203 102.3208382 18.32412554 
37683.13884 44527.57133 7978.606012 
7.312972633e-11 8.650266143e-11 1.541459908e-11 
0 0 0 
9.935615625e-11 1.174145498e-10 2.102718263e-11 
1.022483486e-10 1.208198355e-10 2.164892081e-11 
0 0 0 
0 0 0 
0 0 0 
0 0 0 
0 0 0 
0 0 0 
358.8689445 79.84794743 4.673701327 
97779.96487 24921.72304 1514.688434 
1135828.969 290642.4849 17684.64191 
1927.572536 473.8726225 28.50766548 
0 0 0 
75.62114631 16.8256223 0.9848460207 
58972.87359 15030.74403 913.5361183 
125555.4839 32127.86328 1954.875102 
6.296070519e-10 1.547820065e-10 9.311518442e-12 
0 0 0 
8.20312661e-10 2.090776467e-10 1.270728724e-11 
8.40320631e-10 2.150261025e-10 1.308363306e-11 
0 0 0 
0 0 0 
0 0 0 
0 0 0 
0 0 0 
0 0 0 
15.60323197 758.2627612 23.39689478 
7935.315989 213667.165 11817.1438 
67816.97109 1797817.128 100970.9461 
3.935795482 122.6900215 5.872135723 
0 0 0 
26.90294467 1307.389466 40.34070421 
96228.44562 2591057.394 143301.8397 
84774.58698 2247360.831 126218.7048 
19.02477109 593.0566223 28.38461461 
0 0 0 
504.8450397 13593.51141 751.8070408 
1.564879218 41.48469942 2.329908468 
0 0 0 
0 0 0 
0 0 0 
0 0 0 
0 0 0 
0 0 0 
1.811008882 22.54354962 133.4711196 
4460.60219 52092.82726 224058.9588 
26926.59325 313860.5338 1338113.636 
39.76129599 472.4440701 2205.188366 
0 0 0 
0.4698305934 5.848480037 34.62645376 
493.6098748 5764.588019 24794.34612 
3324.403457 38749.76064 165205.8081 
2.22423247e-11 2.642834985e-10 1.23357437e-09 
0 0 0 
3.03265811e-11 3.541668329e-10 1.523323958e-09 
3.122164838e-11 3.639243603e-10 1.551555856e-09 
0 0 0 
$escByGroup
 5e-101 5e-101 5e-101 5e-101 5e-101 3205.318975 548242.7635 953342.6207 10775.33652 5e-101 1356.427011 639797.1923 156923.6589 2.49288782e-09 5e-101 1350.55715 2.431723421e-09 5e-101 5e-101 5e-101 5e-101 5e-101 5e-101 2.642856929e-09 85203.74455 3243654.791 2.472803286e-09 5e-101 2.642856929e-09 2100.238686 885663.2118 2.472803286e-09 5e-101 2.410052384e-09 2.403133168e-09 5e-101 5e-101 5e-101 5e-101 5e-101 5e-101 46717.55507 191403.166 2134840.937 5676.569251 5e-101 9844.359959 115438.7274 235987.1021 1.854149696e-09 5e-101 1.605752677e-09 1.579419906e-09 5e-101 5e-101 5e-101 5e-101 5e-101 5e-101 25920.54963 50413.40034 390139.5984 59.01643793 5e-101 44691.96598 611343.4122 487693.903 285.2725014 5e-101 3207.302032 9.002486249 5e-101 5e-101 5e-101 5e-101 5e-101 5e-101 7474.321482 108848.1542 604693.8253 2016.012503 5e-101 1939.06553 12045.12787 74656.5384 1.127750079e-09 5e-101 7.400329003e-10 7.01148408e-10 5e-101
$catchByGroup
0 0 0 0 0 0.507998865 4556.211274 8177.455725 64.19314137 0 0.2149749798 5317.080999 1346.038921 1.485116497e-11 0 11.22390321 2.085851422e-11 0 0 0 0 0 0 2.085443718e-12 3512.586122 138010.8061 7.312972633e-11 0 2.085443718e-12 86.58386203 37683.13884 7.312972633e-11 0 9.935615625e-11 1.022483486e-10 0 0 0 0 0 0 358.8689445 97779.96487 1135828.969 1927.572536 0 75.62114631 58972.87359 125555.4839 6.296070519e-10 0 8.20312661e-10 8.40320631e-10 0 0 0 0 0 0 15.60323197 7935.315989 67816.97109 3.935795482 0 26.90294467 96228.44562 84774.58698 19.02477109 0 504.8450397 1.564879218 0 0 0 0 0 0 1.811008882 4460.60219 26926.59325 39.76129599 0 0.4698305934 493.6098748 3324.403457 2.22423247e-11 0 3.03265811e-11 3.122164838e-11 0 
0 0 0 0 0 4.390955856 38272.30991 68631.74031 543.4354947 0 1.858164873 44663.63818 11297.0338 1.257244935e-10 0 94.28112004 1.750613124e-10 0 0 0 0 0 0 2.473017598e-12 4151.013222 163077.87 8.650266143e-11 0 2.473017598e-12 102.3208382 44527.57133 8.650266143e-11 0 1.174145498e-10 1.208198355e-10 0 0 0 0 0 0 79.84794743 24921.72304 290642.4849 473.8726225 0 16.8256223 15030.74403 32127.86328 1.547820065e-10 0 2.090776467e-10 2.150261025e-10 0 0 0 0 0 0 758.2627612 213667.165 1797817.128 122.6900215 0 1307.389466 2591057.394 2247360.831 593.0566223 0 13593.51141 41.48469942 0 0 0 0 0 0 22.54354962 52092.82726 313860.5338 472.4440701 0 5.848480037 5764.588019 38749.76064 2.642834985e-10 0 3.541668329e-10 3.639243603e-10 0 
0 0 0 0 0 0.492072446 4413.888002 7922.043173 62.18592739 0 0.2082352372 5150.99029 1303.997087 1.438679346e-11 0 10.87329993 2.020702474e-11 0 0 0 0 0 0 4.348824845e-13 743.3841314 29220.86327 1.541459908e-11 0 4.348824845e-13 18.32412554 7978.606012 1.541459908e-11 0 2.102718263e-11 2.164892081e-11 0 0 0 0 0 0 4.673701327 1514.688434 17684.64191 28.50766548 0 0.9848460207 913.5361183 1954.875102 9.311518442e-12 0 1.270728724e-11 1.308363306e-11 0 0 0 0 0 0 23.39689478 11817.1438 100970.9461 5.872135723 0 40.34070421 143301.8397 126218.7048 28.38461461 0 751.8070408 2.329908468 0 0 0 0 0 0 133.4711196 224058.9588 1338113.636 2205.188366 0 34.62645376 24794.34612 165205.8081 1.23357437e-09 0 1.523323958e-09 1.551555856e-09 0 
$Fmort
 0.0787344422 0.299216284 0.1584993185
#ESTIMATED_PARAMETERS
$availability
0.08411098922 0.4188252454 4.060389793 0.3105254736 0.1261485016 
0.1914217929 0.1306991979 0.2370202286 4.027095714 0.4137652429 
0.04047206131 0.04337187881 0.02616941697 0.23133515 4.65865 
$availabilityVector
 0.08411098922 0.1914217929 0.04047206131 0.4188252454 0.1306991979 0.04337187881 4.060389793 0.2370202286 0.02616941697 0.3105254736 4.027095714 0.23133515 0.1261485016 0.4137652429 4.65865
$selectivity
 0.0238934314 1.159797524 1.194231921 0.8493181135 1.772759011
$RunSize
 0 0 0 0 0 3210.710002 595485.1726 1038073.86 11445.15109 0 1358.708386 694928.9018 170870.7287 2.647850272e-09 0 1466.935473 2.647850272e-09 0 0 0 0 0 0 2.647850272e-09 93610.72803 3573964.33 2.647850272e-09 0 2.647850272e-09 2307.467512 975852.528 2.647850272e-09 0 2.647850272e-09 2.647850272e-09 0 0 0 0 0 0 47160.94567 315619.5423 3578997.033 8106.522075 0 9937.791574 190355.8812 395625.3243 2.647850272e-09 0 2.647850272e-09 2.647850272e-09 0 0 0 0 0 0 26717.81252 283833.0251 2356744.643 191.5143907 0 46066.59909 3441931.092 2946048.025 925.7385094 0 18057.46552 54.38197336 0 0 0 0 0 0 7632.14716 389460.5425 2283594.588 4733.406235 0 1980.010294 43097.67188 281936.5106 2.647850272e-09 0 2.647850272e-09 2.647850272e-09 0
