$ndistricts
3
$ngroups
90
$nstocks
5
$nagecomps
18
$AgeCompLabels
 0.1 0.2 0.3 0.4 0.5 1.1 1.2 1.3 1.4 1.5 2.1 2.2 2.3 2.4 3.1 3.2 3.3 3.4
$navailpar
15
$nselectpar
5
$GENdata
 -1 -1 -1
$maxGradient
4.973488896e-06
#LIKELIHOOD_VALUES_AND_PENALTIES
$totalNLL
680.6844856
$NLLcatch
0.6773740579
$NLLescape
-6.759152789
$NLLagecompCatch
302.0756699
$NLLagecompEsc
384.6905944
$NLLgenetics
0
$NLLselOne
5.005132893e-18
$NLLavailOne
1.945099676e-09
$NLLextra
3.8e-198
$sigmaCat
0.5
$sigmaEsc
0.1
#OBSERVED_AND_PREDICTED_VALUES
$predEsc
 11166150.14 752077.2509 917359.7205 1076651.288 1646743.035
$obsEsc
 11218434 750210 925362 1032042 1706904
$predCatch
 14991825.38 2257331.708 391117.9786
$obsCatch
 14991826 2257332 391118
$RunSize
 0 7.388140766e-09 0 0 0 5178.244817 5302792.933 1789980.766 5.541105574e-09 0 304334.8857 16413005.43 341255.8027 0 0 14049.37673 3.694070383e-09 0 0 2.401145749e-08 0 0 0 3.694070383e-08 7.942251323e-08 2.770552787e-08 1340.934856 0 3.139959825e-08 1509119.421 3.694070383e-08 0 0 65676.30109 7.388140766e-09 0 0 3.694070383e-09 0 0 0 4131.437042 442308.5297 381381.8206 3.694070383e-09 0 11401.26752 1068970.695 824483.0445 2559.513669 0 3.694070383e-09 3577.286693 0 0 146.2309933 0 0 0 3.694070383e-09 54547.54561 87428.16466 3.694070383e-09 0 7297.448799 1650048.665 713158.6104 0 0 23636.13676 13759.41801 146.2697386 0 1581.933462 0 0 0 3.694070383e-09 1480902.178 7955.117548 304.1773902 0 4865.930682 624463.6686 35382.59351 0 0 5713.734786 2370.978629 0
$SSageCompEsc
 2575 0 1251 1936 2163
$obsAgeCompEsc
0 0 0 0 0 0.0003634192 0.2432691 0.06710933 0 0 0.02107549 0.6555494 0.01208419 0 0 0.0005490277 0 0 
0 0 0 0 0 0 0.6011158 0.250188 0 0 0 0.1026919 0.0460043 0 0 0 0 0 
0 0 0 0 0 0.003184864 0.1887117 0.1109661 0 0 0.008782516 0.4482683 0.2372437 0.00165752 0 0 0.001185247 0 
0 0 0 0 0 0 0.03109621 0.03504399 0 0 0.004610713 0.7129264 0.2023293 0 0 0.008795234 0.005085087 0.000113071 
0 0 0 0 0 0 0.7235623 0.001857742 0 0 0.003065563 0.261416 0.007511927 0 0 0.001230681 0.001355747 0 
$predAgeCompEsc
0 3.104980199e-16 0 0 0 0.0003518133345 0.2228580583 0.05521455231 3.117777161e-16 0 0.02067671088 0.6897818883 0.01052653007 0 0 0.0005904467435 1.139489576e-16 0 
0 1.523013988e-14 0 0 0 3.739656661e-14 5.037661651e-14 1.309067142e-14 0.001128560043 0 3.178708162e-14 0.9572138583 1.745422856e-14 0 0 0.0416575817 3.490845712e-15 0 
0 1.5706318e-15 0 0 0 0.003205648126 0.1880591786 0.1084178476 2.268405481e-15 0 0.008846425952 0.454501185 0.2343810645 0.001571712023 0 1.5706318e-15 0.001016938151 0 
0 6.317620523e-05 0 0 0 2.621973363e-15 0.02356618702 0.02662771487 2.168956944e-15 0 0.005179575478 0.7128708544 0.2172044239 0 0 0.01021152488 0.004190661682 8.588162442e-05 
0 0.000732503891 0 0 0 2.035038648e-15 0.6857220191 0.003290871546 0.0001566018074 0 0.002680608643 0.2891537969 0.0146370647 0 0 0.002645707334 0.0009808259979 0 
$SSageCompCatch
 2912 3388 2291
$obsAgeCompCatch
0 0 0 0 0 0 0.2154393 0.08540632 3.517497e-05 0 0.002686194 0.6498148 0.04417173 0 0 0.002446453 0 0 
0 0.0002295693 0 0 0 0.0001943285 0.055692 0.04062338 0 0 0.005151697 0.6567191 0.2304494 0 0 0.007744057 0.003196438 0 
0 0.001230084 0 0 0 0 0.5485432 0.02243001 0.0002416237 0 0.0003221649 0.36368 0.05775264 0 0 0.004710449 0.001089877 0 
$predAgeCompCatch
0 3.323635379e-06 0 0 0 0.0001549744597 0.196656276 0.09140297586 3.195231263e-05 0 0.00488995085 0.6475262332 0.05623087606 7.061128097e-05 0 0.002780251071 0.0002521661125 4.091790712e-07 
0 7.292267048e-05 0 0 0 5.006341983e-05 0.126399184 0.06195102639 1.26642489e-05 0 0.00227091402 0.5942268436 0.2055854167 2.552837116e-05 0 0.005736677386 0.003647969389 2.078990299e-05 
0 0.0006122500824 0 0 0 1.071056182e-05 0.5917006747 0.01668107715 7.888687151e-05 0 0.001223554408 0.3423961067 0.04267926135 3.75940405e-06 0 0.002994336853 0.00161748703 1.894897863e-06 
$genSS
 -1 -1 -1
$obsGenComp     #GeneticFracData
0 0 0 0 0 
0 0 0 0 0 
0 0 0 0 0 
$predGenComp     #catchGenComp_pred
0 0 0 0 0 
0 0 0 0 0 
0 0 0 0 0 
#PARAMETERS_OF_INTEREST
$catchByGroup
0 0 0 
3.696909284e-09 2.13692863e-10 1.04711111e-11 
0 0 0 
0 0 0 
0 0 0 
1190.195012 56.88592612 2.763365588 
2653434.07 153376.7479 7515.576072 
1099301.313 70664.89682 3480.575674 
1.953852151e-09 1.009744412e-10 4.922195329e-12 
0 0 0 
69949.93008 3343.289558 162.4080321 
8212809.432 474725.947 23261.92866 
209579.3201 13472.10346 663.5639152 
0 0 0 
0 0 0 
7030.086852 406.3609007 19.91198995 
2.268681596e-09 1.458345851e-10 7.183033335e-12 
0 0 0 
0 0 0 
1.204435192e-08 4.763962594e-10 3.646758289e-11 
0 0 0 
0 0 0 
0 0 0 
8.516903841e-09 2.775675495e-10 2.112542908e-11 
3.983901019e-08 1.575772243e-09 1.206235434e-10 
1.705104557e-08 7.515574275e-10 5.772870085e-11 
474.1612866 16.73276883 1.276465806 
0 0 0 
7.239368265e-09 2.359324171e-10 1.795661472e-11 
756987.1757 29941.49136 2291.986548 
2.273472743e-08 1.00207657e-09 7.697160113e-11 
0 0 0 
0 0 0 
32943.79291 1303.042274 99.74637963 
4.546945485e-09 2.00415314e-10 1.539432023e-11 
0 0 0 
0 0 0 
2.118010767e-09 1.318390844e-10 3.386182116e-12 
0 0 0 
0 0 0 
0 0 0 
1133.155026 56.12381889 1.425727699 
253599.453 15785.71752 405.4436104 
262889.8032 18554.17194 479.6790476 
1.527834518e-09 8.316990401e-11 2.122142276e-12 
0 0 0 
3127.096809 154.8813807 3.934491255 
612898.8372 38150.90214 979.8756048 
568323.3275 40110.98417 1036.985037 
1058.591994 57.6260017 1.470370513 
0 0 0 
2.118010767e-09 1.318390844e-10 3.386182116e-12 
2465.854805 174.0344945 4.499295406 
0 0 0 
0 0 0 
9.664300283 67.36727062 1.180679684 
0 0 0 
0 0 0 
0 0 0 
9.38488621e-11 7.660166822e-10 1.125384082e-11 
3605.007725 25129.55143 440.4208537 
7830.484867 49961.6426 967.2736836 
1.549239666e-10 1.185218783e-09 1.87173459e-11 
0 0 0 
185.3936701 1513.227128 22.23139212 
109050.5195 760162.2096 13322.61303 
63873.89839 407541.1596 7890.129671 
0 0 0 
0 0 0 
1562.095135 10888.95032 190.8398886 
1232.359331 7862.948144 152.2292386 
6.134341184 46.92970723 0.7411286219 
0 0 0 
40.16306093 97.24338572 238.2813349 
0 0 0 
0 0 0 
0 0 0 
3.558132863e-11 8.715895107e-11 2.201443837e-10 
37598.01904 91032.86907 223063.3313 
275.8521069 663.304875 1596.74077 
4.86220486 11.85464177 29.57760792 
0 0 0 
46.86870058 114.8081575 289.9802115 
15854.25239 38386.54586 94060.86927 
1226.928818 2950.232555 7101.947806 
0 0 0 
0 0 0 
145.063673 351.2302692 860.6407191 
82.21618931 197.6943362 475.8997236 
0 0 0 
$escByGroup
 5e-101 3.467067508e-09 5e-101 5e-101 5e-101 3928.400514 2488466.539 616533.9808 3.481356787e-09 5e-101 230879.258 7702208.127 117540.8152 5e-101 5e-101 6593.016985 1.272371168e-09 5e-101 5e-101 1.145424173e-08 5e-101 5e-101 5e-101 2.812510701e-08 3.788710725e-08 9.845196173e-09 848.7643347 5e-101 2.390634096e-08 719898.767 1.312692823e-08 5e-101 5e-101 31329.71952 2.625385646e-09 5e-101 5e-101 1.440834349e-09 5e-101 5e-101 5e-101 2940.732469 172517.9155 99458.1664 2.080943818e-09 5e-101 8115.354839 416941.0801 215011.7478 1441.825303 5e-101 1.440834349e-09 932.8980981 5e-101 5e-101 68.01874272 5e-101 5e-101 5e-101 2.822950998e-09 25372.5656 28668.76351 2.335210287e-09 5e-101 5576.596608 767513.3233 233853.4227 5e-101 5e-101 10994.25142 4511.881296 92.46456153 5e-101 1206.24568 5e-101 5e-101 5e-101 3.35118572e-09 1129207.959 5419.219796 257.8829356 5e-101 4414.273612 476162.001 24103.48433 5e-101 5e-101 4356.800125 1615.16838 5e-101
$catchByGroup
0 3.696909284e-09 0 0 0 1190.195012 2653434.07 1099301.313 1.953852151e-09 0 69949.93008 8212809.432 209579.3201 0 0 7030.086852 2.268681596e-09 0 0 1.204435192e-08 0 0 0 8.516903841e-09 3.983901019e-08 1.705104557e-08 474.1612866 0 7.239368265e-09 756987.1757 2.273472743e-08 0 0 32943.79291 4.546945485e-09 0 0 2.118010767e-09 0 0 0 1133.155026 253599.453 262889.8032 1.527834518e-09 0 3127.096809 612898.8372 568323.3275 1058.591994 0 2.118010767e-09 2465.854805 0 0 9.664300283 0 0 0 9.38488621e-11 3605.007725 7830.484867 1.549239666e-10 0 185.3936701 109050.5195 63873.89839 0 0 1562.095135 1232.359331 6.134341184 0 40.16306093 0 0 0 3.558132863e-11 37598.01904 275.8521069 4.86220486 0 46.86870058 15854.25239 1226.928818 0 0 145.063673 82.21618931 0 
0 2.13692863e-10 0 0 0 56.88592612 153376.7479 70664.89682 1.009744412e-10 0 3343.289558 474725.947 13472.10346 0 0 406.3609007 1.458345851e-10 0 0 4.763962594e-10 0 0 0 2.775675495e-10 1.575772243e-09 7.515574275e-10 16.73276883 0 2.359324171e-10 29941.49136 1.00207657e-09 0 0 1303.042274 2.00415314e-10 0 0 1.318390844e-10 0 0 0 56.12381889 15785.71752 18554.17194 8.316990401e-11 0 154.8813807 38150.90214 40110.98417 57.6260017 0 1.318390844e-10 174.0344945 0 0 67.36727062 0 0 0 7.660166822e-10 25129.55143 49961.6426 1.185218783e-09 0 1513.227128 760162.2096 407541.1596 0 0 10888.95032 7862.948144 46.92970723 0 97.24338572 0 0 0 8.715895107e-11 91032.86907 663.304875 11.85464177 0 114.8081575 38386.54586 2950.232555 0 0 351.2302692 197.6943362 0 
0 1.04711111e-11 0 0 0 2.763365588 7515.576072 3480.575674 4.922195329e-12 0 162.4080321 23261.92866 663.5639152 0 0 19.91198995 7.183033335e-12 0 0 3.646758289e-11 0 0 0 2.112542908e-11 1.206235434e-10 5.772870085e-11 1.276465806 0 1.795661472e-11 2291.986548 7.697160113e-11 0 0 99.74637963 1.539432023e-11 0 0 3.386182116e-12 0 0 0 1.425727699 405.4436104 479.6790476 2.122142276e-12 0 3.934491255 979.8756048 1036.985037 1.470370513 0 3.386182116e-12 4.499295406 0 0 1.180679684 0 0 0 1.125384082e-11 440.4208537 967.2736836 1.87173459e-11 0 22.23139212 13322.61303 7890.129671 0 0 190.8398886 152.2292386 0.7411286219 0 238.2813349 0 0 0 2.201443837e-10 223063.3313 1596.74077 29.57760792 0 289.9802115 94060.86927 7101.947806 0 0 860.6407191 475.8997236 0 
$Fmort
 0.4337041866 0.1423244743 0.03252884072
#ESTIMATED_PARAMETERS
$availability
1.4851545 1.4904055 1.823068357 0.1463384521 0.05503964531 
0.1914217929 0.1306991979 0.2370202286 4.027095714 0.4137652429 
0.04047206131 0.04337187881 0.02616941697 0.23133515 4.65865 
$availabilityVector
 1.4851545 0.1914217929 0.04047206131 1.4904055 0.1306991979 0.04337187881 1.823068357 0.2370202286 0.02616941697 0.1463384521 4.027095714 0.23133515 0.05503964531 0.4137652429 4.65865
$selectivity
 0.4054597627 1.077312348 1.478432109 0.6750430549 1.363752725
$RunSize
 0 7.388140766e-09 0 0 0 5178.244817 5302792.933 1789980.766 5.541105574e-09 0 304334.8857 16413005.43 341255.8027 0 0 14049.37673 3.694070383e-09 0 0 2.401145749e-08 0 0 0 3.694070383e-08 7.942251323e-08 2.770552787e-08 1340.934856 0 3.139959825e-08 1509119.421 3.694070383e-08 0 0 65676.30109 7.388140766e-09 0 0 3.694070383e-09 0 0 0 4131.437042 442308.5297 381381.8206 3.694070383e-09 0 11401.26752 1068970.695 824483.0445 2559.513669 0 3.694070383e-09 3577.286693 0 0 146.2309933 0 0 0 3.694070383e-09 54547.54561 87428.16466 3.694070383e-09 0 7297.448799 1650048.665 713158.6104 0 0 23636.13676 13759.41801 146.2697386 0 1581.933462 0 0 0 3.694070383e-09 1480902.178 7955.117548 304.1773902 0 4865.930682 624463.6686 35382.59351 0 0 5713.734786 2370.978629 0
