$ndistricts
3
$ngroups
90
$nstocks
5
$nagecomps
18
$AgeCompLabels
 0.1 0.2 0.3 0.4 0.5 1.1 1.2 1.3 1.4 1.5 2.1 2.2 2.3 2.4 3.1 3.2 3.3 3.4
$navailpar
15
$nselectpar
5
$GENdata
 -1 -1 -1
$maxGradient
2.362705394e-06
#LIKELIHOOD_VALUES_AND_PENALTIES
$totalNLL
442.8141286
$NLLcatch
0.6773740579
$NLLescape
-5.90395605
$NLLagecompCatch
134.6708652
$NLLagecompEsc
313.3698454
$NLLgenetics
0
$NLLselOne
1.142059262e-16
$NLLavailOne
1.945099676e-09
$NLLextra
4.036693185e-17
$sigmaCat
0.5
$sigmaEsc
0.1
#OBSERVED_AND_PREDICTED_VALUES
$predEsc
 1766934.288 81445.70415 1451652.117 511078.0734 356593.4232
$obsEsc
 1965282 81822 1320750 509160 356308
$predCatch
 2547275.855 1329787.776 174922.9851
$obsCatch
 2547276 1329788 174923
$RunSize
 0 2.759562245e-09 3.219489286e-09 0 0 0 1665995.648 559820.3167 0 0 1.057832194e-08 777141.9074 5.979051532e-09 2.759562245e-09 0 4.599270409e-09 5.979051532e-09 0 0 9.198540818e-10 9.198540818e-10 0 0 0 62927.98385 50324.54973 0 0 9.198540818e-10 26956.74012 718.9836047 9.198540818e-10 0 9.198540818e-10 9.198540818e-10 0 0 1.839708164e-09 2.299635204e-09 0 0 0 214924.6033 584159.7731 0 0 31758.05247 1668243.278 467647.0876 2.759562245e-09 0 16374.96608 5958.973885 0 0 5.611109899e-08 3.817394439e-08 0 0 0 7.726774287e-08 1.499362153e-07 0 0 3.587430919e-08 1158133.167 1.006780293e-06 3.311474694e-08 0 373241.9333 1.161775705e-06 0 0 1.434972368e-07 1.062431464e-07 0 0 0 1.945491383e-07 3.633423623e-07 0 0 4.737248521e-07 515033.6277 1.787736408e-06 8.600635665e-08 0 40328.6308 1.926634374e-06 0
$SSageCompEsc
 35 73 1233 0 0
$obsAgeCompEsc
0 0 0 0 0 0 0.6571429 0.1428571 0 0 0 0.2 0 0 0 0 0 0 
0 0 0 0 0 0 0.4881005 0.3022367 0 0 0 0.2053837 0.00427899 0 0 0 0 0 
0 0 0 0 0 0 0.109617 0.1818673 0 0 0.002928458 0.5820276 0.1163708 0 0 0.005713005 0.001475805 0 
0 0 0 0 0 0 0.007962172 0.02789074 0 0 0.001653671 0.4203821 0.4555463 0.002535685 0 0.07748351 0.006545861 0 
0 0 0 0 0 0 0.2174922 0.08966726 0 0 0 0.4976464 0.1935659 0.0001915779 0 0.001269119 0.000167556 0 
$predAgeCompEsc
0 9.608401858e-16 8.588120259e-16 0 0 0 0.5800759053 0.149334375 0 0 1.309502467e-15 0.2705897198 1.594936619e-15 5.62032847e-16 0 1.60140031e-15 1.594936619e-15 0 
0 7.090764781e-15 5.534543324e-15 0 0 0 0.4850851244 0.3027908516 0 0 2.834999167e-15 0.2077980707 0.004325953419 4.337242151e-15 0 7.090764781e-15 5.534543324e-15 0 
0 6.92678755e-16 6.133305378e-16 0 0 0 0.08092245802 0.1557999404 0 0 0.002678206543 0.6281195571 0.1247251039 5.092486177e-16 0 0.006165429575 0.001589304534 0 
0 3.664098952e-14 1.219551032e-14 0 0 0 5.045644459e-14 4.790043812e-14 0 0 -3.931204369e-15 0.7562700783 3.216382179e-13 3.594499143e-15 0 0.2437299217 3.711549285e-13 0 
0 2.583849273e-13 1.469547108e-13 0 0 0 3.503103341e-13 5.025723877e-13 0 0 2.699466373e-13 0.9273831986 2.472783381e-12 8.933537119e-14 0 0.07261680134 2.66490599e-12 0 
$SSageCompCatch
 1155 0 0
$obsAgeCompCatch
0 0 0 0 0 0 0.0994763 0.2115691 0 0 0.009245688 0.5477547 0.1182598 0 0 0.01218253 0.001511955 0 
0 0.0005789076 0 0 0 0 0.02798027 0.03004617 0 0 0 0.45079 0.394313 0.001107143 0 0.08875441 0.006430135 0 
0 0 0.00917627 0 0 0 0.143999 0.105131 0 0 0 0.4208901 0.2992982 0 0 0.01691729 0.004588135 0 
$predAgeCompCatch
0 2.509639889e-15 3.051099724e-15 0 0 0 0.2631539284 0.2318748951 0 0 0.009185653392 0.3883665603 0.09754011823 3.452098071e-15 0 0.008637602258 0.001241242449 0 
0 3.602803001e-14 3.285045883e-14 0 0 0 0.0653591349 0.06412424873 0 0 0.003261404187 0.6634833087 0.02809889226 3.251521718e-14 0 0.1753152711 0.0003577400471 0 
0 2.096895774e-13 2.166977946e-13 0 0 0 0.02671715622 0.02110254896 0 0 0.0007709664543 0.8568260003 0.006455002371 2.158049471e-13 0 0.088046282 8.204371828e-05 0 
$genSS
 -1 -1 -1
$obsGenComp     #GeneticFracData
0 0 0 0 0 
0 0 0 0 0 
0 0 0 0 0 
$predGenComp     #catchGenComp_pred
0 0 0 0 0 
0 0 0 0 0 
0 0 0 0 0 
#PARAMETERS_OF_INTEREST
$catchByGroup
0 0 0 
9.33430347e-10 1.215028753e-10 6.887553714e-12 
1.480821256e-09 2.092201352e-10 1.198347989e-11 
0 0 0 
0 0 0 
0 0 0 
563528.1096 73353.39576 4158.13578 
257492.3383 36380.20566 2083.745251 
0 0 0 
0 0 0 
7.012209381e-09 1.182916938e-09 6.939081193e-11 
262870.6207 34217.37504 1939.657871 
2.750096618e-09 3.885516797e-10 2.225503409e-11 
1.52202254e-09 2.311022113e-10 1.336238542e-11 
0 0 0 
1.555717245e-09 2.025047922e-10 1.147925619e-11 
2.750096618e-09 3.885516797e-10 2.225503409e-11 
0 0 0 
0 0 0 
3.120313812e-10 2.785024149e-11 2.460128494e-12 
4.241727227e-10 4.124790087e-11 3.668680035e-12 
0 0 0 
0 0 0 
0 0 0 
21346.32667 1905.258216 168.2994392 
23206.18204 2256.642743 200.7108241 
0 0 0 
0 0 0 
6.109471943e-10 7.154358903e-11 6.464795037e-12 
9144.220828 816.1639298 72.09517879 
331.5452301 32.24050971 2.867542633 
5.085088345e-10 5.332306937e-11 4.77243688e-12 
0 0 0 
3.120313812e-10 2.785024149e-11 2.460128494e-12 
4.241727227e-10 4.124790087e-11 3.668680035e-12 
0 0 0 
0 0 0 
7.314439074e-10 9.976534871e-11 2.970326348e-12 
1.220169219e-09 1.835850709e-10 5.538340592e-12 
0 0 0 
0 0 0 
0 0 0 
85451.21163 11655.12467 347.0095011 
309950.8013 46634.7937 1406.864783 
0 0 0 
0 0 0 
23398.3931 4336.97542 134.8597534 
663271.7111 90466.9967 2693.485337 
248130.0429 37333.32294 1126.26074 
1.728427222e-09 2.832356023e-10 8.647587343e-12 
0 0 0 
6510.472374 887.9963866 26.43842875 
3161.786921 475.7183404 14.35133142 
0 0 0 
0 0 0 
2.23690243e-09 3.435198946e-08 7.958007684e-10 
2.248494121e-09 2.888751339e-08 8.050789661e-10 
0 0 0 
0 0 0 
0 0 0 
3.080324658e-09 4.730437893e-08 1.095856796e-09 
8.83143474e-09 1.134617996e-07 3.162117385e-09 
0 0 0 
0 0 0 
3.644808693e-09 3.291418855e-08 1.324464299e-09 
46169.66949 709025.1136 16425.32905 
5.930064615e-08 7.618646604e-07 2.123274526e-08 
2.515984682e-09 2.785555458e-08 9.061379853e-10 
0 0 0 
14879.5123 228503.8644 5293.53769 
6.843007409e-08 8.791549256e-07 2.450155986e-08 
0 0 0 
0 0 0 
2.178937029e-09 1.330852597e-08 3.587140805e-08 
2.398335339e-09 1.436257209e-08 3.707915563e-08 
0 0 0 
0 0 0 
0 0 0 
2.95413578e-09 1.804329002e-08 4.863335129e-08 
8.202099212e-09 4.911875302e-08 1.268075019e-07 
0 0 0 
0 0 0 
1.87098783e-08 1.071148828e-07 2.516388956e-07 
7820.539739 47766.34424 128747.9943 
4.03564046e-08 2.416767e-07 6.239250127e-07 
2.518502788e-09 1.481512287e-08 3.681632516e-08 
0 0 0 
612.3710042 3740.243662 10081.34236 
4.349189063e-08 2.604537423e-07 6.724007919e-07 
0 0 0 
$escByGroup
 5e-101 1.697741469e-09 1.517464415e-09 5e-101 5e-101 5e-101 1024956.007 263864.0275 5e-101 5e-101 2.31380481e-09 478114.2538 2.8181482e-09 9.930751082e-10 5e-101 2.829569116e-09 2.8181482e-09 5e-101 5e-101 5.775123306e-10 4.507647782e-10 5e-101 5e-101 5e-101 39508.09953 24661.01412 5e-101 5e-101 2.308985034e-10 16924.26019 352.3303223 3.532497411e-10 5e-101 5.775123306e-10 4.507647782e-10 5e-101 5e-101 1.005528581e-09 8.903425737e-10 5e-101 5e-101 5e-101 117471.2575 226167.3133 5e-101 5e-101 3887.824198 911811.0848 181057.4611 7.39251834e-10 5e-101 8950.058895 2307.117292 5e-101 5e-101 1.872640633e-08 6.232857918e-09 5e-101 5e-101 5e-101 2.578718249e-08 2.448086363e-08 5e-101 5e-101 4.977223343e-192 386513.0545 1.643822407e-07 1.837069697e-09 5e-101 124565.0188 1.896891458e-07 5e-101 5e-101 9.213836572e-08 5.240308339e-08 5e-101 5e-101 5e-101 1.249183612e-07 1.792140081e-07 5e-101 5e-101 9.626119546e-08 330698.7494 8.817782907e-07 3.185640582e-08 5e-101 25894.67377 9.502879495e-07 5e-101
$catchByGroup
0 9.33430347e-10 1.480821256e-09 0 0 0 563528.1096 257492.3383 0 0 7.012209381e-09 262870.6207 2.750096618e-09 1.52202254e-09 0 1.555717245e-09 2.750096618e-09 0 0 3.120313812e-10 4.241727227e-10 0 0 0 21346.32667 23206.18204 0 0 6.109471943e-10 9144.220828 331.5452301 5.085088345e-10 0 3.120313812e-10 4.241727227e-10 0 0 7.314439074e-10 1.220169219e-09 0 0 0 85451.21163 309950.8013 0 0 23398.3931 663271.7111 248130.0429 1.728427222e-09 0 6510.472374 3161.786921 0 0 2.23690243e-09 2.248494121e-09 0 0 0 3.080324658e-09 8.83143474e-09 0 0 3.644808693e-09 46169.66949 5.930064615e-08 2.515984682e-09 0 14879.5123 6.843007409e-08 0 0 2.178937029e-09 2.398335339e-09 0 0 0 2.95413578e-09 8.202099212e-09 0 0 1.87098783e-08 7820.539739 4.03564046e-08 2.518502788e-09 0 612.3710042 4.349189063e-08 0 
0 1.215028753e-10 2.092201352e-10 0 0 0 73353.39576 36380.20566 0 0 1.182916938e-09 34217.37504 3.885516797e-10 2.311022113e-10 0 2.025047922e-10 3.885516797e-10 0 0 2.785024149e-11 4.124790087e-11 0 0 0 1905.258216 2256.642743 0 0 7.154358903e-11 816.1639298 32.24050971 5.332306937e-11 0 2.785024149e-11 4.124790087e-11 0 0 9.976534871e-11 1.835850709e-10 0 0 0 11655.12467 46634.7937 0 0 4336.97542 90466.9967 37333.32294 2.832356023e-10 0 887.9963866 475.7183404 0 0 3.435198946e-08 2.888751339e-08 0 0 0 4.730437893e-08 1.134617996e-07 0 0 3.291418855e-08 709025.1136 7.618646604e-07 2.785555458e-08 0 228503.8644 8.791549256e-07 0 0 1.330852597e-08 1.436257209e-08 0 0 0 1.804329002e-08 4.911875302e-08 0 0 1.071148828e-07 47766.34424 2.416767e-07 1.481512287e-08 0 3740.243662 2.604537423e-07 0 
0 6.887553714e-12 1.198347989e-11 0 0 0 4158.13578 2083.745251 0 0 6.939081193e-11 1939.657871 2.225503409e-11 1.336238542e-11 0 1.147925619e-11 2.225503409e-11 0 0 2.460128494e-12 3.668680035e-12 0 0 0 168.2994392 200.7108241 0 0 6.464795037e-12 72.09517879 2.867542633 4.77243688e-12 0 2.460128494e-12 3.668680035e-12 0 0 2.970326348e-12 5.538340592e-12 0 0 0 347.0095011 1406.864783 0 0 134.8597534 2693.485337 1126.26074 8.647587343e-12 0 26.43842875 14.35133142 0 0 7.958007684e-10 8.050789661e-10 0 0 0 1.095856796e-09 3.162117385e-09 0 0 1.324464299e-09 16425.32905 2.123274526e-08 9.061379853e-10 0 5293.53769 2.450155986e-08 0 0 3.587140805e-08 3.707915563e-08 0 0 0 4.863335129e-08 1.268075019e-07 0 0 2.516388956e-07 128747.9943 6.239250127e-07 3.681632516e-08 0 10081.34236 6.724007919e-07 0 
$Fmort
 0.5700530254 0.4823558126 0.1266144955
#ESTIMATED_PARAMETERS
$availability
1.4851545 1.4904055 1.823068357 0.1463384521 0.05503964531 
0.1914217929 0.1306991979 0.2370202286 4.027095714 0.4137652429 
0.04047206131 0.04337187881 0.02616941697 0.23133515 4.65865 
$availabilityVector
 1.4851545 0.1914217929 0.04047206131 1.4904055 0.1306991979 0.04337187881 1.823068357 0.2370202286 0.02616941697 0.1463384521 4.027095714 0.23133515 0.05503964531 0.4137652429 4.65865
$selectivity
 1.284324506 0.487672864 0.7277240521 0.9472369856 1.553041594
$RunSize
 0 2.759562245e-09 3.219489286e-09 0 0 0 1665995.648 559820.3167 0 0 1.057832194e-08 777141.9074 5.979051532e-09 2.759562245e-09 0 4.599270409e-09 5.979051532e-09 0 0 9.198540818e-10 9.198540818e-10 0 0 0 62927.98385 50324.54973 0 0 9.198540818e-10 26956.74012 718.9836047 9.198540818e-10 0 9.198540818e-10 9.198540818e-10 0 0 1.839708164e-09 2.299635204e-09 0 0 0 214924.6033 584159.7731 0 0 31758.05247 1668243.278 467647.0876 2.759562245e-09 0 16374.96608 5958.973885 0 0 5.611109899e-08 3.817394439e-08 0 0 0 7.726774287e-08 1.499362153e-07 0 0 3.587430919e-08 1158133.167 1.006780293e-06 3.311474694e-08 0 373241.9333 1.161775705e-06 0 0 1.434972368e-07 1.062431464e-07 0 0 0 1.945491383e-07 3.633423623e-07 0 0 4.737248521e-07 515033.6277 1.787736408e-06 8.600635665e-08 0 40328.6308 1.926634374e-06 0
