$ndistricts
3
$ngroups
90
$nstocks
5
$nagecomps
18
$AgeCompLabels
 0.1 0.2 0.3 0.4 0.5 1.1 1.2 1.3 1.4 1.5 2.1 2.2 2.3 2.4 3.1 3.2 3.3 3.4
$navailpar
15
$nselectpar
5
$GENdata
 -1 -1 -1
$maxGradient
1.389803708e-06
#LIKELIHOOD_VALUES_AND_PENALTIES
$totalNLL
850.3178948
$NLLcatch
0.6773740579
$NLLescape
-6.915299558
$NLLagecompCatch
374.7202501
$NLLagecompEsc
481.8355702
$NLLgenetics
0
$NLLselOne
3.900035871e-16
$NLLavailOne
1.945099676e-09
$NLLextra
5.1e-198
$sigmaCat
0.5
$sigmaEsc
0.1
#OBSERVED_AND_PREDICTED_VALUES
$predEsc
 1749149.341 209690.6578 1794924.2 699113.6504 1323775.508
$obsEsc
 1754358 209635.5 1796220 694680 1327699
$predCatch
 10992807.68 4361405.11 2116065.629
$obsCatch
 10992809 4361406 2116066
$RunSize
 0 0 4544.073831 0 0 1039.090461 1878437.723 626817.8996 0 0 1971.626601 3531593.831 354657.8257 0 0 3389.64395 2.581587555e-09 0 0 0 3051.76235 0 0 0 2.671943119e-07 146605.703 0 0 0 1.758061125e-06 457556.9152 0 0 7.744762665e-09 12304.3773 0 0 0 4003.294092 0 0 364.6714463 732233.986 4141270.595 0 0 0 1810332.643 1436266.32 0 0 4257.5504 3.872381332e-09 0 0 0 2.581587555e-09 0 0 0 764745.2648 420496.5567 0 0 1723.642903 2576141.246 539912.1577 0 0 8289.455258 2288.961145 0 0 0 10209.10373 0 0 0 596121.0579 1581292.77 0 0 0 1254664.141 338944.1643 0 0 1403.728635 2.581587555e-09 0
$SSageCompEsc
 1549 0 1433 1837 1746
$obsAgeCompEsc
0 0 0.000856314 0 0 0.0005922878 0.2861421 0.1160868 0 0 0.001123839 0.5293717 0.06514476 0 0 0.0006822446 0 0 
0 0 0 0 0 0 0.6011158 0.250188 0 0 0 0.1026919 0.0460043 0 0 0 0 0 
0 0 0.0005621318 0 0 0.0002030213 0.07487454 0.5551186 0 0 0 0.179863 0.1887112 0 0 0.0006675704 0 0 
0 0 0 0 0 0 0.1869808 0.1415896 0 0 0.002481151 0.5153215 0.1518483 0 0 0.0009797397 0.0007988722 0 
0 0 0 0 0 0 0.1575828 0.4461166 0 0 0 0.2767362 0.1195644 0 0 0 0 0 
$predAgeCompEsc
0 0 0.0008430967501 0 0 0.0005940540042 0.2829183063 0.1162983159 0 0 0.001127190289 0.531906133 0.0658023772 0 0 0.0005105265475 4.789816712e-16 0 
0 0 0.004926020901 0 0 0 3.563077825e-13 0.236644494 0 0 0 2.344401932e-12 0.738568299 0 0 1.032776181e-14 0.01986118603 0 
0 0 0.000534911236 0 0 0.0002031678504 0.0730283093 0.5533473488 0 0 0 0.1805509369 0.1919107052 0 0 0.0004246206997 5.174189648e-16 0 
0 0 7.984593515e-16 0 0 0 0.159786993 0.1300554023 0 0 0.002465465195 0.5382627159 0.1669894598 0 0 0.001732010893 0.0007079529138 0 
0 0 0.002964242615 0 0 0 0.141448266 0.4591329014 0 0 0 0.2977080993 0.09841341244 0 0 0.000333078288 7.495713676e-16 0 
$SSageCompCatch
 2580 2461 1048
$obsAgeCompCatch
0 0 0.0007665697 0 0 0 0.1752128 0.3213691 0 0 0 0.3618237 0.1400613 0 0 0 0.0007665697 0 
0 0 0 0 0 0 0.1439217 0.1407387 0 0 0 0.5666774 0.1459706 0 0 0.002312708 0.0003788774 0 
0 0 0.005555051 0 0 0 0.1527162 0.3887324 0 0 0 0.3905606 0.06146456 0 0 0.0009712671 0 0 
$predAgeCompCatch
0 0 0.0007142841145 0 0 1.586640603e-10 0.1740276365 0.313906956 0 0 2.28536693e-10 0.3678876239 0.142169553 0 0 0.0005799250881 0.0007140210299 0 
0 0 0.000379602954 0 0 2.134785572e-11 0.1783399346 0.1689496034 0 0 5.475527338e-10 0.5322793502 0.1180979533 0 0 0.001509004616 0.0004445504231 0 
0 0 0.002319816637 0 0 4.094081098e-12 0.168128681 0.370467175 0 0 3.797017024e-11 0.3696785498 0.08882792037 0 0 0.0005089872162 6.886997299e-05 0 
$genSS
 -1 -1 -1
$obsGenComp     #GeneticFracData
0 0 0 0 0 
0 0 0 0 0 
0 0 0 0 0 
$predGenComp     #catchGenComp_pred
0 0 0 0 0 
0 0 0 0 0 
0 0 0 0 0 
#PARAMETERS_OF_INTEREST
$catchByGroup
0 0 0 
0 0 0 
2816.004134 227.9909177 25.37665474 
0 0 0 
0 0 0 
0.001219009439 6.490291254e-05 7.061007537e-06 
1263102.184 108365.1881 12103.98157 
388444.7881 31449.4864 3500.502416 
0 0 0 
0 0 0 
0.002313014628 0.0001231503066 1.339793869e-05 
2374720.134 203734.1057 22756.3289 
219784.6999 17794.33305 1980.608047 
0 0 0 
0 0 0 
2279.269962 195.5451595 21.84165459 
1.599833431e-09 1.295266181e-10 1.441703161e-11 
0 0 0 
0 0 0 
0 0 0 
1895.165462 105.3961228 18.26020155 
0 0 0 
0 0 0 
0 0 0 
1.800119309e-07 1.062332989e-08 1.844637811e-09 
91043.15246 5063.196574 877.2143366 
0 0 0 
0 0 0 
0 0 0 
1.184426328e-06 6.989843144e-08 1.213718212e-08 
284145.9994 15802.25433 2737.789033 
0 0 0 
0 0 0 
5.217737128e-09 3.079226055e-10 5.346776264e-11 
7641.103145 424.945822 73.62316709 
0 0 0 
0 0 0 
0 0 0 
2781.499826 247.19894 14.47020334 
0 0 0 
0 0 0 
0.0005251540626 2.82037345e-05 1.602336759e-06 
546159.9239 51939.45431 3054.328155 
2877366.283 255718.835 14968.92964 
0 0 0 
0 0 0 
0 0 0 
1350293.973 128412.0805 7551.342967 
997921.8182 88687.84149 5191.491111 
0 0 0 
0 0 0 
3175.628893 302.0002468 17.75929048 
2.690541278e-09 2.391152233e-10 1.399700946e-11 
0 0 0 
0 0 0 
0 0 0 
2.345830186e-10 1.707461742e-09 8.132896255e-11 
0 0 0 
0 0 0 
0 0 0 
79637.66306 545656.2844 27742.04942 
38209.57046 278116.3791 13247.10008 
0 0 0 
0 0 0 
0.000199245287 0.002264948984 6.694943349e-05 
268269.5506 1838112.277 93452.60579 
49060.59587 357097.8453 17009.10572 
0 0 0 
0 0 0 
863.2323404 5914.640552 300.709907 
207.992719 1513.918665 72.11021563 
0 0 0 
0 0 0 
0 0 0 
359.3184805 1075.016283 4850.777193 
0 0 0 
0 0 0 
0 0 0 
24152.56839 71851.77547 312870.9639 
55655.00462 166509.7662 751339.1094 
0 0 0 
0 0 0 
0 0 0 
50834.24091 151227.4142 658503.7954 
11929.44114 35690.74281 161046.7153 
0 0 0 
0 0 0 
56.87376988 169.1944839 736.7395018 
9.086126872e-11 2.718405778e-10 1.22662149e-09 
0 0 0 
$escByGroup
 5e-101 5e-101 1474.702125 5e-101 5e-101 1039.08917 494866.3691 203423.1227 5e-101 5e-101 1971.624151 930383.262 115098.1847 5e-101 5e-101 892.9871743 8.378104746e-10 5e-101 5e-101 5e-101 1032.940563 5e-101 5e-101 5e-101 7.47144133e-08 49622.13962 5e-101 5e-101 5e-101 4.915991831e-07 154870.8724 5e-101 5e-101 2.165635168e-09 4164.705163 5e-101 5e-101 5e-101 960.1251221 5e-101 5e-101 364.6708913 131080.2796 993216.5472 5e-101 5e-101 5e-101 324075.2459 344465.1689 5e-101 5e-101 762.1619695 9.287278212e-10 5e-101 5e-101 5e-101 5.582138319e-10 5e-101 5e-101 5e-101 111709.268 90923.50706 5e-101 5e-101 1723.640372 376306.8122 116744.6109 5e-101 5e-101 1210.872458 494.9395459 5e-101 5e-101 5e-101 3923.991774 5e-101 5e-101 5e-101 187245.7502 607788.8898 5e-101 5e-101 5e-101 394098.6904 130277.265 5e-101 5e-101 440.9208799 9.922642179e-10 5e-101
$catchByGroup
0 0 2816.004134 0 0 0.001219009439 1263102.184 388444.7881 0 0 0.002313014628 2374720.134 219784.6999 0 0 2279.269962 1.599833431e-09 0 0 0 1895.165462 0 0 0 1.800119309e-07 91043.15246 0 0 0 1.184426328e-06 284145.9994 0 0 5.217737128e-09 7641.103145 0 0 0 2781.499826 0 0 0.0005251540626 546159.9239 2877366.283 0 0 0 1350293.973 997921.8182 0 0 3175.628893 2.690541278e-09 0 0 0 2.345830186e-10 0 0 0 79637.66306 38209.57046 0 0 0.000199245287 268269.5506 49060.59587 0 0 863.2323404 207.992719 0 0 0 359.3184805 0 0 0 24152.56839 55655.00462 0 0 0 50834.24091 11929.44114 0 0 56.87376988 9.086126872e-11 0 
0 0 227.9909177 0 0 6.490291254e-05 108365.1881 31449.4864 0 0 0.0001231503066 203734.1057 17794.33305 0 0 195.5451595 1.295266181e-10 0 0 0 105.3961228 0 0 0 1.062332989e-08 5063.196574 0 0 0 6.989843144e-08 15802.25433 0 0 3.079226055e-10 424.945822 0 0 0 247.19894 0 0 2.82037345e-05 51939.45431 255718.835 0 0 0 128412.0805 88687.84149 0 0 302.0002468 2.391152233e-10 0 0 0 1.707461742e-09 0 0 0 545656.2844 278116.3791 0 0 0.002264948984 1838112.277 357097.8453 0 0 5914.640552 1513.918665 0 0 0 1075.016283 0 0 0 71851.77547 166509.7662 0 0 0 151227.4142 35690.74281 0 0 169.1944839 2.718405778e-10 0 
0 0 25.37665474 0 0 7.061007537e-06 12103.98157 3500.502416 0 0 1.339793869e-05 22756.3289 1980.608047 0 0 21.84165459 1.441703161e-11 0 0 0 18.26020155 0 0 0 1.844637811e-09 877.2143366 0 0 0 1.213718212e-08 2737.789033 0 0 5.346776264e-11 73.62316709 0 0 0 14.47020334 0 0 1.602336759e-06 3054.328155 14968.92964 0 0 0 7551.342967 5191.491111 0 0 17.75929048 1.399700946e-11 0 0 0 8.132896255e-11 0 0 0 27742.04942 13247.10008 0 0 6.694943349e-05 93452.60579 17009.10572 0 0 300.709907 72.11021563 0 0 0 4850.777193 0 0 0 312870.9639 751339.1094 0 0 0 658503.7954 161046.7153 0 0 736.7395018 1.22662149e-09 0 
$Fmort
 0.6756209622 0.279087412 0.1436080479
#ESTIMATED_PARAMETERS
$availability
1.4851545 1.4904055 1.823068357 0.1463384521 0.05503964531 
0.1914217929 0.1306991979 0.2370202286 4.027095714 0.4137652429 
0.04047206131 0.04337187881 0.02616941697 0.23133515 4.65865 
$availabilityVector
 1.4851545 0.1914217929 0.04047206131 1.4904055 0.1306991979 0.04337187881 1.823068357 0.2370202286 0.02616941697 0.1463384521 4.027095714 0.23133515 0.05503964531 0.4137652429 4.65865
$selectivity
 1.169174175e-06 1.112244687 0.9635414276 0.785248513 2.138964206
$RunSize
 0 0 4544.073831 0 0 1039.090461 1878437.723 626817.8996 0 0 1971.626601 3531593.831 354657.8257 0 0 3389.64395 2.581587555e-09 0 0 0 3051.76235 0 0 0 2.671943119e-07 146605.703 0 0 0 1.758061125e-06 457556.9152 0 0 7.744762665e-09 12304.3773 0 0 0 4003.294092 0 0 364.6714463 732233.986 4141270.595 0 0 0 1810332.643 1436266.32 0 0 4257.5504 3.872381332e-09 0 0 0 2.581587555e-09 0 0 0 764745.2648 420496.5567 0 0 1723.642903 2576141.246 539912.1577 0 0 8289.455258 2288.961145 0 0 0 10209.10373 0 0 0 596121.0579 1581292.77 0 0 0 1254664.141 338944.1643 0 0 1403.728635 2.581587555e-09 0
