$ndistricts
3
$ngroups
90
$nstocks
5
$nagecomps
18
$AgeCompLabels
 0.1 0.2 0.3 0.4 0.5 1.1 1.2 1.3 1.4 1.5 2.1 2.2 2.3 2.4 3.1 3.2 3.3 3.4
$navailpar
15
$nselectpar
5
$GENdata
 -1 -1 -1
$maxGradient
4.158427331e-06
#LIKELIHOOD_VALUES_AND_PENALTIES
$totalNLL
677.4557721
$NLLcatch
0.6773740579
$NLLescape
-6.903511317
$NLLagecompCatch
291.3480175
$NLLagecompEsc
392.3338918
$NLLgenetics
0
$NLLselOne
7.300304606e-17
$NLLavailOne
1.945099676e-09
$NLLextra
2.886649003e-09
$sigmaCat
0.5
$sigmaEsc
0.1
#OBSERVED_AND_PREDICTED_VALUES
$predEsc
 8205312.528 504717.577 1171924.102 1610076.276 1711158.335
$obsEsc
 8317500 501738 1161984 1611566 1713287
$predCatch
 12928105.88 8901992.062 3146238.437
$obsCatch
 12928107 8901994 3146239
$RunSize
 0 1462.55886 6214.846569 6.375302786e-09 0 4.250201857e-09 981907.5215 1344506.48 3797.177285 1.275060557e-08 33184.53172 16339319.09 360879.6747 6.375302786e-09 4.250201857e-09 4.250201857e-09 4.250201857e-09 0 0 8.500403714e-09 32833.47494 1416.620151 0 1.445068631e-07 72512.87333 1051722.654 8.500403714e-09 8.500403714e-09 2.125100929e-08 3.612671579e-08 1048.604483 1.912590836e-08 1.700080743e-08 6.375302786e-09 6.375302786e-09 0 0 4.250201857e-09 1409.925428 4.250201857e-09 0 6676.106133 764165.6993 764512.5298 5495.885805 657.5447807 27318.31684 1451018.261 352892.8429 7112.322028 4.250201857e-09 4.250201857e-09 4.250201857e-09 0 0 4.250201857e-09 138.0771474 4.250201857e-09 0 1346.546062 408955.7759 612550.419 6146.548496 0.0001101694823 32415.66122 5036125.866 3301870.383 4.250201857e-09 1811.307902 13188.09175 986.5110263 0 0 4896.265274 8442.168231 4.250201857e-09 0 532.9794759 621224.6611 581257.9797 2849.736177 4.250201857e-09 980.3838602 3716072.755 212455.1942 2556.304089 4.250201857e-09 656.0446639 4.250201857e-09 0
$SSageCompEsc
 3007 0 1732 2744 3712
$obsAgeCompEsc
0 0.0001069186 0.0002645076 0 0 0 0.04536783 0.06058503 0.0002351612 0 0.003733476 0.8733738 0.01633328 0 0 0 0 0 
0 0 0 0 0 0 0.6011158 0.250188 0 0 0 0.1026919 0.0460043 0 0 0 0 0 
0 0 0.0003897531 0 0 0.005180309 0.2224332 0.2139819 0.001185304 0 0.02153301 0.4349881 0.09887994 0.00142853 0 0 0 0 
0 0 0 0 0 0.0007085187 0.04084857 0.05948293 0.0002057484 0 0.01770668 0.535 0.3443676 0 0.0009385152 0.000601233 0.0001401654 0 
0 0.001352691 0.001252053 0 0 0.0002959661 0.150879 0.1047099 0 0 0.0005467869 0.7030147 0.0376991 0.0002497286 0 0 0 0 
$predAgeCompEsc
0 7.675053763e-05 0.0003160995319 2.384982178e-16 0 4.81787231e-16 0.05152745111 0.06838428982 0.0001420512947 1.346943959e-16 0.003761676313 0.8574366191 0.01835506234 2.384982178e-16 4.81787231e-16 2.230373672e-16 2.161737707e-16 0 
0 7.533715552e-15 0.02827276582 0.0009238555963 0 2.667490507e-13 0.06426651956 0.9056339102 5.543578875e-15 2.050231682e-15 3.922780157e-14 3.20182911e-14 0.0009029488663 1.247305247e-14 3.138224126e-14 5.650286664e-15 5.48974615e-15 0 
0 1.255127421e-15 0.0003994253764 7.869248948e-16 0 0.005212976536 0.2256658285 0.2165828767 0.001017563284 -4.034549099e-12 0.02133125835 0.4285003087 0.09997291618 0.001316846458 3.318731325e-15 1.255127421e-15 1.2040626e-15 0 
0 4.605876475e-16 1.371585801e-05 1.217122506e-16 0 0.0007332115855 0.04431789008 0.06084753869 0.0001760175812 -1.013553329e-11 0.01765074292 0.5457569882 0.3279904473 1.217122506e-16 0.0009862803632 0.001429172628 9.799481965e-05 0 
0 0.0009574004315 0.001572482733 4.60564122e-16 0 0.0002864026761 0.1214723315 0.1082681737 0.0003088056248 -2.218786509e-16 0.0005268205886 0.7266292695 0.03957302382 0.0002770084781 2.283895049e-15 0.0001282809262 7.916649906e-16 0 
$SSageCompCatch
 9757 9235 4160
$obsAgeCompCatch
0 4.313208e-05 0.001612891 8.487511e-05 0 0.0001126364 0.08935952 0.1519507 0.0002362259 0 0.0003130577 0.7008373 0.05512062 0.0003290702 0 0 0 0 
0 0 0.0007479752 0 0 5.597918e-05 0.06243287 0.08050533 0.0006349027 5.578071e-05 0.0004170338 0.5943298 0.2588372 4.398293e-05 7.276101e-05 0.001810605 5.578071e-05 0 
0 0.0004796114 0.001690007 0 0 0 0.07633948 0.1142278 0.001052748 0 0 0.7257105 0.07937635 0.000574326 0 0.0005491652 0 0 
$predAgeCompCatch
0 6.671362314e-05 0.001641021644 6.661067341e-05 0 4.077696832e-05 0.07855141143 0.134827389 0.0005172677778 4.281047262e-05 0.0003432504492 0.7349442814 0.04850110874 0.0003818261005 9.039057212e-07 6.937589504e-05 5.251960821e-06 0 
0 7.777059729e-05 0.0003423019579 8.593605178e-06 0 2.319743343e-05 0.05498679746 0.07954126229 0.0007096828346 1.105011041e-05 0.0004574972209 0.5815179734 0.2810157702 0.0001228004319 2.308782973e-05 0.001080795004 8.141962611e-05 0 
0 0.0008060432436 0.001503896631 4.031464626e-06 0 1.339363988e-05 0.1096043602 0.1106578349 0.0006720930361 1.817597096e-06 6.478130514e-05 0.700721437 0.07516540924 0.0005155108085 1.941309367e-06 0.0002559955483 1.145403369e-05 0 
$genSS
 -1 -1 -1
$obsGenComp     #GeneticFracData
0 0 0 0 0 
0 0 0 0 0 
0 0 0 0 0 
$predGenComp     #catchGenComp_pred
0 0 0 0 0 
0 0 0 0 0 
0 0 0 0 0 
#PARAMETERS_OF_INTEREST
$catchByGroup
0 0 0 
736.9346832 86.66886796 9.193161455 
3200.936557 379.8839259 40.33063747 
3.86722639e-09 4.978421225e-10 5.328185836e-11 
0 0 0 
2.702137215e-10 2.426247461e-11 2.510858877e-12 
494750.4868 58186.24852 6171.946048 
692483.6993 82183.26781 8725.042979 
2303.348515 296.5184341 31.73506719 
9.910190746e-09 1.564116778e-09 1.71088433e-10 
2109.76234 189.4354399 19.60416913 
8232838.528 968241.5709 102703.5578 
185869.9053 22058.85311 2341.893266 
3.86722639e-09 4.978421225e-10 5.328185836e-11 
2.702137215e-10 2.426247461e-11 2.510858877e-12 
2.141535116e-09 2.518600745e-10 2.67153637e-11 
2.189052674e-09 2.59794566e-10 2.758126824e-11 
0 0 0 
0 0 0 
4.293508608e-09 3.472503343e-10 5.724611255e-11 
16951.46511 1383.965146 228.2828335 
861.1498387 76.50020508 12.68394896 
0 0 0 
9.218690737e-09 5.637539354e-10 9.148395655e-11 
36625.86582 2962.226307 488.3391716 
542989.7353 44331.20463 7312.361176 
5.167314106e-09 4.590381035e-10 7.610980741e-11 
6.616820832e-09 7.266226544e-10 1.221722612e-10 
1.355689814e-09 8.29049905e-11 1.345352302e-11 
1.824741158e-08 1.475813921e-09 2.432959783e-10 
541.3798671 44.19977048 7.290681323 
1.162645674e-08 1.032835733e-09 1.712470667e-10 
1.084551851e-09 6.63239924e-11 1.076281842e-11 
3.220131456e-09 2.604377507e-10 4.293458441e-11 
3.291479897e-09 2.687256487e-10 4.432586519e-11 
0 0 0 
0 0 0 
2.452373873e-09 3.096203927e-10 1.72935149e-11 
829.9841614 105.9220817 5.922958733 
2.897928949e-09 4.070544173e-10 2.300223992e-11 
0 0 0 
517.1857266 47.15708914 2.550468982 
440924.9393 55668.24633 3109.290183 
450047.4128 57434.78136 3211.642315 
3747.277684 526.3572575 29.74392467 
553.4583077 98.36789202 5.718585657 
2116.30002 192.9646229 10.43640085 
837240.0638 105704.3545 5904.003333 
207738.2708 26511.43374 1482.468296 
4849.417649 681.1681411 38.49213359 
3.292553611e-10 3.002156405e-11 1.623702169e-12 
2.452373873e-09 3.096203927e-10 1.72935149e-11 
2.501976456e-09 3.193007373e-10 1.785468204e-11 
0 0 0 
0 0 0 
2.836275022e-10 3.074535893e-09 1.504572183e-10 
9.503339416 101.44629 5.043940458 
3.732764e-10 3.481882823e-09 1.99076627e-10 
0 0 0 
8.687342977 152.7915181 4.540621641 
27290.72856 295832.8225 14477.04145 
42159.57998 450045.2724 22376.38811 
539.8241242 5035.422399 287.9002418 
1.515225563e-05 0.0001031495202 8.186688208e-06 
209.1320712 3678.179476 109.3072543 
336074.3438 3643062.202 178278.9416 
227255.5274 2425908.317 120616.9009 
3.732764e-10 3.481882823e-09 1.99076627e-10 
11.68578887 205.527677 6.107822148 
880.0771466 9540.078993 466.8586732 
67.89790559 724.7968654 36.03712106 
0 0 0 
0 0 0 
125.5461007 605.6443718 2526.811073 
223.4124119 1075.951869 4452.037015 
1.444341523e-10 6.85006362e-10 2.632663207e-09 
0 0 0 
1.295894421 6.554761082 35.04849399 
15928.94369 76842.49088 320594.834 
15382.3335 74081.15929 306530.499 
96.84227781 459.2928705 1765.18571 
2.300635695e-10 1.047221691e-09 3.352586099e-09 
2.38372026 12.05709087 64.46960791 
95284.55222 459660.256 1917750.216 
5622.385869 27077.35229 112039.7465 
86.87060675 412.0003292 1583.427787 
1.033400557e-11 5.227041375e-11 2.794913894e-10 
16.82177023 81.14955708 338.5643605 
1.12476774e-10 5.41686982e-10 2.241373954e-09 
0 0 0 
$escByGroup
 5e-101 629.7621479 2593.695449 1.956952414e-09 5e-101 3.953214802e-09 422798.8401 561114.4699 1165.575268 1.105209614e-09 30865.72977 7035535.432 150609.023 1.956952414e-09 3.953214802e-09 1.830091303e-09 1.773773349e-09 5e-101 5e-101 3.802398659e-09 14269.76186 466.286158 5e-101 1.346329345e-07 32436.44203 457089.3528 2.797941698e-09 1.034787967e-09 1.979896096e-08 1.61601943e-08 455.7341639 6.29536882e-09 1.583916877e-08 2.851798994e-09 2.770771375e-09 5e-101 5e-101 1.470914076e-09 468.0962257 9.22216251e-10 5e-101 6109.212848 264463.2235 253818.6933 1192.506938 2.114976317e-195 24998.61579 502169.8397 117160.6701 1543.244104 3.88930123e-09 1.470914076e-09 1.411069982e-09 5e-101 5e-101 7.415812441e-10 22.08357758 1.959660071e-10 5e-101 1180.526579 71355.18342 97969.17848 283.4017317 6.127833333e-196 28419.04242 878710.3791 528089.6378 1.959660071e-10 1587.986614 2301.076942 157.7791343 5e-101 5e-101 1638.263728 2690.766935 7.88098136e-10 5e-101 490.0803264 207858.3925 185263.9879 528.4153187 2.633869702e-191 901.4734411 1243377.731 67715.70954 474.0053662 3.908106048e-09 219.5089761 1.354664147e-09 5e-101
$catchByGroup
0 736.9346832 3200.936557 3.86722639e-09 0 2.702137215e-10 494750.4868 692483.6993 2303.348515 9.910190746e-09 2109.76234 8232838.528 185869.9053 3.86722639e-09 2.702137215e-10 2.141535116e-09 2.189052674e-09 0 0 4.293508608e-09 16951.46511 861.1498387 0 9.218690737e-09 36625.86582 542989.7353 5.167314106e-09 6.616820832e-09 1.355689814e-09 1.824741158e-08 541.3798671 1.162645674e-08 1.084551851e-09 3.220131456e-09 3.291479897e-09 0 0 2.452373873e-09 829.9841614 2.897928949e-09 0 517.1857266 440924.9393 450047.4128 3747.277684 553.4583077 2116.30002 837240.0638 207738.2708 4849.417649 3.292553611e-10 2.452373873e-09 2.501976456e-09 0 0 2.836275022e-10 9.503339416 3.732764e-10 0 8.687342977 27290.72856 42159.57998 539.8241242 1.515225563e-05 209.1320712 336074.3438 227255.5274 3.732764e-10 11.68578887 880.0771466 67.89790559 0 0 125.5461007 223.4124119 1.444341523e-10 0 1.295894421 15928.94369 15382.3335 96.84227781 2.300635695e-10 2.38372026 95284.55222 5622.385869 86.87060675 1.033400557e-11 16.82177023 1.12476774e-10 0 
0 86.66886796 379.8839259 4.978421225e-10 0 2.426247461e-11 58186.24852 82183.26781 296.5184341 1.564116778e-09 189.4354399 968241.5709 22058.85311 4.978421225e-10 2.426247461e-11 2.518600745e-10 2.59794566e-10 0 0 3.472503343e-10 1383.965146 76.50020508 0 5.637539354e-10 2962.226307 44331.20463 4.590381035e-10 7.266226544e-10 8.29049905e-11 1.475813921e-09 44.19977048 1.032835733e-09 6.63239924e-11 2.604377507e-10 2.687256487e-10 0 0 3.096203927e-10 105.9220817 4.070544173e-10 0 47.15708914 55668.24633 57434.78136 526.3572575 98.36789202 192.9646229 105704.3545 26511.43374 681.1681411 3.002156405e-11 3.096203927e-10 3.193007373e-10 0 0 3.074535893e-09 101.44629 3.481882823e-09 0 152.7915181 295832.8225 450045.2724 5035.422399 0.0001031495202 3678.179476 3643062.202 2425908.317 3.481882823e-09 205.527677 9540.078993 724.7968654 0 0 605.6443718 1075.951869 6.85006362e-10 0 6.554761082 76842.49088 74081.15929 459.2928705 1.047221691e-09 12.05709087 459660.256 27077.35229 412.0003292 5.227041375e-11 81.14955708 5.41686982e-10 0 
0 9.193161455 40.33063747 5.328185836e-11 0 2.510858877e-12 6171.946048 8725.042979 31.73506719 1.71088433e-10 19.60416913 102703.5578 2341.893266 5.328185836e-11 2.510858877e-12 2.67153637e-11 2.758126824e-11 0 0 5.724611255e-11 228.2828335 12.68394896 0 9.148395655e-11 488.3391716 7312.361176 7.610980741e-11 1.221722612e-10 1.345352302e-11 2.432959783e-10 7.290681323 1.712470667e-10 1.076281842e-11 4.293458441e-11 4.432586519e-11 0 0 1.72935149e-11 5.922958733 2.300223992e-11 0 2.550468982 3109.290183 3211.642315 29.74392467 5.718585657 10.43640085 5904.003333 1482.468296 38.49213359 1.623702169e-12 1.72935149e-11 1.785468204e-11 0 0 1.504572183e-10 5.043940458 1.99076627e-10 0 4.540621641 14477.04145 22376.38811 287.9002418 8.186688208e-06 109.3072543 178278.9416 120616.9009 1.99076627e-10 6.107822148 466.8586732 36.03712106 0 0 2526.811073 4452.037015 2.632663207e-09 0 35.04849399 320594.834 306530.499 1765.18571 3.352586099e-09 64.46960791 1917750.216 112039.7465 1583.427787 2.794913894e-10 338.5643605 2.241373954e-09 0 
$Fmort
 0.5285436904 0.3573926239 0.1744835989
#ESTIMATED_PARAMETERS
$availability
1.4851545 1.4904055 1.823068357 0.1463384521 0.05503964531 
0.1914217929 0.1306991979 0.2370202286 4.027095714 0.4137652429 
0.04047206131 0.04337187881 0.02616941697 0.23133515 4.65865 
$availabilityVector
 1.4851545 0.1914217929 0.04047206131 1.4904055 0.1306991979 0.04337187881 1.823068357 0.2370202286 0.02616941697 0.1463384521 4.027095714 0.23133515 0.05503964531 0.4137652429 4.65865
$selectivity
 0.08368182177 0.8929149689 0.9219507487 1.188474265 1.912978197
$RunSize
 0 1462.55886 6214.846569 6.375302786e-09 0 4.250201857e-09 981907.5215 1344506.48 3797.177285 1.275060557e-08 33184.53172 16339319.09 360879.6747 6.375302786e-09 4.250201857e-09 4.250201857e-09 4.250201857e-09 0 0 8.500403714e-09 32833.47494 1416.620151 0 1.445068631e-07 72512.87333 1051722.654 8.500403714e-09 8.500403714e-09 2.125100929e-08 3.612671579e-08 1048.604483 1.912590836e-08 1.700080743e-08 6.375302786e-09 6.375302786e-09 0 0 4.250201857e-09 1409.925428 4.250201857e-09 0 6676.106133 764165.6993 764512.5298 5495.885805 657.5447807 27318.31684 1451018.261 352892.8429 7112.322028 4.250201857e-09 4.250201857e-09 4.250201857e-09 0 0 4.250201857e-09 138.0771474 4.250201857e-09 0 1346.546062 408955.7759 612550.419 6146.548496 0.0001101694823 32415.66122 5036125.866 3301870.383 4.250201857e-09 1811.307902 13188.09175 986.5110263 0 0 4896.265274 8442.168231 4.250201857e-09 0 532.9794759 621224.6611 581257.9797 2849.736177 4.250201857e-09 980.3838602 3716072.755 212455.1942 2556.304089 4.250201857e-09 656.0446639 4.250201857e-09 0
