$ndistricts
3
$ngroups
90
$nstocks
5
$nagecomps
18
$AgeCompLabels
 0.1 0.2 0.3 0.4 0.5 1.1 1.2 1.3 1.4 1.5 2.1 2.2 2.3 2.4 3.1 3.2 3.3 3.4
$navailpar
15
$nselectpar
5
$GENdata
 -1 -1 -1
$maxGradient
2.849496143e-06
#LIKELIHOOD_VALUES_AND_PENALTIES
$totalNLL
554.1903039
$NLLcatch
0.6773740579
$NLLescape
-6.904326665
$NLLagecompCatch
265.4662155
$NLLagecompEsc
294.951041
$NLLgenetics
0
$NLLselOne
1.30873639e-16
$NLLavailOne
1.945099676e-09
$NLLextra
3.026144245e-10
$sigmaCat
0.5
$sigmaEsc
0.1
#OBSERVED_AND_PREDICTED_VALUES
$predEsc
 1085635.483 684392.0272 1845960.211 973980.8425 859038.3911
$obsEsc
 1095348 680850 1830360 968872 866368
$predCatch
 2310558.847 2872661.46 480508.9541
$obsCatch
 2310559 2872662 480509
$RunSize
 0 0 0 0 0 1.232961289e-09 151950.0561 1471203.492 6247.271421 1.849441933e-09 1.232961289e-09 22083.10284 89587.42364 1.849441933e-09 0 1.232961289e-09 1.232961289e-09 0 0 0 0 0 0 11408.43844 8.63072902e-09 1050816.964 1.294609353e-08 3.082403222e-09 7.952600312e-08 2.096034191e-08 6.725803829e-07 2.034386126e-08 0 5.548325799e-09 6.164806443e-09 0 0 0 0 0 0 1.232961289e-09 52302.09203 3105061.355 45203.04609 2.465922577e-09 6567.676624 21642.61362 89670.73647 1141.555458 0 1.849441933e-09 1.849441933e-09 0 0 0 0 0 0 1.232961289e-09 16983.43559 1373881.46 18536.68111 4.31536451e-09 18680.40113 538989.0439 1529538.565 21705.44042 2437.843758 11238.47136 7775.639816 0 0 0 0 0 0 1217.294788 280250.9652 1036610.723 31064.8257 96.09907408 2821.649356 31392.93973 62193.83246 2340.345758 0 1.232961289e-09 94.73704428 0
$SSageCompEsc
 1305 0 1378 1242 1357
$obsAgeCompEsc
0 0 0 0 0 0 0.09982297 0.8329809 0.003103651 0 0 0.01323228 0.05086018 0 0 0 0 0 
0 0 0 0 0 0.0002586018 0.4627819 0.4065598 0.006544372 0 0 0.02762097 0.09623435 0 0 0 0 0 
0 0 0 0 0 0 0.02165092 0.9268034 0.01328831 0 0.003532283 0.007514316 0.02691325 0.0002975206 0 0 0 0 
0 0 0 0 0 0 0.006738788 0.3800361 0.004285104 0 0.01811742 0.1363469 0.441869 0.00451833 0.002423439 0.003493548 0.002171405 0 
0 0 0 0 0 0.001416539 0.1821447 0.7548285 0.0008178249 0 0.00317286 0.0100871 0.04753242 0 0 0 0 0 
$predAgeCompEsc
0 0 0 0 0 1.110291208e-15 0.0852197297 0.8480741218 0.0026784509 2.122141878e-16 1.110291208e-15 0.01238509616 0.05164260149 7.929284765e-16 0 6.914944981e-16 7.10739587e-16 0 
0 0 0 0 0 0.01630934758 7.875614766e-15 0.9836906524 9.235985633e-15 7.622936621e-16 1.136892866e-13 1.9126493e-14 6.296158687e-13 1.451369171e-14 0 5.062895207e-15 5.77099788e-15 0 
0 0 0 0 0 6.496508336e-16 0.01526140333 0.9383460303 0.009284014514 3.104325036e-17 0.00346052762 0.006315171014 0.02709839516 0.0002344580367 0 5.396548813e-16 5.588992609e-16 0 
0 0 0 0 0 1.192610062e-15 0.00444073617 0.3904286186 0.001824196925 -6.081009038e-16 0.01806904609 0.1409319175 0.4346631398 0.002136034894 0.002358060242 0.002938574235 0.002209675581 0 
0 0 0 0 0 0.001384387978 0.1897353641 0.7246126559 0.01512453234 -6.403718565e-12 0.003208965885 0.02125363189 0.04347479447 0.001139444189 0 8.347388165e-16 6.622318267e-05 0 
$SSageCompCatch
 6821 7359 2752
$obsAgeCompCatch
0 0 0 0 0 0.000193081 0.01202574 0.914141 0.008272627 0 3.024118e-05 0.01099231 0.05367557 0.0006694332 0 0 0 0 
0 0 0 0 0 0 0.009100587 0.4875524 0.004003775 0 0.0004273366 0.1284996 0.3628659 0.003326331 0 0.002549069 0.001675015 0 
0 0 0 0 0 0 0.1842184 0.6292553 0.04296665 0.0001418851 0.0001418851 0.06042294 0.07700608 0.004960216 0 0.0001909491 0.0006957484 0 
$predAgeCompCatch
0 0 0 0 0 9.720487528e-05 0.03297177871 0.8851697783 0.012179161 1.867944186e-06 8.462678227e-05 0.0162399467 0.05211687663 0.0008195781868 2.049597374e-06 0.0001910447267 0.0001260864988 0 
0 0 0 0 0 9.763502522e-06 0.01917907834 0.4666931655 0.008750610234 1.02547197e-05 0.0003717981961 0.1314584659 0.3625864353 0.006380673742 4.678195102e-05 0.002696164109 0.001816808486 0 
0 0 0 0 0 4.549036616e-05 0.171076219 0.6719265837 0.02696845858 0.0001297056923 0.000130311165 0.03813196628 0.08781455479 0.003063540996 4.191041908e-06 0.0003949344452 0.0003140439464 0 
$genSS
 -1 -1 -1
$obsGenComp     #GeneticFracData
0 0 0 0 0 
0 0 0 0 0 
0 0 0 0 0 
$predGenComp     #catchGenComp_pred
0 0 0 0 0 
0 0 0 0 0 
0 0 0 0 0 
#PARAMETERS_OF_INTEREST
$catchByGroup
0 0 0 
0 0 0 
0 0 0 
0 0 0 
0 0 0 
2.409274999e-11 3.318757418e-12 1.782496992e-13 
50770.85196 8209.598667 452.0430139 
470850.147 75502.1946 4151.7912 
2820.149456 491.8792547 27.42137341 
1.31420615e-09 2.881236492e-10 1.672488189e-11 
2.409274999e-11 3.318757418e-12 1.782496992e-13 
7378.595141 1193.111845 65.69600976 
28671.93548 4597.628494 252.8190554 
8.348769102e-10 1.456159111e-10 8.117822073e-12 
0 0 0 
4.11967568e-10 6.66147655e-11 3.667991651e-12 
3.946021113e-10 6.327559966e-11 3.479462805e-12 
0 0 0 
0 0 0 
0 0 0 
0 0 0 
0 0 0 
0 0 0 
223.7076542 20.97584215 1.767487005 
2.892030049e-09 3.211783322e-10 2.751268391e-11 
337281.6603 37127.66711 3177.596849 
5.859199081e-09 7.049728676e-10 6.088665136e-11 
2.194245791e-09 3.365874018e-10 2.986232396e-11 
1.559422502e-09 1.462185117e-10 1.232080778e-11 
7.023501547e-09 7.800045211e-10 6.681651808e-11 
2.158787268e-07 2.376373947e-08 2.033835938e-09 
9.207312841e-09 1.107814506e-09 9.567902356e-11 
0 0 0 
1.859162174e-09 2.06471785e-10 1.768672537e-11 
1.978723435e-09 2.178161271e-10 1.86419426e-11 
0 0 0 
0 0 0 
0 0 0 
0 0 0 
0 0 0 
0 0 0 
2.950844098e-11 4.107997709e-12 1.152600021e-13 
20553.39774 3476.089059 100.6619226 
1171154.403 196088.7506 5668.764926 
23572.04762 4364.6837 128.3933772 
1.927700887e-09 4.664747717e-10 1.444231363e-11 
157.1840899 21.88227706 0.6139612236 
8504.999105 1438.406181 41.65391887 
33821.64338 5662.826165 163.7076591 
595.2873079 110.2255031 3.242439906 
0 0 0 
7.267838468e-10 1.229171649e-10 3.55948249e-12 
6.975649803e-10 1.167947156e-10 3.376439421e-12 
0 0 0 
0 0 0 
0 0 0 
0 0 0 
0 0 0 
0 0 0 
2.395130401e-12 6.796829113e-11 1.018514137e-12 
667.06844 11704.39787 286.7773213 
51237.69953 920359.261 22014.50414 
1064.861756 15234.80511 460.2813817 
4.962975095e-10 4.192986868e-09 2.183587634e-10 
36.28824121 1029.77681 15.43134632 
21170.19132 371452.6537 9101.211203 
57042.79424 1024633.511 24508.68875 
1246.894914 17839.1241 538.9643404 
4.735715347 134.3887077 2.013833164 
441.4200835 7745.166725 189.7695372 
289.9856416 5208.878878 124.5936131 
0 0 0 
0 0 0 
0 0 0 
0 0 0 
0 0 0 
0 0 0 
0.8899303619 7.071395258 20.09104126 
4191.916882 31704.91361 81364.17281 
14712.95305 111573.597 287854.0828 
683.6093709 5046.172707 12342.48969 
4.31599496 29.45833806 62.32474656 
2.062829363 16.39126206 46.57037406 
469.5669609 3551.496928 9114.190102 
882.7372867 6694.113275 17270.46441 
51.50140893 380.1659474 929.8520995 
0 0 0 
1.844229595e-11 1.394854469e-10 3.579608558e-10 
1.344633674 10.19683915 26.30731516 
0 0 0 
$escByGroup
 5e-101 5e-101 5e-101 5e-101 5e-101 1.205371532e-09 92517.56241 920699.3588 2907.821337 2.303872522e-10 1.205371532e-09 13445.69985 56065.04061 8.608312896e-10 5e-101 7.507109634e-10 7.716041148e-10 5e-101 5e-101 5e-101 5e-101 5e-101 5e-101 11161.98745 5.390007956e-09 673230.0398 6.321034931e-09 5.217077047e-10 7.780804129e-08 1.309001932e-08 4.309040808e-07 9.933054892e-09 5e-101 3.465005114e-09 3.949624938e-09 5e-101 5e-101 5e-101 5e-101 5e-101 5e-101 1.19922959e-09 28171.94331 1732149.436 17137.92139 5.730460499e-11 6387.996296 11657.55442 50022.55926 432.8002069 5e-101 9.961814387e-10 1.031705798e-09 5e-101 5e-101 5e-101 5e-101 5e-101 5e-101 1.161579353e-09 4325.191956 380269.9949 1776.732858 1.68839453e-191 17598.90473 137264.9877 423353.5711 2080.457066 2296.705502 2862.11501 2152.181684 5e-101 5e-101 5e-101 5e-101 5e-101 5e-101 1189.242422 162989.9619 622470.0901 12992.55393 1.817838051e-195 2756.624891 18257.68574 37346.51749 978.8263026 5e-101 7.1707269e-10 56.8882563 5e-101
$catchByGroup
0 0 0 0 0 2.409274999e-11 50770.85196 470850.147 2820.149456 1.31420615e-09 2.409274999e-11 7378.595141 28671.93548 8.348769102e-10 0 4.11967568e-10 3.946021113e-10 0 0 0 0 0 0 223.7076542 2.892030049e-09 337281.6603 5.859199081e-09 2.194245791e-09 1.559422502e-09 7.023501547e-09 2.158787268e-07 9.207312841e-09 0 1.859162174e-09 1.978723435e-09 0 0 0 0 0 0 2.950844098e-11 20553.39774 1171154.403 23572.04762 1.927700887e-09 157.1840899 8504.999105 33821.64338 595.2873079 0 7.267838468e-10 6.975649803e-10 0 0 0 0 0 0 2.395130401e-12 667.06844 51237.69953 1064.861756 4.962975095e-10 36.28824121 21170.19132 57042.79424 1246.894914 4.735715347 441.4200835 289.9856416 0 0 0 0 0 0 0.8899303619 4191.916882 14712.95305 683.6093709 4.31599496 2.062829363 469.5669609 882.7372867 51.50140893 0 1.844229595e-11 1.344633674 0 
0 0 0 0 0 3.318757418e-12 8209.598667 75502.1946 491.8792547 2.881236492e-10 3.318757418e-12 1193.111845 4597.628494 1.456159111e-10 0 6.66147655e-11 6.327559966e-11 0 0 0 0 0 0 20.97584215 3.211783322e-10 37127.66711 7.049728676e-10 3.365874018e-10 1.462185117e-10 7.800045211e-10 2.376373947e-08 1.107814506e-09 0 2.06471785e-10 2.178161271e-10 0 0 0 0 0 0 4.107997709e-12 3476.089059 196088.7506 4364.6837 4.664747717e-10 21.88227706 1438.406181 5662.826165 110.2255031 0 1.229171649e-10 1.167947156e-10 0 0 0 0 0 0 6.796829113e-11 11704.39787 920359.261 15234.80511 4.192986868e-09 1029.77681 371452.6537 1024633.511 17839.1241 134.3887077 7745.166725 5208.878878 0 0 0 0 0 0 7.071395258 31704.91361 111573.597 5046.172707 29.45833806 16.39126206 3551.496928 6694.113275 380.1659474 0 1.394854469e-10 10.19683915 0 
0 0 0 0 0 1.782496992e-13 452.0430139 4151.7912 27.42137341 1.672488189e-11 1.782496992e-13 65.69600976 252.8190554 8.117822073e-12 0 3.667991651e-12 3.479462805e-12 0 0 0 0 0 0 1.767487005 2.751268391e-11 3177.596849 6.088665136e-11 2.986232396e-11 1.232080778e-11 6.681651808e-11 2.033835938e-09 9.567902356e-11 0 1.768672537e-11 1.86419426e-11 0 0 0 0 0 0 1.152600021e-13 100.6619226 5668.764926 128.3933772 1.444231363e-11 0.6139612236 41.65391887 163.7076591 3.242439906 0 3.55948249e-12 3.376439421e-12 0 0 0 0 0 0 1.018514137e-12 286.7773213 22014.50414 460.2813817 2.183587634e-10 15.43134632 9101.211203 24508.68875 538.9643404 2.013833164 189.7695372 124.5936131 0 0 0 0 0 0 20.09104126 81364.17281 287854.0828 12342.48969 62.32474656 46.57037406 9114.190102 17270.46441 929.8520995 0 3.579608558e-10 26.30731516 0 
$Fmort
 0.3571986537 0.3785177235 0.09603329165
#ESTIMATED_PARAMETERS
$availability
1.4851545 1.4904055 1.823068357 0.1463384521 0.05503964531 
0.1914217929 0.1306991979 0.2370202286 4.027095714 0.4137652429 
0.04047206131 0.04337187881 0.02616941697 0.23133515 4.65865 
$availabilityVector
 1.4851545 0.1914217929 0.04047206131 1.4904055 0.1306991979 0.04337187881 1.823068357 0.2370202286 0.02616941697 0.1463384521 4.027095714 0.23133515 0.05503964531 0.4137652429 4.65865
$selectivity
 0.0371992017 0.7665642495 0.7271083586 1.131817927 2.337310265
$RunSize
 0 0 0 0 0 1.232961289e-09 151950.0561 1471203.492 6247.271421 1.849441933e-09 1.232961289e-09 22083.10284 89587.42364 1.849441933e-09 0 1.232961289e-09 1.232961289e-09 0 0 0 0 0 0 11408.43844 8.63072902e-09 1050816.964 1.294609353e-08 3.082403222e-09 7.952600312e-08 2.096034191e-08 6.725803829e-07 2.034386126e-08 0 5.548325799e-09 6.164806443e-09 0 0 0 0 0 0 1.232961289e-09 52302.09203 3105061.355 45203.04609 2.465922577e-09 6567.676624 21642.61362 89670.73647 1141.555458 0 1.849441933e-09 1.849441933e-09 0 0 0 0 0 0 1.232961289e-09 16983.43559 1373881.46 18536.68111 4.31536451e-09 18680.40113 538989.0439 1529538.565 21705.44042 2437.843758 11238.47136 7775.639816 0 0 0 0 0 0 1217.294788 280250.9652 1036610.723 31064.8257 96.09907408 2821.649356 31392.93973 62193.83246 2340.345758 0 1.232961289e-09 94.73704428 0
