$ndistricts
3
$ngroups
90
$nstocks
5
$nagecomps
18
$AgeCompLabels
 0.1 0.2 0.3 0.4 0.5 1.1 1.2 1.3 1.4 1.5 2.1 2.2 2.3 2.4 3.1 3.2 3.3 3.4
$navailpar
15
$nselectpar
5
$GENdata
 1 1 1
$maxGradient
32.8076864
#LIKELIHOOD_VALUES_AND_PENALTIES
$totalNLL
1325.561618
$NLLcatch
0.6773740579
$NLLescape
-6.896888029
$NLLagecompCatch
377.8262874
$NLLagecompEsc
643.7772678
$NLLgenetics
309.9263902
$NLLselOne
0.06817371512
$NLLavailOne
0.183013209
$NLLextra
5.540634091e-15
$sigmaCat
0.5
$sigmaEsc
0.1
#OBSERVED_AND_PREDICTED_VALUES
$predEsc
 2113991.985 1090762.445 933483.3138 1126004.289 888697.7041
$obsEsc
 2088576 1095950 938160 1113630 898110
$predCatch
 4464740.602 4778478.383 2168189.734
$obsCatch
 4464741 4778479 2168190
$RunSize
 0 0 0 2.045378067e-08 0 2893.22625 673419.972 1727912.325 4878.19496 1.960640976e-06 10535.83926 1130695.689 2185536.505 4037.461072 0 8.765906001e-09 0.0004796830382 0 0 0 0 3.895958223e-09 0 1.655782245e-08 423413.4837 1143654.022 1.947979111e-09 1.071388511e-08 1.7531812e-08 68062.60059 98234.63098 3.895958223e-09 0 3.895958223e-09 1.947979111e-09 0 0 0 0 5.843937334e-09 0 91428.30474 420765.4965 1467827.582 29021.53772 1097.871863 5236.9629 323517.8176 473230.3788 1225.135861 0 4.869947778e-09 1.115218041e-06 0 0 0 0 1.7531812e-08 0 9641.150912 286739.8786 1023580.944 2.727657751e-05 3.447923027e-07 115588.0216 1038764.961 2308334.914 1.363585378e-08 1496.306335 20626.21028 10853.09556 0 0 0 0 1606.752249 0 9342.335676 351413.9668 1616592.816 1738.813462 2.921968667e-09 2342.849084 310271.8322 168788.5684 4.869947778e-09 0 2.921968667e-09 5.843937334e-09 0
$SSageCompEsc
 1 1 1 1 1
$obsAgeCompEsc
0 0 0 0 0 0.00136834 0.1375921 0.2390689 0.00136834 0 0.004991821 0.2316216 0.3831021 0.000886802 0 0 0 0 
0 0 0 0 0 0 0.2330827 0.6729323 0 0 0 0.03759398 0.05639098 0 0 0 0 0 
0 0 0 0 0 0.09832052 0.1831307 0.415952 0.006862096 0 0.006361712 0.1414577 0.1472601 0.0006552387 0 0 0 0 
0 0 0 0 0 0.006550668 0.0743827 0.1357105 0 0 0.07799917 0.2930366 0.405645 0 0.001029425 0.004491817 0.001154131 0 
0 0 0 0 0 0.01164537 0.1825343 0.5911817 0.001487471 0 0.00233142 0.1405414 0.0702782 0 0 0 0 0 
$predAgeCompEsc
0 0 0 1.77046391e-15 0 0.001193161211 0.1431747546 0.2693874026 0.000422252896 3.035769921e-14 0.004344960828 0.2403954212 0.3407325671 0.0003494796014 0 1.863705403e-15 7.478421551e-11 0 
0 0 0 1.844978654e-15 0 1.409386153e-14 0.264674217 0.6379805039 9.224893268e-16 4.121935762e-15 1.492291221e-14 0.04254568221 0.05479959689 1.844978654e-15 0 2.435349208e-15 1.086668408e-15 0 
0 0 0 8.75061285e-16 0 0.08369573179 0.1813334106 0.443302637 0.004345635936 5.093363303e-09 0.004794045384 0.1394234788 0.1429216056 0.0001834497702 0 2.098756308e-15 3.368100617e-13 0 
0 0 0 8.165221757e-16 0 0.006969479235 0.07713832806 0.1672681293 1.270372418e-12 -2.090449546e-14 0.0835572769 0.2794469774 0.3772157594 6.350728033e-16 0.00108166297 0.005548831866 0.001773554894 0 
0 0 0 0.0003632765609 0 0.009054968634 0.1735704095 0.5985982573 0.000393134769 2.52378487e-16 0.002270783849 0.1532494837 0.0624996857 1.101064512e-15 0 1.443218956e-15 2.16391578e-15 0 
$SSageCompCatch
 1 1 1
$obsAgeCompCatch
0 0 0 0 0 0.0003134414 0.1201747 0.476253 0.005277137 0.0001945006 0 0.1385592 0.258839 0.0001945006 0 0 0.0001945006 0 
0 0 0 0 0 7.705294e-05 0.09254436 0.3635847 0.002255097 0 0.0005303479 0.168127 0.3686064 0 0 0.002349222 0.001925824 0 
0 0 0 0.0008112609 0 0 0.08053921 0.5276075 0.0005743248 0 6.428643e-05 0.1611857 0.2290578 0 0 0 0.0001600211 0 
$predAgeCompCatch
0 0 0 2.569775997e-06 0 0.002361516561 0.1241027217 0.4350399265 0.004583905011 0.000172231696 0.0004779970962 0.1357958527 0.2966175284 0.0006490012326 1.744933975e-06 0.0001169934231 7.801098733e-05 0 
0 0 0 5.443170417e-05 0 0.000982551985 0.07803116343 0.3162479994 0.001642381079 6.339481297e-05 0.004000123264 0.1739714651 0.4207168847 0.0002330241724 5.039030684e-05 0.002493774018 0.001512416088 0 
0 0 0 0.0004669033723 0 0.0007013498938 0.1047176364 0.5195771812 0.0009343836432 1.197612965e-05 0.001241021912 0.1374875446 0.2332056307 0.0001574721193 1.373012776e-05 0.0008944841163 0.0005906858815 0 
$genSS
 285 285 285
$obsGenComp     #GeneticFracData
0.5558419272 0.1130183629 0.3038905078 0.02633169193 0.0009175100332 
0.1816294056 0.01905189692 0.08456476401 0.6666945839 0.04805934956 
0.1402830385 0.004168647129 0.01764160661 0.2692879978 0.56861871 
$predGenComp     #catchGenComp_pred
0.539827585 0.1175437381 0.3079485897 0.03181062025 0.002869467028 
0.1852672334 0.02200366451 0.09777462191 0.6328454776 0.06210900263 
0.1523997726 0.005837107856 0.01740774116 0.2414717602 0.5828836182 
#PARAMETERS_OF_INTEREST
$catchByGroup
0 0 0 
0 0 0 
0 0 0 
1.08590363e-08 4.239016628e-09 1.612981221e-09 
0 0 0 
259.3693947 82.18463077 29.33898843 
248942.0455 88911.96931 32895.67363 
767085.8486 284729.7528 106613.9141 
2589.863313 1010.99889 384.693519 
1.20579058e-06 4.977526803e-07 1.929217824e-07 
944.5076238 299.2797605 106.839507 
417982.4024 149286.3066 55232.98672 
970242.5871 360138.2198 134849.7825 
2143.512589 836.7580007 318.3934059 
0 0 0 
3.24047795e-09 1.15736687e-09 4.282028969e-10 
0.0002129495027 7.904338136e-05 2.959692196e-05 
0 0 0 
0 0 0 
0 0 0 
0 0 0 
1.523674299e-09 3.208472434e-10 3.900325361e-11 
0 0 0 
9.884759472e-10 1.756328446e-10 2.065879886e-11 
110512.0274 21615.26769 2589.492649 
365160.1729 73721.80557 8886.86929 
7.618371497e-10 1.604236217e-10 1.950162681e-11 
4.982359025e-09 1.100398324e-09 1.350750356e-10 
1.046621591e-09 1.859641884e-10 2.187402232e-11 
17764.51689 3474.597263 416.2541126 
31365.58273 6332.364708 763.3412804 
1.523674299e-09 3.208472434e-10 3.900325361e-11 
0 0 0 
1.016855292e-09 1.988887533e-10 2.382672155e-11 
6.219751564e-10 1.255699141e-10 1.513695175e-11 
0 0 0 
0 0 0 
0 0 0 
0 0 0 
3.597126802e-09 1.320072839e-09 1.098825853e-10 
0 0 0 
10225.68826 2858.961824 215.0855939 
185838.8119 60813.47123 4841.500346 
768288.3904 264279.8985 21443.67888 
17863.66711 6555.604808 545.6871648 
768.9698448 302.9307426 25.96652111 
585.7217869 163.7597574 12.31998426 
142887.5879 46758.21011 3722.528674 
247697.6249 85204.33732 6913.482484 
754.1095651 276.74297 23.03602659 
0 0 0 
2.150901908e-09 7.038562608e-10 5.603561615e-11 
5.837259663e-07 2.00793141e-07 1.629236148e-08 
0 0 0 
0 0 0 
0 0 0 
0 0 0 
7.222833993e-10 1.326869918e-08 2.62142195e-09 
0 0 0 
50.19767433 1551.475761 191.8139674 
7261.499903 165659.1305 26961.15994 
32848.86019 681599.831 120787.6214 
1.123752589e-06 2.064388448e-05 4.078495651e-06 
1.781491296e-08 2.86824704e-07 6.369123735e-08 
601.8212886 18600.68527 2299.662895 
26306.04332 600128.9431 97671.47984 
74079.31084 1537114.087 272394.9537 
5.617759773e-10 1.032009936e-08 2.038883739e-09 
7.790677566 240.788992 29.76952205 
522.3452864 11916.44524 1939.411279 
348.298609 7227.047503 1280.719035 
0 0 0 
0 0 0 
0 0 0 
0 0 0 
11.47338322 260.1007217 1012.335099 
0 0 0 
8.303544951 202.4812053 1084.42109 
1532.075727 35870.38897 159759.8776 
8957.151303 206852.941 868809.8267 
12.41639662 281.4787634 1095.540335 
2.628592411e-11 5.833156532e-10 2.088078908e-09 
2.082343576 50.77776294 271.9485839 
1352.70646 31670.82803 141055.8334 
935.2167909 21597.52997 90712.49447 
3.477497986e-11 7.883461388e-10 3.068313156e-09 
0 0 0 
1.273904196e-11 2.982583578e-10 1.328385895e-09 
3.237984877e-11 7.477675348e-10 3.140722965e-09 
0 0 0 
$escByGroup
 5e-101 5e-101 5e-101 3.742746515e-09 5e-101 2522.333236 302670.2836 569482.8099 892.6392378 6.417593281e-08 9185.212366 508193.9936 720305.9159 738.7970763 5e-101 3.939858284e-09 0.0001580932322 5e-101 5e-101 5e-101 5e-101 2.012433426e-09 5e-101 1.537305486e-08 288696.696 695885.1739 1.006216713e-09 4.496052728e-09 1.62773522e-08 46407.23233 59773.34226 2.012433426e-09 5e-101 2.656387455e-09 1.185297089e-09 5e-101 5e-101 5e-101 5e-101 8.168551081e-10 5e-101 78128.56907 169271.7131 413815.6146 4056.578634 0.004754569655 4475.161371 130149.491 133414.934 171.2472994 5e-101 1.959153994e-09 3.144065725e-07 5e-101 5e-101 5e-101 5e-101 9.194074719e-10 5e-101 7847.66351 86858.08824 188344.631 1.430444792e-06 4.248349767e-193 94085.85216 314658.4951 424746.5629 7.150947003e-10 1217.957144 6248.00848 1997.030417 5e-101 5e-101 5e-101 5e-101 322.8430456 5e-101 8047.129836 154251.6244 531972.8969 349.3779666 2.242881819e-10 2018.040394 136192.4643 55543.32719 9.785135035e-10 5e-101 1.282585372e-09 1.923066985e-09 5e-101
$catchByGroup
0 0 0 1.08590363e-08 0 259.3693947 248942.0455 767085.8486 2589.863313 1.20579058e-06 944.5076238 417982.4024 970242.5871 2143.512589 0 3.24047795e-09 0.0002129495027 0 0 0 0 1.523674299e-09 0 9.884759472e-10 110512.0274 365160.1729 7.618371497e-10 4.982359025e-09 1.046621591e-09 17764.51689 31365.58273 1.523674299e-09 0 1.016855292e-09 6.219751564e-10 0 0 0 0 3.597126802e-09 0 10225.68826 185838.8119 768288.3904 17863.66711 768.9698448 585.7217869 142887.5879 247697.6249 754.1095651 0 2.150901908e-09 5.837259663e-07 0 0 0 0 7.222833993e-10 0 50.19767433 7261.499903 32848.86019 1.123752589e-06 1.781491296e-08 601.8212886 26306.04332 74079.31084 5.617759773e-10 7.790677566 522.3452864 348.298609 0 0 0 0 11.47338322 0 8.303544951 1532.075727 8957.151303 12.41639662 2.628592411e-11 2.082343576 1352.70646 935.2167909 3.477497986e-11 0 1.273904196e-11 3.237984877e-11 0 
0 0 0 4.239016628e-09 0 82.18463077 88911.96931 284729.7528 1010.99889 4.977526803e-07 299.2797605 149286.3066 360138.2198 836.7580007 0 1.15736687e-09 7.904338136e-05 0 0 0 0 3.208472434e-10 0 1.756328446e-10 21615.26769 73721.80557 1.604236217e-10 1.100398324e-09 1.859641884e-10 3474.597263 6332.364708 3.208472434e-10 0 1.988887533e-10 1.255699141e-10 0 0 0 0 1.320072839e-09 0 2858.961824 60813.47123 264279.8985 6555.604808 302.9307426 163.7597574 46758.21011 85204.33732 276.74297 0 7.038562608e-10 2.00793141e-07 0 0 0 0 1.326869918e-08 0 1551.475761 165659.1305 681599.831 2.064388448e-05 2.86824704e-07 18600.68527 600128.9431 1537114.087 1.032009936e-08 240.788992 11916.44524 7227.047503 0 0 0 0 260.1007217 0 202.4812053 35870.38897 206852.941 281.4787634 5.833156532e-10 50.77776294 31670.82803 21597.52997 7.883461388e-10 0 2.982583578e-10 7.477675348e-10 0 
0 0 0 1.612981221e-09 0 29.33898843 32895.67363 106613.9141 384.693519 1.929217824e-07 106.839507 55232.98672 134849.7825 318.3934059 0 4.282028969e-10 2.959692196e-05 0 0 0 0 3.900325361e-11 0 2.065879886e-11 2589.492649 8886.86929 1.950162681e-11 1.350750356e-10 2.187402232e-11 416.2541126 763.3412804 3.900325361e-11 0 2.382672155e-11 1.513695175e-11 0 0 0 0 1.098825853e-10 0 215.0855939 4841.500346 21443.67888 545.6871648 25.96652111 12.31998426 3722.528674 6913.482484 23.03602659 0 5.603561615e-11 1.629236148e-08 0 0 0 0 2.62142195e-09 0 191.8139674 26961.15994 120787.6214 4.078495651e-06 6.369123735e-08 2299.662895 97671.47984 272394.9537 2.038883739e-09 29.76952205 1939.411279 1280.719035 0 0 0 0 1012.335099 0 1084.42109 159759.8776 868809.8267 1095.540335 2.088078908e-09 271.9485839 141055.8334 90712.49447 3.068313156e-09 0 1.328385895e-09 3.140722965e-09 0 
$Fmort
 0.3467256603 0.3322173226 0.193216272
#ESTIMATED_PARAMETERS
$availability
1.659828632 1.087807796 2.096061849 0.09225272455 0.0157142107 
0.5315031959 0.1966849946 0.5859535407 3.236035276 0.4041418173 
0.3232271325 0.03959192581 0.07469227852 0.6372964847 3.912850836 
$availabilityVector
 1.659828632 0.5315031959 0.3232271325 1.087807796 0.1966849946 0.03959192581 2.096061849 0.5859535407 0.07469227852 0.09225272455 3.236035276 0.6372964847 0.0157142107 0.4041418173 3.912850836
$selectivity
 0.1632009157 0.8019200808 1.019756911 1.31528313 1.658555274
$RunSize
 0 0 0 2.045378067e-08 0 2893.22625 673419.972 1727912.325 4878.19496 1.960640976e-06 10535.83926 1130695.689 2185536.505 4037.461072 0 8.765906001e-09 0.0004796830382 0 0 0 0 3.895958223e-09 0 1.655782245e-08 423413.4837 1143654.022 1.947979111e-09 1.071388511e-08 1.7531812e-08 68062.60059 98234.63098 3.895958223e-09 0 3.895958223e-09 1.947979111e-09 0 0 0 0 5.843937334e-09 0 91428.30474 420765.4965 1467827.582 29021.53772 1097.871863 5236.9629 323517.8176 473230.3788 1225.135861 0 4.869947778e-09 1.115218041e-06 0 0 0 0 1.7531812e-08 0 9641.150912 286739.8786 1023580.944 2.727657751e-05 3.447923027e-07 115588.0216 1038764.961 2308334.914 1.363585378e-08 1496.306335 20626.21028 10853.09556 0 0 0 0 1606.752249 0 9342.335676 351413.9668 1616592.816 1738.813462 2.921968667e-09 2342.849084 310271.8322 168788.5684 4.869947778e-09 0 2.921968667e-09 5.843937334e-09 0
