$ndistricts
3
$ngroups
90
$nstocks
5
$nagecomps
18
$AgeCompLabels
 0.1 0.2 0.3 0.4 0.5 1.1 1.2 1.3 1.4 1.5 2.1 2.2 2.3 2.4 3.1 3.2 3.3 3.4
$navailpar
15
$nselectpar
5
$GENdata
 -1 -1 -1
$maxGradient
9.910314252e-06
#LIKELIHOOD_VALUES_AND_PENALTIES
$totalNLL
806.2281693
$NLLcatch
0.6773740579
$NLLescape
-10.27865802
$NLLagecompCatch
341.5211666
$NLLagecompEsc
474.3082867
$NLLgenetics
0
$NLLselOne
3.395853414e-15
$NLLavailOne
1.945099676e-09
$NLLextra
3.8e-198
$sigmaCat
0.5
$sigmaEsc
0.05
#OBSERVED_AND_PREDICTED_VALUES
$predEsc
 5524952.297 5290409.165 1959483.41 1293792.676 815434.9915
$obsEsc
 5500134 5396592 1939674 1290144 815104
$predCatch
 3732496.864 11187677.14 3219419.301
$obsCatch
 3732497 11187680 3219420
$RunSize
 0 0 0 0 0 0 1757364.269 249485.6889 17279.53565 0 3.672755988e-09 5493010.446 81921.44212 4.040031587e-07 0 3.672755988e-09 3.672755988e-09 1.579285075e-07 0 0 0 0 0 37523.72415 5242200.113 1139035.555 3.672755988e-09 0 3.672755988e-09 603228.2439 48032.68429 9618.143718 0 3.672755988e-09 3.672755988e-09 251.2754513 0 0 0 0 0 0 875160.1806 1058366.288 15289.89838 0 3.672755988e-09 468601.4882 577447.1218 3.672755988e-09 0 3.672755988e-09 3.672755988e-09 3.672755988e-09 0 0 0 0 0 0 1261355.135 383206.9474 5.509133982e-09 0 24316.09033 8919786.878 633498.1084 2075.307215 0 14669.88739 39382.66301 3.672755988e-09 0 0 0 0 0 609.2997472 1808112.51 879467.4513 4263.845403 0 385.0580972 1148591.75 227629.549 2048.885882 0 450.3811456 3.672755988e-09 3.672755988e-09
$SSageCompEsc
 1471 1006 1412 1313 1374
$obsAgeCompEsc
0 0 0 0 0 0 0.2724274 0.02792345 0.00183165 0 0 0.6917687 0.006048795 0 0 0 0 0 
0 0 0 0 0 0.006555573 0.7921763 0.124001 0 0 0 0.07386483 0.003402307 0 0 0 0 0 
0 0 0 0 0 0 0.3365172 0.3372935 0.004570496 0 0 0.163798 0.1578208 0 0 0 0 0 
0 0 0 0 0 0 0.1360013 0.0253231 0 0 0.0174593 0.784028 0.03394858 0 0 0.0006260205 0.002613695 0 
0 0 0 0 0 0.000719709 0.4736076 0.1840283 0.0004489671 0 0.0004543342 0.2992549 0.0408499 0.0006362798 0 0 0 0 
$predAgeCompEsc
0 0 0 0 0 0 0.2317952994 0.03132770427 0.002065387871 0 6.561180322e-16 0.7245248031 0.01028680532 4.828967867e-14 0 4.844343253e-16 4.611848237e-16 1.887687439e-14 
0 0 0 0 0 0.007008199296 0.7445951154 0.1548977761 4.782659819e-16 0 6.859501958e-16 0.08568173557 0.006531978696 0.001252473882 0 5.216733642e-16 4.994591542e-16 3.272106855e-05 
0 0 0 0 0 0 0.3023327731 0.3436338963 0.00466283677 0 1.844797207e-15 0.1618830365 0.1874874573 1.120050718e-15 0 1.26879002e-15 1.192482663e-15 1.120050718e-15 
0 0 0 0 0 0 0.1145721699 0.02048755751 1.282047103e-16 0 0.01737750239 0.8102074576 0.03386898127 4.829509704e-05 0 0.001332504053 0.002105532216 8.546980687e-17 
0 0 0 0 0 0.000710389016 0.4864881736 0.160879396 0.000454971904 0 0.0004489433059 0.3090384584 0.0416398632 0.0002186255417 0 0.0001211789088 6.718506345e-16 3.918999464e-16 
$SSageCompCatch
 5148 6243 3821
$obsAgeCompCatch
0 0 0 0 0 0 0.25086 0.2013178 0.002970854 0 0 0.443366 0.09952494 0.001821288 0 9.097569e-05 0 4.817725e-05 
0 0 0 0 0 0 0.1333912 0.05348264 0.0001451989 0 0.0002972477 0.7522227 0.05551109 0.0003570853 0 0.001523223 0.003069592 0 
0 0 0 0 0 0 0.3992453 0.1675065 0.001061876 0 0 0.3726485 0.05844048 0 0 0.0007003185 0.0003970493 0 
$predAgeCompCatch
0 0 0 0 0 9.150884097e-05 0.4116478366 0.1532382669 0.002210736438 0 5.877750365e-06 0.3814757061 0.05037689955 0.000616970333 0 7.96428762e-05 0.0002409465421 1.560806692e-05 
0 0 0 0 0 8.59042177e-06 0.1625365711 0.06181782061 0.0003912849066 0 0.000157633468 0.7121633446 0.05857520924 0.0002593406453 0 0.001076914502 0.003011763609 1.526910509e-06 
0 0 0 0 0 1.237574974e-05 0.3827063799 0.1933292181 0.001020439506 0 2.071429421e-05 0.3628615791 0.05859230709 0.0005191058864 0 0.0002957155917 0.0006412863812 8.784092813e-07 
$genSS
 -1 -1 -1
$obsGenComp     #GeneticFracData
0 0 0 0 0 
0 0 0 0 0 
0 0 0 0 0 
$predGenComp     #catchGenComp_pred
0 0 0 0 0 
0 0 0 0 0 
0 0 0 0 0 
#PARAMETERS_OF_INTEREST
$catchByGroup
0 0 0 
0 0 0 
0 0 0 
0 0 0 
0 0 0 
0 0 0 
326237.9692 136026.6813 14441.64646 
52139.42212 21922.92638 2339.268731 
3993.840486 1692.987683 181.5380123 
0 0 0 
3.329364359e-11 1.309781754e-11 1.343697518e-12 
1019725.167 425179.9099 45140.39364 
17120.5678 7198.640341 768.1252931 
9.337775068e-08 3.958279816e-08 4.244438732e-09 
0 0 0 
6.818122322e-10 2.842852886e-10 3.018192896e-11 
7.675605588e-10 3.227341796e-10 3.443709848e-11 
3.650221163e-08 1.547327564e-08 1.659189686e-09 
0 0 0 
0 0 0 
0 0 0 
0 0 0 
0 0 0 
341.3508696 91.41980821 14.71169093 
976263.0619 280571.942 46152.28644 
238790.8652 69330.69721 11441.37806 
8.515116292e-10 2.496867648e-10 4.133486014e-11 
0 0 0 
3.341082152e-11 8.948009709e-12 1.439954381e-12 
112340.132 32285.85636 5310.816471 
10069.71748 2923.648412 482.4784424 
2229.922503 653.8749637 108.2469477 
0 0 0 
6.839830471e-10 1.965724806e-10 3.233491335e-11 
7.699676944e-10 2.23552928e-10 3.689207911e-11 
58.2570608 17.08258178 2.82796779 
0 0 0 
0 0 0 
0 0 0 
0 0 0 
0 0 0 
0 0 0 
194998.8702 83088.17717 4657.080029 
264672.2009 113921.83 6427.338744 
4216.395404 1832.690653 104.0610337 
0 0 0 
4.082662557e-11 1.621094362e-11 8.68897038e-13 
104411.4698 44489.27675 2493.617375 
144405.7717 62156.01682 3506.771048 
1.012811928e-09 4.402269657e-10 2.49962933e-11 
0 0 0 
8.183453546e-10 3.486934244e-10 1.954421481e-11 
9.18468796e-10 3.953329654e-10 2.230423164e-11 
1.012811928e-09 4.402269657e-10 2.49962933e-11 
0 0 0 
0 0 0 
0 0 0 
0 0 0 
0 0 0 
0 0 0 
25266.18008 1029744.106 58112.21543 
8750.813826 327860.5032 20088.97856 
1.408450989e-10 4.879678013e-09 3.227405549e-10 
0 0 0 
21.80875699 1760.590276 50.80598125 
178672.0768 7281928.541 410945.7853 
14466.39745 542002.2001 33210.07096 
53.05676915 1838.189273 121.5773304 
0 0 0 
293.8522278 11976.19104 675.8601383 
899.3322127 33694.63889 2064.569753 
9.389673258e-11 3.253118676e-09 2.151603699e-10 
0 0 0 
0 0 0 
0 0 0 
0 0 0 
0 0 0 
0.2055923168 4.687057058 25.13103665 
13708.17762 288975.7747 1108729.078 
7608.048549 158561.8618 582110.852 
41.33093025 851.890868 2999.623594 
0 0 0 
0.1299278175 2.962071264 15.88201735 
8708.030966 183569.9875 704312.9588 
1969.165155 41040.02375 150665.7586 
19.86056047 409.355173 1441.395232 
0 0 0 
3.414557838 71.98072011 276.1723452 
3.177207505e-11 6.621723482e-10 2.430961049e-09 
3.560129583e-11 7.337947301e-10 2.583791033e-09 
$escByGroup
 5e-101 5e-101 5e-101 5e-101 5e-101 5e-101 1280657.972 173084.0717 11411.16947 5e-101 3.62502083e-09 4002964.976 56834.10869 2.667981711e-07 5e-101 2.676476538e-09 2.548024151e-09 1.042938305e-07 5e-101 5e-101 5e-101 5e-101 5e-101 37076.24178 3939212.823 819472.6143 2.530222734e-09 5e-101 3.628957203e-09 453291.4392 34556.83996 6626.099303 5e-101 2.759865547e-09 2.642343287e-09 173.1078409 5e-101 5e-101 5e-101 5e-101 5e-101 5e-101 592416.0532 673344.9189 9136.751293 5e-101 3.614849522e-09 317207.1243 367378.5622 2.194720801e-09 5e-101 2.486172994e-09 2.336649995e-09 2.194720801e-09 5e-101 5e-101 5e-101 5e-101 5e-101 5e-101 148232.6343 26506.65185 1.658703152e-10 5e-101 22482.88532 1048240.475 43819.43992 62.48384284 5e-101 1723.983984 2724.12216 1.105802102e-10 5e-101 5e-101 5e-101 5e-101 5e-101 579.2760612 396699.4797 131186.6889 371.0000107 5e-101 366.0840808 252000.7727 33954.60149 178.2749167 5e-101 98.8135225 5.478505164e-10 3.195689295e-10
$catchByGroup
0 0 0 0 0 0 326237.9692 52139.42212 3993.840486 0 3.329364359e-11 1019725.167 17120.5678 9.337775068e-08 0 6.818122322e-10 7.675605588e-10 3.650221163e-08 0 0 0 0 0 341.3508696 976263.0619 238790.8652 8.515116292e-10 0 3.341082152e-11 112340.132 10069.71748 2229.922503 0 6.839830471e-10 7.699676944e-10 58.2570608 0 0 0 0 0 0 194998.8702 264672.2009 4216.395404 0 4.082662557e-11 104411.4698 144405.7717 1.012811928e-09 0 8.183453546e-10 9.18468796e-10 1.012811928e-09 0 0 0 0 0 0 25266.18008 8750.813826 1.408450989e-10 0 21.80875699 178672.0768 14466.39745 53.05676915 0 293.8522278 899.3322127 9.389673258e-11 0 0 0 0 0 0.2055923168 13708.17762 7608.048549 41.33093025 0 0.1299278175 8708.030966 1969.165155 19.86056047 0 3.414557838 3.177207505e-11 3.560129583e-11 
0 0 0 0 0 0 136026.6813 21922.92638 1692.987683 0 1.309781754e-11 425179.9099 7198.640341 3.958279816e-08 0 2.842852886e-10 3.227341796e-10 1.547327564e-08 0 0 0 0 0 91.41980821 280571.942 69330.69721 2.496867648e-10 0 8.948009709e-12 32285.85636 2923.648412 653.8749637 0 1.965724806e-10 2.23552928e-10 17.08258178 0 0 0 0 0 0 83088.17717 113921.83 1832.690653 0 1.621094362e-11 44489.27675 62156.01682 4.402269657e-10 0 3.486934244e-10 3.953329654e-10 4.402269657e-10 0 0 0 0 0 0 1029744.106 327860.5032 4.879678013e-09 0 1760.590276 7281928.541 542002.2001 1838.189273 0 11976.19104 33694.63889 3.253118676e-09 0 0 0 0 0 4.687057058 288975.7747 158561.8618 851.890868 0 2.962071264 183569.9875 41040.02375 409.355173 0 71.98072011 6.621723482e-10 7.337947301e-10 
0 0 0 0 0 0 14441.64646 2339.268731 181.5380123 0 1.343697518e-12 45140.39364 768.1252931 4.244438732e-09 0 3.018192896e-11 3.443709848e-11 1.659189686e-09 0 0 0 0 0 14.71169093 46152.28644 11441.37806 4.133486014e-11 0 1.439954381e-12 5310.816471 482.4784424 108.2469477 0 3.233491335e-11 3.689207911e-11 2.82796779 0 0 0 0 0 0 4657.080029 6427.338744 104.0610337 0 8.68897038e-13 2493.617375 3506.771048 2.49962933e-11 0 1.954421481e-11 2.230423164e-11 2.49962933e-11 0 0 0 0 0 0 58112.21543 20088.97856 3.227405549e-10 0 50.80598125 410945.7853 33210.07096 121.5773304 0 675.8601383 2064.569753 2.151603699e-10 0 0 0 0 0 25.13103665 1108729.078 582110.852 2999.623594 0 15.88201735 704312.9588 150665.7586 1441.395232 0 276.1723452 2.430961049e-09 2.583791033e-09 
$Fmort
 0.1435335015 0.4368886572 0.2116475834
#ESTIMATED_PARAMETERS
$availability
1.4851545 1.4904055 1.823068357 0.1463384521 0.05503964531 
0.1914217929 0.1306991979 0.2370202286 4.027095714 0.4137652429 
0.04047206131 0.04337187881 0.02616941697 0.23133515 4.65865 
$availabilityVector
 1.4851545 0.1914217929 0.04047206131 1.4904055 0.1306991979 0.04337187881 1.823068357 0.2370202286 0.02616941697 0.1463384521 4.027095714 0.23133515 0.05503964531 0.4137652429 4.65865
$selectivity
 0.04271891932 0.963334001 1.099790313 1.232986322 1.661170454
$RunSize
 0 0 0 0 0 0 1757364.269 249485.6889 17279.53565 0 3.672755988e-09 5493010.446 81921.44212 4.040031587e-07 0 3.672755988e-09 3.672755988e-09 1.579285075e-07 0 0 0 0 0 37523.72415 5242200.113 1139035.555 3.672755988e-09 0 3.672755988e-09 603228.2439 48032.68429 9618.143718 0 3.672755988e-09 3.672755988e-09 251.2754513 0 0 0 0 0 0 875160.1806 1058366.288 15289.89838 0 3.672755988e-09 468601.4882 577447.1218 3.672755988e-09 0 3.672755988e-09 3.672755988e-09 3.672755988e-09 0 0 0 0 0 0 1261355.135 383206.9474 5.509133982e-09 0 24316.09033 8919786.878 633498.1084 2075.307215 0 14669.88739 39382.66301 3.672755988e-09 0 0 0 0 0 609.2997472 1808112.51 879467.4513 4263.845403 0 385.0580972 1148591.75 227629.549 2048.885882 0 450.3811456 3.672755988e-09 3.672755988e-09
