$ndistricts
3
$ngroups
90
$nstocks
5
$nagecomps
18
$AgeCompLabels
 0.1 0.2 0.3 0.4 0.5 1.1 1.2 1.3 1.4 1.5 2.1 2.2 2.3 2.4 3.1 3.2 3.3 3.4
$navailpar
15
$nselectpar
5
$GENdata
 1 1 1
$maxGradient
1.294547937e-06
#LIKELIHOOD_VALUES_AND_PENALTIES
$totalNLL
1246.471683
$NLLcatch
0.6773740579
$NLLescape
-6.905265188
$NLLagecompCatch
391.4218293
$NLLagecompEsc
599.3543519
$NLLgenetics
261.9233935
$NLLselOne
1.480564917e-20
$NLLavailOne
3.064342306e-16
$NLLextra
3.3e-198
$sigmaCat
0.5
$sigmaEsc
0.1
#OBSERVED_AND_PREDICTED_VALUES
$predEsc
 4203205.461 1187206.698 1459941.789 940335.419 825126.8809
$obsEsc
 4207410 1187730 1463928 927054 830886
$predCatch
 9874249.999 5070815.064 4031830.896
$obsCatch
 9874251 5070816 4031832
$RunSize
 0 0 3.063539089e-09 3.063539089e-09 0 3.063539089e-09 3424312.498 1817713.629 9.190617267e-09 0 3.063539089e-09 4227275.562 500683.0066 3.063539089e-09 0 9.190617267e-09 0 0 0 0 3.063539089e-09 3.063539089e-09 0 1592.710247 598812.0584 1760515.438 15554.08538 0 3.063539089e-09 55925.11422 131141.7545 3.063539089e-09 0 3.063539089e-09 0 0 0 0 3.063539089e-09 3.063539089e-09 0 17140.66207 1571619.984 2155102.454 15327.76014 0 18392.14781 720918.523 638375.0918 4862.7762 0 3.063539089e-09 0 0 0 0 3.063539089e-09 3.063539089e-09 0 8692.457383 139392.3624 195245.2546 4.595308634e-09 0 120109.232 2810532.497 1731948.464 5085.402087 733.0794771 26183.06593 1981.826302 0 0 0 2922.071836 910.8326128 0 40710.58863 1042766.924 2263422.145 2857.907233 0 21217.91938 1147618.662 355116.2586 3.063539089e-09 0 3.063539089e-09 0 0
$SSageCompEsc
 1 1 1 1 1
$obsAgeCompEsc
0 0 0 0 0 0 0.3973033 0.1492441 0 0 0 0.4182704 0.03518217 0 0 0 0 0 
0 0 0 0 0 0.001243329 0.2704823 0.6520387 0.00481224 0 0 0.02438335 0.04704015 0 0 0 0 0 
0 0 0 0 0 0.01035747 0.3810474 0.3425322 0.001446956 0 0.01160303 0.1596609 0.09234542 0.001006628 0 0 0 0 
0 0 0 0 0 0.008604026 0.03334968 0.02057207 0 0 0.1162913 0.6238956 0.1913485 0.000554833 0.0007274413 0.004101676 0.000554833 0 
0 0 0 0 0 0.04497171 0.341849 0.2928345 0 0 0.02273785 0.2486975 0.04890955 0 0 0 0 0 
$predAgeCompEsc
0 0 2.515793247e-16 2.211980525e-16 0 6.839453496e-16 0.3623254334 0.1492715301 6.635941576e-16 0 6.839453496e-16 0.4472867037 0.04111633279 2.211980525e-16 0 9.724563357e-16 0 0 
0 0 1.138938092e-15 1.047715904e-15 0 0.001271170565 0.26536121 0.6545103671 0.005319423764 0 2.445065399e-15 0.02478299455 0.04875483396 1.047715904e-15 0 1.357595306e-15 0 0 
0 0 4.893486139e-16 4.015632541e-16 0 0.01079836543 0.3624828108 0.3442412086 0.002009135533 0 0.01158678307 0.1662746563 0.1019696362 0.0006374040538 0 7.065831891e-16 0 0 
0 0 3.115895364e-16 1.550671264e-16 0 0.00834102903 0.03181319793 0.0198582021 2.326006896e-16 0 0.1152533222 0.6414413604 0.1761547685 0.0002574077448 0.0007034417231 0.00597570085 0.0002015695967 0 
0 0 0.0003936421062 7.631958615e-05 0 0.04427614355 0.2757304888 0.3049131952 0.0002394669385 0 0.02307624812 0.3034555924 0.04783890329 2.566970398e-16 0 8.100670541e-16 0 0 
$SSageCompCatch
 1 1 1
$obsAgeCompCatch
0 0 0 0 0 0.0006251212 0.2299494 0.3488234 0.003107057 0 0.0001221368 0.3031871 0.1138234 0 0 0.0003623763 0 0 
0 0 0 0 0 0 0.1109646 0.1578185 0.0003107859 0 0.002641982 0.4606821 0.2615126 0.0007309696 0 0.005338407 0 0 
0 0 0.001011726 0.0002782247 0 0 0.1124482 0.4499699 0.0009014059 0 0.0009477661 0.3236916 0.110473 0 0 0.0002782247 0 0 
$predAgeCompCatch
0 0 1.255469225e-06 4.285822062e-07 0 0.0001417046111 0.2884804028 0.346778445 0.001980798588 0 0.0002049851637 0.2691301627 0.09270947514 0.0003905878938 4.125026295e-07 0.0001656851807 1.565635425e-05 0 
0 0 7.192290508e-05 2.440541032e-05 0 0.0002399854901 0.1092561987 0.159981976 0.0004423162299 0 0.002070387221 0.446827026 0.2766258769 0.0008499258667 1.226700088e-05 0.003314196607 0.0002835156054 0 
0 0 0.0005506586567 0.000178547176 0 0.0009596982671 0.1859601474 0.4413099954 0.0006180520755 0 0.000710106995 0.256276489 0.1127079637 0.0001510421618 1.322342812e-06 0.000526363294 4.961351742e-05 0 
$genSS
 1706 1325 928
$obsGenComp     #GeneticFracData
0.5035581718 0.1344344056 0.3280277741 0.03224830311 0.001731345298 
0.1430337246 0.01154636818 0.07879709514 0.6617160524 0.1049067597 
0.01380780591 0.00286462763 0.01129914969 0.1000735944 0.8719548224 
$predGenComp     #catchGenComp_pred
0.5038566447 0.1323664219 0.3277092422 0.03418981086 0.001877880283 
0.1453071523 0.01150219404 0.07942518355 0.6556199166 0.1081455535 
0.01357871066 0.002725764848 0.01070585772 0.1084971428 0.864492524 
#PARAMETERS_OF_INTEREST
$catchByGroup
0 0 0 
0 0 0 
1.719111572e-09 2.670240087e-10 1.996391741e-11 
1.820690918e-09 2.912458631e-10 2.186144547e-11 
0 0 0 
1.682956827e-10 1.910681904e-11 1.37375909e-12 
1644328.283 239316.3663 17739.60854 
1020013.926 158435.4454 11845.3474 
5.462072755e-09 8.737375892e-10 6.55843364e-11 
0 0 0 
1.682956827e-10 1.910681904e-11 1.37375909e-12 
2029904.914 295433.3833 21899.34876 
280959.3497 43640.50192 3262.760455 
1.820690918e-09 2.912458631e-10 2.186144547e-11 
0 0 0 
4.413263077e-09 6.423085305e-10 4.761187907e-11 
0 0 0 
0 0 0 
0 0 0 
0 0 0 
1.623999438e-09 7.352504307e-11 1.385967749e-11 
1.724059633e-09 8.0445659e-11 1.517845807e-11 
0 0 0 
80.42054362 2.652128126 0.4953662986 
270174.6508 11445.62716 2153.174602 
933259.2139 42252.43082 7964.702094 
8753.330691 408.4356727 77.06349615 
0 0 0 
1.546869429e-10 5.101303392e-12 9.528249236e-13 
25232.53831 1068.94642 201.0923692 
69518.98748 3147.4066 593.2949998 
1.724059633e-09 8.0445659e-11 1.517845807e-11 
0 0 0 
1.382221002e-09 5.85561458e-11 1.101570095e-11 
0 0 0 
0 0 0 
0 0 0 
0 0 0 
2.055630918e-09 2.649951298e-10 2.849255025e-11 
2.157040946e-09 2.890426245e-10 3.119654287e-11 
0 0 0 
1258.636815 106.0561435 10.98416474 
921798.8886 108994.0118 11623.28013 
1446071.066 186415.6578 20043.6042 
10792.2913 1446.16272 156.0852049 
0 0 0 
1350.533267 113.7995871 11.78614809 
422838.7907 49996.6931 5331.720156 
428348.8926 55219.23677 5937.229412 
3423.885601 458.7993019 49.51848231 
0 0 0 
1.796850992e-09 2.124606578e-10 2.265711393e-11 
0 0 0 
0 0 0 
0 0 0 
0 0 0 
2.389750692e-10 2.222350619e-09 3.092147233e-10 
2.60772955e-10 2.319923323e-09 3.370276996e-10 
0 0 0 
48.29724394 737.577529 63.21758133 
8709.761515 89469.39891 11298.12522 
15230.34206 141634.691 19706.85067 
3.911594325e-10 3.479884985e-09 5.055415494e-10 
0 0 0 
667.3538477 10191.57951 873.5176729 
175612.6903 1803948.571 227801.2047 
135102.7331 1256388.977 174812.186 
432.8769084 3851.017587 559.4579723 
4.073154089 62.20369286 5.331462602 
1636.016895 16805.67808 2122.207791 
154.5947559 1437.655203 200.0333124 
0 0 0 
0 0 0 
0 0 0 
12.39681699 364.7077505 2220.162585 
4.231927843 123.7553223 719.8720206 
0 0 0 
11.87215363 370.6362376 3794.644012 
3516.03308 104792.574 706945.679 
9602.512077 282500.7889 1719726.77 
13.27846305 388.3054094 2258.732752 
0 0 0 
6.18763833 193.1716065 1977.727501 
3869.575344 115329.6205 778030.1001 
1506.571883 44322.54206 269813.9796 
1.42338737e-11 4.162447215e-10 2.421252866e-09 
0 0 0 
1.032973383e-11 3.078695146e-10 2.076931739e-09 
0 0 0 
0 0 0 
$escByGroup
 5e-101 5e-101 1.057439591e-09 9.297408623e-10 5e-101 2.874762828e-09 1522928.24 627418.9105 2.789222587e-09 5e-101 2.874762828e-09 1880037.915 172820.3945 9.297408623e-10 5e-101 4.08743378e-09 5e-101 5e-101 5e-101 5e-101 1.352154931e-09 1.243855339e-09 5e-101 1509.142208 315038.6059 777039.0916 6315.255521 5e-101 2.902798018e-09 29422.53712 57882.06543 1.243855339e-09 5e-101 1.61174624e-09 5e-101 5e-101 5e-101 5e-101 7.144204907e-10 5.862589754e-10 5e-101 15764.98495 529203.8032 502572.1258 2933.220924 5e-101 16916.02881 242751.3191 148869.733 930.5728144 5e-101 1.031570325e-09 5e-101 5e-101 5e-101 5e-101 2.929986773e-10 1.458151113e-10 5e-101 7843.365028 29915.0768 18673.37079 2.187226669e-10 5e-101 108376.781 603170.0304 165644.568 242.0496196 661.4711675 5619.163163 189.5430312 5e-101 5e-101 5e-101 324.8046833 62.97334207 5e-101 36533.43623 227512.6382 251592.0737 197.590608 5e-101 19040.83263 250389.3664 39473.16506 2.118076278e-10 5e-101 6.684081017e-10 5e-101 5e-101
$catchByGroup
0 0 1.719111572e-09 1.820690918e-09 0 1.682956827e-10 1644328.283 1020013.926 5.462072755e-09 0 1.682956827e-10 2029904.914 280959.3497 1.820690918e-09 0 4.413263077e-09 0 0 0 0 1.623999438e-09 1.724059633e-09 0 80.42054362 270174.6508 933259.2139 8753.330691 0 1.546869429e-10 25232.53831 69518.98748 1.724059633e-09 0 1.382221002e-09 0 0 0 0 2.055630918e-09 2.157040946e-09 0 1258.636815 921798.8886 1446071.066 10792.2913 0 1350.533267 422838.7907 428348.8926 3423.885601 0 1.796850992e-09 0 0 0 0 2.389750692e-10 2.60772955e-10 0 48.29724394 8709.761515 15230.34206 3.911594325e-10 0 667.3538477 175612.6903 135102.7331 432.8769084 4.073154089 1636.016895 154.5947559 0 0 0 12.39681699 4.231927843 0 11.87215363 3516.03308 9602.512077 13.27846305 0 6.18763833 3869.575344 1506.571883 1.42338737e-11 0 1.032973383e-11 0 0 
0 0 2.670240087e-10 2.912458631e-10 0 1.910681904e-11 239316.3663 158435.4454 8.737375892e-10 0 1.910681904e-11 295433.3833 43640.50192 2.912458631e-10 0 6.423085305e-10 0 0 0 0 7.352504307e-11 8.0445659e-11 0 2.652128126 11445.62716 42252.43082 408.4356727 0 5.101303392e-12 1068.94642 3147.4066 8.0445659e-11 0 5.85561458e-11 0 0 0 0 2.649951298e-10 2.890426245e-10 0 106.0561435 108994.0118 186415.6578 1446.16272 0 113.7995871 49996.6931 55219.23677 458.7993019 0 2.124606578e-10 0 0 0 0 2.222350619e-09 2.319923323e-09 0 737.577529 89469.39891 141634.691 3.479884985e-09 0 10191.57951 1803948.571 1256388.977 3851.017587 62.20369286 16805.67808 1437.655203 0 0 0 364.7077505 123.7553223 0 370.6362376 104792.574 282500.7889 388.3054094 0 193.1716065 115329.6205 44322.54206 4.162447215e-10 0 3.078695146e-10 0 0 
0 0 1.996391741e-11 2.186144547e-11 0 1.37375909e-12 17739.60854 11845.3474 6.55843364e-11 0 1.37375909e-12 21899.34876 3262.760455 2.186144547e-11 0 4.761187907e-11 0 0 0 0 1.385967749e-11 1.517845807e-11 0 0.4953662986 2153.174602 7964.702094 77.06349615 0 9.528249236e-13 201.0923692 593.2949998 1.517845807e-11 0 1.101570095e-11 0 0 0 0 2.849255025e-11 3.119654287e-11 0 10.98416474 11623.28013 20043.6042 156.0852049 0 11.78614809 5331.720156 5937.229412 49.51848231 0 2.265711393e-11 0 0 0 0 3.092147233e-10 3.370276996e-10 0 63.21758133 11298.12522 19706.85067 5.055415494e-10 0 873.5176729 227801.2047 174812.186 559.4579723 5.331462602 2122.207791 200.0333124 0 0 0 2220.162585 719.8720206 0 3794.644012 706945.679 1719726.77 2258.732752 0 1977.727501 778030.1001 269813.9796 2.421252866e-09 0 2.076931739e-09 0 0 
$Fmort
 0.5682891539 0.3340500644 0.3179332805
#ESTIMATED_PARAMETERS
$availability
1.483427535 1.360310108 2.002321581 0.14628321 0.007657567628 
0.2794383448 0.0744359532 0.2772161203 3.96041324 0.4084963429 
0.02104860426 0.01459808832 0.03008274025 0.3425453811 4.591725188 
$availabilityVector
 1.483427535 0.2794383448 0.02104860426 1.360310108 0.0744359532 0.01459808832 2.002321581 0.2772161203 0.03008274025 0.14628321 3.96041324 0.3425453811 0.007657567628 0.4084963429 4.591725188
$selectivity
 0.06702321411 0.7761375782 0.9769716636 1.07016402 2.109703524
$RunSize
 0 0 3.063539089e-09 3.063539089e-09 0 3.063539089e-09 3424312.498 1817713.629 9.190617267e-09 0 3.063539089e-09 4227275.562 500683.0066 3.063539089e-09 0 9.190617267e-09 0 0 0 0 3.063539089e-09 3.063539089e-09 0 1592.710247 598812.0584 1760515.438 15554.08538 0 3.063539089e-09 55925.11422 131141.7545 3.063539089e-09 0 3.063539089e-09 0 0 0 0 3.063539089e-09 3.063539089e-09 0 17140.66207 1571619.984 2155102.454 15327.76014 0 18392.14781 720918.523 638375.0918 4862.7762 0 3.063539089e-09 0 0 0 0 3.063539089e-09 3.063539089e-09 0 8692.457383 139392.3624 195245.2546 4.595308634e-09 0 120109.232 2810532.497 1731948.464 5085.402087 733.0794771 26183.06593 1981.826302 0 0 0 2922.071836 910.8326128 0 40710.58863 1042766.924 2263422.145 2857.907233 0 21217.91938 1147618.662 355116.2586 3.063539089e-09 0 3.063539089e-09 0 0
