$ndistricts
3
$ngroups
90
$nstocks
5
$nagecomps
18
$AgeCompLabels
 0.1 0.2 0.3 0.4 0.5 1.1 1.2 1.3 1.4 1.5 2.1 2.2 2.3 2.4 3.1 3.2 3.3 3.4
$navailpar
15
$nselectpar
5
$GENdata
 -1 -1 -1
$maxGradient
3.76003473e-06
#LIKELIHOOD_VALUES_AND_PENALTIES
$totalNLL
867.0990058
$NLLcatch
0.6773740579
$NLLescape
-6.897846629
$NLLagecompCatch
344.393493
$NLLagecompEsc
528.9259853
$NLLgenetics
0
$NLLselOne
1.018122492e-16
$NLLavailOne
1.945099676e-09
$NLLextra
3.4e-198
$sigmaCat
0.5
$sigmaEsc
0.1
#OBSERVED_AND_PREDICTED_VALUES
$predEsc
 2285598.578 654565.2483 1210551.713 1110381.684 920095.7735
$obsEsc
 2296074 643110 1202172 1110938 924853
$predCatch
 2376080.834 3528844.278 730238.9118
$obsCatch
 2376081 3528845 730239
$RunSize
 0 0 2.844904756e-09 2274.407298 0 15520.51793 1812870.76 791156.2245 1.422452378e-09 0 42320.16896 615167.5349 145755.347 2.133678567e-09 0 2.133678567e-09 2.133678567e-09 0 0 0 1469.45998 0 0 0 8.676959506e-08 870306.8902 7.82348808e-09 0 3.982866659e-08 204854.6032 1.066839284e-08 4.978583323e-09 0 1.422452378e-08 4.267357134e-09 0 0 0 2.133678567e-09 0 0 7924.187954 463215.4345 1035576.394 10988.65991 0 15538.34201 395968.1765 244086.5263 1337.42436 0 3247.351862 1.422452378e-09 0 0 0 1.422452378e-09 0 0 3302.314733 232566.2686 307301.6766 2595.635837 0 62658.94547 746283.3492 2976418.334 126.7804249 0 36305.23771 7426.915414 0 0 2658.437727 943.3664232 0 0 9530.618594 242707.1427 364329.2138 643.4861054 0 7272.735561 254301.8749 875833.1122 3573.163064 0 1.422452378e-09 1.422452378e-09 0
$SSageCompEsc
 1294 0 1433 1447 1176
$obsAgeCompEsc
0 0 0 0.0009632469 0 0.006757643 0.5735539 0.1823834 0 0 0.01805852 0.1749313 0.04335205 0 0 0 0 0 
0 0 0 0 0 0 0.6011158 0.250188 0 0 0 0.1026919 0.0460043 0 0 0 0 0 
0 0 0 0 0 0.006569551 0.2535376 0.4031472 0.005345981 0 0.01271643 0.2017725 0.1143548 0.0007257448 0 0.001830224 0 0 
0 0 0 0 0 0.00294496 0.07646593 0.05098948 0 0 0.05582465 0.2302279 0.5734317 0 0 0.008685367 0.001430048 0 
0 0.002885824 0.001011577 0 0 0.01030699 0.1914984 0.209823 0.0003264209 0 0.007862831 0.1849476 0.3911274 0.0002100134 0 0 0 0 
$predAgeCompEsc
0 0 7.051267879e-16 0.0005044618402 0 0.006754372884 0.5540851105 0.1960928379 3.154988751e-16 0 0.01841731075 0.1880195649 0.03612634112 4.732483127e-16 0 6.521366834e-16 5.288450909e-16 0 
0 0 0.001311013631 0 0 0 9.412670139e-14 0.7764649683 6.303233159e-15 0 6.053420576e-14 0.2222240181 9.518060121e-15 4.011148374e-15 0 1.543060679e-14 3.807224048e-15 0 
0 0 8.660796085e-16 0 0 0.0065032372 0.2454504562 0.4203499121 0.003859717021 0 0.0127520352 0.2098172089 0.09907694928 0.0004697642486 0 0.001720719857 5.773864057e-16 0 
0 0 2.565695434e-16 0 0 0.002932538151 0.07960312092 0.05542839399 0.0003124527673 0 0.05564271216 0.255438951 0.5368603579 1.526134523e-05 0 0.01242660961 0.001339602173 0 
0 0.001829836355 0.0004835024768 0 0 0.0102913477 0.1670584 0.1867292209 0.0002785885785 0 0.007853241597 0.1750392011 0.4488897088 0.001546952468 0 9.790919863e-16 7.290478345e-16 0 
$SSageCompCatch
 3781 3998 901
$obsAgeCompCatch
0 0 0.0002869831 0 0 0 0.2323749 0.5018293 0.0006429488 0 0.0005894501 0.1764551 0.08721074 0 0 0.0006106135 0 0 
0 0 0 0 0 0 0.07820731 0.1298652 0.001416939 0 0 0.1687079 0.6091671 0.0003175398 0 0.01051937 0.001798689 0 
0 0 0 0 0 0 0.07379642 0.1880935 0.0004459888 0 0 0.1000024 0.63423 0.00343166 0 0 0 0 
$predAgeCompCatch
0 1.234906511e-05 0.0002353553353 0.0003994712931 0 5.077346959e-05 0.2613993617 0.4545267526 0.002303629864 0 0.000132877189 0.1509619152 0.1286688963 0.0003053975739 0 0.0008647220205 0.0001384983824 0 
0 6.34458014e-05 5.118624013e-05 4.561746354e-05 0 2.064629968e-05 0.07064552913 0.1225016419 0.0008758519898 0 0.0002491271314 0.1417837306 0.6560502827 0.0002097539077 0 0.005963548373 0.001539638444 0 
0 0.0009881427692 0.0005066318388 1.541553788e-05 0 6.653657951e-05 0.1031310901 0.2160137329 0.00053101627 0 7.309119435e-05 0.1145729218 0.5609353477 0.002139800225 0 0.0007835881064 0.0002426850004 0 
$genSS
 -1 -1 -1
$obsGenComp     #GeneticFracData
0 0 0 0 0 
0 0 0 0 0 
0 0 0 0 0 
$predGenComp     #catchGenComp_pred
0 0 0 0 0 
0 0 0 0 0 
0 0 0 0 0 
#PARAMETERS_OF_INTEREST
$catchByGroup
0 0 0 
0 0 0 
1.048881102e-09 1.723919488e-10 1.199492222e-11 
949.1760831 160.9769252 11.25702561 
0 0 0 
72.23135903 9.836449471 0.6650603874 
469169.0015 72305.10245 4980.515477 
291689.4883 47941.48662 3335.738166 
5.936306033e-10 1.006776624e-10 7.040332159e-12 
0 0 0 
196.9549813 26.82128299 1.81343613 
159204.6959 24535.53371 1690.055075 
53738.18883 8832.298608 614.545723 
8.90445905e-10 1.510164935e-10 1.056049824e-11 
0 0 0 
5.521937167e-10 8.510030103e-11 5.861873533e-12 
7.866608264e-10 1.292939616e-10 8.996191662e-12 
0 0 0 
0 0 0 
0 0 0 
543.2790905 61.39835387 6.638572288 
0 0 0 
0 0 0 
0 0 0 
2.25239417e-08 2.378147907e-09 2.554377906e-10 
321764.1462 36363.97803 3931.781255 
3.273665528e-09 3.824563022e-10 4.14888712e-11 
0 0 0 
1.860135469e-10 1.723666065e-11 1.828954422e-12 
53176.84306 5614.576691 603.0638635 
3.944248116e-09 4.457567865e-10 4.819654703e-11 
2.0832417e-09 2.433812832e-10 2.640200895e-11 
0 0 0 
3.692449459e-09 3.898603127e-10 4.187504764e-11 
1.577699246e-09 1.783027146e-10 1.927861881e-11 
0 0 0 
0 0 0 
0 0 0 
9.205038359e-10 1.589192577e-10 5.821319969e-12 
0 0 0 
0 0 0 
45.24549963 6.217963487 0.2195592054 
142495.5376 22766.16054 823.2660952 
446764.5961 77131.12666 2825.365374 
5326.326111 954.7486336 35.19811181 
0 0 0 
88.7207688 12.19264912 0.4305281556 
121808.7611 19461.08528 703.7485157 
105302.9201 18179.89371 665.9418114 
648.2645152 116.2019837 4.283944771 
0 0 0 
998.958832 159.6011884 5.771471519 
6.136692239e-10 1.059461718e-10 3.880879979e-12 
0 0 0 
0 0 0 
0 0 0 
6.302823857e-11 1.040592039e-09 3.394197927e-11 
0 0 0 
0 0 0 
1.517531123 43.75179672 0.8087527204 
6762.606065 133785.3114 3628.503637 
13616.40199 224805.8937 7332.707441 
134.5319013 2041.581842 72.58026313 
0 0 0 
28.79401498 830.1575309 15.34547634 
21700.56876 429304.5199 11643.52794 
131883.7859 2177392.557 71022.08197 
6.571034107 99.71838489 3.545087669 
0 0 0 
1055.690587 20884.83236 566.4350546 
329.083352 5433.144314 177.2180306 
0 0 0 
0 0 0 
29.34237692 223.8903532 721.5803005 
15.94421078 119.2299167 363.3237104 
0 0 0 
0 0 0 
1.647478178 13.05136681 46.8942271 
2678.868265 20440.49682 65878.0498 
6157.672812 46046.733 140316.041 
12.7527566 94.41480687 279.9903682 
0 0 0 
1.257176857 9.95938916 35.78459359 
2806.844557 21416.9909 69025.21035 
14802.80345 110694.5366 337314.2484 
70.81377279 524.2685084 1554.736355 
0 0 0 
1.570024884e-11 1.197971885e-10 3.860965424e-10 
2.404143287e-11 1.797804908e-10 5.478366233e-10 
0 0 0 
$escByGroup
 5e-101 5e-101 1.611636783e-09 1152.997264 5e-101 15437.78506 1266416.14 448189.5114 7.211037803e-10 5e-101 42094.57926 429737.2502 82570.31387 1.08165567e-09 5e-101 1.490522676e-09 1.208727588e-09 5e-101 5e-101 5e-101 858.1439632 5e-101 5e-101 5e-101 6.161206767e-08 508246.9848 4.125877378e-09 5e-101 3.962358743e-08 145460.1196 6.230191386e-09 2.625558331e-09 5e-101 1.010033896e-08 2.492076555e-09 5e-101 5e-101 5e-101 1.048434154e-09 5e-101 5e-101 7872.504932 297130.4702 508855.3061 4672.387051 5e-101 15436.99806 253994.5816 119937.7707 568.6739158 5e-101 2083.02037 6.989561024e-10 5e-101 5e-101 5e-101 2.848901218e-10 5e-101 5e-101 3256.236652 88389.84749 61546.67348 346.9418301 5e-101 61784.64845 283634.7326 596119.9085 16.94591822 5e-101 13798.2797 1487.469717 5e-101 5e-101 1683.624696 444.8685854 5e-101 5e-101 9469.025521 153709.7278 171808.7669 256.3281736 5e-101 7225.734402 161052.8291 413021.5239 1423.344428 5e-101 9.008583985e-10 6.707938312e-10 5e-101
$catchByGroup
0 0 1.048881102e-09 949.1760831 0 72.23135903 469169.0015 291689.4883 5.936306033e-10 0 196.9549813 159204.6959 53738.18883 8.90445905e-10 0 5.521937167e-10 7.866608264e-10 0 0 0 543.2790905 0 0 0 2.25239417e-08 321764.1462 3.273665528e-09 0 1.860135469e-10 53176.84306 3.944248116e-09 2.0832417e-09 0 3.692449459e-09 1.577699246e-09 0 0 0 9.205038359e-10 0 0 45.24549963 142495.5376 446764.5961 5326.326111 0 88.7207688 121808.7611 105302.9201 648.2645152 0 998.958832 6.136692239e-10 0 0 0 6.302823857e-11 0 0 1.517531123 6762.606065 13616.40199 134.5319013 0 28.79401498 21700.56876 131883.7859 6.571034107 0 1055.690587 329.083352 0 0 29.34237692 15.94421078 0 0 1.647478178 2678.868265 6157.672812 12.7527566 0 1.257176857 2806.844557 14802.80345 70.81377279 0 1.570024884e-11 2.404143287e-11 0 
0 0 1.723919488e-10 160.9769252 0 9.836449471 72305.10245 47941.48662 1.006776624e-10 0 26.82128299 24535.53371 8832.298608 1.510164935e-10 0 8.510030103e-11 1.292939616e-10 0 0 0 61.39835387 0 0 0 2.378147907e-09 36363.97803 3.824563022e-10 0 1.723666065e-11 5614.576691 4.457567865e-10 2.433812832e-10 0 3.898603127e-10 1.783027146e-10 0 0 0 1.589192577e-10 0 0 6.217963487 22766.16054 77131.12666 954.7486336 0 12.19264912 19461.08528 18179.89371 116.2019837 0 159.6011884 1.059461718e-10 0 0 0 1.040592039e-09 0 0 43.75179672 133785.3114 224805.8937 2041.581842 0 830.1575309 429304.5199 2177392.557 99.71838489 0 20884.83236 5433.144314 0 0 223.8903532 119.2299167 0 0 13.05136681 20440.49682 46046.733 94.41480687 0 9.95938916 21416.9909 110694.5366 524.2685084 0 1.197971885e-10 1.797804908e-10 0 
0 0 1.199492222e-11 11.25702561 0 0.6650603874 4980.515477 3335.738166 7.040332159e-12 0 1.81343613 1690.055075 614.545723 1.056049824e-11 0 5.861873533e-12 8.996191662e-12 0 0 0 6.638572288 0 0 0 2.554377906e-10 3931.781255 4.14888712e-11 0 1.828954422e-12 603.0638635 4.819654703e-11 2.640200895e-11 0 4.187504764e-11 1.927861881e-11 0 0 0 5.821319969e-12 0 0 0.2195592054 823.2660952 2825.365374 35.19811181 0 0.4305281556 703.7485157 665.9418114 4.283944771 0 5.771471519 3.880879979e-12 0 0 0 3.394197927e-11 0 0 0.8087527204 3628.503637 7332.707441 72.58026313 0 15.34547634 11643.52794 71022.08197 3.545087669 0 566.4350546 177.2180306 0 0 721.5803005 363.3237104 0 0 46.8942271 65878.0498 140316.041 279.9903682 0 35.78459359 69025.21035 337314.2484 1554.736355 0 3.860965424e-10 5.478366233e-10 0 
$Fmort
 0.230210843 0.2427413236 0.07760221788
#ESTIMATED_PARAMETERS
$availability
1.4851545 1.4904055 1.823068357 0.1463384521 0.05503964531 
0.1914217929 0.1306991979 0.2370202286 4.027095714 0.4137652429 
0.04047206131 0.04337187881 0.02616941697 0.23133515 4.65865 
$availabilityVector
 1.4851545 0.1914217929 0.04047206131 1.4904055 0.1306991979 0.04337187881 1.823068357 0.2370202286 0.02616941697 0.1463384521 4.027095714 0.23133515 0.05503964531 0.4137652429 4.65865
$selectivity
 0.01364378033 0.87594179 1.345294645 1.579803001 1.185316785
$RunSize
 0 0 2.844904756e-09 2274.407298 0 15520.51793 1812870.76 791156.2245 1.422452378e-09 0 42320.16896 615167.5349 145755.347 2.133678567e-09 0 2.133678567e-09 2.133678567e-09 0 0 0 1469.45998 0 0 0 8.676959506e-08 870306.8902 7.82348808e-09 0 3.982866659e-08 204854.6032 1.066839284e-08 4.978583323e-09 0 1.422452378e-08 4.267357134e-09 0 0 0 2.133678567e-09 0 0 7924.187954 463215.4345 1035576.394 10988.65991 0 15538.34201 395968.1765 244086.5263 1337.42436 0 3247.351862 1.422452378e-09 0 0 0 1.422452378e-09 0 0 3302.314733 232566.2686 307301.6766 2595.635837 0 62658.94547 746283.3492 2976418.334 126.7804249 0 36305.23771 7426.915414 0 0 2658.437727 943.3664232 0 0 9530.618594 242707.1427 364329.2138 643.4861054 0 7272.735561 254301.8749 875833.1122 3573.163064 0 1.422452378e-09 1.422452378e-09 0
