$ndistricts
3
$ngroups
90
$nstocks
5
$nagecomps
18
$AgeCompLabels
 0.1 0.2 0.3 0.4 0.5 1.1 1.2 1.3 1.4 1.5 2.1 2.2 2.3 2.4 3.1 3.2 3.3 3.4
$navailpar
15
$nselectpar
5
$GENdata
 -1 -1 -1
$maxGradient
3.03535977e-06
#LIKELIHOOD_VALUES_AND_PENALTIES
$totalNLL
999.5106396
$NLLcatch
0.6773740579
$NLLescape
-6.877212571
$NLLagecompCatch
398.4161525
$NLLagecompEsc
607.2755566
$NLLgenetics
0
$NLLselOne
9.398631557e-16
$NLLavailOne
0.01876903395
$NLLextra
3.9e-198
$sigmaCat
0.5
$sigmaEsc
0.1
#OBSERVED_AND_PREDICTED_VALUES
$predEsc
 4443961.072 1769898.647 1687845.263 1877269.82 1606205.911
$obsEsc
 4462728 1775820 1691910 1837260 1635270
$predCatch
 12393882.62 8481082.352 6765566.426
$obsCatch
 12393884 8481084 6765568
$RunSize
 0 0 0 0 0 1814.698053 7404657.841 1519161.134 4.334701931e-09 0 3561.617811 2051435.824 561329.8952 4.334701931e-09 0 8.669403861e-09 4.334701931e-09 0 0 0 0 0 0 2451.147668 1072829.777 2436070.438 12578.89323 0 4.334701931e-09 496802.3515 726991.8872 4.334701931e-09 0 4.334701931e-09 4.334701931e-09 0 0 0 0 0 0 60021.00729 2501868.361 1343147.74 1547.477617 0 5593.942693 881269.1383 396542.2174 1689.491777 0 4.334701931e-09 4.334701931e-09 0 0 0 0 0 0 161050.7306 1791200.687 906096.0512 4.334701931e-09 0 350993.5059 3598199.886 2045019.619 4.334701931e-09 1218.866855 52517.06042 4.334701931e-09 0 0 0 0 0 0 28861.23373 3864598.916 2603485.843 95.57286454 0 4943.883423 1575616.97 557932.1822 4.334701931e-09 0 1269.569503 1246.65607 0
$SSageCompEsc
 1 1 1 1 1
$obsAgeCompEsc
0 0 0 0 0 0.0003972349 0.6877565 0.09451339 0 0 0.0007714025 0.1814065 0.03515495 0 0 0 0 0 
0 0 0 0 0 0.001339512 0.2748576 0.4554292 0.004866805 0 0 0.1262051 0.1373019 0 0 0 0 0 
0 0 0 0 0 0.03420297 0.5397582 0.1808334 0.0005775553 0 0.003173309 0.1869344 0.05394264 0.0005775553 0 0 0 0 
0 0 0 0 0 0.08362252 0.2426046 0.04512757 0 0 0.1788338 0.376735 0.06941835 0 0.0006340744 0.003024053 0 0 
0 0 0 0 0 0.01688164 0.6390538 0.1510891 0 0 0.002883913 0.1778289 0.01226261 0 0 0 0 0 
$predAgeCompEsc
0 0 0 0 0 0.0003933404659 0.6831833546 0.0922801373 6.379186225e-16 0 0.0007719898121 0.1892736759 0.034097502 6.379186225e-16 0 7.99873882e-16 2.63307743e-16 0 
0 0 0 0 0 0.001337068555 0.275925728 0.454508415 0.004815958648 0 2.364522432e-15 0.1277747443 0.1356380855 1.659585216e-15 0 1.114860727e-15 8.087444736e-16 0 
0 0 0 0 0 0.03407902921 0.5396486893 0.1789813293 0.0005666379542 0 0.0031761569 0.1900882328 0.05284128548 0.0006186391025 0 9.349877282e-16 5.776212775e-16 0 
0 0 0 0 0 0.08094367498 0.2078603858 0.03393549882 1.175592065e-15 0 0.1764084158 0.4175541144 0.07659095387 1.175592065e-15 0.0006125992856 0.006094356997 1.623451201e-16 0 
0 0 0 0 0 0.01700775042 0.5731839314 0.1424002942 3.141855176e-05 0 0.002913400589 0.2336900539 0.03051666562 1.424986659e-15 0 0.0001882981532 6.818711599e-05 0 
$SSageCompCatch
 1 1 1
$obsAgeCompCatch
0 0 0 0 0 0 0.4740397 0.2718431 0.0002401001 0 6.775422e-05 0.1634231 0.0896733 9.452304e-05 0 0.0006183404 0 0 
0 0 0 0 0 0.0001516899 0.2329567 0.1566754 0 0 0.003675787 0.381493 0.218682 0 0 0.006365325 0 0 
0 0 0 0 0 5.359177e-05 0.3289064 0.3019817 0.0001071835 0 5.359177e-05 0.2507556 0.1164535 0 0 0.001462126 0.0002263711 0 
$predAgeCompCatch
0 0 0 0 0 0.0002334774554 0.4636096734 0.2761074015 0.00034096694 0 0.0001114088046 0.1610343439 0.0982527917 4.56403067e-05 2.94821782e-07 0.0002599916862 4.009380447e-06 0 
0 0 0 0 0 0.001003917755 0.2810312776 0.1737285482 4.172893405e-05 0 0.002094681927 0.3278191126 0.2101453289 8.242338854e-06 7.249345861e-06 0.004100778301 1.913400227e-05 0 
0 0 0 0 0 0.0002786396474 0.407900298 0.3109076144 1.648234665e-05 0 0.0001935864304 0.1891776151 0.09078957625 1.442619663e-06 5.493136752e-07 0.0005974498922 0.0001367460791 0 
$genSS
 -1 -1 -1
$obsGenComp     #GeneticFracData
0 0 0 0 0 
0 0 0 0 0 
0 0 0 0 0 
$predGenComp     #catchGenComp_pred
0 0 0 0 0 
0 0 0 0 0 
0 0 0 0 0 
#PARAMETERS_OF_INTEREST
$catchByGroup
0 0 0 
0 0 0 
0 0 0 
0 0 0 
0 0 0 
57.71913148 7.072855553 1.916347768 
3628763.875 578627.0314 161226.7023 
906712.5742 157910.8445 44448.37724 
1.272605069e-09 1.782447848e-10 4.89665511e-11 
0 0 0 
113.2824749 13.88154259 3.761120662 
1005336.961 160306.6943 44667.32157 
335030.2103 58348.04209 16423.67118 
1.272605069e-09 1.782447848e-10 4.89665511e-11 
0 0 0 
4.248571672e-09 6.774589087e-10 1.887648863e-10 
2.587170418e-09 4.505752729e-10 1.268268799e-10 
0 0 0 
0 0 0 
0 0 0 
0 0 0 
0 0 0 
0 0 0 
78.29383377 5.217190268 1.160818101 
527346.3185 46586.51328 10536.37308 
1457818.839 141600.8048 32216.96518 
3706.315768 284.9130167 63.9057548 
0 0 0 
1.384577669e-10 9.226275929e-12 2.052834485e-12 
244201.7332 21573.12356 4879.147683 
435054.1153 42257.66001 9614.447903 
1.277200928e-09 9.818137259e-11 2.202200094e-11 
0 0 0 
2.130709972e-09 1.882299068e-10 4.257155953e-11 
2.594017824e-09 2.51962042e-10 5.732631494e-11 
0 0 0 
0 0 0 
0 0 0 
0 0 0 
0 0 0 
0 0 0 
2233.132025 235.4148252 32.33241677 
1366399.058 196694.9195 27930.89989 
880415.3869 140452.3532 20187.21118 
518.1126867 64.02801514 8.939727966 
0 0 0 
208.1273397 21.94060215 3.013373062 
481306.4264 69284.68535 9838.503278 
259928.1221 41466.24075 5959.941148 
565.6606041 69.9039546 9.760139158 
0 0 0 
2.367403788e-09 3.407908507e-10 4.839268426e-11 
2.841339164e-09 4.532778251e-10 6.514960393e-11 
0 0 0 
0 0 0 
0 0 0 
0 0 0 
0 0 0 
0 0 0 
482.8067996 8123.749674 491.0559815 
108617.0263 1181956.443 110417.1885 
73320.814 694546.7283 74522.42111 
1.37700659e-10 1.850079244e-09 1.400185228e-10 
0 0 0 
1052.227771 17704.87701 1070.206014 
218192.0621 2374337.823 221808.2642 
165481.9077 1567561.942 168193.883 
1.37700659e-10 1.850079244e-09 1.400185228e-10 
3.653986561 61.48229925 3.716418158 
3184.593983 34654.34018 3237.373793 
3.507617913e-10 3.322664347e-09 3.565101981e-10 
0 0 0 
0 0 0 
0 0 0 
0 0 0 
0 0 0 
0 0 0 
41.74038857 142.8546069 1358.689479 
114797.5985 379584.5016 2449565.398 
103775.1122 338895.3938 1932091.143 
1.475778319 4.965494344 38.66692833 
0 0 0 
7.150062158 24.47076689 232.7413463 
46803.57475 154758.5649 998700.4843 
22239.21245 72625.95536 414050.9657 
6.693384321e-11 2.252097185e-10 1.753736374e-09 
0 0 0 
37.71245948 124.6982979 804.713139 
49.69179065 162.277049 925.1646814 
0 0 0 
$escByGroup
 5e-101 5e-101 5e-101 5e-101 5e-101 1747.989719 3036040.233 410089.3379 2.834885525e-09 5e-101 3430.692673 841124.8474 151527.9715 2.834885525e-09 5e-101 3.554608394e-09 1.17012936e-09 5e-101 5e-101 5e-101 5e-101 5e-101 5e-101 2366.475826 488360.5727 804433.8288 8523.758695 5e-101 4.184965053e-09 226148.3471 240065.664 2.937297629e-09 5e-101 1.973190493e-09 1.43139575e-09 5e-101 5e-101 5e-101 5e-101 5e-101 5e-101 57520.12803 910843.4841 302092.7888 956.3971869 5e-101 5360.861378 320839.5233 89187.9134 1044.167079 5e-101 1.578114608e-09 9.749353372e-10 5e-101 5e-101 5e-101 5e-101 5e-101 5e-101 151953.1182 390210.0291 63706.08776 2.206903505e-09 5e-101 331166.1951 783861.7373 143781.8862 2.206903505e-09 1150.014151 11440.75247 3.047655944e-10 5e-101 5e-101 5e-101 5e-101 5e-101 5e-101 27317.94925 920651.4187 228724.1943 50.46466355 5e-101 4679.521247 375354.3459 49016.0487 2.288821995e-09 5e-101 302.4456068 109.5225488 5e-101
$catchByGroup
0 0 0 0 0 57.71913148 3628763.875 906712.5742 1.272605069e-09 0 113.2824749 1005336.961 335030.2103 1.272605069e-09 0 4.248571672e-09 2.587170418e-09 0 0 0 0 0 0 78.29383377 527346.3185 1457818.839 3706.315768 0 1.384577669e-10 244201.7332 435054.1153 1.277200928e-09 0 2.130709972e-09 2.594017824e-09 0 0 0 0 0 0 2233.132025 1366399.058 880415.3869 518.1126867 0 208.1273397 481306.4264 259928.1221 565.6606041 0 2.367403788e-09 2.841339164e-09 0 0 0 0 0 0 482.8067996 108617.0263 73320.814 1.37700659e-10 0 1052.227771 218192.0621 165481.9077 1.37700659e-10 3.653986561 3184.593983 3.507617913e-10 0 0 0 0 0 0 41.74038857 114797.5985 103775.1122 1.475778319 0 7.150062158 46803.57475 22239.21245 6.693384321e-11 0 37.71245948 49.69179065 0 
0 0 0 0 0 7.072855553 578627.0314 157910.8445 1.782447848e-10 0 13.88154259 160306.6943 58348.04209 1.782447848e-10 0 6.774589087e-10 4.505752729e-10 0 0 0 0 0 0 5.217190268 46586.51328 141600.8048 284.9130167 0 9.226275929e-12 21573.12356 42257.66001 9.818137259e-11 0 1.882299068e-10 2.51962042e-10 0 0 0 0 0 0 235.4148252 196694.9195 140452.3532 64.02801514 0 21.94060215 69284.68535 41466.24075 69.9039546 0 3.407908507e-10 4.532778251e-10 0 0 0 0 0 0 8123.749674 1181956.443 694546.7283 1.850079244e-09 0 17704.87701 2374337.823 1567561.942 1.850079244e-09 61.48229925 34654.34018 3.322664347e-09 0 0 0 0 0 0 142.8546069 379584.5016 338895.3938 4.965494344 0 24.47076689 154758.5649 72625.95536 2.252097185e-10 0 124.6982979 162.277049 0 
0 0 0 0 0 1.916347768 161226.7023 44448.37724 4.89665511e-11 0 3.761120662 44667.32157 16423.67118 4.89665511e-11 0 1.887648863e-10 1.268268799e-10 0 0 0 0 0 0 1.160818101 10536.37308 32216.96518 63.9057548 0 2.052834485e-12 4879.147683 9614.447903 2.202200094e-11 0 4.257155953e-11 5.732631494e-11 0 0 0 0 0 0 32.33241677 27930.89989 20187.21118 8.939727966 0 3.013373062 9838.503278 5959.941148 9.760139158 0 4.839268426e-11 6.514960393e-11 0 0 0 0 0 0 491.0559815 110417.1885 74522.42111 1.400185228e-10 0 1070.206014 221808.2642 168193.883 1.400185228e-10 3.716418158 3237.373793 3.565101981e-10 0 0 0 0 0 0 1358.689479 2449565.398 1932091.143 38.66692833 0 232.7413463 998700.4843 414050.9657 1.753736374e-09 0 804.713139 925.1646814 0 
$Fmort
 0.3131736113 0.1951267233 0.1561428609
#ESTIMATED_PARAMETERS
$availability
1.513272044 1.519811927 1.775088346 0.1405607478 0.0677575077 
0.2934324445 0.1601031217 0.2952933181 3.889149587 0.3728433449 
0.09921194904 0.04447973291 0.05059603763 0.2867450076 4.52792133 
$availabilityVector
 1.513272044 0.2934324445 0.09921194904 1.519811927 0.1601031217 0.04447973291 1.775088346 0.2952933181 0.05059603763 0.1405607478 3.889149587 0.2867450076 0.0677575077 0.3728433449 4.52792133
$selectivity
 0.06820453456 1.421076383 1.916894453 0.7333626216 0.8604620124
$RunSize
 0 0 0 0 0 1814.698053 7404657.841 1519161.134 4.334701931e-09 0 3561.617811 2051435.824 561329.8952 4.334701931e-09 0 8.669403861e-09 4.334701931e-09 0 0 0 0 0 0 2451.147668 1072829.777 2436070.438 12578.89323 0 4.334701931e-09 496802.3515 726991.8872 4.334701931e-09 0 4.334701931e-09 4.334701931e-09 0 0 0 0 0 0 60021.00729 2501868.361 1343147.74 1547.477617 0 5593.942693 881269.1383 396542.2174 1689.491777 0 4.334701931e-09 4.334701931e-09 0 0 0 0 0 0 161050.7306 1791200.687 906096.0512 4.334701931e-09 0 350993.5059 3598199.886 2045019.619 4.334701931e-09 1218.866855 52517.06042 4.334701931e-09 0 0 0 0 0 0 28861.23373 3864598.916 2603485.843 95.57286454 0 4943.883423 1575616.97 557932.1822 4.334701931e-09 0 1269.569503 1246.65607 0
