$ndistricts
3
$ngroups
90
$nstocks
5
$nagecomps
18
$AgeCompLabels
 0.1 0.2 0.3 0.4 0.5 1.1 1.2 1.3 1.4 1.5 2.1 2.2 2.3 2.4 3.1 3.2 3.3 3.4
$navailpar
15
$nselectpar
5
$GENdata
 -1 -1 -1
$maxGradient
1.607230512e-05
#LIKELIHOOD_VALUES_AND_PENALTIES
$totalNLL
898.0588067
$NLLcatch
0.6773740579
$NLLescape
-6.305264455
$NLLagecompCatch
399.9964722
$NLLagecompEsc
503.6902248
$NLLgenetics
0
$NLLselOne
9.875834014e-17
$NLLavailOne
1.945099676e-09
$NLLextra
3.2e-198
$sigmaCat
0.5
$sigmaEsc
0.1
#OBSERVED_AND_PREDICTED_VALUES
$predEsc
 3913397.709 581252.2825 796413.8078 970406.541 86137.95282
$obsEsc
 4149288 584970 813378 895698 82435
$predCatch
 5123667.739 1207293.829 7994.99996
$obsCatch
 5123668 1207294 7995
$RunSize
 0 0 4.998950254e-09 2.570888702e-08 0 5805.063254 5599937.627 978978.7741 10318.09239 0 291130.2474 234124.1619 217446.469 1.642512226e-08 0 4.284814503e-09 1.142617201e-08 0 0 0 1820.189664 2956.516881 0 0 687771.9127 6369.99268 1.428271501e-08 0 6.07015388e-08 333709.8294 2.035286889e-07 9.640832632e-08 0 23618.18595 963.950885 0 0 0 1.428271501e-09 9.997900507e-09 0 967.261732 240173.0467 679207.822 4849.391822 0 1722.469869 534162.1915 641916.8622 24010.38524 0 3422.297873 8702.65284 0 0 0 1.428271501e-09 1.428271501e-09 0 0 49477.17194 74506.47278 179.3895466 0 12648.29268 583270.3377 1216265.079 7.855493256e-09 0 56746.0741 63101.80601 0 0 0 1.428271501e-09 1.428271501e-09 0 1081.729558 9906.968374 6698.462083 1.428271501e-09 0 13934.04153 21206.47935 39073.42381 1697.292129 0 1730.061554 956.3840345 0
$SSageCompEsc
 2014 0 1580 1923 894
$obsAgeCompEsc
0 0 0 0 0 0.001413014 0.7767987 0.1003209 0.001050747 0 0.06484577 0.03211899 0.0234519 0 0 0 0 0 
0 0 0 0 0 0 0.6011158 0.250188 0 0 0 0.1026919 0.0460043 0 0 0 0 0 
0 0 0 0 0 0.0009809511 0.13947 0.2704775 0.0005904918 0 0.001718818 0.3166259 0.2609795 0.003504956 0 0.002062557 0.003589335 0 
0 0 0 0 0 0 0.04298915 0.04143339 0.0002102018 0 0.01289064 0.3049068 0.5562144 0 0 0.02085487 0.02050054 0 
0 0 0 0 0 0.01379366 0.1297453 0.07288064 0 0 0.1530035 0.2082434 0.4002486 0.001566577 0 0.0132477 0.007270652 0 
$predAgeCompEsc
0 0 5.136964546e-16 8.658304383e-16 0 0.001216857485 0.7817783603 0.1006007061 0.0003474953407 0 0.06102672879 0.03268486464 0.02234498735 5.531694467e-16 0 5.981808154e-16 1.174163325e-15 0 
0 0 0.001287120811 0.0007633963412 0 0 0.6533296556 0.00450444825 3.687911424e-15 0 8.585683077e-14 0.3169983012 1.439223705e-13 2.489340211e-14 0 0.02243543391 0.0006816439351 0 
0 0 5.731993707e-16 7.1648398e-16 0 0.0009518834448 0.1425409616 0.2725822757 0.0003475241177 0 0.001695084689 0.3170213873 0.2576165254 0.001720666891 0 0.002031108971 0.003492581856 0 
0 0 6.16682911e-16 1.529125359e-16 0 0 0.02902866259 0.03216956194 1.920566955e-05 0 0.01088913139 0.3422094912 0.5251451762 8.410189472e-16 0 0.03329338711 0.02724538394 0 
0 0 1.436477233e-14 1.233828886e-14 0 0.01216941461 0.1045017912 0.06736946212 1.233828886e-14 0 0.1567574143 0.223692556 0.3929790917 0.01466225472 0 0.01824922867 0.009618786699 0 
$SSageCompCatch
 2496 1535 33
$obsAgeCompCatch
0 0 0.0002866457 0.000771234 0 0 0.6340039 0.1834607 0.003168317 0 0.0015431 0.07357579 0.09878352 0.001776829 0 0.001255698 0.001374253 0 
0 0 0 0 0 0 0.08059411 0.06949822 0 0 0 0.2455981 0.5513281 0.0006756461 0 0.02479829 0.02750759 0 
0 0 0 0 0 0 0.06060606 0.09090909 0 0 0.03030303 0.2424242 0.4848485 0.03030303 0 0.03030303 0.03030303 0 
$predAgeCompCatch
0 0 0.0002012046423 0.0004650993924 0 0.0002355861227 0.5534866875 0.1947220348 0.002445268767 0 0.009915525347 0.1062370546 0.1231130306 0.004075265765 0 0.002933632782 0.002169609713 0 
0 0 3.358590685e-05 0.0001059253134 0 5.763825539e-05 0.1324464018 0.08022781921 0.0009560055425 0 0.003523679668 0.2027462793 0.5335806296 0.001716147945 0 0.01808515228 0.02652073511 0 
0 0 7.429161185e-05 0.0002368087812 0 0.001127497378 0.2040471507 0.09934485542 0.001082137013 0 0.01695820533 0.1725428973 0.4570431974 0.01527646628 0 0.01416446113 0.01810203179 0 
$genSS
 -1 -1 -1
$obsGenComp     #GeneticFracData
0 0 0 0 0 
0 0 0 0 0 
0 0 0 0 0 
$predGenComp     #catchGenComp_pred
0 0 0 0 0 
0 0 0 0 0 
0 0 0 0 0 
#PARAMETERS_OF_INTEREST
$catchByGroup
0 0 0 
0 0 0 
2.824878155e-09 1.622513688e-10 1.522201848e-12 
2.069300478e-08 1.6121804e-09 1.536298367e-11 
0 0 0 
999.3175128 43.29732392 0.4011211232 
2415495.939 123875.9445 1156.099848 
553215.2977 31774.80032 298.1032464 
8305.001106 647.0379795 6.165832257 
0 0 0 
50116.86213 2171.407971 20.11666139 
100987.9038 5179.049055 48.33462907 
122877.7541 7057.679203 66.21338487 
1.322053083e-08 1.030004144e-09 9.815239568e-12 
0 0 0 
1.848226306e-09 9.478417061e-11 8.845943878e-13 
6.456864353e-09 3.708602715e-10 3.47931851e-12 
0 0 0 
0 0 0 
0 0 0 
1030.905735 40.54805808 0.5939614338 
2383.014752 127.8829773 1.893286196 
0 0 0 
0 0 0 
297445.6435 10424.75368 152.1620286 
3607.789956 141.9032524 2.078646012 
1.151216852e-08 6.177932318e-10 9.146325983e-12 
0 0 0 
1.048307229e-08 3.094927602e-10 4.494900819e-12 
144321.8793 5058.134402 73.82965728 
1.152730931e-07 4.533974269e-09 6.641516227e-11 
7.770713751e-08 4.170104314e-09 6.173770038e-11 
0 0 0 
10214.32598 357.9875338 5.225265846 
545.9554658 21.47377126 0.3145549396 
0 0 0 
0 0 0 
0 0 0 
9.143098018e-10 5.717657288e-11 2.812330088e-13 
8.653005919e-09 7.704133118e-10 3.863542499e-12 
0 0 0 
200.2004534 8.924942527 0.04321719821 
120058.3978 6560.9969 32.06202795 
434795.7434 27190.05141 133.73904 
4197.062784 373.6820556 1.87397658 
0 0 0 
356.5107948 15.89326247 0.07695985407 
267018.5424 14592.13068 71.30826439 
410923.8885 25697.21949 126.3962842 
20780.56343 1850.180485 9.278462386 
0 0 0 
1710.748166 93.48961526 0.4568614653 
5571.014185 348.3846481 1.713591037 
0 0 0 
0 0 0 
0 0 0 
1.125004168e-10 7.148537989e-10 2.484154945e-12 
2.124283995e-10 1.062584111e-09 4.871665282e-12 
0 0 0 
0 0 0 
2676.808111 18572.40291 58.35685965 
5868.638583 37290.69373 129.5871427 
26.68080559 133.4595571 0.6118765412 
0 0 0 
233.2688812 1843.144695 4.994776099 
31556.0229 218944.0361 687.9500969 
95801.34317 608744.0036 2115.417767 
1.168356197e-09 5.844212612e-09 2.679415905e-11 
0 0 0 
3070.069398 21300.95377 66.93031457 
4970.329149 31582.62677 109.7513066 
0 0 0 
0 0 0 
0 0 0 
4.339917136e-11 9.831799645e-11 4.920225195e-11 
8.393483867e-11 1.865726386e-10 9.496908024e-11 
0 0 0 
7.547050357 17.36404362 8.570003168 
205.0961292 467.6256879 232.6761968 
203.5381253 461.102368 230.75404 
8.393483867e-11 1.865726386e-10 9.496908024e-11 
0 0 0 
97.21553074 223.6707901 110.3924536 
439.0209664 1000.981746 498.0578091 
1187.277219 2689.699221 1346.032909 
99.74429995 221.7143384 112.8568849 
0 0 0 
35.81609577 81.66183578 40.63242432 
29.06049345 65.83465541 32.94629081 
0 0 0 
$escByGroup
 5e-101 5e-101 2.010298528e-09 3.388338854e-09 5e-101 4762.047296 3059409.644 393690.5728 1359.88747 5e-101 238821.8606 127908.8744 87444.82232 2.164772045e-09 5e-101 2.340919433e-09 4.594968065e-09 5e-101 5e-101 5e-101 748.1419091 443.7258658 5e-101 5e-101 379749.3535 2618.220826 2.143606933e-09 5e-101 4.990447885e-08 184255.9861 8.365520634e-08 1.44693468e-08 5e-101 13040.64717 396.2070931 5e-101 5e-101 5e-101 4.565038934e-10 5.706177347e-10 5e-101 758.0931189 113521.59 217088.2882 276.7730059 5e-101 1349.988852 252480.2102 205169.3579 1370.36287 5e-101 1617.60323 2781.540415 5e-101 5e-101 5e-101 5.984331305e-10 1.48387325e-10 5e-101 5e-101 28169.60406 31217.55332 18.63730735 5e-101 10566.88432 332082.3286 509604.3139 8.161302875e-10 5e-101 32308.12063 26439.09879 5e-101 5e-101 5e-101 1.237352081e-09 1.062794944e-09 5e-101 1048.248461 9001.57036 5803.067549 1.062794944e-09 5e-101 13502.76276 19268.41883 33850.41446 1262.976606 5e-101 1571.951198 828.5425949 5e-101
$catchByGroup
0 0 2.824878155e-09 2.069300478e-08 0 999.3175128 2415495.939 553215.2977 8305.001106 0 50116.86213 100987.9038 122877.7541 1.322053083e-08 0 1.848226306e-09 6.456864353e-09 0 0 0 1030.905735 2383.014752 0 0 297445.6435 3607.789956 1.151216852e-08 0 1.048307229e-08 144321.8793 1.152730931e-07 7.770713751e-08 0 10214.32598 545.9554658 0 0 0 9.143098018e-10 8.653005919e-09 0 200.2004534 120058.3978 434795.7434 4197.062784 0 356.5107948 267018.5424 410923.8885 20780.56343 0 1710.748166 5571.014185 0 0 0 1.125004168e-10 2.124283995e-10 0 0 2676.808111 5868.638583 26.68080559 0 233.2688812 31556.0229 95801.34317 1.168356197e-09 0 3070.069398 4970.329149 0 0 0 4.339917136e-11 8.393483867e-11 0 7.547050357 205.0961292 203.5381253 8.393483867e-11 0 97.21553074 439.0209664 1187.277219 99.74429995 0 35.81609577 29.06049345 0 
0 0 1.622513688e-10 1.6121804e-09 0 43.29732392 123875.9445 31774.80032 647.0379795 0 2171.407971 5179.049055 7057.679203 1.030004144e-09 0 9.478417061e-11 3.708602715e-10 0 0 0 40.54805808 127.8829773 0 0 10424.75368 141.9032524 6.177932318e-10 0 3.094927602e-10 5058.134402 4.533974269e-09 4.170104314e-09 0 357.9875338 21.47377126 0 0 0 5.717657288e-11 7.704133118e-10 0 8.924942527 6560.9969 27190.05141 373.6820556 0 15.89326247 14592.13068 25697.21949 1850.180485 0 93.48961526 348.3846481 0 0 0 7.148537989e-10 1.062584111e-09 0 0 18572.40291 37290.69373 133.4595571 0 1843.144695 218944.0361 608744.0036 5.844212612e-09 0 21300.95377 31582.62677 0 0 0 9.831799645e-11 1.865726386e-10 0 17.36404362 467.6256879 461.102368 1.865726386e-10 0 223.6707901 1000.981746 2689.699221 221.7143384 0 81.66183578 65.83465541 0 
0 0 1.522201848e-12 1.536298367e-11 0 0.4011211232 1156.099848 298.1032464 6.165832257 0 20.11666139 48.33462907 66.21338487 9.815239568e-12 0 8.845943878e-13 3.47931851e-12 0 0 0 0.5939614338 1.893286196 0 0 152.1620286 2.078646012 9.146325983e-12 0 4.494900819e-12 73.82965728 6.641516227e-11 6.173770038e-11 0 5.225265846 0.3145549396 0 0 0 2.812330088e-13 3.863542499e-12 0 0.04321719821 32.06202795 133.73904 1.87397658 0 0.07695985407 71.30826439 126.3962842 9.278462386 0 0.4568614653 1.713591037 0 0 0 2.484154945e-12 4.871665282e-12 0 0 58.35685965 129.5871427 0.6118765412 0 4.994776099 687.9500969 2115.417767 2.679415905e-11 0 66.93031457 109.7513066 0 0 0 4.920225195e-11 9.496908024e-11 0 8.570003168 232.6761968 230.75404 9.496908024e-11 0 110.3924536 498.0578091 1346.032909 112.8568849 0 40.63242432 32.94629081 0 
$Fmort
 0.5181428807 0.159306892 0.006954652661
#ESTIMATED_PARAMETERS
$availability
1.4851545 1.4904055 1.823068357 0.1463384521 0.05503964531 
0.1914217929 0.1306991979 0.2370202286 4.027095714 0.4137652429 
0.04047206131 0.04337187881 0.02616941697 0.23133515 4.65865 
$availabilityVector
 1.4851545 0.1914217929 0.04047206131 1.4904055 0.1306991979 0.04337187881 1.823068357 0.2370202286 0.02616941697 0.1463384521 4.027095714 0.23133515 0.05503964531 0.4137652429 4.65865
$selectivity
 0.2455007439 0.7335440843 1.082003814 2.12369096 0.8152603967
$RunSize
 0 0 4.998950254e-09 2.570888702e-08 0 5805.063254 5599937.627 978978.7741 10318.09239 0 291130.2474 234124.1619 217446.469 1.642512226e-08 0 4.284814503e-09 1.142617201e-08 0 0 0 1820.189664 2956.516881 0 0 687771.9127 6369.99268 1.428271501e-08 0 6.07015388e-08 333709.8294 2.035286889e-07 9.640832632e-08 0 23618.18595 963.950885 0 0 0 1.428271501e-09 9.997900507e-09 0 967.261732 240173.0467 679207.822 4849.391822 0 1722.469869 534162.1915 641916.8622 24010.38524 0 3422.297873 8702.65284 0 0 0 1.428271501e-09 1.428271501e-09 0 0 49477.17194 74506.47278 179.3895466 0 12648.29268 583270.3377 1216265.079 7.855493256e-09 0 56746.0741 63101.80601 0 0 0 1.428271501e-09 1.428271501e-09 0 1081.729558 9906.968374 6698.462083 1.428271501e-09 0 13934.04153 21206.47935 39073.42381 1697.292129 0 1730.061554 956.3840345 0
