$ndistricts
3
$ngroups
90
$nstocks
5
$nagecomps
18
$AgeCompLabels
 0.1 0.2 0.3 0.4 0.5 1.1 1.2 1.3 1.4 1.5 2.1 2.2 2.3 2.4 3.1 3.2 3.3 3.4
$navailpar
15
$nselectpar
5
$GENdata
 1 1 1
$maxGradient
0.0003316817803
#LIKELIHOOD_VALUES_AND_PENALTIES
$totalNLL
1212.111498
$NLLcatch
0.6773740579
$NLLescape
-6.914011932
$NLLagecompCatch
388.9645603
$NLLagecompEsc
553.9496752
$NLLgenetics
275.4339003
$NLLselOne
3.209057976e-015
$NLLavailOne
7.300331376e-016
$NLLextra
3.197161661e-010
$sigmaCat
0.5
$sigmaEsc
0.1
#OBSERVED_AND_PREDICTED_VALUES
$predEsc
 3158439.491 2039434.669 1894277.635 2623007.898 1185641.022
$obsEsc
 3163404 2041824 1899972 2600982 1186446
$predCatch
 7227724.205 11981005.52 5706494.097
$obsCatch
 7227724.7 11981007 5706496
$RunSize
 0 0 0 0 0 9192.399566 3499152.847 2493024.816 3.975470584e-009 0 2036.014339 370695.6559 463879.6215 0 0 3.975470584e-009 3.975470584e-009 0 0 0 0 0 0 65441.78905 2626627.217 1575462.948 3.975470584e-009 0 0 7816.889735 30206.09687 0 0 3.975470584e-009 3.975470584e-009 0 0 0 0 0 0 31525.26811 2729693.598 2033444.479 5.963205876e-009 0 0 622179.9327 585255.6875 0 0 3.975470584e-009 3.975470584e-009 0 0 0 0 0 0 99374.98842 2809591.827 1247720.859 5094.21226 0 86104.81226 4679860.614 3251042.468 0 2449.122499 43073.93743 13078.61554 0 0 0 0 0 0 67401.76501 3728647.439 1522263.041 8690.019646 0 925.4579191 631913.3453 473156.7479 0 0 3.975470584e-009 3.975470584e-009 0
$SSageCompEsc
 1 1 1 1 1
$obsAgeCompEsc
0 0 0 0 0 0.0028607592 0.57534706 0.30981077 0 0 0.00064071924 0.05644962 0.054891066 0 0 0 0 0 
0 0 0 0 0 0.031598513 0.6598513 0.30111524 0 0 0 0.0018587361 0.0055762082 0 0 0 0 0 
0 0 0 0 0 0.016305536 0.54807264 0.2527268 0 0 0 0.11475682 0.068138203 0 0 0 0 0 
0 0 0 0 0 0.037715261 0.27838405 0.069342285 0 0 0.032757188 0.41686415 0.16027842 0 0.00093172918 0.0027951875 0.00093172918 0 
0 0 0 0 0 0.055964421 0.64658607 0.17043707 0 0 0.00076842686 0.096195547 0.030048472 0 0 0 0 0 
$predAgeCompEsc
0 0 0 0 0 0.002889946675 0.5643044178 0.3139642363 3.338377828e-016 0 0.0006400910694 0.05978166871 0.05841963952 0 0 6.411196398e-016 5.0065911e-016 0 
0 0 0 0 0 0.03185704324 0.6530931839 0.3072159539 5.244902222e-016 0 0 0.001943617035 0.005890201909 0 0 9.884740113e-016 7.752184775e-016 0 
0 0 0 0 0 0.01648325218 0.5333605632 0.2551509015 2.703109954e-016 0 0 0.1215690433 0.07343623976 0 0 7.767755441e-016 4.988308824e-016 0 
0 0 0 0 0 0.03736209446 0.2655133701 0.06014873871 -2.155672096e-012 0 0.03237289564 0.442258392 0.1567226376 0 0.0009207985593 0.004070593523 0.0006304793443 0 
0 0 0 0 0 0.05578646055 0.6345951678 0.1532976005 0.0003579810795 0 0.0007659743285 0.1075481557 0.04764866004 0 0 6.766031016e-016 4.003448058e-016 0 
$SSageCompCatch
 1 1 1
$obsAgeCompCatch
0 0 0 0 0 0.00056351636 0.38782941 0.36884903 9.2050626e-005 0 0 0.11709722 0.12432874 0 0 0.0012400358 0 0 
0 0 0 0 0 0 0.30227846 0.19249477 0.00036778204 0 0 0.29192947 0.20887431 0 0 0.0032253002 0.00082991206 0 
0 0 0 0 0 0 0.51196692 0.22107967 0.0018100921 0 0 0.13728022 0.1278631 0 0 0 0 0 
$predAgeCompCatch
0 0 0 0 0 9.190087288e-005 0.435005468 0.3544382013 9.380190124e-005 0 1.392552458e-005 0.101597867 0.1080807155 0 3.63147044e-007 0.0004903148686 0.0001874419037 0 
0 0 0 0 0 0.0001260388311 0.3046013076 0.2078143107 0.0003673977306 0 8.808606114e-005 0.2644056049 0.2195677309 0 2.490820882e-006 0.002248078136 0.0007789542918 0 
0 0 0 0 0 0.0002271417394 0.5304031555 0.2417023575 0.001450983075 0 1.157534646e-005 0.1226099791 0.1031291167 0 2.441675188e-007 0.0003362206727 0.0001292263125 0 
$genSS
 748 559 559
$obsGenComp     #GeneticFracData
0.2941218835 0.2169661996 0.347588095 0.1404338134 0.0008900085285 
0.1332735136 0.06458359487 0.1324772467 0.6557962525 0.01386939225 
0.003879016798 0.0005572590132 0.00282401322 0.09524087473 0.8974988362 
$predGenComp     #catchGenComp_pred
0.2905030209 0.2087232916 0.349364466 0.1505267886 0.0008824328255 
0.1300557761 0.0629737671 0.1307568718 0.6623841116 0.0138294734 
0.003796933341 0.0005321715013 0.002823540981 0.1034592764 0.8893880778 
#PARAMETERS_OF_INTEREST
$catchByGroup
0 0 0 
0 0 0 
0 0 0 
0 0 0 
0 0 0 
37.74720932 26.6043767 0.3262739578 
982193.3391 724707.6098 9930.540565 
854404.1601 637975.544 9008.06964 
1.6511829e-009 1.251517931e-009 1.836331571e-011 
0 0 0 
8.360587338 5.892573756 0.07226605541 
104052.2721 76774.57215 1052.028422 
158979.8368 118708.7477 1676.140529 
0 0 0 
0 0 0 
1.11589316e-009 8.233575126e-010 1.128232279e-011 
1.362464819e-009 1.017339656e-009 1.436460465e-011 
0 0 0 
0 0 0 
0 0 0 
0 0 0 
0 0 0 
0 0 0 
325.7790515 145.1210572 0.5304990851 
865228.1408 427753.8617 1704.333105 
628416.9948 319197.1496 1301.935992 
1.902094408e-009 9.995112098e-010 4.201423827e-012 
0 0 0 
0 0 0 
2574.934474 1273.003169 5.072125906 
12048.53763 6119.91544 24.96180869 
0 0 0 
0 0 0 
1.309545945e-009 6.474169169e-010 2.579553764e-012 
1.585726457e-009 8.054514265e-010 3.2852618e-012 
0 0 0 
0 0 0 
0 0 0 
0 0 0 
0 0 0 
0 0 0 
193.4310703 107.0312007 0.9498819382 
1062083.816 650699.1081 6577.687631 
947924.7564 595954.1143 6238.961652 
3.291267397e-009 2.136503324e-009 2.339108252e-011 
0 0 0 
0 0 0 
242081.1031 148314.0553 1499.25444 
272826.9008 171524.4938 1795.666333 
0 0 0 
0 0 0 
1.546797403e-009 9.476650292e-010 9.579611319e-012 
1.853233282e-009 1.165115682e-009 1.219743582e-011 
0 0 0 
0 0 0 
0 0 0 
0 0 0 
0 0 0 
0 0 0 
106.5002602 1210.883466 56.5358395 
231156.0655 1756844.518 125147.5763 
129248.0266 890350.2903 70351.92513 
664.9241756 4064.840879 364.4472107 
0 0 0 
92.27860103 1049.186472 48.98624818 
385030.365 2926328.084 208454.9107 
336766.6898 2319883.157 183307.9047 
0 0 0 
2.62472668 29.84253873 1.393340505 
3543.860644 26934.23654 1918.641284 
1354.778384 9332.655666 737.4291892 
0 0 0 
0 0 0 
0 0 0 
0 0 0 
0 0 0 
0 0 0 
0.7765719977 20.43183052 1237.840501 
3438.188733 89424.84931 2883382.338 
1787.628412 46347.30505 1292372.184 
13.0500964 336.9533578 7915.579139 
0 0 0 
0.01066269859 0.280538638 16.99613198 
582.6877921 15155.29602 488661.8563 
555.638824 14405.88094 401701.0221 
0 0 0 
0 0 0 
3.665784548e-012 9.534445499e-011 3.074251952e-009 
4.668486311e-012 1.210384427e-010 3.37509843e-009 
0 0 0 
$escByGroup
 5e-101 5e-101 5e-101 5e-101 5e-101 9127.721706 1782321.358 991637.0427 1.054406437e-009 5e-101 2021.688912 188816.7833 184514.8965 5e-101 5e-101 2.024937589e-009 1.581301505e-009 5e-101 5e-101 5e-101 5e-101 5e-101 5e-101 64970.35845 1331940.882 626546.8674 1.069663543e-009 5e-101 5e-101 3963.879966 12012.68198 5e-101 5e-101 2.015928168e-009 1.581007439e-009 5e-101 5e-101 5e-101 5e-101 5e-101 5e-101 31223.85596 1010332.986 483326.6463 5.120440731e-010 5e-101 5e-101 230285.5199 139108.6266 5e-101 5e-101 1.471428541e-009 9.449241841e-010 5e-101 5e-101 5e-101 5e-101 5e-101 5e-101 98001.06885 696443.6668 157770.6167 1.768551463e-195 5e-101 84914.36094 1160047.255 411084.7161 5e-101 2415.261893 10677.19896 1653.752299 5e-101 5e-101 5e-101 5e-101 5e-101 5e-101 66142.71611 752402.0634 181755.9238 424.437053 5e-101 908.1705858 127513.5053 56494.206 5e-101 5e-101 8.02208393e-010 4.746652248e-010 5e-101
$catchByGroup
0 0 0 0 0 37.74720932 982193.3391 854404.1601 1.6511829e-009 0 8.360587338 104052.2721 158979.8368 0 0 1.11589316e-009 1.362464819e-009 0 0 0 0 0 0 325.7790515 865228.1408 628416.9948 1.902094408e-009 0 0 2574.934474 12048.53763 0 0 1.309545945e-009 1.585726457e-009 0 0 0 0 0 0 193.4310703 1062083.816 947924.7564 3.291267397e-009 0 0 242081.1031 272826.9008 0 0 1.546797403e-009 1.853233282e-009 0 0 0 0 0 0 106.5002602 231156.0655 129248.0266 664.9241756 0 92.27860103 385030.365 336766.6898 0 2.62472668 3543.860644 1354.778384 0 0 0 0 0 0 0.7765719977 3438.188733 1787.628412 13.0500964 0 0.01066269859 582.6877921 555.638824 0 0 3.665784548e-012 4.668486311e-012 0 
0 0 0 0 0 26.6043767 724707.6098 637975.544 1.251517931e-009 0 5.892573756 76774.57215 118708.7477 0 0 8.233575126e-010 1.017339656e-009 0 0 0 0 0 0 145.1210572 427753.8617 319197.1496 9.995112098e-010 0 0 1273.003169 6119.91544 0 0 6.474169169e-010 8.054514265e-010 0 0 0 0 0 0 107.0312007 650699.1081 595954.1143 2.136503324e-009 0 0 148314.0553 171524.4938 0 0 9.476650292e-010 1.165115682e-009 0 0 0 0 0 0 1210.883466 1756844.518 890350.2903 4064.840879 0 1049.186472 2926328.084 2319883.157 0 29.84253873 26934.23654 9332.655666 0 0 0 0 0 0 20.43183052 89424.84931 46347.30505 336.9533578 0 0.280538638 15155.29602 14405.88094 0 0 9.534445499e-011 1.210384427e-010 0 
0 0 0 0 0 0.3262739578 9930.540565 9008.06964 1.836331571e-011 0 0.07226605541 1052.028422 1676.140529 0 0 1.128232279e-011 1.436460465e-011 0 0 0 0 0 0 0.5304990851 1704.333105 1301.935992 4.201423827e-012 0 0 5.072125906 24.96180869 0 0 2.579553764e-012 3.2852618e-012 0 0 0 0 0 0 0.9498819382 6577.687631 6238.961652 2.339108252e-011 0 0 1499.25444 1795.666333 0 0 9.579611319e-012 1.219743582e-011 0 0 0 0 0 0 56.5358395 125147.5763 70351.92513 364.4472107 0 48.98624818 208454.9107 183307.9047 0 1.393340505 1918.641284 737.4291892 0 0 0 0 0 0 1237.840501 2883382.338 1292372.184 7915.579139 0 16.99613198 488661.8563 401701.0221 0 0 3.074251952e-009 3.37509843e-009 0 
$Fmort
 0.2073028609 0.2674046305 0.2432592398
#ESTIMATED_PARAMETERS
$availability
1.258824795 1.526747974 1.882865711 0.3280367643 0.003524756172 
0.6873942714 0.5265137841 0.8065705893 2.907617147 0.07190421255 
0.009253654841 0.002113407806 0.007855420817 0.1483619023 4.832415615 
$availabilityVector
 1.258824795 0.6873942714 0.009253654841 1.526747974 0.5265137841 0.002113407806 1.882865711 0.8065705893 0.007855420817 0.3280367643 2.907617147 0.1483619023 0.003524756172 0.07190421255 4.832415615
$selectivity
 0.01576807161 1.262537613 1.608082389 2.056766015 0.05684590262
$RunSize
 0 0 0 0 0 9192.399566 3499152.847 2493024.816 3.975470584e-009 0 2036.014339 370695.6559 463879.6215 0 0 3.975470584e-009 3.975470584e-009 0 0 0 0 0 0 65441.78905 2626627.217 1575462.948 3.975470584e-009 0 0 7816.889735 30206.09687 0 0 3.975470584e-009 3.975470584e-009 0 0 0 0 0 0 31525.26811 2729693.598 2033444.479 5.963205876e-009 0 0 622179.9327 585255.6875 0 0 3.975470584e-009 3.975470584e-009 0 0 0 0 0 0 99374.98842 2809591.827 1247720.859 5094.21226 0 86104.81226 4679860.614 3251042.468 0 2449.122499 43073.93743 13078.61554 0 0 0 0 0 0 67401.76501 3728647.439 1522263.041 8690.019646 0 925.4579191 631913.3453 473156.7479 0 0 3.975470584e-009 3.975470584e-009 0
