$ndistricts
3
$ngroups
90
$nstocks
5
$nagecomps
18
$AgeCompLabels
 0.1 0.2 0.3 0.4 0.5 1.1 1.2 1.3 1.4 1.5 2.1 2.2 2.3 2.4 3.1 3.2 3.3 3.4
$navailpar
15
$nselectpar
5
$GENdata
 1 1 1
$maxGradient
1.425383226e-06
#LIKELIHOOD_VALUES_AND_PENALTIES
$totalNLL
1083.165476
$NLLcatch
0.6773740579
$NLLescape
-6.918227728
$NLLagecompCatch
369.1596465
$NLLagecompEsc
504.0077564
$NLLgenetics
216.2389267
$NLLselOne
2.391094434e-17
$NLLavailOne
1.782969642e-16
$NLLextra
3.2e-198
$sigmaCat
0.5
$sigmaEsc
0.1
#OBSERVED_AND_PREDICTED_VALUES
$predEsc
 4024882.717 887335.0954 1535520.173 1517388.256 1413668.018
$obsEsc
 4025166 887336.2 1535658 1517000 1413454
$predCatch
 8338442.514 21600852.49 4176899.25
$obsCatch
 8338444 21600858 4176900
$RunSize
 0 4576.309403 53548.22236 873.1595702 0 2399.692993 1686274.21 1773503.918 2854.159273 0 128208.8786 3352893.882 298047.0423 4.828894645e-09 0 4.828894645e-09 4.828894645e-09 0 0 0 4.828894645e-09 0 0 84789.01546 644905.1265 576951.1486 9.657789291e-09 0 6.519007771e-08 556866.8056 338345.1116 2.17300259e-08 0 1260.14947 7950.245474 0 0 0 4.828894645e-09 0 0 4.828894645e-09 335163.5338 1040045.581 110557.051 658.3759471 4032.704078 724438.1754 2921544.089 38747.92038 0 4.828894645e-09 4.828894645e-09 0 0 0 4.828894645e-09 0 0 4.828894645e-09 188339.4939 992292.2786 127100.1724 0 35294.47288 10514616.79 10833136.61 53012.91877 0 146395.3416 36849.46103 0 0 0 7705.957702 0 0 919.998586 877643.7556 752599.0571 12997.64351 0 13106.83639 1907497.893 2289451.168 16594.14862 0 1.690113126e-08 4.828894645e-09 0
$SSageCompEsc
 3254 0 2482 3096 2054
$obsAgeCompEsc
0 0.0008615288 0.009328478 0.0001670844 0 0.000580105 0.2267323 0.2427327 0.0004352279 0 0.03117508 0.4473158 0.04067182 0 0 0 0 0 
0 0 0 0 0 0 0.6011158 0.250188 0 0 0 0.1026919 0.0460043 0 0 0 0 0 
0 0 0 0 0 0 0.06215432 0.2015213 0.0249322 0.0004287211 0.002499054 0.1342442 0.5659433 0.008276897 0 0 0 0 
0 0 0 0 0 0 0.00817989 0.0464873 0.007081442 0 0.02110184 0.4124344 0.4950071 0.001912172 0 0.006284217 0.001511685 0 
0 0 0.001238677 0 0 0.0006274699 0.1785872 0.1458527 0.001711916 0 0.008477106 0.2721548 0.3883122 0.003037979 0 0 0 0 
$predAgeCompEsc
0 0.0006140774757 0.007335581921 0.0001222812513 0 0.000579846943 0.226274694 0.242952664 0.000399709491 0 0.03097959887 0.4499120208 0.04082952522 6.762604454e-16 0 6.479709243e-16 6.61511264e-16 0 
0 0 2.101937617e-15 0 0 0.09134560285 0.2716680357 0.2511372502 4.353339481e-15 0 7.023111326e-14 0.2345816539 0.1472760062 9.795013833e-15 0 0.000530841386 0.003460609779 0 
0 0 9.382084563e-16 0 0 2.974663617e-15 0.06231069988 0.2020709978 0.02250738733 0.0004287585939 0.00248419959 0.134681268 0.5676283231 0.007888365734 0 8.977462481e-16 9.382084563e-16 0 
0 0 2.217920254e-16 0 0 2.870265067e-15 0.007369509468 0.04557616814 0.006818025646 0 0.02097881607 0.4114249561 0.4975679711 0.002843768289 0 0.005728282656 0.00169250257 0 
0 0 0.001346140329 0 0 0.0006185839898 0.1425095409 0.1314702184 0.002445622037 0 0.00881270827 0.309734613 0.3999402367 0.003122336409 0 2.744362324e-15 8.435511945e-16 0 
$SSageCompCatch
 6076 4717 3549
$obsAgeCompCatch
0 0 0.0006014335 0 0 0.0004524056 0.1607977 0.2155261 0.006555646 0 0.0001666195 0.3037178 0.3081788 0.002754047 0 0.0005652651 0.0006841786 0 
0 0 0.0001577122 0 0 0 0.01903716 0.05270976 0.004785804 0 0 0.444425 0.4694204 0.003398792 0 0.004061046 0.002004286 0 
0 0 0.001253455 0 0 0 0.08485422 0.09484068 0.004015844 0 0.0005831176 0.4046498 0.4045365 0.002576388 0 0.002690023 0 0 
$predAgeCompCatch
0 0.0002297149736 0.002627687187 4.163940636e-05 0 0.0004435300321 0.1594878043 0.2141737999 0.009169499039 9.829716227e-10 0.0004225969256 0.3023272074 0.306635737 0.003197639376 0 0.0005646316725 0.0006785117439 0 
0 6.378702913e-06 0.0001432510772 1.138864075e-06 0 4.712179905e-06 0.01948948665 0.05140072285 0.00534043309 1.168705503e-11 0.000170760809 0.4515536916 0.4621365146 0.002314641807 0 0.005947953671 0.001490314082 0 
0 1.232231363e-05 0.001154244671 2.198674992e-06 0 1.104232957e-05 0.1248160568 0.113294971 0.00280580321 6.734078494e-12 0.0001521389702 0.3575561601 0.3960134784 0.002598010234 0 0.00126970012 0.0003138731826 0 
$genSS
 312 310 342
$obsGenComp     #GeneticFracData
0.3583171653 0.1517410395 0.4141733892 0.07270499336 0.003063412642 
0.009971796938 0.002115229654 0.007856567284 0.9253626108 0.05469379533 
0.02009646302 0.001306270096 0.00472266881 0.1815715434 0.7923030547 
$predGenComp     #catchGenComp_pred
0.3578789907 0.1526962806 0.4135147247 0.07283751448 0.003072489512 
0.009914173839 0.002109141881 0.007968678897 0.9252918589 0.05471614649 
0.01915027266 0.001178885666 0.004660931306 0.1951698761 0.7798400343 
#PARAMETERS_OF_INTEREST
$catchByGroup
0 0 0 
1915.465102 137.7854207 51.46906253 
21877.66236 1562.292126 583.4109821 
347.2077963 24.60043489 9.183643924 
0 0 0 
61.0996809 3.486759545 1.290613298 
705808.7895 50771.04297 18965.27204 
724582.7816 51742.72991 19322.42784 
1134.943011 80.41320482 30.01923515 
0 0 0 
3264.3849 186.2878012 68.95385543 
1403390.954 100950.319 37709.49245 
121770.1031 8695.649024 3247.239778 
1.920187244e-09 1.360494832e-10 5.078893994e-11 
0 0 0 
2.021187458e-09 1.453903618e-10 5.43098507e-11 
1.972893253e-09 1.408850519e-10 5.261108667e-11 
0 0 0 
0 0 0 
0 0 0 
2.851387512e-09 1.014238661e-10 1.096025076e-11 
0 0 0 
0 0 0 
3637.055205 88.34013311 9.46090178 
388352.9783 13980.33435 1511.231551 
340680.7191 12118.01465 1309.518995 
5.577903191e-09 1.958570864e-10 2.115810943e-11 
0 0 0 
2.796351747e-09 6.792035632e-11 7.27401915e-12 
335337.5149 12071.82857 1304.927891 
199787.5491 7106.443985 767.9495078 
1.255028218e-08 4.406784445e-10 4.760574621e-11 
0 0 0 
758.8446419 27.31767853 2.952957823 
4694.496842 166.9832729 18.04485092 
0 0 0 
0 0 0 
0 0 0 
3.210312747e-09 1.598644931e-10 1.807939444e-11 
0 0 0 
0 0 0 
2.523723302e-10 7.976900183e-12 8.894247968e-13 
226738.7286 11449.94626 1295.522372 
691435.9976 34431.55668 3893.933432 
72062.25969 3534.704107 399.5398823 
0.008196452369 0.0002524503517 2.812756741e-05 
210.761054 6.661664886 0.7427759908 
490083.718 24748.45065 2800.202791 
1942280.981 96720.09834 10938.26887 
25256.30592 1238.839424 140.0303229 
0 0 0 
3.266755842e-09 1.6496599e-10 1.866533919e-11 
3.210312747e-09 1.598644931e-10 1.807939444e-11 
0 0 0 
0 0 0 
0 0 0 
1.262259193e-10 4.196688128e-09 1.694359829e-10 
0 0 0 
0 0 0 
6.27705853e-12 4.588483829e-10 8.462699962e-12 
5080.830627 165257.1505 6819.10563 
25938.2352 862379.8056 34817.4955 
3208.156487 109239.3559 4307.068002 
0 0 0 
45.87912728 3353.730615 61.85401759 
283652.5995 9225975.783 380697.012 
283175.0801 9414845.252 380112.4864 
1338.107857 45563.25133 1796.458981 
0 0 0 
3949.304101 128453.5522 5300.456521 
963.2343292 32025.07137 1292.97181 
0 0 0 
0 0 0 
0 0 0 
33.15619182 1532.053261 4237.75272 
0 0 0 
0 0 0 
0.1947898287 9.960210368 35.37118304 
3898.561112 179531.052 492752.9623 
3238.185267 149627.3252 413878.3035 
53.98143449 2503.434215 6982.930202 
0 0 0 
2.775089499 141.8989656 503.9185016 
8473.252455 390198.3023 1070964.422 
9850.752496 455175.2374 1259042.456 
68.91833477 3196.14547 8915.137693 
0 0 0 
7.507612588e-11 3.457300136e-09 9.489137751e-09 
2.077713937e-11 9.600524779e-10 2.655563683e-09 
0 0 0 
$escByGroup
 5e-101 2471.589819 29524.85689 492.1676951 5e-101 2333.815939 910729.1053 977855.9784 1608.783822 5e-101 124689.2521 1810843.116 164334.0504 2.721868979e-09 5e-101 2.608006974e-09 2.662505253e-09 5e-101 5e-101 5e-101 1.865123016e-09 5e-101 5e-101 81054.15922 241060.5823 222842.8958 3.862870904e-09 5e-101 6.231853159e-08 208152.5343 130683.169 8.691459534e-09 5e-101 471.0341919 3070.720508 5e-101 5e-101 5e-101 1.440638011e-09 5e-101 5e-101 4.56765599e-09 95679.33663 310284.0934 34560.54728 658.3674701 3814.538583 206805.8039 871604.7406 12112.74471 5e-101 1.378507474e-09 1.440638011e-09 5e-101 5e-101 5e-101 3.365446146e-10 5e-101 5e-101 4.355306504e-09 11182.40712 69156.74227 10345.59204 5e-101 31833.00912 624291.3965 755003.7957 4315.100603 5e-101 8692.028828 2568.183523 5e-101 5e-101 5e-101 1902.99553 5e-101 5e-101 874.4724027 201461.1802 185855.243 3457.297658 5e-101 12458.24383 437861.9164 565382.7216 4413.947122 5e-101 3.879617246e-09 1.192501345e-09 5e-101
$catchByGroup
0 1915.465102 21877.66236 347.2077963 0 61.0996809 705808.7895 724582.7816 1134.943011 0 3264.3849 1403390.954 121770.1031 1.920187244e-09 0 2.021187458e-09 1.972893253e-09 0 0 0 2.851387512e-09 0 0 3637.055205 388352.9783 340680.7191 5.577903191e-09 0 2.796351747e-09 335337.5149 199787.5491 1.255028218e-08 0 758.8446419 4694.496842 0 0 0 3.210312747e-09 0 0 2.523723302e-10 226738.7286 691435.9976 72062.25969 0.008196452369 210.761054 490083.718 1942280.981 25256.30592 0 3.266755842e-09 3.210312747e-09 0 0 0 1.262259193e-10 0 0 6.27705853e-12 5080.830627 25938.2352 3208.156487 0 45.87912728 283652.5995 283175.0801 1338.107857 0 3949.304101 963.2343292 0 0 0 33.15619182 0 0 0.1947898287 3898.561112 3238.185267 53.98143449 0 2.775089499 8473.252455 9850.752496 68.91833477 0 7.507612588e-11 2.077713937e-11 0 
0 137.7854207 1562.292126 24.60043489 0 3.486759545 50771.04297 51742.72991 80.41320482 0 186.2878012 100950.319 8695.649024 1.360494832e-10 0 1.453903618e-10 1.408850519e-10 0 0 0 1.014238661e-10 0 0 88.34013311 13980.33435 12118.01465 1.958570864e-10 0 6.792035632e-11 12071.82857 7106.443985 4.406784445e-10 0 27.31767853 166.9832729 0 0 0 1.598644931e-10 0 0 7.976900183e-12 11449.94626 34431.55668 3534.704107 0.0002524503517 6.661664886 24748.45065 96720.09834 1238.839424 0 1.6496599e-10 1.598644931e-10 0 0 0 4.196688128e-09 0 0 4.588483829e-10 165257.1505 862379.8056 109239.3559 0 3353.730615 9225975.783 9414845.252 45563.25133 0 128453.5522 32025.07137 0 0 0 1532.053261 0 0 9.960210368 179531.052 149627.3252 2503.434215 0 141.8989656 390198.3023 455175.2374 3196.14547 0 3.457300136e-09 9.600524779e-10 0 
0 51.46906253 583.4109821 9.183643924 0 1.290613298 18965.27204 19322.42784 30.01923515 0 68.95385543 37709.49245 3247.239778 5.078893994e-11 0 5.43098507e-11 5.261108667e-11 0 0 0 1.096025076e-11 0 0 9.46090178 1511.231551 1309.518995 2.115810943e-11 0 7.27401915e-12 1304.927891 767.9495078 4.760574621e-11 0 2.952957823 18.04485092 0 0 0 1.807939444e-11 0 0 8.894247968e-13 1295.522372 3893.933432 399.5398823 2.812756741e-05 0.7427759908 2800.202791 10938.26887 140.0303229 0 1.866533919e-11 1.807939444e-11 0 0 0 1.694359829e-10 0 0 8.462699962e-12 6819.10563 34817.4955 4307.068002 0 61.85401759 380697.012 380112.4864 1796.458981 0 5300.456521 1292.97181 0 0 0 4237.75272 0 0 35.37118304 492752.9623 413878.3035 6982.930202 0 503.9185016 1070964.422 1259042.456 8915.137693 0 9.489137751e-09 2.655563683e-09 0 
$Fmort
 0.3097767074 0.2850953831 0.1037186425
#ESTIMATED_PARAMETERS
$availability
1.033099259 1.756168348 2.150147632 0.05210281741 0.008481944657 
0.06328647917 0.04537051514 0.07195720662 4.34561112 0.4737746803 
0.06436051927 0.01334994406 0.0220375736 0.2098477508 4.690404214 
$availabilityVector
 1.033099259 0.06328647917 0.06436051927 1.756168348 0.04537051514 0.01334994406 2.150147632 0.07195720662 0.0220375736 0.05210281741 4.34561112 0.2098477508 0.008481944657 0.4737746803 4.690404214
$selectivity
 0.08058995296 1.694370027 1.641080258 1.583941072 1.869121905e-05
$RunSize
 0 4576.309403 53548.22236 873.1595702 0 2399.692993 1686274.21 1773503.918 2854.159273 0 128208.8786 3352893.882 298047.0423 4.828894645e-09 0 4.828894645e-09 4.828894645e-09 0 0 0 4.828894645e-09 0 0 84789.01546 644905.1265 576951.1486 9.657789291e-09 0 6.519007771e-08 556866.8056 338345.1116 2.17300259e-08 0 1260.14947 7950.245474 0 0 0 4.828894645e-09 0 0 4.828894645e-09 335163.5338 1040045.581 110557.051 658.3759471 4032.704078 724438.1754 2921544.089 38747.92038 0 4.828894645e-09 4.828894645e-09 0 0 0 4.828894645e-09 0 0 4.828894645e-09 188339.4939 992292.2786 127100.1724 0 35294.47288 10514616.79 10833136.61 53012.91877 0 146395.3416 36849.46103 0 0 0 7705.957702 0 0 919.998586 877643.7556 752599.0571 12997.64351 0 13106.83639 1907497.893 2289451.168 16594.14862 0 1.690113126e-08 4.828894645e-09 0
