$ndistricts
3
$ngroups
90
$nstocks
5
$nagecomps
18
$AgeCompLabels
 0.1 0.2 0.3 0.4 0.5 1.1 1.2 1.3 1.4 1.5 2.1 2.2 2.3 2.4 3.1 3.2 3.3 3.4
$navailpar
15
$nselectpar
5
$GENdata
 -1 -1 -1
$maxGradient
0.0001480159628
#LIKELIHOOD_VALUES_AND_PENALTIES
$totalNLL
973.018519
$NLLcatch
0.6773740579
$NLLescape
-6.87861836
$NLLagecompCatch
390.5012578
$NLLagecompEsc
588.7185055
$NLLgenetics
0
$NLLselOne
5.398163443e-15
$NLLavailOne
1.945099676e-09
$NLLextra
3.927515934e-08
$sigmaCat
0.5
$sigmaEsc
0.1
#OBSERVED_AND_PREDICTED_VALUES
$predEsc
 1014490.259 148968.0244 590733.9998 541049.4346 81043.15117
$obsEsc
 1009962 151188 586518 546402 79428
$predCatch
 1102364.94 839819.8699 17439.9996
$obsCatch
 1102365 839820 17440
$RunSize
 0 0 2.405366462e-09 723.0656328 0 1.087225641e-07 224813.7935 240636.5558 2.886439754e-09 0 0 741115.3811 386742.4753 2.886439754e-09 0 2.405366462e-09 5.051269569e-09 0 0 0 4.810732923e-10 9.621465846e-10 0 5.291806215e-09 135051.4375 38659.77677 7.216099385e-10 0 0 43828.6919 6531.03301 7.216099385e-10 0 4.810732923e-10 4.810732923e-10 0 0 0 1.924293169e-09 1.058361243e-07 0 1.671729691e-07 94609.84405 391016.8238 2241.435095 0 0 247499.2154 363170.0681 1.924293169e-09 0 1.683756523e-09 3.1269764e-09 0 0 0 748.7061619 1.443219877e-09 0 1.626027728e-07 15163.69003 140397.7206 775.2131796 0 0 556573.0113 581239.9433 755.0464232 0 7167.585706 16962.15116 0 0 0 4.810732923e-10 4.810732923e-10 0 82.85692203 12831.72574 41399.07982 172.0867597 0 0 31922.31301 13078.95099 4.810732923e-10 0 4.810732923e-10 4.810732923e-10 0
$SSageCompEsc
 635 240 1475 970 672
$obsAgeCompEsc
0 0 0 0 0 0 0.1747011 0.1445541 0 0 0 0.4858521 0.1948927 0 0 0 0 0 
0 0 0 0 0 0 0.6256255 0.151789 0 0 0 0.1975759 0.02500964 0 0 0 0 0 
0 0 0 0 0 0 0.1117459 0.3485306 0.002333595 0 0 0.257101 0.2802889 0 0 0 0 0 
0 0 0 0 0 0 0.01237453 0.08039447 0 0 0 0.5108346 0.3869891 0 0 0.001207983 0.008199323 0 
0 0 0 0 0 0 0.1237641 0.4221673 0.0009280365 0 0 0.3015389 0.1516017 0 0 0 0 0 
$predAgeCompEsc
0 0 1.367693667e-15 0.0002823207152 0 -1.843454126e-14 0.1496516326 0.1368261754 1.12700936e-15 0 0 0.4933377306 0.2199021407 1.12700936e-15 0 1.601178523e-15 2.8721567e-15 0 
0 0 1.901614887e-15 2.682606453e-15 0 -3.828596939e-15 0.62011811 0.152816646 2.01195484e-15 0 0 0.2012489915 0.02581625253 2.01195484e-15 0 2.208952873e-15 1.901614887e-15 0 
0 0 1.640183482e-15 5.501824841e-14 0 -6.889832588e-14 0.09845104192 0.3332856686 0.001165196039 0 0 0.2575477835 0.3095503099 1.000331789e-15 0 1.752117718e-15 2.665298158e-15 0 
0 0 0.0004900645578 4.096291745e-16 0 -8.145802249e-14 0.01350619631 0.09189712918 0.000220028798 0 0 0.4957358225 0.3804497816 0.0002143048665 0 0.006384120183 0.01110255202 0 
0 0 4.69247312e-15 3.995709144e-15 0 -7.732900823e-10 0.1339489565 0.4038138728 0.001429321998 0 0 0.3332334716 0.1275743779 3.995709144e-15 0 5.021870542e-15 4.69247312e-15 0 
$SSageCompCatch
 934 1400 617
$obsAgeCompCatch
0 0 0 0.0007560979 0 0 0.07015971 0.2359677 0 0 0 0.3150328 0.3771368 0 0 0 0.0009468546 0 
0 0 0.001272545 0 0 0 0.02646251 0.1581396 0.001131596 0 0 0.2934303 0.4875622 0.001316998 0 0.01100062 0.01968369 0 
0 0 0 0 0 0.002314815 0.094039 0.3041392 0.002795815 0 0 0.3862301 0.2104811 0 0 0 0 0 
$predAgeCompCatch
0 0 3.127279787e-05 0.0003514853935 0 7.509207904e-06 0.1262626426 0.2604364658 0.001296402552 0 0 0.3041758817 0.3064612667 4.98928193e-05 0 0.0002186863446 0.0007084941351 0 
0 0 0.0005299200616 5.726226776e-05 0 4.176390402e-05 0.02551840824 0.1411792082 0.0009524335558 0 0 0.3602282939 0.4546983117 0.0006877206911 0 0.004101187701 0.0120054898 0 
0 0 0.000231971156 6.300760326e-05 0 0.002265191641 0.07641501145 0.3179353875 0.002095731472 0 0 0.3019960102 0.2917546266 0.0003747305292 0 0.001612959286 0.005255372551 0 
$genSS
 -1 -1 -1
$obsGenComp     #GeneticFracData
0 0 0 0 0 
0 0 0 0 0 
0 0 0 0 0 
$predGenComp     #catchGenComp_pred
0 0 0 0 0 
0 0 0 0 0 
0 0 0 0 0 
#PARAMETERS_OF_INTEREST
$catchByGroup
0 0 0 
0 0 0 
9.145798905e-10 1.009957226e-10 2.278946722e-12 
387.4651746 48.08999025 1.098852575 
0 0 0 
1.023713701e-07 2.444274444e-08 6.101120224e-10 
65947.95784 6891.102115 154.6101027 
91495.97718 10103.76724 227.9893308 
1.546740479e-09 1.91972697e-10 4.386561348e-12 
0 0 0 
0 0 0 
217402.3451 22717.03035 509.683696 
147049.0656 16238.41373 366.4163072 
1.546740479e-09 1.91972697e-10 4.386561348e-12 
0 0 0 
7.056017495e-10 7.373046669e-11 1.654231041e-12 
1.92061777e-09 2.120910176e-10 4.785788115e-12 
0 0 0 
0 0 0 
0 0 0 
1.834198711e-10 1.388517844e-11 4.88430003e-13 
5.167904516e-10 4.416668231e-11 1.566867266e-12 
0 0 0 
4.985765992e-09 8.445617425e-10 3.18170031e-11 
39733.72349 2840.41372 99.53053412 
14739.89802 1115.833923 39.25097316 
3.875928387e-10 3.312501173e-11 1.17515045e-12 
0 0 0 
0 0 0 
12894.91736 921.8089061 32.30097507 
2490.101305 188.5046628 6.63090744 
3.875928387e-10 3.312501173e-11 1.17515045e-12 
0 0 0 
1.415374285e-10 1.011797583e-11 3.545425553e-13 
1.834198711e-10 1.388517844e-11 4.88430003e-13 
0 0 0 
0 0 0 
0 0 0 
8.546646366e-10 9.953732478e-11 1.179059203e-12 
6.458543587e-08 8.6455103e-09 1.040281909e-10 
0 0 0 
1.620555099e-07 4.521085061e-08 6.071922025e-10 
32831.76223 3577.627235 42.07680473 
173668.0548 20226.00777 239.5851069 
1367.813339 183.0976931 2.203146039 
0 0 0 
0 0 0 
85887.84259 9359.067682 110.0728604 
161300.0655 18785.58714 222.5227518 
1.174280652e-09 1.571910964e-10 1.891421653e-12 
0 0 0 
5.843017117e-10 6.367046955e-11 7.488342798e-13 
1.388830034e-09 1.617481528e-10 1.915971205e-12 
0 0 0 
0 0 0 
0 0 0 
34.47403594 445.0373972 4.045576866 
1.051289398e-10 1.103969522e-09 1.249178193e-11 
0 0 0 
3.969210553e-08 1.618364209e-07 5.147063341e-09 
510.0104339 7286.648088 59.51163462 
6464.586928 83453.61549 758.6284173 
56.4691084 592.9877609 6.70985353 
0 0 0 
0 0 0 
18719.58886 267451.5016 2184.334395 
26763.08506 345494.0331 3140.685877 
55.00009474 577.5615014 6.535300278 
0 0 0 
241.0721591 3444.258922 28.1300093 
781.0190947 10082.44888 91.65369517 
0 0 0 
0 0 0 
0 0 0 
8.453970822e-12 4.259893918e-11 4.972757383e-11 
1.349198096e-11 6.649769384e-11 7.725875733e-11 
0 0 0 
8.277887211 35.0741562 39.50494129 
164.056388 835.0751309 976.9486926 
727.5120412 3665.879839 4279.339201 
4.826273507 23.78717098 27.63655646 
0 0 0 
0 0 0 
408.1336737 2077.470346 2430.41837 
229.838305 1158.138369 1351.944728 
1.349198096e-11 6.649769384e-11 7.725875733e-11 
0 0 0 
6.150626055e-12 3.130774072e-11 3.662671206e-11 
8.453970822e-12 4.259893918e-11 4.972757383e-11 
0 0 0 
$escByGroup
 5e-101 5e-101 1.387511902e-09 286.4116154 5e-101 5.347118195e-193 151820.1234 138808.8221 1.143340017e-09 5e-101 5e-101 500486.3219 223088.5796 1.143340017e-09 5e-101 1.624380014e-09 2.913774994e-09 5e-101 5e-101 5e-101 2.832798128e-10 3.996225834e-10 5e-101 1.753344656e-191 92377.76972 22764.79385 2.997169376e-10 5e-101 5e-101 29979.66467 3845.796135 2.997169376e-10 5e-101 3.290633454e-10 2.832798128e-10 5e-101 5e-101 5e-101 9.689121487e-10 3.250114994e-08 5e-101 2.456967225e-193 58158.37778 196883.1761 688.3209168 5e-101 5e-101 152142.2323 182861.8927 5.90929999e-10 5e-101 1.035035508e-09 1.574482242e-09 5e-101 5e-101 5e-101 265.1491519 2.216296333e-10 5e-101 2.268972278e-193 7307.519875 49720.88978 119.0464568 5e-101 5e-101 268217.5864 205842.1392 115.9495269 5e-101 3454.124615 6007.029491 5e-101 5e-101 5e-101 3.802928085e-10 3.238248602e-10 5e-101 1.595663241e-196 10855.64553 32726.34874 115.8367587 5e-101 5e-101 27006.29062 10339.02959 3.238248602e-10 5e-101 4.069882135e-10 3.802928085e-10 5e-101
$catchByGroup
0 0 9.145798905e-10 387.4651746 0 1.023713701e-07 65947.95784 91495.97718 1.546740479e-09 0 0 217402.3451 147049.0656 1.546740479e-09 0 7.056017495e-10 1.92061777e-09 0 0 0 1.834198711e-10 5.167904516e-10 0 4.985765992e-09 39733.72349 14739.89802 3.875928387e-10 0 0 12894.91736 2490.101305 3.875928387e-10 0 1.415374285e-10 1.834198711e-10 0 0 0 8.546646366e-10 6.458543587e-08 0 1.620555099e-07 32831.76223 173668.0548 1367.813339 0 0 85887.84259 161300.0655 1.174280652e-09 0 5.843017117e-10 1.388830034e-09 0 0 0 34.47403594 1.051289398e-10 0 3.969210553e-08 510.0104339 6464.586928 56.4691084 0 0 18719.58886 26763.08506 55.00009474 0 241.0721591 781.0190947 0 0 0 8.453970822e-12 1.349198096e-11 0 8.277887211 164.056388 727.5120412 4.826273507 0 0 408.1336737 229.838305 1.349198096e-11 0 6.150626055e-12 8.453970822e-12 0 
0 0 1.009957226e-10 48.08999025 0 2.444274444e-08 6891.102115 10103.76724 1.91972697e-10 0 0 22717.03035 16238.41373 1.91972697e-10 0 7.373046669e-11 2.120910176e-10 0 0 0 1.388517844e-11 4.416668231e-11 0 8.445617425e-10 2840.41372 1115.833923 3.312501173e-11 0 0 921.8089061 188.5046628 3.312501173e-11 0 1.011797583e-11 1.388517844e-11 0 0 0 9.953732478e-11 8.6455103e-09 0 4.521085061e-08 3577.627235 20226.00777 183.0976931 0 0 9359.067682 18785.58714 1.571910964e-10 0 6.367046955e-11 1.617481528e-10 0 0 0 445.0373972 1.103969522e-09 0 1.618364209e-07 7286.648088 83453.61549 592.9877609 0 0 267451.5016 345494.0331 577.5615014 0 3444.258922 10082.44888 0 0 0 4.259893918e-11 6.649769384e-11 0 35.0741562 835.0751309 3665.879839 23.78717098 0 0 2077.470346 1158.138369 6.649769384e-11 0 3.130774072e-11 4.259893918e-11 0 
0 0 2.278946722e-12 1.098852575 0 6.101120224e-10 154.6101027 227.9893308 4.386561348e-12 0 0 509.683696 366.4163072 4.386561348e-12 0 1.654231041e-12 4.785788115e-12 0 0 0 4.88430003e-13 1.566867266e-12 0 3.18170031e-11 99.53053412 39.25097316 1.17515045e-12 0 0 32.30097507 6.63090744 1.17515045e-12 0 3.545425553e-13 4.88430003e-13 0 0 0 1.179059203e-12 1.040281909e-10 0 6.071922025e-10 42.07680473 239.5851069 2.203146039 0 0 110.0728604 222.5227518 1.891421653e-12 0 7.488342798e-13 1.915971205e-12 0 0 0 4.045576866 1.249178193e-11 0 5.147063341e-09 59.51163462 758.6284173 6.70985353 0 0 2184.334395 3140.685877 6.535300278 0 28.1300093 91.65369517 0 0 0 4.972757383e-11 7.725875733e-11 0 39.50494129 976.9486926 4279.339201 27.63655646 0 0 2430.41837 1351.944728 7.725875733e-11 0 3.662671206e-11 4.972757383e-11 0 
$Fmort
 15.29036282 10.63680569 1.111739747
#ESTIMATED_PARAMETERS
$availability
1.4851545 1.4904055 1.823068357 0.1463384521 0.05503964531 
0.1914217929 0.1306991979 0.2370202286 4.027095714 0.4137652429 
0.04047206131 0.04337187881 0.02616941697 0.23133515 4.65865 
$availabilityVector
 1.4851545 0.1914217929 0.04047206131 1.4904055 0.1306991979 0.04337187881 1.823068357 0.2370202286 0.02616941697 0.1463384521 4.027095714 0.23133515 0.05503964531 0.4137652429 4.65865
$selectivity
 0.1250699139 0.015289942 0.02106688282 0.03380130469 4.804771945
$RunSize
 0 0 2.405366462e-09 723.0656328 0 1.087225641e-07 224813.7935 240636.5558 2.886439754e-09 0 0 741115.3811 386742.4753 2.886439754e-09 0 2.405366462e-09 5.051269569e-09 0 0 0 4.810732923e-10 9.621465846e-10 0 5.291806215e-09 135051.4375 38659.77677 7.216099385e-10 0 0 43828.6919 6531.03301 7.216099385e-10 0 4.810732923e-10 4.810732923e-10 0 0 0 1.924293169e-09 1.058361243e-07 0 1.671729691e-07 94609.84405 391016.8238 2241.435095 0 0 247499.2154 363170.0681 1.924293169e-09 0 1.683756523e-09 3.1269764e-09 0 0 0 748.7061619 1.443219877e-09 0 1.626027728e-07 15163.69003 140397.7206 775.2131796 0 0 556573.0113 581239.9433 755.0464232 0 7167.585706 16962.15116 0 0 0 4.810732923e-10 4.810732923e-10 0 82.85692203 12831.72574 41399.07982 172.0867597 0 0 31922.31301 13078.95099 4.810732923e-10 0 4.810732923e-10 4.810732923e-10 0
