$ndistricts
3
$ngroups
90
$nstocks
5
$nagecomps
18
$AgeCompLabels
 0.1 0.2 0.3 0.4 0.5 1.1 1.2 1.3 1.4 1.5 2.1 2.2 2.3 2.4 3.1 3.2 3.3 3.4
$navailpar
15
$nselectpar
5
$GENdata
 -1 -1 -1
$maxGradient
1.987983382e-06
#LIKELIHOOD_VALUES_AND_PENALTIES
$totalNLL
819.7166283
$NLLcatch
0.6773740579
$NLLescape
-6.247156279
$NLLagecompCatch
316.2209525
$NLLagecompEsc
509.065458
$NLLgenetics
0
$NLLselOne
3.16485494e-16
$NLLavailOne
1.945099676e-09
$NLLextra
4.1e-198
$sigmaCat
0.5
$sigmaEsc
0.1
#OBSERVED_AND_PREDICTED_VALUES
$predEsc
 7761603.985 182415.9351 1334705.954 1105948.41 160722.4393
$obsEsc
 8394204 182490 1331202 1015554 160380
$predCatch
 4655071.888 889321.9164 169844.9854
$obsCatch
 4655072 889322 169845
$RunSize
 0 3934.934815 0 0 0 2784.210417 8527832.25 239767.0336 8.392321338e-09 0 394347.7967 2159565.107 280044.4245 0 0 1.025728164e-08 2.797440446e-09 0 0 1.864960297e-09 0 0 0 8353.968122 95391.48534 78453.78712 1.864960297e-09 0 440.8746282 97051.91933 708.3592081 0 0 1.864960297e-09 1.864960297e-09 0 0 1.864960297e-09 0 0 0 11587.90756 549449.0725 221806.3904 1.864960297e-09 0 32121.0601 1104679.436 362086.2927 0 0 5482.372605 1.864960297e-09 0 0 1.864960297e-09 0 0 0 0 21967.66941 32713.8722 1.864960297e-09 0 22626.32021 1388489.011 267783.2946 0 0 74930.47068 13843.81335 0 0 323.1699189 0 0 0 87.13051753 41138.27554 7121.27443 1841.7843 0 2438.867053 190627.7548 17814.12152 0 0 1.864960297e-09 1.864960297e-09 0
$SSageCompEsc
 1260 360 872 1155 471
$obsAgeCompEsc
0 0 0 0 0 0.0003704403 0.7631009 0.01644656 0 0 0.04024026 0.1653116 0.01453023 0 0 0 0 0 
0 0 0 0 0 0.04247399 0.3500602 0.2475583 0 0 0.002227767 0.355452 0.002227767 0 0 0 0 0 
0 0 0 0 0 0.008195347 0.2574769 0.08490796 0 0 0.02154639 0.49856 0.1269769 0 0 0.002336517 0 0 
0 0 0 0 0 0 0.01862505 0.01961851 0 0 0.02236335 0.7625195 0.1279886 0 0 0.04147272 0.007412323 0 
0 0.0002415459 0 0 0 0.0005360334 0.1515287 0.01609506 0.01107802 0 0.01438606 0.7307319 0.07540269 0 0 0 0 0 
$predAgeCompEsc
0 0.0003366207204 0 0 0 0.0003310435188 0.7295279771 0.01760740174 1.047251849e-15 0 0.04688808054 0.184743686 0.02056519035 0 0 8.77476679e-16 2.054313182e-16 0 
0 6.83549197e-15 0 0 0 0.04230343064 0.3496308919 0.2478783017 9.905628217e-15 0 0.002232532969 0.3557167497 0.002238093073 0 0 6.83549197e-15 5.892426717e-15 0 
0 8.446172628e-16 0 0 0 0.007869543906 0.2488386333 0.08307850434 1.343707913e-15 0 0.02181395489 0.5002955412 0.1356209241 0 0 0.002482898188 6.985286217e-16 0 
0 1.048489016e-15 0 0 0 0 0.01235032195 0.01521679911 1.627028836e-15 0 0.01869355895 0.7806147292 0.1245589202 0 0 0.04212624558 0.006439425005 0 
0 0.00124631669 0 0 0 0.0004949385872 0.1586512741 0.02271511747 0.01105291635 0 0.01385380746 0.7351629543 0.05682267506 0 0 7.192288045e-15 5.948765583e-15 0 
$SSageCompCatch
 2303 1901 1224
$obsAgeCompCatch
0 0.0005219258 0 0 0 0 0.6210622 0.04726489 0 0 0.01247803 0.2395333 0.07778405 0 0 0.001355585 0 0 
0 0 0 0 0 0 0.06510439 0.02125593 0.0001173537 0 0.0001173537 0.6909973 0.1754784 0 0 0.03857846 0.008350721 0 
0 0.001854813 0 0 0 0 0.2929823 0.04919149 0.0002268529 0 0.001854813 0.5951214 0.05691354 0 0 0.001854813 0 0 
$predAgeCompCatch
0 0.0002666116954 0 0 0 0.0003950368639 0.6262194335 0.05000426862 4.418614477e-07 0 0.006819124093 0.2517789877 0.06334591421 0 0 0.001023922464 0.0001462590202 0 
0 9.529760585e-05 0 0 0 9.566350583e-05 0.2007775981 0.03131103604 6.604748136e-06 0 0.003733462129 0.5855110998 0.1447942808 0 0 0.02729176831 0.006383188987 0 
0 0.000701993602 0 0 0 0.0001171218824 0.2635156416 0.03532322182 0.0003379668719 0 0.003304476764 0.5866297104 0.09925744891 0 0 0.008665840873 0.002146577318 0 
$genSS
 -1 -1 -1
$obsGenComp     #GeneticFracData
0 0 0 0 0 
0 0 0 0 0 
0 0 0 0 0 
$predGenComp     #catchGenComp_pred
0 0 0 0 0 
0 0 0 0 0 
0 0 0 0 0 
#PARAMETERS_OF_INTEREST
$catchByGroup
0 0 0 
1236.609704 72.08881373 13.51957206 
0 0 0 
0 0 0 
0 0 0 
202.574577 10.2890777 1.918067279 
2679993.6 156231.6378 29299.75921 
96048.80961 5939.640955 1116.903533 
2.492662936e-10 1.239277465e-11 2.308144516e-12 
0 0 0 
28692.09799 1457.316263 271.6696988 
678674.3094 39563.67615 7419.791545 
112183.6193 6937.414656 1304.527158 
0 0 0 
0 0 0 
3.223497874e-09 1.879155056e-10 3.524176757e-11 
1.120632894e-09 6.92997348e-11 1.303127903e-11 
0 0 0 
0 0 0 
5.87795236e-10 2.339655013e-11 6.865851223e-12 
0 0 0 
0 0 0 
0 0 0 
609.8896223 21.09131446 6.167324312 
30065.33743 1196.71806 351.1837475 
31512.998 1332.25698 391.5799363 
5.558541068e-11 1.880785872e-12 5.496663049e-13 
0 0 0 
32.1864839 1.113078873 0.3254760819 
30588.67039 1217.548759 357.2966352 
284.5308445 12.02894766 3.535575066 
0 0 0 
0 0 0 
5.87795236e-10 2.339655013e-11 6.865851223e-12 
7.49109664e-10 3.166968052e-11 9.308422973e-12 
0 0 0 
0 0 0 
6.912864329e-10 4.221247643e-11 4.145698391e-12 
0 0 0 
0 0 0 
0 0 0 
1026.217216 53.00075674 5.162480291 
203664.7589 12436.51463 1221.393366 
103468.97 6783.398726 668.6472283 
6.776430524e-11 3.409366212e-12 3.316731487e-13 
0 0 0 
2844.619246 146.9152635 14.31011931 
409472.4739 25003.88599 2455.638206 
168907.1974 11073.51187 1091.528498 
0 0 0 
0 0 0 
2032.155755 124.0908585 12.18699579 
8.699727757e-10 5.703518858e-11 5.622022573e-12 
0 0 0 
0 0 0 
6.805399534e-11 6.010016911e-10 3.632985099e-11 
0 0 0 
0 0 0 
0 0 0 
0 0 0 
801.6190338 7079.296264 427.9351992 
1608.885988 13414.45137 861.5400726 
5.532530289e-12 5.708789733e-11 2.929915835e-12 
0 0 0 
167.79098 1695.46527 88.95217381 
50667.15084 447454.1603 27048.08191 
13169.72775 109805.5883 7052.238807 
0 0 0 
0 0 0 
2734.276923 24147.07684 1459.66262 
680.8462533 5676.709862 364.5853932 
0 0 0 
0 0 0 
4.486903619 12.66143573 105.710521 
0 0 0 
0 0 0 
0 0 0 
0.2435845169 0.6945034369 6.644692524 
571.1654043 1611.751594 13456.53876 
133.8014673 375.8425492 2960.801323 
2.056896803 5.87374727 57.40197841 
0 0 0 
6.818165091 19.43981969 185.9913396 
2646.6831 7468.582083 62355.30628 
334.709134 940.1835176 7406.54992 
0 0 0 
0 0 0 
2.58931807e-11 7.30670572e-11 6.100379805e-10 
3.504069766e-11 9.842780801e-11 7.753916761e-10 
0 0 0 
$escByGroup
 5e-101 2612.716725 5e-101 5e-101 5e-101 2569.428695 5662307.254 136661.6795 8.128354125e-09 5e-101 363926.7127 1433907.329 159618.8634 5e-101 5e-101 6.810626488e-09 1.594476538e-09 5e-101 5e-101 1.24690266e-09 5e-101 5e-101 5e-101 7716.819861 63778.2461 45216.95221 1.806944434e-09 5e-101 407.2495893 64888.40354 408.2638409 5e-101 5e-101 1.24690266e-09 1.07487253e-09 5e-101 5e-101 1.12731569e-09 5e-101 5e-101 5e-101 10503.52711 332126.4055 110885.3744 1.793454953e-09 5e-101 29115.21547 667747.4377 181014.0549 5e-101 5e-101 3313.938995 9.323303104e-10 5e-101 5e-101 1.15957476e-09 5e-101 5e-101 5e-101 5e-101 13658.81891 16828.99477 1.799409954e-09 5e-101 20674.11179 863319.6182 137755.7397 5e-101 5e-101 46589.4543 7121.671842 5e-101 5e-101 200.3110586 5e-101 5e-101 5e-101 79.54773705 25498.81978 3650.82909 1776.451677 5e-101 2226.617729 118157.1833 9132.678944 5e-101 5e-101 1.155962079e-09 9.561001155e-10 5e-101
$catchByGroup
0 1236.609704 0 0 0 202.574577 2679993.6 96048.80961 2.492662936e-10 0 28692.09799 678674.3094 112183.6193 0 0 3.223497874e-09 1.120632894e-09 0 0 5.87795236e-10 0 0 0 609.8896223 30065.33743 31512.998 5.558541068e-11 0 32.1864839 30588.67039 284.5308445 0 0 5.87795236e-10 7.49109664e-10 0 0 6.912864329e-10 0 0 0 1026.217216 203664.7589 103468.97 6.776430524e-11 0 2844.619246 409472.4739 168907.1974 0 0 2032.155755 8.699727757e-10 0 0 6.805399534e-11 0 0 0 0 801.6190338 1608.885988 5.532530289e-12 0 167.79098 50667.15084 13169.72775 0 0 2734.276923 680.8462533 0 0 4.486903619 0 0 0 0.2435845169 571.1654043 133.8014673 2.056896803 0 6.818165091 2646.6831 334.709134 0 0 2.58931807e-11 3.504069766e-11 0 
0 72.08881373 0 0 0 10.2890777 156231.6378 5939.640955 1.239277465e-11 0 1457.316263 39563.67615 6937.414656 0 0 1.879155056e-10 6.92997348e-11 0 0 2.339655013e-11 0 0 0 21.09131446 1196.71806 1332.25698 1.880785872e-12 0 1.113078873 1217.548759 12.02894766 0 0 2.339655013e-11 3.166968052e-11 0 0 4.221247643e-11 0 0 0 53.00075674 12436.51463 6783.398726 3.409366212e-12 0 146.9152635 25003.88599 11073.51187 0 0 124.0908585 5.703518858e-11 0 0 6.010016911e-10 0 0 0 0 7079.296264 13414.45137 5.708789733e-11 0 1695.46527 447454.1603 109805.5883 0 0 24147.07684 5676.709862 0 0 12.66143573 0 0 0 0.6945034369 1611.751594 375.8425492 5.87374727 0 19.43981969 7468.582083 940.1835176 0 0 7.30670572e-11 9.842780801e-11 0 
0 13.51957206 0 0 0 1.918067279 29299.75921 1116.903533 2.308144516e-12 0 271.6696988 7419.791545 1304.527158 0 0 3.524176757e-11 1.303127903e-11 0 0 6.865851223e-12 0 0 0 6.167324312 351.1837475 391.5799363 5.496663049e-13 0 0.3254760819 357.2966352 3.535575066 0 0 6.865851223e-12 9.308422973e-12 0 0 4.145698391e-12 0 0 0 5.162480291 1221.393366 668.6472283 3.316731487e-13 0 14.31011931 2455.638206 1091.528498 0 0 12.18699579 5.622022573e-12 0 0 3.632985099e-11 0 0 0 0 427.9351992 861.5400726 2.929915835e-12 0 88.95217381 27048.08191 7052.238807 0 0 1459.66262 364.5853932 0 0 105.710521 0 0 0 6.644692524 13456.53876 2960.801323 57.40197841 0 185.9913396 62355.30628 7406.54992 0 0 6.100379805e-10 7.753916761e-10 0 
$Fmort
 0.1932646978 0.07348991125 0.06469892984
#ESTIMATED_PARAMETERS
$availability
1.4851545 1.4904055 1.823068357 0.1463384521 0.05503964531 
0.1914217929 0.1306991979 0.2370202286 4.027095714 0.4137652429 
0.04047206131 0.04337187881 0.02616941697 0.23133515 4.65865 
$availabilityVector
 1.4851545 0.1914217929 0.04047206131 1.4904055 0.1306991979 0.04337187881 1.823068357 0.2370202286 0.02616941697 0.1463384521 4.027095714 0.23133515 0.05503964531 0.4137652429 4.65865
$selectivity
 0.2631837063 1.314377516 1.783147528 0.1050480996 1.534243153
$RunSize
 0 3934.934815 0 0 0 2784.210417 8527832.25 239767.0336 8.392321338e-09 0 394347.7967 2159565.107 280044.4245 0 0 1.025728164e-08 2.797440446e-09 0 0 1.864960297e-09 0 0 0 8353.968122 95391.48534 78453.78712 1.864960297e-09 0 440.8746282 97051.91933 708.3592081 0 0 1.864960297e-09 1.864960297e-09 0 0 1.864960297e-09 0 0 0 11587.90756 549449.0725 221806.3904 1.864960297e-09 0 32121.0601 1104679.436 362086.2927 0 0 5482.372605 1.864960297e-09 0 0 1.864960297e-09 0 0 0 0 21967.66941 32713.8722 1.864960297e-09 0 22626.32021 1388489.011 267783.2946 0 0 74930.47068 13843.81335 0 0 323.1699189 0 0 0 87.13051753 41138.27554 7121.27443 1841.7843 0 2438.867053 190627.7548 17814.12152 0 0 1.864960297e-09 1.864960297e-09 0
