$ndistricts
3
$ngroups
90
$nstocks
5
$nagecomps
18
$AgeCompLabels
 0.1 0.2 0.3 0.4 0.5 1.1 1.2 1.3 1.4 1.5 2.1 2.2 2.3 2.4 3.1 3.2 3.3 3.4
$navailpar
15
$nselectpar
5
$GENdata
 1 1 1
$maxGradient
1.099453732e-05
#LIKELIHOOD_VALUES_AND_PENALTIES
$totalNLL
1107.257057
$NLLcatch
0.6773740579
$NLLescape
-6.845726738
$NLLagecompCatch
369.8954286
$NLLagecompEsc
479.8109121
$NLLgenetics
263.7190685
$NLLselOne
9.22443576e-15
$NLLavailOne
2.533628102e-15
$NLLextra
4.2e-198
$sigmaCat
0.5
$sigmaEsc
0.1
#OBSERVED_AND_PREDICTED_VALUES
$predEsc
 2799256.072 2461050.968 2936764.358 1483817.737 2564274.421
$obsEsc
 2810208 2466414 2945304 1432500 2599186
$predCatch
 4728452.622 6495906.62 5026614.07
$obsCatch
 4728453 6495908 5026615
$RunSize
 0 0 0 0 0 0 3159741.951 944234.2931 9243.712295 0 3.164644991e-09 119990.203 790094.3154 3.164644991e-09 0 3.164644991e-09 3.164644991e-09 0 0 0 0 0 0 1704.403692 2474573.509 1544458.026 9403.481285 0 3.164644991e-09 54108.12453 42567.81947 3.164644991e-09 0 3.164644991e-09 3.164644991e-09 0 0 0 0 0 0 0 2539136.961 2045935.421 31444.37275 0 3.164644991e-09 164113.4712 393725.0624 3.164644991e-09 0 3.164644991e-09 4.746967486e-09 0 0 0 0 0 0 23201.57971 1902669.435 2090488.316 4.746967486e-09 0 40753.65975 1018943.657 1980793.236 22306.05055 0 893.9269659 7851.332696 0 0 0 0 0 0 11998.57945 4498040.24 2077941.298 50010.27942 0 3.164644991e-09 292358.565 153411.5833 3.164644991e-09 0 3.164644991e-09 3.164644991e-09 0
$SSageCompEsc
 1354 1313 1486 1392 1304
$obsAgeCompEsc
0 0 0 0 0 0 0.709965 0.1479419 0.00130267 0 0 0.02345972 0.1173308 0 0 0 0 0 
0 0 0 0 0 0.0006787434 0.6677585 0.3084898 0.001724788 0 0 0.01321213 0.00813602 0 0 0 0 0 
0 0 0 0 0 0 0.5698013 0.3324707 0.004601425 0 0 0.03241004 0.0607165 0 0 0 0 0 
0 0 0 0 0 0.01506729 0.3893918 0.2117351 0 0 0.02541005 0.154796 0.1986374 0.004962282 0 0 0 0 
0 0 0 0 0 0.004455808 0.7908152 0.1645956 0.001109972 0 0 0.02524061 0.01378279 0 0 0 0 0 
$predAgeCompEsc
0 0 0 0 0 0 0.689681158 0.1538517254 0.00154023948 0 1.086988543e-15 0.02619042422 0.1287364529 5.27310998e-16 0 6.90751351e-16 5.156411873e-16 0 
0 0 0 0 0 0.0006681054796 0.6524431886 0.3217609057 0.001993451609 0 1.240502276e-15 0.01426608552 0.008868263116 6.70875653e-16 0 8.34386637e-16 6.592986155e-16 0 
0 0 0 0 0 0 0.5499965106 0.3430608869 0.00537485049 0 1.038585429e-15 0.03554823464 0.06601951738 5.409391948e-16 0 6.854863398e-16 7.95967878e-16 0 
0 0 0 0 0 0.01424847542 0.3914606219 0.1831258186 4.488064379e-16 0 0.02502749926 0.2096403665 0.1735165799 0.002108946211 0 0.0001839190769 0.0006877731466 0 
0 0 0 0 0 0.004346822015 0.7250386157 0.2033884661 0.005084956765 0 1.146481429e-15 0.04712524521 0.01501589416 3.217755058e-16 0 5.101087809e-16 3.097547996e-16 0 
$SSageCompCatch
 4017 4116 4199
$obsAgeCompCatch
0 0 0 0 0 0 0.4266788 0.4155674 0.005435089 0 0 0.02653964 0.12576 1.908755e-05 0 0 0 0 
0 0 0 0 0 0 0.3272981 0.286527 0.0008694536 0 0.0010557 0.1568508 0.225164 0.0001974106 0 0.0002869436 0.00175048 0 
0 0 0 0 0 0 0.4535072 0.3906087 0.01114943 0 0 0.07566321 0.06904256 0 0 0 2.893138e-05 0 
$predAgeCompCatch
0 0 0 0 0 1.484404405e-05 0.4908989256 0.3782712136 0.004032614858 0 6.737943301e-06 0.0219949614 0.1046974108 6.001203991e-05 0 1.666141743e-06 2.161365282e-05 0 
0 0 0 0 0 0.0003007460885 0.3013487251 0.3335563254 0.001217514316 0 0.0005145110255 0.103009029 0.2564595712 0.002587766782 0 8.537046414e-05 0.0009204405602 0 
0 0 0 0 0 0.0001885818717 0.5379132194 0.3430481329 0.006979559802 0 4.84096858e-05 0.04608363395 0.06516328418 0.0004144148077 0 1.16555083e-05 0.0001491078547 0 
$genSS
 927 935 924
$obsGenComp     #GeneticFracData
0.333747478 0.293415609 0.3533172359 0.01731241794 0.002207259269 
0.07927320894 0.03878453705 0.06875008615 0.7686912184 0.0445009495 
0.02398754988 0.009063880281 0.01714929161 0.1181960824 0.8316031958 
$predGenComp     #catchGenComp_pred
0.3324681167 0.2885777688 0.3599047286 0.01674698645 0.00230239951 
0.08189055493 0.03925918579 0.06855297278 0.7607077764 0.04958951008 
0.02387994494 0.009193879456 0.0180011362 0.1160641011 0.8328609383 
#PARAMETERS_OF_INTEREST
$catchByGroup
0 0 0 
0 0 0 
0 0 0 
0 0 0 
0 0 0 
0 0 0 
874605.1879 289678.9877 64863.60646 
359755.2512 125260.8982 28547.76725 
3458.847313 1200.155571 273.1846929 
0 0 0 
8.93210962e-11 2.677069144e-11 5.793922495e-12 
33212.85587 11000.4681 2463.174976 
301027.5956 104812.8884 23887.53383 
1.184158861e-09 4.10881061e-10 9.352655539e-11 
0 0 0 
8.759623315e-10 2.901284887e-10 6.496425671e-11 
1.205736396e-09 4.19817705e-10 9.567916488e-11 
0 0 0 
0 0 0 
0 0 0 
0 0 0 
0 0 0 
0 0 0 
50.6368063 8.094811361 1.4304371 
715658.6569 129813.4544 23405.45699 
612619.7637 118395.7917 21572.48236 
3664.103578 705.0261843 128.3655107 
0 0 0 
9.401969507e-11 1.503000982e-11 2.655958576e-12 
15648.33196 2838.453791 511.7752116 
16884.81465 3263.183978 594.5733191 
1.233116405e-09 2.37269317e-10 4.320009348e-11 
0 0 0 
9.152306751e-10 1.660138592e-10 2.993241539e-11 
1.255277925e-09 2.42596848e-10 4.420272166e-11 
0 0 0 
0 0 0 
0 0 0 
0 0 0 
0 0 0 
0 0 0 
0 0 0 
708162.8631 179566.2587 36197.69064 
784951.7137 210472.7589 43021.96349 
11848.66881 3164.76705 646.2675496 
0 0 0 
9.011208814e-11 2.04402564e-11 4.011975907e-12 
45771.0897 11606.00726 2339.585753 
151058.122 40503.91781 8279.257049 
1.192481424e-09 3.185105414e-10 6.504207858e-11 
0 0 0 
8.826164524e-10 2.238018152e-10 4.511487253e-11 
1.821240409e-09 4.883376733e-10 9.981930991e-11 
0 0 0 
0 0 0 
0 0 0 
0 0 0 
0 0 0 
0 0 0 
18.13833147 1902.766073 138.5347568 
16768.42567 1180344.333 124700.4623 
27211.44326 1591988.349 199563.1857 
6.038805003e-11 3.577325694e-09 4.433067891e-10 
0 0 0 
31.86004567 3342.215577 243.3368077 
8980.057524 632114.2015 66781.30356 
25783.56566 1508451.27 189091.422 
283.7640875 16809.89137 2083.103303 
0 0 0 
7.87827229 554.5585632 58.58774199 
102.1991333 5979.095928 749.5076401 
0 0 0 
0 0 0 
0 0 0 
0 0 0 
0 0 0 
0 0 0 
1.414221244 42.75762319 807.9630954 
5997.177983 178130.1449 2454714.941 
4099.33968 120632.9444 1431665.173 
96.40860095 2838.910501 34035.73575 
0 0 0 
3.730031704e-13 1.127739318e-11 2.131015904e-10 
389.7978354 11577.90299 159548.8033 
302.6486798 8906.166415 105697.8949 
6.100725683e-12 1.796459448e-10 2.153777621e-09 
0 0 0 
4.219379607e-12 1.253253952e-10 1.727041317e-09 
6.243176741e-12 1.83720514e-10 2.18038499e-09 
0 0 0 
$escByGroup
 5e-101 5e-101 5e-101 5e-101 5e-101 5e-101 1930594.169 430670.3765 4311.524718 5e-101 3.04275928e-09 73313.70404 360366.2976 1.476078513e-09 5e-101 1.933589914e-09 1.443411725e-09 5e-101 5e-101 5e-101 5e-101 5e-101 5e-101 1644.241637 1605695.941 791869.9885 4905.986011 5e-101 3.052939327e-09 35109.56357 21825.24753 1.651059175e-09 5e-101 2.053468041e-09 1.622567496e-09 5e-101 5e-101 5e-101 5e-101 5e-101 5e-101 5e-101 1615210.149 1007488.985 15784.66935 5e-101 3.05008067e-09 104396.7885 193883.7655 1.588610947e-09 5e-101 2.01311185e-09 2.337570094e-09 5e-101 5e-101 5e-101 5e-101 5e-101 5e-101 21142.14055 580856.2142 271725.3378 6.659469531e-10 5e-101 37136.24732 311068.0942 257466.9789 3129.291794 5e-101 272.9023884 1020.529994 5e-101 5e-101 5e-101 5e-101 5e-101 5e-101 11146.44451 1859197.977 521543.8412 13039.22457 5e-101 2.939893004e-09 120842.0609 38504.87331 8.25120699e-10 5e-101 1.308058899e-09 7.942963095e-10 5e-101
$catchByGroup
0 0 0 0 0 0 874605.1879 359755.2512 3458.847313 0 8.93210962e-11 33212.85587 301027.5956 1.184158861e-09 0 8.759623315e-10 1.205736396e-09 0 0 0 0 0 0 50.6368063 715658.6569 612619.7637 3664.103578 0 9.401969507e-11 15648.33196 16884.81465 1.233116405e-09 0 9.152306751e-10 1.255277925e-09 0 0 0 0 0 0 0 708162.8631 784951.7137 11848.66881 0 9.011208814e-11 45771.0897 151058.122 1.192481424e-09 0 8.826164524e-10 1.821240409e-09 0 0 0 0 0 0 18.13833147 16768.42567 27211.44326 6.038805003e-11 0 31.86004567 8980.057524 25783.56566 283.7640875 0 7.87827229 102.1991333 0 0 0 0 0 0 1.414221244 5997.177983 4099.33968 96.40860095 0 3.730031704e-13 389.7978354 302.6486798 6.100725683e-12 0 4.219379607e-12 6.243176741e-12 0 
0 0 0 0 0 0 289678.9877 125260.8982 1200.155571 0 2.677069144e-11 11000.4681 104812.8884 4.10881061e-10 0 2.901284887e-10 4.19817705e-10 0 0 0 0 0 0 8.094811361 129813.4544 118395.7917 705.0261843 0 1.503000982e-11 2838.453791 3263.183978 2.37269317e-10 0 1.660138592e-10 2.42596848e-10 0 0 0 0 0 0 0 179566.2587 210472.7589 3164.76705 0 2.04402564e-11 11606.00726 40503.91781 3.185105414e-10 0 2.238018152e-10 4.883376733e-10 0 0 0 0 0 0 1902.766073 1180344.333 1591988.349 3.577325694e-09 0 3342.215577 632114.2015 1508451.27 16809.89137 0 554.5585632 5979.095928 0 0 0 0 0 0 42.75762319 178130.1449 120632.9444 2838.910501 0 1.127739318e-11 11577.90299 8906.166415 1.796459448e-10 0 1.253253952e-10 1.83720514e-10 0 
0 0 0 0 0 0 64863.60646 28547.76725 273.1846929 0 5.793922495e-12 2463.174976 23887.53383 9.352655539e-11 0 6.496425671e-11 9.567916488e-11 0 0 0 0 0 0 1.4304371 23405.45699 21572.48236 128.3655107 0 2.655958576e-12 511.7752116 594.5733191 4.320009348e-11 0 2.993241539e-11 4.420272166e-11 0 0 0 0 0 0 0 36197.69064 43021.96349 646.2675496 0 4.011975907e-12 2339.585753 8279.257049 6.504207858e-11 0 4.511487253e-11 9.981930991e-11 0 0 0 0 0 0 138.5347568 124700.4623 199563.1857 4.433067891e-10 0 243.3368077 66781.30356 189091.422 2083.103303 0 58.58774199 749.5076401 0 0 0 0 0 0 807.9630954 2454714.941 1431665.173 34035.73575 0 2.131015904e-10 159548.8033 105697.8949 2.153777621e-09 0 1.727041317e-09 2.18038499e-09 0 
$Fmort
 0.2263225459 0.2781815758 0.2034905006
#ESTIMATED_PARAMETERS
$availability
1.61612381 1.702432164 1.630644271 0.04414616085 0.006653596629 
0.3901403031 0.218630338 0.2975846163 3.929698495 0.1639462536 
0.1150462783 0.05271153137 0.07964083038 0.3759828406 4.376618524 
$availabilityVector
 1.61612381 0.3901403031 0.1150462783 1.702432164 0.218630338 0.05271153137 1.630644271 0.2975846163 0.07964083038 0.04414616085 3.929698495 0.3759828406 0.006653596629 0.1639462536 4.376618524
$selectivity
 0.07827603745 0.8859903542 1.31136951 1.281419 1.442945114
$RunSize
 0 0 0 0 0 0 3159741.951 944234.2931 9243.712295 0 3.164644991e-09 119990.203 790094.3154 3.164644991e-09 0 3.164644991e-09 3.164644991e-09 0 0 0 0 0 0 1704.403692 2474573.509 1544458.026 9403.481285 0 3.164644991e-09 54108.12453 42567.81947 3.164644991e-09 0 3.164644991e-09 3.164644991e-09 0 0 0 0 0 0 0 2539136.961 2045935.421 31444.37275 0 3.164644991e-09 164113.4712 393725.0624 3.164644991e-09 0 3.164644991e-09 4.746967486e-09 0 0 0 0 0 0 23201.57971 1902669.435 2090488.316 4.746967486e-09 0 40753.65975 1018943.657 1980793.236 22306.05055 0 893.9269659 7851.332696 0 0 0 0 0 0 11998.57945 4498040.24 2077941.298 50010.27942 0 3.164644991e-09 292358.565 153411.5833 3.164644991e-09 0 3.164644991e-09 3.164644991e-09 0
