$ndistricts
3
$ngroups
90
$nstocks
5
$nagecomps
18
$AgeCompLabels
 0.1 0.2 0.3 0.4 0.5 1.1 1.2 1.3 1.4 1.5 2.1 2.2 2.3 2.4 3.1 3.2 3.3 3.4
$navailpar
15
$nselectpar
5
$GENdata
 1 1 1
$maxGradient
1.737969303e-06
#LIKELIHOOD_VALUES_AND_PENALTIES
$totalNLL
1265.837197
$NLLcatch
0.6773740579
$NLLescape
-6.911500804
$NLLagecompCatch
407.5207565
$NLLagecompEsc
617.9264492
$NLLgenetics
246.6241181
$NLLselOne
9.593674263e-17
$NLLavailOne
2.225840465e-16
$NLLextra
3e-198
$sigmaCat
0.5
$sigmaEsc
0.1
#OBSERVED_AND_PREDICTED_VALUES
$predEsc
 2257387.567 883237.0247 1168881.771 965100.0226 1037832.905
$obsEsc
 2264352 883794 1177074 961200 1029853
$predCatch
 8382247.997 4810361.166 2643494.36
$obsCatch
 8382249 4810362 2643495
$RunSize
 0 0 1.844556091e-08 2.459408122e-09 0 0 1406124.083 2422269.939 6964.44559 0 23224.35574 1106958.451 1573433.082 1.352674467e-08 0 3.689112182e-09 6.148520304e-09 0 0 0 2.459408122e-09 2.459408122e-09 0 792.1570564 456153.9909 1457074.001 6565.558063 0 2.459408122e-09 39605.74365 68389.76374 2.459408122e-09 0 2.459408122e-09 2.459408122e-09 0 0 0 950.2034391 2.459408122e-09 0 21956.09308 1756762.601 1792511.378 23280.49952 0 13637.01123 673575.9802 873445.0728 1346.992659 0 2.459408122e-09 4.918816243e-09 0 0 0 2.459408122e-09 2.459408122e-09 0 304.1707173 49559.01253 239995.4074 3.689112182e-09 0 68939.96583 1561005.31 2438247.503 358.7106325 304.1707192 32416.23403 7085.996927 0 0 0 2.459408122e-09 338.7060004 0 7673.600207 1221050.17 1031342.363 5942.800975 0 12995.79882 895785.0086 849577.2832 2.459408122e-09 0 599.1971142 2.459408122e-09 0
$SSageCompEsc
 1 1 1 1 1
$obsAgeCompEsc
0 0 0 0 0 0 0.2735571 0.319654 0.0007645272 0 0.009429765 0.190112 0.2064826 0 0 0 0 0 
0 0 0 0 0 0.0008503189 0.2629973 0.6796241 0.002668058 0 0 0.02207768 0.03178249 0 0 0 0 0 
0 0 0 0 0 0.01711839 0.4386352 0.2580024 0.002294312 0 0.01037001 0.1494856 0.1240941 0 0 0 0 0 
0 0 0 0 0 0.0002915679 0.01492948 0.04117774 0 0 0.06480184 0.4218758 0.4510792 0 0.0002915679 0.004798807 0.0007539579 0 
0 0 0 0 0 0.007031715 0.39728 0.2440421 0.0008789643 0 0.01105797 0.1918427 0.1478665 0 0 0 0 0 
$predAgeCompEsc
0 0 2.504165703e-15 2.58941939e-16 0 0 0.2502442747 0.3288468881 0.000733260588 0 0.009564073357 0.1970025391 0.2136089642 1.424180665e-15 0 6.565417756e-16 8.347219011e-16 0 
0 0 1.156263836e-15 9.894128142e-16 0 0.000845007377 0.2570179014 0.6850274094 0.002641305127 0 2.623492386e-15 0.02231567699 0.03215269963 9.894128142e-16 0 1.385742374e-15 1.156263836e-15 0 
0 0 0.0001438635477 2.349463959e-16 0 0.01696908416 0.4093925002 0.2713914047 0.00222397796 0 0.0105395614 0.1569688212 0.1322421091 0.0001286777366 0 5.731356298e-16 7.447229993e-16 0 
0 0 4.394936322e-16 2.744561546e-16 0 0.0002842525493 0.01372769198 0.04288692567 4.116842319e-16 0 0.06442553449 0.4323936047 0.4357122521 4.003009503e-05 0.0002842525511 0.008979195774 0.001266260162 0 
0 0 4.791880202e-16 4.339955108e-05 0 0.006738804608 0.3543996034 0.2009454635 0.0007614712881 0 0.01141265464 0.2599941097 0.1655305814 3.15132322e-16 0 0.0001739119529 4.791880202e-16 0 
$SSageCompCatch
 1 1 1
$obsAgeCompCatch
0 0 0.000245054 0 0 0 0.1897684 0.4304407 0.002846356 0 0.0006111721 0.1450371 0.2303543 0.0002334827 0 0.0003509591 0.0001123804 0 
0 0 0 0 0 0 0.08510491 0.1951802 0.001168615 0 0.001176365 0.2763312 0.4309974 0.0001576737 0 0.008270665 0.001612961 0 
0 0 0 0.0001448775 0 0 0.2361062 0.2193326 0.001503816 0 0.0009307717 0.2839627 0.2572079 0 0 0.0008110919 0 0 
$predAgeCompCatch
0 0 8.073917946e-05 7.745067554e-08 0 0.0002358415045 0.242209166 0.410955418 0.00308363843 0 0.000365212391 0.1320992276 0.2105070795 0.0001265247864 2.343539705e-07 0.0002659207393 7.092007665e-05 0 
0 0 2.128239604e-05 1.022788393e-05 0 6.076657563e-05 0.0989455557 0.1819876528 0.001067984165 0 0.001384131711 0.2640968231 0.4469084433 9.18272681e-05 5.683924679e-06 0.004358673092 0.00106094807 0 
0 0 1.094053411e-06 9.223227241e-05 0 0.0002298282447 0.2768816445 0.2680155596 0.001660716036 0 0.0004338282639 0.2134327525 0.238815749 5.438529834e-06 2.014122237e-07 0.0003681915159 6.276395129e-05 0 
$genSS
 1327 1516 1137
$obsGenComp     #GeneticFracData
0.4168917704 0.1224977992 0.4215545802 0.03828108703 0.0007747631301 
0.148649222 0.02398760519 0.1036659924 0.6223220191 0.1013751613 
0.004906743365 0.001533536022 0.005603748713 0.03073135351 0.9572246184 
$predGenComp     #catchGenComp_pred
0.4231298558 0.1219387458 0.4138076356 0.04040675339 0.0007170093503 
0.1501162376 0.02488255316 0.1051315271 0.6236693344 0.09620034778 
0.004802008725 0.001335094246 0.005381218795 0.03568847618 0.9527932021 
#PARAMETERS_OF_INTEREST
$catchByGroup
0 0 0 
0 0 0 
1.056027036e-08 2.193704796e-09 3.871323063e-11 
1.535211148e-09 3.337207559e-10 5.943903473e-12 
0 0 0 
0 0 0 
701325.1975 137501.6055 2398.965711 
1386774.063 288077.1807 5083.819096 
4347.344557 945.0160088 16.83168888 
0 0 0 
1414.502571 216.4251106 3.607766122 
552111.9107 108246.8938 1888.564032 
900806.3684 187126.1988 3302.294686 
8.443661316e-09 1.835464158e-09 3.26914691e-11 
0 0 0 
1.839999301e-09 3.607497049e-10 6.293935036e-12 
3.52009012e-09 7.312349321e-10 1.290441021e-11 
0 0 0 
0 0 0 
0 0 0 
1.281800745e-09 1.518690288e-10 4.483317431e-12 
1.4062844e-09 1.740749287e-10 5.162762951e-12 
0 0 0 
41.983621 3.724764855 0.1068690065 
205441.8947 23028.43921 675.9303972 
759401.6313 89974.66157 2656.137145 
3754.172314 464.7049189 13.78234853 
0 0 0 
1.303464479e-10 1.156426855e-11 3.317959494e-13 
17837.5706 1999.452988 58.68791367 
35643.55559 4223.083964 124.6694346 
1.4062844e-09 1.740749287e-10 5.162762951e-12 
0 0 0 
1.107664242e-09 1.241605501e-10 3.644358576e-12 
1.281800745e-09 1.518690288e-10 4.483317431e-12 
0 0 0 
0 0 0 
0 0 0 
676.7758253 102.3760114 2.892124019 
1.873559132e-09 3.026051039e-10 8.619326541e-12 
0 0 0 
1931.988766 184.3026872 4.948492812 
1118431.602 155452.6177 4346.950859 
1276703.827 193127.2376 5455.847661 
17734.91439 2864.428199 81.58964169 
0 0 0 
1199.965422 114.4710858 3.073527325 
428827.8122 59603.47133 1666.703107 
622105.21 94105.97677 2658.495403 
1026.129163 165.7337186 4.720716937 
0 0 0 
1.56576635e-09 2.176283979e-10 6.085583925e-12 
3.503392837e-09 5.299589196e-10 1.497134826e-11 
0 0 0 
0 0 0 
0 0 0 
2.063285591e-10 1.771338063e-09 5.758618498e-11 
2.360809265e-10 1.892245607e-09 6.620394666e-11 
0 0 0 
1.964413087 27.34173037 0.5324320738 
3406.550391 31958.67915 945.1871565 
20134.0746 172851.7509 5619.408915 
3.541213897e-10 2.838368411e-09 9.930591999e-11 
0 0 0 
445.2321128 6196.973773 120.6751567 
107299.2172 1006631.595 29771.41987 
204553.319 1756097.564 57090.71647 
34.43297504 275.9886059 9.656006002 
1.9644131 27.34173055 0.5324320772 
2228.202885 20903.96821 618.2408912 
594.4696704 5103.543394 165.9161512 
0 0 0 
0 0 0 
0 0 0 
4.093600934e-12 3.133345328e-10 1.644662893e-09 
0.6492107649 49.19981565 243.8154919 
0 0 0 
0.9451783153 76.93999313 601.9618745 
1652.051454 128022.5171 723568.0315 
1716.634186 131395.5071 689682.4073 
11.39079426 863.2404268 4277.889795 
0 0 0 
1.600728068 130.3034619 1019.466119 
1211.975529 93919.68851 530822.9025 
1414.092411 108238.1971 568131.9095 
4.714041752e-12 3.572491365e-10 1.77039025e-09 
0 0 0 
0.8106992555 62.82356345 355.0713043 
4.093600934e-12 3.133345328e-10 1.644662893e-09 
0 0 0 
$escByGroup
 5e-101 5e-101 5.652872525e-09 5.845323138e-10 5e-101 5e-101 564898.3144 742334.8768 1655.253335 5e-101 21589.82029 444711.0825 482198.22 3.214927726e-09 5e-101 1.482069242e-09 1.884290842e-09 5e-101 5e-101 5e-101 1.021255031e-09 8.738860303e-10 5e-101 746.3418015 227007.7266 605041.571 2332.898481 5e-101 2.317165609e-09 19710.03215 28398.45475 8.738860303e-10 5e-101 1.223938971e-09 1.021255031e-09 5e-101 5e-101 5e-101 168.1594783 2.746245592e-10 5e-101 19834.85314 478531.4305 317224.4656 2599.567295 5e-101 12319.50119 183477.9936 154575.3907 150.4090606 5e-101 6.699277898e-10 8.704931381e-10 5e-101 5e-101 5e-101 4.241553143e-10 2.64877641e-10 5e-101 274.3321418 13248.59584 41390.17293 3.973164615e-10 5e-101 62177.08479 417303.0776 420505.9043 38.63304562 274.3321435 8665.822045 1222.067711 5e-101 5e-101 5e-101 4.973170949e-10 45.04148216 5e-101 6993.753161 367807.5698 208547.8141 790.2799588 5e-101 11844.42851 269830.442 171793.0841 3.270546931e-10 5e-101 180.4915472 4.973170949e-10 5e-101
$catchByGroup
0 0 1.056027036e-08 1.535211148e-09 0 0 701325.1975 1386774.063 4347.344557 0 1414.502571 552111.9107 900806.3684 8.443661316e-09 0 1.839999301e-09 3.52009012e-09 0 0 0 1.281800745e-09 1.4062844e-09 0 41.983621 205441.8947 759401.6313 3754.172314 0 1.303464479e-10 17837.5706 35643.55559 1.4062844e-09 0 1.107664242e-09 1.281800745e-09 0 0 0 676.7758253 1.873559132e-09 0 1931.988766 1118431.602 1276703.827 17734.91439 0 1199.965422 428827.8122 622105.21 1026.129163 0 1.56576635e-09 3.503392837e-09 0 0 0 2.063285591e-10 2.360809265e-10 0 1.964413087 3406.550391 20134.0746 3.541213897e-10 0 445.2321128 107299.2172 204553.319 34.43297504 1.9644131 2228.202885 594.4696704 0 0 0 4.093600934e-12 0.6492107649 0 0.9451783153 1652.051454 1716.634186 11.39079426 0 1.600728068 1211.975529 1414.092411 4.714041752e-12 0 0.8106992555 4.093600934e-12 0 
0 0 2.193704796e-09 3.337207559e-10 0 0 137501.6055 288077.1807 945.0160088 0 216.4251106 108246.8938 187126.1988 1.835464158e-09 0 3.607497049e-10 7.312349321e-10 0 0 0 1.518690288e-10 1.740749287e-10 0 3.724764855 23028.43921 89974.66157 464.7049189 0 1.156426855e-11 1999.452988 4223.083964 1.740749287e-10 0 1.241605501e-10 1.518690288e-10 0 0 0 102.3760114 3.026051039e-10 0 184.3026872 155452.6177 193127.2376 2864.428199 0 114.4710858 59603.47133 94105.97677 165.7337186 0 2.176283979e-10 5.299589196e-10 0 0 0 1.771338063e-09 1.892245607e-09 0 27.34173037 31958.67915 172851.7509 2.838368411e-09 0 6196.973773 1006631.595 1756097.564 275.9886059 27.34173055 20903.96821 5103.543394 0 0 0 3.133345328e-10 49.19981565 0 76.93999313 128022.5171 131395.5071 863.2404268 0 130.3034619 93919.68851 108238.1971 3.572491365e-10 0 62.82356345 3.133345328e-10 0 
0 0 3.871323063e-11 5.943903473e-12 0 0 2398.965711 5083.819096 16.83168888 0 3.607766122 1888.564032 3302.294686 3.26914691e-11 0 6.293935036e-12 1.290441021e-11 0 0 0 4.483317431e-12 5.162762951e-12 0 0.1068690065 675.9303972 2656.137145 13.78234853 0 3.317959494e-13 58.68791367 124.6694346 5.162762951e-12 0 3.644358576e-12 4.483317431e-12 0 0 0 2.892124019 8.619326541e-12 0 4.948492812 4346.950859 5455.847661 81.58964169 0 3.073527325 1666.703107 2658.495403 4.720716937 0 6.085583925e-12 1.497134826e-11 0 0 0 5.758618498e-11 6.620394666e-11 0 0.5324320738 945.1871565 5619.408915 9.930591999e-11 0 120.6751567 29771.41987 57090.71647 9.656006002 0.5324320772 618.2408912 165.9161512 0 0 0 1.644662893e-09 243.8154919 0 601.9618745 723568.0315 689682.4073 4277.889795 0 1019.466119 530822.9025 568131.9095 1.77039025e-09 0 355.0713043 1.644662893e-09 0 
$Fmort
 0.4804810524 0.2819902718 0.1867632528
#ESTIMATED_PARAMETERS
$availability
1.454587214 1.260507497 2.132076056 0.149977906 0.002851326929 
0.3692693585 0.1858910313 0.3324708739 3.714914439 0.3974542979 
0.009251645 0.00803452669 0.01342323984 0.1043320431 4.864958548 
$availabilityVector
 1.454587214 0.3692693585 0.009251645 1.260507497 0.1858910313 0.00803452669 2.132076056 0.3324708739 0.01342323984 0.149977906 3.714914439 0.1043320431 0.002851326929 0.3974542979 4.864958548
$selectivity
 0.08991208042 0.988236158 1.215943242 1.400412851 1.305495667
$RunSize
 0 0 1.844556091e-08 2.459408122e-09 0 0 1406124.083 2422269.939 6964.44559 0 23224.35574 1106958.451 1573433.082 1.352674467e-08 0 3.689112182e-09 6.148520304e-09 0 0 0 2.459408122e-09 2.459408122e-09 0 792.1570564 456153.9909 1457074.001 6565.558063 0 2.459408122e-09 39605.74365 68389.76374 2.459408122e-09 0 2.459408122e-09 2.459408122e-09 0 0 0 950.2034391 2.459408122e-09 0 21956.09308 1756762.601 1792511.378 23280.49952 0 13637.01123 673575.9802 873445.0728 1346.992659 0 2.459408122e-09 4.918816243e-09 0 0 0 2.459408122e-09 2.459408122e-09 0 304.1707173 49559.01253 239995.4074 3.689112182e-09 0 68939.96583 1561005.31 2438247.503 358.7106325 304.1707192 32416.23403 7085.996927 0 0 0 2.459408122e-09 338.7060004 0 7673.600207 1221050.17 1031342.363 5942.800975 0 12995.79882 895785.0086 849577.2832 2.459408122e-09 0 599.1971142 2.459408122e-09 0
