$ndistricts
3
$ngroups
90
$nstocks
5
$nagecomps
18
$AgeCompLabels
 0.1 0.2 0.3 0.4 0.5 1.1 1.2 1.3 1.4 1.5 2.1 2.2 2.3 2.4 3.1 3.2 3.3 3.4
$navailpar
15
$nselectpar
5
$GENdata
 1 1 1
$maxGradient
7.855241897e-07
#LIKELIHOOD_VALUES_AND_PENALTIES
$totalNLL
1202.162651
$NLLcatch
0.6773740579
$NLLescape
-6.912026602
$NLLagecompCatch
378.6406658
$NLLagecompEsc
608.7949845
$NLLgenetics
220.9616534
$NLLselOne
7.661886686e-18
$NLLavailOne
2.079883016e-16
$NLLextra
4.4e-198
$sigmaCat
0.5
$sigmaEsc
0.1
#OBSERVED_AND_PREDICTED_VALUES
$predEsc
 2257623.08 970227.5729 1162978.839 1155490.297 1369548.929
$obsEsc
 2266140 970818 1169466 1146276 1364338
$predCatch
 7766951.797 11527458.94 2555262.497
$obsCatch
 7766953 11527462 2555263
$RunSize
 0 0 0 0 0 2824.306434 1102034.14 2585858.463 9023.963537 0 3.193747045e-09 2321485.089 121182.6197 3.193747045e-09 0 3.193747045e-09 0 0 0 0 0 0 0 1302.114247 705787.2764 1305169.81 113573.6219 0 3.193747045e-09 75736.35496 20185.91201 3.193747045e-09 0 3.193747045e-09 0 0 0 0 0 0 0 48735.3607 1258576.812 1592273.62 270812.6086 0 10216.68454 939462.4529 596842.0768 21150.45551 0 1606.329986 0 0 0 0 0 0 0 7651.515659 456083.6248 3357252.01 18268.16253 0 36135.29318 5852371.331 2181877.64 4.31155851e-08 2221.650715 4840.672832 0 0 0 0 0 0 0 65237.6517 852179.5941 1549681.706 12439.77442 0 1907.036283 1204124.037 59430.17365 3.193747045e-09 0 3.193747045e-09 0 0
$SSageCompEsc
 1424 932 1389 1360 704
$obsAgeCompEsc
0 0 0 0 0 0.001229758 0.2061111 0.33104 0.001079361 0 0 0.4440702 0.01646953 0 0 0 0 0 
0 0 0 0 0 0.00132603 0.3705066 0.5358286 0.04389841 0 0 0.04001745 0.008422891 0 0 0 0 0 
0 0 0 0 0 0.04098568 0.3388292 0.2297241 0.03211012 0 0.008596329 0.256 0.09041202 0.002842491 0 0.0005000502 0 0 
0 0 0 0 0 0.006482935 0.05483155 0.146997 0.000484487 0 0.03038247 0.6779284 0.08101019 0 0.001882954 0 0 0 
0 0 0 0 0 0.04710835 0.2168864 0.3454977 0.003150469 0 0.001386431 0.3732682 0.01270244 0 0 0 0 0 
$predAgeCompEsc
0 0 0 0 0 0.001231840279 0.2026717797 0.3515645754 0.001118894045 0 1.39297429e-15 0.4269373312 0.01647557933 3.959972284e-16 0 5.873524006e-16 0 0 
0 0 0 0 0 0.001325813039 0.3665758678 0.5404432673 0.04396010682 0 3.251874008e-15 0.03933638502 0.008358560052 1.236180187e-15 0 1.658786767e-15 0 0 
0 0 0 0 0 0.04115971808 0.3338951989 0.2407094934 0.03313117593 0 0.008628557365 0.2492354852 0.09022667473 0.002587543711 0 0.0004261526708 0 0 
0 0 0 0 0 0.006411016779 0.05355520638 0.1331621515 0.0004134083146 0 0.03027687339 0.6872094006 0.08654206482 9.757052109e-16 0.001861466492 0.0005684116211 0 0 
0 0 0 0 0 0.04690378099 0.251724832 0.3293022581 0.002383819637 0 0.001371097975 0.3556854951 0.01262871615 6.120140657e-16 0 9.433990719e-16 0 0 
$SSageCompCatch
 5779 5074 4205
$obsAgeCompCatch
0 0 0 0 0 5.572697e-05 0.1953252 0.4851065 0.03370674 0 0 0.2167626 0.06764949 0.001393685 0 0 0 0 
0 0 0 0 0 0 0.0557278 0.2960028 0.00666959 0 0.0002510262 0.4578262 0.1819571 0.000520849 0 0.00104462 0 0 
0 0 0 0 0 0.0003412176 0.2200927 0.4193671 0.002704115 0 0 0.3055242 0.05197077 0 0 0 0 0 
$predAgeCompCatch
0 0 0 0 0 0.0001010435055 0.2068175725 0.4436894619 0.03219409054 0 2.14742302e-05 0.2469017956 0.06833841447 0.001809415224 1.178390809e-07 0.0001266142529 0 0 
0 0 0 0 0 4.079548192e-05 0.06028332763 0.314830863 0.006724365348 0 9.929924736e-05 0.4396141883 0.1776882547 0.0003533227322 5.93172897e-06 0.0003596517949 0 0 
0 0 0 0 0 0.0003583730565 0.1820721747 0.4352056463 0.003562328342 0 1.968794618e-05 0.3266957977 0.05201499422 5.730453881e-06 5.679386369e-07 6.469944716e-05 0 0 
$genSS
 1135 946 1327
$obsGenComp     #GeneticFracData
0.4589912887 0.139338327 0.3602961221 0.04036242128 0.00101184098 
0.02866680114 0.01104860528 0.06581132629 0.8674656624 0.02700760492 
0.004382393112 0.0004515973647 0.001051109791 0.1870976734 0.8070172263 
$predGenComp     #catchGenComp_pred
0.4554996926 0.1452074922 0.3608714129 0.03745507741 0.0009663249055 
0.0291177591 0.01062889185 0.06689203809 0.8685650386 0.0247962724 
0.00441738304 0.0004632833858 0.001068959034 0.1792191639 0.8148312107 
#PARAMETERS_OF_INTEREST
$catchByGroup
0 0 0 
0 0 0 
0 0 0 
0 0 0 
0 0 0 
40.5341884 2.654323689 0.08687813333 
589195.4485 53489.79944 1792.40439 
1625389.892 161324.3162 5443.955032 
5879.632934 598.0674142 20.22216817 
0 0 0 
4.583636636e-11 3.001529273e-12 9.824244927e-14 
1241167.037 112678.6978 3775.781451 
76171.61111 7560.237167 255.1232954 
2.080910481e-09 2.116670827e-10 7.156998094e-12 
0 0 0 
1.707516269e-09 1.550159679e-10 5.194472671e-12 
0 0 0 
0 0 0 
0 0 0 
0 0 0 
0 0 0 
0 0 0 
0 0 0 
14.59440012 1.168501232 0.01097872108 
317064.1128 32746.32323 314.8259054 
702202.8414 77860.29295 753.7165873 
63654.29432 7198.202968 69.81689927 
0 0 0 
3.579626163e-11 2.866029126e-12 2.692794284e-14 
34023.39627 3513.930108 33.78321956 
10860.35292 1204.19658 11.65707067 
1.789990588e-09 2.024170671e-10 1.963286121e-12 
0 0 0 
1.434741893e-09 1.481798788e-10 1.424613816e-12 
0 0 0 
0 0 0 
0 0 0 
0 0 0 
0 0 0 
0 0 0 
0 0 0 
724.2916676 142.7251108 0.462791324 
688707.1782 180924.3132 632.2702168 
1021449.835 289848.1629 1035.57489 
179944.2632 52150.00079 187.4880957 
0 0 0 
151.8375853 29.92031685 0.09701770745 
514084.2646 135050.6361 471.9569938 
382876.5566 108645.6356 388.1711412 
14053.64083 4072.913286 14.64281389 
0 0 0 
879.0015682 230.9149085 0.8069706976 
0 0 0 
0 0 0 
0 0 0 
0 0 0 
0 0 0 
0 0 0 
0 0 0 
3.152184628 235.4976478 4.998142411 
9836.962273 368863.4953 15500.64588 
93450.98201 2962951.488 146981.9653 
540.8182924 16399.49076 850.1641747 
0 0 0 
14.88660819 1112.168742 23.60438761 
126225.878 4733180.556 198901.102 
60733.78094 1925621.783 95523.55994 
1.276411739e-09 3.870524135e-08 2.006514107e-09 
0.9152504608 68.37776212 1.451232299 
104.4052306 3914.956388 164.5171002 
0 0 0 
0 0 0 
0 0 0 
0 0 0 
0 0 0 
0 0 0 
0 0 0 
2.227595665 88.222659 910.1784405 
1538.414302 58889.65257 447002.0532 
3621.112834 137215.584 957849.4544 
30.94064886 1169.083469 7974.992675 
0 0 0 
0.06511739227 2.578937274 26.6064652 
2173.769066 83210.68315 631610.8959 
138.8693973 5262.207041 36733.45254 
7.943601104e-12 3.001466705e-10 2.047473565e-09 
0 0 0 
5.765575901e-12 2.207030715e-10 1.675247209e-09 
0 0 0 
0 0 0 
$escByGroup
 5e-101 5e-101 5e-101 5e-101 5e-101 2781.031044 457556.4876 793700.2994 2526.04102 5e-101 3.144810907e-09 963863.5726 37195.64816 8.940124823e-10 5e-101 1.326020335e-09 5e-101 5e-101 5e-101 5e-101 5e-101 5e-101 5e-101 1286.340367 355662.0145 524352.9595 42651.30775 5e-101 3.155057826e-09 38165.24536 8109.705432 1.199376103e-09 5e-101 1.609400659e-09 5e-101 5e-101 5e-101 5e-101 5e-101 5e-101 5e-101 47867.88114 388313.0506 279940.0471 38530.8565 5e-101 10034.82962 289855.5952 104931.7134 3009.258581 5e-101 495.6065382 5e-101 5e-101 5e-101 5e-101 5e-101 5e-101 5e-101 7407.867685 61882.52136 153867.5741 477.6892965 5e-101 34984.63345 794063.7948 99998.51622 1.127417904e-09 2150.90647 656.7941132 5e-101 5e-101 5e-101 5e-101 5e-101 5e-101 5e-101 64237.02301 344749.474 450995.5549 3264.757631 5e-101 1877.785763 487128.6888 17295.64467 8.381832081e-10 5e-101 1.292031188e-09 5e-101 5e-101
$catchByGroup
0 0 0 0 0 40.5341884 589195.4485 1625389.892 5879.632934 0 4.583636636e-11 1241167.037 76171.61111 2.080910481e-09 0 1.707516269e-09 0 0 0 0 0 0 0 14.59440012 317064.1128 702202.8414 63654.29432 0 3.579626163e-11 34023.39627 10860.35292 1.789990588e-09 0 1.434741893e-09 0 0 0 0 0 0 0 724.2916676 688707.1782 1021449.835 179944.2632 0 151.8375853 514084.2646 382876.5566 14053.64083 0 879.0015682 0 0 0 0 0 0 0 3.152184628 9836.962273 93450.98201 540.8182924 0 14.88660819 126225.878 60733.78094 1.276411739e-09 0.9152504608 104.4052306 0 0 0 0 0 0 0 2.227595665 1538.414302 3621.112834 30.94064886 0 0.06511739227 2173.769066 138.8693973 7.943601104e-12 0 5.765575901e-12 0 0 
0 0 0 0 0 2.654323689 53489.79944 161324.3162 598.0674142 0 3.001529273e-12 112678.6978 7560.237167 2.116670827e-10 0 1.550159679e-10 0 0 0 0 0 0 0 1.168501232 32746.32323 77860.29295 7198.202968 0 2.866029126e-12 3513.930108 1204.19658 2.024170671e-10 0 1.481798788e-10 0 0 0 0 0 0 0 142.7251108 180924.3132 289848.1629 52150.00079 0 29.92031685 135050.6361 108645.6356 4072.913286 0 230.9149085 0 0 0 0 0 0 0 235.4976478 368863.4953 2962951.488 16399.49076 0 1112.168742 4733180.556 1925621.783 3.870524135e-08 68.37776212 3914.956388 0 0 0 0 0 0 0 88.222659 58889.65257 137215.584 1169.083469 0 2.578937274 83210.68315 5262.207041 3.001466705e-10 0 2.207030715e-10 0 0 
0 0 0 0 0 0.08687813333 1792.40439 5443.955032 20.22216817 0 9.824244927e-14 3775.781451 255.1232954 7.156998094e-12 0 5.194472671e-12 0 0 0 0 0 0 0 0.01097872108 314.8259054 753.7165873 69.81689927 0 2.692794284e-14 33.78321956 11.65707067 1.963286121e-12 0 1.424613816e-12 0 0 0 0 0 0 0 0.462791324 632.2702168 1035.57489 187.4880957 0 0.09701770745 471.9569938 388.1711412 14.64281389 0 0.8069706976 0 0 0 0 0 0 0 4.998142411 15500.64588 146981.9653 850.1641747 0 23.60438761 198901.102 95523.55994 2.006514107e-09 1.451232299 164.5171002 0 0 0 0 0 0 0 910.1784405 447002.0532 957849.4544 7974.992675 0 26.6064652 631610.8959 36733.45254 2.047473565e-09 0 1.675247209e-09 0 0 
$Fmort
 0.5894447354 0.5355637488 0.2113294474
#ESTIMATED_PARAMETERS
$availability
1.756620772 1.369668632 1.81949021 0.05007105247 0.0041493353 
0.1257509335 0.1200715215 0.3922454416 4.180947917 0.1809841885 
0.01042609056 0.00285772635 0.003218542388 0.2214721829 4.762025459 
$availabilityVector
 1.756620772 0.1257509335 0.01042609056 1.369668632 0.1200715215 0.00285772635 1.81949021 0.3922454416 0.003218542388 0.05007105247 4.180947917 0.2214721829 0.0041493353 0.1809841885 4.762025459
$selectivity
 0.01396123493 0.738776137 0.9565018762 1.018206687 2.272554065
$RunSize
 0 0 0 0 0 2824.306434 1102034.14 2585858.463 9023.963537 0 3.193747045e-09 2321485.089 121182.6197 3.193747045e-09 0 3.193747045e-09 0 0 0 0 0 0 0 1302.114247 705787.2764 1305169.81 113573.6219 0 3.193747045e-09 75736.35496 20185.91201 3.193747045e-09 0 3.193747045e-09 0 0 0 0 0 0 0 48735.3607 1258576.812 1592273.62 270812.6086 0 10216.68454 939462.4529 596842.0768 21150.45551 0 1606.329986 0 0 0 0 0 0 0 7651.515659 456083.6248 3357252.01 18268.16253 0 36135.29318 5852371.331 2181877.64 4.31155851e-08 2221.650715 4840.672832 0 0 0 0 0 0 0 65237.6517 852179.5941 1549681.706 12439.77442 0 1907.036283 1204124.037 59430.17365 3.193747045e-09 0 3.193747045e-09 0 0
