$ndistricts
3
$ngroups
90
$nstocks
5
$nagecomps
18
$AgeCompLabels
 0.1 0.2 0.3 0.4 0.5 1.1 1.2 1.3 1.4 1.5 2.1 2.2 2.3 2.4 3.1 3.2 3.3 3.4
$navailpar
15
$nselectpar
5
$GENdata
 1 1 1
$maxGradient
15.83639608
#LIKELIHOOD_VALUES_AND_PENALTIES
$totalNLL
1202.355203
$NLLcatch
0.6773740579
$NLLescape
-6.841210931
$NLLagecompCatch
363.8351107
$NLLagecompEsc
525.3703433
$NLLgenetics
319.2994486
$NLLselOne
0.01388414242
$NLLavailOne
0.0002532179924
$NLLextra
4.3e-198
$sigmaCat
0.5
$sigmaEsc
0.1
#OBSERVED_AND_PREDICTED_VALUES
$predEsc
 7496755.713 5776303.526 1916937.893 2188978.103 1517647.436
$obsEsc
 7341612 5770650 1920954 2160792 1564638
$predCatch
 15341996.89 8470565.673 5473785.438
$obsCatch
 15341998 8470567 5473786
$RunSize
 0 7624.316776 35.93857427 0 0 21308.08088 2740268.35 5244058.936 2819.915599 0 43964.90052 12659004.32 1338088.973 0 0 7826.996131 0 0 0 0 0.4593825846 0 0 39048.12502 3005753.401 3050269.101 0.305169125 0 0.06970525424 1617203.342 117117.1934 0 0 5.627193235 0 0 0 0 0.1438869395 0 0 11503.99017 2154989.869 2197587.926 0.4399076902 0 40493.72297 1244476.177 146382.7138 0 0 0.4362261311 0 0 0 0 1932.612997 0 0 37894.00943 437587.8268 658847.7688 8264.606608 0 528724.0282 5889009.015 771024.2973 0 18691.10408 19847.50624 0 0 0 0 0.0003974279366 0 0 99891.4117 2653967.063 770739.7258 18.25107392 0 39396.82705 428082.4641 129218.355 0 0 0.0249108092 0 0
$SSageCompEsc
 1 1 1 1 1
$obsAgeCompEsc
0 0.000837829 0 0 0 0.002745258 0.172499 0.1374648 0 0 0.005549467 0.6471426 0.03376107 0 0 0 0 0 
0 0 0 0 0 0.006598305 0.4076631 0.3586139 0 0 0 0.2134324 0.01369234 0 0 0 0 0 
0 0 0 0 0 0.005599993 0.4822222 0.2139447 0 0 0.01963463 0.2643694 0.01422908 0 0 0 0 0 
0 0 0 0 0 0.01629955 0.05871638 0.00679599 0 0 0.2188389 0.6788253 0.01002144 0 0.008040942 0.002461497 0 0 
0 0 0 0 0 0.05959616 0.7524277 0.05811354 0 0 0.02325219 0.102883 0.003727372 0 0 0 0 0 
$predAgeCompEsc
0 0.0004178340572 8.031677388e-07 0 0 0.002636201583 0.1501744322 0.1171960503 5.32625614e-05 0 0.005439266961 0.6937491307 0.02990407708 0 0 0.0004289414574 0 0 
0 0 5.35817204e-08 0 0 0.006592147104 0.4056911945 0.3557789772 3.496491491e-08 0 1.176771714e-08 0.2182764413 0.01366038009 0 0 7.595109913e-07 0 0 
0 0 1.393229299e-08 0 0 0.005571519562 0.4740800751 0.2127881721 3.684409083e-08 0 0.01961159271 0.2737745397 0.01417395396 0 0 9.596616669e-08 0 0 
0 0 2.007825411e-05 0 0 0.01548634077 0.0514314766 0.006844884589 7.559064877e-09 0 0.2160763825 0.6921591753 0.008010306144 0 0.007638590149 0.002332758112 0 0 
0 0 4.748742492e-11 0 0 0.06057729904 0.6957691814 0.09209328659 1.917310753e-06 0 0.02389147708 0.1122269337 0.01543989832 0 0 6.530666323e-09 0 0 
$SSageCompCatch
 1 1 1
$obsAgeCompCatch
0 0 0 0 0 0.0001773264 0.1831099 0.2971567 0.0001906512 0 0.0002926393 0.4707067 0.04767258 0 0 0.000693508 0 0 
0 0 0.0002687909 0 0 2.609361e-05 0.09435689 0.1877592 0.000981672 0 0.008262866 0.6357613 0.07101716 0 0 0.001566036 0 0 
0 0 0 0 0 0.0001302094 0.1861548 0.324055 0.000221087 0 0.001238858 0.3687262 0.1190395 0 0 0.00043443 0 0 
$predAgeCompCatch
0 0.0002079252312 2.319455416e-06 0 0 0.0002393654718 0.1895932728 0.344772668 0.0001124832362 0 0.0003427757028 0.4052870438 0.0592216534 0 6.15115538e-07 0.0002198778584 0 0 
0 9.554143875e-05 0.0001742771953 0 0 0.0004623517169 0.0971837918 0.2042425045 0.0008122134595 0 0.005715118776 0.591790833 0.09782407584 0 0.0001978377132 0.001501454501 0 0 
0 8.999962542e-05 7.436086831e-05 0 0 0.001406922166 0.3131493148 0.2567921327 0.0003828060337 0 0.002063281116 0.3535231583 0.07186991483 0 5.209613383e-05 0.0005960134131 0 0 
$genSS
 285 285 285
$obsGenComp     #GeneticFracData
0.6622471653 0.1289700334 0.1924666129 0.003021703372 0.01329448513 
0.3257013298 0.005745121664 0.08832880919 0.5755501315 0.004674607832 
0.2733978783 0.02225845349 0.06477674047 0.203172738 0.4363941897 
$predGenComp     #catchGenComp_pred
0.6661279695 0.1225854979 0.1821836313 0.002765561336 0.02633734002 
0.3185247233 0.005596637352 0.08509127869 0.5842989386 0.006488422109 
0.3015147764 0.02283266113 0.06625498239 0.2175958338 0.3918017462 
#PARAMETERS_OF_INTEREST
$catchByGroup
0 0 0 
3189.98825 809.2900314 492.6386391 
20.55720043 5.791144477 3.569077029 
0 0 0 
0 0 0 
1154.863627 244.422562 145.8354149 
1146518.973 290868.2738 177060.0711 
2999650.732 845028.039 520790.0053 
1656.682339 472.3806897 291.5561595 
0 0 0 
2382.826721 504.3163521 300.901782 
5296484.423 1343701.515 817950.6235 
765399.4011 215619.7547 132886.257 
0 0 0 
0 0 0 
3274.788604 830.8036157 505.7345904 
0 0 0 
0 0 0 
0 0 0 
0 0 0 
0.136962452 0.003554739191 0.009361112929 
0 0 0 
0 0 0 
897.2208175 19.91168101 52.74996092 
608222.7918 14874.32744 39260.80497 
909421.3613 23603.22633 62157.15283 
0.0942518759 0.002463544066 0.006485743727 
0 0 0 
0.001601639135 3.554456934e-05 9.41645581e-05 
327245.7186 8002.922674 21123.72392 
34917.86263 906.2622122 2386.566906 
0 0 0 
0 0 0 
1.138678635 0.02784683358 0.07350175035 
0 0 0 
0 0 0 
0 0 0 
0 0 0 
0.08309460348 0.0226185848 0.01146641086 
0 0 0 
0 0 0 
632.7169951 128.4587731 62.55742895 
911931.4477 222965.8731 111310.4882 
1269105.438 345454.0699 175126.7082 
0.2608710276 0.07189516535 0.03651366342 
0 0 0 
2227.14609 452.171281 220.2003966 
526627.516 128759.6389 64280.23295 
84535.9113 23010.91284 11665.30016 
0 0 0 
0 0 0 
0.1845986995 0.04513410553 0.02253214472 
0 0 0 
0 0 0 
0 0 0 
0 0 0 
14.80776549 1470.409103 403.4452706 
0 0 0 
0 0 0 
19.13260877 3397.481499 578.1344748 
2144.147403 262085.0314 60776.27192 
5048.120481 501277.6784 137538.6675 
66.06235717 6407.089675 1791.438029 
0 0 0 
266.9516932 47404.06546 8066.5412 
28855.70076 3527111.629 817920.4066 
5907.621959 586626.0584 160956.2322 
0 0 0 
9.43710067 1675.797342 285.1630588 
97.25128616 11887.29205 2756.606474 
0 0 0 
0 0 0 
0 0 0 
0 0 0 
5.480043465e-05 7.573035102e-06 0.0002629852981 
0 0 0 
0 0 0 
968.4102753 126.1060673 6861.912786 
239922.0409 32408.18514 1325704.523 
106275.5486 14686.53424 510012.5027 
2.617641045 0.3627261534 12.36090498 
0 0 0 
381.9376609 49.7357965 2706.314654 
38699.20613 5227.410673 213834.9292 
17817.6252 2462.270635 85506.13704 
0 0 0 
0 0 0 
0.002251969237 0.0003041914603 0.0124433995 
0 0 0 
0 0 0 
$escByGroup
 5e-101 3132.399855 6.021152335 5e-101 5e-101 19762.95928 1125821.032 878590.1595 399.2964114 5e-101 40776.85566 5200867.759 224183.5607 5e-101 5e-101 3215.669321 5e-101 5e-101 5e-101 5e-101 0.3095042804 5e-101 5e-101 38078.24256 2343395.477 2055087.36 0.2019679613 5e-101 0.06797390598 1260830.977 78906.50165 5e-101 5e-101 4.387166017 5e-101 5e-101 5e-101 5e-101 0.02670734037 5e-101 5e-101 10680.25697 908782.0604 407901.7104 0.07062783384 5e-101 37594.2052 524808.7894 27170.58945 5e-101 5e-101 0.1839611814 5e-101 5e-101 5e-101 5e-101 43.9508586 5e-101 5e-101 33899.26085 112582.3761 14983.30248 0.0165466275 5e-101 472986.4698 1515121.279 17534.38475 5e-101 16720.70657 5106.356427 5e-101 5e-101 5e-101 5e-101 7.206916866e-05 5e-101 5e-101 91934.98257 1055932.314 139765.1403 2.909801749 5e-101 36258.83894 170320.9182 23432.32209 5e-101 5e-101 0.009911249001 5e-101 5e-101
$catchByGroup
0 3189.98825 20.55720043 0 0 1154.863627 1146518.973 2999650.732 1656.682339 0 2382.826721 5296484.423 765399.4011 0 0 3274.788604 0 0 0 0 0.136962452 0 0 897.2208175 608222.7918 909421.3613 0.0942518759 0 0.001601639135 327245.7186 34917.86263 0 0 1.138678635 0 0 0 0 0.08309460348 0 0 632.7169951 911931.4477 1269105.438 0.2608710276 0 2227.14609 526627.516 84535.9113 0 0 0.1845986995 0 0 0 0 14.80776549 0 0 19.13260877 2144.147403 5048.120481 66.06235717 0 266.9516932 28855.70076 5907.621959 0 9.43710067 97.25128616 0 0 0 0 5.480043465e-05 0 0 968.4102753 239922.0409 106275.5486 2.617641045 0 381.9376609 38699.20613 17817.6252 0 0 0.002251969237 0 0 
0 809.2900314 5.791144477 0 0 244.422562 290868.2738 845028.039 472.3806897 0 504.3163521 1343701.515 215619.7547 0 0 830.8036157 0 0 0 0 0.003554739191 0 0 19.91168101 14874.32744 23603.22633 0.002463544066 0 3.554456934e-05 8002.922674 906.2622122 0 0 0.02784683358 0 0 0 0 0.0226185848 0 0 128.4587731 222965.8731 345454.0699 0.07189516535 0 452.171281 128759.6389 23010.91284 0 0 0.04513410553 0 0 0 0 1470.409103 0 0 3397.481499 262085.0314 501277.6784 6407.089675 0 47404.06546 3527111.629 586626.0584 0 1675.797342 11887.29205 0 0 0 0 7.573035102e-06 0 0 126.1060673 32408.18514 14686.53424 0.3627261534 0 49.7357965 5227.410673 2462.270635 0 0 0.0003041914603 0 0 
0 492.6386391 3.569077029 0 0 145.8354149 177060.0711 520790.0053 291.5561595 0 300.901782 817950.6235 132886.257 0 0 505.7345904 0 0 0 0 0.009361112929 0 0 52.74996092 39260.80497 62157.15283 0.006485743727 0 9.41645581e-05 21123.72392 2386.566906 0 0 0.07350175035 0 0 0 0 0.01146641086 0 0 62.55742895 111310.4882 175126.7082 0.03651366342 0 220.2003966 64280.23295 11665.30016 0 0 0.02253214472 0 0 0 0 403.4452706 0 0 578.1344748 60776.27192 137538.6675 1791.438029 0 8066.5412 817920.4066 160956.2322 0 285.1630588 2756.606474 0 0 0 0 0.0002629852981 0 0 6861.912786 1325704.523 510012.5027 12.36090498 0 2706.314654 213834.9292 85506.13704 0 0 0.0124433995 0 0 
$Fmort
 0.2785749084 0.2263052795 0.1913579565
#ESTIMATED_PARAMETERS
$availability
1.910424104 0.7969602963 1.939486538 0.01731461842 0.3339985537 
0.4869078288 0.02152610414 0.4739126851 3.964344738 0.05331250048 
0.3427711095 0.06746997823 0.2721504149 0.7673395813 3.552010461 
$availabilityVector
 1.910424104 0.4869078288 0.3427711095 0.7969602963 0.02152610414 0.06746997823 1.939486538 0.4739126851 0.2721504149 0.01731461842 3.964344738 0.7673395813 0.3339985537 0.05331250048 3.552010461
$selectivity
 0.1047028181 1.018358445 1.594625991 1.663866636 0.6370768257
$RunSize
 0 7624.316776 35.93857427 0 0 21308.08088 2740268.35 5244058.936 2819.915599 0 43964.90052 12659004.32 1338088.973 0 0 7826.996131 0 0 0 0 0.4593825846 0 0 39048.12502 3005753.401 3050269.101 0.305169125 0 0.06970525424 1617203.342 117117.1934 0 0 5.627193235 0 0 0 0 0.1438869395 0 0 11503.99017 2154989.869 2197587.926 0.4399076902 0 40493.72297 1244476.177 146382.7138 0 0 0.4362261311 0 0 0 0 1932.612997 0 0 37894.00943 437587.8268 658847.7688 8264.606608 0 528724.0282 5889009.015 771024.2973 0 18691.10408 19847.50624 0 0 0 0 0.0003974279366 0 0 99891.4117 2653967.063 770739.7258 18.25107392 0 39396.82705 428082.4641 129218.355 0 0 0.0249108092 0 0
