$ndistricts
3
$ngroups
90
$nstocks
5
$nagecomps
18
$AgeCompLabels
 0.1 0.2 0.3 0.4 0.5 1.1 1.2 1.3 1.4 1.5 2.1 2.2 2.3 2.4 3.1 3.2 3.3 3.4
$navailpar
15
$nselectpar
5
$GENdata
 -1 -1 -1
$maxGradient
3.392059101e-06
#LIKELIHOOD_VALUES_AND_PENALTIES
$totalNLL
841.3082829
$NLLcatch
0.6773740579
$NLLescape
-10.35959987
$NLLagecompCatch
380.8470206
$NLLagecompEsc
470.1434881
$NLLgenetics
0
$NLLselOne
9.572922223e-19
$NLLavailOne
1.945099676e-09
$NLLextra
2.7e-198
$sigmaCat
0.5
$sigmaEsc
0.05
#OBSERVED_AND_PREDICTED_VALUES
$predEsc
 4185729.289 708695.9394 3599605.61 2794570.877 2479991.94
$obsEsc
 4222788 707851.9 3578508 2786925 2482016
$predCatch
 9978472.992 6797164.86 2945741.539
$obsCatch
 9978474 6797166 2945742
$RunSize
 0 7830.143798 51264.72316 345.2814172 0 5564.271284 4352969.318 810478.9142 2900.353829 0 29285.83775 1426564.367 1291034.663 3.719188396e-09 0 1185.547481 3.719188396e-09 0 0 1.301715939e-08 2.045553618e-08 2208.558434 0 0 2.417472457e-08 866731.5674 1.487675358e-08 0 2.975350717e-08 1.208736229e-07 653588.2281 4009.612295 0 7.438376792e-09 2655.926113 0 0 3.719188396e-09 14021.71999 3.719188396e-09 0 0 352603.164 6399651.111 52437.43376 0 2337.632456 1164952.07 1347711.089 1367.903695 0 3.719188396e-09 3.719188396e-09 0 0 3.719188396e-09 2283.225424 3.719188396e-09 0 1134.132826 674129.9751 3129590.972 2670.528636 0 66840.95868 3916940.111 1062886.416 8366.395576 0 3971.421716 35769.95358 0 0 547.8462869 7517.489706 45.00393168 0 1725.708347 825047.3112 2580775.355 2039.953659 0 10786.74159 1857432.346 453569.5122 3.719188396e-09 0 3.719188396e-09 2202.250113 0
$SSageCompEsc
 3549 0 3053 3792 3030
$obsAgeCompEsc
0 0.00118994 0.00582372 3.881023e-05 0 0.001249167 0.5965196 0.08166002 0.0003774351 0 0.006550787 0.1763371 0.1300544 0 0 0.0001990197 0 0 
0 0 0 0 0 0 0.6011158 0.250188 0 0 0 0.1026919 0.0460043 0 0 0 0 0 
0 0 0.00163259 0 0 0 0.05190769 0.6481721 0.007215084 0 0.0006378247 0.153382 0.1369008 0.0001517935 0 0 0 0 
0 0 0.0002117719 0 0 0.0003923335 0.08234688 0.3117525 0.0001730717 0 0.02201615 0.4807027 0.0990314 0.0005088263 0 0.0005032684 0.002361114 0 
0 0.0001844481 0.0006092423 0 0 0.0006847814 0.1749122 0.3998912 0 0 0.004261378 0.3749192 0.04453747 0 0 0 0 0 
$predAgeCompEsc
0 0.001028706433 0.005505739474 4.065947577e-05 0 0.001265624715 0.5718831808 0.08704398416 0.00034153841 0 0.006661228067 0.1874187728 0.1386548111 4.379623198e-16 0 0.0001557545241 3.994341743e-16 0 
0 1.029299566e-14 1.337176203e-14 0.00157429397 0 0 1.911556337e-14 0.5665814947 1.060437573e-14 0 4.000791431e-14 9.557781683e-14 0.4272499227 0.002858112495 0 5.881711805e-15 0.001736176048 0 
0 4.919708017e-16 0.001431656218 4.278039006e-16 0 0 0.04664202046 0.653421999 0.006031675814 0 0.0006115083829 0.1540987825 0.1376050129 0.0001573446876 0 4.919708017e-16 3.797393755e-16 0 
0 4.881416701e-16 0.0002014271329 3.959959987e-16 0 0.0003755465032 0.08847923171 0.2760938671 0.0002843412437 0 0.02213311152 0.5140964866 0.09376829864 0.0008908016531 0 0.0005212471707 0.003155640753 0 
0 0.0001088723018 0.00114012382 7.744507628e-06 0 0.0006589107833 0.1639598588 0.3914077136 0.0003510456995 0 0.004118598814 0.3691234929 0.06878963926 6.400170347e-16 0 7.391062259e-16 0.0003339995012 0 
$SSageCompCatch
 7296 19490 3102
$obsAgeCompCatch
0 0.000131931 0.002681286 0.000131931 0 0 0.1462217 0.5107978 0.001595943 0 0 0.1456428 0.1920975 0.0003231496 0 0 0.0003758999 0 
0 5.415821e-05 0.0007683375 0 0 0 0.1058769 0.3613736 0.0009774009 0 0.001151418 0.4017115 0.1224449 0.001274473 0 0.0004111453 0.003956084 0 
0 0 0.002013881 2.60051e-05 0 0 0.113126 0.4748787 0.0008523533 0 0 0.2832689 0.1243597 0 0 0 0.001474432 0 
$predAgeCompCatch
0 0.0003208686498 0.003376010596 0.0001174645061 0 2.544217727e-05 0.1995299981 0.4744859612 0.002928051038 0 0.0001739522834 0.1369259903 0.1813709038 0.0003057536203 0 6.843193963e-05 0.000371171793 0 
0 5.023596731e-05 0.0008317230453 1.275031685e-05 0 1.589879303e-05 0.09177511004 0.4082311653 0.0007084721561 0 0.0006953722537 0.359077687 0.1339912512 0.0007847116424 0 0.0003322267057 0.003493395528 0 
0 8.787590327e-05 0.001411201899 1.187129178e-05 0 2.750562778e-05 0.1271030885 0.481229637 0.000410336731 0 0.0002168911621 0.2945217378 0.09406770483 9.431344241e-05 0 3.643049059e-05 0.000781405295 0 
$genSS
 -1 -1 -1
$obsGenComp     #GeneticFracData
0 0 0 0 0 
0 0 0 0 0 
0 0 0 0 0 
$predGenComp     #catchGenComp_pred
0 0 0 0 0 
0 0 0 0 0 
0 0 0 0 0 
#PARAMETERS_OF_INTEREST
$catchByGroup
0 0 0 
3191.252803 297.4655397 35.53880756 
25387.23638 2528.318537 303.6332742 
157.9848902 15.27662044 1.83034799 
0 0 0 
245.9445687 18.57887838 2.18539961 
1774095.84 165368.402 19756.89629 
401364.1058 39971.90926 4800.345174 
1327.068467 128.3231659 15.37486971 
0 0 0 
1294.453913 97.78423625 11.50218153 
581410.4637 54194.88458 6474.772089 
639344.1755 63672.37877 7646.604873 
1.701729491e-09 1.645516574e-10 1.971553831e-11 
0 0 0 
483.1816401 45.03870304 5.380864626 
1.841810686e-09 1.834261922e-10 2.202819562e-11 
0 0 0 
0 0 0 
5.319533493e-09 3.397176103e-10 6.330405451e-11 
1.015488639e-08 6.943281138e-10 1.298082201e-10 
1013.122824 67.1957619 12.54410403 
0 0 0 
0 0 0 
9.879133631e-09 6.309041335e-10 1.175646727e-10 
430277.6775 29419.71744 5500.167833 
6.824351295e-09 4.526277305e-10 8.44965393e-11 
0 0 0 
1.319670378e-09 6.786739487e-11 1.252297549e-11 
4.939566815e-08 3.154520668e-09 5.878233633e-10 
324465.4232 22184.93212 4147.587423 
1839.312771 121.9931286 22.77367578 
0 0 0 
3.039733425e-09 1.941243488e-10 3.617374544e-11 
1318.500171 90.15085952 16.85416791 
0 0 0 
0 0 0 
1.763215163e-09 1.741486969e-10 1.09236779e-11 
7963.394917 851.1714054 53.75591417 
1.963839565e-09 2.026633853e-10 1.276012539e-11 
0 0 0 
0 0 0 
167164.2249 16510.42512 1035.635461 
3634571.876 388483.0131 24534.7287 
27688.48903 2857.383576 179.9070546 
0 0 0 
126.18905 9.660699286 0.5937008363 
552287.4711 54548.16031 3421.596279 
765409.3537 81811.15744 5166.801339 
722.2929066 74.53884126 4.693126779 
0 0 0 
1.763215163e-09 1.741486969e-10 1.09236779e-11 
2.112249138e-09 2.257687942e-10 1.425847701e-11 
0 0 0 
0 0 0 
1.869835025e-10 2.072598492e-09 9.545990626e-11 
148.7343539 1495.362739 76.22593146 
2.175344792e-10 2.283721949e-09 1.11293083e-10 
0 0 0 
5.040718294 77.0570587 2.543727565 
33892.1212 375673.5667 17302.80302 
203868.4776 2049676.602 104482.0123 
156.1986095 1639.805305 79.91296315 
0 0 0 
297.0784688 4541.414868 149.9164694 
196925.5394 2182799.93 100535.5728 
69238.77192 696120.8147 35484.6728 
489.348565 5137.282432 250.3562225 
0 0 0 
199.6646212 2213.160987 101.9339448 
2330.133889 23426.97099 1194.186961 
0 0 0 
0 0 0 
10.52635294 43.99661205 223.320891 
188.0649102 778.5059751 3723.420936 
1.008686574 4.193623317 20.59530529 
0 0 0 
2.888791771 12.43078025 76.29534314 
15852.51083 66258.15916 336317.5129 
64563.21251 267263.2904 1278260.878 
45.72209116 190.0899969 933.5510662 
0 0 0 
18.05673039 77.70004392 476.8929539 
35688.82169 149167.2615 757152.9762 
11346.94066 46971.34139 224653.4792 
8.335928128e-11 3.465669464e-10 1.702025081e-09 
0 0 0 
7.146071929e-11 2.986817524e-10 1.516068442e-09 
55.09365306 228.0634811 1090.776908 
0 0 0 
$escByGroup
 5e-101 4305.886647 23045.53497 170.1895586 5e-101 5297.562437 2393748.18 364342.5539 1429.587326 5e-101 27882.09742 784484.2468 580371.504 1.83319171e-09 5e-101 651.9462732 1.671923322e-09 5e-101 5e-101 7.294604228e-09 9.476513454e-09 1115.695744 5e-101 5e-101 1.354712214e-08 401534.0047 7.51527802e-09 5e-101 2.835344642e-08 6.773561069e-08 302790.2854 2025.53272 5e-101 4.168345273e-09 1230.420915 5e-101 5e-101 1.770900858e-09 5153.397754 1.53992532e-09 5e-101 5e-101 167892.8785 2352061.493 21711.6541 5e-101 2201.189006 554694.842 495323.7765 566.37882 5e-101 1.770900858e-09 1.366911987e-09 5e-101 5e-101 1.364146495e-09 562.9023996 1.106638885e-09 5e-101 1049.491321 247261.4842 771563.8803 794.6117589 5e-101 61852.54887 1436679.069 262042.1566 2489.408357 5e-101 1456.662163 8818.661746 5e-101 5e-101 270.0024309 2827.497885 19.20631649 5e-101 1634.093431 406619.1283 970687.9749 870.5905052 5e-101 10214.09186 915423.287 170597.7509 1.587237087e-09 5e-101 1.832977483e-09 828.3160709 5e-101
$catchByGroup
0 3191.252803 25387.23638 157.9848902 0 245.9445687 1774095.84 401364.1058 1327.068467 0 1294.453913 581410.4637 639344.1755 1.701729491e-09 0 483.1816401 1.841810686e-09 0 0 5.319533493e-09 1.015488639e-08 1013.122824 0 0 9.879133631e-09 430277.6775 6.824351295e-09 0 1.319670378e-09 4.939566815e-08 324465.4232 1839.312771 0 3.039733425e-09 1318.500171 0 0 1.763215163e-09 7963.394917 1.963839565e-09 0 0 167164.2249 3634571.876 27688.48903 0 126.18905 552287.4711 765409.3537 722.2929066 0 1.763215163e-09 2.112249138e-09 0 0 1.869835025e-10 148.7343539 2.175344792e-10 0 5.040718294 33892.1212 203868.4776 156.1986095 0 297.0784688 196925.5394 69238.77192 489.348565 0 199.6646212 2330.133889 0 0 10.52635294 188.0649102 1.008686574 0 2.888791771 15852.51083 64563.21251 45.72209116 0 18.05673039 35688.82169 11346.94066 8.335928128e-11 0 7.146071929e-11 55.09365306 0 
0 297.4655397 2528.318537 15.27662044 0 18.57887838 165368.402 39971.90926 128.3231659 0 97.78423625 54194.88458 63672.37877 1.645516574e-10 0 45.03870304 1.834261922e-10 0 0 3.397176103e-10 6.943281138e-10 67.1957619 0 0 6.309041335e-10 29419.71744 4.526277305e-10 0 6.786739487e-11 3.154520668e-09 22184.93212 121.9931286 0 1.941243488e-10 90.15085952 0 0 1.741486969e-10 851.1714054 2.026633853e-10 0 0 16510.42512 388483.0131 2857.383576 0 9.660699286 54548.16031 81811.15744 74.53884126 0 1.741486969e-10 2.257687942e-10 0 0 2.072598492e-09 1495.362739 2.283721949e-09 0 77.0570587 375673.5667 2049676.602 1639.805305 0 4541.414868 2182799.93 696120.8147 5137.282432 0 2213.160987 23426.97099 0 0 43.99661205 778.5059751 4.193623317 0 12.43078025 66258.15916 267263.2904 190.0899969 0 77.70004392 149167.2615 46971.34139 3.465669464e-10 0 2.986817524e-10 228.0634811 0 
0 35.53880756 303.6332742 1.83034799 0 2.18539961 19756.89629 4800.345174 15.37486971 0 11.50218153 6474.772089 7646.604873 1.971553831e-11 0 5.380864626 2.202819562e-11 0 0 6.330405451e-11 1.298082201e-10 12.54410403 0 0 1.175646727e-10 5500.167833 8.44965393e-11 0 1.252297549e-11 5.878233633e-10 4147.587423 22.77367578 0 3.617374544e-11 16.85416791 0 0 1.09236779e-11 53.75591417 1.276012539e-11 0 0 1035.635461 24534.7287 179.9070546 0 0.5937008363 3421.596279 5166.801339 4.693126779 0 1.09236779e-11 1.425847701e-11 0 0 9.545990626e-11 76.22593146 1.11293083e-10 0 2.543727565 17302.80302 104482.0123 79.91296315 0 149.9164694 100535.5728 35484.6728 250.3562225 0 101.9339448 1194.186961 0 0 223.320891 3723.420936 20.59530529 0 76.29534314 336317.5129 1278260.878 933.5510662 0 476.8929539 757152.9762 224653.4792 1.702025081e-09 0 1.516068442e-09 1090.776908 0 
$Fmort
 0.3573507658 0.2051179301 0.113948941
#ESTIMATED_PARAMETERS
$availability
1.4851545 1.4904055 1.823068357 0.1463384521 0.05503964531 
0.1914217929 0.1306991979 0.2370202286 4.027095714 0.4137652429 
0.04047206131 0.04337187881 0.02616941697 0.23133515 4.65865 
$availabilityVector
 1.4851545 0.1914217929 0.04047206131 1.4904055 0.1306991979 0.04337187881 1.823068357 0.2370202286 0.02616941697 0.1463384521 4.027095714 0.23133515 0.05503964531 0.4137652429 4.65865
$selectivity
 0.08518090459 0.986404251 1.288114428 1.152520075 1.487780341
$RunSize
 0 7830.143798 51264.72316 345.2814172 0 5564.271284 4352969.318 810478.9142 2900.353829 0 29285.83775 1426564.367 1291034.663 3.719188396e-09 0 1185.547481 3.719188396e-09 0 0 1.301715939e-08 2.045553618e-08 2208.558434 0 0 2.417472457e-08 866731.5674 1.487675358e-08 0 2.975350717e-08 1.208736229e-07 653588.2281 4009.612295 0 7.438376792e-09 2655.926113 0 0 3.719188396e-09 14021.71999 3.719188396e-09 0 0 352603.164 6399651.111 52437.43376 0 2337.632456 1164952.07 1347711.089 1367.903695 0 3.719188396e-09 3.719188396e-09 0 0 3.719188396e-09 2283.225424 3.719188396e-09 0 1134.132826 674129.9751 3129590.972 2670.528636 0 66840.95868 3916940.111 1062886.416 8366.395576 0 3971.421716 35769.95358 0 0 547.8462869 7517.489706 45.00393168 0 1725.708347 825047.3112 2580775.355 2039.953659 0 10786.74159 1857432.346 453569.5122 3.719188396e-09 0 3.719188396e-09 2202.250113 0
