$ndistricts
3
$ngroups
90
$nstocks
5
$nagecomps
18
$AgeCompLabels
 0.1 0.2 0.3 0.4 0.5 1.1 1.2 1.3 1.4 1.5 2.1 2.2 2.3 2.4 3.1 3.2 3.3 3.4
$navailpar
15
$nselectpar
5
$GENdata
 1 1 1
$maxGradient
5.189845619e-05
#LIKELIHOOD_VALUES_AND_PENALTIES
$totalNLL
933.8321108
$NLLcatch
0.6773740579
$NLLescape
-10.36509147
$NLLagecompCatch
304.5264813
$NLLagecompEsc
376.8934646
$NLLgenetics
262.0998822
$NLLselOne
3.011014537e-17
$NLLavailOne
1.101240396e-16
$NLLextra
1.6948682e-09
$sigmaCat
0.5
$sigmaEsc
0.05
#OBSERVED_AND_PREDICTED_VALUES
$predEsc
 6637513.71 2355595.304 924874.389 1111802.489 1776304.871
$obsEsc
 6644490 2356560 926112 1114008 1759776
$predCatch
 7596174.502 5288832.045 4244112.298
$obsCatch
 7596175 5288833 4244113
$RunSize
 1e-06 1e-06 1e-06 1e-06 1e-06 0.0003303950098 9217543.671 1049702.267 0.001146908474 1e-06 0.0003275383569 671285.0586 282392.8277 8547.582786 1e-06 53.76519598 1e-06 1e-06 1e-06 1e-06 1e-06 1e-06 1e-06 0.0001517701851 3192104.066 509133.7592 4442.304278 1e-06 0.000149171059 248286.1706 11048.59173 0.0003746426623 1e-06 0.0003105851868 1e-06 1e-06 1e-06 1e-06 1e-06 1e-06 1e-06 618.3819415 1078536.297 788177.3575 35733.54177 1e-06 7.403233521e-05 335279.4566 194539.1399 0.0002633323768 1e-06 0.0001616775582 1e-06 1e-06 1e-06 1e-06 1e-06 1e-06 1e-06 20237.39843 2578702.249 178668.2553 23496.09359 1e-06 95459.83042 1038042.76 568932.8723 8295.613221 1e-06 688.6193014 1e-06 1e-06 1e-06 1e-06 1e-06 1e-06 1e-06 21380.51658 6082833.229 618796.2526 65.67534825 1e-06 9576.670199 459329.1161 601803.0507 1477.161601 1e-06 0.0002965676835 1e-06 1e-06
$SSageCompEsc
 1 1 1 1 1
$obsAgeCompEsc
0 0 0 0 0 0 0.8746823 0.05165122 0 0 0 0.05757838 0.01608807 0 0 0 0 0 
0 0 0 0 0 0 0.8411736 0.09283914 0.000706114 0 0 0.06318193 0.002099246 0 0 0 0 0 
0 0 0 0 0 0.0006575879 0.5439968 0.2253518 0.008749482 0 0 0.1639435 0.05730084 0 0 0 0 0 
0 0 0 0 0 0.01756361 0.6393275 0.01327728 0.001224408 0 0.08349761 0.2055694 0.03839649 0.001143618 0 0 0 0 
0 0 0 0 0 0.01230952 0.9051726 0.01018652 0 0 0.00552684 0.0541245 0.01268002 0 0 0 0 0 
$predAgeCompEsc
1.493715323e-13 9.143124319e-14 7.15073548e-14 6.932754647e-14 -3.48102586e-14 4.935160887e-11 0.842771477 0.07506143248 7.951235052e-11 -3.48102586e-14 4.892490625e-11 0.06137642744 0.02019316413 0.0005925829428 1.493715323e-13 4.915818709e-06 7.15073548e-14 6.932754647e-14 
4.209346161e-13 2.595486207e-13 2.04104763e-13 1.980421911e-13 -8.647952344e-14 6.38853246e-11 0.8285062075 0.1039166253 0.0008797636727 -8.647952344e-14 6.279126246e-11 0.06444233312 0.002255070196 7.419505371e-11 4.209346161e-13 8.061195683e-11 2.04104763e-13 1.980421911e-13 
1.068020547e-12 4.911126705e-13 3.001974632e-13 2.795056013e-13 -7.770171277e-13 0.0006604446196 0.5296828412 0.2366088433 0.009987725077 -7.770171277e-13 7.906805517e-11 0.1646599893 0.05840015628 7.360287431e-11 1.068020547e-12 7.940189736e-11 3.001974632e-13 2.795056013e-13 
8.809889161e-13 2.313997386e-13 7.887225971e-14 6.397384371e-14 -5.638606929e-13 0.01782892371 0.5967110262 0.01409196903 0.001503135419 -5.638606929e-13 0.08409905254 0.2402028232 0.04487302127 0.0005307022637 8.809889161e-13 0.0001593463263 7.887225971e-14 6.397384371e-14 
5.535911632e-13 1.475473344e-13 1.440584122e-14 -4.879586759e-21 -7.148337714e-13 0.01183606504 0.8975058285 0.008914280559 -3.204685596e-13 -7.148337714e-13 0.005301559995 0.06777278668 0.008669479192 -7.207938234e-12 5.535911632e-13 4.375777116e-11 1.440584122e-14 -4.879586759e-21 
$SSageCompCatch
 1 1 1
$obsAgeCompCatch
0 0 0 0 0 0 0.646894 0.2183799 0.005029242 0 0 0.0757809 0.05256698 0.001332644 0 1.632401e-05 0 0 
0 0 0 0 0 0.0002497715 0.5618549 0.09420396 0.004930388 0 0.0003248354 0.1999713 0.1375192 0.0006958057 0 0.0002497715 0 0 
0 0 0 0 0 0 0.7512015 0.08858412 0.0005838676 0 0 0.0765915 0.08266109 0.0003779353 0 0 0 0 
$predAgeCompCatch
3.678316396e-15 1.657018465e-13 2.196050257e-13 2.254377367e-13 4.828272294e-13 5.871474994e-06 0.7143378964 0.1656396149 0.003196961793 4.828272294e-13 1.020327422e-05 0.07198470464 0.04418401012 0.0006346958338 3.678316396e-15 6.041585207e-06 2.196050257e-13 2.254377367e-13 
4.807278519e-15 1.879222829e-13 2.388434946e-13 2.441574209e-13 5.34817731e-13 8.833447154e-05 0.6266221648 0.08827839485 0.004458955148 5.34817731e-13 0.0003494490731 0.1562963176 0.1224173995 0.001402997474 4.807278519e-15 8.598703097e-05 2.388434946e-13 2.441574209e-13 
3.065324026e-15 1.309026248e-13 1.701875374e-13 1.743413773e-13 3.661239027e-13 6.290596253e-05 0.734262705 0.1003787394 0.0006807838414 3.661239027e-13 4.526141857e-05 0.06594293931 0.09825261828 0.0003665233372 3.065324026e-15 7.523497553e-06 1.701875374e-13 1.743413773e-13 
$genSS
 567 556 377
$obsGenComp     #GeneticFracData
0.5684971163 0.1985171678 0.1369203646 0.02182825723 0.07423709415 
0.06290383067 0.02327356049 0.042420761 0.542762365 0.3286394828 
0.01134666265 1.902277123e-05 0.01545969057 0.04800140932 0.9251732147 
$predGenComp     #catchGenComp_pred
0.5554167114 0.1960449761 0.1574944059 0.02399926506 0.0670446415 
0.0611338107 0.02271663487 0.04638068465 0.5672331243 0.3025357455 
0.01169685037 1.962103097e-05 0.01563463462 0.05146373532 0.9211851587 
#PARAMETERS_OF_INTEREST
$catchByGroup
7.975102875e-09 4.943389066e-10 7.496490628e-11 
3.615974369e-07 2.733340409e-08 4.193028802e-09 
4.797240875e-07 3.954599738e-08 6.09886724e-09 
4.924892256e-07 4.101823079e-08 6.330003442e-09 
9.801224574e-07 2.149112923e-07 3.601981894e-08 
2.634934193e-06 1.633271079e-07 2.476803095e-08 
3333040.166 251946.8458 38649.4261 
503567.4624 41511.52312 6401.994771 
0.0005648400661 4.704415648e-05 7.259934587e-06 
9.801224574e-07 2.149112923e-07 3.601981894e-08 
2.612152092e-06 1.619149532e-07 2.455388223e-08 
242734.9566 18348.50576 2814.717585 
135470.6416 11167.50602 1722.276366 
4209.592427 350.6067235 54.10622845 
7.975102875e-09 4.943389066e-10 7.496490628e-11 
19.44135706 1.469585827 0.2254390153 
4.797240875e-07 3.954599738e-08 6.09886724e-09 
4.924892256e-07 4.101823079e-08 6.330003442e-09 
7.93028812e-09 5.17753395e-10 3.53377388e-13 
3.599789885e-07 2.860969324e-08 1.980615602e-11 
4.778026525e-07 4.138029017e-08 2.883601215e-11 
4.905435388e-07 4.291927353e-08 2.993230626e-11 
9.796781648e-07 2.238596885e-07 1.729060239e-10 
1.203581296e-06 7.85795286e-08 5.363215159e-11 
1149090.393 91325.11814 63.22331118 
243265.4606 21068.10269 14.68138727 
2179.143661 190.6604724 0.1329684121 
9.796781648e-07 2.238596885e-07 1.729060239e-10 
1.182969477e-06 7.723382224e-08 5.27136792e-11 
89377.80457 7103.391178 4.917594634 
5279.046434 457.1939316 0.3185973253 
0.0001837785373 1.60793909e-05 1.12139189e-08 
7.93028812e-09 5.17753395e-10 3.53377388e-13 
0.0001118041414 8.88574692e-06 6.151498668e-09 
4.778026525e-07 4.138029017e-08 2.883601215e-11 
4.905435388e-07 4.291927353e-08 2.993230626e-11 
1.020757552e-08 1.593343523e-09 4.142299118e-10 
4.373297402e-07 8.54984169e-08 2.295431191e-08 
5.670973892e-07 1.220136731e-07 3.324399231e-08 
5.8066009e-07 1.263464924e-07 3.448584539e-08 
9.933995761e-07 5.417338546e-07 1.835098105e-07 
6.31218037 0.9852948612 0.2561522971 
471675.9987 92213.146 24757.05858 
446973.3217 96168.41446 26202.16201 
20749.04158 4514.807665 1232.301397 
9.933995761e-07 5.417338546e-07 1.835098105e-07 
7.556906528e-07 1.179589418e-07 3.066640769e-08 
146627.6776 28665.86276 7696.109226 
110322.6383 23736.43502 6467.257669 
0.0001529066016 3.327112215e-05 9.081239632e-06 
1.020757552e-08 1.593343523e-09 4.142299118e-10 
7.070640451e-05 1.382317527e-05 3.7111971e-06 
5.670973892e-07 1.220136731e-07 3.324399231e-08 
5.8066009e-07 1.263464924e-07 3.448584539e-08 
6.986014168e-10 1.897511779e-08 8.406110495e-10 
3.841219331e-08 6.582756218e-07 4.604137966e-08 
5.543184471e-08 7.90554824e-07 6.632295664e-08 
5.747755815e-08 8.026403922e-07 6.875577097e-08 
2.896316238e-07 9.999151367e-07 3.373549613e-07 
14.13787522 384.0070191 17.01178074 
99053.60928 1697496.826 118727.0093 
9903.910981 141247.0511 11849.80695 
1350.498086 18858.91378 1615.49203 
2.896316238e-07 9.999151367e-07 3.373549613e-07 
66.68837278 1811.361527 80.24458823 
39873.49915 683318.243 47792.9208 
31536.99863 449772.6268 37733.31023 
476.8115913 6658.39425 570.3712827 
6.986014168e-10 1.897511779e-08 8.406110495e-10 
26.45137772 453.3012988 31.7049827 
5.543184471e-08 7.90554824e-07 6.632295664e-08 
5.747755815e-08 8.026403922e-07 6.875577097e-08 
1.129565281e-09 3.844335062e-09 1.167942015e-08 
6.138178262e-08 1.941722557e-07 4.82356913e-07 
8.810212251e-08 2.697083434e-07 6.166003682e-07 
9.129397469e-08 2.783832027e-07 6.303228313e-07 
4.248080667e-07 8.481411821e-07 9.96813461e-07 
24.15068921 82.19386953 249.7120361 
373375.147 1181117.449 2934096.658 
54517.26325 166894.5122 381549.9971 
5.995763581 18.28291379 41.39667146 
4.248080667e-07 8.481411821e-07 9.96813461e-07 
10.81747416 36.81592903 111.8499549 
28194.43996 89188.97057 221560.5745 
53020.1261 162311.3039 371071.9826 
134.8559538 411.2169773 931.0886823 
1.129565281e-09 3.844335062e-09 1.167942015e-08 
1.820385308e-05 5.758521606e-05 0.0001430514723 
8.810212251e-08 2.697083434e-07 6.166003682e-07 
9.129397469e-08 2.783832027e-07 6.303228313e-07 
$escByGroup
 9.914555933e-07 6.068761302e-07 4.746310479e-07 4.601625402e-07 4.32800067e-194 0.0003275719805 5593907.233 498221.2871 0.0005277643167 4.32800067e-194 0.000324739736 407386.8786 134032.4037 3933.277407 9.914555933e-07 32.62881407 4.746310479e-07 4.601625402e-07 9.915516051e-07 6.113915121e-07 4.807882213e-07 4.665072553e-07 4.90892088e-194 0.0001504879706 1951625.332 244785.5145 2072.367176 4.90892088e-194 0.000147910803 151800.0573 5312.032765 0.0001747735201 9.915516051e-07 0.000189889147 4.807882213e-07 4.665072553e-07 9.87784851e-07 4.54217531e-07 2.776449453e-07 2.585075722e-07 1.391511035e-194 610.828314 489890.0941 218833.4593 9237.391128 1.391511035e-194 7.312801921e-05 152289.807 54012.80885 6.80734134e-05 9.87784851e-07 7.34367813e-05 2.776449453e-07 2.585075722e-07 9.794856697e-07 2.572708053e-07 8.769037466e-08 7.112627867e-08 1.595146361e-194 19822.24176 663424.8042 15667.48625 1671.1897 1.595146361e-194 93501.53593 267058.0967 49889.93673 590.0360977 9.794856697e-07 177.1616422 8.769037466e-08 7.112627867e-08 9.833466795e-07 2.620890487e-07 2.558916592e-08 1.153717418e-186 7.875487225e-195 21024.45998 1594243.975 15834.47998 1.756697831e-194 7.875487225e-195 9417.186841 120385.1311 15399.63811 7.81036692e-196 9.833466795e-07 7.772714204e-05 2.558916592e-08 1.153717418e-186
$catchByGroup
7.975102875e-09 3.615974369e-07 4.797240875e-07 4.924892256e-07 9.801224574e-07 2.634934193e-06 3333040.166 503567.4624 0.0005648400661 9.801224574e-07 2.612152092e-06 242734.9566 135470.6416 4209.592427 7.975102875e-09 19.44135706 4.797240875e-07 4.924892256e-07 7.93028812e-09 3.599789885e-07 4.778026525e-07 4.905435388e-07 9.796781648e-07 1.203581296e-06 1149090.393 243265.4606 2179.143661 9.796781648e-07 1.182969477e-06 89377.80457 5279.046434 0.0001837785373 7.93028812e-09 0.0001118041414 4.778026525e-07 4.905435388e-07 1.020757552e-08 4.373297402e-07 5.670973892e-07 5.8066009e-07 9.933995761e-07 6.31218037 471675.9987 446973.3217 20749.04158 9.933995761e-07 7.556906528e-07 146627.6776 110322.6383 0.0001529066016 1.020757552e-08 7.070640451e-05 5.670973892e-07 5.8066009e-07 6.986014168e-10 3.841219331e-08 5.543184471e-08 5.747755815e-08 2.896316238e-07 14.13787522 99053.60928 9903.910981 1350.498086 2.896316238e-07 66.68837278 39873.49915 31536.99863 476.8115913 6.986014168e-10 26.45137772 5.543184471e-08 5.747755815e-08 1.129565281e-09 6.138178262e-08 8.810212251e-08 9.129397469e-08 4.248080667e-07 24.15068921 373375.147 54517.26325 5.995763581 4.248080667e-07 10.81747416 28194.43996 53020.1261 134.8559538 1.129565281e-09 1.820385308e-05 8.810212251e-08 9.129397469e-08 
4.943389066e-10 2.733340409e-08 3.954599738e-08 4.101823079e-08 2.149112923e-07 1.633271079e-07 251946.8458 41511.52312 4.704415648e-05 2.149112923e-07 1.619149532e-07 18348.50576 11167.50602 350.6067235 4.943389066e-10 1.469585827 3.954599738e-08 4.101823079e-08 5.17753395e-10 2.860969324e-08 4.138029017e-08 4.291927353e-08 2.238596885e-07 7.85795286e-08 91325.11814 21068.10269 190.6604724 2.238596885e-07 7.723382224e-08 7103.391178 457.1939316 1.60793909e-05 5.17753395e-10 8.88574692e-06 4.138029017e-08 4.291927353e-08 1.593343523e-09 8.54984169e-08 1.220136731e-07 1.263464924e-07 5.417338546e-07 0.9852948612 92213.146 96168.41446 4514.807665 5.417338546e-07 1.179589418e-07 28665.86276 23736.43502 3.327112215e-05 1.593343523e-09 1.382317527e-05 1.220136731e-07 1.263464924e-07 1.897511779e-08 6.582756218e-07 7.90554824e-07 8.026403922e-07 9.999151367e-07 384.0070191 1697496.826 141247.0511 18858.91378 9.999151367e-07 1811.361527 683318.243 449772.6268 6658.39425 1.897511779e-08 453.3012988 7.90554824e-07 8.026403922e-07 3.844335062e-09 1.941722557e-07 2.697083434e-07 2.783832027e-07 8.481411821e-07 82.19386953 1181117.449 166894.5122 18.28291379 8.481411821e-07 36.81592903 89188.97057 162311.3039 411.2169773 3.844335062e-09 5.758521606e-05 2.697083434e-07 2.783832027e-07 
7.496490628e-11 4.193028802e-09 6.09886724e-09 6.330003442e-09 3.601981894e-08 2.476803095e-08 38649.4261 6401.994771 7.259934587e-06 3.601981894e-08 2.455388223e-08 2814.717585 1722.276366 54.10622845 7.496490628e-11 0.2254390153 6.09886724e-09 6.330003442e-09 3.53377388e-13 1.980615602e-11 2.883601215e-11 2.993230626e-11 1.729060239e-10 5.363215159e-11 63.22331118 14.68138727 0.1329684121 1.729060239e-10 5.27136792e-11 4.917594634 0.3185973253 1.12139189e-08 3.53377388e-13 6.151498668e-09 2.883601215e-11 2.993230626e-11 4.142299118e-10 2.295431191e-08 3.324399231e-08 3.448584539e-08 1.835098105e-07 0.2561522971 24757.05858 26202.16201 1232.301397 1.835098105e-07 3.066640769e-08 7696.109226 6467.257669 9.081239632e-06 4.142299118e-10 3.7111971e-06 3.324399231e-08 3.448584539e-08 8.406110495e-10 4.604137966e-08 6.632295664e-08 6.875577097e-08 3.373549613e-07 17.01178074 118727.0093 11849.80695 1615.49203 3.373549613e-07 80.24458823 47792.9208 37733.31023 570.3712827 8.406110495e-10 31.7049827 6.632295664e-08 6.875577097e-08 1.167942015e-08 4.82356913e-07 6.166003682e-07 6.303228313e-07 9.96813461e-07 249.7120361 2934096.658 381549.9971 41.39667146 9.96813461e-07 111.8499549 221560.5745 371071.9826 931.0886823 1.167942015e-08 0.0001430514723 6.166003682e-07 6.303228313e-07 
$Fmort
 0.799871929 0.7302590986 0.3728460473
#ESTIMATED_PARAMETERS
$availability
1.42687626 1.418826163 1.828357421 0.1245356438 0.2014045127 
0.09651350833 0.1010860792 0.3112515931 3.73932981 0.7518190109 
0.02866009716 0.0001350959129 0.1583925672 0.32150007 4.491312171 
$availabilityVector
 1.42687626 0.09651350833 0.02866009716 1.418826163 0.1010860792 0.0001350959129 1.828357421 0.3112515931 0.1583925672 0.1245356438 3.73932981 0.32150007 0.2014045127 0.7518190109 4.491312171
$selectivity
 0.007015636511 0.3932174145 0.5724923768 0.5942578487 3.433016724
$RunSize
 1e-06 1e-06 1e-06 1e-06 1e-06 0.0003303950098 9217543.671 1049702.267 0.001146908474 1e-06 0.0003275383569 671285.0586 282392.8277 8547.582786 1e-06 53.76519598 1e-06 1e-06 1e-06 1e-06 1e-06 1e-06 1e-06 0.0001517701851 3192104.066 509133.7592 4442.304278 1e-06 0.000149171059 248286.1706 11048.59173 0.0003746426623 1e-06 0.0003105851868 1e-06 1e-06 1e-06 1e-06 1e-06 1e-06 1e-06 618.3819415 1078536.297 788177.3575 35733.54177 1e-06 7.403233521e-05 335279.4566 194539.1399 0.0002633323768 1e-06 0.0001616775582 1e-06 1e-06 1e-06 1e-06 1e-06 1e-06 1e-06 20237.39843 2578702.249 178668.2553 23496.09359 1e-06 95459.83042 1038042.76 568932.8723 8295.613221 1e-06 688.6193014 1e-06 1e-06 1e-06 1e-06 1e-06 1e-06 1e-06 21380.51658 6082833.229 618796.2526 65.67534825 1e-06 9576.670199 459329.1161 601803.0507 1477.161601 1e-06 0.0002965676835 1e-06 1e-06
