$ndistricts
3
$ngroups
90
$nstocks
5
$nagecomps
18
$AgeCompLabels
 0.1 0.2 0.3 0.4 0.5 1.1 1.2 1.3 1.4 1.5 2.1 2.2 2.3 2.4 3.1 3.2 3.3 3.4
$navailpar
15
$nselectpar
5
$GENdata
 -1 -1 -1
$maxGradient
7.816695515e-06
#LIKELIHOOD_VALUES_AND_PENALTIES
$totalNLL
766.0615429
$NLLcatch
0.6773740579
$NLLescape
-6.796584313
$NLLagecompCatch
332.687773
$NLLagecompEsc
439.4929802
$NLLgenetics
0
$NLLselOne
9.497814529e-16
$NLLavailOne
1.945099676e-09
$NLLextra
2.9e-198
$sigmaCat
0.5
$sigmaEsc
0.1
#OBSERVED_AND_PREDICTED_VALUES
$predEsc
 1398358.018 799382.2881 1102441.25 1081536.159 685396.7826
$obsEsc
 1450578 782212.5 1078098 1076460 692167
$predCatch
 7962912.774 10809112.8 4411053.944
$obsCatch
 7962914 10809115 4411055
$RunSize
 0 0 3473.734384 3.13777887e-09 0 198.8993225 604661.6218 1101251.079 3.13777887e-09 0 1843.278705 932559.454 1511750.849 3.13777887e-09 0 3.13777887e-09 3.13777887e-09 0 0 0 34211.39446 3.13777887e-09 0 2.824000983e-08 2.980889927e-08 2246563.96 4040.839025 0 1.098222605e-08 7.844447175e-09 1.412000492e-08 1686.069426 0 1.412000492e-08 6.27555774e-09 0 0 0 5440.31779 3.13777887e-09 0 117.0921841 153557.6445 3421918.482 4844.767256 0 465.1488284 134492.5747 792916.5892 3.13777887e-09 0 3.13777887e-09 3.13777887e-09 0 0 0 10645.74557 303.9230765 0 3.13777887e-09 233338.1044 2796362.897 4942.943593 0 37893.05809 3135726.607 5817717.296 424.2072028 0 12773.47968 27630.93086 0 0 1050.843446 57668.49067 3.13777887e-09 0 1898.929635 313506.5075 3747366.162 2423.363985 0 8880.76596 439420.854 643377.9911 847.119129 0 2.7769343e-07 4.706668305e-09 0
$SSageCompEsc
 1305 0 1290 1252 1260
$obsAgeCompEsc
0 0 0.000755112 0 0 0.0001209399 0.1474475 0.2400967 0 0 0.001182249 0.2507991 0.3595984 0 0 0 0 0 
0 0 0 0 0 0 0.6011158 0.250188 0 0 0 0.1026919 0.0460043 0 0 0 0 0 
0 0 0.001163362 0 0 9.419617e-05 0.03779584 0.7341254 0.00110984 0 0.0003933811 0.03698504 0.1883329 0 0 0 0 0 
0 0 0.0004844961 0 0 0 0.0232322 0.2037473 0.0006459948 0 0.03028649 0.2649308 0.473898 0 0 0.0007792799 0.001995359 0 
0 0.0003992016 0.008890604 0 0 0.002329299 0.08628209 0.7263553 0.0005572189 0 0.01153112 0.08241395 0.08124124 0 0 0 0 0 
$predAgeCompEsc
0 0 0.0008206998067 7.725888106e-16 0 0.0001304492718 0.1496668867 0.2601800966 7.725888106e-16 0 0.001208925007 0.2308287232 0.3571642194 7.725888106e-16 0 7.766684335e-16 7.413274096e-16 0 
0 0 0.0149608974 1.424522733e-15 0 3.245780801e-14 1.359790043e-14 0.9824391389 0.001834503734 0 1.262248089e-14 3.578394849e-15 6.174783232e-15 0.0007654600042 0 6.441110728e-15 2.744348103e-15 0 
0 0 0.001199680577 7.327059072e-16 0 9.554298044e-05 0.03611849752 0.7545899519 0.001131306486 0 0.0003795445934 0.03163417712 0.1748512988 7.327059072e-16 0 7.380411354e-16 6.919324406e-16 0 
0 0 0.000810623502 2.734347652e-05 0 2.505526785e-15 0.02141650413 0.2129298948 0.0004447087849 0 0.03025773197 0.2878068373 0.4429918352 3.816524833e-05 0 0.001172390087 0.00210396555 0 
0 0.0002236329857 0.01069468323 6.578307246e-16 0 0.002447754276 0.06671821245 0.6949530598 0.0005080546949 0 0.01144746622 0.09351440302 0.1193151361 0.0001775972793 0 5.909672947e-14 8.728566675e-16 0 
$SSageCompCatch
 6608 7259 4441
$obsAgeCompCatch
0 0 0.004009593 0 0 0 0.05724671 0.6611082 0.0008922585 0 0 0.06472074 0.2116762 0.0001365153 0 9.693363e-05 0.0001128319 0 
0 0 0.002421353 5.600615e-05 0 0.0001515271 0.02488592 0.3078217 0.0001857538 0 0.000647336 0.2688923 0.3917656 9.856756e-05 0 0.001124297 0.001949647 0 
0 0 0.01060727 0 0 0 0.03029872 0.5849409 0.0004023171 0 0 0.1244527 0.2479122 0.0003148862 0 0.0003738018 0.0006971783 0 
$predAgeCompCatch
0 4.148661921e-06 0.003604553566 3.119962383e-06 0 3.940974091e-06 0.06007616784 0.5798159535 0.0007530284277 0 6.293715085e-05 0.1124729861 0.2426495693 0.000130614635 0 0.0001306076685 0.0002923722077 0 
0 1.338826724e-05 0.00173773216 2.150915533e-05 0 2.560521375e-06 0.02533954517 0.2935093247 0.0004345952782 0 0.0004451629579 0.2338374786 0.4417255405 4.80175393e-05 0 0.0009023308714 0.001982814249 0 
0 0.0001631844459 0.009366715715 3.856503166e-06 0 4.31720702e-05 0.05322696355 0.6429739745 0.0004568450991 0 0.0002469814686 0.1101748572 0.1826791408 0.0001413265292 0 0.0001614316619 0.0003615505031 0 
$genSS
 -1 -1 -1
$obsGenComp     #GeneticFracData
0 0 0 0 0 
0 0 0 0 0 
0 0 0 0 0 
$predGenComp     #catchGenComp_pred
0 0 0 0 0 
0 0 0 0 0 
0 0 0 0 0 
#PARAMETERS_OF_INTEREST
$catchByGroup
0 0 0 
0 0 0 
2051.930013 238.2291374 35.94307857 
1.817247208e-09 2.087151139e-10 3.146078994e-11 
0 0 0 
15.06060627 1.241665127 0.1822659772 
349276.7966 40059.29819 6037.636053 
650507.4628 75523.93637 11394.75552 
1.817247208e-09 2.087151139e-10 3.146078994e-11 
0 0 0 
139.5725962 11.50700193 1.689130914 
538683.7314 61782.78213 9311.744582 
892989.0994 103676.0618 15642.23787 
1.817247208e-09 2.087151139e-10 3.146078994e-11 
0 0 0 
1.812506884e-09 2.07880267e-10 3.133118781e-11 
1.853481564e-09 2.151892663e-10 3.246691312e-11 
0 0 0 
0 0 0 
0 0 0 
20252.77939 1619.927771 379.2109054 
1.821281918e-09 1.440559066e-10 3.370280305e-11 
0 0 0 
2.145592019e-09 1.204893193e-10 2.773165557e-11 
1.725712371e-08 1.362996655e-09 3.188581423e-10 
1329941.821 106376.0015 24901.69041 
2345.451147 185.5155361 43.40254921 
0 0 0 
8.343968962e-10 4.685695751e-11 1.078453272e-11 
4.541348345e-09 3.586833302e-10 8.391003745e-11 
8.358891796e-09 6.685897623e-10 1.565110085e-10 
978.6565228 77.40770457 18.11002883 
0 0 0 
8.174427022e-09 6.456299944e-10 1.510380674e-10 
3.71506302e-09 2.971510055e-10 6.956044821e-11 
0 0 0 
0 0 0 
0 0 0 
3623.14352 458.1317087 36.46520663 
2.053284843e-09 2.563499184e-10 2.037889249e-11 
0 0 0 
10.78785061 0.9044187851 0.06939197991 
100250.3613 12495.56855 993.1931828 
2278929.697 288161.3578 22936.33742 
3170.295801 395.8072708 31.46524824 
0 0 0 
42.85474824 3.592804604 0.2756597154 
87803.69901 10944.17144 869.8825039 
528066.6889 66771.87729 5314.738657 
2.053284843e-09 2.563499184e-10 2.037889249e-11 
0 0 0 
2.048504106e-09 2.5533298e-10 2.029479283e-11 
2.089698363e-09 2.64233828e-10 2.103181455e-11 
0 0 0 
0 0 0 
0 0 0 
896.9920877 8257.577277 614.4575792 
24.84398831 232.4948862 17.0112435 
0 0 0 
2.425049562e-11 3.873106057e-10 1.639995214e-11 
18998.40227 178169.0683 13007.9102 
235616.6955 2169052.657 161402.1643 
404.057613 3781.249917 276.6674319 
0 0 0 
292.858572 4677.31599 198.0523055 
255311.046 2394334.562 174807.4976 
490190.7853 4512624.298 335790.5242 
34.67653364 324.5097623 23.74381078 
0 0 0 
1040.017472 9753.396172 712.0837687 
2328.134388 21432.46288 1594.818772 
0 0 0 
0 0 0 
33.03543301 144.7152908 719.8153937 
1877.900633 8209.477036 40251.01152 
9.90461144e-11 4.337805649e-10 2.154077129e-09 
0 0 0 
5.53317605 25.53088045 190.1826726 
9855.724237 43174.06704 214748.268 
122028.1857 533461.4465 2615557.938 
76.49512489 335.0166606 1663.633147 
0 0 0 
25.87712605 119.4008298 889.431485 
13814.10165 60514.16782 300998.1135 
20950.78131 91588.9558 449060.0436 
26.73988883 117.1095318 581.5451045 
0 0 0 
8.729866218e-09 3.824212409e-08 1.902167315e-07 
1.532666329e-10 6.70024218e-10 3.285124303e-09 
0 0 0 
$escByGroup
 5e-101 5e-101 1147.632155 1.080355758e-09 5e-101 182.4147852 209287.891 363824.9242 1.080355758e-09 5e-101 1690.509976 322781.1959 499443.4499 1.080355758e-09 5e-101 1.086060531e-09 1.036641127e-09 5e-101 5e-101 5e-101 11959.4764 1.138738242e-09 5e-101 2.594619684e-08 1.086992076e-08 785344.4468 1466.469792 5e-101 1.009018766e-08 2.860505462e-09 4.936012349e-09 611.8951697 5e-101 5.148909832e-09 2.193783266e-09 5e-101 5e-101 5e-101 1322.577354 8.07765216e-10 5e-101 105.3305228 39818.52153 831891.0896 1247.198936 5e-101 418.4256158 34874.82175 192763.2843 8.07765216e-10 5e-101 8.136469915e-10 7.628148644e-10 5e-101 5e-101 5e-101 876.7186291 29.57295858 5e-101 2.709817817e-09 23162.72363 230291.3806 480.9686313 5e-101 32724.83123 311273.5015 479111.6881 41.2770961 5e-101 1267.982272 2275.51482 5e-101 5e-101 153.2773289 7330.101475 4.508750621e-10 5e-101 1677.682905 45728.44815 476318.5912 348.2190533 5e-101 7846.056519 64094.47095 81778.21037 121.7246038 5e-101 4.050470824e-08 5.982531516e-10 5e-101
$catchByGroup
0 0 2051.930013 1.817247208e-09 0 15.06060627 349276.7966 650507.4628 1.817247208e-09 0 139.5725962 538683.7314 892989.0994 1.817247208e-09 0 1.812506884e-09 1.853481564e-09 0 0 0 20252.77939 1.821281918e-09 0 2.145592019e-09 1.725712371e-08 1329941.821 2345.451147 0 8.343968962e-10 4.541348345e-09 8.358891796e-09 978.6565228 0 8.174427022e-09 3.71506302e-09 0 0 0 3623.14352 2.053284843e-09 0 10.78785061 100250.3613 2278929.697 3170.295801 0 42.85474824 87803.69901 528066.6889 2.053284843e-09 0 2.048504106e-09 2.089698363e-09 0 0 0 896.9920877 24.84398831 0 2.425049562e-11 18998.40227 235616.6955 404.057613 0 292.858572 255311.046 490190.7853 34.67653364 0 1040.017472 2328.134388 0 0 33.03543301 1877.900633 9.90461144e-11 0 5.53317605 9855.724237 122028.1857 76.49512489 0 25.87712605 13814.10165 20950.78131 26.73988883 0 8.729866218e-09 1.532666329e-10 0 
0 0 238.2291374 2.087151139e-10 0 1.241665127 40059.29819 75523.93637 2.087151139e-10 0 11.50700193 61782.78213 103676.0618 2.087151139e-10 0 2.07880267e-10 2.151892663e-10 0 0 0 1619.927771 1.440559066e-10 0 1.204893193e-10 1.362996655e-09 106376.0015 185.5155361 0 4.685695751e-11 3.586833302e-10 6.685897623e-10 77.40770457 0 6.456299944e-10 2.971510055e-10 0 0 0 458.1317087 2.563499184e-10 0 0.9044187851 12495.56855 288161.3578 395.8072708 0 3.592804604 10944.17144 66771.87729 2.563499184e-10 0 2.5533298e-10 2.64233828e-10 0 0 0 8257.577277 232.4948862 0 3.873106057e-10 178169.0683 2169052.657 3781.249917 0 4677.31599 2394334.562 4512624.298 324.5097623 0 9753.396172 21432.46288 0 0 144.7152908 8209.477036 4.337805649e-10 0 25.53088045 43174.06704 533461.4465 335.0166606 0 119.4008298 60514.16782 91588.9558 117.1095318 0 3.824212409e-08 6.70024218e-10 0 
0 0 35.94307857 3.146078994e-11 0 0.1822659772 6037.636053 11394.75552 3.146078994e-11 0 1.689130914 9311.744582 15642.23787 3.146078994e-11 0 3.133118781e-11 3.246691312e-11 0 0 0 379.2109054 3.370280305e-11 0 2.773165557e-11 3.188581423e-10 24901.69041 43.40254921 0 1.078453272e-11 8.391003745e-11 1.565110085e-10 18.11002883 0 1.510380674e-10 6.956044821e-11 0 0 0 36.46520663 2.037889249e-11 0 0.06939197991 993.1931828 22936.33742 31.46524824 0 0.2756597154 869.8825039 5314.738657 2.037889249e-11 0 2.029479283e-11 2.103181455e-11 0 0 0 614.4575792 17.0112435 0 1.639995214e-11 13007.9102 161402.1643 276.6674319 0 198.0523055 174807.4976 335790.5242 23.74381078 0 712.0837687 1594.818772 0 0 719.8153937 40251.01152 2.154077129e-09 0 190.1826726 214748.268 2615557.938 1663.633147 0 889.431485 300998.1135 449060.0436 581.5451045 0 1.902167315e-07 3.285124303e-09 0 
$Fmort
 0.6028667337 0.3719946974 0.2575810283
#ESTIMATED_PARAMETERS
$availability
1.4851545 1.4904055 1.823068357 0.1463384521 0.05503964531 
0.1914217929 0.1306991979 0.2370202286 4.027095714 0.4137652429 
0.04047206131 0.04337187881 0.02616941697 0.23133515 4.65865 
$availabilityVector
 1.4851545 0.1914217929 0.04047206131 1.4904055 0.1306991979 0.04337187881 1.823068357 0.2370202286 0.02616941697 0.1463384521 4.027095714 0.23133515 0.05503964531 0.4137652429 4.65865
$selectivity
 0.0879431812 0.9626372247 0.9977139844 0.966639325 1.98506629
$RunSize
 0 0 3473.734384 3.13777887e-09 0 198.8993225 604661.6218 1101251.079 3.13777887e-09 0 1843.278705 932559.454 1511750.849 3.13777887e-09 0 3.13777887e-09 3.13777887e-09 0 0 0 34211.39446 3.13777887e-09 0 2.824000983e-08 2.980889927e-08 2246563.96 4040.839025 0 1.098222605e-08 7.844447175e-09 1.412000492e-08 1686.069426 0 1.412000492e-08 6.27555774e-09 0 0 0 5440.31779 3.13777887e-09 0 117.0921841 153557.6445 3421918.482 4844.767256 0 465.1488284 134492.5747 792916.5892 3.13777887e-09 0 3.13777887e-09 3.13777887e-09 0 0 0 10645.74557 303.9230765 0 3.13777887e-09 233338.1044 2796362.897 4942.943593 0 37893.05809 3135726.607 5817717.296 424.2072028 0 12773.47968 27630.93086 0 0 1050.843446 57668.49067 3.13777887e-09 0 1898.929635 313506.5075 3747366.162 2423.363985 0 8880.76596 439420.854 643377.9911 847.119129 0 2.7769343e-07 4.706668305e-09 0
