$ndistricts
3
$ngroups
90
$nstocks
5
$nagecomps
18
$AgeCompLabels
 0.1 0.2 0.3 0.4 0.5 1.1 1.2 1.3 1.4 1.5 2.1 2.2 2.3 2.4 3.1 3.2 3.3 3.4
$navailpar
15
$nselectpar
5
$GENdata
 1 1 1
$maxGradient
5.691452853e-06
#LIKELIHOOD_VALUES_AND_PENALTIES
$totalNLL
1133.593436
$NLLcatch
0.6773740579
$NLLescape
-6.900686041
$NLLagecompCatch
347.353857
$NLLagecompEsc
510.4658958
$NLLgenetics
281.9969951
$NLLselOne
2.017690795e-16
$NLLavailOne
1.592890685e-16
$NLLextra
9.99965389e-10
$sigmaCat
0.5
$sigmaEsc
0.1
#OBSERVED_AND_PREDICTED_VALUES
$predEsc
 4688089.278 3230621.481 2780528.142 1849311.356 2902367.453
$obsEsc
 4703520 3236904 2796534 1832196 2859930
$predCatch
 6997083.443 8553481.71 5205875.286
$obsCatch
 6997084 8553483 5205876
$RunSize
 0 0 0 0 0 12057.38981 5452089.099 1570080.657 4.017400523e-09 0 7991.972293 496955.9676 183724.3466 4.017400523e-09 0 0 0 0 0 0 0 0 0 4.017400523e-09 1958668.457 2406799.545 16589.19445 0 1328.432937 308346.2711 641919.4732 4.017400523e-09 0 0 0 0 0 0 0 0 0 26141.45718 3400120.697 1512725.129 48854.46536 0 6861.329834 324368.4086 338287.222 10380.08305 0 0 0 0 0 0 0 0 0 283629.7486 3560489.642 439182.953 8641.227936 0 353449.7137 2061372.718 625802.2766 4.017400523e-09 0 0 0 0 0 0 0 0 0 19724.97379 6334041.126 2760682.586 1290.163873 0 3160.495559 806808.3564 219030.8309 5761.738876 0 0 0 0
$SSageCompEsc
 1 1 1 1 1
$obsAgeCompEsc
0 0 0 0 0 0.002465175 0.7604347 0.1509114 0 0 0.001683845 0.06604947 0.01845533 0 0 0 0 0 
0 0 0 0 0 0 0.4227577 0.4002967 0.002158853 0 0.0004065613 0.064638 0.1097422 0 0 0 0 0 
0 0 0 0 0 0.008972535 0.6816166 0.1938335 0.004020334 0 0.002412272 0.06238151 0.04515518 0.001608062 0 0 0 0 
0 0 0 0 0 0.146612 0.4337855 0.01225851 0 0 0.1826753 0.2092325 0.01543612 0 0 0 0 0 
0 0 0 0 0 0.00673513 0.7601613 0.1539226 0 0 0.001078348 0.06571664 0.01238597 0 0 0 0 0 
$predAgeCompEsc
0 0 0 0 0 0.002523486554 0.7369919871 0.1715600825 4.086976933e-16 0 0.001672636859 0.06717655551 0.02007525149 4.086976933e-16 0 0 0 0 
0 0 0 0 0 1.22221382e-15 0.4051972878 0.4167481523 0.002710389827 0 0.0004041491717 0.06378878073 0.1111512402 6.563743372e-16 0 0 0 0 
0 0 0 0 0 0.009167120661 0.6562675648 0.2141429439 0.00620276681 0 0.002406087696 0.06260732621 0.04788829127 0.001317898664 0 0 0 0 
0 0 0 0 0 0.1452311154 0.4109126129 0.01029855454 -5.407324683e-12 0 0.1809820599 0.237901001 0.01467465628 -2.51392345e-24 0 0 0 0 
0 0 0 0 0 0.006550339113 0.7467580312 0.1392517473 4.074713698e-05 0 0.001049548552 0.09511946763 0.01104814659 0.0001819725138 0 0 0 0 
$SSageCompCatch
 1 1 1
$obsAgeCompCatch
0 0 0 0 0 0.0005806705 0.4463549 0.3954729 0.007614601 0 0 0.06521059 0.08413748 0.0006288334 0 0 0 0 
0 0 0 0 0 0.001602622 0.5166311 0.1851566 0.001487815 0 0.002335657 0.2167235 0.0760627 0 0 0 0 0 
0 0 0 0 0 0 0.5530287 0.2807136 0.0004996277 0 0 0.1316288 0.03310355 0.001025764 0 0 0 0 
$predAgeCompCatch
0 0 0 0 0 0.0002043873809 0.5218817507 0.3295751123 0.004662558271 0 0.0001654733105 0.06709553396 0.07565212709 0.0007630569646 0 0 0 0 
0 0 0 0 0 0.001611592596 0.5357982226 0.1932160062 0.001711355057 0 0.001963449613 0.1899655655 0.0753451276 0.0003886808457 0 0 0 0 
0 0 0 0 0 0.0002746736535 0.5675612863 0.2999412542 0.0003824954737 0 0.0002428238558 0.09458514803 0.03638121072 0.000631107847 0 0 0 0 
$genSS
 554 557 366
$obsGenComp     #GeneticFracData
0.363238187 0.2444423756 0.3307526944 0.05983574686 0.00173099625 
0.06669871423 0.02341106533 0.06432097852 0.5241237725 0.3214454694 
0.004830439401 0.01130575223 0.001519678947 0.09324880681 0.8890953226 
$predGenComp     #catchGenComp_pred
0.3484737983 0.2635698559 0.3315746592 0.05472314549 0.001658541165 
0.06677252831 0.02345785129 0.06536541677 0.5359189478 0.3084852558 
0.004873783695 0.01117262947 0.001546943715 0.09919207851 0.8832145646 
#PARAMETERS_OF_INTEREST
$catchByGroup
0 0 0 
0 0 0 
0 0 0 
0 0 0 
0 0 0 
187.3967914 38.03292978 1.629831726 
1609200.521 371371.65 16432.69593 
610653.873 148478.0296 6659.770834 
1.670138924e-09 4.12662116e-10 1.858820919e-11 
0 0 0 
124.2117894 25.20928043 1.08029766 
146678.0508 33850.39281 1497.834345 
71456.19132 17374.2851 779.2988464 
1.670138924e-09 4.12662116e-10 1.858820919e-11 
0 0 0 
0 0 0 
0 0 0 
0 0 0 
0 0 0 
0 0 0 
0 0 0 
0 0 0 
0 0 0 
6.170653579e-11 5.586174306e-12 1.59759248e-12 
572388.5153 59921.85798 17319.02167 
927494.5938 103035.3577 29914.0603 
6834.813647 773.307799 224.8294024 
0 0 0 
20.40448645 1.847179014 0.5282755496 
90109.10636 9433.286883 2726.472534 
247372.841 27480.64444 7978.403465 
1.655184886e-09 1.872717308e-10 5.444687274e-11 
0 0 0 
0 0 0 
0 0 0 
0 0 0 
0 0 0 
0 0 0 
0 0 0 
0 0 0 
0 0 0 
543.2955277 107.2559251 1.468753276 
1272838.778 298248.2883 4263.198405 
731175.4886 183448.9273 2670.231371 
25086.53402 6426.883672 94.07999525 
0 0 0 
142.5983941 28.15138703 0.3855026367 
121427.6567 28452.61427 406.7052336 
163511.0835 41024.25933 597.1376659 
5330.12294 1365.516658 19.98912805 
0 0 0 
0 0 0 
0 0 0 
0 0 0 
0 0 0 
0 0 0 
0 0 0 
0 0 0 
0 0 0 
698.5194289 13401.96598 951.7122229 
190744.7723 2352397.114 257442.3944 
32765.80053 343324.2936 44047.625 
700.9350748 6999.18207 941.1108018 
0 0 0 
870.4710751 16701.07266 1185.991295 
110433.1453 1361938.306 149048.2438 
46688.77155 489210.9839 62764.51263 
3.258723132e-10 3.253995603e-09 4.375326118e-10 
0 0 0 
0 0 0 
0 0 0 
0 0 0 
0 0 0 
0 0 0 
0 0 0 
0 0 0 
0 0 0 
0.9038108495 237.4729584 475.1059766 
6477.570464 1501001.387 2659195.963 
3974.805747 874382.9665 1478165.075 
2.026538685 438.6706363 731.2035341 
0 0 0 
0.1448159174 38.04984678 76.12533964 
825.0906295 191192.3902 338719.2287 
315.3586037 69372.99806 117276.6932 
9.050312885 1959.057847 3265.479616 
0 0 0 
0 0 0 
0 0 0 
0 0 0 
$escByGroup
 5e-101 5e-101 5e-101 5e-101 5e-101 11830.33026 3455084.233 804288.9833 1.916011274e-09 5e-101 7841.470925 314929.6896 94114.57129 1.916011274e-09 5e-101 5e-101 5e-101 5e-101 5e-101 5e-101 5e-101 5e-101 5e-101 3.948510221e-09 1309039.062 1346355.533 8756.243597 5e-101 1305.652996 206077.4053 359087.5843 2.120497033e-09 5e-101 5e-101 5e-101 5e-101 5e-101 5e-101 5e-101 5e-101 5e-101 25489.43698 1824770.432 595430.4818 17246.96767 5e-101 6690.19455 174081.4324 133154.7415 3664.454322 5e-101 5e-101 5e-101 5e-101 5e-101 5e-101 5e-101 5e-101 5e-101 268577.5509 759905.3616 19045.23387 1.000017306e-195 5e-101 334692.1787 439953.0228 27138.00851 2.150987637e-183 5e-101 5e-101 5e-101 5e-101 5e-101 5e-101 5e-101 5e-101 5e-101 19011.49104 2167366.205 404159.7389 118.2631641 5e-101 3046.175557 276071.6469 32065.78108 528.1511013 5e-101 5e-101 5e-101 5e-101
$catchByGroup
0 0 0 0 0 187.3967914 1609200.521 610653.873 1.670138924e-09 0 124.2117894 146678.0508 71456.19132 1.670138924e-09 0 0 0 0 0 0 0 0 0 6.170653579e-11 572388.5153 927494.5938 6834.813647 0 20.40448645 90109.10636 247372.841 1.655184886e-09 0 0 0 0 0 0 0 0 0 543.2955277 1272838.778 731175.4886 25086.53402 0 142.5983941 121427.6567 163511.0835 5330.12294 0 0 0 0 0 0 0 0 0 698.5194289 190744.7723 32765.80053 700.9350748 0 870.4710751 110433.1453 46688.77155 3.258723132e-10 0 0 0 0 0 0 0 0 0 0.9038108495 6477.570464 3974.805747 2.026538685 0 0.1448159174 825.0906295 315.3586037 9.050312885 0 0 0 0 
0 0 0 0 0 38.03292978 371371.65 148478.0296 4.12662116e-10 0 25.20928043 33850.39281 17374.2851 4.12662116e-10 0 0 0 0 0 0 0 0 0 5.586174306e-12 59921.85798 103035.3577 773.307799 0 1.847179014 9433.286883 27480.64444 1.872717308e-10 0 0 0 0 0 0 0 0 0 107.2559251 298248.2883 183448.9273 6426.883672 0 28.15138703 28452.61427 41024.25933 1365.516658 0 0 0 0 0 0 0 0 0 13401.96598 2352397.114 343324.2936 6999.18207 0 16701.07266 1361938.306 489210.9839 3.253995603e-09 0 0 0 0 0 0 0 0 0 237.4729584 1501001.387 874382.9665 438.6706363 0 38.04984678 191192.3902 69372.99806 1959.057847 0 0 0 0 
0 0 0 0 0 1.629831726 16432.69593 6659.770834 1.858820919e-11 0 1.08029766 1497.834345 779.2988464 1.858820919e-11 0 0 0 0 0 0 0 0 0 1.59759248e-12 17319.02167 29914.0603 224.8294024 0 0.5282755496 2726.472534 7978.403465 5.444687274e-11 0 0 0 0 0 0 0 0 0 1.468753276 4263.198405 2670.231371 94.07999525 0 0.3855026367 406.7052336 597.1376659 19.98912805 0 0 0 0 0 0 0 0 0 951.7122229 257442.3944 44047.625 941.1108018 0 1185.991295 149048.2438 62764.51263 4.375326118e-10 0 0 0 0 0 0 0 0 0 475.1059766 2659195.963 1478165.075 731.2035341 0 76.12533964 338719.2287 117276.6932 3265.479616 0 0 0 0 
$Fmort
 0.218317334 0.276323733 0.1131659455
#ESTIMATED_PARAMETERS
$availability
1.43295528 1.416021116 1.921257928 0.2255739041 0.004191774145 
0.2283437745 0.1005699674 0.2971534678 3.498501516 0.8754312755 
0.02385712421 0.07019505433 0.009915863242 0.5931749354 4.302857024 
$availabilityVector
 1.43295528 0.2283437745 0.02385712421 1.416021116 0.1005699674 0.07019505433 1.921257928 0.2971534678 0.009915863242 0.2255739041 3.498501516 0.5931749354 0.004191774145 0.8754312755 4.302857024
$selectivity
 0.05007085089 1.118065729 1.574440214 1.717770886 0.5396523182
$RunSize
 0 0 0 0 0 12057.38981 5452089.099 1570080.657 4.017400523e-09 0 7991.972293 496955.9676 183724.3466 4.017400523e-09 0 0 0 0 0 0 0 0 0 4.017400523e-09 1958668.457 2406799.545 16589.19445 0 1328.432937 308346.2711 641919.4732 4.017400523e-09 0 0 0 0 0 0 0 0 0 26141.45718 3400120.697 1512725.129 48854.46536 0 6861.329834 324368.4086 338287.222 10380.08305 0 0 0 0 0 0 0 0 0 283629.7486 3560489.642 439182.953 8641.227936 0 353449.7137 2061372.718 625802.2766 4.017400523e-09 0 0 0 0 0 0 0 0 0 19724.97379 6334041.126 2760682.586 1290.163873 0 3160.495559 806808.3564 219030.8309 5761.738876 0 0 0 0
