$ndistricts
3
$ngroups
90
$nstocks
5
$nagecomps
18
$AgeCompLabels
 0.1 0.2 0.3 0.4 0.5 1.1 1.2 1.3 1.4 1.5 2.1 2.2 2.3 2.4 3.1 3.2 3.3 3.4
$navailpar
15
$nselectpar
5
$GENdata
 -1 -1 -1
$maxGradient
3.214459728e-06
#LIKELIHOOD_VALUES_AND_PENALTIES
$totalNLL
783.8798824
$NLLcatch
0.6773740579
$NLLescape
-6.807845413
$NLLagecompCatch
304.0143121
$NLLagecompEsc
485.9960416
$NLLgenetics
0
$NLLselOne
1.132680764e-16
$NLLavailOne
1.945099676e-09
$NLLextra
3.9e-198
$sigmaCat
0.5
$sigmaEsc
0.1
#OBSERVED_AND_PREDICTED_VALUES
$predEsc
 3328766.308 199775.9361 734839.6408 640981.4123 239255.0309
$obsEsc
 3216208 202626 755640 636864 238830
$predCatch
 2337199.907 1070941.828 163743.9833
$obsCatch
 2337200 1070942 163744
$RunSize
 0 0 554.0163054 0 0 3005.008182 28635.38762 121671.6969 7.657922296e-09 0 104.260464 4327762.583 591636.7541 0 0 4873.846567 3710.336773 0 0 0 9.57240287e-10 0 0 5655.568791 205694.8147 93526.07036 9.57240287e-10 0 368.0545314 1448.155847 9.57240287e-10 0 0 9.57240287e-10 9.57240287e-10 0 0 0 2.393100718e-09 0 0 650.5931313 125543.0933 232598.0488 6941.70056 0 20334.81169 350340.5245 640208.9989 1434.011178 0 1.435860431e-09 2.871720861e-09 0 0 0 922.2346279 0 0 206.6939696 2402.653105 17779.53522 1.435860431e-09 0 2045.059071 645753.0726 824645.499 0 0 24889.88715 34491.4285 0 0 0 9.57240287e-10 0 0 120.24813 9786.113226 134784.3739 1047.590482 0 43.99322342 142197.7336 107689.5953 0 0 9.57240287e-10 9.57240287e-10 0
$SSageCompEsc
 2721 383 1259 1536 1597
$obsAgeCompEsc
0 0 0 0 0 0.0009337925 0.007504806 0.02626101 0 0 3.239846e-05 0.8524429 0.1119759 0 0 0.0008492134 0 0 
0 0 0 0 0 0.02790854 0.6999044 0.265538 0 0 0.001816239 0.004832831 0 0 0 0 0 0 
0 0 0 0 0 0.0008606411 0.1095245 0.1606204 0.002504793 0 0.02690003 0.2785437 0.4200544 0.000991459 0 0 0 0 
0 0 0.001097067 0 0 0.0003245429 0.001976113 0.01541 0 0 0.003211073 0.5338001 0.3870002 0 0 0.02669237 0.03048857 0 
0 0 0 0 0 0.0005034876 0.02633901 0.3093763 0 0 0.0001842028 0.3928655 0.2707315 0 0 0 0 0 
$predAgeCompEsc
0 0 9.265194751e-05 0 0 0.0009027392627 0.005771770852 0.02034799259 7.084009235e-16 0 3.132105095e-05 0.8723071697 0.09894347323 0 0 0.0009823762796 0.000620505073 0 
0 0 2.722127145e-15 0 0 0.02830955842 0.6989648462 0.2659623277 1.577007984e-15 0 0.001842336579 0.004920931188 2.722127145e-15 0 0 3.252767023e-15 2.722127145e-15 0 
0 0 1.572102471e-15 0 0 0.0008853538353 0.1043584916 0.1528009099 0.002061005868 0 0.02767244635 0.2912227804 0.420573251 0.0004257610116 0 1.193568079e-15 1.886522965e-15 0 
0 0 0.0005000080833 0 0 0.0003224648161 0.00185826764 0.009639533213 1.592391221e-16 0 0.003190512033 0.4994404044 0.447098171 0 0 0.01925041603 0.01870022284 0 
0 0 2.238113575e-15 0 0 0.0005025939238 0.02776218632 0.3151379451 0.001225280145 0 0.0001838758472 0.4034001941 0.2517879246 0 0 2.715591225e-15 2.238113575e-15 0 
$SSageCompCatch
 3198 1701 1448
$obsAgeCompCatch
0 0 0.0002682844 0 0 0 0.02845201 0.0731807 0.002056484 0 0 0.6772748 0.2143127 0 0 0.001463026 0.002991966 0 
0 0 0 0 0 0 0.009182834 0.01593247 0 0 0 0.3607502 0.5992442 0 0 0.005390921 0.00949935 0 
0 0 0 0 0 0 0.02208656 0.3001391 0.005036797 0 0 0.3583045 0.3131896 0 0 0 0.00124345 0 
$predAgeCompCatch
0 0 0.0001138844016 0 0 1.732475498e-10 0.04897880755 0.08448007788 0.002054010874 0 4.673574011e-10 0.6151858732 0.2464241948 0.0004211305833 0 0.0009865325297 0.00135548753 0 
0 0 0.0005235093079 0 0 3.994128174e-11 0.0102222784 0.0385049957 0.0007415066147 0 2.232896999e-10 0.4097679023 0.5104594835 0.0001221122467 0 0.01072660953 0.01893160205 0 
0 0 0.0001253159731 0 0 4.453366003e-11 0.01998232122 0.2867185244 0.003584151964 0 5.523799839e-11 0.3390215041 0.3440070699 3.727548684e-05 0 0.002205731368 0.004318105589 0 
$genSS
 -1 -1 -1
$obsGenComp     #GeneticFracData
0 0 0 0 0 
0 0 0 0 0 
0 0 0 0 0 
$predGenComp     #catchGenComp_pred
0 0 0 0 0 
0 0 0 0 0 
0 0 0 0 0 
#PARAMETERS_OF_INTEREST
$catchByGroup
0 0 0 
0 0 0 
221.0456358 22.5876753 1.966313011 
0 0 0 
0 0 0 
0.0001280269543 1.046696762e-05 8.940594017e-07 
8535.150849 816.6755636 70.68485606 
48545.49829 4960.649634 431.8368222 
4.680320841e-09 5.691499648e-10 5.035036348e-11 
0 0 0 
4.441967823e-06 3.631573806e-07 3.101989825e-08 
1289946.097 123426.9287 10682.84038 
236055.7283 24121.49022 2099.835395 
0 0 0 
0 0 0 
1452.713552 139.0011354 12.03081822 
1480.378363 151.2733136 13.16871616 
0 0 0 
0 0 0 
0 0 0 
3.829617198e-10 2.682267214e-11 3.64039661e-12 
0 0 0 
0 0 0 
0.000241804764 1.345033348e-05 1.803225063e-06 
61490.58024 4023.80001 544.0779559 
37416.838 2620.678586 355.6807983 
5.862811294e-10 4.91677584e-11 6.743153048e-12 
0 0 0 
1.573623139e-05 8.753241926e-07 1.173507352e-07 
432.9129222 28.32881092 3.830479024 
3.829617198e-10 2.682267214e-11 3.64039661e-12 
0 0 0 
0 0 0 
2.861582135e-10 1.87255254e-11 2.531971161e-12 
3.829617198e-10 2.682267214e-11 3.64039661e-12 
0 0 0 
0 0 0 
0 0 0 
1.112144591e-09 1.202174717e-10 5.49544061e-12 
0 0 0 
0 0 0 
3.402487541e-05 2.805942273e-06 1.251609627e-07 
44237.67534 4418.193739 200.4677219 
108095.1837 11684.56853 534.1307843 
4764.594897 633.0506254 29.54622593 
0 0 0 
0.001063474853 8.770198302e-05 3.912006575e-06 
123449.6456 12329.41033 559.4251742 
297524.0322 32160.91433 1470.155646 
984.2663601 130.7751127 6.103636694 
0 0 0 
5.059547753e-10 5.053172896e-11 2.292787775e-12 
1.334573509e-09 1.44260966e-10 6.594528732e-12 
0 0 0 
0 0 0 
0 0 0 
45.12497696 538.06034 18.55342359 
0 0 0 
0 0 0 
8.677015947e-07 1.514619659e-05 3.515077104e-07 
82.34218 1095.492544 33.70336412 
869.9533641 10373.13334 357.6869032 
1.276152576e-10 1.153043407e-09 5.313244846e-11 
0 0 0 
8.585161051e-06 0.0001498585894 3.477866496e-06 
22130.83347 294431.8825 9058.340921 
40349.93701 481123.8096 16590.1353 
0 0 0 
0 0 0 
853.0101844 11348.57369 349.144422 
1687.666966 20123.37119 693.8950932 
0 0 0 
0 0 0 
0 0 0 
1.789250296e-11 8.236615913e-11 3.215016923e-10 
0 0 0 
0 0 0 
1.898620166e-07 9.053493298e-07 4.118165746e-06 
127.5158466 593.3036576 2423.050974 
2519.356782 11597.5804 45269.09795 
36.03912554 161.0598241 557.3370933 
0 0 0 
6.946172148e-08 3.312254032e-07 1.50664618e-06 
1852.877028 8621.036104 35208.29454 
2012.907761 9266.198327 36168.96156 
0 0 0 
0 0 0 
1.247311397e-11 5.803470187e-11 2.370136086e-10 
1.789250296e-11 8.236615913e-11 3.215016923e-10 
0 0 0 
$escByGroup
 5e-101 5e-101 308.4166813 5e-101 5e-101 3005.008043 19212.87635 67733.71217 2.358101127e-09 5e-101 104.2604591 2903706.717 329359.7001 5e-101 5e-101 3270.101061 2065.516381 5e-101 5e-101 5e-101 5.438154985e-10 5e-101 5e-101 5655.568534 139636.3564 53132.87297 3.150482462e-10 5e-101 368.0545147 983.0836345 5.438154985e-10 5e-101 5e-101 6.49824577e-10 5.438154985e-10 5e-101 5e-101 5e-101 1.155243215e-09 5e-101 5e-101 650.5930943 76686.75651 112284.1658 1514.508811 5e-101 20334.81054 214002.0433 309053.8967 312.8660688 5e-101 8.770811385e-10 1.386291858e-09 5e-101 5e-101 5e-101 320.4958874 5e-101 5e-101 206.6939532 1191.115016 6178.761613 1.020693174e-10 5e-101 2045.058909 320132.0157 286581.6171 5e-101 5e-101 12339.15886 11986.49525 5e-101 5e-101 5e-101 5.354799326e-10 5e-101 5e-101 120.2481248 6642.242748 75398.33881 293.154439 5e-101 43.99322152 96515.52591 60241.52769 5e-101 5e-101 6.497188626e-10 5.354799326e-10 5e-101
$catchByGroup
0 0 221.0456358 0 0 0.0001280269543 8535.150849 48545.49829 4.680320841e-09 0 4.441967823e-06 1289946.097 236055.7283 0 0 1452.713552 1480.378363 0 0 0 3.829617198e-10 0 0 0.000241804764 61490.58024 37416.838 5.862811294e-10 0 1.573623139e-05 432.9129222 3.829617198e-10 0 0 2.861582135e-10 3.829617198e-10 0 0 0 1.112144591e-09 0 0 3.402487541e-05 44237.67534 108095.1837 4764.594897 0 0.001063474853 123449.6456 297524.0322 984.2663601 0 5.059547753e-10 1.334573509e-09 0 0 0 45.12497696 0 0 8.677015947e-07 82.34218 869.9533641 1.276152576e-10 0 8.585161051e-06 22130.83347 40349.93701 0 0 853.0101844 1687.666966 0 0 0 1.789250296e-11 0 0 1.898620166e-07 127.5158466 2519.356782 36.03912554 0 6.946172148e-08 1852.877028 2012.907761 0 0 1.247311397e-11 1.789250296e-11 0 
0 0 22.5876753 0 0 1.046696762e-05 816.6755636 4960.649634 5.691499648e-10 0 3.631573806e-07 123426.9287 24121.49022 0 0 139.0011354 151.2733136 0 0 0 2.682267214e-11 0 0 1.345033348e-05 4023.80001 2620.678586 4.91677584e-11 0 8.753241926e-07 28.32881092 2.682267214e-11 0 0 1.87255254e-11 2.682267214e-11 0 0 0 1.202174717e-10 0 0 2.805942273e-06 4418.193739 11684.56853 633.0506254 0 8.770198302e-05 12329.41033 32160.91433 130.7751127 0 5.053172896e-11 1.44260966e-10 0 0 0 538.06034 0 0 1.514619659e-05 1095.492544 10373.13334 1.153043407e-09 0 0.0001498585894 294431.8825 481123.8096 0 0 11348.57369 20123.37119 0 0 0 8.236615913e-11 0 0 9.053493298e-07 593.3036576 11597.5804 161.0598241 0 3.312254032e-07 8621.036104 9266.198327 0 0 5.803470187e-11 8.236615913e-11 0 
0 0 1.966313011 0 0 8.940594017e-07 70.68485606 431.8368222 5.035036348e-11 0 3.101989825e-08 10682.84038 2099.835395 0 0 12.03081822 13.16871616 0 0 0 3.64039661e-12 0 0 1.803225063e-06 544.0779559 355.6807983 6.743153048e-12 0 1.173507352e-07 3.830479024 3.64039661e-12 0 0 2.531971161e-12 3.64039661e-12 0 0 0 5.49544061e-12 0 0 1.251609627e-07 200.4677219 534.1307843 29.54622593 0 3.912006575e-06 559.4251742 1470.155646 6.103636694 0 2.292787775e-12 6.594528732e-12 0 0 0 18.55342359 0 0 3.515077104e-07 33.70336412 357.6869032 5.313244846e-11 0 3.477866496e-06 9058.340921 16590.1353 0 0 349.144422 693.8950932 0 0 0 3.215016923e-10 0 0 4.118165746e-06 2423.050974 45269.09795 557.3370933 0 1.50664618e-06 35208.29454 36168.96156 0 0 2.370136086e-10 3.215016923e-10 0 
$Fmort
 0.3581861009 0.2272000637 0.09178886825
#ESTIMATED_PARAMETERS
$availability
1.4851545 1.4904055 1.823068357 0.1463384521 0.05503964531 
0.1914217929 0.1306991979 0.2370202286 4.027095714 0.4137652429 
0.04047206131 0.04337187881 0.02616941697 0.23133515 4.65865 
$availabilityVector
 1.4851545 0.1914217929 0.04047206131 1.4904055 0.1306991979 0.04337187881 1.823068357 0.2370202286 0.02616941697 0.1463384521 4.027095714 0.23133515 0.05503964531 0.4137652429 4.65865
$selectivity
 8.008946617e-08 0.6652954302 0.957098438 1.775734252 1.601871801
$RunSize
 0 0 554.0163054 0 0 3005.008182 28635.38762 121671.6969 7.657922296e-09 0 104.260464 4327762.583 591636.7541 0 0 4873.846567 3710.336773 0 0 0 9.57240287e-10 0 0 5655.568791 205694.8147 93526.07036 9.57240287e-10 0 368.0545314 1448.155847 9.57240287e-10 0 0 9.57240287e-10 9.57240287e-10 0 0 0 2.393100718e-09 0 0 650.5931313 125543.0933 232598.0488 6941.70056 0 20334.81169 350340.5245 640208.9989 1434.011178 0 1.435860431e-09 2.871720861e-09 0 0 0 922.2346279 0 0 206.6939696 2402.653105 17779.53522 1.435860431e-09 0 2045.059071 645753.0726 824645.499 0 0 24889.88715 34491.4285 0 0 0 9.57240287e-10 0 0 120.24813 9786.113226 134784.3739 1047.590482 0 43.99322342 142197.7336 107689.5953 0 0 9.57240287e-10 9.57240287e-10 0
