$ndistricts
3
$ngroups
90
$nstocks
5
$nagecomps
18
$AgeCompLabels
 0.1 0.2 0.3 0.4 0.5 1.1 1.2 1.3 1.4 1.5 2.1 2.2 2.3 2.4 3.1 3.2 3.3 3.4
$navailpar
15
$nselectpar
5
$GENdata
 1 1 1
$maxGradient
8.168068561e-07
#LIKELIHOOD_VALUES_AND_PENALTIES
$totalNLL
722.6127767
$NLLcatch
0.6773740579
$NLLescape
-6.917935393
$NLLagecompCatch
259.2475405
$NLLagecompEsc
330.3408624
$NLLgenetics
139.2649352
$NLLselOne
6.970440614e-17
$NLLavailOne
1.29405776e-16
$NLLextra
3.6e-198
$sigmaCat
0.5
$sigmaEsc
0.1
#OBSERVED_AND_PREDICTED_VALUES
$predEsc
 3570129.731 245359.9281 888284.7588 793866.3115 999964.6691
$obsEsc
 3569982 245361 888294 792282 1001364
$predCatch
 21559368.19 6755253.408 3349450.116
$obsCatch
 21559372 6755256 3349451
$RunSize
 0 0 6.355143412e-09 0 0 1309.043493 17972083.72 1012642.006 6.355143412e-09 0 66379.35287 1307583.219 115894.9405 6.355143412e-09 0 4.236762274e-09 4.236762274e-09 0 0 0 995.1868312 0 0 0 902762.164 977472.5474 3.389409819e-08 0 15833.66414 488589.0696 138156.3666 14195.53181 0 6.355143412e-09 6.355143412e-09 0 0 0 4.236762274e-09 0 0 764.7702426 1323282.908 904493.0157 71350.90438 0 5667.373988 601159.6168 231417.4775 10173.04231 0 4.236762274e-09 2800.923304 0 0 0 4.236762274e-09 0 0 4645.458732 626018.3631 402613.4371 11142.49051 0 2147.689355 6278523.348 665862.6347 4.236762274e-09 0 55656.18285 4.236762274e-09 0 0 0 4.236762274e-09 0 0 1062.972017 3151745.494 320495.4872 5534.936591 0 9920.616108 327463.9787 132249.4488 4.236762274e-09 0 4.236762274e-09 1587.733921 0
$SSageCompEsc
 2728 0 1704 1418 2090
$obsAgeCompEsc
0 0 0 0 0 0.000308536 0.8732963 0.04257504 0 0 0.01503006 0.06398781 0.004802249 0 0 0 0 0 
0 0 0 0 0 0 0.6011158 0.250188 0 0 0 0.1026919 0.0460043 0 0 0 0 0 
0 0 0 0 0 0.0007518076 0.4368095 0.2643153 0.02239981 0 0.005526195 0.19831 0.06783171 0.003153835 0 0 0.0009019166 0 
0 0 0 0 0 0.004832474 0.07652126 0.03017101 0.001524221 0 0.001629336 0.8076445 0.07070018 0 0 0.006977027 0 0 
0 0 0 0 0 0.0009550687 0.825338 0.05767681 6.864007e-05 0 0.008901903 0.07691274 0.03014685 0 0 0 0 0 
$predAgeCompEsc
0 0 2.637441411e-16 0 0 0.0002968403522 0.8742111851 0.04202554981 2.795663905e-16 0 0.01505226571 0.06360441523 0.004809743785 2.795663905e-16 0 2.060876762e-16 1.758294274e-16 0 
0 0 0.0003277508011 0 0 0 0.374837163 0.3219168507 1.216700379e-14 0 0.04945482769 0.202867763 0.04549985834 0.005095786539 0 2.638728141e-15 2.092977197e-15 0 
0 0 1.240724527e-15 0 0 0.0007466386958 0.4368430395 0.2648783661 0.02183965208 0 0.005533009115 0.1984552151 0.06776999079 0.003113845672 0 1.398642798e-15 0.0008202429158 0 
0 0 3.784566351e-16 0 0 0.00468041923 0.08063913038 0.03596419076 0.001150077322 0 0.002163852299 0.8087536927 0.05947941278 4.372993817e-16 0 0.007169224499 3.784566351e-16 0 
0 0 9.340509194e-16 0 0 0.0009141335629 0.8054189242 0.0706575175 0.001289287859 0 0.008531521061 0.08368241852 0.02915616012 9.868958876e-16 0 1.082691645e-15 0.0003500371824 0 
$SSageCompCatch
 2380 2276 1070
$obsAgeCompCatch
0 0 4.561635e-05 0 0 0 0.775118 0.1101386 0.00143368 0 0.0008029644 0.09263308 0.01882405 0.001004004 0 0 0 0 
0 0 0 0 0 0 0.0920572 0.05808257 0.0008800592 0 0.0006505525 0.7671315 0.07448822 0 0 0.006709891 0 0 
0 0 0 0 0 0 0.6494168 0.1007989 0.003571873 0 0 0.2027729 0.04133019 0 0 0.001386258 0.000723088 0 
$predAgeCompCatch
0 0 4.181063375e-05 0 0 1.674329174e-05 0.7721072238 0.1117298901 0.002335244885 0 0.0007924291848 0.09320967226 0.01871738505 0.0009220377931 0 3.143506963e-05 9.612792583e-05 0 
0 0 2.199850624e-07 0 0 0.0001316747226 0.08599703294 0.05294813878 0.001507756232 0 6.535436038e-05 0.7682004188 0.08432856843 1.959235174e-05 0 0.006795271327 5.972037579e-06 0 
0 0 3.544765728e-06 0 0 5.345916831e-05 0.6802165619 0.08589386115 0.001759862521 0 0.0004138731922 0.1867563095 0.04343306653 0.0001019233227 0 0.001010099238 0.0003574387182 0 
$genSS
 321 320 265
$obsGenComp     #GeneticFracData
0.7792756539 0.105331992 0.1022132797 0.004828973843 0.008350100604 
0.005320750929 0.0005019576348 0.004818793294 0.9866479269 0.002710571228 
0.009777240198 0.008063703256 0.01491785102 0.1378893257 0.8293518799 
$predGenComp     #catchGenComp_pred
0.7808750656 0.1048399351 0.1009037626 0.004594913448 0.008786323225 
0.005723396686 0.0005327961744 0.005007386167 0.9857952401 0.002941180865 
0.009531863568 0.008587280347 0.0159959814 0.1476013046 0.8182835701 
#PARAMETERS_OF_INTEREST
$catchByGroup
0 0 0 
0 0 0 
5.38974047e-09 1.303673225e-11 1.07654096e-11 
0 0 0 
0 0 0 
248.7361926 0.3005702359 0.2481639824 
14789200.92 33868.27717 27967.17438 
858812.6572 2077.300516 1715.383156 
5.333961801e-09 1.264853619e-11 1.044479124e-11 
0 0 0 
12612.98619 15.24140172 12.58397039 
1076008.283 2464.132238 2034.789537 
98289.46579 237.7430704 196.3223209 
5.333961801e-09 1.264853619e-11 1.044479124e-11 
0 0 0 
3.486425365e-09 7.984151492e-12 6.593017884e-12 
3.593160313e-09 8.69115483e-12 7.17693973e-12 
0 0 0 
0 0 0 
0 0 0 
901.4108473 1.486054839 11.87301598 
0 0 0 
0 0 0 
0 0 0 
799655.5823 1238.354442 9898.207881 
885365.7722 1459.603125 11661.67679 
3.046730991e-08 4.910460298e-11 3.923885091e-10 
0 0 0 
3675.547937 2.645771607 21.23746194 
432786.1674 670.216884 5357.065651 
125137.9576 206.3008982 1648.266131 
12760.32377 20.56599793 164.3402202 
0 0 0 
5.629307594e-09 8.717600697e-12 6.96800698e-11 
5.756301257e-09 9.489767469e-12 7.581965204e-11 
0 0 0 
0 0 0 
0 0 0 
3.010688743e-09 4.797733752e-11 7.597950706e-11 
0 0 0 
0 0 0 
99.02302133 0.9733739356 1.546073507 
899656.035 13771.16663 21814.6926 
642742.4443 10242.53047 16220.62533 
49925.28537 784.031189 1241.757728 
0 0 0 
733.8158103 7.213243685 11.45726689 
408708.428 6256.159738 9910.286126 
164447.7432 2620.584708 4150.099706 
7118.228495 111.785303 177.0468646 
0 0 0 
2.88043375e-09 4.409122106e-11 6.984422309e-11 
1990.36616 31.71781517 50.2300479 
0 0 0 
0 0 0 
0 0 0 
5.613333276e-11 3.600577178e-09 2.796077907e-10 
0 0 0 
0 0 0 
6.923681057 887.5748886 35.33301131 
7622.96826 516323.7508 38054.95503 
5334.270033 342157.6806 26570.72698 
143.256184 9372.071441 714.1552423 
0 0 0 
3.200957529 410.3437895 16.33516444 
76453.00366 5178363.632 381664.4011 
8822.087817 565877.8215 43944.02332 
5.447098163e-11 3.563587394e-09 2.715466517e-10 
0 0 0 
677.7202401 45903.77979 3383.277009 
5.613333276e-11 3.600577178e-09 2.796077907e-10 
0 0 0 
0 0 0 
0 0 0 
2.190548644e-10 2.301473676e-11 3.060674755e-09 
0 0 0 
0 0 0 
6.291896413 0.6472860971 141.9315687 
150008.4126 15730.2008 2180616.412 
16570.69501 1740.98021 231528.7909 
277.8627344 29.17279395 3938.658756 
0 0 0 
58.7216671 6.0410592 1324.633748 
15585.76088 1634.355994 226564.3999 
6837.741464 718.3991111 95538.17825 
2.126922922e-10 2.233055263e-11 3.01487841e-09 
0 0 0 
2.016501601e-10 2.114546414e-11 2.931313258e-09 
82.09118572 8.624812033 1146.993108 
0 0 0 
$escByGroup
 5e-101 5e-101 9.416007994e-10 5e-101 5e-101 1059.758567 3121047.343 150036.6649 9.980882826e-10 5e-101 53738.54132 227076.0139 17171.40929 9.980882826e-10 5e-101 7.357597399e-10 6.277338663e-10 5e-101 5e-101 5e-101 80.41691302 5e-101 5e-101 5e-101 91970.01937 78985.49535 2.985295176e-09 5e-101 12134.23297 49775.61975 11163.84197 1250.301819 5e-101 6.474381471e-10 5.135327347e-10 5e-101 5e-101 5e-101 1.102116687e-09 5e-101 5e-101 663.2277738 388041.0139 235287.4156 19399.83008 5e-101 4914.887667 176284.7429 60199.04992 2765.981652 5e-101 1.242393081e-09 728.6092806 5e-101 5e-101 5e-101 3.00443973e-10 5e-101 5e-101 3715.627151 64016.689 28550.75947 913.0076415 5e-101 1717.809443 642042.311 47218.70204 3.471572472e-10 5e-101 5691.405809 3.00443973e-10 5e-101 5e-101 5e-101 9.340179185e-10 5e-101 5e-101 914.1012657 805390.468 70655.0211 1289.242307 5e-101 8531.219634 83679.46194 29155.13001 9.868610197e-10 5e-101 1.082653392e-09 350.0248152 5e-101
$catchByGroup
0 0 5.38974047e-09 0 0 248.7361926 14789200.92 858812.6572 5.333961801e-09 0 12612.98619 1076008.283 98289.46579 5.333961801e-09 0 3.486425365e-09 3.593160313e-09 0 0 0 901.4108473 0 0 0 799655.5823 885365.7722 3.046730991e-08 0 3675.547937 432786.1674 125137.9576 12760.32377 0 5.629307594e-09 5.756301257e-09 0 0 0 3.010688743e-09 0 0 99.02302133 899656.035 642742.4443 49925.28537 0 733.8158103 408708.428 164447.7432 7118.228495 0 2.88043375e-09 1990.36616 0 0 0 5.613333276e-11 0 0 6.923681057 7622.96826 5334.270033 143.256184 0 3.200957529 76453.00366 8822.087817 5.447098163e-11 0 677.7202401 5.613333276e-11 0 0 0 2.190548644e-10 0 0 6.291896413 150008.4126 16570.69501 277.8627344 0 58.7216671 15585.76088 6837.741464 2.126922922e-10 0 2.016501601e-10 82.09118572 0 
0 0 1.303673225e-11 0 0 0.3005702359 33868.27717 2077.300516 1.264853619e-11 0 15.24140172 2464.132238 237.7430704 1.264853619e-11 0 7.984151492e-12 8.69115483e-12 0 0 0 1.486054839 0 0 0 1238.354442 1459.603125 4.910460298e-11 0 2.645771607 670.216884 206.3008982 20.56599793 0 8.717600697e-12 9.489767469e-12 0 0 0 4.797733752e-11 0 0 0.9733739356 13771.16663 10242.53047 784.031189 0 7.213243685 6256.159738 2620.584708 111.785303 0 4.409122106e-11 31.71781517 0 0 0 3.600577178e-09 0 0 887.5748886 516323.7508 342157.6806 9372.071441 0 410.3437895 5178363.632 565877.8215 3.563587394e-09 0 45903.77979 3.600577178e-09 0 0 0 2.301473676e-11 0 0 0.6472860971 15730.2008 1740.98021 29.17279395 0 6.0410592 1634.355994 718.3991111 2.233055263e-11 0 2.114546414e-11 8.624812033 0 
0 0 1.07654096e-11 0 0 0.2481639824 27967.17438 1715.383156 1.044479124e-11 0 12.58397039 2034.789537 196.3223209 1.044479124e-11 0 6.593017884e-12 7.17693973e-12 0 0 0 11.87301598 0 0 0 9898.207881 11661.67679 3.923885091e-10 0 21.23746194 5357.065651 1648.266131 164.3402202 0 6.96800698e-11 7.581965204e-11 0 0 0 7.597950706e-11 0 0 1.546073507 21814.6926 16220.62533 1241.757728 0 11.45726689 9910.286126 4150.099706 177.0468646 0 6.984422309e-11 50.2300479 0 0 0 2.796077907e-10 0 0 35.33301131 38054.95503 26570.72698 714.1552423 0 16.33516444 381664.4011 43944.02332 2.715466517e-10 0 3383.277009 2.796077907e-10 0 0 0 3.060674755e-09 0 0 141.9315687 2180616.412 231528.7909 3938.658756 0 1324.633748 226564.3999 95538.17825 3.01487841e-09 0 2.931313258e-09 1146.993108 0 
$Fmort
 0.7369194892 0.2543296764 0.1833603607
#ESTIMATED_PARAMETERS
$availability
1.696836624 2.126834622 1.116517184 0.01200962888 0.04780194196 
0.005357498547 0.003898769073 0.02971293536 4.94681972 0.01421107765 
0.006135327202 0.04343346629 0.06548629233 0.2470704443 4.637874471 
$availabilityVector
 1.696836624 0.005357498547 0.006135327202 2.126834622 0.003898769073 0.04343346629 1.116517184 0.02971293536 0.06548629233 0.01200962888 4.94681972 0.2470704443 0.04780194196 0.01421107765 4.637874471
$selectivity
 0.1685321104 1.384347453 1.507058531 1.462137969 0.4779239382
$RunSize
 0 0 6.355143412e-09 0 0 1309.043493 17972083.72 1012642.006 6.355143412e-09 0 66379.35287 1307583.219 115894.9405 6.355143412e-09 0 4.236762274e-09 4.236762274e-09 0 0 0 995.1868312 0 0 0 902762.164 977472.5474 3.389409819e-08 0 15833.66414 488589.0696 138156.3666 14195.53181 0 6.355143412e-09 6.355143412e-09 0 0 0 4.236762274e-09 0 0 764.7702426 1323282.908 904493.0157 71350.90438 0 5667.373988 601159.6168 231417.4775 10173.04231 0 4.236762274e-09 2800.923304 0 0 0 4.236762274e-09 0 0 4645.458732 626018.3631 402613.4371 11142.49051 0 2147.689355 6278523.348 665862.6347 4.236762274e-09 0 55656.18285 4.236762274e-09 0 0 0 4.236762274e-09 0 0 1062.972017 3151745.494 320495.4872 5534.936591 0 9920.616108 327463.9787 132249.4488 4.236762274e-09 0 4.236762274e-09 1587.733921 0
