$ndistricts
3
$ngroups
90
$nstocks
5
$nagecomps
18
$AgeCompLabels
 0.1 0.2 0.3 0.4 0.5 1.1 1.2 1.3 1.4 1.5 2.1 2.2 2.3 2.4 3.1 3.2 3.3 3.4
$navailpar
15
$nselectpar
5
$GENdata
 -1 -1 -1
$maxGradient
3.898850985e-06
#LIKELIHOOD_VALUES_AND_PENALTIES
$totalNLL
728.4189795
$NLLcatch
0.6773740579
$NLLescape
-6.805187641
$NLLagecompCatch
313.6056275
$NLLagecompEsc
420.9411656
$NLLgenetics
0
$NLLselOne
5.738850647e-16
$NLLavailOne
1.945099676e-09
$NLLextra
2.3e-198
$sigmaCat
0.5
$sigmaEsc
0.1
#OBSERVED_AND_PREDICTED_VALUES
$predEsc
 8668486.108 621126.9545 976923.0011 1911934.573 1067690.587
$obsEsc
 8355936 618464.2 990810 1897977 1095068
$predCatch
 15079252.5 10750210.61 4352795.96
$obsCatch
 15079254 10750213 4352797
$RunSize
 0 4.789559777e-09 7340.70927 1829.105799 0 1049.416998 1544598.303 1028609.879 1839.461961 0 76132.02072 17459635.58 428340.7325 4.789559777e-09 0 4.789559777e-09 4.789559777e-09 0 0 7.184339665e-09 2734.706977 1188.313583 0 16909.19695 2.873735866e-08 1152622.665 17265.43875 0 3.592169832e-08 572887.1766 1.197389944e-08 1.436867933e-08 0 7.902773631e-08 7.184339665e-09 0 0 2015.327538 4.789559777e-09 4.789559777e-09 0 9078.868914 590336.3531 761633.0943 17526.17975 0 43505.2793 1262236.851 662121.927 10453.02057 0 4.789559777e-09 4.789559777e-09 0 927.7292562 4311.961245 7.184339665e-09 4.789559777e-09 0 1408.712849 382606.6223 244058.7777 5569.283231 0 70960.2812 5031511.292 6273479.066 42768.62879 2066.638013 249992.1816 64207.77773 0 0 426.8492606 10350.38678 4.789559777e-09 0 6491.58908 360844.6737 394404.1267 18674.47508 0 11906.50895 2420794.943 2114688.355 37816.44393 0 5835.771312 427.6090198 0
$SSageCompEsc
 2805 0 1482 3873 1861
$obsAgeCompEsc
0 0 0.0002340651 6.125996e-05 0 0.0001115452 0.09227303 0.03227784 6.125996e-05 0 0.008631566 0.843383 0.02296647 0 0 0 0 0 
0 0 0 0 0 0 0.6011158 0.250188 0 0 0 0.1026919 0.0460043 0 0 0 0 0 
0 0.0007805517 0 0 0 0.008448101 0.2132288 0.1471583 0.003493522 0 0.04086493 0.4393938 0.1443665 0.002265572 0 0 0 0 
0.0004547913 0.0004351246 0 0 0 0.0006890997 0.05592351 0.008313032 0.0004547913 0 0.03433199 0.6197 0.249019 0.002765707 0.001013107 0.02522352 0.001676351 0 
0 0 0 0 0 0.005580361 0.1067333 0.03127809 0 0 0.009890017 0.6643297 0.1781791 0.003643474 0 0.0003659908 0 0 
$predAgeCompEsc
0 2.379636102e-16 0.0002370586337 5.973958302e-05 0 0.0001140758179 0.07674153901 0.03321761475 6.007782086e-05 0 0.008275854642 0.8674613343 0.01383270541 1.564296084e-16 0 2.379636102e-16 1.546725875e-16 0 
0 5.134604647e-15 0.001315833371 0.0005775936776 0 0.02567879747 2.053841859e-14 0.5545966642 0.00839206789 0 5.455173409e-14 0.4094390434 5.76136917e-15 6.984064185e-15 0 5.648065112e-14 3.456821502e-15 0 
0 0.0007193906139 9.496533859e-16 9.65259615e-16 0 0.008641669133 0.2107262583 0.1510133458 0.003532122847 0 0.04141024976 0.4505676254 0.131282698 0.002106640084 0 1.709679584e-15 9.496533859e-16 0 
0.000444101395 0.0005460667895 2.665502105e-16 1.864527793e-16 0 0.000674346893 0.04845330419 0.009054961428 0.0002168066348 0 0.03396848775 0.6371906103 0.2327558611 0.001664940011 0.0009892938253 0.03165901088 0.00238220873 0 
0 0.0001127414775 0.0009944066769 4.769746789e-16 0 0.005619060413 0.09530802892 0.03789211991 0.001859722432 0 0.01030616576 0.6393919912 0.2031673081 0.003766000852 0 0.001541371957 4.108225842e-05 0 
$SSageCompCatch
 7279 7714 5156
$obsAgeCompCatch
0 0 0.000465572 0.0001543702 0 0.0003065708 0.06227444 0.1360853 0.001852248 0 0.0003868587 0.7477872 0.04903913 0.0005709613 0 0.0009290884 0.0001482794 0 
0 0.0003223797 0.0001519048 0 0 0 0.02632477 0.03999278 0.0002113663 0 0.0003647814 0.4366625 0.4707121 0.002317019 0 0.01798764 0.004952765 0 
0 0.0003015091 0.00279024 0 0 0 0.0428755 0.08386661 0.00540256 0 0.0004744165 0.3681173 0.4793247 0.0072615 0 0.008035548 0.001550122 0 
$predAgeCompCatch
3.315335917e-07 9.878977555e-05 0.0004542865513 0.0001278926164 0 0.0001043267181 0.07794050882 0.1315460336 0.001720760146 0 0.00048418196 0.6902588211 0.09484903615 0.0008579666004 7.385343502e-07 0.001146169798 0.0004101560568 0 
6.559114354e-06 0.0002742429696 0.0001938609076 1.660225854e-05 0 2.316059851e-05 0.03656378302 0.04010435117 0.0008627924123 0 0.0005559979659 0.4120853242 0.4859720361 0.003633816913 1.461128338e-05 0.01507721668 0.004615644361 0 
7.179995986e-07 0.0001031718855 0.001736239926 7.766457341e-06 0 0.0001024643152 0.05617944128 0.07555215892 0.003231899315 0 0.0002487629026 0.4120283108 0.4397128403 0.006840223216 1.599437825e-06 0.003281947677 0.0009724555649 0 
$genSS
 -1 -1 -1
$obsGenComp     #GeneticFracData
0 0 0 0 0 
0 0 0 0 0 
0 0 0 0 0 
$predGenComp     #catchGenComp_pred
0 0 0 0 0 
0 0 0 0 0 
0 0 0 0 0 
#PARAMETERS_OF_INTEREST
$catchByGroup
0 0 0 
2.459100158e-09 2.306741966e-10 3.700117317e-11 
4707.258849 497.9411 80.56984842 
1168.102378 123.2183631 19.93331275 
0 0 0 
55.99727716 3.935725978 0.6193518087 
793041.9719 74390.75597 11932.61008 
659600.1526 69773.5213 11289.7731 
1174.716023 123.9160097 20.0461726 
0 0 0 
4062.432639 285.5249841 44.93209545 
8964287.869 840888.8494 134882.3336 
274675.1886 29055.56503 4701.364218 
3.058705607e-09 3.226503989e-10 5.219588336e-11 
0 0 0 
2.459100158e-09 2.306741966e-10 3.700117317e-11 
3.071324147e-09 3.248894045e-10 5.256904899e-11 
0 0 0 
0 0 0 
3.697542405e-09 2.380939604e-10 5.94619522e-11 
1757.191145 128.0628619 32.15339594 
760.4226769 55.25941283 13.87249138 
0 0 0 
905.3841588 43.32513979 10.69439019 
1.479016962e-08 9.523758415e-10 2.378478088e-10 
740619.8754 53975.85862 13551.99414 
11048.45669 802.8840378 201.5584554 
0 0 0 
1.923387415e-09 9.203941532e-11 2.271903623e-11 
294846.1136 18985.87526 4741.561716 
7.693851752e-09 5.607225356e-10 1.407834671e-10 
9.194769593e-09 6.68177823e-10 1.677413967e-10 
0 0 0 
4.067296646e-08 2.619033564e-09 6.540814742e-10 
4.616311051e-09 3.364335214e-10 8.447008024e-11 
0 0 0 
0 0 0 
1182.97242 119.4849929 10.0808874 
3.428790681e-09 3.989732249e-10 3.405763479e-11 
3.416513345e-09 3.962467073e-10 3.381540466e-11 
0 0 0 
591.0172178 42.14133742 3.465014721 
346520.1617 34999.93605 2952.926603 
545244.3602 63444.49719 5415.825875 
12501.86443 1449.964368 123.7389004 
0 0 0 
2832.111508 201.9382229 16.60409844 
740917.471 74835.65742 6313.845925 
474005.4616 55155.15679 4708.221178 
7456.402243 864.7924182 73.80075349 
0 0 0 
2.811412544e-09 2.839640233e-10 2.395789859e-11 
3.428790681e-09 3.989732249e-10 3.405763479e-11 
0 0 0 
4.999278741 70.51186072 3.125305752 
295.4587509 2785.487788 186.970732 
6.902515099e-10 5.545248143e-09 4.392134492e-10 
4.570451416e-10 3.68524534e-09 2.907837802e-10 
0 0 0 
7.591167522 107.0689143 4.745628469 
26216.48671 247160.4018 16590.18627 
23448.4932 188377.2966 14920.49409 
531.4504801 4285.190295 338.122355 
0 0 0 
382.3855106 5393.320769 239.0488103 
344762.8485 3250310.581 218171.105 
602738.5397 4842198.416 383528.1331 
4081.208903 32907.59429 2596.569233 
11.13654594 157.0743736 6.962026504 
17129.64786 161492.678 10839.89826 
6168.905925 49558.91242 3925.332158 
0 0 0 
0 0 0 
11.24479852 43.19690071 252.034547 
385.8516192 1458.041624 7444.774889 
1.772992569e-10 6.702354504e-10 3.432763694e-09 
0 0 0 
13.17910297 52.51019434 426.481872 
9505.991994 36517.27432 213061.922 
14702.97431 55559.04774 283685.0449 
691.2891184 2613.245434 13384.3324 
0 0 0 
24.17237222 96.3112562 782.229153 
63772.7505 244983.0618 1429366.32 
78833.37535 297892.6014 1521042.556 
1399.883856 5291.910429 27103.72599 
0 0 0 
153.7359407 590.5767145 3445.750327 
15.94081808 60.23656534 307.5684958 
0 0 0 
$escByGroup
 5e-101 2.062784249e-09 2054.939473 517.8517455 5e-101 988.8646432 665232.9648 287946.432 520.7837555 5e-101 71739.131 7519576.526 119908.6147 1.356007887e-09 5e-101 2.062784249e-09 1.340777176e-09 5e-101 5e-101 3.189241347e-09 817.2995744 358.7590019 5e-101 15949.79327 1.275696539e-08 344474.937 5212.53957 5e-101 3.388355246e-08 254313.626 3.578541686e-09 4.337990517e-09 5e-101 3.508165482e-08 2.147125012e-09 5e-101 5e-101 702.7892375 9.277382358e-10 9.429843199e-10 5e-101 8442.245344 205863.3287 147528.411 3450.612052 5e-101 40454.62547 440169.8768 128253.0873 2058.025153 5e-101 1.670225311e-09 9.277382358e-10 5e-101 849.092811 1044.043974 5.096265628e-10 3.56485515e-10 5e-101 1289.307139 92639.54744 17312.49381 414.5201006 5e-101 64945.52611 1218266.757 445013.978 3183.256368 1891.465067 60529.95745 4554.62723 5e-101 5e-101 120.3730143 1061.718648 5.092613748e-10 5e-101 5999.41791 101759.4853 40457.05974 1985.608135 5e-101 11003.79617 682672.8104 216919.8225 4020.92366 5e-101 1645.70833 43.8631406 5e-101
$catchByGroup
0 2.459100158e-09 4707.258849 1168.102378 0 55.99727716 793041.9719 659600.1526 1174.716023 0 4062.432639 8964287.869 274675.1886 3.058705607e-09 0 2.459100158e-09 3.071324147e-09 0 0 3.697542405e-09 1757.191145 760.4226769 0 905.3841588 1.479016962e-08 740619.8754 11048.45669 0 1.923387415e-09 294846.1136 7.693851752e-09 9.194769593e-09 0 4.067296646e-08 4.616311051e-09 0 0 1182.97242 3.428790681e-09 3.416513345e-09 0 591.0172178 346520.1617 545244.3602 12501.86443 0 2832.111508 740917.471 474005.4616 7456.402243 0 2.811412544e-09 3.428790681e-09 0 4.999278741 295.4587509 6.902515099e-10 4.570451416e-10 0 7.591167522 26216.48671 23448.4932 531.4504801 0 382.3855106 344762.8485 602738.5397 4081.208903 11.13654594 17129.64786 6168.905925 0 0 11.24479852 385.8516192 1.772992569e-10 0 13.17910297 9505.991994 14702.97431 691.2891184 0 24.17237222 63772.7505 78833.37535 1399.883856 0 153.7359407 15.94081808 0 
0 2.306741966e-10 497.9411 123.2183631 0 3.935725978 74390.75597 69773.5213 123.9160097 0 285.5249841 840888.8494 29055.56503 3.226503989e-10 0 2.306741966e-10 3.248894045e-10 0 0 2.380939604e-10 128.0628619 55.25941283 0 43.32513979 9.523758415e-10 53975.85862 802.8840378 0 9.203941532e-11 18985.87526 5.607225356e-10 6.68177823e-10 0 2.619033564e-09 3.364335214e-10 0 0 119.4849929 3.989732249e-10 3.962467073e-10 0 42.14133742 34999.93605 63444.49719 1449.964368 0 201.9382229 74835.65742 55155.15679 864.7924182 0 2.839640233e-10 3.989732249e-10 0 70.51186072 2785.487788 5.545248143e-09 3.68524534e-09 0 107.0689143 247160.4018 188377.2966 4285.190295 0 5393.320769 3250310.581 4842198.416 32907.59429 157.0743736 161492.678 49558.91242 0 0 43.19690071 1458.041624 6.702354504e-10 0 52.51019434 36517.27432 55559.04774 2613.245434 0 96.3112562 244983.0618 297892.6014 5291.910429 0 590.5767145 60.23656534 0 
0 3.700117317e-11 80.56984842 19.93331275 0 0.6193518087 11932.61008 11289.7731 20.0461726 0 44.93209545 134882.3336 4701.364218 5.219588336e-11 0 3.700117317e-11 5.256904899e-11 0 0 5.94619522e-11 32.15339594 13.87249138 0 10.69439019 2.378478088e-10 13551.99414 201.5584554 0 2.271903623e-11 4741.561716 1.407834671e-10 1.677413967e-10 0 6.540814742e-10 8.447008024e-11 0 0 10.0808874 3.405763479e-11 3.381540466e-11 0 3.465014721 2952.926603 5415.825875 123.7389004 0 16.60409844 6313.845925 4708.221178 73.80075349 0 2.395789859e-11 3.405763479e-11 0 3.125305752 186.970732 4.392134492e-10 2.907837802e-10 0 4.745628469 16590.18627 14920.49409 338.122355 0 239.0488103 218171.105 383528.1331 2596.569233 6.962026504 10839.89826 3925.332158 0 0 252.034547 7444.774889 3.432763694e-09 0 426.481872 213061.922 283685.0449 13384.3324 0 782.229153 1429366.32 1521042.556 27103.72599 0 3445.750327 307.5684958 0 
$Fmort
 0.9109542357 0.4842807167 0.3598804994
#ESTIMATED_PARAMETERS
$availability
1.4851545 1.4904055 1.823068357 0.1463384521 0.05503964531 
0.1914217929 0.1306991979 0.2370202286 4.027095714 0.4137652429 
0.04047206131 0.04337187881 0.02616941697 0.23133515 4.65865 
$availabilityVector
 1.4851545 0.1914217929 0.04047206131 1.4904055 0.1306991979 0.04337187881 1.823068357 0.2370202286 0.02616941697 0.1463384521 4.027095714 0.23133515 0.05503964531 0.4137652429 4.65865
$selectivity
 0.04053254429 0.5324627461 0.7577312721 0.7523228778 2.916950563
$RunSize
 0 4.789559777e-09 7340.70927 1829.105799 0 1049.416998 1544598.303 1028609.879 1839.461961 0 76132.02072 17459635.58 428340.7325 4.789559777e-09 0 4.789559777e-09 4.789559777e-09 0 0 7.184339665e-09 2734.706977 1188.313583 0 16909.19695 2.873735866e-08 1152622.665 17265.43875 0 3.592169832e-08 572887.1766 1.197389944e-08 1.436867933e-08 0 7.902773631e-08 7.184339665e-09 0 0 2015.327538 4.789559777e-09 4.789559777e-09 0 9078.868914 590336.3531 761633.0943 17526.17975 0 43505.2793 1262236.851 662121.927 10453.02057 0 4.789559777e-09 4.789559777e-09 0 927.7292562 4311.961245 7.184339665e-09 4.789559777e-09 0 1408.712849 382606.6223 244058.7777 5569.283231 0 70960.2812 5031511.292 6273479.066 42768.62879 2066.638013 249992.1816 64207.77773 0 0 426.8492606 10350.38678 4.789559777e-09 0 6491.58908 360844.6737 394404.1267 18674.47508 0 11906.50895 2420794.943 2114688.355 37816.44393 0 5835.771312 427.6090198 0
