$ndistricts
3
$ngroups
90
$nstocks
5
$nagecomps
18
$AgeCompLabels
 0.1 0.2 0.3 0.4 0.5 1.1 1.2 1.3 1.4 1.5 2.1 2.2 2.3 2.4 3.1 3.2 3.3 3.4
$navailpar
15
$nselectpar
5
$GENdata
 -1 -1 -1
$maxGradient
9.815792354e-06
#LIKELIHOOD_VALUES_AND_PENALTIES
$totalNLL
945.0292224
$NLLcatch
0.6773740579
$NLLescape
-6.913713539
$NLLagecompCatch
396.7873173
$NLLagecompEsc
554.4782446
$NLLgenetics
0
$NLLselOne
1.222076548e-17
$NLLavailOne
1.945099676e-09
$NLLextra
2.5e-198
$sigmaCat
0.5
$sigmaEsc
0.1
#OBSERVED_AND_PREDICTED_VALUES
$predEsc
 4088138.675 497197.8136 1030290.318 1614566.558 654943.7955
$obsEsc
 4065216 496306.5 1037862 1612745 654412
$predCatch
 3224899.788 6456596.74 1523519.718
$obsCatch
 3224900 6456598 1523520
$RunSize
 0 3591.129639 1127.189203 2.117368447e-09 0 7113.654086 2448643.664 2848895.686 4593.311854 0 43782.70736 1054254.388 105460.652 2.117368447e-09 0 2.117368447e-09 2.117368447e-09 0 0 5.293421118e-09 5968.49517 4.234736894e-09 0 6040.244449 367136.2098 396605.3251 4.234736894e-09 0 1.048097381e-07 7.410789565e-08 2.22323687e-08 4.234736894e-09 0 5.293421118e-09 5.293421118e-09 0 0 2.117368447e-09 2.117368447e-09 2.117368447e-09 0 1951.177696 483188.7841 524546.5545 26116.87387 0 28609.79445 330081.6563 449721.1139 4153.72702 0 2.117368447e-09 2.117368447e-09 0 0 423.7451613 1273.215 2.471505143 0 420.8502456 385782.3007 2472439.696 6295.420544 0 82815.14523 3374445.711 1508152.589 3.176052671e-09 0 21587.30405 7372.777285 0 0 1830.575923 9446.142676 705.1169703 0 432.0655909 464084.988 244286.4108 8289.059084 0 48887.38618 544731.2005 764053.2717 813.6238761 0 2.117368447e-09 2.117368447e-09 0
$SSageCompEsc
 2381 0 1966 3334 2723
$obsAgeCompEsc
0 0.0008539513 0.0001588676 0 0 0.001618601 0.3860333 0.4120506 0.0007476819 0 0.01028027 0.171449 0.01680775 0 0 0 0 0 
0 0 0 0 0 0 0.6011158 0.250188 0 0 0 0.1026919 0.0460043 0 0 0 0 0 
0 0 0 0 0 0.001728767 0.2715141 0.2644586 0.01236688 0 0.02561494 0.1873315 0.2345447 0.002440528 0 0 0 0 
0 0 0 0 0 0.0002257497 0.06189739 0.2681237 0.0005648424 0 0.04220972 0.4815948 0.1421939 0 0 0.002337048 0.0008528437 0 
0 0.001134291 0.006212195 0 0 0.0006048039 0.2380542 0.09835525 0.001155299 0 0.06404955 0.2943731 0.2958597 0.0002016013 0 0 0 0 
$predAgeCompEsc
0 0.0005700958096 0.0001644088704 2.741599902e-16 0 0.001630681674 0.3887248952 0.415532477 0.0005947487952 0 0.0100364254 0.1673640523 0.01538221499 2.741599902e-16 0 3.361345874e-16 3.088338263e-16 0 
0 7.077124915e-15 0.00737934383 4.696071716e-15 0 0.0114160271 0.4908486893 0.4903559398 4.696071716e-15 0 1.980897994e-13 9.907974881e-14 2.748771475e-14 4.696071716e-15 0 7.077124915e-15 6.544693989e-15 0 
0 1.203315803e-15 1.080486926e-15 9.265199959e-16 0 0.001749411898 0.2745996808 0.2676745726 0.01142824524 0 0.02565133607 0.1875877927 0.2294913691 0.001817591618 0 1.203315803e-15 1.080486926e-15 0 
0 6.171213679e-05 0.0001298118423 1.330610235e-07 0 0.0002129020536 0.05618341468 0.252079933 0.0003389331812 0 0.04189498443 0.4914374826 0.153765127 1.709924902e-16 0 0.003143867547 0.0007516984973 0 
0 0.0009544662497 0.003762690102 0.0001772467561 0 0.0005708873042 0.2419749176 0.09730681522 0.002083638454 0 0.06459479462 0.2840240274 0.304345994 0.0002045223684 0 1.104000493e-15 8.434131868e-16 0 
$SSageCompCatch
 6380 8826 3069
$obsAgeCompCatch
0 0 0.0007805996 0 0 0.000334549 0.3202331 0.4385476 0.003211985 0 0.001080669 0.1604622 0.07534922 0 0 0 0 0 
0 0.0002743902 0.0008130085 2.444728e-05 0 0 0.06611754 0.3116076 0.0009553507 0 0.002131223 0.401133 0.2123324 0 0 0.003872164 0.0007387549 0 
0 0.000435161 0.00103956 0.0004803885 0 0 0.1912449 0.1824825 0.005047168 0 0.004704821 0.2626103 0.3512396 0.0003980131 0 0 0.00031751 0 
$predAgeCompCatch
0 0.000333978847 0.0007903012317 3.932299349e-06 0 0.0002560958926 0.3100822484 0.4283376326 0.004318869249 0 0.001458242632 0.1665459853 0.08697943133 0.000582520941 0 0.00022176451 8.899678305e-05 0 
0 0.0001086590884 0.000396616046 1.766543488e-05 0 3.137161528e-05 0.07776831538 0.3309810599 0.001434566681 0 0.002459836979 0.3852299007 0.1983082062 8.073797361e-05 0 0.002323100464 0.0008599634897 0 
0 0.0006638861666 0.00373513356 0.0003049170353 0 4.399831428e-05 0.1847128831 0.1833552665 0.003929456229 0 0.004006084429 0.2771142869 0.3410330943 0.0003681534225 0 0.0005230187902 0.0002098212806 0 
$genSS
 -1 -1 -1
$obsGenComp     #GeneticFracData
0 0 0 0 0 
0 0 0 0 0 
0 0 0 0 0 
$predGenComp     #catchGenComp_pred
0 0 0 0 0 
0 0 0 0 0 
0 0 0 0 0 
#PARAMETERS_OF_INTEREST
$catchByGroup
0 0 0 
1039.960518 196.986538 23.5518549 
373.8477624 72.50787278 8.707306589 
8.139802702e-10 1.629052034e-10 1.967891444e-11 
0 0 0 
376.2653288 63.50030192 7.435635003 
709106.3228 134317.0219 16059.04161 
944875.3364 183258.8224 22007.13785 
1765.807566 353.3982963 42.69044015 
0 0 0 
2315.816116 390.8279911 45.76441692 
305303.0799 57829.69231 6914.160408 
34977.47197 6783.889976 814.6620171 
8.139802702e-10 1.629052034e-10 1.967891444e-11 
0 0 0 
6.131718451e-10 1.161453699e-10 1.388642557e-11 
7.022542922e-10 1.362024064e-10 1.63562392e-11 
0 0 0 
0 0 0 
1.537472906e-09 2.000224714e-10 3.71947062e-11 
1985.212498 264.8939071 49.39514702 
1.632428699e-09 2.252678775e-10 4.216372775e-11 
0 0 0 
320.5881302 36.86684537 6.765758286 
106634.6249 13872.97372 2579.716058 
131916.9784 17602.1478 3282.297762 
1.632428699e-09 2.252678775e-10 4.216372775e-11 
0 0 0 
5.562814263e-09 6.397099391e-10 1.173987841e-10 
2.152462069e-08 2.8003146e-09 5.207258868e-10 
7.394824817e-09 9.867175626e-10 1.8399464e-10 
1.632428699e-09 2.252678775e-10 4.216372775e-11 
0 0 0 
1.537472906e-09 2.000224714e-10 3.71947062e-11 
1.760672575e-09 2.34932753e-10 4.380824763e-11 
0 0 0 
0 0 0 
7.257550826e-10 1.428592825e-10 8.989461461e-12 
8.262294743e-10 1.673332507e-10 1.059050419e-11 
9.502134731e-10 1.998249339e-10 1.274545933e-11 
0 0 0 
125.9133347 21.54323244 1.318988802 
165619.128 32600.84616 2051.417626 
204686.069 41454.32516 2623.639966 
11720.49459 2464.758839 157.2100284 
0 0 0 
1846.246311 315.8848387 19.34011371 
113139.7042 22270.67691 1401.388753 
175488.0404 35540.95462 2249.383354 
1864.072067 392.0046265 25.00328125 
0 0 0 
7.257550826e-10 1.428592825e-10 8.989461461e-12 
8.262294743e-10 1.673332507e-10 1.059050419e-11 
0 0 0 
0 0 0 
14.03830302 294.4272466 15.64125927 
49.56340829 958.8580247 55.20370727 
0.1153811702 2.012836226 0.1284518682 
0 0 0 
2.247505451 72.34996542 2.508238754 
12780.62697 268049.8351 14239.97614 
96246.5398 1861993.963 107199.3632 
293.8990401 5127.098588 327.192736 
0 0 0 
442.2653718 14237.06641 493.5726161 
111792.4067 2344637.415 124557.3639 
58709.00247 1135789.488 65390.06695 
1.482726729e-10 2.58663183e-09 1.650694113e-10 
0 0 0 
715.1683213 14999.32288 796.82944 
287.0057068 5552.437464 319.6668584 
0 0 0 
0 0 0 
23.04949193 210.1541316 972.2505514 
140.0186053 1264.530065 5577.243469 
12.56589016 112.045753 464.4186639 
0 0 0 
0.8692906437 8.293523829 49.00367855 
5843.474204 53277.97465 246483.5683 
3621.016927 32701.97386 144232.9251 
147.7193294 1317.162834 5459.510843 
0 0 0 
98.3585555 938.3961851 5544.671475 
6858.921966 62536.33675 289316.1673 
11325.43485 102281.7849 451116.5315 
14.49959183 129.2879107 535.8857174 
0 0 0 
2.666060791e-11 2.430785424e-10 1.124571024e-09 
3.138540111e-11 2.834464979e-10 1.250148314e-09 
0 0 0 
$escByGroup
 5e-101 2330.630728 672.1262615 1.120804059e-09 5e-101 6666.45282 1589161.278 1698754.39 2431.415552 5e-101 41030.29884 684207.4551 62884.62803 1.120804059e-09 5e-101 1.374164807e-09 1.262555509e-09 5e-101 5e-101 3.518731034e-09 3668.993618 2.33487659e-09 5e-101 5676.023716 244048.8951 243803.9011 2.33487659e-09 5e-101 9.848981515e-08 4.926223448e-08 1.366683168e-08 2.33487659e-09 5e-101 3.518731034e-09 3.254007542e-09 5e-101 5e-101 1.239764621e-09 1.113215218e-09 9.545845808e-10 5e-101 1802.40214 282917.3923 275782.5204 11774.41042 5e-101 26428.32318 193269.8865 236442.7356 1872.647045 5e-101 1.239764621e-09 1.113215218e-09 5e-101 5e-101 99.63835232 209.5898594 0.2148358787 5e-101 343.744536 90711.86249 406999.83 547.23018 5e-101 67642.24084 793458.5249 248264.0318 2.760787564e-10 5e-101 5075.983405 1213.667256 5e-101 5e-101 625.1217483 2464.350536 116.0866632 5e-101 373.8990979 158479.9709 63730.49489 1364.666078 5e-101 42305.95996 186019.7745 199329.5205 133.9506562 5e-101 7.230582729e-10 5.523882338e-10 5e-101
$catchByGroup
0 1039.960518 373.8477624 8.139802702e-10 0 376.2653288 709106.3228 944875.3364 1765.807566 0 2315.816116 305303.0799 34977.47197 8.139802702e-10 0 6.131718451e-10 7.022542922e-10 0 0 1.537472906e-09 1985.212498 1.632428699e-09 0 320.5881302 106634.6249 131916.9784 1.632428699e-09 0 5.562814263e-09 2.152462069e-08 7.394824817e-09 1.632428699e-09 0 1.537472906e-09 1.760672575e-09 0 0 7.257550826e-10 8.262294743e-10 9.502134731e-10 0 125.9133347 165619.128 204686.069 11720.49459 0 1846.246311 113139.7042 175488.0404 1864.072067 0 7.257550826e-10 8.262294743e-10 0 0 14.03830302 49.56340829 0.1153811702 0 2.247505451 12780.62697 96246.5398 293.8990401 0 442.2653718 111792.4067 58709.00247 1.482726729e-10 0 715.1683213 287.0057068 0 0 23.04949193 140.0186053 12.56589016 0 0.8692906437 5843.474204 3621.016927 147.7193294 0 98.3585555 6858.921966 11325.43485 14.49959183 0 2.666060791e-11 3.138540111e-11 0 
0 196.986538 72.50787278 1.629052034e-10 0 63.50030192 134317.0219 183258.8224 353.3982963 0 390.8279911 57829.69231 6783.889976 1.629052034e-10 0 1.161453699e-10 1.362024064e-10 0 0 2.000224714e-10 264.8939071 2.252678775e-10 0 36.86684537 13872.97372 17602.1478 2.252678775e-10 0 6.397099391e-10 2.8003146e-09 9.867175626e-10 2.252678775e-10 0 2.000224714e-10 2.34932753e-10 0 0 1.428592825e-10 1.673332507e-10 1.998249339e-10 0 21.54323244 32600.84616 41454.32516 2464.758839 0 315.8848387 22270.67691 35540.95462 392.0046265 0 1.428592825e-10 1.673332507e-10 0 0 294.4272466 958.8580247 2.012836226 0 72.34996542 268049.8351 1861993.963 5127.098588 0 14237.06641 2344637.415 1135789.488 2.58663183e-09 0 14999.32288 5552.437464 0 0 210.1541316 1264.530065 112.045753 0 8.293523829 53277.97465 32701.97386 1317.162834 0 938.3961851 62536.33675 102281.7849 129.2879107 0 2.430785424e-10 2.834464979e-10 0 
0 23.5518549 8.707306589 1.967891444e-11 0 7.435635003 16059.04161 22007.13785 42.69044015 0 45.76441692 6914.160408 814.6620171 1.967891444e-11 0 1.388642557e-11 1.63562392e-11 0 0 3.71947062e-11 49.39514702 4.216372775e-11 0 6.765758286 2579.716058 3282.297762 4.216372775e-11 0 1.173987841e-10 5.207258868e-10 1.8399464e-10 4.216372775e-11 0 3.71947062e-11 4.380824763e-11 0 0 8.989461461e-12 1.059050419e-11 1.274545933e-11 0 1.318988802 2051.417626 2623.639966 157.2100284 0 19.34011371 1401.388753 2249.383354 25.00328125 0 8.989461461e-12 1.059050419e-11 0 0 15.64125927 55.20370727 0.1284518682 0 2.508238754 14239.97614 107199.3632 327.192736 0 493.5726161 124557.3639 65390.06695 1.650694113e-10 0 796.82944 319.6668584 0 0 972.2505514 5577.243469 464.4186639 0 49.00367855 246483.5683 144232.9251 5459.510843 0 5544.671475 289316.1673 451116.5315 535.8857174 0 1.124571024e-09 1.250148314e-09 0 
$Fmort
 0.2709323062 0.3468335738 0.1913290489
#ESTIMATED_PARAMETERS
$availability
1.4851545 1.4904055 1.823068357 0.1463384521 0.05503964531 
0.1914217929 0.1306991979 0.2370202286 4.027095714 0.4137652429 
0.04047206131 0.04337187881 0.02616941697 0.23133515 4.65865 
$availabilityVector
 1.4851545 0.1914217929 0.04047206131 1.4904055 0.1306991979 0.04337187881 1.823068357 0.2370202286 0.02616941697 0.1463384521 4.027095714 0.23133515 0.05503964531 0.4137652429 4.65865
$selectivity
 0.1350567075 0.8497395448 1.001460033 1.205853363 1.807890351
$RunSize
 0 3591.129639 1127.189203 2.117368447e-09 0 7113.654086 2448643.664 2848895.686 4593.311854 0 43782.70736 1054254.388 105460.652 2.117368447e-09 0 2.117368447e-09 2.117368447e-09 0 0 5.293421118e-09 5968.49517 4.234736894e-09 0 6040.244449 367136.2098 396605.3251 4.234736894e-09 0 1.048097381e-07 7.410789565e-08 2.22323687e-08 4.234736894e-09 0 5.293421118e-09 5.293421118e-09 0 0 2.117368447e-09 2.117368447e-09 2.117368447e-09 0 1951.177696 483188.7841 524546.5545 26116.87387 0 28609.79445 330081.6563 449721.1139 4153.72702 0 2.117368447e-09 2.117368447e-09 0 0 423.7451613 1273.215 2.471505143 0 420.8502456 385782.3007 2472439.696 6295.420544 0 82815.14523 3374445.711 1508152.589 3.176052671e-09 0 21587.30405 7372.777285 0 0 1830.575923 9446.142676 705.1169703 0 432.0655909 464084.988 244286.4108 8289.059084 0 48887.38618 544731.2005 764053.2717 813.6238761 0 2.117368447e-09 2.117368447e-09 0
