$ndistricts
3
$ngroups
90
$nstocks
5
$nagecomps
18
$AgeCompLabels
 0.1 0.2 0.3 0.4 0.5 1.1 1.2 1.3 1.4 1.5 2.1 2.2 2.3 2.4 3.1 3.2 3.3 3.4
$navailpar
15
$nselectpar
5
$GENdata
 1 1 1
$maxGradient
1.840869704e-06
#LIKELIHOOD_VALUES_AND_PENALTIES
$totalNLL
1005.671237
$NLLcatch
0.6773740579
$NLLescape
-6.917775843
$NLLagecompCatch
331.6466802
$NLLagecompEsc
464.1420951
$NLLgenetics
216.1228636
$NLLselOne
7.536053833e-16
$NLLavailOne
3.655982772e-17
$NLLextra
3.7e-198
$sigmaCat
0.5
$sigmaEsc
0.1
#OBSERVED_AND_PREDICTED_VALUES
$predEsc
 703894.0039 766959.1147 1264170.572 1033506.22 907115.3988
$obsEsc
 703884 766962 1263918 1036092 905584
$predCatch
 35057.99981 4610373.224 1573233.812
$obsCatch
 35058 4610374 1573234
$RunSize
 0 0 0 0 0 357.390516 350364.3575 113851.0428 6602.423686 0 616.2147962 307303.9119 17455.24582 1393.786653 1.209599754e-09 1.209599754e-09 1.209599754e-09 0 0 0 0 0 0 7.197118534e-08 1.693439655e-08 587337.707 195876.8944 0 7811.028818 65042.83155 4.112639163e-08 2.479679495e-08 8.588158251e-08 5.467390887e-07 1.028159791e-08 0 0 0 0 0 0 0 353153.0377 484073.5076 64454.90422 0 1445.086501 390972.0046 203245.2686 2262.094942 1.209599754e-09 1.209599754e-09 1.209599754e-09 0 0 0 0 0 0 0 19228.97294 170559.1808 21046.56099 0 12152.06697 3361384.52 1682942.132 13335.72879 9487.627264 29263.96091 14232.68083 0 0 0 0 0 0 3539.684354 172408.8481 623981.2898 1002.100681 0 20.65010963 1596731.987 8619.349908 754.2634454 1.209599754e-09 2.419199507e-09 1.209599754e-09 0
$SSageCompEsc
 1323 0 1460 1290 1321
$obsAgeCompEsc
0 0 0 0 0 0.0005051008 0.4428322 0.1430223 0.00865987 0 0.0008667267 0.3801948 0.02205527 0.001863734 0 0 0 0 
0 0 0 0 0 0.0002586018 0.4627819 0.4065598 0.006544372 0 0 0.02762097 0.09623435 0 0 0 0 0 
0 0 0 0 0 0 0.2595876 0.3140463 0.0451931 0 0.001178915 0.2413491 0.1368259 0.00181907 0 0 0 0 
0 0 0 0 0 0 0.00463711 0.03970596 0.007409847 0 0.01052282 0.5516823 0.3639279 0.00627407 0.0082332 0.003402484 0.004204352 0 
0 0 0 0 0 0.0038052 0.105676 0.2619197 0.0006346572 0 2.018071e-05 0.6226253 0.004684275 0.0006346572 0 0 0 0 
$predAgeCompEsc
0 0 0 0 0 0.0005035620512 0.4378379191 0.1441028552 0.008725327532 0 0.0008682446033 0.3840268066 0.02209334846 0.001841936482 1.70432204e-15 1.511593939e-15 1.531007304e-15 0 
0 0 0 0 0 9.30399111e-14 1.931242039e-14 0.6788572263 0.2368686431 0 0.01009761647 0.07417651419 4.753474502e-14 2.998609504e-14 1.110224149e-13 6.235152868e-13 1.188368626e-14 0 
0 0 0 0 0 0 0.2326143409 0.3247599293 0.04600140649 0 0.001129826965 0.2575248843 0.1363551569 0.001614455102 9.457139196e-16 7.967374466e-16 8.115080136e-16 0 
0 0 0 0 0 0 0.003252715247 0.03568818658 0.008223152463 0 0.01064327978 0.5686016988 0.3521425967 0.005210434671 0.008309653954 0.00495020364 0.002978078146 0 
0 0 0 0 0 0.0036923276 0.06904420213 0.2827450515 0.0006569060352 0 2.154061269e-05 0.6394398389 0.003905691683 0.0004944415454 1.261761815e-15 9.688116452e-16 5.481067305e-16 0 
$SSageCompCatch
 4400 4866 2088
$obsAgeCompCatch
0 0 0 0 0 0 0.1810907 0.3172981 0.03319308 0 0 0.3310606 0.1357817 0.0006853943 0 0.0006835196 0.000206961 0 
0 0 0 0 0 0 0.01838311 0.05312653 0.006395999 0 0.0002839527 0.6338923 0.2788097 0.0008976853 0.0002839527 0.006299405 0.00162741 0 
0 0 0 0 0 0 0.02373471 0.2504248 0.007033715 0 0.000206501 0.6716891 0.04558152 6.893138e-05 0 0.001260741 0 0 
$predAgeCompCatch
0 0 0 0 0 9.082084557e-07 0.2071389713 0.3068165906 0.03299156873 0 0.0001295240779 0.3131705842 0.1378248579 0.0009222530788 1.473350545e-05 0.0006878731136 0.0003021353212 0 
0 0 0 0 0 8.63533926e-06 0.02486370243 0.06518397968 0.004926108595 0 0.0002480452833 0.624835465 0.2709793198 0.001685265954 0.000186327518 0.004839211864 0.002243938476 0 
0 0 0 0 0 9.751211815e-05 0.06675037024 0.2177150677 0.00639231289 0 5.948523063e-05 0.6415272789 0.06528101699 0.0004912363271 2.542043565e-05 0.001152534597 0.0005077645865 0 
$genSS
 336 326 326
$obsGenComp     #GeneticFracData
0.02595834591 0.07445417044 0.7817687896 0.1164101016 0.001408592414 
0.01600402617 0.008454957222 0.04328132864 0.8509310518 0.08132863613 
0.02252614642 0.02785599356 0.02091713596 0.2129927595 0.7157079646 
$predGenComp     #catchGenComp_pred
0.02520093536 0.07684284894 0.7761966345 0.1202959041 0.001463677135 
0.01409405683 0.007758877139 0.0389089672 0.8629406655 0.07629743332 
0.01791724342 0.03219106453 0.01833075889 0.2017699708 0.7297909624 
#PARAMETERS_OF_INTEREST
$catchByGroup
0 0 0 
0 0 0 
0 0 0 
0 0 0 
0 0 0 
0.02671745932 2.043081823 0.8664082672 
396.4025374 29133.06938 12643.3996 
116.3320966 8584.7489 3716.826103 
4.266712209 319.3244297 137.126812 
0 0 0 
0.04606639801 3.522693504 1.493866149 
347.683912 25552.55977 11089.50175 
17.83563235 1316.183837 569.8508481 
0.9007126491 67.41011321 28.94778181 
9.042610471e-14 6.91487647e-12 2.932386786e-12 
1.368542209e-12 1.005791622e-10 4.365013938e-11 
1.235959477e-12 9.120786159e-11 3.948907122e-11 
0 0 0 
0 0 0 
0 0 0 
0 0 0 
0 0 0 
0 0 0 
1.811708083e-11 2.451506718e-10 3.501097452e-10 
6.443477926e-11 8.527227797e-10 1.205402149e-09 
2018.556481 26774.83406 37888.57921 
425.9481854 5694.68102 8087.700464 
0 0 0 
1.966245794 26.60618903 37.99739155 
247.485671 3275.198142 4629.794083 
1.413427801e-10 1.874819713e-09 2.653023172e-09 
5.392238754e-11 7.209111517e-10 1.02385251e-09 
2.161870149e-11 2.925327344e-10 4.177780153e-10 
2.080322873e-09 2.753076403e-08 3.891726939e-08 
3.533569502e-11 4.687049282e-10 6.632557931e-10 
0 0 0 
0 0 0 
0 0 0 
0 0 0 
0 0 0 
0 0 0 
0 0 0 
6845.851474 44988.13297 7254.848721 
8482.205512 56049.87997 8989.476313 
716.4852015 4825.312439 759.4822106 
0 0 0 
1.866927852 12.94601819 1.979553419 
7578.969989 49805.88768 8031.766528 
3561.376754 23533.35336 3774.361742 
25.14560482 169.3480891 26.65461827 
1.562699166e-12 1.083637582e-11 1.656971625e-12 
2.344802217e-11 1.540908013e-10 2.484889634e-11 
2.119528034e-11 1.40057078e-10 2.246284534e-11 
0 0 0 
0 0 0 
0 0 0 
0 0 0 
0 0 0 
0 0 0 
0 0 0 
15.84595613 14659.9909 1191.434641 
126.933725 123975.3722 9572.912096 
9.905771575 11783.10736 754.8686411 
0 0 0 
0.6615851713 1100.286091 51.22344705 
2770.005025 2562688.431 208272.692 
1252.480885 1223290.216 94457.87097 
6.276592327 7466.128275 478.3072863 
0.5165272314 859.0393996 39.99228887 
24.11545548 22310.5728 1813.206398 
10.59226003 10345.39387 798.8324159 
0 0 0 
0 0 0 
0 0 0 
0 0 0 
0 0 0 
0 0 0 
0.005122512524 37.76905508 152.542953 
3.778048552 25849.75466 83924.25645 
12.34815937 85137.63941 282348.9121 
0.01253976524 88.77391474 317.4246465 
0 0 0 
2.988414632e-05 0.2203403043 0.8899179666 
34.98968318 239402.621 777248.6519 
0.17057099 1176.046648 3900.219621 
0.009438459339 66.81855431 238.919913 
1.75049221e-15 1.290664227e-11 5.21277888e-11 
5.301266899e-14 3.627175428e-10 1.17760499e-09 
2.393714487e-14 1.650409545e-10 5.473388066e-10 
0 0 0 
$escByGroup
 5e-101 5e-101 5e-101 5e-101 5e-101 354.4543084 308191.4859 101433.1357 6141.705732 5e-101 611.1521701 270314.1665 15551.37551 1296.528045 1.199662064e-09 1.06400191e-09 1.077666861e-09 5e-101 5e-101 5e-101 5e-101 5e-101 5e-101 7.135780785e-08 1.481183684e-08 520655.7373 181668.5648 5e-101 7744.458992 56890.35365 3.645720596e-08 2.29981089e-08 8.514965306e-08 4.782107324e-07 9.11430149e-09 5e-101 5e-101 5e-101 5e-101 5e-101 5e-101 5e-101 294064.2045 410551.9458 58153.62437 5e-101 1428.294001 325555.3804 172376.1767 2040.94663 1.195543707e-09 1.007212034e-09 1.02588455e-09 5e-101 5e-101 5e-101 5e-101 5e-101 5e-101 5e-101 3361.701439 36883.96282 8498.679219 5e-101 10999.89585 587653.3925 363941.564 5385.016641 8588.079048 5116.066252 3077.862288 5e-101 5e-101 5e-101 5e-101 5e-101 5e-101 3349.367224 62631.05895 256482.3901 595.8895801 5e-101 19.53982147 580045.7245 3542.913068 448.5155396 1.144563572e-09 8.788239619e-10 4.971960554e-10 5e-101
$catchByGroup
0 0 0 0 0 0.02671745932 396.4025374 116.3320966 4.266712209 0 0.04606639801 347.683912 17.83563235 0.9007126491 9.042610471e-14 1.368542209e-12 1.235959477e-12 0 0 0 0 0 0 1.811708083e-11 6.443477926e-11 2018.556481 425.9481854 0 1.966245794 247.485671 1.413427801e-10 5.392238754e-11 2.161870149e-11 2.080322873e-09 3.533569502e-11 0 0 0 0 0 0 0 6845.851474 8482.205512 716.4852015 0 1.866927852 7578.969989 3561.376754 25.14560482 1.562699166e-12 2.344802217e-11 2.119528034e-11 0 0 0 0 0 0 0 15.84595613 126.933725 9.905771575 0 0.6615851713 2770.005025 1252.480885 6.276592327 0.5165272314 24.11545548 10.59226003 0 0 0 0 0 0 0.005122512524 3.778048552 12.34815937 0.01253976524 0 2.988414632e-05 34.98968318 0.17057099 0.009438459339 1.75049221e-15 5.301266899e-14 2.393714487e-14 0 
0 0 0 0 0 2.043081823 29133.06938 8584.7489 319.3244297 0 3.522693504 25552.55977 1316.183837 67.41011321 6.91487647e-12 1.005791622e-10 9.120786159e-11 0 0 0 0 0 0 2.451506718e-10 8.527227797e-10 26774.83406 5694.68102 0 26.60618903 3275.198142 1.874819713e-09 7.209111517e-10 2.925327344e-10 2.753076403e-08 4.687049282e-10 0 0 0 0 0 0 0 44988.13297 56049.87997 4825.312439 0 12.94601819 49805.88768 23533.35336 169.3480891 1.083637582e-11 1.540908013e-10 1.40057078e-10 0 0 0 0 0 0 0 14659.9909 123975.3722 11783.10736 0 1100.286091 2562688.431 1223290.216 7466.128275 859.0393996 22310.5728 10345.39387 0 0 0 0 0 0 37.76905508 25849.75466 85137.63941 88.77391474 0 0.2203403043 239402.621 1176.046648 66.81855431 1.290664227e-11 3.627175428e-10 1.650409545e-10 0 
0 0 0 0 0 0.8664082672 12643.3996 3716.826103 137.126812 0 1.493866149 11089.50175 569.8508481 28.94778181 2.932386786e-12 4.365013938e-11 3.948907122e-11 0 0 0 0 0 0 3.501097452e-10 1.205402149e-09 37888.57921 8087.700464 0 37.99739155 4629.794083 2.653023172e-09 1.02385251e-09 4.177780153e-10 3.891726939e-08 6.632557931e-10 0 0 0 0 0 0 0 7254.848721 8989.476313 759.4822106 0 1.979553419 8031.766528 3774.361742 26.65461827 1.656971625e-12 2.484889634e-11 2.246284534e-11 0 0 0 0 0 0 0 1191.434641 9572.912096 754.8686411 0 51.22344705 208272.692 94457.87097 478.3072863 39.99228887 1813.206398 798.8324159 0 0 0 0 0 0 152.542953 83924.25645 282348.9121 317.4246465 0 0.8899179666 777248.6519 3900.219621 238.919913 5.21277888e-11 1.17760499e-09 5.473388066e-10 0 
$Fmort
 0.004042053192 0.2986717961 0.1374162996
#ESTIMATED_PARAMETERS
$availability
0.2231425572 0.7514468577 3.85858806 0.1625030322 0.004319493706 
0.2315841919 0.1378278519 0.36351042 3.833745498 0.4333320382 
0.2131004329 0.4281360869 0.1203507565 0.3708629013 3.867549822 
$availabilityVector
 0.2231425572 0.2315841919 0.2131004329 0.7514468577 0.1378278519 0.4281360869 3.85858806 0.36351042 0.1203507565 0.1625030322 3.833745498 0.3708629013 0.004319493706 0.4333320382 3.867549822
$selectivity
 0.08288652589 1.255098681 1.133444047 0.7167140134 1.811856737
$RunSize
 0 0 0 0 0 357.390516 350364.3575 113851.0428 6602.423686 0 616.2147962 307303.9119 17455.24582 1393.786653 1.209599754e-09 1.209599754e-09 1.209599754e-09 0 0 0 0 0 0 7.197118534e-08 1.693439655e-08 587337.707 195876.8944 0 7811.028818 65042.83155 4.112639163e-08 2.479679495e-08 8.588158251e-08 5.467390887e-07 1.028159791e-08 0 0 0 0 0 0 0 353153.0377 484073.5076 64454.90422 0 1445.086501 390972.0046 203245.2686 2262.094942 1.209599754e-09 1.209599754e-09 1.209599754e-09 0 0 0 0 0 0 0 19228.97294 170559.1808 21046.56099 0 12152.06697 3361384.52 1682942.132 13335.72879 9487.627264 29263.96091 14232.68083 0 0 0 0 0 0 3539.684354 172408.8481 623981.2898 1002.100681 0 20.65010963 1596731.987 8619.349908 754.2634454 1.209599754e-09 2.419199507e-09 1.209599754e-09 0
