$ndistricts
3
$ngroups
90
$nstocks
5
$nagecomps
18
$AgeCompLabels
 0.1 0.2 0.3 0.4 0.5 1.1 1.2 1.3 1.4 1.5 2.1 2.2 2.3 2.4 3.1 3.2 3.3 3.4
$navailpar
15
$nselectpar
5
$GENdata
 -1 -1 -1
$maxGradient
5.399896173e-06
#LIKELIHOOD_VALUES_AND_PENALTIES
$totalNLL
637.0118561
$NLLcatch
0.6773740579
$NLLescape
-6.886935996
$NLLagecompCatch
207.4243767
$NLLagecompEsc
435.7970413
$NLLgenetics
0
$NLLselOne
2.528598928e-16
$NLLavailOne
1.945099676e-09
$NLLextra
4.6e-198
$sigmaCat
0.5
$sigmaEsc
0.1
#OBSERVED_AND_PREDICTED_VALUES
$predEsc
 4346083.986 215278.6968 1259198.402 1279997.949 61853.49267
$obsEsc
 4433844 214848 1241058 1275630 61854
$predCatch
 538162.9946 172252.9946 2150.999996
$obsCatch
 538163 172253 2151
$RunSize
 0 0 0 0 0 4.848222435e-09 42442.15283 300513.1308 4207.200669 0 27004.01387 4178822.705 164939.6305 0 0 6818.435799 0 0 0 0 0 0 0 1173.078171 74254.23044 52102.85434 2026.871894 0 8.814949881e-10 103280.9185 2763.667363 0 0 8.814949881e-10 0 0 0 0 0 0 0 216.5737296 155432.0273 230784.6613 247.5485895 0 17096.93012 805157.8229 208131.3313 439.7269666 0 588.1940948 0 0 0 0 0 0 0 1.322242482e-09 101114.433 98434.58512 1.322242482e-09 0 1.322242482e-09 1039061.648 191298.2372 1746.628978 0 8.814949881e-10 1468.991752 0 0 0 0 0 0 8.814949881e-10 3523.280143 5377.502381 8.814949881e-10 0 195.6232316 50032.00957 4174.226611 108.6428334 0 8.814949881e-10 0 0
$SSageCompEsc
 1298 257 1556 967 482
$obsAgeCompEsc
0 0 0 0 0 0 0.00648223 0.06645735 0.0009486914 0 0.005956342 0.8993475 0.02080784 0 0 0 0 0 
0 0 0 0 0 0.00540844 0.3163488 0.2118611 0.009433962 0 0 0.4459728 0.01097494 0 0 0 0 0 
0 0 0 0 0 0.0001801647 0.1032041 0.1630584 0.000199445 0 0.01346809 0.5961151 0.1231388 0.0003542793 0 0.0002816388 0 0 
0 0 0 0 0 0 0.04112871 0.06989708 0 0 0 0.7542579 0.1310673 0.001369221 0 0 0.002279852 0 
0 0 0 0 0 0 0.05559489 0.08348006 0 0 0.003149625 0.791241 0.06477798 0.00175644 0 0 0 0 
$predAgeCompEsc
0 0 0 0 0 1.096753686e-15 0.009035874133 0.05989581763 0.0009680439962 0 0.006108785676 0.8896654261 0.03287441718 0 0 0.001451635309 0 0 
0 0 0 0 0 0.005358638194 0.3195204792 0.2101355666 0.009415106316 0 4.026681963e-15 0.444424087 0.0111461227 0 0 3.793126659e-15 0 0 
0 0 0 0 0 0.0001684445572 0.1122030502 0.1536060386 0.0001965921952 0 0.01329747994 0.5812261805 0.1385283975 0.0003492118045 0 0.000424604714 0 0 
0 0 0 0 0 1.011411956e-15 0.07170384928 0.06425789187 1.033003546e-15 0 1.011411956e-15 0.7368356578 0.1248790903 0.001364556012 0 6.25099522e-16 0.0009589547522 0 
0 0 0 0 0 1.418262583e-14 0.05571417863 0.08344483041 1.425133716e-14 0 0.003147438313 0.7911639738 0.06477312458 0.001756454285 0 1.393921779e-14 0 0 
$SSageCompCatch
 563 547 0
$obsAgeCompCatch
0 0 0 0 0 0 0.05443928 0.1354713 0 0 0.001727585 0.6714991 0.1341207 0 0 0.002741947 0 0 
0 0 0 0 0 0 0.09157082 0.1073367 0 0 0 0.6228119 0.1782806 0 0 0 0 0 
0 0 0 0 0 0.001157407 0.174839 0.1633478 0.001397907 0 0 0.4750699 0.1672706 0 0 0.01691729 0 0 
$predAgeCompCatch
0 0 0 0 0 4.261433378e-05 0.04144319651 0.1502822537 4.344436108e-10 0 0.001416780171 0.7029546546 0.102838325 4.751955176e-11 0 0.0009862229126 3.595228247e-05 0 
0 0 0 0 0 5.721252671e-06 0.05681632215 0.1142508988 7.037626513e-11 0 0.0002600225271 0.6408648817 0.1863364878 4.477797876e-10 0 0.000183755664 0.001281909566 0 
0 0 0 0 0 1.263396716e-05 0.04961842711 0.1276428385 1.318107579e-10 0 0.0005475435682 0.6791558039 0.1420888182 4.590354087e-10 0 0.0002967016343 0.0006372325689 0 
$genSS
 -1 -1 -1
$obsGenComp     #GeneticFracData
0 0 0 0 0 
0 0 0 0 0 
0 0 0 0 0 
$predGenComp     #catchGenComp_pred
0 0 0 0 0 
0 0 0 0 0 
0 0 0 0 0 
#PARAMETERS_OF_INTEREST
$catchByGroup
0 0 0 
0 0 0 
0 0 0 
0 0 0 
0 0 0 
7.707582673e-11 4.468673861e-12 9.430063479e-14 
2989.703286 178.0189815 3.76269843 
37833.9871 2317.81449 49.0753492 
0.0001502876914 8.647864509e-06 1.824101336e-07 
0 0 0 
429.3030533 24.88997412 0.5252431555 
294363.9552 17527.61611 370.4724804 
20765.56135 1272.155611 26.9354951 
0 0 0 
0 0 0 
480.3031551 28.59918537 0.6044867181 
0 0 0 
0 0 0 
0 0 0 
0 0 0 
0 0 0 
0 0 0 
0 0 0 
18.71471193 0.7383599475 0.0244518454 
5248.428641 212.7948001 7.05463812 
6581.304657 274.7204856 9.118257061 
7.265897985e-05 2.844614981e-06 9.417488656e-08 
0 0 0 
1.40629373e-11 5.548313909e-13 1.837403484e-14 
7300.089535 295.9783203 9.812363555 
349.0890685 14.57187038 0.4836554497 
0 0 0 
0 0 0 
6.230572339e-11 2.526153038e-12 8.374779603e-14 
0 0 0 
0 0 0 
0 0 0 
0 0 0 
0 0 0 
0 0 0 
0 0 0 
4.218745553 0.247142958 0.002723817904 
13330.37794 806.8377413 8.910212163 
35137.81817 2201.99469 24.3701466 
1.085480331e-05 6.300429283e-07 6.939919415e-09 
0 0 0 
333.0394599 19.5101497 0.2150257304 
69053.06624 4179.52291 46.156041 
31688.76489 1985.851589 21.97802499 
1.928166806e-05 1.11916156e-06 1.232755847e-08 
0 0 0 
50.44552091 3.053278034 0.03371849591 
0 0 0 
0 0 0 
0 0 0 
0 0 0 
0 0 0 
0 0 0 
0 0 0 
2.086248227e-12 2.540400716e-11 1.469973716e-13 
725.1600005 8557.264685 51.2283861 
1296.488462 14796.27952 91.84737141 
4.654018675e-18 5.717778357e-17 3.276823716e-19 
0 0 0 
2.086248227e-12 2.540400716e-11 1.469973716e-13 
7451.813973 87935.27568 526.4278271 
2519.601796 28755.15944 178.496615 
6.147770923e-06 7.552954549e-05 4.328551938e-07 
0 0 0 
6.321796867e-12 7.460048684e-11 4.465986134e-13 
19.348188 220.8127616 1.370687253 
0 0 0 
0 0 0 
0 0 0 
0 0 0 
0 0 0 
0 0 0 
5.233663255e-13 1.755278637e-12 1.971400318e-12 
9.524875723 31.86542615 35.7733017 
26.74928659 89.25026824 100.1486209 
1.166954835e-18 3.916499918e-18 4.399265849e-18 
0 0 0 
0.1161465616 0.3895351466 0.437497327 
135.2571053 452.5019986 507.9954192 
20.76383718 69.27953134 77.73925675 
1.438252985e-07 4.827022886e-07 5.422024098e-07 
0 0 0 
2.383043605e-12 7.972460976e-12 8.950178492e-12 
0 0 0 
0 0 0 
$escByGroup
 5e-101 5e-101 5e-101 5e-101 5e-101 4.766583633e-09 39270.66787 260312.2538 4207.20051 5e-101 26549.2956 3866560.661 142874.978 5e-101 5e-101 6308.928971 5e-101 5e-101 5e-101 5e-101 5e-101 5e-101 5e-101 1153.600647 68785.95236 45237.71094 2026.871818 5e-101 8.668588454e-10 95675.03827 2399.522769 5e-101 5e-101 8.165793639e-10 5e-101 5e-101 5e-101 5e-101 5e-101 5e-101 5e-101 212.1051173 141285.9014 193420.4783 247.548578 5e-101 16744.16549 731879.0777 174434.7368 439.7269461 5e-101 534.6615773 5e-101 5e-101 5e-101 5e-101 5e-101 5e-101 5e-101 1.294605229e-09 91780.77998 82249.96977 1.32224242e-09 5e-101 1.294605229e-09 943148.1304 159844.9794 1746.628896 5e-101 8.001261058e-10 1227.460116 5e-101 5e-101 5e-101 5e-101 5e-101 5e-101 8.772449428e-10 3446.116539 5161.354206 8.814949786e-10 5e-101 194.6800526 48936.25505 4006.443986 108.6428323 5e-101 8.62189305e-10 5e-101 5e-101
$catchByGroup
0 0 0 0 0 7.707582673e-11 2989.703286 37833.9871 0.0001502876914 0 429.3030533 294363.9552 20765.56135 0 0 480.3031551 0 0 0 0 0 0 0 18.71471193 5248.428641 6581.304657 7.265897985e-05 0 1.40629373e-11 7300.089535 349.0890685 0 0 6.230572339e-11 0 0 0 0 0 0 0 4.218745553 13330.37794 35137.81817 1.085480331e-05 0 333.0394599 69053.06624 31688.76489 1.928166806e-05 0 50.44552091 0 0 0 0 0 0 0 2.086248227e-12 725.1600005 1296.488462 4.654018675e-18 0 2.086248227e-12 7451.813973 2519.601796 6.147770923e-06 0 6.321796867e-12 19.348188 0 0 0 0 0 0 5.233663255e-13 9.524875723 26.74928659 1.166954835e-18 0 0.1161465616 135.2571053 20.76383718 1.438252985e-07 0 2.383043605e-12 0 0 
0 0 0 0 0 4.468673861e-12 178.0189815 2317.81449 8.647864509e-06 0 24.88997412 17527.61611 1272.155611 0 0 28.59918537 0 0 0 0 0 0 0 0.7383599475 212.7948001 274.7204856 2.844614981e-06 0 5.548313909e-13 295.9783203 14.57187038 0 0 2.526153038e-12 0 0 0 0 0 0 0 0.247142958 806.8377413 2201.99469 6.300429283e-07 0 19.5101497 4179.52291 1985.851589 1.11916156e-06 0 3.053278034 0 0 0 0 0 0 0 2.540400716e-11 8557.264685 14796.27952 5.717778357e-17 0 2.540400716e-11 87935.27568 28755.15944 7.552954549e-05 0 7.460048684e-11 220.8127616 0 0 0 0 0 0 1.755278637e-12 31.86542615 89.25026824 3.916499918e-18 0 0.3895351466 452.5019986 69.27953134 4.827022886e-07 0 7.972460976e-12 0 0 
0 0 0 0 0 9.430063479e-14 3.76269843 49.0753492 1.824101336e-07 0 0.5252431555 370.4724804 26.9354951 0 0 0.6044867181 0 0 0 0 0 0 0 0.0244518454 7.05463812 9.118257061 9.417488656e-08 0 1.837403484e-14 9.812363555 0.4836554497 0 0 8.374779603e-14 0 0 0 0 0 0 0 0.002723817904 8.910212163 24.3701466 6.939919415e-09 0 0.2150257304 46.156041 21.97802499 1.232755847e-08 0 0.03371849591 0 0 0 0 0 0 0 1.469973716e-13 51.2283861 91.84737141 3.276823716e-19 0 1.469973716e-13 526.4278271 178.496615 4.328551938e-07 0 4.465986134e-13 1.370687253 0 0 0 0 0 0 1.971400318e-12 35.7733017 100.1486209 4.399265849e-18 0 0.437497327 507.9954192 77.73925675 5.422024098e-07 0 8.950178492e-12 0 0 
$Fmort
 0.04519908226 0.02017879948 0.002013127752
#ESTIMATED_PARAMETERS
$availability
1.4851545 1.4904055 1.823068357 0.1463384521 0.05503964531 
0.1914217929 0.1306991979 0.2370202286 4.027095714 0.4137652429 
0.04047206131 0.04337187881 0.02616941697 0.23133515 4.65865 
$availabilityVector
 1.4851545 0.1914217929 0.04047206131 1.4904055 0.1306991979 0.04337187881 1.823068357 0.2370202286 0.02616941697 0.1463384521 4.027095714 0.23133515 0.05503964531 0.4137652429 4.65865
$selectivity
 0.2387314539 1.088164614 2.004512409 5.321437213e-07 1.668590994
$RunSize
 0 0 0 0 0 4.848222435e-09 42442.15283 300513.1308 4207.200669 0 27004.01387 4178822.705 164939.6305 0 0 6818.435799 0 0 0 0 0 0 0 1173.078171 74254.23044 52102.85434 2026.871894 0 8.814949881e-10 103280.9185 2763.667363 0 0 8.814949881e-10 0 0 0 0 0 0 0 216.5737296 155432.0273 230784.6613 247.5485895 0 17096.93012 805157.8229 208131.3313 439.7269666 0 588.1940948 0 0 0 0 0 0 0 1.322242482e-09 101114.433 98434.58512 1.322242482e-09 0 1.322242482e-09 1039061.648 191298.2372 1746.628978 0 8.814949881e-10 1468.991752 0 0 0 0 0 0 8.814949881e-10 3523.280143 5377.502381 8.814949881e-10 0 195.6232316 50032.00957 4174.226611 108.6428334 0 8.814949881e-10 0 0
