$ndistricts
3
$ngroups
90
$nstocks
5
$nagecomps
18
$AgeCompLabels
 0.1 0.2 0.3 0.4 0.5 1.1 1.2 1.3 1.4 1.5 2.1 2.2 2.3 2.4 3.1 3.2 3.3 3.4
$navailpar
15
$nselectpar
5
$GENdata
 1 1 1
$maxGradient
8.773604616e-06
#LIKELIHOOD_VALUES_AND_PENALTIES
$totalNLL
1226.045645
$NLLcatch
0.6773740579
$NLLescape
-6.912958382
$NLLagecompCatch
387.22562
$NLLagecompEsc
609.5941932
$NLLgenetics
235.4614165
$NLLselOne
4.868455508e-15
$NLLavailOne
3.766778318e-16
$NLLextra
3.1e-198
$sigmaCat
0.5
$sigmaEsc
0.1
#OBSERVED_AND_PREDICTED_VALUES
$predEsc
 4142260.197 861096.8002 898066.7299 1243543.835 697168.4221
$obsEsc
 4164444 861747 900312 1233900 695018
$predCatch
 9296021.068 4998271.958 2418595.374
$obsCatch
 9296022 4998273 2418596
$RunSize
 0 0 4819.257021 1680.38876 0 0 2467873.904 1571584.558 3.95506432e-08 0 2386.958359 6476937.365 648945.9445 6.819076415e-09 0 2.727630566e-09 2.727630566e-09 0 0 0 2.727630566e-09 2.727630566e-09 0 0 457358.473 984597.9235 2.727630566e-09 0 2.727630566e-09 409921.9432 111472.3214 2.727630566e-09 0 2.727630566e-09 2.727630566e-09 0 0 0 4.091445849e-09 2.727630566e-09 0 5141.610476 528154.2883 1406455.116 31098.84877 0 12419.62187 568760.8893 456095.0938 3652.696849 0 2.727630566e-09 2428.27123 0 0 0 985.032909 2.727630566e-09 0 5246.895994 598366.0837 404841.8946 1602.542807 0 55725.818 3210685.641 1301497.158 5863.710611 2080.169218 28495.84146 12080.91822 0 0 0 2676.280877 2.727630566e-09 0 8404.171917 995076.2769 883510.5902 7099.18489 0 1576.411638 662890.1371 211971.2885 2562.860279 0 2.727630566e-09 2.727630566e-09 0
$SSageCompEsc
 1 1 1 1 1
$obsAgeCompEsc
0 0 0 0 0 0 0.2585185 0.08712792 0 0 0.0005635253 0.6161309 0.03765907 0 0 0 0 0 
0 0 0 0 0 0 0.27 0.44 0 0 0 0.24 0.05 0 0 0 0 0 
0 0 0 0 0 0.005559886 0.2256497 0.3835728 0.005589235 0 0.01342216 0.2390823 0.1254418 0.0008379623 0 0 0.0008442638 0 
0 0 0 0 0 0.004132543 0.1406783 0.03784508 0 0 0.04319652 0.6282482 0.1378895 0.0004095939 0.001638376 0.003613634 0.002348248 0 
0 0 0.0007358352 0 0 0.01177336 0.4709345 0.2288447 0.002207506 0 0.002207506 0.2266372 0.05592347 0.0007358352 0 0 0 0 
$predAgeCompEsc
0 0 0.0003090983741 8.619565029e-05 0 0 0.2363423953 0.1007985732 2.028752805e-15 0 0.0005606884757 0.6202808371 0.04162221178 3.497849664e-16 0 2.61218671e-16 1.749452601e-16 0 
0 0 1.232702576e-15 1.087904432e-15 0 0 0.2661267145 0.4449709619 1.087904432e-15 0 3.098704526e-15 0.2385244537 0.05037786988 1.087904432e-15 0 1.587147508e-15 1.232702576e-15 0 
0 0 1.135559176e-15 6.093296459e-16 0 0.005555370417 0.2193899353 0.3903541857 0.006947220326 0 0.01341906398 0.2362575056 0.1265867832 0.0008159816456 0 1.133030076e-15 0.0006739538487 0 
0 0 9.556618676e-05 1.522469723e-16 0 0.004059945535 0.1222414365 0.03927705943 8.944843684e-05 0 0.04311954843 0.6559175652 0.1262690001 0.0003272921921 0.00160959427 0.00582147399 0.001172069762 0 
0 0 0.0006778834394 5.139274829e-16 0 0.01161863523 0.4238616593 0.223787123 0.001337595445 0 0.002179364246 0.2823639956 0.05369086157 0.0004828822308 0 1.161858688e-15 6.908899606e-16 0 
$SSageCompCatch
 1 1 1
$obsAgeCompCatch
0 0 0.0005971548 0.0002545118 0 0 0.1757644 0.3034055 0.003756245 0 0 0.4148008 0.101049 0.0003214376 0 0 5.091058e-05 0 
0 0 0.0004362489 0 0 0 0.104901 0.1317838 0.001169251 0 0.0007046747 0.5429375 0.2104976 0.001011993 0 0.005698346 0.000859615 0 
0 0 0.000790713 0 0 0 0.2390848 0.2886198 0.001407606 0 0 0.367338 0.1008214 0.0006844698 0 0.001027211 0.0002259558 0 
$predAgeCompCatch
0 0 0.0003331868261 0.0001208420483 0 1.634778669e-05 0.1975112761 0.2720812638 0.002421575011 0 5.207408885e-05 0.4347741075 0.09198318797 0.0003243034842 3.235979354e-07 0.0001307650433 0.0002507467146 0 
0 0 0.0002650108303 3.223276724e-05 0 4.080490097e-05 0.1278762479 0.1262695173 0.0008228208062 0 0.0003923918921 0.5193787947 0.2182872856 0.001023397006 1.442689597e-05 0.003731479292 0.001865590184 0 
0 0 0.0009041848468 1.607775572e-05 0 0.0001235410648 0.2972406534 0.3036747634 0.002436973234 0 6.172244735e-05 0.2861497535 0.1074667948 0.001022436738 1.426639464e-06 0.0005747304721 0.0003269418117 0 
$genSS
 189 1328 1327
$obsGenComp     #GeneticFracData
0.6673573162 0.1063484154 0.1944590783 0.03003053708 0.001804653031 
0.1541019568 0.01386716461 0.03620445633 0.76518964 0.03063678233 
0.06820705568 0.00141561282 0.004761577585 0.111509094 0.8141066599 
$predGenComp     #catchGenComp_pred
0.6530880185 0.110683525 0.2064055932 0.02813301412 0.001689849142 
0.1551722498 0.01399528481 0.03721429895 0.7649573987 0.02866076769 
0.07659615071 0.001399672188 0.004705945213 0.1235997008 0.7936985311 
#PARAMETERS_OF_INTEREST
$catchByGroup
0 0 0 
0 0 0 
3023.715145 415.3316935 99.8442902 
1123.350227 161.1081366 38.88558561 
0 0 0 
0 0 0 
1289474.635 161026.9313 38380.64108 
986049.0965 135441.8063 32559.73775 
2.643984836e-08 3.791938259e-09 9.152345926e-10 
0 0 0 
57.85864392 5.340509763 1.241650065 
3384227.383 422615.3316 100730.0283 
407163.9409 55927.25537 13444.71709 
4.558594545e-09 6.537824584e-10 1.577990677e-10 
0 0 0 
1.425198598e-09 1.779758597e-10 4.242040469e-11 
1.711379538e-09 2.350717999e-10 5.651044063e-11 
0 0 0 
0 0 0 
0 0 0 
1.551754018e-09 1.091104925e-10 5.289811605e-12 
1.663194683e-09 1.217297586e-10 5.915099288e-12 
0 0 0 
0 0 0 
213765.7364 13767.63525 664.2391283 
560139.5596 39385.81921 1909.473221 
1.663194683e-09 1.217297586e-10 5.915099288e-12 
0 0 0 
5.644832549e-11 2.766094105e-12 1.315943572e-13 
191594.2771 12339.67692 595.3452495 
63416.80753 4459.108223 216.1830809 
1.663194683e-09 1.217297586e-10 5.915099288e-12 
0 0 0 
1.274872973e-09 8.210850991e-11 3.961441749e-12 
1.551754018e-09 1.091104925e-10 5.289811605e-12 
0 0 0 
0 0 0 
0 0 0 
2.77605397e-09 2.785008392e-10 1.708312363e-11 
1.96089409e-09 2.06784513e-10 1.273328e-11 
0 0 0 
142.9818649 9.00062668 0.5346399213 
302322.1196 27153.45597 1651.91097 
954282.5333 95736.06607 5872.409784 
22356.96781 2357.636103 145.1774129 
0 0 0 
345.3744125 21.74112188 1.291429153 
325565.8458 29241.12159 1778.916451 
309461.4087 31045.96054 1904.346083 
2625.924403 276.914751 17.05172698 
0 0 0 
1.561329847e-09 1.402328791e-10 8.531224592e-12 
1647.586755 165.29012 10.13882602 
0 0 0 
0 0 0 
0 0 0 
55.71861863 746.8262502 63.64729775 
1.719594306e-10 2.170013703e-09 1.963316486e-10 
0 0 0 
7.587638501 181.8848696 8.703245642 
25525.49921 391639.4227 29188.57715 
22899.97717 306940.5614 26158.61092 
101.0299386 1274.930665 115.3491515 
0 0 0 
80.58619088 1931.748438 92.43474298 
136963.568 2101441.082 156618.7458 
73619.49346 986761.1868 84095.44128 
369.6689539 4664.976458 422.0630116 
3.008173225 72.10954958 3.450463607 
1215.594597 18650.94831 1390.040461 
683.3599861 9159.436981 780.6011272 
0 0 0 
0 0 0 
0 0 0 
17.87799112 162.438258 2023.3657 
2.036911911e-11 1.844687024e-10 2.164498732e-09 
0 0 0 
1.399866076 13.06849601 289.5579623 
4980.99338 45572.8185 649019.5008 
5901.994302 53625.13422 667966.1463 
53.01456306 480.1153944 5633.525627 
0 0 0 
0.2625797277 2.451321724 54.31380343 
3318.18923 30359.25245 432357.4342 
1416.00265 12865.70746 160258.0051 
19.13866451 173.3253455 2033.746027 
0 0 0 
1.365353602e-11 1.249208886e-10 1.779044953e-09 
1.822101538e-11 1.655549541e-10 2.062187933e-09 
0 0 0 
$escByGroup
 5e-101 5e-101 1280.365892 357.0448113 5e-101 5e-101 978991.697 417533.9178 8.403621993e-09 5e-101 2322.517555 2569364.622 172410.0311 1.448900344e-09 5e-101 1.082035704e-09 7.246687876e-10 5e-101 5e-101 5e-101 1.061476244e-09 9.367910254e-10 5e-101 5e-101 229160.8623 383163.0715 9.367910254e-10 5e-101 2.668284552e-09 205392.6439 43380.22256 9.367910254e-10 5e-101 1.366687641e-09 1.061476244e-09 5e-101 5e-101 5e-101 1.019807916e-09 5.472186825e-10 5e-101 4989.093344 197026.8018 350564.107 6239.06744 5e-101 12051.21491 212175.0055 113683.3785 732.8059682 5e-101 1.017536615e-09 605.2555291 5e-101 5e-101 5e-101 118.8407424 1.893257838e-10 5e-101 5048.720241 152012.5847 48842.74511 111.2330522 5e-101 53621.04863 815662.2445 157021.0367 407.0021877 2001.601031 7239.258091 1457.520126 5e-101 5e-101 5e-101 472.5989278 3.582940123e-10 5e-101 8100.145593 295502.9642 156017.3154 932.529306 5e-101 1519.383933 196855.2613 37431.57324 336.6502429 5e-101 8.100111882e-10 4.816666637e-10 5e-101
$catchByGroup
0 0 3023.715145 1123.350227 0 0 1289474.635 986049.0965 2.643984836e-08 0 57.85864392 3384227.383 407163.9409 4.558594545e-09 0 1.425198598e-09 1.711379538e-09 0 0 0 1.551754018e-09 1.663194683e-09 0 0 213765.7364 560139.5596 1.663194683e-09 0 5.644832549e-11 191594.2771 63416.80753 1.663194683e-09 0 1.274872973e-09 1.551754018e-09 0 0 0 2.77605397e-09 1.96089409e-09 0 142.9818649 302322.1196 954282.5333 22356.96781 0 345.3744125 325565.8458 309461.4087 2625.924403 0 1.561329847e-09 1647.586755 0 0 0 55.71861863 1.719594306e-10 0 7.587638501 25525.49921 22899.97717 101.0299386 0 80.58619088 136963.568 73619.49346 369.6689539 3.008173225 1215.594597 683.3599861 0 0 0 17.87799112 2.036911911e-11 0 1.399866076 4980.99338 5901.994302 53.01456306 0 0.2625797277 3318.18923 1416.00265 19.13866451 0 1.365353602e-11 1.822101538e-11 0 
0 0 415.3316935 161.1081366 0 0 161026.9313 135441.8063 3.791938259e-09 0 5.340509763 422615.3316 55927.25537 6.537824584e-10 0 1.779758597e-10 2.350717999e-10 0 0 0 1.091104925e-10 1.217297586e-10 0 0 13767.63525 39385.81921 1.217297586e-10 0 2.766094105e-12 12339.67692 4459.108223 1.217297586e-10 0 8.210850991e-11 1.091104925e-10 0 0 0 2.785008392e-10 2.06784513e-10 0 9.00062668 27153.45597 95736.06607 2357.636103 0 21.74112188 29241.12159 31045.96054 276.914751 0 1.402328791e-10 165.29012 0 0 0 746.8262502 2.170013703e-09 0 181.8848696 391639.4227 306940.5614 1274.930665 0 1931.748438 2101441.082 986761.1868 4664.976458 72.10954958 18650.94831 9159.436981 0 0 0 162.438258 1.844687024e-10 0 13.06849601 45572.8185 53625.13422 480.1153944 0 2.451321724 30359.25245 12865.70746 173.3253455 0 1.249208886e-10 1.655549541e-10 0 
0 0 99.8442902 38.88558561 0 0 38380.64108 32559.73775 9.152345926e-10 0 1.241650065 100730.0283 13444.71709 1.577990677e-10 0 4.242040469e-11 5.651044063e-11 0 0 0 5.289811605e-12 5.915099288e-12 0 0 664.2391283 1909.473221 5.915099288e-12 0 1.315943572e-13 595.3452495 216.1830809 5.915099288e-12 0 3.961441749e-12 5.289811605e-12 0 0 0 1.708312363e-11 1.273328e-11 0 0.5346399213 1651.91097 5872.409784 145.1774129 0 1.291429153 1778.916451 1904.346083 17.05172698 0 8.531224592e-12 10.13882602 0 0 0 63.64729775 1.963316486e-10 0 8.703245642 29188.57715 26158.61092 115.3491515 0 92.43474298 156618.7458 84095.44128 422.0630116 3.450463607 1390.040461 780.6011272 0 0 0 2023.3657 2.164498732e-09 0 289.5579623 649019.5008 667966.1463 5633.525627 0 54.31380343 432357.4342 160258.0051 2033.746027 0 1.779044953e-09 2.062187933e-09 0 
$Fmort
 0.8696034112 0.4834394299 0.4320393161
#ESTIMATED_PARAMETERS
$availability
1.630075592 1.38920222 1.873520266 0.09613582077 0.01106609988 
0.2676518076 0.1212405011 0.2093630318 4.215786782 0.1859578785 
0.06957162866 0.006450999554 0.01390431538 0.221974989 4.68809807 
$availabilityVector
 1.630075592 0.2676518076 0.06957162866 1.38920222 0.1212405011 0.006450999554 1.873520266 0.2093630318 0.01390431538 0.09613582077 4.215786782 0.221974989 0.01106609988 0.1859578785 4.68809807
$selectivity
 0.01731059171 0.5214744157 0.6965075659 0.7789283969 2.985779041
$RunSize
 0 0 4819.257021 1680.38876 0 0 2467873.904 1571584.558 3.95506432e-08 0 2386.958359 6476937.365 648945.9445 6.819076415e-09 0 2.727630566e-09 2.727630566e-09 0 0 0 2.727630566e-09 2.727630566e-09 0 0 457358.473 984597.9235 2.727630566e-09 0 2.727630566e-09 409921.9432 111472.3214 2.727630566e-09 0 2.727630566e-09 2.727630566e-09 0 0 0 4.091445849e-09 2.727630566e-09 0 5141.610476 528154.2883 1406455.116 31098.84877 0 12419.62187 568760.8893 456095.0938 3652.696849 0 2.727630566e-09 2428.27123 0 0 0 985.032909 2.727630566e-09 0 5246.895994 598366.0837 404841.8946 1602.542807 0 55725.818 3210685.641 1301497.158 5863.710611 2080.169218 28495.84146 12080.91822 0 0 0 2676.280877 2.727630566e-09 0 8404.171917 995076.2769 883510.5902 7099.18489 0 1576.411638 662890.1371 211971.2885 2562.860279 0 2.727630566e-09 2.727630566e-09 0
