$ndistricts
3
$ngroups
90
$nstocks
5
$nagecomps
18
$AgeCompLabels
 0.1 0.2 0.3 0.4 0.5 1.1 1.2 1.3 1.4 1.5 2.1 2.2 2.3 2.4 3.1 3.2 3.3 3.4
$navailpar
15
$nselectpar
5
$GENdata
 -1 -1 -1
$maxGradient
2.043378422e-06
#LIKELIHOOD_VALUES_AND_PENALTIES
$totalNLL
709.3012499
$NLLcatch
0.6773740579
$NLLescape
-6.913530833
$NLLagecompCatch
314.5870178
$NLLagecompEsc
400.9503888
$NLLgenetics
0
$NLLselOne
5.958883824e-18
$NLLavailOne
1.945099676e-09
$NLLextra
5.3e-198
$sigmaCat
0.5
$sigmaEsc
0.1
#OBSERVED_AND_PREDICTED_VALUES
$predEsc
 1827901.776 1150814.888 1375255.865 1037596.277 633247.17
$obsEsc
 1827780 1150815 1375488 1032138 638420
$predCatch
 3520867.706 7029395.49 1538789.725
$obsCatch
 3520868 7029397 1538790
$RunSize
 0 0 0 0 0 0 499571.867 1899518.298 2.011024236e-09 0 0 620187.2858 220653.9743 0 0 2.011024236e-09 2.011024236e-09 0 0 0 0 0 0 5530.204226 34818.36088 1716780.711 10310.52418 0 0 9.204860133e-05 237842.3628 0 0 7585.365374 5.02756059e-09 0 0 0 0 0 0 0 252475.3748 2334638.317 2.011024236e-09 0 0 68351.18734 225179.0165 0 0 2.011024236e-09 2.011024236e-09 0 0 0 0 0 0 0 393382.8481 2571228.149 4.022048472e-09 0 3332.220854 1647601.328 3147439.818 0 0 25576.16684 3695.242635 0 0 0 0 0 0 0 247901.3623 1647896.948 7951.725663 0 0 123840.3001 160183.1066 0 0 2.011024236e-09 396.8316334 0
$SSageCompEsc
 1272 0 1428 1413 1541
$obsAgeCompEsc
0 0 0 0 0 0 0.1618872 0.5707415 0 0 0 0.2010554 0.06631595 0 0 0 0 0 
0 0 0 0 0 0.0002586018 0.4627819 0.4065598 0.006544372 0 0 0.02762097 0.09623435 0 0 0 0 0 
0 0 0 0 0 0 0.09540438 0.8013292 0 0 0 0.02588846 0.077378 0 0 0 0 0 
0 0 0 0 0 0 0.06396589 0.303803 0 0 0.003228417 0.257088 0.3661151 0 0 0.005167792 0.0006317943 0 
0 0 0 0 0 0 0.1552764 0.7165168 0.002104912 0 0 0.06365795 0.06244394 0 0 0 0 0 
$predAgeCompEsc
0 0 0 0 0 0 0.1620289882 0.5705457615 5.164362117e-16 0 0 0.2011488738 0.06627637645 0 0 6.522469415e-16 6.040380635e-16 0 
0 0 0 0 0 0.004805466601 0.01850215876 0.8504117587 0.004433993497 0 0 4.891378549e-11 0.1178158286 0 0 0.004030793835 2.490415121e-15 0 
0 0 0 0 0 0 0.09567152586 0.8011553633 5.611966409e-16 0 0 0.02590059483 0.07727251604 0 0 7.620456346e-16 6.901038335e-16 0 
0 0 0 0 0 0 0.06451563037 0.2955997656 1.536219252e-16 0 0.003211477925 0.2702101496 0.3618436088 0 0 0.004194546188 0.0004248214447 0 
0 0 0 0 0 0 0.1336276514 0.7266660484 0.002141727355 0 0 0.06675432637 0.07063525738 0 0 1.084013589e-15 0.0001749891432 0 
$SSageCompCatch
 5464 5653 2422
$obsAgeCompCatch
0 0 0 0 0 0 0.08544893 0.710505 0.00139838 0 0 0.08526015 0.116347 0 0 0.001040459 0 0 
0 0 0 0 0 0 0.05944881 0.381735 3.371598e-05 0 0 0.2004061 0.3563197 0 0 0.001909272 0.0001473974 0 
0 0 0 0 0 0 0.06690004 0.6845115 0.003492545 0 0 0.08517682 0.1588464 0 0 0.0005363627 0.0005363627 0 
$predAgeCompCatch
0 0 0 0 0 4.32838607e-10 0.08486945638 0.7099604906 0.001319571064 0 2.560782333e-11 0.08594654558 0.1168412528 0 0 0.001013891466 4.879163681e-05 0 
0 0 0 0 0 2.410420915e-11 0.05471893175 0.3886808305 0.0002957638058 0 4.475116297e-10 0.1859585917 0.3671211008 0 0 0.002797336779 0.0004274440934 0 
0 0 0 0 0 1.593977582e-11 0.09364222958 0.6810287298 0.003300142534 0 5.12280951e-11 0.08074906803 0.1404342095 0 0 0.0006090662487 0.0002365542564 0 
$genSS
 -1 -1 -1
$obsGenComp     #GeneticFracData
0 0 0 0 0 
0 0 0 0 0 
0 0 0 0 0 
$predGenComp     #catchGenComp_pred
0 0 0 0 0 
0 0 0 0 0 
0 0 0 0 0 
#PARAMETERS_OF_INTEREST
$catchByGroup
0 0 0 
0 0 0 
0 0 0 
0 0 0 
0 0 0 
0 0 0 
167963.8525 32358.89334 3076.045862 
704779.256 138609.1364 13228.29474 
8.715904687e-10 1.782932319e-10 1.714586707e-11 
0 0 0 
0 0 0 
208516.6373 40171.54599 3818.718908 
81869.35815 16101.26992 1536.640005 
0 0 0 
0 0 0 
6.761377099e-10 1.302605752e-10 1.238260837e-11 
7.46151362e-10 1.467458002e-10 1.400482499e-11 
0 0 0 
0 0 0 
0 0 0 
0 0 0 
0 0 0 
0 0 0 
0.001523967474 0.0001694380191 2.452796324e-05 
11739.93861 1556.163003 229.6995123 
638746.8002 86558.27169 12809.12665 
4480.36813 633.2737729 94.17655095 
0 0 0 
0 0 0 
3.10366399e-05 4.113996877e-06 6.07251987e-07 
88491.81912 11991.76093 1774.573146 
0 0 0 
0 0 0 
2557.608157 339.018399 50.04126221 
1.870558202e-09 2.534842992e-10 3.751129071e-11 
0 0 0 
0 0 0 
0 0 0 
0 0 0 
0 0 0 
0 0 0 
0 0 0 
99805.87418 20090.37663 1006.296934 
1013245.857 209073.0631 10525.78464 
1.009753392e-09 2.183785104e-10 1.110336148e-11 
0 0 0 
0 0 0 
27019.86287 5438.950623 272.4289063 
97728.93043 20165.37911 1015.226134 
0 0 0 
0 0 0 
7.949766668e-10 1.600244553e-10 8.015385754e-12 
8.727955681e-10 1.800925625e-10 9.066761157e-12 
0 0 0 
0 0 0 
0 0 0 
0 0 0 
0 0 0 
0 0 0 
0 0 0 
15568.01489 297228.0288 13645.62651 
114830.0756 2049001.235 100683.6223 
2.189625075e-10 3.4515787e-09 1.921097264e-10 
0 0 0 
9.016175819e-05 0.003145736231 7.882926635e-05 
65203.3563 1244877.089 57151.83688 
140563.4705 2508181.966 123246.8001 
0 0 0 
0 0 0 
1012.169565 19324.56814 887.1836228 
165.0281369 2944.723799 144.69755 
0 0 0 
0 0 0 
0 0 0 
0 0 0 
0 0 0 
0 0 0 
0 0 0 
3736.448067 33407.5503 126138.0318 
28074.97502 248949.571 910713.1832 
165.6670177 1445.76699 4984.04887 
0 0 0 
0 0 0 
1866.560335 16688.90004 63012.85146 
2729.015744 24199.03484 88525.47913 
0 0 0 
0 0 0 
3.0310796e-11 2.710085685e-10 1.023256334e-09 
6.760761473 59.94978328 219.309709 
0 0 0 
$escByGroup
 5e-101 5e-101 5e-101 5e-101 5e-101 5e-101 296173.0753 1042901.611 9.439946683e-10 5e-101 5e-101 367680.3837 121146.7062 5e-101 5e-101 1.192243343e-09 1.104122249e-09 5e-101 5e-101 5e-101 5e-101 5e-101 5e-101 5530.202508 21292.55976 978666.5128 5102.705729 5e-101 5e-101 5.629071256e-05 135584.2096 5e-101 5e-101 4638.697555 2.866006799e-09 5e-101 5e-101 5e-101 5e-101 5e-101 5e-101 5e-101 131572.827 1101793.612 7.717889718e-10 5e-101 5e-101 35619.94494 106269.4809 5e-101 5e-101 1.048007728e-09 9.490693443e-10 5e-101 5e-101 5e-101 5e-101 5e-101 5e-101 5e-101 66941.17788 306713.2163 1.593975377e-10 5e-101 3332.217539 280369.0453 375447.5813 5e-101 5e-101 4352.245508 440.7931495 5e-101 5e-101 5e-101 5e-101 5e-101 5e-101 5e-101 84619.33205 460159.2186 1356.242786 5e-101 5e-101 42271.98826 44729.57684 5e-101 5e-101 6.864485376e-10 110.8113797 5e-101
$catchByGroup
0 0 0 0 0 0 167963.8525 704779.256 8.715904687e-10 0 0 208516.6373 81869.35815 0 0 6.761377099e-10 7.46151362e-10 0 0 0 0 0 0 0.001523967474 11739.93861 638746.8002 4480.36813 0 0 3.10366399e-05 88491.81912 0 0 2557.608157 1.870558202e-09 0 0 0 0 0 0 0 99805.87418 1013245.857 1.009753392e-09 0 0 27019.86287 97728.93043 0 0 7.949766668e-10 8.727955681e-10 0 0 0 0 0 0 0 15568.01489 114830.0756 2.189625075e-10 0 9.016175819e-05 65203.3563 140563.4705 0 0 1012.169565 165.0281369 0 0 0 0 0 0 0 3736.448067 28074.97502 165.6670177 0 0 1866.560335 2729.015744 0 0 3.0310796e-11 6.760761473 0 
0 0 0 0 0 0 32358.89334 138609.1364 1.782932319e-10 0 0 40171.54599 16101.26992 0 0 1.302605752e-10 1.467458002e-10 0 0 0 0 0 0 0.0001694380191 1556.163003 86558.27169 633.2737729 0 0 4.113996877e-06 11991.76093 0 0 339.018399 2.534842992e-10 0 0 0 0 0 0 0 20090.37663 209073.0631 2.183785104e-10 0 0 5438.950623 20165.37911 0 0 1.600244553e-10 1.800925625e-10 0 0 0 0 0 0 0 297228.0288 2049001.235 3.4515787e-09 0 0.003145736231 1244877.089 2508181.966 0 0 19324.56814 2944.723799 0 0 0 0 0 0 0 33407.5503 248949.571 1445.76699 0 0 16688.90004 24199.03484 0 0 2.710085685e-10 59.94978328 0 
0 0 0 0 0 0 3076.045862 13228.29474 1.714586707e-11 0 0 3818.718908 1536.640005 0 0 1.238260837e-11 1.400482499e-11 0 0 0 0 0 0 2.452796324e-05 229.6995123 12809.12665 94.17655095 0 0 6.07251987e-07 1774.573146 0 0 50.04126221 3.751129071e-11 0 0 0 0 0 0 0 1006.296934 10525.78464 1.110336148e-11 0 0 272.4289063 1015.226134 0 0 8.015385754e-12 9.066761157e-12 0 0 0 0 0 0 0 13645.62651 100683.6223 1.921097264e-10 0 7.882926635e-05 57151.83688 123246.8001 0 0 887.1836228 144.69755 0 0 0 0 0 0 0 126138.0318 910713.1832 4984.04887 0 0 63012.85146 88525.47913 0 0 1.023256334e-09 219.309709 0 
$Fmort
 0.2580250146 0.3271360815 0.1427064993
#ESTIMATED_PARAMETERS
$availability
1.4851545 1.4904055 1.823068357 0.1463384521 0.05503964531 
0.1914217929 0.1306991979 0.2370202286 4.027095714 0.4137652429 
0.04047206131 0.04337187881 0.02616941697 0.23133515 4.65865 
$availabilityVector
 1.4851545 0.1914217929 0.04047206131 1.4904055 0.1306991979 0.04337187881 1.823068357 0.2370202286 0.02616941697 0.1463384521 4.027095714 0.23133515 0.05503964531 0.4137652429 4.65865
$selectivity
 7.165860216e-07 1.069390332 1.20997927 1.482521722 1.238107958
$RunSize
 0 0 0 0 0 0 499571.867 1899518.298 2.011024236e-09 0 0 620187.2858 220653.9743 0 0 2.011024236e-09 2.011024236e-09 0 0 0 0 0 0 5530.204226 34818.36088 1716780.711 10310.52418 0 0 9.204860133e-05 237842.3628 0 0 7585.365374 5.02756059e-09 0 0 0 0 0 0 0 252475.3748 2334638.317 2.011024236e-09 0 0 68351.18734 225179.0165 0 0 2.011024236e-09 2.011024236e-09 0 0 0 0 0 0 0 393382.8481 2571228.149 4.022048472e-09 0 3332.220854 1647601.328 3147439.818 0 0 25576.16684 3695.242635 0 0 0 0 0 0 0 247901.3623 1647896.948 7951.725663 0 0 123840.3001 160183.1066 0 0 2.011024236e-09 396.8316334 0
