$ndistricts
3
$ngroups
90
$nstocks
5
$nagecomps
18
$AgeCompLabels
 0.1 0.2 0.3 0.4 0.5 1.1 1.2 1.3 1.4 1.5 2.1 2.2 2.3 2.4 3.1 3.2 3.3 3.4
$navailpar
15
$nselectpar
5
$GENdata
 1 1 -1
$maxGradient
0.1483068291
#LIKELIHOOD_VALUES_AND_PENALTIES
$totalNLL
1110.141498
$NLLcatch
0.6773740579
$NLLescape
-6.915158967
$NLLagecompCatch
404.6104213
$NLLagecompEsc
516.3836667
$NLLgenetics
195.3851939
$NLLselOne
4.487587655e-08
$NLLavailOne
1.157380828e-06
$NLLextra
2.4e-198
$sigmaCat
0.5
$sigmaEsc
0.1
#OBSERVED_AND_PREDICTED_VALUES
$predEsc
 1502634.243 556338.3822 1026523.657 1107096.223 651907.1284
$obsEsc
 1503732 556193.2 1025664 1104004 656641
$predCatch
 362888.99 7517387.84 1402689.775
$obsCatch
 362889 7517389 1402690
$RunSize
 0 4.249725935e-05 0.001843381665 0.000289471255 0 1671.564635 989622.8307 274003.8778 10956.37663 0 614.0007212 684061.7191 215966.1547 1040.529787 0 0.0002099827209 0.004543010594 0 0 0.0008229462545 9623.816349 760.9679279 0 534940.9578 1343.633483 138377.0281 0.003507066661 0 0 0.002623302807 49357.25395 0.001598050837 0 2387.951079 1463.510901 0 0 5.499631487e-05 0.0004100499636 5.038524889e-05 0 3902.695261 291929.877 629617.6048 52283.32515 0 11387.15522 232884.6418 355573.6086 13217.24633 1274.756775 0.003425491029 0.003354676382 0 0 120.9316398 0.002698968525 1493.242565 0 7139.340495 108434.8805 490161.8438 23237.5419 0 28195.90949 4222379.466 2372338.812 29912.0216 2213.614599 8354.19251 17835.22508 0 0 0.007097439182 2303.185596 965.4310122 0 17753.99765 375241.7292 772577.5048 17647.36803 0 4606.89982 860486.6322 254373.2839 1430.061897 0 2.833385922e-05 0.004372841161 0
$SSageCompEsc
 1190 0 1013 1545 1245
$obsAgeCompEsc
0 0 0 0 0 0.001109717 0.4573484 0.1152208 0.004833372 0 0.0004082224 0.3298728 0.09066731 0.0005393612 0 0 0 0 
0 0 0 0 0 0 0.6011158 0.250188 0 0 0 0.1026919 0.0460043 0 0 0 0 0 
0 0 0 0 0 0.003799828 0.192536 0.376119 0.03263231 0 0.01110026 0.1612462 0.2115118 0.009811829 0.001242711 0 0 0 
0 0 0 0 0 0.006434951 0.01874524 0.04383561 0.000818585 0 0.0254498 0.6731608 0.2265007 0.001070937 0.001996785 0.000818585 0.001168007 0 
0 0 0.001228269 0 0 0.02699335 0.2275826 0.2565727 0.0004044861 0 0.007005139 0.3986014 0.08161208 0 0 0 0 0 
$predAgeCompEsc
0 1.991980616e-11 7.881097412e-10 1.083963766e-10 0 0.00111138801 0.4638674414 0.1171461827 0.004102761524 0 0.0004082361074 0.3206413085 0.09233303856 0.0003896402725 0 9.842552581e-11 1.942294953e-09 0 
0 3.203771274e-10 0.001951442479 1.582592929e-08 0 0.9582317617 0.0005230832914 0.02805901537 7.293683079e-14 0 0 1.021265013e-09 0.01000827931 3.323482977e-14 0 0.0009296413986 0.0002967593352 0 
0 3.689102903e-11 2.487113426e-10 2.637027895e-11 0 0.003798165055 0.1958239128 0.3818877057 0.02736368082 0 0.01108216044 0.1562169047 0.2156693024 0.006917549883 0.001240613553 2.297788303e-09 2.034742448e-09 0 
0 1.938239343e-05 2.521294414e-10 4.592761953e-05 0 0.006419862047 0.0173794676 0.04578943056 0.000714716422 0 0.02535442165 0.6767444825 0.2216166858 0.0009200032061 0.00199053405 0.001338973376 0.001666112551 0 
0 3.598787099e-09 0.0007539945062 0.000108541332 0 0.02716830154 0.1902679346 0.2529189117 0.001984055626 0 0.007049772449 0.4363134521 0.08327425237 0.0001607787828 0 1.436680532e-11 1.431538222e-09 0 
$SSageCompCatch
 3049 5146 2220
$obsAgeCompCatch
0 0 0.003750747 0.0003805 0 0.0007005352 0.2484651 0.3145113 0.01695931 0 0 0.1989765 0.2123806 0.002448789 0 0.0006825939 0.0007440597 0 
0 3.65159e-05 0.001099149 0.0003620578 0 0.0001136514 0.0574913 0.1327271 0.00594324 0 0 0.4952369 0.2975409 0.004212237 0 0.001988764 0.003248285 0 
0 0 0.0004208345 0.0005974759 0 0 0.09040181 0.3057969 0.01069457 0 0 0.4247022 0.1652533 0.002132891 0 0 0 0 
$predAgeCompCatch
0 1.385758855e-06 0.003660253289 0.0003867676112 0 0.0005026730035 0.2355720384 0.3069192281 0.02301975224 0 9.592790247e-06 0.2182239432 0.2042423986 0.005813250212 1.009625262e-06 0.0008381962473 0.0008095110017 0 
0 1.267585077e-05 0.001026071222 0.0003030609928 0 0.0002257186902 0.06063738778 0.1269668648 0.006245720019 0 1.79161037e-05 0.4938872583 0.3031233311 0.004295612616 1.405670273e-06 0.001086832023 0.002170144788 0 
0 2.628327407e-06 0.0009326135496 0.0004843886157 0 2.90070772e-05 0.130921274 0.3134500649 0.008897480802 0 7.621827993e-06 0.3793107116 0.163584041 0.00170290707 1.46955647e-07 0.0001912519479 0.0004858623233 0 
$genSS
 326 323 -1
$obsGenComp     #GeneticFracData
0.3723259939 0.07544610247 0.4555984556 0.09475112178 0.001878326203 
0.07193359975 0.01967414694 0.05318167845 0.785633774 0.0695768009 
0 0 0 0 0 
$predGenComp     #catchGenComp_pred
0.3737026065 0.07759326046 0.4552634313 0.09158723986 0.001853461858 
0.07014134145 0.02025934736 0.0523959529 0.7886192006 0.06858415767 
0 0 0 0 0 
#PARAMETERS_OF_INTEREST
$catchByGroup
0 0 0 
2.510880826e-06 9.824838491e-06 2.293571763e-07 
0.0001340587723 0.0005127558414 1.23263665e-05 
2.636074471e-05 9.778478414e-05 2.445618819e-06 
0 0 0 
0.2877075878 1.241678298 0.02556753608 
58470.24088 228788.506 5340.98202 
19926.7597 76217.0372 1832.215372 
997.744136 3701.116794 92.56573979 
0 0 0 
0.1056810265 0.4560944606 0.009391491819 
40416.66406 158146.5725 3691.872529 
15706.00279 60073.23904 1444.127403 
94.75600635 351.4959736 8.790991107 
0 0 0 
1.240648446e-05 4.854539681e-05 1.133274114e-06 
0.0003303875884 0.001263685792 3.037830672e-05 
0 0 0 
0 0 0 
9.285533978e-05 0.0005470940853 4.758736701e-06 
1327.510272 7141.69666 68.9470653 
130.2315536 623.8399244 6.887645325 
0 0 0 
180.9875656 1650.093712 8.76847822 
151.6059438 893.2465847 7.769642224 
19087.74227 102687.6162 991.3624333 
0.0006001970951 0.002875085954 3.174303464e-05 
0 0 0 
0 0 0 
0.0002959946317 0.001743969842 1.516940782e-05 
6808.344966 36627.31321 353.6058553 
0.0002734893752 0.001310078752 1.446421981e-05 
0 0 0 
269.4392345 1587.508181 13.80847215 
201.8768525 1086.050537 10.48490308 
0 0 0 
0 0 0 
4.95737446e-06 1.197732138e-05 1.921050114e-07 
4.531820249e-05 0.0001076486379 1.775046367e-06 
6.935976709e-06 1.610389572e-05 2.756612903e-07 
0 0 0 
1.04188337 2.708498046 0.0385984834 
26314.59435 63577.67724 1019.726367 
69584.54003 165290.7781 2725.522599 
7197.263753 16710.5499 286.0458009 
0 0 0 
3.039972855 7.902766065 0.1126213789 
20992.24972 50718.5655 813.4782645 
39297.54475 93347.19676 1539.226188 
1819.471268 4224.43396 72.31249734 
0.3403155499 0.8846901955 0.01260761472 
0.0003087741748 0.0007460173836 1.196541977e-05 
0.0003707545837 0.0008806886357 1.45219038e-05 
0 0 0 
0 0 0 
0.5027744305 95.28725859 3.683432264 
1.390478245e-05 0.002304387061 0.0001015451298 
9.721846614 1361.985279 70.68914548 
0 0 0 
0.0840690555 31.22724363 0.62415785 
450.8190362 85440.52257 3302.79601 
2525.25872 418501.5868 18441.69266 
151.289431 21194.94228 1100.050332 
0 0 0 
0.3320199508 123.3279931 2.465031366 
17554.58236 3326995.025 128608.5988 
12222.02289 2025509.676 89256.1178 
194.7440374 27282.72956 1416.015921 
0.02606634166 9.682278419 0.1935255687 
34.73263397 6582.628856 254.4586534 
91.88507474 15227.76628 671.0268121 
0 0 0 
0 0 0 
1.877035012e-06 0.001458951854 0.003290535329 
0.7551544095 571.6757389 1239.220309 
0.4002743226 292.4017051 601.8701648 
0 0 0 
0.01327294069 11.54380429 31.23112849 
99.2388727 77134.80911 173970.6583 
253.3079881 191762.1475 415682.4079 
7.316719884 5344.887866 11001.74344 
0 0 0 
0.00344413181 2.995446489 8.104015956 
227.5699015 176881.9056 398941.307 
83.40235686 63138.21834 136864.5844 
0.5929134758 433.1252381 891.5309106 
0 0 0 
7.493357027e-09 5.824317106e-06 1.313622595e-05 
1.433740421e-06 0.001085386782 0.002352790668 
0 0 0 
$escByGroup
 5e-101 2.993218286e-05 0.001184240685 0.0001628801074 5e-101 1670.009682 697023.1017 176027.8656 6164.949957 5e-101 613.4295542 481806.61 138742.7855 585.4868159 5e-101 0.0001478975655 0.002918558907 5e-101 5e-101 0.0001782380927 1085.662352 0.008804571899 5e-101 533101.1081 291.0113121 15610.30722 4.057755844e-08 5e-101 5e-101 0.0005681689253 5567.989919 1.848981143e-08 5e-101 517.1951917 165.0986084 5e-101 5e-101 3.786951402e-05 0.0002553080769 2.706971518e-05 5e-101 3898.906281 201017.879 392016.7641 28089.4657 5e-101 11376.09986 160360.3483 221389.6409 7101.028602 1273.519161 0.002358734051 0.002088711258 5e-101 5e-101 21.45817456 0.0002791315523 50.84629411 5e-101 7107.405024 19240.74294 50693.30562 791.2598513 5e-101 28069.78445 749221.2605 245350.9958 1018.532075 2203.712729 1482.372367 1844.546913 5e-101 5e-101 0.002346074963 491.5343934 70.75886804 5e-101 17711.20944 124037.0229 164879.6414 1293.420006 5e-101 4595.796913 284435.8497 54287.07874 104.8128346 5e-101 9.365822803e-06 0.0009332299714 5e-101
$catchByGroup
0 2.510880826e-06 0.0001340587723 2.636074471e-05 0 0.2877075878 58470.24088 19926.7597 997.744136 0 0.1056810265 40416.66406 15706.00279 94.75600635 0 1.240648446e-05 0.0003303875884 0 0 9.285533978e-05 1327.510272 130.2315536 0 180.9875656 151.6059438 19087.74227 0.0006001970951 0 0 0.0002959946317 6808.344966 0.0002734893752 0 269.4392345 201.8768525 0 0 4.95737446e-06 4.531820249e-05 6.935976709e-06 0 1.04188337 26314.59435 69584.54003 7197.263753 0 3.039972855 20992.24972 39297.54475 1819.471268 0.3403155499 0.0003087741748 0.0003707545837 0 0 0.5027744305 1.390478245e-05 9.721846614 0 0.0840690555 450.8190362 2525.25872 151.289431 0 0.3320199508 17554.58236 12222.02289 194.7440374 0.02606634166 34.73263397 91.88507474 0 0 1.877035012e-06 0.7551544095 0.4002743226 0 0.01327294069 99.2388727 253.3079881 7.316719884 0 0.00344413181 227.5699015 83.40235686 0.5929134758 0 7.493357027e-09 1.433740421e-06 0 
0 9.824838491e-06 0.0005127558414 9.778478414e-05 0 1.241678298 228788.506 76217.0372 3701.116794 0 0.4560944606 158146.5725 60073.23904 351.4959736 0 4.854539681e-05 0.001263685792 0 0 0.0005470940853 7141.69666 623.8399244 0 1650.093712 893.2465847 102687.6162 0.002875085954 0 0 0.001743969842 36627.31321 0.001310078752 0 1587.508181 1086.050537 0 0 1.197732138e-05 0.0001076486379 1.610389572e-05 0 2.708498046 63577.67724 165290.7781 16710.5499 0 7.902766065 50718.5655 93347.19676 4224.43396 0.8846901955 0.0007460173836 0.0008806886357 0 0 95.28725859 0.002304387061 1361.985279 0 31.22724363 85440.52257 418501.5868 21194.94228 0 123.3279931 3326995.025 2025509.676 27282.72956 9.682278419 6582.628856 15227.76628 0 0 0.001458951854 571.6757389 292.4017051 0 11.54380429 77134.80911 191762.1475 5344.887866 0 2.995446489 176881.9056 63138.21834 433.1252381 0 5.824317106e-06 0.001085386782 0 
0 2.293571763e-07 1.23263665e-05 2.445618819e-06 0 0.02556753608 5340.98202 1832.215372 92.56573979 0 0.009391491819 3691.872529 1444.127403 8.790991107 0 1.133274114e-06 3.037830672e-05 0 0 4.758736701e-06 68.9470653 6.887645325 0 8.76847822 7.769642224 991.3624333 3.174303464e-05 0 0 1.516940782e-05 353.6058553 1.446421981e-05 0 13.80847215 10.48490308 0 0 1.921050114e-07 1.775046367e-06 2.756612903e-07 0 0.0385984834 1019.726367 2725.522599 286.0458009 0 0.1126213789 813.4782645 1539.226188 72.31249734 0.01260761472 1.196541977e-05 1.45219038e-05 0 0 3.683432264 0.0001015451298 70.68914548 0 0.62415785 3302.79601 18441.69266 1100.050332 0 2.465031366 128608.5988 89256.1178 1416.015921 0.1935255687 254.4586534 671.0268121 0 0 0.003290535329 1239.220309 601.8701648 0 31.23112849 173970.6583 415682.4079 11001.74344 0 8.104015956 398941.307 136864.5844 891.5309106 0 1.313622595e-05 0.002352790668 0 
$Fmort
 0.08206727201 0.9931125505 0.1962932953
#ESTIMATED_PARAMETERS
$availability
1.08939979 2.141598893 1.689795737 0.07452507093 0.004731435521 
0.388633795 1.615722357 0.363084681 2.292558265 0.3401631947 
0.04047206131 0.04337187881 0.02616941697 0.23133515 4.65865 
$availabilityVector
 1.08939979 0.388633795 0.04047206131 2.141598893 1.615722357 0.04337187881 1.689795737 0.363084681 0.02616941697 0.07452507093 2.292558265 0.23133515 0.004731435521 0.3401631947 4.65865
$selectivity
 0.001925343551 0.6811852021 0.8445300558 1.067981203 2.404411691
$RunSize
 0 4.249725935e-05 0.001843381665 0.000289471255 0 1671.564635 989622.8307 274003.8778 10956.37663 0 614.0007212 684061.7191 215966.1547 1040.529787 0 0.0002099827209 0.004543010594 0 0 0.0008229462545 9623.816349 760.9679279 0 534940.9578 1343.633483 138377.0281 0.003507066661 0 0 0.002623302807 49357.25395 0.001598050837 0 2387.951079 1463.510901 0 0 5.499631487e-05 0.0004100499636 5.038524889e-05 0 3902.695261 291929.877 629617.6048 52283.32515 0 11387.15522 232884.6418 355573.6086 13217.24633 1274.756775 0.003425491029 0.003354676382 0 0 120.9316398 0.002698968525 1493.242565 0 7139.340495 108434.8805 490161.8438 23237.5419 0 28195.90949 4222379.466 2372338.812 29912.0216 2213.614599 8354.19251 17835.22508 0 0 0.007097439182 2303.185596 965.4310122 0 17753.99765 375241.7292 772577.5048 17647.36803 0 4606.89982 860486.6322 254373.2839 1430.061897 0 2.833385922e-05 0.004372841161 0
