$ndistricts
3
$ngroups
90
$nstocks
5
$nagecomps
18
$AgeCompLabels
 0.1 0.2 0.3 0.4 0.5 1.1 1.2 1.3 1.4 1.5 2.1 2.2 2.3 2.4 3.1 3.2 3.3 3.4
$navailpar
15
$nselectpar
5
$GENdata
 -1 -1 -1
$maxGradient
1.298131459e-06
#LIKELIHOOD_VALUES_AND_PENALTIES
$totalNLL
865.7013448
$NLLcatch
0.6773740579
$NLLescape
-10.30550887
$NLLagecompCatch
412.946209
$NLLagecompEsc
462.3832706
$NLLgenetics
0
$NLLselOne
3.465152733e-17
$NLLavailOne
1.945099676e-09
$NLLextra
2.9e-198
$sigmaCat
0.5
$sigmaEsc
0.05
#OBSERVED_AND_PREDICTED_VALUES
$predEsc
 6857432.29 431397.2629 2112957.143 2202992.929 749182.3763
$obsEsc
 6970020 430338 2092578 2191582 749478
$predCatch
 16237760.39 10371759.82 2149008.595
$obsCatch
 16237762 10371762 2149009
$RunSize
 0 26980.58754 20786.71926 0 0 6512.168924 612131.9645 909209.7205 9.146578828e-09 0 4.573289414e-09 13811713.91 1577039.844 7537.867152 0 4.573289414e-09 4.573289414e-09 0 0 2.057980236e-08 3.42996706e-08 0 0 9.146578828e-09 7.545927533e-08 670245.6958 22032.81973 0 2.743973648e-08 9.146578828e-09 653382.8618 6.859934121e-09 0 2.515309178e-08 1767.087439 0 0 2513.93916 5306.16586 3533.800959 0 4.573289414e-09 1761068.889 3132558.354 11615.5127 0 2266.471827 1523438.103 1461565.068 4.573289414e-09 0 4.573289414e-09 4.573289414e-09 0 0 1213.83461 1977.438077 0 0 4.573289414e-09 2348234.091 759333.3057 5470.278773 0 10504.72093 3908206.626 4986981.783 16281.40203 0 207278.7266 8141.983605 0 0 4871.389015 46999.06029 0 0 94.42797324 446170.8945 784948.532 12068.62282 0 768.0596363 853247.0359 486491.0399 4.573289414e-09 0 4.573289414e-09 4.573289414e-09 0
$SSageCompEsc
 2912 0 3523 3581 2335
$obsAgeCompEsc
0 0.001660014 0.0008780656 0 0 0.000795626 0.03068897 0.0314509 0 0 0 0.8800721 0.05395837 0.0004959697 0 0 0 0 
0 0 0 0 0 0 0.6011158 0.250188 0 0 0 0.1026919 0.0460043 0 0 0 0 0 
0 0.000430762 0.0005681858 0.0004344439 0 0 0.2781244 0.3102981 0.0006800264 0 0.0009135287 0.2642549 0.1442956 0 0 0 0 0 
0 0.0002080886 0.0001498755 0 0 0 0.247464 0.05376405 3.789343e-05 0 0.004022301 0.4100222 0.2630924 0.000341224 0 0.02074807 0.0001498755 0 
0 0.002371507 0.01822661 0 0 0.0001144689 0.211127 0.2395249 0 0 0.0009291304 0.3986098 0.1290966 0 0 0 0 0 
$predAgeCompEsc
0 0.001657857467 0.0009201610769 0 0 0.0008366693029 0.03761324866 0.04024778441 2.851445047e-16 0 5.875662794e-16 0.8486788142 0.06981047191 0.0002349929341 0 2.810117457e-16 2.02444785e-16 0 
0 2.074912354e-14 2.556710017e-14 0 0 1.872330477e-14 7.608011965e-14 0.4996035979 0.01204522898 0 5.616991431e-14 9.221832684e-15 0.4870339796 3.750290625e-15 0 2.536003988e-14 0.001317193453 0 
0 0.0004025117269 0.0005443819371 0.0002135178066 0 1.853164774e-15 0.281968192 0.3213823747 0.0007018275291 0 0.0009184080367 0.243920661 0.1499481253 2.763253324e-16 0 7.32238333e-16 4.691930512e-16 0 
0 0.0001332364912 9.834514828e-05 0 0 1.722311768e-15 0.2577537897 0.03776439193 3.332972549e-05 0 0.003956103111 0.4289840919 0.2480206428 9.92005495e-05 0 0.02275193837 0.0004049302956 0 
0 0.002308093154 0.01352140875 0 0 0.0001097898661 0.2113984295 0.2258260034 0.001708547361 0 0.0008930104258 0.4042735319 0.1399611857 6.474377132e-16 0 2.166851786e-15 1.31571387e-15 0 
$SSageCompCatch
 11719 22555 2652
$obsAgeCompCatch
0 0.000999618 0.001214059 0 0 3.913548e-05 0.116975 0.2497516 0.001733511 0 8.394963e-05 0.4142898 0.2137786 8.394963e-05 0 0.0009106676 0.0001401642 0 
0 1.41041e-05 0.0006835644 0 0 0 0.179432 0.06962597 0.0006953824 0 0.0001852511 0.3663908 0.3632273 0.001291248 0 0.01742738 0.001026982 0 
0 0.001237723 0.008863112 0 0 0 0.1485969 0.2400693 0.005995235 0 0 0.3160594 0.2774628 0.0003414966 0 0.00137414 0 0 
$predAgeCompCatch
0 0.0009754982383 0.001141494196 0.0001676015765 0 4.418288826e-05 0.09543990681 0.2016258453 0.001569669116 0 2.621937612e-05 0.519587181 0.1779737381 0.0004356955496 0 0.0008988442875 0.0001141235319 0 
0 0.0002667733844 0.000917529355 3.259132504e-05 0 5.100440066e-06 0.1652841813 0.09747529201 0.0008408861718 0 0.0001586276204 0.3284348578 0.3916043511 0.001342067484 0 0.01303969526 0.0005980467519 0 
0 0.001270863733 0.01359269918 1.076931409e-05 0 7.728903122e-06 0.1506112661 0.2551792079 0.004162479676 0 6.673272136e-05 0.3118419986 0.2592058308 0.0004629862343 0 0.003404621868 0.0001828149864 0 
$genSS
 -1 -1 -1
$obsGenComp     #GeneticFracData
0 0 0 0 0 
0 0 0 0 0 
0 0 0 0 0 
$predGenComp     #catchGenComp_pred
0 0 0 0 0 
0 0 0 0 0 
0 0 0 0 0 
#PARAMETERS_OF_INTEREST
$catchByGroup
0 0 0 
14120.84761 1321.998734 169.095866 
12971.13075 1333.844137 171.8020907 
0 0 0 
0 0 0 
717.0238112 51.30000708 6.442012502 
320371.9036 29993.33061 3836.42441 
567356.3981 58342.25398 7514.61204 
6.385376293e-09 7.133681855e-10 9.247521542e-11 
0 0 0 
5.035430505e-10 3.602636572e-11 4.524020786e-12 
7228645.675 676748.3576 86562.37456 
984089.397 101195.6395 13034.22338 
5262.308358 587.9001006 76.21055936 
0 0 0 
2.393525449e-09 2.240826967e-10 2.866224958e-11 
2.853780542e-09 2.934592608e-10 3.779820532e-11 
0 0 0 
0 0 0 
1.079653011e-08 6.939667135e-10 1.381904361e-10 
2.144787972e-08 1.518505728e-09 3.037081271e-10 
0 0 0 
0 0 0 
1.010442476e-09 4.925793118e-11 9.695988745e-12 
3.958727707e-08 2.544544616e-09 5.066982656e-10 
419110.4116 29672.93592 5934.723611 
15409.57881 1188.328376 238.6337338 
0 0 0 
3.031327429e-09 1.477737936e-10 2.908796624e-11 
4.798457826e-09 3.084296505e-10 6.141797158e-11 
408565.9361 28926.3891 5785.410815 
4.79778334e-09 3.699868865e-10 7.429878304e-11 
0 0 0 
1.319575902e-08 8.481815388e-10 1.688994219e-10 
1104.975009 78.2320165 15.64676299 
0 0 0 
0 0 0 
1501.630984 151.6191586 10.19898885 
3709.194056 418.3174182 28.39868261 
2721.47424 338.0293956 23.14334855 
0 0 0 
6.101396638e-10 4.456624034e-11 2.925763744e-12 
1051925.063 106212.508 7144.612827 
2189766.987 246958.6812 16765.50127 
8945.41571 1111.093914 76.0715904 
0 0 0 
302.3784925 22.08653751 1.449976264 
909982.9835 91880.66562 6180.550617 
1021684.698 115224.0887 7822.319088 
3.522011986e-09 4.374627418e-10 2.995110142e-11 
0 0 0 
2.731726047e-09 2.758214296e-10 1.855372178e-11 
3.196887991e-09 3.60540298e-10 2.447631642e-11 
0 0 0 
0 0 0 
85.47032897 791.9990814 42.84615171 
181.6991788 1487.469041 91.6161909 
0 0 0 
0 0 0 
5.226540763e-11 7.009846525e-10 2.579870678e-11 
165347.3534 1532168.573 82888.38798 
69772.21676 571185.9184 35180.48222 
608.9399772 4479.228731 308.6849152 
0 0 0 
120.0522145 1610.14261 59.25892515 
275190.4611 2550014.666 137952.5782 
458234.574 3751308.876 231050.6106 
1812.411578 13331.70151 918.7508376 
0 0 0 
14595.21817 135244.5874 7316.561657 
748.1355561 6124.565257 377.224214 
0 0 0 
0 0 0 
131.957726 501.2924966 2508.956079 
1673.285247 6276.763505 28919.01039 
0 0 0 
0 0 0 
0.4073414697 1.60053228 10.16746674 
12086.01827 45913.41831 229795.4802 
27946.15021 104830.5279 482986.992 
523.976496 1942.818391 8321.81436 
0 0 0 
3.313240032 13.01843298 82.70029035 
23113.02551 87803.77332 439455.6318 
17320.30971 64971.28211 299342.9944 
1.985558914e-10 7.362124837e-10 3.153472114e-09 
0 0 0 
1.238827097e-10 4.706164219e-10 2.355423112e-09 
1.628206535e-10 6.107665965e-10 2.81399252e-09 
0 0 0 
$escByGroup
 5e-101 11368.64532 6309.94228 5e-101 5e-101 5737.403094 257930.3059 275996.4564 1.955359134e-09 5e-101 4.029195977e-09 5819757.504 478720.5843 1611.448134 5e-101 1.927019019e-09 1.388251406e-09 5e-101 5e-101 8.951115103e-09 1.102957703e-08 5e-101 5e-101 8.077182431e-09 3.282075538e-08 215527.6247 5196.278815 5e-101 2.423154729e-08 3.978273379e-09 210105.1258 1.617865111e-09 5e-101 1.094025179e-08 568.2336502 5e-101 5e-101 850.4900283 1150.255702 451.1539745 5e-101 3.915657746e-09 595786.7052 679067.1842 1482.93149 5e-101 1940.556821 515393.9028 316833.9623 5.838635848e-10 5e-101 1.547188216e-09 9.913848088e-10 5e-101 5e-101 293.5190481 216.6536663 5e-101 5e-101 3.794240647e-09 567829.7763 83194.6884 73.42514959 5e-101 8715.267182 945048.9212 546387.7224 218.5381091 5e-101 50122.35936 892.058578 5e-101 5e-101 1729.182714 10130.00114 5e-101 5e-101 82.25263276 158375.9777 169184.8619 1280.013572 5e-101 669.0276729 302874.6053 104856.4537 4.850489245e-10 5e-101 1.62336717e-09 9.857096438e-10 5e-101
$catchByGroup
0 14120.84761 12971.13075 0 0 717.0238112 320371.9036 567356.3981 6.385376293e-09 0 5.035430505e-10 7228645.675 984089.397 5262.308358 0 2.393525449e-09 2.853780542e-09 0 0 1.079653011e-08 2.144787972e-08 0 0 1.010442476e-09 3.958727707e-08 419110.4116 15409.57881 0 3.031327429e-09 4.798457826e-09 408565.9361 4.79778334e-09 0 1.319575902e-08 1104.975009 0 0 1501.630984 3709.194056 2721.47424 0 6.101396638e-10 1051925.063 2189766.987 8945.41571 0 302.3784925 909982.9835 1021684.698 3.522011986e-09 0 2.731726047e-09 3.196887991e-09 0 0 85.47032897 181.6991788 0 0 5.226540763e-11 165347.3534 69772.21676 608.9399772 0 120.0522145 275190.4611 458234.574 1812.411578 0 14595.21817 748.1355561 0 0 131.957726 1673.285247 0 0 0.4073414697 12086.01827 27946.15021 523.976496 0 3.313240032 23113.02551 17320.30971 1.985558914e-10 0 1.238827097e-10 1.628206535e-10 0 
0 1321.998734 1333.844137 0 0 51.30000708 29993.33061 58342.25398 7.133681855e-10 0 3.602636572e-11 676748.3576 101195.6395 587.9001006 0 2.240826967e-10 2.934592608e-10 0 0 6.939667135e-10 1.518505728e-09 0 0 4.925793118e-11 2.544544616e-09 29672.93592 1188.328376 0 1.477737936e-10 3.084296505e-10 28926.3891 3.699868865e-10 0 8.481815388e-10 78.2320165 0 0 151.6191586 418.3174182 338.0293956 0 4.456624034e-11 106212.508 246958.6812 1111.093914 0 22.08653751 91880.66562 115224.0887 4.374627418e-10 0 2.758214296e-10 3.60540298e-10 0 0 791.9990814 1487.469041 0 0 7.009846525e-10 1532168.573 571185.9184 4479.228731 0 1610.14261 2550014.666 3751308.876 13331.70151 0 135244.5874 6124.565257 0 0 501.2924966 6276.763505 0 0 1.60053228 45913.41831 104830.5279 1942.818391 0 13.01843298 87803.77332 64971.28211 7.362124837e-10 0 4.706164219e-10 6.107665965e-10 0 
0 169.095866 171.8020907 0 0 6.442012502 3836.42441 7514.61204 9.247521542e-11 0 4.524020786e-12 86562.37456 13034.22338 76.21055936 0 2.866224958e-11 3.779820532e-11 0 0 1.381904361e-10 3.037081271e-10 0 0 9.695988745e-12 5.066982656e-10 5934.723611 238.6337338 0 2.908796624e-11 6.141797158e-11 5785.410815 7.429878304e-11 0 1.688994219e-10 15.64676299 0 0 10.19898885 28.39868261 23.14334855 0 2.925763744e-12 7144.612827 16765.50127 76.0715904 0 1.449976264 6180.550617 7822.319088 2.995110142e-11 0 1.855372178e-11 2.447631642e-11 0 0 42.84615171 91.6161909 0 0 2.579870678e-11 82888.38798 35180.48222 308.6849152 0 59.25892515 137952.5782 231050.6106 918.7508376 0 7316.561657 377.224214 0 0 2508.956079 28919.01039 0 0 10.16746674 229795.4802 482986.992 8321.81436 0 82.70029035 439455.6318 299342.9944 3.153472114e-09 0 2.355423112e-09 2.81399252e-09 0 
$Fmort
 0.7758835259 0.4081242553 0.2415634726
#ESTIMATED_PARAMETERS
$availability
1.4851545 1.4904055 1.823068357 0.1463384521 0.05503964531 
0.1914217929 0.1306991979 0.2370202286 4.027095714 0.4137652429 
0.04047206131 0.04337187881 0.02616941697 0.23133515 4.65865 
$availabilityVector
 1.4851545 0.1914217929 0.04047206131 1.4904055 0.1306991979 0.04337187881 1.823068357 0.2370202286 0.02616941697 0.1463384521 4.027095714 0.23133515 0.05503964531 0.4137652429 4.65865
$selectivity
 0.101233491 0.6430718464 0.8489005935 1.039405053 2.367389015
$RunSize
 0 26980.58754 20786.71926 0 0 6512.168924 612131.9645 909209.7205 9.146578828e-09 0 4.573289414e-09 13811713.91 1577039.844 7537.867152 0 4.573289414e-09 4.573289414e-09 0 0 2.057980236e-08 3.42996706e-08 0 0 9.146578828e-09 7.545927533e-08 670245.6958 22032.81973 0 2.743973648e-08 9.146578828e-09 653382.8618 6.859934121e-09 0 2.515309178e-08 1767.087439 0 0 2513.93916 5306.16586 3533.800959 0 4.573289414e-09 1761068.889 3132558.354 11615.5127 0 2266.471827 1523438.103 1461565.068 4.573289414e-09 0 4.573289414e-09 4.573289414e-09 0 0 1213.83461 1977.438077 0 0 4.573289414e-09 2348234.091 759333.3057 5470.278773 0 10504.72093 3908206.626 4986981.783 16281.40203 0 207278.7266 8141.983605 0 0 4871.389015 46999.06029 0 0 94.42797324 446170.8945 784948.532 12068.62282 0 768.0596363 853247.0359 486491.0399 4.573289414e-09 0 4.573289414e-09 4.573289414e-09 0
