$ndistricts
3
$ngroups
90
$nstocks
5
$nagecomps
18
$AgeCompLabels
 0.1 0.2 0.3 0.4 0.5 1.1 1.2 1.3 1.4 1.5 2.1 2.2 2.3 2.4 3.1 3.2 3.3 3.4
$navailpar
15
$nselectpar
5
$GENdata
 -1 -1 -1
$maxGradient
7.883003484e-07
#LIKELIHOOD_VALUES_AND_PENALTIES
$totalNLL
842.542707
$NLLcatch
0.6773740579
$NLLescape
-6.864779421
$NLLagecompCatch
369.8622658
$NLLagecompEsc
478.8678466
$NLLgenetics
0
$NLLselOne
1.431066627e-17
$NLLavailOne
1.945099676e-09
$NLLextra
4.1e-198
$sigmaCat
0.5
$sigmaEsc
0.1
#OBSERVED_AND_PREDICTED_VALUES
$predEsc
 1155523.538 593953.3115 2015870.512 1139908.344 1021341.709
$obsEsc
 1179322 586959 1977645 1152180 1015582
$predCatch
 2872178.724 4852934.115 5002947.868
$obsCatch
 2872179 4852935 5002949
$RunSize
 0 0 2.069428073e-09 0 0 856.1274021 468822.6483 180036.8389 2815.966574 0 499.5837441 915320.5461 346823.6922 2.069428073e-09 0 2.069428073e-09 0 0 0 0 5837.089394 0 0 6335.650767 3.207613514e-08 979796.3368 1.96595667e-08 0 0 1.552071055e-08 5.277041587e-08 128.2002581 0 5.173570183e-09 0 0 0 0 2.069428073e-09 0 0 2.069428073e-09 160227.8706 2306829.845 11730.25386 0 0 579555.787 840849.1168 2.069428073e-09 0 2.069428073e-09 1464.290305 0 0 0 867.4078157 0 0 2315.761387 1175023.046 417851.5324 4794.62786 0 11097.31254 2787476.414 917582.9271 1517.007079 0 4607.051113 0 0 0 0 4737.362657 0 0 5.173570183e-09 315348.2257 2934408.663 13999.24733 0 259.2493795 2192905.751 1057065.511 4756.86037 0 114.3185685 0 0
$SSageCompEsc
 1488 0 2622 2897 1327
$obsAgeCompEsc
0 0 0 0 0 0.0006874695 0.2455493 0.0862339 0.001582377 0 0.0004155195 0.4953448 0.1701866 0 0 0 0 0 
0 0 0 0 0 0 0.6011158 0.250188 0 0 0 0.1026919 0.0460043 0 0 0 0 0 
0 0 0 0 0 0 0.0452095 0.5598215 0.003607528 0 0 0.1751522 0.2155977 0 0 0 0.0006116506 0 
0 0 0 0 0 0.001784966 0.2488928 0.05025248 0.0001415584 0 0.009030059 0.5175326 0.1715357 0.0005657093 0 0.0002640303 0 0 
0 0 0 0 0 0 0.04506523 0.3701501 0.004023459 0 0.0002378574 0.393305 0.1859153 0.001303045 0 0 0 0 
$predAgeCompEsc
0 0 1.038731071e-15 0 0 0.0007180009542 0.2482123538 0.0903678948 0.001592547512 0 0.0004189815723 0.4846051446 0.1740850768 1.170348597e-15 0 1.095633103e-15 0 0 
0 0 0.005860034424 0 0 0.0103482775 3.384113374e-14 0.9836478207 2.206212634e-14 0 0 1.637474213e-14 5.297785123e-14 0.0001438673768 0 5.458247377e-15 0 0 
0 0 5.233524459e-16 0 0 9.880977928e-16 0.04334847842 0.5833906754 0.003447613617 0 0 0.1567945791 0.2126483387 6.082211424e-16 0 5.598686286e-16 0.0003703148335 0 
0 0 0.00013701018 0 0 0.001865035873 0.2300084806 0.06600115039 0.001193017517 0 0.008937400065 0.5456430975 0.1449355191 0.0003774674641 0 0.000901821313 0 0 
0 0 0.0006433545235 0 0 4.63021781e-15 0.05688874264 0.3985055027 0.003400511993 0 0.0002320218054 0.3955996601 0.1435541096 0.001155473602 0 2.062304174e-05 0 0 
$SSageCompCatch
 10810 2883 4264
$obsAgeCompCatch
0 0 0.0007691504 0 0 0.0001607153 0.08873506 0.5374459 0.001401097 0 0 0.1827509 0.1886751 6.201583e-05 0 0 0 0 
0 0 0.0005820798 0 0 0 0.1495043 0.218024 0.002908754 0 0 0.486493 0.141219 0 0 0.0012688 0 0 
0 0 0.00126295 0 0 0.0001490467 0.07602371 0.4512889 0.0007561659 0 0 0.3422444 0.1275487 0.0005771451 0 0.0001490467 0 0 
$predAgeCompCatch
0 0 0.0007535887836 0 0 6.867718951e-05 0.09154223284 0.4947658302 0.001809399232 0 1.490787817e-05 0.2287426358 0.1819798043 5.16103088e-05 0 6.151867871e-05 0.0002097947674 0 
0 0 0.0002947782288 0 0 3.992571514e-05 0.1797184391 0.1793310303 0.001074054801 0 0.0001731101554 0.4599641046 0.1784377183 0.0002948734892 0 0.0006503979721 2.156737155e-05 0 
0 0 0.0007101869256 0 0 2.898067749e-06 0.05793440836 0.4358704079 0.001860438404 0 1.285279685e-05 0.3366050466 0.1663088102 0.0006250254738 0 6.781636183e-05 2.108846968e-06 0 
$genSS
 -1 -1 -1
$obsGenComp     #GeneticFracData
0 0 0 0 0 
0 0 0 0 0 
0 0 0 0 0 
$predGenComp     #catchGenComp_pred
0 0 0 0 0 
0 0 0 0 0 
0 0 0 0 0 
#PARAMETERS_OF_INTEREST
$catchByGroup
0 0 0 
0 0 0 
7.258276018e-10 1.203079262e-10 2.301434315e-11 
0 0 0 
0 0 0 
22.68336541 3.181993478 0.5950400864 
152387.3907 24872.35897 4747.681303 
63145.80762 10466.59171 2002.210003 
819.6044701 131.1671135 24.96885449 
0 0 0 
13.23662879 1.856817352 0.3472291081 
297518.2837 48560.3272 9269.283938 
121644.3383 20162.88447 3857.065421 
6.023198268e-10 9.639351174e-11 1.834938274e-11 
0 0 0 
6.726525382e-10 1.097889748e-10 2.095672001e-11 
0 0 0 
0 0 0 
0 0 0 
0 0 0 
2053.073637 233.8906417 69.53826355 
0 0 0 
0 0 0 
168.4506171 16.08755421 4.7189041 
1.045618455e-08 1.171920698e-09 3.479764368e-10 
344622.7894 39260.18234 11672.48457 
5.738978768e-09 6.299653593e-10 1.867495731e-10 
0 0 0 
0 0 0 
5.059444138e-09 5.670584024e-10 1.683756952e-10 
1.85608858e-08 2.114496729e-09 6.28663164e-10 
37.42394584 4.108011276 1.217796091 
0 0 0 
1.686481379e-09 1.890194675e-10 5.612523175e-11 
0 0 0 
0 0 0 
0 0 0 
0 0 0 
8.51587469e-10 1.479192734e-10 1.491056816e-11 
0 0 0 
0 0 0 
6.710125595e-11 9.519470211e-12 9.301440991e-13 
61333.86639 10458.01941 1051.065424 
949280.3418 164888.3567 16621.0868 
4040.201845 672.7497296 67.35966071 
0 0 0 
0 0 0 
221849.0271 37827.41198 3801.779594 
346016.6509 60102.49498 6058.455587 
7.1276438e-10 1.186851703e-10 1.188345747e-11 
0 0 0 
7.921594694e-10 1.350708768e-10 1.357506835e-11 
602.5680673 104.6650332 10.55045144 
0 0 0 
0 0 0 
0 0 0 
36.14132386 621.3747192 53.71272522 
0 0 0 
0 0 0 
6.11917997 174.4873174 9.184937682 
44643.56237 801779.6247 66411.27326 
17410.15851 299331.3802 25874.73175 
159.7844507 3036.934593 237.9781945 
0 0 0 
29.32359654 836.1570867 44.01495105 
105906.7544 1902040.815 157545.7251 
38231.91484 657318.0728 56819.73201 
50.55536111 960.8777598 75.29564681 
0 0 0 
175.0392678 3143.631713 260.3864931 
0 0 0 
0 0 0 
0 0 0 
0 0 0 
75.22670981 575.2739619 3429.777177 
0 0 0 
0 0 0 
5.145946644e-12 4.147396759e-11 3.979156998e-10 
4560.834035 35051.7413 217632.8048 
46596.79339 356335.1636 2124466.415 
177.327211 1371.465747 8977.369639 
0 0 0 
0.2578651544 2.078274766 19.93969243 
31715.66659 243746.9401 1513400.712 
16785.61811 128363.0383 765299.0546 
60.25472391 466.0158443 3050.456419 
0 0 0 
1.653372289 12.70679383 78.89522968 
0 0 0 
0 0 0 
$escByGroup
 5e-101 5e-101 1.200278202e-09 5e-101 5e-101 829.6670031 286815.2173 104422.2295 1840.226136 5e-101 484.1430689 559972.6513 201159.4039 1.352365352e-09 5e-101 1.26602984e-09 5e-101 5e-101 5e-101 5e-101 3480.586852 5e-101 5e-101 6146.393691 2.010005345e-08 584240.8805 1.3103873e-08 5e-101 5e-101 9.725832314e-09 3.146637018e-08 85.4505049 5e-101 3.241944105e-09 5e-101 5e-101 5e-101 5e-101 1.055010763e-09 5e-101 5e-101 1.991877203e-09 87384.91937 1176040.059 6949.942625 5e-101 5e-101 316077.5683 428671.5154 1.226095066e-09 5e-101 1.128622659e-09 746.506753 5e-101 5e-101 5e-101 156.1790474 5e-101 5e-101 2125.969952 262188.5861 75235.26201 1359.930622 5e-101 10187.8169 621983.1194 165213.2075 430.2783118 5e-101 1027.993639 5e-101 5e-101 5e-101 5e-101 657.0848083 5e-101 5e-101 4.729034569e-09 58102.84561 407010.291 3473.084729 5e-101 236.9735471 404042.4328 146617.7995 1180.133383 5e-101 21.06317269 5e-101 5e-101
$catchByGroup
0 0 7.258276018e-10 0 0 22.68336541 152387.3907 63145.80762 819.6044701 0 13.23662879 297518.2837 121644.3383 6.023198268e-10 0 6.726525382e-10 0 0 0 0 2053.073637 0 0 168.4506171 1.045618455e-08 344622.7894 5.738978768e-09 0 0 5.059444138e-09 1.85608858e-08 37.42394584 0 1.686481379e-09 0 0 0 0 8.51587469e-10 0 0 6.710125595e-11 61333.86639 949280.3418 4040.201845 0 0 221849.0271 346016.6509 7.1276438e-10 0 7.921594694e-10 602.5680673 0 0 0 36.14132386 0 0 6.11917997 44643.56237 17410.15851 159.7844507 0 29.32359654 105906.7544 38231.91484 50.55536111 0 175.0392678 0 0 0 0 75.22670981 0 0 5.145946644e-12 4560.834035 46596.79339 177.327211 0 0.2578651544 31715.66659 16785.61811 60.25472391 0 1.653372289 0 0 
0 0 1.203079262e-10 0 0 3.181993478 24872.35897 10466.59171 131.1671135 0 1.856817352 48560.3272 20162.88447 9.639351174e-11 0 1.097889748e-10 0 0 0 0 233.8906417 0 0 16.08755421 1.171920698e-09 39260.18234 6.299653593e-10 0 0 5.670584024e-10 2.114496729e-09 4.108011276 0 1.890194675e-10 0 0 0 0 1.479192734e-10 0 0 9.519470211e-12 10458.01941 164888.3567 672.7497296 0 0 37827.41198 60102.49498 1.186851703e-10 0 1.350708768e-10 104.6650332 0 0 0 621.3747192 0 0 174.4873174 801779.6247 299331.3802 3036.934593 0 836.1570867 1902040.815 657318.0728 960.8777598 0 3143.631713 0 0 0 0 575.2739619 0 0 4.147396759e-11 35051.7413 356335.1636 1371.465747 0 2.078274766 243746.9401 128363.0383 466.0158443 0 12.70679383 0 0 
0 0 2.301434315e-11 0 0 0.5950400864 4747.681303 2002.210003 24.96885449 0 0.3472291081 9269.283938 3857.065421 1.834938274e-11 0 2.095672001e-11 0 0 0 0 69.53826355 0 0 4.7189041 3.479764368e-10 11672.48457 1.867495731e-10 0 0 1.683756952e-10 6.28663164e-10 1.217796091 0 5.612523175e-11 0 0 0 0 1.491056816e-11 0 0 9.301440991e-13 1051.065424 16621.0868 67.35966071 0 0 3801.779594 6058.455587 1.188345747e-11 0 1.357506835e-11 10.55045144 0 0 0 53.71272522 0 0 9.184937682 66411.27326 25874.73175 237.9781945 0 44.01495105 157545.7251 56819.73201 75.29564681 0 260.3864931 0 0 0 0 3429.777177 0 0 3.979156998e-10 217632.8048 2124466.415 8977.369639 0 19.93969243 1513400.712 765299.0546 3050.456419 0 78.89522968 0 0 
$Fmort
 0.2574768869 0.2770133522 0.2446393622
#ESTIMATED_PARAMETERS
$availability
1.4851545 1.4904055 1.823068357 0.1463384521 0.05503964531 
0.1914217929 0.1306991979 0.2370202286 4.027095714 0.4137652429 
0.04047206131 0.04337187881 0.02616941697 0.23133515 4.65865 
$availabilityVector
 1.4851545 0.1914217929 0.04047206131 1.4904055 0.1306991979 0.04337187881 1.823068357 0.2370202286 0.02616941697 0.1463384521 4.027095714 0.23133515 0.05503964531 0.4137652429 4.65865
$selectivity
 0.07022263719 1.028015494 1.129517001 0.8995432196 1.872701648
$RunSize
 0 0 2.069428073e-09 0 0 856.1274021 468822.6483 180036.8389 2815.966574 0 499.5837441 915320.5461 346823.6922 2.069428073e-09 0 2.069428073e-09 0 0 0 0 5837.089394 0 0 6335.650767 3.207613514e-08 979796.3368 1.96595667e-08 0 0 1.552071055e-08 5.277041587e-08 128.2002581 0 5.173570183e-09 0 0 0 0 2.069428073e-09 0 0 2.069428073e-09 160227.8706 2306829.845 11730.25386 0 0 579555.787 840849.1168 2.069428073e-09 0 2.069428073e-09 1464.290305 0 0 0 867.4078157 0 0 2315.761387 1175023.046 417851.5324 4794.62786 0 11097.31254 2787476.414 917582.9271 1517.007079 0 4607.051113 0 0 0 0 4737.362657 0 0 5.173570183e-09 315348.2257 2934408.663 13999.24733 0 259.2493795 2192905.751 1057065.511 4756.86037 0 114.3185685 0 0
