$ndistricts
3
$ngroups
90
$nstocks
5
$nagecomps
18
$AgeCompLabels
 0.1 0.2 0.3 0.4 0.5 1.1 1.2 1.3 1.4 1.5 2.1 2.2 2.3 2.4 3.1 3.2 3.3 3.4
$navailpar
15
$nselectpar
5
$GENdata
 -1 -1 -1
$maxGradient
9.114380003e-07
#LIKELIHOOD_VALUES_AND_PENALTIES
$totalNLL
603.1797766
$NLLcatch
0.6773740579
$NLLescape
-6.897523383
$NLLagecompCatch
244.5675661
$NLLagecompEsc
364.8323598
$NLLgenetics
0
$NLLselOne
3.024159805e-17
$NLLavailOne
1.945099676e-09
$NLLextra
5e-198
$sigmaCat
0.5
$sigmaEsc
0.1
#OBSERVED_AND_PREDICTED_VALUES
$predEsc
 14156706.9 176781.7364 727279.9182 925592.1157 728824.4354
$obsEsc
 13935306 177060 732502 919734 735024
$predCatch
 17803804.51 1403508.881 171540.9926
$obsCatch
 17803805 1403509 171541
$RunSize
 0 0 5.974967354e-09 0 0 0 461799.8527 263196.1103 3497.164173 0 14499.64152 29530615.71 391642.5634 0 0 5817.972758 12204.67289 0 0 0 3.983311569e-09 0 0 5094.844944 266345.0774 77290.73068 0 0 0 25397.74575 63879.05304 0 0 3.983311569e-09 3.983311569e-09 0 0 0 3.983311569e-09 0 0 0 801851.2133 524874.4575 0 0 1761.138714 746015.3505 270759.9252 0 0 3867.111403 3.983311569e-09 0 0 0 155.5173577 0 0 0 128048.5811 9527.403449 0 0 92.66213143 1304467.407 194894.0027 0 0 63853.50891 6553.021066 0 0 0 354.2350567 0 0 0 671943.237 44577.05052 0 0 0 184980.3275 14182.19627 0 0 3.983311569e-09 3.983311569e-09 0
$SSageCompEsc
 2849 648 1443 1329 1160
$obsAgeCompEsc
0 0 0 0 0 0 0.01507193 0.005669923 0.0002509264 0 0.001040369 0.965337 0.01262986 0 0 0 0 0 
0 0 0 0 0 0.02877463 0.7092637 0.1060433 0 0 0 0.06757345 0.08834494 0 0 0 0 0 
0 0 0 0 0 0 0.4234959 0.1149616 0 0 0.002404215 0.3948938 0.06235825 0 0 0.001886221 0 0 
0 0 0 0 0 0 0.06577095 0.003400199 0 0 0.0001007468 0.8272588 0.06875852 0 0 0.03413474 0.0005760187 0 
0 0 0 0 0 0 0.7772809 0.01753729 0 0 0 0.1984753 0.006706541 0 0 0 0 0 
$predAgeCompEsc
0 0 9.797053931e-17 0 0 0 0.01520629199 0.004315582553 0.0002470314715 0 0.001024223616 0.9723934788 0.006421697539 0 0 0.000191576052 0.0002001179779 0 
0 0 5.458483465e-15 0 0 0.02881995762 0.710024256 0.1059144302 0 0 0 0.06770545829 0.08753589788 0 0 1.061873514e-14 5.458483465e-15 0 
0 0 8.470369368e-16 0 0 0 0.4280665318 0.1116126732 0 0 0.002421540151 0.3982586775 0.05757612822 0 0 0.002064449038 8.470369368e-16 0 
0 0 5.404937884e-05 0 0 0 0.07928516606 0.003311207481 0 0 0.0001001111554 0.8077005937 0.06773455992 0 0 0.03953683839 0.002277473867 0 
0 0 0.0003203849842 0 0 0 0.7422108786 0.04031734679 0 0 0 0.2043244188 0.01282697079 0 0 4.399861502e-15 3.602673394e-15 0 
$SSageCompCatch
 2901 1646 551
$obsAgeCompCatch
0 0 0 0 0 0 0.03970364 0.03036659 0 0 0 0.910563 0.01758368 0 0 0.001155461 0.0006276041 0 
0 0 0.0001439188 0 0 0 0.1118415 0.02873401 0 0 0 0.7388753 0.09097721 0 0 0.02411449 0.005313569 0 
0 0 0.0007679181 0 0 0 0.4527482 0.09167791 0 0 0 0.4020524 0.05275353 0 0 0 0 0 
$predAgeCompCatch
0 0 1.99410531e-06 0 0 1.535975544e-10 0.0488344423 0.03767334629 6.561901205e-10 0 5.008091231e-10 0.8802466136 0.03215985449 0 0 0.0005396068323 0.000544141077 0 
0 0 8.010561408e-05 0 0 3.807323798e-11 0.07675528204 0.03143460477 2.39065582e-10 0 2.038981773e-10 0.7759727099 0.0967224739 0 0 0.0161673343 0.002867488955 0 
0 0 0.0004563849564 0 0 2.752968824e-11 0.5035571682 0.06515753226 1.10135469e-10 0 8.152205715e-11 0.3884278363 0.03927424545 0 0 0.002518564156 0.0006082683827 0 
$genSS
 -1 -1 -1
$obsGenComp     #GeneticFracData
0 0 0 0 0 
0 0 0 0 0 
0 0 0 0 0 
$predGenComp     #catchGenComp_pred
0 0 0 0 0 
0 0 0 0 0 
0 0 0 0 0 
#PARAMETERS_OF_INTEREST
$catchByGroup
0 0 0 
0 0 0 
4.35554487e-09 2.198811599e-10 1.260111441e-11 
0 0 0 
0 0 0 
0 0 0 
236567.6061 9425.335334 535.892552 
191860.8756 9685.720871 555.0765555 
0.01168268063 0.0003355306676 1.889274767e-05 
0 0 0 
0.007755157157 0.0002227305183 1.254130235e-05 
15127737.75 602719.8884 34268.6056 
285493.9043 14412.60111 825.9681531 
0 0 0 
0 0 0 
2980.390486 118.7448283 6.751427595 
8896.785076 449.1367854 25.73946773 
0 0 0 
0 0 0 
0 0 0 
2.908668421e-09 1.006809887e-10 9.001974359e-12 
0 0 0 
0 0 0 
0.002734620832 5.343612764e-05 4.722470046e-06 
136770.7531 3723.793432 331.2100112 
56438.74542 1953.577331 174.6710403 
0 0 0 
0 0 0 
0 0 0 
13041.98616 355.0880675 31.58304158 
46645.35554 1614.587789 144.3616919 
0 0 0 
0 0 0 
2.045468715e-09 5.56910216e-11 4.953396106e-12 
2.908668421e-09 1.006809887e-10 9.001974359e-12 
0 0 0 
0 0 0 
0 0 0 
3.181141827e-09 1.807028042e-10 5.433984353e-12 
0 0 0 
0 0 0 
0 0 0 
469710.4844 20214.7459 601.7907849 
419173.8611 23810.91327 716.02724 
0 0 0 
0 0 0 
0.001156267165 3.349731981e-05 9.849578501e-07 
437002.8078 18807.11845 559.8858689 
216233.5806 12283.0155 369.3673395 
0 0 0 
0 0 0 
2265.286552 97.49024892 2.902274097 
3.181141827e-09 1.807028042e-10 5.433984353e-12 
0 0 0 
0 0 0 
0 0 0 
18.77205202 84.8521959 1.865430865 
0 0 0 
0 0 0 
0 0 0 
8746.084786 45069.74573 847.025987 
1150.025411 5198.269285 114.2812141 
0 0 0 
0 0 0 
4.883402822e-06 2.994506457e-05 4.581143959e-07 
89098.85955 459138.3508 8628.895248 
23525.09334 106336.5809 2337.753761 
0 0 0 
0 0 0 
4361.377517 22474.7622 422.3832934 
790.9962859 3575.40943 78.60349438 
0 0 0 
0 0 0 
0 0 0 
16.73060908 27.5767449 76.42329754 
0 0 0 
0 0 0 
0 0 0 
17643.93575 29293.09961 84064.77712 
2105.385088 3470.266218 9617.131707 
0 0 0 
0 0 0 
0 0 0 
4857.227267 8064.144202 23142.32683 
669.8286268 1104.065792 3059.692102 
0 0 0 
0 0 0 
1.04594093e-10 1.736508922e-10 4.983400098e-10 
1.881327876e-10 3.100956975e-10 8.593666818e-10 
0 0 0 
$escByGroup
 5e-101 5e-101 1.386940209e-09 5e-101 5e-101 5e-101 215271.0187 61094.43729 3497.152136 5e-101 14499.63353 13765889.47 90910.08984 5e-101 5e-101 2712.086016 2833.011558 5e-101 5e-101 5e-101 9.64960185e-10 5e-101 5e-101 5094.842152 125519.3209 18723.73689 5e-101 5e-101 5e-101 11969.08848 15474.74802 5e-101 5e-101 1.877198437e-09 9.64960185e-10 5e-101 5e-101 5e-101 6.160329541e-10 5e-101 5e-101 5e-101 311324.1923 81173.65587 5e-101 5e-101 1761.137523 289645.5384 41873.96182 5e-101 5e-101 1501.432328 6.160329541e-10 5e-101 5e-101 5e-101 50.02767891 5e-101 5e-101 5e-101 73385.7246 3064.827538 5e-101 5e-101 92.66209614 747601.3015 62694.57462 5e-101 5e-101 36594.98589 2108.011856 5e-101 5e-101 5e-101 233.5044052 5e-101 5e-101 5e-101 540941.4245 29384.26751 5e-101 5e-101 5e-101 148916.6292 9348.609747 5e-101 5e-101 3.206726575e-09 2.625716403e-09 5e-101
$catchByGroup
0 0 4.35554487e-09 0 0 0 236567.6061 191860.8756 0.01168268063 0 0.007755157157 15127737.75 285493.9043 0 0 2980.390486 8896.785076 0 0 0 2.908668421e-09 0 0 0.002734620832 136770.7531 56438.74542 0 0 0 13041.98616 46645.35554 0 0 2.045468715e-09 2.908668421e-09 0 0 0 3.181141827e-09 0 0 0 469710.4844 419173.8611 0 0 0.001156267165 437002.8078 216233.5806 0 0 2265.286552 3.181141827e-09 0 0 0 18.77205202 0 0 0 8746.084786 1150.025411 0 0 4.883402822e-06 89098.85955 23525.09334 0 0 4361.377517 790.9962859 0 0 0 16.73060908 0 0 0 17643.93575 2105.385088 0 0 0 4857.227267 669.8286268 0 0 1.04594093e-10 1.881327876e-10 0 
0 0 2.198811599e-10 0 0 0 9425.335334 9685.720871 0.0003355306676 0 0.0002227305183 602719.8884 14412.60111 0 0 118.7448283 449.1367854 0 0 0 1.006809887e-10 0 0 5.343612764e-05 3723.793432 1953.577331 0 0 0 355.0880675 1614.587789 0 0 5.56910216e-11 1.006809887e-10 0 0 0 1.807028042e-10 0 0 0 20214.7459 23810.91327 0 0 3.349731981e-05 18807.11845 12283.0155 0 0 97.49024892 1.807028042e-10 0 0 0 84.8521959 0 0 0 45069.74573 5198.269285 0 0 2.994506457e-05 459138.3508 106336.5809 0 0 22474.7622 3575.40943 0 0 0 27.5767449 0 0 0 29293.09961 3470.266218 0 0 0 8064.144202 1104.065792 0 0 1.736508922e-10 3.100956975e-10 0 
0 0 1.260111441e-11 0 0 0 535.892552 555.0765555 1.889274767e-05 0 1.254130235e-05 34268.6056 825.9681531 0 0 6.751427595 25.73946773 0 0 0 9.001974359e-12 0 0 4.722470046e-06 331.2100112 174.6710403 0 0 0 31.58304158 144.3616919 0 0 4.953396106e-12 9.001974359e-12 0 0 0 5.433984353e-12 0 0 0 601.7907849 716.02724 0 0 9.849578501e-07 559.8858689 369.3673395 0 0 2.902274097 5.433984353e-12 0 0 0 1.865430865 0 0 0 847.025987 114.2812141 0 0 4.581143959e-07 8628.895248 2337.753761 0 0 422.3832934 78.60349438 0 0 0 76.42329754 0 0 0 84064.77712 9617.131707 0 0 0 23142.32683 3059.692102 0 0 4.983400098e-10 8.593666818e-10 0 
$Fmort
 0.3516910386 0.07836652152 0.02087033937
#ESTIMATED_PARAMETERS
$availability
1.4851545 1.4904055 1.823068357 0.1463384521 0.05503964531 
0.1914217929 0.1306991979 0.2370202286 4.027095714 0.4137652429 
0.04047206131 0.04337187881 0.02616941697 0.23133515 4.65865 
$availabilityVector
 1.4851545 0.1914217929 0.04047206131 1.4904055 0.1306991979 0.04337187881 1.823068357 0.2370202286 0.02616941697 0.1463384521 4.027095714 0.23133515 0.05503964531 0.4137652429 4.65865
$selectivity
 1.02400132e-06 1.374647051 2.499464344 6.395791118e-06 1.125881186
$RunSize
 0 0 5.974967354e-09 0 0 0 461799.8527 263196.1103 3497.164173 0 14499.64152 29530615.71 391642.5634 0 0 5817.972758 12204.67289 0 0 0 3.983311569e-09 0 0 5094.844944 266345.0774 77290.73068 0 0 0 25397.74575 63879.05304 0 0 3.983311569e-09 3.983311569e-09 0 0 0 3.983311569e-09 0 0 0 801851.2133 524874.4575 0 0 1761.138714 746015.3505 270759.9252 0 0 3867.111403 3.983311569e-09 0 0 0 155.5173577 0 0 0 128048.5811 9527.403449 0 0 92.66213143 1304467.407 194894.0027 0 0 63853.50891 6553.021066 0 0 0 354.2350567 0 0 0 671943.237 44577.05052 0 0 0 184980.3275 14182.19627 0 0 3.983311569e-09 3.983311569e-09 0
