$ndistricts
3
$ngroups
90
$nstocks
5
$nagecomps
18
$AgeCompLabels
 0.1 0.2 0.3 0.4 0.5 1.1 1.2 1.3 1.4 1.5 2.1 2.2 2.3 2.4 3.1 3.2 3.3 3.4
$navailpar
15
$nselectpar
5
$GENdata
 1 1 1
$maxGradient
9.157641866e-06
#LIKELIHOOD_VALUES_AND_PENALTIES
$totalNLL
963.0707456
$NLLcatch
0.6773740579
$NLLescape
-6.916506311
$NLLagecompCatch
299.2500058
$NLLagecompEsc
391.8632024
$NLLgenetics
278.1966697
$NLLselOne
8.169654849e-18
$NLLavailOne
1.203858835e-15
$NLLextra
2.5e-198
$sigmaCat
0.5
$sigmaEsc
0.1
#OBSERVED_AND_PREDICTED_VALUES
$predEsc
 2756425.823 2180065.716 2473517.73 1254724.724 598953.7769
$obsEsc
 2757912 2180502 2472690 1259568 596332
$predCatch
 9663077.019 7403883.526 2334021.457
$obsCatch
 9663078 7403885 2334022
$RunSize
 0 0 3.182786146e-09 3.182786146e-09 0 4144.028887 4424685.962 983231.1715 3.182786146e-09 3.182786146e-09 3.182786146e-09 27160.49497 9244.12462 3.182786146e-09 0 3.182786146e-09 3.182786146e-09 0 0 0 3.182786146e-09 3.182786146e-09 0 3.182786146e-09 682079.4325 3524965.683 3581.885888 3.182786146e-09 3.182786146e-09 2820.841391 36432.22925 3.182786146e-09 0 3.182786146e-09 3.182786146e-09 0 0 0 3.182786146e-09 3.182786146e-09 0 35167.78799 895941.9599 7195929.118 89367.00868 3278.965213 3184.976286 236178.9476 200447.8497 3.182786146e-09 0 3.182786146e-09 3.182786146e-09 0 0 0 3.182786146e-09 3.182786146e-09 0 4153.798183 2671536.307 2444583.932 1456.651983 3.182786146e-09 38030.38143 1845332.112 490010.9255 3.182786146e-09 0 538.1155123 483.4233401 0 0 0 500.1644567 722.0025085 0 625.5119666 1265912.115 1469901.438 12545.22079 332.9022582 358.8615752 34211.18235 25103.10661 481.3345841 0 7.818640853 3.182786146e-09 0
$SSageCompEsc
 1251 1348 1398 1468 868
$obsAgeCompEsc
0 0 0 0 0 0.001476015 0.8315231 0.1603499 0 0 0 0.005198137 0.001452849 0 0 0 0 0 
0 0 0 0 0 0 0.174562 0.8157668 0.0007649675 0 0 0.0007407407 0.008165477 0 0 0 0 0 
0 0 0 0 0 0.01385006 0.1265894 0.7925249 0.009400629 0.0007300645 0.001254217 0.03578149 0.0198693 0 0 0 0 0 
0 0 0 0 0 0.003140264 0.4314683 0.2483426 0 0 0.02870784 0.2330382 0.05530286 0 0 0 0 0 
0 0 0 0 0 0.0009541751 0.4617557 0.5164945 0 0 0.0005832936 0.01040043 0.009811819 0 0 0 0 0 
$predAgeCompEsc
0 0 5.487583546e-16 4.138223445e-16 0 0.00147271783 0.8223622013 0.1695232715 4.138223445e-16 6.65182535e-16 1.131108405e-15 0.00504798863 0.001593820755 4.138223445e-16 0 5.915454889e-16 5.487583546e-16 0 
0 0 7.411531743e-16 5.888739e-16 0 1.43104716e-15 0.1693191893 0.8208341325 0.0006627146832 8.750255396e-16 1.43104716e-15 0.0007002448024 0.008483718704 5.888739e-16 0 7.900938574e-16 7.411531743e-16 0 
0 0 3.582796858e-16 2.036705833e-16 0 0.013733464 0.1156906475 0.8100309305 0.005718709945 0.0005213015433 0.001243773341 0.03049717124 0.02256400189 2.036705833e-16 0 4.109848702e-16 3.582796858e-16 0 
0 0 3.497780289e-16 5.515203415e-17 0 0.003155783856 0.3816636948 0.2686519641 2.524119316e-05 6.498460829e-16 0.02889299347 0.2636296839 0.0538506352 5.515203415e-17 0 7.687679713e-05 5.312668061e-05 0 
0 0 0.0001610557569 7.603305544e-05 0 0.001003404322 0.501674654 0.473316497 0.001321119327 0.0001767258898 0.0005756616577 0.01355772085 0.008083340951 5.068865923e-05 0 3.098488354e-06 1.024874968e-15 0 
$SSageCompCatch
 6208 4443 4146
$obsAgeCompCatch
0 0 0 0 0 0 0.2377103 0.7194924 0.003079354 0 0 0.01701078 0.02270709 0 0 0 0 0 
0 0 0 0 0 1.721191e-05 0.284332 0.4536286 0.002164148 0 0.000335946 0.205263 0.05402571 0 0 0.000116676 0.000116676 0 
0 0 0.0003109489 0.0003229974 0 0.0001038009 0.4698976 0.4437722 0.005668469 0.000278446 0 0.06519707 0.01420066 0.0002153316 0 3.250288e-05 0 0 
$predAgeCompCatch
0 0 8.568521498e-07 1.592852257e-06 0 0.000119746916 0.2704149241 0.6778100678 0.006851062518 0.0001801544121 1.822504177e-05 0.02649974053 0.01809628109 1.061900575e-06 0 3.181021044e-06 3.105018096e-06 0 
0 0 8.542023221e-06 1.561572383e-05 0 4.167198054e-05 0.3571949882 0.406038593 0.001916048009 3.704763577e-05 0.0002219341544 0.1816575164 0.05275693342 1.041047344e-05 0 5.201446783e-05 4.868452752e-05 0 
0 0 0.0001423189699 0.0002336968097 0 1.518060655e-05 0.4203270745 0.5062774775 0.004348363675 8.629992739e-05 3.465747448e-05 0.0492215018 0.0191327482 0.0001557977367 0 1.361237315e-05 1.127041062e-05 0 
$genSS
 932 1088 1277
$obsGenComp     #GeneticFracData
0.2301222731 0.1789362907 0.537493444 0.04843208486 0.005015907362 
0.09143981874 0.03069415305 0.09976805526 0.7288641581 0.04923381483 
0.01973520709 0.01639471776 0.01831247248 0.1542358898 0.7913217129 
$predGenComp     #catchGenComp_pred
0.2118341457 0.1852541602 0.5528067116 0.04547422006 0.004630762489 
0.08041044553 0.03301833206 0.1086942071 0.7316166438 0.04626037156 
0.0213025981 0.01509208628 0.01688322236 0.165026596 0.7816954973 
#PARAMETERS_OF_INTEREST
$catchByGroup
0 0 0 
0 0 0 
1.266243403e-09 3.726855125e-10 3.124553017e-11 
1.529168917e-09 4.726692982e-10 4.027733327e-11 
0 0 0 
66.78448375 16.49763631 1.309310788 
1641976.227 476196.9755 39732.35169 
391169.8518 115130.5794 9652.417043 
1.529168917e-09 4.726692982e-10 4.027733327e-11 
1.032808878e-09 2.922583712e-10 2.419257936e-11 
5.129325481e-11 1.267086927e-11 1.005605016e-12 
10079.10786 2923.087801 243.8930915 
3677.693469 1082.432549 90.74991579 
1.529168917e-09 4.726692982e-10 4.027733327e-11 
0 0 0 
1.181114147e-09 3.425402727e-10 2.858046415e-11 
1.266243403e-09 3.726855125e-10 3.124553017e-11 
0 0 0 
0 0 0 
0 0 0 
1.354751365e-09 1.855302315e-10 2.67419237e-11 
1.627080455e-09 2.374428365e-10 3.447905438e-11 
0 0 0 
5.603218871e-11 6.117038219e-12 8.600674212e-13 
271264.9776 36445.76067 5241.734612 
1500399.918 205476.4816 29616.93277 
1831.105281 267.2165538 38.80249338 
1.110008899e-09 1.444618504e-10 2.070221664e-11 
5.603218871e-11 6.117038219e-12 8.600674212e-13 
1121.85684 150.726888 21.67797657 
15507.36055 2123.699054 306.1053586 
1.627080455e-09 2.374428365e-10 3.447905438e-11 
0 0 0 
1.265803323e-09 1.700667937e-10 2.445949769e-11 
1.354751365e-09 1.855302315e-10 2.67419237e-11 
0 0 0 
0 0 0 
0 0 0 
1.982450848e-09 2.994564084e-10 1.466773445e-11 
2.278924017e-09 3.811573603e-10 1.892196991e-11 
0 0 0 
1081.488372 111.1300885 5.202819766 
528608.0814 77395.11964 3775.89101 
4482103.141 677037.9755 33162.13298 
63988.15788 10702.2249 531.2954663 
1736.575701 241.2478174 11.69308414 
97.94516558 10.06451406 0.4711941956 
139346.192 20402.1005 995.3613123 
124852.2494 18859.38621 923.7553816 
2.278924017e-09 3.811573603e-10 1.892196991e-11 
0 0 0 
1.877852086e-09 2.749420449e-10 1.341365192e-11 
1.982450848e-09 2.994564084e-10 1.466773445e-11 
0 0 0 
0 0 0 
0 0 0 
1.975419884e-10 2.373178372e-09 1.731906442e-10 
2.526714372e-10 2.639133976e-09 2.217801121e-10 
0 0 0 
8.51645596 178.2040802 7.437618679 
152016.6342 1907405.008 133231.7897 
151724.9192 1822753.227 133021.5248 
115.6390449 1207.841043 101.5011456 
1.538834331e-10 2.078732731e-09 1.347920341e-10 
77.97299108 1631.559562 68.09562306 
105003.6925 1317517.454 92028.28325 
30412.89239 365366.4674 26663.8423 
2.526714372e-10 2.639133976e-09 2.217801121e-10 
0 0 0 
30.62002519 384.1999904 26.83627866 
30.004029 360.4545712 26.30538022 
0 0 0 
0 0 0 
0 0 0 
8.279828313 63.244145 332.1755295 
15.39185403 115.6170004 545.4533683 
0 0 0 
0.3343608413 2.702685225 21.48211218 
19174.31795 147187.2241 799070.6439 
24333.05961 185864.1861 976209.4884 
267.4425711 2008.913793 9477.575017 
4.270258121 33.04856274 189.7327982 
0.1918256798 1.550553673 12.32447184 
518.1845407 3977.723972 21594.82573 
415.5621417 3174.20499 16671.79189 
10.26122704 77.07793279 363.6352604 
0 0 0 
0.118426156 0.9090710407 4.935292354 
5.268851572e-11 4.024528049e-10 2.113792092e-09 
0 0 0 
$escByGroup
 5e-101 5e-101 1.5126117e-09 1.140670597e-09 5e-101 4059.437456 2266780.408 467278.3233 1.140670597e-09 1.833526317e-09 3.117816417e-09 13914.40622 4393.248686 1.140670597e-09 5e-101 1.630551261e-09 1.5126117e-09 5e-101 5e-101 5e-101 1.615762625e-09 1.2837838e-09 5e-101 3.119776851e-09 369126.9596 1789472.351 1444.76156 1.907613179e-09 3.119776851e-09 1526.579686 18495.06429 1.2837838e-09 5e-101 1.722456531e-09 1.615762625e-09 5e-101 5e-101 5e-101 8.862111552e-10 5.037827989e-10 5e-101 33969.96671 286162.8679 2003625.869 14145.33044 1289.44861 3076.495412 75435.2938 55812.45875 5.037827989e-10 5e-101 1.016578363e-09 8.862111552e-10 5e-101 5e-101 5e-101 4.388751408e-10 6.920062083e-11 5e-101 3959.640028 478882.8742 337084.2615 31.67074912 8.153779471e-10 36252.75326 330782.6825 67567.7234 6.920062083e-11 5e-101 96.45921807 66.65935968 5e-101 5e-101 5e-101 96.46495388 45.54028572 5e-101 600.9928084 300479.9288 283494.7035 791.2894103 105.8506392 344.7947241 8120.448109 4841.547593 30.36016389 5e-101 1.855851302 6.138527331e-10 5e-101
$catchByGroup
0 0 1.266243403e-09 1.529168917e-09 0 66.78448375 1641976.227 391169.8518 1.529168917e-09 1.032808878e-09 5.129325481e-11 10079.10786 3677.693469 1.529168917e-09 0 1.181114147e-09 1.266243403e-09 0 0 0 1.354751365e-09 1.627080455e-09 0 5.603218871e-11 271264.9776 1500399.918 1831.105281 1.110008899e-09 5.603218871e-11 1121.85684 15507.36055 1.627080455e-09 0 1.265803323e-09 1.354751365e-09 0 0 0 1.982450848e-09 2.278924017e-09 0 1081.488372 528608.0814 4482103.141 63988.15788 1736.575701 97.94516558 139346.192 124852.2494 2.278924017e-09 0 1.877852086e-09 1.982450848e-09 0 0 0 1.975419884e-10 2.526714372e-10 0 8.51645596 152016.6342 151724.9192 115.6390449 1.538834331e-10 77.97299108 105003.6925 30412.89239 2.526714372e-10 0 30.62002519 30.004029 0 0 0 8.279828313 15.39185403 0 0.3343608413 19174.31795 24333.05961 267.4425711 4.270258121 0.1918256798 518.1845407 415.5621417 10.26122704 0 0.118426156 5.268851572e-11 0 
0 0 3.726855125e-10 4.726692982e-10 0 16.49763631 476196.9755 115130.5794 4.726692982e-10 2.922583712e-10 1.267086927e-11 2923.087801 1082.432549 4.726692982e-10 0 3.425402727e-10 3.726855125e-10 0 0 0 1.855302315e-10 2.374428365e-10 0 6.117038219e-12 36445.76067 205476.4816 267.2165538 1.444618504e-10 6.117038219e-12 150.726888 2123.699054 2.374428365e-10 0 1.700667937e-10 1.855302315e-10 0 0 0 2.994564084e-10 3.811573603e-10 0 111.1300885 77395.11964 677037.9755 10702.2249 241.2478174 10.06451406 20402.1005 18859.38621 3.811573603e-10 0 2.749420449e-10 2.994564084e-10 0 0 0 2.373178372e-09 2.639133976e-09 0 178.2040802 1907405.008 1822753.227 1207.841043 2.078732731e-09 1631.559562 1317517.454 365366.4674 2.639133976e-09 0 384.1999904 360.4545712 0 0 0 63.244145 115.6170004 0 2.702685225 147187.2241 185864.1861 2008.913793 33.04856274 1.550553673 3977.723972 3174.20499 77.07793279 0 0.9090710407 4.024528049e-10 0 
0 0 3.124553017e-11 4.027733327e-11 0 1.309310788 39732.35169 9652.417043 4.027733327e-11 2.419257936e-11 1.005605016e-12 243.8930915 90.74991579 4.027733327e-11 0 2.858046415e-11 3.124553017e-11 0 0 0 2.67419237e-11 3.447905438e-11 0 8.600674212e-13 5241.734612 29616.93277 38.80249338 2.070221664e-11 8.600674212e-13 21.67797657 306.1053586 3.447905438e-11 0 2.445949769e-11 2.67419237e-11 0 0 0 1.466773445e-11 1.892196991e-11 0 5.202819766 3775.89101 33162.13298 531.2954663 11.69308414 0.4711941956 995.3613123 923.7553816 1.892196991e-11 0 1.341365192e-11 1.466773445e-11 0 0 0 1.731906442e-10 2.217801121e-10 0 7.437618679 133231.7897 133021.5248 101.5011456 1.347920341e-10 68.09562306 92028.28325 26663.8423 2.217801121e-10 0 26.83627866 26.30538022 0 0 0 332.1755295 545.4533683 0 21.48211218 799070.6439 976209.4884 9477.575017 189.7327982 12.32447184 21594.82573 16671.79189 363.6352604 0 4.935292354 2.113792092e-09 0 
$Fmort
 0.3397313509 0.2867716778 0.1876851483
#ESTIMATED_PARAMETERS
$availability
1.197620876 1.309256129 2.30242274 0.1512872845 0.03941297405 
0.3483433747 0.1679941263 0.2763862205 3.82914512 0.3781311614 
0.04216359452 0.03606058456 0.01974126123 0.2391259239 4.662908638 
$availabilityVector
 1.197620876 0.3483433747 0.04216359452 1.309256129 0.1679941263 0.03606058456 2.30242274 0.2763862205 0.01974126123 0.1512872845 3.82914512 0.2391259239 0.03941297405 0.3781311614 4.662908638
$selectivity
 0.03993199914 1.139860056 1.246675479 1.609341668 0.9641907976
$RunSize
 0 0 3.182786146e-09 3.182786146e-09 0 4144.028887 4424685.962 983231.1715 3.182786146e-09 3.182786146e-09 3.182786146e-09 27160.49497 9244.12462 3.182786146e-09 0 3.182786146e-09 3.182786146e-09 0 0 0 3.182786146e-09 3.182786146e-09 0 3.182786146e-09 682079.4325 3524965.683 3581.885888 3.182786146e-09 3.182786146e-09 2820.841391 36432.22925 3.182786146e-09 0 3.182786146e-09 3.182786146e-09 0 0 0 3.182786146e-09 3.182786146e-09 0 35167.78799 895941.9599 7195929.118 89367.00868 3278.965213 3184.976286 236178.9476 200447.8497 3.182786146e-09 0 3.182786146e-09 3.182786146e-09 0 0 0 3.182786146e-09 3.182786146e-09 0 4153.798183 2671536.307 2444583.932 1456.651983 3.182786146e-09 38030.38143 1845332.112 490010.9255 3.182786146e-09 0 538.1155123 483.4233401 0 0 0 500.1644567 722.0025085 0 625.5119666 1265912.115 1469901.438 12545.22079 332.9022582 358.8615752 34211.18235 25103.10661 481.3345841 0 7.818640853 3.182786146e-09 0
