$ndistricts
3
$ngroups
90
$nstocks
5
$nagecomps
18
$AgeCompLabels
 0.1 0.2 0.3 0.4 0.5 1.1 1.2 1.3 1.4 1.5 2.1 2.2 2.3 2.4 3.1 3.2 3.3 3.4
$navailpar
15
$nselectpar
5
$GENdata
 -1 -1 -1
$maxGradient
4.924371504e-05
#LIKELIHOOD_VALUES_AND_PENALTIES
$totalNLL
802.8752313
$NLLcatch
0.6773740579
$NLLescape
-6.869126932
$NLLagecompCatch
328.4231752
$NLLagecompEsc
480.6438089
$NLLgenetics
0
$NLLselOne
3.634308191e-17
$NLLavailOne
1.945099676e-09
$NLLextra
1.109319092e-09
$sigmaCat
0.5
$sigmaEsc
0.1
#OBSERVED_AND_PREDICTED_VALUES
$predEsc
 2429123.131 187363.2748 922586.0722 642403.2442 520534.7532
$obsEsc
 2387392 187302 935754 634014 529752
$predCatch
 5857377.552 1306681.821 954067.8073
$obsCatch
 5857378 1306682 954068
$RunSize
 0 1540.712697 12694.49944 3.550588157e-09 0 0 295370.9254 762679.6187 1.775294078e-08 0 1990.894107 3936422.853 998203.8145 0 0 1112.925553 919.2955334 0 0 351.6637428 394.9310986 1.420235263e-09 0 6974.575956 222967.4208 196320.4704 4707.159178 0 1991.439122 11404.81967 15012.82476 0 0 1.420235263e-09 1.420235263e-09 0 0 4.97082342e-09 6.391058682e-09 3.550588157e-09 0 3042.477278 300555.0711 2195574.976 2.414399947e-08 0 3214.215045 178748.7297 439884.2332 0 0 4.97082342e-09 5.680941051e-09 0 0 1.420235263e-09 1634.185191 1.420235263e-09 0 0 48754.49592 473288.1167 1364.643847 0 405.6334558 484381.2107 697444.0643 0 0 5452.504495 3676.234856 0 0 1.420235263e-09 1.420235263e-09 100.2450022 0 0 83552.42504 1324661.594 470.1166372 0 1.420235263e-09 35960.84957 65133.39453 0 0 1526.801782 250.5933012 0
$SSageCompEsc
 1909 574 1165 564 755
$obsAgeCompEsc
0 0 0 0 0 0 0.05031397 0.1215011 0 0 0.000501405 0.6663993 0.1612842 0 0 0 0 0 
0 0.0007375991 0.0007375991 0 0 0.02900582 0.5069061 0.395546 0.002807487 0 0.008048353 0.02592286 0.03028818 0 0 0 0 0 
0 0 0 0 0 0.002521727 0.1070852 0.6854955 0 0 0.002214907 0.06395918 0.1387235 0 0 0 0 0 
0 0 0 0 0 0 0.03721749 0.2632136 0 0 0.000558117 0.3293234 0.3644082 0 0 0.004721028 0.000558117 0 
0 0 0 0 0 0 0.08380368 0.8646767 0 0 0 0.01748471 0.03403488 0 0 0 0 0 
$predAgeCompEsc
0 0.0002659810598 0.001919781399 1.339152353e-16 0 0 0.05099138335 0.115339573 6.695761764e-16 0 0.0006296990886 0.6795646743 0.1509577533 0 0 0.000192129992 0.0001390245022 0 
0 0.0008016861659 0.0007932274459 8.350151219e-16 0 0.02868305862 0.5082977713 0.3943138078 0.002767533801 0 0.008189826224 0.0259995133 0.03015357535 0 0 3.23770359e-15 2.852572497e-15 0 
0 1.831060695e-15 1.984967001e-15 9.451377685e-17 0 0.002387004804 0.1107129606 0.6819126677 6.426936826e-16 0 0.002521743321 0.06584417623 0.1366214473 0 0 1.831060695e-15 1.764415112e-15 0 
0 9.180731428e-16 0.0009050938767 -1.70632399e-23 0 0 0.03151604137 0.2621307418 -1.639534343e-11 0 0.0004925511463 0.313115293 0.3862795694 0 0 0.003524625862 0.002036083594 0 
0 1.086869351e-15 9.270756789e-16 3.788851935e-07 0 0 0.06394051211 0.8646888153 1.776849011e-06 0 2.097368007e-15 0.02751990904 0.04251660801 0 0 0.001168421955 0.0001635777965 0 
$SSageCompCatch
 2760 2619 1406
$obsAgeCompCatch
0 0.0005645876 0.002976653 0 0 0 0.09325234 0.339985 0.0006655691 0 0.0009208512 0.4163909 0.1443791 0 0 0.0005381006 0.0003268436 0 
0 0 0.002457628 0 0 0 0.03069407 0.3668496 0.00102677 0 0 0.2440134 0.3516691 0 0 0.0004498374 0.002839545 0 
0 0 0 9.51192e-05 0 0 0.02767691 0.7834587 0.0005716718 0 0 0.09449827 0.09058752 0 0 0.002503912 0.0006079106 0 
$predAgeCompCatch
0 0.0001759195588 0.001345032008 1.081474457e-06 0 0.0003994737839 0.08099988746 0.3609173378 0.0007086071262 0 0.0002958458159 0.392067974 0.162761413 0 0 0.0001802605512 0.0001471673341 0 
0 4.120093139e-05 0.0009914562722 1.059485943e-05 0 6.305291752e-05 0.04078497284 0.3569177442 0.001013412891 0 0.0001114728678 0.2743383194 0.322140515 0 0 0.002085017842 0.001502239908 0 
0 1.237371915e-05 0.0001638198208 8.371424367e-05 0 1.931223042e-05 0.05103227218 0.8075384487 0.0005740397967 0 1.741020477e-05 0.06301389127 0.07622081053 0 0 0.001019613151 0.0003042941007 0 
$genSS
 -1 -1 -1
$obsGenComp     #GeneticFracData
0 0 0 0 0 
0 0 0 0 0 
0 0 0 0 0 
$predGenComp     #catchGenComp_pred
0 0 0 0 0 
0 0 0 0 0 
0 0 0 0 0 
#PARAMETERS_OF_INTEREST
$catchByGroup
0 0 0 
838.579063 46.54721755 9.485671746 
7506.408305 435.7550332 88.95070091 
2.940562994e-09 2.359217246e-10 4.880684295e-11 
0 0 0 
0 0 0 
160764.4789 8923.594093 1818.503636 
450981.5176 26179.9596 5344.116715 
1.470281497e-08 1.179608623e-09 2.440342147e-10 
0 0 0 
438.1677766 19.22455846 3.885150522 
2142516.118 118925.1774 24235.28741 
590249.7722 34264.63078 6994.441125 
0 0 0 
0 0 0 
605.7430885 33.62313295 6.85192411 
543.5903683 31.55600247 6.441528665 
0 0 0 
0 0 0 
191.8482116 7.289290479 2.319695354 
234.0372784 9.307305345 2.96482298 
1.177740072e-09 6.513283131e-11 2.091119154e-11 
0 0 0 
1539.784563 46.05481471 14.58478483 
121638.6443 4621.6715 1470.77002 
116340.0622 4626.666702 1473.815164 
3903.444827 215.8731111 69.30704351 
0 0 0 
439.6521361 13.14995497 4.164369458 
6221.836349 236.3992455 75.23012466 
8896.642123 353.8058781 112.704135 
0 0 0 
0 0 0 
7.748014993e-10 2.943865437e-11 9.368361703e-12 
8.41635406e-10 3.347055549e-11 1.066197663e-11 
0 0 0 
0 0 0 
3.076427267e-09 1.852749418e-10 1.981011533e-11 
4.260243798e-09 2.705195598e-10 2.899241584e-11 
3.141986786e-09 2.8976842e-10 3.163585682e-11 
0 0 0 
800.0842119 36.33528634 3.840392504 
186012.6056 11202.43441 1197.79564 
1463557.939 92933.89494 9960.012241 
2.136551014e-08 1.970425256e-09 2.151238264e-10 
0 0 0 
845.2463163 38.38629293 4.057169943 
110627.0369 6662.409364 712.3634558 
293224.3576 18619.33915 1995.492021 
0 0 0 
0 0 0 
3.076427267e-09 1.852749418e-10 1.981011533e-11 
3.786883376e-09 2.40461831e-10 2.57710363e-11 
0 0 0 
0 0 0 
1.058266482e-10 6.753758752e-10 4.92595739e-11 
137.9147068 850.4555482 64.37969333 
2.262847292e-10 1.08591605e-09 1.080344944e-10 
0 0 0 
0 0 0 
3632.866346 23184.61681 1691.005538 
39942.4693 246306.5428 18645.46563 
217.427402 1043.410691 103.8057651 
0 0 0 
9.814412044 74.89876344 4.503825964 
36092.9216 230341.6854 16800.32363 
58859.78783 362960.806 27476.22193 
0 0 0 
0 0 0 
406.2849939 2592.873232 189.1151805 
310.2505487 1913.170152 144.8274491 
0 0 0 
0 0 0 
4.076708915e-11 9.112131117e-11 7.225935928e-10 
4.632449646e-11 1.032810871e-10 7.880545695e-10 
6.334604198 13.8441102 79.8690649 
0 0 0 
0 0 0 
2398.327411 5360.665744 42510.17319 
43207.12416 96330.86369 735023.0274 
29.70724483 64.92439911 374.5600816 
0 0 0 
1.302317376e-11 2.947745675e-11 2.859816943e-10 
1032.236841 2307.223211 18296.32046 
2124.487248 4736.572856 36140.96237 
0 0 0 
0 0 0 
43.82602374 97.95854524 776.8129786 
8.173722197 18.22342343 139.0482276 
0 0 0 
$escByGroup
 5e-101 646.1007449 4663.385403 3.252965957e-10 5e-101 5e-101 123864.3488 280174.0247 1.626482978e-09 5e-101 1529.616622 1650746.27 366694.9704 5e-101 5e-101 466.7074077 337.707634 5e-101 5e-101 150.2065454 148.6216919 1.564511678e-10 5e-101 5374.151794 95236.33501 73879.92633 518.534196 5e-101 1534.472661 4871.353955 5649.672626 5e-101 5e-101 6.066267474e-10 5.344673246e-10 5e-101 5e-101 1.689311095e-09 1.831302909e-09 8.719709416e-11 5e-101 2202.217387 102142.2355 629123.1297 5.929402403e-10 5e-101 2326.525266 60746.91993 126045.0445 5e-101 5e-101 1.689311095e-09 1.627824808e-09 5e-101 5e-101 5.897731654e-10 581.4352427 9.122855117e-184 5e-101 5e-101 20246.00722 168393.6389 9.49449251e-196 5e-101 316.4164543 201146.28 248147.2486 5e-101 5e-101 2264.231089 1307.986706 5e-101 5e-101 5.657532696e-10 4.825751097e-10 0.1972229107 5e-101 5e-101 33283.25869 450100.5791 0.9249116614 5e-101 1.091752938e-09 14325.06906 22131.37206 5e-101 5e-101 608.2042339 85.14792794 5e-101
$catchByGroup
0 838.579063 7506.408305 2.940562994e-09 0 0 160764.4789 450981.5176 1.470281497e-08 0 438.1677766 2142516.118 590249.7722 0 0 605.7430885 543.5903683 0 0 191.8482116 234.0372784 1.177740072e-09 0 1539.784563 121638.6443 116340.0622 3903.444827 0 439.6521361 6221.836349 8896.642123 0 0 7.748014993e-10 8.41635406e-10 0 0 3.076427267e-09 4.260243798e-09 3.141986786e-09 0 800.0842119 186012.6056 1463557.939 2.136551014e-08 0 845.2463163 110627.0369 293224.3576 0 0 3.076427267e-09 3.786883376e-09 0 0 1.058266482e-10 137.9147068 2.262847292e-10 0 0 3632.866346 39942.4693 217.427402 0 9.814412044 36092.9216 58859.78783 0 0 406.2849939 310.2505487 0 0 4.076708915e-11 4.632449646e-11 6.334604198 0 0 2398.327411 43207.12416 29.70724483 0 1.302317376e-11 1032.236841 2124.487248 0 0 43.82602374 8.173722197 0 
0 46.54721755 435.7550332 2.359217246e-10 0 0 8923.594093 26179.9596 1.179608623e-09 0 19.22455846 118925.1774 34264.63078 0 0 33.62313295 31.55600247 0 0 7.289290479 9.307305345 6.513283131e-11 0 46.05481471 4621.6715 4626.666702 215.8731111 0 13.14995497 236.3992455 353.8058781 0 0 2.943865437e-11 3.347055549e-11 0 0 1.852749418e-10 2.705195598e-10 2.8976842e-10 0 36.33528634 11202.43441 92933.89494 1.970425256e-09 0 38.38629293 6662.409364 18619.33915 0 0 1.852749418e-10 2.40461831e-10 0 0 6.753758752e-10 850.4555482 1.08591605e-09 0 0 23184.61681 246306.5428 1043.410691 0 74.89876344 230341.6854 362960.806 0 0 2592.873232 1913.170152 0 0 9.112131117e-11 1.032810871e-10 13.8441102 0 0 5360.665744 96330.86369 64.92439911 0 2.947745675e-11 2307.223211 4736.572856 0 0 97.95854524 18.22342343 0 
0 9.485671746 88.95070091 4.880684295e-11 0 0 1818.503636 5344.116715 2.440342147e-10 0 3.885150522 24235.28741 6994.441125 0 0 6.85192411 6.441528665 0 0 2.319695354 2.96482298 2.091119154e-11 0 14.58478483 1470.77002 1473.815164 69.30704351 0 4.164369458 75.23012466 112.704135 0 0 9.368361703e-12 1.066197663e-11 0 0 1.981011533e-11 2.899241584e-11 3.163585682e-11 0 3.840392504 1197.79564 9960.012241 2.151238264e-10 0 4.057169943 712.3634558 1995.492021 0 0 1.981011533e-11 2.57710363e-11 0 0 4.92595739e-11 64.37969333 1.080344944e-10 0 0 1691.005538 18645.46563 103.8057651 0 4.503825964 16800.32363 27476.22193 0 0 189.1151805 144.8274491 0 0 7.225935928e-10 7.880545695e-10 79.8690649 0 0 42510.17319 735023.0274 374.5600816 0 2.859816943e-10 18296.32046 36140.96237 0 0 776.8129786 139.0482276 0 
$Fmort
 0.7002272763 0.2120710669 0.201923906
#ESTIMATED_PARAMETERS
$availability
1.4851545 1.4904055 1.823068357 0.1463384521 0.05503964531 
0.1914217929 0.1306991979 0.2370202286 4.027095714 0.4137652429 
0.04047206131 0.04337187881 0.02616941697 0.23133515 4.65865 
$availabilityVector
 1.4851545 0.1914217929 0.04047206131 1.4904055 0.1306991979 0.04337187881 1.823068357 0.2370202286 0.02616941697 0.1463384521 4.027095714 0.23133515 0.05503964531 0.4137652429 4.65865
$selectivity
 0.2390235676 0.7556900692 0.860432386 1.69371185 1.451142128
$RunSize
 0 1540.712697 12694.49944 3.550588157e-09 0 0 295370.9254 762679.6187 1.775294078e-08 0 1990.894107 3936422.853 998203.8145 0 0 1112.925553 919.2955334 0 0 351.6637428 394.9310986 1.420235263e-09 0 6974.575956 222967.4208 196320.4704 4707.159178 0 1991.439122 11404.81967 15012.82476 0 0 1.420235263e-09 1.420235263e-09 0 0 4.97082342e-09 6.391058682e-09 3.550588157e-09 0 3042.477278 300555.0711 2195574.976 2.414399947e-08 0 3214.215045 178748.7297 439884.2332 0 0 4.97082342e-09 5.680941051e-09 0 0 1.420235263e-09 1634.185191 1.420235263e-09 0 0 48754.49592 473288.1167 1364.643847 0 405.6334558 484381.2107 697444.0643 0 0 5452.504495 3676.234856 0 0 1.420235263e-09 1.420235263e-09 100.2450022 0 0 83552.42504 1324661.594 470.1166372 0 1.420235263e-09 35960.84957 65133.39453 0 0 1526.801782 250.5933012 0
