$ndistricts
3
$ngroups
90
$nstocks
5
$nagecomps
18
$AgeCompLabels
 0.1 0.2 0.3 0.4 0.5 1.1 1.2 1.3 1.4 1.5 2.1 2.2 2.3 2.4 3.1 3.2 3.3 3.4
$navailpar
15
$nselectpar
5
$GENdata
 -1 -1 -1
$maxGradient
7.015130051e-06
#LIKELIHOOD_VALUES_AND_PENALTIES
$totalNLL
832.9717501
$NLLcatch
0.6773740579
$NLLescape
-6.869729401
$NLLagecompCatch
389.5745046
$NLLagecompEsc
449.5896009
$NLLgenetics
0
$NLLselOne
2.781216145e-16
$NLLavailOne
1.945099676e-09
$NLLextra
2.6e-198
$sigmaCat
0.5
$sigmaEsc
0.1
#OBSERVED_AND_PREDICTED_VALUES
$predEsc
 5909074.764 396850.2735 1074031.812 1283937.293 685630.2079
$obsEsc
 6065880 393235.5 1061806 1273553 686894
$predCatch
 4685841.71 5356667.888 2128651.53
$obsCatch
 4685842 5356669 2128652
$RunSize
 889.994603 6.009784753e-09 6.009784753e-09 2.403913901e-09 0 3.605870852e-09 8655743.121 362654.2981 3.605870852e-09 0 2728.129084 479758.2641 138059.8029 2.403913901e-09 0 3.605870852e-09 0 0 1.682739731e-08 498.5733272 11377.64916 3.605870852e-09 0 3.605870852e-08 2.764500986e-08 687828.9667 8.413698654e-09 0 0 2.043326816e-08 1.021663408e-07 4.807827803e-09 0 6.009784753e-09 0 0 2.403913901e-09 2.403913901e-09 2.403913901e-09 2.403913901e-09 0 231.9201072 169705.1107 893307.8634 17815.44914 0 7362.359042 213410.0709 895100.24 1422.78302 0 2.403913901e-09 0 0 2.403913901e-09 2.403913901e-09 2.403913901e-09 2.403913901e-09 0 470.5763218 1237665.332 1864721.879 3136.814676 0 7054.631722 1633603.981 1421046.447 2.403913901e-09 0 6085.119166 0 0 261.5197222 1405.305204 11578.21527 1116.210375 0 71.55176225 707949.2014 657229.2784 3414.739691 0 3486.346243 524191.3907 896855.3682 1276.842322 0 170.1332046 0 0
$SSageCompEsc
 2101 0 1590 3411 2883
$obsAgeCompEsc
0.0001389512 0 0 0 0 0 0.9057375 0.02828055 0 0 0.0004589947 0.05322153 0.01216249 0 0 0 0 0 
0 0 0 0 0 0 0.6011158 0.250188 0 0 0 0.1026919 0.0460043 0 0 0 0 0 
0 0 0 0 0 0.0001939864 0.08834267 0.3865367 0.006895223 0 0.006479372 0.1128355 0.3980937 0.0006227985 0 0 0 0 
0 0 0 0 0 0 0.2473852 0.2725104 0.0001543037 0 0.00482559 0.2811783 0.1933441 0 0 0.0006021289 0 0 
0 0.0006885377 0.00346092 0 0 8.786412e-05 0.3568083 0.1983921 0.0002631226 0 0.004545695 0.1994816 0.2362719 0 0 0 0 0 
$predAgeCompEsc
0.0001401069102 6.268276595e-16 5.591548971e-16 1.804355324e-16 0 5.67652233e-16 0.9028042475 0.03374162887 2.706532986e-16 0 0.0004294742187 0.05003935452 0.01284518799 1.804355324e-16 0 3.760965957e-16 0 0 
3.954188297e-14 0.0007923392396 0.01625933444 4.234337792e-15 0 8.473260635e-14 4.393381053e-14 0.9829483263 9.880121514e-15 0 0 3.247281648e-14 1.460017513e-13 5.645783723e-15 0 9.550828377e-15 0 0 
2.049071272e-15 1.229862707e-15 1.063361725e-15 8.03030167e-16 0 0.0001976862935 0.08682257167 0.3951511701 0.005951271005 0 0.006275598473 0.1091823994 0.3959440208 0.0004752822827 0 1.229862707e-15 0 0 
1.549750427e-15 4.744789474e-16 3.124755181e-16 9.099820812e-17 0 0.000303370206 0.2442875111 0.2423880219 0.0001187415716 0 0.00454796593 0.322436963 0.1847163596 9.099820812e-17 0 0.0012010667 0 0 
0.0003246550959 0.0006087336917 0.003404085413 0.0001027731261 0 8.882559235e-05 0.306661165 0.1932305237 0.0003144062091 0 0.004328010386 0.2270631032 0.2636824593 0.0001175630327 0 7.369631411e-05 0 0 
$SSageCompCatch
 4700 3665 3148
$obsAgeCompCatch
0 5.107196e-05 0.00121198 0 0 0 0.60318 0.2232746 0.001201697 0 0 0.05425968 0.1167751 4.590498e-05 0 0 0 0 
0 0 0 0 0 0.0003374371 0.2601937 0.2575549 0.0008643604 0 0 0.2633244 0.2164965 0 0 0.001228689 0 0 
0.0003517703 0.0003339854 0.003832596 0.0005379562 0 0 0.1850695 0.250283 0.001446469 0 0 0.2107443 0.3463515 0.0006207484 0 0.0004282896 0 0 
$predAgeCompCatch
1.15917064e-05 3.905529579e-05 0.0009679097054 5.457673574e-06 0 4.290497076e-06 0.6270343771 0.1906045399 0.002094286405 0 0.0001616498238 0.0656335391 0.1132244188 0.0001689691309 0 4.99148655e-05 0 0 
2.227918767e-06 3.122246114e-05 0.0003662100323 3.417856475e-05 0 1.46731478e-05 0.2520960893 0.2940293623 0.0009121303792 0 0.0002394921249 0.2206322003 0.230817067 6.500345153e-05 0 0.000760143061 0 0 
1.633318277e-05 0.0003860739904 0.003604282818 0.0003932484905 0 5.925452241e-06 0.2492610415 0.2536893332 0.001365959555 0 0.0002379043399 0.1780188458 0.3123983616 0.0004550241164 0 0.0001676660246 0 0 
$genSS
 -1 -1 -1
$obsGenComp     #GeneticFracData
0 0 0 0 0 
0 0 0 0 0 
0 0 0 0 0 
$predGenComp     #catchGenComp_pred
0 0 0 0 0 
0 0 0 0 0 
0 0 0 0 0 
#PARAMETERS_OF_INTEREST
$catchByGroup
53.71426208 7.312072346 1.066061064 
1.955077716e-09 3.053752067e-10 4.536032637e-11 
2.282095912e-09 3.685917743e-10 5.500897541e-11 
1.117725591e-09 1.912085818e-10 2.877267768e-11 
0 0 0 
2.176268163e-10 2.962533531e-11 4.319215537e-12 
2815849.683 439824.2954 65331.34697 
137710.7376 22242.29264 3319.460211 
1.676588386e-09 2.868128727e-10 4.315901652e-11 
0 0 0 
164.6520554 22.41393056 3.267831271 
156072.926 24377.9578 3621.093323 
52425.45696 8467.475928 1263.693895 
1.117725591e-09 1.912085818e-10 2.877267768e-11 
0 0 0 
1.17304663e-09 1.83225124e-10 2.721619582e-11 
0 0 0 
0 0 0 
1.019071606e-09 9.451902067e-11 2.159961077e-11 
162.6614485 17.44019721 4.031637554 
4332.34236 481.2181026 111.5673834 
1.680849808e-09 1.983914854e-10 4.623144789e-11 
0 0 0 
2.183724871e-09 2.025407586e-10 4.628488022e-11 
9.019289846e-09 9.670281132e-10 2.235471772e-10 
261909.1629 29091.75221 6744.739351 
3.921982885e-09 4.629134659e-10 1.078733784e-10 
0 0 0 
0 0 0 
6.666431626e-09 7.147599098e-10 1.652305223e-10 
3.890255005e-08 4.321129256e-09 1.001826577e-09 
2.241133077e-09 2.645219805e-10 6.164193052e-11 
0 0 0 
1.960715184e-09 2.102235029e-10 4.859721244e-11 
0 0 0 
0 0 0 
1.768529644e-10 2.443092848e-11 1.862277089e-12 
9.209345352e-10 1.503199171e-10 1.174777669e-11 
1.066376277e-09 1.81202576e-10 1.425072708e-11 
1.28832353e-09 2.344663217e-10 1.864410382e-11 
0 0 0 
17.06207467 2.35699937 0.1796651294 
65013.68339 10611.88513 829.3382486 
396271.3946 67335.89165 5295.649963 
9547.788846 1737.634125 138.1717886 
0 0 0 
541.6396241 74.8235064 5.703512327 
81756.96491 13344.81412 1042.921652 
397066.4929 67470.99768 5306.275414 
762.5085252 138.7714847 11.03471897 
0 0 0 
9.209345352e-10 1.503199171e-10 1.174777669e-11 
0 0 0 
0 0 0 
1.470023619e-11 3.83018849e-10 1.641244833e-11 
9.142596218e-11 1.601404884e-09 1.0188184e-10 
1.105074712e-10 1.769120574e-09 1.230868848e-10 
1.436683828e-10 1.983520451e-09 1.598890741e-10 
0 0 0 
2.87763346 74.97756099 3.212806234 
47071.04684 824490.1393 52454.30014 
85720.91507 1372311.146 95478.79689 
187.4697306 2588.252458 208.6357561 
0 0 0 
43.13996125 1124.024001 48.16469449 
62129.43639 1088250.87 69234.83379 
65325.23865 1045795.569 72761.41636 
1.436683828e-10 1.983520451e-09 1.598890741e-10 
0 0 0 
231.4300335 4053.697408 257.8973967 
0 0 0 
0 0 0 
0.6026392702 4.622148571 33.70159343 
20.3454855 149.8081578 817.7853528 
203.129309 1480.447418 7560.694751 
25.57379447 183.0832203 837.0890009 
0 0 0 
0.1648820266 1.264619253 9.220751615 
10249.42495 75468.70629 411974.9119 
11530.49292 84036.56054 429177.5408 
78.23601441 560.0929293 2560.844353 
0 0 0 
8.033845929 61.61833674 449.2793991 
7589.047784 55879.78068 305041.2397 
15734.51581 114676.3282 585655.8648 
29.25407596 209.4304167 957.5530626 
0 0 0 
2.463125191 18.13651717 99.00514307 
0 0 0 
0 0 0 
$escByGroup
 827.9022075 3.703971504e-09 3.304088092e-09 1.066207051e-09 5e-101 3.354299485e-09 5334737.796 199381.8076 1.599310577e-09 5e-101 2537.795267 295686.287 75903.17617 1.066207051e-09 5e-101 2.222382903e-09 5e-101 5e-101 1.569220707e-08 314.440044 6452.521319 1.680398111e-09 5e-101 3.362615801e-08 1.743514473e-08 390083.3122 3.920928926e-09 5e-101 5e-101 1.28868461e-08 5.794083492e-08 2.240530815e-09 5e-101 3.790248854e-09 5e-101 5e-101 2.200767731e-09 1.320911672e-09 1.142084321e-09 8.624799454e-10 5e-101 212.321368 93250.20397 424404.9273 6391.854381 5e-101 6740.192399 117265.3702 425256.4741 510.4682913 5e-101 1.320911672e-09 5e-101 5e-101 1.989782368e-09 6.092012153e-10 4.011989709e-10 1.16835993e-10 5e-101 389.5083211 313649.8458 311211.0207 152.4567321 5e-101 5839.303065 413988.8414 237164.2227 1.16835993e-10 5e-101 1542.094327 5e-101 5e-101 222.5933409 417.3662076 2333.943789 70.46435979 5e-101 60.90150936 210256.1583 132484.6841 215.5663945 5e-101 2967.414661 155681.3226 180788.6594 80.60476656 5e-101 50.52841916 5e-101 5e-101
$catchByGroup
53.71426208 1.955077716e-09 2.282095912e-09 1.117725591e-09 0 2.176268163e-10 2815849.683 137710.7376 1.676588386e-09 0 164.6520554 156072.926 52425.45696 1.117725591e-09 0 1.17304663e-09 0 0 1.019071606e-09 162.6614485 4332.34236 1.680849808e-09 0 2.183724871e-09 9.019289846e-09 261909.1629 3.921982885e-09 0 0 6.666431626e-09 3.890255005e-08 2.241133077e-09 0 1.960715184e-09 0 0 1.768529644e-10 9.209345352e-10 1.066376277e-09 1.28832353e-09 0 17.06207467 65013.68339 396271.3946 9547.788846 0 541.6396241 81756.96491 397066.4929 762.5085252 0 9.209345352e-10 0 0 1.470023619e-11 9.142596218e-11 1.105074712e-10 1.436683828e-10 0 2.87763346 47071.04684 85720.91507 187.4697306 0 43.13996125 62129.43639 65325.23865 1.436683828e-10 0 231.4300335 0 0 0.6026392702 20.3454855 203.129309 25.57379447 0 0.1648820266 10249.42495 11530.49292 78.23601441 0 8.033845929 7589.047784 15734.51581 29.25407596 0 2.463125191 0 0 
7.312072346 3.053752067e-10 3.685917743e-10 1.912085818e-10 0 2.962533531e-11 439824.2954 22242.29264 2.868128727e-10 0 22.41393056 24377.9578 8467.475928 1.912085818e-10 0 1.83225124e-10 0 0 9.451902067e-11 17.44019721 481.2181026 1.983914854e-10 0 2.025407586e-10 9.670281132e-10 29091.75221 4.629134659e-10 0 0 7.147599098e-10 4.321129256e-09 2.645219805e-10 0 2.102235029e-10 0 0 2.443092848e-11 1.503199171e-10 1.81202576e-10 2.344663217e-10 0 2.35699937 10611.88513 67335.89165 1737.634125 0 74.8235064 13344.81412 67470.99768 138.7714847 0 1.503199171e-10 0 0 3.83018849e-10 1.601404884e-09 1.769120574e-09 1.983520451e-09 0 74.97756099 824490.1393 1372311.146 2588.252458 0 1124.024001 1088250.87 1045795.569 1.983520451e-09 0 4053.697408 0 0 4.622148571 149.8081578 1480.447418 183.0832203 0 1.264619253 75468.70629 84036.56054 560.0929293 0 61.61833674 55879.78068 114676.3282 209.4304167 0 18.13651717 0 0 
1.066061064 4.536032637e-11 5.500897541e-11 2.877267768e-11 0 4.319215537e-12 65331.34697 3319.460211 4.315901652e-11 0 3.267831271 3621.093323 1263.693895 2.877267768e-11 0 2.721619582e-11 0 0 2.159961077e-11 4.031637554 111.5673834 4.623144789e-11 0 4.628488022e-11 2.235471772e-10 6744.739351 1.078733784e-10 0 0 1.652305223e-10 1.001826577e-09 6.164193052e-11 0 4.859721244e-11 0 0 1.862277089e-12 1.174777669e-11 1.425072708e-11 1.864410382e-11 0 0.1796651294 829.3382486 5295.649963 138.1717886 0 5.703512327 1042.921652 5306.275414 11.03471897 0 1.174777669e-11 0 0 1.641244833e-11 1.0188184e-10 1.230868848e-10 1.598890741e-10 0 3.212806234 52454.30014 95478.79689 208.6357561 0 48.16469449 69234.83379 72761.41636 1.598890741e-10 0 257.8973967 0 0 33.70159343 817.7853528 7560.694751 837.0890009 0 9.220751615 411974.9119 429177.5408 2560.844353 0 449.2793991 305041.2397 585655.8648 957.5530626 0 99.00514307 0 0 
$Fmort
 0.3055858052 0.3142004972 0.2159009589
#ESTIMATED_PARAMETERS
$availability
1.4851545 1.4904055 1.823068357 0.1463384521 0.05503964531 
0.1914217929 0.1306991979 0.2370202286 4.027095714 0.4137652429 
0.04047206131 0.04337187881 0.02616941697 0.23133515 4.65865 
$availabilityVector
 1.4851545 0.1914217929 0.04047206131 1.4904055 0.1306991979 0.04337187881 1.823068357 0.2370202286 0.02616941697 0.1463384521 4.027095714 0.23133515 0.05503964531 0.4137652429 4.65865
$selectivity
 0.1371655497 0.8670647043 1.052349418 1.378045599 1.565374732
$RunSize
 889.994603 6.009784753e-09 6.009784753e-09 2.403913901e-09 0 3.605870852e-09 8655743.121 362654.2981 3.605870852e-09 0 2728.129084 479758.2641 138059.8029 2.403913901e-09 0 3.605870852e-09 0 0 1.682739731e-08 498.5733272 11377.64916 3.605870852e-09 0 3.605870852e-08 2.764500986e-08 687828.9667 8.413698654e-09 0 0 2.043326816e-08 1.021663408e-07 4.807827803e-09 0 6.009784753e-09 0 0 2.403913901e-09 2.403913901e-09 2.403913901e-09 2.403913901e-09 0 231.9201072 169705.1107 893307.8634 17815.44914 0 7362.359042 213410.0709 895100.24 1422.78302 0 2.403913901e-09 0 0 2.403913901e-09 2.403913901e-09 2.403913901e-09 2.403913901e-09 0 470.5763218 1237665.332 1864721.879 3136.814676 0 7054.631722 1633603.981 1421046.447 2.403913901e-09 0 6085.119166 0 0 261.5197222 1405.305204 11578.21527 1116.210375 0 71.55176225 707949.2014 657229.2784 3414.739691 0 3486.346243 524191.3907 896855.3682 1276.842322 0 170.1332046 0 0
