$ndistricts
3
$ngroups
90
$nstocks
5
$nagecomps
18
$AgeCompLabels
 0.1 0.2 0.3 0.4 0.5 1.1 1.2 1.3 1.4 1.5 2.1 2.2 2.3 2.4 3.1 3.2 3.3 3.4
$navailpar
15
$nselectpar
5
$GENdata
 1 1 1
$maxGradient
0.09055152546
#LIKELIHOOD_VALUES_AND_PENALTIES
$totalNLL
875.3363685
$NLLcatch
0.6773740579
$NLLescape
-6.918053834
$NLLagecompCatch
348.2925533
$NLLagecompEsc
298.0155803
$NLLgenetics
235.2689142
$NLLselOne
1.391964345e-07
$NLLavailOne
2.768128833e-07
$NLLextra
4.4e-198
$sigmaCat
0.5
$sigmaEsc
0.1
#OBSERVED_AND_PREDICTED_VALUES
$predEsc
 957214.6654 248788.7592 1349677.558 849827.2441 471905.2488
$obsEsc
 957120 248700 1349604 849576 472770
$predCatch
 2243700.4 1103934.855 576767.9153
$obsCatch
 2243701 1103935 576768
$RunSize
 0 1523.61285 0 0 0 0 967589.2394 0.03465982949 5757.888168 0 845791.8621 198305.5688 56227.21444 0 0 0.0001087637282 0.0001296226263 0 0 0.0001329358999 0 0 0 4251.66479 115448.5328 321632.9409 0 0 7.679865042e-06 272877.9474 8159.005871 0 0 2.204517994e-07 1.48859103e-06 0 0 3.031753626e-08 107.2179167 0 0 0 1020405.795 219639.7955 93.27788447 0 4135.156656 506296.5278 96263.54481 0 0 1585.082692 1.184376209e-05 0 0 2.637149236e-05 0 0 0 0 203423.4597 147521.8088 84.01443589 0 377.9585643 1185829.011 276085.1611 0 0 27241.69973 73957.64928 0 0 2.598645965e-09 0 0 0 64.26545045 890882.2711 57789.15025 0 0 5626.876603 236426.628 50414.78055 0 0 3.768036649e-08 3.502801518e-05 0
$SSageCompEsc
 0 45 1895 0 2073
$obsAgeCompEsc
0 0 0 0 0 0 0.1808562 0.03134428 0.00178437 0 0.001165954 0.6075567 0.1772535 0 0 3.903228e-05 0 0 
0 0 0 0 0 0.01709402 0.1880342 0.3418803 0 0 0 0.4444444 0.008547008 0 0 0 0 0 
0 0 6.90521e-05 0 0 0 0.5633026 0.106864 6.90521e-05 0 0.003063072 0.2794256 0.04626769 0 0 0.0009389671 0 0 
0 0 0 0 0 0 0.02610729 0.03615111 0.0001002363 0 0.001073319 0.6876988 0.2181523 0 0 0.02405964 0.006657268 0 
0 0 0 0 0 0.0001360915 0.7544785 0.0130918 0 0 0.01190402 0.1934905 0.02689914 0 0 0 0 0 
$predAgeCompEsc
0 0.0001448573556 0 0 0 0 0.09199346047 3.578777904e-12 0.006015041828 0 0.8829869504 0.01885388423 5.805704056e-06 0 0 1.034070174e-11 1.338409905e-14 0 
0 2.17335284e-10 0 0 0 0.01708454987 0.1887454005 0.3394346268 0 0 3.086015568e-11 0.4461248334 0.008610589155 0 0 3.604139624e-13 1.570981316e-12 0 
0 1.675996921e-14 5.157421797e-05 0 0 0 0.56409497 0.1056516582 6.911090592e-05 0 0.003063522527 0.2798879878 0.04630491991 0 0 0.0008762564637 5.697114689e-12 0 
0 1.514678836e-11 0 0 0 0 0.1168387457 0.05510988908 9.885956158e-05 0 0.0004446550687 0.6810953591 0.1031374461 0 0 0.01564660258 0.02762844275 0 
0 2.1809067e-15 0 0 0 0.0001361507275 0.7476705717 0.02235212707 0 0 0.01192092077 0.1984204174 0.01949981227 0 0 3.162314716e-14 1.354840213e-11 0 
$SSageCompCatch
 2817 1158 513
$obsAgeCompCatch
0 0.00064708 0 0 0 0 0.5564512 0.139679 0 0 0.0002698572 0.2461946 0.05478401 0 0 0.0006249225 0.001349286 0 
0 0 0 0 0 0 0.216912 0.08637878 0 0 0 0.4891568 0.1524362 0 0 0.01184851 0.04326781 0 
0 0 0 0 0 0 0.6396653 0.07702057 0 0 0 0.2284547 0.05485941 0 0 0 0 0 
$predAgeCompCatch
0 0.0005960855304 1.631859737e-05 0 0 5.394981407e-07 0.5513914999 0.1455850843 8.889243393e-08 0 0.000256563242 0.2439613039 0.0542939631 0 0 0.0009303614363 0.002968191627 0 
0 4.070257758e-05 6.000695972e-07 0 0 1.194384943e-08 0.2182544365 0.08878799405 3.263665477e-09 0 7.728301749e-06 0.4944408351 0.1507150837 0 0 0.01048953037 0.03726307416 0 
0 4.478439896e-06 5.771314555e-07 0 0 2.145776945e-08 0.6435332449 0.06500551255 3.442282269e-10 0 2.462575427e-06 0.2206841099 0.06493968083 0 0 0.001178982329 0.004650929604 0 
$genSS
 334 295 258
$obsGenComp     #GeneticFracData
0.476417004 0.211437247 0.2164979757 0.06082995951 0.03481781377 
0.03362956978 0.005958392244 0.007675217128 0.7947889315 0.1579478893 
0.003718219274 0.001507386192 0.00713496131 0.09737714803 0.8902622852 
$predGenComp     #catchGenComp_pred
0.4809045963 0.207783033 0.2167172771 0.05925172708 0.03534336647 
0.03338543153 0.005807710656 0.007597594092 0.795807364 0.1574018997 
0.003674925041 0.001676799594 0.007304411197 0.09229172856 0.8950521356 
#PARAMETERS_OF_INTEREST
$catchByGroup
0 0 0 
1337.437263 44.93298189 2.583019639 
0 0 0 
0 0 0 
0 0 0 
0 0 0 
849356.1238 28535.2475 1640.378662 
0.03307917133 0.001490957705 8.627480056e-05 
0.1989232586 0.002832722348 0.000160565026 
0 0 0 
575.1465341 8.19285288 0.4643912041 
174073.9173 5848.24454 336.1924775 
53662.97778 2418.719302 139.960057 
0 0 0 
0 0 0 
9.547350761e-05 3.207559342e-06 1.843899164e-07 
0.000123711199 5.57596088e-06 3.226549696e-07 
0 0 0 
0 0 0 
7.774048163e-05 9.77509248e-07 1.473333598e-07 
0 0 0 
0 0 0 
0 0 0 
1.209146395 0.01015401656 0.001525659625 
67513.92627 848.920484 127.9520448 
233194.0656 3467.895569 523.4601304 
0 0 0 
0 0 0 
2.184104718e-09 1.834139818e-11 2.755828739e-12 
159578.1356 2006.536364 302.4316595 
5915.537583 87.97164939 13.27884596 
0 0 0 
0 0 0 
1.289194949e-07 1.621034445e-09 2.443275617e-10 
1.079275628e-06 1.60502162e-08 2.422693561e-09 
0 0 0 
0 0 0 
7.505218912e-09 1.27650835e-10 6.411219743e-11 
36.61404343 0.6624377437 0.3328709064 
0 0 0 
0 0 0 
0 0 0 
252605.2515 4296.379847 2157.842155 
75005.19748 1357.027772 681.8981388 
0.0004360263425 6.468306388e-06 3.24527347e-06 
0 0 0 
0.3805746915 0.005645942471 0.00283267862 
125335.5894 2131.742303 1070.660316 
32873.21486 594.7569904 298.8617427 
0 0 0 
0 0 0 
392.3931184 6.673930476 3.351958867 
4.044548087e-06 7.317578334e-08 3.677038266e-08 
0 0 0 
0 0 0 
1.640912237e-06 1.120339428e-05 6.550324394e-07 
0 0 0 
0 0 0 
0 0 0 
0 0 0 
12657.6092 86420.33577 5052.765434 
13284.03228 82053.14963 5350.741695 
8.870459376e-05 0.0007636834206 3.47294974e-05 
0 0 0 
0.007857148635 0.06763937952 0.003076238217 
73785.78763 503775.4321 29454.39944 
24860.89496 153561.4105 10013.84403 
0 0 0 
0 0 0 
1695.059112 11573.08425 676.6472213 
6659.732609 41136.00635 2682.506953 
0 0 0 
0 0 0 
1.605026687e-10 3.524760357e-10 1.056485942e-09 
0 0 0 
0 0 0 
0 0 0 
0.001325799162 0.003031215129 0.01085049333 
55024.41808 120837.7961 362190.3898 
5165.983377 11138.08688 30936.99391 
0 0 0 
0 0 0 
0.1160827199 0.265403469 0.9500343747 
14602.64509 32068.51633 96119.83011 
4506.761514 9716.775614 26989.17966 
0 0 0 
0 0 0 
2.327288696e-09 5.110902518e-09 1.531904615e-08 
3.131282314e-06 6.751182094e-06 1.875198869e-05 
0 0 0 
$escByGroup
 5e-101 138.6595851 5e-101 5e-101 5e-101 5e-101 88057.48948 3.425658694e-06 5757.686251 5e-101 845208.0583 18047.21449 5.557305066 5e-101 5e-101 9.898271357e-06 1.281145589e-08 5e-101 5e-101 5.407057564e-05 5e-101 5e-101 5e-101 4250.443964 46957.73399 84447.51965 5e-101 5e-101 7.67765984e-06 110990.8438 2142.217792 5e-101 5e-101 8.966694251e-08 3.908424925e-07 5e-101 5e-101 2.262055431e-08 69.60856457 5e-101 5e-101 5e-101 761346.3215 142595.6721 93.27743873 5e-101 4134.767603 377758.5358 62496.71122 5e-101 5e-101 1182.663684 7.68926784e-06 5e-101 5e-101 1.287215341e-05 5e-101 5e-101 5e-101 5e-101 99292.7493 46833.88516 84.01354877 5e-101 377.8799916 578813.392 87649.01162 5e-101 5e-101 13296.90915 23479.40336 5e-101 5e-101 1.029181319e-09 5e-101 5e-101 5e-101 64.25024294 352829.6672 10548.08609 5e-101 5e-101 5625.545083 93635.63646 9202.063759 5e-101 5e-101 1.492312913e-08 6.393562077e-06 5e-101
$catchByGroup
0 1337.437263 0 0 0 0 849356.1238 0.03307917133 0.1989232586 0 575.1465341 174073.9173 53662.97778 0 0 9.547350761e-05 0.000123711199 0 0 7.774048163e-05 0 0 0 1.209146395 67513.92627 233194.0656 0 0 2.184104718e-09 159578.1356 5915.537583 0 0 1.289194949e-07 1.079275628e-06 0 0 7.505218912e-09 36.61404343 0 0 0 252605.2515 75005.19748 0.0004360263425 0 0.3805746915 125335.5894 32873.21486 0 0 392.3931184 4.044548087e-06 0 0 1.640912237e-06 0 0 0 0 12657.6092 13284.03228 8.870459376e-05 0 0.007857148635 73785.78763 24860.89496 0 0 1695.059112 6659.732609 0 0 1.605026687e-10 0 0 0 0.001325799162 55024.41808 5165.983377 0 0 0.1160827199 14602.64509 4506.761514 0 0 2.327288696e-09 3.131282314e-06 0 
0 44.93298189 0 0 0 0 28535.2475 0.001490957705 0.002832722348 0 8.19285288 5848.24454 2418.719302 0 0 3.207559342e-06 5.57596088e-06 0 0 9.77509248e-07 0 0 0 0.01015401656 848.920484 3467.895569 0 0 1.834139818e-11 2006.536364 87.97164939 0 0 1.621034445e-09 1.60502162e-08 0 0 1.27650835e-10 0.6624377437 0 0 0 4296.379847 1357.027772 6.468306388e-06 0 0.005645942471 2131.742303 594.7569904 0 0 6.673930476 7.317578334e-08 0 0 1.120339428e-05 0 0 0 0 86420.33577 82053.14963 0.0007636834206 0 0.06763937952 503775.4321 153561.4105 0 0 11573.08425 41136.00635 0 0 3.524760357e-10 0 0 0 0.003031215129 120837.7961 11138.08688 0 0 0.265403469 32068.51633 9716.775614 0 0 5.110902518e-09 6.751182094e-06 0 
0 2.583019639 0 0 0 0 1640.378662 8.627480056e-05 0.000160565026 0 0.4643912041 336.1924775 139.960057 0 0 1.843899164e-07 3.226549696e-07 0 0 1.473333598e-07 0 0 0 0.001525659625 127.9520448 523.4601304 0 0 2.755828739e-12 302.4316595 13.27884596 0 0 2.443275617e-10 2.422693561e-09 0 0 6.411219743e-11 0.3328709064 0 0 0 2157.842155 681.8981388 3.24527347e-06 0 0.00283267862 1070.660316 298.8617427 0 0 3.351958867 3.677038266e-08 0 0 6.550324394e-07 0 0 0 0 5052.765434 5350.741695 3.47294974e-05 0 0.003076238217 29454.39944 10013.84403 0 0 676.6472213 2682.506953 0 0 1.056485942e-09 0 0 0 0.01085049333 362190.3898 30936.99391 0 0 0.9500343747 96119.83011 26989.17966 0 0 1.531904615e-08 1.875198869e-05 0 
$Fmort
 0.5533369948 0.1207256488 0.08998872762
#ESTIMATED_PARAMETERS
$availability
3.09731432 1.295102682 0.4190737847 0.09465593809 0.09393495588 
0.2021559312 0.04984161428 0.02849426825 3.73514115 0.9843786295 
0.01537250949 0.01004668723 0.01917916316 0.227877637 4.727513319 
$availabilityVector
 3.09731432 0.2021559312 0.01537250949 1.295102682 0.04984161428 0.01004668723 0.4190737847 0.02849426825 0.01917916316 0.09465593809 3.73514115 0.227877637 0.09393495588 0.9843786295 4.727513319
$selectivity
 0.0003969060523 1.226559431 1.801630572 2.015834408e-05 1.971451924
$RunSize
 0 1523.61285 0 0 0 0 967589.2394 0.03465982949 5757.888168 0 845791.8621 198305.5688 56227.21444 0 0 0.0001087637282 0.0001296226263 0 0 0.0001329358999 0 0 0 4251.66479 115448.5328 321632.9409 0 0 7.679865042e-06 272877.9474 8159.005871 0 0 2.204517994e-07 1.48859103e-06 0 0 3.031753626e-08 107.2179167 0 0 0 1020405.795 219639.7955 93.27788447 0 4135.156656 506296.5278 96263.54481 0 0 1585.082692 1.184376209e-05 0 0 2.637149236e-05 0 0 0 0 203423.4597 147521.8088 84.01443589 0 377.9585643 1185829.011 276085.1611 0 0 27241.69973 73957.64928 0 0 2.598645965e-09 0 0 0 64.26545045 890882.2711 57789.15025 0 0 5626.876603 236426.628 50414.78055 0 0 3.768036649e-08 3.502801518e-05 0
