$ndistricts
3
$ngroups
90
$nstocks
5
$nagecomps
18
$AgeCompLabels
 0.1 0.2 0.3 0.4 0.5 1.1 1.2 1.3 1.4 1.5 2.1 2.2 2.3 2.4 3.1 3.2 3.3 3.4
$navailpar
15
$nselectpar
5
$GENdata
 -1 -1 -1
$maxGradient
1.072705529e-06
#LIKELIHOOD_VALUES_AND_PENALTIES
$totalNLL
781.6733896
$NLLcatch
0.6773740579
$NLLescape
-6.837093697
$NLLagecompCatch
284.1048051
$NLLagecompEsc
503.7283041
$NLLgenetics
0
$NLLselOne
1.610624471e-16
$NLLavailOne
1.945099676e-09
$NLLextra
4.1e-198
$sigmaCat
0.5
$sigmaEsc
0.1
#OBSERVED_AND_PREDICTED_VALUES
$predEsc
 3868468.813 173118.1128 995488.1574 811064.2282 694919.7285
$obsEsc
 3755185 174336 1016445 804246 704436
$predCatch
 5397537.668 2101173.631 445457.9518
$obsCatch
 5397538 2101174 445458
$RunSize
 0 0 2.397884891e-09 0 0 0 95731.83483 178445.7425 2776.818375 0 1768.697793 2048688.701 5560779.574 3.996474818e-09 0 10322.30711 6.394359708e-09 0 0 0 1.598589927e-09 0 0 0 96116.19834 203183.1664 1.598589927e-09 0 0 5351.167537 37882.59156 1.598589927e-09 0 1.598589927e-09 1144.724694 0 0 0 1.598589927e-09 0 0 0 113073.4681 844293.5972 2.397884891e-09 0 4989.580654 286773.5551 1253995.441 1.598589927e-09 0 2185.760758 1.598589927e-09 0 0 0 1.598589927e-09 0 0 0 3113.155041 91323.64674 1.598589927e-09 0 356.7652743 336711.0428 2058377.856 113.6720258 0 38490.20441 17800.90973 0 0 0 607.5307787 0 0 0 67251.40647 420817.8668 834.8540889 0 651.8823973 237190.1129 462141.6512 1.598589927e-09 0 1260.06949 2682.737687 0
$SSageCompEsc
 2861 998 1313 1292 1503
$obsAgeCompEsc
0 0 0 0 0 0 0.01591838 0.02694221 0 0 0.0004707975 0.3136661 0.6410457 0 0 0.001956768 0 0 
0 0 0 0 0 0 0.3236513 0.5535097 0 0 0 0.01795243 0.1018097 0 0 0 0.003076923 0 
0 0 0 0 0 0 0.05782145 0.3394661 0 0 0.004907773 0.1421757 0.4544436 0 0 0.001185453 0 0 
0 0 0 0 0 0 0.001810844 0.03262144 0 0 0.0004435863 0.1828933 0.7678599 0 0 0.0113274 0.003043525 0 
0 0 0.0006255687 0 0 0 0.06520278 0.378439 0.001274653 0 0.0009253099 0.2309872 0.3225455 0 0 0 0 0 
$predAgeCompEsc
0 0 2.834072802e-16 0 0 0 0.01425321612 0.02109059644 0.0004077412736 0 0.000457208584 0.3050229098 0.6572314715 5.868326668e-16 0 0.001536856306 7.557527473e-16 0 
0 0 4.337356091e-15 0 0 0 0.3247452895 0.5512844347 5.329924519e-15 0 0 0.01807985003 0.1027845143 5.329924519e-15 0 5.401114044e-15 0.003105911366 0 
0 0 6.028226353e-16 0 0 0 0.05730005943 0.318380144 1.194024583e-15 0 0.005012192649 0.1453227006 0.4728772675 7.960163887e-16 0 0.0011076358 6.028226353e-16 0 
0 0 5.865581168e-16 0 0 0 0.001680326981 0.03350867245 8.439143244e-16 0 0.0004398727936 0.1817399528 0.7552645104 6.000879229e-05 0 0.02077510697 0.00653154878 0 
0 0 0.0004840426057 0 0 0 0.06427327905 0.3352814112 0.0007893629902 0 0.0009380683862 0.2266865054 0.3682056233 1.511482955e-15 0 0.001204269207 0.002137437947 0 
$SSageCompCatch
 2653 3232 2290
$obsAgeCompCatch
0 0 0 0 0 0 0.0201568 0.08552656 0.0006931783 0 0 0.1766285 0.7164645 0 0 0.0002347291 0.0002957378 0 
0 0 0 0 0 0 0.006541407 0.0810911 0 0 0 0.1275774 0.7588738 9.293067e-05 0 0.01758511 0.008238241 0 
0 0 0.0003271003 0 0 0 0.03756286 0.2691047 0 0 0 0.1464284 0.5357132 0 0 0.005247712 0.005616017 0 
$predAgeCompCatch
0 0 2.811246779e-06 0 0 0 0.02360911383 0.1268107587 0.0002066866547 0 5.010447506e-10 0.1759305189 0.6718369389 1.021283581e-06 0 0.001270077334 0.0003320726995 0 
0 0 2.721194107e-05 0 0 0 0.007601454177 0.07459117786 7.19171148e-05 0 1.828336989e-10 0.1252052023 0.7776890849 2.753070864e-05 0 0.009414949567 0.005371471276 0 
0 0 0.0004463029525 0 0 0 0.03918762574 0.3204084811 0.0004918192569 0 3.160990571e-10 0.1556708485 0.4790434646 3.68570235e-06 0 0.001988677501 0.002759094351 0 
$genSS
 -1 -1 -1
$obsGenComp     #GeneticFracData
0 0 0 0 0 
0 0 0 0 0 
0 0 0 0 0 
$predGenComp     #catchGenComp_pred
0 0 0 0 0 
0 0 0 0 0 
0 0 0 0 0 
#PARAMETERS_OF_INTEREST
$catchByGroup
0 0 0 
0 0 0 
1.18610991e-09 1.071799449e-10 8.242811068e-12 
0 0 0 
0 0 0 
0 0 0 
37246.89285 3109.101739 237.7181922 
88267.8999 7976.114669 613.4133239 
1100.135348 92.28972091 7.058905518 
0 0 0 
0.0006014542196 4.029734213e-05 3.034547978e-06 
797094.1815 66535.66826 5087.237441 
2750630.685 248554.0698 19115.36938 
1.583345621e-09 1.328259525e-10 1.015937463e-11 
0 0 0 
4016.154787 335.23961 25.63201874 
3.162959759e-09 2.858131864e-10 2.198082951e-11 
0 0 0 
0 0 0 
0 0 0 
7.926870046e-10 4.913980942e-11 5.888212222e-12 
0 0 0 
0 0 0 
0 0 0 
37498.65801 2142.497955 255.7507208 
100751.7017 6245.743142 748.4005644 
6.350584319e-10 3.647050131e-11 4.354520042e-12 
0 0 0 
0 0 0 
2087.698066 119.2813043 14.23865049 
18784.70365 1164.490842 139.5359341 
6.350584319e-10 3.647050131e-11 4.354520042e-12 
0 0 0 
6.236719513e-10 3.563369868e-11 4.253606917e-12 
567.6304931 35.18823204 4.216454651 
0 0 0 
0 0 0 
0 0 0 
9.069340786e-10 8.79976667e-11 3.555387419e-12 
0 0 0 
0 0 0 
0 0 0 
51320.95274 4529.351208 181.6336034 
478996.2845 46475.87558 1877.774145 
1.10701851e-09 9.828581807e-11 3.943230871e-12 
0 0 0 
0.002082784275 0.0001407605152 5.535325083e-06 
130158.6686 11487.20535 460.6537241 
711433.9838 69028.7553 2788.982678 
7.380123398e-10 6.552387872e-11 2.628820581e-12 
0 0 0 
992.056991 87.55438647 3.511058865 
9.069340786e-10 8.79976667e-11 3.555387419e-12 
0 0 0 
0 0 0 
0 0 0 
1.039694734e-10 9.87727486e-10 3.115666142e-11 
0 0 0 
0 0 0 
0 0 0 
147.5505846 1558.822424 43.92892561 
5939.529144 56426.52595 1779.906087 
7.752209548e-11 8.135098284e-10 2.308928303e-11 
0 0 0 
1.195414187e-05 0.0001710038225 3.498720398e-06 
15958.70124 168598.3246 4751.242441 
133873.2705 1271818.588 40117.96949 
5.512416593 57.84679903 1.641825419 
0 0 0 
1824.275401 19272.85759 543.1253196 
1157.739818 10998.72301 346.9413312 
0 0 0 
0 0 0 
0 0 0 
15.17381038 57.17701303 198.8091991 
0 0 0 
0 0 0 
0 0 0 
1217.027033 4632.201746 16737.40806 
10510.43131 39604.75666 137709.0116 
15.46365641 58.82062432 212.0258933 
0 0 0 
8.215277883e-06 3.210366722e-05 0.0001287402451 
4292.353043 16337.38999 59031.44506 
11542.54242 43493.89387 151231.8631 
2.961001892e-11 1.126305288e-10 4.059900549e-10 
0 0 0 
22.80307153 86.79217874 313.6038091 
67.00459367 252.4825623 877.9027328 
0 0 0 
$escByGroup
 5e-101 5e-101 1.096352225e-09 5e-101 5e-101 5e-101 55138.12205 81588.31459 1577.334401 5e-101 1768.697148 1179971.614 2542479.45 2.27014387e-09 5e-101 5945.28069 2.923605933e-09 5e-101 5e-101 5e-101 7.508749009e-10 5e-101 5e-101 5e-101 56219.29165 95437.32093 9.227064739e-10 5e-101 5e-101 3129.949516 17793.86114 9.227064739e-10 5e-101 9.350306702e-10 537.689514 5e-101 5e-101 5e-101 6.001027944e-10 5e-101 5e-101 5e-101 57041.53058 316943.6629 1.188637332e-09 5e-101 4989.578425 144667.0274 470743.7197 7.92424888e-10 5e-101 1102.638322 6.001027944e-10 5e-101 5e-101 5e-101 4.757363063e-10 5e-101 5e-101 5e-101 1362.853106 27177.68556 6.844687202e-10 5e-101 356.7650878 147402.7745 612568.0272 48.6709848 5e-101 16849.9461 5297.50557 5e-101 5e-101 5e-101 336.3707562 5e-101 5e-101 5e-101 44664.76963 232993.6672 548.5439149 5e-101 651.8822283 157528.9248 255873.3518 1.050359324e-09 5e-101 836.8704305 1485.347798 5e-101
$catchByGroup
0 0 1.18610991e-09 0 0 0 37246.89285 88267.8999 1100.135348 0 0.0006014542196 797094.1815 2750630.685 1.583345621e-09 0 4016.154787 3.162959759e-09 0 0 0 7.926870046e-10 0 0 0 37498.65801 100751.7017 6.350584319e-10 0 0 2087.698066 18784.70365 6.350584319e-10 0 6.236719513e-10 567.6304931 0 0 0 9.069340786e-10 0 0 0 51320.95274 478996.2845 1.10701851e-09 0 0.002082784275 130158.6686 711433.9838 7.380123398e-10 0 992.056991 9.069340786e-10 0 0 0 1.039694734e-10 0 0 0 147.5505846 5939.529144 7.752209548e-11 0 1.195414187e-05 15958.70124 133873.2705 5.512416593 0 1824.275401 1157.739818 0 0 0 15.17381038 0 0 0 1217.027033 10510.43131 15.46365641 0 8.215277883e-06 4292.353043 11542.54242 2.961001892e-11 0 22.80307153 67.00459367 0 
0 0 1.071799449e-10 0 0 0 3109.101739 7976.114669 92.28972091 0 4.029734213e-05 66535.66826 248554.0698 1.328259525e-10 0 335.23961 2.858131864e-10 0 0 0 4.913980942e-11 0 0 0 2142.497955 6245.743142 3.647050131e-11 0 0 119.2813043 1164.490842 3.647050131e-11 0 3.563369868e-11 35.18823204 0 0 0 8.79976667e-11 0 0 0 4529.351208 46475.87558 9.828581807e-11 0 0.0001407605152 11487.20535 69028.7553 6.552387872e-11 0 87.55438647 8.79976667e-11 0 0 0 9.87727486e-10 0 0 0 1558.822424 56426.52595 8.135098284e-10 0 0.0001710038225 168598.3246 1271818.588 57.84679903 0 19272.85759 10998.72301 0 0 0 57.17701303 0 0 0 4632.201746 39604.75666 58.82062432 0 3.210366722e-05 16337.38999 43493.89387 1.126305288e-10 0 86.79217874 252.4825623 0 
0 0 8.242811068e-12 0 0 0 237.7181922 613.4133239 7.058905518 0 3.034547978e-06 5087.237441 19115.36938 1.015937463e-11 0 25.63201874 2.198082951e-11 0 0 0 5.888212222e-12 0 0 0 255.7507208 748.4005644 4.354520042e-12 0 0 14.23865049 139.5359341 4.354520042e-12 0 4.253606917e-12 4.216454651 0 0 0 3.555387419e-12 0 0 0 181.6336034 1877.774145 3.943230871e-12 0 5.535325083e-06 460.6537241 2788.982678 2.628820581e-12 0 3.511058865 3.555387419e-12 0 0 0 3.115666142e-11 0 0 0 43.92892561 1779.906087 2.308928303e-11 0 3.498720398e-06 4751.242441 40117.96949 1.641825419 0 543.1253196 346.9413312 0 0 0 198.8091991 0 0 0 16737.40806 137709.0116 212.0258933 0 0.0001287402451 59031.44506 151231.8631 4.059900549e-10 0 313.6038091 877.9027328 0 
$Fmort
 0.2920894889 0.151834318 0.05407836906
#ESTIMATED_PARAMETERS
$availability
1.4851545 1.4904055 1.823068357 0.1463384521 0.05503964531 
0.1914217929 0.1306991979 0.2370202286 4.027095714 0.4137652429 
0.04047206131 0.04337187881 0.02616941697 0.23133515 4.65865 
$availabilityVector
 1.4851545 0.1914217929 0.04047206131 1.4904055 0.1306991979 0.04337187881 1.823068357 0.2370202286 0.02616941697 0.1463384521 4.027095714 0.23133515 0.05503964531 0.4137652429 4.65865
$selectivity
 7.83901421e-07 1.135970094 1.573314797 1.162956786 1.127757541
$RunSize
 0 0 2.397884891e-09 0 0 0 95731.83483 178445.7425 2776.818375 0 1768.697793 2048688.701 5560779.574 3.996474818e-09 0 10322.30711 6.394359708e-09 0 0 0 1.598589927e-09 0 0 0 96116.19834 203183.1664 1.598589927e-09 0 0 5351.167537 37882.59156 1.598589927e-09 0 1.598589927e-09 1144.724694 0 0 0 1.598589927e-09 0 0 0 113073.4681 844293.5972 2.397884891e-09 0 4989.580654 286773.5551 1253995.441 1.598589927e-09 0 2185.760758 1.598589927e-09 0 0 0 1.598589927e-09 0 0 0 3113.155041 91323.64674 1.598589927e-09 0 356.7652743 336711.0428 2058377.856 113.6720258 0 38490.20441 17800.90973 0 0 0 607.5307787 0 0 0 67251.40647 420817.8668 834.8540889 0 651.8823973 237190.1129 462141.6512 1.598589927e-09 0 1260.06949 2682.737687 0
