$ndistricts
3
$ngroups
90
$nstocks
5
$nagecomps
18
$AgeCompLabels
 0.1 0.2 0.3 0.4 0.5 1.1 1.2 1.3 1.4 1.5 2.1 2.2 2.3 2.4 3.1 3.2 3.3 3.4
$navailpar
15
$nselectpar
5
$GENdata
 -1 -1 -1
$maxGradient
6.825832091e-06
#LIKELIHOOD_VALUES_AND_PENALTIES
$totalNLL
1059.943386
$NLLcatch
0.6773740579
$NLLescape
-6.594583249
$NLLagecompCatch
404.2430707
$NLLagecompEsc
661.6175247
$NLLgenetics
0
$NLLselOne
2.465884981e-16
$NLLavailOne
1.945099676e-09
$NLLextra
3.5e-198
$sigmaCat
0.5
$sigmaEsc
0.1
#OBSERVED_AND_PREDICTED_VALUES
$predEsc
 2391127.85 194276.8804 1065525.2 341568.0051 71985.6051
$obsEsc
 2557440 193872 1023222 338654 70896
$predCatch
 1216857.973 671553.8911 82456.9916
$obsCatch
 1216858 671554 82457
$RunSize
 0 0 3.758353795e-09 0 0 19128.21519 1849819.215 64889.41235 4.100022322e-09 0 89232.44038 748139.6646 433704.9836 3.758353795e-09 0 7245.089725 1873.760288 0 0 0 6.833370536e-10 0 0 7166.64886 82492.71142 128127.0295 6.833370536e-10 0 1589.062612 26148.36455 19067.34062 6.833370536e-10 0 686.474347 6.833370536e-10 0 0 0 2.050011161e-09 0 0 11233.24014 295870.3693 358697.3938 1364.590164 0 30026.75889 605481.2952 261576.9439 1.708342634e-09 0 5680.368413 2968.419309 0 0 0 1.366674107e-09 0 0 6.833370536e-10 51672.46136 72391.77613 1.02500558e-09 0 5051.311104 434694.2124 261868.7575 6.833370536e-10 0 23354.38532 7185.125942 0 0 0 86.77548991 0 0 6.833370536e-10 16092.52853 18340.76436 67.49799458 0 9046.833692 65853.32795 17173.93156 226.6506823 0 6.833370536e-10 36.26450669 0
$SSageCompEsc
 2211 392 2668 635 505
$obsAgeCompEsc
0 0 0 0 0 0.007626995 0.6552609 0.01458429 0 0 0.03261093 0.1821982 0.1050894 0 0 0.002629185 0 0 
0 0 0 0 0 0.03652742 0.3260879 0.4576285 0 0 0.0080462 0.1004972 0.06849028 0 0 0.002722513 0 0 
0 0 0 0 0 0.01095204 0.2232255 0.2002725 0.001144675 0 0.02806833 0.380417 0.1508769 0 0 0.004258775 0.0007841621 0 
0 0 0 0 0 0 0.07335111 0.0774798 0 0 0.01459692 0.5370595 0.257572 0 0 0.03393521 0.006005442 0 
0 0 0 0 0 0 0.1312211 0.1397577 0.000426318 0 0.1255914 0.4639744 0.136339 0.002263803 0 0 0.000426318 0 
$predAgeCompEsc
0 0 1.082361858e-15 0 0 0.007879052609 0.5760166391 0.01868739048 1.395031222e-15 0 0.03675549889 0.23296379 0.1249019538 1.27877862e-15 0 0.002256054105 0.0005396210092 0 
0 0 2.465288956e-15 0 0 0.03635236622 0.3203435111 0.4622464846 2.886303117e-15 0 0.008060418076 0.1015418061 0.0687896317 2.886303117e-15 0 0.00266578221 2.465288956e-15 0 
0 0 1.213644034e-15 0 0 0.01034862748 0.1931159533 0.2123554058 0.0009941298085 0 0.02766216499 0.3952004313 0.1548583263 1.244560001e-15 0 0.003707602637 0.001757358425 0 
0 0 1.362666877e-15 0 0 1.918261698e-15 0.0654242912 0.07217951594 1.681997431e-15 0 0.01418002516 0.5503813828 0.2611009312 1.121331621e-15 0 0.02956979532 0.007164058408 0 
0 0 0.0005727923298 0 0 9.229107254e-15 0.1256482471 0.1210647057 0.0006316319019 0 0.1221859667 0.5141737178 0.1133626128 0.002120948962 0 5.335401631e-15 0.0002393767099 0 
$SSageCompCatch
 2697 2953 1838
$obsAgeCompCatch
0 0 0 0 0 5.671506e-05 0.2858848 0.1705154 0.0001370614 0 0.004291463 0.3354123 0.1981991 0 0 0.002337441 0.003165682 0 
0 0 0 0 0 0 0.1335353 0.104217 0 0 6.469142e-05 0.4146922 0.3183504 0 0 0.01880245 0.01033792 0 
0 0 0.001039765 0 0 0 0.1729667 0.1174325 0.0004977601 0 0.001194624 0.5450387 0.1587238 0.0006449343 0 0.002461147 0 0 
$predAgeCompCatch
0 0 8.043568873e-07 0 0 0.0004282275014 0.4090632845 0.1361731579 0.0002153150649 0 0.001372307603 0.2763105393 0.1720048274 1.192838661e-06 0 0.003084497698 0.001345845874 0 
0 0 1.169419304e-05 0 0 0.0001058502463 0.1585633075 0.1054812543 6.684384322e-05 0 0.0007013701316 0.4227966667 0.286534931 1.765461293e-05 0 0.01891263913 0.006807788342 0 
0 0 0.0004452092881 0 0 8.438586266e-05 0.1814906101 0.1428590323 0.0002480358966 0 0.002894089909 0.4521170016 0.2097146467 0.0007357211008 0 0.006658163088 0.002753104171 0 
$genSS
 -1 -1 -1
$obsGenComp     #GeneticFracData
0 0 0 0 0 
0 0 0 0 0 
0 0 0 0 0 
$predGenComp     #catchGenComp_pred
0 0 0 0 0 
0 0 0 0 0 
0 0 0 0 0 
#PARAMETERS_OF_INTEREST
$catchByGroup
0 0 0 
0 0 0 
9.910002156e-10 1.613727788e-10 1.791521736e-11 
0 0 0 
0 0 0 
248.6377204 35.84897349 3.906372995 
401639.8629 63795.03585 7054.888334 
17109.99686 2786.162602 309.3130636 
6.525889626e-10 1.006546657e-10 1.108068747e-11 
0 0 0 
1159.886081 167.2341804 18.22309044 
162438.9615 25801.22227 2853.27439 
114359.0401 18622.03034 2067.37297 
5.982065491e-10 9.226677692e-11 1.015729684e-11 
0 0 0 
1573.081748 249.8626649 27.63151046 
494.0718599 80.45381598 8.931788935 
0 0 0 
0 0 0 
0 0 0 
1.807260916e-10 2.0172213e-11 3.490101225e-12 
0 0 0 
0 0 0 
93.48274972 9.173374593 1.568429925 
17967.00347 1953.261275 337.1086804 
33886.49445 3782.329256 654.4007826 
1.091169035e-10 1.149927358e-11 1.978911083e-12 
0 0 0 
20.72795045 2.034014346 0.3477683086 
5695.14262 619.1406125 106.8559939 
5042.849542 562.8707739 97.38524861 
1.091169035e-10 1.149927358e-11 1.978911083e-12 
0 0 0 
149.5148694 16.25433005 2.805295853 
1.807260916e-10 2.0172213e-11 3.490101225e-12 
0 0 0 
0 0 0 
0 0 0 
6.420934605e-10 1.084254869e-10 6.323911746e-12 
0 0 0 
0 0 0 
178.9715793 26.06179666 1.483401449 
76788.33695 12581.99774 730.1198042 
112349.2668 18971.57455 1106.51625 
261.5755832 41.3584447 2.385772571 
0 0 0 
478.3959385 69.66389704 3.965172744 
157142.8116 25748.31776 1494.147203 
81929.7223 13834.85516 806.9173183 
3.274688127e-10 5.177700694e-11 2.986770026e-12 
0 0 0 
1474.247133 241.5597841 14.01745462 
929.7523168 157.0002715 9.15703392 
0 0 0 
0 0 0 
0 0 0 
4.060388135e-11 8.238058095e-10 3.68210096e-11 
0 0 0 
0 0 0 
8.803845977e-13 2.644256664e-11 7.972809796e-13 
1231.392069 26977.87135 1116.353309 
2150.759331 43636.42028 1950.383248 
1.736056885e-11 4.173949851e-10 1.573351937e-11 
0 0 0 
6.507910658 195.4666877 5.893598545 
10359.07699 226951.1502 9391.314245 
7780.119564 157849.6312 7055.28259 
1.157371257e-11 2.782633234e-10 1.048901292e-11 
0 0 0 
556.5518672 12193.17962 504.5578369 
213.4700582 4331.060684 193.5820617 
0 0 0 
0 0 0 
0 0 0 
0.9787880897 7.853280837 36.71061853 
0 0 0 
0 0 0 
3.312563663e-13 2.765202616e-12 1.587772441e-11 
145.3239499 1175.639893 5726.699587 
206.8754868 1659.860099 7759.112679 
0.4322703398 3.530798303 18.06652127 
0 0 0 
4.385568204 36.60906145 210.2083173 
594.6899966 4810.915781 23434.61597 
193.714143 1554.260399 7265.480732 
1.451515235 11.85602401 60.66534862 
0 0 0 
6.170891019e-12 4.992119787e-11 2.431728498e-10 
0.4090471546 3.281979229 15.341803 
0 0 0 
$escByGroup
 5e-101 5e-101 2.588065583e-09 5e-101 5e-101 18839.82213 1377329.428 44683.93983 3.335698006e-09 5e-101 87887.09703 557046.2064 298656.5402 3.057723172e-09 5e-101 5394.513802 1290.302824 5e-101 5e-101 5e-101 4.789486477e-10 5e-101 5e-101 7062.424305 62235.33799 89803.80501 5.607419655e-10 5e-101 1565.952879 19727.22532 13364.23505 5.607419655e-10 5e-101 517.8998517 4.789486477e-10 5e-101 5e-101 5e-101 1.293168302e-09 5e-101 5e-101 11026.72336 205769.9148 226270.0362 1059.270363 5e-101 29474.73388 421096.0186 165005.4492 1.326110044e-09 5e-101 3950.544041 1872.509687 5e-101 5e-101 5e-101 4.654434068e-10 5e-101 5e-101 6.552168214e-10 22346.84463 24654.21326 5.745165071e-10 5e-101 4843.442907 187992.6709 89183.72419 3.830110047e-10 5e-101 10100.096 2447.013139 5e-101 5e-101 5e-101 41.23280246 5e-101 5e-101 6.643628702e-10 9044.865095 8714.916097 45.46840466 5e-101 8795.630745 37013.10621 8160.476282 152.6777944 5e-101 3.840721149e-10 17.23167731 5e-101
$catchByGroup
0 0 9.910002156e-10 0 0 248.6377204 401639.8629 17109.99686 6.525889626e-10 0 1159.886081 162438.9615 114359.0401 5.982065491e-10 0 1573.081748 494.0718599 0 0 0 1.807260916e-10 0 0 93.48274972 17967.00347 33886.49445 1.091169035e-10 0 20.72795045 5695.14262 5042.849542 1.091169035e-10 0 149.5148694 1.807260916e-10 0 0 0 6.420934605e-10 0 0 178.9715793 76788.33695 112349.2668 261.5755832 0 478.3959385 157142.8116 81929.7223 3.274688127e-10 0 1474.247133 929.7523168 0 0 0 4.060388135e-11 0 0 8.803845977e-13 1231.392069 2150.759331 1.736056885e-11 0 6.507910658 10359.07699 7780.119564 1.157371257e-11 0 556.5518672 213.4700582 0 0 0 0.9787880897 0 0 3.312563663e-13 145.3239499 206.8754868 0.4322703398 0 4.385568204 594.6899966 193.714143 1.451515235 0 6.170891019e-12 0.4090471546 0 
0 0 1.613727788e-10 0 0 35.84897349 63795.03585 2786.162602 1.006546657e-10 0 167.2341804 25801.22227 18622.03034 9.226677692e-11 0 249.8626649 80.45381598 0 0 0 2.0172213e-11 0 0 9.173374593 1953.261275 3782.329256 1.149927358e-11 0 2.034014346 619.1406125 562.8707739 1.149927358e-11 0 16.25433005 2.0172213e-11 0 0 0 1.084254869e-10 0 0 26.06179666 12581.99774 18971.57455 41.3584447 0 69.66389704 25748.31776 13834.85516 5.177700694e-11 0 241.5597841 157.0002715 0 0 0 8.238058095e-10 0 0 2.644256664e-11 26977.87135 43636.42028 4.173949851e-10 0 195.4666877 226951.1502 157849.6312 2.782633234e-10 0 12193.17962 4331.060684 0 0 0 7.853280837 0 0 2.765202616e-12 1175.639893 1659.860099 3.530798303 0 36.60906145 4810.915781 1554.260399 11.85602401 0 4.992119787e-11 3.281979229 0 
0 0 1.791521736e-11 0 0 3.906372995 7054.888334 309.3130636 1.108068747e-11 0 18.22309044 2853.27439 2067.37297 1.015729684e-11 0 27.63151046 8.931788935 0 0 0 3.490101225e-12 0 0 1.568429925 337.1086804 654.4007826 1.978911083e-12 0 0.3477683086 106.8559939 97.38524861 1.978911083e-12 0 2.805295853 3.490101225e-12 0 0 0 6.323911746e-12 0 0 1.483401449 730.1198042 1106.51625 2.385772571 0 3.965172744 1494.147203 806.9173183 2.986770026e-12 0 14.01745462 9.15703392 0 0 0 3.68210096e-11 0 0 7.972809796e-13 1116.353309 1950.383248 1.573351937e-11 0 5.893598545 9391.314245 7055.28259 1.048901292e-11 0 504.5578369 193.5820617 0 0 0 36.71061853 0 0 1.587772441e-11 5726.699587 7759.112679 18.06652127 0 210.2083173 23434.61597 7265.480732 60.66534862 0 2.431728498e-10 15.341803 0 
$Fmort
 0.1350020651 0.1501757011 0.07733387547
#ESTIMATED_PARAMETERS
$availability
1.4851545 1.4904055 1.823068357 0.1463384521 0.05503964531 
0.1914217929 0.1306991979 0.2370202286 4.027095714 0.4137652429 
0.04047206131 0.04337187881 0.02616941697 0.23133515 4.65865 
$availabilityVector
 1.4851545 0.1914217929 0.04047206131 1.4904055 0.1306991979 0.04337187881 1.823068357 0.2370202286 0.02616941697 0.1463384521 4.027095714 0.23133515 0.05503964531 0.4137652429 4.65865
$selectivity
 0.06525570871 1.220858242 1.526639432 0.864655101 1.322591519
$RunSize
 0 0 3.758353795e-09 0 0 19128.21519 1849819.215 64889.41235 4.100022322e-09 0 89232.44038 748139.6646 433704.9836 3.758353795e-09 0 7245.089725 1873.760288 0 0 0 6.833370536e-10 0 0 7166.64886 82492.71142 128127.0295 6.833370536e-10 0 1589.062612 26148.36455 19067.34062 6.833370536e-10 0 686.474347 6.833370536e-10 0 0 0 2.050011161e-09 0 0 11233.24014 295870.3693 358697.3938 1364.590164 0 30026.75889 605481.2952 261576.9439 1.708342634e-09 0 5680.368413 2968.419309 0 0 0 1.366674107e-09 0 0 6.833370536e-10 51672.46136 72391.77613 1.02500558e-09 0 5051.311104 434694.2124 261868.7575 6.833370536e-10 0 23354.38532 7185.125942 0 0 0 86.77548991 0 0 6.833370536e-10 16092.52853 18340.76436 67.49799458 0 9046.833692 65853.32795 17173.93156 226.6506823 0 6.833370536e-10 36.26450669 0
