$ndistricts
3
$ngroups
90
$nstocks
5
$nagecomps
18
$AgeCompLabels
 0.1 0.2 0.3 0.4 0.5 1.1 1.2 1.3 1.4 1.5 2.1 2.2 2.3 2.4 3.1 3.2 3.3 3.4
$navailpar
15
$nselectpar
5
$GENdata
 1 1 -1
$maxGradient
0.1963119316
#LIKELIHOOD_VALUES_AND_PENALTIES
$totalNLL
865.0432664
$NLLcatch
0.6773740579
$NLLescape
-6.915083259
$NLLagecompCatch
323.1217479
$NLLagecompEsc
420.7065515
$NLLgenetics
127.4526716
$NLLselOne
4.570308602e-06
$NLLavailOne
5.768588449e-09
$NLLextra
1.735859894e-08
$sigmaCat
0.5
$sigmaEsc
0.1
#OBSERVED_AND_PREDICTED_VALUES
$predEsc
 22411040.66 759522.0353 2644158.979 1060741.996 3357809.643
$obsEsc
 22505268 759645 2644698 1060860 3335284
$predCatch
 15120456.53 2623065.426 885874.9407
$obsCatch
 15120457 2623066 885875
$RunSize
 0 6190.358117 15616.42948 0 0 34434.55205 5580027.649 1226160.991 2.031087182e-05 0 35188.33581 28141782.17 579248.7398 0 3.064151854e-06 13238.72422 2.20847115e-06 0 0 0.009428207819 72743.7887 0 0 153846.1959 0.01225963082 439974.9684 1758.150738 0 1.376001021 0.02278612248 0.2004275554 0 58566.07913 0.1311343935 78777.2144 0 0 1.52121014e-07 3.612874083e-07 0 0 4169.944286 954309.5574 1534970.746 1.595369134e-05 0 4164.239857 1449534.668 829270.2667 0 2.173157343e-08 7004.504339 1.955841609e-07 0 0 2.716446679e-08 2.835970333e-06 0 0 2186.91155 358879.6061 142303.4725 2.436652671e-05 0 50323.42311 2103877.861 528557.3267 0 5.432893357e-09 55501.46308 6892.28119 0 0 2.254650743e-07 3.789443117e-06 0 0 750.6959602 2203474.058 547054.1605 4.299591803e-05 0 58049.70454 1521896.62 61942.60706 0 5.432893357e-08 1.086578671e-08 2.444802011e-08 0
$SSageCompEsc
 2338 0 1542 1169 1761
$obsAgeCompEsc
0 0 0.0006169731 0 0 0.001584449 0.1317956 0.02404726 0 0 0.001616514 0.8232588 0.01642322 0 0 0.0006571202 0 0 
0 0 0 0 0 0 0.6011158 0.250188 0 0 0 0.1026919 0.0460043 0 0 0 0 0 
0 0 0 0 0 0.001450061 0.2066945 0.2965166 0 0 0.001448874 0.3228744 0.1692974 0 0 0.001718112 0 0 
0 0 0 0 0 0.001632298 0.110062 0.02546212 0 0 0.03859722 0.667495 0.1419087 0 0 0.01415131 0.0006914486 0 
0 0 0 0 0 0.0002439406 0.44604 0.1320719 0 0 0.01683112 0.3947516 0.01006148 0 0 0 0 0 
$predAgeCompEsc
0 0.0001742953141 0.0004042109593 0 0 0.001409084512 0.1571108897 0.03173758194 -2.016043831e-13 0 0.001439929839 0.7923581591 0.01499309999 0 1.253871086e-13 0.0003727486444 5.716340236e-14 0 
0 1.166517523e-08 0.08898723927 0 0 0.2002077035 1.516839091e-08 0.5382199428 1.562700994e-09 0 1.79065854e-06 2.819243239e-08 2.451823743e-07 0 0.07621495053 1.622477684e-07 0.09636790923 0 
0 3.335065362e-14 7.16089993e-14 0 0 0.001424280863 0.2092205847 0.304238998 -1.858283507e-12 0 0.001422332466 0.3177925742 0.1643655787 0 7.422608564e-15 0.001535651071 3.876577406e-14 0 
0 8.540635622e-15 7.00154662e-13 0 0 0.001704266297 0.1128334295 0.03513239844 -2.067377966e-11 0 0.03921718461 0.6614690561 0.1304921537 0 4.233869013e-15 0.01744992001 0.001701591428 0 
0 5.150820734e-14 8.228676055e-13 0 0 0.0002130183931 0.5033905981 0.118791372 -1.036115007e-11 0 0.01647225433 0.3476820829 0.0134506742 0 1.541644386e-14 2.482323245e-15 5.308823261e-15 0 
$SSageCompCatch
 3826 2065 1757
$obsAgeCompCatch
0 0.0003521666 0.0002320251 0 0 0 0.18597 0.09655617 0.0002776032 0 0 0.6784749 0.03810543 0 0 3.165864e-05 0 0 
0 0 0.001301816 0 0 0.000768962 0.1499724 0.08683462 0 0 0.003998241 0.608679 0.1274692 0 0.0001944345 0.01626518 0.004516205 0 
0 0 0.0003063725 0 0 0 0.5200144 0.1185701 0.0002661418 0 0.002212431 0.3283674 0.02969562 0 0 0.0005675222 0 0 
$predAgeCompCatch
0 0.0001465794064 0.0005877863463 0 0 0.000269516834 0.1600644985 0.08133540664 5.636254769e-05 0 0.0002547795739 0.7134396005 0.04291332004 0 2.206734136e-05 0.0006997605797 0.0002103217125 0 
0 2.188672459e-05 0.001006326102 0 0 0.0004904624729 0.1481046117 0.06892516298 0.0003190843981 0 0.003323404587 0.6191112653 0.1429735362 0 0.0001240121814 0.01283838481 0.002761862482 0 
0 1.180918495e-05 0.0002104176732 0 0 0.0001086690043 0.4557601596 0.1345302718 7.782477271e-05 0 0.002499923611 0.3822506015 0.02361283517 0 2.278475187e-05 0.0006366849156 0.0002780180629 0 
$genSS
 300 281 -1
$obsGenComp     #GeneticFracData
0.8561158468 0.001540515559 0.1276573893 0.01263222759 0.002054020746 
0.1272081218 0.005989847716 0.02771573604 0.7607106599 0.07837563452 
0 0 0 0 0 
$predGenComp     #catchGenComp_pred
0.8483366489 0.001497844566 0.1359395186 0.01191995096 0.002306036991 
0.1269272006 0.008422645476 0.02977959244 0.7531411045 0.08172945695 
0 0 0 0 0 
#PARAMETERS_OF_INTEREST
$catchByGroup
0 0 0 
2216.347264 57.41003841 10.46144391 
6355.915944 170.6142286 31.11106701 
0 0 0 
0 0 0 
2783.466332 60.96111283 11.07432082 
1997829.331 51749.76885 9430.011178 
499049.8116 13396.18072 2442.759198 
2.030972468e-05 3.775116494e-06 7.441946668e-07 
0 0 0 
2844.397333 62.29557181 11.31674138 
10075662.95 260989.8757 47558.42392 
235755.3181 6328.468168 1153.97994 
0 0 0 
2.476862051e-07 5.424612657e-09 9.85446264e-10 
4739.888979 122.777334 22.37288509 
8.988518795e-07 2.412821714e-08 4.399718515e-09 
0 0 0 
0 0 0 
0.000279049293 0.000272127039 1.707385571e-05 
2531.681957 2469.044974 155.292676 
0 0 0 
0 0 0 
876.5072829 854.5039647 53.02214976 
0.0003628517083 0.0003538506043 2.220137397e-05 
15312.32713 14933.48098 939.2539409 
852.2273922 836.9791915 68.94296769 
0 0 0 
0.007839484817 0.007642687047 0.00047423033 
0.0006744072141 0.0006576774886 4.126414848e-05 
0.006975424773 0.006802844027 0.0004278706399 
0 0 0 
333.6682757 325.2920655 20.18444071 
0.003881221172 0.003784941411 0.0002374756429 
2741.661603 2673.829461 168.1727698 
0 0 0 
0 0 0 
6.148347982e-08 2.286826444e-09 1.662775268e-10 
1.650813841e-07 6.394883495e-09 4.655621875e-10 
0 0 0 
0 0 0 
391.057527 11.99453199 0.8671941125 
385707.8708 14346.08062 1043.118428 
701367.0823 27169.39164 1977.994035 
1.595351764e-05 4.533311817e-06 3.804589082e-07 
0 0 0 
390.5225655 11.97812363 0.8660078025 
585865.3788 21790.7712 1584.429614 
378914.6268 14678.30492 1068.614268 
0 0 0 
2.037987748e-09 6.25092411e-11 4.519363148e-12 
2831.044113 105.2983104 7.656349554 
8.936736585e-08 3.461891817e-09 2.520336654e-10 
0 0 0 
0 0 0 
1.473088956e-09 1.637061068e-08 2.613562671e-10 
1.804292792e-07 1.880714979e-06 3.214262038e-08 
0 0 0 
0 0 0 
23.06527845 352.0423535 4.017083418 
19461.51156 216278.065 3452.872274 
9053.590117 94370.61778 1612.854141 
1.724777563e-05 2.436652667e-05 4.681770709e-06 
0 0 0 
530.7593564 8100.911217 92.43784392 
114090.1924 1267897.716 20241.94579 
33627.72043 350520.4798 5990.618909 
0 0 0 
5.73005333e-11 8.745706079e-10 9.979546643e-12 
3009.762458 33447.84389 533.9937398 
438.4987082 4570.716528 78.11646521 
0 0 0 
0 0 0 
1.765020793e-09 1.085787215e-08 3.988742607e-08 
3.495134488e-08 2.142211624e-07 7.772378287e-07 
0 0 0 
0 0 0 
1.121153351 7.013192738 27.28639961 
17249.57863 106114.1717 389820.5025 
5045.669783 30925.54092 112204.1352 
6.846663801e-06 2.852937911e-05 4.241064474e-05 
0 0 0 
86.69637807 542.3151155 2109.998614 
11913.94804 73290.99187 269241.4296 
571.3180948 3501.680031 12704.80541 
0 0 0 
8.113946147e-11 5.07554726e-10 1.974755521e-09 
8.506124304e-11 5.232709471e-10 1.922285594e-09 
2.254925476e-10 1.382072016e-09 5.014437605e-09 
0 0 0 
$escByGroup
 5e-101 3906.13937 9058.788244 5e-101 5e-101 31579.05028 3521018.538 711272.2393 2.213288393e-195 5e-101 32270.32617 17757570.92 336010.9735 5e-101 2.81005559e-06 8353.685025 1.281091335e-06 5e-101 5e-101 0.008859957631 67587.76909 5e-101 5e-101 152062.1625 0.01152072713 408789.9064 0.00118690584 5e-101 1.360044619 0.02141277363 0.186221416 5e-101 57886.93435 0.1232307553 73193.55056 5e-101 5e-101 8.818443022e-08 1.893455784e-07 5e-101 5e-101 3766.025033 553212.4876 804456.2782 2.035168932e-195 5e-101 3760.87316 840294.0883 434608.7207 5e-101 1.962655708e-08 4060.505566 1.025028695e-07 5e-101 5e-101 9.05941088e-09 7.42683454e-07 5e-101 5e-101 1807.786835 119687.1573 37266.41046 4.56005786e-196 5e-101 41599.31469 701648.0071 138418.5076 5e-101 4.49104267e-09 18509.86299 1804.949488 5e-101 5e-101 1.729547553e-07 2.763032781e-06 5e-101 5e-101 715.2752145 1690289.805 398878.8146 2.874325607e-196 5e-101 55310.69444 1167450.251 45164.80352 5e-101 5.176548387e-08 8.335168931e-09 1.782601794e-08 5e-101
$catchByGroup
0 2216.347264 6355.915944 0 0 2783.466332 1997829.331 499049.8116 2.030972468e-05 0 2844.397333 10075662.95 235755.3181 0 2.476862051e-07 4739.888979 8.988518795e-07 0 0 0.000279049293 2531.681957 0 0 876.5072829 0.0003628517083 15312.32713 852.2273922 0 0.007839484817 0.0006744072141 0.006975424773 0 333.6682757 0.003881221172 2741.661603 0 0 6.148347982e-08 1.650813841e-07 0 0 391.057527 385707.8708 701367.0823 1.595351764e-05 0 390.5225655 585865.3788 378914.6268 0 2.037987748e-09 2831.044113 8.936736585e-08 0 0 1.473088956e-09 1.804292792e-07 0 0 23.06527845 19461.51156 9053.590117 1.724777563e-05 0 530.7593564 114090.1924 33627.72043 0 5.73005333e-11 3009.762458 438.4987082 0 0 1.765020793e-09 3.495134488e-08 0 0 1.121153351 17249.57863 5045.669783 6.846663801e-06 0 86.69637807 11913.94804 571.3180948 0 8.113946147e-11 8.506124304e-11 2.254925476e-10 0 
0 57.41003841 170.6142286 0 0 60.96111283 51749.76885 13396.18072 3.775116494e-06 0 62.29557181 260989.8757 6328.468168 0 5.424612657e-09 122.777334 2.412821714e-08 0 0 0.000272127039 2469.044974 0 0 854.5039647 0.0003538506043 14933.48098 836.9791915 0 0.007642687047 0.0006576774886 0.006802844027 0 325.2920655 0.003784941411 2673.829461 0 0 2.286826444e-09 6.394883495e-09 0 0 11.99453199 14346.08062 27169.39164 4.533311817e-06 0 11.97812363 21790.7712 14678.30492 0 6.25092411e-11 105.2983104 3.461891817e-09 0 0 1.637061068e-08 1.880714979e-06 0 0 352.0423535 216278.065 94370.61778 2.436652667e-05 0 8100.911217 1267897.716 350520.4798 0 8.745706079e-10 33447.84389 4570.716528 0 0 1.085787215e-08 2.142211624e-07 0 0 7.013192738 106114.1717 30925.54092 2.852937911e-05 0 542.3151155 73290.99187 3501.680031 0 5.07554726e-10 5.232709471e-10 1.382072016e-09 0 
0 10.46144391 31.11106701 0 0 11.07432082 9430.011178 2442.759198 7.441946668e-07 0 11.31674138 47558.42392 1153.97994 0 9.85446264e-10 22.37288509 4.399718515e-09 0 0 1.707385571e-05 155.292676 0 0 53.02214976 2.220137397e-05 939.2539409 68.94296769 0 0.00047423033 4.126414848e-05 0.0004278706399 0 20.18444071 0.0002374756429 168.1727698 0 0 1.662775268e-10 4.655621875e-10 0 0 0.8671941125 1043.118428 1977.994035 3.804589082e-07 0 0.8660078025 1584.429614 1068.614268 0 4.519363148e-12 7.656349554 2.520336654e-10 0 0 2.613562671e-10 3.214262038e-08 0 0 4.017083418 3452.872274 1612.854141 4.681770709e-06 0 92.43784392 20241.94579 5990.618909 0 9.979546643e-12 533.9937398 78.11646521 0 0 3.988742607e-08 7.772378287e-07 0 0 27.28639961 389820.5025 112204.1352 4.241064474e-05 0 2109.998614 269241.4296 12704.80541 0 1.974755521e-09 1.922285594e-09 5.014437605e-09 0 
$Fmort
 2.549566457 2.480326308 0.5051279891
#ESTIMATED_PARAMETERS
$availability
2.101182661 0.1424317397 2.454799572 0.2643174097 0.03725832799 
0.04540446768 0.1427222376 0.07381316748 4.497538263 0.2405158555 
0.04047206131 0.04337187881 0.02616941697 0.23133515 4.65865 
$availabilityVector
 2.101182661 0.04540446768 0.04047206131 0.1424317397 0.1427222376 0.04337187881 2.454799572 0.07381316748 0.02616941697 0.2643174097 4.497538263 0.23133515 0.03725832799 0.2405158555 4.65865
$selectivity
 0.01573387699 0.08273443918 0.0975459774 1.825920057 2.978403669
$RunSize
 0 6190.358117 15616.42948 0 0 34434.55205 5580027.649 1226160.991 2.031087182e-05 0 35188.33581 28141782.17 579248.7398 0 3.064151854e-06 13238.72422 2.20847115e-06 0 0 0.009428207819 72743.7887 0 0 153846.1959 0.01225963082 439974.9684 1758.150738 0 1.376001021 0.02278612248 0.2004275554 0 58566.07913 0.1311343935 78777.2144 0 0 1.52121014e-07 3.612874083e-07 0 0 4169.944286 954309.5574 1534970.746 1.595369134e-05 0 4164.239857 1449534.668 829270.2667 0 2.173157343e-08 7004.504339 1.955841609e-07 0 0 2.716446679e-08 2.835970333e-06 0 0 2186.91155 358879.6061 142303.4725 2.436652671e-05 0 50323.42311 2103877.861 528557.3267 0 5.432893357e-09 55501.46308 6892.28119 0 0 2.254650743e-07 3.789443117e-06 0 0 750.6959602 2203474.058 547054.1605 4.299591803e-05 0 58049.70454 1521896.62 61942.60706 0 5.432893357e-08 1.086578671e-08 2.444802011e-08 0
