$ndistricts
3
$ngroups
90
$nstocks
5
$nagecomps
18
$AgeCompLabels
 0.1 0.2 0.3 0.4 0.5 1.1 1.2 1.3 1.4 1.5 2.1 2.2 2.3 2.4 3.1 3.2 3.3 3.4
$navailpar
15
$nselectpar
5
$GENdata
 1 1 1
$maxGradient
1.347985881e-06
#LIKELIHOOD_VALUES_AND_PENALTIES
$totalNLL
1018.255289
$NLLcatch
0.6773740579
$NLLescape
-6.91705087
$NLLagecompCatch
370.6841017
$NLLagecompEsc
485.4644546
$NLLgenetics
168.3464096
$NLLselOne
3.157122388e-18
$NLLavailOne
4.328482515e-16
$NLLextra
3.4e-198
$sigmaCat
0.5
$sigmaEsc
0.1
#OBSERVED_AND_PREDICTED_VALUES
$predEsc
 7212181.737 300984.5241 1849917.903 1099230.243 1003218.86
$obsEsc
 7211046 300976.5 1849938 1095192 1006407
$predCatch
 8095014.291 7537270.802 6468859.453
$obsCatch
 8095015 7537273 6468862
$RunSize
 0 0 4965.592641 0 0 3.72643133e-09 704805.9097 1310524.623 3.72643133e-09 0 3.72643133e-09 7840527.807 3467279.535 3.72643133e-09 0 3.72643133e-09 1847.042863 0 0 0 3.72643133e-09 0 0 8.384470493e-08 161948.4965 344048.837 13013.10889 0 3.931385053e-07 250575.9596 9.968203808e-07 15183.1967 0 5.589646995e-09 3.72643133e-09 0 0 0 3.72643133e-09 0 0 4810.400327 730405.872 1545303.456 4766.758702 0 5533.562089 1271529.976 439082.1838 3.72643133e-09 0 5733.699753 3.72643133e-09 0 0 0 3.72643133e-09 0 0 1670.356134 563505.4236 2326090.512 3.72643133e-09 0 42876.28686 3851620.62 1116665.319 3.72643133e-09 345.5886316 3.72643133e-09 8157.893512 0 0 0 4671.566507 0 0 4367.47193 1653439.366 2057752.378 21948.14237 0 6271.765119 3169019.075 616390.032 3.72643133e-09 0 3.72643133e-09 3.72643133e-09 0
$SSageCompEsc
 2940 0 2592 2962 4884
$obsAgeCompEsc
0 0 0.0005711196 0 0 0 0.05344252 0.08768854 0 0 0 0.6169078 0.2411662 0 0 0 0.0002238428 0 
0 0 0 0 0 0 0.6011158 0.250188 0 0 0 0.1026919 0.0460043 0 0 0 0 0 
0 0 0 0 0 0.002348295 0.193508 0.3518765 0.001743475 0 0.002707831 0.3439886 0.1019782 0 0 0.001849205 0 0 
0 0 0 0 0 0.001244543 0.09784988 0.2150997 0 0 0.03031544 0.5698571 0.08471024 0 0.0002578401 0 0.0006652836 0 
0 0 0 0 0 0.003467336 0.2940635 0.1718317 0.007561871 0 0.004975446 0.4531827 0.06491743 0 0 0 0 0 
$predAgeCompEsc
0 0 0.0003402998382 0 0 4.759266171e-16 0.05543399295 0.08981230425 3.737306732e-16 0 4.759266171e-16 0.6166687271 0.2376180951 3.737306732e-16 0 2.930891544e-16 0.0001265807393 0 
0 0 3.986693261e-15 0 0 2.486604786e-13 0.225057589 0.3680779433 0.02706459037 0 1.165941355e-12 0.3482219505 1.066440447e-12 0.03157792673 0 7.767855234e-15 3.986693261e-15 0 
0 0 8.522899375e-16 0 0 0.002341750938 0.1962342344 0.3534337464 0.001716295881 0 0.002693793308 0.3416151497 0.1004245869 1.341720684e-15 0 0.001540442409 8.522899375e-16 0 
0 0 3.157897559e-16 0 0 0.001194796869 0.08620778255 0.1971203787 1.293107851e-15 0 0.03066918019 0.5892395333 0.09462980457 1.293107851e-15 0.0002471977121 5.700874709e-16 0.0006913260899 0 
0 0 0.0004308443484 0 0 0.003317687794 0.2527898331 0.1897802334 0.007566689998 0 0.00476425697 0.4845026793 0.056847775 1.284698732e-15 0 5.697239181e-16 3.436774101e-16 0 
$SSageCompCatch
 8505 1697 3212
$obsAgeCompCatch
0 0 7.515641e-05 0 0 5.595775e-05 0.0965835 0.222268 0.0005415748 0 8.842026e-05 0.465735 0.2145965 0 0 5.595775e-05 0 0 
0 0 0 0 0 0 0.05827233 0.268891 0.0002999746 0 0.001645416 0.4964646 0.1726855 0.0007205703 0 0 0.001020545 0 
0 0 0.001089988 0 0 0 0.1704023 0.3027538 0.002146972 0 0 0.443921 0.07968596 0 0 0 0 0 
$predAgeCompCatch
0 0 0.0002662680632 0 0 5.879393889e-05 0.08815700281 0.2140875223 0.0006318904913 0 0.0001113367102 0.4729286454 0.2227463642 0.0005101678896 3.678755368e-07 0.0003375272228 0.0001641130633 0 
0 0 6.213863868e-05 0 0 4.943711047e-05 0.07343227527 0.2910977526 0.0002167585022 0 0.001166804231 0.4730912826 0.1597358789 0.0002009005042 9.36143695e-06 1.76656959e-05 0.0009197444873 0 
0 0 0.0006379523624 0 0 0.0001585903872 0.2114858268 0.2840024649 0.002174572587 0 0.0002334944898 0.4129048916 0.088382916 5.359768384e-06 5.005323919e-08 2.870511421e-06 1.101054546e-05 0 
$genSS
 285 194 296
$obsGenComp     #GeneticFracData
0.6490611507 0.04167085049 0.2461090471 0.05894166081 0.004217290893 
0.1076102275 0.01862291121 0.01419367828 0.8374270183 0.02214616469 
0.01115017579 0.0005022601708 0.002209944751 0.008036162732 0.9781014566 
$predGenComp     #catchGenComp_pred
0.6432239703 0.04246996985 0.2520446182 0.05773846096 0.004522980767 
0.1112026893 0.01813953979 0.01361444788 0.8348220563 0.0222212668 
0.01123795607 0.0005051026726 0.00221483227 0.008042867605 0.9779992414 
#PARAMETERS_OF_INTEREST
$catchByGroup
0 0 0 
0 0 0 
2129.758029 350.9815839 30.54875039 
0 0 0 
0 0 0 
2.564320639e-10 3.460442283e-11 2.92558757e-12 
260200.5758 41237.17006 3568.132284 
562088.0605 92631.4422 8062.459502 
8.892414718e-10 1.306013299e-10 1.117499287e-11 
0 0 0 
2.564320639e-10 3.460442283e-11 2.92558757e-12 
2894569.728 458737.8937 39693.25457 
1487126.907 245076.7412 21331.00008 
8.892414718e-10 1.306013299e-10 1.117499287e-11 
0 0 0 
1.375725664e-09 2.180280845e-10 1.886533548e-11 
792.2023919 130.5540096 11.36316558 
0 0 0 
0 0 0 
0 0 0 
1.785496888e-09 7.235377827e-10 1.746368584e-11 
0 0 0 
0 0 0 
6.679399691e-09 2.272237957e-09 5.011146069e-11 
67239.67394 26345.50061 624.4706574 
164848.9059 66801.80328 1612.363215 
3539.554353 1297.815604 29.71608444 
0 0 0 
3.1318963e-08 1.065427131e-08 2.349670712e-10 
104037.0623 40763.26263 966.2166529 
4.776204175e-07 1.935463569e-07 4.671535961e-09 
4129.816357 1514.241504 34.67158837 
0 0 0 
2.32077512e-09 9.093140811e-10 2.155358406e-11 
1.785496888e-09 7.235377827e-10 1.746368584e-11 
0 0 0 
0 0 0 
0 0 0 
2.030143503e-09 1.04953044e-10 1.466836975e-11 
0 0 0 
0 0 0 
458.4806115 17.45868363 2.414048121 
348061.2973 16961.88749 2365.463785 
841874.5691 43522.68625 6082.785502 
1516.793485 65.81769677 9.141042758 
0 0 0 
527.4053629 20.08329937 2.776959142 
605923.8977 29528.16948 4117.927065 
239210.0548 12366.52649 1728.361334 
1.185758944e-09 5.145322905e-11 7.146044148e-12 
0 0 0 
2732.287692 133.1511339 18.56893494 
2.030143503e-09 1.04953044e-10 1.466836975e-11 
0 0 0 
0 0 0 
0 0 0 
2.449734401e-10 3.10698774e-09 2.734449962e-11 
0 0 0 
0 0 0 
14.39355784 341.0407419 1.564982668 
30649.95979 434690.1994 3403.062647 
152915.8447 1939425.166 17068.81879 
1.213051509e-10 2.170369716e-09 1.333320675e-11 
0 0 0 
369.4675059 8754.157499 40.1714607 
209495.7957 2971154.607 23260.30188 
73408.93214 931042.3698 8194.074086 
1.213051509e-10 2.170369716e-09 1.333320675e-11 
2.977957728 70.55968539 0.3237873695 
2.026865504e-10 2.874583119e-09 2.25042719e-11 
536.2952005 6801.80926 59.86250551 
0 0 0 
0 0 0 
0 0 0 
25.68574827 117.3741631 4096.27542 
0 0 0 
0 0 0 
3.063606211 14.12146374 1021.919895 
7480.690731 34244.18672 1358110.961 
11314.17256 51701.49304 1804345.603 
58.81471972 270.1342294 14028.14731 
0 0 0 
4.399391429 20.27866581 1467.494618 
14337.66009 65633.17842 2602986.011 
3389.107096 15486.93871 540483.2262 
9.985766018e-12 4.586432139e-11 2.381747246e-09 
0 0 0 
1.685957216e-11 7.717767756e-11 3.060836301e-09 
2.048909653e-11 9.362742845e-11 3.267531146e-09 
0 0 0 
$escByGroup
 5e-101 5e-101 2454.304278 5e-101 5e-101 3.432469256e-09 399800.0315 647742.6604 2.695413536e-09 5e-101 3.432469256e-09 4447526.931 1713744.886 2.695413536e-09 5e-101 2.113812247e-09 912.9232961 5e-101 5e-101 5e-101 1.199932974e-09 5e-101 5e-101 7.484295582e-08 67738.85133 110785.7646 8146.022852 5e-101 3.50930304e-07 104809.4181 3.209820705e-07 9504.467247 5e-101 2.338004211e-09 1.199932974e-09 5e-101 5e-101 5e-101 1.576666414e-09 5e-101 5e-101 4332.046984 363017.2235 653823.4151 3175.006478 5e-101 4983.296468 631959.9814 185777.2412 2.482073113e-09 5e-101 2849.691992 1.576666414e-09 5e-101 5e-101 5e-101 3.471256501e-10 5e-101 5e-101 1313.356852 94762.20175 216680.6817 1.421423257e-09 5e-101 33712.49039 647709.9154 104019.9431 1.421423257e-09 271.7272012 6.266573891e-10 759.9265457 5e-101 5e-101 5e-101 432.2311759 5e-101 5e-101 3328.366966 253603.5281 190391.1094 7591.046112 5e-101 4779.592445 486062.2255 57030.76001 1.288833997e-09 5e-101 5.715577794e-10 3.447836595e-10 5e-101
$catchByGroup
0 0 2129.758029 0 0 2.564320639e-10 260200.5758 562088.0605 8.892414718e-10 0 2.564320639e-10 2894569.728 1487126.907 8.892414718e-10 0 1.375725664e-09 792.2023919 0 0 0 1.785496888e-09 0 0 6.679399691e-09 67239.67394 164848.9059 3539.554353 0 3.1318963e-08 104037.0623 4.776204175e-07 4129.816357 0 2.32077512e-09 1.785496888e-09 0 0 0 2.030143503e-09 0 0 458.4806115 348061.2973 841874.5691 1516.793485 0 527.4053629 605923.8977 239210.0548 1.185758944e-09 0 2732.287692 2.030143503e-09 0 0 0 2.449734401e-10 0 0 14.39355784 30649.95979 152915.8447 1.213051509e-10 0 369.4675059 209495.7957 73408.93214 1.213051509e-10 2.977957728 2.026865504e-10 536.2952005 0 0 0 25.68574827 0 0 3.063606211 7480.690731 11314.17256 58.81471972 0 4.399391429 14337.66009 3389.107096 9.985766018e-12 0 1.685957216e-11 2.048909653e-11 0 
0 0 350.9815839 0 0 3.460442283e-11 41237.17006 92631.4422 1.306013299e-10 0 3.460442283e-11 458737.8937 245076.7412 1.306013299e-10 0 2.180280845e-10 130.5540096 0 0 0 7.235377827e-10 0 0 2.272237957e-09 26345.50061 66801.80328 1297.815604 0 1.065427131e-08 40763.26263 1.935463569e-07 1514.241504 0 9.093140811e-10 7.235377827e-10 0 0 0 1.04953044e-10 0 0 17.45868363 16961.88749 43522.68625 65.81769677 0 20.08329937 29528.16948 12366.52649 5.145322905e-11 0 133.1511339 1.04953044e-10 0 0 0 3.10698774e-09 0 0 341.0407419 434690.1994 1939425.166 2.170369716e-09 0 8754.157499 2971154.607 931042.3698 2.170369716e-09 70.55968539 2.874583119e-09 6801.80926 0 0 0 117.3741631 0 0 14.12146374 34244.18672 51701.49304 270.1342294 0 20.27866581 65633.17842 15486.93871 4.586432139e-11 0 7.717767756e-11 9.362742845e-11 0 
0 0 30.54875039 0 0 2.92558757e-12 3568.132284 8062.459502 1.117499287e-11 0 2.92558757e-12 39693.25457 21331.00008 1.117499287e-11 0 1.886533548e-11 11.36316558 0 0 0 1.746368584e-11 0 0 5.011146069e-11 624.4706574 1612.363215 29.71608444 0 2.349670712e-10 966.2166529 4.671535961e-09 34.67158837 0 2.155358406e-11 1.746368584e-11 0 0 0 1.466836975e-11 0 0 2.414048121 2365.463785 6082.785502 9.141042758 0 2.776959142 4117.927065 1728.361334 7.146044148e-12 0 18.56893494 1.466836975e-11 0 0 0 2.734449962e-11 0 0 1.564982668 3403.062647 17068.81879 1.333320675e-11 0 40.1714607 23260.30188 8194.074086 1.333320675e-11 0.3237873695 2.25042719e-11 59.86250551 0 0 0 4096.27542 0 0 1021.919895 1358110.961 1804345.603 14028.14731 0 1467.494618 2602986.011 540483.2262 2.381747246e-09 0 3.060836301e-09 3.267531146e-09 0 
$Fmort
 0.2490348337 0.2567929188 0.254266752
#ESTIMATED_PARAMETERS
$availability
1.351173072 1.573279038 1.89823633 0.1640132336 0.0132983289 
0.1714674736 0.5049512748 0.06682493053 4.197235134 0.05952118778 
0.01457816713 0.01109695041 0.009317214792 0.01739868371 4.947608986 
$availabilityVector
 1.351173072 0.1714674736 0.01457816713 1.573279038 0.5049512748 0.01109695041 1.89823633 0.06682493053 0.009317214792 0.1640132336 4.197235134 0.01739868371 0.0132983289 0.05952118778 4.947608986
$selectivity
 0.211883928 1.369243096 1.664827367 0.8102399225 0.9438056855
$RunSize
 0 0 4965.592641 0 0 3.72643133e-09 704805.9097 1310524.623 3.72643133e-09 0 3.72643133e-09 7840527.807 3467279.535 3.72643133e-09 0 3.72643133e-09 1847.042863 0 0 0 3.72643133e-09 0 0 8.384470493e-08 161948.4965 344048.837 13013.10889 0 3.931385053e-07 250575.9596 9.968203808e-07 15183.1967 0 5.589646995e-09 3.72643133e-09 0 0 0 3.72643133e-09 0 0 4810.400327 730405.872 1545303.456 4766.758702 0 5533.562089 1271529.976 439082.1838 3.72643133e-09 0 5733.699753 3.72643133e-09 0 0 0 3.72643133e-09 0 0 1670.356134 563505.4236 2326090.512 3.72643133e-09 0 42876.28686 3851620.62 1116665.319 3.72643133e-09 345.5886316 3.72643133e-09 8157.893512 0 0 0 4671.566507 0 0 4367.47193 1653439.366 2057752.378 21948.14237 0 6271.765119 3169019.075 616390.032 3.72643133e-09 0 3.72643133e-09 3.72643133e-09 0
