$ndistricts
3
$ngroups
90
$nstocks
5
$nagecomps
18
$AgeCompLabels
 0.1 0.2 0.3 0.4 0.5 1.1 1.2 1.3 1.4 1.5 2.1 2.2 2.3 2.4 3.1 3.2 3.3 3.4
$navailpar
15
$nselectpar
5
$GENdata
 1 1 1
$maxGradient
1.135178526e-06
#LIKELIHOOD_VALUES_AND_PENALTIES
$totalNLL
1121.072958
$NLLcatch
0.6773740579
$NLLescape
-6.917785231
$NLLagecompCatch
351.1025199
$NLLagecompEsc
472.6330923
$NLLgenetics
303.577757
$NLLselOne
7.426486615e-18
$NLLavailOne
2.01097641e-16
$NLLextra
4.3e-198
$sigmaCat
0.5
$sigmaEsc
0.1
#OBSERVED_AND_PREDICTED_VALUES
$predEsc
 6194933.062 1181658.176 1623315.436 1728440.714 1666464.979
$obsEsc
 6196914 1182180 1625364 1728397 1662042
$predCatch
 8667581.538 7388079.045 2256006.731
$obsCatch
 8667582 7388080 2256007
$RunSize
 0 0 0 0 0 0 7222459.788 996651.1274 4555.883434 0 3.409113658e-09 3668914.492 448003.2619 1.19318978e-08 0 3.409113658e-09 3.409113658e-09 0 0 0 0 0 0 0 1862984.593 638289.6387 3.409113658e-09 0 3.409113658e-09 3.409113658e-09 287476.8661 3.409113658e-09 0 3.409113658e-09 3.409113658e-09 0 0 0 0 0 0 1253.097207 2228129.544 699583.9394 21752.76072 0 454.0871568 660109.8869 686842.0361 3.409113658e-09 0 3.409113658e-09 3.409113658e-09 0 0 0 0 0 0 349.0848732 1439433.797 475468.6382 3.409113658e-09 0 2923.651182 3664004.813 629165.6638 9063.450212 0 1173.898731 18580.74276 0 0 0 0 0 0 0 3668579.505 503303.2377 28304.04044 0 3.409113658e-09 574971.1025 235872.9437 26527.30517 0 3.409113658e-09 1296.802974 0
$SSageCompEsc
 2380 104 1890 1477 1411
$obsAgeCompEsc
0 0 0 0 0 0 0.6151319 0.06944463 0.0003572828 0 0 0.286128 0.02893819 0 0 0 0 0 
0 0 0 0 0 0 0.7141312 0.1981392 0 0 0 0 0.08772961 0 0 0 0 0 
0 0 0 0 0 0.0007036824 0.5698435 0.1341479 0.004551698 0 0.0002537059 0.1628766 0.1276229 0 0 0 0 0 
0 0 0 0 0 0.0001783769 0.2637929 0.05944437 0 0 0.001397943 0.5983668 0.07286521 0.001221017 0 0 0.00273333 0 
0 0 0 0 0 0 0.7882782 0.08076043 0.002577995 0 0 0.09105915 0.03146647 0.005857744 0 0 0 0 
$predAgeCompEsc
0 0 0 0 0 0 0.5961661241 0.06944437186 0.0003291182995 0 5.006185396e-16 0.3028445428 0.03121584299 8.619636502e-16 0 2.813997081e-16 2.375392452e-16 0 
0 0 0 0 0 0 0.7112921528 0.1990558381 1.110184571e-15 0 2.577516352e-15 1.301608076e-15 0.08965200912 1.110184571e-15 0 1.301608076e-15 1.063159944e-15 0 
0 0 0 0 0 0.0006876192724 0.5612640152 0.1347628179 0.004446922256 0 0.0002491738698 0.1662811422 0.1323083093 6.969259485e-16 0 8.587529505e-16 6.567071328e-16 0 
0 0 0 0 0 0.0001698327217 0.2429485406 0.05743054727 4.431019371e-16 0 0.001422380847 0.6184130345 0.07599518768 0.001178028294 0 0.0001981313653 0.002244316743 0 
0 0 0 0 0 0 0.766079946 0.0715887127 0.00440333762 0 1.805757114e-15 0.12006659 0.03355003333 0.004126926014 0 7.118977805e-16 0.0001844543182 0 
$SSageCompCatch
 3225 3626 2498
$obsAgeCompCatch
0 0 0 0 0 0 0.5545474 0.1334832 0.001444794 0 0 0.2232731 0.08641157 0.0008400486 0 0 0 0 
0 0 0 0 0 0 0.350122 0.11226 0.001633871 0 0 0.421635 0.1112728 0.001627594 0 0.0003309494 0.001117856 0 
0 0 0 0 0 0 0.6129628 0.09526089 0.006911138 0 9.728573e-05 0.2197842 0.06105942 0.00268373 0 0 0.001240535 0 
$predAgeCompCatch
0 0 0 0 0 1.078341247e-05 0.5712362127 0.1349668946 0.001792665673 0 5.365933873e-06 0.2098951814 0.08150006333 0.0004927269841 0 3.838312517e-06 9.626765006e-05 0 
0 0 0 0 0 1.297318722e-05 0.3889842921 0.1073411311 0.001451359459 0 6.065952302e-05 0.3983859747 0.1003557198 0.001497467473 0 0.0001013215167 0.001809101114 0 
0 0 0 0 0 1.374229596e-06 0.6449956684 0.1097816411 0.005211074433 0 8.901818752e-06 0.1730509795 0.06123962072 0.005027939908 0 2.198581698e-05 0.000660814032 0 
$genSS
 328 330 337
$obsGenComp     #GeneticFracData
0.5465151363 0.1552851252 0.198431057 0.02041637333 0.07935230816 
0.1832616267 0.03882401147 0.1266133989 0.5346240524 0.1166769105 
0.03405477485 0.0006154477382 0.007590522105 0.1048312647 0.8529079906 
$predGenComp     #catchGenComp_pred
0.5482190104 0.1532621131 0.1995366392 0.02114641034 0.07783582702 
0.1778559438 0.03754362591 0.1256455066 0.5488919585 0.1100629651 
0.03541866445 0.0005788035828 0.007549131429 0.1210890064 0.8353643942 
#PARAMETERS_OF_INTEREST
$catchByGroup
0 0 0 
0 0 0 
0 0 0 
0 0 0 
0 0 0 
0 0 0 
2731634.884 751955.4665 45660.20541 
434993.9646 123853.9484 7599.979203 
1936.033314 547.4628585 33.52142703 
0 0 0 
2.458736697e-10 5.853726314e-11 3.404382881e-12 
1387634.56 381983.4778 23194.78325 
195533.5319 55673.41606 3416.25608 
5.07048786e-09 1.433809924e-09 8.779290499e-11 
0 0 0 
1.289374266e-09 3.549347073e-10 2.155232905e-11 
1.487926743e-09 4.236509401e-10 2.599625104e-11 
0 0 0 
0 0 0 
0 0 0 
0 0 0 
0 0 0 
0 0 0 
0 0 0 
847633.9502 174030.2149 816.2405743 
331482.6772 71253.47622 337.5267863 
1.727607111e-09 3.679086378e-10 1.739234485e-12 
0 0 0 
3.108698308e-10 5.22652056e-11 2.353505721e-13 
1.551102723e-09 3.18461454e-10 1.493655342e-12 
149295.2344 32091.58476 152.0174179 
1.727607111e-09 3.679086378e-10 1.739234485e-12 
0 0 0 
1.551102723e-09 3.18461454e-10 1.493655342e-12 
1.770453496e-09 3.805657874e-10 1.802735165e-12 
0 0 0 
0 0 0 
0 0 0 
0 0 0 
0 0 0 
0 0 0 
91.88861097 44.25144471 0.7341725325 
854107.0776 454640.4359 8273.491114 
309248.6603 168438.5482 3134.168476 
9363.635921 5076.340089 94.02717309 
0 0 0 
33.29784621 16.03547801 0.2660434609 
253039.3836 134692.6383 2451.120177 
303616.146 165370.6852 3077.084159 
1.46747806e-09 7.955689188e-10 1.473602933e-11 
0 0 0 
1.306812753e-09 6.956152632e-10 1.265872159e-11 
1.506986899e-09 8.208109463e-10 1.527298721e-11 
0 0 0 
0 0 0 
0 0 0 
0 0 0 
0 0 0 
0 0 0 
1.577495852 51.5954879 2.366098685 
40794.28546 917897.6921 60819.67033 
16216.06164 335846.5439 24140.73652 
1.122408983e-10 2.363854581e-09 1.6714275e-10 
0 0 0 
13.21182316 432.1218728 19.81651956 
103839.7588 2336461.44 154813.3477 
21457.96456 444410.2024 31944.32039 
298.4030149 6284.530366 444.3647661 
0 0 0 
33.26888671 748.5713743 49.60015108 
633.7041937 13124.47917 943.3909604 
0 0 0 
0 0 0 
0 0 0 
0 0 0 
0 0 0 
0 0 0 
0 0 0 
477066.2543 575322.8881 1339544.962 
77895.20056 93652.24442 212455.7101 
4238.406657 5098.955455 11628.67039 
0 0 0 
7.400303834e-11 9.039245617e-11 2.354871738e-10 
74769.89658 90169.51516 209944.9235 
36505.56738 43890.10227 99567.31847 
3972.348296 4778.87769 10898.70151 
0 0 0 
4.433250202e-10 5.346323047e-10 1.244803614e-09 
200.7035127 241.3028569 547.4099434 
0 0 0 
$escByGroup
 5e-101 5e-101 5e-101 5e-101 5e-101 5e-101 3693209.232 430203.2352 2038.865835 5e-101 3.101298342e-09 1876101.671 193380.0578 5.339807115e-09 5e-101 1.743252355e-09 1.471539724e-09 5e-101 5e-101 5e-101 5e-101 5e-101 5e-101 5e-101 840504.1878 235215.9585 1.311858675e-09 5e-101 3.045743271e-09 1.538055825e-09 105938.0296 1.311858675e-09 5e-101 1.538055825e-09 1.25629164e-09 5e-101 5e-101 5e-101 5e-101 5e-101 5e-101 1116.222979 911108.5396 218762.5624 7218.757541 5e-101 404.4877891 269926.7449 214778.1208 1.13133065e-09 5e-101 1.39402692e-09 1.066042826e-09 5e-101 5e-101 5e-101 5e-101 5e-101 5e-101 293.5457907 419922.149 99265.29614 7.658754285e-10 5e-101 2458.500966 1068890.267 131353.1765 2036.152065 5e-101 342.4583185 3879.168433 5e-101 5e-101 5e-101 5e-101 5e-101 5e-101 5e-101 1276645.401 119300.0826 7338.007933 5e-101 3.00923099e-09 200086.7673 55909.95558 6877.377672 5e-101 1.18635272e-09 307.3866615 5e-101
$catchByGroup
0 0 0 0 0 0 2731634.884 434993.9646 1936.033314 0 2.458736697e-10 1387634.56 195533.5319 5.07048786e-09 0 1.289374266e-09 1.487926743e-09 0 0 0 0 0 0 0 847633.9502 331482.6772 1.727607111e-09 0 3.108698308e-10 1.551102723e-09 149295.2344 1.727607111e-09 0 1.551102723e-09 1.770453496e-09 0 0 0 0 0 0 91.88861097 854107.0776 309248.6603 9363.635921 0 33.29784621 253039.3836 303616.146 1.46747806e-09 0 1.306812753e-09 1.506986899e-09 0 0 0 0 0 0 1.577495852 40794.28546 16216.06164 1.122408983e-10 0 13.21182316 103839.7588 21457.96456 298.4030149 0 33.26888671 633.7041937 0 0 0 0 0 0 0 477066.2543 77895.20056 4238.406657 0 7.400303834e-11 74769.89658 36505.56738 3972.348296 0 4.433250202e-10 200.7035127 0 
0 0 0 0 0 0 751955.4665 123853.9484 547.4628585 0 5.853726314e-11 381983.4778 55673.41606 1.433809924e-09 0 3.549347073e-10 4.236509401e-10 0 0 0 0 0 0 0 174030.2149 71253.47622 3.679086378e-10 0 5.22652056e-11 3.18461454e-10 32091.58476 3.679086378e-10 0 3.18461454e-10 3.805657874e-10 0 0 0 0 0 0 44.25144471 454640.4359 168438.5482 5076.340089 0 16.03547801 134692.6383 165370.6852 7.955689188e-10 0 6.956152632e-10 8.208109463e-10 0 0 0 0 0 0 51.5954879 917897.6921 335846.5439 2.363854581e-09 0 432.1218728 2336461.44 444410.2024 6284.530366 0 748.5713743 13124.47917 0 0 0 0 0 0 0 575322.8881 93652.24442 5098.955455 0 9.039245617e-11 90169.51516 43890.10227 4778.87769 0 5.346323047e-10 241.3028569 0 
0 0 0 0 0 0 45660.20541 7599.979203 33.52142703 0 3.404382881e-12 23194.78325 3416.25608 8.779290499e-11 0 2.155232905e-11 2.599625104e-11 0 0 0 0 0 0 0 816.2405743 337.5267863 1.739234485e-12 0 2.353505721e-13 1.493655342e-12 152.0174179 1.739234485e-12 0 1.493655342e-12 1.802735165e-12 0 0 0 0 0 0 0.7341725325 8273.491114 3134.168476 94.02717309 0 0.2660434609 2451.120177 3077.084159 1.473602933e-11 0 1.265872159e-11 1.527298721e-11 0 0 0 0 0 0 2.366098685 60819.67033 24140.73652 1.6714275e-10 0 19.81651956 154813.3477 31944.32039 444.3647661 0 49.60015108 943.3909604 0 0 0 0 0 0 0 1339544.962 212455.7101 11628.67039 0 2.354871738e-10 209944.9235 99567.31847 10898.70151 0 1.244803614e-09 547.4099434 0 
$Fmort
 0.4247924086 0.3974580094 0.1244842811
#ESTIMATED_PARAMETERS
$availability
1.370453204 1.750551943 1.394278811 0.08292027148 0.4017957727 
0.3389006223 0.3023065936 0.7034805929 3.129490041 0.5258221519 
0.0624189523 0.004313118502 0.03661366859 0.4248938489 4.471760413 
$availabilityVector
 1.370453204 0.3389006223 0.0624189523 1.750551943 0.3023065936 0.004313118502 1.394278811 0.7034805929 0.03661366859 0.08292027148 3.129490041 0.4248938489 0.4017957727 0.5258221519 4.471760413
$selectivity
 0.1285827954 0.8162029634 0.9851432732 0.9504331101 2.119637858
$RunSize
 0 0 0 0 0 0 7222459.788 996651.1274 4555.883434 0 3.409113658e-09 3668914.492 448003.2619 1.19318978e-08 0 3.409113658e-09 3.409113658e-09 0 0 0 0 0 0 0 1862984.593 638289.6387 3.409113658e-09 0 3.409113658e-09 3.409113658e-09 287476.8661 3.409113658e-09 0 3.409113658e-09 3.409113658e-09 0 0 0 0 0 0 1253.097207 2228129.544 699583.9394 21752.76072 0 454.0871568 660109.8869 686842.0361 3.409113658e-09 0 3.409113658e-09 3.409113658e-09 0 0 0 0 0 0 349.0848732 1439433.797 475468.6382 3.409113658e-09 0 2923.651182 3664004.813 629165.6638 9063.450212 0 1173.898731 18580.74276 0 0 0 0 0 0 0 3668579.505 503303.2377 28304.04044 0 3.409113658e-09 574971.1025 235872.9437 26527.30517 0 3.409113658e-09 1296.802974 0
