$ndistricts
3
$ngroups
90
$nstocks
5
$nagecomps
18
$AgeCompLabels
 0.1 0.2 0.3 0.4 0.5 1.1 1.2 1.3 1.4 1.5 2.1 2.2 2.3 2.4 3.1 3.2 3.3 3.4
$navailpar
15
$nselectpar
5
$GENdata
 1 1 -1
$maxGradient
1.136472056e-06
#LIKELIHOOD_VALUES_AND_PENALTIES
$totalNLL
933.803355
$NLLcatch
0.6773740579
$NLLescape
-6.907102071
$NLLagecompCatch
352.1558619
$NLLagecompEsc
464.5690953
$NLLgenetics
123.3081259
$NLLselOne
9.145554188e-18
$NLLavailOne
8.915245625e-11
$NLLextra
4.4e-198
$sigmaCat
0.5
$sigmaEsc
0.1
#OBSERVED_AND_PREDICTED_VALUES
$predEsc
 1335518.465 108939.7635 1082677.539 702111.7058 202047.3869
$obsEsc
 1341144 108910.5 1085856 692514 201520
$predCatch
 2167213.757 1780566.685 92622.99538
$obsCatch
 2167214 1780567 92623
$RunSize
 0 2.073438227e-09 1086.096095 0 0 12918.09024 479606.6461 128418.4957 0 0 2375.633736 799708.4648 86206.68513 0 0 1030.810165 519.1300742 0 0 5.805627035e-09 6.22031468e-09 0 0 0 1.907563169e-08 24966.79292 0 0 0 2.695469695e-08 187750.7562 0 0 5.805627035e-09 5.805627035e-09 0 0 2.073438227e-09 1137.272094 0 0 1393.863096 551880.8252 359167.7318 1334.259834 0 230.2024966 325202.7656 1390675.959 0 0 1789.51824 1561.463536 0 0 1311.402405 2.073438227e-09 0 0 0 31840.16656 65375.70101 0 0 401.795886 1392630.095 1150114.884 0 0 50567.59225 30972.02628 0 0 8.293752907e-10 4048.6947 0 0 0 23612.27266 79106.03857 0 0 0 131636.4954 150361.4037 0 0 77.15775154 681.1091875 0
$SSageCompEsc
 1883 0 2161 3086 903
$obsAgeCompEsc
0 0 0.000737137 0 0 0.009632057 0.3191898 0.08170134 0 0 0.001771333 0.5311674 0.0547121 0 0 0.000737137 0.0003516857 0 
0 0 0 0 0 0 0.6011158 0.250188 0 0 0 0.1026919 0.0460043 0 0 0 0 0 
0 0 0.0007156965 0 0 0.001283648 0.2610162 0.1203023 0.001228757 0 0.000212 0.1478077 0.4652309 0 0 0.001217677 0.0009851748 0 
0 0 0 0 0 0 0.005094006 0.02892032 0 0 0.0005801443 0.5329016 0.4041673 0 0 0.01997723 0.008359388 0 
0 0 0 0 0 0 0.077796 0.176757 0 0 0 0.407036 0.3377408 0 0 0.000335112 0.000335112 0 
$predAgeCompEsc
0 1.374121568e-15 0.0007033510221 0 0 0.009672714949 0.3178478279 0.08316324919 0 0 0.001778809989 0.5299876483 0.05582706756 0 0 0.0006831447701 0.0003361863373 0 
0 3.034106913e-14 2.924213213e-14 0 0 0 9.969208427e-14 0.1173706308 0 0 0 1.408692495e-13 0.8826293692 0 0 3.034106913e-14 2.729265666e-14 0 
0 8.660079504e-16 0.0004089478052 0 0 0.001287421662 0.2305027351 0.1291519034 0.001232368561 0 0.0002126232352 0.1358266559 0.5000684392 0 0 0.0007474237735 0.0005614813634 0 
0 0.0005541101228 6.248317704e-16 0 0 0 0.01345350485 0.0197010041 0 0 0.000572267451 0.5884314612 0.3465877642 0 0 0.02136645065 0.009333437458 0 
0 2.304078333e-15 0.009827807847 0 0 0 0.06559699383 0.1920221218 0 0 0 0.3656978936 0.3649875064 0 0 0.0002143510972 0.001653325507 0 
$SSageCompCatch
 23 1710 295
$obsAgeCompCatch
0 0 0 0 0 0 0.1304348 0.1304348 0 0 0 0.173913 0.5652174 0 0 0 0 0 
0 0.001157815 0 0 0 0 0.03514332 0.02021542 0 0 0 0.5621544 0.3459817 0 0 0.0247014 0.01064598 0 
0 0 0.01835254 0 0 0 0.03235893 0.1877056 0 0 0 0.2778705 0.4745362 0 0 0 0.00917627 0 
$predAgeCompCatch
0 7.388233074e-05 0.0004390575958 0 0 6.028200974e-10 0.1629023476 0.118443426 9.505425712e-10 0 1.186103319e-10 0.1991747364 0.5130994124 0 0 0.003346706703 0.002520429198 0 
0 0.0004222156526 0.0006993320369 0 0 4.705734354e-11 0.01808719728 0.03875413858 5.630329176e-12 0 1.09968336e-10 0.4737357369 0.4408148563 0 0 0.0163026245 0.01118389859 0 
0 0.0001128582858 0.007638968296 0 0 1.101674987e-10 0.05332260369 0.1622284774 2.570679267e-11 0 3.843377338e-11 0.3466508601 0.4210709787 0 0 0.004508858234 0.004466395083 0 
$genSS
 309 283 -1
$obsGenComp     #GeneticFracData
0.08018535308 0.04200664853 0.6917497733 0.1816258688 0.0044323562 
0.006834857775 0.0005025630717 0.006131269474 0.9274298925 0.05910141723 
0 0 0 0 0 
$predGenComp     #catchGenComp_pred
0.07200184192 0.04737682983 0.7095607761 0.1654947262 0.005565825863 
0.01019787185 0.0004065017363 0.006318263232 0.920434221 0.06264314216 
0 0 0 0 0 
#PARAMETERS_OF_INTEREST
$catchByGroup
0 0 0 
2.108699579e-10 2.45025014e-11 2.901040341e-12 
129.7476521 15.207838 1.802328079 
0 0 0 
0 0 0 
0.0007306689897 8.098673734e-05 9.538551568e-06 
48776.29436 5667.669463 671.0391515 
15341.18241 1798.153669 213.104772 
0 0 0 
0 0 0 
0.0001343698542 1.489344182e-05 1.754137375e-06 
81330.84851 9450.417924 1118.907951 
10298.45797 1207.091442 143.056153 
0 0 0 
0 0 0 
104.8340353 12.18142272 1.442252697 
62.0165274 7.269012477 0.8614732283 
0 0 0 
0 0 0 
2.47491565e-09 1.665800755e-11 8.70448201e-12 
3.002456894e-09 2.11655561e-11 1.106127095e-11 
0 0 0 
0 0 0 
0 0 0 
8.131865708e-09 5.473345339e-11 2.860044089e-11 
12051.11371 84.95326736 44.39718495 
0 0 0 
0 0 0 
0 0 0 
1.14906798e-08 7.734074936e-11 4.041366647e-11 
90624.60365 638.8501817 333.8676728 
0 0 0 
0 0 0 
2.47491565e-09 1.665800755e-11 8.70448201e-12 
2.802293101e-09 1.975451902e-11 1.032385289e-11 
0 0 0 
0 0 0 
1.126066082e-09 7.888498342e-12 1.876289785e-12 
688.1621678 5.130658739 1.220663963 
0 0 0 
0 0 0 
0.0005757710182 2.802000861e-06 6.654921536e-07 
299721.6269 2099.65791 499.4064166 
217332.0231 1620.339646 385.5041456 
0.002060028937 1.002517656e-05 2.381040139e-06 
0 0 0 
9.509106475e-05 4.627625165e-07 1.099088969e-07 
176614.7645 1237.250015 294.2815558 
841496.5843 6273.858119 1492.648976 
0 0 0 
0 0 0 
971.8716321 6.808310703 1.619365723 
944.8399707 7.044344602 1.675959762 
0 0 0 
0 0 0 
160.1188036 751.7831249 10.45327249 
2.967676719e-10 1.318378432e-09 1.959042259e-11 
0 0 0 
0 0 0 
0 0 0 
3887.601058 18252.90226 253.8000052 
9357.112422 41568.59514 617.6878547 
0 0 0 
0 0 0 
2.759302405e-05 0.0001804497512 1.695804943e-06 
170036.4922 798348.2426 11100.74361 
164613.9789 731290.9726 10866.60616 
0 0 0 
0 0 0 
6174.170752 28988.70888 403.0775138 
4432.97322 19693.30502 292.6323415 
0 0 0 
0 0 0 
2.313620172e-11 2.172547326e-10 1.2345135e-10 
133.6218417 1224.86883 704.5211332 
0 0 0 
0 0 0 
0 0 0 
658.6864951 6185.231269 3514.653702 
2610.790724 23932.28635 13765.39356 
0 0 0 
0 0 0 
0 0 0 
3672.123518 34482.16015 19593.9079 
4962.480299 45489.47506 26164.67636 
0 0 0 
0 0 0 
2.152387856 20.2114614 11.48482321 
22.47911261 206.0588598 118.5211166 
0 0 0 
$escByGroup
 5e-101 1.835164727e-09 939.3382772 5e-101 5e-101 12918.08942 424491.6432 111066.0549 5e-101 5e-101 2375.633585 707808.2904 74558.07956 5e-101 5e-101 912.3524547 448.9830611 5e-101 5e-101 3.305348895e-09 3.185630959e-09 5e-101 5e-101 5e-101 1.086043208e-08 12786.32876 5e-101 5e-101 5e-101 1.534626273e-08 96153.43474 5e-101 5e-101 3.305348895e-09 2.973255562e-09 5e-101 5e-101 9.376073565e-10 442.7586033 5e-101 5e-101 1393.862516 249560.134 139829.8649 1334.257761 5e-101 230.202401 147056.4695 541412.8671 5e-101 5e-101 809.2189317 607.9032607 5e-101 5e-101 389.0472035 4.387017002e-10 5e-101 5e-101 5e-101 9445.863236 13832.30559 5e-101 5e-101 401.7956762 413144.617 243343.3263 5e-101 5e-101 15001.63511 6553.115695 5e-101 5e-101 4.655330064e-10 1985.682895 5e-101 5e-101 5e-101 13253.70119 38797.56794 5e-101 5e-101 5e-101 73888.3038 73744.77194 5e-101 5e-101 43.30907907 334.0500985 5e-101
$catchByGroup
0 2.108699579e-10 129.7476521 0 0 0.0007306689897 48776.29436 15341.18241 0 0 0.0001343698542 81330.84851 10298.45797 0 0 104.8340353 62.0165274 0 0 2.47491565e-09 3.002456894e-09 0 0 0 8.131865708e-09 12051.11371 0 0 0 1.14906798e-08 90624.60365 0 0 2.47491565e-09 2.802293101e-09 0 0 1.126066082e-09 688.1621678 0 0 0.0005757710182 299721.6269 217332.0231 0.002060028937 0 9.509106475e-05 176614.7645 841496.5843 0 0 971.8716321 944.8399707 0 0 160.1188036 2.967676719e-10 0 0 0 3887.601058 9357.112422 0 0 2.759302405e-05 170036.4922 164613.9789 0 0 6174.170752 4432.97322 0 0 2.313620172e-11 133.6218417 0 0 0 658.6864951 2610.790724 0 0 0 3672.123518 4962.480299 0 0 2.152387856 22.47911261 0 
0 2.45025014e-11 15.207838 0 0 8.098673734e-05 5667.669463 1798.153669 0 0 1.489344182e-05 9450.417924 1207.091442 0 0 12.18142272 7.269012477 0 0 1.665800755e-11 2.11655561e-11 0 0 0 5.473345339e-11 84.95326736 0 0 0 7.734074936e-11 638.8501817 0 0 1.665800755e-11 1.975451902e-11 0 0 7.888498342e-12 5.130658739 0 0 2.802000861e-06 2099.65791 1620.339646 1.002517656e-05 0 4.627625165e-07 1237.250015 6273.858119 0 0 6.808310703 7.044344602 0 0 751.7831249 1.318378432e-09 0 0 0 18252.90226 41568.59514 0 0 0.0001804497512 798348.2426 731290.9726 0 0 28988.70888 19693.30502 0 0 2.172547326e-10 1224.86883 0 0 0 6185.231269 23932.28635 0 0 0 34482.16015 45489.47506 0 0 20.2114614 206.0588598 0 
0 2.901040341e-12 1.802328079 0 0 9.538551568e-06 671.0391515 213.104772 0 0 1.754137375e-06 1118.907951 143.056153 0 0 1.442252697 0.8614732283 0 0 8.70448201e-12 1.106127095e-11 0 0 0 2.860044089e-11 44.39718495 0 0 0 4.041366647e-11 333.8676728 0 0 8.70448201e-12 1.032385289e-11 0 0 1.876289785e-12 1.220663963 0 0 6.654921536e-07 499.4064166 385.5041456 2.381040139e-06 0 1.099088969e-07 294.2815558 1492.648976 0 0 1.619365723 1.675959762 0 0 10.45327249 1.959042259e-11 0 0 0 253.8000052 617.6878547 0 0 1.695804943e-06 11100.74361 10866.60616 0 0 403.0775138 292.6323415 0 0 1.2345135e-10 704.5211332 0 0 0 3514.653702 13765.39356 0 0 0 19593.9079 26164.67636 0 0 11.48482321 118.5211166 0 
$Fmort
 0.2231512796 0.1632477873 0.02405431889
#ESTIMATED_PARAMETERS
$availability
0.3341852443 1.731319361 2.440589096 0.4057501837 0.08815611614 
0.05063287267 0.01223861143 0.01623547943 3.627169688 1.293723349 
0.04047206131 0.04337187881 0.02616941697 0.23133515 4.65865 
$availabilityVector
 0.3341852443 0.05063287267 0.04047206131 1.731319361 0.01223861143 0.04337187881 2.440589096 0.01623547943 0.02616941697 0.4057501837 3.627169688 0.23133515 0.08815611614 1.293723349 4.65865
$selectivity
 7.584653106e-07 1.438196661 1.705995195 2.834909477e-06 1.855804551
$RunSize
 0 2.073438227e-09 1086.096095 0 0 12918.09024 479606.6461 128418.4957 0 0 2375.633736 799708.4648 86206.68513 0 0 1030.810165 519.1300742 0 0 5.805627035e-09 6.22031468e-09 0 0 0 1.907563169e-08 24966.79292 0 0 0 2.695469695e-08 187750.7562 0 0 5.805627035e-09 5.805627035e-09 0 0 2.073438227e-09 1137.272094 0 0 1393.863096 551880.8252 359167.7318 1334.259834 0 230.2024966 325202.7656 1390675.959 0 0 1789.51824 1561.463536 0 0 1311.402405 2.073438227e-09 0 0 0 31840.16656 65375.70101 0 0 401.795886 1392630.095 1150114.884 0 0 50567.59225 30972.02628 0 0 8.293752907e-10 4048.6947 0 0 0 23612.27266 79106.03857 0 0 0 131636.4954 150361.4037 0 0 77.15775154 681.1091875 0
