$ndistricts
3
$ngroups
90
$nstocks
5
$nagecomps
18
$AgeCompLabels
 0.1 0.2 0.3 0.4 0.5 1.1 1.2 1.3 1.4 1.5 2.1 2.2 2.3 2.4 3.1 3.2 3.3 3.4
$navailpar
15
$nselectpar
5
$GENdata
 1 1 1
$maxGradient
1.649800688e-06
#LIKELIHOOD_VALUES_AND_PENALTIES
$totalNLL
869.1094758
$NLLcatch
0.6773740579
$NLLescape
-10.35369325
$NLLagecompCatch
236.9113163
$NLLagecompEsc
444.885025
$NLLgenetics
196.9894537
$NLLselOne
4.90615471e-16
$NLLavailOne
1.519157293e-16
$NLLextra
5e-198
$sigmaCat
0.5
$sigmaEsc
0.05
#OBSERVED_AND_PREDICTED_VALUES
$predEsc
 4028889.482 2385881.408 4110477.969 2412280.997 1732176.208
$obsEsc
 4030968 2386518 4112160 2389728 1745940
$predCatch
 11694026.77 13366753.5 2612372.425
$obsCatch
 11694028 13366757 2612373
$RunSize
 0 0 0 0 0 1064.122998 2365408.622 6251167.143 14178.91052 0 4.700514644e-09 106326.3952 4.700514644e-09 0 0 4.700514644e-09 0 0 0 0 0 0 0 6560.582868 1739721.463 2429962.396 4.700514644e-09 0 4.700514644e-09 15764.96933 4.700514644e-09 0 0 4.700514644e-09 0 0 0 0 0 0 0 55406.56648 2304444.385 6127636.05 4.700514644e-09 0 4.700514644e-09 259404.5681 107434.455 0 0 4.700514644e-09 0 0 0 0 0 0 0 182263.1019 1769865.515 12214565.01 4.700514644e-09 0 168605.318 990581.034 197156.0956 0 0 1403.961895 0 0 0 0 0 0 0 102333.0795 2989959.449 1587658.702 1559.55259 0 5802.311032 317995.1833 28629.8206 0 0 4.700514644e-09 0 0
$SSageCompEsc
 1 1 1 1 1
$obsAgeCompEsc
0 0 0 0 0 0.0002572583 0.3844491 0.5974806 0.002098007 0 0 0.01571508 0 0 0 0 0 0 
0 0 0 0 0 0.002706454 0.5144642 0.478376 0 0 0 0.00445335 0 0 0 0 0 0 
0 0 0 0 0 0.01313154 0.3673631 0.5729801 0 0 0 0.03750097 0.009023968 0 0 0 0 0 
0 0 0 0 0 0.07661416 0.2656507 0.4604143 0 0 0.07086288 0.1226474 0.003810894 0 0 0 0 0 
0 0 0 0 0 0.05680321 0.8308218 0.06852011 0 0 0.003220615 0.040026 0.0006082683 0 0 0 0 0 
$predAgeCompEsc
0 0 0 0 0 0.000261479797 0.3751134691 0.6060510021 0.001712495905 0 1.155025892e-15 0.01686155305 4.557151561e-16 0 0 7.454214626e-16 0 0 
0 0 0 0 0 0.002727540553 0.5091189248 0.4835400121 1.109341348e-15 0 1.954223363e-15 0.00461352257 9.353588812e-16 0 0 1.375577075e-15 0 0 
0 0 0 0 0 0.01334421263 0.3576119886 0.5786432417 5.54384368e-16 0 1.132080019e-15 0.04025533619 0.0101452209 0 0 7.294428106e-16 0 0 
0 0 0 0 0 0.07399233485 0.2759505013 0.4201611383 3.592874473e-16 0 0.0684477605 0.1544475163 0.006781848512 0 0 0.0002189002416 0 0 
0 0 0 0 0 0.0581444047 0.7732587994 0.08138950505 0.0002033793981 0 0.003296802191 0.08223943429 0.001467674965 0 0 1.215640002e-15 0 0 
$SSageCompCatch
 1 1 1
$obsAgeCompCatch
0 0 0 0 0 0.0003603549 0.1551844 0.8164484 0.0002225923 0 0 0.0196632 0.008120983 0 0 0 0 0 
0 0 0 0 0 0.0003781023 0.1423197 0.7581877 0 0 0.0004159574 0.08293539 0.01547107 0 0 0.0002920679 0 0 
0 0 0 0 0 0 0.4189944 0.4788055 0.0005902677 0 0 0.09271796 0.008891912 0 0 0 0 0 
$predAgeCompCatch
0 0 0 0 0 6.827189717e-05 0.1849816145 0.7925759243 0.000578194009 0 1.606241426e-05 0.01504267701 0.006731621544 0 0 5.634337639e-06 0 0 
0 0 0 0 0 0.0002918929927 0.1138417117 0.8263716362 6.005295921e-05 0 0.0002476516641 0.04614919982 0.01297752839 0 0 6.032631646e-05 0 0 
0 0 0 0 0 0.0005009268515 0.4913122028 0.447206388 0.0003531610125 0 3.200988401e-05 0.05277363166 0.007820279542 0 0 1.400223425e-06 0 0 
$genSS
 909 729 186
$obsGenComp     #GeneticFracData
0.3675844763 0.1441733702 0.3656247841 0.1201292602 0.002488109253 
0.02592671376 0.007830119331 0.02731392736 0.9043826468 0.03454659274 
0.004558399063 0.009339843678 0.005938707206 0.02661632067 0.9535467294 
$predGenComp     #catchGenComp_pred
0.3720664015 0.1430870287 0.3728211257 0.1087089372 0.00331650692 
0.02588466525 0.008103726867 0.0275245748 0.880459948 0.05802708504 
0.004711162969 0.009395267733 0.006183507203 0.02756985297 0.9521402091 
#PARAMETERS_OF_INTEREST
$catchByGroup
0 0 0 
0 0 0 
0 0 0 
0 0 0 
0 0 0 
10.05215747 0.5775112184 0.02012517916 
797221.5802 54959.78646 1936.545342 
3511140.366 288048.8097 10265.45923 
6746.92094 514.2940677 18.23877272 
0 0 0 
4.44030563e-11 2.551020837e-12 8.889827544e-14 
35835.54064 2470.472087 87.04875915 
2.64017364e-09 2.16595976e-10 7.719029158e-12 
0 0 0 
0 0 0 
1.584230174e-09 1.092154982e-10 3.848282135e-12 
0 0 0 
0 0 0 
0 0 0 
0 0 0 
0 0 0 
0 0 0 
0 0 0 
49.92232453 2.509784925 0.5624632923 
489986.7924 28589.79283 6447.500623 
1178786.679 79469.14252 18037.44945 
1.905583524e-09 1.208259751e-10 2.734824805e-11 
0 0 0 
3.576825752e-11 1.798206201e-12 4.029926907e-13 
4440.151437 259.0743499 58.42581801 
2.280242713e-09 1.537249584e-10 3.489160797e-11 
0 0 0 
0 0 0 
1.323884393e-09 7.724612401e-11 1.742035822e-11 
0 0 0 
0 0 0 
0 0 0 
0 0 0 
0 0 0 
0 0 0 
0 0 0 
522.1699992 31.93233464 1.372132384 
775198.4439 56819.60516 2470.135746 
3436545.613 299417.0411 13173.09891 
2.232959957e-09 1.808540644e-10 7.915891098e-12 
0 0 0 
4.42992209e-11 2.709036422e-12 1.16407292e-13 
87261.82278 6396.016859 278.0559603 
60252.17587 5249.611166 230.9609596 
0 0 0 
0 0 0 
1.58121917e-09 1.158983865e-10 5.038485339e-12 
0 0 0 
0 0 0 
0 0 0 
0 0 0 
0 0 0 
0 0 0 
0 0 0 
202.1891795 3559.629974 10.97948221 
83059.99466 1016524.133 4611.236281 
1123113.776 10014128.11 63776.39835 
3.419995834e-10 3.472580454e-09 1.923232544e-11 
0 0 0 
187.038246 3292.891087 10.15674084 
46488.08326 568941.2663 2580.875872 
18128.25317 161638.6991 1029.419032 
0 0 0 
0 0 0 
65.8880952 806.3670018 3.657905063 
0 0 0 
0 0 0 
0 0 0 
0 0 0 
0 0 0 
0 0 0 
0 0 0 
14.0397328 307.0120774 1295.673291 
17713.14093 364800.7809 1268025.033 
18817.64567 364842.861 1063017.231 
14.49528199 288.4190351 904.3493179 
0 0 0 
0.7960563374 17.40766106 73.46499748 
1883.869528 38798.14866 134859.9737 
339.3335225 6579.112784 19169.10264 
0 0 0 
0 0 0 
2.784682526e-11 5.735032337e-10 1.993461897e-09 
0 0 0 
0 0 0 
$escByGroup
 5e-101 5e-101 5e-101 5e-101 5e-101 1053.473204 1511290.71 2441712.508 6899.456737 5e-101 4.653471669e-09 67933.33373 1.836025999e-09 5e-101 5e-101 3.00322069e-09 5e-101 5e-101 5e-101 5e-101 5e-101 5e-101 5e-101 6507.588295 1214697.377 1153669.125 2.646756897e-09 5e-101 4.662545188e-09 11007.31773 2.231655364e-09 5e-101 5e-101 3.281963769e-09 5e-101 5e-101 5e-101 5e-101 5e-101 5e-101 5e-101 54851.09202 1469956.201 2378500.297 2.278784731e-09 5e-101 4.65338998e-09 165468.6725 41701.70699 5e-101 5e-101 2.998358603e-09 5e-101 5e-101 5e-101 5e-101 5e-101 5e-101 5e-101 178490.3033 665670.1503 1013546.73 8.667022816e-10 5e-101 165115.2319 372570.8086 16359.72429 5e-101 5e-101 528.048893 5e-101 5e-101 5e-101 5e-101 5e-101 5e-101 5e-101 100716.3544 1339420.495 140980.9642 352.2889546 5e-101 5710.642317 142453.1914 2542.271654 5e-101 5e-101 2.105702688e-09 5e-101 5e-101
$catchByGroup
0 0 0 0 0 10.05215747 797221.5802 3511140.366 6746.92094 0 4.44030563e-11 35835.54064 2.64017364e-09 0 0 1.584230174e-09 0 0 0 0 0 0 0 49.92232453 489986.7924 1178786.679 1.905583524e-09 0 3.576825752e-11 4440.151437 2.280242713e-09 0 0 1.323884393e-09 0 0 0 0 0 0 0 522.1699992 775198.4439 3436545.613 2.232959957e-09 0 4.42992209e-11 87261.82278 60252.17587 0 0 1.58121917e-09 0 0 0 0 0 0 0 202.1891795 83059.99466 1123113.776 3.419995834e-10 0 187.038246 46488.08326 18128.25317 0 0 65.8880952 0 0 0 0 0 0 0 14.0397328 17713.14093 18817.64567 14.49528199 0 0.7960563374 1883.869528 339.3335225 0 0 2.784682526e-11 0 0 
0 0 0 0 0 0.5775112184 54959.78646 288048.8097 514.2940677 0 2.551020837e-12 2470.472087 2.16595976e-10 0 0 1.092154982e-10 0 0 0 0 0 0 0 2.509784925 28589.79283 79469.14252 1.208259751e-10 0 1.798206201e-12 259.0743499 1.537249584e-10 0 0 7.724612401e-11 0 0 0 0 0 0 0 31.93233464 56819.60516 299417.0411 1.808540644e-10 0 2.709036422e-12 6396.016859 5249.611166 0 0 1.158983865e-10 0 0 0 0 0 0 0 3559.629974 1016524.133 10014128.11 3.472580454e-09 0 3292.891087 568941.2663 161638.6991 0 0 806.3670018 0 0 0 0 0 0 0 307.0120774 364800.7809 364842.861 288.4190351 0 17.40766106 38798.14866 6579.112784 0 0 5.735032337e-10 0 0 
0 0 0 0 0 0.02012517916 1936.545342 10265.45923 18.23877272 0 8.889827544e-14 87.04875915 7.719029158e-12 0 0 3.848282135e-12 0 0 0 0 0 0 0 0.5624632923 6447.500623 18037.44945 2.734824805e-11 0 4.029926907e-13 58.42581801 3.489160797e-11 0 0 1.742035822e-11 0 0 0 0 0 0 0 1.372132384 2470.135746 13173.09891 7.915891098e-12 0 1.16407292e-13 278.0559603 230.9609596 0 0 5.038485339e-12 0 0 0 0 0 0 0 10.97948221 4611.236281 63776.39835 1.923232544e-11 0 10.15674084 2580.875872 1029.419032 0 0 3.657905063 0 0 0 0 0 0 0 1295.673291 1268025.033 1063017.231 904.3493179 0 73.46499748 134859.9737 19169.10264 0 0 1.993461897e-09 0 0 
$Fmort
 0.2393448068 0.2082641574 0.1111528617
#ESTIMATED_PARAMETERS
$availability
1.704250972 1.371566016 1.700246697 0.1992997998 0.02463651669 
0.1120218286 0.07895749323 0.1189626962 4.070034858 0.6200231258 
0.00731243645 0.03314976458 0.009575252295 0.02329197179 4.926670576 
$availabilityVector
 1.704250972 0.1120218286 0.00731243645 1.371566016 0.07895749323 0.03314976458 1.700246697 0.1189626962 0.009575252295 0.1992997998 4.070034858 0.02329197179 0.02463651669 0.6200231258 4.926670576
$selectivity
 0.0232685478 1.00766594 2.022047505 1.5836145 0.363403511
$RunSize
 0 0 0 0 0 1064.122998 2365408.622 6251167.143 14178.91052 0 4.700514644e-09 106326.3952 4.700514644e-09 0 0 4.700514644e-09 0 0 0 0 0 0 0 6560.582868 1739721.463 2429962.396 4.700514644e-09 0 4.700514644e-09 15764.96933 4.700514644e-09 0 0 4.700514644e-09 0 0 0 0 0 0 0 55406.56648 2304444.385 6127636.05 4.700514644e-09 0 4.700514644e-09 259404.5681 107434.455 0 0 4.700514644e-09 0 0 0 0 0 0 0 182263.1019 1769865.515 12214565.01 4.700514644e-09 0 168605.318 990581.034 197156.0956 0 0 1403.961895 0 0 0 0 0 0 0 102333.0795 2989959.449 1587658.702 1559.55259 0 5802.311032 317995.1833 28629.8206 0 0 4.700514644e-09 0 0
