$ndistricts
3
$ngroups
90
$nstocks
5
$nagecomps
18
$AgeCompLabels
 0.1 0.2 0.3 0.4 0.5 1.1 1.2 1.3 1.4 1.5 2.1 2.2 2.3 2.4 3.1 3.2 3.3 3.4
$navailpar
15
$nselectpar
5
$GENdata
 1 -1 -1
$maxGradient
4.298540519e-06
#LIKELIHOOD_VALUES_AND_PENALTIES
$totalNLL
889.108634
$NLLcatch
0.6773740579
$NLLescape
-6.765603128
$NLLagecompCatch
323.8565846
$NLLagecompEsc
475.7356901
$NLLgenetics
95.60458831
$NLLselOne
1.378737984e-15
$NLLavailOne
2.786281824e-10
$NLLextra
4.7e-198
$sigmaCat
0.5
$sigmaEsc
0.1
#OBSERVED_AND_PREDICTED_VALUES
$predEsc
 12601902.31 100535.326 2022267.162 1216871.842 429204.9579
$obsEsc
 13140450 100480 2026686 1173840 429336
$predCatch
 3085415.945 964023.9187 14557.99992
$obsCatch
 3085416 964024 14558
$RunSize
 0 0 0 0 0 3931.197506 290809.902 36526.53065 0 0 40737.62306 13813331.51 495786.3872 4.648457175e-09 0 11006.24367 1764.271681 0 0 0 0 0 0 1370.786719 27035.78972 54835.75945 0 0 0 7800.157251 14573.8439 2.324228587e-09 0 2.324228587e-09 2.324228587e-09 0 0 0 0 0 0 2747.365507 327206.5409 263316.1023 0 0 16187.83263 1450300.268 943176.5998 2.324228587e-09 0 1919.176492 4.648457175e-09 0 0 0 0 0 0 2.324228587e-09 20308.52989 77325.11239 0 0 3174.255257 540997.5872 1124613.745 8210.609673 0 354771.2823 8659.028308 0 0 0 0 0 0 2.324228587e-09 181156.5822 2622.380953 0 0 0 284149.6059 22912.27843 129.2910477 0 1385.281382 2.324228587e-09 0
$SSageCompEsc
 2471 167 1259 1083 1442
$obsAgeCompEsc
0 0 0 0 0 0 0.01561375 0.00188088 0 0 0.003417692 0.9410344 0.03710862 0 0 0.0009446627 0 0 
0 0 0 0 0 0.01354356 0.2574227 0.5170796 0 0 0 0.07430711 0.137647 0 0 0 0 0 
0 0 0 0 0 0.0007648425 0.1011106 0.07957549 0 0 0.007902169 0.4926185 0.3172635 0 0 0.0007648425 0 0 
0 0 0 0 0 0 0.01083034 0.02686115 0 0 0.002727198 0.3078625 0.5069254 0.005071371 0 0.1349898 0.004732335 0 
0 0 0 0 0 0 0.3571884 0.002577538 0 0 0 0.5882569 0.04939093 0.0003831557 0 0.002203127 0 0 
$predAgeCompEsc
0 0 0 0 0 0.0003059309814 0.01980438575 0.002412250884 0 0 0.003170255623 0.9406988688 0.03274225965 3.358139953e-16 0 0.0007495339528 0.0001165143759 0 
0 0 0 0 0 0.01355804642 0.2573263552 0.517370791 0 0 0 0.07424181266 0.1375029947 2.249976673e-14 0 2.212198265e-14 2.192890177e-14 0 
0 0 0 0 0 0.001296514904 0.1118718986 0.08351931029 0 0 0.007639233371 0.495857583 0.2991592934 9.170009495e-16 0 0.0006561663389 1.474410163e-15 0 
0 0 0 0 0 1.800835776e-15 0.01010530297 0.03428031239 0 0 0.002459445022 0.2691944988 0.4985716711 0.005019667822 0 0.1765303206 0.003838781299 0 
0 0 0 0 0 5.324098811e-15 0.3684624127 0.00518610526 0 0 0 0.5779444946 0.04531206176 0.000277340397 0 0.002817585285 4.596469513e-15 0 
$SSageCompCatch
 1343 1342 266
$obsAgeCompCatch
0 0 0 0 0 0.0009342857 0.06456186 0.03526661 0 0 0 0.7555173 0.1391963 0 0 0.003274838 0.001248732 0 
0 0 0 0 0 0 0.02081722 0.03987692 0 0 0 0.3394255 0.4426443 0.002214286 0 0.1528074 0.002214286 0 
0 0 0 0 0 0 0.2556391 0.02255639 0 0 0 0.5639098 0.1240602 0 0 0.03383459 0 0 
$predAgeCompCatch
0 0 0 0 0 6.228534369e-05 0.04796012082 0.03448395996 0 0 0.0004699399912 0.7270016615 0.1757879371 0.000190873297 0 0.01358486443 0.0004583575388 0 
0 0 0 0 0 1.736917669e-05 0.0237168884 0.03399872484 0 0 0.0002651420452 0.4197422156 0.413984146 0.001573908571 0 0.1037356702 0.002965935145 0 
0 0 0 0 0 1.063089254e-05 0.2442527827 0.01380293587 0 0 0.0001027256383 0.5761471157 0.139350271 0.0004371065755 0 0.02519329536 0.000703136224 0 
$genSS
 276 -1 -1
$obsGenComp     #GeneticFracData
0.5877034358 0.001105083384 0.3044002411 0.09634317862 0.01044806108 
0 0 0 0 0 
0 0 0 0 0 
$predGenComp     #catchGenComp_pred
0.6027501801 0.001232350412 0.2982470067 0.08574497496 0.01202548783 
0 0 0 0 0 
0 0 0 0 0 
#PARAMETERS_OF_INTEREST
$catchByGroup
0 0 0 
0 0 0 
0 0 0 
0 0 0 
0 0 0 
67.83937422 7.961014676 0.08477613318 
36660.68502 4527.740356 48.54203838 
5440.638382 679.6446752 7.297605652 
0 0 0 
0 0 0 
702.9956778 82.49720715 0.8785053797 
1741365.037 215065.5054 2305.723649 
73847.54039 9225.036491 99.05275637 
3.712436238e-10 4.483908738e-11 4.792997423e-13 
0 0 0 
1387.492068 171.3607869 1.837164068 
262.7888292 32.82758676 0.3524823947 
0 0 0 
0 0 0 
0 0 0 
0 0 0 
0 0 0 
0 0 0 
5.796438951 1.895983649 0.03167898102 
872.4458637 288.1187062 4.836132524 
2111.248028 698.7298029 11.74047404 
0 0 0 
0 0 0 
0 0 0 
251.7113426 83.12578394 1.395283606 
561.1119367 185.703256 3.120296638 
4.661922135e-11 1.533116218e-11 2.56819802e-13 
0 0 0 
7.500293641e-11 2.476915749e-11 4.157554701e-13 
8.948582223e-11 2.961585285e-11 4.97623187e-13 
0 0 0 
0 0 0 
0 0 0 
0 0 0 
0 0 0 
0 0 0 
118.5403794 6.887303452 0.03830941843 
94640.14967 6296.207369 35.31687992 
88330.64049 6053.085577 34.01758201 
0 0 0 
0 0 0 
698.4552353 40.58088204 0.2257240444 
419480.1058 27907.11704 156.5374588 
316393.0821 21681.65419 121.8481781 
4.419246038e-10 2.772811408e-11 1.549615085e-13 
0 0 0 
555.0963314 36.92937537 0.2071453876 
1.559347097e-09 1.068582925e-10 6.00530206e-13 
0 0 0 
0 0 0 
0 0 0 
0 0 0 
0 0 0 
0 0 0 
3.551919823e-11 9.703656349e-11 2.864783436e-13 
2282.259763 5710.042693 19.36879823 
10282.31164 25239.79178 88.26209616 
0 0 0 
0 0 0 
48.50942903 132.5251843 0.3912504102 
60796.96718 152109.4504 515.9641374 
149545.5829 367086.6538 1283.680857 
582.8745162 1514.604856 4.837873199 
0 0 0 
39868.97265 99749.17826 338.3550371 
1151.434829 2826.404834 9.883774696 
0 0 0 
0 0 0 
0 0 0 
0 0 0 
0 0 0 
0 0 0 
2.317477273e-11 1.016187866e-11 5.76232969e-12 
13521.38117 6041.538566 3447.768141 
232.5213638 104.3321178 59.62538139 
0 0 0 
0 0 0 
0 0 0 
21208.69738 9476.336888 5407.929134 
2031.586685 911.5710398 520.9591453 
6.048997685 2.680652282 1.525524291 
0 0 0 
103.396285 46.1988783 26.36464521 
2.060847797e-10 9.24700473e-11 5.28462563e-11 
0 0 0 
$escByGroup
 5e-101 5e-101 5e-101 5e-101 5e-101 3855.312341 249572.9346 30398.94999 5e-101 5e-101 39951.25167 11854595.25 412614.7576 4.231895164e-09 5e-101 9445.553652 1468.302783 5e-101 5e-101 5e-101 5e-101 5e-101 5e-101 1363.062617 25870.38902 52014.04115 5e-101 5e-101 5e-101 7463.924841 13823.90841 2.262021384e-09 5e-101 2.224040738e-09 2.204629289e-09 5e-101 5e-101 5e-101 5e-101 5e-101 5e-101 2621.899515 226234.867 168898.3586 5e-101 5e-101 15448.57079 1002756.507 604980.0154 1.854420908e-09 5e-101 1326.94364 2.981651256e-09 5e-101 5e-101 5e-101 5e-101 5e-101 5e-101 2.191386347e-09 12296.85864 41714.74687 5e-101 5e-101 2992.829393 327575.2055 606697.8277 6108.292428 5e-101 214814.7764 4671.30487 5e-101 5e-101 5e-101 5e-101 5e-101 5e-101 2.285129606e-09 158145.8943 2225.90209 5e-101 5e-101 5e-101 248056.6425 19448.16156 119.0358734 5e-101 1209.321574 1.972827504e-09 5e-101
$catchByGroup
0 0 0 0 0 67.83937422 36660.68502 5440.638382 0 0 702.9956778 1741365.037 73847.54039 3.712436238e-10 0 1387.492068 262.7888292 0 0 0 0 0 0 5.796438951 872.4458637 2111.248028 0 0 0 251.7113426 561.1119367 4.661922135e-11 0 7.500293641e-11 8.948582223e-11 0 0 0 0 0 0 118.5403794 94640.14967 88330.64049 0 0 698.4552353 419480.1058 316393.0821 4.419246038e-10 0 555.0963314 1.559347097e-09 0 0 0 0 0 0 3.551919823e-11 2282.259763 10282.31164 0 0 48.50942903 60796.96718 149545.5829 582.8745162 0 39868.97265 1151.434829 0 0 0 0 0 0 2.317477273e-11 13521.38117 232.5213638 0 0 0 21208.69738 2031.586685 6.048997685 0 103.396285 2.060847797e-10 0 
0 0 0 0 0 7.961014676 4527.740356 679.6446752 0 0 82.49720715 215065.5054 9225.036491 4.483908738e-11 0 171.3607869 32.82758676 0 0 0 0 0 0 1.895983649 288.1187062 698.7298029 0 0 0 83.12578394 185.703256 1.533116218e-11 0 2.476915749e-11 2.961585285e-11 0 0 0 0 0 0 6.887303452 6296.207369 6053.085577 0 0 40.58088204 27907.11704 21681.65419 2.772811408e-11 0 36.92937537 1.068582925e-10 0 0 0 0 0 0 9.703656349e-11 5710.042693 25239.79178 0 0 132.5251843 152109.4504 367086.6538 1514.604856 0 99749.17826 2826.404834 0 0 0 0 0 0 1.016187866e-11 6041.538566 104.3321178 0 0 0 9476.336888 911.5710398 2.680652282 0 46.1988783 9.24700473e-11 0 
0 0 0 0 0 0.08477613318 48.54203838 7.297605652 0 0 0.8785053797 2305.723649 99.05275637 4.792997423e-13 0 1.837164068 0.3524823947 0 0 0 0 0 0 0.03167898102 4.836132524 11.74047404 0 0 0 1.395283606 3.120296638 2.56819802e-13 0 4.157554701e-13 4.97623187e-13 0 0 0 0 0 0 0.03830941843 35.31687992 34.01758201 0 0 0.2257240444 156.5374588 121.8481781 1.549615085e-13 0 0.2071453876 6.00530206e-13 0 0 0 0 0 0 2.864783436e-13 19.36879823 88.26209616 0 0 0.3912504102 515.9641374 1283.680857 4.837873199 0 338.3550371 9.883774696 0 0 0 0 0 0 5.76232969e-12 3447.768141 59.62538139 0 0 0 5407.929134 520.9591453 1.525524291 0 26.36464521 5.28462563e-11 0 
$Fmort
 0.1163712892 0.06758490592 0.003400599741
#ESTIMATED_PARAMETERS
$availability
0.9546474277 0.2323928654 2.418820362 0.8445700773 0.5495692599 
0.1914217929 0.1306991979 0.2370202286 4.027095714 0.4137652429 
0.04047206131 0.04337187881 0.02616941697 0.23133515 4.65865 
$availabilityVector
 0.9546474277 0.1914217929 0.04047206131 0.2323928654 0.1306991979 0.04337187881 2.418820362 0.2370202286 0.02616941697 0.8445700773 4.027095714 0.23133515 0.5495692599 0.4137652429 4.65865
$selectivity
 0.1566904693 1.212925779 1.451792381 0.7492209461 1.429370431
$RunSize
 0 0 0 0 0 3931.197506 290809.902 36526.53065 0 0 40737.62306 13813331.51 495786.3872 4.648457175e-09 0 11006.24367 1764.271681 0 0 0 0 0 0 1370.786719 27035.78972 54835.75945 0 0 0 7800.157251 14573.8439 2.324228587e-09 0 2.324228587e-09 2.324228587e-09 0 0 0 0 0 0 2747.365507 327206.5409 263316.1023 0 0 16187.83263 1450300.268 943176.5998 2.324228587e-09 0 1919.176492 4.648457175e-09 0 0 0 0 0 0 2.324228587e-09 20308.52989 77325.11239 0 0 3174.255257 540997.5872 1124613.745 8210.609673 0 354771.2823 8659.028308 0 0 0 0 0 0 2.324228587e-09 181156.5822 2622.380953 0 0 0 284149.6059 22912.27843 129.2910477 0 1385.281382 2.324228587e-09 0
