$ndistricts
3
$ngroups
90
$nstocks
5
$nagecomps
18
$AgeCompLabels
 0.1 0.2 0.3 0.4 0.5 1.1 1.2 1.3 1.4 1.5 2.1 2.2 2.3 2.4 3.1 3.2 3.3 3.4
$navailpar
15
$nselectpar
5
$GENdata
 1 1 1
$maxGradient
1.92931743e-05
#LIKELIHOOD_VALUES_AND_PENALTIES
$totalNLL
1144.149928
$NLLcatch
0.6773740579
$NLLescape
-6.913774554
$NLLagecompCatch
371.947012
$NLLagecompEsc
550.955286
$NLLgenetics
227.4840303
$NLLselOne
5.025457028e-14
$NLLavailOne
8.417249388e-16
$NLLextra
2.8e-198
$sigmaCat
0.5
$sigmaEsc
0.1
#OBSERVED_AND_PREDICTED_VALUES
$predEsc
 3062878.965 1769731.101 1951332.165 1470117.69 1011467.323
$obsEsc
 3068226 1773966 1953228 1465158 1003158
$predCatch
 4562197.611 7408231.141 2429596.472
$obsCatch
 4562198 7408233 2429597
$RunSize
 0 9739.87174 3.940808346e-09 1743.251169 0 3756.147214 2352524.35 1899771.84 3.940808346e-09 0 2329.538416 777313.2461 340372.269 2.627205564e-09 0 211.1007775 3.940808346e-09 0 0 0 5879.108781 3.940808346e-09 0 2.627205564e-09 1680009.598 1242488.824 28735.41103 0 2.627205564e-09 15584.48903 93862.71964 10325.75107 0 3.940808346e-09 2.627205564e-09 0 0 0 2.627205564e-09 2.627205564e-09 0 8813.281779 1102504.386 1454821.964 50261.70448 0 1802.99051 247284.3345 231112.6109 2.627205564e-09 0 2.627205564e-09 2.627205564e-09 0 0 0 240.9581264 1725.441728 0 18705.21282 1412946.717 772039.3355 32547.96695 0 44964.00063 1547952.057 4542305.609 1987.039558 0 18487.18797 10708.11951 0 0 16859.59121 7528.619638 400.4973039 0 10771.15022 2029363.653 1406324.298 24626.50267 0 238.2083388 127983.5408 72475.69307 3122.280331 0 2.627205564e-09 2.627205564e-09 0
$SSageCompEsc
 1514 1665 1545 1417 1314
$obsAgeCompEsc
0 0.002782115 0 0 0 0.001210593 0.51917 0.2961298 0 0 0.0007518605 0.125476 0.05447961 0 0 0 0 0 
0 0 0.001732105 0 0 0 0.6175054 0.3415061 0.006170544 0 0 0.004826115 0.02620199 0.002057763 0 0 0 0 
0 0 0 0 0 0.004444999 0.4066468 0.4271955 0.01232972 0 0.0009108562 0.08004228 0.06842986 0 0 0 0 0 
0 0 4.570794e-05 0 0 0.01168579 0.2934215 0.06695312 0.002972256 0 0.02853112 0.2268392 0.3649197 0 0 0.002778341 0.001853244 0 
0 0.009677213 0 0 0 0.01005209 0.6853009 0.2576676 0 0 0.0002290471 0.02433677 0.01273643 0 0 0 0 0 
$predAgeCompEsc
0 0.001965605949 6.406894375e-16 0.0002297735389 0 0.001191317682 0.4747635268 0.3088614427 5.194280066e-16 0 0.0007388475869 0.1568697804 0.05533710305 3.462853378e-16 0 4.260230064e-05 6.406894375e-16 0 
0 0 0.001702079754 9.392058101e-16 0 1.443110969e-15 0.5965631208 0.3597169485 0.006848459155 0 1.443110969e-15 0.005533975177 0.02717449884 0.002460917797 0 1.399361604e-15 7.606107602e-16 0 
0 0 7.843223231e-16 6.608518047e-16 0 0.004420056352 0.3910143196 0.4343205412 0.01264291556 0 0.0009042397437 0.08770188768 0.06899603989 6.608518047e-16 0 9.317649973e-16 7.843223231e-16 0 
0 0 1.979504186e-05 4.407157526e-05 0 0.01176874335 0.2473331799 0.06342409444 0.0008313466354 0 0.02828996328 0.2709655644 0.3731566602 5.075335897e-05 0 0.003236141131 0.0008796867619 0 
0 0.005737251832 0.001259599663 1.649682738e-05 0 0.01006896908 0.6905843795 0.2352895613 0.001014386762 0 0.000222679319 0.04355228989 0.01212577643 0.0001286094042 0 8.940276041e-16 4.39552986e-16 0 
$SSageCompCatch
 5244 4047 2988
$obsAgeCompCatch
0 0 0.0005572271 0.0004783077 0 0 0.2961169 0.4647138 0.009400373 0 0 0.1251531 0.1014085 0.001576141 0 0.0004573606 0.0001383119 0 
0 0 0 0.0002580301 0 0.0003399781 0.1290739 0.142709 0.002392124 0 0.0003399781 0.1912129 0.5308397 0.0004432622 0 0.002094521 0.0002966553 0 
0 0 0.003441914 0.000165033 0 0.000310571 0.478137 0.3744172 0.009673762 0 0 0.06931853 0.06344138 0.001094652 0 0 0 0 
$predAgeCompCatch
0 0.0007853473414 0.0006141891881 0.0002254516348 0 6.326267209e-05 0.3798794181 0.4281341599 0.008129684005 0 3.698411237e-05 0.08314247667 0.0975246598 0.001251472343 0 0.0001244790743 8.84151254e-05 0 
0 0.0002921944134 0.0002073593614 0.000227311988 0 0.000198649547 0.1854041129 0.1445695435 0.005350444745 0 0.0004403936655 0.1526619974 0.507354813 0.0003663783924 0 0.001745007 0.001181794118 0 
0 0.003716030078 0.002055937955 0.000152869254 0 0.000216415557 0.4674588793 0.4074212822 0.00839907928 0 2.518519518e-05 0.04200063533 0.06730943931 0.001009027898 0 0.000129643502 0.0001055752171 0 
$genSS
 1283 1176 372
$obsGenComp     #GeneticFracData
0.4573027063 0.2831771905 0.1908359183 0.05771170562 0.01097247919 
0.02324177702 0.01031991152 0.03158495658 0.8556048867 0.07924846814 
0.0164380376 0.005487173636 0.01556569243 0.07016476596 0.8923443304 
$predGenComp     #catchGenComp_pred
0.4648804789 0.268472662 0.1947697108 0.06182623586 0.01005091247 
0.02181617282 0.009324171524 0.029481813 0.8737800222 0.06559782046 
0.01744601994 0.005455163362 0.01575698373 0.07378347872 0.8875583542 
#PARAMETERS_OF_INTEREST
$catchByGroup
0 0 0 
3404.255779 249.8164042 65.38644242 
1.798520638e-09 1.42489495e-10 3.744401234e-11 
938.8962324 79.59410262 20.99229529 
0 0 0 
99.60958761 6.094803904 1.580954969 
822248.4677 60339.5188 15793.1441 
867024.8744 68690.86399 18050.8855 
2.122476769e-09 1.79931102e-10 4.745536038e-11 
0 0 0 
61.7772275 3.779958299 0.9804981342 
271684.5951 19937.18247 5218.317978 
155340.3507 12306.98589 3234.083549 
1.414984513e-09 1.19954068e-10 3.163690692e-11 
0 0 0 
73.78341942 5.414489899 1.41717768 
1.798520638e-09 1.42489495e-10 3.744401234e-11 
0 0 0 
0 0 0 
0 0 0 
2680.154743 156.6336316 30.09693027 
2.120328887e-09 1.327544565e-10 2.558327047e-11 
0 0 0 
6.956616957e-11 3.126507007e-12 5.945240357e-13 
586475.2537 31705.38682 6072.649272 
566422.9796 33102.89771 6360.674869 
15460.91988 968.0130419 186.5469538 
0 0 0 
6.956616957e-11 3.126507007e-12 5.945240357e-13 
5440.395799 294.1127561 56.3324972 
42789.9232 2500.72914 480.5115593 
5555.709982 347.8447442 67.03357766 
0 0 0 
1.375698435e-09 7.437151142e-11 1.424464894e-11 
1.197684499e-09 6.999509002e-11 1.344945733e-11 
0 0 0 
0 0 0 
0 0 0 
8.480826348e-10 2.114592806e-10 3.719027178e-11 
1.025183525e-09 2.653765926e-10 4.710406337e-11 
0 0 0 
150.1939459 32.55073847 5.538962296 
265092.5296 63378.52464 11034.51268 
469627.9808 117096.1306 20594.21043 
19613.03374 5076.983719 901.1592184 
0 0 0 
30.72615468 6.659116777 1.133141627 
59458.47529 14215.37773 2474.967139 
74604.96989 18601.85861 3271.590518 
1.025183525e-09 2.653765926e-10 4.710406337e-11 
0 0 0 
6.317004973e-10 1.510274378e-10 2.629461931e-11 
8.480826348e-10 2.114592806e-10 3.719027178e-11 
0 0 0 
0 0 0 
0 0 0 
9.07672187 197.0083875 5.771975772 
82.05796626 1526.313667 52.27969253 
0 0 0 
31.64414886 1352.14296 19.98791494 
37764.41104 987608.2025 23965.22025 
29082.17468 631222.6397 18493.63791 
1547.905056 28791.70359 986.1809164 
0 0 0 
76.06689875 3250.31089 48.04738813 
41372.75459 1081972.965 26255.0679 
171105.4335 3713808.358 108807.6104 
94.49894616 1757.721274 60.20592606 
0 0 0 
494.1147157 12922.00071 313.5642174 
403.3672739 8755.003991 256.505175 
0 0 0 
0 0 0 
178.6539857 1914.827349 8963.067125 
112.8209817 1182.52406 4959.230697 
7.60071106 78.07197849 298.1386125 
0 0 0 
7.169129048 80.85325775 498.6946416 
21504.31173 230484.8898 1078870.918 
21074.63195 220892.0623 926369.9012 
467.3662703 4800.631035 18332.4863 
0 0 0 
0.1585481853 1.78810246 11.02883347 
1356.187667 14535.72516 68039.90991 
1086.092702 11383.79343 47740.98031 
59.25520699 608.6497972 2324.291117 
0 0 0 
2.783939061e-11 2.983847593e-10 1.396701707e-09 
3.937028635e-11 4.126564947e-10 1.730585301e-09 
0 0 0 
$escByGroup
 5e-101 6020.413114 1.962354201e-09 703.768539 5e-101 3648.861867 1454143.219 946005.2159 1.590945115e-09 5e-101 2263.000732 480473.1505 169490.8489 1.060630077e-09 5e-101 130.4856905 1.962354201e-09 5e-101 5e-101 5e-101 3012.223476 1.662141732e-09 5e-101 2.553918364e-09 1055756.308 636602.2713 12119.93116 5e-101 2.553918364e-09 9793.647982 48091.55574 4355.162763 5e-101 2.476493751e-09 1.346076518e-09 5e-101 5e-101 5e-101 1.530473377e-09 1.289541383e-09 5e-101 8624.998133 762998.819 847503.642 24670.5278 5e-101 1764.472097 171135.5144 134634.1919 1.289541383e-09 5e-101 1.81818301e-09 1.530473377e-09 5e-101 5e-101 5e-101 29.10104121 64.79040242 5e-101 17301.43779 363608.883 93240.8832 1222.177395 5e-101 41589.57546 398351.2696 548584.2072 74.61341084 5e-101 4757.508324 1293.24307 5e-101 5e-101 5803.042751 1274.043899 16.68600182 5e-101 10184.4332 698503.5336 237987.7026 1026.019063 5e-101 225.2328547 44051.71806 12264.82662 130.0842098 5e-101 9.042797073e-10 4.445934821e-10 5e-101
$catchByGroup
0 3404.255779 1.798520638e-09 938.8962324 0 99.60958761 822248.4677 867024.8744 2.122476769e-09 0 61.7772275 271684.5951 155340.3507 1.414984513e-09 0 73.78341942 1.798520638e-09 0 0 0 2680.154743 2.120328887e-09 0 6.956616957e-11 586475.2537 566422.9796 15460.91988 0 6.956616957e-11 5440.395799 42789.9232 5555.709982 0 1.375698435e-09 1.197684499e-09 0 0 0 8.480826348e-10 1.025183525e-09 0 150.1939459 265092.5296 469627.9808 19613.03374 0 30.72615468 59458.47529 74604.96989 1.025183525e-09 0 6.317004973e-10 8.480826348e-10 0 0 0 9.07672187 82.05796626 0 31.64414886 37764.41104 29082.17468 1547.905056 0 76.06689875 41372.75459 171105.4335 94.49894616 0 494.1147157 403.3672739 0 0 178.6539857 112.8209817 7.60071106 0 7.169129048 21504.31173 21074.63195 467.3662703 0 0.1585481853 1356.187667 1086.092702 59.25520699 0 2.783939061e-11 3.937028635e-11 0 
0 249.8164042 1.42489495e-10 79.59410262 0 6.094803904 60339.5188 68690.86399 1.79931102e-10 0 3.779958299 19937.18247 12306.98589 1.19954068e-10 0 5.414489899 1.42489495e-10 0 0 0 156.6336316 1.327544565e-10 0 3.126507007e-12 31705.38682 33102.89771 968.0130419 0 3.126507007e-12 294.1127561 2500.72914 347.8447442 0 7.437151142e-11 6.999509002e-11 0 0 0 2.114592806e-10 2.653765926e-10 0 32.55073847 63378.52464 117096.1306 5076.983719 0 6.659116777 14215.37773 18601.85861 2.653765926e-10 0 1.510274378e-10 2.114592806e-10 0 0 0 197.0083875 1526.313667 0 1352.14296 987608.2025 631222.6397 28791.70359 0 3250.31089 1081972.965 3713808.358 1757.721274 0 12922.00071 8755.003991 0 0 1914.827349 1182.52406 78.07197849 0 80.85325775 230484.8898 220892.0623 4800.631035 0 1.78810246 14535.72516 11383.79343 608.6497972 0 2.983847593e-10 4.126564947e-10 0 
0 65.38644242 3.744401234e-11 20.99229529 0 1.580954969 15793.1441 18050.8855 4.745536038e-11 0 0.9804981342 5218.317978 3234.083549 3.163690692e-11 0 1.41717768 3.744401234e-11 0 0 0 30.09693027 2.558327047e-11 0 5.945240357e-13 6072.649272 6360.674869 186.5469538 0 5.945240357e-13 56.3324972 480.5115593 67.03357766 0 1.424464894e-11 1.344945733e-11 0 0 0 3.719027178e-11 4.710406337e-11 0 5.538962296 11034.51268 20594.21043 901.1592184 0 1.133141627 2474.967139 3271.590518 4.710406337e-11 0 2.629461931e-11 3.719027178e-11 0 0 0 5.771975772 52.27969253 0 19.98791494 23965.22025 18493.63791 986.1809164 0 48.04738813 26255.0679 108807.6104 60.20592606 0 313.5642174 256.505175 0 0 8963.067125 4959.230697 298.1386125 0 498.6946416 1078870.918 926369.9012 18332.4863 0 11.02883347 68039.90991 47740.98031 2324.291117 0 1.396701707e-09 1.730585301e-09 0 
$Fmort
 0.4121758434 0.5011915958 0.2799027734
#ESTIMATED_PARAMETERS
$availability
1.834343087 1.831543333 1.17311535 0.1155572509 0.04544098202 
0.09114803205 0.06683461856 0.2076844645 4.211422695 0.4229101883 
0.04230994535 0.02274566626 0.06318317098 0.1074511671 4.764310047 
$availabilityVector
 1.834343087 0.09114803205 0.04230994535 1.831543333 0.06683461856 0.02274566626 1.17311535 0.2076844645 0.06318317098 0.1155572509 4.211422695 0.1074511671 0.04544098202 0.4229101883 4.764310047
$selectivity
 0.03554828405 0.5687830795 0.8061555765 1.023006532 2.566506564
$RunSize
 0 9739.87174 3.940808346e-09 1743.251169 0 3756.147214 2352524.35 1899771.84 3.940808346e-09 0 2329.538416 777313.2461 340372.269 2.627205564e-09 0 211.1007775 3.940808346e-09 0 0 0 5879.108781 3.940808346e-09 0 2.627205564e-09 1680009.598 1242488.824 28735.41103 0 2.627205564e-09 15584.48903 93862.71964 10325.75107 0 3.940808346e-09 2.627205564e-09 0 0 0 2.627205564e-09 2.627205564e-09 0 8813.281779 1102504.386 1454821.964 50261.70448 0 1802.99051 247284.3345 231112.6109 2.627205564e-09 0 2.627205564e-09 2.627205564e-09 0 0 0 240.9581264 1725.441728 0 18705.21282 1412946.717 772039.3355 32547.96695 0 44964.00063 1547952.057 4542305.609 1987.039558 0 18487.18797 10708.11951 0 0 16859.59121 7528.619638 400.4973039 0 10771.15022 2029363.653 1406324.298 24626.50267 0 238.2083388 127983.5408 72475.69307 3122.280331 0 2.627205564e-09 2.627205564e-09 0
