$ndistricts
3
$ngroups
90
$nstocks
5
$nagecomps
18
$AgeCompLabels
 0.1 0.2 0.3 0.4 0.5 1.1 1.2 1.3 1.4 1.5 2.1 2.2 2.3 2.4 3.1 3.2 3.3 3.4
$navailpar
15
$nselectpar
5
$GENdata
 -1 -1 -1
$maxGradient
1.096716963e-05
#LIKELIHOOD_VALUES_AND_PENALTIES
$totalNLL
708.6943685
$NLLcatch
0.6773740579
$NLLescape
-6.908866041
$NLLagecompCatch
204.3270825
$NLLagecompEsc
510.598778
$NLLgenetics
0
$NLLselOne
8.308965076e-19
$NLLavailOne
1.945099676e-09
$NLLextra
3.9e-198
$sigmaCat
0.5
$sigmaEsc
0.1
#OBSERVED_AND_PREDICTED_VALUES
$predEsc
 224059.9433 35236.61778 358760.0564 330628.0002 38986.10948
$obsEsc
 226554 35280 356676 328842 38988
$predCatch
 168248.9942 221336.9802 3919.999948
$obsCatch
 168249 221337 3920
$RunSize
 0 0 510.7720234 0 0 416.751455 101936.1065 26328.27681 44.17391072 0 4174.904565 71020.84316 75075.24067 764.939213 0 1.60853364e-09 1.60853364e-09 0 0 0 3.829841999e-10 0 0 3.063873599e-10 929.207348 36043.30303 2.297905199e-10 0 0 470.502027 6185.133619 0 0 3.063873599e-10 3.063873599e-10 0 0 0 1.003418604e-08 0 0 412.0505272 31618.01327 139777.9123 2.374502039e-09 0 3011.35802 60641.21334 235667.439 357.6542556 0 1.99151784e-09 2.604292559e-09 0 0 0 2.221308359e-09 0 0 2.374502039e-09 6015.911617 32130.29724 2.374502039e-09 0 2315.014332 62330.0829 434384.3171 0 0 460.3971888 4595.47936 0 0 0 3.063873599e-10 0 0 3.063873599e-10 3124.101319 6912.794885 3.063873599e-10 0 219.3099294 9278.880127 23995.61658 0 0 28.70388213 3.829841999e-10 0
$SSageCompEsc
 1021 44 755 915 411
$obsAgeCompEsc
0 0 0.001211974 0 0 0.001719891 0.377259 0.09430678 0.0001949698 0 0.01844733 0.2415338 0.2619501 0.003376202 0 0 0 0 
0 0 0 0 0 0 0.02121212 0.8268398 0 0 0 0.01060606 0.141342 0 0 0 0 0 
0 0 0 0 0 0.001013171 0.07429712 0.3056736 0 0 0.008482452 0.1205582 0.4889728 0.001002726 0 0 0 0 
0 0 0 0 0 0 0.01407605 0.06771066 0 0 0.007067943 0.09511071 0.7999874 0 0 0.001685543 0.01436167 0 
0 0 0 0 0 0 0.07158604 0.1591042 0 0 0.005616006 0.2115985 0.551432 0 0 0.0006632399 0 0 
$predAgeCompEsc
0 0 0.001827712717 0 0 0.001853292174 0.3602755506 0.0942113588 0.0001971521726 0 0.01856578511 0.2510108955 0.2686442598 0.00341399313 0 5.685084144e-15 5.755870046e-15 0 
0 0 8.781694909e-15 0 0 8.66468606e-15 0.02105529105 0.8264604409 6.521354872e-15 0 0 0.01066129873 0.1418229693 0 0 6.942557064e-15 7.025355927e-15 0 
0 0 2.129303065e-14 0 0 0.00114345862 0.06607064574 0.2966155261 6.618634359e-15 0 0.008356653027 0.1267190348 0.5000977642 0.0009969175454 0 4.161579305e-15 5.526435436e-15 0 
0 0 4.099981659e-15 0 0 7.124280455e-15 0.01079811557 0.0593045215 7.181791337e-15 0 0.006945797933 0.1118778801 0.8017651965 0 0 0.0008263788378 0.008482109659 0 
0 0 7.042153174e-15 0 0 7.844919259e-15 0.07136234032 0.1588869738 7.858884693e-15 0 0.00561533834 0.2119529854 0.5515266931 0 0 0.0006556689415 8.802691467e-15 0 
$SSageCompCatch
 1191 925 0
$obsAgeCompCatch
0 0 0.001179802 0 0 0.0002690776 0.1306295 0.2382934 0 0 0 0.1780238 0.4513353 0 0 0 0.0002690776 0 
0 0 0 0 0 0 0.01809012 0.06541433 0 0 0 0.1449443 0.7694762 0 0 0 0.002075099 0 
0 0 0 0 0 0.001157407 0.174839 0.1633478 0.001397907 0 0 0.4750699 0.1672706 0 0 0.01691729 0 0 
$predAgeCompCatch
0 0 0.000534890122 0 0 1.772902821e-05 0.1555809183 0.2452480824 3.261393832e-11 0 0.0001558195107 0.1663358358 0.4315541946 8.889001188e-10 0 5.584837318e-05 0.0005166810144 0 
0 0 4.983068846e-05 0 0 1.527599095e-06 0.02568075904 0.07671515057 2.792283212e-12 0 9.37762748e-05 0.1251763253 0.7638321329 7.634578212e-11 0 0.0008048119213 0.007645685571 0 
0 0 5.885622153e-05 0 0 1.315947839e-06 0.0616991653 0.1284070747 3.263032636e-12 0 8.588452407e-05 0.1830279098 0.6229860119 7.358717541e-11 0 0.0007102128595 0.003023568736 0 
$genSS
 -1 -1 -1
$obsGenComp     #GeneticFracData
0 0 0 0 0 
0 0 0 0 0 
0 0 0 0 0 
$predGenComp     #catchGenComp_pred
0 0 0 0 0 
0 0 0 0 0 
0 0 0 0 0 
#PARAMETERS_OF_INTEREST
$catchByGroup
0 0 0 
0 0 0 
89.99472505 11.0293741 0.2307163854 
0 0 0 
0 0 0 
1.34775202 0.1520168267 0.003146756938 
18844.28794 2319.941535 48.55758259 
4638.871991 568.5205947 11.89251678 
5.48726232e-06 6.180355333e-07 1.279108775e-08 
0 0 0 
13.50141911 1.522863894 0.03152336902 
13129.17732 1616.347824 33.83100038 
13227.77156 1621.139916 33.91158357 
9.502038765e-05 1.070223593e-05 2.214973598e-07 
0 0 0 
2.973595137e-10 3.660826501e-11 7.662300213e-13 
2.834132177e-10 3.473392914e-11 7.265767311e-13 
0 0 0 
0 0 0 
0 0 0 
6.76954727e-11 5.666113752e-12 1.853864881e-13 
0 0 0 
0 0 0 
9.943379943e-13 7.631186269e-14 2.479189431e-15 
172.3239165 14.49185132 0.4743371614 
6370.937592 533.2477293 17.44704186 
2.864539334e-17 2.195135071e-18 7.130609213e-20 
0 0 0 
0 0 0 
87.25582314 7.33791595 0.2401795427 
1093.271065 91.50683153 2.993962154 
0 0 0 
0 0 0 
5.682033181e-11 4.778395345e-12 1.564031009e-13 
5.415637816e-11 4.532891002e-12 1.483091905e-13 
0 0 0 
0 0 0 
0 0 0 
2.124572849e-09 2.67593372e-10 2.930939661e-12 
0 0 0 
0 0 0 
1.635139146 0.1860973439 0.002011758523 
7016.194631 888.5704945 9.739549682 
29595.6599 3727.621028 40.82848626 
3.620709918e-16 4.113525332e-17 4.445830477e-19 
0 0 0 
11.94996501 1.360041286 0.01470238421 
13456.58729 1704.218177 18.67979829 
49898.68043 6284.819162 68.83737667 
5.453616332e-05 6.195908936e-06 6.696436404e-08 
0 0 0 
4.419277282e-10 5.596822218e-11 6.134631793e-13 
5.51415854e-10 6.945171487e-11 7.607018967e-13 
0 0 0 
0 0 0 
0 0 0 
4.201970619e-11 8.17990849e-10 5.729067491e-12 
0 0 0 
0 0 0 
7.577503062e-13 1.815521e-11 1.024795454e-13 
119.9507591 2309.439783 16.36172052 
607.797492 11831.89583 82.86856734 
2.906359049e-17 6.989090368e-16 3.93007115e-18 
0 0 0 
0.7387666087 17.70037282 0.09991215524 
1242.794315 23927.80716 169.521672 
8217.094805 159960.8604 1120.338407 
0 0 0 
0 0 0 
9.179821078 176.7412242 1.252161037 
86.93106102 1692.272956 11.85238929 
0 0 0 
0 0 0 
0 0 0 
2.192874618e-12 1.412156473e-11 1.552676598e-11 
0 0 0 
0 0 0 
3.677772201e-14 2.415216116e-13 2.661794958e-13 
23.57577947 151.6579923 166.7275348 
49.47623312 318.6145814 350.3191139 
1.41047286e-18 9.265760387e-18 1.021214922e-17 
0 0 0 
0.0263252362 0.1728794804 0.1905294215 
70.02232298 450.438762 495.1967467 
171.7413491 1105.971385 1216.023805 
0 0 0 
0 0 0 
0.2166115391 1.393416119 1.531873335 
2.741093273e-12 1.765195591e-11 1.940845747e-11 
0 0 0 
$escByGroup
 5e-101 5e-101 409.5172078 5e-101 5e-101 415.2485394 80723.31945 21108.99171 44.17390461 5e-101 4159.848759 56241.48701 60192.41761 764.9391071 5e-101 1.273799631e-09 1.289659916e-09 5e-101 5e-101 5e-101 3.09437227e-10 5e-101 5e-101 3.053142309e-10 741.917243 29121.67067 2.29790489e-10 5e-101 5e-101 375.6681083 4997.361761 5e-101 5e-101 2.446322297e-10 2.475497816e-10 5e-101 5e-101 5e-101 7.639088877e-09 5e-101 5e-101 410.227279 23703.50859 106413.8029 2.374501636e-09 5e-101 2998.033311 45461.72808 179415.1021 357.6541948 5e-101 1.493008426e-09 1.982664289e-09 5e-101 5e-101 5e-101 1.355568737e-09 5e-101 5e-101 2.3554866e-09 3570.159355 19607.73535 2.374501308e-09 5e-101 2296.475281 36989.95975 265086.0235 5e-101 5e-101 273.2239826 2804.422954 5e-101 5e-101 5e-101 2.745461546e-10 5e-101 5e-101 3.058428811e-10 2782.140013 6194.384957 3.06387339e-10 5e-101 218.9201953 8263.222295 21501.88004 5e-101 5e-101 25.56198114 3.431826933e-10 5e-101
$catchByGroup
0 0 89.99472505 0 0 1.34775202 18844.28794 4638.871991 5.48726232e-06 0 13.50141911 13129.17732 13227.77156 9.502038765e-05 0 2.973595137e-10 2.834132177e-10 0 0 0 6.76954727e-11 0 0 9.943379943e-13 172.3239165 6370.937592 2.864539334e-17 0 0 87.25582314 1093.271065 0 0 5.682033181e-11 5.415637816e-11 0 0 0 2.124572849e-09 0 0 1.635139146 7016.194631 29595.6599 3.620709918e-16 0 11.94996501 13456.58729 49898.68043 5.453616332e-05 0 4.419277282e-10 5.51415854e-10 0 0 0 4.201970619e-11 0 0 7.577503062e-13 119.9507591 607.797492 2.906359049e-17 0 0.7387666087 1242.794315 8217.094805 0 0 9.179821078 86.93106102 0 0 0 2.192874618e-12 0 0 3.677772201e-14 23.57577947 49.47623312 1.41047286e-18 0 0.0263252362 70.02232298 171.7413491 0 0 0.2166115391 2.741093273e-12 0 
0 0 11.0293741 0 0 0.1520168267 2319.941535 568.5205947 6.180355333e-07 0 1.522863894 1616.347824 1621.139916 1.070223593e-05 0 3.660826501e-11 3.473392914e-11 0 0 0 5.666113752e-12 0 0 7.631186269e-14 14.49185132 533.2477293 2.195135071e-18 0 0 7.33791595 91.50683153 0 0 4.778395345e-12 4.532891002e-12 0 0 0 2.67593372e-10 0 0 0.1860973439 888.5704945 3727.621028 4.113525332e-17 0 1.360041286 1704.218177 6284.819162 6.195908936e-06 0 5.596822218e-11 6.945171487e-11 0 0 0 8.17990849e-10 0 0 1.815521e-11 2309.439783 11831.89583 6.989090368e-16 0 17.70037282 23927.80716 159960.8604 0 0 176.7412242 1692.272956 0 0 0 1.412156473e-11 0 0 2.415216116e-13 151.6579923 318.6145814 9.265760387e-18 0 0.1728794804 450.438762 1105.971385 0 0 1.393416119 1.765195591e-11 0 
0 0 0.2307163854 0 0 0.003146756938 48.55758259 11.89251678 1.279108775e-08 0 0.03152336902 33.83100038 33.91158357 2.214973598e-07 0 7.662300213e-13 7.265767311e-13 0 0 0 1.853864881e-13 0 0 2.479189431e-15 0.4743371614 17.44704186 7.130609213e-20 0 0 0.2401795427 2.993962154 0 0 1.564031009e-13 1.483091905e-13 0 0 0 2.930939661e-12 0 0 0.002011758523 9.739549682 40.82848626 4.445830477e-19 0 0.01470238421 18.67979829 68.83737667 6.696436404e-08 0 6.134631793e-13 7.607018967e-13 0 0 0 5.729067491e-12 0 0 1.024795454e-13 16.36172052 82.86856734 3.93007115e-18 0 0.09991215524 169.521672 1120.338407 0 0 1.252161037 11.85238929 0 0 0 1.552676598e-11 0 0 2.661794958e-13 166.7275348 350.3191139 1.021214922e-17 0 0.1905294215 495.1967467 1216.023805 0 0 1.531873335 1.940845747e-11 0 
$Fmort
 0.0782944587 0.06841778065 0.006697288279
#ESTIMATED_PARAMETERS
$availability
1.4851545 1.4904055 1.823068357 0.1463384521 0.05503964531 
0.1914217929 0.1306991979 0.2370202286 4.027095714 0.4137652429 
0.04047206131 0.04337187881 0.02616941697 0.23133515 4.65865 
$availabilityVector
 1.4851545 0.1914217929 0.04047206131 1.4904055 0.1306991979 0.04337187881 1.823068357 0.2370202286 0.02616941697 0.1463384521 4.027095714 0.23133515 0.05503964531 0.4137652429 4.65865
$selectivity
 0.02785693917 1.757835205 1.666844645 1.068285266e-06 1.547462143
$RunSize
 0 0 510.7720234 0 0 416.751455 101936.1065 26328.27681 44.17391072 0 4174.904565 71020.84316 75075.24067 764.939213 0 1.60853364e-09 1.60853364e-09 0 0 0 3.829841999e-10 0 0 3.063873599e-10 929.207348 36043.30303 2.297905199e-10 0 0 470.502027 6185.133619 0 0 3.063873599e-10 3.063873599e-10 0 0 0 1.003418604e-08 0 0 412.0505272 31618.01327 139777.9123 2.374502039e-09 0 3011.35802 60641.21334 235667.439 357.6542556 0 1.99151784e-09 2.604292559e-09 0 0 0 2.221308359e-09 0 0 2.374502039e-09 6015.911617 32130.29724 2.374502039e-09 0 2315.014332 62330.0829 434384.3171 0 0 460.3971888 4595.47936 0 0 0 3.063873599e-10 0 0 3.063873599e-10 3124.101319 6912.794885 3.063873599e-10 0 219.3099294 9278.880127 23995.61658 0 0 28.70388213 3.829841999e-10 0
