$ndistricts
3
$ngroups
90
$nstocks
5
$nagecomps
18
$AgeCompLabels
 0.1 0.2 0.3 0.4 0.5 1.1 1.2 1.3 1.4 1.5 2.1 2.2 2.3 2.4 3.1 3.2 3.3 3.4
$navailpar
15
$nselectpar
5
$GENdata
 1 1 1
$maxGradient
265.5903734
#LIKELIHOOD_VALUES_AND_PENALTIES
$totalNLL
794.6773287
$NLLcatch
0.6773740579
$NLLescape
-6.751736012
$NLLagecompCatch
262.6797407
$NLLagecompEsc
317.603987
$NLLgenetics
220.4582061
$NLLselOne
0.001131036479
$NLLavailOne
3.17894579e-005
$NLLextra
0.008593920665
$sigmaCat
0.5
$sigmaEsc
0.1
#OBSERVED_AND_PREDICTED_VALUES
$predEsc
 2330461.298 818675.3708 2873472.869 2467763.709 1538607.31
$obsEsc
 2371242 820458 2911470 2340210 1547748
$predCatch
 8564877.773 14686547.88 1038187.9
$obsCatch
 8564879 14686551 1038188
$RunSize
 0 0 0 0 0 2917.434583 4891479.642 1587767.416 11728.12017 0 16.09997526 36573.64015 20199.29851 0 0 0 36.27632343 0 0 0 0 0 0 4743.524788 1040031.749 481480.7684 0.9318999876 0 0.0691287445 16221.32858 7070.092406 0 0 0 0.0002148902701 0 0 0 0 0 0 1099.360363 4324290.85 2604713.215 824.8236674 0 0.06296384058 198408.0495 137389.6256 0 0 0 2.206772007 0 0 0 0 0 0 31427.56141 11585915.38 1967768.838 0.3667324516 0 71224.14676 1288854.679 485677.4769 0 0 0 2171.423395 0 0 0 0 0 0 52938.88672 1836058.893 1538036.062 2165.640076 0 6433.042175 51729.95618 31196.28361 0 0 0 0.883730898 0
$SSageCompEsc
 1 1 1 1 1
$obsAgeCompEsc
0 0 0 0 0 0.001094785 0.889471 0.1027002 0 0 0 0.005772081 0.0009619432 0 0 0 0 0 
0 0 0 0 0 0.005466459 0.755383 0.22441 0 0 0 0.01151552 0.003226247 0 0 0 0 0 
0 0 0 0 0 0.0003548036 0.7578739 0.2033045 0 0 0 0.03002332 0.008443845 0 0 0 0 0 
0 0 0 0 0 0.01142077 0.8472479 0.02037979 0 0 0.02530328 0.09077519 0.004873067 0 0 0 0 0 
0 0 0 0 0 0.03290717 0.6584308 0.2866862 0 0 0.004083352 0.01566986 0.002221938 0 0 0 0 0 
$predAgeCompEsc
0 0 0 0 0 0.001150294345 0.8628093045 0.1279521051 7.022605494e-009 0 6.347943704e-006 0.006451233436 0.001627784233 0 0 0 2.923370201e-006 0 
0 0 0 0 0 0.005502574703 0.7485476621 0.2308840803 2.225894737e-007 0 8.019059619e-008 0.01167506434 0.003390315647 0 0 0 1.03046156e-010 0 
0 0 0 0 0 0.0003571098049 0.7240704408 0.2301964598 1.174915611e-005 0 2.045280655e-008 0.03322195681 0.01214206817 0 0 0 1.950276524e-007 0 
0 0 0 0 0 0.01084633999 0.8543228581 0.01219001709 -1.18793341e-008 0 0.0245810135 0.09503763638 0.003008695242 0 0 0 1.345162489e-005 0 
0 0 0 0 0 0.03255571796 0.6427539869 0.2965574471 5.218838153e-005 0 0.003956114675 0.01810924241 0.006015132192 0 0 0 1.703971614e-007 0 
$SSageCompCatch
 1 1 1
$obsAgeCompCatch
0 0 0 0 0 0.0001661436 0.5236281 0.4289799 0.00134783 0 0 0.02397816 0.02189967 0 0 0 0 0 
0 0 0 0 0 0.0002476415 0.7311913 0.1711992 0 0 0.00114581 0.07143195 0.02461197 0 0 0 0.0001721303 0 
0 0 0 0 0 0.0009073501 0.4359548 0.5140524 0.001079766 0 0 0.0253403 0.02266641 0 0 0 0 0 
$predAgeCompCatch
0 0 0 0 0 7.080826764e-005 0.6071710761 0.3583947296 0.001230311702 0 2.99084636e-005 0.01806384127 0.01502214477 0 0 0 1.717982736e-005 0 
0 0 0 0 0 0.0004200473176 0.6942678829 0.2013508495 0.0002104799766 0 0.0007109227014 0.07034924597 0.03255488906 0 0 0 0.0001356825318 0 
0 0 0 0 0 0.001235715287 0.4620175586 0.498920277 0.0009410255666 0 0.0002064176596 0.02064869017 0.01600131477 0 0 0 2.900093272e-005 0 
$genSS
 909 729 186
$obsGenComp     #GeneticFracData
0.437752281 0.07209222881 0.3997542897 0.09005482629 0.0003463742207 
0.02671461426 0.006440184499 0.04746778574 0.8438958837 0.07548153177 
0.006285009845 0.0001693102481 0.0006905805879 0.1401010494 0.85275405 
$predGenComp     #catchGenComp_pred
0.4352727434 0.07256770719 0.4248176188 0.06677643483 0.0005654958169 
0.03308261675 0.007424008836 0.05134395833 0.8342677416 0.07388167445 
0.006096535775 0.000295216404 0.0006538710514 0.1356508143 0.8573035625 
#PARAMETERS_OF_INTEREST
$catchByGroup
0 0 0 
0 0 0 
0 0 0 
0 0 0 
0 0 0 
216.4023809 20.06380478 0.2519458042 
2562260.962 314409.8339 4065.154085 
1122215.239 165183.4295 2181.318295 
9903.732314 1799.942914 24.42857854 
0 0 0 
1.194224885 0.1107228805 0.001390372637 
19158.04976 2350.84534 30.39519604 
14276.62539 2101.43461 27.75034866 
0 0 0 
0 0 0 
0 0 0 
25.63967655 3.774008368 0.04983740514 
0 0 0 
0 0 0 
0 0 0 
0 0 0 
0 0 0 
0 0 0 
208.7669182 29.85448445 0.08100003671 
365711.3982 61331.85727 170.9586899 
246292.2028 46038.59357 130.8620028 
0.6175327244 0.1317546247 0.0003841185295 
0 0 0 
0.003042420055 0.0004350779474 1.18043672e-006 
5703.984289 956.5902293 2.666435026 
3616.569439 676.033462 1.921585478 
0 0 0 
0 0 0 
0 0 0 
0.000109922974 2.054754095e-005 5.840518038e-008 
0 0 0 
0 0 0 
0 0 0 
0 0 0 
0 0 0 
0 0 0 
63.1810689 10.02540058 0.008557619367 
1878325.028 365045.0094 324.0453076 
1589473.243 353453.95 322.7405103 
627.2395452 163.6682405 0.1550003252 
0 0 0 
0.003618579389 0.0005741863592 4.901218926e-007 
86181.71583 16749.0742 14.867917 
83839.22362 18643.47506 17.0234472 
0 0 0 
0 0 0 
0 0 0 
1.346637717 0.2994541888 0.0002734330673 
0 0 0 
0 0 0 
0 0 0 
0 0 0 
0 0 0 
0 0 0 
112.1834202 4521.92431 27.24947703 
392069.527 8989230.041 96348.87021 
108885.9532 1801815.903 26984.90002 
0.03033392344 0.3581134 0.007600517757 
0 0 0 
254.240801 10248.01755 61.75537218 
43615.08157 999991.008 10718.15978 
26874.83103 444717.583 6660.313905 
0 0 0 
0 0 0 
0 0 0 
120.1551227 1988.295134 29.77770664 
0 0 0 
0 0 0 
0 0 0 
0 0 0 
0 0 0 
0 0 0 
5.930369552 1587.177041 1255.313679 
1979.138761 466381.7607 378752.0109 
2740.416031 590657.0157 488353.1741 
5.84962578 1127.123232 952.3697938 
0 0 0 
0.7206482758 192.8710155 152.5435524 
55.76115329 13140.0513 10671.13098 
55.58438963 11980.41076 9905.362104 
0 0 0 
0 0 0 
0 0 0 
0.001574599179 0.3393820651 0.2805999155 
0 0 0 
$escByGroup
 5e-101 5e-101 5e-101 5e-101 5e-101 2680.716452 2010743.692 298187.429 0.01636591032 5e-101 14.79363713 15034.34985 3793.488158 5e-101 5e-101 5e-101 6.812801113 5e-101 5e-101 5e-101 5e-101 5e-101 5e-101 4504.822385 612817.5348 189019.1101 0.1822285199 5e-101 0.06565006606 9558.087627 2775.56792 5e-101 5e-101 5e-101 8.436134998e-005 5e-101 5e-101 5e-101 5e-101 5e-101 5e-101 1026.145336 2080596.767 661463.2817 33.76088131 5e-101 0.05877058471 95462.39156 34889.90346 5e-101 5e-101 5e-101 0.560406668 5e-101 5e-101 5e-101 5e-101 5e-101 5e-101 26766.2042 2108266.945 30082.08178 3.41117759e-199 5e-101 60660.13305 234530.4301 7424.74893 5e-101 5e-101 5e-101 33.19543173 5e-101 5e-101 5e-101 5e-101 5e-101 5e-101 50090.46563 988945.9827 456285.456 80.29742532 5e-101 6086.906959 27863.01275 9254.926361 5e-101 5e-101 5e-101 0.2621743181 5e-101
$catchByGroup
0 0 0 0 0 216.4023809 2562260.962 1122215.239 9903.732314 0 1.194224885 19158.04976 14276.62539 0 0 0 25.63967655 0 0 0 0 0 0 208.7669182 365711.3982 246292.2028 0.6175327244 0 0.003042420055 5703.984289 3616.569439 0 0 0 0.000109922974 0 0 0 0 0 0 63.1810689 1878325.028 1589473.243 627.2395452 0 0.003618579389 86181.71583 83839.22362 0 0 0 1.346637717 0 0 0 0 0 0 112.1834202 392069.527 108885.9532 0.03033392344 0 254.240801 43615.08157 26874.83103 0 0 0 120.1551227 0 0 0 0 0 0 5.930369552 1979.138761 2740.416031 5.84962578 0 0.7206482758 55.76115329 55.58438963 0 0 0 0.001574599179 0 
0 0 0 0 0 20.06380478 314409.8339 165183.4295 1799.942914 0 0.1107228805 2350.84534 2101.43461 0 0 0 3.774008368 0 0 0 0 0 0 29.85448445 61331.85727 46038.59357 0.1317546247 0 0.0004350779474 956.5902293 676.033462 0 0 0 2.054754095e-005 0 0 0 0 0 0 10.02540058 365045.0094 353453.95 163.6682405 0 0.0005741863592 16749.0742 18643.47506 0 0 0 0.2994541888 0 0 0 0 0 0 4521.92431 8989230.041 1801815.903 0.3581134 0 10248.01755 999991.008 444717.583 0 0 0 1988.295134 0 0 0 0 0 0 1587.177041 466381.7607 590657.0157 1127.123232 0 192.8710155 13140.0513 11980.41076 0 0 0 0.3393820651 0 
0 0 0 0 0 0.2519458042 4065.154085 2181.318295 24.42857854 0 0.001390372637 30.39519604 27.75034866 0 0 0 0.04983740514 0 0 0 0 0 0 0.08100003671 170.9586899 130.8620028 0.0003841185295 0 1.18043672e-006 2.666435026 1.921585478 0 0 0 5.840518038e-008 0 0 0 0 0 0 0.008557619367 324.0453076 322.7405103 0.1550003252 0 4.901218926e-007 14.867917 17.0234472 0 0 0 0.0002734330673 0 0 0 0 0 0 27.24947703 96348.87021 26984.90002 0.007600517757 0 61.75537218 10718.15978 6660.313905 0 0 0 29.77770664 0 0 0 0 0 0 1255.313679 378752.0109 488353.1741 952.3697938 0 152.5435524 10671.13098 9905.362104 0 0 0 0.2805999155 0 
$Fmort
 0.3793795378 0.4268976442 0.05123071574
#ESTIMATED_PARAMETERS
$availability
2.083226601 1.216591526 1.599865555 0.09665886185 0.003028159054 
0.16577055 0.1516618027 0.2200629879 3.731704386 0.7312086118 
0.01728684107 0.003418051736 0.001558136367 0.1736307806 4.803624546 
$availabilityVector
 2.083226601 0.16577055 0.01728684107 1.216591526 0.1516618027 0.003418051736 1.599865555 0.2200629879 0.001558136367 0.09665886185 3.731704386 0.1736307806 0.003028159054 0.7312086118 4.803624546
$selectivity
 0.09751663216 0.9387959891 1.55233192 2.354379227 0.0622937414
$RunSize
 0 0 0 0 0 2917.434583 4891479.642 1587767.416 11728.12017 0 16.09997526 36573.64015 20199.29851 0 0 0 36.27632343 0 0 0 0 0 0 4743.524788 1040031.749 481480.7684 0.9318999876 0 0.0691287445 16221.32858 7070.092406 0 0 0 0.0002148902701 0 0 0 0 0 0 1099.360363 4324290.85 2604713.215 824.8236674 0 0.06296384058 198408.0495 137389.6256 0 0 0 2.206772007 0 0 0 0 0 0 31427.56141 11585915.38 1967768.838 0.3667324516 0 71224.14676 1288854.679 485677.4769 0 0 0 2171.423395 0 0 0 0 0 0 52938.88672 1836058.893 1538036.062 2165.640076 0 6433.042175 51729.95618 31196.28361 0 0 0 0.883730898 0
