$ndistricts
3
$ngroups
90
$nstocks
5
$nagecomps
18
$AgeCompLabels
 0.1 0.2 0.3 0.4 0.5 1.1 1.2 1.3 1.4 1.5 2.1 2.2 2.3 2.4 3.1 3.2 3.3 3.4
$navailpar
15
$nselectpar
5
$GENdata
 -1 -1 -1
$maxGradient
2.262723648e-06
#LIKELIHOOD_VALUES_AND_PENALTIES
$totalNLL
817.7568814
$NLLcatch
0.6773740579
$NLLescape
-6.88874435
$NLLagecompCatch
355.8522665
$NLLagecompEsc
468.1159852
$NLLgenetics
0
$NLLselOne
2.236272373e-17
$NLLavailOne
1.945099676e-09
$NLLextra
3.5e-198
$sigmaCat
0.5
$sigmaEsc
0.1
#OBSERVED_AND_PREDICTED_VALUES
$predEsc
 10685484.22 550866.5341 1223426.808 1163257.124 1269959.272
$obsEsc
 10490670 549193.5 1242474 1165345 1270318
$predCatch
 14546709.08 5190411.952 2658375.446
$obsCatch
 14546710 5190413 2658376
$RunSize
 0 0 8.240852334e-09 4.120426167e-09 0 0 2460790.799 2388233.244 8.240852334e-09 0 13300.54358 17368063.79 954935.022 0 0 8.240852334e-09 8.240852334e-09 0 0 0 4463.421728 6.18063925e-09 0 0 1.648170467e-08 78073.84547 14784.47685 0 4.9445114e-08 1008189.867 2.060213083e-08 0 0 41142.38348 1691.01202 0 0 0 4.120426167e-09 4.120426167e-09 0 4657.837251 1012446.145 1266446.004 2114.346823 0 16433.27423 727145.967 674026.4308 1335.604434 0 915.4937659 1429.139142 0 0 0 22437.49716 6211.96679 0 0 679024.6634 211114.3148 826.0201677 0 21175.89081 1895673.304 2387154.424 0 0 12622.50209 7411.445383 0 0 231.230091 5031.290652 4.120426167e-09 0 828.1135528 1350760.265 756187.3579 4337.307494 0 34424.46662 1607499.581 243691.366 1228.779023 0 4.120426167e-09 4.120426167e-09 0
$SSageCompEsc
 2317 0 2887 3151 2396
$obsAgeCompEsc
0 0 0 0 0 0 0.1411023 0.07463478 0 0 0.001249748 0.7436333 0.03937985 0 0 0 0 0 
0 0 0 0 0 0 0.6011158 0.250188 0 0 0 0.1026919 0.0460043 0 0 0 0 0 
0 0 0 0 0 0.003657667 0.3405109 0.2625867 0.0003255319 0 0.01288429 0.232088 0.1470755 0.0002906772 0 0.0002906772 0.0002900766 0 
0 0 0.0002673609 0 0 0 0.1883749 0.02777752 0.0001609442 0 0.01726999 0.4690851 0.2932499 0 0 0.003136364 0.0006779915 0 
0 0.0001152074 0 0 0 0.0006416804 0.3544897 0.0990275 0.0002046955 0 0.02660033 0.4763385 0.04211322 0.0004691621 0 0 0 0 
$predAgeCompEsc
0 0 2.663258491e-16 1.048161863e-16 0 0 0.1105420463 0.07718233755 2.096323725e-16 0 0.001217376388 0.7801968834 0.03086135635 0 0 3.701902172e-16 2.663258491e-16 0 
0 0 0.002931746853 3.268882561e-15 0 0 1.471506109e-14 0.05128190091 0.007819372171 0 8.781905963e-14 0.9001238513 1.353227096e-14 0 0 0.03673240715 0.001110721655 0 
0 0 8.745613736e-16 6.240281349e-16 0 0.003705141263 0.3318756934 0.2688034471 0.0003202124855 0 0.01307207598 0.2383554653 0.1430622604 0.0002022739179 0 0.0003000951012 0.0003033351018 0 
0 0 0.002729185318 0.0003224371388 0 0 0.1738309433 0.02567889298 4.287524201e-05 0 0.01760711366 0.4852941232 0.2903615656 0 0 0.003231372236 0.000901491275 0 
0 6.419803542e-05 0.0007569266292 3.361885213e-16 0 0.0006337054348 0.3750210666 0.1137637214 0.000353884024 0 0.02634297134 0.4463014075 0.03666186213 0.0001002569603 0 1.143982878e-15 6.198926885e-16 0 
$SSageCompCatch
 2478 1642 599
$obsAgeCompCatch
0 0 0.0002739996 0 0 0 0.08302305 0.1686859 0.0009510793 0 0 0.6790385 0.06623202 0 0 0.001607512 0.0001879147 0 
0 0 0.005616475 0.001434845 0 0 0.1076369 0.08454421 0 0 0.0005457912 0.4359425 0.3608382 0 0 0.002006281 0.001434845 0 
0 0 0.002609487 0 0 0 0.3169114 0.2197137 0.001547036 0 0 0.3580295 0.1011889 0 0 0 0 0 
$predAgeCompCatch
0 3.69934742e-07 0.0003197976293 4.170445387e-05 0 8.018334962e-06 0.122241502 0.1598495062 0.0007812780053 0 5.147704152e-05 0.6317131229 0.08332785591 6.949527375e-05 0 0.001420182288 0.0001756900536 0 
0 4.048618621e-06 0.003285350987 0.0009356018711 0 2.073220355e-06 0.1335226419 0.09324363758 0.0004175820079 0 0.000150159149 0.4063742325 0.3592268497 5.63227636e-05 0 0.001714171455 0.001067328303 0 
0 4.638391814e-05 0.001684062333 0.0001407129303 0 7.824442938e-06 0.2881761168 0.201103907 0.001253105399 0 0.0003268463751 0.3958918986 0.1105964392 0.0003334096369 0 0.0002871790607 0.0001521143436 0 
$genSS
 -1 -1 -1
$obsGenComp     #GeneticFracData
0 0 0 0 0 
0 0 0 0 0 
0 0 0 0 0 
$predGenComp     #catchGenComp_pred
0 0 0 0 0 
0 0 0 0 0 
0 0 0 0 0 
#PARAMETERS_OF_INTEREST
$catchByGroup
0 0 0 
0 0 0 
4.830387828e-09 4.892443874e-10 7.539946096e-11 
2.668303106e-09 2.875830458e-10 4.452831132e-11 
0 0 0 
0 0 0 
1157247.386 106112.1198 16236.00184 
1399866.461 141785.0561 21851.07704 
5.336606211e-09 5.751660916e-10 8.905662263e-11 
0 0 0 
270.4958799 18.9446711 2.846849238 
8167759.089 748930.8181 114592.3968 
559736.5806 56692.75227 8737.152784 
0 0 0 
0 0 0 
3.875463458e-09 3.553549984e-10 5.437215292e-11 
4.830387828e-09 4.892443874e-10 7.539946096e-11 
0 0 0 
0 0 0 
0 0 0 
2621.994303 182.6765895 43.74960763 
4.010471803e-09 2.978991073e-10 7.15503332e-11 
0 0 0 
0 0 0 
7.770518989e-09 4.886427576e-10 1.165082182e-10 
45863.73203 3195.365503 765.2649277 
9593.300164 712.5933545 171.152886 
0 0 0 
1.009094257e-09 4.809730791e-11 1.134143587e-11 
475324.5287 29890.39584 7126.83593 
1.210252425e-08 8.431932329e-10 2.019381531e-10 
0 0 0 
0 0 0 
19397.12418 1219.772355 290.8331322 
993.3687993 69.2088553 16.57497697 
0 0 0 
0 0 0 
0 0 0 
2.725329421e-09 3.007185275e-10 2.441638872e-11 
2.975052227e-09 3.530737346e-10 2.884745564e-11 
0 0 0 
116.0100474 8.213387492 0.6446656604 
548319.3544 53776.80301 4324.367368 
837651.8388 92428.24946 7504.57275 
1526.612047 181.1755141 14.80272275 
0 0 0 
409.2940179 28.97757946 2.27443919 
393806.8302 38622.87947 3105.791164 
445814.0949 49192.05626 3994.075048 
964.3402857 114.4461341 9.350680758 
0 0 0 
495.8120025 48.62710787 3.910263658 
945.2602211 104.3019826 8.468642661 
0 0 0 
0 0 0 
0 0 0 
1868.164587 16246.18985 1148.398459 
606.6625577 4856.159135 374.067799 
0 0 0 
0 0 0 
41209.07895 410392.6235 25212.87783 
17577.55261 152860.3308 10805.27618 
80.66937969 645.7351622 49.7406951 
0 0 0 
42.82863889 625.5674961 25.89428265 
115045.8224 1145717.354 70388.28191 
198756.4534 1728453.209 122179.6015 
0 0 0 
0 0 0 
766.0424034 7628.856544 468.6863677 
617.0830778 5366.362741 379.3334164 
0 0 0 
0 0 0 
5.38133307 21.01399848 123.3058691 
161.8441856 623.4585864 3284.721889 
1.562195436e-10 5.96520374e-10 2.94074052e-09 
0 0 0 
0.6303385394 2.547480219 20.15564133 
31435.74806 122755.9702 720307.066 
24324.67841 93703.88908 493683.4977 
164.4422614 627.9186141 3095.528321 
0 0 0 
26.20301037 105.8980951 837.8648071 
37410.74798 146088.2259 857215.9968 
7838.948967 30197.31617 159096.0291 
46.58724373 177.8922113 876.9773116 
0 0 0 
9.589316643e-11 3.744609054e-10 2.197260432e-09 
1.325439263e-10 5.105876903e-10 2.690056083e-09 
0 0 0 
$escByGroup
 5e-101 5e-101 2.845820658e-09 1.120011704e-09 5e-101 5e-101 1181195.292 824730.6499 2.240023409e-09 5e-101 13008.25618 8336781.486 329768.5363 5e-101 5e-101 3.955661725e-09 2.845820658e-09 5e-101 5e-101 5e-101 1615.001228 1.800718007e-09 5e-101 5e-101 8.106034703e-09 28249.48301 4307.430447 5e-101 4.8376581e-08 495848.1062 7.454475203e-09 5e-101 5e-101 20234.65382 611.8593882 5e-101 5e-101 5e-101 1.06996183e-09 7.634527494e-10 5e-101 4532.96915 406025.6203 328861.3433 391.7565392 5e-101 15992.72819 291610.4662 175026.2046 247.4673338 5e-101 367.1443918 371.1082955 5e-101 5e-101 5e-101 3174.744263 375.0772987 5e-101 5e-101 202210.0831 29871.15519 49.87493069 5e-101 20481.60039 564521.8459 337765.1597 5e-101 5e-101 3758.916772 1048.666147 5e-101 5e-101 81.52889032 961.265991 4.269457297e-10 5e-101 804.7800927 476261.4807 144475.2928 449.4182975 5e-101 33454.50071 566784.6106 46559.07174 127.3222563 5e-101 1.452811663e-09 7.872384675e-10 5e-101
$catchByGroup
0 0 4.830387828e-09 2.668303106e-09 0 0 1157247.386 1399866.461 5.336606211e-09 0 270.4958799 8167759.089 559736.5806 0 0 3.875463458e-09 4.830387828e-09 0 0 0 2621.994303 4.010471803e-09 0 0 7.770518989e-09 45863.73203 9593.300164 0 1.009094257e-09 475324.5287 1.210252425e-08 0 0 19397.12418 993.3687993 0 0 0 2.725329421e-09 2.975052227e-09 0 116.0100474 548319.3544 837651.8388 1526.612047 0 409.2940179 393806.8302 445814.0949 964.3402857 0 495.8120025 945.2602211 0 0 0 1868.164587 606.6625577 0 0 41209.07895 17577.55261 80.66937969 0 42.82863889 115045.8224 198756.4534 0 0 766.0424034 617.0830778 0 0 5.38133307 161.8441856 1.562195436e-10 0 0.6303385394 31435.74806 24324.67841 164.4422614 0 26.20301037 37410.74798 7838.948967 46.58724373 0 9.589316643e-11 1.325439263e-10 0 
0 0 4.892443874e-10 2.875830458e-10 0 0 106112.1198 141785.0561 5.751660916e-10 0 18.9446711 748930.8181 56692.75227 0 0 3.553549984e-10 4.892443874e-10 0 0 0 182.6765895 2.978991073e-10 0 0 4.886427576e-10 3195.365503 712.5933545 0 4.809730791e-11 29890.39584 8.431932329e-10 0 0 1219.772355 69.2088553 0 0 0 3.007185275e-10 3.530737346e-10 0 8.213387492 53776.80301 92428.24946 181.1755141 0 28.97757946 38622.87947 49192.05626 114.4461341 0 48.62710787 104.3019826 0 0 0 16246.18985 4856.159135 0 0 410392.6235 152860.3308 645.7351622 0 625.5674961 1145717.354 1728453.209 0 0 7628.856544 5366.362741 0 0 21.01399848 623.4585864 5.96520374e-10 0 2.547480219 122755.9702 93703.88908 627.9186141 0 105.8980951 146088.2259 30197.31617 177.8922113 0 3.744609054e-10 5.105876903e-10 0 
0 0 7.539946096e-11 4.452831132e-11 0 0 16236.00184 21851.07704 8.905662263e-11 0 2.846849238 114592.3968 8737.152784 0 0 5.437215292e-11 7.539946096e-11 0 0 0 43.74960763 7.15503332e-11 0 0 1.165082182e-10 765.2649277 171.152886 0 1.134143587e-11 7126.83593 2.019381531e-10 0 0 290.8331322 16.57497697 0 0 0 2.441638872e-11 2.884745564e-11 0 0.6446656604 4324.367368 7504.57275 14.80272275 0 2.27443919 3105.791164 3994.075048 9.350680758 0 3.910263658 8.468642661 0 0 0 1148.398459 374.067799 0 0 25212.87783 10805.27618 49.7406951 0 25.89428265 70388.28191 122179.6015 0 0 468.6863677 379.3334164 0 0 123.3058691 3284.721889 2.94074052e-09 0 20.15564133 720307.066 493683.4977 3095.528321 0 837.8648071 857215.9968 159096.0291 876.9773116 0 2.197260432e-09 2.690056083e-09 0 
$Fmort
 0.5204292904 0.2801069132 0.1989639003
#ESTIMATED_PARAMETERS
$availability
1.4851545 1.4904055 1.823068357 0.1463384521 0.05503964531 
0.1914217929 0.1306991979 0.2370202286 4.027095714 0.4137652429 
0.04047206131 0.04337187881 0.02616941697 0.23133515 4.65865 
$availabilityVector
 1.4851545 0.1914217929 0.04047206131 1.4904055 0.1306991979 0.04337187881 1.823068357 0.2370202286 0.02616941697 0.1463384521 4.027095714 0.23133515 0.05503964531 0.4137652429 4.65865
$selectivity
 0.02658348717 0.8220750226 1.141460527 1.349341149 1.660539815
$RunSize
 0 0 8.240852334e-09 4.120426167e-09 0 0 2460790.799 2388233.244 8.240852334e-09 0 13300.54358 17368063.79 954935.022 0 0 8.240852334e-09 8.240852334e-09 0 0 0 4463.421728 6.18063925e-09 0 0 1.648170467e-08 78073.84547 14784.47685 0 4.9445114e-08 1008189.867 2.060213083e-08 0 0 41142.38348 1691.01202 0 0 0 4.120426167e-09 4.120426167e-09 0 4657.837251 1012446.145 1266446.004 2114.346823 0 16433.27423 727145.967 674026.4308 1335.604434 0 915.4937659 1429.139142 0 0 0 22437.49716 6211.96679 0 0 679024.6634 211114.3148 826.0201677 0 21175.89081 1895673.304 2387154.424 0 0 12622.50209 7411.445383 0 0 231.230091 5031.290652 4.120426167e-09 0 828.1135528 1350760.265 756187.3579 4337.307494 0 34424.46662 1607499.581 243691.366 1228.779023 0 4.120426167e-09 4.120426167e-09 0
