$ndistricts
3
$ngroups
90
$nstocks
5
$nagecomps
18
$AgeCompLabels
 0.1 0.2 0.3 0.4 0.5 1.1 1.2 1.3 1.4 1.5 2.1 2.2 2.3 2.4 3.1 3.2 3.3 3.4
$navailpar
15
$nselectpar
5
$GENdata
-1
$maxGradient
0.000142593
#LIKELIHOOD_VALUES_AND_PENALTIES
$totalNLL
-113892
$NLLcatch
-40512.2
$NLLescape
-83120
$NLLagecompCatch
5730.07
$NLLagecompEsc
4010.41
$NLLgenetics
0
$NLLselOne
8.23667e-15
$NLLavailOne
8.04389e-11
$NLLextra
4.1e-198
#OBSERVED_AND_PREDICTED_VALUES
$predEsc
 8254.48 180.724 1328.21 1169.15 171.402
$obsEsc
 8394.2 182.49 1331.2 1015.55 160.38
$predCatch
 4655.07 889.322 169.845
$obsCatch
 4655.07 889.322 169.845
$RunSize
 0 4.43759 0 0 0 2.69181 8786.09 230.851 6.31289e-10 0 449.459 2291.52 333.105 0 0 1.11058e-09 2.16335e-10 0 0 4.6624e-11 0 0 0 8.18736 93.0443 77.5844 3.35693e-11 0 0.444026 94.9514 0.716523 0 0 4.56915e-11 4.28941e-11 0 0 1.79969e-10 0 0 0 11.0228 517.595 213.329 1.06303e-10 0 32.6335 1094.34 387.511 0 0 5.99016 1.10965e-10 0 0 4.8489e-11 0 0 0 0 19.3956 28.9079 0.0145787 0 21.6566 1456.56 274.286 0 0 79.9248 14.251 0 0 0.559819 0 0 0 0.0803712 61.6069 11.2535 1.93016 0 2.43051 196.078 13.7781 0 0 1.67846e-11 1.39872e-11 0
$SSageCompEsc
 1260 360 872 1155 471
$obsAgeCompEsc
0 0 0 0 0 0.00037044 0.763101 0.0164466 0 0 0.0402403 0.165312 0.0145302 0 0 0 0 0 
0 0 0 0 0 0.042474 0.35006 0.247558 0 0 0.00222777 0.355452 0.00222777 0 0 0 0 0 
0 0 0 0 0 0.00819535 0.257477 0.084908 0 0 0.0215464 0.49856 0.126977 0 0 0.00233652 0 0 
0 0 0 0 0 0 0.0186251 0.0196185 0 0 0.0223634 0.76252 0.127989 0 0 0.0414727 0.00741232 0 
0 0.000241546 0 0 0 0.000536033 0.151529 0.0160951 0.011078 0 0.0143861 0.730732 0.0754027 0 0 0 0 0 
$predAgeCompEsc
0 0.000364573 0 0 0 0.000299889 0.721827 0.0160356 7.38435e-14 0 0.0500733 0.188261 0.0231384 0 0 9.12408e-14 1.50272e-14 0 
0 1.75216e-13 0 0 0 0.0416507 0.349667 0.247306 1.79324e-13 0 0.00225885 0.356834 0.00228397 0 0 1.71712e-13 1.36728e-13 0 
0 8.30833e-14 0 0 0 0.00747454 0.23895 0.0793453 7.66099e-14 0 0.0221286 0.505206 0.14413 0 0 0.00276538 4.12723e-14 0 
0 2.63062e-14 0 0 0 0 0.0105225 0.0126619 1.19879e-05 0 0.0168511 0.79021 0.120139 0 0 0.0433607 0.00624204 0 
0 0.00196696 0 0 0 0.000422709 0.216459 0.0308638 0.0107861 0 0.0127832 0.68893 0.0377878 0 0 5.89738e-14 3.83613e-14 0 
$SSageCompCatch
 2303 1901 1224
$obsAgeCompCatch
0 0.000521926 0 0 0 0 0.621062 0.0472649 0 0 0.012478 0.239533 0.077784 0 0 0.00135559 0 0 
0 0 0 0 0 0 0.0651044 0.0212559 0.000117354 0 0.000117354 0.690997 0.175478 0 0 0.0385785 0.00835072 0 
0 0.00185481 0 0 0 0 0.292982 0.0491915 0.000226853 0 0.00185481 0.595121 0.0569135 0 0 0.00185481 0 0 
$predAgeCompCatch
0 0.000293742 0 0 0 0.000402134 0.617282 0.0484775 1.85332e-06 0 0.00804777 0.253375 0.0708455 0 0 0.00111157 0.00016241 0 
0 0.000107748 0 0 0 0.000107062 0.198415 0.0302849 7.11885e-06 0 0.00405732 0.583312 0.149831 0 0 0.0274596 0.00641873 0 
0 0.00110509 0 0 0 7.22562e-05 0.232561 0.0399545 0.000394502 0 0.00312886 0.610819 0.0975955 0 0 0.0114917 0.00287763 0 
$genSS
 0 0 0
$obsGenComp     #GeneticFracData
-1 -1 -1 -1 -1 
-1 -1 -1 -1 -1 
-1 -1 -1 -1 -1 
$predGenComp     #catchGenComp_pred
0 0 0 0 0 
0 0 0 0 0 
0 0 0 0 0 
#PARAMETERS_OF_INTEREST
$catchByGroup
0 0 0 
1.34099 0.0776819 0.0095511 
0 0 0 
0 0 0 
0 0 0 
0.204681 0.0104286 0.0012745 
2655.07 153.804 18.9104 
92.0876 5.69598 0.702575 
2.05973e-11 1.027e-12 1.25387e-13 
0 0 0 
34.1762 1.74129 0.212806 
692.473 40.114 4.93207 
132.877 8.21897 1.01377 
0 0 0 
0 0 0 
3.35607e-10 1.94412e-11 2.39033e-12 
8.62971e-11 5.33781e-12 6.58396e-13 
0 0 0 
0 0 0 
1.43966e-11 4.8955e-13 7.20914e-14 
0 0 0 
0 0 0 
0 0 0 
0.63832 0.0189732 0.00278422 
28.7304 0.97696 0.143868 
31.5707 1.1499 0.169651 
1.12368e-12 3.26515e-14 4.78869e-15 
0 0 0 
0.0346181 0.00102898 0.000150997 
29.3192 0.996985 0.146817 
0.291568 0.0106198 0.0015668 
0 0 0 
0 0 0 
1.41087e-11 4.79759e-13 7.06496e-14 
1.74545e-11 6.35746e-13 9.37951e-14 
0 0 0 
0 0 0 
6.46936e-11 4.79479e-12 1.28033e-13 
0 0 0 
0 0 0 
0 0 0 
1.02811 0.0652307 0.00172409 
186.061 13.7899 0.368225 
99.7309 7.9956 0.214662 
4.27723e-12 2.64315e-13 6.97434e-15 
0 0 0 
3.04375 0.193118 0.00510424 
393.384 29.1558 0.77853 
181.161 14.524 0.389934 
0 0 0 
0 0 0 
2.15329 0.159592 0.00426149 
5.18761e-11 4.159e-12 1.11659e-13 
0 0 0 
0 0 0 
1.83287e-12 1.47186e-11 1.18154e-12 
0 0 0 
0 0 0 
0 0 0 
0 0 0 
0.733148 5.88744 0.472616 
1.53359 11.5792 0.991424 
5.16977e-05 0.000478192 3.31185e-05 
0 0 0 
0.182644 1.65529 0.117108 
55.0575 442.132 35.4923 
14.5512 109.867 9.40692 
0 0 0 
0 0 0 
3.02114 24.2608 1.94755 
0.75603 5.70831 0.488752 
0 0 0 
0 0 0 
0.0263965 0.0181404 0.178143 
0 0 0 
0 0 0 
0 0 0 
0.00084872 0.000579808 0.00648955 
2.90488 1.99631 19.6042 
0.743235 0.512374 4.70776 
0.00857562 0.00585276 0.066971 
0 0 0 
0.0256662 0.017534 0.196251 
9.24542 6.35371 62.3948 
0.909974 0.627321 5.76391 
0 0 0 
0 0 0 
7.91426e-13 5.4389e-13 5.34112e-12 
9.23783e-13 6.36841e-13 5.85138e-12 
0 0 0 
$escByGroup
 5e-101 3.00936 5e-101 5e-101 5e-101 2.47542 5958.31 132.365 6.09539e-10 5e-101 413.329 1554 190.996 5e-101 5e-101 7.53145e-10 1.24042e-10 5e-101 5e-101 3.16657e-11 5e-101 5e-101 5e-101 7.52728 63.1931 44.6941 3.24082e-11 5e-101 0.408228 64.4884 0.412768 5e-101 5e-101 3.10324e-11 2.471e-11 5e-101 5e-101 1.10352e-10 5e-101 5e-101 5e-101 9.92778 317.376 105.387 1.01754e-10 5e-101 29.3915 671.021 191.436 5e-101 5e-101 3.67301 5.48184e-11 5e-101 5e-101 3.07559e-11 5e-101 5e-101 5e-101 5e-101 12.3024 14.8036 0.0140156 5e-101 19.7015 923.876 140.461 5e-101 5e-101 50.6953 7.29789 5e-101 5e-101 0.33714 5e-101 5e-101 5e-101 0.0724531 37.1015 5.29011 1.84876 5e-101 2.19106 118.084 6.4769 5e-101 5e-101 1.01082e-11 6.57519e-12 5e-101
$catchByGroup
0 1.34099 0 0 0 0.204681 2655.07 92.0876 2.05973e-11 0 34.1762 692.473 132.877 0 0 3.35607e-10 8.62971e-11 0 0 1.43966e-11 0 0 0 0.63832 28.7304 31.5707 1.12368e-12 0 0.0346181 29.3192 0.291568 0 0 1.41087e-11 1.74545e-11 0 0 6.46936e-11 0 0 0 1.02811 186.061 99.7309 4.27723e-12 0 3.04375 393.384 181.161 0 0 2.15329 5.18761e-11 0 0 1.83287e-12 0 0 0 0 0.733148 1.53359 5.16977e-05 0 0.182644 55.0575 14.5512 0 0 3.02114 0.75603 0 0 0.0263965 0 0 0 0.00084872 2.90488 0.743235 0.00857562 0 0.0256662 9.24542 0.909974 0 0 7.91426e-13 9.23783e-13 0 
0 0.0776819 0 0 0 0.0104286 153.804 5.69598 1.027e-12 0 1.74129 40.114 8.21897 0 0 1.94412e-11 5.33781e-12 0 0 4.8955e-13 0 0 0 0.0189732 0.97696 1.1499 3.26515e-14 0 0.00102898 0.996985 0.0106198 0 0 4.79759e-13 6.35746e-13 0 0 4.79479e-12 0 0 0 0.0652307 13.7899 7.9956 2.64315e-13 0 0.193118 29.1558 14.524 0 0 0.159592 4.159e-12 0 0 1.47186e-11 0 0 0 0 5.88744 11.5792 0.000478192 0 1.65529 442.132 109.867 0 0 24.2608 5.70831 0 0 0.0181404 0 0 0 0.000579808 1.99631 0.512374 0.00585276 0 0.017534 6.35371 0.627321 0 0 5.4389e-13 6.36841e-13 0 
0 0.0095511 0 0 0 0.0012745 18.9104 0.702575 1.25387e-13 0 0.212806 4.93207 1.01377 0 0 2.39033e-12 6.58396e-13 0 0 7.20914e-14 0 0 0 0.00278422 0.143868 0.169651 4.78869e-15 0 0.000150997 0.146817 0.0015668 0 0 7.06496e-14 9.37951e-14 0 0 1.28033e-13 0 0 0 0.00172409 0.368225 0.214662 6.97434e-15 0 0.00510424 0.77853 0.389934 0 0 0.00426149 1.11659e-13 0 0 1.18154e-12 0 0 0 0 0.472616 0.991424 3.31185e-05 0 0.117108 35.4923 9.40692 0 0 1.94755 0.488752 0 0 0.178143 0 0 0 0.00648955 19.6042 4.70776 0.066971 0 0.196251 62.3948 5.76391 0 0 5.34112e-12 5.85138e-12 0 
$Fmort
 0.268774 0.0958657 0.0878136
#ESTIMATED_PARAMETERS
$availability
1.42622 1.46385 1.76574 0.152738 0.191452 
0.196265 0.117306 0.300099 4.02025 0.366078 
0.0261407 0.0187738 0.00863418 0.299292 4.64716 
$selectivity
 0.206309 0.938632 1.32783 0.0865347 2.44069
$RunSize
 0 4.43759 0 0 0 2.69181 8786.09 230.851 6.31289e-10 0 449.459 2291.52 333.105 0 0 1.11058e-09 2.16335e-10 0 0 4.6624e-11 0 0 0 8.18736 93.0443 77.5844 3.35693e-11 0 0.444026 94.9514 0.716523 0 0 4.56915e-11 4.28941e-11 0 0 1.79969e-10 0 0 0 11.0228 517.595 213.329 1.06303e-10 0 32.6335 1094.34 387.511 0 0 5.99016 1.10965e-10 0 0 4.8489e-11 0 0 0 0 19.3956 28.9079 0.0145787 0 21.6566 1456.56 274.286 0 0 79.9248 14.251 0 0 0.559819 0 0 0 0.0803712 61.6069 11.2535 1.93016 0 2.43051 196.078 13.7781 0 0 1.67846e-11 1.39872e-11 0
