$ndistricts
3
$ngroups
90
$nstocks
5
$nagecomps
18
$AgeCompLabels
 0.1 0.2 0.3 0.4 0.5 1.1 1.2 1.3 1.4 1.5 2.1 2.2 2.3 2.4 3.1 3.2 3.3 3.4
$navailpar
15
$nselectpar
5
$GENdata
-1
$maxGradient
5.18837e-05
#LIKELIHOOD_VALUES_AND_PENALTIES
$totalNLL
-157965
$NLLcatch
-137572
$NLLescape
-36061.7
$NLLagecompCatch
7635.5
$NLLagecompEsc
8033.64
$NLLgenetics
0
$NLLselOne
3.80578e-15
$NLLavailOne
8.04389e-11
$NLLextra
5.1e-198
#OBSERVED_AND_PREDICTED_VALUES
$predEsc
 1742.06 218.674 1798.75 712.871 1318.34
$obsEsc
 1754.36 221.922 1796.22 694.68 1327.7
$predCatch
 10992.8 4361.41 2116.07
$obsCatch
 10992.8 4361.41 2116.07
$RunSize
 0 0 4.63708 0 0 1.04006 1681.07 594.766 0 0 1.97346 3299.35 356.315 0 0 2.74407 2.59587e-10 0 0 0 3.95192e-10 0 0 0 418.354 161.207 0 0 0 78.9632 33.3235 0 0 1.54977e-10 6.60416 0 0 0 4.27248 0 0 0.364541 667.39 4071.22 0 0 0 1826.97 1598.68 0 0 3.28904 1.07709e-09 0 0 0 4.77846e-11 0 0 0 735.914 407.503 0 0 1.7514 2582.09 553.732 0 0 8.97309 2.46484 0 0 0 7.98891 0 0 0 674.93 1702.63 0 0 0 1372.3 397.308 0 0 0.863883 6.45738e-11 0
$SSageCompEsc
 1549 88.5 1433 1837 1746
$obsAgeCompEsc
0 0 0.000856314 0 0 0.000592288 0.286142 0.116087 0 0 0.00112384 0.529372 0.0651448 0 0 0.000682245 0 0 
0 0 0 0 0 0 0.601116 0.250188 0 0 0 0.102692 0.0460043 0 0 0 0 0 
0 0 0.000562132 0 0 0.000203021 0.0748745 0.555119 0 0 0 0.179863 0.188711 0 0 0.00066757 0 0 
0 0 0 0 0 0 0.186981 0.14159 0 0 0.00248115 0.515321 0.151848 0 0 0.00097974 0.000798872 0 
0 0 0 0 0 0 0.157583 0.446117 0 0 0 0.276736 0.119564 0 0 0 0 0 
$predAgeCompEsc
0 0 0.000903085 0 0 0.000597028 0.273976 0.115832 0 0 0.00113283 0.537718 0.0693934 0 0 0.00044722 5.05552e-14 0 
0 0 6.33449e-13 0 0 0 0.570014 0.258398 0 0 0 0.107589 0.0534139 0 0 2.11159e-13 0.0105858 0 
0 0 0.00056426 0 0 0.000202663 0.0669136 0.537679 0 0 0 0.183175 0.211135 0 0 0.000329764 1.4225e-13 0 
0 0 1.45029e-14 0 0 0 0.155955 0.123679 0 0 0.00245682 0.547198 0.168061 0 0 0.00190158 0.000748093 0 
0 0 0.00213413 0 0 0 0.143975 0.454835 0 0 0 0.292736 0.106136 0 0 0.000184282 1.725e-14 0 
$SSageCompCatch
 2580 2461 1048
$obsAgeCompCatch
0 0 0.00076657 0 0 0 0.175213 0.321369 0 0 0 0.361824 0.140061 0 0 0 0.00076657 0 
0 0 0 0 0 0 0.143922 0.140739 0 0 0 0.566677 0.145971 0 0 0.00231271 0.000378877 0 
0 0 0.00555505 0 0 0 0.152716 0.388732 0 0 0 0.390561 0.0614646 0 0 0.000971267 0 0 
$predAgeCompCatch
0 0 0.000608329 0 0 6.36189e-12 0.185399 0.317616 0 0 9.21845e-12 0.365182 0.130322 0 0 0.000481252 0.000391935 0 
0 0 0.000295434 0 0 9.46784e-13 0.172541 0.175365 0 0 2.24322e-11 0.526604 0.123219 0 0 0.00156066 0.000414355 0 
0 0 0.00166394 0 0 8.92666e-14 0.171926 0.362823 0 0 1.69429e-12 0.369934 0.0932245 0 0 0.000379151 4.97373e-05 0 
$genSS
 0 0 0
$obsGenComp     #GeneticFracData
-1 -1 -1 -1 -1 
-1 -1 -1 -1 -1 
-1 -1 -1 -1 -1 
$predGenComp     #catchGenComp_pred
0 0 0 0 0 
0 0 0 0 0 
0 0 0 0 0 
#PARAMETERS_OF_INTEREST
$catchByGroup
0 0 0 
0 0 0 
2.81598 0.232858 0.0150198 
0 0 0 
0 0 0 
4.87713e-08 2.68847e-09 1.69295e-10 
1101.71 95.8727 6.20469 
361.186 29.867 1.92649 
0 0 0 
0 0 0 
9.25413e-08 5.10125e-09 3.21229e-10 
2162.27 188.164 12.1776 
216.381 17.8929 1.15413 
0 0 0 
0 0 0 
1.79836 0.156496 0.0101281 
1.5764e-10 1.30355e-11 8.40819e-13 
0 0 0 
0 0 0 
0 0 0 
2.43769e-10 1.19839e-11 9.19735e-13 
0 0 0 
0 0 0 
0 0 0 
278.169 14.4284 1.10953 
99.4387 4.88851 0.37518 
0 0 0 
0 0 0 
0 0 0 
52.5036 2.72332 0.209421 
20.5552 1.01051 0.0775542 
0 0 0 
0 0 0 
1.03046e-10 5.34493e-12 4.11021e-13 
4.07369 0.200267 0.01537 
0 0 0 
0 0 0 
0 0 0 
2.92928 0.323664 0.0045759 
0 0 0 
0 0 0 
2.11637e-08 1.44084e-09 1.95991e-11 
488.902 57.3123 0.81462 
2791.29 308.417 4.36034 
0 0 0 
0 0 0 
0 0 0 
1338.36 156.892 2.23001 
1096.08 121.109 1.71221 
0 0 0 
0 0 0 
2.40941 0.282447 0.00401462 
7.3847e-10 8.15954e-11 1.15358e-12 
0 0 0 
0 0 0 
0 0 0 
4.55133e-12 3.11522e-11 1.74241e-12 
0 0 0 
0 0 0 
0 0 0 
79.3424 514.889 30.5057 
38.8133 265.663 14.8591 
0 0 0 
0 0 0 
8.79529e-09 9.27348e-08 3.26399e-09 
278.387 1806.59 107.035 
52.7411 360.994 20.1912 
0 0 0 
0 0 0 
0.967432 6.27811 0.371959 
0.234768 1.6069 0.0898775 
0 0 0 
0 0 0 
0 0 0 
0.941991 0.731988 3.50142 
0 0 0 
0 0 0 
0 0 0 
89.9305 70.0196 325.171 
200.761 156.004 746.237 
0 0 0 
0 0 0 
0 0 0 
182.851 142.367 661.152 
46.8475 36.4035 174.134 
0 0 0 
0 0 0 
0.115107 0.0896224 0.416206 
7.61404e-12 5.9166e-12 2.83017e-11 
0 0 0 
$escByGroup
 5e-101 5e-101 1.57323 5e-101 5e-101 1.04006 477.282 201.787 5e-101 5e-101 1.97346 936.737 120.887 5e-101 5e-101 0.779084 8.80702e-11 5e-101 5e-101 5e-101 1.38519e-10 5e-101 5e-101 5e-101 124.647 56.5049 5e-101 5e-101 5e-101 23.5269 11.6802 5e-101 5e-101 4.6175e-11 2.31483 5e-101 5e-101 5e-101 1.01497 5e-101 5e-101 0.364541 120.361 967.153 5e-101 5e-101 5e-101 329.487 379.78 5e-101 5e-101 0.593165 2.55872e-10 5e-101 5e-101 5e-101 1.03387e-11 5e-101 5e-101 5e-101 111.176 88.1673 5e-101 5e-101 1.7514 390.082 119.805 5e-101 5e-101 1.35558 0.533294 5e-101 5e-101 5e-101 2.81352 5e-101 5e-101 5e-101 189.808 599.628 5e-101 5e-101 5e-101 385.927 139.923 5e-101 5e-101 0.242947 2.27414e-11 5e-101
$catchByGroup
0 0 2.81598 0 0 4.87713e-08 1101.71 361.186 0 0 9.25413e-08 2162.27 216.381 0 0 1.79836 1.5764e-10 0 0 0 2.43769e-10 0 0 0 278.169 99.4387 0 0 0 52.5036 20.5552 0 0 1.03046e-10 4.07369 0 0 0 2.92928 0 0 2.11637e-08 488.902 2791.29 0 0 0 1338.36 1096.08 0 0 2.40941 7.3847e-10 0 0 0 4.55133e-12 0 0 0 79.3424 38.8133 0 0 8.79529e-09 278.387 52.7411 0 0 0.967432 0.234768 0 0 0 0.941991 0 0 0 89.9305 200.761 0 0 0 182.851 46.8475 0 0 0.115107 7.61404e-12 0 
0 0 0.232858 0 0 2.68847e-09 95.8727 29.867 0 0 5.10125e-09 188.164 17.8929 0 0 0.156496 1.30355e-11 0 0 0 1.19839e-11 0 0 0 14.4284 4.88851 0 0 0 2.72332 1.01051 0 0 5.34493e-12 0.200267 0 0 0 0.323664 0 0 1.44084e-09 57.3123 308.417 0 0 0 156.892 121.109 0 0 0.282447 8.15954e-11 0 0 0 3.11522e-11 0 0 0 514.889 265.663 0 0 9.27348e-08 1806.59 360.994 0 0 6.27811 1.6069 0 0 0 0.731988 0 0 0 70.0196 156.004 0 0 0 142.367 36.4035 0 0 0.0896224 5.9166e-12 0 
0 0 0.0150198 0 0 1.69295e-10 6.20469 1.92649 0 0 3.21229e-10 12.1776 1.15413 0 0 0.0101281 8.40819e-13 0 0 0 9.19735e-13 0 0 0 1.10953 0.37518 0 0 0 0.209421 0.0775542 0 0 4.11021e-13 0.01537 0 0 0 0.0045759 0 0 1.95991e-11 0.81462 4.36034 0 0 0 2.23001 1.71221 0 0 0.00401462 1.15358e-12 0 0 0 1.74241e-12 0 0 0 30.5057 14.8591 0 0 3.26399e-09 107.035 20.1912 0 0 0.371959 0.0898775 0 0 0 3.50142 0 0 0 325.171 746.237 0 0 0 661.152 174.134 0 0 0.416206 2.83017e-11 0 
$Fmort
 1.43488 0.574777 0.271747
#ESTIMATED_PARAMETERS
$availability
1.42622 1.46385 1.76574 0.152738 0.191452 
0.196265 0.117306 0.300099 4.02025 0.366078 
0.0261407 0.0187738 0.00863418 0.299292 4.64716 
$selectivity
 2.29142e-08 0.520541 0.456713 1.81678 2.20597
$RunSize
 0 0 4.63708 0 0 1.04006 1681.07 594.766 0 0 1.97346 3299.35 356.315 0 0 2.74407 2.59587e-10 0 0 0 3.95192e-10 0 0 0 418.354 161.207 0 0 0 78.9632 33.3235 0 0 1.54977e-10 6.60416 0 0 0 4.27248 0 0 0.364541 667.39 4071.22 0 0 0 1826.97 1598.68 0 0 3.28904 1.07709e-09 0 0 0 4.77846e-11 0 0 0 735.914 407.503 0 0 1.7514 2582.09 553.732 0 0 8.97309 2.46484 0 0 0 7.98891 0 0 0 674.93 1702.63 0 0 0 1372.3 397.308 0 0 0.863883 6.45738e-11 0
