$ndistricts
3
$ngroups
90
$nstocks
5
$nagecomps
18
$AgeCompLabels
 0.1 0.2 0.3 0.4 0.5 1.1 1.2 1.3 1.4 1.5 2.1 2.2 2.3 2.4 3.1 3.2 3.3 3.4
$navailpar
15
$nselectpar
5
$GENdata
-1
$maxGradient
5.47288e-05
#LIKELIHOOD_VALUES_AND_PENALTIES
$totalNLL
-80220.9
$NLLcatch
-71506.4
$NLLescape
-28982.6
$NLLagecompCatch
13844.6
$NLLagecompEsc
6423.53
$NLLgenetics
0
$NLLselOne
3.25971e-15
$NLLavailOne
8.04389e-11
$NLLextra
2.4e-198
#OBSERVED_AND_PREDICTED_VALUES
$predEsc
 1485.17 602.301 1064.13 1107.33 657.153
$obsEsc
 1503.73 588.792 1025.66 1104 656.641
$predCatch
 589.311 7517.39 1402.69
$obsCatch
 589.311 7517.39 1402.69
$RunSize
 0 6.15004e-11 1.48559e-10 1.5415e-10 0 2.13149 829.182 242.652 9.3135 0 0.605297 541.543 189.165 0.735637 0 1.3578e-10 1.40572e-10 0 0 1.08624e-10 13.956 0.888972 0 0.321865 348.728 263.615 4.24113e-10 0 0 41.6329 46.7254 1.61339e-10 0 1.68299 0.241075 0 0 5.19159e-11 1.31787e-10 1.38176e-10 0 4.95931 255.569 593.326 47.3718 0 11.2053 191.707 329.797 9.85806 1.25447 1.23001e-10 1.27793e-10 0 0 0.21291 6.63108 2.8936 0 7.72301 258.66 862.504 39.734 0 28.7914 4550.01 2637.56 34.7766 2.25896 14.0777 24.419 0 0 4.6325e-11 1.63692 0.743981 0 18.1144 321.093 674.483 14.5162 0 4.62686 751.732 190.033 0.0788388 0 4.87211e-11 5.11172e-11 0
$SSageCompEsc
 1190 88.5 1013 1545 1245
$obsAgeCompEsc
0 0 0 0 0 0.00110972 0.457348 0.115221 0.00483337 0 0.000408222 0.329873 0.0906673 0.000539361 0 0 0 0 
0 0 0 0 0 0 0.601116 0.250188 0 0 0 0.102692 0.0460043 0 0 0 0 0 
0 0 0 0 0 0.00379983 0.192536 0.376119 0.0326323 0 0.0111003 0.161246 0.211512 0.00981183 0.00124271 0 0 0 
0 0 0 0 0 0.00643495 0.0187452 0.0438356 0.000818585 0 0.0254498 0.673161 0.226501 0.00107094 0.00199679 0.000818585 0.00116801 0 
0 0 0.00122827 0 0 0.0269933 0.227583 0.256573 0.000404486 0 0.00700514 0.398601 0.0816121 0 0 0 0 0 
$predAgeCompEsc
0 3.43114e-14 7.85718e-14 7.74477e-14 0 0.00142705 0.462605 0.128336 0.00467925 0 0.000405252 0.30213 0.100048 0.000369596 0 7.57525e-14 7.43475e-14 0 
0 1.54303e-13 0.0189814 0.00116 0 0.000531846 0.495377 0.358539 5.53418e-13 0 0 0.0591406 0.0635507 2.10528e-13 0 0.00239073 0.000327883 0 
0 3.77418e-14 8.88984e-14 8.66534e-14 0 0.00462501 0.185793 0.400236 0.0297079 0 0.01045 0.139367 0.222469 0.00618221 0.00116991 8.94191e-14 8.62045e-14 0 
0 3.15614e-05 0.000470061 5.40077e-05 0 0.00663193 0.0383433 0.0611408 0.000741617 0 0.0247238 0.674486 0.18697 0.00064909 0.00193983 0.00208685 0.001731 0 
0 2.67103e-14 0.000649873 0.000185327 0 0.0268703 0.185137 0.267776 0.00361601 0 0.00686334 0.433437 0.075445 1.96389e-05 0 2.80919e-14 2.0294e-14 0 
$SSageCompCatch
 3049 5146 2220
$obsAgeCompCatch
0 0 0.00375075 0.0003805 0 0.000700535 0.248465 0.314511 0.0169593 0 0 0.198977 0.212381 0.00244879 0 0.000682594 0.00074406 0 
0 3.65159e-05 0.00109915 0.000362058 0 0.000113651 0.0574913 0.132727 0.00594324 0 0 0.495237 0.297541 0.00421224 0 0.00198876 0.00324829 0 
0 0 0.000420834 0.000597476 0 0 0.0904018 0.305797 0.0106946 0 0 0.424702 0.165253 0.00213289 0 0 0 0 
$predAgeCompCatch
0 3.86889e-06 0.00309899 0.000323061 0 6.40391e-05 0.25535 0.289925 0.0176241 0 9.81562e-05 0.23267 0.195681 0.00400572 9.68891e-06 0.000535803 0.000610953 0 
0 2.22108e-05 0.000892972 0.000373748 0 6.25011e-05 0.046213 0.128295 0.00627018 0 0.000190004 0.495886 0.313124 0.00439329 1.48602e-05 0.00147838 0.00278378 0 
0 6.2124e-06 0.00093022 0.000460756 0 0.000270495 0.119846 0.303097 0.00830832 0 9.46693e-05 0.390243 0.173859 0.00157072 2.16583e-06 0.000413907 0.0008975 0 
$genSS
 0 0 0
$obsGenComp     #GeneticFracData
-1 -1 -1 -1 -1 
-1 -1 -1 -1 -1 
-1 -1 -1 -1 -1 
$predGenComp     #catchGenComp_pred
0 0 0 0 0 
0 0 0 0 0 
0 0 0 0 0 
#PARAMETERS_OF_INTEREST
$catchByGroup
0 0 0 
5.88224e-12 4.43595e-12 2.24066e-13 
1.77514e-11 1.34311e-11 6.84776e-13 
2.17622e-11 1.65161e-11 8.49396e-13 
0 0 0 
0.00678098 0.0050515 0.000246568 
79.3075 59.8079 3.02098 
28.9946 21.9379 1.11849 
1.31483 0.997872 0.051319 
0 0 0 
0.00192565 0.00143452 7.00201e-05 
51.7962 39.0609 1.97302 
22.6035 17.1022 0.871947 
0.103854 0.078818 0.00405349 
0 0 0 
1.29868e-11 9.79367e-12 4.94691e-13 
1.67971e-11 1.2709e-11 6.4796e-13 
0 0 0 
0 0 0 
1.06496e-11 4.75319e-12 2.8437e-13 
1.70879 0.768459 0.0462304 
0.12856 0.0582206 0.00352069 
0 0 0 
0.00105093 0.000456135 2.67406e-05 
34.1895 15.2597 0.912945 
32.2773 14.5154 0.873246 
6.13336e-11 2.7776e-11 1.67966e-12 
0 0 0 
0 0 0 
4.08171 1.82178 0.108992 
5.72111 2.57284 0.154782 
2.33322e-11 1.05664e-11 6.38967e-13 
0 0 0 
0.165001 0.0736446 0.00440594 
0.0295175 0.0132743 0.000798581 
0 0 0 
0 0 0 
6.07583e-12 5.61522e-12 6.25508e-14 
1.92098e-11 1.7776e-11 2.00953e-13 
2.37294e-11 2.19841e-11 2.51945e-13 
0 0 0 
0.0195256 0.0179601 0.000189494 
29.9097 27.6423 0.307922 
86.4856 80.0307 0.904726 
8.13531 7.53694 0.0863759 
0 0 0 
0.0441172 0.0405798 0.000428152 
22.4358 20.735 0.230977 
48.0727 44.4847 0.502888 
1.69296 1.56844 0.0179748 
0.00493906 0.00454305 4.79331e-05 
1.4395e-11 1.33038e-11 1.48197e-13 
1.86277e-11 1.72374e-11 1.94864e-13 
0 0 0 
0 0 0 
0.00227998 0.166967 0.00871407 
0.0897553 5.67916 0.341647 
0.0467789 2.60963 0.177385 
0 0 0 
0.00263495 0.366385 0.0102225 
2.7699 202.845 10.5866 
11.6745 738.688 44.438 
0.642353 35.8347 2.43579 
0 0 0 
0.00982308 1.36588 0.0381093 
48.7245 3568.18 186.225 
35.7008 2258.93 135.893 
0.56221 31.3638 2.13189 
0.000770716 0.107167 0.00299005 
0.150753 11.0399 0.576177 
0.330524 20.9135 1.25812 
0 0 0 
0 0 0 
6.20974e-13 6.03727e-12 2.2114e-11 
0.0277249 0.265196 0.916933 
0.015045 0.141755 0.465392 
0 0 0 
0.00774649 0.0799919 0.368736 
4.30416 41.8462 153.279 
11.4239 109.273 377.816 
0.293551 2.76585 9.0805 
0 0 0 
0.00197864 0.0204319 0.0941841 
10.0768 97.9689 358.851 
3.21864 30.7871 106.448 
0.0015943 0.0150216 0.0493171 
0 0 0 
6.53093e-13 6.34955e-12 2.32578e-11 
8.65785e-13 8.28147e-12 2.86337e-11 
0 0 0 
$escByGroup
 5e-101 5.09582e-11 1.16692e-10 1.15023e-10 5e-101 2.11941 687.045 190.601 6.94947 5e-101 0.601867 448.713 148.588 0.548912 5e-101 1.12505e-10 1.10418e-10 5e-101 5e-101 9.2937e-11 11.4325 0.698671 5e-101 0.320331 298.366 215.949 3.33324e-10 5e-101 5e-101 35.6204 38.2766 1.26801e-10 5e-101 1.43994 0.197484 5e-101 5e-101 4.01623e-11 9.45999e-11 9.22108e-11 5e-101 4.92163 197.709 425.904 31.6132 5e-101 11.1202 148.305 236.737 6.5787 1.24494 9.51539e-11 9.17332e-11 5e-101 5e-101 0.034949 0.520515 0.0598046 5e-101 7.34377 42.4589 67.7034 0.821219 5e-101 27.3775 746.882 207.039 0.71876 2.14804 2.31084 1.9168 5e-101 5e-101 1.75528e-11 0.427066 0.121788 5e-101 17.6579 121.664 175.97 2.37627 5e-101 4.51026 284.835 49.5789 0.0129058 5e-101 1.84607e-11 1.33363e-11 5e-101
$catchByGroup
0 5.88224e-12 1.77514e-11 2.17622e-11 0 0.00678098 79.3075 28.9946 1.31483 0 0.00192565 51.7962 22.6035 0.103854 0 1.29868e-11 1.67971e-11 0 0 1.06496e-11 1.70879 0.12856 0 0.00105093 34.1895 32.2773 6.13336e-11 0 0 4.08171 5.72111 2.33322e-11 0 0.165001 0.0295175 0 0 6.07583e-12 1.92098e-11 2.37294e-11 0 0.0195256 29.9097 86.4856 8.13531 0 0.0441172 22.4358 48.0727 1.69296 0.00493906 1.4395e-11 1.86277e-11 0 0 0.00227998 0.0897553 0.0467789 0 0.00263495 2.7699 11.6745 0.642353 0 0.00982308 48.7245 35.7008 0.56221 0.000770716 0.150753 0.330524 0 0 6.20974e-13 0.0277249 0.015045 0 0.00774649 4.30416 11.4239 0.293551 0 0.00197864 10.0768 3.21864 0.0015943 0 6.53093e-13 8.65785e-13 0 
0 4.43595e-12 1.34311e-11 1.65161e-11 0 0.0050515 59.8079 21.9379 0.997872 0 0.00143452 39.0609 17.1022 0.078818 0 9.79367e-12 1.2709e-11 0 0 4.75319e-12 0.768459 0.0582206 0 0.000456135 15.2597 14.5154 2.7776e-11 0 0 1.82178 2.57284 1.05664e-11 0 0.0736446 0.0132743 0 0 5.61522e-12 1.7776e-11 2.19841e-11 0 0.0179601 27.6423 80.0307 7.53694 0 0.0405798 20.735 44.4847 1.56844 0.00454305 1.33038e-11 1.72374e-11 0 0 0.166967 5.67916 2.60963 0 0.366385 202.845 738.688 35.8347 0 1.36588 3568.18 2258.93 31.3638 0.107167 11.0399 20.9135 0 0 6.03727e-12 0.265196 0.141755 0 0.0799919 41.8462 109.273 2.76585 0 0.0204319 97.9689 30.7871 0.0150216 0 6.34955e-12 8.28147e-12 0 
0 2.24066e-13 6.84776e-13 8.49396e-13 0 0.000246568 3.02098 1.11849 0.051319 0 7.00201e-05 1.97302 0.871947 0.00405349 0 4.94691e-13 6.4796e-13 0 0 2.8437e-13 0.0462304 0.00352069 0 2.67406e-05 0.912945 0.873246 1.67966e-12 0 0 0.108992 0.154782 6.38967e-13 0 0.00440594 0.000798581 0 0 6.25508e-14 2.00953e-13 2.51945e-13 0 0.000189494 0.307922 0.904726 0.0863759 0 0.000428152 0.230977 0.502888 0.0179748 4.79331e-05 1.48197e-13 1.94864e-13 0 0 0.00871407 0.341647 0.177385 0 0.0102225 10.5866 44.438 2.43579 0 0.0381093 186.225 135.893 2.13189 0.00299005 0.576177 1.25812 0 0 2.2114e-11 0.916933 0.465392 0 0.368736 153.279 377.816 9.0805 0 0.0941841 358.851 106.448 0.0493171 0 2.32578e-11 2.86337e-11 0 
$Fmort
 0.0918824 0.497197 0.182004
#ESTIMATED_PARAMETERS
$availability
1.42622 1.46385 1.76574 0.152738 0.191452 
0.196265 0.117306 0.300099 4.02025 0.366078 
0.0261407 0.0187738 0.00863418 0.299292 4.64716 
$selectivity
 0.0243154 0.767172 0.971077 1.16136 2.07608
$RunSize
 0 6.15004e-11 1.48559e-10 1.5415e-10 0 2.13149 829.182 242.652 9.3135 0 0.605297 541.543 189.165 0.735637 0 1.3578e-10 1.40572e-10 0 0 1.08624e-10 13.956 0.888972 0 0.321865 348.728 263.615 4.24113e-10 0 0 41.6329 46.7254 1.61339e-10 0 1.68299 0.241075 0 0 5.19159e-11 1.31787e-10 1.38176e-10 0 4.95931 255.569 593.326 47.3718 0 11.2053 191.707 329.797 9.85806 1.25447 1.23001e-10 1.27793e-10 0 0 0.21291 6.63108 2.8936 0 7.72301 258.66 862.504 39.734 0 28.7914 4550.01 2637.56 34.7766 2.25896 14.0777 24.419 0 0 4.6325e-11 1.63692 0.743981 0 18.1144 321.093 674.483 14.5162 0 4.62686 751.732 190.033 0.0788388 0 4.87211e-11 5.11172e-11 0
