$ndistricts
3
$ngroups
90
$nstocks
5
$nagecomps
18
$AgeCompLabels
 0.1 0.2 0.3 0.4 0.5 1.1 1.2 1.3 1.4 1.5 2.1 2.2 2.3 2.4 3.1 3.2 3.3 3.4
$navailpar
15
$nselectpar
5
$GENdata
-1
$maxGradient
0.00022464
#LIKELIHOOD_VALUES_AND_PENALTIES
$totalNLL
-291456
$NLLcatch
-165923
$NLLescape
-133349
$NLLagecompCatch
3318.09
$NLLagecompEsc
4498.23
$NLLgenetics
0
$NLLselOne
5.70285e-14
$NLLavailOne
8.04389e-11
$NLLextra
5e-198
#OBSERVED_AND_PREDICTED_VALUES
$predEsc
 13959.8 171.201 715.968 934.396 724.129
$obsEsc
 13935.3 177.06 732.502 919.734 735.024
$predCatch
 17803.8 1403.51 171.541
$obsCatch
 17803.8 1403.51 171.541
$RunSize
 0 0 3.16673e-10 0 0 0 411.99 266.917 3.47306 0 14.3997 29410.3 385.039 0 0 4.70803 11.5894 0 0 0 2.38999e-11 0 0 4.97118 263.958 65.4409 0 0 0 25.3721 52.8138 0 0 1.79249e-11 2.78832e-11 0 0 0 6.17413e-11 0 0 0 812.468 447.488 0 0 1.74129 765.184 221.674 0 0 4.31511 1.15516e-10 0 0 0 0.189196 0 0 0 132.595 9.15767 0 0 0.0931102 1313.71 190.107 0 0 68.1624 7.50967 0 0 0 0.259845 0 0 0 728.501 42.2483 0 0 0 205.027 12.8746 0 0 1.79249e-11 1.79249e-11 0
$SSageCompEsc
 2849 648 1443 1329 1160
$obsAgeCompEsc
0 0 0 0 0 0 0.0150719 0.00566992 0.000250926 0 0.00104037 0.965337 0.0126299 0 0 0 0 0 
0 0 0 0 0 0.0287746 0.709264 0.106043 0 0 0 0.0675734 0.0883449 0 0 0 0 0 
0 0 0 0 0 0 0.423496 0.114962 0 0 0.00240421 0.394894 0.0623582 0 0 0.00188622 0 0 
0 0 0 0 0 0 0.0657709 0.0034002 0 0 0.000100747 0.827259 0.0687585 0 0 0.0341347 0.000576019 0 
0 0 0 0 0 0 0.777281 0.0175373 0 0 0 0.198475 0.00670654 0 0 0 0 0 
$predAgeCompEsc
0 0 6.22527e-15 0 0 0 0.0136148 0.00524716 0.000248791 0 0.00103151 0.971905 0.00756924 0 0 0.000155583 0.000227829 0 
0 0 3.88947e-14 0 0 0.0290372 0.710245 0.106499 0 0 0 0.0682698 0.0859492 0 0 4.82314e-14 4.53771e-14 0 
0 0 1.57577e-14 0 0 0 0.42462 0.114209 0 0 0.00243208 0.399908 0.056576 0 0 0.0022552 2.94822e-14 0 
0 0 7.43863e-05 0 0 0 0.0804191 0.00360054 0 0 9.96475e-05 0.796768 0.0747448 0 0 0.0413407 0.00295259 0 
0 0 0.000213347 0 0 0 0.744889 0.0346881 0 0 0 0.209639 0.0105707 0 0 1.83281e-14 1.47173e-14 0 
$SSageCompCatch
 2901 1646 551
$obsAgeCompCatch
0 0 0 0 0 0 0.0397036 0.0303666 0 0 0 0.910563 0.0175837 0 0 0.00115546 0.000627604 0 
0 0 0.000143919 0 0 0 0.111841 0.028734 0 0 0 0.738875 0.0909772 0 0 0.0241145 0.00531357 0 
0 0 0.000767918 0 0 0 0.452748 0.0916779 0 0 0 0.402052 0.0527535 0 0 0 0 0 
$predAgeCompCatch
0 0 3.38485e-06 0 0 6.6115e-12 0.0512438 0.0326044 2.82e-11 0 2.14653e-11 0.887148 0.0279325 0 0 0.000567865 0.000499682 0 
0 0 7.87735e-05 0 0 1.40827e-12 0.0796784 0.0284648 1.0315e-11 0 8.99095e-12 0.785499 0.086187 0 0 0.0171403 0.00295184 0 
0 0 0.000316084 0 0 5.08458e-13 0.554625 0.0529577 3.0994e-12 0 2.28448e-12 0.353725 0.0341538 0 0 0.00351949 0.000702968 0 
$genSS
 0 0 0
$obsGenComp     #GeneticFracData
-1 -1 -1 -1 -1 
-1 -1 -1 -1 -1 
-1 -1 -1 -1 -1 
$predGenComp     #catchGenComp_pred
0 0 0 0 0 
0 0 0 0 0 
0 0 0 0 0 
#PARAMETERS_OF_INTEREST
$catchByGroup
0 0 0 
0 0 0 
2.18831e-10 1.05452e-11 3.93625e-13 
0 0 0 
0 0 0 
0 0 0 
213.055 8.55854 0.317502 
184.448 8.88837 0.331779 
5.02068e-07 1.44771e-08 5.31674e-10 
0 0 0 
3.32199e-07 9.57897e-09 3.51788e-10 
15209.1 610.96 22.6652 
266.074 12.8218 0.478604 
0 0 0 
0 0 0 
2.43469 0.0978029 0.00362826 
8.00867 0.385929 0.0144057 
0 0 0 
0 0 0 
0 0 0 
1.67408e-11 4.78918e-13 2.13392e-14 
0 0 0 
0 0 0 
1.1771e-07 1.97652e-09 8.72215e-11 
138.927 3.29119 0.146109 
45.8385 1.31134 0.0584296 
0 0 0 
0 0 0 
0 0 0 
13.3538 0.316354 0.0140442 
36.9938 1.05831 0.0471553 
0 0 0 
0 0 0 
9.43424e-12 2.23498e-13 9.922e-15 
1.9531e-11 5.58738e-13 2.48958e-14 
0 0 0 
0 0 0 
0 0 0 
4.73181e-11 3.11587e-12 2.5359e-14 
0 0 0 
0 0 0 
0 0 0 
482.582 25.6649 0.206862 
342.951 22.5832 0.183797 
0 0 0 
0 0 0 
4.97344e-08 1.77116e-09 1.40509e-11 
454.496 24.1713 0.194823 
169.889 11.1871 0.0910482 
0 0 0 
0 0 0 
2.56304 0.136309 0.00109867 
8.85306e-11 5.8297e-12 4.74459e-14 
0 0 0 
0 0 0 
0 0 0 
0.0223615 0.0946526 0.00267511 
0 0 0 
0 0 0 
0 0 0 
9.94508 46.3411 1.16524 
1.08237 4.58149 0.129484 
0 0 0 
0 0 0 
2.30039e-10 1.26874e-09 2.60438e-11 
98.5329 459.134 11.5448 
22.4693 95.1088 2.688 
0 0 0 
0 0 0 
5.11243 23.8224 0.59901 
0.887587 3.75701 0.106182 
0 0 0 
0 0 0 
0 0 0 
0.0379018 0.0159066 0.0515463 
0 0 0 
0 0 0 
0 0 0 
67.8263 27.9737 93.3052 
6.16246 2.58627 8.38092 
0 0 0 
0 0 0 
0 0 0 
19.0888 7.8728 26.2595 
1.87793 0.78813 2.55397 
0 0 0 
0 0 0 
1.66888e-12 6.88297e-13 2.29579e-12 
2.61458e-12 1.09729e-12 3.55582e-12 
0 0 0 
$escByGroup
 5e-101 5e-101 8.69034e-11 5e-101 5e-101 5e-101 190.059 73.2491 3.47306 5e-101 14.3997 13567.6 105.665 5e-101 5e-101 2.17191 3.18044 5e-101 5e-101 5e-101 6.65879e-12 5e-101 5e-101 4.97118 121.594 18.2326 5e-101 5e-101 5e-101 11.6878 14.7145 5e-101 5e-101 8.25724e-12 7.76859e-12 5e-101 5e-101 5e-101 1.1282e-11 5e-101 5e-101 5e-101 304.015 81.7697 5e-101 5e-101 1.74129 286.321 40.5066 5e-101 5e-101 1.61465 2.11083e-11 5e-101 5e-101 5e-101 0.0695063 5e-101 5e-101 5e-101 75.1433 3.36433 5e-101 5e-101 0.0931102 744.497 69.8413 5e-101 5e-101 38.6286 2.75889 5e-101 5e-101 5e-101 0.154491 5e-101 5e-101 5e-101 539.396 25.1187 5e-101 5e-101 5e-101 151.806 7.65457 5e-101 5e-101 1.32719e-11 1.06572e-11 5e-101
$catchByGroup
0 0 2.18831e-10 0 0 0 213.055 184.448 5.02068e-07 0 3.32199e-07 15209.1 266.074 0 0 2.43469 8.00867 0 0 0 1.67408e-11 0 0 1.1771e-07 138.927 45.8385 0 0 0 13.3538 36.9938 0 0 9.43424e-12 1.9531e-11 0 0 0 4.73181e-11 0 0 0 482.582 342.951 0 0 4.97344e-08 454.496 169.889 0 0 2.56304 8.85306e-11 0 0 0 0.0223615 0 0 0 9.94508 1.08237 0 0 2.30039e-10 98.5329 22.4693 0 0 5.11243 0.887587 0 0 0 0.0379018 0 0 0 67.8263 6.16246 0 0 0 19.0888 1.87793 0 0 1.66888e-12 2.61458e-12 0 
0 0 1.05452e-11 0 0 0 8.55854 8.88837 1.44771e-08 0 9.57897e-09 610.96 12.8218 0 0 0.0978029 0.385929 0 0 0 4.78918e-13 0 0 1.97652e-09 3.29119 1.31134 0 0 0 0.316354 1.05831 0 0 2.23498e-13 5.58738e-13 0 0 0 3.11587e-12 0 0 0 25.6649 22.5832 0 0 1.77116e-09 24.1713 11.1871 0 0 0.136309 5.8297e-12 0 0 0 0.0946526 0 0 0 46.3411 4.58149 0 0 1.26874e-09 459.134 95.1088 0 0 23.8224 3.75701 0 0 0 0.0159066 0 0 0 27.9737 2.58627 0 0 0 7.8728 0.78813 0 0 6.88297e-13 1.09729e-12 0 
0 0 3.93625e-13 0 0 0 0.317502 0.331779 5.31674e-10 0 3.51788e-10 22.6652 0.478604 0 0 0.00362826 0.0144057 0 0 0 2.13392e-14 0 0 8.72215e-11 0.146109 0.0584296 0 0 0 0.0140442 0.0471553 0 0 9.922e-15 2.48958e-14 0 0 0 2.5359e-14 0 0 0 0.206862 0.183797 0 0 1.40509e-11 0.194823 0.0910482 0 0 0.00109867 4.74459e-14 0 0 0 0.00267511 0 0 0 1.16524 0.129484 0 0 2.60438e-11 11.5448 2.688 0 0 0.59901 0.106182 0 0 0 0.0515463 0 0 0 93.3052 8.38092 0 0 0 26.2595 2.55397 0 0 2.29579e-12 3.55582e-12 0 
$Fmort
 0.422658 0.0885632 0.0244198
#ESTIMATED_PARAMETERS
$availability
1.42622 1.46385 1.76574 0.152738 0.191452 
0.196265 0.117306 0.300099 4.02025 0.366078 
0.0261407 0.0187738 0.00863418 0.299292 4.64716 
$selectivity
 3.82709e-08 1.20772 1.94842 2.39813e-07 1.84386
$RunSize
 0 0 3.16673e-10 0 0 0 411.99 266.917 3.47306 0 14.3997 29410.3 385.039 0 0 4.70803 11.5894 0 0 0 2.38999e-11 0 0 4.97118 263.958 65.4409 0 0 0 25.3721 52.8138 0 0 1.79249e-11 2.78832e-11 0 0 0 6.17413e-11 0 0 0 812.468 447.488 0 0 1.74129 765.184 221.674 0 0 4.31511 1.15516e-10 0 0 0 0.189196 0 0 0 132.595 9.15767 0 0 0.0931102 1313.71 190.107 0 0 68.1624 7.50967 0 0 0 0.259845 0 0 0 728.501 42.2483 0 0 0 205.027 12.8746 0 0 1.79249e-11 1.79249e-11 0
