$ndistricts
3
$ngroups
90
$nstocks
5
$nagecomps
18
$AgeCompLabels
 0.1 0.2 0.3 0.4 0.5 1.1 1.2 1.3 1.4 1.5 2.1 2.2 2.3 2.4 3.1 3.2 3.3 3.4
$navailpar
15
$nselectpar
5
$GENdata
-1
$maxGradient
0.000177021
#LIKELIHOOD_VALUES_AND_PENALTIES
$totalNLL
-132601
$NLLcatch
-92286.7
$NLLescape
-66828.1
$NLLagecompCatch
14650
$NLLagecompEsc
11863.5
$NLLgenetics
0
$NLLselOne
8.74875e-15
$NLLavailOne
8.04389e-11
$NLLextra
2.6e-198
#OBSERVED_AND_PREDICTED_VALUES
$predEsc
 5977.11 434.882 1113.64 1304.17 678.133
$obsEsc
 6065.88 415.853 1061.81 1273.55 686.894
$predCatch
 4986 5356.67 2128.65
$obsCatch
 4986 5356.67 2128.65
$RunSize
 0.829441 6.53853e-10 6.8435e-10 7.31925e-11 0 1.79322e-10 8685.87 511.877 1.52484e-10 0 2.57205 430.528 129.548 8.66111e-11 0 9.27105e-11 0 0 1.67123e-10 0.262823 8.7651 7.56322e-11 0 2.15918e-10 317.045 328.33 1.70782e-10 0 0 42.7764 26.8345 1.15888e-10 0 1.06129e-10 0 0 3.53764e-11 7.07527e-11 8.66111e-11 4.14757e-11 0 0.248673 176.056 1029.82 15.9739 0 7.21693 211.936 914.444 1.07062 0 4.14757e-11 0 0 2.19577e-11 4.26956e-11 4.75751e-11 5.97739e-11 0 0.503218 1261.72 1894.11 3.11466 0 7.05429 1676.24 1441.29 6.58732e-11 0 6.33347 0 0 0.28327 1.43921 12.0974 1.13289 0 0.0700922 718.19 668.67 3.58902 0 3.41104 523.343 913.282 1.32623 0 0.0616616 0 0
$SSageCompEsc
 2101 88.5 1590 3411 2883
$obsAgeCompEsc
0.000138951 0 0 0 0 0 0.905737 0.0282806 0 0 0.000458995 0.0532215 0.0121625 0 0 0 0 0 
0 0 0 0 0 0 0.601116 0.250188 0 0 0 0.102692 0.0460043 0 0 0 0 0 
0 0 0 0 0 0.000193986 0.0883427 0.386537 0.00689522 0 0.00647937 0.112836 0.398094 0.000622798 0 0 0 0 
0 0 0 0 0 0 0.247385 0.27251 0.000154304 0 0.00482559 0.281178 0.193344 0 0 0.000602129 0 0 
0 0.000688538 0.00346092 0 0 8.78641e-05 0.356808 0.198392 0.000263123 0 0.00454569 0.199482 0.236272 0 0 0 0 0 
$predAgeCompEsc
0.000129638 6.74259e-14 6.33503e-14 5.59281e-15 0 2.80272e-14 0.895695 0.0473845 1.16517e-14 0 0.000402002 0.0443964 0.0119923 6.61815e-15 0 9.5604e-15 0 0 
3.597e-13 0.000381143 0.0115078 8.35202e-14 0 4.64722e-13 0.459776 0.43107 1.88594e-13 0 0 0.0620339 0.0352315 1.27974e-13 0 1.53907e-13 0 0 
2.9144e-14 3.38679e-14 3.57611e-14 1.30226e-14 0 0.000204863 0.0842747 0.425207 0.00501551 0 0.00594551 0.10145 0.377567 0.000336155 0 1.98536e-14 0 0 
1.41409e-14 8.25372e-15 6.07397e-15 2.34933e-15 0 0.000324076 0.243909 0.241823 0.000122418 0 0.004543 0.324043 0.184011 2.58906e-15 0 0.00122436 0 0 
0.00035995 0.000618521 0.00349459 9.92935e-05 0 8.9066e-05 0.308653 0.193159 0.000314563 0 0.0043344 0.224915 0.26382 0.000116238 0 2.65e-05 0 0 
$SSageCompCatch
 4700 3665 3148
$obsAgeCompCatch
0 5.1072e-05 0.00121198 0 0 0 0.60318 0.223275 0.0012017 0 0 0.0542597 0.116775 4.5905e-05 0 0 0 0 
0 0 0 0 0 0.000337437 0.260194 0.257555 0.00086436 0 0 0.263324 0.216497 0 0 0.00122869 0 0 
0.00035177 0.000333985 0.0038326 0.000537956 0 0 0.185069 0.250283 0.00144647 0 0 0.210744 0.346351 0.000620748 0 0.00042829 0 0 
$predAgeCompCatch
1.00047e-05 3.27087e-05 0.000833963 1.79968e-05 0 4.27065e-06 0.625357 0.184419 0.00180386 0 0.000146194 0.0672834 0.119903 0.00013548 0 5.36742e-05 0 0 
1.94116e-06 2.62478e-05 0.000307759 2.93135e-05 0 1.44333e-05 0.25259 0.294187 0.000904671 0 0.000220625 0.220977 0.22991 5.73256e-05 0 0.000774347 0 0 
1.5725e-05 0.000382003 0.00360861 0.000384659 0 5.72294e-06 0.240964 0.256902 0.0013525 0 0.000213958 0.180959 0.314588 0.0004515 0 0.000171401 0 0 
$genSS
 0 0 0
$obsGenComp     #GeneticFracData
-1 -1 -1 -1 -1 
-1 -1 -1 -1 -1 
-1 -1 -1 -1 -1 
$predGenComp     #catchGenComp_pred
0 0 0 0 0 
0 0 0 0 0 
0 0 0 0 0 
#PARAMETERS_OF_INTEREST
$catchByGroup
0.0476428 0.00636014 0.000575778 
2.14774e-10 3.30171e-11 3.04928e-12 
2.60499e-10 4.13604e-11 3.83795e-12 
3.36107e-11 5.62666e-12 5.26269e-13 
0 0 0 
1.03002e-11 1.37503e-12 1.24481e-13 
2853.09 438.604 40.507 
194.847 30.9365 2.87069 
7.00224e-11 1.17222e-11 1.09639e-12 
0 0 0 
0.147738 0.0197225 0.00178546 
141.417 21.74 2.00779 
49.3127 7.82955 0.726528 
3.97727e-11 6.65821e-12 6.22751e-13 
0 0 0 
3.0453e-11 4.68153e-12 4.3236e-13 
0 0 0 
0 0 0 
9.84509e-12 7.67121e-13 8.33267e-14 
0.0881748 0.00801482 0.000880851 
3.40463 0.320582 0.0353312 
3.5389e-11 3.53086e-12 3.90954e-13 
0 0 0 
1.27196e-11 9.91098e-13 1.07656e-13 
106.366 9.66833 1.06258 
127.533 12.0086 1.32346 
7.99106e-11 7.9729e-12 8.82799e-13 
0 0 0 
0 0 0 
14.3511 1.30447 0.143365 
10.4233 0.981468 0.108167 
5.4225e-11 5.41018e-12 5.99042e-13 
0 0 0 
3.56054e-11 3.23642e-12 3.55691e-13 
0 0 0 
0 0 0 
2.49828e-12 4.13936e-13 8.11312e-15 
2.75375e-11 5.38935e-12 1.09155e-13 
3.87506e-11 7.8747e-12 1.60737e-13 
2.20995e-11 4.77491e-12 9.87388e-14 
0 0 0 
0.0175612 0.0029097 5.70299e-05 
68.5224 13.4105 0.271614 
460.753 93.6318 1.9112 
8.51135 1.839 0.038028 
0 0 0 
0.509659 0.0844447 0.00165511 
82.487 16.1435 0.326968 
409.13 83.1414 1.69707 
0.570457 0.123255 0.00254876 
0 0 0 
1.61427e-11 3.15927e-12 6.39874e-14 
0 0 0 
0 0 0 
1.38665e-13 3.20303e-12 1.73884e-13 
1.78246e-12 2.79239e-11 2.22496e-12 
2.37936e-12 3.43074e-11 2.96683e-12 
3.80832e-12 4.81616e-11 4.74001e-12 
0 0 0 
0.00317785 0.0734056 0.00398501 
52.6743 825.193 65.7509 
94.7295 1365.88 118.118 
0.198442 2.50958 0.246989 
0 0 0 
0.0445483 1.02903 0.0558632 
69.9797 1096.3 87.3526 
72.0828 1039.34 89.8802 
4.19692e-12 5.30761e-11 5.22368e-12 
0 0 0 
0.26441 4.14224 0.330051 
0 0 0 
0 0 0 
0.0022405 0.00403802 0.0328973 
0.074911 0.132586 0.81227 
0.753516 1.32798 7.64615 
0.0897321 0.157023 0.818806 
0 0 0 
0.000554388 0.000999166 0.0081401 
37.3819 66.1628 405.337 
41.6496 73.4024 422.631 
0.284272 0.497449 2.59398 
0 0 0 
0.0269793 0.0486244 0.396138 
27.2401 48.2127 295.368 
56.8858 100.254 577.237 
0.105045 0.183819 0.958538 
0 0 0 
0.0032095 0.00568054 0.034801 
0 0 0 
0 0 0 
$escByGroup
 0.774862 4.03012e-10 3.78652e-10 3.34288e-11 5e-101 1.67522e-10 5353.67 283.222 6.96434e-11 5e-101 2.40281 265.362 71.6792 3.95574e-11 5e-101 5.71436e-11 5e-101 5e-101 1.56427e-10 0.165752 5.00455 3.63215e-11 5e-101 2.021e-10 199.948 187.465 8.20162e-11 5e-101 5e-101 26.9774 15.3215 5.56538e-11 5e-101 6.69316e-11 5e-101 5e-101 3.2456e-11 3.77168e-11 3.98251e-11 1.45026e-11 5e-101 0.228145 93.8519 473.528 5.58548 5e-101 6.62117 112.979 420.475 0.374357 5e-101 2.21098e-11 5e-101 5e-101 1.84422e-11 1.07643e-11 7.92149e-12 3.06393e-12 5e-101 0.42265 318.099 315.378 0.159653 5e-101 5.92485 422.607 239.982 3.37657e-12 5e-101 1.59677 5e-101 5e-101 0.244094 0.419439 2.3698 0.0673342 5e-101 0.0603985 209.308 130.987 0.213315 5e-101 2.9393 152.522 178.905 0.078825 5e-101 0.0179705 5e-101 5e-101
$catchByGroup
0.0476428 2.14774e-10 2.60499e-10 3.36107e-11 0 1.03002e-11 2853.09 194.847 7.00224e-11 0 0.147738 141.417 49.3127 3.97727e-11 0 3.0453e-11 0 0 9.84509e-12 0.0881748 3.40463 3.5389e-11 0 1.27196e-11 106.366 127.533 7.99106e-11 0 0 14.3511 10.4233 5.4225e-11 0 3.56054e-11 0 0 2.49828e-12 2.75375e-11 3.87506e-11 2.20995e-11 0 0.0175612 68.5224 460.753 8.51135 0 0.509659 82.487 409.13 0.570457 0 1.61427e-11 0 0 1.38665e-13 1.78246e-12 2.37936e-12 3.80832e-12 0 0.00317785 52.6743 94.7295 0.198442 0 0.0445483 69.9797 72.0828 4.19692e-12 0 0.26441 0 0 0.0022405 0.074911 0.753516 0.0897321 0 0.000554388 37.3819 41.6496 0.284272 0 0.0269793 27.2401 56.8858 0.105045 0 0.0032095 0 0 
0.00636014 3.30171e-11 4.13604e-11 5.62666e-12 0 1.37503e-12 438.604 30.9365 1.17222e-11 0 0.0197225 21.74 7.82955 6.65821e-12 0 4.68153e-12 0 0 7.67121e-13 0.00801482 0.320582 3.53086e-12 0 9.91098e-13 9.66833 12.0086 7.9729e-12 0 0 1.30447 0.981468 5.41018e-12 0 3.23642e-12 0 0 4.13936e-13 5.38935e-12 7.8747e-12 4.77491e-12 0 0.0029097 13.4105 93.6318 1.839 0 0.0844447 16.1435 83.1414 0.123255 0 3.15927e-12 0 0 3.20303e-12 2.79239e-11 3.43074e-11 4.81616e-11 0 0.0734056 825.193 1365.88 2.50958 0 1.02903 1096.3 1039.34 5.30761e-11 0 4.14224 0 0 0.00403802 0.132586 1.32798 0.157023 0 0.000999166 66.1628 73.4024 0.497449 0 0.0486244 48.2127 100.254 0.183819 0 0.00568054 0 0 
0.000575778 3.04928e-12 3.83795e-12 5.26269e-13 0 1.24481e-13 40.507 2.87069 1.09639e-12 0 0.00178546 2.00779 0.726528 6.22751e-13 0 4.3236e-13 0 0 8.33267e-14 0.000880851 0.0353312 3.90954e-13 0 1.07656e-13 1.06258 1.32346 8.82799e-13 0 0 0.143365 0.108167 5.99042e-13 0 3.55691e-13 0 0 8.11312e-15 1.09155e-13 1.60737e-13 9.87388e-14 0 5.70299e-05 0.271614 1.9112 0.038028 0 0.00165511 0.326968 1.69707 0.00254876 0 6.39874e-14 0 0 1.73884e-13 2.22496e-12 2.96683e-12 4.74001e-12 0 0.00398501 65.7509 118.118 0.246989 0 0.0558632 87.3526 89.8802 5.22368e-12 0 0.330051 0 0 0.0328973 0.81227 7.64615 0.818806 0 0.0081401 405.337 422.631 2.59398 0 0.396138 295.368 577.237 0.958538 0 0.034801 0 0 
$Fmort
 0.635499 0.60092 0.407017
#ESTIMATED_PARAMETERS
$availability
1.42622 1.46385 1.76574 0.152738 0.191452 
0.196265 0.117306 0.300099 4.02025 0.366078 
0.0261407 0.0187738 0.00863418 0.299292 4.64716 
$selectivity
 0.0652667 0.439342 0.528583 0.678232 3.28858
$RunSize
 0.829441 6.53853e-10 6.8435e-10 7.31925e-11 0 1.79322e-10 8685.87 511.877 1.52484e-10 0 2.57205 430.528 129.548 8.66111e-11 0 9.27105e-11 0 0 1.67123e-10 0.262823 8.7651 7.56322e-11 0 2.15918e-10 317.045 328.33 1.70782e-10 0 0 42.7764 26.8345 1.15888e-10 0 1.06129e-10 0 0 3.53764e-11 7.07527e-11 8.66111e-11 4.14757e-11 0 0.248673 176.056 1029.82 15.9739 0 7.21693 211.936 914.444 1.07062 0 4.14757e-11 0 0 2.19577e-11 4.26956e-11 4.75751e-11 5.97739e-11 0 0.503218 1261.72 1894.11 3.11466 0 7.05429 1676.24 1441.29 6.58732e-11 0 6.33347 0 0 0.28327 1.43921 12.0974 1.13289 0 0.0700922 718.19 668.67 3.58902 0 3.41104 523.343 913.282 1.32623 0 0.0616616 0 0
