$ndistricts
3
$ngroups
90
$nstocks
5
$nagecomps
18
$AgeCompLabels
 0.1 0.2 0.3 0.4 0.5 1.1 1.2 1.3 1.4 1.5 2.1 2.2 2.3 2.4 3.1 3.2 3.3 3.4
$navailpar
15
$nselectpar
5
$GENdata
-1
$maxGradient
0.000139216
#LIKELIHOOD_VALUES_AND_PENALTIES
$totalNLL
-75788.2
$NLLcatch
-61163.9
$NLLescape
-30726.2
$NLLagecompCatch
8850.46
$NLLagecompEsc
7251.53
$NLLgenetics
0
$NLLselOne
3.04646e-16
$NLLavailOne
8.04389e-11
$NLLextra
4.5e-198
#OBSERVED_AND_PREDICTED_VALUES
$predEsc
 1112.61 640.703 1172.5 1052.44 1179.93
$obsEsc
 1134.84 645.639 1155.55 1034.63 1185.55
$predCatch
 5005.8 2447.51 1139.19
$obsCatch
 5005.8 2447.51 1139.19
$RunSize
 0 1.7236 8.31896e-11 0 0 48.0586 1377.64 674.629 2.879 0 13.5967 139.663 221.368 9.38745e-11 0 0 0 0 0 0 1.85459e-10 0 0 0 822.783 477.237 6.46436e-10 0 0 46.1527 112.857 8.31133e-10 0 0 0 0 0 0 1.01507e-10 0 0 8.04644 351.739 2028.5 18.6168 0 8.74716 95.1156 1317.06 3.31186 0 0 0 0 0 0 0.505016 0 0 2.57217 281.839 1675.24 3.46496e-10 0 6.08548 604.812 729.231 0.658099 0 0 0.989129 0 0 0 3.80907 0 0 20.6327 254.205 1850.1 5.74211 0 2.83924 188.258 352.512 0.935061 0 0 0 0
$SSageCompEsc
 1774 88.5 1377 1563 1230
$obsAgeCompEsc
0 0.00108393 0 0 0 0.0426532 0.567967 0.232927 0.0012516 0 0.0120674 0.0671726 0.0748765 0 0 0 0 0 
0 0 0 0 0 0 0.601116 0.250188 0 0 0 0.102692 0.0460043 0 0 0 0 0 
0 0 0 0 0 0.0069471 0.114354 0.508625 0.00648366 0 0.00755208 0.0401793 0.314618 0.00124078 0 0 0 0 
0 0 0 0 0 0.00247186 0.124902 0.514856 0 0 0.00584815 0.163541 0.186921 0.0005756 0 0 0.000884712 0 
0 0 0 0 0 0.0174065 0.115576 0.670372 0.00107853 0 0.00239529 0.0672063 0.125384 0.000581315 0 0 0 0 
$predAgeCompEsc
0 0.000712282 2.93052e-14 0 0 0.0431946 0.569313 0.237652 0.00121018 0 0.0122205 0.0577158 0.0779815 3.946e-14 0 0 0 0 
0 0 1.15817e-13 0 0 0 0.597952 0.298029 4.77518e-13 0 0 0.0335412 0.0704778 6.13951e-13 0 0 0 0 
0 0 2.54517e-14 0 0 0.00686261 0.110038 0.508625 0.00596033 0 0.00746024 0.0297559 0.330238 0.00106032 0 0 0 0 
0 0 0.000141799 0 0 0.002444 0.100441 0.470377 1.26521e-13 0 0.00578224 0.215541 0.204755 0.000240301 0 0 0.000277729 0 
0 0 0.0013635 0 0 0.0174864 0.107675 0.662264 0.00247463 0 0.00240628 0.0797418 0.126185 0.000402976 0 0 0 0 
$SSageCompCatch
 3360 3676 481
$obsAgeCompCatch
0 0 0 0 0 0 0.272434 0.466153 0.00205426 0 0 0.0243491 0.234596 0.000414283 0 0 0 0 
0 0 0.000369604 0 0 0 0.0861532 0.50889 0.000860949 0 0 0.167028 0.236698 0 0 0 0 0 
0 0 0.00490196 0 0 0 0.0719988 0.668818 0.00490196 0 0 0.112911 0.136469 0 0 0 0 0 
$predAgeCompCatch
0 0.000172862 8.85629e-05 0 0 1.37837e-11 0.27139 0.457442 0.0025076 0 5.74657e-12 0.0417587 0.22622 0.000403217 0 0 1.67587e-05 0 
0 2.52103e-05 0.000241966 0 0 3.65773e-12 0.102596 0.530679 0.000596663 0 3.78775e-12 0.139616 0.225771 0.00023603 0 0 0.000237567 0 
0 3.59841e-06 0.0013347 0 0 1.26962e-11 0.0880193 0.692426 0.00172946 0 2.00159e-12 0.0717386 0.144424 0.000296085 0 0 2.76468e-05 0 
$genSS
 0 0 0
$obsGenComp     #GeneticFracData
-1 -1 -1 -1 -1 
-1 -1 -1 -1 -1 
-1 -1 -1 -1 -1 
$predGenComp     #catchGenComp_pred
0 0 0 0 0 
0 0 0 0 0 
0 0 0 0 0 
#PARAMETERS_OF_INTEREST
$catchByGroup
0 0 0 
0.865311 0.0617026 0.00409928 
4.68267e-11 3.52287e-12 2.34787e-13 
0 0 0 
0 0 0 
5.43016e-08 2.83921e-09 1.85449e-10 
691.626 49.3177 3.27647 
379.743 28.5689 1.90402 
1.42484 0.101 0.00670773 
0 0 0 
1.53629e-08 8.03263e-10 5.24668e-11 
70.1157 4.99973 0.332162 
124.606 9.3744 0.624771 
4.64591e-11 3.29327e-12 2.18716e-13 
0 0 0 
0 0 0 
0 0 0 
0 0 0 
0 0 0 
0 0 0 
1.06144e-10 4.7349e-12 3.76065e-13 
0 0 0 
0 0 0 
0 0 0 
420.533 17.7336 1.40584 
273.137 12.1842 0.967718 
3.25755e-10 1.36517e-11 1.08203e-12 
0 0 0 
0 0 0 
23.5892 0.994737 0.0788587 
64.5915 2.88131 0.228846 
4.18828e-10 1.75522e-11 1.39118e-12 
0 0 0 
0 0 0 
0 0 0 
0 0 0 
0 0 0 
0 0 0 
6.50711e-11 6.49858e-12 9.47141e-14 
0 0 0 
0 0 0 
1.1256e-08 7.2686e-10 1.02555e-11 
203.373 19.0701 0.276529 
1300.38 129.867 1.89276 
10.6247 0.989317 0.0143378 
0 0 0 
1.22362e-08 7.90158e-10 1.11486e-11 
54.9951 5.15684 0.0747777 
844.304 84.3197 1.22892 
1.89009 0.175996 0.00255064 
0 0 0 
0 0 0 
0 0 0 
0 0 0 
0 0 0 
0 0 0 
0.0428319 0.296868 0.0160803 
0 0 0 
0 0 0 
3.11244e-10 3.11269e-09 1.1364e-10 
20.2778 148.273 7.57983 
142.082 984.771 53.3416 
2.44398e-11 1.79769e-10 9.13125e-12 
0 0 0 
7.36368e-10 7.36428e-09 2.6886e-10 
43.5152 318.186 16.2659 
61.8482 428.67 23.2196 
0.0464185 0.341435 0.017343 
0 0 0 
0 0 0 
0.083891 0.581448 0.031495 
0 0 0 
0 0 0 
0 0 0 
0.400496 0.295346 1.5044 
0 0 0 
0 0 0 
3.12947e-09 2.27359e-09 1.4154e-08 
22.7126 16.7106 87.7321 
194.525 143.453 730.7 
0.503055 0.370024 1.94914 
0 0 0 
4.30643e-10 3.12866e-10 1.94772e-09 
16.8204 12.3754 64.9723 
37.0641 27.3329 139.225 
0.0819189 0.0602557 0.317404 
0 0 0 
0 0 0 
0 0 0 
0 0 0 
$escByGroup
 5e-101 0.79249 3.26052e-11 5e-101 5e-101 48.0586 633.422 264.413 1.34646 5e-101 13.5967 64.215 86.7628 4.39034e-11 5e-101 5e-101 5e-101 5e-101 5e-101 5e-101 7.42044e-11 5e-101 5e-101 5e-101 383.11 190.948 3.05947e-10 5e-101 5e-101 21.49 45.1554 3.93361e-10 5e-101 5e-101 5e-101 5e-101 5e-101 5e-101 2.98422e-11 5e-101 5e-101 8.04644 129.019 596.365 6.9885 5e-101 8.74716 34.8889 387.205 1.24323 5e-101 5e-101 5e-101 5e-101 5e-101 5e-101 0.149236 5e-101 5e-101 2.57217 105.708 495.045 1.33156e-10 5e-101 6.08548 226.845 215.493 0.252903 5e-101 5e-101 0.292295 5e-101 5e-101 5e-101 1.60883 5e-101 5e-101 20.6327 127.049 781.424 2.91989 5e-101 2.83924 94.0897 148.89 0.475483 5e-101 5e-101 5e-101 5e-101
$catchByGroup
0 0.865311 4.68267e-11 0 0 5.43016e-08 691.626 379.743 1.42484 0 1.53629e-08 70.1157 124.606 4.64591e-11 0 0 0 0 0 0 1.06144e-10 0 0 0 420.533 273.137 3.25755e-10 0 0 23.5892 64.5915 4.18828e-10 0 0 0 0 0 0 6.50711e-11 0 0 1.1256e-08 203.373 1300.38 10.6247 0 1.22362e-08 54.9951 844.304 1.89009 0 0 0 0 0 0 0.0428319 0 0 3.11244e-10 20.2778 142.082 2.44398e-11 0 7.36368e-10 43.5152 61.8482 0.0464185 0 0 0.083891 0 0 0 0.400496 0 0 3.12947e-09 22.7126 194.525 0.503055 0 4.30643e-10 16.8204 37.0641 0.0819189 0 0 0 0 
0 0.0617026 3.52287e-12 0 0 2.83921e-09 49.3177 28.5689 0.101 0 8.03263e-10 4.99973 9.3744 3.29327e-12 0 0 0 0 0 0 4.7349e-12 0 0 0 17.7336 12.1842 1.36517e-11 0 0 0.994737 2.88131 1.75522e-11 0 0 0 0 0 0 6.49858e-12 0 0 7.2686e-10 19.0701 129.867 0.989317 0 7.90158e-10 5.15684 84.3197 0.175996 0 0 0 0 0 0 0.296868 0 0 3.11269e-09 148.273 984.771 1.79769e-10 0 7.36428e-09 318.186 428.67 0.341435 0 0 0.581448 0 0 0 0.295346 0 0 2.27359e-09 16.7106 143.453 0.370024 0 3.12866e-10 12.3754 27.3329 0.0602557 0 0 0 0 
0 0.00409928 2.34787e-13 0 0 1.85449e-10 3.27647 1.90402 0.00670773 0 5.24668e-11 0.332162 0.624771 2.18716e-13 0 0 0 0 0 0 3.76065e-13 0 0 0 1.40584 0.967718 1.08203e-12 0 0 0.0788587 0.228846 1.39118e-12 0 0 0 0 0 0 9.47141e-14 0 0 1.02555e-11 0.276529 1.89276 0.0143378 0 1.11486e-11 0.0747777 1.22892 0.00255064 0 0 0 0 0 0 0.0160803 0 0 1.1364e-10 7.57983 53.3416 9.13125e-12 0 2.6886e-10 16.2659 23.2196 0.017343 0 0 0.031495 0 0 0 1.5044 0 0 1.4154e-08 87.7321 730.7 1.94914 0 1.94772e-09 64.9723 139.225 0.317404 0 0 0 0 
$Fmort
 0.724057 0.275107 0.134914
#ESTIMATED_PARAMETERS
$availability
1.42622 1.46385 1.76574 0.152738 0.191452 
0.196265 0.117306 0.300099 4.02025 0.366078 
0.0261407 0.0187738 0.00863418 0.299292 4.64716 
$selectivity
 1.09416e-09 0.675172 0.801394 0.661405 2.86203
$RunSize
 0 1.7236 8.31896e-11 0 0 48.0586 1377.64 674.629 2.879 0 13.5967 139.663 221.368 9.38745e-11 0 0 0 0 0 0 1.85459e-10 0 0 0 822.783 477.237 6.46436e-10 0 0 46.1527 112.857 8.31133e-10 0 0 0 0 0 0 1.01507e-10 0 0 8.04644 351.739 2028.5 18.6168 0 8.74716 95.1156 1317.06 3.31186 0 0 0 0 0 0 0.505016 0 0 2.57217 281.839 1675.24 3.46496e-10 0 6.08548 604.812 729.231 0.658099 0 0 0.989129 0 0 0 3.80907 0 0 20.6327 254.205 1850.1 5.74211 0 2.83924 188.258 352.512 0.935061 0 0 0 0
