$ndistricts
3
$ngroups
90
$nstocks
5
$nagecomps
18
$AgeCompLabels
 0.1 0.2 0.3 0.4 0.5 1.1 1.2 1.3 1.4 1.5 2.1 2.2 2.3 2.4 3.1 3.2 3.3 3.4
$navailpar
15
$nselectpar
5
$GENdata
-1
$maxGradient
1.54416e-05
#LIKELIHOOD_VALUES_AND_PENALTIES
$totalNLL
-43137.8
$NLLcatch
-26394
$NLLescape
-25787.1
$NLLagecompCatch
3685.65
$NLLagecompEsc
5357.6
$NLLgenetics
0
$NLLselOne
2.77378e-16
$NLLavailOne
8.04389e-11
$NLLextra
4e-198
#OBSERVED_AND_PREDICTED_VALUES
$predEsc
 1949.96 79.8702 1306.84 544.244 348.265
$obsEsc
 1965.28 81.822 1320.75 509.16 356.308
$predCatch
 2547.28 1329.79 174.923
$obsCatch
 2547.28 1329.79 174.923
$RunSize
 0 1.68701e-09 5.57892e-10 0 0 0 460.606 600.682 0 0 86.0982 1845.38 265.161 9.18474e-10 0 54.6459 3.88192 0 0 1.8857e-10 1.69713e-10 0 0 0 62.4645 43.756 0 0 1.74772e-10 28.289 0.614998 1.62354e-10 0 2.27204e-10 2.35943e-10 0 0 2.36862e-10 1.67873e-10 0 0 0 257.363 488.952 0 0 5.2333 1541.26 326.868 1.66954e-10 0 15.4364 4.12035 0 0 0.422876 6.57696e-11 0 0 0 10.5571 35.6559 0 0 1.19371 650.902 767.729 2.82614 0 143.084 12.0226 0 0 5.19718e-11 1.01457 0 0 0 117.661 53.1667 0 0 4.09335e-11 275.852 117.29 0.0828167 0 0.733979 0.161658 0
$SSageCompEsc
 35 73 1233 2084.5 1172.5
$obsAgeCompEsc
0 0 0 0 0 0 0.657143 0.142857 0 0 0 0.2 0 0 0 0 0 0 
0 0 0 0 0 0 0.4881 0.302237 0 0 0 0.205384 0.00427899 0 0 0 0 0 
0 0 0 0 0 0 0.109617 0.181867 0 0 0.00292846 0.582028 0.116371 0 0 0.00571301 0.0014758 0 
0 0 0 0 0 0 0.00796217 0.0278907 0 0 0.00165367 0.420382 0.455546 0.00253569 0 0.0774835 0.00654586 0 
0 0 0 0 0 0 0.217492 0.0896673 0 0 0 0.497646 0.193566 0.000191578 0 0.00126912 0.000167556 0 
$predAgeCompEsc
0 5.08995e-13 1.62147e-13 0 0 0 0.138971 0.174584 0 0 0.0349843 0.556778 0.0770671 3.2404e-13 0 0.0164874 0.00112825 0 
0 1.41162e-12 1.22636e-12 0 0 0 0.467604 0.316183 0 0 1.7414e-12 0.211769 0.00444401 1.41106e-12 0 1.70083e-12 1.70493e-12 0 
0 9.10591e-14 6.13454e-14 0 0 0 0.0989405 0.178676 0 0 0.00297747 0.59252 0.119446 7.90469e-14 0 0.00593436 0.00150568 0 
0 0.000270718 3.87771e-14 0 0 0 0.0067585 0.0210224 0 0 0.00140514 0.416697 0.452645 0.00251218 0 0.0916003 0.00708843 0 
0 9.28356e-14 0.00174735 0 0 0 0.210175 0.0915667 0 0 9.6302e-14 0.492746 0.202004 0.000171514 0 0.00131108 0.000278416 0 
$SSageCompCatch
 1155 1526 280.5
$obsAgeCompCatch
0 0 0 0 0 0 0.0994763 0.211569 0 0 0.00924569 0.547755 0.11826 0 0 0.0121825 0.00151195 0 
0 0.000578908 0 0 0 0 0.0279803 0.0300462 0 0 0 0.45079 0.394313 0.00110714 0 0.0887544 0.00643014 0 
0 0 0.00917627 0 0 0 0.143999 0.105131 0 0 0 0.42089 0.299298 0 0 0.0169173 0.00458814 0 
$predAgeCompCatch
0 7.9601e-06 2.53048e-05 0 0 0 0.122492 0.187193 0 0 0.00681913 0.55169 0.116933 3.98403e-05 0 0.0132309 0.00156882 0 
0 0.00018636 6.25849e-05 0 0 0 0.0396027 0.0656824 0 0 0.00166176 0.43573 0.384644 0.00100004 0 0.0655707 0.00586 0 
0 4.25544e-05 0.00147691 0 0 0 0.168403 0.0887111 0 0 0.000407321 0.466601 0.256556 0.000289562 0 0.0159394 0.00157347 0 
$genSS
 0 0 0
$obsGenComp     #GeneticFracData
-1 -1 -1 -1 -1 
-1 -1 -1 -1 -1 
-1 -1 -1 -1 -1 
$predGenComp     #catchGenComp_pred
0 0 0 0 0 
0 0 0 0 0 
0 0 0 0 0 
#PARAMETERS_OF_INTEREST
$catchByGroup
0 0 0 
6.20779e-10 7.10958e-11 2.61477e-12 
2.15767e-10 2.50216e-11 9.21494e-13 
0 0 0 
0 0 0 
0 0 0 
169.492 19.4113 0.713911 
232.316 26.9408 0.992173 
0 0 0 
0 0 0 
16.1567 1.66289 0.0604714 
679.056 77.77 2.86023 
102.552 11.8926 0.437978 
2.57644e-10 2.79416e-11 1.02167e-12 
0 0 0 
20.1084 2.30294 0.0846979 
1.50135 0.174105 0.00641193 
0 0 0 
0 0 0 
7.08229e-11 4.79086e-12 2.09951e-13 
6.69711e-11 4.59136e-12 2.0137e-13 
0 0 0 
0 0 0 
0 0 0 
23.4603 1.58699 0.0695471 
17.2667 1.18376 0.051918 
0 0 0 
0 0 0 
3.35729e-11 2.02543e-12 8.81673e-14 
10.6247 0.718717 0.0314966 
0.242687 0.0166379 0.000729716 
4.65525e-11 2.97037e-12 1.29721e-13 
0 0 0 
8.5333e-11 5.77241e-12 2.52966e-13 
9.31061e-11 6.3831e-12 2.79954e-13 
0 0 0 
0 0 0 
1.0265e-10 1.50918e-11 1.21322e-13 
7.62382e-11 1.13749e-11 9.16367e-14 
0 0 0 
0 0 0 
0 0 0 
111.534 16.3981 0.131823 
222.053 33.1309 0.266903 
0 0 0 
0 0 0 
1.18726 0.153758 0.00121433 
667.939 98.2022 0.789442 
148.444 22.1482 0.178427 
5.58872e-11 7.70326e-12 6.13627e-14 
0 0 0 
6.68972 0.983541 0.00790662 
1.87122 0.27919 0.00224916 
0 0 0 
0 0 0 
0.0202766 0.247819 0.00744375 
3.35553e-12 4.00767e-11 1.23311e-12 
0 0 0 
0 0 0 
0 0 0 
0.506206 6.18682 0.185834 
1.81915 21.727 0.66851 
0 0 0 
0 0 0 
0.0262748 0.393137 0.00956402 
31.2102 381.449 11.4576 
39.1691 467.816 14.3941 
0.097904 1.32521 0.0357842 
0 0 0 
6.86078 83.852 2.51867 
0.613389 7.326 0.225411 
0 0 0 
0 0 0 
3.10444e-12 4.01067e-12 1.25252e-11 
0.0644583 0.0832246 0.258345 
0 0 0 
0 0 0 
0 0 0 
7.0283 9.07995 28.3564 
3.37782 4.36123 13.5381 
0 0 0 
0 0 0 
1.1262e-12 1.46229e-12 4.80637e-12 
16.4775 21.2876 66.4805 
7.45176 9.62125 29.8662 
0.00358024 0.00463736 0.0148668 
0 0 0 
0.043843 0.0566413 0.176889 
0.0102705 0.0132607 0.0411637 
0 0 0 
$escByGroup
 5e-101 9.92523e-10 3.16182e-10 5e-101 5e-101 5e-101 270.989 340.433 5e-101 5e-101 68.2182 1085.7 150.278 6.31867e-10 5e-101 32.1499 2.20005 5e-101 5e-101 1.12746e-10 9.79493e-11 5e-101 5e-101 5e-101 37.3476 25.2536 5e-101 5e-101 1.39086e-10 16.914 0.354944 1.12702e-10 5e-101 1.35846e-10 1.36173e-10 5e-101 5e-101 1.19e-10 8.01686e-11 5e-101 5e-101 5e-101 129.299 233.501 5e-101 5e-101 3.89107 774.328 156.097 1.03302e-10 5e-101 7.75526 1.96769 5e-101 5e-101 0.147337 2.11042e-11 5e-101 5e-101 5e-101 3.67827 11.4413 5e-101 5e-101 0.764736 226.785 246.349 1.36724 5e-101 49.8529 3.85783 5e-101 5e-101 3.23314e-11 0.608542 5e-101 5e-101 5e-101 73.1966 31.8895 5e-101 5e-101 3.35386e-11 171.606 70.351 0.0597324 5e-101 0.456605 0.0969627 5e-101
$catchByGroup
0 6.20779e-10 2.15767e-10 0 0 0 169.492 232.316 0 0 16.1567 679.056 102.552 2.57644e-10 0 20.1084 1.50135 0 0 7.08229e-11 6.69711e-11 0 0 0 23.4603 17.2667 0 0 3.35729e-11 10.6247 0.242687 4.65525e-11 0 8.5333e-11 9.31061e-11 0 0 1.0265e-10 7.62382e-11 0 0 0 111.534 222.053 0 0 1.18726 667.939 148.444 5.58872e-11 0 6.68972 1.87122 0 0 0.0202766 3.35553e-12 0 0 0 0.506206 1.81915 0 0 0.0262748 31.2102 39.1691 0.097904 0 6.86078 0.613389 0 0 3.10444e-12 0.0644583 0 0 0 7.0283 3.37782 0 0 1.1262e-12 16.4775 7.45176 0.00358024 0 0.043843 0.0102705 0 
0 7.10958e-11 2.50216e-11 0 0 0 19.4113 26.9408 0 0 1.66289 77.77 11.8926 2.79416e-11 0 2.30294 0.174105 0 0 4.79086e-12 4.59136e-12 0 0 0 1.58699 1.18376 0 0 2.02543e-12 0.718717 0.0166379 2.97037e-12 0 5.77241e-12 6.3831e-12 0 0 1.50918e-11 1.13749e-11 0 0 0 16.3981 33.1309 0 0 0.153758 98.2022 22.1482 7.70326e-12 0 0.983541 0.27919 0 0 0.247819 4.00767e-11 0 0 0 6.18682 21.727 0 0 0.393137 381.449 467.816 1.32521 0 83.852 7.326 0 0 4.01067e-12 0.0832246 0 0 0 9.07995 4.36123 0 0 1.46229e-12 21.2876 9.62125 0.00463736 0 0.0566413 0.0132607 0 
0 2.61477e-12 9.21494e-13 0 0 0 0.713911 0.992173 0 0 0.0604714 2.86023 0.437978 1.02167e-12 0 0.0846979 0.00641193 0 0 2.09951e-13 2.0137e-13 0 0 0 0.0695471 0.051918 0 0 8.81673e-14 0.0314966 0.000729716 1.29721e-13 0 2.52966e-13 2.79954e-13 0 0 1.21322e-13 9.16367e-14 0 0 0 0.131823 0.266903 0 0 0.00121433 0.789442 0.178427 6.13627e-14 0 0.00790662 0.00224916 0 0 0.00744375 1.23311e-12 0 0 0 0.185834 0.66851 0 0 0.00956402 11.4576 14.3941 0.0357842 0 2.51867 0.225411 0 0 1.25252e-11 0.258345 0 0 0 28.3564 13.5381 0 0 4.80637e-12 66.4805 29.8662 0.0148668 0 0.176889 0.0411637 0 
$Fmort
 0.338896 0.231102 0.0625086
#ESTIMATED_PARAMETERS
$availability
1.42622 1.46385 1.76574 0.152738 0.191452 
0.196265 0.117306 0.300099 4.02025 0.366078 
0.0261407 0.0187738 0.00863418 0.299292 4.64716 
$selectivity
 0.429983 0.949281 1.01168 0.681127 1.92792
$RunSize
 0 1.68701e-09 5.57892e-10 0 0 0 460.606 600.682 0 0 86.0982 1845.38 265.161 9.18474e-10 0 54.6459 3.88192 0 0 1.8857e-10 1.69713e-10 0 0 0 62.4645 43.756 0 0 1.74772e-10 28.289 0.614998 1.62354e-10 0 2.27204e-10 2.35943e-10 0 0 2.36862e-10 1.67873e-10 0 0 0 257.363 488.952 0 0 5.2333 1541.26 326.868 1.66954e-10 0 15.4364 4.12035 0 0 0.422876 6.57696e-11 0 0 0 10.5571 35.6559 0 0 1.19371 650.902 767.729 2.82614 0 143.084 12.0226 0 0 5.19718e-11 1.01457 0 0 0 117.661 53.1667 0 0 4.09335e-11 275.852 117.29 0.0828167 0 0.733979 0.161658 0
