$ndistricts
3
$ngroups
90
$nstocks
5
$nagecomps
18
$AgeCompLabels
 0.1 0.2 0.3 0.4 0.5 1.1 1.2 1.3 1.4 1.5 2.1 2.2 2.3 2.4 3.1 3.2 3.3 3.4
$navailpar
15
$nselectpar
5
$GENdata
-1
$maxGradient
0.000123838
#LIKELIHOOD_VALUES_AND_PENALTIES
$totalNLL
-239640
$NLLcatch
-154535
$NLLescape
-108187
$NLLagecompCatch
16617.1
$NLLagecompEsc
6465.98
$NLLgenetics
0
$NLLselOne
1.009e-14
$NLLavailOne
8.04389e-11
$NLLextra
3.8e-198
#OBSERVED_AND_PREDICTED_VALUES
$predEsc
 5570.69 5208.78 2006.8 1318.67 824.99
$obsEsc
 5500.13 5396.59 1939.67 1290.14 815.104
$predCatch
 5123.76 11187.7 3219.42
$obsCatch
 5123.76 11187.7 3219.42
$RunSize
 0 0 0 0 0 0 1568.23 267.791 19.927 0 9.7594e-11 6132.03 103.065 4.01858e-10 0 1.33953e-10 6.69763e-11 3.63586e-10 0 0 0 0 0 38.8794 4495.31 1606.42 5.62601e-10 0 1.55002e-10 853.61 341.681 23.3453 0 2.10497e-10 7.84579e-11 0.571358 0 0 0 0 0 0 899.031 1244.53 18.4759 0 4.20994e-11 551.592 737.529 1.1673e-10 0 6.31491e-11 3.82722e-11 9.7594e-11 0 0 0 0 0 0 1157.19 310.395 8.41988e-11 0 25.2232 9424.75 588.626 2.07539 0 19.2274 37.4125 4.97538e-11 0 0 0 0 0 0.60107 1861.39 832.637 4.35739 0 0.381048 1067.23 225.721 0.937595 0 0.612978 4.59266e-11 2.67905e-11
$SSageCompEsc
 1471 1006 1412 1313 1374
$obsAgeCompEsc
0 0 0 0 0 0 0.272427 0.0279234 0.00183165 0 0 0.691769 0.0060488 0 0 0 0 0 
0 0 0 0 0 0.00655557 0.792176 0.124001 0 0 0 0.0738648 0.00340231 0 0 0 0 0 
0 0 0 0 0 0 0.336517 0.337294 0.0045705 0 0 0.163798 0.157821 0 0 0 0 0 
0 0 0 0 0 0 0.136001 0.0253231 0 0 0.0174593 0.784028 0.0339486 0 0 0.00062602 0.0026137 0 
0 0 0 0 0 0.000719709 0.473608 0.184028 0.000448967 0 0.000454334 0.299255 0.0408499 0.00063628 0 0 0 0 
$predAgeCompEsc
0 0 0 0 0 0 0.194399 0.0312591 0.00218321 0 1.72158e-14 0.760128 0.0120308 4.40276e-14 0 1.66048e-14 7.8181e-15 3.98345e-14 
0 0 0 0 0 0.00734479 0.618131 0.20961 6.95017e-14 0 2.92818e-14 0.117376 0.0445835 0.002884 0 2.89445e-14 1.02374e-14 7.05835e-05 
0 0 0 0 0 0 0.273406 0.347937 0.00471909 0 2.05102e-14 0.167746 0.206193 2.98151e-14 0 1.92044e-14 1.06998e-14 2.49274e-14 
0 0 0 0 0 0 0.102421 0.0146256 9.95116e-16 0 0.0175543 0.834174 0.0277356 2.45283e-05 0 0.0017018 0.00176285 5.88023e-16 
0 0 0 0 0 0.000688517 0.510166 0.153803 0.000444084 0 0.000436484 0.292504 0.0416949 9.55551e-05 0 0.000168004 8.48349e-15 2.73036e-15 
$SSageCompCatch
 5148 6243 3821
$obsAgeCompCatch
0 0 0 0 0 0 0.25086 0.201318 0.00297085 0 0 0.443366 0.0995249 0.00182129 0 9.09757e-05 0 4.81773e-05 
0 0 0 0 0 0 0.133391 0.0534826 0.000145199 0 0.000297248 0.752223 0.0555111 0.000357085 0 0.00152322 0.00306959 0 
0 0 0 0 0 0 0.399245 0.167507 0.00106188 0 0 0.372648 0.0584405 0 0 0.000700318 0.000397049 0 
$predAgeCompCatch
0 0 0 0 0 0.000102247 0.342854 0.179599 0.00238463 0 7.08071e-06 0.400703 0.0726231 0.00135724 0 0.000107268 0.000229787 3.26667e-05 
0 0 0 0 0 8.60126e-06 0.14295 0.0585243 0.000475528 0 0.00017572 0.735249 0.0581265 0.000299199 0 0.00137867 0.00280982 2.99974e-06 
0 0 0 0 0 1.08539e-05 0.378304 0.179051 0.00100122 0 2.90842e-05 0.381003 0.0590831 0.000286864 0 0.000460957 0.000768814 8.59824e-07 
$genSS
 0 0 0
$obsGenComp     #GeneticFracData
-1 -1 -1 -1 -1 
-1 -1 -1 -1 -1 
-1 -1 -1 -1 -1 
$predGenComp     #catchGenComp_pred
0 0 0 0 0 
0 0 0 0 0 
0 0 0 0 0 
#PARAMETERS_OF_INTEREST
$catchByGroup
0 0 0 
0 0 0 
0 0 0 
0 0 0 
0 0 0 
0 0 0 
359.395 117.752 8.15184 
69.1251 22.9352 1.59618 
5.71142 1.91935 0.134299 
0 0 0 
1.27888e-12 3.85276e-13 2.57722e-14 
1405.29 460.429 31.8749 
26.6044 8.82713 0.614325 
1.15179e-10 3.87065e-11 2.70833e-12 
0 0 0 
3.06982e-11 1.0058e-11 6.96299e-13 
1.72886e-11 5.73624e-12 3.99215e-13 
1.0421e-10 3.50201e-11 2.45039e-12 
0 0 0 
0 0 0 
0 0 0 
0 0 0 
0 0 0 
0.522827 0.0918098 0.00737395 
1053.91 204.9 16.7942 
424.016 83.7085 6.88249 
1.64811e-10 3.30458e-11 2.72571e-12 
0 0 0 
2.08438e-12 3.66022e-13 2.93981e-14 
200.126 38.9082 3.18904 
90.187 17.8046 1.46389 
6.83887 1.37124 0.113104 
0 0 0 
4.93502e-11 9.59462e-12 7.86404e-13 
2.07091e-11 4.08835e-12 3.36143e-13 
0.167376 0.0335601 0.00276813 
0 0 0 
0 0 0 
0 0 0 
0 0 0 
0 0 0 
0 0 0 
247.67 101.143 1.54626 
384.6 159.236 2.45507 
6.31371 2.65064 0.0412212 
0 0 0 
6.81932e-13 2.53859e-13 3.67237e-15 
151.955 62.0552 0.94869 
227.92 94.3659 1.45491 
3.98899e-11 1.67467e-11 2.60435e-13 
0 0 0 
1.73966e-11 7.1044e-12 1.08611e-13 
1.18273e-11 4.89688e-12 7.5499e-14 
3.33505e-11 1.40013e-11 2.1774e-13 
0 0 0 
0 0 0 
0 0 0 
0 0 0 
0 0 0 
0 0 0 
31.8112 923.286 67.0293 
9.76816 260.806 20.5351 
2.99097e-12 7.36226e-11 6.27302e-12 
0 0 0 
0.0356057 1.9631 0.0761567 
259.088 7519.74 545.923 
18.5241 494.585 38.9423 
0.0737236 1.8147 0.154622 
0 0 0 
0.528565 15.341 1.11374 
1.17737 31.4354 2.47513 
1.76739e-12 4.35042e-11 3.70678e-12 
0 0 0 
0 0 0 
0 0 0 
0 0 0 
0 0 0 
0.00106336 0.00441837 0.0275693 
63.9149 252.193 1124.4 
32.7129 128.065 544.973 
0.193139 0.750067 3.04782 
0 0 0 
0.000674117 0.00280102 0.0174775 
36.6456 144.595 644.673 
8.8682 34.7173 147.738 
0.0415584 0.161394 0.65581 
0 0 0 
0.021048 0.0830505 0.370278 
1.80438e-12 7.0638e-12 3.00596e-11 
1.18748e-12 4.61163e-12 1.87389e-11 
$escByGroup
 5e-101 5e-101 5e-101 5e-101 5e-101 5e-101 1082.93 174.135 12.162 5e-101 9.59041e-11 4234.44 67.0196 2.45264e-10 5e-101 9.25002e-11 4.35522e-11 2.21905e-10 5e-101 5e-101 5e-101 5e-101 5e-101 38.2574 3219.7 1091.81 3.62019e-10 5e-101 1.52522e-10 611.387 232.225 15.0221 5e-101 1.50766e-10 5.33244e-11 0.367654 5e-101 5e-101 5e-101 5e-101 5e-101 5e-101 548.672 698.241 9.47029 5e-101 4.11599e-11 336.632 413.788 5.98331e-11 5e-101 3.85394e-11 2.14725e-11 5.00244e-11 5e-101 5e-101 5e-101 5e-101 5e-101 5e-101 135.06 19.2863 1.31223e-12 5e-101 23.1484 1100 36.5741 0.0323448 5e-101 2.24411 2.32461 7.75409e-13 5e-101 5e-101 5e-101 5e-101 5e-101 0.568019 420.881 126.886 0.366365 5e-101 0.360095 241.312 34.3978 0.078832 5e-101 0.138602 6.99879e-12 2.25252e-12
$catchByGroup
0 0 0 0 0 0 359.395 69.1251 5.71142 0 1.27888e-12 1405.29 26.6044 1.15179e-10 0 3.06982e-11 1.72886e-11 1.0421e-10 0 0 0 0 0 0.522827 1053.91 424.016 1.64811e-10 0 2.08438e-12 200.126 90.187 6.83887 0 4.93502e-11 2.07091e-11 0.167376 0 0 0 0 0 0 247.67 384.6 6.31371 0 6.81932e-13 151.955 227.92 3.98899e-11 0 1.73966e-11 1.18273e-11 3.33505e-11 0 0 0 0 0 0 31.8112 9.76816 2.99097e-12 0 0.0356057 259.088 18.5241 0.0737236 0 0.528565 1.17737 1.76739e-12 0 0 0 0 0 0.00106336 63.9149 32.7129 0.193139 0 0.000674117 36.6456 8.8682 0.0415584 0 0.021048 1.80438e-12 1.18748e-12 
0 0 0 0 0 0 117.752 22.9352 1.91935 0 3.85276e-13 460.429 8.82713 3.87065e-11 0 1.0058e-11 5.73624e-12 3.50201e-11 0 0 0 0 0 0.0918098 204.9 83.7085 3.30458e-11 0 3.66022e-13 38.9082 17.8046 1.37124 0 9.59462e-12 4.08835e-12 0.0335601 0 0 0 0 0 0 101.143 159.236 2.65064 0 2.53859e-13 62.0552 94.3659 1.67467e-11 0 7.1044e-12 4.89688e-12 1.40013e-11 0 0 0 0 0 0 923.286 260.806 7.36226e-11 0 1.9631 7519.74 494.585 1.8147 0 15.341 31.4354 4.35042e-11 0 0 0 0 0 0.00441837 252.193 128.065 0.750067 0 0.00280102 144.595 34.7173 0.161394 0 0.0830505 7.0638e-12 4.61163e-12 
0 0 0 0 0 0 8.15184 1.59618 0.134299 0 2.57722e-14 31.8749 0.614325 2.70833e-12 0 6.96299e-13 3.99215e-13 2.45039e-12 0 0 0 0 0 0.00737395 16.7942 6.88249 2.72571e-12 0 2.93981e-14 3.18904 1.46389 0.113104 0 7.86404e-13 3.36143e-13 0.00276813 0 0 0 0 0 0 1.54626 2.45507 0.0412212 0 3.67237e-15 0.94869 1.45491 2.60435e-13 0 1.08611e-13 7.5499e-14 2.1774e-13 0 0 0 0 0 0 67.0293 20.5351 6.27302e-12 0 0.0761567 545.923 38.9423 0.154622 0 1.11374 2.47513 3.70678e-12 0 0 0 0 0 0.0275693 1124.4 544.973 3.04782 0 0.0174775 644.673 147.738 0.65581 0 0.370278 3.00596e-11 1.87389e-11 
$Fmort
 0.320977 0.699453 0.350641
#ESTIMATED_PARAMETERS
$availability
1.42622 1.46385 1.76574 0.152738 0.191452 
0.196265 0.117306 0.300099 4.02025 0.366078 
0.0261407 0.0187738 0.00863418 0.299292 4.64716 
$selectivity
 0.0288142 0.568586 0.652233 0.737763 3.0126
$RunSize
 0 0 0 0 0 0 1568.23 267.791 19.927 0 9.7594e-11 6132.03 103.065 4.01858e-10 0 1.33953e-10 6.69763e-11 3.63586e-10 0 0 0 0 0 38.8794 4495.31 1606.42 5.62601e-10 0 1.55002e-10 853.61 341.681 23.3453 0 2.10497e-10 7.84579e-11 0.571358 0 0 0 0 0 0 899.031 1244.53 18.4759 0 4.20994e-11 551.592 737.529 1.1673e-10 0 6.31491e-11 3.82722e-11 9.7594e-11 0 0 0 0 0 0 1157.19 310.395 8.41988e-11 0 25.2232 9424.75 588.626 2.07539 0 19.2274 37.4125 4.97538e-11 0 0 0 0 0 0.60107 1861.39 832.637 4.35739 0 0.381048 1067.23 225.721 0.937595 0 0.612978 4.59266e-11 2.67905e-11
