$ndistricts
3
$ngroups
90
$nstocks
5
$nagecomps
18
$AgeCompLabels
 0.1 0.2 0.3 0.4 0.5 1.1 1.2 1.3 1.4 1.5 2.1 2.2 2.3 2.4 3.1 3.2 3.3 3.4
$navailpar
15
$nselectpar
5
$GENdata
-1
$maxGradient
0.000117577
#LIKELIHOOD_VALUES_AND_PENALTIES
$totalNLL
-203255
$NLLcatch
-160259
$NLLescape
-97169.7
$NLLagecompCatch
38160.1
$NLLagecompEsc
16013.7
$NLLgenetics
0
$NLLselOne
8.08603e-16
$NLLavailOne
8.04389e-11
$NLLextra
2.7e-198
#OBSERVED_AND_PREDICTED_VALUES
$predEsc
 3998.54 747.02 3742.77 2860.46 2473.02
$obsEsc
 4222.79 748.736 3578.51 2786.93 2482.02
$predCatch
 10475.2 6797.16 2945.74
$obsCatch
 10475.2 6797.17 2945.74
$RunSize
 0 7.12162 48.3032 0.345779 0 5.32292 4034.54 796.882 2.60904 0 28.4461 1369.5 1342.68 8.69141e-11 0 0.960743 9.0693e-11 0 0 1.3604e-10 2.85305e-10 1.72534 0 0 383.174 675.415 1.60602e-10 0 1.83275e-10 132.324 297.243 2.46781 0 8.12458e-11 1.05717 0 0 5.29043e-11 13.5927 7.55775e-11 0 0 334.421 6777.46 47.8124 0 2.32389 1183.61 1552.15 1.83601 0 4.15676e-11 1.22813e-10 0 0 1.07698e-10 2.09741 1.51155e-11 0 1.00324 781.449 2795.56 3.89893 0 70.8826 4278 987.586 12.0109 0 4.5751 40.2115 0 0 0.572417 8.12641 0.0576585 0 1.69833 859.249 2726.02 2.34343 0 10.8257 1919.31 489.522 3.21204e-11 0 2.83416e-11 1.59853 0
$SSageCompEsc
 3549 88.5 3053 3792 3030
$obsAgeCompEsc
0 0.00118994 0.00582372 3.88102e-05 0 0.00124917 0.59652 0.08166 0.000377435 0 0.00655079 0.176337 0.130054 0 0 0.00019902 0 0 
0 0 0 0 0 0 0.601116 0.250188 0 0 0 0.102692 0.0460043 0 0 0 0 0 
0 0 0.00163259 0 0 0 0.0519077 0.648172 0.00721508 0 0.000637825 0.153382 0.136901 0.000151794 0 0 0 0 
0 0 0.000211772 0 0 0.000392333 0.0823469 0.311752 0.000173072 0 0.0220162 0.480703 0.0990314 0.000508826 0 0.000503268 0.00236111 0 
0 0.000184448 0.000609242 0 0 0.000684781 0.174912 0.399891 0 0 0.00426138 0.374919 0.0445375 0 0 0 0 0 
$predAgeCompEsc
0 0.00097365 0.00555961 4.19316e-05 0 0.00124393 0.551591 0.0917196 0.00031639 0 0.00664769 0.187234 0.15454 1.05398e-14 0 0.00013135 1.04386e-14 0 
0 1.01001e-13 1.80051e-13 0.00114348 0 0 0.284484 0.426242 1.0644e-13 0 2.29355e-13 0.0982431 0.187584 0.00163556 0 6.03202e-14 0.000667162 0 
0 6.48683e-15 0.00131659 7.871e-15 0 0 0.0410049 0.656468 0.0049794 0 0.0005702 0.145128 0.150342 0.000191211 0 5.09679e-15 1.18958e-14 0 
0 1.35477e-14 0.000185763 1.49664e-15 0 0.000315306 0.098301 0.247596 0.000386047 0 0.0222776 0.538144 0.0874681 0.00118924 0 0.000575517 0.00356144 0 
0 0.000108354 0.00118135 9.11193e-06 0 0.00063597 0.16265 0.396285 0.000370339 0 0.00405385 0.363312 0.0711625 5.07608e-15 0 5.36486e-15 0.000232381 0 
$SSageCompCatch
 7296 19490 3102
$obsAgeCompCatch
0 0.000131931 0.00268129 0.000131931 0 0 0.146222 0.510798 0.00159594 0 0 0.145643 0.192098 0.00032315 0 0 0.0003759 0 
0 5.41582e-05 0.000768337 0 0 0 0.105877 0.361374 0.000977401 0 0.00115142 0.401711 0.122445 0.00127447 0 0.000411145 0.00395608 0 
0 0 0.00201388 2.60051e-05 0 0 0.113126 0.474879 0.000852353 0 0 0.283269 0.12436 0 0 0 0.00147443 0 
$predAgeCompCatch
0 0.000283826 0.00306109 9.40903e-05 0 3.27939e-05 0.199178 0.474409 0.00262516 0 0.000234918 0.148778 0.170631 0.000281225 0 6.19236e-05 0.000328724 0 
0 4.63815e-05 0.000792274 9.98108e-06 0 1.91344e-05 0.0996424 0.37916 0.000881728 0 0.000979699 0.386628 0.12655 0.00111437 0 0.000377893 0.00379893 0 
0 8.30011e-05 0.0013776 1.04949e-05 0 3.47275e-05 0.127012 0.473282 0.000424139 0 0.000303384 0.303233 0.0932405 0.000154484 0 4.99463e-05 0.00079484 0 
$genSS
 0 0 0
$obsGenComp     #GeneticFracData
-1 -1 -1 -1 -1 
-1 -1 -1 -1 -1 
-1 -1 -1 -1 -1 
$predGenComp     #catchGenComp_pred
0 0 0 0 0 
0 0 0 0 0 
0 0 0 0 0 
#PARAMETERS_OF_INTEREST
$catchByGroup
0 0 0 
2.93376 0.274759 0.0199264 
23.5658 2.33687 0.170279 
0.161247 0.0157223 0.00114402 
0 0 0 
0.322632 0.0246064 0.00175611 
1662.03 155.656 11.2887 
388.776 38.5525 2.80918 
1.21668 0.118631 0.00863209 
0 0 0 
1.72417 0.131499 0.00938481 
564.166 52.8366 3.83188 
655.056 64.9578 4.73324 
4.05308e-11 3.95193e-12 2.87558e-13 
0 0 0 
0.395779 0.0370664 0.00268818 
4.42465e-11 4.38765e-12 3.19712e-13 
0 0 0 
0 0 0 
5.71542e-11 3.16179e-12 2.73479e-13 
1.41749e-10 8.33196e-12 7.22682e-13 
0.819707 0.0473271 0.00410156 
0 0 0 
0 0 0 
160.983 8.9056 0.770289 
335.568 19.7246 1.71084 
7.63019e-11 4.40541e-12 3.81791e-13 
0 0 0 
1.13924e-11 5.06853e-13 4.34273e-14 
55.5934 3.07544 0.26601 
147.68 8.68058 0.75292 
1.17245 0.0676933 0.00586659 
0 0 0 
3.41338e-11 1.88829e-12 1.63328e-13 
0.525237 0.0308733 0.00267783 
0 0 0 
0 0 0 
2.54877e-11 3.08889e-12 4.89387e-14 
7.65657 0.992538 0.0158456 
4.08447e-11 5.19086e-12 8.26826e-14 
0 0 0 
0 0 0 
161.115 19.5257 0.309354 
3817.66 494.891 7.90078 
25.8394 3.28388 0.0523072 
0 0 0 
0.173109 0.016406 0.000253262 
570.229 69.1067 1.09489 
874.306 113.338 1.80941 
0.992243 0.126102 0.00200862 
0 0 0 
2.00261e-11 2.42699e-12 3.84519e-14 
6.91793e-11 8.96786e-12 1.43169e-13 
0 0 0 
0 0 0 
5.95288e-12 5.95924e-11 3.40014e-12 
0.145049 1.33788 0.083112 
9.83116e-13 9.28854e-12 5.62785e-13 
0 0 0 
0.00669534 0.0908386 0.00378299 
43.1937 432.399 24.6712 
193.331 1783.22 110.777 
0.253588 2.39591 0.145166 
0 0 0 
0.473053 6.41811 0.267283 
236.462 2367.14 135.061 
68.2979 629.956 39.1341 
0.781194 7.38077 0.447194 
0 0 0 
0.252883 2.53154 0.144441 
2.78089 25.6499 1.59342 
0 0 0 
0 0 0 
0.0393777 0.0405036 0.224573 
0.69816 0.717929 3.78883 
0.00466129 0.00479366 0.0256696 
0 0 0 
0.0141951 0.0146144 0.0967592 
59.1094 60.7994 337.105 
234.199 240.83 1270.97 
0.18945 0.19483 1.0433 
0 0 0 
0.0904837 0.0931564 0.61677 
132.033 135.808 752.993 
42.056 43.2468 228.233 
2.59671e-12 2.67045e-12 1.43001e-11 
0 0 0 
1.94967e-12 2.00542e-12 1.11191e-11 
0.137334 0.141222 0.745294 
0 0 0 
$escByGroup
 5e-101 3.89318 22.2303 0.167665 5e-101 4.97392 2205.56 366.744 1.2651 5e-101 26.5811 748.664 617.935 4.21439e-11 5e-101 0.525209 4.17391e-11 5e-101 5e-101 7.545e-11 1.34502e-10 0.854206 5e-101 5e-101 212.515 318.412 7.95131e-11 5e-101 1.71333e-10 73.3896 140.129 1.2218 5e-101 4.50604e-11 0.498383 5e-101 5e-101 2.42787e-11 4.9277 2.94593e-11 5e-101 5e-101 153.472 2457.01 18.6368 5e-101 2.13412 543.178 562.694 0.715658 5e-101 1.90761e-11 4.45231e-11 5e-101 5e-101 3.87525e-11 0.531366 4.28107e-12 5e-101 0.901918 281.186 708.237 1.10427 5e-101 63.7241 1539.34 250.199 3.40178 5e-101 1.64624 10.1873 5e-101 5e-101 0.267962 2.9215 0.022534 5e-101 1.57277 402.235 980.019 0.915854 5e-101 10.0252 898.475 175.986 1.25532e-11 5e-101 1.32674e-11 0.574682 5e-101
$catchByGroup
0 2.93376 23.5658 0.161247 0 0.322632 1662.03 388.776 1.21668 0 1.72417 564.166 655.056 4.05308e-11 0 0.395779 4.42465e-11 0 0 5.71542e-11 1.41749e-10 0.819707 0 0 160.983 335.568 7.63019e-11 0 1.13924e-11 55.5934 147.68 1.17245 0 3.41338e-11 0.525237 0 0 2.54877e-11 7.65657 4.08447e-11 0 0 161.115 3817.66 25.8394 0 0.173109 570.229 874.306 0.992243 0 2.00261e-11 6.91793e-11 0 0 5.95288e-12 0.145049 9.83116e-13 0 0.00669534 43.1937 193.331 0.253588 0 0.473053 236.462 68.2979 0.781194 0 0.252883 2.78089 0 0 0.0393777 0.69816 0.00466129 0 0.0141951 59.1094 234.199 0.18945 0 0.0904837 132.033 42.056 2.59671e-12 0 1.94967e-12 0.137334 0 
0 0.274759 2.33687 0.0157223 0 0.0246064 155.656 38.5525 0.118631 0 0.131499 52.8366 64.9578 3.95193e-12 0 0.0370664 4.38765e-12 0 0 3.16179e-12 8.33196e-12 0.0473271 0 0 8.9056 19.7246 4.40541e-12 0 5.06853e-13 3.07544 8.68058 0.0676933 0 1.88829e-12 0.0308733 0 0 3.08889e-12 0.992538 5.19086e-12 0 0 19.5257 494.891 3.28388 0 0.016406 69.1067 113.338 0.126102 0 2.42699e-12 8.96786e-12 0 0 5.95924e-11 1.33788 9.28854e-12 0 0.0908386 432.399 1783.22 2.39591 0 6.41811 2367.14 629.956 7.38077 0 2.53154 25.6499 0 0 0.0405036 0.717929 0.00479366 0 0.0146144 60.7994 240.83 0.19483 0 0.0931564 135.808 43.2468 2.67045e-12 0 2.00542e-12 0.141222 0 
0 0.0199264 0.170279 0.00114402 0 0.00175611 11.2887 2.80918 0.00863209 0 0.00938481 3.83188 4.73324 2.87558e-13 0 0.00268818 3.19712e-13 0 0 2.73479e-13 7.22682e-13 0.00410156 0 0 0.770289 1.71084 3.81791e-13 0 4.34273e-14 0.26601 0.75292 0.00586659 0 1.63328e-13 0.00267783 0 0 4.89387e-14 0.0158456 8.26826e-14 0 0 0.309354 7.90078 0.0523072 0 0.000253262 1.09489 1.80941 0.00200862 0 3.84519e-14 1.43169e-13 0 0 3.40014e-12 0.083112 5.62785e-13 0 0.00378299 24.6712 110.777 0.145166 0 0.267283 135.061 39.1341 0.447194 0 0.144441 1.59342 0 0 0.224573 3.78883 0.0256696 0 0.0967592 337.105 1270.97 1.0433 0 0.61677 752.993 228.233 1.43001e-11 0 1.11191e-11 0.745294 0 
$Fmort
 0.666292 0.358797 0.191843
#ESTIMATED_PARAMETERS
$availability
1.42622 1.46385 1.76574 0.152738 0.191452 
0.196265 0.117306 0.300099 4.02025 0.366078 
0.0261407 0.0187738 0.00863418 0.299292 4.64716 
$selectivity
 0.0657979 0.558724 0.704191 0.660835 3.01045
$RunSize
 0 7.12162 48.3032 0.345779 0 5.32292 4034.54 796.882 2.60904 0 28.4461 1369.5 1342.68 8.69141e-11 0 0.960743 9.0693e-11 0 0 1.3604e-10 2.85305e-10 1.72534 0 0 383.174 675.415 1.60602e-10 0 1.83275e-10 132.324 297.243 2.46781 0 8.12458e-11 1.05717 0 0 5.29043e-11 13.5927 7.55775e-11 0 0 334.421 6777.46 47.8124 0 2.32389 1183.61 1552.15 1.83601 0 4.15676e-11 1.22813e-10 0 0 1.07698e-10 2.09741 1.51155e-11 0 1.00324 781.449 2795.56 3.89893 0 70.8826 4278 987.586 12.0109 0 4.5751 40.2115 0 0 0.572417 8.12641 0.0576585 0 1.69833 859.249 2726.02 2.34343 0 10.8257 1919.31 489.522 3.21204e-11 0 2.83416e-11 1.59853 0
