$ndistricts
3
$ngroups
90
$nstocks
5
$nagecomps
18
$AgeCompLabels
 0.1 0.2 0.3 0.4 0.5 1.1 1.2 1.3 1.4 1.5 2.1 2.2 2.3 2.4 3.1 3.2 3.3 3.4
$navailpar
15
$nselectpar
5
$GENdata
-1
$maxGradient
0.000354389
#LIKELIHOOD_VALUES_AND_PENALTIES
$totalNLL
-98774
$NLLcatch
-94104.4
$NLLescape
-36532.6
$NLLagecompCatch
21774.5
$NLLagecompEsc
10088.5
$NLLgenetics
0
$NLLselOne
1.25885e-14
$NLLavailOne
8.04389e-11
$NLLextra
4.1e-198
#OBSERVED_AND_PREDICTED_VALUES
$predEsc
 1055 646.422 2127.15 1134.38 1043.16
$obsEsc
 1179.32 620.071 1977.64 1152.18 1015.58
$predCatch
 2892.17 4852.93 5002.95
$obsCatch
 2892.17 4852.94 5002.95
$RunSize
 0 0 8.71636e-11 0 0 0.961297 383.915 182.783 2.44405 0 0.445119 757.181 326.457 4.87701e-11 0 2.80169e-11 0 0 0 0 4.91294 0 0 4.09423 232.505 697.663 2.33474e-10 0 0 35.7878 40.2434 1.52536e-10 0 3.73558e-11 0 0 0 0 9.44272e-11 0 0 6.53727e-11 134.776 2535.81 10.8177 0 0 508.925 843.877 4.66948e-11 0 2.49039e-11 0.733981 0 0 0 0.683534 0 0 2.39209 1151.45 442.414 5.21373 0 11.4796 2766.98 983.21 1.49104 0 4.11919 0 0 0 0 7.63758 0 0 0.340543 357.608 3189.02 10.7029 0 0.252966 2170.86 939.314 4.38367 0 0.275468 0 0
$SSageCompEsc
 1488 88.5 2622 2897 1327
$obsAgeCompEsc
0 0 0 0 0 0.000687469 0.245549 0.0862339 0.00158238 0 0.000415519 0.495345 0.170187 0 0 0 0 0 
0 0 0 0 0 0 0.601116 0.250188 0 0 0 0.102692 0.0460043 0 0 0 0 0 
0 0 0 0 0 0 0.0452095 0.559821 0.00360753 0 0 0.175152 0.215598 0 0 0 0.000611651 0 
0 0 0 0 0 0.00178497 0.248893 0.0502525 0.000141558 0 0.00903006 0.517533 0.171536 0.000565709 0 0.00026403 0 0 
0 0 0 0 0 0 0.0450652 0.37015 0.00402346 0 0.000237857 0.393305 0.185915 0.00130305 0 0 0 0 
$predAgeCompEsc
0 0 4.99569e-14 0 0 0.000866772 0.237287 0.10476 0.00158719 0 0.000401351 0.467992 0.187105 3.16719e-14 0 1.73164e-14 0 0 
0 0 0.00473975 0 0 0.00603646 0.240336 0.67307 2.526e-13 0 0 0.0369933 0.0388248 1.65032e-13 0 3.86141e-14 0 0 
0 0 2.29955e-14 0 0 2.88475e-14 0.0363603 0.617537 0.00311821 0 0 0.1373 0.205506 1.34598e-14 0 6.71866e-15 0.000178744 0 
0 0 9.52164e-05 0 0 0.00181171 0.23165 0.0616284 0.00129265 0 0.00869436 0.556668 0.136961 0.000369675 0 0.000828708 0 0 
0 0 0.000929414 0 0 0.000280207 0.0696403 0.388071 0.00266863 0 0.000208146 0.422751 0.114305 0.00109301 0 5.36444e-05 0 0 
$SSageCompCatch
 10810 2883 4264
$obsAgeCompCatch
0 0 0.00076915 0 0 0.000160715 0.0887351 0.537446 0.0014011 0 0 0.182751 0.188675 6.20158e-05 0 0 0 0 
0 0 0.00058208 0 0 0 0.149504 0.218024 0.00290875 0 0 0.486493 0.141219 0 0 0.0012688 0 0 
0 0 0.00126295 0 0 0.000149047 0.0760237 0.451289 0.000756166 0 0 0.342244 0.127549 0.000577145 0 0.000149047 0 0 
$predAgeCompCatch
0 0 0.000715105 0 0 7.81735e-05 0.0980927 0.505289 0.00160261 0 2.47634e-05 0.208094 0.185873 7.72445e-05 0 5.54255e-05 9.85064e-05 0 
0 0 0.000313106 0 0 6.85813e-05 0.173784 0.193992 0.00104535 0 0.000303746 0.44133 0.188306 0.000270334 0 0.000573649 1.38431e-05 0 
0 0 0.00110034 0 0 1.30401e-05 0.0629073 0.461918 0.00138174 0 2.57354e-05 0.322605 0.149402 0.000555643 0 9.08365e-05 3.37675e-07 0 
$genSS
 0 0 0
$obsGenComp     #GeneticFracData
-1 -1 -1 -1 -1 
-1 -1 -1 -1 -1 
-1 -1 -1 -1 -1 
$predGenComp     #catchGenComp_pred
0 0 0 0 0 
0 0 0 0 0 
0 0 0 0 0 
#PARAMETERS_OF_INTEREST
$catchByGroup
0 0 0 
0 0 0 
2.85495e-11 5.30374e-12 6.05978e-13 
0 0 0 
0 0 0 
0.039742 0.00639971 0.000713307 
111.084 20.1955 2.29858 
59.8685 11.122 1.27074 
0.64157 0.114946 0.013049 
0 0 0 
0.0184022 0.00296332 0.00033029 
219.086 39.8308 4.53341 
106.927 19.8643 2.26959 
1.28023e-11 2.2937e-12 2.60388e-13 
0 0 0 
8.10654e-12 1.4738e-12 1.67743e-13 
0 0 0 
0 0 0 
0 0 0 
0 0 0 
1.64358 0.180927 0.0245542 
0 0 0 
0 0 0 
0.173633 0.016313 0.00218209 
68.7561 7.38947 1.0006 
233.397 25.6925 3.48683 
6.26651e-11 6.62641e-12 8.95921e-13 
0 0 0 
0 0 0 
10.5831 1.13741 0.154015 
13.4631 1.48203 0.201131 
4.09412e-11 4.32926e-12 5.85335e-13 
0 0 0 
1.10468e-11 1.18724e-12 1.60763e-13 
0 0 0 
0 0 0 
0 0 0 
0 0 0 
3.66523e-11 8.6427e-12 2.17339e-13 
0 0 0 
0 0 0 
3.32938e-12 6.64285e-13 1.60261e-14 
46.4764 10.6885 0.267063 
984.285 232.097 5.83655 
3.39752 0.768179 0.0191111 
0 0 0 
0 0 0 
175.499 40.3606 1.00845 
327.554 77.238 1.94231 
1.46654e-11 3.31585e-12 8.24932e-14 
0 0 0 
8.58792e-12 1.97502e-12 4.9348e-14 
0.284897 0.0671795 0.00168937 
0 0 0 
0 0 0 
0 0 0 
0.0284386 0.49461 0.052474 
0 0 0 
0 0 0 
0.0107915 0.305891 0.0202437 
41.3581 770.801 76.5078 
18.4067 320.134 33.9636 
0.167272 3.27015 0.309966 
0 0 0 
0.0517883 1.46797 0.0971492 
99.3855 1852.27 183.852 
40.9067 711.458 75.4798 
0.047837 0.935207 0.0886452 
0 0 0 
0.147955 2.75747 0.273699 
0 0 0 
0 0 0 
0 0 0 
0 0 0 
0.396185 0.843948 5.42792 
0 0 0 
0 0 0 
0.00192461 0.0042165 0.0421 
16.0265 34.2875 234.648 
165.424 352.385 2266.39 
0.428654 0.919745 6.57067 
0 0 0 
0.00142966 0.00313214 0.0312732 
97.2889 208.142 1424.43 
48.7251 103.794 667.557 
0.175567 0.376708 2.69121 
0 0 0 
0.0123453 0.0264119 0.180751 
0 0 0 
0 0 0 
$escByGroup
 5e-101 5e-101 5.27044e-11 5e-101 5e-101 0.914442 250.337 110.522 1.67448 5e-101 0.423424 493.73 197.395 3.34137e-11 5e-101 1.82688e-11 5e-101 5e-101 5e-101 5e-101 3.06388 5e-101 5e-101 3.9021 155.359 435.087 1.63286e-10 5e-101 5e-101 23.9133 25.0972 1.0668e-10 5e-101 2.4961e-11 5e-101 5e-101 5e-101 5e-101 4.89149e-11 5e-101 5e-101 6.1363e-11 77.3438 1313.59 6.6329 5e-101 5e-101 292.057 437.143 2.8631e-11 5e-101 1.42916e-11 0.380215 5e-101 5e-101 5e-101 0.108011 5e-101 5e-101 2.05516 262.779 69.9097 1.46635 5e-101 9.86267 631.47 155.366 0.41935 5e-101 0.940067 5e-101 5e-101 5e-101 5e-101 0.96953 5e-101 5e-101 0.292302 72.6462 404.821 2.78381 5e-101 0.217131 440.998 119.238 1.14019 5e-101 0.0559599 5e-101 5e-101
$catchByGroup
0 0 2.85495e-11 0 0 0.039742 111.084 59.8685 0.64157 0 0.0184022 219.086 106.927 1.28023e-11 0 8.10654e-12 0 0 0 0 1.64358 0 0 0.173633 68.7561 233.397 6.26651e-11 0 0 10.5831 13.4631 4.09412e-11 0 1.10468e-11 0 0 0 0 3.66523e-11 0 0 3.32938e-12 46.4764 984.285 3.39752 0 0 175.499 327.554 1.46654e-11 0 8.58792e-12 0.284897 0 0 0 0.0284386 0 0 0.0107915 41.3581 18.4067 0.167272 0 0.0517883 99.3855 40.9067 0.047837 0 0.147955 0 0 0 0 0.396185 0 0 0.00192461 16.0265 165.424 0.428654 0 0.00142966 97.2889 48.7251 0.175567 0 0.0123453 0 0 
0 0 5.30374e-12 0 0 0.00639971 20.1955 11.122 0.114946 0 0.00296332 39.8308 19.8643 2.2937e-12 0 1.4738e-12 0 0 0 0 0.180927 0 0 0.016313 7.38947 25.6925 6.62641e-12 0 0 1.13741 1.48203 4.32926e-12 0 1.18724e-12 0 0 0 0 8.6427e-12 0 0 6.64285e-13 10.6885 232.097 0.768179 0 0 40.3606 77.238 3.31585e-12 0 1.97502e-12 0.0671795 0 0 0 0.49461 0 0 0.305891 770.801 320.134 3.27015 0 1.46797 1852.27 711.458 0.935207 0 2.75747 0 0 0 0 0.843948 0 0 0.0042165 34.2875 352.385 0.919745 0 0.00313214 208.142 103.794 0.376708 0 0.0264119 0 0 
0 0 6.05978e-13 0 0 0.000713307 2.29858 1.27074 0.013049 0 0.00033029 4.53341 2.26959 2.60388e-13 0 1.67743e-13 0 0 0 0 0.0245542 0 0 0.00218209 1.0006 3.48683 8.95921e-13 0 0 0.154015 0.201131 5.85335e-13 0 1.60763e-13 0 0 0 0 2.17339e-13 0 0 1.60261e-14 0.267063 5.83655 0.0191111 0 0 1.00845 1.94231 8.24932e-14 0 4.9348e-14 0.00168937 0 0 0 0.052474 0 0 0.0202437 76.5078 33.9636 0.309966 0 0.0971492 183.852 75.4798 0.0886452 0 0.273699 0 0 0 0 5.42792 0 0 0.0421 234.648 2266.39 6.57067 0 0.0312732 1424.43 667.557 2.69121 0 0.180751 0 0 
$Fmort
 0.491809 0.565412 0.471758
#ESTIMATED_PARAMETERS
$availability
1.42622 1.46385 1.76574 0.152738 0.191452 
0.196265 0.117306 0.300099 4.02025 0.366078 
0.0261407 0.0187738 0.00863418 0.299292 4.64716 
$selectivity
 0.0601927 0.486959 0.565718 0.434104 3.45303
$RunSize
 0 0 8.71636e-11 0 0 0.961297 383.915 182.783 2.44405 0 0.445119 757.181 326.457 4.87701e-11 0 2.80169e-11 0 0 0 0 4.91294 0 0 4.09423 232.505 697.663 2.33474e-10 0 0 35.7878 40.2434 1.52536e-10 0 3.73558e-11 0 0 0 0 9.44272e-11 0 0 6.53727e-11 134.776 2535.81 10.8177 0 0 508.925 843.877 4.66948e-11 0 2.49039e-11 0.733981 0 0 0 0.683534 0 0 2.39209 1151.45 442.414 5.21373 0 11.4796 2766.98 983.21 1.49104 0 4.11919 0 0 0 0 7.63758 0 0 0.340543 357.608 3189.02 10.7029 0 0.252966 2170.86 939.314 4.38367 0 0.275468 0 0
