$ndistricts
3
$ngroups
90
$nstocks
5
$nagecomps
18
$AgeCompLabels
 0.1 0.2 0.3 0.4 0.5 1.1 1.2 1.3 1.4 1.5 2.1 2.2 2.3 2.4 3.1 3.2 3.3 3.4
$navailpar
15
$nselectpar
5
$GENdata
-1
$maxGradient
0.000246544
#LIKELIHOOD_VALUES_AND_PENALTIES
$totalNLL
-74742.8
$NLLcatch
-58618.7
$NLLescape
-28689.2
$NLLagecompCatch
7821.49
$NLLagecompEsc
4743.48
$NLLgenetics
0
$NLLselOne
2.15222e-15
$NLLavailOne
8.04389e-11
$NLLextra
0.0518209
#OBSERVED_AND_PREDICTED_VALUES
$predEsc
 2414.54 188.49 909.094 654.478 513.828
$obsEsc
 2387.39 187.302 935.754 634.014 529.752
$predCatch
 5857.38 1306.68 954.068
$obsCatch
 5857.38 1306.68 954.068
$RunSize
 0 1.89288 13.5246 1.29241e-10 0 0 297.251 722.244 8.51431e-10 0 2.12661 3936.06 952.15 0 0 1.43532 0.629282 0 0 0.463439 0.476912 9.44456e-11 0 6.80148 230.217 188.103 4.42242 0 2.14722 11.732 14.3661 0 0 7.88231e-11 7.45624e-11 0 0 1.80867e-09 3.28877e-08 1.2072e-10 0 2.79395 313.878 2101.97 2.90793e-09 0 3.67018 187.042 422.465 0 0 2.14669e-09 6.03813e-09 0 0 5.96499e-11 3.82173 5.32588e-11 0 0 36.5709 488.071 1.42705 0 0.295727 448.481 755.682 0 0 3.04446 6.09938 0 0 5.75195e-11 6.81713e-11 0.099102 0 0 79.5699 1419.84 0.515669 0 6.39106e-11 61.0201 73.3488 0 0 2.59001 0.211929 0
$SSageCompEsc
 1909 574 1165 564 755
$obsAgeCompEsc
0 0 0 0 0 0 0.050314 0.121501 0 0 0.000501405 0.666399 0.161284 0 0 0 0 0 
0 0.000737599 0.000737599 0 0 0.0290058 0.506906 0.395546 0.00280749 0 0.00804835 0.0259229 0.0302882 0 0 0 0 0 
0 0 0 0 0 0.00252173 0.107085 0.685496 0 0 0.00221491 0.0639592 0.138723 0 0 0 0 0 
0 0 0 0 0 0 0.0372175 0.263214 0 0 0.000558117 0.329323 0.364408 0 0 0.00472103 0.000558117 0 
0 0 0 0 0 0 0.0838037 0.864677 0 0 0 0.0174847 0.0340349 0 0 0 0 0 
$predAgeCompEsc
0 0.000325656 0.00216614 5.00229e-15 0 0 0.0511399 0.115677 3.29546e-14 0 0.000672137 0.677172 0.152499 0 0 0.000246936 0.000100788 0 
0 0.0010313 0.000990909 5.74801e-14 0 0.027507 0.512306 0.390833 0.00269151 0 0.0086839 0.0261074 0.0298493 0 0 1.75407e-13 1.54923e-13 0 
0 6.44736e-13 1.06354e-11 9.04633e-16 0 0.00219119 0.111888 0.679748 2.1791e-14 0 0.00287837 0.0666749 0.13662 0 0 7.65229e-13 1.95265e-12 0 
0 3.64497e-14 0.00213833 -2.25176e-15 0 0 0.022347 0.273085 -6.03349e-05 0 0.000349009 0.27405 0.422818 0 0 0.00186035 0.00341272 0 
0 3.88776e-14 4.12369e-14 -2.21075e-05 0 0 0.0537815 0.858864 -0.000115035 0 9.34736e-14 0.0412436 0.0443688 0 0 0.00175059 0.000128196 0 
$SSageCompCatch
 2760 2619 1406
$obsAgeCompCatch
0 0.000564588 0.00297665 0 0 0 0.0932523 0.339985 0.000665569 0 0.000920851 0.416391 0.144379 0 0 0.000538101 0.000326844 0 
0 0 0.00245763 0 0 0 0.0306941 0.36685 0.00102677 0 0 0.244013 0.351669 0 0 0.000449837 0.00283955 0 
0 0 0 9.51192e-05 0 0 0.0276769 0.783459 0.000571672 0 0 0.0944983 0.0905875 0 0 0.00250391 0.000607911 0 
$predAgeCompCatch
0 0.00022191 0.00143467 3.58638e-06 0 0.000397429 0.0854042 0.358265 0.00069369 0 0.000337891 0.397939 0.154924 0 0 0.000222216 0.000157202 0 
0 5.14995e-05 0.00181392 9.28314e-06 0 6.39982e-05 0.0383936 0.35558 0.00101875 0 0.000111423 0.266007 0.333336 0 0 0.0012543 0.00235969 0 
0 8.92536e-06 0.000244326 8.10473e-05 0 7.47188e-06 0.0451249 0.803023 0.000589083 0 1.06068e-05 0.0678485 0.0811653 0 0 0.00148408 0.000412618 0 
$genSS
 0 0 0
$obsGenComp     #GeneticFracData
-1 -1 -1 -1 -1 
-1 -1 -1 -1 -1 
-1 -1 -1 -1 -1 
$predGenComp     #catchGenComp_pred
0 0 0 0 0 
0 0 0 0 0 
0 0 0 0 0 
#PARAMETERS_OF_INTEREST
$catchByGroup
0 0 0 
1.04067 0.0586558 0.00724141 
7.78881 0.449951 0.0556063 
1.07329e-10 8.73746e-12 1.09692e-12 
0 0 0 
0 0 0 
163.423 9.2111 1.13716 
415.94 24.0284 2.96951 
7.07073e-10 5.75616e-11 7.22639e-12 
0 0 0 
0.479764 0.0213385 0.00260983 
2163.98 121.969 15.0578 
548.343 31.6772 3.91476 
0 0 0 
0 0 0 
0.789112 0.0444771 0.00549096 
0.362403 0.0209357 0.00258729 
0 0 0 
0 0 0 
0.259137 0.00863764 0.00127398 
0.279179 0.00954768 0.00140905 
7.91649e-11 3.86989e-12 5.76383e-13 
0 0 0 
1.56982 0.0408729 0.00599569 
128.728 4.29081 0.632861 
110.113 3.76578 0.555756 
3.7069 0.181208 0.0269892 
0 0 0 
0.495589 0.0129035 0.00189283 
6.56006 0.218662 0.0322509 
8.40974 0.287606 0.042445 
0 0 0 
0 0 0 
4.40748e-11 1.46912e-12 2.16683e-13 
4.36479e-11 1.49272e-12 2.20297e-13 
0 0 0 
0 0 0 
1.13526e-09 8.49918e-11 2.28834e-12 
2.15161e-08 1.6582e-09 4.47236e-11 
1.07305e-10 1.22535e-11 3.39386e-13 
0 0 0 
0.758074 0.0427524 0.00113299 
197.014 14.7495 0.39712 
1375.17 105.981 2.85844 
2.58478e-09 2.95166e-10 8.17521e-12 
0 0 0 
0.995817 0.0561602 0.00148831 
117.402 8.78937 0.236647 
276.39 21.3007 0.574506 
0 0 0 
0 0 0 
1.34743e-09 1.00876e-10 2.716e-12 
3.95033e-09 3.04443e-10 8.21118e-12 
0 0 0 
0 0 0 
4.88606e-12 2.83472e-11 2.56109e-12 
0.335431 1.91072 0.176088 
9.21808e-12 4.05626e-11 4.9519e-12 
0 0 0 
0 0 0 
2.99561 17.3794 1.57019 
42.8377 244.017 22.4881 
0.246994 1.08686 0.132684 
0 0 0 
0.00798717 0.0551927 0.00412868 
36.7362 213.13 19.2557 
66.3256 377.813 34.8184 
0 0 0 
0 0 0 
0.249379 1.44681 0.130715 
0.535338 3.04946 0.281032 
0 0 0 
0 0 0 
5.8432e-12 3.27993e-12 2.842e-11 
7.41463e-12 4.16935e-12 3.53986e-11 
0.0210068 0.0121301 0.0773246 
0 0 0 
0 0 0 
8.08322 4.53731 39.3149 
154.429 86.8373 737.267 
0.109307 0.063118 0.402352 
0 0 0 
2.1562e-12 1.19094e-12 1.25341e-11 
6.19881 3.47954 30.1496 
7.97775 4.486 38.0871 
0 0 0 
0 0 0 
0.263109 0.14769 1.2797 
0.0230503 0.0129615 0.110046 
0 0 0 
$escByGroup
 5e-101 0.786309 5.23022 1.20782e-11 5e-101 5e-101 123.479 279.306 7.95701e-11 5e-101 1.6229 1635.06 368.215 5e-101 5e-101 0.596236 0.243356 5e-101 5e-101 0.19439 0.186777 1.08344e-11 5e-101 5.18479 96.5648 73.6682 0.507323 5e-101 1.63683 4.921 5.6263 5e-101 5e-101 3.30625e-11 2.92014e-11 5e-101 5e-101 5.86126e-10 9.66861e-09 8.22396e-13 5e-101 1.99199 101.717 617.955 1.98101e-11 5e-101 2.61671 60.6138 124.2 5e-101 5e-101 6.95665e-10 1.77514e-09 5e-101 5e-101 2.38556e-11 1.39949 6.78551e-189 5e-101 5e-101 14.6257 178.728 2.53242e-199 5e-101 0.228419 179.359 276.725 5e-101 5e-101 1.21756 2.23355 5e-101 5e-101 1.99764e-11 2.11887e-11 8.80323e-199 5e-101 5e-101 27.6345 441.309 1.69182e-199 5e-101 4.80294e-11 21.1922 22.7979 5e-101 5e-101 0.899504 0.0658707 5e-101
$catchByGroup
0 1.04067 7.78881 1.07329e-10 0 0 163.423 415.94 7.07073e-10 0 0.479764 2163.98 548.343 0 0 0.789112 0.362403 0 0 0.259137 0.279179 7.91649e-11 0 1.56982 128.728 110.113 3.7069 0 0.495589 6.56006 8.40974 0 0 4.40748e-11 4.36479e-11 0 0 1.13526e-09 2.15161e-08 1.07305e-10 0 0.758074 197.014 1375.17 2.58478e-09 0 0.995817 117.402 276.39 0 0 1.34743e-09 3.95033e-09 0 0 4.88606e-12 0.335431 9.21808e-12 0 0 2.99561 42.8377 0.246994 0 0.00798717 36.7362 66.3256 0 0 0.249379 0.535338 0 0 5.8432e-12 7.41463e-12 0.0210068 0 0 8.08322 154.429 0.109307 0 2.1562e-12 6.19881 7.97775 0 0 0.263109 0.0230503 0 
0 0.0586558 0.449951 8.73746e-12 0 0 9.2111 24.0284 5.75616e-11 0 0.0213385 121.969 31.6772 0 0 0.0444771 0.0209357 0 0 0.00863764 0.00954768 3.86989e-12 0 0.0408729 4.29081 3.76578 0.181208 0 0.0129035 0.218662 0.287606 0 0 1.46912e-12 1.49272e-12 0 0 8.49918e-11 1.6582e-09 1.22535e-11 0 0.0427524 14.7495 105.981 2.95166e-10 0 0.0561602 8.78937 21.3007 0 0 1.00876e-10 3.04443e-10 0 0 2.83472e-11 1.91072 4.05626e-11 0 0 17.3794 244.017 1.08686 0 0.0551927 213.13 377.813 0 0 1.44681 3.04946 0 0 3.27993e-12 4.16935e-12 0.0121301 0 0 4.53731 86.8373 0.063118 0 1.19094e-12 3.47954 4.486 0 0 0.14769 0.0129615 0 
0 0.00724141 0.0556063 1.09692e-12 0 0 1.13716 2.96951 7.22639e-12 0 0.00260983 15.0578 3.91476 0 0 0.00549096 0.00258729 0 0 0.00127398 0.00140905 5.76383e-13 0 0.00599569 0.632861 0.555756 0.0269892 0 0.00189283 0.0322509 0.042445 0 0 2.16683e-13 2.20297e-13 0 0 2.28834e-12 4.47236e-11 3.39386e-13 0 0.00113299 0.39712 2.85844 8.17521e-12 0 0.00148831 0.236647 0.574506 0 0 2.716e-12 8.21118e-12 0 0 2.56109e-12 0.176088 4.9519e-12 0 0 1.57019 22.4881 0.132684 0 0.00412868 19.2557 34.8184 0 0 0.130715 0.281032 0 0 2.842e-11 3.53986e-11 0.0773246 0 0 39.3149 737.267 0.402352 0 1.25341e-11 30.1496 38.0871 0 0 1.2797 0.110046 0 
$Fmort
 0.89629 0.256911 0.234874
#ESTIMATED_PARAMETERS
$availability
1.42622 1.46385 1.76574 0.152738 0.191452 
0.196265 0.117306 0.300099 4.02025 0.366078 
0.0261407 0.0187738 0.00863418 0.299292 4.64716 
$selectivity
 0.200004 0.624282 0.671031 1.38826 2.11643
$RunSize
 0 1.89288 13.5246 1.29241e-10 0 0 297.251 722.244 8.51431e-10 0 2.12661 3936.06 952.15 0 0 1.43532 0.629282 0 0 0.463439 0.476912 9.44456e-11 0 6.80148 230.217 188.103 4.42242 0 2.14722 11.732 14.3661 0 0 7.88231e-11 7.45624e-11 0 0 1.80867e-09 3.28877e-08 1.2072e-10 0 2.79395 313.878 2101.97 2.90793e-09 0 3.67018 187.042 422.465 0 0 2.14669e-09 6.03813e-09 0 0 5.96499e-11 3.82173 5.32588e-11 0 0 36.5709 488.071 1.42705 0 0.295727 448.481 755.682 0 0 3.04446 6.09938 0 0 5.75195e-11 6.81713e-11 0.099102 0 0 79.5699 1419.84 0.515669 0 6.39106e-11 61.0201 73.3488 0 0 2.59001 0.211929 0
