$ndistricts
3
$ngroups
90
$nstocks
5
$nagecomps
18
$AgeCompLabels
 0.1 0.2 0.3 0.4 0.5 1.1 1.2 1.3 1.4 1.5 2.1 2.2 2.3 2.4 3.1 3.2 3.3 3.4
$navailpar
15
$nselectpar
5
$GENdata
-1
$maxGradient
8.77225e-05
#LIKELIHOOD_VALUES_AND_PENALTIES
$totalNLL
-68281
$NLLcatch
-47057.1
$NLLescape
-38625.4
$NLLagecompCatch
10192.7
$NLLagecompEsc
7208.86
$NLLgenetics
0
$NLLselOne
3.25393e-16
$NLLavailOne
8.04389e-11
$NLLextra
3.4e-198
#OBSERVED_AND_PREDICTED_VALUES
$predEsc
 2286.1 713.827 1249.99 1105.32 909.938
$obsEsc
 2296.07 680.62 1202.17 1110.94 924.853
$predCatch
 2552.72 3558.35 724.327
$obsCatch
 2552.72 3558.35 724.327
$RunSize
 0 0 3.07156e-10 1.35544 0 15.4135 1676.05 927.216 1.21703e-10 0 43.6055 683.225 112.865 9.20018e-11 0 1.49956e-10 8.83797e-11 0 0 0 1.38484 0 0 0 302.17 664.024 1.97043e-10 0 5.25931e-10 144.28 14.5306 1.27499e-10 0 2.97014e-10 1.20979e-10 0 0 0 1.54302e-10 0 0 7.9331 455.321 1189.17 8.5332 0 15.876 435.355 211.976 0.891096 0 2.97317 6.6647e-11 0 0 0 6.88202e-11 0 0 3.27554 243.82 311.463 3.96974 0 62.2526 814.772 2911.28 0.603219 0 46.7584 7.94158 0 0 2.6949 1.04206 0 0 9.50179 254.272 390.354 0.613166 0 7.27268 263.621 847.897 3.01526 0 7.09935e-11 6.51981e-11 0
$SSageCompEsc
 1294 88.5 1433 1447 1176
$obsAgeCompEsc
0 0 0 0.000963247 0 0.00675764 0.573554 0.182383 0 0 0.0180585 0.174931 0.0433521 0 0 0 0 0 
0 0 0 0 0 0 0.601116 0.250188 0 0 0 0.102692 0.0460043 0 0 0 0 0 
0 0 0 0 0 0.00656955 0.253538 0.403147 0.00534598 0 0.0127164 0.201772 0.114355 0.000725745 0 0.00183022 0 0 
0 0 0 0 0 0.00294496 0.0764659 0.0509895 0 0 0.0558247 0.230228 0.573432 0 0 0.00868537 0.00143005 0 
0 0.00288582 0.00101158 0 0 0.010307 0.191498 0.209823 0.000326421 0 0.00786283 0.184948 0.391127 0.000210013 0 0 0 0 
$predAgeCompEsc
0 0 7.66711e-14 0.000349973 0 0.00669904 0.5075 0.231448 3.14235e-14 0 0.0189519 0.206878 0.028173 2.37547e-14 0 4.5406e-14 2.2061e-14 0 
0 0 0.00114073 0 0 0 0.297745 0.546977 1.67428e-13 0 7.32181e-13 0.142168 0.0119693 1.08336e-13 0 2.92664e-13 9.9654e-14 0 
0 0 5.88038e-14 0 0 0.0062949 0.225902 0.453187 0.00340866 0 0.0125976 0.215996 0.080783 0.000355956 0 0.0014751 2.53988e-14 0 
0 0 1.22632e-14 0 0 0.00291353 0.0805377 0.0555003 0.00079545 0 0.0553726 0.269132 0.518768 0.000120872 0 0.015445 0.00141513 0 
0 0.00182487 0.000527426 0 0 0.01036 0.172182 0.197573 0.000327395 0 0.00792954 0.178513 0.429152 0.00160997 0 4.80738e-14 3.29992e-14 0 
$SSageCompCatch
 3781 3998 901
$obsAgeCompCatch
0 0 0.000286983 0 0 0 0.232375 0.501829 0.000642949 0 0.00058945 0.176455 0.0872107 0 0 0.000610614 0 0 
0 0 0 0 0 0 0.0782073 0.129865 0.00141694 0 0 0.168708 0.609167 0.00031754 0 0.0105194 0.00179869 0 
0 0 0 0 0 0 0.0737964 0.188093 0.000445989 0 0 0.100002 0.63423 0.00343166 0 0 0 0 
$predAgeCompCatch
0 4.26049e-05 0.000226553 0.000185466 0 5.89304e-05 0.268975 0.445234 0.0014625 0 0.000155582 0.154393 0.127938 0.000220847 0 0.000960341 0.000147917 0 
0 5.79439e-05 4.70289e-05 2.20937e-05 0 2.45395e-05 0.0752966 0.129483 0.0010151 0 0.000295529 0.155877 0.628319 0.000230903 0 0.00771058 0.00162093 0 
0 0.000993245 0.00053431 4.57172e-06 0 7.68028e-05 0.105306 0.217799 0.000459388 0 9.05212e-05 0.121679 0.549964 0.00149196 0 0.00128068 0.000320278 0 
$genSS
 0 0 0
$obsGenComp     #GeneticFracData
-1 -1 -1 -1 -1 
-1 -1 -1 -1 -1 
-1 -1 -1 -1 -1 
$predGenComp     #catchGenComp_pred
0 0 0 0 0 
0 0 0 0 0 
0 0 0 0 0 
#PARAMETERS_OF_INTEREST
$catchByGroup
0 0 0 
0 0 0 
1.12257e-10 1.88268e-11 7.9432e-13 
0.473442 0.0786171 0.00331142 
0 0 0 
0.0863291 0.0120336 0.000492808 
442.908 70.0172 2.92535 
338.872 56.8329 2.39783 
4.25096e-11 7.0589e-12 2.97327e-13 
0 0 0 
0.244229 0.0340437 0.00139418 
180.548 28.5419 1.19249 
41.249 6.91795 0.291875 
3.21352e-11 5.33619e-12 2.24765e-13 
0 0 0 
3.96269e-11 6.26443e-12 2.6173e-13 
3.23003e-11 5.41715e-12 2.28554e-13 
0 0 0 
0 0 0 
0 0 0 
0.5166 0.0513774 0.00257295 
0 0 0 
0 0 0 
0 0 0 
81.6431 7.60943 0.378866 
247.708 24.6352 1.23372 
7.02701e-11 6.91275e-12 3.45844e-13 
0 0 0 
3.02315e-12 2.45453e-13 1.20766e-14 
38.9831 3.63336 0.180901 
5.42048 0.539083 0.0269969 
4.54689e-11 4.47295e-12 2.23781e-13 
0 0 0 
8.02499e-11 7.47959e-12 3.72401e-13 
4.51299e-11 4.4883e-12 2.24771e-13 
0 0 0 
0 0 0 
0 0 0 
6.64413e-11 1.42247e-11 1.31914e-13 
0 0 0 
0 0 0 
0.0549728 0.00946826 8.37776e-05 
143.922 28.7608 0.262644 
512.047 109.626 1.01663 
3.52045 0.74506 0.00689135 
0 0 0 
0.110014 0.0189483 0.000167659 
137.611 27.4996 0.251127 
91.2752 19.5415 0.181219 
0.36763 0.0778043 0.000719643 
0 0 0 
0.939789 0.187803 0.00171502 
2.86977e-11 6.14399e-12 5.69768e-14 
0 0 0 
0 0 0 
0 0 0 
3.27213e-12 4.9983e-11 2.01035e-12 
0 0 0 
0 0 0 
0.00196963 0.0519863 0.00119885 
7.88268 142.09 4.82817 
14.8089 226.211 9.09835 
0.178534 2.80235 0.109632 
0 0 0 
0.0374334 0.988014 0.0227845 
26.3415 474.82 16.1342 
138.42 2114.42 85.0433 
0.027129 0.425829 0.016659 
0 0 0 
1.51169 27.2491 0.925917 
0.377591 5.76784 0.231986 
0 0 0 
0 0 0 
0.108759 0.206185 0.719434 
0.0617256 0.115968 0.384442 
0 0 0 
0 0 0 
0.00716126 0.013832 0.0538549 
10.2617 19.4541 67.8807 
23.1223 43.4413 144.011 
0.034367 0.0646663 0.216224 
0 0 0 
0.00548124 0.010587 0.0412206 
10.639 20.1694 70.3767 
50.2245 94.3598 312.81 
0.169001 0.317998 1.06329 
0 0 0 
2.8651e-12 5.43166e-12 1.89525e-11 
3.86196e-12 7.2557e-12 2.40532e-11 
0 0 0 
$escByGroup
 5e-101 5e-101 1.75278e-10 0.800074 5e-101 15.3147 1160.2 529.114 7.18373e-11 5e-101 43.3258 472.943 64.4062 5.43056e-11 5e-101 1.03803e-10 5.04337e-11 5e-101 5e-101 5e-101 0.814288 5e-101 5e-101 5e-101 212.538 390.447 1.19514e-10 5e-101 5.22651e-10 101.483 8.544 7.73329e-11 5e-101 2.08912e-10 7.11357e-11 5e-101 5e-101 5e-101 7.35043e-11 5e-101 5e-101 7.86857 282.376 566.48 4.2608 5e-101 15.7469 269.993 100.978 0.444942 5e-101 1.84387 3.17483e-11 5e-101 5e-101 5e-101 1.35548e-11 5e-101 5e-101 3.22038 89.0198 61.3455 0.879226 5e-101 61.2043 297.476 573.403 0.133602 5e-101 17.0717 1.56416 5e-101 5e-101 1.66052 0.479925 5e-101 5e-101 9.42694 156.675 179.779 0.297909 5e-101 7.21539 162.436 390.502 1.46498 5e-101 4.37442e-11 3.00272e-11 5e-101
$catchByGroup
0 0 1.12257e-10 0.473442 0 0.0863291 442.908 338.872 4.25096e-11 0 0.244229 180.548 41.249 3.21352e-11 0 3.96269e-11 3.23003e-11 0 0 0 0.5166 0 0 0 81.6431 247.708 7.02701e-11 0 3.02315e-12 38.9831 5.42048 4.54689e-11 0 8.02499e-11 4.51299e-11 0 0 0 6.64413e-11 0 0 0.0549728 143.922 512.047 3.52045 0 0.110014 137.611 91.2752 0.36763 0 0.939789 2.86977e-11 0 0 0 3.27213e-12 0 0 0.00196963 7.88268 14.8089 0.178534 0 0.0374334 26.3415 138.42 0.027129 0 1.51169 0.377591 0 0 0.108759 0.0617256 0 0 0.00716126 10.2617 23.1223 0.034367 0 0.00548124 10.639 50.2245 0.169001 0 2.8651e-12 3.86196e-12 0 
0 0 1.88268e-11 0.0786171 0 0.0120336 70.0172 56.8329 7.0589e-12 0 0.0340437 28.5419 6.91795 5.33619e-12 0 6.26443e-12 5.41715e-12 0 0 0 0.0513774 0 0 0 7.60943 24.6352 6.91275e-12 0 2.45453e-13 3.63336 0.539083 4.47295e-12 0 7.47959e-12 4.4883e-12 0 0 0 1.42247e-11 0 0 0.00946826 28.7608 109.626 0.74506 0 0.0189483 27.4996 19.5415 0.0778043 0 0.187803 6.14399e-12 0 0 0 4.9983e-11 0 0 0.0519863 142.09 226.211 2.80235 0 0.988014 474.82 2114.42 0.425829 0 27.2491 5.76784 0 0 0.206185 0.115968 0 0 0.013832 19.4541 43.4413 0.0646663 0 0.010587 20.1694 94.3598 0.317998 0 5.43166e-12 7.2557e-12 0 
0 0 7.9432e-13 0.00331142 0 0.000492808 2.92535 2.39783 2.97327e-13 0 0.00139418 1.19249 0.291875 2.24765e-13 0 2.6173e-13 2.28554e-13 0 0 0 0.00257295 0 0 0 0.378866 1.23372 3.45844e-13 0 1.20766e-14 0.180901 0.0269969 2.23781e-13 0 3.72401e-13 2.24771e-13 0 0 0 1.31914e-13 0 0 8.37776e-05 0.262644 1.01663 0.00689135 0 0.000167659 0.251127 0.181219 0.000719643 0 0.00171502 5.69768e-14 0 0 0 2.01035e-12 0 0 0.00119885 4.82817 9.09835 0.109632 0 0.0227845 16.1342 85.0433 0.016659 0 0.925917 0.231986 0 0 0.719434 0.384442 0 0 0.0538549 67.8807 144.011 0.216224 0 0.0412206 70.3767 312.81 1.06329 0 1.89525e-11 2.40532e-11 0 
$Fmort
 0.374222 0.37815 0.116227
#ESTIMATED_PARAMETERS
$availability
1.42622 1.46385 1.76574 0.152738 0.191452 
0.196265 0.117306 0.300099 4.02025 0.366078 
0.0261407 0.0187738 0.00863418 0.299292 4.64716 
$selectivity
 0.0105234 0.57497 0.852264 0.805079 2.75716
$RunSize
 0 0 3.07156e-10 1.35544 0 15.4135 1676.05 927.216 1.21703e-10 0 43.6055 683.225 112.865 9.20018e-11 0 1.49956e-10 8.83797e-11 0 0 0 1.38484 0 0 0 302.17 664.024 1.97043e-10 0 5.25931e-10 144.28 14.5306 1.27499e-10 0 2.97014e-10 1.20979e-10 0 0 0 1.54302e-10 0 0 7.9331 455.321 1189.17 8.5332 0 15.876 435.355 211.976 0.891096 0 2.97317 6.6647e-11 0 0 0 6.88202e-11 0 0 3.27554 243.82 311.463 3.96974 0 62.2526 814.772 2911.28 0.603219 0 46.7584 7.94158 0 0 2.6949 1.04206 0 0 9.50179 254.272 390.354 0.613166 0 7.27268 263.621 847.897 3.01526 0 7.09935e-11 6.51981e-11 0
