$ndistricts
3
$ngroups
90
$nstocks
5
$nagecomps
18
$AgeCompLabels
 0.1 0.2 0.3 0.4 0.5 1.1 1.2 1.3 1.4 1.5 2.1 2.2 2.3 2.4 3.1 3.2 3.3 3.4
$navailpar
15
$nselectpar
5
$GENdata
-1
$maxGradient
0.000157199
#LIKELIHOOD_VALUES_AND_PENALTIES
$totalNLL
-394513
$NLLcatch
-153548
$NLLescape
-255852
$NLLagecompCatch
7976.86
$NLLagecompEsc
6910.18
$NLLgenetics
0
$NLLselOne
3.56136e-14
$NLLavailOne
8.04389e-11
$NLLextra
0.00551382
#OBSERVED_AND_PREDICTED_VALUES
$predEsc
 22479.3 810.627 2643.71 1079.2 3336.93
$obsEsc
 22505.3 803.716 2644.7 1060.86 3335.28
$predCatch
 15120.5 2623.07 885.875
$obsCatch
 15120.5 2623.07 885.875
$RunSize
 0 1.53808e-08 18.0124 0 0 35.2629 5244.21 1057.63 5.70968e-10 0 33.1007 28668.7 542.108 0 3.42581e-10 11.8237 1.52258e-10 0 0 7.60889 1.98479e-10 0 0 1.7129e-10 785.661 353.475 3.58298 0 1.57696e-10 118.253 49.8925 0 2.03917e-10 1.33226e-10 1.33226e-10 0 0 8.15668e-11 7.06912e-11 0 0 4.28574 999.935 1698.96 1.70203e-09 0 4.16747 1519.65 900.015 0 4.35023e-11 6.68671 5.98156e-11 0 0 2.447e-11 1.88653 0 0 2.62397 224.454 70.652 4.62212e-11 0 49.8691 1411.45 424.907 0 0.381491 53.821 11.2247 0 0 2.71889e-11 0.498439 0 0 0.766983 2319.86 571.362 0.322984 0 57.648 1646.37 68.0507 0 4.07834e-11 4.62212e-11 2.71889e-11 0
$SSageCompEsc
 2338 88.5 1542 1169 1761
$obsAgeCompEsc
0 0 0.000616973 0 0 0.00158445 0.131796 0.0240473 0 0 0.00161651 0.823259 0.0164232 0 0 0.00065712 0 0 
0 0 0 0 0 0 0.601116 0.250188 0 0 0 0.102692 0.0460043 0 0 0 0 0 
0 0 0 0 0 0.00145006 0.206695 0.296517 0 0 0.00144887 0.322874 0.169297 0 0 0.00171811 0 0 
0 0 0 0 0 0.0016323 0.110062 0.0254621 0 0 0.0385972 0.667495 0.141909 0 0 0.0141513 0.000691449 0 
0 0 0 0 0 0.000243941 0.44604 0.132072 0 0 0.0168311 0.394752 0.0100615 0 0 0 0 0 
$predAgeCompEsc
0 4.3391e-13 0.000447655 0 0 0.00141156 0.147946 0.0262849 -1.14632e-16 0 0.00132501 0.808779 0.0134728 0 1.37134e-14 0.00033356 3.78401e-15 0 
0 0.00599704 1.38459e-13 0 0 1.90257e-13 0.619228 0.246583 0.000184283 0 1.75158e-13 0.0932023 0.0348049 0 2.26497e-13 1.05004e-13 9.29379e-14 0 
0 1.7223e-14 1.26145e-14 0 0 0.0014193 0.211139 0.30317 -7.45559e-14 0 0.00138013 0.320877 0.160603 0 1.44066e-14 0.00141192 1.06738e-14 0 
0 1.11606e-14 0.00069556 0 0 0.00207357 0.102372 0.0260492 -8.49638e-15 0 0.0394085 0.643752 0.156662 0 0.000301469 0.0245474 0.00413852 0 
0 5.88257e-15 9.78268e-05 0 0 0.00021381 0.501922 0.112139 -7.03685e-06 0 0.0160704 0.356207 0.0133561 0 1.13691e-14 1.00004e-14 5.33627e-15 0 
$SSageCompCatch
 3826 2065 1757
$obsAgeCompCatch
0 0.000352167 0.000232025 0 0 0 0.18597 0.0965562 0.000277603 0 0 0.678475 0.0381054 0 0 3.16586e-05 0 0 
0 0 0.00130182 0 0 0.000768962 0.149972 0.0868346 0 0 0.00399824 0.608679 0.127469 0 0.000194435 0.0162652 0.0045162 0 
0 0 0.000306373 0 0 0 0.520014 0.11857 0.000266142 0 0.00221243 0.328367 0.0296956 0 0 0.000567522 0 0 
$predAgeCompCatch
0 0.000172549 0.000489595 0 0 0.000251387 0.169384 0.0937227 0.000211677 0 0.000318597 0.689053 0.0457652 0 2.62119e-07 0.000590881 3.99598e-05 0 
0 5.06021e-05 0.000646816 0 0 0.000249218 0.166031 0.082434 0.000141807 0 0.00293687 0.620649 0.115024 0 1.94751e-05 0.00953578 0.00228135 0 
0 6.51095e-06 0.000178115 0 0 5.68282e-05 0.458545 0.140152 0.000234159 0 0.00301932 0.37207 0.0247972 0 1.23917e-06 0.000746777 0.000191983 0 
$genSS
 0 0 0
$obsGenComp     #GeneticFracData
-1 -1 -1 -1 -1 
-1 -1 -1 -1 -1 
-1 -1 -1 -1 -1 
$predGenComp     #catchGenComp_pred
0 0 0 0 0 
0 0 0 0 0 
0 0 0 0 0 
#PARAMETERS_OF_INTEREST
$catchByGroup
0 0 0 
5.16428e-09 4.46269e-10 1.6232e-11 
7.26796 0.657489 0.0240036 
0 0 0 
0 0 0 
3.27644 0.246623 0.00887422 
1760.81 152.159 5.53446 
426.751 38.6056 1.40941 
4.93942e-10 7.66579e-11 2.94437e-12 
0 0 0 
3.07554 0.231501 0.00833009 
9625.85 831.815 30.2554 
218.739 19.788 0.72242 
0 0 0 
3.18307e-11 2.39596e-12 8.62134e-14 
3.96993 0.34306 0.012478 
6.14357e-11 5.55772e-12 2.02901e-13 
0 0 0 
0 0 0 
2.60902 0.132733 0.00576789 
8.16884e-11 4.36254e-12 1.89992e-13 
0 0 0 
0 0 0 
1.63145e-11 7.17029e-13 3.09597e-14 
269.397 13.7054 0.595567 
145.48 7.76931 0.338361 
3.12451 0.295814 0.0132794 
0 0 0 
1.50197e-11 6.60122e-13 2.85025e-14 
40.5478 2.06285 0.0896409 
20.5344 1.09663 0.0477592 
0 0 0 
1.94221e-11 8.53606e-13 3.68567e-14 
4.5682e-11 2.32404e-12 1.00991e-13 
5.48319e-11 2.92828e-12 1.27529e-13 
0 0 0 
0 0 0 
3.24148e-11 3.59081e-12 2.84424e-14 
3.34038e-11 3.90719e-12 3.11291e-14 
0 0 0 
0 0 0 
0.487416 0.0457465 0.000356269 
397.377 44.02 0.348678 
802.811 93.9035 0.748142 
1.5595e-09 3.36724e-10 2.90404e-12 
0 0 0 
0.473965 0.0444841 0.000346437 
603.911 66.8992 0.529901 
425.285 49.745 0.396325 
0 0 0 
4.9475e-12 4.64349e-13 3.6163e-15 
2.65732 0.294368 0.00233166 
2.82648e-11 3.30609e-12 2.634e-14 
0 0 0 
0 0 0 
1.04896e-12 1.10825e-11 2.94045e-13 
0.101549 1.00575 0.0285841 
0 0 0 
0 0 0 
0.0272609 0.35137 0.00755055 
9.6217 101.655 2.69716 
3.80309 37.6661 1.07049 
8.92425e-12 4.38096e-11 2.65663e-12 
0 0 0 
0.518098 6.67786 0.1435 
60.5047 639.245 16.9607 
22.8721 226.527 6.43804 
0 0 0 
0.00396337 0.0510846 0.00109775 
2.30715 24.3755 0.646742 
0.604211 5.98414 0.170073 
0 0 0 
0 0 0 
1.45291e-12 1.45294e-12 4.65332e-12 
0.0333984 0.0333991 0.1052 
0 0 0 
0 0 0 
0.00997486 0.00997507 0.0335616 
123.968 123.97 397.038 
38.2847 38.2854 120.591 
0.0761542 0.0761556 0.194156 
0 0 0 
0.749731 0.749746 2.52256 
87.9782 87.9799 281.772 
4.5598 4.5599 14.3627 
0 0 0 
5.30401e-13 5.30412e-13 1.7846e-12 
2.46995e-12 2.47e-12 7.91064e-12 
1.82182e-12 1.82186e-12 5.73845e-12 
0 0 0 
$escByGroup
 5e-101 9.754e-09 10.063 5e-101 5e-101 31.731 3325.71 590.865 3.8807e-189 5e-101 29.7854 18180.8 302.859 5e-101 3.08268e-10 7.49819 8.50617e-11 5e-101 5e-101 4.86136 1.12238e-10 5e-101 5e-101 1.54228e-10 501.963 199.887 0.149385 5e-101 1.41987e-10 75.5523 28.2138 5e-101 1.83604e-10 8.51187e-11 7.5338e-11 5e-101 5e-101 4.55327e-11 3.33491e-11 5e-101 5e-101 3.75222 558.19 801.494 5.07346e-191 5e-101 3.64867 848.306 424.588 5e-101 3.80868e-11 3.7327 2.82184e-11 5e-101 5e-101 1.20445e-11 0.750649 5e-101 5e-101 2.23779 110.48 28.1123 1.0906e-189 5e-101 42.5297 694.737 169.07 5e-101 0.325345 26.4915 4.4663 5e-101 5e-101 1.96298e-11 0.326442 5e-101 5e-101 0.713471 1674.88 374.201 4.25867e-199 5e-101 53.626 1188.64 44.5683 5e-101 3.7938e-11 3.33706e-11 1.78068e-11 5e-101
$catchByGroup
0 5.16428e-09 7.26796 0 0 3.27644 1760.81 426.751 4.93942e-10 0 3.07554 9625.85 218.739 0 3.18307e-11 3.96993 6.14357e-11 0 0 2.60902 8.16884e-11 0 0 1.63145e-11 269.397 145.48 3.12451 0 1.50197e-11 40.5478 20.5344 0 1.94221e-11 4.5682e-11 5.48319e-11 0 0 3.24148e-11 3.34038e-11 0 0 0.487416 397.377 802.811 1.5595e-09 0 0.473965 603.911 425.285 0 4.9475e-12 2.65732 2.82648e-11 0 0 1.04896e-12 0.101549 0 0 0.0272609 9.6217 3.80309 8.92425e-12 0 0.518098 60.5047 22.8721 0 0.00396337 2.30715 0.604211 0 0 1.45291e-12 0.0333984 0 0 0.00997486 123.968 38.2847 0.0761542 0 0.749731 87.9782 4.5598 0 5.30401e-13 2.46995e-12 1.82182e-12 0 
0 4.46269e-10 0.657489 0 0 0.246623 152.159 38.6056 7.66579e-11 0 0.231501 831.815 19.788 0 2.39596e-12 0.34306 5.55772e-12 0 0 0.132733 4.36254e-12 0 0 7.17029e-13 13.7054 7.76931 0.295814 0 6.60122e-13 2.06285 1.09663 0 8.53606e-13 2.32404e-12 2.92828e-12 0 0 3.59081e-12 3.90719e-12 0 0 0.0457465 44.02 93.9035 3.36724e-10 0 0.0444841 66.8992 49.745 0 4.64349e-13 0.294368 3.30609e-12 0 0 1.10825e-11 1.00575 0 0 0.35137 101.655 37.6661 4.38096e-11 0 6.67786 639.245 226.527 0 0.0510846 24.3755 5.98414 0 0 1.45294e-12 0.0333991 0 0 0.00997507 123.97 38.2854 0.0761556 0 0.749746 87.9799 4.5599 0 5.30412e-13 2.47e-12 1.82186e-12 0 
0 1.6232e-11 0.0240036 0 0 0.00887422 5.53446 1.40941 2.94437e-12 0 0.00833009 30.2554 0.72242 0 8.62134e-14 0.012478 2.02901e-13 0 0 0.00576789 1.89992e-13 0 0 3.09597e-14 0.595567 0.338361 0.0132794 0 2.85025e-14 0.0896409 0.0477592 0 3.68567e-14 1.00991e-13 1.27529e-13 0 0 2.84424e-14 3.11291e-14 0 0 0.000356269 0.348678 0.748142 2.90404e-12 0 0.000346437 0.529901 0.396325 0 3.6163e-15 0.00233166 2.634e-14 0 0 2.94045e-13 0.0285841 0 0 0.00755055 2.69716 1.07049 2.65663e-12 0 0.1435 16.9607 6.43804 0 0.00109775 0.646742 0.170073 0 0 4.65332e-12 0.1052 0 0 0.0335616 397.038 120.591 0.194156 0 2.52256 281.772 14.3627 0 1.7846e-12 7.91064e-12 5.73845e-12 0 
$Fmort
 0.58811 0.307578 0.0828149
#ESTIMATED_PARAMETERS
$availability
1.42622 1.46385 1.76574 0.152738 0.191452 
0.196265 0.117306 0.300099 4.02025 0.366078 
0.0261407 0.0187738 0.00863418 0.299292 4.64716 
$selectivity
 0.116263 0.487752 0.615982 2.38824 1.39177
$RunSize
 0 1.53808e-08 18.0124 0 0 35.2629 5244.21 1057.63 5.70968e-10 0 33.1007 28668.7 542.108 0 3.42581e-10 11.8237 1.52258e-10 0 0 7.60889 1.98479e-10 0 0 1.7129e-10 785.661 353.475 3.58298 0 1.57696e-10 118.253 49.8925 0 2.03917e-10 1.33226e-10 1.33226e-10 0 0 8.15668e-11 7.06912e-11 0 0 4.28574 999.935 1698.96 1.70203e-09 0 4.16747 1519.65 900.015 0 4.35023e-11 6.68671 5.98156e-11 0 0 2.447e-11 1.88653 0 0 2.62397 224.454 70.652 4.62212e-11 0 49.8691 1411.45 424.907 0 0.381491 53.821 11.2247 0 0 2.71889e-11 0.498439 0 0 0.766983 2319.86 571.362 0.322984 0 57.648 1646.37 68.0507 0 4.07834e-11 4.62212e-11 2.71889e-11 0
