$ndistricts
3
$ngroups
90
$nstocks
5
$nagecomps
18
$AgeCompLabels
 0.1 0.2 0.3 0.4 0.5 1.1 1.2 1.3 1.4 1.5 2.1 2.2 2.3 2.4 3.1 3.2 3.3 3.4
$navailpar
15
$nselectpar
5
$GENdata
-1
$maxGradient
0.000434148
#LIKELIHOOD_VALUES_AND_PENALTIES
$totalNLL
-77240
$NLLcatch
-46009.2
$NLLescape
-43658.8
$NLLagecompCatch
4752.55
$NLLagecompEsc
7675.47
$NLLgenetics
0
$NLLselOne
3.1062e-16
$NLLavailOne
8.04389e-11
$NLLextra
3.2e-198
#OBSERVED_AND_PREDICTED_VALUES
$predEsc
 4127.49 582.923 776.115 977.804 83.3667
$obsEsc
 4149.29 583.794 813.378 895.698 82.435
$predCatch
 5123.67 1207.29 7.995
$obsCatch
 5123.67 1207.29 7.995
$RunSize
 0 0 5.19843e-10 6.88364e-10 0 5.88553 6020.79 888.733 17.3018 0 278.139 227.834 201.01 4.98421e-10 0 4.36297e-10 2.79916e-10 0 0 0 2.06986 4.79758 0 0 712.576 289.239 7.25596e-08 0 5.41265e-10 84.163 46.2137 1.37459e-09 0 1.00777e-08 7.16927e-10 0 0 0 1.09253e-10 2.01368e-10 0 0.801237 243.204 593.332 2.41375 0 1.41631 539.5 568.325 13.3586 0 4.05855 7.69368 0 0 0 4.99849e-11 5.64116e-11 0 0 60.3781 78.4381 0.297889 0 12.2612 566.919 1216.66 1.62808e-10 0 48.3587 52.9284 0 0 0 7.85478e-12 8.56885e-12 0 1.15615 12.5111 7.44203 9.28292e-12 0 12.9059 20.3588 40.8417 0.286222 0 1.31338 0.752032 0
$SSageCompEsc
 2014 88.5 1580 1923 894
$obsAgeCompEsc
0 0 0 0 0 0.00141301 0.776799 0.100321 0.00105075 0 0.0648458 0.032119 0.0234519 0 0 0 0 0 
0 0 0 0 0 0 0.601116 0.250188 0 0 0 0.102692 0.0460043 0 0 0 0 0 
0 0 0 0 0 0.000980951 0.13947 0.270477 0.000590492 0 0.00171882 0.316626 0.260979 0.00350496 0 0.00206256 0.00358933 0 
0 0 0 0 0 0 0.0429891 0.0414334 0.000210202 0 0.0128906 0.304907 0.556214 0 0 0.0208549 0.0205005 0 
0 0 0 0 0 0.0137937 0.129745 0.0728806 0 0 0.153003 0.208243 0.400249 0.00156658 0 0.0132477 0.00727065 0 
$predAgeCompEsc
0 0 5.63548e-14 4.9085e-14 0 0.00138433 0.784151 0.0963452 0.00123373 0 0.0654211 0.0296732 0.0217909 3.55408e-14 0 5.68236e-14 3.03449e-14 0 
0 0 0.00160034 0.00249226 0 0 0.658743 0.223629 3.76935e-11 0 9.01229e-13 0.0778048 0.0357307 7.14074e-13 0 9.31635e-12 5.54301e-13 0 
0 0 4.99034e-14 5.04351e-14 0 0.000994843 0.141939 0.271016 0.000604556 0 0.00175854 0.314864 0.259594 0.00334583 0 0.00236866 0.00351424 0 
0 0 2.27612e-14 1.58552e-14 0 0 0.0334115 0.0357176 8.37255e-05 0 0.0121918 0.313717 0.554017 4.57592e-14 0 0.0267603 0.0241015 0 
0 0 7.68337e-14 7.54658e-14 0 0.0137662 0.128242 0.0727963 8.17546e-14 0 0.153669 0.208683 0.399504 0.00252075 0 0.0134624 0.00735621 0 
$SSageCompCatch
 2496 1535 33
$obsAgeCompCatch
0 0 0.000286646 0.000771234 0 0 0.634004 0.183461 0.00316832 0 0.0015431 0.0735758 0.0987835 0.00177683 0 0.0012557 0.00137425 0 
0 0 0 0 0 0 0.0805941 0.0694982 0 0 0 0.245598 0.551328 0.000675646 0 0.0247983 0.0275076 0 
0 0 0 0 0 0 0.0606061 0.0909091 0 0 0.030303 0.242424 0.484849 0.030303 0 0.030303 0.030303 0 
$predAgeCompCatch
0 0 0.000214291 0.000627052 0 3.83566e-05 0.601692 0.190931 0.00258277 0 0.00154364 0.0874061 0.110352 0.00192941 0 0.000987584 0.00169565 0 
0 0 3.20955e-05 0.000108524 0 9.33384e-06 0.158273 0.0819172 0.000936719 0 0.000556636 0.20958 0.510482 0.000776314 0 0.0160916 0.0212366 0 
0 0 3.52173e-05 0.000119598 0 0.000192909 0.175986 0.0826958 0.000746422 0 0.00247286 0.194988 0.508826 0.00187667 0 0.0145443 0.0175168 0 
$genSS
 0 0 0
$obsGenComp     #GeneticFracData
-1 -1 -1 -1 -1 
-1 -1 -1 -1 -1 
-1 -1 -1 -1 -1 
$predGenComp     #catchGenComp_pred
0 0 0 0 0 
0 0 0 0 0 
0 0 0 0 0 
#PARAMETERS_OF_INTEREST
$catchByGroup
0 0 0 
0 0 0 
2.70962e-10 1.61794e-11 9.84597e-14 
4.54412e-10 3.11628e-11 1.91023e-13 
0 0 0 
0.164502 0.00715789 4.29079e-05 
2636.27 147.048 0.891813 
463.241 27.6606 0.168328 
11.4215 0.783264 0.0048013 
0 0 0 
7.77408 0.338269 0.00202775 
99.7597 5.56447 0.0337473 
104.774 6.25615 0.0380718 
3.29025e-10 2.25639e-11 1.38313e-13 
0 0 0 
1.91038e-10 1.06558e-11 6.46254e-14 
1.45902e-10 8.71199e-12 5.30168e-14 
0 0 0 
0 0 0 
0 0 0 
1.09795 0.0387487 0.000281562 
3.21281 0.13102 0.000956188 
0 0 0 
0 0 0 
318.05 10.4536 0.0758049 
153.426 5.41467 0.039345 
4.85911e-08 1.98157e-09 1.44616e-11 
0 0 0 
1.55218e-11 3.93542e-13 2.83399e-15 
37.5652 1.23468 0.00895339 
24.514 0.865141 0.00628644 
9.20522e-10 3.75394e-11 2.73964e-13 
0 0 0 
4.49805e-09 1.47841e-10 1.07208e-12 
3.80293e-10 1.34212e-11 9.75234e-14 
0 0 0 
0 0 0 
0 0 0 
6.53588e-11 5.15627e-12 6.83518e-15 
1.48435e-10 1.37708e-11 1.84588e-14 
0 0 0 
0.0276331 0.00148951 1.92938e-06 
124.008 9.02343 0.0118992 
354.952 28.0028 0.0371206 
1.77926 0.165068 0.000221261 
0 0 0 
0.0488458 0.00263293 3.41048e-06 
275.086 20.0167 0.026396 
339.992 26.8226 0.0355561 
9.84707 0.913545 0.00122454 
0 0 0 
2.06942 0.150581 0.000198572 
4.60263 0.363109 0.00048134 
0 0 0 
0 0 0 
0 0 0 
3.79126e-12 2.38294e-11 1.08286e-13 
6.15708e-12 3.45723e-11 1.78972e-13 
0 0 0 
0 0 0 
3.61193 23.9939 0.102316 
5.94938 37.3939 0.169927 
0.0325133 0.182564 0.000945086 
0 0 0 
0.0371673 0.301861 0.0010234 
33.9142 225.291 0.960691 
92.281 580.019 2.63574 
1.77698e-11 9.97782e-11 5.16526e-13 
0 0 0 
2.89291 19.2175 0.0819477 
4.01452 25.2327 0.114663 
0 0 0 
0 0 0 
0 0 0 
7.39462e-13 4.49841e-13 2.601e-13 
1.15563e-12 7.09354e-13 4.12526e-13 
0 0 0 
0.00439127 0.0026213 0.00149747 
0.930925 0.563914 0.325172 
0.700606 0.426203 0.246432 
1.25194e-12 7.68466e-13 4.46903e-13 
0 0 0 
0.0490189 0.029261 0.0167159 
1.51486 0.917635 0.52914 
3.84491 2.33899 1.35241 
0.0386012 0.0236943 0.0137795 
0 0 0 
0.0977256 0.059198 0.0341356 
0.0707975 0.0430686 0.0249025 
0 0 0 
$escByGroup
 5e-101 5e-101 2.32604e-10 2.02598e-10 5e-101 5.71382 3236.58 397.664 5.09222 5e-101 270.025 122.476 89.9419 1.46694e-10 5e-101 2.34539e-10 1.25248e-10 5e-101 5e-101 5e-101 0.932874 1.4528 5e-101 5e-101 383.997 130.358 2.19724e-08 5e-101 5.25347e-10 45.3542 20.8283 4.1625e-10 5e-101 5.43071e-09 3.23115e-10 5e-101 5e-101 5e-101 3.87308e-11 3.91435e-11 5e-101 0.772113 110.161 210.34 0.469205 5e-101 1.36483 244.371 201.475 2.59675 5e-101 1.83835 2.72746 5e-101 5e-101 5e-101 2.2256e-11 1.55033e-11 5e-101 5e-101 32.6699 34.9248 0.0818671 5e-101 11.9212 306.753 541.72 4.47436e-11 5e-101 26.1663 23.5666 5e-101 5e-101 5e-101 6.40537e-12 6.29133e-12 5e-101 1.14764 10.6911 6.06879 6.81561e-12 5e-101 12.8109 17.3972 33.3054 0.210147 5e-101 1.12232 0.613263 5e-101
$catchByGroup
0 0 2.70962e-10 4.54412e-10 0 0.164502 2636.27 463.241 11.4215 0 7.77408 99.7597 104.774 3.29025e-10 0 1.91038e-10 1.45902e-10 0 0 0 1.09795 3.21281 0 0 318.05 153.426 4.85911e-08 0 1.55218e-11 37.5652 24.514 9.20522e-10 0 4.49805e-09 3.80293e-10 0 0 0 6.53588e-11 1.48435e-10 0 0.0276331 124.008 354.952 1.77926 0 0.0488458 275.086 339.992 9.84707 0 2.06942 4.60263 0 0 0 3.79126e-12 6.15708e-12 0 0 3.61193 5.94938 0.0325133 0 0.0371673 33.9142 92.281 1.77698e-11 0 2.89291 4.01452 0 0 0 7.39462e-13 1.15563e-12 0 0.00439127 0.930925 0.700606 1.25194e-12 0 0.0490189 1.51486 3.84491 0.0386012 0 0.0977256 0.0707975 0 
0 0 1.61794e-11 3.11628e-11 0 0.00715789 147.048 27.6606 0.783264 0 0.338269 5.56447 6.25615 2.25639e-11 0 1.06558e-11 8.71199e-12 0 0 0 0.0387487 0.13102 0 0 10.4536 5.41467 1.98157e-09 0 3.93542e-13 1.23468 0.865141 3.75394e-11 0 1.47841e-10 1.34212e-11 0 0 0 5.15627e-12 1.37708e-11 0 0.00148951 9.02343 28.0028 0.165068 0 0.00263293 20.0167 26.8226 0.913545 0 0.150581 0.363109 0 0 0 2.38294e-11 3.45723e-11 0 0 23.9939 37.3939 0.182564 0 0.301861 225.291 580.019 9.97782e-11 0 19.2175 25.2327 0 0 0 4.49841e-13 7.09354e-13 0 0.0026213 0.563914 0.426203 7.68466e-13 0 0.029261 0.917635 2.33899 0.0236943 0 0.059198 0.0430686 0 
0 0 9.84597e-14 1.91023e-13 0 4.29079e-05 0.891813 0.168328 0.0048013 0 0.00202775 0.0337473 0.0380718 1.38313e-13 0 6.46254e-14 5.30168e-14 0 0 0 0.000281562 0.000956188 0 0 0.0758049 0.039345 1.44616e-11 0 2.83399e-15 0.00895339 0.00628644 2.73964e-13 0 1.07208e-12 9.75234e-14 0 0 0 6.83518e-15 1.84588e-14 0 1.92938e-06 0.0118992 0.0371206 0.000221261 0 3.41048e-06 0.026396 0.0355561 0.00122454 0 0.000198572 0.00048134 0 0 0 1.08286e-13 1.78972e-13 0 0 0.102316 0.169927 0.000945086 0 0.0010234 0.960691 2.63574 5.16526e-13 0 0.0819477 0.114663 0 0 0 2.601e-13 4.12526e-13 0 0.00149747 0.325172 0.246432 4.46903e-13 0 0.0167159 0.52914 1.35241 0.0137795 0 0.0341356 0.0249025 0 
$Fmort
 0.746303 0.232807 0.0104716
#ESTIMATED_PARAMETERS
$availability
1.42622 1.46385 1.76574 0.152738 0.191452 
0.196265 0.117306 0.300099 4.02025 0.366078 
0.0261407 0.0187738 0.00863418 0.299292 4.64716 
$selectivity
 0.0266333 0.541159 0.691989 1.01391 2.72631
$RunSize
 0 0 5.19843e-10 6.88364e-10 0 5.88553 6020.79 888.733 17.3018 0 278.139 227.834 201.01 4.98421e-10 0 4.36297e-10 2.79916e-10 0 0 0 2.06986 4.79758 0 0 712.576 289.239 7.25596e-08 0 5.41265e-10 84.163 46.2137 1.37459e-09 0 1.00777e-08 7.16927e-10 0 0 0 1.09253e-10 2.01368e-10 0 0.801237 243.204 593.332 2.41375 0 1.41631 539.5 568.325 13.3586 0 4.05855 7.69368 0 0 0 4.99849e-11 5.64116e-11 0 0 60.3781 78.4381 0.297889 0 12.2612 566.919 1216.66 1.62808e-10 0 48.3587 52.9284 0 0 0 7.85478e-12 8.56885e-12 0 1.15615 12.5111 7.44203 9.28292e-12 0 12.9059 20.3588 40.8417 0.286222 0 1.31338 0.752032 0
