$ndistricts
3
$ngroups
90
$nstocks
5
$nagecomps
18
$AgeCompLabels
 0.1 0.2 0.3 0.4 0.5 1.1 1.2 1.3 1.4 1.5 2.1 2.2 2.3 2.4 3.1 3.2 3.3 3.4
$navailpar
15
$nselectpar
5
$GENdata
-1
$maxGradient
0.000171265
#LIKELIHOOD_VALUES_AND_PENALTIES
$totalNLL
-250615
$NLLcatch
-146276
$NLLescape
-120398
$NLLagecompCatch
8647.92
$NLLagecompEsc
7410.33
$NLLgenetics
0
$NLLselOne
1.22007e-14
$NLLavailOne
8.04389e-11
$NLLextra
3.8e-198
#OBSERVED_AND_PREDICTED_VALUES
$predEsc
 11218.3 773.403 898.628 1170.17 1612.92
$obsEsc
 11218.4 791.55 925.362 1032.04 1706.9
$predCatch
 14991.8 2257.33 391.118
$obsCatch
 14991.8 2257.33 391.118
$RunSize
 0 1.96029e-10 0 0 0 5.17214 4771.41 1584.56 2.94043e-10 0 306.615 16954.7 319.139 0 0 23.288 1.55344e-10 0 0 2.7555e-10 0 0 0 3.19934e-10 946.033 422.422 0.705879 0 3.84661e-10 256.411 81.1882 0 0 26.6098 1.96029e-10 0 0 5.54799e-11 0 0 0 4.26403 424.474 340.363 4.25346e-11 0 11.7259 1098.79 771.505 2.29726 0 6.47266e-11 2.93506 0 0 0.334324 0 0 0 4.43839e-11 49.4843 79.436 1.84933e-11 0 8.65173 1761.75 746.638 0 0 27.2695 13.4685 0.132013 0 1.63727 0 0 0 2.03426e-11 1536.16 13.2865 0.338239 0 4.86006 671.851 35.2073 0 0 6.09092 2.44254 0
$SSageCompEsc
 2575 88.5 1251 1936 2163
$obsAgeCompEsc
0 0 0 0 0 0.000363419 0.243269 0.0671093 0 0 0.0210755 0.655549 0.0120842 0 0 0.000549028 0 0 
0 0 0 0 0 0 0.601116 0.250188 0 0 0 0.102692 0.0460043 0 0 0 0 0 
0 0 0 0 0 0.00318486 0.188712 0.110966 0 0 0.00878252 0.448268 0.237244 0.00165752 0 0 0.00118525 0 
0 0 0 0 0 0 0.0310962 0.035044 0 0 0.00461071 0.712926 0.202329 0 0 0.00879523 0.00508509 0.000113071 
0 0 0 0 0 0 0.723562 0.00185774 0 0 0.00306556 0.261416 0.00751193 0 0 0.00123068 0.00135575 0 
$predAgeCompEsc
0 8.26317e-15 0 0 0 0.000342068 0.201128 0.0520901 1.69661e-14 0 0.0202785 0.714688 0.0104912 0 0 0.000981656 5.10671e-15 0 
0 1.69412e-13 0 0 0 3.06608e-13 0.581634 0.204471 0.000590642 0 3.68638e-13 0.157645 0.0392988 0 0 0.0163601 9.48869e-14 0 
0 2.36303e-14 0 0 0 0.0032598 0.180794 0.103045 2.73193e-14 0 0.0089643 0.468 0.233573 0.0014755 0 2.75686e-14 0.000888588 0 
0 0.000134456 0 0 0 2.84392e-14 0.0199013 0.0241134 1.03382e-14 0 0.00554364 0.708531 0.226647 0 0 0.0109671 0.00408847 7.37981e-05 
0 0.000722144 0 0 0 1.10673e-14 0.67755 0.00518901 0.000172952 0 0.00264409 0.296331 0.0137501 0 0 0.0026865 0.000953926 0 
$SSageCompCatch
 2912 3388 2291
$obsAgeCompCatch
0 0 0 0 0 0 0.215439 0.0854063 3.5175e-05 0 0.00268619 0.649815 0.0441717 0 0 0.00244645 0 0 
0 0.000229569 0 0 0 0.000194328 0.055692 0.0406234 0 0 0.0051517 0.656719 0.230449 0 0 0.00774406 0.00319644 0 
0 0.00123008 0 0 0 0 0.548543 0.02243 0.000241624 0 0.000322165 0.36368 0.0577526 0 0 0.00471045 0.00108988 0 
$predAgeCompCatch
0 1.12247e-05 0 0 0 0.000168692 0.215868 0.0954648 1.73172e-05 0 0.00528844 0.625786 0.0552648 6.0786e-05 0 0.00183744 0.000232364 3.76607e-07 
0 0.000104575 0 0 0 6.11354e-05 0.121491 0.0581578 7.9307e-06 0 0.00257564 0.603272 0.204866 2.64214e-05 0 0.00605288 0.0033671 1.73689e-05 
0 0.000626814 0 0 0 6.19677e-06 0.594034 0.0151002 7.88431e-05 0 0.00117314 0.339923 0.0443072 1.03355e-06 0 0.00311035 0.00163782 2.0527e-06 
$genSS
 0 0 0
$obsGenComp     #GeneticFracData
-1 -1 -1 -1 -1 
-1 -1 -1 -1 -1 
-1 -1 -1 -1 -1 
$predGenComp     #catchGenComp_pred
0 0 0 0 0 
0 0 0 0 0 
0 0 0 0 0 
#PARAMETERS_OF_INTEREST
$catchByGroup
0 0 0 
9.75484e-11 5.60623e-12 1.76078e-13 
0 0 0 
0 0 0 
0 0 0 
1.27168 0.0611543 0.00190489 
2374.36 136.457 4.28579 
939.442 58.8958 1.85769 
9.85411e-11 5.01534e-12 1.56624e-13 
0 0 0 
75.3876 3.62535 0.112926 
8437.04 484.887 15.2291 
189.209 11.862 0.374148 
0 0 0 
0 0 0 
11.5886 0.666014 0.0209179 
9.20993e-11 5.77392e-12 1.8212e-13 
0 0 0 
0 0 0 
1.39611e-10 4.73753e-12 1.77777e-13 
0 0 0 
0 0 0 
0 0 0 
8.04517e-11 2.26637e-12 8.46292e-14 
479.319 16.2651 0.610354 
254.472 9.45564 0.355729 
0.241583 0.00722094 0.000270051 
0 0 0 
9.67281e-11 2.72488e-12 1.01751e-13 
129.914 4.40847 0.165429 
48.9087 1.81735 0.06837 
0 0 0 
0 0 0 
13.4822 0.457502 0.0171679 
1.1809e-10 4.38798e-12 1.65079e-13 
0 0 0 
0 0 0 
3.1821e-11 2.40766e-12 1.64647e-14 
0 0 0 
0 0 0 
0 0 0 
1.25732 0.0768486 0.000518775 
243.46 18.4209 0.125971 
228.479 19.1524 0.13185 
1.68729e-11 1.10429e-12 7.48464e-15 
0 0 0 
3.45758 0.21133 0.00142661 
630.218 47.6839 0.326086 
517.897 43.4131 0.298867 
0.911293 0.0596419 0.00040424 
0 0 0 
3.71245e-11 2.80893e-12 1.92089e-14 
1.97025 0.165158 0.00113699 
0 0 0 
0 0 0 
0.0237606 0.149804 0.0034221 
0 0 0 
0 0 0 
0 0 0 
1.32124e-12 9.59713e-12 1.86797e-13 
3.51688 22.173 0.506515 
7.28834 42.8712 1.05975 
7.90936e-13 5.49246e-12 1.12468e-13 
0 0 0 
0.257549 1.87076 0.0364121 
125.209 789.411 18.0331 
68.5048 402.957 9.96081 
0 0 0 
0 0 0 
1.93806 12.219 0.279127 
1.23575 7.26889 0.179682 
0.00564603 0.0392074 0.000802846 
0 0 0 
0.144519 0.0862555 0.241736 
0 0 0 
0 0 0 
0 0 0 
7.56178e-13 4.4634e-13 1.28948e-12 
135.594 80.9291 226.809 
1.50986 0.906289 2.50095 
0.0180335 0.0106813 0.0305669 
0 0 0 
0.180659 0.106635 0.308071 
59.303 35.3949 99.1962 
4.00089 2.40153 6.62713 
0 0 0 
0 0 0 
0.537634 0.320886 0.899301 
0.277566 0.166608 0.459764 
0 0 0 
$escByGroup
 5e-101 9.26983e-11 5e-101 5e-101 5e-101 3.8374 2256.31 584.36 1.9033e-10 5e-101 227.489 8017.55 117.693 5e-101 5e-101 11.0125 5.72884e-11 5e-101 5e-101 1.31024e-10 5e-101 5e-101 5e-101 2.37131e-10 449.838 158.139 0.456805 5e-101 2.85106e-10 121.923 30.3938 5e-101 5e-101 12.6529 7.33858e-11 5e-101 5e-101 2.12348e-11 5e-101 5e-101 5e-101 2.92935 162.466 92.5989 2.45499e-11 5e-101 8.05557 420.558 209.895 1.32592 5e-101 2.4774e-11 0.79851 5e-101 5e-101 0.157337 5e-101 5e-101 5e-101 3.32788e-11 23.2879 28.2167 1.20974e-11 5e-101 6.48701 829.102 265.216 5e-101 5e-101 12.8333 4.7842 0.0863564 5e-101 1.16476 5e-101 5e-101 5e-101 1.78506e-11 1092.83 8.36943 0.278957 5e-101 4.2647 477.957 22.1777 5e-101 5e-101 4.3331 1.5386 5e-101
$catchByGroup
0 9.75484e-11 0 0 0 1.27168 2374.36 939.442 9.85411e-11 0 75.3876 8437.04 189.209 0 0 11.5886 9.20993e-11 0 0 1.39611e-10 0 0 0 8.04517e-11 479.319 254.472 0.241583 0 9.67281e-11 129.914 48.9087 0 0 13.4822 1.1809e-10 0 0 3.1821e-11 0 0 0 1.25732 243.46 228.479 1.68729e-11 0 3.45758 630.218 517.897 0.911293 0 3.71245e-11 1.97025 0 0 0.0237606 0 0 0 1.32124e-12 3.51688 7.28834 7.90936e-13 0 0.257549 125.209 68.5048 0 0 1.93806 1.23575 0.00564603 0 0.144519 0 0 0 7.56178e-13 135.594 1.50986 0.0180335 0 0.180659 59.303 4.00089 0 0 0.537634 0.277566 0 
0 5.60623e-12 0 0 0 0.0611543 136.457 58.8958 5.01534e-12 0 3.62535 484.887 11.862 0 0 0.666014 5.77392e-12 0 0 4.73753e-12 0 0 0 2.26637e-12 16.2651 9.45564 0.00722094 0 2.72488e-12 4.40847 1.81735 0 0 0.457502 4.38798e-12 0 0 2.40766e-12 0 0 0 0.0768486 18.4209 19.1524 1.10429e-12 0 0.21133 47.6839 43.4131 0.0596419 0 2.80893e-12 0.165158 0 0 0.149804 0 0 0 9.59713e-12 22.173 42.8712 5.49246e-12 0 1.87076 789.411 402.957 0 0 12.219 7.26889 0.0392074 0 0.0862555 0 0 0 4.4634e-13 80.9291 0.906289 0.0106813 0 0.106635 35.3949 2.40153 0 0 0.320886 0.166608 0 
0 1.76078e-13 0 0 0 0.00190489 4.28579 1.85769 1.56624e-13 0 0.112926 15.2291 0.374148 0 0 0.0209179 1.8212e-13 0 0 1.77777e-13 0 0 0 8.46292e-14 0.610354 0.355729 0.000270051 0 1.01751e-13 0.165429 0.06837 0 0 0.0171679 1.65079e-13 0 0 1.64647e-14 0 0 0 0.000518775 0.125971 0.13185 7.48464e-15 0 0.00142661 0.326086 0.298867 0.00040424 0 1.92089e-14 0.00113699 0 0 0.0034221 0 0 0 1.86797e-13 0.506515 1.05975 1.12468e-13 0 0.0364121 18.0331 9.96081 0 0 0.279127 0.179682 0.000802846 0 0.241736 0 0 0 1.28948e-12 226.809 2.50095 0.0305669 0 0.308071 99.1962 6.62713 0 0 0.899301 0.459764 0 
$Fmort
 0.933165 0.285823 0.0664609
#ESTIMATED_PARAMETERS
$availability
1.42622 1.46385 1.76574 0.152738 0.191452 
0.196265 0.117306 0.300099 4.02025 0.366078 
0.0261407 0.0187738 0.00863418 0.299292 4.64716 
$selectivity
 0.21203 0.517245 0.675206 0.306676 3.28884
$RunSize
 0 1.96029e-10 0 0 0 5.17214 4771.41 1584.56 2.94043e-10 0 306.615 16954.7 319.139 0 0 23.288 1.55344e-10 0 0 2.7555e-10 0 0 0 3.19934e-10 946.033 422.422 0.705879 0 3.84661e-10 256.411 81.1882 0 0 26.6098 1.96029e-10 0 0 5.54799e-11 0 0 0 4.26403 424.474 340.363 4.25346e-11 0 11.7259 1098.79 771.505 2.29726 0 6.47266e-11 2.93506 0 0 0.334324 0 0 0 4.43839e-11 49.4843 79.436 1.84933e-11 0 8.65173 1761.75 746.638 0 0 27.2695 13.4685 0.132013 0 1.63727 0 0 0 2.03426e-11 1536.16 13.2865 0.338239 0 4.86006 671.851 35.2073 0 0 6.09092 2.44254 0
