$ndistricts
3
$ngroups
90
$nstocks
5
$nagecomps
18
$AgeCompLabels
 0.1 0.2 0.3 0.4 0.5 1.1 1.2 1.3 1.4 1.5 2.1 2.2 2.3 2.4 3.1 3.2 3.3 3.4
$navailpar
15
$nselectpar
5
$GENdata
-1
$maxGradient
0.0008172
#LIKELIHOOD_VALUES_AND_PENALTIES
$totalNLL
-84226.8
$NLLcatch
-57232
$NLLescape
-42387.7
$NLLagecompCatch
7573.78
$NLLagecompEsc
7819.17
$NLLgenetics
0
$NLLselOne
8.04858e-14
$NLLavailOne
8.04389e-11
$NLLextra
4.1e-198
#OBSERVED_AND_PREDICTED_VALUES
$predEsc
 3826.37 157.889 968.383 823.49 676.568
$obsEsc
 3755.18 174.336 1016.45 804.246 704.436
$predCatch
 5397.54 2101.17 445.458
$obsCatch
 5397.54 2101.17 445.458
$RunSize
 0 0 9.83133e-11 0 0 0 95.5755 180.461 2.58074 0 1.75771 2030.24 5441.7 1.23091e-10 0 9.83458 1.71848e-10 0 0 0 1.59859e-11 0 0 0 88.5071 184.06 2.55774e-11 0 0 4.95286 34.9435 1.67852e-11 0 1.91831e-11 1.0279 0 0 0 8.23274e-11 0 0 0 110.514 798.747 5.25137e-10 0 4.93318 289.995 1302.38 1.08704e-10 0 1.9617 1.30285e-10 0 0 0 4.71584e-11 0 0 0 2.8948 95.3303 4.79577e-11 0 0.359928 341.656 2058.88 0.190964 0 51.0464 22.4157 0 0 0 0.580114 0 0 0 69.0581 425.371 0.701949 0 0.637862 242.894 496.867 2.7176e-11 0 0.812191 2.99789 0
$SSageCompEsc
 2861 998 1313 1292 1503
$obsAgeCompEsc
0 0 0 0 0 0 0.0159184 0.0269422 0 0 0.000470798 0.313666 0.641046 0 0 0.00195677 0 0 
0 0 0 0 0 0 0.323651 0.55351 0 0 0 0.0179524 0.10181 0 0 0 0.00307692 0 
0 0 0 0 0 0 0.0578215 0.339466 0 0 0.00490777 0.142176 0.454444 0 0 0.00118545 0 0 
0 0 0 0 0 0 0.00181084 0.0326214 0 0 0.000443586 0.182893 0.76786 0 0 0.0113274 0.00304353 0 
0 0 0.000625569 0 0 0 0.0652028 0.378439 0.00127465 0 0.00092531 0.230987 0.322545 0 0 0 0 0 
$predAgeCompEsc
0 0 1.18487e-14 0 0 0 0.0143931 0.0217491 0.000341381 0 0.000459367 0.305742 0.655834 1.62825e-14 0 0.00148103 2.07112e-14 0 
0 0 4.76325e-14 0 0 0 0.326131 0.548436 8.32408e-14 0 0 0.0182503 0.10412 5.46268e-14 0 7.06858e-14 0.00306278 0 
0 0 3.09587e-14 0 0 0 0.0562329 0.300364 2.24467e-13 0 0.00509424 0.147559 0.489752 4.6465e-14 0 0.000998176 4.89929e-14 0 
0 0 1.71046e-14 0 0 0 0.00153672 0.0345769 2.05042e-14 0 0.000437076 0.18137 0.746769 8.16462e-05 0 0.0270982 0.0081303 0 
0 0 0.000441973 0 0 0 0.0647207 0.324078 0.000584273 0 0.000942791 0.227638 0.378549 2.26202e-14 0 0.000761179 0.00228401 0 
$SSageCompCatch
 2653 3232 2290
$obsAgeCompCatch
0 0 0 0 0 0 0.0201568 0.0855266 0.000693178 0 0 0.176628 0.716464 0 0 0.000234729 0.000295738 0 
0 0 0 0 0 0 0.00654141 0.0810911 0 0 0 0.127577 0.758874 9.29307e-05 0 0.0175851 0.00823824 0 
0 0 0.0003271 0 0 0 0.0375629 0.269105 0 0 0 0.146428 0.535713 0 0 0.00524771 0.00561602 0 
$predAgeCompCatch
0 0 9.34349e-06 0 0 0 0.0236234 0.12565 0.000226324 0 1.9137e-11 0.177593 0.671089 2.20863e-06 0 0.00137244 0.000434368 0 
0 0 2.25185e-05 0 0 0 0.00757568 0.0758545 7.30995e-05 0 7.40007e-12 0.125686 0.771914 5.1258e-05 0 0.0122166 0.00660683 0 
0 0 0.000411582 0 0 0 0.0382722 0.309729 0.000462343 0 1.10669e-11 0.152788 0.492479 9.21686e-06 0 0.00250142 0.00334662 0 
$genSS
 0 0 0
$obsGenComp     #GeneticFracData
-1 -1 -1 -1 -1 
-1 -1 -1 -1 -1 
-1 -1 -1 -1 -1 
$predGenComp     #catchGenComp_pred
0 0 0 0 0 
0 0 0 0 0 
0 0 0 0 0 
#PARAMETERS_OF_INTEREST
$catchByGroup
0 0 0 
0 0 0 
4.83821e-11 4.38376e-12 2.09848e-13 
0 0 0 
0 0 0 
0 0 0 
37.2299 3.12357 0.14865 
88.8086 8.04669 0.385191 
1.1671 0.102492 0.00489446 
0 0 0 
2.27248e-08 1.52998e-09 7.16705e-11 
790.849 66.3518 3.15766 
2677.98 242.644 11.6152 
5.56664e-11 4.88849e-12 2.33447e-13 
0 0 0 
3.8309 0.321411 0.0152959 
8.45703e-11 7.66267e-12 3.66808e-13 
0 0 0 
0 0 0 
0 0 0 
8.01081e-12 4.2994e-13 2.45131e-14 
0 0 0 
0 0 0 
0 0 0 
35.1754 1.7404 0.0988844 
92.2358 4.95029 0.282241 
1.17877e-11 6.12069e-13 3.48473e-14 
0 0 0 
0 0 0 
1.96841 0.0973927 0.00553357 
17.5108 0.939802 0.0535829 
7.7357e-12 4.0167e-13 2.28686e-14 
0 0 0 
7.62393e-12 3.77215e-13 2.14323e-14 
0.515098 0.0276453 0.0015762 
0 0 0 
0 0 0 
0 0 0 
4.6743e-11 5.54639e-12 5.80835e-14 
0 0 0 
0 0 0 
0 0 0 
50.5272 5.4746 0.0568021 
453.505 53.8115 0.563531 
2.75886e-10 3.15519e-11 3.29164e-13 
0 0 0 
7.89623e-08 6.56578e-09 6.6439e-11 
132.587 14.3657 0.149052 
739.452 87.7413 0.918853 
5.71088e-11 6.53129e-12 6.81375e-14 
0 0 0 
0.896895 0.0971781 0.00100828 
7.39719e-11 8.7773e-12 9.19185e-14 
0 0 0 
0 0 0 
0 0 0 
3.30046e-12 2.86327e-11 1.13971e-12 
0 0 0 
0 0 0 
0 0 0 
0.149028 1.42917 0.0511315 
6.67186 57.8809 2.30391 
2.99383e-12 2.70477e-11 1.03109e-12 
0 0 0 
4.98342e-10 6.41747e-09 1.6803e-10 
17.5889 168.676 6.03475 
144.095 1250.07 49.7583 
0.0119212 0.107702 0.00410573 
0 0 0 
2.62793 25.2017 0.901644 
1.5688 13.6099 0.541733 
0 0 0 
0 0 0 
0 0 0 
0.0504318 0.0473153 0.183343 
0 0 0 
0 0 0 
0 0 0 
4.42687 4.15008 16.6932 
36.9793 34.6941 134.437 
0.0544859 0.0511025 0.20106 
0 0 0 
1.10701e-09 1.03561e-09 4.62371e-09 
15.5704 14.5968 58.7138 
43.1948 40.5255 157.033 
2.10943e-12 1.97844e-12 7.78406e-12 
0 0 0 
0.0520644 0.048809 0.196328 
0.26062 0.244514 0.94747 
0 0 0 
$escByGroup
 5e-101 5e-101 4.53376e-11 5e-101 5e-101 5e-101 55.0734 83.2203 1.30625 5e-101 1.75771 1169.88 2509.47 6.23031e-11 5e-101 5.66697 7.92487e-11 5e-101 5e-101 5e-101 7.52063e-12 5e-101 5e-101 5e-101 51.4924 86.5919 1.31428e-11 5e-101 5e-101 2.88152 16.4393 8.62495e-12 5e-101 1.11605e-11 0.483579 5e-101 5e-101 5e-101 2.99799e-11 5e-101 5e-101 5e-101 54.455 290.867 2.1737e-10 5e-101 4.93318 142.893 474.268 4.49959e-11 5e-101 0.966617 4.74439e-11 5e-101 5e-101 5e-101 1.40855e-11 5e-101 5e-101 5e-101 1.26547 28.4737 1.6885e-11 5e-101 0.359928 149.356 614.957 0.0672348 5e-101 22.3151 6.69522 5e-101 5e-101 5e-101 0.299025 5e-101 5e-101 5e-101 43.788 219.261 0.3953 5e-101 0.637862 154.013 256.114 1.53041e-11 5e-101 0.514989 1.54529 5e-101
$catchByGroup
0 0 4.83821e-11 0 0 0 37.2299 88.8086 1.1671 0 2.27248e-08 790.849 2677.98 5.56664e-11 0 3.8309 8.45703e-11 0 0 0 8.01081e-12 0 0 0 35.1754 92.2358 1.17877e-11 0 0 1.96841 17.5108 7.7357e-12 0 7.62393e-12 0.515098 0 0 0 4.6743e-11 0 0 0 50.5272 453.505 2.75886e-10 0 7.89623e-08 132.587 739.452 5.71088e-11 0 0.896895 7.39719e-11 0 0 0 3.30046e-12 0 0 0 0.149028 6.67186 2.99383e-12 0 4.98342e-10 17.5889 144.095 0.0119212 0 2.62793 1.5688 0 0 0 0.0504318 0 0 0 4.42687 36.9793 0.0544859 0 1.10701e-09 15.5704 43.1948 2.10943e-12 0 0.0520644 0.26062 0 
0 0 4.38376e-12 0 0 0 3.12357 8.04669 0.102492 0 1.52998e-09 66.3518 242.644 4.88849e-12 0 0.321411 7.66267e-12 0 0 0 4.2994e-13 0 0 0 1.7404 4.95029 6.12069e-13 0 0 0.0973927 0.939802 4.0167e-13 0 3.77215e-13 0.0276453 0 0 0 5.54639e-12 0 0 0 5.4746 53.8115 3.15519e-11 0 6.56578e-09 14.3657 87.7413 6.53129e-12 0 0.0971781 8.7773e-12 0 0 0 2.86327e-11 0 0 0 1.42917 57.8809 2.70477e-11 0 6.41747e-09 168.676 1250.07 0.107702 0 25.2017 13.6099 0 0 0 0.0473153 0 0 0 4.15008 34.6941 0.0511025 0 1.03561e-09 14.5968 40.5255 1.97844e-12 0 0.048809 0.244514 0 
0 0 2.09848e-13 0 0 0 0.14865 0.385191 0.00489446 0 7.16705e-11 3.15766 11.6152 2.33447e-13 0 0.0152959 3.66808e-13 0 0 0 2.45131e-14 0 0 0 0.0988844 0.282241 3.48473e-14 0 0 0.00553357 0.0535829 2.28686e-14 0 2.14323e-14 0.0015762 0 0 0 5.80835e-14 0 0 0 0.0568021 0.563531 3.29164e-13 0 6.6439e-11 0.149052 0.918853 6.81375e-14 0 0.00100828 9.19185e-14 0 0 0 1.13971e-12 0 0 0 0.0511315 2.30391 1.03109e-12 0 1.6803e-10 6.03475 49.7583 0.00410573 0 0.901644 0.541733 0 0 0 0.183343 0 0 0 16.6932 134.437 0.20106 0 4.62371e-09 58.7138 157.033 7.78406e-12 0 0.196328 0.94747 0 
$Fmort
 0.651175 0.318586 0.112049
#ESTIMATED_PARAMETERS
$availability
1.42622 1.46385 1.76574 0.152738 0.191452 
0.196265 0.117306 0.300099 4.02025 0.366078 
0.0261407 0.0187738 0.00863418 0.299292 4.64716 
$selectivity
 1.39209e-08 0.531412 0.729512 0.648108 3.09097
$RunSize
 0 0 9.83133e-11 0 0 0 95.5755 180.461 2.58074 0 1.75771 2030.24 5441.7 1.23091e-10 0 9.83458 1.71848e-10 0 0 0 1.59859e-11 0 0 0 88.5071 184.06 2.55774e-11 0 0 4.95286 34.9435 1.67852e-11 0 1.91831e-11 1.0279 0 0 0 8.23274e-11 0 0 0 110.514 798.747 5.25137e-10 0 4.93318 289.995 1302.38 1.08704e-10 0 1.9617 1.30285e-10 0 0 0 4.71584e-11 0 0 0 2.8948 95.3303 4.79577e-11 0 0.359928 341.656 2058.88 0.190964 0 51.0464 22.4157 0 0 0 0.580114 0 0 0 69.0581 425.371 0.701949 0 0.637862 242.894 496.867 2.7176e-11 0 0.812191 2.99789 0
