$ndistricts
3
$ngroups
90
$nstocks
5
$nagecomps
18
$AgeCompLabels
 0.1 0.2 0.3 0.4 0.5 1.1 1.2 1.3 1.4 1.5 2.1 2.2 2.3 2.4 3.1 3.2 3.3 3.4
$navailpar
15
$nselectpar
5
$GENdata
-1
$maxGradient
0.000682555
#LIKELIHOOD_VALUES_AND_PENALTIES
$totalNLL
-327823
$NLLcatch
-263221
$NLLescape
-95528.3
$NLLagecompCatch
20671.2
$NLLagecompEsc
10255
$NLLgenetics
0
$NLLselOne
4.42574e-15
$NLLavailOne
8.04389e-11
$NLLextra
2.3e-198
#OBSERVED_AND_PREDICTED_VALUES
$predEsc
 8580.39 647.662 919.852 1895.03 1011.33
$obsEsc
 8355.94 654.769 990.81 1897.98 1095.07
$predCatch
 16327.9 10750.2 4352.8
$obsCatch
 16327.9 10750.2 4352.8
$RunSize
 0 5.91866e-11 7.77787 1.97524 0 1.4388 1232.12 1083.32 2.17432 0 71.9423 18300.4 275.793 1.03576e-10 0 1.08509e-10 7.89154e-11 0 0 7.64493e-11 2.19483e-09 1.18671 0 1.09687 465.572 1077.37 10.7696 0 1.72627e-10 251.542 23.523 1.50433e-10 0 1.87424e-10 1.03576e-10 0 0 1.5473 8.38476e-11 9.61782e-11 0 9.81141 564.204 848.681 18.4598 0 42.5688 1402.36 503.401 7.94321 0 3.94577e-11 4.93221e-11 0 0.915613 4.41396 8.38476e-11 2.95933e-11 0 1.39875 365.287 230.385 3.36353 0 70.8686 5296.27 6174.4 35.4731 2.03965 264.146 63.9177 0 0 0.945322 14.8698 2.2195e-11 0 6.1649 344.122 483.982 27.105 0 11.8408 2470.03 2348.77 41.2447 0 14.4715 1.69389 0
$SSageCompEsc
 2805 88.5 1482 3873 1861
$obsAgeCompEsc
0 0 0.000234065 6.126e-05 0 0.000111545 0.092273 0.0322778 6.126e-05 0 0.00863157 0.843383 0.0229665 0 0 0 0 0 
0 0 0 0 0 0 0.601116 0.250188 0 0 0 0.102692 0.0460043 0 0 0 0 0 
0 0.000780552 0 0 0 0.0084481 0.213229 0.147158 0.00349352 0 0.0408649 0.439394 0.144367 0.00226557 0 0 0 0 
0.000454791 0.000435125 0 0 0 0.0006891 0.0559235 0.00831303 0.000454791 0 0.034332 0.6197 0.249019 0.00276571 0.00101311 0.0252235 0.00167635 0 
0 0 0 0 0 0.00558036 0.106733 0.0312781 0 0 0.00989002 0.66433 0.178179 0.00364347 0 0.000365991 0 0 
$predAgeCompEsc
0 2.86665e-15 0.000260576 6.90045e-05 0 0.000157252 0.0596765 0.0362935 7.59595e-05 0 0.00786284 0.886365 0.00923967 3.61843e-15 0 5.25552e-15 2.64384e-15 0 
0 5.04201e-14 1.03593e-12 0.000581277 0 0.00158859 0.307055 0.508499 0.00527519 0 2.50015e-13 0.165898 0.0111025 7.36854e-14 0 1.2361e-13 4.88864e-14 0 
0 0.000531794 1.64639e-14 2.02186e-14 0 0.00984119 0.193912 0.166643 0.00388062 0 0.042698 0.481978 0.0988456 0.00166982 0 1.35613e-14 9.68467e-15 0 
0.000440178 0.000526644 3.2985e-15 1.38751e-15 0 0.000672446 0.0435836 0.00906319 0.000157703 0 0.0340698 0.631916 0.242896 0.00166319 0.000980555 0.0315161 0.00251448 0 
0 0.000243133 0.00129797 2.30541e-15 0 0.0056268 0.0885067 0.0422464 0.00281542 0 0.0108073 0.63528 0.205022 0.00428413 0 0.003722 0.000147858 0 
$SSageCompCatch
 7279 7714 5156
$obsAgeCompCatch
0 0 0.000465572 0.00015437 0 0.000306571 0.0622744 0.136085 0.00185225 0 0.000386859 0.747787 0.0490391 0.000570961 0 0.000929088 0.000148279 0 
0 0.00032238 0.000151905 0 0 0 0.0263248 0.0399928 0.000211366 0 0.000364781 0.436663 0.470712 0.00231702 0 0.0179876 0.00495276 0 
0 0.000301509 0.00279024 0 0 0 0.0428755 0.0838666 0.00540256 0 0.000474416 0.368117 0.479325 0.0072615 0 0.00803555 0.00155012 0 
$predAgeCompCatch
3.56894e-07 8.42192e-05 0.000421778 0.00012268 0 5.53983e-05 0.0802041 0.12794 0.00153416 0 0.000473919 0.694969 0.0915505 0.000879299 7.95028e-07 0.00134391 0.000419279 0 
6.68797e-06 0.000283703 0.000213694 1.61375e-05 0 2.08023e-05 0.03568 0.0400881 0.000745504 0 0.000576584 0.43321 0.465683 0.00297522 1.48983e-05 0.0159831 0.00450187 0 
8.5892e-07 0.000171965 0.00227788 3.85992e-06 0 8.89426e-05 0.0498041 0.0803735 0.00414084 0 0.000240988 0.39516 0.454843 0.00673114 1.91336e-06 0.00490815 0.00125325 0 
$genSS
 0 0 0
$obsGenComp     #GeneticFracData
-1 -1 -1 -1 -1 
-1 -1 -1 -1 -1 
-1 -1 -1 -1 -1 
$predGenComp     #catchGenComp_pred
0 0 0 0 0 
0 0 0 0 0 
0 0 0 0 0 
#PARAMETERS_OF_INTEREST
$catchByGroup
0 0 0 
3.13997e-11 2.92223e-12 2.67654e-13 
4.97984 0.514669 0.0475197 
1.24422 0.127197 0.0117341 
0 0 0 
0.0832726 0.0057327 0.000514094 
653.664 60.8335 5.57188 
693.602 71.6841 6.61864 
1.36962 0.140017 0.0129168 
0 0 0 
4.16376 0.286644 0.0257055 
9708.77 903.551 82.7583 
176.578 18.2495 1.68498 
6.52438e-11 6.66989e-12 6.15309e-13 
0 0 0 
5.75662e-11 5.35742e-12 4.90698e-13 
5.05262e-11 5.22191e-12 4.82142e-13 
0 0 0 
0 0 0 
4.12668e-11 2.27894e-12 2.48449e-13 
1.42627e-09 8.79976e-11 9.63886e-12 
0.758884 0.046285 0.0050673 
0 0 0 
0.065107 0.0026142 0.000281486 
251.312 13.8786 1.51304 
700.105 43.1949 4.73137 
6.88701 0.420045 0.0459866 
0 0 0 
1.02466e-11 4.11427e-13 4.43006e-14 
135.781 7.49845 0.817475 
15.2859 0.943108 0.103304 
9.61997e-11 5.8673e-12 6.42354e-13 
0 0 0 
1.0117e-10 5.58709e-12 6.091e-13 
6.73071e-11 4.1527e-12 4.54867e-13 
0 0 0 
0 0 0 
0.94054 0.115274 0.00231466 
6.02002e-11 8.33351e-12 1.6955e-13 
6.80838e-11 9.30714e-12 1.89094e-13 
0 0 0 
0.698112 0.0597109 0.00115806 
342.956 42.0334 0.844013 
609.329 84.3494 1.71614 
13.0676 1.78635 0.0362935 
0 0 0 
3.0289 0.259068 0.00502446 
852.434 104.476 2.09783 
361.428 50.0324 1.01794 
5.62294 0.768662 0.015617 
0 0 0 
2.39847e-11 2.93961e-12 5.90262e-14 
3.54119e-11 4.90207e-12 9.97354e-14 
0 0 0 
0.00582731 0.071897 0.0037387 
0.343336 2.8494 0.223213 
8.69557e-12 6.32198e-11 5.68152e-12 
2.98835e-12 2.20241e-11 1.95149e-12 
0 0 0 
0.0089022 0.109835 0.0057115 
28.4136 235.809 18.4725 
23.8925 173.707 15.6109 
0.339651 2.50323 0.221804 
0 0 0 
0.451034 5.56484 0.289376 
411.966 3418.98 267.832 
640.327 4655.4 418.378 
3.58209 26.4 2.33923 
0.0129811 0.16016 0.00832845 
20.5464 170.518 13.3578 
6.6287 48.1929 4.33107 
0 0 0 
0 0 0 
0.0912424 0.0851929 0.523 
1.90688 1.78258 9.86765 
2.77246e-12 2.5914e-12 1.44996e-11 
0 0 0 
0.0491412 0.0457368 0.379484 
33.2146 31.0124 190.386 
62.0653 58.0196 321.172 
3.38579 3.16468 17.7072 
0 0 0 
0.0943844 0.0878456 0.728866 
238.407 222.6 1366.54 
301.204 281.57 1558.66 
5.15203 4.81559 26.9444 
0 0 0 
1.39678 1.30418 8.00635 
0.217223 0.203063 1.12407 
0 0 0 
$escByGroup
 5e-101 2.45969e-11 2.23584 0.592085 5e-101 1.34928 512.047 311.412 0.651762 5e-101 67.4662 7605.35 79.2799 3.10475e-11 5e-101 4.50944e-11 2.26852e-11 5e-101 5e-101 3.26551e-11 6.70929e-10 0.376471 5e-101 1.02887 198.868 329.335 3.41654 5e-101 1.61925e-10 107.446 7.19064 4.77232e-11 5e-101 8.00578e-11 3.16618e-11 5e-101 5e-101 0.489172 1.51444e-11 1.85981e-11 5e-101 9.05243 178.37 153.287 3.56959 5e-101 39.2758 443.348 90.9233 1.53599 5e-101 1.24744e-11 8.90846e-12 5e-101 0.83415 0.998005 6.25076e-12 2.62937e-12 5e-101 1.27431 82.5922 17.175 0.298851 5e-101 64.5633 1197.5 460.295 3.1518 1.85818 59.724 4.765 5e-101 5e-101 0.245887 1.31267 2.33153e-12 5e-101 5.69054 89.5092 42.7249 2.84732 5e-101 10.9297 642.476 207.345 4.33266 5e-101 3.76416 0.149533 5e-101
$catchByGroup
0 3.13997e-11 4.97984 1.24422 0 0.0832726 653.664 693.602 1.36962 0 4.16376 9708.77 176.578 6.52438e-11 0 5.75662e-11 5.05262e-11 0 0 4.12668e-11 1.42627e-09 0.758884 0 0.065107 251.312 700.105 6.88701 0 1.02466e-11 135.781 15.2859 9.61997e-11 0 1.0117e-10 6.73071e-11 0 0 0.94054 6.02002e-11 6.80838e-11 0 0.698112 342.956 609.329 13.0676 0 3.0289 852.434 361.428 5.62294 0 2.39847e-11 3.54119e-11 0 0.00582731 0.343336 8.69557e-12 2.98835e-12 0 0.0089022 28.4136 23.8925 0.339651 0 0.451034 411.966 640.327 3.58209 0.0129811 20.5464 6.6287 0 0 0.0912424 1.90688 2.77246e-12 0 0.0491412 33.2146 62.0653 3.38579 0 0.0943844 238.407 301.204 5.15203 0 1.39678 0.217223 0 
0 2.92223e-12 0.514669 0.127197 0 0.0057327 60.8335 71.6841 0.140017 0 0.286644 903.551 18.2495 6.66989e-12 0 5.35742e-12 5.22191e-12 0 0 2.27894e-12 8.79976e-11 0.046285 0 0.0026142 13.8786 43.1949 0.420045 0 4.11427e-13 7.49845 0.943108 5.8673e-12 0 5.58709e-12 4.1527e-12 0 0 0.115274 8.33351e-12 9.30714e-12 0 0.0597109 42.0334 84.3494 1.78635 0 0.259068 104.476 50.0324 0.768662 0 2.93961e-12 4.90207e-12 0 0.071897 2.8494 6.32198e-11 2.20241e-11 0 0.109835 235.809 173.707 2.50323 0 5.56484 3418.98 4655.4 26.4 0.16016 170.518 48.1929 0 0 0.0851929 1.78258 2.5914e-12 0 0.0457368 31.0124 58.0196 3.16468 0 0.0878456 222.6 281.57 4.81559 0 1.30418 0.203063 0 
0 2.67654e-13 0.0475197 0.0117341 0 0.000514094 5.57188 6.61864 0.0129168 0 0.0257055 82.7583 1.68498 6.15309e-13 0 4.90698e-13 4.82142e-13 0 0 2.48449e-13 9.63886e-12 0.0050673 0 0.000281486 1.51304 4.73137 0.0459866 0 4.43006e-14 0.817475 0.103304 6.42354e-13 0 6.091e-13 4.54867e-13 0 0 0.00231466 1.6955e-13 1.89094e-13 0 0.00115806 0.844013 1.71614 0.0362935 0 0.00502446 2.09783 1.01794 0.015617 0 5.90262e-14 9.97354e-14 0 0.0037387 0.223213 5.68152e-12 1.95149e-12 0 0.0057115 18.4725 15.6109 0.221804 0 0.289376 267.832 418.378 2.33923 0.00832845 13.3578 4.33107 0 0 0.523 9.86765 1.44996e-11 0 0.379484 190.386 321.172 17.7072 0 0.728866 1366.54 1558.66 26.9444 0 8.00635 1.12407 0 
$Fmort
 1.06884 0.520113 0.349557
#ESTIMATED_PARAMETERS
$availability
1.42622 1.46385 1.76574 0.152738 0.191452 
0.196265 0.117306 0.300099 4.02025 0.366078 
0.0261407 0.0187738 0.00863418 0.299292 4.64716 
$selectivity
 0.0391097 0.49602 0.670669 0.652064 3.14214
$RunSize
 0 5.91866e-11 7.77787 1.97524 0 1.4388 1232.12 1083.32 2.17432 0 71.9423 18300.4 275.793 1.03576e-10 0 1.08509e-10 7.89154e-11 0 0 7.64493e-11 2.19483e-09 1.18671 0 1.09687 465.572 1077.37 10.7696 0 1.72627e-10 251.542 23.523 1.50433e-10 0 1.87424e-10 1.03576e-10 0 0 1.5473 8.38476e-11 9.61782e-11 0 9.81141 564.204 848.681 18.4598 0 42.5688 1402.36 503.401 7.94321 0 3.94577e-11 4.93221e-11 0 0.915613 4.41396 8.38476e-11 2.95933e-11 0 1.39875 365.287 230.385 3.36353 0 70.8686 5296.27 6174.4 35.4731 2.03965 264.146 63.9177 0 0 0.945322 14.8698 2.2195e-11 0 6.1649 344.122 483.982 27.105 0 11.8408 2470.03 2348.77 41.2447 0 14.4715 1.69389 0
