$ndistricts
3
$ngroups
90
$nstocks
5
$nagecomps
18
$AgeCompLabels
 0.1 0.2 0.3 0.4 0.5 1.1 1.2 1.3 1.4 1.5 2.1 2.2 2.3 2.4 3.1 3.2 3.3 3.4
$navailpar
15
$nselectpar
5
$GENdata
-1
$maxGradient
1.32486e-05
#LIKELIHOOD_VALUES_AND_PENALTIES
$totalNLL
316.345
$NLLcatch
-1669.35
$NLLescape
-4498
$NLLagecompCatch
2904.73
$NLLagecompEsc
3578.97
$NLLgenetics
0
$NLLselOne
1.68105e-15
$NLLavailOne
8.04389e-11
$NLLextra
3.9e-198
#OBSERVED_AND_PREDICTED_VALUES
$predEsc
 192.117 37.609 378.895 314.104 75.5105
$obsEsc
 226.554 35.28 356.676 328.842 38.988
$predCatch
 168.249 221.337 3.92
$obsCatch
 168.249 221.337 3.92
$RunSize
 0 0 0.378762 0 0 0.367586 90.8729 23.0152 0.0382156 0 3.65681 62.6169 65.256 0.656771 0 1.31593e-10 1.52428e-10 0 0 0 0.263818 0 0 7.95535e-10 0.70695 37.2342 4.59045e-10 0 0 0.45154 6.95388 0 0 2.80344e-10 4.71607e-10 0 0 0 1.61872e-09 0 0 0.456983 29.1734 147.887 2.98038e-10 0 3.04231 58.9665 257.136 0.309482 0 2.08573e-10 3.22473e-10 0 0 0 2.16999e-10 0 0 2.92523e-10 5.79701 31.4997 2.68395e-10 0 2.22546 60.1866 413.169 0 0 0.477028 4.27494 0 0 0 8.46395e-11 0 0 0.0819173 10.0763 14.7809 0.087942 0 0.380318 27.3416 31.1943 0 0 0.727266 8.28012e-11 0
$SSageCompEsc
 1021 44 755 915 411
$obsAgeCompEsc
0 0 0.00121197 0 0 0.00171989 0.377259 0.0943068 0.00019497 0 0.0184473 0.241534 0.26195 0.0033762 0 0 0 0 
0 0 0 0 0 0 0.0212121 0.82684 0 0 0 0.0106061 0.141342 0 0 0 0 0 
0 0 0 0 0 0.00101317 0.0742971 0.305674 0 0 0.00848245 0.120558 0.488973 0.00100273 0 0 0 0 
0 0 0 0 0 0 0.014076 0.0677107 0 0 0.00706794 0.0951107 0.799987 0 0 0.00168554 0.0143617 0 
0 0 0 0 0 0 0.071586 0.159104 0 0 0.00561601 0.211598 0.551432 0 0 0.00066324 0 0 
$predAgeCompEsc
0 0 0.00161976 0 0 0.00189583 0.353311 0.0984235 0.000185455 0 0.0188601 0.243453 0.279065 0.00318723 0 5.11631e-13 6.51852e-13 0 
0 0 0.005797 0 0 2.09635e-11 0.0141798 0.818165 1.13994e-11 0 0 0.00905684 0.152801 0 0 5.62306e-12 1.03628e-11 0 
0 0 3.31946e-12 0 0 0.00119208 0.0528113 0.303267 7.19386e-13 0 0.00793617 0.106745 0.527302 0.000747008 0 3.77571e-13 6.61285e-13 0 
0 0 4.29644e-13 0 0 9.10895e-13 0.00908788 0.0623674 7.21702e-13 0 0.0069299 0.0943536 0.818049 0 0 0.000747829 0.00846412 0 
0 0 1.01985e-12 0 0 0.00108011 0.115915 0.178099 0.00112628 0 0.00501462 0.314529 0.37587 0 0 0.00836624 9.97697e-13 0 
$SSageCompCatch
 1191 925 441.5
$obsAgeCompCatch
0 0 0.0011798 0 0 0.000269078 0.13063 0.238293 0 0 0 0.178024 0.451335 0 0 0 0.000269078 0 
0 0 0 0 0 0 0.0180901 0.0654143 0 0 0 0.144944 0.769476 0 0 0 0.0020751 0 
0 0 0 0 0 0.00115741 0.174839 0.163348 0.00139791 0 0 0.47507 0.167271 0 0 0.0169173 0 0 
$predAgeCompCatch
0 0 0.000604953 0 0 4.55033e-05 0.169727 0.229738 1.78988e-05 0 0.000371711 0.191333 0.407116 0.000368782 0 0.000217933 0.000460001 0 
0 0 5.1969e-05 0 0 5.68814e-06 0.0343044 0.0797589 7.10513e-06 0 0.000252687 0.158733 0.718709 3.9772e-05 0 0.00122025 0.00691771 0 
0 0 2.3102e-05 0 0 2.92544e-05 0.114709 0.123998 0.000229238 0 0.000189651 0.330157 0.420782 1.11584e-05 0 0.00788409 0.00198823 0 
$genSS
 0 0 0
$obsGenComp     #GeneticFracData
-1 -1 -1 -1 -1 
-1 -1 -1 -1 -1 
-1 -1 -1 -1 -1 
$predGenComp     #catchGenComp_pred
0 0 0 0 0 
0 0 0 0 0 
0 0 0 0 0 
#PARAMETERS_OF_INTEREST
$catchByGroup
0 0 0 
0 0 0 
0.059406 0.00811121 6.03632e-05 
0 0 0 
0 0 0 
0.00298164 0.000379687 2.79691e-06 
20.1322 2.84239 0.0212591 
3.60976 0.492871 0.00366792 
0.00228622 0.000297972 2.20237e-06 
0 0 0 
0.0296619 0.0037772 2.78242e-05 
13.8723 1.95858 0.0146488 
10.2349 1.39746 0.0103998 
0.0392909 0.00512092 3.78498e-05 
0 0 0 
2.91534e-11 4.11608e-12 3.07854e-14 
2.39072e-11 3.26425e-12 2.42924e-14 
0 0 0 
0 0 0 
0 0 0 
0.0423767 0.00339145 3.01965e-05 
0 0 0 
0 0 0 
6.62241e-12 4.91238e-13 4.34725e-15 
0.160243 0.0133008 0.000118782 
5.98088 0.478656 0.00426182 
2.81638e-11 2.14263e-12 1.89996e-14 
0 0 0 
0 0 0 
0.102349 0.00849544 7.58677e-05 
1.11699 0.0893939 0.000795938 
0 0 0 
0 0 0 
6.3545e-11 5.2745e-12 4.71035e-14 
7.57535e-11 6.06263e-12 5.39799e-14 
0 0 0 
0 0 0 
0 0 0 
3.08203e-10 5.27033e-11 8.5213e-14 
0 0 0 
0 0 0 
0.00458474 0.000721556 1.14848e-06 
7.77749 1.38367 0.00225442 
28.1575 4.81498 0.00778508 
2.19148e-11 3.54593e-12 5.67328e-15 
0 0 0 
0.0305224 0.00480368 7.64589e-06 
15.7202 2.79673 0.00455674 
48.9586 8.37199 0.0135362 
0.0227563 0.00368208 5.89112e-06 
0 0 0 
5.56047e-11 9.89244e-12 1.61178e-14 
6.13986e-11 1.04993e-11 1.69757e-14 
0 0 0 
0 0 0 
0 0 0 
3.9286e-12 7.77218e-11 3.95622e-13 
0 0 0 
0 0 0 
2.55031e-13 6.12737e-12 2.54824e-14 
0.153411 2.77356 0.0155082 
0.570279 11.2822 0.0574287 
1.76728e-12 3.97618e-11 1.7704e-13 
0 0 0 
0.00194022 0.0466157 0.000193865 
1.59276 28.796 0.161012 
7.48012 147.984 0.75327 
0 0 0 
0 0 0 
0.0126239 0.228232 0.00127615 
0.0773947 1.53114 0.00779387 
0 0 0 
0 0 0 
0 0 0 
1.91631e-12 3.34948e-12 2.36454e-12 
0 0 0 
0 0 0 
8.95106e-05 0.000157754 0.000110732 
0.333119 0.579905 0.410519 
0.334652 0.58493 0.412927 
0.000725232 0.00127466 0.000896409 
0 0 0 
0.000415572 0.000732404 0.000514097 
0.9039 1.57354 1.11392 
0.706267 1.23447 0.871463 
0 0 0 
0 0 0 
0.0240431 0.0418551 0.0296295 
1.87469e-12 3.27673e-12 2.31318e-12 
0 0 0 
$escByGroup
 5e-101 5e-101 0.311184 5e-101 5e-101 0.364222 67.8771 18.9089 0.0356292 5e-101 3.62335 46.7714 53.6132 0.612321 5e-101 9.82931e-11 1.25232e-10 5e-101 5e-101 5e-101 0.21802 5e-101 5e-101 7.88417e-10 0.533288 30.7704 4.28719e-10 5e-101 5e-101 0.340619 5.7467 5e-101 5e-101 2.11478e-10 3.89737e-10 5e-101 5e-101 5e-101 1.25773e-09 5e-101 5e-101 0.451675 20.0099 114.906 2.72572e-10 5e-101 3.00698 40.445 199.792 0.283038 5e-101 1.4306e-10 2.50558e-10 5e-101 5e-101 5e-101 1.34953e-10 5e-101 5e-101 2.86115e-10 2.85454 19.5898 2.26689e-10 5e-101 2.17671 29.6368 256.952 5e-101 5e-101 0.234896 2.65861 5e-101 5e-101 5e-101 7.70092e-11 5e-101 5e-101 0.0815593 8.75278 13.4484 0.0850457 5e-101 0.378656 23.7502 28.3821 5e-101 5e-101 0.631738 7.53366e-11 5e-101
$catchByGroup
0 0 0.059406 0 0 0.00298164 20.1322 3.60976 0.00228622 0 0.0296619 13.8723 10.2349 0.0392909 0 2.91534e-11 2.39072e-11 0 0 0 0.0423767 0 0 6.62241e-12 0.160243 5.98088 2.81638e-11 0 0 0.102349 1.11699 0 0 6.3545e-11 7.57535e-11 0 0 0 3.08203e-10 0 0 0.00458474 7.77749 28.1575 2.19148e-11 0 0.0305224 15.7202 48.9586 0.0227563 0 5.56047e-11 6.13986e-11 0 0 0 3.9286e-12 0 0 2.55031e-13 0.153411 0.570279 1.76728e-12 0 0.00194022 1.59276 7.48012 0 0 0.0126239 0.0773947 0 0 0 1.91631e-12 0 0 8.95106e-05 0.333119 0.334652 0.000725232 0 0.000415572 0.9039 0.706267 0 0 0.0240431 1.87469e-12 0 
0 0 0.00811121 0 0 0.000379687 2.84239 0.492871 0.000297972 0 0.0037772 1.95858 1.39746 0.00512092 0 4.11608e-12 3.26425e-12 0 0 0 0.00339145 0 0 4.91238e-13 0.0133008 0.478656 2.14263e-12 0 0 0.00849544 0.0893939 0 0 5.2745e-12 6.06263e-12 0 0 0 5.27033e-11 0 0 0.000721556 1.38367 4.81498 3.54593e-12 0 0.00480368 2.79673 8.37199 0.00368208 0 9.89244e-12 1.04993e-11 0 0 0 7.77218e-11 0 0 6.12737e-12 2.77356 11.2822 3.97618e-11 0 0.0466157 28.796 147.984 0 0 0.228232 1.53114 0 0 0 3.34948e-12 0 0 0.000157754 0.579905 0.58493 0.00127466 0 0.000732404 1.57354 1.23447 0 0 0.0418551 3.27673e-12 0 
0 0 6.03632e-05 0 0 2.79691e-06 0.0212591 0.00366792 2.20237e-06 0 2.78242e-05 0.0146488 0.0103998 3.78498e-05 0 3.07854e-14 2.42924e-14 0 0 0 3.01965e-05 0 0 4.34725e-15 0.000118782 0.00426182 1.89996e-14 0 0 7.58677e-05 0.000795938 0 0 4.71035e-14 5.39799e-14 0 0 0 8.5213e-14 0 0 1.14848e-06 0.00225442 0.00778508 5.67328e-15 0 7.64589e-06 0.00455674 0.0135362 5.89112e-06 0 1.61178e-14 1.69757e-14 0 0 0 3.95622e-13 0 0 2.54824e-14 0.0155082 0.0574287 1.7704e-13 0 0.000193865 0.161012 0.75327 0 0 0.00127615 0.00779387 0 0 0 2.36454e-12 0 0 0.000110732 0.410519 0.412927 0.000896409 0 0.000514097 1.11392 0.871463 0 0 0.0296295 2.31318e-12 0 
$Fmort
 0.151974 0.140133 0.00774633
#ESTIMATED_PARAMETERS
$availability
1.42622 1.46385 1.76574 0.152738 0.191452 
0.196265 0.117306 0.300099 4.02025 0.366078 
0.0261407 0.0187738 0.00863418 0.299292 4.64716 
$selectivity
 0.0375758 1.15544 0.787096 0.284609 2.73528
$RunSize
 0 0 0.378762 0 0 0.367586 90.8729 23.0152 0.0382156 0 3.65681 62.6169 65.256 0.656771 0 1.31593e-10 1.52428e-10 0 0 0 0.263818 0 0 7.95535e-10 0.70695 37.2342 4.59045e-10 0 0 0.45154 6.95388 0 0 2.80344e-10 4.71607e-10 0 0 0 1.61872e-09 0 0 0.456983 29.1734 147.887 2.98038e-10 0 3.04231 58.9665 257.136 0.309482 0 2.08573e-10 3.22473e-10 0 0 0 2.16999e-10 0 0 2.92523e-10 5.79701 31.4997 2.68395e-10 0 2.22546 60.1866 413.169 0 0 0.477028 4.27494 0 0 0 8.46395e-11 0 0 0.0819173 10.0763 14.7809 0.087942 0 0.380318 27.3416 31.1943 0 0 0.727266 8.28012e-11 0
