$ndistricts
3
$ngroups
90
$nstocks
5
$nagecomps
18
$AgeCompLabels
 0.1 0.2 0.3 0.4 0.5 1.1 1.2 1.3 1.4 1.5 2.1 2.2 2.3 2.4 3.1 3.2 3.3 3.4
$navailpar
15
$nselectpar
5
$GENdata
1
$maxGradient
0.000250568
#LIKELIHOOD_VALUES_AND_PENALTIES
$totalNLL
-422894
$NLLcatch
-197427
$NLLescape
-241030
$NLLagecompCatch
8191.24
$NLLagecompEsc
6918.01
$NLLgenetics
453.048
$NLLselOne
1.21597e-14
$NLLavailOne
1.58966e-14
$NLLextra
0.163478
#OBSERVED_AND_PREDICTED_VALUES
$predEsc
 24326.1 175.211 718.007 1458.45 978.54
$obsEsc
 24325.9 175.02 717.798 1444.61 996.612
$predCatch
 19139.6 3179.56 925.69
$obsCatch
 19139.6 3179.56 925.69
$RunSize
 0 0 9.32508e-11 0 0 1.24334e-10 289.967 297.343 5.93414e-11 0 3.9561e-10 41343.7 4.22881 0 0 1.3615 8.47735e-11 0 0 0 0.605672 0 0 10.3449 56.0636 128.971 3.39094e-11 0 1.13031e-11 175.758 55.3123 0 0 0.682709 2.26063e-11 0 0 0 8.47735e-12 0 0 0.146723 104.859 268.547 1.13031e-11 0 3.78666 512.621 250.685 0 0 5.65157e-12 2.53609 0 0 0 2.82578e-11 0 0 1.41289e-11 40.746 224.556 5.65157e-12 0 1.41289e-11 3453.15 465.005 0 0 11.181 2.03709 0 0 0 10.9543 0 0 0.066224 350.532 476.912 0.566931 0 1.14762 2169.36 187.401 0 0 1.41289e-11 1.69547e-11 0
$SSageCompEsc
 3350 329 2842 2043 2622
$obsAgeCompEsc
0 0 0 0 0 0 0.00393725 0.00563009 0 0 0 0.990268 8.6402e-05 0 0 7.80646e-05 0 0 
0 0 0.0015124 0 0 0.0507789 0.139089 0.23853 0 0 0 0.463783 0.104145 0 0 0.00216131 0 0 
0 0 0 0 0 0.000188964 0.097737 0.212755 0 0 0.00476217 0.483203 0.199221 0 0 0 0.00213234 0 
0 0 0 0 0 0 0.0109732 0.0369397 0.000200473 0 0 0.891325 0.0590817 0 0 0.00147962 0 0 
0 0 0 0 0 0 0.0979676 0.058409 0 0 0.00104384 0.820319 0.0222603 0 0 0 0 0 
$predAgeCompEsc
0 0 1.73262e-15 0 0 4.55744e-15 0.00692548 0.00552471 6.80135e-16 0 1.45009e-14 0.987439 7.85723e-05 0 0 3.25177e-05 1.57511e-15 0 
0 0 0.00111606 0 0 0.0500056 0.146921 0.237652 3.21497e-14 0 5.46377e-14 0.460594 0.101922 0 0 0.00178912 4.16559e-14 0 
0 0 6.71624e-15 0 0 0.00018787 0.0987637 0.212758 6.55931e-15 0 0.00484858 0.482825 0.198607 0 0 5.32308e-15 0.00200924 0 
0 0 3.56909e-15 0 0 8.14758e-15 0.0106094 0.0283624 -3.29812e-16 0 8.14758e-15 0.899127 0.0587323 0 0 0.00291128 0.000257294 0 
0 0 0.00138353 0 0 5.72021e-05 0.127115 0.0602342 -0.000130662 0 0.000991275 0.786681 0.0236688 0 0 5.12361e-15 2.14139e-15 0 
$SSageCompCatch
 6141 6053 2037
$obsAgeCompCatch
0 0 0 0 0 0 0.0187982 0.0310739 0 0 7.14378e-05 0.933383 0.0166738 0 0 0 0 0 
0 0 0.000388111 0 0 0 0.0191327 0.061349 0 0 0 0.825161 0.0913486 0 0 0.00214188 0.00047902 0 
0 0 0.0071168 0 0 0.000232458 0.135416 0.194273 0.000465574 0 0 0.585005 0.0774918 0 0 0 0 0 
$predAgeCompCatch
0 0 0.000227968 0 0 8.25143e-05 0.0146413 0.0304766 1.47897e-05 0 1.96777e-05 0.93699 0.017309 0 0 0.000154924 8.33375e-05 0 
0 0 0.000542677 0 0 4.32169e-06 0.0200197 0.0665114 4.12933e-05 0 1.00258e-05 0.819512 0.0914631 0 0 0.00153425 0.000361593 0 
0 0 0.00423671 0 0 1.33662e-05 0.10079 0.186285 0.000302938 0 8.04423e-05 0.633336 0.0749106 0 0 3.37961e-05 1.13811e-05 0 
$genSS
 328 284 280
$obsGenComp     #GeneticFracData
0.902662 0.0075339 0.015771 0.0704169 0.00361627 
0.240506 0.00150693 0.00221017 0.606088 0.149689 
0.00241133 0.000502361 0.00110519 0.0177836 0.978198 
$predGenComp     #catchGenComp_pred
0.874145 0.0129597 0.0219099 0.0429146 0.0480709 
0.276229 0.000840665 0.00147857 0.59923 0.122221 
0.00156095 0.00195541 0.00121742 0.0125051 0.982761 
#PARAMETERS_OF_INTEREST
$catchByGroup
0 0 0 
0 0 0 
4.83116e-11 2.78677e-12 4.60567e-15 
0 0 0 
0 0 0 
1.2904e-11 5.64962e-13 9.218e-16 
115.433 6.05407 0.00995965 
154.048 8.88601 0.0146858 
4.00805e-11 2.71139e-12 4.51774e-15 
0 0 0 
4.1058e-11 1.79761e-12 2.933e-15 
16458.5 863.192 1.42005 
2.19087 0.126377 0.000208862 
0 0 0 
0 0 0 
0.542002 0.0284261 4.67642e-05 
4.39196e-11 2.53343e-12 4.18697e-15 
0 0 0 
0 0 0 
0 0 0 
0.402331 0.00464773 0.00314798 
0 0 0 
0 0 0 
1.56328 0.0119549 0.00808868 
29.819 0.299533 0.202802 
85.6719 0.989683 0.670329 
2.76048e-11 4.00266e-13 2.71289e-13 
0 0 0 
1.70809e-12 1.30623e-14 8.83794e-15 
93.4817 0.939028 0.635778 
36.7424 0.424448 0.287486 
0 0 0 
0 0 0 
0.363118 0.00364754 0.0024696 
1.50167e-11 1.73473e-13 1.17496e-13 
0 0 0 
0 0 0 
0 0 0 
3.60315e-12 4.18589e-14 1.00369e-14 
0 0 0 
0 0 0 
0.0116964 0.000108977 2.60888e-05 
33.4988 0.360338 0.0863523 
114.141 1.32601 0.31795 
6.48697e-12 8.59161e-14 2.06219e-14 
0 0 0 
0.301863 0.0028125 0.000673304 
163.765 1.76158 0.422149 
106.549 1.23782 0.296803 
0 0 0 
0 0 0 
1.80549e-12 1.94212e-14 4.65413e-15 
1.07792 0.0125226 0.00300265 
0 0 0 
0 0 0 
0 0 0 
7.17335e-12 1.57747e-11 1.04491e-13 
0 0 0 
0 0 0 
6.07597e-13 1.63066e-12 7.85468e-15 
7.50735 17.6606 0.104839 
57.0043 125.356 0.830356 
2.05297e-12 4.04743e-12 3.21812e-14 
0 0 0 
6.07597e-13 1.63066e-12 7.85468e-15 
636.235 1496.7 8.88489 
118.043 259.585 1.71948 
0 0 0 
0 0 0 
2.06006 4.84617 0.0287684 
0.517122 1.13718 0.00753268 
0 0 0 
0 0 0 
0 0 0 
3.96088 1.72082 3.91873 
0 0 0 
0 0 0 
0.00431404 0.00167721 0.00425817 
93.9704 39.2792 92.896 
172.443 74.919 170.608 
0.283068 0.131294 0.280427 
0 0 0 
0.0747594 0.029065 0.0737913 
581.559 243.089 574.91 
67.7611 29.4392 67.04 
0 0 0 
0 0 0 
3.78766e-12 1.58323e-12 3.74436e-12 
6.13053e-12 2.66344e-12 6.06529e-12 
0 0 0 
$escByGroup
 5e-101 5e-101 4.21479e-11 5e-101 5e-101 1.10865e-10 168.47 134.394 1.6545e-11 5e-101 3.52751e-10 24020.5 1.91136 5e-101 5e-101 0.791027 3.83163e-11 5e-101 5e-101 5e-101 0.195545 5e-101 5e-101 8.76155 25.7423 41.6393 5.633e-12 5e-101 9.57315e-12 80.7012 17.858 5e-101 5e-101 0.313474 7.29859e-12 5e-101 5e-101 5e-101 4.82231e-12 5e-101 5e-101 0.134892 70.913 152.762 4.70963e-12 5e-101 3.48131 346.672 142.601 5e-101 5e-101 3.822e-12 1.44265 5e-101 5e-101 5e-101 5.20533e-12 5e-101 5e-101 1.18828e-11 15.4732 41.3651 2.07895e-188 5e-101 1.18828e-11 1311.33 85.6579 5e-101 5e-101 4.24595 0.375249 5e-101 5e-101 5e-101 1.35384 5e-101 5e-101 0.0559746 124.387 58.9416 7.82115e-200 5e-101 0.970003 769.799 23.1609 5e-101 5e-101 5.01366e-12 2.09543e-12 5e-101
$catchByGroup
0 0 4.83116e-11 0 0 1.2904e-11 115.433 154.048 4.00805e-11 0 4.1058e-11 16458.5 2.19087 0 0 0.542002 4.39196e-11 0 0 0 0.402331 0 0 1.56328 29.819 85.6719 2.76048e-11 0 1.70809e-12 93.4817 36.7424 0 0 0.363118 1.50167e-11 0 0 0 3.60315e-12 0 0 0.0116964 33.4988 114.141 6.48697e-12 0 0.301863 163.765 106.549 0 0 1.80549e-12 1.07792 0 0 0 7.17335e-12 0 0 6.07597e-13 7.50735 57.0043 2.05297e-12 0 6.07597e-13 636.235 118.043 0 0 2.06006 0.517122 0 0 0 3.96088 0 0 0.00431404 93.9704 172.443 0.283068 0 0.0747594 581.559 67.7611 0 0 3.78766e-12 6.13053e-12 0 
0 0 2.78677e-12 0 0 5.64962e-13 6.05407 8.88601 2.71139e-12 0 1.79761e-12 863.192 0.126377 0 0 0.0284261 2.53343e-12 0 0 0 0.00464773 0 0 0.0119549 0.299533 0.989683 4.00266e-13 0 1.30623e-14 0.939028 0.424448 0 0 0.00364754 1.73473e-13 0 0 0 4.18589e-14 0 0 0.000108977 0.360338 1.32601 8.59161e-14 0 0.0028125 1.76158 1.23782 0 0 1.94212e-14 0.0125226 0 0 0 1.57747e-11 0 0 1.63066e-12 17.6606 125.356 4.04743e-12 0 1.63066e-12 1496.7 259.585 0 0 4.84617 1.13718 0 0 0 1.72082 0 0 0.00167721 39.2792 74.919 0.131294 0 0.029065 243.089 29.4392 0 0 1.58323e-12 2.66344e-12 0 
0 0 4.60567e-15 0 0 9.218e-16 0.00995965 0.0146858 4.51774e-15 0 2.933e-15 1.42005 0.000208862 0 0 4.67642e-05 4.18697e-15 0 0 0 0.00314798 0 0 0.00808868 0.202802 0.670329 2.71289e-13 0 8.83794e-15 0.635778 0.287486 0 0 0.0024696 1.17496e-13 0 0 0 1.00369e-14 0 0 2.60888e-05 0.0863523 0.31795 2.06219e-14 0 0.000673304 0.422149 0.296803 0 0 4.65413e-15 0.00300265 0 0 0 1.04491e-13 0 0 7.85468e-15 0.104839 0.830356 3.21812e-14 0 7.85468e-15 8.88489 1.71948 0 0 0.0287684 0.00753268 0 0 0 3.91873 0 0 0.00425817 92.896 170.608 0.280427 0 0.0737913 574.91 67.04 0 0 3.74436e-12 6.06529e-12 0 
$Fmort
 0.50336 0.166504 0.0731513
#ESTIMATED_PARAMETERS
$availability
1.17117 1.7511 0.887929 0.469816 0.719986 
0.147157 0.0373626 0.0240084 3.96258 0.828889 
0.000545273 0.0575293 0.0130786 0.0408985 4.88795 
$selectivity
 0.185871 0.861125 1.23827 1.90873 0.80601
$RunSize
 0 0 9.32508e-11 0 0 1.24334e-10 289.967 297.343 5.93414e-11 0 3.9561e-10 41343.7 4.22881 0 0 1.3615 8.47735e-11 0 0 0 0.605672 0 0 10.3449 56.0636 128.971 3.39094e-11 0 1.13031e-11 175.758 55.3123 0 0 0.682709 2.26063e-11 0 0 0 8.47735e-12 0 0 0.146723 104.859 268.547 1.13031e-11 0 3.78666 512.621 250.685 0 0 5.65157e-12 2.53609 0 0 0 2.82578e-11 0 0 1.41289e-11 40.746 224.556 5.65157e-12 0 1.41289e-11 3453.15 465.005 0 0 11.181 2.03709 0 0 0 10.9543 0 0 0.066224 350.532 476.912 0.566931 0 1.14762 2169.36 187.401 0 0 1.41289e-11 1.69547e-11 0
