$ndistricts
3
$ngroups
90
$nstocks
5
$nagecomps
18
$AgeCompLabels
 0.1 0.2 0.3 0.4 0.5 1.1 1.2 1.3 1.4 1.5 2.1 2.2 2.3 2.4 3.1 3.2 3.3 3.4
$navailpar
15
$nselectpar
5
$GENdata
1
$maxGradient
0.000152642
#LIKELIHOOD_VALUES_AND_PENALTIES
$totalNLL
-219232
$NLLcatch
-150666
$NLLescape
-87792.7
$NLLagecompCatch
11002.8
$NLLagecompEsc
7209.44
$NLLgenetics
1014.04
$NLLselOne
3.69945e-14
$NLLavailOne
2.18684e-14
$NLLextra
4.3e-198
#OBSERVED_AND_PREDICTED_VALUES
$predEsc
 6196.52 1249.85 1623.28 1728.09 1666.31
$obsEsc
 6196.91 1250.56 1625.36 1728.4 1662.04
$predCatch
 9452.97 7388.08 2256.01
$obsCatch
 9452.97 7388.08 2256.01
$RunSize
 0 0 0 0 0 0 7517.12 1031.82 4.55181 0 8.75975e-11 3745.22 447.476 2.80312e-10 0 1.13877e-10 9.81092e-11 0 0 0 0 0 0 0 1785.86 691.491 5.41353e-10 0 3.17103e-10 1.25264e-09 385.038 5.95755 0 2.11986e-10 1.48916e-10 0 0 0 0 0 0 1.21036 2300.18 727.73 22.774 0 0.438303 680.435 706.039 9.63573e-11 0 7.183e-11 5.95663e-11 0 0 0 0 0 0 0.32318 1532.05 545.698 3.29367e-10 0 2.82829 3960.44 715.982 10.3199 0 1.91558 16.8198 0 0 0 0 0 0 0 3504.59 449.358 30.586 0 1.45412e-10 510.699 203.064 21.7869 0 4.73027e-11 1.31223 0
$SSageCompEsc
 2380 104 1890 1477 1411
$obsAgeCompEsc
0 0 0 0 0 0 0.615132 0.0694446 0.000357283 0 0 0.286128 0.0289382 0 0 0 0 0 
0 0 0 0 0 0 0.714131 0.198139 0 0 0 0 0.0877296 0 0 0 0 0 
0 0 0 0 0 0.000703682 0.569843 0.134148 0.0045517 0 0.000253706 0.162877 0.127623 0 0 0 0 0 
0 0 0 0 0 0.000178377 0.263793 0.0594444 0 0 0.00139794 0.598367 0.0728652 0.00122102 0 0 0.00273333 0 
0 0 0 0 0 0 0.788278 0.0807604 0.002578 0 0 0.0910592 0.0314665 0.00585774 0 0 0 0 
$predAgeCompEsc
0 0 0 0 0 0 0.600834 0.0694043 0.000312573 0 1.3146e-14 0.29935 0.0300989 1.9249e-14 0 9.10203e-15 6.59919e-15 0 
0 0 0 0 0 0 0.665428 0.213697 1.71097e-13 0 2.34343e-13 4.66747e-13 0.118992 0.00188291 0 7.8988e-14 4.60207e-14 0 
0 0 0 0 0 0.000683796 0.562068 0.135191 0.00437912 0 0.000247621 0.16627 0.131161 1.85282e-14 0 1.75522e-14 1.10657e-14 0 
0 0 0 0 0 0.000164468 0.23999 0.0582869 3.69402e-14 0 0.00143933 0.62039 0.0764753 0.00115743 0 0.000300069 0.00179655 0 
0 0 0 0 0 0 0.77537 0.0708092 0.00503826 0 8.00021e-14 0.112989 0.0319985 0.00358883 0 1.04654e-14 0.00020678 0 
$SSageCompCatch
 3225 3626 2498
$obsAgeCompCatch
0 0 0 0 0 0 0.554547 0.133483 0.00144479 0 0 0.223273 0.0864116 0.000840049 0 0 0 0 
0 0 0 0 0 0 0.350122 0.11226 0.00163387 0 0 0.421635 0.111273 0.00162759 0 0.000330949 0.00111786 0 
0 0 0 0 0 0 0.612963 0.0952609 0.00691114 0 9.72857e-05 0.219784 0.0610594 0.00268373 0 0 0.00124054 0 
$predAgeCompCatch
0 0 0 0 0 7.57619e-06 0.564762 0.134582 0.00183596 0 3.92338e-06 0.213482 0.0844975 0.000724538 0 7.14372e-06 9.73634e-05 0 
0 0 0 0 0 8.80297e-06 0.367348 0.108539 0.00141036 0 4.34161e-05 0.413174 0.106161 0.00151911 0 0.00016493 0.00163089 0 
0 0 0 0 0 1.18577e-06 0.62643 0.104914 0.00562761 0 8.63965e-06 0.195474 0.0624555 0.0042812 0 4.91955e-05 0.00075947 0 
$genSS
 328 330 337
$obsGenComp     #GeneticFracData
0.546515 0.155285 0.198431 0.0204164 0.0793523 
0.183262 0.038824 0.126613 0.534624 0.116677 
0.0340548 0.000615448 0.00759052 0.104831 0.852908 
$predGenComp     #catchGenComp_pred
0.561538 0.143445 0.199782 0.0262549 0.0689799 
0.156402 0.035388 0.123321 0.59588 0.0890094 
0.0380972 0.000474602 0.00704067 0.180711 0.773676 
#PARAMETERS_OF_INTEREST
$catchByGroup
0 0 0 
0 0 0 
0 0 0 
0 0 0 
0 0 0 
0 0 0 
3077.99 666.533 49.5189 
484.476 109.105 8.17597 
2.10716 0.472419 0.0353663 
0 0 0 
5.1423e-12 9.29195e-13 6.64713e-14 
1533.53 332.083 24.6716 
210.105 47.3162 3.54572 
1.29764e-10 2.90928e-11 2.17795e-12 
0 0 0 
4.66284e-11 1.00973e-11 7.50162e-13 
4.60657e-11 1.03741e-11 7.77399e-13 
0 0 0 
0 0 0 
0 0 0 
0 0 0 
0 0 0 
0 0 0 
0 0 0 
801.821 151.735 0.619087 
354.021 70.0922 0.288524 
2.73429e-10 5.38575e-11 2.2147e-13 
0 0 0 
2.09803e-11 3.2175e-12 1.26277e-14 
5.62417e-10 1.06431e-10 4.34242e-13 
197.127 39.0289 0.160657 
3.00907 0.592698 0.00243726 
0 0 0 
9.51782e-11 1.80114e-11 7.34871e-14 
7.62401e-11 1.50947e-11 6.2135e-14 
0 0 0 
0 0 0 
0 0 0 
0 0 0 
0 0 0 
0 0 0 
0.0702881 0.0296098 0.000467243 
933.884 446.182 7.71955 
338.971 166.367 2.93872 
10.4581 5.11714 0.0901741 
0 0 0 
0.0254532 0.0107225 0.000169201 
276.26 131.989 2.28358 
328.868 161.409 2.85113 
4.42486e-11 2.16507e-11 3.81529e-13 
0 0 0 
2.91633e-11 1.39334e-11 2.41066e-13 
2.77456e-11 1.36175e-11 2.40541e-13 
0 0 0 
0 0 0 
0 0 0 
0 0 0 
0 0 0 
0 0 0 
0.00132943 0.0354273 0.00220786 
54.0089 974.55 88.7643 
23.0715 384.073 37.8281 
1.36591e-11 2.2947e-10 2.24017e-11 
0 0 0 
0.0116344 0.310039 0.0193219 
139.616 2519.27 229.461 
30.2709 503.923 49.6323 
0.427976 7.1899 0.701904 
0 0 0 
0.0675294 1.21852 0.110985 
0.711121 11.8381 1.16596 
0 0 0 
0 0 0 
0 0 0 
0 0 0 
0 0 0 
0 0 0 
0 0 0 
470.983 474.998 1266.61 
71.6561 72.2577 187.454 
4.79 4.83029 12.5704 
0 0 0 
2.3905e-12 2.41225e-12 7.30089e-12 
68.6329 69.218 184.574 
32.3812 32.6531 84.7101 
3.41199 3.44069 8.95408 
0 0 0 
6.35702e-12 6.4112e-12 1.70958e-11 
0.209253 0.21101 0.547412 
0 0 0 
$escByGroup
 5e-101 5e-101 5e-101 5e-101 5e-101 5e-101 3723.08 430.065 1.93687 5e-101 8.14596e-11 1854.93 186.509 1.19277e-10 5e-101 5.64009e-11 4.08921e-11 5e-101 5e-101 5e-101 5e-101 5e-101 5e-101 5e-101 831.684 267.089 2.13845e-10 5e-101 2.92893e-10 5.83363e-10 148.721 2.35334 5e-101 9.8723e-11 5.75189e-11 5e-101 5e-101 5e-101 5e-101 5e-101 5e-101 1.10999 912.393 219.452 7.10853 5e-101 0.401958 269.902 212.912 3.00764e-11 5e-101 2.84922e-11 1.79627e-11 5e-101 5e-101 5e-101 5e-101 5e-101 5e-101 0.284216 414.725 100.725 6.3836e-11 5e-101 2.48729 1072.09 132.156 2.00015 5e-101 0.518547 3.1046 5e-101 5e-101 5e-101 5e-101 5e-101 5e-101 5e-101 1292 117.99 8.39529 5e-101 1.33308e-10 188.274 53.3193 5.9801 5e-101 1.74386e-11 0.344559 5e-101
$catchByGroup
0 0 0 0 0 0 3077.99 484.476 2.10716 0 5.1423e-12 1533.53 210.105 1.29764e-10 0 4.66284e-11 4.60657e-11 0 0 0 0 0 0 0 801.821 354.021 2.73429e-10 0 2.09803e-11 5.62417e-10 197.127 3.00907 0 9.51782e-11 7.62401e-11 0 0 0 0 0 0 0.0702881 933.884 338.971 10.4581 0 0.0254532 276.26 328.868 4.42486e-11 0 2.91633e-11 2.77456e-11 0 0 0 0 0 0 0.00132943 54.0089 23.0715 1.36591e-11 0 0.0116344 139.616 30.2709 0.427976 0 0.0675294 0.711121 0 0 0 0 0 0 0 470.983 71.6561 4.79 0 2.3905e-12 68.6329 32.3812 3.41199 0 6.35702e-12 0.209253 0 
0 0 0 0 0 0 666.533 109.105 0.472419 0 9.29195e-13 332.083 47.3162 2.90928e-11 0 1.00973e-11 1.03741e-11 0 0 0 0 0 0 0 151.735 70.0922 5.38575e-11 0 3.2175e-12 1.06431e-10 39.0289 0.592698 0 1.80114e-11 1.50947e-11 0 0 0 0 0 0 0.0296098 446.182 166.367 5.11714 0 0.0107225 131.989 161.409 2.16507e-11 0 1.39334e-11 1.36175e-11 0 0 0 0 0 0 0.0354273 974.55 384.073 2.2947e-10 0 0.310039 2519.27 503.923 7.1899 0 1.21852 11.8381 0 0 0 0 0 0 0 474.998 72.2577 4.83029 0 2.41225e-12 69.218 32.6531 3.44069 0 6.4112e-12 0.21101 0 
0 0 0 0 0 0 49.5189 8.17597 0.0353663 0 6.64713e-14 24.6716 3.54572 2.17795e-12 0 7.50162e-13 7.77399e-13 0 0 0 0 0 0 0 0.619087 0.288524 2.2147e-13 0 1.26277e-14 4.34242e-13 0.160657 0.00243726 0 7.34871e-14 6.2135e-14 0 0 0 0 0 0 0.000467243 7.71955 2.93872 0.0901741 0 0.000169201 2.28358 2.85113 3.81529e-13 0 2.41066e-13 2.40541e-13 0 0 0 0 0 0 0.00220786 88.7643 37.8281 2.24017e-11 0 0.0193219 229.461 49.6323 0.701904 0 0.110985 1.16596 0 0 0 0 0 0 0 1266.61 187.454 12.5704 0 7.30089e-12 184.574 84.7101 8.95408 0 1.70958e-11 0.547412 0 
$Fmort
 0.676585 0.57643 0.19235
#ESTIMATED_PARAMETERS
$availability
1.44402 1.63392 1.42801 0.0983906 0.395658 
0.298774 0.285722 0.693908 3.25293 0.468665 
0.0637345 0.00334349 0.0324176 0.575549 4.32496 
$selectivity
 0.0619213 0.539122 0.648924 0.636255 3.11378
$RunSize
 0 0 0 0 0 0 7517.12 1031.82 4.55181 0 8.75975e-11 3745.22 447.476 2.80312e-10 0 1.13877e-10 9.81092e-11 0 0 0 0 0 0 0 1785.86 691.491 5.41353e-10 0 3.17103e-10 1.25264e-09 385.038 5.95755 0 2.11986e-10 1.48916e-10 0 0 0 0 0 0 1.21036 2300.18 727.73 22.774 0 0.438303 680.435 706.039 9.63573e-11 0 7.183e-11 5.95663e-11 0 0 0 0 0 0 0.32318 1532.05 545.698 3.29367e-10 0 2.82829 3960.44 715.982 10.3199 0 1.91558 16.8198 0 0 0 0 0 0 0 3504.59 449.358 30.586 0 1.45412e-10 510.699 203.064 21.7869 0 4.73027e-11 1.31223 0
