$ndistricts
3
$ngroups
90
$nstocks
5
$nagecomps
18
$AgeCompLabels
 0.1 0.2 0.3 0.4 0.5 1.1 1.2 1.3 1.4 1.5 2.1 2.2 2.3 2.4 3.1 3.2 3.3 3.4
$navailpar
15
$nselectpar
5
$GENdata
-1
$maxGradient
0.000121624
#LIKELIHOOD_VALUES_AND_PENALTIES
$totalNLL
-153847
$NLLcatch
-27388.5
$NLLescape
-134539
$NLLagecompCatch
3121.94
$NLLagecompEsc
4958.69
$NLLgenetics
0
$NLLselOne
7.2886e-15
$NLLavailOne
8.04389e-11
$NLLextra
4.7e-198
#OBSERVED_AND_PREDICTED_VALUES
$predEsc
 13073.7 103.886 2041.69 1216.52 436.464
$obsEsc
 13140.5 100.48 2026.69 1173.84 429.336
$predCatch
 3085.42 964.024 14.558
$obsCatch
 3085.42 964.024 14.558
$RunSize
 0 0 0 0 0 1.7348 358.507 40.3888 0 0 43.6726 14605 664.904 2.16153e-10 0 17.707 5.93988 0 0 0 0 0 0 1.60332 32.4627 70.5145 0 0 0 9.01514 18.4554 3.48634e-11 0 3.37013e-11 4.18361e-11 0 0 0 0 0 0 2.51866 289.09 245.421 0 0 16.0204 1232.01 920.404 8.48343e-11 0 2.06973 1.85938e-10 0 0 0 0 0 0 4.99709e-11 17.1684 62.8742 0 0 3.109 466.298 984.604 8.05935 0 339.369 7.25392 0 0 0 0 0 0 1.39454e-11 168.791 1.43659 0 0 0 276.096 22.5495 0.16081 0 1.0463 1.39454e-11 0
$SSageCompEsc
 2471 167 1259 1083 1442
$obsAgeCompEsc
0 0 0 0 0 0 0.0156137 0.00188088 0 0 0.00341769 0.941034 0.0371086 0 0 0.000944663 0 0 
0 0 0 0 0 0.0135436 0.257423 0.51708 0 0 0 0.0743071 0.137647 0 0 0 0 0 
0 0 0 0 0 0.000764843 0.101111 0.0795755 0 0 0.00790217 0.492619 0.317263 0 0 0.000764843 0 0 
0 0 0 0 0 0 0.0108303 0.0268612 0 0 0.0027272 0.307862 0.506925 0.00507137 0 0.13499 0.00473233 0 
0 0 0 0 0 0 0.357188 0.00257754 0 0 0 0.588257 0.0493909 0.000383156 0 0.00220313 0 0 
$predAgeCompEsc
0 0 0 0 0 0.000129044 0.0228653 0.00233558 0 0 0.0032486 0.931499 0.0384497 1.41382e-14 0 0.00112934 0.000343488 0 
0 0 0 0 0 0.0150138 0.261339 0.516017 0 0 0 0.0725758 0.135055 2.87677e-13 0 2.7131e-13 3.06152e-13 0 
0 0 0 0 0 0.00119088 0.112357 0.0840452 0 0 0.00757485 0.478831 0.315196 3.40555e-14 0 0.000804417 6.36753e-14 0 
0 0 0 0 0 3.89926e-14 0.0100352 0.0305014 0 0 0.00242597 0.27256 0.477649 0.00494063 0 0.198368 0.003519 0 
0 0 0 0 0 3.1601e-14 0.359777 0.00294385 0 0 0 0.588494 0.0462083 0.000346241 0 0.00223018 2.85768e-14 0 
$SSageCompCatch
 1343 1342 266
$obsAgeCompCatch
0 0 0 0 0 0.000934286 0.0645619 0.0352666 0 0 0 0.755517 0.139196 0 0 0.00327484 0.00124873 0 
0 0 0 0 0 0 0.0208172 0.0398769 0 0 0 0.339425 0.442644 0.00221429 0 0.152807 0.00221429 0 
0 0 0 0 0 0 0.255639 0.0225564 0 0 0 0.56391 0.12406 0 0 0.0338346 0 0 
$predAgeCompCatch
0 0 0 0 0 5.27858e-05 0.0375942 0.0297193 0 0 0.000518883 0.791936 0.136748 4.01465e-05 0 0.00290415 0.000486659 0 
0 0 0 0 0 1.6217e-05 0.0227227 0.035909 0 0 0.000323178 0.399909 0.4406 0.00199493 0 0.095512 0.00301391 0 
0 0 0 0 0 4.44444e-06 0.233525 0.0133947 0 0 0.000101072 0.52994 0.189792 0.000799846 0 0.0314009 0.00104211 0 
$genSS
 0 0 0
$obsGenComp     #GeneticFracData
-1 -1 -1 -1 -1 
-1 -1 -1 -1 -1 
-1 -1 -1 -1 -1 
$predGenComp     #catchGenComp_pred
0 0 0 0 0 
0 0 0 0 0 
0 0 0 0 0 
#PARAMETERS_OF_INTEREST
$catchByGroup
0 0 0 
0 0 0 
0 0 0 
0 0 0 
0 0 0 
0.0435433 0.00414553 3.01881e-05 
54.0589 5.47279 0.0401108 
8.91068 0.93648 0.00689106 
0 0 0 
0 0 0 
1.09618 0.104361 0.000759969 
2202.28 222.953 1.63405 
146.693 15.4169 0.113445 
2.84418e-11 2.85116e-12 2.08748e-14 
0 0 0 
2.67002 0.270307 0.00198111 
1.31047 0.137726 0.00101345 
0 0 0 
0 0 0 
0 0 0 
0 0 0 
0 0 0 
0 0 0 
0.0412909 0.00229105 2.00375e-05 
5.01361 0.297107 0.0026085 
15.9173 0.981827 0.00864074 
0 0 0 
0 0 0 
0 0 0 
1.39232 0.0825088 0.000724402 
4.16595 0.256969 0.0022615 
4.69985e-12 2.7559e-13 2.41809e-15 
0 0 0 
5.20491e-12 3.08443e-13 2.70803e-15 
9.44368e-12 5.82516e-13 5.12653e-15 
0 0 0 
0 0 0 
0 0 0 
0 0 0 
0 0 0 
0 0 0 
0.078032 0.009197 1.44765e-05 
52.9604 6.72056 0.0106836 
65.1649 8.64746 0.0138314 
0 0 0 
0 0 0 
0.496339 0.0584995 9.20805e-05 
225.7 28.6409 0.0455302 
244.389 32.4307 0.051872 
1.35958e-11 1.70503e-12 2.70614e-15 
0 0 0 
0.379167 0.0481155 7.64888e-05 
4.9371e-11 6.55159e-12 1.04791e-14 
0 0 0 
0 0 0 
0 0 0 
0 0 0 
0 0 0 
0 0 0 
1.35852e-13 2.3899e-12 9.95503e-15 
0.2979 4.64042 0.0219795 
1.65615 23.9898 0.122713 
0 0 0 
0 0 0 
0.00845217 0.14869 0.000619363 
8.09105 126.035 0.596969 
25.9352 375.678 1.92167 
0.120852 1.91923 0.00890674 
0 0 0 
5.88862 91.7278 0.434471 
0.191073 2.76775 0.0141576 
0 0 0 
0 0 0 
0 0 0 
0 0 0 
0 0 0 
0 0 0 
4.75054e-14 6.20929e-14 4.30745e-14 
3.66308 4.77433 3.32427 
0.047273 0.0615061 0.0429236 
0 0 0 
0 0 0 
0 0 0 
5.99177 7.80947 5.43758 
0.742022 0.965433 0.673751 
0.00301683 0.00393384 0.00273742 
0 0 0 
0.0227066 0.029595 0.0206064 
4.58892e-13 5.97057e-13 4.16671e-13 
0 0 0 
$escByGroup
 5e-101 5e-101 5e-101 5e-101 5e-101 1.68708 298.935 30.5347 5e-101 5e-101 42.4713 12178.2 502.681 1.84839e-10 5e-101 14.7647 4.49066 5e-101 5e-101 5e-101 5e-101 5e-101 5e-101 1.55972 27.1494 53.6068 5e-101 5e-101 5e-101 7.53959 14.0303 2.98856e-11 5e-101 2.81853e-11 3.18048e-11 5e-101 5e-101 5e-101 5e-101 5e-101 5e-101 2.43141 229.399 171.594 5e-101 5e-101 15.4655 977.625 643.533 6.95308e-11 5e-101 1.64237 1.30005e-10 5e-101 5e-101 5e-101 5e-101 5e-101 5e-101 4.74352e-11 12.2081 37.1055 5e-101 5e-101 2.95123 331.575 581.069 6.01036 5e-101 241.318 4.28093 5e-101 5e-101 5e-101 5e-101 5e-101 5e-101 1.37927e-11 157.03 1.28489 5e-101 5e-101 5e-101 256.857 20.1683 0.151122 5e-101 0.973392 1.24728e-11 5e-101
$catchByGroup
0 0 0 0 0 0.0435433 54.0589 8.91068 0 0 1.09618 2202.28 146.693 2.84418e-11 0 2.67002 1.31047 0 0 0 0 0 0 0.0412909 5.01361 15.9173 0 0 0 1.39232 4.16595 4.69985e-12 0 5.20491e-12 9.44368e-12 0 0 0 0 0 0 0.078032 52.9604 65.1649 0 0 0.496339 225.7 244.389 1.35958e-11 0 0.379167 4.9371e-11 0 0 0 0 0 0 1.35852e-13 0.2979 1.65615 0 0 0.00845217 8.09105 25.9352 0.120852 0 5.88862 0.191073 0 0 0 0 0 0 4.75054e-14 3.66308 0.047273 0 0 0 5.99177 0.742022 0.00301683 0 0.0227066 4.58892e-13 0 
0 0 0 0 0 0.00414553 5.47279 0.93648 0 0 0.104361 222.953 15.4169 2.85116e-12 0 0.270307 0.137726 0 0 0 0 0 0 0.00229105 0.297107 0.981827 0 0 0 0.0825088 0.256969 2.7559e-13 0 3.08443e-13 5.82516e-13 0 0 0 0 0 0 0.009197 6.72056 8.64746 0 0 0.0584995 28.6409 32.4307 1.70503e-12 0 0.0481155 6.55159e-12 0 0 0 0 0 0 2.3899e-12 4.64042 23.9898 0 0 0.14869 126.035 375.678 1.91923 0 91.7278 2.76775 0 0 0 0 0 0 6.20929e-14 4.77433 0.0615061 0 0 0 7.80947 0.965433 0.00393384 0 0.029595 5.97057e-13 0 
0 0 0 0 0 3.01881e-05 0.0401108 0.00689106 0 0 0.000759969 1.63405 0.113445 2.08748e-14 0 0.00198111 0.00101345 0 0 0 0 0 0 2.00375e-05 0.0026085 0.00864074 0 0 0 0.000724402 0.0022615 2.41809e-15 0 2.70803e-15 5.12653e-15 0 0 0 0 0 0 1.44765e-05 0.0106836 0.0138314 0 0 9.20805e-05 0.0455302 0.051872 2.70614e-15 0 7.64888e-05 1.04791e-14 0 0 0 0 0 0 9.95503e-15 0.0219795 0.122713 0 0 0.000619363 0.596969 1.92167 0.00890674 0 0.434471 0.0141576 0 0 0 0 0 0 4.30745e-14 3.32427 0.0429236 0 0 0 5.43758 0.673751 0.00273742 0 0.0206064 4.16671e-13 0 
$Fmort
 0.205895 0.140818 0.00768999
#ESTIMATED_PARAMETERS
$availability
1.42622 1.46385 1.76574 0.152738 0.191452 
0.196265 0.117306 0.300099 4.02025 0.366078 
0.0261407 0.0187738 0.00863418 0.299292 4.64716 
$selectivity
 0.0865662 0.556603 0.848829 0.480439 3.02756
$RunSize
 0 0 0 0 0 1.7348 358.507 40.3888 0 0 43.6726 14605 664.904 2.16153e-10 0 17.707 5.93988 0 0 0 0 0 0 1.60332 32.4627 70.5145 0 0 0 9.01514 18.4554 3.48634e-11 0 3.37013e-11 4.18361e-11 0 0 0 0 0 0 2.51866 289.09 245.421 0 0 16.0204 1232.01 920.404 8.48343e-11 0 2.06973 1.85938e-10 0 0 0 0 0 0 4.99709e-11 17.1684 62.8742 0 0 3.109 466.298 984.604 8.05935 0 339.369 7.25392 0 0 0 0 0 0 1.39454e-11 168.791 1.43659 0 0 0 276.096 22.5495 0.16081 0 1.0463 1.39454e-11 0
