$ndistricts
3
$ngroups
90
$nstocks
5
$nagecomps
18
$AgeCompLabels
 0.1 0.2 0.3 0.4 0.5 1.1 1.2 1.3 1.4 1.5 2.1 2.2 2.3 2.4 3.1 3.2 3.3 3.4
$navailpar
15
$nselectpar
5
$GENdata
-1
$maxGradient
0.000426181
#LIKELIHOOD_VALUES_AND_PENALTIES
$totalNLL
-276853
$NLLcatch
-251124
$NLLescape
-89808.3
$NLLagecompCatch
49458.1
$NLLagecompEsc
14621.3
$NLLgenetics
0
$NLLselOne
1.17624e-15
$NLLavailOne
8.04389e-11
$NLLextra
2.9e-198
#OBSERVED_AND_PREDICTED_VALUES
$predEsc
 6619.43 493.173 2264.99 2352.28 749.563
$obsEsc
 6970.02 455.839 2092.58 2191.58 749.478
$predCatch
 17272.2 10371.8 2149.01
$obsCatch
 17272.2 10371.8 2149.01
$RunSize
 0 24.1325 17.8138 0 0 6.27726 579.73 1106.11 1.08361e-09 0 1.24311e-10 12667 2234.27 3.57271 0 1.14929e-10 9.21775e-10 0 0 2.50967e-10 2.67385e-10 0 0 1.05547e-10 519.171 606.8 12.1408 0 3.35404e-10 59.6225 127.782 5.86371e-11 0 1.24311e-10 1.21761 0 0 2.52216 5.47828 1.59611 0 1.64184e-11 1914.34 3645.6 19.6261 0 2.67924 1643.34 1822.9 4.92552e-11 0 3.98732e-11 9.85103e-11 0 0 0.448405 1.29581 0 0 1.40729e-11 2497.91 447.976 3.17723 0 11.1942 4429.39 4723.58 16.1446 0 256.602 12.9026 0 0 4.81652 49.4327 0 0 0.0945064 466.109 867.215 15.3985 0 0.78253 905.674 538.57 4.69097e-11 0 1.64184e-11 1.87639e-11 0
$SSageCompEsc
 2912 88.5 3523 3581 2335
$obsAgeCompEsc
0 0.00166001 0.000878066 0 0 0.000795626 0.030689 0.0314509 0 0 0 0.880072 0.0539584 0.00049597 0 0 0 0 
0 0 0 0 0 0 0.601116 0.250188 0 0 0 0.102692 0.0460043 0 0 0 0 0 
0 0.000430762 0.000568186 0.000434444 0 0 0.278124 0.310298 0.000680026 0 0.000913529 0.264255 0.144296 0 0 0 0 0 
0 0.000208089 0.000149876 0 0 0 0.247464 0.0537641 3.78934e-05 0 0.0040223 0.410022 0.263092 0.000341224 0 0.0207481 0.000149876 0 
0 0.00237151 0.0182266 0 0 0.000114469 0.211127 0.239525 0 0 0.00092913 0.39861 0.129097 0 0 0 0 0 
$predAgeCompEsc
0 0.00152971 0.000837339 0 0 0.000815827 0.0367479 0.0519926 3.64202e-14 0 1.61561e-14 0.802935 0.105022 0.000120078 0 7.2851e-15 4.3328e-14 0 
0 2.19124e-13 1.77564e-13 0 0 1.84263e-13 0.453298 0.402961 0.00601873 0 5.85547e-13 0.0520575 0.0848568 2.90689e-14 0 1.08538e-13 0.000808586 0 
0 0.000356408 0.000495252 8.00226e-05 0 5.99905e-15 0.270516 0.329573 0.000983969 0 0.000978955 0.232222 0.164795 2.46945e-15 0 5.63451e-15 8.90562e-15 0 
0 4.62413e-05 6.37599e-05 0 0 4.81923e-15 0.257595 0.0220426 2.01685e-05 0 0.00383343 0.456777 0.232423 0.000102483 0 0.0264618 0.000634873 0 
0 0.00216513 0.0128647 0 0 0.000107283 0.209526 0.22569 0.00147805 0 0.000888325 0.407119 0.140161 4.5027e-15 0 7.38041e-15 4.88324e-15 0 
$SSageCompCatch
 11719 22555 2652
$obsAgeCompCatch
0 0.000999618 0.00121406 0 0 3.91355e-05 0.116975 0.249752 0.00173351 0 8.39496e-05 0.41429 0.213779 8.39496e-05 0 0.000910668 0.000140164 0 
0 1.41041e-05 0.000683564 0 0 0 0.179432 0.069626 0.000695382 0 0.000185251 0.366391 0.363227 0.00129125 0 0.0174274 0.00102698 0 
0 0.00123772 0.00886311 0 0 0 0.148597 0.240069 0.00599523 0 0 0.316059 0.277463 0.000341497 0 0.00137414 0 0 
$predAgeCompCatch
0 0.000855195 0.00122086 7.12445e-05 0 4.72949e-05 0.11476 0.218436 0.0015255 0 3.496e-05 0.471699 0.189827 0.000255835 0 0.00114841 0.000118375 0 
0 0.000199514 0.000787471 1.74761e-05 0 5.70447e-06 0.17559 0.082915 0.000717186 0 0.000190482 0.351701 0.369876 0.00127307 0 0.0158106 0.00091574 0 
0 0.00112352 0.013173 1.42237e-06 0 6.97432e-06 0.154215 0.24684 0.0047478 0 8.19174e-05 0.308846 0.265249 0.000492587 0 0.00490323 0.00031906 0 
$genSS
 0 0 0
$obsGenComp     #GeneticFracData
-1 -1 -1 -1 -1 
-1 -1 -1 -1 -1 
-1 -1 -1 -1 -1 
$predGenComp     #catchGenComp_pred
0 0 0 0 0 
0 0 0 0 0 
0 0 0 0 0 
#PARAMETERS_OF_INTEREST
$catchByGroup
0 0 0 
12.7473 1.17118 0.0882195 
11.0761 1.11079 0.0842332 
0 0 0 
0 0 0 
0.81514 0.0575555 0.00425515 
306.225 28.1351 2.11927 
687.746 68.9717 5.23027 
7.54116e-10 8.2147e-11 6.27068e-12 
0 0 0 
1.61425e-11 1.13979e-12 8.42661e-14 
6690.96 614.745 46.3057 
1389.2 139.318 10.5648 
2.48634 0.270841 0.0206746 
0 0 0 
6.07077e-11 5.57764e-12 4.20136e-13 
5.73132e-10 5.74775e-11 4.35864e-12 
0 0 0 
0 0 0 
1.34889e-10 7.35244e-12 6.59231e-13 
1.68813e-10 1.0094e-11 9.08635e-13 
0 0 0 
0 0 0 
1.40422e-11 5.79483e-13 5.13887e-14 
279.042 15.2098 1.36374 
383.101 22.9071 2.06204 
8.56325 0.558799 0.0504986 
0 0 0 
4.46231e-11 1.84147e-12 1.63302e-13 
32.0457 1.74673 0.156614 
80.6748 4.82386 0.434232 
4.13583e-11 2.69886e-12 2.43896e-13 
0 0 0 
6.68142e-11 3.64186e-12 3.26535e-13 
0.768736 0.0459657 0.00413772 
0 0 0 
0 0 0 
1.52711 0.18474 0.00304909 
3.83435 0.513621 0.00856965 
1.23055 0.181258 0.00305669 
0 0 0 
2.59734e-12 2.29622e-13 3.67687e-15 
1159.09 140.219 2.31428 
2551.62 341.796 5.7028 
15.131 2.22877 0.0375855 
0 0 0 
0.423846 0.0374708 0.00060001 
995.008 120.37 1.98667 
1275.88 170.907 2.85155 
3.79741e-11 5.59351e-12 9.43278e-14 
0 0 0 
2.41424e-11 2.92059e-12 4.82036e-14 
6.89492e-11 9.23592e-12 1.54099e-13 
0 0 0 
0 0 0 
0.0346623 0.286557 0.0184133 
0.128134 0.949246 0.0684451 
0 0 0 
0 0 0 
2.08079e-13 2.41982e-12 1.08835e-13 
193.092 1596.31 102.574 
44.2975 328.166 23.6623 
0.380313 2.54522 0.204258 
0 0 0 
0.165515 1.92483 0.0865723 
342.397 2830.64 181.888 
467.085 3460.27 249.502 
1.9325 12.9331 1.0379 
0 0 0 
19.8356 163.983 10.5371 
1.27586 9.45186 0.681524 
0 0 0 
0 0 0 
0.462033 0.426825 2.30476 
6.04832 5.59381 28.1477 
0 0 0 
0 0 0 
0.00174825 0.00160984 0.0107327 
44.7123 41.3051 223.039 
106.108 98.134 493.804 
2.27424 2.10569 9.91071 
0 0 0 
0.0144758 0.0133297 0.0888688 
86.8783 80.258 433.376 
65.8965 60.9446 306.669 
6.9282e-12 6.41471e-12 3.01917e-11 
0 0 0 
1.57496e-12 1.45495e-12 7.8564e-12 
2.29585e-12 2.12332e-12 1.06844e-11 
0 0 0 
$escByGroup
 5e-101 10.1258 5.54271 5e-101 5e-101 5.40031 243.25 344.162 2.41081e-10 5e-101 1.06944e-10 5314.97 695.184 0.794851 5e-101 4.82232e-11 2.86807e-10 5e-101 5e-101 1.08066e-10 8.75697e-11 5e-101 5e-101 9.08737e-11 223.554 198.729 2.96828 5e-101 2.88776e-10 25.6734 41.8491 1.4336e-11 5e-101 5.35281e-11 0.398773 5e-101 5e-101 0.807258 1.12174 0.18125 5e-101 1.35878e-11 612.715 746.477 2.22868 5e-101 2.21732 525.979 373.259 5.59327e-12 5e-101 1.27621e-11 2.01711e-11 5e-101 5e-101 0.108773 0.149981 5e-101 5e-101 1.13362e-11 605.936 51.8503 0.0474421 5e-101 9.0173 1074.47 546.725 0.241069 5e-101 62.2456 1.4934 5e-101 5e-101 1.6229 9.64292 5e-101 5e-101 0.0804156 157.053 169.169 1.10789 5e-101 0.665856 305.162 105.06 3.37506e-12 5e-101 5.53208e-12 3.6603e-12 5e-101
$catchByGroup
0 12.7473 11.0761 0 0 0.81514 306.225 687.746 7.54116e-10 0 1.61425e-11 6690.96 1389.2 2.48634 0 6.07077e-11 5.73132e-10 0 0 1.34889e-10 1.68813e-10 0 0 1.40422e-11 279.042 383.101 8.56325 0 4.46231e-11 32.0457 80.6748 4.13583e-11 0 6.68142e-11 0.768736 0 0 1.52711 3.83435 1.23055 0 2.59734e-12 1159.09 2551.62 15.131 0 0.423846 995.008 1275.88 3.79741e-11 0 2.41424e-11 6.89492e-11 0 0 0.0346623 0.128134 0 0 2.08079e-13 193.092 44.2975 0.380313 0 0.165515 342.397 467.085 1.9325 0 19.8356 1.27586 0 0 0.462033 6.04832 0 0 0.00174825 44.7123 106.108 2.27424 0 0.0144758 86.8783 65.8965 6.9282e-12 0 1.57496e-12 2.29585e-12 0 
0 1.17118 1.11079 0 0 0.0575555 28.1351 68.9717 8.2147e-11 0 1.13979e-12 614.745 139.318 0.270841 0 5.57764e-12 5.74775e-11 0 0 7.35244e-12 1.0094e-11 0 0 5.79483e-13 15.2098 22.9071 0.558799 0 1.84147e-12 1.74673 4.82386 2.69886e-12 0 3.64186e-12 0.0459657 0 0 0.18474 0.513621 0.181258 0 2.29622e-13 140.219 341.796 2.22877 0 0.0374708 120.37 170.907 5.59351e-12 0 2.92059e-12 9.23592e-12 0 0 0.286557 0.949246 0 0 2.41982e-12 1596.31 328.166 2.54522 0 1.92483 2830.64 3460.27 12.9331 0 163.983 9.45186 0 0 0.426825 5.59381 0 0 0.00160984 41.3051 98.134 2.10569 0 0.0133297 80.258 60.9446 6.41471e-12 0 1.45495e-12 2.12332e-12 0 
0 0.0882195 0.0842332 0 0 0.00425515 2.11927 5.23027 6.27068e-12 0 8.42661e-14 46.3057 10.5648 0.0206746 0 4.20136e-13 4.35864e-12 0 0 6.59231e-13 9.08635e-13 0 0 5.13887e-14 1.36374 2.06204 0.0504986 0 1.63302e-13 0.156614 0.434232 2.43896e-13 0 3.26535e-13 0.00413772 0 0 0.00304909 0.00856965 0.00305669 0 3.67687e-15 2.31428 5.7028 0.0375855 0 0.00060001 1.98667 2.85155 9.43278e-14 0 4.82036e-14 1.54099e-13 0 0 0.0184133 0.0684451 0 0 1.08835e-13 102.574 23.6623 0.204258 0 0.0865723 181.888 249.502 1.0379 0 10.5371 0.681524 0 0 2.30476 28.1477 0 0 0.0107327 223.039 493.804 9.91071 0 0.0888688 433.376 306.669 3.01917e-11 0 7.8564e-12 1.06844e-11 0 
$Fmort
 1.20415 0.57946 0.320277
#ESTIMATED_PARAMETERS
$availability
1.42622 1.46385 1.76574 0.152738 0.191452 
0.196265 0.117306 0.300099 4.02025 0.366078 
0.0261407 0.0187738 0.00863418 0.299292 4.64716 
$selectivity
 0.0809933 0.437435 0.566125 0.693197 3.22225
$RunSize
 0 24.1325 17.8138 0 0 6.27726 579.73 1106.11 1.08361e-09 0 1.24311e-10 12667 2234.27 3.57271 0 1.14929e-10 9.21775e-10 0 0 2.50967e-10 2.67385e-10 0 0 1.05547e-10 519.171 606.8 12.1408 0 3.35404e-10 59.6225 127.782 5.86371e-11 0 1.24311e-10 1.21761 0 0 2.52216 5.47828 1.59611 0 1.64184e-11 1914.34 3645.6 19.6261 0 2.67924 1643.34 1822.9 4.92552e-11 0 3.98732e-11 9.85103e-11 0 0 0.448405 1.29581 0 0 1.40729e-11 2497.91 447.976 3.17723 0 11.1942 4429.39 4723.58 16.1446 0 256.602 12.9026 0 0 4.81652 49.4327 0 0 0.0945064 466.109 867.215 15.3985 0 0.78253 905.674 538.57 4.69097e-11 0 1.64184e-11 1.87639e-11 0
