$ndistricts
3
$ngroups
90
$nstocks
5
$nagecomps
18
$AgeCompLabels
 0.1 0.2 0.3 0.4 0.5 1.1 1.2 1.3 1.4 1.5 2.1 2.2 2.3 2.4 3.1 3.2 3.3 3.4
$navailpar
15
$nselectpar
5
$GENdata
-1
$maxGradient
6.46788e-05
#LIKELIHOOD_VALUES_AND_PENALTIES
$totalNLL
-47293.9
$NLLcatch
-3560.06
$NLLescape
-49375.2
$NLLagecompCatch
1789.59
$NLLagecompEsc
3851.73
$NLLgenetics
0
$NLLselOne
2.72864e-16
$NLLavailOne
8.04389e-11
$NLLextra
4.6e-198
#OBSERVED_AND_PREDICTED_VALUES
$predEsc
 4414.55 216.72 1249.3 1275.37 71.6659
$obsEsc
 4433.84 214.848 1241.06 1275.63 61.854
$predCatch
 538.163 172.253 2.151
$obsCatch
 538.163 172.253 2.151
$RunSize
 0 0 0 0 0 4.597e-10 38.6607 317.022 4.46006 0 26.5851 4263.98 136.002 0 0 4.13921 0 0 0 0 0 0 0 1.19286 76.44 51.7724 2.08164 0 1.04457e-10 103.053 2.8895 0 0 1.50295e-10 0 0 0 0 0 0 0 0.226485 147.339 237.155 0.250827 0 17.089 811.621 196.099 0.440552 0 0.517437 0 0 0 0 0 0 0 3.12931e-10 111.667 102.74 3.16457e-10 0 1.45887e-10 1015.63 194.103 1.49869 0 2.69737e-10 1.59871 0 0 0 0 0 0 0.0641116 7.45142 6.94198 0.0478042 0 0.206135 53.3138 4.93979 0.112248 0 0.845125 0 0
$SSageCompEsc
 1298 257 1556 967 482
$obsAgeCompEsc
0 0 0 0 0 0 0.00648223 0.0664573 0.000948691 0 0.00595634 0.899347 0.0208078 0 0 0 0 0 
0 0 0 0 0 0.00540844 0.316349 0.211861 0.00943396 0 0 0.445973 0.0109749 0 0 0 0 0 
0 0 0 0 0 0.000180165 0.103204 0.163058 0.000199445 0 0.0134681 0.596115 0.123139 0.000354279 0 0.000281639 0 0 
0 0 0 0 0 0 0.0411287 0.0698971 0 0 0 0.754258 0.131067 0.00136922 0 0 0.00227985 0 
0 0 0 0 0 0 0.0555949 0.0834801 0 0 0.00314963 0.791241 0.064778 0.00175644 0 0 0 0 
$predAgeCompEsc
0 0 0 0 0 1.01933e-13 0.00812158 0.0618499 0.000981651 0 0.00589491 0.895749 0.0265335 0 0 0.000869537 0 0 
0 0 0 0 0 0.00538762 0.327077 0.205771 0.00933223 0 4.71787e-13 0.440948 0.0114844 0 0 6.43092e-13 0 0 
0 0 0 0 0 0.000176499 0.107281 0.157291 0.000193657 0 0.0133174 0.590962 0.130061 0.000340138 0 0.000376759 0 0 
0 0 0 0 0 2.38945e-13 0.0797125 0.0668387 2.39418e-13 0 1.11395e-13 0.724999 0.126276 0.00113385 0 1.9255e-13 0.00104006 0 
0 0 0 0 0 0.000887829 0.101217 0.0918205 0.000660255 0 0.00285459 0.724192 0.0653377 0.00155032 0 0.0114798 0 0 
$SSageCompCatch
 563 547 441.5
$obsAgeCompCatch
0 0 0 0 0 0 0.0544393 0.135471 0 0 0.00172759 0.671499 0.134121 0 0 0.00274195 0 0 
0 0 0 0 0 0 0.0915708 0.107337 0 0 0 0.622812 0.178281 0 0 0 0 0 
0 0 0 0 0 0.00115741 0.174839 0.163348 0.00139791 0 0 0.47507 0.167271 0 0 0.0169173 0 0 
$predAgeCompCatch
0 0 0 0 0 5.60275e-05 0.0395856 0.162854 0.000343675 0 0.00176778 0.697544 0.0971464 3.58683e-05 0 0.000621976 4.41517e-05 0 
0 0 0 0 0 8.05573e-06 0.0605448 0.126167 5.68428e-05 0 0.000362802 0.616093 0.194894 0.000286299 0 0.000156192 0.00143148 0 
0 0 0 0 0 8.59154e-05 0.0672641 0.137142 0.000136461 0 0.000480212 0.6303 0.159577 0.00034979 0 0.00377846 0.000886217 0 
$genSS
 0 0 0
$obsGenComp     #GeneticFracData
-1 -1 -1 -1 -1 
-1 -1 -1 -1 -1 
-1 -1 -1 -1 -1 
$predGenComp     #catchGenComp_pred
0 0 0 0 0 
0 0 0 0 0 
0 0 0 0 0 
#PARAMETERS_OF_INTEREST
$catchByGroup
0 0 0 
0 0 0 
0 0 0 
0 0 0 
0 0 0 
9.16469e-12 5.41113e-13 6.89909e-15 
2.64556 0.159948 0.0020423 
41.3678 2.582 0.033034 
0.119345 0.00706965 9.0155e-05 
0 0 0 
0.530007 0.0312933 0.000398984 
291.785 17.6411 0.22525 
17.7467 1.10767 0.0141715 
0 0 0 
0 0 0 
0.283247 0.0171249 0.000218659 
0 0 0 
0 0 0 
0 0 0 
0 0 0 
0 0 0 
0 0 0 
0 0 0 
0.024402 0.000839425 1.28572e-05 
5.36383 0.189177 0.00290008 
6.92145 0.252438 0.00387447 
0.057151 0.00197277 3.02198e-05 
0 0 0 
2.13685e-12 7.35073e-14 1.12588e-15 
7.23125 0.255039 0.00390974 
0.386297 0.014089 0.00021624 
0 0 0 
0 0 0 
1.05463e-11 3.71956e-13 5.70208e-15 
0 0 0 
0 0 0 
0 0 0 
0 0 0 
0 0 0 
0 0 0 
0 0 0 
0.0055768 0.000407511 1.1227e-06 
12.3791 0.931049 0.00257086 
37.6968 2.94702 0.00816248 
0.00828294 0.000607675 1.67468e-06 
0 0 0 
0.420788 0.0307481 8.47114e-05 
68.1907 5.12871 0.0141617 
31.1709 2.43684 0.00674941 
0.0145481 0.00106732 2.9414e-06 
0 0 0 
0.043474 0.00326974 9.02858e-06 
0 0 0 
0 0 0 
0 0 0 
0 0 0 
0 0 0 
0 0 0 
0 0 0 
6.74136e-13 7.45933e-12 5.37663e-14 
0.844469 9.09145 0.0675198 
1.52697 15.8461 0.122504 
9.17876e-13 1.01179e-11 7.32312e-14 
0 0 0 
3.1428e-13 3.47752e-12 2.50657e-14 
7.68059 82.6883 0.614104 
2.88486 29.9376 0.231444 
0.00434693 0.0479168 0.000346812 
0 0 0 
2.03987e-12 2.1961e-11 1.63098e-13 
0.0237608 0.246577 0.00190625 
0 0 0 
0 0 0 
0 0 0 
0 0 0 
0 0 0 
0 0 0 
0.000173074 0.000140689 0.000170824 
0.0705663 0.0573986 0.069652 
0.129083 0.105087 0.127418 
0.000173736 0.00014124 0.000171479 
0 0 0 
0.000556476 0.000452349 0.000549241 
0.504891 0.410678 0.498349 
0.091853 0.0747777 0.0906683 
0.000407945 0.00033164 0.000402644 
0 0 0 
0.00800348 0.00651003 0.00789979 
0 0 0 
0 0 0 
$escByGroup
 5e-101 5e-101 5e-101 5e-101 5e-101 4.49987e-10 35.8531 273.04 4.33355 5e-101 26.0234 3954.33 117.133 5e-101 5e-101 3.83862 5e-101 5e-101 5e-101 5e-101 5e-101 5e-101 5e-101 1.16761 70.8841 44.5947 2.02248 5e-101 1.02246e-10 95.5624 2.4889 5e-101 5e-101 1.39371e-10 5e-101 5e-101 5e-101 5e-101 5e-101 5e-101 5e-101 0.220499 134.026 196.503 0.241935 5e-101 16.6374 738.287 162.485 0.424933 5e-101 0.470684 5e-101 5e-101 5e-101 5e-101 5e-101 5e-101 5e-101 3.04743e-10 101.663 85.2443 3.05348e-10 5e-101 1.42071e-10 924.644 161.049 1.44608 5e-101 2.45574e-10 1.32646 5e-101 5e-101 5e-101 5e-101 5e-101 5e-101 0.063627 7.2538 6.5804 0.0473178 5e-101 0.204576 51.8999 4.68249 0.111105 5e-101 0.822712 5e-101 5e-101
$catchByGroup
0 0 0 0 0 9.16469e-12 2.64556 41.3678 0.119345 0 0.530007 291.785 17.7467 0 0 0.283247 0 0 0 0 0 0 0 0.024402 5.36383 6.92145 0.057151 0 2.13685e-12 7.23125 0.386297 0 0 1.05463e-11 0 0 0 0 0 0 0 0.0055768 12.3791 37.6968 0.00828294 0 0.420788 68.1907 31.1709 0.0145481 0 0.043474 0 0 0 0 0 0 0 6.74136e-13 0.844469 1.52697 9.17876e-13 0 3.1428e-13 7.68059 2.88486 0.00434693 0 2.03987e-12 0.0237608 0 0 0 0 0 0 0.000173074 0.0705663 0.129083 0.000173736 0 0.000556476 0.504891 0.091853 0.000407945 0 0.00800348 0 0 
0 0 0 0 0 5.41113e-13 0.159948 2.582 0.00706965 0 0.0312933 17.6411 1.10767 0 0 0.0171249 0 0 0 0 0 0 0 0.000839425 0.189177 0.252438 0.00197277 0 7.35073e-14 0.255039 0.014089 0 0 3.71956e-13 0 0 0 0 0 0 0 0.000407511 0.931049 2.94702 0.000607675 0 0.0307481 5.12871 2.43684 0.00106732 0 0.00326974 0 0 0 0 0 0 0 7.45933e-12 9.09145 15.8461 1.01179e-11 0 3.47752e-12 82.6883 29.9376 0.0479168 0 2.1961e-11 0.246577 0 0 0 0 0 0 0.000140689 0.0573986 0.105087 0.00014124 0 0.000452349 0.410678 0.0747777 0.00033164 0 0.00651003 0 0 
0 0 0 0 0 6.89909e-15 0.0020423 0.033034 9.0155e-05 0 0.000398984 0.22525 0.0141715 0 0 0.000218659 0 0 0 0 0 0 0 1.28572e-05 0.00290008 0.00387447 3.02198e-05 0 1.12588e-15 0.00390974 0.00021624 0 0 5.70208e-15 0 0 0 0 0 0 0 1.1227e-06 0.00257086 0.00816248 1.67468e-06 0 8.47114e-05 0.0141617 0.00674941 2.9414e-06 0 9.02858e-06 0 0 0 0 0 0 0 5.37663e-14 0.0675198 0.122504 7.32312e-14 0 2.50657e-14 0.614104 0.231444 0.000346812 0 1.63098e-13 0.00190625 0 0 0 0 0 0 0.000170824 0.069652 0.127418 0.000171479 0 0.000549241 0.498349 0.0906683 0.000402644 0 0.00789979 0 0 
$Fmort
 0.0847349 0.0360136 0.00344544
#ESTIMATED_PARAMETERS
$availability
1.42622 1.46385 1.76574 0.152738 0.191452 
0.196265 0.117306 0.300099 4.02025 0.366078 
0.0261407 0.0187738 0.00863418 0.299292 4.64716 
$selectivity
 0.166632 0.586543 1.15699 0.224436 2.86539
$RunSize
 0 0 0 0 0 4.597e-10 38.6607 317.022 4.46006 0 26.5851 4263.98 136.002 0 0 4.13921 0 0 0 0 0 0 0 1.19286 76.44 51.7724 2.08164 0 1.04457e-10 103.053 2.8895 0 0 1.50295e-10 0 0 0 0 0 0 0 0.226485 147.339 237.155 0.250827 0 17.089 811.621 196.099 0.440552 0 0.517437 0 0 0 0 0 0 0 3.12931e-10 111.667 102.74 3.16457e-10 0 1.45887e-10 1015.63 194.103 1.49869 0 2.69737e-10 1.59871 0 0 0 0 0 0 0.0641116 7.45142 6.94198 0.0478042 0 0.206135 53.3138 4.93979 0.112248 0 0.845125 0 0
