$ndistricts
3
$ngroups
90
$nstocks
5
$nagecomps
18
$AgeCompLabels
 0.1 0.2 0.3 0.4 0.5 1.1 1.2 1.3 1.4 1.5 2.1 2.2 2.3 2.4 3.1 3.2 3.3 3.4
$navailpar
15
$nselectpar
5
$GENdata
-1
$maxGradient
0.000248921
#LIKELIHOOD_VALUES_AND_PENALTIES
$totalNLL
-19095.3
$NLLcatch
-11409.1
$NLLescape
-26259.1
$NLLagecompCatch
10136.8
$NLLagecompEsc
8436.11
$NLLgenetics
0
$NLLselOne
2.20878e-14
$NLLavailOne
8.04389e-11
$NLLextra
3.5e-198
#OBSERVED_AND_PREDICTED_VALUES
$predEsc
 2427.6 198.518 1110.78 350.379 100.274
$obsEsc
 2557.44 193.872 1023.22 338.654 70.896
$predCatch
 1216.86 671.554 82.457
$obsCatch
 1216.86 671.554 82.457
$RunSize
 0 0 1.24709e-10 0 0 19.12 1849.25 63.0754 1.80401e-10 0 90.4602 749.663 430.53 1.44526e-10 0 7.5137 2.72165 0 0 0 7.61921e-11 0 0 7.15233 76.6961 137.477 9.36172e-11 0 1.64665 27.7151 20.0467 7.79004e-11 0 0.643323 2.1491e-10 0 0 0 6.52587e-11 0 0 11.7905 311.671 378.04 1.37355 0 31.5441 630.65 280.197 7.10671e-11 0 6.10542 2.85388 0 0 0 4.78336e-11 0 0 8.71255e-11 44.8293 64.2226 6.5942e-11 0 4.77486 440.321 269.254 5.80836e-11 0 22.2529 8.30968 0 0 0 0.160736 0 0 3.00668e-11 25.4923 20.0275 0.13096 0 11.5282 93.1184 15.7758 0.273537 0 2.11834e-11 0.0191512 0
$SSageCompEsc
 2211 392 2668 635 505
$obsAgeCompEsc
0 0 0 0 0 0.007627 0.655261 0.0145843 0 0 0.0326109 0.182198 0.105089 0 0 0.00262919 0 0 
0 0 0 0 0 0.0365274 0.326088 0.457628 0 0 0.0080462 0.100497 0.0684903 0 0 0.00272251 0 0 
0 0 0 0 0 0.010952 0.223225 0.200272 0.00114467 0 0.0280683 0.380417 0.150877 0 0 0.00425878 0.000784162 0 
0 0 0 0 0 0 0.0733511 0.0774798 0 0 0.0145969 0.53706 0.257572 0 0 0.0339352 0.00600544 0 
0 0 0 0 0 0 0.131221 0.139758 0.000426318 0 0.125591 0.463974 0.136339 0.0022638 0 0 0.000426318 0 
$predAgeCompEsc
0 0 3.49198e-14 0 0 0.00775103 0.579375 0.0176618 6.34817e-14 0 0.0366716 0.234872 0.120553 5.08575e-14 0 0.00235407 0.000762091 0 
0 0 2.65674e-13 0 0 0.0354738 0.297201 0.479367 4.05151e-13 0 0.008167 0.107397 0.0699007 3.37133e-13 0 0.00249291 7.49366e-13 0 
0 0 3.55878e-14 0 0 0.0104014 0.197252 0.206158 0.00101108 0 0.0278277 0.399129 0.152801 5.23128e-14 0 0.00386403 0.00155632 0 
0 0 4.4539e-14 0 0 2.38006e-13 0.0590809 0.0597992 1.21611e-13 0 0.0130438 0.580303 0.250709 1.07119e-13 0 0.0293273 0.00773734 0 
0 0 0.000765863 0 0 2.91616e-13 0.153391 0.0954254 0.000984911 0 0.111811 0.560307 0.0751669 0.00205719 0 1.27464e-13 9.12498e-05 0 
$SSageCompCatch
 2697 2953 1838
$obsAgeCompCatch
0 0 0 0 0 5.67151e-05 0.285885 0.170515 0.000137061 0 0.00429146 0.335412 0.198199 0 0 0.00233744 0.00316568 0 
0 0 0 0 0 0 0.133535 0.104217 0 0 6.46914e-05 0.414692 0.31835 0 0 0.0188024 0.0103379 0 
0 0 0.00103977 0 0 0 0.172967 0.117432 0.00049776 0 0.00119462 0.545039 0.158724 0.000644934 0 0.00246115 0 0 
$predAgeCompCatch
0 0 5.52703e-06 0 0 0.00046407 0.389554 0.149302 0.00017456 0 0.00150657 0.270272 0.184052 4.00952e-06 0 0.0030606 0.00160359 0 
0 0 1.9565e-05 0 0 0.00012259 0.149247 0.108308 6.62066e-05 0 0.000760936 0.413059 0.303322 1.43663e-05 0 0.017086 0.00799374 0 
0 0 0.000777085 0 0 4.25032e-05 0.157623 0.131857 0.000312779 0 0.00329702 0.495331 0.200111 0.000639463 0 0.00654232 0.00346681 0 
$genSS
 0 0 0
$obsGenComp     #GeneticFracData
-1 -1 -1 -1 -1 
-1 -1 -1 -1 -1 
-1 -1 -1 -1 -1 
$predGenComp     #catchGenComp_pred
0 0 0 0 0 
0 0 0 0 0 
0 0 0 0 0 
#PARAMETERS_OF_INTEREST
$catchByGroup
0 0 0 
0 0 0 
3.4008e-11 5.57326e-12 3.56246e-13 
0 0 0 
0 0 0 
0.263135 0.0380067 0.00238033 
379.034 59.9116 3.80687 
17.2006 2.81885 0.180183 
2.26358e-11 3.43969e-12 2.17172e-13 
0 0 0 
1.24494 0.179817 0.0112618 
153.656 24.2875 1.54326 
117.405 19.2404 1.22986 
1.81344e-11 2.75566e-12 1.73984e-13 
0 0 0 
1.54006 0.243428 0.0154678 
0.74219 0.121631 0.00777472 
0 0 0 
0 0 0 
0 0 0 
2.1241e-11 2.05384e-12 1.56377e-13 
0 0 0 
0 0 0 
0.101011 0.00850102 0.000639503 
16.088 1.49496 0.113425 
38.326 3.70583 0.282159 
1.20356e-11 1.071e-12 8.09526e-14 
0 0 0 
0.0232553 0.00195716 0.00014723 
5.81359 0.540223 0.0409875 
5.58865 0.54038 0.041144 
1.00151e-11 8.91197e-13 6.7362e-14 
0 0 0 
0.134945 0.0125397 0.000951404 
5.99128e-11 5.79312e-12 4.41082e-13 
0 0 0 
0 0 0 
0 0 0 
2.12606e-11 4.40625e-12 6.16327e-14 
0 0 0 
0 0 0 
0.200562 0.0358178 0.000484848 
77.0494 15.3065 0.212067 
123.162 25.5252 0.357035 
0.210079 0.0398423 0.000546372 
0 0 0 
0.53658 0.0958265 0.00129715 
155.906 30.972 0.429107 
91.2853 18.9188 0.264628 
1.08694e-11 2.06143e-12 2.82691e-14 
0 0 0 
1.50935 0.299845 0.00415425 
0.929766 0.192693 0.00269531 
0 0 0 
0 0 0 
0 0 0 
1.60362e-12 2.90831e-11 1.54132e-12 
0 0 0 
0 0 0 
1.29205e-13 3.47969e-12 1.24106e-13 
1.08777 21.9955 1.04532 
2.15306 39.0477 2.06941 
9.40053e-13 2.14886e-11 9.03183e-13 
0 0 0 
0.00708099 0.190703 0.00680154 
10.6843 216.044 10.2673 
9.02671 163.708 8.67602 
8.28026e-13 1.89278e-11 7.95549e-13 
0 0 0 
0.53996 10.9184 0.518886 
0.278581 5.05234 0.267758 
0 0 0 
0 0 0 
0 0 0 
0.00672561 0.0131389 0.0640761 
0 0 0 
0 0 0 
5.58797e-14 1.11383e-13 6.58171e-13 
0.772952 1.51886 7.81943 
0.838001 1.63709 7.98378 
0.0023359 0.00461902 0.0252444 
0 0 0 
0.0214253 0.0427062 0.252355 
2.82345 5.54809 28.5629 
0.660096 1.28954 6.28886 
0.00487902 0.00964777 0.0527282 
0 0 0 
6.42304e-13 1.26213e-12 6.49775e-12 
0.000801332 0.00156546 0.00763443 
0 0 0 
$escByGroup
 5e-101 5e-101 8.47715e-11 5e-101 5e-101 18.8164 1406.49 42.8758 1.54108e-10 5e-101 89.0241 570.176 292.655 1.23462e-10 5e-101 5.71474 1.85005 5e-101 5e-101 5e-101 5.27409e-11 5e-101 5e-101 7.04218 58.9998 95.1628 8.04296e-11 5e-101 1.62129 21.3203 13.8765 6.69268e-11 5e-101 0.494887 1.48762e-10 5e-101 5e-101 5e-101 3.95302e-11 5e-101 5e-101 11.5536 219.103 228.996 1.12308 5e-101 30.9104 443.343 169.728 5.81079e-11 5e-101 4.29207 1.72872 5e-101 5e-101 5e-101 1.56055e-11 5e-101 5e-101 8.33925e-11 20.7007 20.9524 4.26102e-11 5e-101 4.57028 203.326 87.8432 3.75323e-11 5e-101 10.2757 2.71101 5e-101 5e-101 5e-101 0.0767958 5e-101 5e-101 2.92414e-11 15.381 9.56865 0.0987606 5e-101 11.2117 56.184 7.53726 0.206282 5e-101 1.27813e-11 0.00914995 5e-101
$catchByGroup
0 0 3.4008e-11 0 0 0.263135 379.034 17.2006 2.26358e-11 0 1.24494 153.656 117.405 1.81344e-11 0 1.54006 0.74219 0 0 0 2.1241e-11 0 0 0.101011 16.088 38.326 1.20356e-11 0 0.0232553 5.81359 5.58865 1.00151e-11 0 0.134945 5.99128e-11 0 0 0 2.12606e-11 0 0 0.200562 77.0494 123.162 0.210079 0 0.53658 155.906 91.2853 1.08694e-11 0 1.50935 0.929766 0 0 0 1.60362e-12 0 0 1.29205e-13 1.08777 2.15306 9.40053e-13 0 0.00708099 10.6843 9.02671 8.28026e-13 0 0.53996 0.278581 0 0 0 0.00672561 0 0 5.58797e-14 0.772952 0.838001 0.0023359 0 0.0214253 2.82345 0.660096 0.00487902 0 6.42304e-13 0.000801332 0 
0 0 5.57326e-12 0 0 0.0380067 59.9116 2.81885 3.43969e-12 0 0.179817 24.2875 19.2404 2.75566e-12 0 0.243428 0.121631 0 0 0 2.05384e-12 0 0 0.00850102 1.49496 3.70583 1.071e-12 0 0.00195716 0.540223 0.54038 8.91197e-13 0 0.0125397 5.79312e-12 0 0 0 4.40625e-12 0 0 0.0358178 15.3065 25.5252 0.0398423 0 0.0958265 30.972 18.9188 2.06143e-12 0 0.299845 0.192693 0 0 0 2.90831e-11 0 0 3.47969e-12 21.9955 39.0477 2.14886e-11 0 0.190703 216.044 163.708 1.89278e-11 0 10.9184 5.05234 0 0 0 0.0131389 0 0 1.11383e-13 1.51886 1.63709 0.00461902 0 0.0427062 5.54809 1.28954 0.00964777 0 1.26213e-12 0.00156546 0 
0 0 3.56246e-13 0 0 0.00238033 3.80687 0.180183 2.17172e-13 0 0.0112618 1.54326 1.22986 1.73984e-13 0 0.0154678 0.00777472 0 0 0 1.56377e-13 0 0 0.000639503 0.113425 0.282159 8.09526e-14 0 0.00014723 0.0409875 0.041144 6.7362e-14 0 0.000951404 4.41082e-13 0 0 0 6.16327e-14 0 0 0.000484848 0.212067 0.357035 0.000546372 0 0.00129715 0.429107 0.264628 2.82691e-14 0 0.00415425 0.00269531 0 0 0 1.54132e-12 0 0 1.24106e-13 1.04532 2.06941 9.03183e-13 0 0.00680154 10.2673 8.67602 7.95549e-13 0 0.518886 0.267758 0 0 0 0.0640761 0 0 6.58171e-13 7.81943 7.98378 0.0252444 0 0.252355 28.5629 6.28886 0.0527282 0 6.49775e-12 0.00763443 0 
$Fmort
 0.354417 0.369802 0.173727
#ESTIMATED_PARAMETERS
$availability
1.42622 1.46385 1.76574 0.152738 0.191452 
0.196265 0.117306 0.300099 4.02025 0.366078 
0.0261407 0.0187738 0.00863418 0.299292 4.64716 
$selectivity
 0.0274154 0.453771 0.629926 0.265242 3.62364
$RunSize
 0 0 1.24709e-10 0 0 19.12 1849.25 63.0754 1.80401e-10 0 90.4602 749.663 430.53 1.44526e-10 0 7.5137 2.72165 0 0 0 7.61921e-11 0 0 7.15233 76.6961 137.477 9.36172e-11 0 1.64665 27.7151 20.0467 7.79004e-11 0 0.643323 2.1491e-10 0 0 0 6.52587e-11 0 0 11.7905 311.671 378.04 1.37355 0 31.5441 630.65 280.197 7.10671e-11 0 6.10542 2.85388 0 0 0 4.78336e-11 0 0 8.71255e-11 44.8293 64.2226 6.5942e-11 0 4.77486 440.321 269.254 5.80836e-11 0 22.2529 8.30968 0 0 0 0.160736 0 0 3.00668e-11 25.4923 20.0275 0.13096 0 11.5282 93.1184 15.7758 0.273537 0 2.11834e-11 0.0191512 0
