$ndistricts
3
$ngroups
90
$nstocks
5
$nagecomps
18
$AgeCompLabels
 0.1 0.2 0.3 0.4 0.5 1.1 1.2 1.3 1.4 1.5 2.1 2.2 2.3 2.4 3.1 3.2 3.3 3.4
$navailpar
15
$nselectpar
5
$GENdata
-1
$maxGradient
0.000310229
#LIKELIHOOD_VALUES_AND_PENALTIES
$totalNLL
-276455
$NLLcatch
-182401
$NLLescape
-112230
$NLLagecompCatch
5306.64
$NLLagecompEsc
12869.4
$NLLgenetics
0
$NLLselOne
7.12368e-15
$NLLavailOne
8.04389e-11
$NLLextra
3.5e-198
#OBSERVED_AND_PREDICTED_VALUES
$predEsc
 10568.7 565.765 1195.23 1163.44 1264.47
$obsEsc
 10490.7 580.795 1242.47 1165.35 1270.32
$predCatch
 14546.7 5190.41 2658.38
$obsCatch
 14546.7 5190.41 2658.38
$RunSize
 0 0 1.18563e-09 1.73205e-10 0 0 2259.83 2130.36 8.02105e-10 0 12.9617 17326.7 894.908 0 0 8.47469e-10 8.94894e-10 0 0 0 2.28936 2.04135e-10 0 0 539.462 469.523 10.9118 0 2.16507e-10 167.752 58.9305 0 0 24.6656 0.495414 0 0 0 4.94872e-11 4.12393e-11 0 4.61897 1018.78 1224.88 2.30238 0 16.2889 735.572 661.996 1.42594 0 0.990228 1.50241 0 0 0 16.7826 5.39312 0 0 720.929 213.263 1.30081 0 21.3086 1934.9 2362.12 0 0 13.3308 7.09352 0 0 0.356108 2.15281 9.07266e-11 0 0.84478 1375.51 773.706 4.3035 0 35.0803 1807.89 286.567 3.20364 0 3.91774e-11 6.3921e-11 0
$SSageCompEsc
 2317 88.5 2887 3151 2396
$obsAgeCompEsc
0 0 0 0 0 0 0.141102 0.0746348 0 0 0.00124975 0.743633 0.0393799 0 0 0 0 0 
0 0 0 0 0 0 0.601116 0.250188 0 0 0 0.102692 0.0460043 0 0 0 0 0 
0 0 0 0 0 0.00365767 0.340511 0.262587 0.000325532 0 0.0128843 0.232088 0.147075 0.000290677 0 0.000290677 0.000290077 0 
0 0 0.000267361 0 0 0 0.188375 0.0277775 0.000160944 0 0.01727 0.469085 0.29325 0 0 0.00313636 0.000677992 0 
0 0.000115207 0 0 0 0.00064168 0.35449 0.0990275 0.000204695 0 0.0266003 0.476338 0.0421132 0.000469162 0 0 0 0 
$predAgeCompEsc
0 0 4.09648e-14 4.76993e-15 0 0 0.10318 0.0736062 2.20893e-14 0 0.00118622 0.791107 0.03092 0 0 3.8694e-14 3.09195e-14 0 
0 0 0.00153879 1.11998e-13 0 0 0.469484 0.31559 0.00598673 0 3.70191e-13 0.145992 0.0396102 0 0 0.021466 0.000332992 0 
0 0 1.08034e-14 6.30926e-15 0 0.00370641 0.331057 0.2674 0.000352245 0 0.0130707 0.239027 0.144519 0.000218156 0 0.000321778 0.000327988 0 
0 0 0.00209479 0.000275409 0 0 0.177672 0.0266193 6.64282e-05 0 0.0174084 0.476856 0.294837 0 0 0.00328536 0.000885405 0 
0 9.2524e-05 0.000294134 5.22197e-15 0 0.000639831 0.357384 0.10571 0.000247698 0 0.0265696 0.469724 0.0391531 0.000184393 0 1.01791e-14 8.73339e-15 0 
$SSageCompCatch
 2478 1642 599
$obsAgeCompCatch
0 0 0.000274 0 0 0 0.0830231 0.168686 0.000951079 0 0 0.679038 0.066232 0 0 0.00160751 0.000187915 0 
0 0 0.00561648 0.00143484 0 0 0.107637 0.0845442 0 0 0.000545791 0.435943 0.360838 0 0 0.00200628 0.00143484 0 
0 0 0.00260949 0 0 0 0.316911 0.219714 0.00154704 0 0 0.35803 0.101189 0 0 0 0 0 
$predAgeCompCatch
0 1.99632e-06 0.000207242 3.78025e-05 0 1.21445e-05 0.139689 0.16403 0.000641566 0 8.38675e-05 0.61094 0.0832221 9.75249e-05 0 0.000907925 0.000129096 0 
0 5.53318e-06 0.00235122 0.000798562 0 3.64792e-06 0.140135 0.0928982 0.000429831 0 0.000224174 0.41027 0.350094 0.000105431 0 0.00168736 0.000997411 0 
0 6.82204e-05 0.000875207 0.000142166 0 1.09411e-05 0.280148 0.189113 0.00114968 0 0.000468917 0.40555 0.121245 0.000816203 0 0.000251848 0.000160216 0 
$genSS
 0 0 0
$obsGenComp     #GeneticFracData
-1 -1 -1 -1 -1 
-1 -1 -1 -1 -1 
-1 -1 -1 -1 -1 
$predGenComp     #catchGenComp_pred
0 0 0 0 0 
0 0 0 0 0 
0 0 0 0 0 
#PARAMETERS_OF_INTEREST
$catchByGroup
0 0 0 
0 0 0 
6.77072e-10 6.92876e-11 6.32463e-12 
1.09755e-10 1.19422e-11 1.09562e-12 
0 0 0 
0 0 0 
1060.7 99.6135 9.03091 
1216.57 124.497 11.3642 
5.08271e-10 5.5304e-11 5.07376e-12 
0 0 0 
0.393947 0.028429 0.0025277 
8132.66 763.762 69.2423 
511.05 52.2979 4.7738 
0 0 0 
0 0 0 
3.97778e-10 3.73565e-11 3.38672e-12 
5.11042e-10 5.22971e-11 4.77372e-12 
0 0 0 
0 0 0 
0 0 0 
1.32906 0.0809308 0.00877734 
1.31309e-10 8.53295e-12 9.28196e-13 
0 0 0 
0 0 0 
257.953 14.3415 1.54916 
272.575 16.598 1.80014 
7.01901 0.456121 0.0496159 
0 0 0 
6.75114e-12 2.83946e-13 3.03237e-14 
80.2138 4.45965 0.481732 
34.2112 2.08324 0.225938 
0 0 0 
0 0 0 
11.7943 0.655729 0.0708319 
0.287605 0.0175133 0.0018994 
0 0 0 
0 0 0 
0 0 0 
3.21342e-11 4.35302e-12 8.73494e-14 
2.93444e-11 4.26751e-12 8.63449e-14 
0 0 0 
0.17317 0.0154815 0.000297537 
553.886 67.8603 1.34655 
795.368 107.743 2.16202 
1.63829 0.238254 0.00482062 
0 0 0 
0.610689 0.0545959 0.00104927 
399.911 48.9959 0.972227 
429.863 58.2309 1.16848 
1.01464 0.147558 0.00298555 
0 0 0 
0.538361 0.0659583 0.00130881 
0.975582 0.132156 0.00265189 
0 0 0 
0 0 0 
0 0 0 
1.4544 11.8941 0.996905 
0.549902 4.14486 0.377931 
0 0 0 
0 0 0 
47.3018 434.61 32.3056 
18.4816 151.144 12.6681 
0.132636 0.999736 0.0911566 
0 0 0 
0.0703163 0.937155 0.0475285 
126.953 1166.45 86.7052 
204.703 1674.07 140.312 
0 0 0 
0 0 0 
0.874662 8.03642 0.597367 
0.614732 5.02731 0.421363 
0 0 0 
0 0 0 
0.0290398 0.0287195 0.181355 
0.231228 0.228713 1.32095 
1.14418e-11 1.13187e-11 6.1363e-11 
0 0 0 
0.00349282 0.00345271 0.028788 
112.17 110.932 700.506 
83.1017 82.198 474.739 
0.542727 0.536888 2.91068 
0 0 0 
0.145043 0.143377 1.19545 
147.429 145.803 920.703 
30.7795 30.4447 175.835 
0.404021 0.399674 2.16679 
0 0 0 
3.19483e-12 3.15958e-12 1.99519e-11 
6.86559e-12 6.79092e-12 3.92214e-11 
0 0 0 
$escByGroup
 5e-101 5e-101 4.32947e-10 5.04122e-11 5e-101 5e-101 1090.48 777.926 2.33457e-10 5e-101 12.5368 8361.02 326.786 5e-101 5e-101 4.08947e-10 3.26781e-10 5e-101 5e-101 5e-101 0.870597 6.33644e-11 5e-101 5e-101 265.618 178.55 3.38709 5e-101 2.09441e-10 82.5971 22.4101 5e-101 5e-101 12.1447 0.188396 5e-101 5e-101 5e-101 1.29126e-11 7.54105e-12 5e-101 4.43002 395.69 319.606 0.421015 5e-101 15.6226 285.693 172.734 0.260747 5e-101 0.3846 0.392022 5e-101 5e-101 5e-101 2.43716 0.320422 5e-101 5e-101 206.712 30.97 0.0772854 5e-101 20.2536 554.794 343.026 5e-101 5e-101 3.82233 1.03012 5e-101 5e-101 0.116994 0.371923 6.60302e-12 5e-101 0.809046 451.901 133.667 0.313206 5e-101 33.5964 593.952 49.5078 0.233159 5e-101 1.28711e-11 1.10431e-11 5e-101
$catchByGroup
0 0 6.77072e-10 1.09755e-10 0 0 1060.7 1216.57 5.08271e-10 0 0.393947 8132.66 511.05 0 0 3.97778e-10 5.11042e-10 0 0 0 1.32906 1.31309e-10 0 0 257.953 272.575 7.01901 0 6.75114e-12 80.2138 34.2112 0 0 11.7943 0.287605 0 0 0 3.21342e-11 2.93444e-11 0 0.17317 553.886 795.368 1.63829 0 0.610689 399.911 429.863 1.01464 0 0.538361 0.975582 0 0 0 1.4544 0.549902 0 0 47.3018 18.4816 0.132636 0 0.0703163 126.953 204.703 0 0 0.874662 0.614732 0 0 0.0290398 0.231228 1.14418e-11 0 0.00349282 112.17 83.1017 0.542727 0 0.145043 147.429 30.7795 0.404021 0 3.19483e-12 6.86559e-12 0 
0 0 6.92876e-11 1.19422e-11 0 0 99.6135 124.497 5.5304e-11 0 0.028429 763.762 52.2979 0 0 3.73565e-11 5.22971e-11 0 0 0 0.0809308 8.53295e-12 0 0 14.3415 16.598 0.456121 0 2.83946e-13 4.45965 2.08324 0 0 0.655729 0.0175133 0 0 0 4.35302e-12 4.26751e-12 0 0.0154815 67.8603 107.743 0.238254 0 0.0545959 48.9959 58.2309 0.147558 0 0.0659583 0.132156 0 0 0 11.8941 4.14486 0 0 434.61 151.144 0.999736 0 0.937155 1166.45 1674.07 0 0 8.03642 5.02731 0 0 0.0287195 0.228713 1.13187e-11 0 0.00345271 110.932 82.198 0.536888 0 0.143377 145.803 30.4447 0.399674 0 3.15958e-12 6.79092e-12 0 
0 0 6.32463e-12 1.09562e-12 0 0 9.03091 11.3642 5.07376e-12 0 0.0025277 69.2423 4.7738 0 0 3.38672e-12 4.77372e-12 0 0 0 0.00877734 9.28196e-13 0 0 1.54916 1.80014 0.0496159 0 3.03237e-14 0.481732 0.225938 0 0 0.0708319 0.0018994 0 0 0 8.73494e-14 8.63449e-14 0 0.000297537 1.34655 2.16202 0.00482062 0 0.00104927 0.972227 1.16848 0.00298555 0 0.00130881 0.00265189 0 0 0 0.996905 0.377931 0 0 32.3056 12.6681 0.0911566 0 0.0475285 86.7052 140.312 0 0 0.597367 0.421363 0 0 0.181355 1.32095 6.1363e-11 0 0.028788 700.506 474.739 2.91068 0 1.19545 920.703 175.835 2.16679 0 1.99519e-11 3.92214e-11 0 
$Fmort
 0.818586 0.423179 0.282215
#ESTIMATED_PARAMETERS
$availability
1.42622 1.46385 1.76574 0.152738 0.191452 
0.196265 0.117306 0.300099 4.02025 0.366078 
0.0261407 0.0187738 0.00863418 0.299292 4.64716 
$selectivity
 0.0264367 0.542785 0.725018 0.860159 2.8456
$RunSize
 0 0 1.18563e-09 1.73205e-10 0 0 2259.83 2130.36 8.02105e-10 0 12.9617 17326.7 894.908 0 0 8.47469e-10 8.94894e-10 0 0 0 2.28936 2.04135e-10 0 0 539.462 469.523 10.9118 0 2.16507e-10 167.752 58.9305 0 0 24.6656 0.495414 0 0 0 4.94872e-11 4.12393e-11 0 4.61897 1018.78 1224.88 2.30238 0 16.2889 735.572 661.996 1.42594 0 0.990228 1.50241 0 0 0 16.7826 5.39312 0 0 720.929 213.263 1.30081 0 21.3086 1934.9 2362.12 0 0 13.3308 7.09352 0 0 0.356108 2.15281 9.07266e-11 0 0.84478 1375.51 773.706 4.3035 0 35.0803 1807.89 286.567 3.20364 0 3.91774e-11 6.3921e-11 0
