$ndistricts
3
$ngroups
90
$nstocks
5
$nagecomps
18
$AgeCompLabels
 0.1 0.2 0.3 0.4 0.5 1.1 1.2 1.3 1.4 1.5 2.1 2.2 2.3 2.4 3.1 3.2 3.3 3.4
$navailpar
15
$nselectpar
5
$GENdata
-1
$maxGradient
0.000785031
#LIKELIHOOD_VALUES_AND_PENALTIES
$totalNLL
-193229
$NLLcatch
-131478
$NLLescape
-80553.6
$NLLagecompCatch
11834.6
$NLLagecompEsc
6967.25
$NLLgenetics
0
$NLLselOne
1.71342e-14
$NLLavailOne
8.04389e-11
$NLLextra
4e-198
#OBSERVED_AND_PREDICTED_VALUES
$predEsc
 2351.25 4189.6 2703.13 1624.29 836.474
$obsEsc
 2320.33 4218.99 2744.62 1621.73 799.612
$predCatch
 6728.47 8015.95 2216.63
$obsCatch
 6728.47 8015.95 2216.64
$RunSize
 0 0 0 0 0 3.34568 859.614 1595.57 12.974 0 1.38946 1276.73 273.19 4.93304e-11 0 1.39575 5.88782e-11 0 0 0 0 0 0 1.76634e-10 117.692 5280.86 1.12982e-10 0 7.63825e-11 6.05635 1577.97 1.098e-10 0 9.07042e-11 7.79738e-11 0 0 0 0 0 0 49.7139 317.434 4445.12 9.12825 0 10.3114 191.619 433.536 4.61478e-11 0 5.72869e-11 6.68347e-11 0 0 0 0 0 0 26.6628 237.655 2184.61 2.06906 0 46.1703 3578.35 3044.96 1.65904 0 23.6629 0.0875394 0 0 0 0 0 0 7.81426 397.305 2332.88 4.68625 0 2.02612 39.5823 271.955 4.13738e-11 0 3.81912e-11 2.22782e-11 0
$SSageCompEsc
 1407 912 1611 1615 1358
$obsAgeCompEsc
0 0 0 0 0 0.00138184 0.237582 0.412313 0.00450178 0 0.000584742 0.275586 0.0674664 0 0 0.000584742 0 0 
0 0 0 0 0 0 0.0200953 0.773809 0 0 0 0.000478058 0.205618 0 0 0 0 0 
0 0 0 0 0 0.016774 0.0641941 0.813039 0.0024369 0 0.00356547 0.0261589 0.0738314 0 0 0 0 0 
0 0 0 0 0 0.0160773 0.0384735 0.266595 0 0 0.0276505 0.369196 0.280646 0 0 0.00136068 0 0 
0 0 0 0 0 0.00940889 0.136451 0.742686 0.00259936 0 0.00244079 0.0217625 0.0846521 0 0 0 0 0 
$predAgeCompEsc
0 0 0 0 0 0.00140064 0.21402 0.394471 0.0037692 0 0.000581688 0.317869 0.0675404 1.43314e-14 0 0.000347503 1.45564e-14 0 
0 0 0 0 0 4.15207e-14 0.0169614 0.756205 1.87715e-14 0 1.79549e-14 0.000872825 0.225961 1.82427e-14 0 1.3072e-14 1.11656e-14 0 
0 0 0 0 0 0.0180265 0.0580244 0.804647 0.00205873 0 0.00373898 0.0350263 0.0784778 1.04079e-14 0 1.04716e-14 1.20983e-14 0 
0 0 0 0 0 0.0156955 0.0255099 0.227353 0.000400833 0 0.0271789 0.3841 0.316891 0.000321401 0 0.00253997 9.11028e-06 0 
0 0 0 0 0 0.00905227 0.131338 0.753888 0.00240645 0 0.00234711 0.0130848 0.0878842 2.1246e-14 0 1.26249e-14 7.19937e-15 0 
$SSageCompCatch
 4669 4483 1725
$obsAgeCompCatch
0 0 0 0 0 0.000462582 0.0673674 0.655342 0.000484099 0 8.31783e-05 0.124922 0.151339 0 0 0 0 0 
0 0 0 0 0 0 0.0299395 0.297879 0.000703631 0 8.2761e-05 0.359944 0.308219 0.000255075 0 0.00296433 1.26838e-05 0 
0 0 0 0 0 0 0.112112 0.702593 0.000827319 0 0 0.0311436 0.153306 1.84473e-05 0 0 0 0 
$predAgeCompCatch
0 0 0 0 0 0.000137856 0.0749756 0.673425 0.00099031 0 3.88819e-05 0.102241 0.147952 8.10383e-06 0 0.000229745 5.89574e-07 0 
0 0 0 0 0 0.00015922 0.0380922 0.322849 0.000359514 0 0.000239878 0.338552 0.297447 0.000127311 0 0.00216575 8.01799e-06 0 
0 0 0 0 0 0.00011076 0.107129 0.653839 0.00100204 0 5.80216e-05 0.0947558 0.14253 2.79469e-05 0 0.000545655 2.03141e-06 0 
$genSS
 0 0 0
$obsGenComp     #GeneticFracData
-1 -1 -1 -1 -1 
-1 -1 -1 -1 -1 
-1 -1 -1 -1 -1 
$predGenComp     #catchGenComp_pred
0 0 0 0 0 
0 0 0 0 0 
0 0 0 0 0 
#PARAMETERS_OF_INTEREST
$catchByGroup
0 0 0 
0 0 0 
0 0 0 
0 0 0 
0 0 0 
0.045157 0.00678458 0.000484221 
299.262 53.2291 3.90911 
560.783 99.9448 7.34246 
3.47779 0.590897 0.0430512 
0 0 0 
0.0187537 0.00281764 0.000201097 
444.474 79.0576 5.80595 
96.016 17.1123 1.25716 
1.32234e-11 2.24673e-12 1.63691e-13 
0 0 0 
0.485911 0.0864279 0.00634721 
2.06935e-11 3.68806e-12 2.70944e-13 
0 0 0 
0 0 0 
0 0 0 
0 0 0 
0 0 0 
0 0 0 
2.4465e-12 2.14174e-13 1.83603e-14 
41.8338 4.41168 0.384624 
1894.93 200.275 17.4642 
3.09637e-11 3.10434e-12 2.69377e-13 
0 0 0 
1.05795e-12 9.26158e-14 7.9396e-15 
2.15274 0.227023 0.0197925 
566.222 59.8441 5.21847 
3.00915e-11 3.0169e-12 2.61789e-13 
0 0 0 
3.2241e-11 3.40005e-12 2.96427e-13 
2.79792e-11 2.95713e-12 2.57865e-13 
0 0 0 
0 0 0 
0 0 0 
0 0 0 
0 0 0 
0 0 0 
0.829387 0.154065 0.00237663 
130.551 29.5581 0.477524 
1844.67 418.62 6.76681 
2.92523 0.627976 0.0100158 
0 0 0 
0.172027 0.0319555 0.00049295 
78.8068 17.8427 0.288256 
179.912 40.8283 0.659972 
1.47885e-11 3.17472e-12 5.06346e-14 
0 0 0 
2.35603e-11 5.33431e-12 8.6178e-14 
2.77355e-11 6.29416e-12 1.01742e-13 
0 0 0 
0 0 0 
0 0 0 
0 0 0 
0 0 0 
0 0 0 
0.0387737 1.08592 0.0441485 
10.6452 173.491 12.0839 
98.9976 1603.95 112.373 
0.0680023 1.27273 0.0772583 
0 0 0 
0.0671419 1.88042 0.076449 
160.284 2612.24 181.946 
137.985 2235.63 156.628 
0.0545264 1.02052 0.0619481 
0 0 0 
1.05992 17.2741 1.20317 
0.00396693 0.0642718 0.00450289 
0 0 0 
0 0 0 
0 0 0 
0 0 0 
0 0 0 
0 0 0 
0.0142414 0.0295308 0.198506 
22.1792 44.6554 220.61 
131.743 265.156 1305.38 
0.192248 0.39024 2.09083 
0 0 0 
0.00369258 0.00765688 0.0514696 
2.20964 4.44888 21.9787 
15.3579 30.9105 152.174 
1.69732e-12 3.44534e-12 1.84594e-11 
0 0 0 
2.13199e-12 4.29253e-12 2.12063e-11 
1.2581e-12 2.53215e-12 1.24659e-11 
0 0 0 
$escByGroup
 5e-101 5e-101 5e-101 5e-101 5e-101 3.29325 503.213 927.499 8.86231 5e-101 1.36769 747.389 158.804 3.36966e-11 5e-101 0.817065 3.42257e-11 5e-101 5e-101 5e-101 5e-101 5e-101 5e-101 1.73955e-10 71.0617 3168.2 7.8645e-11 5e-101 7.5224e-11 3.65679 946.688 7.64297e-11 5e-101 5.47667e-11 4.67795e-11 5e-101 5e-101 5e-101 5e-101 5e-101 5e-101 48.7281 156.847 2175.07 5.56503 5e-101 10.1069 94.6807 212.136 2.81339e-11 5e-101 2.8306e-11 3.27032e-11 5e-101 5e-101 5e-101 5e-101 5e-101 5e-101 25.494 41.4353 369.287 0.651068 5e-101 44.1463 623.888 514.722 0.522047 5e-101 4.12564 0.0147977 5e-101 5e-101 5e-101 5e-101 5e-101 5e-101 7.57198 109.86 630.607 2.01293 5e-101 1.9633 10.9451 73.5128 1.77717e-11 5e-101 1.05604e-11 6.02208e-12 5e-101
$catchByGroup
0 0 0 0 0 0.045157 299.262 560.783 3.47779 0 0.0187537 444.474 96.016 1.32234e-11 0 0.485911 2.06935e-11 0 0 0 0 0 0 2.4465e-12 41.8338 1894.93 3.09637e-11 0 1.05795e-12 2.15274 566.222 3.00915e-11 0 3.2241e-11 2.79792e-11 0 0 0 0 0 0 0.829387 130.551 1844.67 2.92523 0 0.172027 78.8068 179.912 1.47885e-11 0 2.35603e-11 2.77355e-11 0 0 0 0 0 0 0.0387737 10.6452 98.9976 0.0680023 0 0.0671419 160.284 137.985 0.0545264 0 1.05992 0.00396693 0 0 0 0 0 0 0.0142414 22.1792 131.743 0.192248 0 0.00369258 2.20964 15.3579 1.69732e-12 0 2.13199e-12 1.2581e-12 0 
0 0 0 0 0 0.00678458 53.2291 99.9448 0.590897 0 0.00281764 79.0576 17.1123 2.24673e-12 0 0.0864279 3.68806e-12 0 0 0 0 0 0 2.14174e-13 4.41168 200.275 3.10434e-12 0 9.26158e-14 0.227023 59.8441 3.0169e-12 0 3.40005e-12 2.95713e-12 0 0 0 0 0 0 0.154065 29.5581 418.62 0.627976 0 0.0319555 17.8427 40.8283 3.17472e-12 0 5.33431e-12 6.29416e-12 0 0 0 0 0 0 1.08592 173.491 1603.95 1.27273 0 1.88042 2612.24 2235.63 1.02052 0 17.2741 0.0642718 0 0 0 0 0 0 0.0295308 44.6554 265.156 0.39024 0 0.00765688 4.44888 30.9105 3.44534e-12 0 4.29253e-12 2.53215e-12 0 
0 0 0 0 0 0.000484221 3.90911 7.34246 0.0430512 0 0.000201097 5.80595 1.25716 1.63691e-13 0 0.00634721 2.70944e-13 0 0 0 0 0 0 1.83603e-14 0.384624 17.4642 2.69377e-13 0 7.9396e-15 0.0197925 5.21847 2.61789e-13 0 2.96427e-13 2.57865e-13 0 0 0 0 0 0 0.00237663 0.477524 6.76681 0.0100158 0 0.00049295 0.288256 0.659972 5.06346e-14 0 8.6178e-14 1.01742e-13 0 0 0 0 0 0 0.0441485 12.0839 112.373 0.0772583 0 0.076449 181.946 156.628 0.0619481 0 1.20317 0.00450289 0 0 0 0 0 0 0.198506 220.61 1305.38 2.09083 0 0.0514696 21.9787 152.174 1.84594e-11 0 2.12063e-11 1.24659e-11 0 
$Fmort
 0.318654 0.345904 0.18518
#ESTIMATED_PARAMETERS
$availability
1.42622 1.46385 1.76574 0.152738 0.191452 
0.196265 0.117306 0.300099 4.02025 0.366078 
0.0261407 0.0187738 0.00863418 0.299292 4.64716 
$selectivity
 0.0299006 0.941573 0.952832 0.686627 2.38907
$RunSize
 0 0 0 0 0 3.34568 859.614 1595.57 12.974 0 1.38946 1276.73 273.19 4.93304e-11 0 1.39575 5.88782e-11 0 0 0 0 0 0 1.76634e-10 117.692 5280.86 1.12982e-10 0 7.63825e-11 6.05635 1577.97 1.098e-10 0 9.07042e-11 7.79738e-11 0 0 0 0 0 0 49.7139 317.434 4445.12 9.12825 0 10.3114 191.619 433.536 4.61478e-11 0 5.72869e-11 6.68347e-11 0 0 0 0 0 0 26.6628 237.655 2184.61 2.06906 0 46.1703 3578.35 3044.96 1.65904 0 23.6629 0.0875394 0 0 0 0 0 0 7.81426 397.305 2332.88 4.68625 0 2.02612 39.5823 271.955 4.13738e-11 0 3.81912e-11 2.22782e-11 0
