$ndistricts
3
$ngroups
90
$nstocks
5
$nagecomps
18
$AgeCompLabels
 0.1 0.2 0.3 0.4 0.5 1.1 1.2 1.3 1.4 1.5 2.1 2.2 2.3 2.4 3.1 3.2 3.3 3.4
$navailpar
15
$nselectpar
5
$GENdata
1
$maxGradient
0.000225401
#LIKELIHOOD_VALUES_AND_PENALTIES
$totalNLL
-196790
$NLLcatch
-182318
$NLLescape
-43451.8
$NLLagecompCatch
19024
$NLLagecompEsc
7132.86
$NLLgenetics
2822.83
$NLLselOne
1.54573e-17
$NLLavailOne
2.39988e-14
$NLLextra
4.4e-198
#OBSERVED_AND_PREDICTED_VALUES
$predEsc
 2255.45 968.767 1153.89 1189.58 1366.21
$obsEsc
 2266.14 970.818 1169.47 1146.28 1364.34
$predCatch
 8514.94 11527.5 2555.26
$obsCatch
 8514.94 11527.5 2555.26
$RunSize
 0 0 0 0 0 2.82205 1136.84 2873.34 10.408 0 5.4067e-11 2232.15 131.003 1.58924e-10 0 5.24287e-11 0 0 0 0 0 0 0 1.29976 744.702 1464.24 131.349 0 3.60447e-11 76.9367 22.1967 9.50269e-11 0 4.25983e-11 0 0 0 0 0 0 0 48.4629 1213.25 1538.04 281.262 0 10.1412 868.101 572.179 19.8731 0 0.988424 0 0 0 0 0 0 0 7.62276 491.769 3539.73 20.4049 0 36.7552 6198.34 2310.14 1.1004 2.21161 8.8598 0 0 0 0 0 0 0 64.8209 927.466 1419.22 9.55051 0 1.83115 1063.51 48.6187 2.62143e-11 0 3.11295e-11 0 0
$SSageCompEsc
 1424 932 1389 1360 704
$obsAgeCompEsc
0 0 0 0 0 0.00122976 0.206111 0.33104 0.00107936 0 0 0.44407 0.0164695 0 0 0 0 0 
0 0 0 0 0 0.00132603 0.370507 0.535829 0.0438984 0 0 0.0400175 0.00842289 0 0 0 0 0 
0 0 0 0 0 0.0409857 0.338829 0.229724 0.0321101 0 0.00859633 0.256 0.090412 0.00284249 0 0.00050005 0 0 
0 0 0 0 0 0.00648294 0.0548315 0.146997 0.000484487 0 0.0303825 0.677928 0.0810102 0 0.00188295 0 0 0 
0 0 0 0 0 0.0471084 0.216886 0.345498 0.00315047 0 0.00138643 0.373268 0.0127024 0 0 0 0 0 
$predAgeCompEsc
0 0 0 0 0 0.00123042 0.200986 0.384386 0.00124209 0 2.35734e-14 0.39463 0.0175252 1.8966e-14 0 9.26904e-15 0 0 
0 0 0 0 0 0.00132355 0.35743 0.551277 0.0446861 0 3.67042e-14 0.0369268 0.00835691 3.23289e-14 0 2.04456e-14 0 0 
0 0 0 0 0 0.0412706 0.332199 0.249866 0.0346599 0 0.00863615 0.237694 0.0929547 0.00244896 0 0.000270639 0 0 
0 0 0 0 0 0.00621182 0.0557985 0.12206 0.000205228 0 0.029952 0.703294 0.0796603 1.10676e-05 0.00180225 0.00100528 0 0 
0 0 0 0 0 0.0467081 0.283467 0.330164 0.00198357 0 0.00131948 0.325047 0.0113105 5.44452e-15 0 9.51431e-15 0 0 
$SSageCompCatch
 5779 5074 4205
$obsAgeCompCatch
0 0 0 0 0 5.5727e-05 0.195325 0.485106 0.0337067 0 0 0.216763 0.0676495 0.00139368 0 0 0 0 
0 0 0 0 0 0 0.0557278 0.296003 0.00666959 0 0.000251026 0.457826 0.181957 0.000520849 0 0.00104462 0 0 
0 0 0 0 0 0.000341218 0.220093 0.419367 0.00270411 0 0 0.305524 0.0519708 0 0 0 0 0 
$predAgeCompCatch
0 0 0 0 0 9.01754e-05 0.200286 0.461283 0.0323731 0 2.00723e-05 0.237869 0.0664266 0.00155234 1.72323e-07 9.89019e-05 0 0 
0 0 0 0 0 3.48129e-05 0.0556228 0.307657 0.00701174 0 9.59946e-05 0.44474 0.183786 0.000421854 5.61695e-06 0.000623526 0 0 
0 0 0 0 0 0.000382715 0.207753 0.420569 0.00291657 0 2.03605e-05 0.315449 0.0527673 2.09395e-05 5.77966e-07 0.000121427 0 0 
$genSS
 1466 1490 932
$obsGenComp     #GeneticFracData
0.479592 0.142857 0.306122 0.0714286 0 
0.0102041 0.0102041 0.0612245 0.908163 0.0102041 
0 0 0 0.22 0.78 
$predGenComp     #catchGenComp_pred
0.470177 0.159652 0.312097 0.0580737 6.50258e-11 
0.0110683 0.00976174 0.0642747 0.905249 0.00964612 
1.12063e-10 1.14615e-10 1.09758e-10 0.194752 0.805248 
#PARAMETERS_OF_INTEREST
$catchByGroup
0 0 0 
0 0 0 
0 0 0 
0 0 0 
0 0 0 
0.0459527 0.000940733 2.09009e-12 
663.479 20.0488 4.49346e-08 
1941.42 64.9578 1.45956e-07 
7.35081 0.255745 5.7522e-10 
0 0 0 
8.80397e-13 1.80233e-14 4.00437e-23 
1302.72 39.365 8.82276e-08 
88.5144 2.96159 6.65452e-09 
1.12242e-10 3.90507e-12 8.78326e-21 
0 0 0 
3.05982e-11 9.24604e-13 2.07229e-21 
0 0 0 
0 0 0 
0 0 0 
0 0 0 
0 0 0 
0 0 0 
0 0 0 
0.016594 0.000962323 2.44651e-12 
369.575 28.8613 7.48043e-08 
857.66 72.5223 1.89022e-07 
80.9964 7.06242 1.84483e-08 
0 0 0 
4.60182e-13 2.66869e-14 6.78459e-23 
38.1816 2.98172 7.72819e-09 
13.0014 1.09938 2.86541e-09 
5.85983e-11 5.10944e-12 1.33467e-20 
0 0 0 
2.11403e-11 1.65092e-12 4.27894e-21 
0 0 0 
0 0 0 
0 0 0 
0 0 0 
0 0 0 
0 0 0 
0 0 0 
0.700234 0.14096 4.88223e-11 
655.26 174.671 6.523e-08 
971.206 278.518 1.06272e-07 
186.322 54.9465 2.11442e-08 
0 0 0 
0.146529 0.0294968 1.02164e-11 
468.849 124.98 4.66731e-08 
361.306 103.614 3.95351e-08 
13.1649 3.88235 1.49398e-09 
0 0 0 
0.533833 0.142303 5.31422e-11 
0 0 0 
0 0 0 
0 0 0 
0 0 0 
0 0 0 
0 0 0 
0 0 0 
0.00505743 0.223171 0.00509028 
17.113 391.057 17.2222 
157.511 3078.51 158.511 
0.985923 18.1827 0.99217 
0 0 0 
0.0243858 1.07608 0.0245441 
215.695 4928.95 217.072 
102.797 2009.13 103.449 
0.0531691 0.980562 0.053506 
0.00146732 0.0647492 0.00147685 
0.308311 7.04536 0.310278 
0 0 0 
0 0 0 
0 0 0 
0 0 0 
0 0 0 
0 0 0 
0 0 0 
1.72797e-10 0.0352701 0.972846 
1.31946e-07 26.5513 513.64 
2.59479e-07 52.0002 916.152 
1.8998e-09 0.380103 6.46044 
0 0 0 
4.88141e-12 0.000996359 0.0274824 
1.513e-07 30.446 588.983 
8.88905e-09 1.78138 31.3849 
5.21459e-21 1.04331e-12 1.77327e-11 
0 0 0 
4.42863e-21 8.9117e-13 1.72398e-11 
0 0 0 
0 0 0 
$escByGroup
 5e-101 5e-101 5e-101 5e-101 5e-101 2.77516 453.314 866.964 2.80148 5e-101 5.31686e-11 890.067 39.5271 4.27769e-11 5e-101 2.09059e-11 5e-101 5e-101 5e-101 5e-101 5e-101 5e-101 5e-101 1.28221 346.266 534.059 43.2904 5e-101 3.55578e-11 35.7735 8.09589 3.13192e-11 5e-101 1.9807e-11 5e-101 5e-101 5e-101 5e-101 5e-101 5e-101 5e-101 47.6217 383.321 288.318 39.9937 5e-101 9.96516 274.272 107.259 2.82583 5e-101 0.312288 5e-101 5e-101 5e-101 5e-101 5e-101 5e-101 5e-101 7.38944 66.3765 145.2 0.244134 5e-101 35.6302 836.621 94.762 0.0131657 2.14391 1.19585 5e-101 5e-101 5e-101 5e-101 5e-101 5e-101 5e-101 63.8128 387.274 451.072 2.70996 5e-101 1.80268 444.081 15.4525 7.43833e-12 5e-101 1.29985e-11 5e-101 5e-101
$catchByGroup
0 0 0 0 0 0.0459527 663.479 1941.42 7.35081 0 8.80397e-13 1302.72 88.5144 1.12242e-10 0 3.05982e-11 0 0 0 0 0 0 0 0.016594 369.575 857.66 80.9964 0 4.60182e-13 38.1816 13.0014 5.85983e-11 0 2.11403e-11 0 0 0 0 0 0 0 0.700234 655.26 971.206 186.322 0 0.146529 468.849 361.306 13.1649 0 0.533833 0 0 0 0 0 0 0 0.00505743 17.113 157.511 0.985923 0 0.0243858 215.695 102.797 0.0531691 0.00146732 0.308311 0 0 0 0 0 0 0 1.72797e-10 1.31946e-07 2.59479e-07 1.8998e-09 0 4.88141e-12 1.513e-07 8.88905e-09 5.21459e-21 0 4.42863e-21 0 0 
0 0 0 0 0 0.000940733 20.0488 64.9578 0.255745 0 1.80233e-14 39.365 2.96159 3.90507e-12 0 9.24604e-13 0 0 0 0 0 0 0 0.000962323 28.8613 72.5223 7.06242 0 2.66869e-14 2.98172 1.09938 5.10944e-12 0 1.65092e-12 0 0 0 0 0 0 0 0.14096 174.671 278.518 54.9465 0 0.0294968 124.98 103.614 3.88235 0 0.142303 0 0 0 0 0 0 0 0.223171 391.057 3078.51 18.1827 0 1.07608 4928.95 2009.13 0.980562 0.0647492 7.04536 0 0 0 0 0 0 0 0.0352701 26.5513 52.0002 0.380103 0 0.000996359 30.446 1.78138 1.04331e-12 0 8.9117e-13 0 0 
0 0 0 0 0 2.09009e-12 4.49346e-08 1.45956e-07 5.7522e-10 0 4.00437e-23 8.82276e-08 6.65452e-09 8.78326e-21 0 2.07229e-21 0 0 0 0 0 0 0 2.44651e-12 7.48043e-08 1.89022e-07 1.84483e-08 0 6.78459e-23 7.72819e-09 2.86541e-09 1.33467e-20 0 4.27894e-21 0 0 0 0 0 0 0 4.88223e-11 6.523e-08 1.06272e-07 2.11442e-08 0 1.02164e-11 4.66731e-08 3.95351e-08 1.49398e-09 0 5.31422e-11 0 0 0 0 0 0 0 0.00509028 17.2222 158.511 0.99217 0 0.0245441 217.072 103.449 0.053506 0.00147685 0.310278 0 0 0 0 0 0 0 0.972846 513.64 916.152 6.46044 0 0.0274824 588.983 31.3849 1.77327e-11 0 1.72398e-11 0 0 
$Fmort
 1.19161 0.91733 0.422967
#ESTIMATED_PARAMETERS
$availability
1.8453 1.44423 1.63588 0.0745972 2.99631e-10 
0.0486792 0.10814 0.425292 4.33842 0.0794654 
2.3453e-10 5.96021e-10 3.19017e-10 0.211526 4.78847 
$selectivity
 0.0074663 0.398452 0.512072 0.557135 3.52487
$RunSize
 0 0 0 0 0 2.82205 1136.84 2873.34 10.408 0 5.4067e-11 2232.15 131.003 1.58924e-10 0 5.24287e-11 0 0 0 0 0 0 0 1.29976 744.702 1464.24 131.349 0 3.60447e-11 76.9367 22.1967 9.50269e-11 0 4.25983e-11 0 0 0 0 0 0 0 48.4629 1213.25 1538.04 281.262 0 10.1412 868.101 572.179 19.8731 0 0.988424 0 0 0 0 0 0 0 7.62276 491.769 3539.73 20.4049 0 36.7552 6198.34 2310.14 1.1004 2.21161 8.8598 0 0 0 0 0 0 0 64.8209 927.466 1419.22 9.55051 0 1.83115 1063.51 48.6187 2.62143e-11 0 3.11295e-11 0 0
