$ndistricts
3
$ngroups
90
$nstocks
5
$nagecomps
18
$AgeCompLabels
 0.1 0.2 0.3 0.4 0.5 1.1 1.2 1.3 1.4 1.5 2.1 2.2 2.3 2.4 3.1 3.2 3.3 3.4
$navailpar
15
$nselectpar
5
$GENdata
-1
$maxGradient
0.000131468
#LIKELIHOOD_VALUES_AND_PENALTIES
$totalNLL
-276778
$NLLcatch
-212089
$NLLescape
-97927.8
$NLLagecompCatch
22718.4
$NLLagecompEsc
10519.8
$NLLgenetics
0
$NLLselOne
7.92309e-15
$NLLavailOne
8.04389e-11
$NLLextra
0.0432396
#OBSERVED_AND_PREDICTED_VALUES
$predEsc
 8267.05 552.959 1197.05 1605.14 1714.17
$obsEsc
 8317.5 530.633 1161.98 1611.57 1713.29
$predCatch
 13810 8901.99 3146.24
$obsCatch
 13810 8901.99 3146.24
$RunSize
 0 0.941175 14.5508 3.06768e-10 0 1.02256e-10 850.645 1764.26 2.55861 4.56888e-11 33.2453 16231.8 371.858 1.26188e-10 6.9621e-11 5.22158e-11 4.78645e-11 0 0 9.79046e-11 16.4789 1.49901 0 2.34971e-10 546.141 548.318 1.08783e-10 4.56888e-11 1.37066e-10 92.8541 59.1167 2.41498e-10 1.10959e-10 5.87427e-11 5.22158e-11 0 0 3.48105e-11 1.97928 9.13776e-11 0 7.23948 791.756 916.962 4.18454 4.56888e-11 27.7108 1535.03 391.164 6.36437 1.95809e-11 3.04592e-11 2.82835e-11 0 0 2.39322e-11 3.21345 2.61079e-11 0 1.43671 434.293 613.431 5.87373 0.466829 32.2533 5193.21 3209.73 4.13375e-11 2.00769 17.9546 0.798553 0 0 4.79833 9.05717 1.95809e-11 0 0.537531 647 629.803 3.17164 2.82835e-11 0.981234 3947.65 217.392 2.69686 1.30539e-11 0.126367 1.95809e-11 0
$SSageCompEsc
 3007 88.5 1732 2744 3712
$obsAgeCompEsc
0 0.000106919 0.000264508 0 0 0 0.0453678 0.060585 0.000235161 0 0.00373348 0.873374 0.0163333 0 0 0 0 0 
0 0 0 0 0 0 0.601116 0.250188 0 0 0 0.102692 0.0460043 0 0 0 0 0 
0 0 0.000389753 0 0 0.00518031 0.222433 0.213982 0.0011853 0 0.021533 0.434988 0.0988799 0.00142853 0 0 0 0 
0 0 0 0 0 0.000708519 0.0408486 0.0594829 0.000205748 0 0.0177067 0.535 0.344368 0 0.000938515 0.000601233 0.000140165 0 
0 0.00135269 0.00125205 0 0 0.000295966 0.150879 0.10471 0 0 0.000546787 0.703015 0.0376991 0.000249729 0 0 0 0 
$predAgeCompEsc
0 4.89568e-05 0.000727723 1.18178e-14 0 1.14374e-14 0.0442477 0.0882353 9.85668e-05 6.59475e-16 0.00371852 0.844326 0.0185976 4.86123e-15 7.7872e-15 2.71609e-15 2.39383e-15 0 
0 7.88266e-14 0.0127993 0.000921757 0 3.93268e-13 0.439718 0.425884 6.68918e-14 1.29715e-14 2.29406e-13 0.0747603 0.0459165 1.485e-13 1.8571e-13 4.7296e-14 4.05565e-14 0 
0 9.49143e-15 0.000509604 1.56967e-14 0 0.00547956 0.21588 0.23609 0.000718812 -7.86984e-18 0.0209743 0.418541 0.100713 0.00109326 1.48208e-14 8.305e-15 7.28216e-15 0 
0 2.59087e-15 0.000310101 8.41419e-16 0 0.000779086 0.0470159 0.0591966 0.000189302 -4.09663e-05 0.01749 0.562209 0.309741 1.33225e-15 0.00108871 0.00194374 7.7061e-05 0 
0 0.000887697 0.00156213 1.94046e-15 0 0.000286744 0.119696 0.108625 0.000314307 -1.86636e-15 0.000523436 0.73032 0.0374945 0.000267257 6.96359e-15 2.3378e-05 3.37721e-15 0 
$SSageCompCatch
 9757 9235 4160
$obsAgeCompCatch
0 4.31321e-05 0.00161289 8.48751e-05 0 0.000112636 0.0893595 0.151951 0.000236226 0 0.000313058 0.700837 0.0551206 0.00032907 0 0 0 0 
0 0 0.000747975 0 0 5.59792e-05 0.0624329 0.0805053 0.000634903 5.57807e-05 0.000417034 0.59433 0.258837 4.39829e-05 7.2761e-05 0.00181061 5.57807e-05 0 
0 0.000479611 0.00169001 0 0 0 0.0763395 0.114228 0.00105275 0 0 0.725711 0.0793763 0.000574326 0 0.000549165 0 0 
$predAgeCompCatch
0 6.60829e-05 0.00134791 6.62722e-05 0 4.54756e-05 0.0916947 0.135096 0.00038371 4.77246e-06 0.000353818 0.718117 0.052388 0.000335753 1.10641e-06 9.57676e-05 4.38869e-06 0 
0 6.38843e-05 0.000564034 7.73855e-06 0 2.7239e-05 0.0581653 0.0817541 0.000651947 4.81103e-05 0.000479282 0.585381 0.271207 0.000122437 2.65377e-05 0.00143624 6.50957e-05 0 
0 0.000741143 0.00151444 1.65565e-06 0 1.33057e-05 0.107346 0.111422 0.000689051 1.22053e-05 6.93292e-05 0.697847 0.0795723 0.000498291 2.74362e-06 0.000258397 1.10513e-05 0 
$genSS
 0 0 0
$obsGenComp     #GeneticFracData
-1 -1 -1 -1 -1 
-1 -1 -1 -1 -1 
-1 -1 -1 -1 -1 
$predGenComp     #catchGenComp_pred
0 0 0 0 0 
0 0 0 0 0 
0 0 0 0 0 
#PARAMETERS_OF_INTEREST
$catchByGroup
0 0 0 
0.477545 0.0553932 0.00350899 
7.58782 0.89037 0.0564673 
1.84365e-10 2.32205e-11 1.48331e-12 
0 0 0 
7.04048e-12 6.23026e-13 3.84753e-14 
431.611 50.065 3.17147 
920.012 107.956 6.84658 
1.53771 0.193672 0.0123716 
3.46582e-11 5.23745e-12 3.41267e-13 
2.28899 0.202557 0.012509 
8235.9 955.329 60.5172 
193.914 22.7542 1.44307 
7.58383e-11 9.55172e-12 6.10156e-13 
4.79352e-12 4.24188e-13 2.6196e-14 
2.64939e-11 3.07318e-12 1.94676e-13 
2.496e-11 2.92885e-12 1.85748e-13 
0 0 0 
0 0 0 
5.05684e-11 3.48595e-12 2.62289e-13 
8.74509 0.610319 0.0459528 
0.915216 0.0688885 0.00520906 
0 0 0 
1.65894e-11 8.56724e-13 6.34991e-14 
282.086 19.4456 1.46312 
290.984 20.3078 1.52903 
6.64171e-11 4.99923e-12 3.78021e-13 
3.5064e-11 3.20671e-12 2.45352e-13 
9.67717e-12 4.99756e-13 3.70411e-14 
47.9598 3.30612 0.248758 
31.3724 2.18947 0.164852 
1.47446e-10 1.10983e-11 8.39206e-13 
7.8339e-12 4.04564e-13 2.99857e-14 
3.03411e-11 2.09157e-12 1.57373e-13 
2.77102e-11 1.93389e-12 1.45609e-13 
0 0 0 
0 0 0 
2.03224e-11 3.08346e-12 4.29209e-14 
1.18456 0.182161 0.00254031 
6.20801e-11 1.03617e-11 1.46174e-13 
0 0 0 
0.611959 0.0673358 0.000899829 
462.228 70.1325 0.976225 
548.783 84.3918 1.17688 
2.84289 0.474504 0.00669389 
3.78243e-11 7.76092e-12 1.13003e-13 
2.34241 0.257743 0.00344431 
896.154 135.971 1.89267 
234.104 36.0005 0.502041 
4.32382 0.721684 0.0101809 
1.65519e-12 1.82126e-13 2.43381e-15 
1.77821e-11 2.69803e-12 3.75558e-14 
1.69271e-11 2.60305e-12 3.63006e-14 
0 0 0 
0 0 0 
1.74759e-12 1.7024e-11 1.00191e-12 
0.24389 2.33189 0.139918 
2.44653e-12 2.09014e-11 1.40938e-12 
0 0 0 
0.0109341 0.169053 0.00617713 
31.7131 308.931 18.1815 
46.5574 445.145 26.7096 
0.550418 4.70238 0.317082 
0.0659074 0.428277 0.0384009 
0.245463 3.79514 0.138673 
379.22 3694.15 217.411 
243.608 2329.19 139.756 
3.87367e-12 3.30939e-11 2.23152e-12 
0.0152795 0.236239 0.00863207 
1.31109 12.7719 0.751663 
0.0606076 0.579482 0.0347701 
0 0 0 
0 0 0 
0.435058 0.513305 2.3283 
0.853199 1.00629 4.51992 
2.27201e-12 2.67372e-12 1.13089e-11 
0 0 0 
0.00512284 0.00609264 0.0347859 
58.6626 69.2133 313.945 
59.3283 69.9738 314.299 
0.368011 0.433078 1.83177 
4.91233e-12 5.74598e-12 2.08245e-11 
0.00935147 0.0111218 0.0634997 
357.928 422.302 1915.52 
20.4786 24.1531 108.488 
0.312921 0.368248 1.55756 
1.24408e-13 1.4796e-13 8.44775e-13 
0.0114575 0.0135182 0.0613171 
1.84455e-12 2.17552e-12 9.77172e-12 
0 0 0 
$escByGroup
 5e-101 0.404728 6.01612 9.76984e-11 5e-101 9.45539e-11 365.798 729.445 0.814856 5.45191e-12 30.7412 6980.08 153.747 4.0188e-11 6.43771e-11 2.24541e-11 1.97899e-11 5e-101 5e-101 4.35879e-11 7.07749 0.509695 5e-101 2.17461e-10 243.146 235.496 3.69885e-11 7.1727e-12 1.26852e-10 41.3394 25.39 8.21144e-11 1.0269e-10 2.61528e-11 2.24261e-11 5e-101 5e-101 1.13617e-11 0.61002 1.87896e-11 5e-101 6.55929 258.418 282.611 0.860451 1.06151e-186 25.1072 501.014 120.558 1.30868 1.77412e-11 9.94148e-12 8.71708e-12 5e-101 5e-101 4.15871e-12 0.497755 1.3506e-12 5e-101 1.25054 75.4672 95.0189 0.303856 1.52076e-199 28.074 902.426 497.178 2.13844e-12 1.74754 3.11998 0.123694 5e-101 5e-101 1.52167 2.67777 3.32628e-12 5e-101 0.49153 205.18 186.202 0.538777 3.12571e-189 0.897261 1251.9 64.2722 0.458125 1.19368e-11 0.0400739 5.78913e-12 5e-101
$catchByGroup
0 0.477545 7.58782 1.84365e-10 0 7.04048e-12 431.611 920.012 1.53771 3.46582e-11 2.28899 8235.9 193.914 7.58383e-11 4.79352e-12 2.64939e-11 2.496e-11 0 0 5.05684e-11 8.74509 0.915216 0 1.65894e-11 282.086 290.984 6.64171e-11 3.5064e-11 9.67717e-12 47.9598 31.3724 1.47446e-10 7.8339e-12 3.03411e-11 2.77102e-11 0 0 2.03224e-11 1.18456 6.20801e-11 0 0.611959 462.228 548.783 2.84289 3.78243e-11 2.34241 896.154 234.104 4.32382 1.65519e-12 1.77821e-11 1.69271e-11 0 0 1.74759e-12 0.24389 2.44653e-12 0 0.0109341 31.7131 46.5574 0.550418 0.0659074 0.245463 379.22 243.608 3.87367e-12 0.0152795 1.31109 0.0606076 0 0 0.435058 0.853199 2.27201e-12 0 0.00512284 58.6626 59.3283 0.368011 4.91233e-12 0.00935147 357.928 20.4786 0.312921 1.24408e-13 0.0114575 1.84455e-12 0 
0 0.0553932 0.89037 2.32205e-11 0 6.23026e-13 50.065 107.956 0.193672 5.23745e-12 0.202557 955.329 22.7542 9.55172e-12 4.24188e-13 3.07318e-12 2.92885e-12 0 0 3.48595e-12 0.610319 0.0688885 0 8.56724e-13 19.4456 20.3078 4.99923e-12 3.20671e-12 4.99756e-13 3.30612 2.18947 1.10983e-11 4.04564e-13 2.09157e-12 1.93389e-12 0 0 3.08346e-12 0.182161 1.03617e-11 0 0.0673358 70.1325 84.3918 0.474504 7.76092e-12 0.257743 135.971 36.0005 0.721684 1.82126e-13 2.69803e-12 2.60305e-12 0 0 1.7024e-11 2.33189 2.09014e-11 0 0.169053 308.931 445.145 4.70238 0.428277 3.79514 3694.15 2329.19 3.30939e-11 0.236239 12.7719 0.579482 0 0 0.513305 1.00629 2.67372e-12 0 0.00609264 69.2133 69.9738 0.433078 5.74598e-12 0.0111218 422.302 24.1531 0.368248 1.4796e-13 0.0135182 2.17552e-12 0 
0 0.00350899 0.0564673 1.48331e-12 0 3.84753e-14 3.17147 6.84658 0.0123716 3.41267e-13 0.012509 60.5172 1.44307 6.10156e-13 2.6196e-14 1.94676e-13 1.85748e-13 0 0 2.62289e-13 0.0459528 0.00520906 0 6.34991e-14 1.46312 1.52903 3.78021e-13 2.45352e-13 3.70411e-14 0.248758 0.164852 8.39206e-13 2.99857e-14 1.57373e-13 1.45609e-13 0 0 4.29209e-14 0.00254031 1.46174e-13 0 0.000899829 0.976225 1.17688 0.00669389 1.13003e-13 0.00344431 1.89267 0.502041 0.0101809 2.43381e-15 3.75558e-14 3.63006e-14 0 0 1.00191e-12 0.139918 1.40938e-12 0 0.00617713 18.1815 26.7096 0.317082 0.0384009 0.138673 217.411 139.756 2.23152e-12 0.00863207 0.751663 0.0347701 0 0 2.3283 4.51992 1.13089e-11 0 0.0347859 313.945 314.299 1.83177 2.08245e-11 0.0634997 1915.52 108.488 1.55756 8.44775e-13 0.0613171 9.77172e-12 0 
$Fmort
 0.540781 0.336665 0.155652
#ESTIMATED_PARAMETERS
$availability
1.42622 1.46385 1.76574 0.152738 0.191452 
0.196265 0.117306 0.300099 4.02025 0.366078 
0.0261407 0.0187738 0.00863418 0.299292 4.64716 
$selectivity
 0.0924917 0.918015 0.955613 1.19125 1.84263
$RunSize
 0 0.941175 14.5508 3.06768e-10 0 1.02256e-10 850.645 1764.26 2.55861 4.56888e-11 33.2453 16231.8 371.858 1.26188e-10 6.9621e-11 5.22158e-11 4.78645e-11 0 0 9.79046e-11 16.4789 1.49901 0 2.34971e-10 546.141 548.318 1.08783e-10 4.56888e-11 1.37066e-10 92.8541 59.1167 2.41498e-10 1.10959e-10 5.87427e-11 5.22158e-11 0 0 3.48105e-11 1.97928 9.13776e-11 0 7.23948 791.756 916.962 4.18454 4.56888e-11 27.7108 1535.03 391.164 6.36437 1.95809e-11 3.04592e-11 2.82835e-11 0 0 2.39322e-11 3.21345 2.61079e-11 0 1.43671 434.293 613.431 5.87373 0.466829 32.2533 5193.21 3209.73 4.13375e-11 2.00769 17.9546 0.798553 0 0 4.79833 9.05717 1.95809e-11 0 0.537531 647 629.803 3.17164 2.82835e-11 0.981234 3947.65 217.392 2.69686 1.30539e-11 0.126367 1.95809e-11 0
