$ndistricts
3
$ngroups
90
$nstocks
5
$nagecomps
18
$AgeCompLabels
 0.1 0.2 0.3 0.4 0.5 1.1 1.2 1.3 1.4 1.5 2.1 2.2 2.3 2.4 3.1 3.2 3.3 3.4
$navailpar
15
$nselectpar
5
$GENdata
-1
$maxGradient
8.22099e-05
#LIKELIHOOD_VALUES_AND_PENALTIES
$totalNLL
-74530.4
$NLLcatch
-62472
$NLLescape
-30391.3
$NLLagecompCatch
13966.1
$NLLagecompEsc
4366.77
$NLLgenetics
0
$NLLselOne
6.20231e-16
$NLLavailOne
8.04389e-11
$NLLextra
0.015449
#OBSERVED_AND_PREDICTED_VALUES
$predEsc
 1072.06 203.934 1909.66 993.296 848.636
$obsEsc
 1095.35 267 1830.36 968.872 866.368
$predCatch
 5280.54 2872.66 480.509
$obsCatch
 5280.54 2872.66 480.509
$RunSize
 0 0 0 0 0 1.33474e-10 128.999 2172.75 7.73292 4.62608e-11 6.21867e-11 25.0437 122.714 1.85802e-10 0 5.99116e-11 6.21867e-11 0 0 0 0 0 0 0.104192 150.699 226.27 3.86433 5.15695e-11 4.47441e-11 11.8768 50.6668 1.28924e-10 0 5.08111e-11 5.00527e-11 0 0 0 0 0 0 1.41754 36.7173 5464.43 52.9842 4.09522e-11 6.35623 24.2186 133.447 2.28517 0 7.81126e-11 7.12872e-11 0 0 0 0 0 0 5.68781e-11 8.47803 1285.36 7.70071 3.18517e-11 18.826 578.013 1582.84 14.2355 2.20598 11.169 7.50864 0 0 0 0 0 0 1.21799 304.084 1071.88 43.059 0.0701454 2.77347 40.6126 54.45 4.02812 0 4.17106e-11 0.200377 0
$SSageCompEsc
 1305 411.5 1378 1242 1357
$obsAgeCompEsc
0 0 0 0 0 0 0.099823 0.832981 0.00310365 0 0 0.0132323 0.0508602 0 0 0 0 0 
0 0 0 0 0 0.000258602 0.462782 0.40656 0.00654437 0 0 0.027621 0.0962343 0 0 0 0 0 
0 0 0 0 0 0 0.0216509 0.926803 0.0132883 0 0.00353228 0.00751432 0.0269132 0.000297521 0 0 0 0 
0 0 0 0 0 0 0.00673879 0.380036 0.0042851 0 0.0181174 0.136347 0.441869 0.00451833 0.00242344 0.00349355 0.0021714 0 
0 0 0 0 0 0.00141654 0.182145 0.754829 0.000817825 0 0.00317286 0.0100871 0.0475324 0 0 0 0 0 
$predAgeCompEsc
0 0 0 0 0 1.18209e-13 0.0578751 0.878975 0.00227059 -8.8512e-15 5.50747e-14 0.0112359 0.0496432 5.45563e-14 0 2.68793e-14 2.51573e-14 0 
0 0 0 0 0 0.000485153 0.361731 0.492683 0.00626936 -3.09874e-14 2.08344e-13 0.0285087 0.110323 2.09161e-13 0 1.21965e-13 1.08985e-13 0 
0 0 0 0 0 0.000695471 0.007413 0.9546 0.00572383 -6.65219e-15 0.00311849 0.00488959 0.0233123 0.000246865 0 1.57705e-14 1.24534e-14 0 
0 0 0 0 0 5.31783e-14 0.00277348 0.34944 0.00106136 -1.34079e-14 0.0176014 0.18909 0.430314 0.00196203 0.00206249 0.00365379 0.00204131 0 
0 0 0 0 0 0.00138758 0.213627 0.69451 0.0214175 -4.63158e-05 0.00315964 0.0285315 0.0352799 0.00200358 0 2.93028e-14 0.000129831 0 
$SSageCompCatch
 6821 7359 2752
$obsAgeCompCatch
0 0 0 0 0 0.000193081 0.0120257 0.914141 0.00827263 0 3.02412e-05 0.0109923 0.0536756 0.000669433 0 0 0 0 
0 0 0 0 0 0 0.00910059 0.487552 0.00400378 0 0.000427337 0.1285 0.362866 0.00332633 0 0.00254907 0.00167501 0 
0 0 0 0 0 0 0.184218 0.629255 0.0429667 0.000141885 0.000141885 0.0604229 0.0770061 0.00496022 0 0.000190949 0.000695748 0 
$predAgeCompCatch
0 0 0 0 0 1.80303e-05 0.034097 0.886136 0.0095038 5.19e-06 9.16744e-05 0.0137907 0.0554443 0.000659778 2.15571e-06 0.000140948 0.000109998 0 
0 0 0 0 0 5.11209e-06 0.0141019 0.493368 0.00567947 9.09817e-06 0.00044166 0.120974 0.357514 0.00389526 4.97707e-05 0.00229649 0.00166607 0 
0 0 0 0 0 5.24944e-05 0.154832 0.669921 0.0311494 0.000116353 0.00017238 0.0420278 0.0972327 0.00365115 6.16755e-06 0.000412814 0.000425224 0 
$genSS
 0 0 0
$obsGenComp     #GeneticFracData
-1 -1 -1 -1 -1 
-1 -1 -1 -1 -1 
-1 -1 -1 -1 -1 
$predGenComp     #catchGenComp_pred
0 0 0 0 0 
0 0 0 0 0 
0 0 0 0 0 
#PARAMETERS_OF_INTEREST
$catchByGroup
0 0 0 
0 0 0 
0 0 0 
0 0 0 
0 0 0 
6.29475e-12 4.35914e-13 1.5671e-14 
61.247 5.50415 0.201741 
1122.26 104.335 3.83444 
4.79075 0.489809 0.0181409 
4.51066e-11 1.02302e-11 4.13131e-13 
2.93278e-12 2.03096e-13 7.30125e-15 
11.8905 1.06857 0.039166 
63.3837 5.89271 0.216563 
1.15109e-10 1.17688e-11 4.35879e-13 
0 0 0 
2.84453e-11 2.55632e-12 9.3696e-14 
3.21205e-11 2.9862e-12 1.09746e-13 
0 0 0 
0 0 0 
0 0 0 
0 0 0 
0 0 0 
0 0 0 
0.00504021 0.000203516 8.78572e-06 
72.883 3.87683 0.169298 
118.95 6.55836 0.286855 
2.43106 0.148218 0.00651283 
5.04021e-11 7.15558e-12 3.3117e-13 
2.16447e-12 8.7398e-14 3.77293e-15 
5.74405 0.30554 0.0133427 
26.6354 1.46856 0.0642331 
8.11063e-11 4.94491e-12 2.17284e-13 
0 0 0 
2.4574e-11 1.30715e-12 5.70822e-14 
2.63126e-11 1.45076e-12 6.34546e-14 
0 0 0 
0 0 0 
0 0 0 
0 0 0 
0 0 0 
0 0 0 
0.0822965 0.0070727 5.49738e-05 
20.1737 2.36828 0.0189763 
3242.19 396.09 3.18711 
36.9678 5.04473 0.0410873 
4.05278e-11 1.30067e-11 1.2116e-13 
0.369017 0.0317139 0.000246502 
13.3065 1.56211 0.0125167 
79.1774 9.6729 0.0778323 
1.5944 0.217576 0.00177207 
0 0 0 
4.29176e-11 5.0383e-12 4.03704e-14 
4.22966e-11 5.16726e-12 4.1578e-14 
0 0 0 
0 0 0 
0 0 0 
0 0 0 
0 0 0 
0 0 0 
2.93502e-13 3.68639e-12 7.64111e-14 
0.564962 5.00761 0.15057 
96.2439 816.287 25.7332 
0.757079 5.68506 0.204319 
1.03994e-11 3.16613e-11 3.10899e-12 
0.0971459 1.22015 0.0252912 
38.5178 341.408 10.2655 
118.518 1005.21 31.6889 
1.39953 10.5094 0.377703 
0.0113833 0.142974 0.00296356 
0.744282 6.59703 0.198361 
0.562223 4.76847 0.150325 
0 0 0 
0 0 0 
0 0 0 
0 0 0 
0 0 0 
0 0 0 
0.00787299 0.00740909 0.0251603 
25.1818 23.7532 73.8576 
99.6297 94.0077 288.862 
5.23846 4.94739 14.6975 
0.027406 0.026136 0.0559087 
0.0179275 0.0168712 0.0572922 
3.36321 3.17241 9.86422 
5.06103 4.77544 14.6737 
0.490052 0.462822 1.37493 
0 0 0 
3.45413e-12 3.25818e-12 1.01309e-11 
0.0186247 0.0175737 0.0539994 
0 0 0 
$escByGroup
 5e-101 5e-101 5e-101 5e-101 5e-101 1.26728e-10 62.0457 942.316 2.43421 1.05385e-189 5.90435e-11 12.0455 53.2206 5.84878e-11 5e-101 2.88162e-11 2.69702e-11 5e-101 5e-101 5e-101 5e-101 5e-101 5e-101 0.0989394 73.7694 100.475 1.27854 1.58243e-189 4.24884e-11 5.81391 22.4986 4.26552e-11 5e-101 2.48729e-11 2.22259e-11 5e-101 5e-101 5e-101 5e-101 5e-101 5e-101 1.32811 14.1563 1822.96 10.9306 7.8719e-190 5.95525 9.33745 44.5185 0.471428 5e-101 3.01162e-11 2.37818e-11 5e-101 5e-101 5e-101 5e-101 5e-101 5e-101 5.28218e-11 2.75489 347.098 1.05425 7.50865e-190 17.4834 187.822 427.429 1.94888 2.04866 3.6293 2.02763 5e-101 5e-101 5e-101 5e-101 5e-101 5e-101 1.17755 181.292 589.386 18.1757 2.54419e-199 2.68138 24.2128 29.9398 1.70031 5e-101 2.48674e-11 0.110179 5e-101
$catchByGroup
0 0 0 0 0 6.29475e-12 61.247 1122.26 4.79075 4.51066e-11 2.93278e-12 11.8905 63.3837 1.15109e-10 0 2.84453e-11 3.21205e-11 0 0 0 0 0 0 0.00504021 72.883 118.95 2.43106 5.04021e-11 2.16447e-12 5.74405 26.6354 8.11063e-11 0 2.4574e-11 2.63126e-11 0 0 0 0 0 0 0.0822965 20.1737 3242.19 36.9678 4.05278e-11 0.369017 13.3065 79.1774 1.5944 0 4.29176e-11 4.22966e-11 0 0 0 0 0 0 2.93502e-13 0.564962 96.2439 0.757079 1.03994e-11 0.0971459 38.5178 118.518 1.39953 0.0113833 0.744282 0.562223 0 0 0 0 0 0 0.00787299 25.1818 99.6297 5.23846 0.027406 0.0179275 3.36321 5.06103 0.490052 0 3.45413e-12 0.0186247 0 
0 0 0 0 0 4.35914e-13 5.50415 104.335 0.489809 1.02302e-11 2.03096e-13 1.06857 5.89271 1.17688e-11 0 2.55632e-12 2.9862e-12 0 0 0 0 0 0 0.000203516 3.87683 6.55836 0.148218 7.15558e-12 8.7398e-14 0.30554 1.46856 4.94491e-12 0 1.30715e-12 1.45076e-12 0 0 0 0 0 0 0.0070727 2.36828 396.09 5.04473 1.30067e-11 0.0317139 1.56211 9.6729 0.217576 0 5.0383e-12 5.16726e-12 0 0 0 0 0 0 3.68639e-12 5.00761 816.287 5.68506 3.16613e-11 1.22015 341.408 1005.21 10.5094 0.142974 6.59703 4.76847 0 0 0 0 0 0 0.00740909 23.7532 94.0077 4.94739 0.026136 0.0168712 3.17241 4.77544 0.462822 0 3.25818e-12 0.0175737 0 
0 0 0 0 0 1.5671e-14 0.201741 3.83444 0.0181409 4.13131e-13 7.30125e-15 0.039166 0.216563 4.35879e-13 0 9.3696e-14 1.09746e-13 0 0 0 0 0 0 8.78572e-06 0.169298 0.286855 0.00651283 3.3117e-13 3.77293e-15 0.0133427 0.0642331 2.17284e-13 0 5.70822e-14 6.34546e-14 0 0 0 0 0 0 5.49738e-05 0.0189763 3.18711 0.0410873 1.2116e-13 0.000246502 0.0125167 0.0778323 0.00177207 0 4.03704e-14 4.1578e-14 0 0 0 0 0 0 7.64111e-14 0.15057 25.7332 0.204319 3.10899e-12 0.0252912 10.2655 31.6889 0.377703 0.00296356 0.198361 0.150325 0 0 0 0 0 0 0.0251603 73.8576 288.862 14.6975 0.0559087 0.0572922 9.86422 14.6737 1.37493 0 1.01309e-11 0.0539994 0 
$Fmort
 0.852066 0.419279 0.11299
#ESTIMATED_PARAMETERS
$availability
1.42622 1.46385 1.76574 0.152738 0.191452 
0.196265 0.117306 0.300099 4.02025 0.366078 
0.0261407 0.0187738 0.00863418 0.299292 4.64716 
$selectivity
 0.0397529 0.5299 0.598024 0.795187 3.03714
$RunSize
 0 0 0 0 0 1.33474e-10 128.999 2172.75 7.73292 4.62608e-11 6.21867e-11 25.0437 122.714 1.85802e-10 0 5.99116e-11 6.21867e-11 0 0 0 0 0 0 0.104192 150.699 226.27 3.86433 5.15695e-11 4.47441e-11 11.8768 50.6668 1.28924e-10 0 5.08111e-11 5.00527e-11 0 0 0 0 0 0 1.41754 36.7173 5464.43 52.9842 4.09522e-11 6.35623 24.2186 133.447 2.28517 0 7.81126e-11 7.12872e-11 0 0 0 0 0 0 5.68781e-11 8.47803 1285.36 7.70071 3.18517e-11 18.826 578.013 1582.84 14.2355 2.20598 11.169 7.50864 0 0 0 0 0 0 1.21799 304.084 1071.88 43.059 0.0701454 2.77347 40.6126 54.45 4.02812 0 4.17106e-11 0.200377 0
