$ndistricts
3
$ngroups
90
$nstocks
5
$nagecomps
18
$AgeCompLabels
 0.1 0.2 0.3 0.4 0.5 1.1 1.2 1.3 1.4 1.5 2.1 2.2 2.3 2.4 3.1 3.2 3.3 3.4
$navailpar
15
$nselectpar
5
$GENdata
-1
$maxGradient
6.93654e-05
#LIKELIHOOD_VALUES_AND_PENALTIES
$totalNLL
-34983.9
$NLLcatch
-26352.8
$NLLescape
-19927.4
$NLLagecompCatch
2222.75
$NLLagecompEsc
9073.54
$NLLgenetics
0
$NLLselOne
1.97821e-15
$NLLavailOne
8.04389e-11
$NLLextra
4.4e-198
#OBSERVED_AND_PREDICTED_VALUES
$predEsc
 1330.48 107.611 1072.81 711.793 208.457
$obsEsc
 1341.14 108.962 1085.86 692.514 201.52
$predCatch
 2167.21 1780.57 92.623
$obsCatch
 2167.21 1780.57 92.623
$RunSize
 0 1.96563e-10 1.67339 0 0 12.8882 751.921 188.223 0 0 2.37015 1281.6 129.444 0 0 1.79081 0.844703 0 0 3.29679e-10 2.80745e-10 0 0 0 113.251 46.3394 0 0 0 19.834 8.783 0 0 2.89869e-10 2.89454e-10 0 0 1.70438e-10 1.51025 0 0 1.38547 592.012 263.26 1.32623 0 0.228817 345.442 1051.95 0 0 2.88172 2.26438 0 0 1.01135 7.54737e-11 0 0 0 10.3778 54.6076 0 0 0.410379 1296.73 897.774 0 0 52.8752 22.9385 0 0 4.06397e-11 1.49426 0 0 0 22.106 59.2331 0 0 0 118.684 111.851 0 0 0.0876352 0.153847 0
$SSageCompEsc
 1883 88.5 2161 3086 903
$obsAgeCompEsc
0 0 0.000737137 0 0 0.00963206 0.31919 0.0817013 0 0 0.00177133 0.531167 0.0547121 0 0 0.000737137 0.000351686 0 
0 0 0 0 0 0 0.601116 0.250188 0 0 0 0.102692 0.0460043 0 0 0 0 0 
0 0 0.000715696 0 0 0.00128365 0.261016 0.120302 0.00122876 0 0.000212 0.147808 0.465231 0 0 0.00121768 0.000985175 0 
0 0 0 0 0 0 0.00509401 0.0289203 0 0 0.000580144 0.532902 0.404167 0 0 0.0199772 0.00835939 0 
0 0 0 0 0 0 0.077796 0.176757 0 0 0 0.407036 0.337741 0 0 0.000335112 0.000335112 0 
$predAgeCompEsc
0 8.22267e-14 0.000716621 0 0 0.00968692 0.314545 0.0806053 0 0 0.00178142 0.53612 0.0554335 0 0 0.000749136 0.000361739 0 
0 1.74033e-12 1.51503e-12 0 0 0 0.597834 0.250068 0 0 0 0.104701 0.047397 0 0 1.53017e-12 1.56202e-12 0 
0 7.38222e-14 0.000675519 0 0 0.00129144 0.25642 0.117754 0.00123622 0 0.000213288 0.149622 0.470527 0 0 0.00124817 0.00101284 0 
0 0.000422938 3.32955e-14 0 0 0 0.00433992 0.0240903 0 0 0.000576543 0.542282 0.396057 0 0 0.022112 0.0101194 0 
0 1.28318e-13 0.00480277 0 0 0 0.0697986 0.190384 0 0 0 0.37474 0.359504 0 0 0.000276704 0.000494487 0 
$SSageCompCatch
 23 1710 295
$obsAgeCompCatch
0 0 0 0 0 0 0.130435 0.130435 0 0 0 0.173913 0.565217 0 0 0 0 0 
0 0.00115781 0 0 0 0 0.0351433 0.0202154 0 0 0 0.562154 0.345982 0 0 0.0247014 0.010646 0 
0 0 0.0183525 0 0 0 0.0323589 0.187706 0 0 0 0.277871 0.474536 0 0 0 0.00917627 0 
$predAgeCompCatch
0 2.43738e-05 0.000651953 0 0 2.48918e-10 0.284869 0.0991724 3.73944e-10 0 4.59771e-11 0.345163 0.266746 0 0 0.00221704 0.00115609 0 
0 0.000361655 0.000174502 0 0 3.07249e-11 0.0512297 0.0379461 5.54747e-11 0 2.27798e-11 0.518742 0.364326 0 0 0.0190787 0.00814163 0 
0 0.000146064 0.00296843 0 0 1.24989e-11 0.0595927 0.127982 5.48147e-12 0 6.69086e-12 0.446965 0.350983 0 0 0.00784989 0.00351275 0 
$genSS
 0 0 0
$obsGenComp     #GeneticFracData
-1 -1 -1 -1 -1 
-1 -1 -1 -1 -1 
-1 -1 -1 -1 -1 
$predGenComp     #catchGenComp_pred
0 0 0 0 0 
0 0 0 0 0 
0 0 0 0 0 
#PARAMETERS_OF_INTEREST
$catchByGroup
0 0 0 
7.74506e-11 9.48065e-12 2.31075e-13 
0.640271 0.0777777 0.00189402 
0 0 0 
0 0 0 
4.76096e-07 4.69848e-08 1.11799e-09 
296.275 36.2667 0.883942 
72.0175 8.74841 0.213038 
0 0 0 
0 0 0 
8.75539e-08 8.64048e-09 2.05598e-10 
504.98 61.8141 1.50662 
49.5276 6.01642 0.14651 
0 0 0 
0 0 0 
0.705623 0.0863746 0.00210524 
0.323199 0.039261 0.00095607 
0 0 0 
0 0 0 
1.32524e-10 9.59827e-12 2.78388e-13 
1.09609e-10 7.87367e-12 2.28246e-13 
0 0 0 
0 0 0 
0 0 0 
45.5244 3.29718 0.0956315 
18.092 1.29962 0.037674 
0 0 0 
0 0 0 
0 0 0 
7.97283 0.577446 0.0167482 
3.42909 0.246324 0.0071406 
0 0 0 
0 0 0 
1.16521e-10 8.43923e-12 2.44771e-13 
1.13009e-10 8.1179e-12 2.35327e-13 
0 0 0 
0 0 0 
7.87663e-11 1.2408e-11 6.62052e-14 
0.678978 0.106002 0.000564811 
0 0 0 
0 0 0 
6.33634e-08 7.72295e-09 3.9696e-11 
273.593 43.0991 0.229963 
118.357 18.4778 0.0984554 
8.10417e-07 9.87764e-08 5.0771e-10 
0 0 0 
1.04647e-08 1.27548e-09 6.55596e-12 
159.643 25.1485 0.134184 
472.936 73.8348 0.393414 
0 0 0 
0 0 0 
1.33176 0.209792 0.00111938 
1.01802 0.158934 0.000846847 
0 0 0 
0 0 0 
0.0528233 0.64395 0.0135289 
3.79906e-12 4.70028e-11 9.72283e-13 
0 0 0 
0 0 0 
0 0 0 
0.542039 6.60781 0.138825 
2.74874 34.008 0.703477 
0 0 0 
0 0 0 
1.62347e-09 3.06449e-08 4.07574e-10 
67.729 825.66 17.3465 
45.1906 559.108 11.5655 
0 0 0 
0 0 0 
2.76171 33.667 0.70732 
1.15464 14.2855 0.295503 
0 0 0 
0 0 0 
2.64282e-12 3.57963e-12 7.6685e-12 
0.0936713 0.126933 0.272486 
0 0 0 
0 0 0 
0 0 0 
1.43757 1.94715 4.17129 
3.71317 5.03166 10.8015 
0 0 0 
0 0 0 
0 0 0 
7.71811 10.454 22.3951 
7.01163 9.50137 20.3966 
0 0 0 
0 0 0 
0.00569897 0.00771911 0.0165363 
0.00964427 0.0130688 0.0280548 
0 0 0 
$escByGroup
 5e-101 1.09401e-10 0.95345 5e-101 5e-101 12.8882 418.496 107.244 5e-101 5e-101 2.37015 713.297 73.7532 5e-101 5e-101 0.99671 0.481287 5e-101 5e-101 1.87279e-10 1.63034e-10 5e-101 5e-101 5e-101 64.3337 26.9102 5e-101 5e-101 5e-101 11.267 5.10045 5e-101 5e-101 1.64664e-10 1.68091e-10 5e-101 5e-101 7.91972e-11 0.724704 5e-101 5e-101 1.38547 275.09 126.327 1.32623 5e-101 0.228817 160.516 504.786 5e-101 5e-101 1.33905 1.08658 5e-101 5e-101 0.301044 2.36995e-11 5e-101 5e-101 5e-101 3.08912 17.1473 5e-101 5e-101 0.410379 385.992 281.91 5e-101 5e-101 15.7392 7.20293 5e-101 5e-101 2.67487e-11 1.00117 5e-101 5e-101 5e-101 14.55 39.6868 5e-101 5e-101 5e-101 78.1171 74.9412 5e-101 5e-101 0.0576808 0.103079 5e-101
$catchByGroup
0 7.74506e-11 0.640271 0 0 4.76096e-07 296.275 72.0175 0 0 8.75539e-08 504.98 49.5276 0 0 0.705623 0.323199 0 0 1.32524e-10 1.09609e-10 0 0 0 45.5244 18.092 0 0 0 7.97283 3.42909 0 0 1.16521e-10 1.13009e-10 0 0 7.87663e-11 0.678978 0 0 6.33634e-08 273.593 118.357 8.10417e-07 0 1.04647e-08 159.643 472.936 0 0 1.33176 1.01802 0 0 0.0528233 3.79906e-12 0 0 0 0.542039 2.74874 0 0 1.62347e-09 67.729 45.1906 0 0 2.76171 1.15464 0 0 2.64282e-12 0.0936713 0 0 0 1.43757 3.71317 0 0 0 7.71811 7.01163 0 0 0.00569897 0.00964427 0 
0 9.48065e-12 0.0777777 0 0 4.69848e-08 36.2667 8.74841 0 0 8.64048e-09 61.8141 6.01642 0 0 0.0863746 0.039261 0 0 9.59827e-12 7.87367e-12 0 0 0 3.29718 1.29962 0 0 0 0.577446 0.246324 0 0 8.43923e-12 8.1179e-12 0 0 1.2408e-11 0.106002 0 0 7.72295e-09 43.0991 18.4778 9.87764e-08 0 1.27548e-09 25.1485 73.8348 0 0 0.209792 0.158934 0 0 0.64395 4.70028e-11 0 0 0 6.60781 34.008 0 0 3.06449e-08 825.66 559.108 0 0 33.667 14.2855 0 0 3.57963e-12 0.126933 0 0 0 1.94715 5.03166 0 0 0 10.454 9.50137 0 0 0.00771911 0.0130688 0 
0 2.31075e-13 0.00189402 0 0 1.11799e-09 0.883942 0.213038 0 0 2.05598e-10 1.50662 0.14651 0 0 0.00210524 0.00095607 0 0 2.78388e-13 2.28246e-13 0 0 0 0.0956315 0.037674 0 0 0 0.0167482 0.0071406 0 0 2.44771e-13 2.35327e-13 0 0 6.62052e-14 0.000564811 0 0 3.9696e-11 0.229963 0.0984554 5.0771e-10 0 6.55596e-12 0.134184 0.393414 0 0 0.00111938 0.000846847 0 0 0.0135289 9.72283e-13 0 0 0 0.138825 0.703477 0 0 4.07574e-10 17.3465 11.5655 0 0 0.70732 0.295503 0 0 7.6685e-12 0.272486 0 0 0 4.17129 10.8015 0 0 0 22.3951 20.3966 0 0 0.0165363 0.0280548 0 
$Fmort
 0.201837 0.144746 0.0258591
#ESTIMATED_PARAMETERS
$availability
1.42622 1.46385 1.76574 0.152738 0.191452 
0.196265 0.117306 0.300099 4.02025 0.366078 
0.0261407 0.0187738 0.00863418 0.299292 4.64716 
$selectivity
 1.28326e-07 1.74011 1.67533 1.7146e-06 1.58456
$RunSize
 0 1.96563e-10 1.67339 0 0 12.8882 751.921 188.223 0 0 2.37015 1281.6 129.444 0 0 1.79081 0.844703 0 0 3.29679e-10 2.80745e-10 0 0 0 113.251 46.3394 0 0 0 19.834 8.783 0 0 2.89869e-10 2.89454e-10 0 0 1.70438e-10 1.51025 0 0 1.38547 592.012 263.26 1.32623 0 0.228817 345.442 1051.95 0 0 2.88172 2.26438 0 0 1.01135 7.54737e-11 0 0 0 10.3778 54.6076 0 0 0.410379 1296.73 897.774 0 0 52.8752 22.9385 0 0 4.06397e-11 1.49426 0 0 0 22.106 59.2331 0 0 0 118.684 111.851 0 0 0.0876352 0.153847 0
