$ndistricts
3
$ngroups
90
$nstocks
5
$nagecomps
18
$AgeCompLabels
 0.1 0.2 0.3 0.4 0.5 1.1 1.2 1.3 1.4 1.5 2.1 2.2 2.3 2.4 3.1 3.2 3.3 3.4
$navailpar
15
$nselectpar
5
$GENdata
-1
$maxGradient
0.000157481
#LIKELIHOOD_VALUES_AND_PENALTIES
$totalNLL
-15703.2
$NLLcatch
-11467.2
$NLLescape
-12899.9
$NLLagecompCatch
3804.53
$NLLagecompEsc
4859.23
$NLLgenetics
0
$NLLselOne
7.16651e-13
$NLLavailOne
8.04389e-11
$NLLextra
0.105916
#OBSERVED_AND_PREDICTED_VALUES
$predEsc
 1017.12 139.324 587.955 537.441 96.4916
$obsEsc
 1009.96 151.188 586.518 546.402 79.428
$predCatch
 1102.36 839.82 17.44
$obsCatch
 1102.37 839.82 17.44
$RunSize
 0 0 3.54792e-10 0.851431 0 8.61121e-11 211.903 230.554 3.41081e-10 0 0 736.324 405.3 3.80288e-10 0 3.71629e-10 6.9467e-10 0 0 0 1.83048e-10 5.69591e-10 0 1.63565e-10 122.169 36.6327 1.92429e-10 0 0 42.4087 6.68882 2.02291e-10 0 1.69097e-10 2.72528e-10 0 0 0 1.5226e-10 4.2575e-10 0 1.07544e-09 99.2951 408.327 2.66914 0 0 246.551 360.561 1.84251e-10 0 1.32055e-10 1.97721e-10 0 0 0 0.953563 1.27484e-10 0 4.28155e-11 15.0867 138.465 0.701024 0 0 532.171 589.937 0.960571 0 9.02477 19.48 0 0 0 2.69401e-11 2.45347e-11 0 0.0514578 16.036 50.1352 0.214396 0 0 38.7508 15.7515 2.47753e-11 0 2.86239e-11 2.66996e-11 0
$SSageCompEsc
 635 240 1475 970 672
$obsAgeCompEsc
0 0 0 0 0 0 0.174701 0.144554 0 0 0 0.485852 0.194893 0 0 0 0 0 
0 0 0 0 0 0 0.625625 0.151789 0 0 0 0.197576 0.0250096 0 0 0 0 0 
0 0 0 0 0 0 0.111746 0.348531 0.00233359 0 0 0.257101 0.280289 0 0 0 0 0 
0 0 0 0 0 0 0.0123745 0.0803945 0 0 0 0.510835 0.386989 0 0 0.00120798 0.00819932 0 
0 0 0 0 0 0 0.123764 0.422167 0.000928036 0 0 0.301539 0.151602 0 0 0 0 0 
$predAgeCompEsc
0 0 2.00398e-13 0.000369383 0 -9.53027e-14 0.14313 0.130224 1.47974e-13 0 0 0.49735 0.228927 1.64984e-13 0 2.51017e-13 3.92372e-13 0 
0 0 7.67282e-13 1.86655e-12 0 -1.28037e-12 0.607521 0.153553 6.30593e-13 0 0 0.210889 0.0280375 6.62911e-13 0 8.40882e-13 1.14235e-12 0 
0 0 1.25831e-13 2.42636e-13 0 -1.90849e-12 0.104235 0.337451 0.00152115 0 0 0.258817 0.297976 1.05005e-13 0 1.38624e-13 1.63401e-13 0 
0 0 0.000618385 4.63007e-14 0 -1.42216e-13 0.013934 0.0897946 0.000254603 0 0 0.491508 0.382573 0.000348867 0 0.00833521 0.0126327 0 
0 0 2.14294e-13 1.71298e-13 0 -0.00106658 0.139171 0.398797 0.00149688 0 0 0.336307 0.125294 1.72977e-13 0 2.48418e-13 2.1238e-13 0 
$SSageCompCatch
 934 1400 617
$obsAgeCompCatch
0 0 0 0.000756098 0 0 0.0701597 0.235968 0 0 0 0.315033 0.377137 0 0 0 0.000946855 0 
0 0 0.00127254 0 0 0 0.0264625 0.15814 0.0011316 0 0 0.29343 0.487562 0.001317 0 0.0110006 0.0196837 0 
0 0 0 0 0 0.00231482 0.094039 0.304139 0.00279582 0 0 0.38623 0.210481 0 0 0 0 0 
$predAgeCompCatch
0 0 4.34219e-05 0.000383761 0 4.66795e-05 0.117812 0.268126 0.00144905 0 0 0.293671 0.317232 6.17984e-05 0 0.000286057 0.00088705 0 
0 0 0.000675759 6.19509e-05 0 6.12724e-05 0.0249867 0.147571 0.000925746 0 0 0.337469 0.468623 0.000829423 0 0.00499104 0.0138048 0 
0 0 0.000334583 3.73697e-05 0 0.00295056 0.0692864 0.321954 0.00195415 0 0 0.288614 0.305364 0.000480775 0 0.00218889 0.00683507 0 
$genSS
 0 0 0
$obsGenComp     #GeneticFracData
-1 -1 -1 -1 -1 
-1 -1 -1 -1 -1 
-1 -1 -1 -1 -1 
$predGenComp     #catchGenComp_pred
0 0 0 0 0 
0 0 0 0 0 
0 0 0 0 0 
#PARAMETERS_OF_INTEREST
$catchByGroup
0 0 0 
0 0 0 
1.35452e-10 1.53214e-11 1.90157e-13 
0.423045 0.0520276 0.000651728 
0 0 0 
8.61121e-11 8.61108e-11 1.08234e-11 
59.8822 6.36256 0.0784393 
88.0204 9.9563 0.123569 
1.69471e-10 2.08421e-11 2.61081e-13 
0 0 0 
0 0 0 
208.08 22.1087 0.272562 
154.735 17.5026 0.217228 
1.88952e-10 2.3238e-11 2.91092e-13 
0 0 0 
1.0502e-10 1.11585e-11 1.37564e-13 
2.6521e-10 2.99988e-11 3.72321e-13 
0 0 0 
0 0 0 
0 0 0 
7.13104e-11 4.76652e-12 7.0465e-14 
2.88155e-10 2.10662e-11 3.13158e-13 
0 0 0 
1.63565e-10 1.63345e-10 1.50413e-11 
35.2886 2.2059 0.0324801 
14.271 0.953902 0.0141019 
9.73497e-11 7.11695e-12 1.05797e-13 
0 0 0 
0 0 0 
12.2498 0.765734 0.0112748 
2.60577 0.174175 0.00257488 
1.02339e-10 7.48169e-12 1.11219e-13 
0 0 0 
4.88437e-11 3.05323e-12 4.49564e-14 
1.06169e-10 7.09653e-12 1.0491e-13 
0 0 0 
0 0 0 
0 0 0 
6.83117e-11 9.93821e-12 2.69591e-14 
2.43853e-10 3.91303e-11 1.07668e-13 
0 0 0 
1.07544e-09 1.07544e-09 4.66692e-11 
33.4751 4.52236 0.0121418 
183.197 26.6521 0.0722984 
1.52878 0.245318 0.000674999 
0 0 0 
0 0 0 
83.119 11.2291 0.0301482 
161.767 23.5344 0.063841 
1.05532e-10 1.69344e-11 4.65953e-14 
0 0 0 
4.45192e-11 6.01437e-12 1.61476e-14 
8.87081e-11 1.29055e-11 3.50085e-14 
0 0 0 
0 0 0 
0 0 0 
0.0478668 0.567516 0.00583513 
9.04128e-12 9.24464e-11 1.1128e-12 
0 0 0 
4.28154e-11 4.28155e-11 3.3617e-11 
0.527153 7.00706 0.0638159 
6.95066 82.4081 0.847309 
0.0497171 0.508353 0.00611916 
0 0 0 
0 0 0 
18.5949 247.168 2.25105 
29.6135 351.103 3.60999 
0.0681243 0.696566 0.00838471 
0 0 0 
0.315339 4.19158 0.0381743 
0.977853 11.5936 0.119204 
0 0 0 
0 0 0 
0 0 0 
1.68419e-12 2.12936e-12 2.44903e-12 
2.16111e-12 2.72225e-12 3.12256e-12 
0 0 0 
0.0514578 0.0514578 0.0514578 
0.699209 0.88641 1.02148 
3.13426 3.96271 4.5576 
0.0188847 0.0237883 0.0272863 
0 0 0 
0 0 0 
1.68964 2.14201 2.4684 
0.984721 1.245 1.43191 
2.18229e-12 2.74894e-12 3.15317e-12 
0 0 0 
1.24807e-12 1.58222e-12 1.82331e-12 
1.66915e-12 2.11035e-12 2.42716e-12 
0 0 0 
$escByGroup
 5e-101 5e-101 2.03828e-10 0.375706 5e-101 1.03163e-190 145.58 132.453 1.50507e-10 5e-101 5e-101 505.863 232.846 1.67808e-10 5e-101 2.55313e-10 3.99089e-10 5e-101 5e-101 5e-101 1.06901e-10 2.60056e-10 5e-101 5.60582e-191 84.6424 21.3936 8.78569e-11 5e-101 5e-101 29.3819 3.9063 9.23596e-11 5e-101 1.17155e-10 1.59158e-10 5e-101 5e-101 5e-101 7.39828e-11 1.42659e-10 5e-101 8.91179e-192 61.2856 198.406 0.894365 5e-101 5e-101 152.173 175.196 6.17382e-11 5e-101 8.15049e-11 9.60725e-11 5e-101 5e-101 5e-101 0.332345 2.48839e-11 5e-101 1.30835e-190 7.48868 48.2593 0.136834 5e-101 5e-101 264.157 205.61 0.187495 5e-101 4.47968 6.78935 5e-101 5e-101 5e-101 2.06775e-11 1.65288e-11 5e-101 9.7167e-200 13.4289 38.4806 0.144436 5e-101 5e-101 32.4508 12.0898 1.66909e-11 5e-101 2.39702e-11 2.04929e-11 5e-101
$catchByGroup
0 0 1.35452e-10 0.423045 0 8.61121e-11 59.8822 88.0204 1.69471e-10 0 0 208.08 154.735 1.88952e-10 0 1.0502e-10 2.6521e-10 0 0 0 7.13104e-11 2.88155e-10 0 1.63565e-10 35.2886 14.271 9.73497e-11 0 0 12.2498 2.60577 1.02339e-10 0 4.88437e-11 1.06169e-10 0 0 0 6.83117e-11 2.43853e-10 0 1.07544e-09 33.4751 183.197 1.52878 0 0 83.119 161.767 1.05532e-10 0 4.45192e-11 8.87081e-11 0 0 0 0.0478668 9.04128e-12 0 4.28154e-11 0.527153 6.95066 0.0497171 0 0 18.5949 29.6135 0.0681243 0 0.315339 0.977853 0 0 0 1.68419e-12 2.16111e-12 0 0.0514578 0.699209 3.13426 0.0188847 0 0 1.68964 0.984721 2.18229e-12 0 1.24807e-12 1.66915e-12 0 
0 0 1.53214e-11 0.0520276 0 8.61108e-11 6.36256 9.9563 2.08421e-11 0 0 22.1087 17.5026 2.3238e-11 0 1.11585e-11 2.99988e-11 0 0 0 4.76652e-12 2.10662e-11 0 1.63345e-10 2.2059 0.953902 7.11695e-12 0 0 0.765734 0.174175 7.48169e-12 0 3.05323e-12 7.09653e-12 0 0 0 9.93821e-12 3.91303e-11 0 1.07544e-09 4.52236 26.6521 0.245318 0 0 11.2291 23.5344 1.69344e-11 0 6.01437e-12 1.29055e-11 0 0 0 0.567516 9.24464e-11 0 4.28155e-11 7.00706 82.4081 0.508353 0 0 247.168 351.103 0.696566 0 4.19158 11.5936 0 0 0 2.12936e-12 2.72225e-12 0 0.0514578 0.88641 3.96271 0.0237883 0 0 2.14201 1.245 2.74894e-12 0 1.58222e-12 2.11035e-12 0 
0 0 1.90157e-13 0.000651728 0 1.08234e-11 0.0784393 0.123569 2.61081e-13 0 0 0.272562 0.217228 2.91092e-13 0 1.37564e-13 3.72321e-13 0 0 0 7.0465e-14 3.13158e-13 0 1.50413e-11 0.0324801 0.0141019 1.05797e-13 0 0 0.0112748 0.00257488 1.11219e-13 0 4.49564e-14 1.0491e-13 0 0 0 2.69591e-14 1.07668e-13 0 4.66692e-11 0.0121418 0.0722984 0.000674999 0 0 0.0301482 0.063841 4.65953e-14 0 1.61476e-14 3.50085e-14 0 0 0 0.00583513 1.1128e-12 0 3.3617e-11 0.0638159 0.847309 0.00611916 0 0 2.25105 3.60999 0.00838471 0 0.0381743 0.119204 0 0 0 2.44903e-12 3.12256e-12 0 0.0514578 1.02148 4.5576 0.0272863 0 0 2.4684 1.43191 3.15317e-12 0 1.82331e-12 2.42716e-12 0 
$Fmort
 25.3569 16.9144 1.54227
#ESTIMATED_PARAMETERS
$availability
1.42622 1.46385 1.76574 0.152738 0.191452 
0.196265 0.117306 0.300099 4.02025 0.366078 
0.0261407 0.0187738 0.00863418 0.299292 4.64716 
$selectivity
 3.33166 0.00918331 0.0132977 0.0189935 1.62686
$RunSize
 0 0 3.54792e-10 0.851431 0 8.61121e-11 211.903 230.554 3.41081e-10 0 0 736.324 405.3 3.80288e-10 0 3.71629e-10 6.9467e-10 0 0 0 1.83048e-10 5.69591e-10 0 1.63565e-10 122.169 36.6327 1.92429e-10 0 0 42.4087 6.68882 2.02291e-10 0 1.69097e-10 2.72528e-10 0 0 0 1.5226e-10 4.2575e-10 0 1.07544e-09 99.2951 408.327 2.66914 0 0 246.551 360.561 1.84251e-10 0 1.32055e-10 1.97721e-10 0 0 0 0.953563 1.27484e-10 0 4.28155e-11 15.0867 138.465 0.701024 0 0 532.171 589.937 0.960571 0 9.02477 19.48 0 0 0 2.69401e-11 2.45347e-11 0 0.0514578 16.036 50.1352 0.214396 0 0 38.7508 15.7515 2.47753e-11 0 2.86239e-11 2.66996e-11 0
