$ndistricts
3
$ngroups
90
$nstocks
5
$nagecomps
18
$AgeCompLabels
 0.1 0.2 0.3 0.4 0.5 1.1 1.2 1.3 1.4 1.5 2.1 2.2 2.3 2.4 3.1 3.2 3.3 3.4
$navailpar
15
$nselectpar
5
$GENdata
-1
$maxGradient
8.55229e-05
#LIKELIHOOD_VALUES_AND_PENALTIES
$totalNLL
-192479
$NLLcatch
-187999
$NLLescape
-30544.9
$NLLagecompCatch
20218.6
$NLLagecompEsc
5846.21
$NLLgenetics
0
$NLLselOne
5.91121e-15
$NLLavailOne
8.04389e-11
$NLLextra
2.9e-198
#OBSERVED_AND_PREDICTED_VALUES
$predEsc
 1314.19 862.368 1204.5 1091.44 674.877
$obsEsc
 1450.58 826.762 1078.1 1076.46 692.167
$predCatch
 8211.98 10809.1 4411.05
$obsCatch
 8211.98 10809.1 4411.06
$RunSize
 0 0 3.80397 4.59705e-11 0 0.191504 456.603 1148.11 1.37911e-10 0 1.76328 680.377 1350.99 1.39497e-10 0 6.97483e-11 6.02372e-11 0 0 0 24.2453 6.81631e-11 0 2.06075e-10 369.45 1802.34 3.71366 0 1.83882e-10 44.1448 46.5916 1.32605 0 1.55348e-10 1.06208e-10 0 0 0 6.72117 4.43853e-11 0 0.116211 117.685 3945.31 5.77137 0 0.451799 98.7178 743.995 1.55348e-10 0 7.29187e-11 6.02372e-11 0 0 0 17.8765 0.546454 0 0.815945 229.824 2970.82 2.84631 0 39.1018 3442.88 5439.09 0.910433 0 14.6981 26.6929 0 0 0.471612 67.3057 3.96297e-11 0 1.81161 249.921 3867.86 2.56085 0 8.47395 450.115 889.892 1.53865 0 0.345357 0.696842 0
$SSageCompEsc
 1305 88.5 1290 1252 1260
$obsAgeCompEsc
0 0 0.000755112 0 0 0.00012094 0.147448 0.240097 0 0 0.00118225 0.250799 0.359598 0 0 0 0 0 
0 0 0 0 0 0 0.601116 0.250188 0 0 0 0.102692 0.0460043 0 0 0 0 0 
0 0 0.00116336 0 0 9.41962e-05 0.0377958 0.734125 0.00110984 0 0.000393381 0.036985 0.188333 0 0 0 0 0 
0 0 0.000484496 0 0 0 0.0232322 0.203747 0.000645995 0 0.0302865 0.264931 0.473898 0 0 0.00077928 0.00199536 0 
0 0.000399202 0.0088906 0 0 0.0023293 0.0862821 0.726355 0.000557219 0 0.0115311 0.0824139 0.0812412 0 0 0 0 0 
$predAgeCompEsc
0 0 0.00102034 1.25705e-14 0 0.000132287 0.131439 0.307959 3.77115e-14 0 0.00121804 0.195856 0.362376 3.8145e-14 0 2.0078e-14 1.61574e-14 0 
0 0 0.0104554 2.9904e-14 0 2.17176e-13 0.169733 0.777228 0.00162923 0 1.93788e-13 0.020281 0.0200918 0.000581754 0 7.137e-14 4.58003e-14 0 
0 0 0.00135915 9.24681e-15 0 8.54209e-05 0.0265125 0.797819 0.00120235 0 0.000332095 0.0222395 0.15045 3.23638e-14 0 1.64273e-14 1.21811e-14 0 
0 0 0.00128221 4.30242e-05 0 0.000630118 0.0225889 0.213086 0.000224099 0 0.0301966 0.338393 0.390125 7.16815e-05 0 0.00144465 0.00191458 0 
0 0.000105298 0.0115689 7.35301e-15 0 0.00233879 0.0558007 0.66483 0.000475147 0 0.0109399 0.100499 0.15296 0.000285485 0 7.71089e-05 0.000119777 0 
$SSageCompCatch
 6608 7259 4441
$obsAgeCompCatch
0 0 0.00400959 0 0 0 0.0572467 0.661108 0.000892259 0 0 0.0647207 0.211676 0.000136515 0 9.69336e-05 0.000112832 0 
0 0 0.00242135 5.60062e-05 0 0.000151527 0.0248859 0.307822 0.000185754 0 0.000647336 0.268892 0.391766 9.85676e-05 0 0.0011243 0.00194965 0 
0 0 0.0106073 0 0 0 0.0302987 0.584941 0.000402317 0 0 0.124453 0.247912 0.000314886 0 0.000373802 0.000697178 0 
$predAgeCompCatch
0 5.85182e-06 0.00358923 5.70235e-06 0 6.94415e-06 0.070254 0.602709 0.000776747 0 8.05041e-05 0.0962501 0.225757 0.000122455 0 0.000151346 0.000291922 0 
0 5.15546e-06 0.00223278 3.86128e-05 0 1.31767e-05 0.0238202 0.308256 0.000298982 0 0.000521628 0.248539 0.413258 8.6917e-05 0 0.00102179 0.00190741 0 
0 6.72782e-05 0.0102339 8.00229e-06 0 4.37419e-05 0.0398384 0.620225 0.000422424 0 0.000260684 0.113469 0.214436 0.000239726 0 0.000255544 0.000499773 0 
$genSS
 0 0 0
$obsGenComp     #GeneticFracData
-1 -1 -1 -1 -1 
-1 -1 -1 -1 -1 
-1 -1 -1 -1 -1 
$predGenComp     #catchGenComp_pred
0 0 0 0 0 
0 0 0 0 0 
0 0 0 0 0 
#PARAMETERS_OF_INTEREST
$catchByGroup
0 0 0 
0 0 0 
2.17786 0.262717 0.0224721 
2.60562e-11 3.12696e-12 2.67336e-13 
0 0 0 
0.0161236 0.00141308 0.000117391 
251.559 29.7675 2.54146 
657.322 79.293 6.78251 
7.81686e-11 9.38089e-12 8.02009e-13 
0 0 0 
0.148459 0.013011 0.00108089 
374.843 44.3561 3.78698 
773.471 93.3042 7.98099 
7.90671e-11 9.48871e-12 8.11228e-13 
0 0 0 
3.84268e-11 4.54713e-12 3.88219e-13 
3.44872e-11 4.16021e-12 3.55853e-13 
0 0 0 
0 0 0 
0 0 0 
14.1108 1.01519 0.102951 
3.92795e-11 2.81038e-12 2.84919e-13 
0 0 0 
1.77877e-11 9.10197e-13 9.07309e-14 
207.01 14.5906 1.47801 
1048.96 75.4666 7.65316 
2.14003 0.153115 0.015523 
0 0 0 
1.58721e-11 8.12175e-13 8.09599e-14 
24.7352 1.7434 0.176604 
27.1163 1.95086 0.197839 
0.764145 0.0546732 0.00554282 
0 0 0 
8.70447e-11 6.13512e-12 6.21481e-13 
6.18129e-11 4.44707e-12 4.50983e-13 
0 0 0 
0 0 0 
0 0 0 
4.37427 0.696658 0.0131406 
2.86296e-11 4.53244e-12 8.5422e-14 
0 0 0 
0.0119895 0.00130861 2.35341e-05 
74.0072 11.5269 0.216761 
2567.69 408.937 7.71352 
3.72268 0.589347 0.0111073 
0 0 0 
0.0466121 0.00508753 9.14947e-05 
62.0795 9.66911 0.181825 
484.207 77.1161 1.45459 
1.00204e-10 1.58635e-11 2.98977e-13 
0 0 0 
4.58555e-11 7.14216e-12 1.34307e-13 
3.92036e-11 6.24366e-12 1.1777e-13 
0 0 0 
0 0 0 
0 0 0 
1.55515 13.7494 1.17248 
0.0468276 0.41737 0.0352986 
0 0 0 
0.00764926 0.114853 0.00570828 
18.8833 172.059 14.2274 
258.445 2284.96 194.85 
0.24391 2.17395 0.183859 
0 0 0 
0.366569 5.50398 0.273553 
282.881 2577.53 213.133 
473.17 4183.38 356.738 
0.0780183 0.695369 0.0588101 
0 0 0 
1.20766 11.0038 0.909897 
2.32213 20.5304 1.75072 
0 0 0 
0 0 0 
0.048055 0.0557259 0.296768 
7.25661 8.41041 43.8311 
4.20955e-12 4.87958e-12 2.55782e-11 
0 0 0 
0.0212628 0.024854 0.187099 
25.4658 29.5308 157.266 
417.016 483.322 2518.85 
0.272018 0.315315 1.65285 
0 0 0 
0.0994584 0.116256 0.875167 
45.8646 53.1858 283.241 
95.9443 111.199 579.519 
0.163439 0.189453 0.993091 
0 0 0 
0.0351902 0.0408075 0.21732 
0.0751305 0.0870762 0.453801 
0 0 0 
$escByGroup
 5e-101 5e-101 1.34092 1.652e-11 5e-101 0.17385 172.736 404.715 4.95599e-11 5e-101 1.60073 257.391 476.229 5.01296e-11 5e-101 2.63862e-11 2.12339e-11 5e-101 5e-101 5e-101 9.01639 2.57883e-11 5e-101 1.87286e-10 146.372 670.257 1.405 5e-101 1.67117e-10 17.4897 17.3266 0.501686 5e-101 6.15472e-11 3.94967e-11 5e-101 5e-101 5e-101 1.6371 1.11378e-11 5e-101 0.102889 31.9343 960.973 1.44823 5e-101 0.400008 26.7874 181.217 3.89822e-11 5e-101 1.97867e-11 1.46722e-11 5e-101 5e-101 5e-101 1.39946 0.0469582 5e-101 0.687735 24.6544 232.57 0.244591 5e-101 32.9577 369.335 425.797 0.078236 5e-101 1.57675 2.08964 5e-101 5e-101 0.0710634 7.80758 4.96238e-12 5e-101 1.5784 37.6586 448.679 0.320666 5e-101 7.38306 67.8243 103.229 0.192668 5e-101 0.0520391 0.0808349 5e-101
$catchByGroup
0 0 2.17786 2.60562e-11 0 0.0161236 251.559 657.322 7.81686e-11 0 0.148459 374.843 773.471 7.90671e-11 0 3.84268e-11 3.44872e-11 0 0 0 14.1108 3.92795e-11 0 1.77877e-11 207.01 1048.96 2.14003 0 1.58721e-11 24.7352 27.1163 0.764145 0 8.70447e-11 6.18129e-11 0 0 0 4.37427 2.86296e-11 0 0.0119895 74.0072 2567.69 3.72268 0 0.0466121 62.0795 484.207 1.00204e-10 0 4.58555e-11 3.92036e-11 0 0 0 1.55515 0.0468276 0 0.00764926 18.8833 258.445 0.24391 0 0.366569 282.881 473.17 0.0780183 0 1.20766 2.32213 0 0 0.048055 7.25661 4.20955e-12 0 0.0212628 25.4658 417.016 0.272018 0 0.0994584 45.8646 95.9443 0.163439 0 0.0351902 0.0751305 0 
0 0 0.262717 3.12696e-12 0 0.00141308 29.7675 79.293 9.38089e-12 0 0.013011 44.3561 93.3042 9.48871e-12 0 4.54713e-12 4.16021e-12 0 0 0 1.01519 2.81038e-12 0 9.10197e-13 14.5906 75.4666 0.153115 0 8.12175e-13 1.7434 1.95086 0.0546732 0 6.13512e-12 4.44707e-12 0 0 0 0.696658 4.53244e-12 0 0.00130861 11.5269 408.937 0.589347 0 0.00508753 9.66911 77.1161 1.58635e-11 0 7.14216e-12 6.24366e-12 0 0 0 13.7494 0.41737 0 0.114853 172.059 2284.96 2.17395 0 5.50398 2577.53 4183.38 0.695369 0 11.0038 20.5304 0 0 0.0557259 8.41041 4.87958e-12 0 0.024854 29.5308 483.322 0.315315 0 0.116256 53.1858 111.199 0.189453 0 0.0408075 0.0870762 0 
0 0 0.0224721 2.67336e-13 0 0.000117391 2.54146 6.78251 8.02009e-13 0 0.00108089 3.78698 7.98099 8.11228e-13 0 3.88219e-13 3.55853e-13 0 0 0 0.102951 2.84919e-13 0 9.07309e-14 1.47801 7.65316 0.015523 0 8.09599e-14 0.176604 0.197839 0.00554282 0 6.21481e-13 4.50983e-13 0 0 0 0.0131406 8.5422e-14 0 2.35341e-05 0.216761 7.71352 0.0111073 0 9.14947e-05 0.181825 1.45459 2.98977e-13 0 1.34307e-13 1.1777e-13 0 0 0 1.17248 0.0352986 0 0.00570828 14.2274 194.85 0.183859 0 0.273553 213.133 356.738 0.0588101 0 0.909897 1.75072 0 0 0.296768 43.8311 2.55782e-11 0 0.187099 157.266 2518.85 1.65285 0 0.875167 283.241 579.519 0.993091 0 0.21732 0.453801 0 
$Fmort
 0.747498 0.457411 0.284333
#ESTIMATED_PARAMETERS
$availability
1.42622 1.46385 1.76574 0.152738 0.191452 
0.196265 0.117306 0.300099 4.02025 0.366078 
0.0261407 0.0187738 0.00863418 0.299292 4.64716 
$selectivity
 0.0824985 0.75095 0.797165 0.784695 2.58469
$RunSize
 0 0 3.80397 4.59705e-11 0 0.191504 456.603 1148.11 1.37911e-10 0 1.76328 680.377 1350.99 1.39497e-10 0 6.97483e-11 6.02372e-11 0 0 0 24.2453 6.81631e-11 0 2.06075e-10 369.45 1802.34 3.71366 0 1.83882e-10 44.1448 46.5916 1.32605 0 1.55348e-10 1.06208e-10 0 0 0 6.72117 4.43853e-11 0 0.116211 117.685 3945.31 5.77137 0 0.451799 98.7178 743.995 1.55348e-10 0 7.29187e-11 6.02372e-11 0 0 0 17.8765 0.546454 0 0.815945 229.824 2970.82 2.84631 0 39.1018 3442.88 5439.09 0.910433 0 14.6981 26.6929 0 0 0.471612 67.3057 3.96297e-11 0 1.81161 249.921 3867.86 2.56085 0 8.47395 450.115 889.892 1.53865 0 0.345357 0.696842 0
