$ndistricts
3
$ngroups
90
$nstocks
5
$nagecomps
18
$AgeCompLabels
 0.1 0.2 0.3 0.4 0.5 1.1 1.2 1.3 1.4 1.5 2.1 2.2 2.3 2.4 3.1 3.2 3.3 3.4
$navailpar
15
$nselectpar
5
$GENdata
-1
$maxGradient
6.75743e-05
#LIKELIHOOD_VALUES_AND_PENALTIES
$totalNLL
-20387.1
$NLLcatch
-10274.8
$NLLescape
-15587.8
$NLLagecompCatch
635.144
$NLLagecompEsc
4840.28
$NLLgenetics
0
$NLLselOne
1.75926e-16
$NLLavailOne
8.04389e-11
$NLLextra
5e-198
#OBSERVED_AND_PREDICTED_VALUES
$predEsc
 340.128 212.419 897.309 994.947 390.857
$obsEsc
 338.76 203.304 905.358 997.602 388.254
$predCatch
 957.902 695.582 188.695
$obsCatch
 957.902 695.582 188.695
$RunSize
 0 0 0 0 0 0 197.684 27.6808 1.21057 0 0.817438 118.606 172.386 0 0 2.00884e-10 2.16975e-10 0 0 0 0 0 0 0 294.681 10.2153 0 0 4.10333e-10 16.1295 10.6108 0 0 5.17523e-10 7.88742e-10 0 0 0 0 0 0 0 357.787 126.772 0.376324 0 6.78048 521.28 509.976 0.187174 0 1.07677 1.34442e-10 0 0 0 0 0 0 0 67.7195 57.3372 0 0 2.23386 873.447 605.123 0 0 78.2765 18.9382 0 0 0 0 0 0 0.775842 21.0437 128.614 0.860919 0 3.06757 410.135 36.0067 0 0 2.5954e-10 2.62135e-10 0
$SSageCompEsc
 508 97 2384 579 343
$obsAgeCompEsc
0 0 0 0 0 0 0.357775 0.0570585 0.00356874 0 0.00233191 0.224845 0.354421 0 0 0 0 0 
0 0 0 0 0 0 0.867235 0.0382835 0 0 0 0.0550331 0.0394487 0 0 0 0 0 
0 0 0 0 0 0 0.218096 0.0887628 0.000417976 0 0.00720163 0.328442 0.356151 0.000207891 0 0.000720686 0 0 
0 0 0 0 0 0 0.0412414 0.0353625 0 0 0.00214664 0.484072 0.377223 0 0 0.0466397 0.0133145 0 
0 0 0 0 0 0.00198822 0.0204002 0.171776 0.00221936 0 0.00725331 0.730592 0.0657714 0 0 0 0 0 
$predAgeCompEsc
0 0 0 0 0 0 0.369014 0.0558575 0.00355916 0 0.00230977 0.2214 0.34786 0 0 3.74986e-13 4.37838e-13 0 
0 0 0 0 0 0 0.884156 0.0330842 0 0 1.85638e-12 0.0483947 0.034365 0 0 1.55277e-12 2.55449e-12 0 
0 0 0 0 0 0 0.224089 0.0877863 0.000419391 0 0.00719033 0.326487 0.353146 0.000208595 0 0.000674403 9.30975e-14 0 
0 0 0 0 0 0 0.0380506 0.0357666 0 0 0.00213863 0.490776 0.377472 0 0 0.0439824 0.0118135 0 
0 0 0 0 0 0.00191197 0.0340881 0.22647 0.00220264 0 0.00755965 0.664365 0.0634022 0 0 4.20421e-13 4.61579e-13 0 
$SSageCompCatch
 256 108 172
$obsAgeCompCatch
0 0 0 0 0 0 0.452688 0.04946 0 0 0 0.285792 0.210669 0 0 0 0.00139179 0 
0 0 0 0 0 0 0.00862069 0.0338496 0 0 0 0.592132 0.315988 0 0 0.0479725 0.00143678 0 
0 0 0 0 0 0 0.0812781 0.282156 0 0 0.0012766 0.542445 0.0928449 0 0 0 0 0 
$predAgeCompCatch
0 0 0 0 0 4.05448e-06 0.331894 0.0661577 1.59773e-10 0 0.000376822 0.330159 0.266673 2.06605e-11 0 0.00401505 0.000720907 0 
0 0 0 0 0 4.31255e-06 0.0681856 0.0396293 2.31354e-11 0 0.000184159 0.528878 0.311731 1.95216e-12 0 0.0425093 0.00887915 0 
0 0 0 0 0 0.000114753 0.0423085 0.163124 2.97599e-10 0 0.000477857 0.683371 0.100583 1.19173e-13 0 0.00833783 0.00168324 0 
$genSS
 0 0 0
$obsGenComp     #GeneticFracData
-1 -1 -1 -1 -1 
-1 -1 -1 -1 -1 
-1 -1 -1 -1 -1 
$predGenComp     #catchGenComp_pred
0 0 0 0 0 
0 0 0 0 0 
0 0 0 0 0 
#PARAMETERS_OF_INTEREST
$catchByGroup
0 0 0 
0 0 0 
0 0 0 
0 0 0 
0 0 0 
0 0 0 
67.3039 4.51855 0.35012 
8.11298 0.528283 0.0408616 
1.03387e-07 5.74362e-09 4.40328e-10 
0 0 0 
0.0299958 0.00169599 0.000130146 
40.3808 2.71103 0.210064 
50.5247 3.28996 0.254471 
0 0 0 
0 0 0 
6.83932e-11 4.59169e-12 3.55787e-13 
6.35934e-11 4.14094e-12 3.20293e-13 
0 0 0 
0 0 0 
0 0 0 
0 0 0 
0 0 0 
0 0 0 
0 0 0 
102.45 4.04453 0.374922 
3.05978 0.116975 0.0108322 
0 0 0 
0 0 0 
1.54467e-11 5.09052e-13 4.692e-14 
5.60762 0.221379 0.0205215 
3.17824 0.121504 0.0112515 
0 0 0 
0 0 0 
1.79923e-10 7.10306e-12 6.58444e-13 
2.36251e-10 9.03187e-12 8.36369e-13 
0 0 0 
0 0 0 
0 0 0 
0 0 0 
0 0 0 
0 0 0 
0 0 0 
144.073 12.4288 0.209426 
44.258 3.68068 0.0618413 
3.97902e-08 2.73011e-09 4.52119e-11 
0 0 0 
0.306681 0.0214987 0.000356586 
209.907 18.1082 0.305125 
178.04 14.8066 0.248774 
1.97907e-08 1.35789e-09 2.24873e-11 
0 0 0 
0.433591 0.037405 0.000630276 
4.69356e-11 3.90337e-12 6.55827e-14 
0 0 0 
0 0 0 
0 0 0 
0 0 0 
0 0 0 
0 0 0 
0 0 0 
2.95221 25.5485 1.36057 
2.09073 18.699 0.96162 
0 0 0 
0 0 0 
0.00892574 0.0930423 0.00406863 
38.0776 329.524 17.5487 
22.0651 197.345 10.1487 
0 0 0 
0 0 0 
3.41244 29.5313 1.57268 
0.690558 6.17618 0.317618 
0 0 0 
0 0 0 
0 0 0 
0 0 0 
0 0 0 
0 0 0 
0.00388379 0.00299973 0.0216532 
1.1435 0.8883 5.68836 
5.85109 4.54051 29.7056 
9.86985e-09 7.61884e-09 5.56699e-08 
0 0 0 
0.015356 0.0118605 0.0856138 
22.2865 17.3127 110.864 
1.63806 1.27116 8.31632 
0 0 0 
0 0 0 
1.41032e-11 1.09557e-11 7.01566e-11 
1.19254e-11 9.25424e-12 6.05443e-11 
0 0 0 
$escByGroup
 5e-101 5e-101 5e-101 5e-101 5e-101 5e-101 125.512 18.9987 1.21057 5e-101 0.785616 75.3042 118.317 5e-101 5e-101 1.27543e-10 1.48921e-10 5e-101 5e-101 5e-101 5e-101 5e-101 5e-101 5e-101 187.812 7.02773 5e-101 5e-101 3.9433e-10 10.28 7.29979 5e-101 5e-101 3.29838e-10 5.42623e-10 5e-101 5e-101 5e-101 5e-101 5e-101 5e-101 5e-101 201.077 78.7714 0.376324 5e-101 6.45195 292.959 316.881 0.187174 5e-101 0.605147 8.35371e-11 5e-101 5e-101 5e-101 5e-101 5e-101 5e-101 5e-101 37.8583 35.5858 5e-101 5e-101 2.12782 488.296 375.565 5e-101 5e-101 43.7601 11.7538 5e-101 5e-101 5e-101 5e-101 5e-101 5e-101 0.747306 13.3236 88.5173 0.860919 5e-101 2.95474 259.672 24.7812 5e-101 5e-101 1.64324e-10 1.80411e-10 5e-101
$catchByGroup
0 0 0 0 0 0 67.3039 8.11298 1.03387e-07 0 0.0299958 40.3808 50.5247 0 0 6.83932e-11 6.35934e-11 0 0 0 0 0 0 0 102.45 3.05978 0 0 1.54467e-11 5.60762 3.17824 0 0 1.79923e-10 2.36251e-10 0 0 0 0 0 0 0 144.073 44.258 3.97902e-08 0 0.306681 209.907 178.04 1.97907e-08 0 0.433591 4.69356e-11 0 0 0 0 0 0 0 2.95221 2.09073 0 0 0.00892574 38.0776 22.0651 0 0 3.41244 0.690558 0 0 0 0 0 0 0.00388379 1.1435 5.85109 9.86985e-09 0 0.015356 22.2865 1.63806 0 0 1.41032e-11 1.19254e-11 0 
0 0 0 0 0 0 4.51855 0.528283 5.74362e-09 0 0.00169599 2.71103 3.28996 0 0 4.59169e-12 4.14094e-12 0 0 0 0 0 0 0 4.04453 0.116975 0 0 5.09052e-13 0.221379 0.121504 0 0 7.10306e-12 9.03187e-12 0 0 0 0 0 0 0 12.4288 3.68068 2.73011e-09 0 0.0214987 18.1082 14.8066 1.35789e-09 0 0.037405 3.90337e-12 0 0 0 0 0 0 0 25.5485 18.699 0 0 0.0930423 329.524 197.345 0 0 29.5313 6.17618 0 0 0 0 0 0 0.00299973 0.8883 4.54051 7.61884e-09 0 0.0118605 17.3127 1.27116 0 0 1.09557e-11 9.25424e-12 0 
0 0 0 0 0 0 0.35012 0.0408616 4.40328e-10 0 0.000130146 0.210064 0.254471 0 0 3.55787e-13 3.20293e-13 0 0 0 0 0 0 0 0.374922 0.0108322 0 0 4.692e-14 0.0205215 0.0112515 0 0 6.58444e-13 8.36369e-13 0 0 0 0 0 0 0 0.209426 0.0618413 4.52119e-11 0 0.000356586 0.305125 0.248774 2.24873e-11 0 0.000630276 6.55827e-14 0 0 0 0 0 0 0 1.36057 0.96162 0 0 0.00406863 17.5487 10.1487 0 0 1.57268 0.317618 0 0 0 0 0 0 0.0216532 5.68836 29.7056 5.56699e-08 0 0.0856138 110.864 8.31632 0 0 7.01566e-11 6.05443e-11 0 
$Fmort
 0.172838 0.0697758 0.0401626
#ESTIMATED_PARAMETERS
$availability
1.42622 1.46385 1.76574 0.152738 0.191452 
0.196265 0.117306 0.300099 4.02025 0.366078 
0.0261407 0.0187738 0.00863418 0.299292 4.64716 
$selectivity
 0.15166 1.68846 1.40708 3.46456e-07 1.7528
$RunSize
 0 0 0 0 0 0 197.684 27.6808 1.21057 0 0.817438 118.606 172.386 0 0 2.00884e-10 2.16975e-10 0 0 0 0 0 0 0 294.681 10.2153 0 0 4.10333e-10 16.1295 10.6108 0 0 5.17523e-10 7.88742e-10 0 0 0 0 0 0 0 357.787 126.772 0.376324 0 6.78048 521.28 509.976 0.187174 0 1.07677 1.34442e-10 0 0 0 0 0 0 0 67.7195 57.3372 0 0 2.23386 873.447 605.123 0 0 78.2765 18.9382 0 0 0 0 0 0 0.775842 21.0437 128.614 0.860919 0 3.06757 410.135 36.0067 0 0 2.5954e-10 2.62135e-10 0
