$ndistricts
3
$ngroups
90
$nstocks
5
$nagecomps
18
$AgeCompLabels
 0.1 0.2 0.3 0.4 0.5 1.1 1.2 1.3 1.4 1.5 2.1 2.2 2.3 2.4 3.1 3.2 3.3 3.4
$navailpar
15
$nselectpar
5
$GENdata
-1
$maxGradient
0.000327444
#LIKELIHOOD_VALUES_AND_PENALTIES
$totalNLL
-267858
$NLLcatch
-235632
$NLLescape
-76279.2
$NLLagecompCatch
30036.8
$NLLagecompEsc
14016.5
$NLLgenetics
0
$NLLselOne
2.15788e-13
$NLLavailOne
8.04389e-11
$NLLextra
2.6e-198
#OBSERVED_AND_PREDICTED_VALUES
$predEsc
 4422.16 633.442 1829.3 2072.07 2206.34
$obsEsc
 4725.86 611.784 1606.65 1945.63 2194.93
$predCatch
 9395.95 15646.6 3320.97
$obsCatch
 9395.95 15646.6 3320.97
$RunSize
 0 17.263 16.5668 3.2875 0 2.08158 2326.84 2109.31 21.3809 0 12.5457 3547.16 1108.23 7.43463 0 3.28473e-11 1.11607 0 0 5.03659e-11 9.8542e-11 4.59863e-11 0 0 261.114 573.675 6.63516e-10 0 7.66438e-11 61.3783 446.21 4.29205e-10 0 5.03659e-11 8.38702e-10 0 0 2.62779e-11 4.37965e-11 1.28215 0 0.780812 274.305 1320.78 459.703 0 23.7779 524.833 2971.95 31.4505 0 2.84677e-11 10.0292 0 0 6.78845e-11 1.36492 5.47456e-11 0 0 283.743 3953.87 42.7846 0 118.579 8769.66 3888.5 7.4454e-11 4.92515 83.8346 12.4389 0 0 3.35798 7.10703 3.06575e-11 0 5.4185 457.476 1804.3 80.0039 0 32.0423 1899.2 1936.62 5.63568 0 1.44823 3.7227e-11 0
$SSageCompEsc
 3034 88.5 1692 3201 2644
$obsAgeCompEsc
0 0.00426853 0.00249163 0.000783507 0 0.000544397 0.325561 0.157878 0.00138071 0 0.00272495 0.431069 0.0725425 0.000679738 0 0 7.66527e-05 0 
0 0 0 0 0 0 0.601116 0.250188 0 0 0 0.102692 0.0460043 0 0 0 0 0 
0 0 0 0.000633714 0 0.000510901 0.0899411 0.225322 0.0612104 0 0.0131763 0.151671 0.449833 0.00615212 0 0 0.00154927 0 
0 0 0.00019264 0 0 0 0.0231543 0.169192 0.000868148 0 0.0212583 0.601028 0.17527 0 0.00149523 0.00731329 0.000227071 0 
0 0.00110602 0.000437801 0 0 0.00216205 0.0966069 0.251971 0.00506081 0 0.01201 0.359807 0.27055 0 0 0.000288284 0 0 
$predAgeCompEsc
0 0.00199301 0.00161213 0.00027131 0 0.000338875 0.268634 0.205259 0.00176452 0 0.00204241 0.40952 0.107843 0.000613564 0 3.79223e-15 0.000108606 0 
0 4.20714e-14 7.05929e-14 2.85225e-14 0 0 0.218112 0.410965 4.11538e-13 0 8.81452e-14 0.0512702 0.319653 2.6621e-13 0 4.20714e-14 6.00824e-13 0 
0 5.86977e-15 7.60211e-15 0.000171435 0 0.000279314 0.0612723 0.229259 0.0614661 0 0.00850588 0.117234 0.515866 0.0042052 0 6.35892e-15 0.00174085 0 
0 5.16504e-15 4.83384e-05 3.41784e-16 0 0 0.0215887 0.140026 0.00026711 0 0.0252464 0.667245 0.137711 4.64826e-16 0.0010486 0.00637861 0.000440521 0 
0 0.000634148 0.00101204 3.17819e-15 0 0.00165494 0.0863933 0.256933 0.0082938 0 0.0097865 0.35866 0.275775 0.000584237 0 0.000273495 5.30113e-15 0 
$SSageCompCatch
 12797 6544 2477
$obsAgeCompCatch
0 0.00020224 0.000710139 0.00010383 0 0 0.110035 0.280976 0.0342439 0 0.000511344 0.231612 0.338161 0.00249911 0 0.000135905 0.000809617 0 
0 8.54194e-05 0 0 0 0 0.0298598 0.223873 0.00604635 0 0.00739782 0.507379 0.220125 0 0 0.00433901 0.000893955 0 
0 0 0.00190078 0 0 0 0.0506192 0.300271 0.0168058 0 0 0.31339 0.314226 0.00168448 0 0.00110307 0 0 
$predAgeCompCatch
0 0.000797797 0.000931766 0.000272525 0 9.96879e-05 0.135536 0.263649 0.0325743 0 0.00156552 0.256219 0.304527 0.00254782 1.54788e-05 0.000517257 0.000748111 0 
0 9.87303e-05 0.00022187 3.07349e-05 0 2.91594e-05 0.0294291 0.246399 0.00738493 0 0.00412452 0.455629 0.251326 0.000380805 0.000161467 0.00405087 0.000733953 0 
0 0.000411792 0.00100881 4.43827e-06 0 0.000369504 0.0590164 0.296599 0.0129967 0 0.00277174 0.311348 0.31345 0.000881826 2.42493e-05 0.000969641 0.000148599 0 
$genSS
 0 0 0
$obsGenComp     #GeneticFracData
-1 -1 -1 -1 -1 
-1 -1 -1 -1 -1 
-1 -1 -1 -1 -1 
$predGenComp     #catchGenComp_pred
0 0 0 0 0 
0 0 0 0 0 
0 0 0 0 0 
#PARAMETERS_OF_INTEREST
$catchByGroup
0 0 0 
7.25892 1.14226 0.0483848 
8.05331 1.32773 0.0566442 
1.7706 0.304069 0.0130553 
0 0 0 
0.508188 0.0718384 0.00299518 
978.415 153.962 6.52169 
1025.36 169.05 7.21206 
11.5154 1.97757 0.0849078 
0 0 0 
3.06286 0.432972 0.018052 
1491.55 234.708 9.94202 
538.725 88.8185 3.78921 
4.00418 0.687648 0.0295244 
0 0 0 
1.3812e-11 2.17344e-12 9.2065e-14 
0.542535 0.0894465 0.003816 
0 0 0 
0 0 0 
2.15955e-11 2.01923e-12 1.01424e-13 
4.8784e-11 4.7994e-12 2.42095e-13 
2.51961e-11 2.59167e-12 1.31229e-13 
0 0 0 
0 0 0 
111.958 10.4684 0.525813 
284.002 27.9403 1.40938 
3.63543e-10 3.73941e-11 1.89345e-12 
0 0 0 
1.91376e-11 1.5921e-12 7.92193e-14 
26.3173 2.46073 0.1236 
220.9 21.7322 1.09623 
2.35163e-10 2.41889e-11 1.22481e-12 
0 0 0 
2.15955e-11 2.01923e-12 1.01424e-13 
4.15206e-10 4.08482e-11 2.06049e-12 
0 0 0 
0 0 0 
1.29043e-11 2.61161e-12 2.43499e-14 
2.45886e-11 5.25177e-12 4.95175e-14 
0.790037 0.176826 0.00168401 
0 0 0 
0.228666 0.040825 0.000371269 
134.704 27.2616 0.254179 
741.528 158.379 1.49332 
283.26 63.3992 0.603784 
0 0 0 
6.96352 1.24323 0.0113062 
257.731 52.1603 0.486326 
1668.54 356.375 3.36017 
19.3792 4.33746 0.0413079 
0 0 0 
1.39797e-11 2.82925e-12 2.6379e-14 
5.6307 1.20263 0.0113393 
0 0 0 
0 0 0 
3.85263e-12 5.11828e-11 2.14681e-12 
0.0939262 1.11834 0.0524878 
4.35193e-12 4.72473e-11 2.43814e-12 
0 0 0 
0 0 0 
16.1032 213.933 8.97318 
272.084 3239.6 152.046 
3.4011 36.9246 1.90544 
0 0 0 
3.50161 60.8267 1.9389 
497.702 6612.04 277.335 
267.585 3186.04 149.532 
5.91862e-12 6.42563e-11 3.31586e-12 
0.145438 2.52641 0.0805312 
4.75784 63.2086 2.65122 
0.855975 10.1918 0.478336 
0 0 0 
0 0 0 
0.237137 0.402536 1.31916 
0.607591 1.02544 3.24109 
3.0234e-12 5.07648e-12 1.55455e-11 
0 0 0 
0.199807 0.343581 1.22374 
32.3064 54.8396 179.717 
154.252 260.333 822.834 
7.88988 13.2476 40.5675 
0 0 0 
1.18156 2.03177 7.2366 
134.119 227.665 746.089 
165.565 279.425 883.178 
0.555783 0.933194 2.85768 
0 0 0 
0.102272 0.173606 0.568929 
3.18259e-12 5.37129e-12 1.6977e-11 
0 0 0 
$escByGroup
 5e-101 8.8134 7.12908 1.19978 5e-101 1.49856 1187.94 907.689 7.80297 5e-101 9.03186 1810.96 476.899 2.71328 5e-101 1.67698e-11 0.480271 5e-101 5e-101 2.66498e-11 4.47165e-11 1.80673e-11 5e-101 5e-101 138.161 260.323 2.60686e-10 5e-101 5.58349e-11 32.4767 202.482 1.68628e-10 5e-101 2.66498e-11 3.80587e-10 5e-101 5e-101 1.07376e-11 1.39065e-11 0.313605 5e-101 0.510949 112.085 419.384 112.44 5e-101 15.5598 214.455 943.673 7.69258 5e-101 1.16324e-11 3.18454 5e-101 5e-101 1.07023e-11 0.10016 7.082e-13 5e-101 5e-101 44.7333 290.143 0.55347 5e-101 52.3123 1382.58 285.346 9.63151e-13 2.17277 13.2169 0.91279 5e-101 5e-101 1.39914 2.23291 7.01216e-12 5e-101 3.65137 190.613 566.881 18.2989 5e-101 21.5923 791.325 608.454 1.28902 5e-101 0.603424 1.16961e-11 5e-101
$catchByGroup
0 7.25892 8.05331 1.7706 0 0.508188 978.415 1025.36 11.5154 0 3.06286 1491.55 538.725 4.00418 0 1.3812e-11 0.542535 0 0 2.15955e-11 4.8784e-11 2.51961e-11 0 0 111.958 284.002 3.63543e-10 0 1.91376e-11 26.3173 220.9 2.35163e-10 0 2.15955e-11 4.15206e-10 0 0 1.29043e-11 2.45886e-11 0.790037 0 0.228666 134.704 741.528 283.26 0 6.96352 257.731 1668.54 19.3792 0 1.39797e-11 5.6307 0 0 3.85263e-12 0.0939262 4.35193e-12 0 0 16.1032 272.084 3.4011 0 3.50161 497.702 267.585 5.91862e-12 0.145438 4.75784 0.855975 0 0 0.237137 0.607591 3.0234e-12 0 0.199807 32.3064 154.252 7.88988 0 1.18156 134.119 165.565 0.555783 0 0.102272 3.18259e-12 0 
0 1.14226 1.32773 0.304069 0 0.0718384 153.962 169.05 1.97757 0 0.432972 234.708 88.8185 0.687648 0 2.17344e-12 0.0894465 0 0 2.01923e-12 4.7994e-12 2.59167e-12 0 0 10.4684 27.9403 3.73941e-11 0 1.5921e-12 2.46073 21.7322 2.41889e-11 0 2.01923e-12 4.08482e-11 0 0 2.61161e-12 5.25177e-12 0.176826 0 0.040825 27.2616 158.379 63.3992 0 1.24323 52.1603 356.375 4.33746 0 2.82925e-12 1.20263 0 0 5.11828e-11 1.11834 4.72473e-11 0 0 213.933 3239.6 36.9246 0 60.8267 6612.04 3186.04 6.42563e-11 2.52641 63.2086 10.1918 0 0 0.402536 1.02544 5.07648e-12 0 0.343581 54.8396 260.333 13.2476 0 2.03177 227.665 279.425 0.933194 0 0.173606 5.37129e-12 0 
0 0.0483848 0.0566442 0.0130553 0 0.00299518 6.52169 7.21206 0.0849078 0 0.018052 9.94202 3.78921 0.0295244 0 9.2065e-14 0.003816 0 0 1.01424e-13 2.42095e-13 1.31229e-13 0 0 0.525813 1.40938 1.89345e-12 0 7.92193e-14 0.1236 1.09623 1.22481e-12 0 1.01424e-13 2.06049e-12 0 0 2.43499e-14 4.95175e-14 0.00168401 0 0.000371269 0.254179 1.49332 0.603784 0 0.0113062 0.486326 3.36017 0.0413079 0 2.6379e-14 0.0113393 0 0 2.14681e-12 0.0524878 2.43814e-12 0 0 8.97318 152.046 1.90544 0 1.9389 277.335 149.532 3.31586e-12 0.0805312 2.65122 0.478336 0 0 1.31916 3.24109 1.55455e-11 0 1.22374 179.717 822.834 40.5675 0 7.2366 746.089 883.178 2.85768 0 0.568929 1.6977e-11 0 
$Fmort
 0.77265 0.704535 0.216872
#ESTIMATED_PARAMETERS
$availability
1.42622 1.46385 1.76574 0.152738 0.191452 
0.196265 0.117306 0.300099 4.02025 0.366078 
0.0261407 0.0187738 0.00863418 0.299292 4.64716 
$selectivity
 0.253993 0.495089 0.604145 0.701885 2.94489
$RunSize
 0 17.263 16.5668 3.2875 0 2.08158 2326.84 2109.31 21.3809 0 12.5457 3547.16 1108.23 7.43463 0 3.28473e-11 1.11607 0 0 5.03659e-11 9.8542e-11 4.59863e-11 0 0 261.114 573.675 6.63516e-10 0 7.66438e-11 61.3783 446.21 4.29205e-10 0 5.03659e-11 8.38702e-10 0 0 2.62779e-11 4.37965e-11 1.28215 0 0.780812 274.305 1320.78 459.703 0 23.7779 524.833 2971.95 31.4505 0 2.84677e-11 10.0292 0 0 6.78845e-11 1.36492 5.47456e-11 0 0 283.743 3953.87 42.7846 0 118.579 8769.66 3888.5 7.4454e-11 4.92515 83.8346 12.4389 0 0 3.35798 7.10703 3.06575e-11 0 5.4185 457.476 1804.3 80.0039 0 32.0423 1899.2 1936.62 5.63568 0 1.44823 3.7227e-11 0
