$ndistricts
3
$ngroups
90
$nstocks
5
$nagecomps
18
$AgeCompLabels
 0.1 0.2 0.3 0.4 0.5 1.1 1.2 1.3 1.4 1.5 2.1 2.2 2.3 2.4 3.1 3.2 3.3 3.4
$navailpar
15
$nselectpar
5
$GENdata
-1
$maxGradient
0.00021234
#LIKELIHOOD_VALUES_AND_PENALTIES
$totalNLL
-99040
$NLLcatch
-84733.7
$NLLescape
-52535.2
$NLLagecompCatch
23776.5
$NLLagecompEsc
14452.5
$NLLgenetics
0
$NLLselOne
6.79197e-14
$NLLavailOne
8.04389e-11
$NLLextra
2.5e-198
#OBSERVED_AND_PREDICTED_VALUES
$predEsc
 4117.73 532.953 988.267 1622.69 658.04
$obsEsc
 4065.22 524.815 1037.86 1612.74 654.412
$predCatch
 3480.84 6456.6 1523.52
$obsCatch
 3480.84 6456.6 1523.52
$RunSize
 0 2.30368 1.65063 5.15748e-11 0 8.24394 2454.4 3025.7 4.12041 0 42.3979 1004.2 88.5184 4.83513e-11 0 5.15748e-11 4.62024e-11 0 0 8.05856e-11 3.33716 6.55429e-11 0 5.14673e-10 480.996 264.88 2.42831e-10 0 2.40682e-10 61.6248 18.745 5.58727e-11 0 7.73621e-11 6.87663e-11 0 0 2.90108e-11 5.69471e-11 3.00853e-11 0 2.02055 492.163 552.362 24.133 0 27.7399 329.354 422.792 2.62947 0 3.00853e-11 3.11597e-11 0 0 1.16102 3.32494 0.0519104 0 0.391254 356.851 2433.1 4.72756 0 82.1263 3476.87 1589.51 3.65321e-11 0 26.6841 6.75059 0 0 1.76959 9.27878 0.690274 0 0.429698 476.657 242.646 8.42742 0 48.9134 533.663 761.541 0.75283 0 1.93405e-11 6.55429e-11 0
$SSageCompEsc
 2381 88.5 1966 3334 2723
$obsAgeCompEsc
0 0.000853951 0.000158868 0 0 0.0016186 0.386033 0.412051 0.000747682 0 0.0102803 0.171449 0.0168077 0 0 0 0 0 
0 0 0 0 0 0 0.601116 0.250188 0 0 0 0.102692 0.0460043 0 0 0 0 0 
0 0 0 0 0 0.00172877 0.271514 0.264459 0.0123669 0 0.0256149 0.187332 0.234545 0.00244053 0 0 0 0 
0 0 0 0 0 0.00022575 0.0618974 0.268124 0.000564842 0 0.0422097 0.481595 0.142194 0 0 0.00233705 0.000852844 0 
0 0.00113429 0.0062122 0 0 0.000604804 0.238054 0.0983553 0.0011553 0 0.0640495 0.294373 0.29586 0.000201601 0 0 0 0 
$predAgeCompEsc
0 0.000359629 0.000237135 6.85353e-15 0 0.00187696 0.383159 0.434682 0.000547542 0 0.00965306 0.156767 0.0127169 6.42519e-15 0 8.05138e-15 6.63759e-15 0 
0 9.96607e-14 0.00382531 7.00193e-14 0 9.07568e-13 0.594851 0.303625 2.59416e-13 0 4.24416e-13 0.0762118 0.021487 5.96886e-14 0 9.56743e-14 7.88252e-14 0 
0 1.64677e-14 2.88363e-14 1.36541e-14 0 0.0018833 0.279372 0.279699 0.0109527 0 0.0258556 0.186955 0.214089 0.00119338 0 1.70776e-14 1.57783e-14 0 
0 0.000166637 0.000332727 3.43217e-06 0 0.000198649 0.0512175 0.243481 0.000312574 0 0.0416975 0.499022 0.159063 2.41541e-15 0 0.00382987 0.000675533 0 
0 0.00092219 0.00370102 0.000204917 0 0.000569503 0.248401 0.0967838 0.00250179 0 0.0648278 0.278109 0.303755 0.000223487 0 1.0079e-14 2.6143e-14 0 
$SSageCompCatch
 6380 8826 3069
$obsAgeCompCatch
0 0 0.0007806 0 0 0.000334549 0.320233 0.438548 0.00321199 0 0.00108067 0.160462 0.0753492 0 0 0 0 0 
0 0.00027439 0.000813009 2.44473e-05 0 0 0.0661175 0.311608 0.000955351 0 0.00213122 0.401133 0.212332 0 0 0.00387216 0.000738755 0 
0 0.000435161 0.00103956 0.000480389 0 0 0.191245 0.182482 0.00504717 0 0.00470482 0.26261 0.35124 0.000398013 0 0 0.00031751 0 
$predAgeCompCatch
0 0.000233486 0.000679866 1.2872e-05 0 0.000165551 0.312888 0.419739 0.00372057 0 0.00141006 0.169383 0.0910517 0.000346791 0 0.000285436 8.43474e-05 0 
0 0.000170064 0.000584855 2.02393e-05 0 2.61531e-05 0.0748208 0.323583 0.00119468 0 0.00231143 0.390101 0.203522 5.92489e-05 0 0.00283043 0.000775359 0 
0 0.000633684 0.00358271 0.000279805 0 3.4908e-05 0.178164 0.184752 0.00361783 0 0.00375625 0.284686 0.339166 0.000306 0 0.000788252 0.000232771 0 
$genSS
 0 0 0
$obsGenComp     #GeneticFracData
-1 -1 -1 -1 -1 
-1 -1 -1 -1 -1 
-1 -1 -1 -1 -1 
$predGenComp     #catchGenComp_pred
0 0 0 0 0 
0 0 0 0 0 
0 0 0 0 0 
#PARAMETERS_OF_INTEREST
$catchByGroup
0 0 0 
0.6873 0.126274 0.00924682 
0.560889 0.105521 0.00776158 
1.93587e-11 3.72033e-12 2.74756e-13 
0 0 0 
0.438598 0.0713965 0.00511443 
732.269 134.536 9.85182 
1028.14 193.426 14.2274 
1.5466 0.297225 0.0219508 
0 0 0 
2.25567 0.367186 0.0263031 
299.604 55.0445 4.03082 
30.0788 5.65877 0.41623 
1.81487e-11 3.48781e-12 2.57584e-13 
0 0 0 
1.53873e-11 2.82702e-12 2.07018e-13 
1.56997e-11 2.95361e-12 2.17252e-13 
0 0 0 
0 0 0 
2.45686e-11 2.67001e-12 2.3244e-13 
1.15798 0.1292 0.0112772 
2.51067e-11 2.86828e-12 2.50956e-13 
0 0 0 
2.80841e-11 2.66875e-12 2.29334e-13 
146.644 15.9366 1.38738 
91.9117 10.255 0.895104 
9.30182e-11 1.06267e-11 9.29773e-13 
0 0 0 
1.31333e-11 1.24802e-12 1.07246e-13 
18.7879 2.04179 0.177749 
6.50441 0.725723 0.0633447 
2.14024e-11 2.44509e-12 2.1393e-13 
0 0 0 
2.35859e-11 2.56321e-12 2.23142e-13 
2.38615e-11 2.66232e-12 2.32381e-13 
0 0 0 
0 0 0 
1.03019e-11 2.39593e-12 3.8514e-14 
2.28892e-11 5.4714e-12 8.85852e-14 
1.32841e-11 3.25428e-12 5.30328e-14 
0 0 0 
0.132234 0.0266953 0.00041412 
174.769 40.6465 0.653384 
222.015 53.0702 0.859238 
10.6559 2.61043 0.0425404 
0 0 0 
1.81543 0.366498 0.00568541 
116.955 27.2005 0.437243 
169.936 40.6213 0.657682 
1.16104 0.284426 0.0046351 
0 0 0 
1.06834e-11 2.48467e-12 3.99405e-14 
1.25243e-11 2.99379e-12 4.84711e-14 
0 0 0 
0 0 0 
0.0432296 0.795141 0.0522518 
0.144609 2.46574 0.17467 
0.00255115 0.0407103 0.00307956 
0 0 0 
0.00228399 0.0638532 0.00277008 
13.287 244.394 16.0601 
105.821 1804.37 127.819 
0.232338 3.70755 0.280461 
0 0 0 
0.479423 13.4031 0.581454 
129.458 2381.17 156.476 
69.1316 1178.77 83.5025 
1.79538e-12 2.865e-11 2.16725e-12 
0 0 0 
0.993557 18.2749 1.20092 
0.293599 5.00618 0.354632 
0 0 0 
0 0 0 
0.0821965 0.176622 0.903931 
0.503027 1.07571 5.26463 
0.0422543 0.0899668 0.42321 
0 0 0 
0.0031419 0.0069152 0.0448844 
22.1405 47.575 243.483 
13.1545 28.1304 137.673 
0.515874 1.09839 5.16688 
0 0 0 
0.357649 0.787172 5.10928 
24.7884 53.2648 272.603 
41.2852 88.287 432.086 
0.0460835 0.0981199 0.461562 
0 0 0 
8.98358e-13 1.93037e-12 9.87942e-12 
3.55326e-12 7.59852e-12 3.7188e-11 
0 0 0 
$escByGroup
 5e-101 1.48086 0.97646 2.8221e-11 5e-101 7.72883 1577.75 1789.9 2.25463 5e-101 39.7487 645.526 52.3646 2.64572e-11 5e-101 3.31534e-11 2.73318e-11 5e-101 5e-101 5.31145e-11 2.03871 3.7317e-11 5e-101 4.83691e-10 317.028 161.818 1.38256e-10 5e-101 2.26194e-10 40.6173 11.4515 3.18112e-11 5e-101 5.09899e-11 4.20101e-11 5e-101 5e-101 1.62745e-11 2.84979e-11 1.34939e-11 5e-101 1.8612 276.094 276.418 10.8242 5e-101 25.5523 184.762 211.577 1.17937 5e-101 1.68773e-11 1.55932e-11 5e-101 5e-101 0.270401 0.539914 0.00556937 5e-101 0.322346 83.1103 395.095 0.507211 5e-101 67.6622 809.759 258.11 3.91946e-12 5e-101 6.21471 1.09618 5e-101 5e-101 0.606838 2.43542 0.134844 5e-101 0.374756 163.458 63.6877 1.64628 5e-101 42.6593 183.007 199.883 0.147064 5e-101 6.63238e-12 1.72032e-11 5e-101
$catchByGroup
0 0.6873 0.560889 1.93587e-11 0 0.438598 732.269 1028.14 1.5466 0 2.25567 299.604 30.0788 1.81487e-11 0 1.53873e-11 1.56997e-11 0 0 2.45686e-11 1.15798 2.51067e-11 0 2.80841e-11 146.644 91.9117 9.30182e-11 0 1.31333e-11 18.7879 6.50441 2.14024e-11 0 2.35859e-11 2.38615e-11 0 0 1.03019e-11 2.28892e-11 1.32841e-11 0 0.132234 174.769 222.015 10.6559 0 1.81543 116.955 169.936 1.16104 0 1.06834e-11 1.25243e-11 0 0 0.0432296 0.144609 0.00255115 0 0.00228399 13.287 105.821 0.232338 0 0.479423 129.458 69.1316 1.79538e-12 0 0.993557 0.293599 0 0 0.0821965 0.503027 0.0422543 0 0.0031419 22.1405 13.1545 0.515874 0 0.357649 24.7884 41.2852 0.0460835 0 8.98358e-13 3.55326e-12 0 
0 0.126274 0.105521 3.72033e-12 0 0.0713965 134.536 193.426 0.297225 0 0.367186 55.0445 5.65877 3.48781e-12 0 2.82702e-12 2.95361e-12 0 0 2.67001e-12 0.1292 2.86828e-12 0 2.66875e-12 15.9366 10.255 1.06267e-11 0 1.24802e-12 2.04179 0.725723 2.44509e-12 0 2.56321e-12 2.66232e-12 0 0 2.39593e-12 5.4714e-12 3.25428e-12 0 0.0266953 40.6465 53.0702 2.61043 0 0.366498 27.2005 40.6213 0.284426 0 2.48467e-12 2.99379e-12 0 0 0.795141 2.46574 0.0407103 0 0.0638532 244.394 1804.37 3.70755 0 13.4031 2381.17 1178.77 2.865e-11 0 18.2749 5.00618 0 0 0.176622 1.07571 0.0899668 0 0.0069152 47.575 28.1304 1.09839 0 0.787172 53.2648 88.287 0.0981199 0 1.93037e-12 7.59852e-12 0 
0 0.00924682 0.00776158 2.74756e-13 0 0.00511443 9.85182 14.2274 0.0219508 0 0.0263031 4.03082 0.41623 2.57584e-13 0 2.07018e-13 2.17252e-13 0 0 2.3244e-13 0.0112772 2.50956e-13 0 2.29334e-13 1.38738 0.895104 9.29773e-13 0 1.07246e-13 0.177749 0.0633447 2.1393e-13 0 2.23142e-13 2.32381e-13 0 0 3.8514e-14 8.85852e-14 5.30328e-14 0 0.00041412 0.653384 0.859238 0.0425404 0 0.00568541 0.437243 0.657682 0.0046351 0 3.99405e-14 4.84711e-14 0 0 0.0522518 0.17467 0.00307956 0 0.00277008 16.0601 127.819 0.280461 0 0.581454 156.476 83.5025 2.16725e-12 0 1.20092 0.354632 0 0 0.903931 5.26463 0.42321 0 0.0448844 243.483 137.673 5.16688 0 5.10928 272.603 432.086 0.461562 0 9.87942e-12 3.7188e-11 0 
$Fmort
 0.496398 0.573925 0.307432
#ESTIMATED_PARAMETERS
$availability
1.42622 1.46385 1.76574 0.152738 0.191452 
0.196265 0.117306 0.300099 4.02025 0.366078 
0.0261407 0.0187738 0.00863418 0.299292 4.64716 
$selectivity
 0.0772203 0.500469 0.586485 0.664665 3.17116
$RunSize
 0 2.30368 1.65063 5.15748e-11 0 8.24394 2454.4 3025.7 4.12041 0 42.3979 1004.2 88.5184 4.83513e-11 0 5.15748e-11 4.62024e-11 0 0 8.05856e-11 3.33716 6.55429e-11 0 5.14673e-10 480.996 264.88 2.42831e-10 0 2.40682e-10 61.6248 18.745 5.58727e-11 0 7.73621e-11 6.87663e-11 0 0 2.90108e-11 5.69471e-11 3.00853e-11 0 2.02055 492.163 552.362 24.133 0 27.7399 329.354 422.792 2.62947 0 3.00853e-11 3.11597e-11 0 0 1.16102 3.32494 0.0519104 0 0.391254 356.851 2433.1 4.72756 0 82.1263 3476.87 1589.51 3.65321e-11 0 26.6841 6.75059 0 0 1.76959 9.27878 0.690274 0 0.429698 476.657 242.646 8.42742 0 48.9134 533.663 761.541 0.75283 0 1.93405e-11 6.55429e-11 0
