$ndistricts
3
$ngroups
90
$nstocks
5
$nagecomps
18
$AgeCompLabels
 0.1 0.2 0.3 0.4 0.5 1.1 1.2 1.3 1.4 1.5 2.1 2.2 2.3 2.4 3.1 3.2 3.3 3.4
$navailpar
15
$nselectpar
5
$GENdata
-1
$maxGradient
0.000227242
#LIKELIHOOD_VALUES_AND_PENALTIES
$totalNLL
-78272.1
$NLLcatch
-50576.1
$NLLescape
-60718.4
$NLLagecompCatch
25883
$NLLagecompEsc
7139.45
$NLLgenetics
0
$NLLselOne
6.9612e-13
$NLLavailOne
8.04389e-11
$NLLextra
0.00709811
#OBSERVED_AND_PREDICTED_VALUES
$predEsc
 1627.55 3643.13 1834.67 1281.41 734.142
$obsEsc
 1686.8 3676.15 1831.17 1152.12 790.202
$predCatch
 3348.45 2291.5 1748.93
$obsCatch
 3348.45 2291.5 1748.93
$RunSize
 0 0 0 0 0 1.66039e-10 1085.21 455.12 1.4127e-10 3.76109e-11 48.4343 468.241 202.616 4.50414e-10 0 1.29345e-10 6.42138e-11 0 0 0 0 0 0 2.21231 740.831 2749.5 31.0719 4.12803e-11 2.05484e-10 423.054 1424.61 0.0160811 0 1.53196e-10 8.25606e-11 0 0 0 0 0 0 2.91128 428.947 1155.45 7.00461 3.21069e-11 6.4468 367.129 1075.02 3.28499 0 8.53126e-11 4.5867e-11 0 0 0 0 0 0 0.618014 134.679 50.4279 4.00878e-10 2.84375e-11 181.246 609.057 2072.7 3.92077 0.0769491 305.944 8.5611 0 0 0 0 0 0 2.3115 1017.03 285.858 13.8061 0.128546 21.6365 675.422 446.822 0.300145 0 1.97 0.156963 0
$SSageCompEsc
 754 719 1403 1361 1338
$obsAgeCompEsc
0 0 0 0 0 0 0.556576 0.193287 0 0 0.0293028 0.165296 0.0555391 0 0 0 0 0 
0 0 0 0 0 0.000517204 0.211433 0.61498 0.0130887 0 0 0.0552419 0.104739 0 0 0 0 0 
0 0 0 0 0 0.00145949 0.18735 0.409048 0.00300446 0 0.00358951 0.121373 0.273593 0.000582612 0 0 0 0 
0 0 0 0 0 0.000409714 0.0792896 0.0234694 0 0 0.133921 0.155794 0.538665 0.000199072 7.45655e-05 0.0654868 0.00268997 0 
0 0 0 0 0 0.00227804 0.678804 0.0845323 0.000724781 0 0.0261921 0.141641 0.0658274 0 0 0 0 0 
$predAgeCompEsc
0 0 0 0 0 9.72296e-14 0.496459 0.180577 5.13998e-14 7.65362e-15 0.0283624 0.21421 0.0803916 1.63879e-13 0 5.91724e-14 2.5478e-14 0 
0 0 0 0 0 0.000579466 0.153024 0.496552 0.00517668 4.10843e-15 5.38222e-14 0.0873848 0.257281 2.67916e-06 0 3.16437e-14 1.49102e-14 0 
0 0 0 0 0 0.00149385 0.160728 0.35954 0.00194231 3.80503e-15 0.00330802 0.137565 0.334512 0.000910897 0 3.1967e-14 1.42724e-14 0 
0 0 0 0 0 0.000428631 0.0486706 0.0116819 6.73035e-14 -2.49035e-15 0.125705 0.220103 0.480153 0.00065826 5.3369e-05 0.110563 0.00198323 0 
0 0 0 0 0 0.00268934 0.479895 0.0666695 0.00169246 -3.62904e-05 0.0251733 0.318704 0.104211 3.6794e-05 0 0.00092956 3.66079e-05 0 
$SSageCompCatch
 7313 5619 6440
$obsAgeCompCatch
0 0 0 0 0 8.23783e-05 0.148505 0.410104 0.00329201 0 0.000419354 0.107935 0.327566 0.000526202 0 0.00157031 0 0 
0 0 0 0 0 7.30611e-05 0.063537 0.0772137 0.00128944 0 0.00943491 0.177631 0.593864 0.00136812 0 0.0734217 0.00216756 0 
0 0 0 0 0 0.000235817 0.295992 0.124879 0.00633453 7.63367e-05 0.0018969 0.272973 0.284154 0.000347131 0 0.0126139 0.000498118 0 
$predAgeCompCatch
0 0 0 0 0 7.66441e-05 0.167007 0.426959 0.00440769 4.00577e-06 0.000971793 0.100209 0.297366 0.000464583 1.03138e-07 0.00243414 9.9891e-05 0 
0 0 0 0 0 4.8394e-05 0.0790602 0.0943804 0.00119325 9.38722e-06 0.00794944 0.15421 0.598492 0.00123527 3.2835e-06 0.06121 0.00220849 0 
0 0 0 0 0 0.000177344 0.338069 0.128066 0.00613177 6.87643e-05 0.0025745 0.239342 0.275004 0.000334071 3.95776e-07 0.00980122 0.000431473 0 
$genSS
 0 0 0
$obsGenComp     #GeneticFracData
-1 -1 -1 -1 -1 
-1 -1 -1 -1 -1 
-1 -1 -1 -1 -1 
$predGenComp     #catchGenComp_pred
0 0 0 0 0 
0 0 0 0 0 
0 0 0 0 0 
#PARAMETERS_OF_INTEREST
$catchByGroup
0 0 0 
0 0 0 
0 0 0 
0 0 0 
0 0 0 
6.82962e-12 8.31982e-13 1.3099e-13 
240.132 31.9791 5.08782 
138.752 19.3698 3.09927 
4.93925e-11 7.08485e-12 1.13739e-12 
2.10614e-11 3.5172e-12 5.7571e-13 
1.99223 0.242693 0.0382105 
103.611 13.7982 2.19527 
61.7715 8.6233 1.37977 
1.57479e-10 2.25887e-11 3.62634e-12 
0 0 0 
2.8621e-11 3.81156e-12 6.06411e-13 
1.95769e-11 2.73293e-12 4.37282e-13 
0 0 0 
0 0 0 
0 0 0 
0 0 0 
0 0 0 
0 0 0 
0.0933472 0.0066323 0.0012536 
167.722 13.1265 2.49609 
856.486 70.5516 13.4599 
11.0917 0.940994 0.179868 
2.35053e-11 2.3527e-12 4.54789e-13 
8.67031e-12 6.16024e-13 1.16438e-13 
95.7782 7.49595 1.4254 
443.776 36.5553 6.97404 
0.00574046 0.000487006 9.30898e-05 
0 0 0 
3.46831e-11 2.71442e-12 5.16165e-13 
2.57181e-11 2.11849e-12 4.04167e-13 
0 0 0 
0 0 0 
0 0 0 
0 0 0 
0 0 0 
0 0 0 
0.147522 0.0222758 0.00075881 
114.223 19.1762 0.665286 
418.869 74.3399 2.60484 
2.89249 0.529954 0.0186775 
2.04871e-11 4.47566e-12 1.63167e-13 
0.326676 0.0493281 0.00168032 
97.7614 16.4126 0.569407 
389.711 69.165 2.42352 
1.35651 0.248536 0.00875931 
0 0 0 
2.27176e-11 3.81393e-12 1.32318e-13 
1.66275e-11 2.95102e-12 1.03402e-13 
0 0 0 
0 0 0 
0 0 0 
0 0 0 
0 0 0 
0 0 0 
0.00277368 0.0604299 0.00555926 
3.55932 61.6976 7.05478 
1.92616 29.7377 3.79479 
1.80505e-11 2.61147e-10 3.54371e-11 
2.39337e-12 2.46315e-11 4.60382e-12 
0.813442 17.7224 1.63037 
16.0963 279.015 31.9038 
79.1694 1222.29 155.975 
0.176543 2.55414 0.346591 
0.000345352 0.00752414 0.000692185 
8.08556 140.156 16.026 
0.327002 5.04854 0.644238 
0 0 0 
0 0 0 
0 0 0 
0 0 0 
0 0 0 
0 0 0 
0.0129963 0.0215569 0.302591 
33.5777 55.1872 575.956 
13.6194 22.2738 201.02 
0.774731 1.26338 10.5255 
0.0134131 0.0215108 0.120264 
0.12165 0.201781 2.83237 
22.2993 36.6504 382.499 
21.2883 34.816 314.212 
0.0168426 0.0274658 0.228824 
0 0 0 
0.0650402 0.106898 1.11563 
0.00747834 0.0122304 0.110379 
0 0 0 
$escByGroup
 5e-101 5e-101 5e-101 5e-101 5e-101 1.58246e-10 808.012 293.898 8.36557e-11 1.24566e-11 46.1612 348.637 130.841 2.6672e-10 5e-101 9.6306e-11 4.14667e-11 5e-101 5e-101 5e-101 5e-101 5e-101 5e-101 2.11107 557.487 1809 18.8593 1.49675e-11 1.96081e-10 318.354 937.308 0.00976052 5e-101 1.15282e-10 5.43198e-11 5e-101 5e-101 5e-101 5e-101 5e-101 5e-101 2.74072 294.883 659.636 3.56349 6.98095e-12 6.06912 252.385 613.718 1.67119 5e-101 5.86488e-11 2.61851e-11 5e-101 5e-101 5e-101 5e-101 5e-101 5e-101 0.549251 62.3669 14.9693 8.62433e-11 3.13366e-189 161.08 282.042 615.272 0.843501 0.0683874 141.676 2.54132 5e-101 5e-101 5e-101 5e-101 5e-101 5e-101 1.97436 352.311 48.9448 1.24251 3.75343e-199 18.4807 233.974 76.5054 0.027012 5e-101 0.682429 0.0268754 5e-101
$catchByGroup
0 0 0 0 0 6.82962e-12 240.132 138.752 4.93925e-11 2.10614e-11 1.99223 103.611 61.7715 1.57479e-10 0 2.8621e-11 1.95769e-11 0 0 0 0 0 0 0.0933472 167.722 856.486 11.0917 2.35053e-11 8.67031e-12 95.7782 443.776 0.00574046 0 3.46831e-11 2.57181e-11 0 0 0 0 0 0 0.147522 114.223 418.869 2.89249 2.04871e-11 0.326676 97.7614 389.711 1.35651 0 2.27176e-11 1.66275e-11 0 0 0 0 0 0 0.00277368 3.55932 1.92616 1.80505e-11 2.39337e-12 0.813442 16.0963 79.1694 0.176543 0.000345352 8.08556 0.327002 0 0 0 0 0 0 0.0129963 33.5777 13.6194 0.774731 0.0134131 0.12165 22.2993 21.2883 0.0168426 0 0.0650402 0.00747834 0 
0 0 0 0 0 8.31982e-13 31.9791 19.3698 7.08485e-12 3.5172e-12 0.242693 13.7982 8.6233 2.25887e-11 0 3.81156e-12 2.73293e-12 0 0 0 0 0 0 0.0066323 13.1265 70.5516 0.940994 2.3527e-12 6.16024e-13 7.49595 36.5553 0.000487006 0 2.71442e-12 2.11849e-12 0 0 0 0 0 0 0.0222758 19.1762 74.3399 0.529954 4.47566e-12 0.0493281 16.4126 69.165 0.248536 0 3.81393e-12 2.95102e-12 0 0 0 0 0 0 0.0604299 61.6976 29.7377 2.61147e-10 2.46315e-11 17.7224 279.015 1222.29 2.55414 0.00752414 140.156 5.04854 0 0 0 0 0 0 0.0215569 55.1872 22.2738 1.26338 0.0215108 0.201781 36.6504 34.816 0.0274658 0 0.106898 0.0122304 0 
0 0 0 0 0 1.3099e-13 5.08782 3.09927 1.13739e-12 5.7571e-13 0.0382105 2.19527 1.37977 3.62634e-12 0 6.06411e-13 4.37282e-13 0 0 0 0 0 0 0.0012536 2.49609 13.4599 0.179868 4.54789e-13 1.16438e-13 1.4254 6.97404 9.30898e-05 0 5.16165e-13 4.04167e-13 0 0 0 0 0 0 0.00075881 0.665286 2.60484 0.0186775 1.63167e-13 0.00168032 0.569407 2.42352 0.00875931 0 1.32318e-13 1.03402e-13 0 0 0 0 0 0 0.00555926 7.05478 3.79479 3.54371e-11 4.60382e-12 1.63037 31.9038 155.975 0.346591 0.000692185 16.026 0.644238 0 0 0 0 0 0 0.302591 575.956 201.02 10.5255 0.120264 2.83237 382.499 314.212 0.228824 0 1.11563 0.110379 0 
$Fmort
 0.267407 0.2324 0.274137
#ESTIMATED_PARAMETERS
$availability
1.42622 1.46385 1.76574 0.152738 0.191452 
0.196265 0.117306 0.300099 4.02025 0.366078 
0.0261407 0.0187738 0.00863418 0.299292 4.64716 
$selectivity
 0.110133 0.655772 0.953523 1.12804 2.15253
$RunSize
 0 0 0 0 0 1.66039e-10 1085.21 455.12 1.4127e-10 3.76109e-11 48.4343 468.241 202.616 4.50414e-10 0 1.29345e-10 6.42138e-11 0 0 0 0 0 0 2.21231 740.831 2749.5 31.0719 4.12803e-11 2.05484e-10 423.054 1424.61 0.0160811 0 1.53196e-10 8.25606e-11 0 0 0 0 0 0 2.91128 428.947 1155.45 7.00461 3.21069e-11 6.4468 367.129 1075.02 3.28499 0 8.53126e-11 4.5867e-11 0 0 0 0 0 0 0.618014 134.679 50.4279 4.00878e-10 2.84375e-11 181.246 609.057 2072.7 3.92077 0.0769491 305.944 8.5611 0 0 0 0 0 0 2.3115 1017.03 285.858 13.8061 0.128546 21.6365 675.422 446.822 0.300145 0 1.97 0.156963 0
