$ndistricts
3
$ngroups
90
$nstocks
5
$nagecomps
18
$AgeCompLabels
 0.1 0.2 0.3 0.4 0.5 1.1 1.2 1.3 1.4 1.5 2.1 2.2 2.3 2.4 3.1 3.2 3.3 3.4
$navailpar
15
$nselectpar
5
$GENdata
-1
$maxGradient
0.000172537
#LIKELIHOOD_VALUES_AND_PENALTIES
$totalNLL
-117163
$NLLcatch
-100259
$NLLescape
-37490.9
$NLLagecompCatch
14469.7
$NLLagecompEsc
6117.32
$NLLgenetics
0
$NLLselOne
1.51374e-14
$NLLavailOne
8.04389e-11
$NLLextra
5.3e-198
#OBSERVED_AND_PREDICTED_VALUES
$predEsc
 1828.36 1166.06 1409.78 1060.25 630.344
$obsEsc
 1827.78 1214.7 1375.49 1032.14 638.42
$predCatch
 4727.06 7029.4 1538.79
$obsCatch
 4727.06 7029.4 1538.79
$RunSize
 0 0 0 0 0 0 414.82 2222.01 1.34502e-10 0 0 665.507 245.638 0 0 2.24887e-10 6.7789e-11 0 0 0 0 0 0 0.341964 657.319 1181.13 13.0808 0 0 64.8471 249.264 0 0 6.2426 7.63971e-11 0 0 0 0 0 0 0 224.725 2970.56 1.28046e-10 0 0 77.7039 273.008 0 0 1.83999e-10 4.73447e-11 0 0 0 0 0 0 0 396.52 2571.62 7.96251e-11 0 3.35616 1727.75 3176.18 0 0 21.9282 2.16851 0 0 0 0 0 0 0 232.435 1711.42 7.82542 0 0 116.791 155.23 0 0 5.48768e-11 0.611597 0
$SSageCompEsc
 1272 411.5 1428 1413 1541
$obsAgeCompEsc
0 0 0 0 0 0 0.161887 0.570742 0 0 0 0.201055 0.0663159 0 0 0 0 0 
0 0 0 0 0 0.000258602 0.462782 0.40656 0.00654437 0 0 0.027621 0.0962343 0 0 0 0 0 
0 0 0 0 0 0 0.0954044 0.801329 0 0 0 0.0258885 0.077378 0 0 0 0 0 
0 0 0 0 0 0 0.0639659 0.303803 0 0 0.00322842 0.257088 0.366115 0 0 0.00516779 0.000631794 0 
0 0 0 0 0 0 0.155276 0.716517 0.00210491 0 0 0.063658 0.0624439 0 0 0 0 0 
$predAgeCompEsc
0 0 0 0 0 0 0.12726 0.602021 3.24153e-14 0 0 0.204167 0.0665518 0 0 6.89918e-14 1.83664e-14 0 
0 0 0 0 0 0.000293265 0.325863 0.523008 0.00521753 0 0 0.0321477 0.110375 0 0 0.00309475 3.38289e-14 0 
0 0 0 0 0 0 0.0743831 0.824154 2.98786e-14 0 0 0.0257197 0.0757433 0 0 6.09029e-14 1.31353e-14 0 
0 0 0 0 0 0 0.0710221 0.2739 4.14824e-15 0 0.00316543 0.309463 0.338291 0 0 0.00392764 0.000230965 0 
0 0 0 0 0 0 0.13299 0.731199 0.00240537 0 0 0.0668233 0.0663217 0 0 3.13983e-14 0.000261303 0 
$SSageCompCatch
 5464 5653 2422
$obsAgeCompCatch
0 0 0 0 0 0 0.0854489 0.710505 0.00139838 0 0 0.0852602 0.116347 0 0 0.00104046 0 0 
0 0 0 0 0 0 0.0594488 0.381735 3.3716e-05 0 0 0.200406 0.35632 0 0 0.00190927 0.000147397 0 
0 0 0 0 0 0 0.0669 0.684512 0.00349255 0 0 0.0851768 0.158846 0 0 0.000536363 0.000536363 0 
$predAgeCompCatch
0 0 0 0 0 8.61804e-13 0.114253 0.683013 0.00147001 0 8.82514e-13 0.0847744 0.11572 0 0 0.000733334 3.60777e-05 0 
0 0 0 0 0 4.47457e-14 0.0541998 0.392685 0.000255258 0 1.50504e-11 0.186129 0.364197 0 0 0.00228199 0.000252351 0 
0 0 0 0 0 1.40041e-14 0.0832459 0.678462 0.00296532 0 2.19108e-12 0.0820275 0.152444 0 0 0.000578617 0.000276904 0 
$genSS
 0 0 0
$obsGenComp     #GeneticFracData
-1 -1 -1 -1 -1 
-1 -1 -1 -1 -1 
-1 -1 -1 -1 -1 
$predGenComp     #catchGenComp_pred
0 0 0 0 0 
0 0 0 0 0 
0 0 0 0 0 
#PARAMETERS_OF_INTEREST
$catchByGroup
0 0 0 
0 0 0 
0 0 0 
0 0 0 
0 0 0 
0 0 0 
155.601 25.0699 1.47181 
952.888 159.029 9.3883 
6.36311e-11 1.09543e-11 6.49906e-13 
0 0 0 
0 0 0 
249.636 40.2204 2.36126 
105.339 17.5803 1.03785 
0 0 0 
0 0 0 
8.43566e-11 1.35912e-11 7.97914e-13 
2.90706e-11 4.85165e-12 2.86417e-13 
0 0 0 
0 0 0 
0 0 0 
0 0 0 
0 0 0 
0 0 0 
4.0738e-09 3.14535e-10 2.15493e-11 
251.627 24.0406 1.6758 
516.409 51.2775 3.58619 
6.30389 0.647594 0.0454245 
0 0 0 
0 0 0 
24.824 2.37171 0.165324 
108.982 10.8216 0.756825 
0 0 0 
0 0 0 
2.38972 0.228316 0.0159151 
3.3402e-11 3.3167e-12 2.31959e-13 
0 0 0 
0 0 0 
0 0 0 
0 0 0 
0 0 0 
0 0 0 
0 0 0 
99.1657 20.4314 0.263671 
1485.68 318.855 4.15143 
7.01212e-11 1.55976e-11 2.04689e-13 
0 0 0 
0 0 0 
34.2889 7.06465 0.0911706 
136.541 29.3042 0.381535 
0 0 0 
0 0 0 
8.11942e-11 1.67287e-11 2.15887e-13 
2.36787e-11 5.08189e-12 6.61653e-14 
0 0 0 
0 0 0 
0 0 0 
0 0 0 
0 0 0 
0 0 0 
0 0 0 
19.4713 285.935 15.8125 
149.713 2009.81 121.691 
5.28035e-12 6.56511e-11 4.29551e-12 
0 0 0 
4.1717e-09 1.05795e-07 3.37161e-09 
84.8417 1245.9 68.8993 
184.909 2482.3 150.3 
0 0 0 
0 0 0 
1.07679 15.8127 0.874455 
0.126245 1.69477 0.102616 
0 0 0 
0 0 0 
0 0 0 
0 0 0 
0 0 0 
0 0 0 
0 0 0 
14.2167 25.5145 108.874 
123.954 221.367 905.193 
0.644921 1.14671 4.51758 
0 0 0 
0 0 0 
7.14346 12.8203 54.706 
11.243 20.0786 82.1034 
0 0 0 
0 0 0 
3.3565e-12 6.02386e-12 2.57047e-11 
0.0442964 0.0791082 0.323482 
0 0 0 
$escByGroup
 5e-101 5e-101 5e-101 5e-101 5e-101 5e-101 232.677 1100.71 5.92666e-11 5e-101 5e-101 373.289 121.68 5e-101 5e-101 1.26141e-10 3.35803e-11 5e-101 5e-101 5e-101 5e-101 5e-101 5e-101 0.341964 379.975 609.858 6.08393 5e-101 5e-101 37.4861 128.704 5e-101 5e-101 3.60865 3.94464e-11 5e-101 5e-101 5e-101 5e-101 5e-101 5e-101 5e-101 104.864 1161.88 4.21223e-11 5e-101 5e-101 36.2592 106.782 5e-101 5e-101 8.58598e-11 1.85179e-11 5e-101 5e-101 5e-101 5e-101 5e-101 5e-101 5e-101 75.3015 290.403 4.39819e-12 5e-101 3.35616 328.11 358.675 5e-101 5e-101 4.1643 0.244882 5e-101 5e-101 5e-101 5e-101 5e-101 5e-101 5e-101 83.8292 460.907 1.51621 5e-101 5e-101 42.1216 41.8055 5e-101 5e-101 1.97917e-11 0.164711 5e-101
$catchByGroup
0 0 0 0 0 0 155.601 952.888 6.36311e-11 0 0 249.636 105.339 0 0 8.43566e-11 2.90706e-11 0 0 0 0 0 0 4.0738e-09 251.627 516.409 6.30389 0 0 24.824 108.982 0 0 2.38972 3.3402e-11 0 0 0 0 0 0 0 99.1657 1485.68 7.01212e-11 0 0 34.2889 136.541 0 0 8.11942e-11 2.36787e-11 0 0 0 0 0 0 0 19.4713 149.713 5.28035e-12 0 4.1717e-09 84.8417 184.909 0 0 1.07679 0.126245 0 0 0 0 0 0 0 14.2167 123.954 0.644921 0 0 7.14346 11.243 0 0 3.3565e-12 0.0442964 0 
0 0 0 0 0 0 25.0699 159.029 1.09543e-11 0 0 40.2204 17.5803 0 0 1.35912e-11 4.85165e-12 0 0 0 0 0 0 3.14535e-10 24.0406 51.2775 0.647594 0 0 2.37171 10.8216 0 0 0.228316 3.3167e-12 0 0 0 0 0 0 0 20.4314 318.855 1.55976e-11 0 0 7.06465 29.3042 0 0 1.67287e-11 5.08189e-12 0 0 0 0 0 0 0 285.935 2009.81 6.56511e-11 0 1.05795e-07 1245.9 2482.3 0 0 15.8127 1.69477 0 0 0 0 0 0 0 25.5145 221.367 1.14671 0 0 12.8203 20.0786 0 0 6.02386e-12 0.0791082 0 
0 0 0 0 0 0 1.47181 9.3883 6.49906e-13 0 0 2.36126 1.03785 0 0 7.97914e-13 2.86417e-13 0 0 0 0 0 0 2.15493e-11 1.6758 3.58619 0.0454245 0 0 0.165324 0.756825 0 0 0.0159151 2.31959e-13 0 0 0 0 0 0 0 0.263671 4.15143 2.04689e-13 0 0 0.0911706 0.381535 0 0 2.15887e-13 6.61653e-14 0 0 0 0 0 0 0 15.8125 121.691 4.29551e-12 0 3.37161e-09 68.8993 150.3 0 0 0.874455 0.102616 0 0 0 0 0 0 0 108.874 905.193 4.51758 0 0 54.706 82.1034 0 0 2.57047e-11 0.323482 0 
$Fmort
 0.279093 0.268903 0.115113
#ESTIMATED_PARAMETERS
$availability
1.42622 1.46385 1.76574 0.152738 0.191452 
0.196265 0.117306 0.300099 4.02025 0.366078 
0.0261407 0.0187738 0.00863418 0.299292 4.64716 
$selectivity
 2.91592e-08 1.1812 1.40708 1.60965 0.802074
$RunSize
 0 0 0 0 0 0 414.82 2222.01 1.34502e-10 0 0 665.507 245.638 0 0 2.24887e-10 6.7789e-11 0 0 0 0 0 0 0.341964 657.319 1181.13 13.0808 0 0 64.8471 249.264 0 0 6.2426 7.63971e-11 0 0 0 0 0 0 0 224.725 2970.56 1.28046e-10 0 0 77.7039 273.008 0 0 1.83999e-10 4.73447e-11 0 0 0 0 0 0 0 396.52 2571.62 7.96251e-11 0 3.35616 1727.75 3176.18 0 0 21.9282 2.16851 0 0 0 0 0 0 0 232.435 1711.42 7.82542 0 0 116.791 155.23 0 0 5.48768e-11 0.611597 0
