$ndistricts
3
$ngroups
90
$nstocks
5
$nagecomps
18
$AgeCompLabels
 0.1 0.2 0.3 0.4 0.5 1.1 1.2 1.3 1.4 1.5 2.1 2.2 2.3 2.4 3.1 3.2 3.3 3.4
$navailpar
15
$nselectpar
5
$GENdata
-1
$maxGradient
0.000108521
#LIKELIHOOD_VALUES_AND_PENALTIES
$totalNLL
-42085.6
$NLLcatch
-22863.1
$NLLescape
-32421
$NLLagecompCatch
6263.04
$NLLagecompEsc
6935.53
$NLLgenetics
0
$NLLselOne
2.47438e-15
$NLLavailOne
8.04389e-11
$NLLextra
3.9e-198
#OBSERVED_AND_PREDICTED_VALUES
$predEsc
 3295.77 169.912 694.058 648.67 245.122
$obsEsc
 3216.21 202.626 755.64 636.864 238.83
$predCatch
 2337.2 1070.94 163.744
$obsCatch
 2337.2 1070.94 163.744
$RunSize
 0 0 0.665728 0 0 2.99013 28.4914 126.019 3.50829e-10 0 0.103744 4313.38 583.617 0 0 5.15138 4.56239 0 0 0 1.75654e-10 0 0 5.18487 174.612 80.7353 1.58902e-10 0 0.337422 1.37046 9.42882e-11 0 0 9.52454e-11 1.80918e-10 0 0 0 4.3698e-10 0 0 0.628055 114.255 214.47 6.55478 0 19.6304 353.114 607.27 0.848163 0 1.30185e-10 4.64262e-10 0 0 0 0.886471 0 0 0.208916 2.49802 17.2603 9.71599e-11 0 2.06704 653.27 829.15 0 0 24.6377 33.903 0 0 0 1.77089e-11 0 0 0.122932 10.8706 142.522 1.1416 0 0.044975 150.705 112.136 0 0 1.81876e-11 2.05807e-11 0
$SSageCompEsc
 2721 383 1259 1536 1597
$obsAgeCompEsc
0 0 0 0 0 0.000933792 0.00750481 0.026261 0 0 3.23985e-05 0.852443 0.111976 0 0 0.000849213 0 0 
0 0 0 0 0 0.0279085 0.699904 0.265538 0 0 0.00181624 0.00483283 0 0 0 0 0 0 
0 0 0 0 0 0.000860641 0.109524 0.16062 0.00250479 0 0.0269 0.278544 0.420054 0.000991459 0 0 0 0 
0 0 0.00109707 0 0 0.000324543 0.00197611 0.01541 0 0 0.00321107 0.5338 0.387 0 0 0.0266924 0.0304886 0 
0 0 0 0 0 0.000503488 0.026339 0.309376 0 0 0.000184203 0.392865 0.270732 0 0 0 0 0 
$predAgeCompEsc
0 0 0.000114739 0 0 0.000907264 0.00574055 0.0217194 3.38554e-14 0 3.14781e-05 0.869076 0.100587 0 0 0.00103792 0.00078633 0 
0 0 5.9606e-13 0 0 0.030515 0.688133 0.273966 3.16583e-13 0 0.00198586 0.00540089 3.19956e-13 0 0 3.75356e-13 6.13925e-13 0 
0 0 3.03027e-13 0 0 0.000904903 0.097487 0.148726 0.00194249 0 0.0282835 0.30129 0.421115 0.00025135 0 1.11079e-13 3.21945e-13 0 
0 0 0.000490222 0 0 0.000322067 0.0018694 0.00954505 1.04453e-14 0 0.00318658 0.488877 0.458524 0 0 0.0184377 0.0187485 0 
0 0 3.94509e-14 0 0 0.000501512 0.0289894 0.317501 0.00111608 0 0.00018348 0.401898 0.24981 0 0 4.85023e-14 4.58483e-14 0 
$SSageCompCatch
 3198 1701 1448
$obsAgeCompCatch
0 0 0.000268284 0 0 0 0.028452 0.0731807 0.00205648 0 0 0.677275 0.214313 0 0 0.00146303 0.00299197 0 
0 0 0 0 0 0 0.00918283 0.0159325 0 0 0 0.36075 0.599244 0 0 0.00539092 0.00949935 0 
0 0 0 0 0 0 0.0220866 0.300139 0.0050368 0 0 0.358305 0.31319 0 0 0 0.00124345 0 
$predAgeCompCatch
0 0 0.000130628 0 0 6.49295e-12 0.0449748 0.0810615 0.00197208 0 1.77691e-11 0.631372 0.237658 0.000247782 0 0.00107465 0.00150902 0 
0 0 0.000492888 0 0 1.47736e-12 0.0100726 0.0374272 0.000816028 0 9.2984e-12 0.420918 0.501424 8.72795e-05 0 0.0106896 0.0180723 0 
0 0 0.000139835 0 0 1.37128e-12 0.0183376 0.281492 0.00361256 0 1.69352e-12 0.338842 0.349754 6.87134e-06 0 0.00274014 0.00507494 0 
$genSS
 0 0 0
$obsGenComp     #GeneticFracData
-1 -1 -1 -1 -1 
-1 -1 -1 -1 -1 
-1 -1 -1 -1 -1 
$predGenComp     #catchGenComp_pred
0 0 0 0 0 
0 0 0 0 0 
0 0 0 0 0 
#PARAMETERS_OF_INTEREST
$catchByGroup
0 0 0 
0 0 0 
0.259604 0.0265477 0.00142428 
0 0 0 
0 0 0 
4.97099e-09 4.09313e-10 2.1542e-11 
8.68648 0.840525 0.0448664 
49.1416 5.02533 0.269608 
2.12049e-10 2.57931e-11 1.40713e-12 
0 0 0 
1.72471e-10 1.42014e-11 7.47411e-13 
1315.07 127.249 6.79243 
227.584 23.2732 1.24861 
0 0 0 
0 0 0 
1.57056 0.151971 0.00811205 
1.77913 0.181937 0.0097609 
0 0 0 
0 0 0 
0 0 0 
6.9885e-11 4.22083e-12 2.69974e-13 
0 0 0 
0 0 0 
8.84702e-09 4.24207e-10 2.68264e-11 
54.3945 3.09735 0.197521 
32.1211 1.94001 0.124088 
9.75631e-11 7.08951e-12 4.57984e-13 
0 0 0 
5.75749e-10 2.76067e-11 1.74581e-12 
0.426922 0.02431 0.00155027 
3.75132e-11 2.26568e-12 1.44918e-13 
0 0 0 
0 0 0 
2.96706e-11 1.68951e-12 1.07742e-13 
7.19796e-11 4.34734e-12 2.78066e-13 
0 0 0 
0 0 0 
0 0 0 
1.99991e-10 2.6362e-11 3.09011e-13 
0 0 0 
0 0 0 
1.29268e-09 1.31457e-10 1.49448e-12 
41.4208 5.11348 0.0594589 
98.156 12.9385 0.151663 
4.47552 0.722365 0.00869531 
0 0 0 
4.04036e-08 4.1088e-09 4.67113e-11 
128.014 15.8036 0.183762 
277.927 36.6351 0.429432 
0.579116 0.0934712 0.00112514 
0 0 0 
4.71956e-11 5.82639e-12 6.77486e-14 
2.12477e-10 2.80078e-11 3.28304e-13 
0 0 0 
0 0 0 
0 0 0 
0.0456987 0.501307 0.0214729 
0 0 0 
0 0 0 
3.71947e-11 5.85796e-10 1.72322e-11 
0.0954189 1.14531 0.0446695 
0.889792 9.76087 0.418096 
9.18606e-12 7.68289e-11 4.36941e-12 
0 0 0 
3.6801e-10 5.79595e-09 1.70498e-10 
24.9535 299.515 11.6817 
42.7437 468.891 20.0844 
0 0 0 
0 0 0 
0.941105 11.296 0.44057 
1.74774 19.1724 0.82123 
0 0 0 
0 0 0 
0 0 0 
1.13674e-12 1.29444e-12 5.60749e-12 
0 0 0 
0 0 0 
2.7434e-11 3.13877e-11 1.57444e-10 
0.517938 0.590518 2.65616 
9.14852 10.4176 45.1291 
0.133631 0.151554 0.58284 
0 0 0 
1.00368e-11 1.14833e-11 5.76014e-11 
7.18048 8.18671 36.8239 
7.19807 8.19662 35.5077 
0 0 0 
0 0 0 
8.66563e-13 9.87998e-13 4.44402e-12 
1.32108e-12 1.50435e-12 6.51681e-12 
0 0 0 
$escByGroup
 5e-101 5e-101 0.378152 5e-101 5e-101 2.99013 18.9195 71.5821 1.11579e-10 5e-101 0.103744 2864.27 331.51 5e-101 5e-101 3.42074 2.59156 5e-101 5e-101 5e-101 1.01278e-10 5e-101 5e-101 5.18487 116.922 46.5501 5.37913e-11 5e-101 0.337422 0.917678 5.43644e-11 5e-101 5e-101 6.37776e-11 1.04313e-10 5e-101 5e-101 5e-101 2.10318e-10 5e-101 5e-101 0.628055 67.6616 103.224 1.3482 5e-101 19.6304 209.113 292.278 0.174452 5e-101 7.70949e-11 2.23448e-10 5e-101 5e-101 5e-101 0.317993 5e-101 5e-101 0.208916 1.21263 6.19159 6.77553e-12 5e-101 2.06704 317.12 297.431 5e-101 5e-101 11.96 12.1616 5e-101 5e-101 5e-101 9.67028e-12 5e-101 5e-101 0.122932 7.10595 77.8265 0.273575 5e-101 0.044975 98.5141 61.234 5e-101 5e-101 1.1889e-11 1.12384e-11 5e-101
$catchByGroup
0 0 0.259604 0 0 4.97099e-09 8.68648 49.1416 2.12049e-10 0 1.72471e-10 1315.07 227.584 0 0 1.57056 1.77913 0 0 0 6.9885e-11 0 0 8.84702e-09 54.3945 32.1211 9.75631e-11 0 5.75749e-10 0.426922 3.75132e-11 0 0 2.96706e-11 7.19796e-11 0 0 0 1.99991e-10 0 0 1.29268e-09 41.4208 98.156 4.47552 0 4.04036e-08 128.014 277.927 0.579116 0 4.71956e-11 2.12477e-10 0 0 0 0.0456987 0 0 3.71947e-11 0.0954189 0.889792 9.18606e-12 0 3.6801e-10 24.9535 42.7437 0 0 0.941105 1.74774 0 0 0 1.13674e-12 0 0 2.7434e-11 0.517938 9.14852 0.133631 0 1.00368e-11 7.18048 7.19807 0 0 8.66563e-13 1.32108e-12 0 
0 0 0.0265477 0 0 4.09313e-10 0.840525 5.02533 2.57931e-11 0 1.42014e-11 127.249 23.2732 0 0 0.151971 0.181937 0 0 0 4.22083e-12 0 0 4.24207e-10 3.09735 1.94001 7.08951e-12 0 2.76067e-11 0.02431 2.26568e-12 0 0 1.68951e-12 4.34734e-12 0 0 0 2.6362e-11 0 0 1.31457e-10 5.11348 12.9385 0.722365 0 4.1088e-09 15.8036 36.6351 0.0934712 0 5.82639e-12 2.80078e-11 0 0 0 0.501307 0 0 5.85796e-10 1.14531 9.76087 7.68289e-11 0 5.79595e-09 299.515 468.891 0 0 11.296 19.1724 0 0 0 1.29444e-12 0 0 3.13877e-11 0.590518 10.4176 0.151554 0 1.14833e-11 8.18671 8.19662 0 0 9.87998e-13 1.50435e-12 0 
0 0 0.00142428 0 0 2.1542e-11 0.0448664 0.269608 1.40713e-12 0 7.47411e-13 6.79243 1.24861 0 0 0.00811205 0.0097609 0 0 0 2.69974e-13 0 0 2.68264e-11 0.197521 0.124088 4.57984e-13 0 1.74581e-12 0.00155027 1.44918e-13 0 0 1.07742e-13 2.78066e-13 0 0 0 3.09011e-13 0 0 1.49448e-12 0.0594589 0.151663 0.00869531 0 4.67113e-11 0.183762 0.429432 0.00112514 0 6.77486e-14 3.28304e-13 0 0 0 0.0214729 0 0 1.72322e-11 0.0446695 0.418096 4.36941e-12 0 1.70498e-10 11.6817 20.0844 0 0 0.44057 0.82123 0 0 0 5.60749e-12 0 0 1.57444e-10 2.65616 45.1291 0.58284 0 5.76014e-11 36.8239 35.5077 0 0 4.44402e-12 6.51681e-12 0 
$Fmort
 0.573348 0.343064 0.135559
#ESTIMATED_PARAMETERS
$availability
1.42622 1.46385 1.76574 0.152738 0.191452 
0.196265 0.117306 0.300099 4.02025 0.366078 
0.0261407 0.0187738 0.00863418 0.299292 4.64716 
$selectivity
 2.03304e-09 0.444738 0.60439 1.13414 2.81673
$RunSize
 0 0 0.665728 0 0 2.99013 28.4914 126.019 3.50829e-10 0 0.103744 4313.38 583.617 0 0 5.15138 4.56239 0 0 0 1.75654e-10 0 0 5.18487 174.612 80.7353 1.58902e-10 0 0.337422 1.37046 9.42882e-11 0 0 9.52454e-11 1.80918e-10 0 0 0 4.3698e-10 0 0 0.628055 114.255 214.47 6.55478 0 19.6304 353.114 607.27 0.848163 0 1.30185e-10 4.64262e-10 0 0 0 0.886471 0 0 0.208916 2.49802 17.2603 9.71599e-11 0 2.06704 653.27 829.15 0 0 24.6377 33.903 0 0 0 1.77089e-11 0 0 0.122932 10.8706 142.522 1.1416 0 0.044975 150.705 112.136 0 0 1.81876e-11 2.05807e-11 0
