RECONSTRUCTING YEAR: 2022
Starting optimization of 'Syrah' in phase 1 of 3 at Tue Oct 11 16:51:46 2022
phase= 1 | nvar= 15 | iter=  0 | nll=1.21e+03 | mag=3.32e+02 | par[ 11]=Availability[11]
phase= 1 | nvar= 15 | iter= 20 | nll=1.18e+03 | mag=1.22e+00 | par[ 10]=Availability[10]
phase= 1 | nvar= 15 | iter= 30 | nll=1.18e+03 | mag=2.47e-07 | par[  3]=Availability[3]
MLEsigmaCat: 0.1
MLEsigmaEsc: 0.05
MaxGrad: 2.47165e-07
phase= 2 | nvar= 20 | iter=  0 | nll=1.18e+03 | mag=2.95e+02 | par[ 20]=Selectivity[5]
phase= 2 | nvar= 20 | iter= 20 | nll=1.17e+03 | mag=2.91e+01 | par[ 20]=Selectivity[5]
phase= 2 | nvar= 20 | iter= 38 | nll=1.17e+03 | mag=8.42e-07 | par[ 20]=Selectivity[5]
MLEsigmaCat: 0.1
MLEsigmaEsc: 0.05
MaxGrad: 8.42024e-07
phase= 3 | nvar= 53 | iter=  0 | nll=1.17e+03 | mag=4.98e+00 | par[ 26]=RunSize[67]
phase= 3 | nvar= 53 | iter= 20 | nll=1.16e+03 | mag=5.50e+01 | par[ 50]=Selectivity[2]
phase= 3 | nvar= 53 | iter= 40 | nll=1.16e+03 | mag=7.30e+00 | par[ 25]=RunSize[66]
phase= 3 | nvar= 53 | iter= 60 | nll=1.16e+03 | mag=2.90e-03 | par[ 50]=Selectivity[2]
MLEsigmaCat: 0.1
MLEsigmaEsc: 0.05
MaxGrad: 1.3822e-05
Calculating Hessian (53 variables): 20%, 40%, 60%, 80%, 100% done (0.41 s) 
Inverting Hessian (53 variables): 20%, 40%, 60%, 80%, 100%
Finished running model 'Syrah' after 0.78 s.
