RECONSTRUCTING YEAR: 2022
Starting optimization of 'Syrah_v1a' in phase 1 of 1 at Wed Oct 12 12:55:38 2022
variable out of bounds in boundpin: variable = 10.0818; min = 0; max = 10
phase= 1 | nvar= 53 | iter=  0 | nll=5.62e+03 | mag=2.51e+03 | par[ 35]=Availability[2]
phase= 1 | nvar= 53 | iter= 20 | nll=2.86e+03 | mag=1.12e+03 | par[ 44]=Availability[11]
phase= 1 | nvar= 53 | iter= 40 | nll=2.64e+03 | mag=6.66e+02 | par[ 50]=Selectivity[2]
phase= 1 | nvar= 53 | iter= 60 | nll=2.29e+03 | mag=4.14e+02 | par[ 49]=Selectivity[1]
phase= 1 | nvar= 53 | iter= 80 | nll=2.21e+03 | mag=8.45e+01 | par[ 51]=Selectivity[3]
phase= 1 | nvar= 53 | iter=100 | nll=2.20e+03 | mag=5.40e+01 | par[ 49]=Selectivity[1]
phase= 1 | nvar= 53 | iter=120 | nll=2.19e+03 | mag=3.71e+01 | par[ 35]=Availability[2]
phase= 1 | nvar= 53 | iter=140 | nll=2.19e+03 | mag=2.75e+01 | par[ 34]=Availability[1]
phase= 1 | nvar= 53 | iter=160 | nll=2.19e+03 | mag=1.02e+01 | par[ 50]=Selectivity[2]
phase= 1 | nvar= 53 | iter=180 | nll=2.19e+03 | mag=5.85e+00 | par[ 49]=Selectivity[1]
phase= 1 | nvar= 53 | iter=200 | nll=2.19e+03 | mag=8.23e+00 | par[ 35]=Availability[2]
phase= 1 | nvar= 53 | iter=220 | nll=2.19e+03 | mag=5.68e+00 | par[ 35]=Availability[2]
phase= 1 | nvar= 53 | iter=240 | nll=2.19e+03 | mag=1.70e+00 | par[ 34]=Availability[1]
phase= 1 | nvar= 53 | iter=260 | nll=2.19e+03 | mag=1.10e+00 | par[ 34]=Availability[1]
phase= 1 | nvar= 53 | iter=280 | nll=2.19e+03 | mag=1.37e+00 | par[ 34]=Availability[1]
phase= 1 | nvar= 53 | iter=300 | nll=2.19e+03 | mag=8.48e+00 | par[ 50]=Selectivity[2]
phase= 1 | nvar= 53 | iter=320 | nll=2.19e+03 | mag=2.08e-02 | par[ 51]=Selectivity[3]
phase= 1 | nvar= 53 | iter=340 | nll=2.19e+03 | mag=1.03e-03 | par[ 35]=Availability[2]

Function minimizer: Step size  too small -- ialph=1MLEsigmaCat: 0.1
MLEsigmaEsc: 0.05
MaxGrad: 5.83045
Calculating Hessian (53 variables): 20%, 40%, 60%, 80%, 100% done (0.41 s) 
Inverting Hessian (53 variables): 20%, 40%, 60%, 80%, 100%
Finished running model 'Syrah_v1a' after 1.3 s.
