$ndistricts
3
$ngroups
90
$nstocks
5
$nagecomps
18
$AgeCompLabels
 0.1 0.2 0.3 0.4 0.5 1.1 1.2 1.3 1.4 1.5 2.1 2.2 2.3 2.4 3.1 3.2 3.3 3.4
$navailpar
15
$nselectpar
5
$GENdata
 1 1 1
$maxGradient
9.128166317e-06
#LIKELIHOOD_VALUES_AND_PENALTIES
$totalNLL
1169.357087
$NLLcatch
0.6773740579
$NLLescape
-10.37433726
$NLLagecompCatch
348.7087696
$NLLagecompEsc
533.027381
$NLLgenetics
297.3178999
$NLLselOne
1.302130223e-15
$NLLavailOne
2.147797873e-16
$NLLextra
0
$sigmaCat
0.5
$sigmaEsc
0.05
#OBSERVED_AND_PREDICTED_VALUES
$predEsc
 4216292.884 1667776.768 1919900.905 1797726.027 1434912.607
$obsEsc
 4224882 1668222 1921296 1786152 1436784
$predCatch
 10877840.64 16548590.28 6322412.292
$obsCatch
 10877842 16548594 6322413
$RunSize
 1e-06 1e-06 1e-06 1e-06 1e-06 1e-06 5589737.709 4032179.974 0.0007918283773 1e-06 1e-06 1777338.143 121726.2849 1e-06 1e-06 1e-06 1e-06 1e-06 1e-06 1e-06 1e-06 1e-06 1e-06 7717.181134 863921.4079 2553076.296 7377.601722 1e-06 1e-06 321634.4679 142862.682 1e-06 1e-06 1e-06 5346.564038 1e-06 1e-06 1e-06 1e-06 1e-06 1e-06 2438.318623 2142849.745 1952354.334 4462.783627 1e-06 3924.560552 582376.0756 276900.5029 1e-06 1e-06 1e-06 1e-06 1e-06 1e-06 1e-06 1e-06 1e-06 1e-06 35209.88091 5605945.434 4404158.686 4306.541214 1e-06 60363.14979 6429652.444 700064.767 1e-06 1e-06 1e-06 1e-06 1e-06 1e-06 1e-06 1e-06 1e-06 1e-06 7171.08258 1107295.405 5293467.287 5081.691832 1e-06 2764.827428 499562.8954 242183.6832 1e-06 1e-06 1e-06 1e-06 1e-06
$SSageCompEsc
 1 1 1 1 1
$obsAgeCompEsc
0 0 0 0 0 0 0.608969 0.2576349 0 0 0 0.1278885 0.005507609 0 0 0 0 0 
0 0 0 0 0 0.004622286 0.2641327 0.6081757 0.00161849 0 0 0.08807701 0.03175537 0 0 0 0.00161849 0 
0 0 0 0 0 0.001266333 0.5044111 0.3313565 0.0006329061 0 0.002038208 0.1175535 0.04274146 0 0 0 0 0 
0 0 0 0 0 0.0200918 0.5082876 0.1256013 0 0 0.034445 0.3019586 0.009615643 0 0 0 0 0 
0 0 0 0 0 0.00497152 0.2517866 0.6361339 0.0009583904 0 0.001916781 0.08449287 0.01973992 0 0 0 0 0 
$predAgeCompEsc
2.371751596e-13 9.506673748e-14 7.213358108e-14 7.144110388e-14 2.242978592e-13 2.371751596e-13 0.5313981274 0.2908555811 5.656909335e-11 2.242978592e-13 2.371751596e-13 0.1689657386 0.008780552843 7.144110388e-14 2.371751596e-13 9.506673748e-14 7.213358108e-14 7.144110388e-14 
5.996005962e-13 2.890163412e-13 2.409817413e-13 2.395437617e-13 5.707768696e-13 0.004627226409 0.2496874044 0.6152447714 0.001767258469 5.707768696e-13 5.996005962e-13 0.09295761711 0.03442729787 2.395437617e-13 5.996005962e-13 2.890163412e-13 0.001288424312 2.395437617e-13 
5.208601834e-13 2.213521511e-13 1.761445799e-13 1.747956381e-13 4.92551475e-13 0.001270023085 0.4743244005 0.3438966341 0.0007800751117 4.92551475e-13 0.002044147329 0.1289101971 0.04877452276 1.747956381e-13 5.208601834e-13 2.213521511e-13 1.761445799e-13 1.747956381e-13 
5.562582142e-13 6.907777946e-14 2.259944418e-14 2.12996491e-14 4.949961833e-13 0.01958578548 0.3872462623 0.09953153838 9.172781671e-05 4.949961833e-13 0.03357749791 0.4441461135 0.01582107462 2.12996491e-14 5.562582142e-13 6.907777946e-14 2.259944418e-14 2.12996491e-14 
6.969065028e-13 2.01328183e-13 1.208472104e-13 1.184173369e-13 6.523402667e-13 0.004997574082 0.222929772 0.6397007547 0.0006017604135 6.523402667e-13 0.001926826214 0.10057609 0.0292672225 1.184173369e-13 6.969065028e-13 2.01328183e-13 1.208472104e-13 1.184173369e-13 
$SSageCompCatch
 1 1 1
$obsAgeCompCatch
0 0 0 0 0 0 0.2814681 0.4987441 0.001029432 0 0 0.1782474 0.04051098 0 0 0 0 0 
0 0 0 0 0 0 0.2065459 0.300698 0.000542886 0 0 0.4489502 0.04326307 0 0 0 0 0 
0 0 0 0 0 0 0.15872 0.6070191 0 0 0 0.1842589 0.05000225 0 0 0 0 0 
$predAgeCompCatch
1.487202271e-20 1.351598025e-13 1.550942707e-13 1.556854349e-13 1.288556799e-14 5.645320746e-11 0.3889182792 0.4480336998 0.0006188102477 1.288556799e-14 3.237868335e-11 0.1322518072 0.02991616486 1.556854349e-13 1.487202271e-20 1.351598025e-13 0.0002612386131 1.556854349e-13 
9.267627241e-21 6.779832777e-14 7.564302242e-14 7.587074131e-14 7.860609472e-15 2.703123661e-10 0.3050125153 0.3367682333 0.0003228078962 7.860609472e-15 4.506124754e-10 0.3167833691 0.04111130154 7.587074131e-14 9.267627241e-21 6.779832777e-14 1.77220633e-06 7.587074131e-14 
1.098591677e-20 1.086447726e-13 1.269880591e-13 1.27546717e-13 9.576748336e-15 9.804753318e-11 0.2290225878 0.5977215458 0.0005823488386 9.576748336e-15 8.331628467e-11 0.1379100874 0.03471175336 1.27546717e-13 1.098591677e-20 1.086447726e-13 5.16765391e-05 1.27546717e-13 
$genSS
 539 531 546
$obsGenComp     #GeneticFracData
0.5311992259 0.1714649908 0.2415350933 0.04310786407 0.01269282588 
0.04738724654 0.001313199789 0.01769253594 0.8106746291 0.1229323887 
0.1568388891 0.03549845803 0.0236612291 0.2127455058 0.571255918 
$predGenComp     #catchGenComp_pred
0.5187927033 0.182819653 0.2415775614 0.04269993396 0.0141101483 
0.04377233178 0.00122032478 0.01644439881 0.823609615 0.1149533296 
0.1481988909 0.03563224212 0.0230025462 0.2131961134 0.5799702074 
#PARAMETERS_OF_INTEREST
$catchByGroup
5.108366996e-14 4.914834428e-15 6.420690868e-15 
4.651154558e-07 5.842373271e-08 7.563160274e-08 
5.336671971e-07 7.076671826e-08 9.142978003e-08 
5.356983602e-07 7.115689081e-08 9.192813109e-08 
4.427205119e-08 4.347168733e-09 5.675312199e-09 
5.108366996e-14 4.914834428e-15 6.420690868e-15 
2599873.402 326573.3418 422760.8219 
2151842.185 285344.1442 368661.328 
0.0004241811632 5.634404538e-05 7.279130287e-05 
4.427205119e-08 4.347168733e-09 5.675312199e-09 
5.108366996e-14 4.914834428e-15 6.420690868e-15 
826667.4404 103838.7286 134422.9324 
64961.32528 8614.16971 11129.40745 
5.356983602e-07 7.115689081e-08 9.192813109e-08 
5.108366996e-14 4.914834428e-15 6.420690868e-15 
4.651154558e-07 5.842373271e-08 7.563160274e-08 
5.336671971e-07 7.076671826e-08 9.142978003e-08 
5.356983602e-07 7.115689081e-08 9.192813109e-08 
5.077354237e-14 3.683273686e-16 4.222420635e-15 
4.630797609e-07 4.501340044e-09 5.040415954e-08 
5.315024719e-07 5.485301401e-09 6.110847694e-08 
5.335307022e-07 5.516602001e-09 6.14471751e-08 
4.400928002e-08 3.264423034e-10 3.735874591e-09 
0.0003918286233 2.84244902e-06 3.258518487e-05 
400064.519 3888.804029 43545.23248 
1356966.362 14004.39298 156014.604 
3936.177027 40.69929242 453.3327848 
4.400928002e-08 3.264423034e-10 3.735874591e-09 
5.077354237e-14 3.683273686e-16 4.222420635e-15 
148942.4125 1447.78611 16211.71503 
75931.8686 783.6448695 8730.120907 
5.335307022e-07 5.516602001e-09 6.14471751e-08 
5.077354237e-14 3.683273686e-16 4.222420635e-15 
4.630797609e-07 4.501340044e-09 5.040415954e-08 
2841.712002 29.3275152 326.7203852 
5.335307022e-07 5.516602001e-09 6.14471751e-08 
5.629811473e-14 4.194945946e-15 2.212067418e-15 
4.982102665e-07 5.008454081e-08 2.673099742e-08 
5.686025316e-07 6.072317777e-08 3.249415223e-08 
5.706728708e-07 6.105981054e-08 3.267701494e-08 
4.86794501e-08 3.71161093e-09 1.958916518e-09 
0.0001372727415 1.022861482e-05 5.39372518e-06 
1067589.742 107323.6455 57280.511 
1110113.617 118553.1593 63440.09893 
2546.789544 272.4967228 145.8304473 
4.86794501e-08 3.71161093e-09 1.958916518e-09 
0.0002209453602 1.646331938e-05 8.681392528e-06 
290145.7398 29168.03833 15567.49338 
157446.3269 16814.27846 8997.647091 
5.706728708e-07 6.105981054e-08 3.267701494e-08 
5.629811473e-14 4.194945946e-15 2.212067418e-15 
4.982102665e-07 5.008454081e-08 2.673099742e-08 
5.686025316e-07 6.072317777e-08 3.249415223e-08 
5.706728708e-07 6.105981054e-08 3.267701494e-08 
2.105194352e-15 1.222728714e-13 6.277663278e-15 
2.545610785e-08 7.763501791e-07 7.401079109e-08 
3.09487952e-08 8.389365017e-07 8.948709406e-08 
3.112310191e-08 8.406105759e-07 8.997538864e-08 
1.864362367e-09 1.027188757e-07 5.549240108e-09 
7.412364243e-05 0.00430521324 0.0002210357764 
142705.5516 4352176.741 414900.4563 
136303.4052 3694809.481 394115.3626 
134.0329211 3620.12409 387.4827194 
1.864362367e-09 1.027188757e-07 5.549240108e-09 
0.000127076162 0.007380775651 0.0003789395288 
163673.926 4991661.826 475863.6638 
21666.1611 587309.8866 62646.76165 
3.112310191e-08 8.406105759e-07 8.997538864e-08 
2.105194352e-15 1.222728714e-13 6.277663278e-15 
2.545610785e-08 7.763501791e-07 7.401079109e-08 
3.09487952e-08 8.389365017e-07 8.948709406e-08 
3.112310191e-08 8.406105759e-07 8.997538864e-08 
1.514971704e-15 2.161518697e-14 5.0324653e-14 
1.83852016e-08 2.326069554e-07 4.601194951e-07 
2.236976503e-08 2.758736866e-07 5.283513628e-07 
2.249631595e-08 2.77209933e-07 5.303752215e-07 
1.342011555e-09 1.897790786e-08 4.362880798e-08 
1.086398719e-05 0.0001550042908 0.0003608822425 
20357.84926 257564.613 509488.2028 
118413.6194 1460328.335 2796810.655 
114.319345 1408.695453 2695.203431 
1.342011555e-09 1.897790786e-08 4.362880798e-08 
4.188635319e-06 5.976226181e-05 0.0001391389809 
9184.564543 116201.8041 229858.6272 
5417.592087 66812.1055 127958.079 
2.249631595e-08 2.77209933e-07 5.303752215e-07 
1.514971704e-15 2.161518697e-14 5.0324653e-14 
1.83852016e-08 2.326069554e-07 4.601194951e-07 
2.236976503e-08 2.758736866e-07 5.283513628e-07 
2.249631595e-08 2.77209933e-07 5.303752215e-07 
$escByGroup
 9.999999376e-07 4.008292088e-07 3.041363046e-07 3.012166179e-07 9.457054679e-07 9.999999376e-07 2240530.143 1226332.317 0.0002385118658 9.457054679e-07 9.999999376e-07 712409.0415 37021.38247 3.012166179e-07 9.999999376e-07 4.008292088e-07 3.041363046e-07 3.012166179e-07 9.999999446e-07 4.820147395e-07 4.019037498e-07 3.995055207e-07 9.519284031e-07 7717.180707 416422.8524 1026090.937 2947.392618 9.519284031e-07 9.999999446e-07 155032.5543 57417.04758 3.995055207e-07 9.999999446e-07 4.820147395e-07 2148.804135 3.995055207e-07 9.999999373e-07 4.249741953e-07 3.381801384e-07 3.355903037e-07 9.456500224e-07 2438.31847 910655.8457 660247.4588 1497.666913 9.456500224e-07 3924.560306 247494.8041 93642.25037 3.355903037e-07 9.999999373e-07 4.249741953e-07 3.381801384e-07 3.355903037e-07 9.999998693e-07 1.24182922e-07 4.062760899e-08 3.829093356e-08 8.898675218e-07 35209.87631 696162.6846 178930.437 164.9014835 8.898675218e-07 60363.1419 798453.0279 28441.95762 3.829093356e-08 9.999998693e-07 1.24182922e-07 4.062760899e-08 3.829093356e-08 9.999999265e-07 2.888883479e-07 1.734051856e-07 1.699185295e-07 9.360512726e-07 7171.082054 319884.7403 917914.6775 863.4736036 9.360512726e-07 2764.827225 144317.8995 41995.90653 1.699185295e-07 9.999999265e-07 2.888883479e-07 1.734051856e-07 1.699185295e-07
$catchByGroup
5.108366996e-14 4.651154558e-07 5.336671971e-07 5.356983602e-07 4.427205119e-08 5.108366996e-14 2599873.402 2151842.185 0.0004241811632 4.427205119e-08 5.108366996e-14 826667.4404 64961.32528 5.356983602e-07 5.108366996e-14 4.651154558e-07 5.336671971e-07 5.356983602e-07 5.077354237e-14 4.630797609e-07 5.315024719e-07 5.335307022e-07 4.400928002e-08 0.0003918286233 400064.519 1356966.362 3936.177027 4.400928002e-08 5.077354237e-14 148942.4125 75931.8686 5.335307022e-07 5.077354237e-14 4.630797609e-07 2841.712002 5.335307022e-07 5.629811473e-14 4.982102665e-07 5.686025316e-07 5.706728708e-07 4.86794501e-08 0.0001372727415 1067589.742 1110113.617 2546.789544 4.86794501e-08 0.0002209453602 290145.7398 157446.3269 5.706728708e-07 5.629811473e-14 4.982102665e-07 5.686025316e-07 5.706728708e-07 2.105194352e-15 2.545610785e-08 3.09487952e-08 3.112310191e-08 1.864362367e-09 7.412364243e-05 142705.5516 136303.4052 134.0329211 1.864362367e-09 0.000127076162 163673.926 21666.1611 3.112310191e-08 2.105194352e-15 2.545610785e-08 3.09487952e-08 3.112310191e-08 1.514971704e-15 1.83852016e-08 2.236976503e-08 2.249631595e-08 1.342011555e-09 1.086398719e-05 20357.84926 118413.6194 114.319345 1.342011555e-09 4.188635319e-06 9184.564543 5417.592087 2.249631595e-08 1.514971704e-15 1.83852016e-08 2.236976503e-08 2.249631595e-08 
4.914834428e-15 5.842373271e-08 7.076671826e-08 7.115689081e-08 4.347168733e-09 4.914834428e-15 326573.3418 285344.1442 5.634404538e-05 4.347168733e-09 4.914834428e-15 103838.7286 8614.16971 7.115689081e-08 4.914834428e-15 5.842373271e-08 7.076671826e-08 7.115689081e-08 3.683273686e-16 4.501340044e-09 5.485301401e-09 5.516602001e-09 3.264423034e-10 2.84244902e-06 3888.804029 14004.39298 40.69929242 3.264423034e-10 3.683273686e-16 1447.78611 783.6448695 5.516602001e-09 3.683273686e-16 4.501340044e-09 29.3275152 5.516602001e-09 4.194945946e-15 5.008454081e-08 6.072317777e-08 6.105981054e-08 3.71161093e-09 1.022861482e-05 107323.6455 118553.1593 272.4967228 3.71161093e-09 1.646331938e-05 29168.03833 16814.27846 6.105981054e-08 4.194945946e-15 5.008454081e-08 6.072317777e-08 6.105981054e-08 1.222728714e-13 7.763501791e-07 8.389365017e-07 8.406105759e-07 1.027188757e-07 0.00430521324 4352176.741 3694809.481 3620.12409 1.027188757e-07 0.007380775651 4991661.826 587309.8866 8.406105759e-07 1.222728714e-13 7.763501791e-07 8.389365017e-07 8.406105759e-07 2.161518697e-14 2.326069554e-07 2.758736866e-07 2.77209933e-07 1.897790786e-08 0.0001550042908 257564.613 1460328.335 1408.695453 1.897790786e-08 5.976226181e-05 116201.8041 66812.1055 2.77209933e-07 2.161518697e-14 2.326069554e-07 2.758736866e-07 2.77209933e-07 
6.420690868e-15 7.563160274e-08 9.142978003e-08 9.192813109e-08 5.675312199e-09 6.420690868e-15 422760.8219 368661.328 7.279130287e-05 5.675312199e-09 6.420690868e-15 134422.9324 11129.40745 9.192813109e-08 6.420690868e-15 7.563160274e-08 9.142978003e-08 9.192813109e-08 4.222420635e-15 5.040415954e-08 6.110847694e-08 6.14471751e-08 3.735874591e-09 3.258518487e-05 43545.23248 156014.604 453.3327848 3.735874591e-09 4.222420635e-15 16211.71503 8730.120907 6.14471751e-08 4.222420635e-15 5.040415954e-08 326.7203852 6.14471751e-08 2.212067418e-15 2.673099742e-08 3.249415223e-08 3.267701494e-08 1.958916518e-09 5.39372518e-06 57280.511 63440.09893 145.8304473 1.958916518e-09 8.681392528e-06 15567.49338 8997.647091 3.267701494e-08 2.212067418e-15 2.673099742e-08 3.249415223e-08 3.267701494e-08 6.277663278e-15 7.401079109e-08 8.948709406e-08 8.997538864e-08 5.549240108e-09 0.0002210357764 414900.4563 394115.3626 387.4827194 5.549240108e-09 0.0003789395288 475863.6638 62646.76165 8.997538864e-08 6.277663278e-15 7.401079109e-08 8.948709406e-08 8.997538864e-08 5.0324653e-14 4.601194951e-07 5.283513628e-07 5.303752215e-07 4.362880798e-08 0.0003608822425 509488.2028 2796810.655 2695.203431 4.362880798e-08 0.0001391389809 229858.6272 127958.079 5.303752215e-07 5.0324653e-14 4.601194951e-07 5.283513628e-07 5.303752215e-07 
$Fmort
 0.2788194723 0.2643260342 0.1197097387
#ESTIMATED_PARAMETERS
$availability
1.578844514 1.569259391 1.740007519 0.0650653019 0.04682327618 
0.1602320221 0.01200810441 0.1367624229 3.98630532 0.7046921324 
0.4622028755 0.3039571563 0.1592389233 0.4519068221 3.622694224 
$availabilityVector
 1.578844514 0.1602320221 0.4622028755 1.569259391 0.01200810441 0.3039571563 1.740007519 0.1367624229 0.1592389233 0.0650653019 3.98630532 0.4519068221 0.04682327618 0.7046921324 3.622694224
$selectivity
 1.160431845e-07 1.421368605 1.732925729 1.742841669 0.1028638876
$RunSize
 1e-06 1e-06 1e-06 1e-06 1e-06 1e-06 5589737.709 4032179.974 0.0007918283773 1e-06 1e-06 1777338.143 121726.2849 1e-06 1e-06 1e-06 1e-06 1e-06 1e-06 1e-06 1e-06 1e-06 1e-06 7717.181134 863921.4079 2553076.296 7377.601722 1e-06 1e-06 321634.4679 142862.682 1e-06 1e-06 1e-06 5346.564038 1e-06 1e-06 1e-06 1e-06 1e-06 1e-06 2438.318623 2142849.745 1952354.334 4462.783627 1e-06 3924.560552 582376.0756 276900.5029 1e-06 1e-06 1e-06 1e-06 1e-06 1e-06 1e-06 1e-06 1e-06 1e-06 35209.88091 5605945.434 4404158.686 4306.541214 1e-06 60363.14979 6429652.444 700064.767 1e-06 1e-06 1e-06 1e-06 1e-06 1e-06 1e-06 1e-06 1e-06 1e-06 7171.08258 1107295.405 5293467.287 5081.691832 1e-06 2764.827428 499562.8954 242183.6832 1e-06 1e-06 1e-06 1e-06 1e-06
