RECONSTRUCTING YEAR: 2025
Starting optimization of 'Syrah_v1' in phase 1 of 1 at Fri Oct 31 16:47:11 2025
phase= 1 | nvar= 65 | iter=  0 | nll=1.23e+03 | mag=7.06e+02 | par[ 33]=ln_RunSize[66]
phase= 1 | nvar= 65 | iter= 20 | nll=1.11e+03 | mag=4.70e+02 | par[ 33]=ln_RunSize[66]
phase= 1 | nvar= 65 | iter= 40 | nll=1.05e+03 | mag=1.46e+02 | par[ 33]=ln_RunSize[66]
phase= 1 | nvar= 65 | iter= 60 | nll=1.04e+03 | mag=6.65e+00 | par[ 63]=Selectivity[3]
phase= 1 | nvar= 65 | iter= 80 | nll=1.04e+03 | mag=6.36e-02 | par[ 62]=Selectivity[2]
phase= 1 | nvar= 65 | iter=100 | nll=1.04e+03 | mag=1.48e-02 | par[ 57]=Availability[12]
phase= 1 | nvar= 65 | iter=120 | nll=1.04e+03 | mag=1.46e-01 | par[ 38]=ln_RunSize[79]
phase= 1 | nvar= 65 | iter=140 | nll=1.04e+03 | mag=3.63e-04 | par[ 30]=ln_RunSize[62]
phase= 1 | nvar= 65 | iter=160 | nll=1.04e+03 | mag=1.51e-03 | par[ 62]=Selectivity[2]
phase= 1 | nvar= 65 | iter=180 | nll=1.04e+03 | mag=5.48e-05 | par[ 64]=Selectivity[4]
phase= 1 | nvar= 65 | iter=200 | nll=1.04e+03 | mag=5.85e-03 | par[ 63]=Selectivity[3]
phase= 1 | nvar= 65 | iter=220 | nll=1.04e+03 | mag=1.28e-03 | par[ 63]=Selectivity[3]
phase= 1 | nvar= 65 | iter=240 | nll=1.04e+03 | mag=5.91e-04 | par[ 63]=Selectivity[3]
phase= 1 | nvar= 65 | iter=260 | nll=1.04e+03 | mag=1.46e-03 | par[ 64]=Selectivity[4]
phase= 1 | nvar= 65 | iter=280 | nll=1.04e+03 | mag=7.24e-04 | par[ 64]=Selectivity[4]
phase= 1 | nvar= 65 | iter=297 | nll=1.04e+03 | mag=7.44e-06 | par[ 63]=Selectivity[3]
Optimization completed after 0.5 s with final statistics:
  nll=1042.118816 | mag=7.43592e-06 | par[ 63]=Selectivity[3]

Warning: the following parameters had issues
  ln_RunSize[34] is within 0.1% of lower bound: 4.42811 < 4.42955 < 7.63546
  ln_RunSize[80] is within 1% of upper bound: 11.5692 < 14.7584 < 14.7881
  Availability[3] is within 1% of lower bound: 0 < 0.0646282 < 10
  Availability[5] is within 1% of lower bound: 0 < 0.0502048 < 10
  Availability[6] is within 1% of lower bound: 0 < 0.0688058 < 10
  Availability[9] is within 1% of lower bound: 0 < 0.0384025 < 10
  Availability[10] is within 1% of lower bound: 0 < 0.0107419 < 10
  Availability[13] is within 1% of lower bound: 0 < 0.0211086 < 10
  Selectivity[1] is within 1% of lower bound: 0 < 0.0445215 < 10
  Selectivity[5] is within 1% of lower bound: 0 < 0.0818839 < 10

MLEsigmaCat: 0.5
MLEsigmaEsc: 0.05
MaxGrad: 7.43592e-06
Calculating Hessian (65 variables): 20%, 40%, 60%, 80%, 100% done (0.39 s) 
Inverting Hessian (65 variables): 20%, 40%, 60%, 80%, 100% done (0.014 s) 
Starting standard error calculations...  done (0.031 s) 

Finished running model 'Syrah_v1' after 0.95 s.
