$ndistricts
1
$ngroups
54
$nstocks
3
$nagecomps
18
$AgeCompLabels
 0.1 0.2 0.3 0.4 0.5 1.1 1.2 1.3 1.4 1.5 2.1 2.2 2.3 2.4 3.1 3.2 3.3 3.4
$navailpar
3
$nselectpar
5
$GENdata
 -1
$maxGradient
2.418269111e-07
#LIKELIHOOD_VALUES_AND_PENALTIES
$totalNLL
350.7063409
$NLLcatch
-1.38364656
$NLLescape
-6.229717856
$NLLagecompCatch
101.0334095
$NLLagecompEsc
247.2862958
$NLLgenetics
0
$NLLselOne
3.493312308e-17
$NLLavailOne
10.00000006
$NLLextra
0
$sigmaCat
0.1
$sigmaEsc
0.05
#OBSERVED_AND_PREDICTED_VALUES
$predEsc
 542364.2848 2652063.558 1770459.216
$obsEsc
 542496 2648616 1772676
$predCatch
 10889926.87
$obsCatch
 10889927
$RunSize
 1e-06 1e-06 1e-06 1e-06 1e-06 4.98459356e-05 203403.2209 708026.1937 4796.909086 1e-06 1e-06 16506.02938 15374.43565 1e-06 1e-06 1e-06 1e-06 1e-06 1e-06 1e-06 1e-06 1e-06 1e-06 60786.29359 3099165.436 5128597.508 0.0004513891477 1e-06 1311.186464 351869.4624 934998.1241 1e-06 1e-06 1e-06 1e-06 1e-06 1e-06 1e-06 1e-06 1e-06 1e-06 14489.60746 277780.1076 4576202.249 109327.7941 1e-06 1295.250343 45934.04564 301496.115 3453.961734 1e-06 1e-06 1e-06 1e-06
$SSageCompEsc
 1 1 1
$obsAgeCompEsc
0 0 0 0 0 0 0.2295335 0.7312644 0.005109715 0 0 0.01841673 0.01567569 0 0 0 0 0 
0 0 0 0 0 0.02207795 0.3716779 0.5011859 0 0 0.0004813835 0.03425147 0.07032541 0 0 0 0 0 
0 0 0 0 0 0.007867202 0.06102356 0.8493272 0.02117251 0 0.0007074051 0.009169188 0.04985062 0.0008822819 0 0 0 0 
$predAgeCompEsc
1.811344874e-12 1.128238842e-12 1.032304078e-12 1.067441965e-12 6.104750288e-13 9.028817993e-11 0.2294874145 0.7308983272 0.00512042206 6.104750288e-13 1.811344874e-12 0.01862274348 0.01587109262 1.067441965e-12 1.811344874e-12 1.128238842e-12 1.032304078e-12 1.067441965e-12 
3.614492421e-13 1.169693218e-13 9.464511423e-14 1.02504075e-13 2.706497113e-14 0.02197115975 0.3625072792 0.485396697 4.626922704e-11 2.706497113e-14 0.0004739273536 0.04115793238 0.08849300426 1.02504075e-13 3.614492421e-13 1.169693218e-13 9.464511423e-14 1.02504075e-13 
5.457874496e-13 2.186894057e-13 1.841915555e-13 1.964955936e-13 6.676208892e-14 0.0079082459 0.06074756665 0.8428978105 0.02148242979 6.676208892e-14 0.0007069313812 0.01004528914 0.05553303841 0.0006786882611 5.457874496e-13 2.186894057e-13 1.841915555e-13 1.964955936e-13 
$SSageCompCatch
 1
$obsAgeCompCatch
0 0 0 0 0 0.0002852177 0.2112239 0.6400662 0.006945593 0 0 0.03361529 0.1078638 0 0 0 0 0 
$predAgeCompCatch
8.513413452e-15 1.552529064e-13 1.710761389e-13 1.654118404e-13 2.27634455e-13 0.0002760130669 0.2191878404 0.6645401571 0.006732258584 2.27634455e-13 8.995300455e-06 0.0254612361 0.0835866687 0.0002068307598 8.513413452e-15 1.552529064e-13 1.710761389e-13 1.654118404e-13 
$genSS
 -1
$obsGenComp     #GeneticFracData
0 0 0 
$predGenComp     #catchGenComp_pred
0 0 0 
#PARAMETERS_OF_INTEREST
$catchByGroup
1.759123305e-08 
3.880835472e-07 
4.40115137e-07 
4.210576021e-07 
6.689001476e-07 
8.768514697e-07 
78937.44347 
311613.0453 
2019.775037 
6.689001476e-07 
1.759123305e-08 
6405.718432 
6766.521852 
4.210576021e-07 
1.759123305e-08 
3.880835472e-07 
4.40115137e-07 
4.210576021e-07 
4.141363688e-08 
6.897899242e-07 
7.489951416e-07 
7.281526782e-07 
9.282219764e-07 
2517.38149 
2137773.092 
3841294.617 
0.0003286802168 
9.282219764e-07 
54.3010001 
242716.0098 
700309.0523 
7.281526782e-07 
4.141363688e-08 
6.897899242e-07 
7.489951416e-07 
7.281526782e-07 
3.370557999e-08 
6.128193263e-07 
6.738963631e-07 
6.521125655e-07 
8.818004444e-07 
488.3806232 
170229.0184 
3083886.052 
71294.0283 
8.818004444e-07 
43.65716403 
28149.2709 
203177.1354 
2252.371848 
3.370557999e-08 
6.128193263e-07 
6.738963631e-07 
6.521125655e-07 
$escByGroup
 9.82408767e-07 6.119164528e-07 5.59884863e-07 5.789423979e-07 3.310998524e-07 4.896908413e-05 124465.7774 396413.1485 2777.134048 3.310998524e-07 9.82408767e-07 10100.31095 8607.913796 5.789423979e-07 9.82408767e-07 6.119164528e-07 5.59884863e-07 5.789423979e-07 9.585863631e-07 3.102100758e-07 2.510048584e-07 2.718473218e-07 7.177802363e-08 58268.9121 961392.3448 1287302.891 0.0001227089309 7.177802363e-08 1256.885464 109153.4526 234689.0717 2.718473218e-07 9.585863631e-07 3.102100758e-07 2.510048584e-07 2.718473218e-07 9.6629442e-07 3.871806737e-07 3.261036369e-07 3.478874345e-07 1.181995556e-07 14001.22683 107551.0892 1492316.196 38033.76581 1.181995556e-07 1251.593179 17784.77474 98318.97963 1201.589887 9.6629442e-07 3.871806737e-07 3.261036369e-07 3.478874345e-07
$catchByGroup
1.759123305e-08 3.880835472e-07 4.40115137e-07 4.210576021e-07 6.689001476e-07 8.768514697e-07 78937.44347 311613.0453 2019.775037 6.689001476e-07 1.759123305e-08 6405.718432 6766.521852 4.210576021e-07 1.759123305e-08 3.880835472e-07 4.40115137e-07 4.210576021e-07 4.141363688e-08 6.897899242e-07 7.489951416e-07 7.281526782e-07 9.282219764e-07 2517.38149 2137773.092 3841294.617 0.0003286802168 9.282219764e-07 54.3010001 242716.0098 700309.0523 7.281526782e-07 4.141363688e-08 6.897899242e-07 7.489951416e-07 7.281526782e-07 3.370557999e-08 6.128193263e-07 6.738963631e-07 6.521125655e-07 8.818004444e-07 488.3806232 170229.0184 3083886.052 71294.0283 8.818004444e-07 43.65716403 28149.2709 203177.1354 2252.371848 3.370557999e-08 6.128193263e-07 6.738963631e-07 6.521125655e-07 
$Fmort
 0.88288137
#ESTIMATED_PARAMETERS
$availability
0.6208804719 1.479649698 1.199469831 
$availabilityVector
 0.6208804719 1.479649698 1.199469831
$selectivity
 0.03237681431 0.8960086734 1.058121891 0.9970601675 2.016432455
$RunSize
 1e-06 1e-06 1e-06 1e-06 1e-06 4.98459356e-05 203403.2209 708026.1937 4796.909086 1e-06 1e-06 16506.02938 15374.43565 1e-06 1e-06 1e-06 1e-06 1e-06 1e-06 1e-06 1e-06 1e-06 1e-06 60786.29359 3099165.436 5128597.508 0.0004513891477 1e-06 1311.186464 351869.4624 934998.1241 1e-06 1e-06 1e-06 1e-06 1e-06 1e-06 1e-06 1e-06 1e-06 1e-06 14489.60746 277780.1076 4576202.249 109327.7941 1e-06 1295.250343 45934.04564 301496.115 3453.961734 1e-06 1e-06 1e-06 1e-06
