
Initial statistics: 65 variables; iteration 0; function evaluation 0; phase 1
Function value 1.2444281e+03; maximum gradient component mag 3.2873e+02

Intermediate statistics: 65 variables; iteration 20; function evaluation 28; phase 1
Function value 1.2040603e+03; maximum gradient component mag 2.8458e+02
65 variables; iteration 40; function evaluation 52; phase 1
Function value 1.1929287e+03; maximum gradient component mag -3.7160e+01
65 variables; iteration 60; function evaluation 76; phase 1
Function value 1.1925908e+03; maximum gradient component mag -1.0040e-01
65 variables; iteration 80; function evaluation 96; phase 1
Function value 1.1925905e+03; maximum gradient component mag 4.1761e-04
65 variables; iteration 100; function evaluation 116; phase 1
Function value 1.1925905e+03; maximum gradient component mag 2.7624e-03
65 variables; iteration 120; function evaluation 137; phase 1
Function value 1.1925905e+03; maximum gradient component mag 9.8902e-04
65 variables; iteration 140; function evaluation 159; phase 1
Function value 1.1925905e+03; maximum gradient component mag 2.2516e-03
65 variables; iteration 160; function evaluation 185; phase 1
Function value 1.1925905e+03; maximum gradient component mag 2.0756e-03
65 variables; iteration 180; function evaluation 210; phase 1
Function value 1.1925905e+03; maximum gradient component mag 5.5888e-04
65 variables; iteration 200; function evaluation 233; phase 1
Function value 1.1925905e+03; maximum gradient component mag -3.2257e-05
65 variables; iteration 220; function evaluation 254; phase 1
Function value 1.1925905e+03; maximum gradient component mag -5.2024e-05
65 variables; iteration 240; function evaluation 277; phase 1
Function value 1.1925905e+03; maximum gradient component mag 6.9709e-06
Estimating row 1 out of 65 for hessian
Estimating row 2 out of 65 for hessian
Estimating row 3 out of 65 for hessian
Estimating row 4 out of 65 for hessian
Estimating row 5 out of 65 for hessian
Estimating row 6 out of 65 for hessian
Estimating row 7 out of 65 for hessian
Estimating row 8 out of 65 for hessian
Estimating row 9 out of 65 for hessian
Estimating row 10 out of 65 for hessian
Estimating row 11 out of 65 for hessian
Estimating row 12 out of 65 for hessian
Estimating row 13 out of 65 for hessian
Estimating row 14 out of 65 for hessian
Estimating row 15 out of 65 for hessian
Estimating row 16 out of 65 for hessian
Estimating row 17 out of 65 for hessian
Estimating row 18 out of 65 for hessian
Estimating row 19 out of 65 for hessian
Estimating row 20 out of 65 for hessian
Estimating row 21 out of 65 for hessian
Estimating row 22 out of 65 for hessian
Estimating row 23 out of 65 for hessian
Estimating row 24 out of 65 for hessian
Estimating row 25 out of 65 for hessian
Estimating row 26 out of 65 for hessian
Estimating row 27 out of 65 for hessian
Estimating row 28 out of 65 for hessian
Estimating row 29 out of 65 for hessian
Estimating row 30 out of 65 for hessian
Estimating row 31 out of 65 for hessian
Estimating row 32 out of 65 for hessian
Estimating row 33 out of 65 for hessian
Estimating row 34 out of 65 for hessian
Estimating row 35 out of 65 for hessian
Estimating row 36 out of 65 for hessian
Estimating row 37 out of 65 for hessian
Estimating row 38 out of 65 for hessian
Estimating row 39 out of 65 for hessian
Estimating row 40 out of 65 for hessian
Estimating row 41 out of 65 for hessian
Estimating row 42 out of 65 for hessian
Estimating row 43 out of 65 for hessian
Estimating row 44 out of 65 for hessian
Estimating row 45 out of 65 for hessian
Estimating row 46 out of 65 for hessian
Estimating row 47 out of 65 for hessian
Estimating row 48 out of 65 for hessian
Estimating row 49 out of 65 for hessian
Estimating row 50 out of 65 for hessian
Estimating row 51 out of 65 for hessian
Estimating row 52 out of 65 for hessian
Estimating row 53 out of 65 for hessian
Estimating row 54 out of 65 for hessian
Estimating row 55 out of 65 for hessian
Estimating row 56 out of 65 for hessian
Estimating row 57 out of 65 for hessian
Estimating row 58 out of 65 for hessian
Estimating row 59 out of 65 for hessian
Estimating row 60 out of 65 for hessian
Estimating row 61 out of 65 for hessian
Estimating row 62 out of 65 for hessian
Estimating row 63 out of 65 for hessian
Estimating row 64 out of 65 for hessian
Estimating row 65 out of 65 for hessian
size of file gradfil1.tmp = 0
size of file gradfil2.tmp = 0
size of file varssave.tmp = 0
size of file cmpdiff.tmp = 0
