
Initial statistics: 53 variables; iteration 0; function evaluation 0; phase 1
Function value 5.6216914e+03; maximum gradient component mag 2.5090e+03

Intermediate statistics: 53 variables; iteration 20; function evaluation 58; phase 1
Function value 2.8606463e+03; maximum gradient component mag -1.1185e+03
53 variables; iteration 40; function evaluation 82; phase 1
Function value 2.6372243e+03; maximum gradient component mag -6.6590e+02
53 variables; iteration 60; function evaluation 119; phase 1
Function value 2.2944838e+03; maximum gradient component mag 4.1372e+02
53 variables; iteration 80; function evaluation 140; phase 1
Function value 2.2085854e+03; maximum gradient component mag -8.4454e+01
53 variables; iteration 100; function evaluation 161; phase 1
Function value 2.1968231e+03; maximum gradient component mag 5.3998e+01
53 variables; iteration 120; function evaluation 182; phase 1
Function value 2.1931290e+03; maximum gradient component mag 3.7084e+01
53 variables; iteration 140; function evaluation 202; phase 1
Function value 2.1908655e+03; maximum gradient component mag -2.7456e+01
53 variables; iteration 160; function evaluation 222; phase 1
Function value 2.1899384e+03; maximum gradient component mag -1.0227e+01
53 variables; iteration 180; function evaluation 242; phase 1
Function value 2.1895799e+03; maximum gradient component mag 5.8484e+00
53 variables; iteration 200; function evaluation 262; phase 1
Function value 2.1894022e+03; maximum gradient component mag -8.2298e+00
53 variables; iteration 220; function evaluation 283; phase 1
Function value 2.1891613e+03; maximum gradient component mag -5.6841e+00
53 variables; iteration 240; function evaluation 303; phase 1
Function value 2.1891298e+03; maximum gradient component mag -1.6985e+00
53 variables; iteration 260; function evaluation 323; phase 1
Function value 2.1891128e+03; maximum gradient component mag -1.1015e+00
53 variables; iteration 280; function evaluation 343; phase 1
Function value 2.1891107e+03; maximum gradient component mag -1.3738e+00
53 variables; iteration 300; function evaluation 365; phase 1
Function value 2.1890148e+03; maximum gradient component mag 8.4773e+00
53 variables; iteration 320; function evaluation 386; phase 1
Function value 2.1890014e+03; maximum gradient component mag 2.0793e-02
53 variables; iteration 340; function evaluation 406; phase 1
Function value 2.1890014e+03; maximum gradient component mag 1.0260e-03
Estimating row 1 out of 53 for hessian
Estimating row 2 out of 53 for hessian
Estimating row 3 out of 53 for hessian
Estimating row 4 out of 53 for hessian
Estimating row 5 out of 53 for hessian
Estimating row 6 out of 53 for hessian
Estimating row 7 out of 53 for hessian
Estimating row 8 out of 53 for hessian
Estimating row 9 out of 53 for hessian
Estimating row 10 out of 53 for hessian
Estimating row 11 out of 53 for hessian
Estimating row 12 out of 53 for hessian
Estimating row 13 out of 53 for hessian
Estimating row 14 out of 53 for hessian
Estimating row 15 out of 53 for hessian
Estimating row 16 out of 53 for hessian
Estimating row 17 out of 53 for hessian
Estimating row 18 out of 53 for hessian
Estimating row 19 out of 53 for hessian
Estimating row 20 out of 53 for hessian
Estimating row 21 out of 53 for hessian
Estimating row 22 out of 53 for hessian
Estimating row 23 out of 53 for hessian
Estimating row 24 out of 53 for hessian
Estimating row 25 out of 53 for hessian
Estimating row 26 out of 53 for hessian
Estimating row 27 out of 53 for hessian
Estimating row 28 out of 53 for hessian
Estimating row 29 out of 53 for hessian
Estimating row 30 out of 53 for hessian
Estimating row 31 out of 53 for hessian
Estimating row 32 out of 53 for hessian
Estimating row 33 out of 53 for hessian
Estimating row 34 out of 53 for hessian
Estimating row 35 out of 53 for hessian
Estimating row 36 out of 53 for hessian
Estimating row 37 out of 53 for hessian
Estimating row 38 out of 53 for hessian
Estimating row 39 out of 53 for hessian
Estimating row 40 out of 53 for hessian
Estimating row 41 out of 53 for hessian
Estimating row 42 out of 53 for hessian
Estimating row 43 out of 53 for hessian
Estimating row 44 out of 53 for hessian
Estimating row 45 out of 53 for hessian
Estimating row 46 out of 53 for hessian
Estimating row 47 out of 53 for hessian
Estimating row 48 out of 53 for hessian
Estimating row 49 out of 53 for hessian
Estimating row 50 out of 53 for hessian
Estimating row 51 out of 53 for hessian
Estimating row 52 out of 53 for hessian
Estimating row 53 out of 53 for hessian
Warning -- Hessian does not appear to be positive definite
Hessian does not appear to be positive definite.
size of file gradfil1.tmp = 0
size of file gradfil2.tmp = 0
size of file varssave.tmp = 0
size of file cmpdiff.tmp = 0
