
Initial statistics: 15 variables; iteration 0; function evaluation 0; phase 1
Function value 1.2102920e+03; maximum gradient component mag 3.3185e+02

Intermediate statistics: 15 variables; iteration 20; function evaluation 35; phase 1
Function value 1.1759176e+03; maximum gradient component mag -1.2247e+00

 - final statistics:
15 variables; iteration 30; function evaluation 45
Function value 1.1759e+03; maximum gradient component mag 2.4717e-07
Exit code = 1;  converg criter 1.0000e-06

Initial statistics: 20 variables; iteration 0; function evaluation 0; phase 2
Function value 1.1759169e+03; maximum gradient component mag 2.9529e+02

Intermediate statistics: 20 variables; iteration 20; function evaluation 41; phase 2
Function value 1.1656101e+03; maximum gradient component mag 2.9067e+01

 - final statistics:
20 variables; iteration 38; function evaluation 62
Function value 1.1653e+03; maximum gradient component mag 8.4202e-07
Exit code = 1;  converg criter 1.0000e-06

Initial statistics: 53 variables; iteration 0; function evaluation 0; phase 3
Function value 1.1652767e+03; maximum gradient component mag -4.9761e+00

Intermediate statistics: 53 variables; iteration 20; function evaluation 26; phase 3
Function value 1.1648223e+03; maximum gradient component mag 5.5005e+01
53 variables; iteration 40; function evaluation 49; phase 3
Function value 1.1645418e+03; maximum gradient component mag 7.2959e+00
53 variables; iteration 60; function evaluation 72; phase 3
Function value 1.1645288e+03; maximum gradient component mag -2.8992e-03
Estimating row 1 out of 53 for hessian
Estimating row 2 out of 53 for hessian
Estimating row 3 out of 53 for hessian
Estimating row 4 out of 53 for hessian
Estimating row 5 out of 53 for hessian
Estimating row 6 out of 53 for hessian
Estimating row 7 out of 53 for hessian
Estimating row 8 out of 53 for hessian
Estimating row 9 out of 53 for hessian
Estimating row 10 out of 53 for hessian
Estimating row 11 out of 53 for hessian
Estimating row 12 out of 53 for hessian
Estimating row 13 out of 53 for hessian
Estimating row 14 out of 53 for hessian
Estimating row 15 out of 53 for hessian
Estimating row 16 out of 53 for hessian
Estimating row 17 out of 53 for hessian
Estimating row 18 out of 53 for hessian
Estimating row 19 out of 53 for hessian
Estimating row 20 out of 53 for hessian
Estimating row 21 out of 53 for hessian
Estimating row 22 out of 53 for hessian
Estimating row 23 out of 53 for hessian
Estimating row 24 out of 53 for hessian
Estimating row 25 out of 53 for hessian
Estimating row 26 out of 53 for hessian
Estimating row 27 out of 53 for hessian
Estimating row 28 out of 53 for hessian
Estimating row 29 out of 53 for hessian
Estimating row 30 out of 53 for hessian
Estimating row 31 out of 53 for hessian
Estimating row 32 out of 53 for hessian
Estimating row 33 out of 53 for hessian
Estimating row 34 out of 53 for hessian
Estimating row 35 out of 53 for hessian
Estimating row 36 out of 53 for hessian
Estimating row 37 out of 53 for hessian
Estimating row 38 out of 53 for hessian
Estimating row 39 out of 53 for hessian
Estimating row 40 out of 53 for hessian
Estimating row 41 out of 53 for hessian
Estimating row 42 out of 53 for hessian
Estimating row 43 out of 53 for hessian
Estimating row 44 out of 53 for hessian
Estimating row 45 out of 53 for hessian
Estimating row 46 out of 53 for hessian
Estimating row 47 out of 53 for hessian
Estimating row 48 out of 53 for hessian
Estimating row 49 out of 53 for hessian
Estimating row 50 out of 53 for hessian
Estimating row 51 out of 53 for hessian
Estimating row 52 out of 53 for hessian
Estimating row 53 out of 53 for hessian
Warning -- Hessian does not appear to be positive definite
Hessian does not appear to be positive definite.
size of file gradfil1.tmp = 0
size of file gradfil2.tmp = 0
size of file varssave.tmp = 0
size of file cmpdiff.tmp = 0
