$ndistricts
3
$ngroups
90
$nstocks
5
$nagecomps
18
$AgeCompLabels
 0.1 0.2 0.3 0.4 0.5 1.1 1.2 1.3 1.4 1.5 2.1 2.2 2.3 2.4 3.1 3.2 3.3 3.4
$navailpar
15
$nselectpar
5
$GENdata
 -1 -1 -1
$maxGradient
3.61585e-06
#LIKELIHOOD_VALUES_AND_PENALTIES
$totalNLL
809.416
$NLLcatch
0.677374
$NLLescape
-6.52369
$NLLagecompCatch
0
$NLLagecompEsc
815.26
$NLLgenetics
0
$NLLselOne
1.93917e-17
$NLLavailOne
0.00216271
$NLLextra
3.8e-198
$sigmaCat
0.5
$sigmaEsc
0.1
#OBSERVED_AND_PREDICTED_VALUES
$predEsc
 5.59072e+06 4.99859e+06 2.01958e+06 1.30447e+06 816436
$obsEsc
 5.50013e+06 5.39659e+06 1.93967e+06 1.29014e+06 815104
$predCatch
 3.7325e+06 1.11877e+07 3.21942e+06
$obsCatch
 3.7325e+06 1.11877e+07 3.21942e+06
$RunSize
 0 0 0 0 0 0 1.7847e+06 253719 17300.6 0 3.67276e-09 5.55483e+06 81196.9 9716.72 0 3.67276e-09 3.67276e-09 247.925 0 0 0 0 0 35373.2 4.9983e+06 1.06878e+06 3.67276e-09 0 3.67276e-09 565564 42373.4 3.85639e-08 0 3.67276e-09 3.67276e-09 1.79965e-07 0 0 0 0 0 0 904227 1.09807e+06 15758.7 0 3.67276e-09 484331 596391 3.67276e-09 0 3.67276e-09 3.67276e-09 3.67276e-09 0 0 0 0 0 0 1.26703e+06 383761 3.67276e-09 0 24535.8 8.93393e+06 632350 1731.7 0 14730.5 39390.6 3.67276e-09 0 0 0 0 0 610.305 1.80559e+06 877630 4230.28 0 385.691 1.14337e+06 226772 2040.6 0 432.845 3.67276e-09 3.67276e-09
$SSageCompEsc
 1471 1006 1412 1313 1374
$obsAgeCompEsc
0 0 0 0 0 0 0.272427 0.0279234 0.00183165 0 0 0.691769 0.0060488 0 0 0 0 0 
0 0 0 0 0 0.00655557 0.792176 0.124001 0 0 0 0.0738648 0.00340231 0 0 0 0 0 
0 0 0 0 0 0 0.336517 0.337294 0.0045705 0 0 0.163798 0.157821 0 0 0 0 0 
0 0 0 0 0 0 0.136001 0.0253231 0 0 0.0174593 0.784028 0.0339486 0 0 0.00062602 0.0026137 0 
0 0 0 0 0 0.000719709 0.473608 0.184028 0.000448967 0 0.000454334 0.299255 0.0408499 0.00063628 0 0 0 0 
$predAgeCompEsc
0 0 0 0 0 0 0.232292 0.0314304 0.00204043 0 6.48255e-16 0.723003 0.0100586 0.00114599 0 4.78037e-16 4.54978e-16 2.92403e-05 
0 0 0 0 0 0.00699025 0.748946 0.153244 5.04187e-16 0 7.25789e-16 0.0847442 0.00607561 5.29397e-15 0 5.50326e-16 5.2661e-16 2.47052e-14 
0 0 0 0 0 0 0.302012 0.344481 0.00464301 0 1.78929e-15 0.161767 0.187097 1.08211e-15 0 1.2267e-15 1.1522e-15 1.08211e-15 
0 0 0 0 0 0 0.114872 0.0205059 8.65652e-17 0 0.0173787 0.809973 0.033789 4.08155e-05 0 0.00133551 0.0021048 8.65652e-17 
0 0 0 0 0 0.000710274 0.486884 0.161196 0.000457784 0 0.000448868 0.308313 0.0416518 0.000220825 0 0.000116718 6.74583e-16 3.97451e-16 
$SSageCompCatch
 5148 6243 3821
$obsAgeCompCatch
0 0 0 0 0 0 0.25086 0.201318 0.00297085 0 0 0.443366 0.0995249 0.00182129 0 9.09757e-05 0 4.81773e-05 
0 0 0 0 0 0 0.133391 0.0534826 0.000145199 0 0.000297248 0.752223 0.0555111 0.000357085 0 0.00152322 0.00306959 0 
0 0 0 0 0 0 0.399245 0.167507 0.00106188 0 0 0.372648 0.0584405 0 0 0.000700318 0.000397049 0 
$predAgeCompCatch
0 0 0 0 0 8.83681e-05 0.405994 0.15346 0.00225724 0 6.06e-06 0.385565 0.0516693 0.000620442 0 8.06349e-05 0.000243107 1.53894e-05 
0 0 0 0 0 8.27583e-06 0.162169 0.0618719 0.000396277 0 0.000160355 0.712478 0.0585688 0.000258359 0 0.0010793 0.00300812 2.17226e-06 
0 0 0 0 0 1.23697e-05 0.382223 0.192947 0.00101657 0 2.12762e-05 0.363797 0.0585304 0.000510135 0 0.000295108 0.000647251 8.40904e-07 
$genSS
 -1 -1 -1
$obsGenComp     #GeneticFracData
0 0 0 0 0 
0 0 0 0 0 
0 0 0 0 0 
$predGenComp     #catchGenComp_pred
0 0 0 0 0 
0 0 0 0 0 
0 0 0 0 0 
#PARAMETERS_OF_INTEREST
$catchByGroup
0 0 0 
0 0 0 
0 0 0 
0 0 0 
0 0 0 
0 0 0 
332421 138338 15259 
53198.6 22326.2 2475.03 
4008.3 1695.87 188.914 
0 0 0 
3.3844e-11 1.32853e-11 1.41618e-12 
1.03465e+06 430575 47493.2 
17025 7145 792.077 
2251.23 952.47 106.102 
0 0 0 
6.84094e-10 2.84688e-10 3.14017e-11 
7.70087e-10 3.23188e-10 3.58278e-11 
57.4407 24.3025 2.70722 
0 0 0 
0 0 0 
0 0 0 
0 0 0 
0 0 0 
329.623 87.8449 14.3646 
940446 269186 44996.9 
226337 65457.9 10977.4 
8.59311e-10 2.50997e-10 4.22248e-11 
0 0 0 
3.42243e-11 9.12082e-12 1.49146e-12 
106413 30458.7 5091.46 
8973.52 2595.19 435.218 
9.02276e-09 2.63547e-09 4.43361e-10 
0 0 0 
6.91041e-10 1.97798e-10 3.30638e-11 
7.77789e-10 2.2494e-10 3.7723e-11 
4.21062e-08 1.22989e-08 2.06902e-09 
0 0 0 
0 0 0 
0 0 0 
0 0 0 
0 0 0 
0 0 0 
203082 86212.4 4992.69 
276749 118693 6919.07 
4375.47 1895.07 111.174 
0 0 0 
4.17213e-11 1.64919e-11 9.13236e-13 
108777 46178 2674.24 
150310 64465.5 3757.93 
1.01976e-09 4.4167e-10 2.59105e-11 
0 0 0 
8.24872e-10 3.50175e-10 2.02791e-11 
9.25653e-10 3.96998e-10 2.31425e-11 
1.01976e-09 4.4167e-10 2.59105e-11 
0 0 0 
0 0 0 
0 0 0 
0 0 0 
0 0 0 
0 0 0 
25602.6 1.03267e+06 58906.8 
8840.23 327870 20301 
9.46283e-11 3.2483e-09 2.16909e-10 
0 0 0 
22.4859 1791 52.4078 
180526 7.28146e+06 415356 
14566.7 540255 33451.4 
44.6172 1531.57 102.272 
0 0 0 
297.656 12005.9 684.85 
907.394 33653.8 2083.77 
9.46283e-11 3.2483e-09 2.16909e-10 
0 0 0 
0 0 0 
0 0 0 
0 0 0 
0 0 0 
0.210592 4.74244 25.4588 
13820.9 287880 1.10638e+06 
7665.18 157855 580503 
41.3602 842.479 2972.69 
0 0 0 
0.133087 2.99705 16.089 
8751.88 182296 700600 
1980.62 40788.4 149997 
19.9513 406.394 1433.96 
0 0 0 
3.31321 69.0121 265.227 
3.20777e-11 6.606e-10 2.42932e-09 
3.59092e-11 7.31446e-10 2.58091e-09 
$escByGroup
 5e-101 5e-101 5e-101 5e-101 5e-101 5e-101 1.29868e+06 175719 11407.5 5e-101 3.62421e-09 4.04211e+06 56234.8 6406.92 5e-101 2.67257e-09 2.54365e-09 163.474 5e-101 5e-101 5e-101 5e-101 5e-101 34941.4 3.74367e+06 766003 2.52022e-09 5e-101 3.62792e-09 423601 30369.5 2.64623e-08 5e-101 2.75085e-09 2.6323e-09 1.23491e-07 5e-101 5e-101 5e-101 5e-101 5e-101 5e-101 609939 695708 9376.94 5e-101 3.61363e-09 326702 377858 2.18542e-09 5e-101 2.47743e-09 2.32696e-09 2.18542e-09 5e-101 5e-101 5e-101 5e-101 5e-101 5e-101 149847 26749.2 1.12921e-10 5e-101 22669.9 1.05658e+06 44076.6 53.2425 5e-101 1742.12 2745.64 1.12921e-10 5e-101 5e-101 5e-101 5e-101 5e-101 579.893 397510 131606 373.751 5e-101 366.472 251718 34006 180.29 5e-101 95.2932 5.50754e-10 3.24493e-10
$catchByGroup
0 0 0 0 0 0 332421 53198.6 4008.3 0 3.3844e-11 1.03465e+06 17025 2251.23 0 6.84094e-10 7.70087e-10 57.4407 0 0 0 0 0 329.623 940446 226337 8.59311e-10 0 3.42243e-11 106413 8973.52 9.02276e-09 0 6.91041e-10 7.77789e-10 4.21062e-08 0 0 0 0 0 0 203082 276749 4375.47 0 4.17213e-11 108777 150310 1.01976e-09 0 8.24872e-10 9.25653e-10 1.01976e-09 0 0 0 0 0 0 25602.6 8840.23 9.46283e-11 0 22.4859 180526 14566.7 44.6172 0 297.656 907.394 9.46283e-11 0 0 0 0 0 0.210592 13820.9 7665.18 41.3602 0 0.133087 8751.88 1980.62 19.9513 0 3.31321 3.20777e-11 3.59092e-11 
0 0 0 0 0 0 138338 22326.2 1695.87 0 1.32853e-11 430575 7145 952.47 0 2.84688e-10 3.23188e-10 24.3025 0 0 0 0 0 87.8449 269186 65457.9 2.50997e-10 0 9.12082e-12 30458.7 2595.19 2.63547e-09 0 1.97798e-10 2.2494e-10 1.22989e-08 0 0 0 0 0 0 86212.4 118693 1895.07 0 1.64919e-11 46178 64465.5 4.4167e-10 0 3.50175e-10 3.96998e-10 4.4167e-10 0 0 0 0 0 0 1.03267e+06 327870 3.2483e-09 0 1791 7.28146e+06 540255 1531.57 0 12005.9 33653.8 3.2483e-09 0 0 0 0 0 4.74244 287880 157855 842.479 0 2.99705 182296 40788.4 406.394 0 69.0121 6.606e-10 7.31446e-10 
0 0 0 0 0 0 15259 2475.03 188.914 0 1.41618e-12 47493.2 792.077 106.102 0 3.14017e-11 3.58278e-11 2.70722 0 0 0 0 0 14.3646 44996.9 10977.4 4.22248e-11 0 1.49146e-12 5091.46 435.218 4.43361e-10 0 3.30638e-11 3.7723e-11 2.06902e-09 0 0 0 0 0 0 4992.69 6919.07 111.174 0 9.13236e-13 2674.24 3757.93 2.59105e-11 0 2.02791e-11 2.31425e-11 2.59105e-11 0 0 0 0 0 0 58906.8 20301 2.16909e-10 0 52.4078 415356 33451.4 102.272 0 684.85 2083.77 2.16909e-10 0 0 0 0 0 25.4588 1.10638e+06 580503 2972.69 0 16.089 700600 149997 1433.96 0 265.227 2.42932e-09 2.58091e-09 
$Fmort
 0.14244 0.428631 0.208319
#ESTIMATED_PARAMETERS
$availability
1.47976 1.49647 1.82616 0.146556 0.0551649 
0.19249 0.132076 0.239055 4.02619 0.414372 
0.0421509 0.0443921 0.0271795 0.233699 4.65701 
$availabilityVector
 1.47976 0.19249 0.0421509 1.49647 0.132076 0.0443921 1.82616 0.239055 0.0271795 0.146556 4.02619 0.233699 0.0551649 0.414372 4.65701
$selectivity
 0.0439212 0.977887 1.1164 1.2504 1.61139
$RunSize
 0 0 0 0 0 0 1.7847e+06 253719 17300.6 0 3.67276e-09 5.55483e+06 81196.9 9716.72 0 3.67276e-09 3.67276e-09 247.925 0 0 0 0 0 35373.2 4.9983e+06 1.06878e+06 3.67276e-09 0 3.67276e-09 565564 42373.4 3.85639e-08 0 3.67276e-09 3.67276e-09 1.79965e-07 0 0 0 0 0 0 904227 1.09807e+06 15758.7 0 3.67276e-09 484331 596391 3.67276e-09 0 3.67276e-09 3.67276e-09 3.67276e-09 0 0 0 0 0 0 1.26703e+06 383761 3.67276e-09 0 24535.8 8.93393e+06 632350 1731.7 0 14730.5 39390.6 3.67276e-09 0 0 0 0 0 610.305 1.80559e+06 877630 4230.28 0 385.691 1.14337e+06 226772 2040.6 0 432.845 3.67276e-09 3.67276e-09
