$ndistricts
3
$ngroups
90
$nstocks
5
$nagecomps
18
$AgeCompLabels
 0.1 0.2 0.3 0.4 0.5 1.1 1.2 1.3 1.4 1.5 2.1 2.2 2.3 2.4 3.1 3.2 3.3 3.4
$navailpar
15
$nselectpar
5
$GENdata
 -1 -1 -1
$maxGradient
1.65852e-06
#LIKELIHOOD_VALUES_AND_PENALTIES
$totalNLL
765.982
$NLLcatch
0.677374
$NLLescape
-6.7995
$NLLagecompCatch
0
$NLLagecompEsc
772.102
$NLLgenetics
0
$NLLselOne
7.75083e-17
$NLLavailOne
0.00216271
$NLLextra
2.9e-198
$sigmaCat
0.5
$sigmaEsc
0.1
#OBSERVED_AND_PREDICTED_VALUES
$predEsc
 1.399e+06 799202 1.10203e+06 1.08154e+06 685349
$obsEsc
 1.45058e+06 782212 1.0781e+06 1.07646e+06 692167
$predCatch
 7.96291e+06 1.08091e+07 4.41105e+06
$obsCatch
 7.96291e+06 1.08091e+07 4.41106e+06
$RunSize
 0 0 3456.95 3.13778e-09 0 198.884 603112 1.09588e+06 3.13778e-09 0 1842.8 930493 1.50729e+06 3.13778e-09 0 3.13778e-09 3.13778e-09 0 0 0 34277.4 4.70667e-09 0 3.60845e-08 2.51022e-08 2.25591e+06 4043.44 0 1.09822e-08 3.13778e-09 2.19645e-08 1690.3 0 1.72578e-08 6.27556e-09 0 0 0 5455.12 3.13778e-09 0 117.147 154213 3.43113e+06 4853.34 0 465.205 134961 795902 3.13778e-09 0 3.13778e-09 3.13778e-09 0 0 0 10639.2 303.541 0 3.13778e-09 233378 2.79449e+06 4937.2 0 37890.5 3.13779e+06 5.82029e+06 423.571 0 12772.7 27617.1 0 0 1050.26 57589.9 3.13778e-09 0 1898.85 313200 3.74108e+06 2416.97 0 8880.63 437925 639493 844.608 0 8.00134e-08 6.27556e-09 0
$SSageCompEsc
 1305 0 1290 1252 1260
$obsAgeCompEsc
0 0 0.000755112 0 0 0.00012094 0.147448 0.240097 0 0 0.00118225 0.250799 0.359598 0 0 0 0 0 
0 0 0 0 0 0 0.601116 0.250188 0 0 0 0.102692 0.0460043 0 0 0 0 0 
0 0 0.00116336 0 0 9.41962e-05 0.0377958 0.734125 0.00110984 0 0.000393381 0.036985 0.188333 0 0 0 0 0 
0 0 0.000484496 0 0 0 0.0232322 0.203747 0.000645995 0 0.0302865 0.264931 0.473898 0 0 0.00077928 0.00199536 0 
0 0.000399202 0.0088906 0 0 0.0023293 0.0862821 0.726355 0.000557219 0 0.0115311 0.0824139 0.0812412 0 0 0 0 0 
$predAgeCompEsc
0 0 0.000819517 7.75458e-16 0 0.00013042 0.149726 0.259792 7.75458e-16 0 0.00120843 0.231001 0.357322 7.75458e-16 0 7.78973e-16 7.43852e-16 0 
0 0 0.0149283 2.12932e-15 0 4.14708e-14 1.14036e-14 0.982478 0.00182927 0 1.26216e-14 1.42545e-15 9.5658e-15 0.000764698 0 7.83995e-15 2.73309e-15 0 
0 0 0.0011994 7.31183e-16 0 9.56101e-05 0.0361619 0.754392 0.00113095 0 0.00037968 0.0316474 0.174993 7.31183e-16 0 7.35787e-16 6.89894e-16 0 
0 0 0.000810157 2.73607e-05 0 2.50568e-15 0.0214016 0.212795 0.000445031 0 0.0302575 0.287746 0.443204 3.818e-05 0 0.0011713 0.00210299 0 
0 0.000223812 0.0107069 6.60109e-16 0 0.00244788 0.0667431 0.695529 0.000508469 0 0.0114484 0.093322 0.118893 0.000177684 0 1.70509e-14 1.16673e-15 0 
$SSageCompCatch
 6608 7259 4441
$obsAgeCompCatch
0 0 0.00400959 0 0 0 0.0572467 0.661108 0.000892259 0 0 0.0647207 0.211676 0.000136515 0 9.69336e-05 0.000112832 0 
0 0 0.00242135 5.60062e-05 0 0.000151527 0.0248859 0.307822 0.000185754 0 0.000647336 0.268892 0.391766 9.85676e-05 0 0.0011243 0.00194965 0 
0 0 0.0106073 0 0 0 0.0302987 0.584941 0.000402317 0 0 0.124453 0.247912 0.000314886 0 0.000373802 0.000697178 0 
$predAgeCompCatch
0 4.14939e-06 0.00361187 3.11417e-06 0 3.93409e-06 0.0598761 0.580787 0.000754077 0 6.28664e-05 0.112157 0.242186 0.000131055 0 0.000130593 0.000292144 0 
0 1.33857e-05 0.00173785 2.14642e-05 0 2.56339e-06 0.0253501 0.293547 0.000434277 0 0.000444762 0.23386 0.441659 4.79936e-05 0 0.000901751 0.0019805 0 
0 0.000163033 0.00935373 3.88635e-06 0 4.31576e-05 0.0532516 0.642458 0.000456592 0 0.00024738 0.110412 0.182942 0.000140989 0 0.000162967 0.00036474 0 
$genSS
 -1 -1 -1
$obsGenComp     #GeneticFracData
0 0 0 0 0 
0 0 0 0 0 
0 0 0 0 0 
$predGenComp     #catchGenComp_pred
0 0 0 0 0 
0 0 0 0 0 
0 0 0 0 0 
#PARAMETERS_OF_INTEREST
$catchByGroup
0 0 0 
0 0 0 
2035.18 238.051 37.2228 
1.81068e-09 2.09505e-10 3.27285e-11 
0 0 0 
14.9898 1.24757 0.189806 
347247 40130.2 6268.42 
645164 75463.9 11799.9 
1.81068e-09 2.09505e-10 3.27285e-11 
0 0 0 
138.89 11.5596 1.75868 
535739 61913.7 9671.04 
887369 103794 16229.8 
1.81068e-09 2.09505e-10 3.27285e-11 
0 0 0 
1.8066e-09 2.08783e-10 3.26124e-11 
1.84727e-09 2.16073e-10 3.37861e-11 
0 0 0 
0 0 0 
0 0 0 
20320.5 1637.63 388.596 
2.73527e-09 2.17955e-10 5.16886e-11 
0 0 0 
2.74917e-09 1.55464e-10 3.62675e-11 
1.45554e-08 1.15838e-09 2.74695e-10 
1.33736e+06 107778 25574.8 
2349.84 187.242 44.4051 
0 0 0 
8.36703e-10 4.7315e-11 1.10379e-11 
1.81943e-09 1.44797e-10 3.43368e-11 
1.30211e-08 1.04937e-09 2.49006e-10 
982.311 78.2736 18.5628 
0 0 0 
1.00068e-08 7.96384e-10 1.88853e-10 
3.72031e-09 2.99819e-10 7.11447e-11 
0 0 0 
0 0 0 
0 0 0 
3632.83 462.565 37.948 
2.0528e-09 2.58048e-10 2.11431e-11 
0 0 0 
10.7981 0.911915 0.0721023 
100687 12639 1035.43 
2.28496e+06 290941 23868.3 
3175.16 399.135 32.7029 
0 0 0 
42.8806 3.62133 0.286327 
88117.4 11061.2 906.166 
530031 67488.2 5536.62 
2.0528e-09 2.58048e-10 2.11431e-11 
0 0 0 
2.04869e-09 2.57167e-10 2.10679e-11 
2.0896e-09 2.66067e-10 2.18277e-11 
0 0 0 
0 0 0 
0 0 0 
896.19 8247.01 619.808 
24.7978 232.009 17.1429 
0 0 0 
2.42576e-11 3.86965e-10 1.65669e-11 
19000.7 178096 13134.7 
235393 2.16616e+06 162798 
403.345 3773.7 278.835 
0 0 0 
292.924 4672.82 200.054 
255466 2.39451e+06 176597 
490270 4.51161e+06 339072 
34.6037 323.752 23.9217 
0 0 0 
1039.9 9747.13 718.856 
2326.32 21407.5 1608.89 
0 0 0 
0 0 0 
33.0412 144.688 719.146 
1876.26 8199.39 40176.2 
9.9062e-11 4.33705e-10 2.15261e-09 
0 0 0 
5.53895 25.5484 190.109 
9853.25 43147.4 214457 
121883 532638 2.60988e+06 
76.3055 334.074 1658.11 
0 0 0 
25.9048 119.486 889.109 
13777.1 60329.8 299860 
20834.4 91048.1 446127 
26.6649 116.742 579.425 
0 0 0 
2.51721e-09 1.10229e-08 5.47874e-08 
2.04455e-10 8.93486e-10 4.378e-09 
0 0 0 
$escByGroup
 5e-101 5e-101 1146.5 1.08486e-09 5e-101 182.457 209467 363449 1.08486e-09 5e-101 1690.59 323169 499894 1.08486e-09 5e-101 1.08978e-09 1.04065e-09 5e-101 5e-101 5e-101 11930.7 1.70176e-09 5e-101 3.31436e-08 9.11375e-09 785198 1461.96 5e-101 1.00872e-08 1.13922e-09 7.64501e-09 611.148 5e-101 6.2657e-09 2.18429e-09 5e-101 5e-101 5e-101 1321.77 8.05783e-10 5e-101 105.365 39851.4 831361 1246.34 5e-101 418.417 34876.3 192847 8.05783e-10 5e-101 8.10857e-10 7.60282e-10 5e-101 5e-101 5e-101 876.215 29.5916 5e-101 2.70999e-09 23146.6 230146 481.317 5e-101 32724.7 311208 479342 41.2931 5e-101 1266.81 2274.46 5e-101 5e-101 153.389 7337.98 4.52405e-10 5e-101 1677.65 45742.4 476680 348.479 5e-101 7846.13 63958.2 81482.9 121.776 5e-101 1.16858e-08 7.99619e-10 5e-101
$catchByGroup
0 0 2035.18 1.81068e-09 0 14.9898 347247 645164 1.81068e-09 0 138.89 535739 887369 1.81068e-09 0 1.8066e-09 1.84727e-09 0 0 0 20320.5 2.73527e-09 0 2.74917e-09 1.45554e-08 1.33736e+06 2349.84 0 8.36703e-10 1.81943e-09 1.30211e-08 982.311 0 1.00068e-08 3.72031e-09 0 0 0 3632.83 2.0528e-09 0 10.7981 100687 2.28496e+06 3175.16 0 42.8806 88117.4 530031 2.0528e-09 0 2.04869e-09 2.0896e-09 0 0 0 896.19 24.7978 0 2.42576e-11 19000.7 235393 403.345 0 292.924 255466 490270 34.6037 0 1039.9 2326.32 0 0 33.0412 1876.26 9.9062e-11 0 5.53895 9853.25 121883 76.3055 0 25.9048 13777.1 20834.4 26.6649 0 2.51721e-09 2.04455e-10 0 
0 0 238.051 2.09505e-10 0 1.24757 40130.2 75463.9 2.09505e-10 0 11.5596 61913.7 103794 2.09505e-10 0 2.08783e-10 2.16073e-10 0 0 0 1637.63 2.17955e-10 0 1.55464e-10 1.15838e-09 107778 187.242 0 4.7315e-11 1.44797e-10 1.04937e-09 78.2736 0 7.96384e-10 2.99819e-10 0 0 0 462.565 2.58048e-10 0 0.911915 12639 290941 399.135 0 3.62133 11061.2 67488.2 2.58048e-10 0 2.57167e-10 2.66067e-10 0 0 0 8247.01 232.009 0 3.86965e-10 178096 2.16616e+06 3773.7 0 4672.82 2.39451e+06 4.51161e+06 323.752 0 9747.13 21407.5 0 0 144.688 8199.39 4.33705e-10 0 25.5484 43147.4 532638 334.074 0 119.486 60329.8 91048.1 116.742 0 1.10229e-08 8.93486e-10 0 
0 0 37.2228 3.27285e-11 0 0.189806 6268.42 11799.9 3.27285e-11 0 1.75868 9671.04 16229.8 3.27285e-11 0 3.26124e-11 3.37861e-11 0 0 0 388.596 5.16886e-11 0 3.62675e-11 2.74695e-10 25574.8 44.4051 0 1.10379e-11 3.43368e-11 2.49006e-10 18.5628 0 1.88853e-10 7.11447e-11 0 0 0 37.948 2.11431e-11 0 0.0721023 1035.43 23868.3 32.7029 0 0.286327 906.166 5536.62 2.11431e-11 0 2.10679e-11 2.18277e-11 0 0 0 619.808 17.1429 0 1.65669e-11 13134.7 162798 278.835 0 200.054 176597 339072 23.9217 0 718.856 1608.89 0 0 719.146 40176.2 2.15261e-09 0 190.109 214457 2.60988e+06 1658.11 0 889.109 299860 446127 579.425 0 5.47874e-08 4.378e-09 0 
$Fmort
 0.599883 0.370323 0.256607
#ESTIMATED_PARAMETERS
$availability
1.47976 1.49647 1.82616 0.146556 0.0551649 
0.19249 0.132076 0.239055 4.02619 0.414372 
0.0421509 0.0443921 0.0271795 0.233699 4.65701 
$availabilityVector
 1.47976 0.19249 0.0421509 1.49647 0.132076 0.0443921 1.82616 0.239055 0.0271795 0.146556 4.02619 0.233699 0.0551649 0.414372 4.65701
$selectivity
 0.0882757 0.965942 1.0009 0.9694 1.97549
$RunSize
 0 0 3456.95 3.13778e-09 0 198.884 603112 1.09588e+06 3.13778e-09 0 1842.8 930493 1.50729e+06 3.13778e-09 0 3.13778e-09 3.13778e-09 0 0 0 34277.4 4.70667e-09 0 3.60845e-08 2.51022e-08 2.25591e+06 4043.44 0 1.09822e-08 3.13778e-09 2.19645e-08 1690.3 0 1.72578e-08 6.27556e-09 0 0 0 5455.12 3.13778e-09 0 117.147 154213 3.43113e+06 4853.34 0 465.205 134961 795902 3.13778e-09 0 3.13778e-09 3.13778e-09 0 0 0 10639.2 303.541 0 3.13778e-09 233378 2.79449e+06 4937.2 0 37890.5 3.13779e+06 5.82029e+06 423.571 0 12772.7 27617.1 0 0 1050.26 57589.9 3.13778e-09 0 1898.85 313200 3.74108e+06 2416.97 0 8880.63 437925 639493 844.608 0 8.00134e-08 6.27556e-09 0
