$ndistricts
3
$ngroups
90
$nstocks
5
$nagecomps
18
$AgeCompLabels
 0.1 0.2 0.3 0.4 0.5 1.1 1.2 1.3 1.4 1.5 2.1 2.2 2.3 2.4 3.1 3.2 3.3 3.4
$navailpar
15
$nselectpar
5
$GENdata
 -1 -1 -1
$maxGradient
2.00413e-06
#LIKELIHOOD_VALUES_AND_PENALTIES
$totalNLL
637.005
$NLLcatch
0.677374
$NLLescape
-6.88713
$NLLagecompCatch
0
$NLLagecompEsc
643.213
$NLLgenetics
0
$NLLselOne
4.19766e-17
$NLLavailOne
0.00216271
$NLLextra
4.6e-198
$sigmaCat
0.5
$sigmaEsc
0.1
#OBSERVED_AND_PREDICTED_VALUES
$predEsc
 4.34634e+06 215274 1.25913e+06 1.28001e+06 61853.5
$obsEsc
 4.43384e+06 214848 1.24106e+06 1.27563e+06 61854
$predCatch
 538163 172253 2151
$obsCatch
 538163 172253 2151
$RunSize
 0 0 0 0 0 4.84822e-09 42300.2 300367 4207.2 0 27002.2 4.17921e+06 164528 0 0 6813.88 0 0 0 0 0 0 0 1173.13 74286.9 52139.8 2026.87 0 8.81495e-10 103330 2766 0 0 8.81495e-10 0 0 0 0 0 0 0 216.554 155428 230840 247.548 0 17098.1 805467 208302 439.727 0 590.24 0 0 0 0 0 0 0 1.32224e-09 101078 98420.8 1.76299e-09 0 1.76299e-09 1.03889e+06 191390 1746.63 0 8.81495e-10 1470.14 0 0 0 0 0 0 8.81495e-10 3522.82 5376 8.81495e-10 0 195.616 50025.3 4173.07 108.643 0 8.81495e-10 0 0
$SSageCompEsc
 1298 257 1556 967 482
$obsAgeCompEsc
0 0 0 0 0 0 0.00648223 0.0664573 0.000948691 0 0.00595634 0.899347 0.0208078 0 0 0 0 0 
0 0 0 0 0 0.00540844 0.316349 0.211861 0.00943396 0 0 0.445973 0.0109749 0 0 0 0 0 
0 0 0 0 0 0.000180165 0.103204 0.163058 0.000199445 0 0.0134681 0.596115 0.123139 0.000354279 0 0.000281639 0 0 
0 0 0 0 0 0 0.0411287 0.0698971 0 0 0 0.754258 0.131067 0.00136922 0 0 0.00227985 0 
0 0 0 0 0 0 0.0555949 0.0834801 0 0 0.00314963 0.791241 0.064778 0.00175644 0 0 0 0 
$predAgeCompEsc
0 0 0 0 0 1.09674e-15 0.00900603 0.0598808 0.000967985 0 0.00610832 0.889786 0.0328001 0 0 0.00145073 0 0 
0 0 0 0 0 0.00535857 0.319517 0.210128 0.00941532 0 4.02647e-15 0.444434 0.0111472 0 0 3.79142e-15 0 0 
0 0 0 0 0 0.00016843 0.112164 0.153564 0.000196602 0 0.0132984 0.581262 0.138571 0.000349229 0 0.000425944 0 0 
0 0 0 0 0 1.01145e-15 0.0716822 0.0642653 1.37733e-15 0 1.3486e-15 0.736757 0.124971 0.00136454 0 6.25137e-16 0.000959948 0 
0 0 0 0 0 1.41831e-14 0.0557143 0.0834448 1.42513e-14 0 0.00314744 0.791164 0.0647734 0.00175645 0 1.39411e-14 0 0 
$SSageCompCatch
 563 547 0
$obsAgeCompCatch
0 0 0 0 0 0 0.0544393 0.135471 0 0 0.00172759 0.671499 0.134121 0 0 0.00274195 0 0 
0 0 0 0 0 0 0.0915708 0.107337 0 0 0 0.622812 0.178281 0 0 0 0 0 
0 0 0 0 0 0.00115741 0.174839 0.163348 0.00139791 0 0 0.47507 0.167271 0 0 0.0169173 0 0 
$predAgeCompCatch
0 0 0 0 0 4.27828e-05 0.0415658 0.150348 4.34472e-10 0 0.00141541 0.702732 0.102875 4.76482e-11 0 0.000984813 3.60751e-05 0 
0 0 0 0 0 5.76483e-06 0.056799 0.11425 7.07419e-11 0 0.000261171 0.640979 0.186239 4.46984e-10 0 0.000184632 0.00128077 0 
0 0 0 0 0 1.27454e-05 0.0494355 0.127582 1.34417e-10 0 0.000552552 0.679785 0.141694 4.54246e-10 0 0.000304418 0.000634569 0 
$genSS
 -1 -1 -1
$obsGenComp     #GeneticFracData
0 0 0 0 0 
0 0 0 0 0 
0 0 0 0 0 
$predGenComp     #catchGenComp_pred
0 0 0 0 0 
0 0 0 0 0 
0 0 0 0 0 
#PARAMETERS_OF_INTEREST
$catchByGroup
0 0 0 
0 0 0 
0 0 0 
0 0 0 
0 0 0 
7.68238e-11 4.48277e-12 9.66565e-14 
2974.81 178.266 3.84993 
37728.4 2325.89 50.3185 
0.0001499 8.68141e-06 1.87102e-07 
0 0 0 
427.871 24.9668 0.53833 
293908 17612.5 380.369 
20665.9 1274.02 27.5623 
0 0 0 
0 0 0 
479.193 28.7157 0.620162 
0 0 0 
0 0 0 
0 0 0 
0 0 0 
0 0 0 
0 0 0 
0 0 0 
18.7973 0.744369 0.0246316 
5281.14 214.952 7.12066 
6618.18 277.365 9.19902 
7.30318e-05 2.86972e-06 9.49314e-08 
0 0 0 
1.41244e-11 5.59324e-13 1.85083e-14 
7345.82 298.988 9.90451 
351.092 14.7141 0.488005 
0 0 0 
0 0 0 
6.26665e-11 2.55064e-12 8.44944e-14 
0 0 0 
0 0 0 
0 0 0 
0 0 0 
0 0 0 
0 0 0 
0 0 0 
4.22684 0.24864 0.00278388 
13376.3 813.06 9.12184 
35238.7 2217.83 24.9364 
1.08847e-05 6.34376e-07 7.09874e-09 
0 0 0 
333.733 19.6315 0.219803 
69319.2 4213.48 47.2716 
31798.1 2001.29 22.5017 
1.93348e-05 1.12686e-06 1.26097e-08 
0 0 0 
50.7966 3.08761 0.0346403 
0 0 0 
0 0 0 
0 0 0 
0 0 0 
0 0 0 
0 0 0 
0 0 0 
2.09004e-12 2.53377e-11 1.46147e-13 
727.367 8545.63 50.995 
1299.72 14769.6 91.3794 
6.22114e-18 7.60911e-17 4.34697e-19 
0 0 0 
2.78672e-12 3.37836e-11 1.94863e-13 
7475.95 87832.9 524.132 
2527.44 28721 177.697 
6.16341e-06 7.5385e-05 4.30662e-07 
0 0 0 
6.34333e-12 7.45261e-11 4.44725e-13 
19.4143 220.617 1.36496 
0 0 0 
0 0 0 
0 0 0 
0 0 0 
0 0 0 
0 0 0 
5.24734e-13 1.75362e-12 1.93952e-12 
9.56369 31.8817 35.2483 
26.8337 89.2146 98.5957 
1.17085e-18 3.91561e-18 4.33117e-18 
0 0 0 
0.116446 0.389152 0.430407 
135.808 452.732 500.54 
20.8294 69.2521 76.5341 
1.44305e-07 4.82592e-07 5.3381e-07 
0 0 0 
2.39307e-12 7.97758e-12 8.82e-12 
0 0 0 
0 0 0 
$escByGroup
 5e-101 5e-101 5e-101 5e-101 5e-101 4.76682e-09 39143.3 260262 4207.2 5e-101 26548.9 3.86731e+06 142560 5e-101 5e-101 6305.35 5e-101 5e-101 5e-101 5e-101 5e-101 5e-101 5e-101 1153.56 68783.6 45235 2026.87 5e-101 8.66793e-10 95674.9 2399.7 5e-101 5e-101 8.16193e-10 5e-101 5e-101 5e-101 5e-101 5e-101 5e-101 5e-101 212.076 141230 193358 247.548 5e-101 16744.5 731887 174480 439.727 5e-101 536.321 5e-101 5e-101 5e-101 5e-101 5e-101 5e-101 5e-101 1.29467e-09 91753.8 82260.1 1.76299e-09 5e-101 1.72622e-09 943056 159963 1746.63 5e-101 8.00181e-10 1228.74 5e-101 5e-101 5e-101 5e-101 5e-101 5e-101 8.77277e-10 3446.12 5161.35 8.81495e-10 5e-101 194.68 48936.2 4006.46 108.643 5e-101 8.62304e-10 5e-101 5e-101
$catchByGroup
0 0 0 0 0 7.68238e-11 2974.81 37728.4 0.0001499 0 427.871 293908 20665.9 0 0 479.193 0 0 0 0 0 0 0 18.7973 5281.14 6618.18 7.30318e-05 0 1.41244e-11 7345.82 351.092 0 0 6.26665e-11 0 0 0 0 0 0 0 4.22684 13376.3 35238.7 1.08847e-05 0 333.733 69319.2 31798.1 1.93348e-05 0 50.7966 0 0 0 0 0 0 0 2.09004e-12 727.367 1299.72 6.22114e-18 0 2.78672e-12 7475.95 2527.44 6.16341e-06 0 6.34333e-12 19.4143 0 0 0 0 0 0 5.24734e-13 9.56369 26.8337 1.17085e-18 0 0.116446 135.808 20.8294 1.44305e-07 0 2.39307e-12 0 0 
0 0 0 0 0 4.48277e-12 178.266 2325.89 8.68141e-06 0 24.9668 17612.5 1274.02 0 0 28.7157 0 0 0 0 0 0 0 0.744369 214.952 277.365 2.86972e-06 0 5.59324e-13 298.988 14.7141 0 0 2.55064e-12 0 0 0 0 0 0 0 0.24864 813.06 2217.83 6.34376e-07 0 19.6315 4213.48 2001.29 1.12686e-06 0 3.08761 0 0 0 0 0 0 0 2.53377e-11 8545.63 14769.6 7.60911e-17 0 3.37836e-11 87832.9 28721 7.5385e-05 0 7.45261e-11 220.617 0 0 0 0 0 0 1.75362e-12 31.8817 89.2146 3.91561e-18 0 0.389152 452.732 69.2521 4.82592e-07 0 7.97758e-12 0 0 
0 0 0 0 0 9.66565e-14 3.84993 50.3185 1.87102e-07 0 0.53833 380.369 27.5623 0 0 0.620162 0 0 0 0 0 0 0 0.0246316 7.12066 9.19902 9.49314e-08 0 1.85083e-14 9.90451 0.488005 0 0 8.44944e-14 0 0 0 0 0 0 0 0.00278388 9.12184 24.9364 7.09874e-09 0 0.219803 47.2716 22.5017 1.26097e-08 0 0.0346403 0 0 0 0 0 0 0 1.46147e-13 50.995 91.3794 4.34697e-19 0 1.94863e-13 524.132 177.697 4.30662e-07 0 4.44725e-13 1.36496 0 0 0 0 0 0 1.93952e-12 35.2483 98.5957 4.33117e-18 0 0.430407 500.54 76.5341 5.3381e-07 0 8.82e-12 0 0 
$Fmort
 0.0451916 0.02012 0.00198024
#ESTIMATED_PARAMETERS
$availability
1.47976 1.49647 1.82616 0.146556 0.0551649 
0.19249 0.132076 0.239055 4.02619 0.414372 
0.0421509 0.0443921 0.0271795 0.233699 4.65701 
$availabilityVector
 1.47976 0.19249 0.0421509 1.49647 0.132076 0.0443921 1.82616 0.239055 0.0271795 0.146556 4.02619 0.233699 0.0551649 0.414372 4.65701
$selectivity
 0.238851 1.09045 2.00718 5.32795e-07 1.66352
$RunSize
 0 0 0 0 0 4.84822e-09 42300.2 300367 4207.2 0 27002.2 4.17921e+06 164528 0 0 6813.88 0 0 0 0 0 0 0 1173.13 74286.9 52139.8 2026.87 0 8.81495e-10 103330 2766 0 0 8.81495e-10 0 0 0 0 0 0 0 216.554 155428 230840 247.548 0 17098.1 805467 208302 439.727 0 590.24 0 0 0 0 0 0 0 1.32224e-09 101078 98420.8 1.76299e-09 0 1.76299e-09 1.03889e+06 191390 1746.63 0 8.81495e-10 1470.14 0 0 0 0 0 0 8.81495e-10 3522.82 5376 8.81495e-10 0 195.616 50025.3 4173.07 108.643 0 8.81495e-10 0 0
