$ndistricts
3
$ngroups
90
$nstocks
5
$nagecomps
18
$AgeCompLabels
 0.1 0.2 0.3 0.4 0.5 1.1 1.2 1.3 1.4 1.5 2.1 2.2 2.3 2.4 3.1 3.2 3.3 3.4
$navailpar
15
$nselectpar
5
$GENdata
 -1 -1 -1
$maxGradient
8.89876e-07
#LIKELIHOOD_VALUES_AND_PENALTIES
$totalNLL
929.791
$NLLcatch
0.677374
$NLLescape
-6.74859
$NLLagecompCatch
0
$NLLagecompEsc
935.86
$NLLgenetics
0
$NLLselOne
3.02622e-17
$NLLavailOne
0.00216271
$NLLextra
2.6e-198
$sigmaCat
0.5
$sigmaEsc
0.1
#OBSERVED_AND_PREDICTED_VALUES
$predEsc
 4.51371e+06 585122 1.64969e+06 1.98645e+06 2.19311e+06
$obsEsc
 4.72586e+06 577940 1.60665e+06 1.94563e+06 2.19493e+06
$predCatch
 9.13708e+06 1.56466e+07 3.32097e+06
$obsCatch
 9.13708e+06 1.56466e+07 3.32097e+06
$RunSize
 0 28895.5 21767.5 6019.15 0 2980.4 2.76879e+06 2.01298e+06 20723.3 0 15995.3 3.90359e+06 924373 7830.32 0 4.34715e-09 989.86 0 0 4.34715e-09 6.52072e-09 4.34715e-09 0 0 1.08679e-08 372558 1.65192e-07 0 6.52072e-09 6.52072e-09 976374 1.30414e-08 0 4.34715e-09 766.533 0 0 4.34715e-09 4.34715e-09 2907.42 0 1126.24 336763 1.18439e+06 417636 0 30032.7 585912 2.36377e+06 36093.2 0 4.34715e-09 8243.09 0 0 4.34715e-09 2203.09 4.34715e-09 0 0 281383 4.00986e+06 64452.2 0 101588 8.43651e+06 3.9959e+06 4.34715e-09 5382.52 90395.8 10362.6 0 0 3422.93 7296.61 4.34715e-09 0 5534.57 445661 1.71474e+06 73559.4 0 31519.1 1.89148e+06 1.82277e+06 5516.81 0 1677.86 4.34715e-09 0
$SSageCompEsc
 3034 0 1692 3201 2644
$obsAgeCompEsc
0 0.00426853 0.00249163 0.000783507 0 0.000544397 0.325561 0.157878 0.00138071 0 0.00272495 0.431069 0.0725425 0.000679738 0 0 7.66527e-05 0 
0 0 0 0 0 0 0.601116 0.250188 0 0 0 0.102692 0.0460043 0 0 0 0 0 
0 0 0 0.000633714 0 0.000510901 0.0899411 0.225322 0.0612104 0 0.0131763 0.151671 0.449833 0.00615212 0 0 0.00154927 0 
0 0 0.00019264 0 0 0 0.0231543 0.169192 0.000868148 0 0.0212583 0.601028 0.17527 0 0.00149523 0.00731329 0.000227071 0 
0 0.00110602 0.000437801 0 0 0.00216205 0.0966069 0.251971 0.00506081 0 0.01201 0.359807 0.27055 0 0 0.000288284 0 0 
$predAgeCompEsc
0 0.00311857 0.00199352 0.000453923 0 0.000480586 0.298823 0.184353 0.00156281 0 0.00257922 0.421297 0.0846562 0.000590509 0 4.69169e-16 9.06537e-05 0 
0 3.74319e-15 4.83124e-15 2.70673e-15 0 0 9.35797e-15 0.276031 1.02856e-13 0 8.19447e-15 5.61478e-15 0.723401 8.12018e-15 0 3.74319e-15 0.000567929 0 
0 1.05984e-15 8.49031e-16 0.00043122 0 0.000460217 0.0821031 0.23132 0.0619425 0 0.0122723 0.142846 0.461662 0.00535323 0 1.05984e-15 0.00160994 0 
0 3.28566e-16 8.48175e-05 2.73075e-17 0 0 0.0212675 0.154377 0.00040487 0 0.0238822 0.637648 0.153839 2.73075e-17 0.00126538 0.00683229 0.000398952 0 
0 0.000652102 0.00109774 4.79004e-16 0 0.00175763 0.0849029 0.257974 0.00810537 0 0.0100096 0.360347 0.274226 0.000607887 0 0.000319649 6.54007e-16 0 
$SSageCompCatch
 12797 6544 2477
$obsAgeCompCatch
0 0.00020224 0.000710139 0.00010383 0 0 0.110035 0.280976 0.0342439 0 0.000511344 0.231612 0.338161 0.00249911 0 0.000135905 0.000809617 0 
0 8.54194e-05 0 0 0 0 0.0298598 0.223873 0.00604635 0 0.00739782 0.507379 0.220125 0 0 0.00433901 0.000893955 0 
0 0 0.00190078 0 0 0 0.0506192 0.300271 0.0168058 0 0 0.31339 0.314226 0.00168448 0 0.00110307 0 0 
$predAgeCompCatch
0 0.00140161 0.00122961 0.000570761 0 0.000118785 0.155164 0.239536 0.031134 0 0.00168225 0.277149 0.287739 0.00301001 1.56345e-05 0.000557156 0.000691455 0 
0 0.000154629 0.000303757 5.72811e-05 0 3.28799e-05 0.0314365 0.248366 0.0076722 0 0.00345047 0.450176 0.252751 0.000378613 0.000169837 0.00444523 0.00060571 0 
0 0.000477552 0.00111572 1.65524e-05 0 0.000378891 0.0633177 0.292725 0.013259 0 0.00255805 0.315342 0.308765 0.000958716 2.06824e-05 0.000950663 0.00011352 0 
$genSS
 -1 -1 -1
$obsGenComp     #GeneticFracData
0 0 0 0 0 
0 0 0 0 0 
0 0 0 0 0 
$predGenComp     #catchGenComp_pred
0 0 0 0 0 
0 0 0 0 0 
0 0 0 0 0 
#PARAMETERS_OF_INTEREST
$catchByGroup
0 0 0 
12733.3 1943.06 142.833 
10902 1738.73 128.613 
3365.72 562.645 41.9027 
0 0 0 
708.852 95.4229 6.8958 
1.22011e+06 186186 13686.3 
1.00818e+06 160792 11893.7 
11587.8 1937.12 144.266 
0 0 0 
3804.29 512.118 37.0085 
1.72018e+06 262495 19295.7 
462961 73836.5 5461.66 
4378.48 731.946 54.5113 
0 0 0 
1.91564e-09 2.92322e-10 2.14883e-11 
495.759 79.0675 5.8486 
0 0 0 
0 0 0 
1.93154e-09 2.02757e-10 2.26278e-11 
3.29126e-09 3.62029e-10 4.05699e-11 
2.44843e-09 2.83085e-10 3.18662e-11 
0 0 0 
0 0 0 
4.82886e-09 5.06892e-10 5.65696e-11 
188044 20684.4 2317.94 
9.30405e-08 1.07572e-08 1.21091e-09 
0 0 0 
1.56609e-09 1.43979e-10 1.58883e-11 
2.89731e-09 3.04135e-10 3.39418e-11 
492813 54208 6074.69 
7.3453e-09 8.49254e-10 9.55985e-11 
0 0 0 
1.93154e-09 2.02757e-10 2.26278e-11 
386.898 42.5577 4.76912 
0 0 0 
0 0 0 
2.22484e-09 3.60032e-10 1.38682e-11 
2.50295e-09 4.26985e-10 1.65796e-11 
1849.37 333.607 13.0674 
0 0 0 
320.738 44.6067 1.68095 
172353 27890.8 1074.33 
681933 116333 4517.14 
265652 47921 1877.06 
0 0 0 
8552.9 1189.5 44.8247 
299866 48525.4 1869.16 
1.36098e+06 232174 9015.18 
22958.3 4141.46 162.22 
0 0 0 
2.22484e-09 3.60032e-10 1.38682e-11 
4746.11 809.652 31.4383 
0 0 0 
0 0 0 
2.43088e-10 3.33357e-09 1.17808e-10 
146.507 1816.89 71.2085 
3.38729e-10 3.78902e-09 1.65156e-10 
0 0 0 
0 0 0 
15734.6 215776 7625.51 
266659 3.30693e+06 129607 
5022.1 56177.2 2448.66 
0 0 0 
2696.17 50154.1 1296.34 
471760 6.46946e+06 228630 
265731 3.29542e+06 129156 
3.38729e-10 3.78902e-09 1.65156e-10 
142.854 2657.37 68.6854 
5054.83 69319.2 2449.74 
689.12 8546.01 334.94 
0 0 0 
0 0 0 
73.3428 476.355 1443.1 
186.575 1197.14 3505.43 
1.30736e-10 8.27856e-10 2.33805e-09 
0 0 0 
55.7548 374.428 1249.71 
9549.15 62020.9 187890 
43846.2 281334 823795 
2212.22 14008.4 39562.8 
0 0 0 
317.521 2132.35 7117.02 
40528.7 263230 797446 
46608.4 299058 875692 
165.912 1050.6 2967.13 
0 0 0 
35.9514 233.501 707.382 
1.11157e-10 7.13229e-10 2.08845e-09 
0 0 0 
$escByGroup
 5e-101 14076.3 8998.16 2048.88 5e-101 2169.23 1.3488e+06 832118 7054.06 5e-101 11641.9 1.90162e+06 382114 2665.39 5e-101 2.11769e-09 409.185 5e-101 5e-101 2.19022e-09 2.82687e-09 1.58376e-09 5e-101 5e-101 5.47555e-09 161512 6.01831e-08 5e-101 4.79476e-09 3.28533e-09 423278 4.75129e-09 5e-101 2.19022e-09 332.308 5e-101 5e-101 1.7484e-09 1.40064e-09 711.379 5e-101 759.216 135445 381606 102186 5e-101 20245.5 235651 761598 8831.17 5e-101 1.7484e-09 2655.9 5e-101 5e-101 6.52682e-10 168.486 5.42451e-11 5e-101 5e-101 42246.8 306662 804.255 5e-101 47441 1.26666e+06 305595 5.42451e-11 2513.62 13572 792.499 5e-101 5e-101 1430.13 2407.46 1.05051e-09 5e-101 3854.68 186201 565766 17776 5e-101 21952.2 790279 601408 1333.16 5e-101 701.025 1.43431e-09 5e-101
$catchByGroup
0 12733.3 10902 3365.72 0 708.852 1.22011e+06 1.00818e+06 11587.8 0 3804.29 1.72018e+06 462961 4378.48 0 1.91564e-09 495.759 0 0 1.93154e-09 3.29126e-09 2.44843e-09 0 0 4.82886e-09 188044 9.30405e-08 0 1.56609e-09 2.89731e-09 492813 7.3453e-09 0 1.93154e-09 386.898 0 0 2.22484e-09 2.50295e-09 1849.37 0 320.738 172353 681933 265652 0 8552.9 299866 1.36098e+06 22958.3 0 2.22484e-09 4746.11 0 0 2.43088e-10 146.507 3.38729e-10 0 0 15734.6 266659 5022.1 0 2696.17 471760 265731 3.38729e-10 142.854 5054.83 689.12 0 0 73.3428 186.575 1.30736e-10 0 55.7548 9549.15 43846.2 2212.22 0 317.521 40528.7 46608.4 165.912 0 35.9514 1.11157e-10 0 
0 1943.06 1738.73 562.645 0 95.4229 186186 160792 1937.12 0 512.118 262495 73836.5 731.946 0 2.92322e-10 79.0675 0 0 2.02757e-10 3.62029e-10 2.83085e-10 0 0 5.06892e-10 20684.4 1.07572e-08 0 1.43979e-10 3.04135e-10 54208 8.49254e-10 0 2.02757e-10 42.5577 0 0 3.60032e-10 4.26985e-10 333.607 0 44.6067 27890.8 116333 47921 0 1189.5 48525.4 232174 4141.46 0 3.60032e-10 809.652 0 0 3.33357e-09 1816.89 3.78902e-09 0 0 215776 3.30693e+06 56177.2 0 50154.1 6.46946e+06 3.29542e+06 3.78902e-09 2657.37 69319.2 8546.01 0 0 476.355 1197.14 8.27856e-10 0 374.428 62020.9 281334 14008.4 0 2132.35 263230 299058 1050.6 0 233.501 7.13229e-10 0 
0 142.833 128.613 41.9027 0 6.8958 13686.3 11893.7 144.266 0 37.0085 19295.7 5461.66 54.5113 0 2.14883e-11 5.8486 0 0 2.26278e-11 4.05699e-11 3.18662e-11 0 0 5.65696e-11 2317.94 1.21091e-09 0 1.58883e-11 3.39418e-11 6074.69 9.55985e-11 0 2.26278e-11 4.76912 0 0 1.38682e-11 1.65796e-11 13.0674 0 1.68095 1074.33 4517.14 1877.06 0 44.8247 1869.16 9015.18 162.22 0 1.38682e-11 31.4383 0 0 1.17808e-10 71.2085 1.65156e-10 0 0 7625.51 129607 2448.66 0 1296.34 228630 129156 1.65156e-10 68.6854 2449.74 334.94 0 0 1443.1 3505.43 2.33805e-09 0 1249.71 187890 823795 39562.8 0 7117.02 797446 875692 2967.13 0 707.382 2.08845e-09 0 
$Fmort
 0.504191 0.464388 0.150963
#ESTIMATED_PARAMETERS
$availability
1.47976 1.49647 1.82616 0.146556 0.0551649 
0.19249 0.132076 0.239055 4.02619 0.414372 
0.0421509 0.0443921 0.0271795 0.233699 4.65701 
$availabilityVector
 1.47976 0.19249 0.0421509 1.49647 0.132076 0.0443921 1.82616 0.239055 0.0271795 0.146556 4.02619 0.233699 0.0551649 0.414372 4.65701
$selectivity
 0.364029 0.778746 0.931294 1.09786 1.82807
$RunSize
 0 28895.5 21767.5 6019.15 0 2980.4 2.76879e+06 2.01298e+06 20723.3 0 15995.3 3.90359e+06 924373 7830.32 0 4.34715e-09 989.86 0 0 4.34715e-09 6.52072e-09 4.34715e-09 0 0 1.08679e-08 372558 1.65192e-07 0 6.52072e-09 6.52072e-09 976374 1.30414e-08 0 4.34715e-09 766.533 0 0 4.34715e-09 4.34715e-09 2907.42 0 1126.24 336763 1.18439e+06 417636 0 30032.7 585912 2.36377e+06 36093.2 0 4.34715e-09 8243.09 0 0 4.34715e-09 2203.09 4.34715e-09 0 0 281383 4.00986e+06 64452.2 0 101588 8.43651e+06 3.9959e+06 4.34715e-09 5382.52 90395.8 10362.6 0 0 3422.93 7296.61 4.34715e-09 0 5534.57 445661 1.71474e+06 73559.4 0 31519.1 1.89148e+06 1.82277e+06 5516.81 0 1677.86 4.34715e-09 0
