$ndistricts
3
$ngroups
90
$nstocks
5
$nagecomps
18
$AgeCompLabels
 0.1 0.2 0.3 0.4 0.5 1.1 1.2 1.3 1.4 1.5 2.1 2.2 2.3 2.4 3.1 3.2 3.3 3.4
$navailpar
15
$nselectpar
5
$GENdata
 -1 -1 -1
$maxGradient
5.09318e-06
#LIKELIHOOD_VALUES_AND_PENALTIES
$totalNLL
550.731
$NLLcatch
0.677374
$NLLescape
-10.3805
$NLLagecompCatch
265.481
$NLLagecompEsc
294.951
$NLLgenetics
0
$NLLselOne
5.22292e-17
$NLLavailOne
0.00216271
$NLLextra
2.98871e-10
$sigmaCat
0.5
$sigmaEsc
0.05
#OBSERVED_AND_PREDICTED_VALUES
$predEsc
 1.09289e+06 681737 1.83423e+06 970163 864530
$obsEsc
 1.09535e+06 680850 1.83036e+06 968872 866368
$predCatch
 2.31056e+06 2.87266e+06 480509
$obsCatch
 2.31056e+06 2.87266e+06 480509
$RunSize
 0 0 0 0 0 1.23296e-09 152754 1.48025e+06 6278.89 1.84944e-09 1.23296e-09 22216 90129.2 1.23296e-09 0 1.23296e-09 1.23296e-09 0 0 0 0 0 0 11326.1 1.10967e-08 1.04951e+06 1.23296e-08 3.0824e-09 7.33612e-08 1.91109e-08 8.39647e-07 2.21933e-08 0 6.78129e-09 7.39777e-09 0 0 0 0 0 0 1.23296e-09 52105.1 3.09251e+06 45110.7 1.84944e-09 6527.39 21567.4 89295.5 1138.8 0 1.84944e-09 1.84944e-09 0 0 0 0 0 0 1.23296e-09 16931.9 1.36979e+06 18513 4.31536e-09 18609.4 538322 1.52702e+06 21698.2 2428.59 11222.2 7766.26 0 0 0 0 0 0 1224.94 281501 1.04108e+06 31176.5 96.2724 2839.39 31472.1 62434.7 2344.13 0 1.23296e-09 93.6622 0
$SSageCompEsc
 1305 0 1378 1242 1357
$obsAgeCompEsc
0 0 0 0 0 0 0.099823 0.832981 0.00310365 0 0 0.0132323 0.0508602 0 0 0 0 0 
0 0 0 0 0 0.000258602 0.462782 0.40656 0.00654437 0 0 0.027621 0.0962343 0 0 0 0 0 
0 0 0 0 0 0 0.0216509 0.926803 0.0132883 0 0.00353228 0.00751432 0.0269132 0.000297521 0 0 0 0 
0 0 0 0 0 0 0.00673879 0.380036 0.0042851 0 0.0181174 0.136347 0.441869 0.00451833 0.00242344 0.00349355 0.0021714 0 
0 0 0 0 0 0.00141654 0.182145 0.754829 0.000817825 0 0.00317286 0.0100871 0.0475324 0 0 0 0 0 
$predAgeCompEsc
0 0 0 0 0 1.10291e-15 0.0851478 0.848148 0.002679 2.08428e-16 1.10291e-15 0.0123836 0.0516419 5.26065e-16 0 6.87275e-16 7.06458e-16 0 
0 0 0 0 0 0.0162521 1.01363e-14 0.983748 8.79876e-15 7.46465e-16 1.05268e-13 1.74569e-14 7.87032e-13 1.58378e-14 0 6.1944e-15 6.93421e-15 0 
0 0 0 0 0 6.53711e-16 0.0152608 0.938339 0.0092939 1.95825e-17 0.0034608 0.00631676 0.0270943 0.000234621 0 5.41674e-16 5.61164e-16 0 
0 0 0 0 0 1.19709e-15 0.00443483 0.390121 0.00182814 -6.15546e-16 0.018068 0.140998 0.434898 0.00214268 0.00235793 0.00293933 0.00221185 0 
0 0 0 0 0 0.0013843 0.189765 0.724607 0.0151584 -6.32357e-12 0.00320878 0.0212159 0.0434554 0.00113975 0 8.31161e-16 6.51901e-05 0 
$SSageCompCatch
 6821 7359 2752
$obsAgeCompCatch
0 0 0 0 0 0.000193081 0.0120257 0.914141 0.00827263 0 3.02412e-05 0.0109923 0.0536756 0.000669433 0 0 0 0 
0 0 0 0 0 0 0.00910059 0.487552 0.00400378 0 0.000427337 0.1285 0.362866 0.00332633 0 0.00254907 0.00167501 0 
0 0 0 0 0 0 0.184218 0.629255 0.0429667 0.000141885 0.000141885 0.0604229 0.0770061 0.00496022 0 0.000190949 0.000695748 0 
$predAgeCompCatch
0 0 0 0 0 9.71337e-05 0.033031 0.88509 0.012169 1.88087e-06 8.45004e-05 0.0162546 0.0521329 0.00081945 2.0499e-06 0.000191172 0.000126173 0 
0 0 0 0 0 9.83706e-06 0.0192894 0.467003 0.00876315 1.03165e-05 0.000371558 0.13139 0.362227 0.00637871 4.67372e-05 0.00269387 0.00181552 0 
0 0 0 0 0 4.56046e-05 0.170966 0.671998 0.0269189 0.000129635 0.000130579 0.0381402 0.0878991 0.00305804 4.1999e-06 0.000395977 0.000313821 0 
$genSS
 -1 -1 -1
$obsGenComp     #GeneticFracData
0 0 0 0 0 
0 0 0 0 0 
0 0 0 0 0 
$predGenComp     #catchGenComp_pred
0 0 0 0 0 
0 0 0 0 0 
0 0 0 0 0 
#PARAMETERS_OF_INTEREST
$catchByGroup
0 0 0 
0 0 0 
0 0 0 
0 0 0 
0 0 0 
2.40649e-11 3.34777e-12 1.84855e-13 
50917.2 8308.78 470.408 
472523 76466.1 4323.33 
2825.52 497.019 28.4897 
1.31374e-09 2.90561e-10 1.73499e-11 
2.40649e-11 3.34777e-12 1.84855e-13 
7405.22 1208.4 68.4144 
28771 4655.86 263.239 
5.54836e-10 9.75977e-11 5.59442e-12 
0 0 0 
4.10981e-10 6.70647e-11 3.79692e-12 
3.93585e-10 6.36918e-11 3.60109e-12 
0 0 0 
0 0 0 
0 0 0 
0 0 0 
0 0 0 
0 0 0 
223.533 21.1099 1.78837 
3.73262e-09 4.17768e-10 3.59863e-11 
338120 37508.2 3228.02 
5.59398e-09 6.78283e-10 5.89117e-11 
2.20197e-09 3.41091e-10 3.04463e-11 
1.44787e-09 1.36733e-10 1.15837e-11 
6.42839e-09 7.19489e-10 6.19764e-11 
2.70507e-07 3.00078e-08 2.58253e-09 
1.00692e-08 1.22091e-09 1.06041e-10 
0 0 0 
2.28104e-09 2.55302e-10 2.19916e-11 
2.38333e-09 2.64386e-10 2.27536e-11 
0 0 0 
0 0 0 
0 0 0 
0 0 0 
0 0 0 
0 0 0 
2.96301e-11 4.15625e-12 1.19201e-13 
20513.5 3496.29 103.523 
1.16841e+06 197140 5827.13 
23540.1 4391.3 132.09 
1.44862e-09 3.537e-10 1.12062e-11 
156.864 22.0035 0.631057 
8490.94 1447.18 42.8501 
33737.6 5692.38 168.257 
594.261 110.857 3.33456 
0 0 0 
7.28114e-10 1.24099e-10 3.67447e-12 
6.98755e-10 1.17898e-10 3.48486e-12 
0 0 0 
0 0 0 
0 0 0 
0 0 0 
0 0 0 
0 0 0 
2.40461e-12 6.81619e-11 1.02455e-12 
666.455 11675.9 287.078 
51184.1 918093 22034.8 
1064.34 15214.1 460.953 
4.98364e-10 4.19446e-09 2.1972e-10 
36.2934 1028.79 15.4638 
21188.8 371215 9127.18 
57059 1.02347e+06 24563.9 
1247.46 17831.7 540.261 
4.73642 134.26 2.01809 
441.715 7738.57 190.271 
290.196 5205.28 124.93 
0 0 0 
0 0 0 
0 0 0 
0 0 0 
0 0 0 
0 0 0 
0.899776 7.14862 20.1251 
4222.97 31931.1 81289.7 
14817 112334 287488 
687.153 5071.13 12313.3 
4.34585 29.6359 62.2907 
2.08566 16.5704 46.6495 
472.132 3569.93 9088.27 
888.589 6736.76 17240.9 
51.6663 381.293 925.821 
0 0 0 
1.84964e-11 1.39857e-10 3.56045e-10 
1.33303 10.1062 25.8642 
0 0 0 
$escByGroup
 5e-101 5e-101 5e-101 5e-101 5e-101 1.20536e-09 93057.5 926936 2927.86 2.2779e-10 1.20536e-09 13534 56439.1 5.74933e-10 5e-101 7.51119e-10 7.72084e-10 5e-101 5e-101 5e-101 5e-101 5e-101 5e-101 11079.6 6.91028e-09 670657 5.99844e-09 5.08892e-10 7.1765e-08 1.1901e-08 5.36549e-07 1.07972e-08 5e-101 4.22295e-09 4.7273e-09 5e-101 5e-101 5e-101 5e-101 5e-101 5e-101 1.19906e-09 27991.8 1.72113e+06 17047.1 3.59187e-11 6347.9 11586.4 49697.2 430.349 5e-101 9.93555e-10 1.0293e-09 5e-101 5e-101 5e-101 5e-101 5e-101 5e-101 1.16137e-09 4302.51 378481 1773.6 1.67454e-191 17528.9 136791 421923 2078.75 2287.58 2851.63 2145.86 5e-101 5e-101 5e-101 5e-101 5e-101 5e-101 1196.77 164057 626444 13104.9 1.82919e-195 2774.08 18341.8 37568.5 985.346 5e-101 7.18563e-10 56.3588 5e-101
$catchByGroup
0 0 0 0 0 2.40649e-11 50917.2 472523 2825.52 1.31374e-09 2.40649e-11 7405.22 28771 5.54836e-10 0 4.10981e-10 3.93585e-10 0 0 0 0 0 0 223.533 3.73262e-09 338120 5.59398e-09 2.20197e-09 1.44787e-09 6.42839e-09 2.70507e-07 1.00692e-08 0 2.28104e-09 2.38333e-09 0 0 0 0 0 0 2.96301e-11 20513.5 1.16841e+06 23540.1 1.44862e-09 156.864 8490.94 33737.6 594.261 0 7.28114e-10 6.98755e-10 0 0 0 0 0 0 2.40461e-12 666.455 51184.1 1064.34 4.98364e-10 36.2934 21188.8 57059 1247.46 4.73642 441.715 290.196 0 0 0 0 0 0 0.899776 4222.97 14817 687.153 4.34585 2.08566 472.132 888.589 51.6663 0 1.84964e-11 1.33303 0 
0 0 0 0 0 3.34777e-12 8308.78 76466.1 497.019 2.90561e-10 3.34777e-12 1208.4 4655.86 9.75977e-11 0 6.70647e-11 6.36918e-11 0 0 0 0 0 0 21.1099 4.17768e-10 37508.2 6.78283e-10 3.41091e-10 1.36733e-10 7.19489e-10 3.00078e-08 1.22091e-09 0 2.55302e-10 2.64386e-10 0 0 0 0 0 0 4.15625e-12 3496.29 197140 4391.3 3.537e-10 22.0035 1447.18 5692.38 110.857 0 1.24099e-10 1.17898e-10 0 0 0 0 0 0 6.81619e-11 11675.9 918093 15214.1 4.19446e-09 1028.79 371215 1.02347e+06 17831.7 134.26 7738.57 5205.28 0 0 0 0 0 0 7.14862 31931.1 112334 5071.13 29.6359 16.5704 3569.93 6736.76 381.293 0 1.39857e-10 10.1062 0 
0 0 0 0 0 1.84855e-13 470.408 4323.33 28.4897 1.73499e-11 1.84855e-13 68.4144 263.239 5.59442e-12 0 3.79692e-12 3.60109e-12 0 0 0 0 0 0 1.78837 3.59863e-11 3228.02 5.89117e-11 3.04463e-11 1.15837e-11 6.19764e-11 2.58253e-09 1.06041e-10 0 2.19916e-11 2.27536e-11 0 0 0 0 0 0 1.19201e-13 103.523 5827.13 132.09 1.12062e-11 0.631057 42.8501 168.257 3.33456 0 3.67447e-12 3.48486e-12 0 0 0 0 0 0 1.02455e-12 287.078 22034.8 460.953 2.1972e-10 15.4638 9127.18 24563.9 540.261 2.01809 190.271 124.93 0 0 0 0 0 0 20.1251 81289.7 287488 12313.3 62.2907 46.6495 9088.27 17240.9 925.821 0 3.56045e-10 25.8642 0 
$Fmort
 0.357704 0.379312 0.0955248
#ESTIMATED_PARAMETERS
$availability
1.47976 1.49647 1.82616 0.146556 0.0551649 
0.19249 0.132076 0.239055 4.02619 0.414372 
0.0421509 0.0443921 0.0271795 0.233699 4.65701 
$availabilityVector
 1.47976 0.19249 0.0421509 1.49647 0.132076 0.0443921 1.82616 0.239055 0.0271795 0.146556 4.02619 0.233699 0.0551649 0.414372 4.65701
$selectivity
 0.0372385 0.766 0.726434 1.12946 2.34087
$RunSize
 0 0 0 0 0 1.23296e-09 152754 1.48025e+06 6278.89 1.84944e-09 1.23296e-09 22216 90129.2 1.23296e-09 0 1.23296e-09 1.23296e-09 0 0 0 0 0 0 11326.1 1.10967e-08 1.04951e+06 1.23296e-08 3.0824e-09 7.33612e-08 1.91109e-08 8.39647e-07 2.21933e-08 0 6.78129e-09 7.39777e-09 0 0 0 0 0 0 1.23296e-09 52105.1 3.09251e+06 45110.7 1.84944e-09 6527.39 21567.4 89295.5 1138.8 0 1.84944e-09 1.84944e-09 0 0 0 0 0 0 1.23296e-09 16931.9 1.36979e+06 18513 4.31536e-09 18609.4 538322 1.52702e+06 21698.2 2428.59 11222.2 7766.26 0 0 0 0 0 0 1224.94 281501 1.04108e+06 31176.5 96.2724 2839.39 31472.1 62434.7 2344.13 0 1.23296e-09 93.6622 0
