$ndistricts
3
$ngroups
90
$nstocks
5
$nagecomps
18
$AgeCompLabels
 0.1 0.2 0.3 0.4 0.5 1.1 1.2 1.3 1.4 1.5 2.1 2.2 2.3 2.4 3.1 3.2 3.3 3.4
$navailpar
15
$nselectpar
5
$GENdata
 -1 -1 -1
$maxGradient
1.32819e-06
#LIKELIHOOD_VALUES_AND_PENALTIES
$totalNLL
680.672
$NLLcatch
0.677374
$NLLescape
-6.75885
$NLLagecompCatch
0
$NLLagecompEsc
686.752
$NLLgenetics
0
$NLLselOne
2.95862e-18
$NLLavailOne
0.00216271
$NLLextra
3.8e-198
$sigmaCat
0.5
$sigmaEsc
0.1
#OBSERVED_AND_PREDICTED_VALUES
$predEsc
 1.11663e+07 752093 917255 1.07676e+06 1.64684e+06
$obsEsc
 1.12184e+07 750210 925362 1.03204e+06 1.7069e+06
$predCatch
 1.49918e+07 2.25733e+06 391118
$obsCatch
 1.49918e+07 2.25733e+06 391118
$RunSize
 0 5.54111e-09 0 0 0 5171.54 5.29857e+06 1.7874e+06 3.69407e-09 0 304199 1.64039e+07 340576 0 0 14059.5 3.69407e-09 0 0 2.40115e-08 0 0 0 2.95526e-08 1.20057e-07 6.46462e-08 1342.3 0 6.83403e-08 1.51731e+06 2.95526e-08 0 0 65570.4 5.54111e-09 0 0 3.69407e-09 0 0 0 4135.09 444236 383450 3.69407e-09 0 11412.6 1.0738e+06 828887 2560.38 0 3.69407e-09 3593.74 0 0 145.717 0 0 0 3.69407e-09 54512.5 87208.7 3.69407e-09 0 7286.48 1.64819e+06 712403 0 0 23626.3 13750.9 146.127 0 1584.58 0 0 0 3.69407e-09 1.48216e+06 7653.65 304.434 0 4866.24 622375 35105.2 0 0 5702.74 2373.89 0
$SSageCompEsc
 2575 0 1251 1936 2163
$obsAgeCompEsc
0 0 0 0 0 0.000363419 0.243269 0.0671093 0 0 0.0210755 0.655549 0.0120842 0 0 0.000549028 0 0 
0 0 0 0 0 0 0.601116 0.250188 0 0 0 0.102692 0.0460043 0 0 0 0 0 
0 0 0 0 0 0.00318486 0.188712 0.110966 0 0 0.00878252 0.448268 0.237244 0.00165752 0 0 0.00118525 0 
0 0 0 0 0 0 0.0310962 0.035044 0 0 0.00461071 0.712926 0.202329 0 0 0.00879523 0.00508509 0.000113071 
0 0 0 0 0 0 0.723562 0.00185774 0 0 0.00306556 0.261416 0.00751193 0 0 0.00123068 0.00135575 0 
$predAgeCompEsc
0 2.33012e-16 0 0 0 0.000351587 0.222813 0.0552309 2.08275e-16 0 0.020681 0.689808 0.0105239 0 0 0.000591223 1.14147e-16 0 
0 1.51523e-14 0 0 0 2.98748e-14 7.57616e-14 3.03474e-14 0.00112804 0 6.90854e-14 0.957494 1.38731e-14 0 0 0.0413779 2.60121e-15 0 
0 1.56382e-15 0 0 0 0.00320577 0.188059 0.1084 2.26752e-15 0 0.00884774 0.454575 0.234324 0.00157163 0 1.56382e-15 0.00101594 0 
0 6.30027e-05 0 0 0 2.62371e-15 0.0235693 0.0266199 2.17362e-15 0 0.00517522 0.712618 0.217456 0 0 0.0102152 0.00419737 8.59824e-05 
0 0.000734178 0 0 0 2.0357e-15 0.686727 0.00317018 0.000156881 0 0.00268165 0.288363 0.0145407 0 0 0.00264223 0.000983276 0 
$SSageCompCatch
 2912 3388 2291
$obsAgeCompCatch
0 0 0 0 0 0 0.215439 0.0854063 3.5175e-05 0 0.00268619 0.649815 0.0441717 0 0 0.00244645 0 0 
0 0.000229569 0 0 0 0.000194328 0.055692 0.0406234 0 0 0.0051517 0.656719 0.230449 0 0 0.00774406 0.00319644 0 
0 0.00123008 0 0 0 0 0.548543 0.02243 0.000241624 0 0.000322165 0.36368 0.0577526 0 0 0.00471045 0.00108988 0 
$predAgeCompCatch
0 3.34051e-06 0 0 0 0.000154915 0.19649 0.0913279 3.20607e-05 0 0.00487738 0.647544 0.056459 7.06684e-05 0 0.00278674 0.000253411 4.08945e-07 
0 7.2827e-05 0 0 0 5.02376e-05 0.126663 0.0619757 1.26947e-05 0 0.00227074 0.594293 0.205244 2.5619e-05 0 0.00573176 0.00364006 2.06758e-05 
0 0.000610832 0 0 0 1.10774e-05 0.590648 0.0168736 7.84486e-05 0 0.00123463 0.343231 0.0427004 3.87688e-06 0 0.00299058 0.00161559 1.89823e-06 
$genSS
 -1 -1 -1
$obsGenComp     #GeneticFracData
0 0 0 0 0 
0 0 0 0 0 
0 0 0 0 0 
$predGenComp     #catchGenComp_pred
0 0 0 0 0 
0 0 0 0 0 
0 0 0 0 0 
#PARAMETERS_OF_INTEREST
$catchByGroup
0 0 0 
2.77022e-09 1.60852e-10 8.14619e-12 
0 0 0 
0 0 0 
0 0 0 
1185.81 56.9382 2.85858 
2.64896e+06 153812 7789.63 
1.09631e+06 70758.9 3602.05 
1.29768e-09 6.73335e-11 3.39223e-12 
0 0 0 
69751.2 3349.2 168.147 
8.20094e+06 476187 24116 
208894 13482.6 686.345 
0 0 0 
0 0 0 
7028.88 408.132 20.6694 
2.26578e-09 1.46239e-10 7.44447e-12 
0 0 0 
0 0 0 
1.20979e-08 4.80469e-10 3.71756e-11 
0 0 0 
0 0 0 
0 0 0 
6.84311e-09 2.23639e-10 1.72035e-11 
6.04893e-08 2.40235e-09 1.85878e-10 
3.99179e-08 1.76708e-09 1.37198e-10 
475.776 16.8361 1.29813 
0 0 0 
1.58247e-08 5.17166e-10 3.97832e-11 
764478 30361.4 2349.17 
1.82482e-08 8.07808e-10 6.2719e-11 
0 0 0 
0 0 0 
33036.8 1312.06 101.519 
3.42153e-09 1.51464e-10 1.17598e-11 
0 0 0 
0 0 0 
2.12345e-09 1.32705e-10 3.50277e-12 
0 0 0 
0 0 0 
0 0 0 
1136.65 56.4648 1.47399 
255358 15958.6 421.231 
264760 18760.8 498.457 
1.52855e-09 8.34367e-11 2.18772e-12 
0 0 0 
3137.09 155.84 4.06812 
617250 38575.1 1018.2 
572320 40554.4 1077.49 
1059.45 57.8305 1.51632 
0 0 0 
2.12345e-09 1.32705e-10 3.50277e-12 
2481.36 175.829 4.6716 
0 0 0 
0 0 0 
9.66606 67.0282 1.18377 
0 0 0 
0 0 0 
0 0 0 
9.40694e-11 7.63595e-10 1.13068e-11 
3616.07 25075.2 442.847 
7833.08 49742.6 969.953 
1.54986e-10 1.17986e-09 1.87685e-11 
0 0 0 
185.55 1506.18 22.3025 
109332 758150 13389.5 
63987.9 406344 7923.49 
0 0 0 
0 0 0 
1567.25 10867.9 191.935 
1235.1 7843.31 152.94 
6.13083 46.672 0.742432 
0 0 0 
40.4143 97.3666 237.724 
0 0 0 
0 0 0 
0 0 0 
3.56937e-11 8.69976e-11 2.18906e-10 
37802.3 91073.7 222359 
266.384 637.392 1529.1 
4.87211 11.8201 29.3845 
0 0 0 
47.0197 114.603 288.368 
15873.6 38242.7 93370.9 
1221.83 2923.55 7013.57 
0 0 0 
0 0 0 
145.447 350.413 855.544 
82.6227 197.696 474.273 
0 0 0 
$escByGroup
 5e-101 2.60189e-09 5e-101 5e-101 5e-101 3925.94 2.48801e+06 616727 2.32567e-09 5e-101 230931 7.70263e+06 117513 5e-101 5e-101 6601.79 1.27461e-09 5e-101 5e-101 1.1396e-08 5e-101 5e-101 5e-101 2.24686e-08 5.69798e-08 2.28241e-08 848.39 5e-101 5.19587e-08 720124 1.04339e-08 5e-101 5e-101 31120.1 1.95635e-09 5e-101 5e-101 1.43442e-09 5e-101 5e-101 5e-101 2940.5 172498 99430.8 2.07989e-09 5e-101 8115.63 416961 214935 1441.59 5e-101 1.43442e-09 931.878 5e-101 5e-101 67.8386 5e-101 5e-101 5e-101 2.8251e-09 25378.4 28663.2 2.34046e-09 5e-101 5572.45 767316 234148 5e-101 5e-101 10999.3 4519.55 92.5822 5e-101 1209.07 5e-101 5e-101 5e-101 3.35247e-09 1.13093e+06 5220.77 258.358 5e-101 4416.25 474888 23946.3 5e-101 5e-101 4351.33 1619.3 5e-101
$catchByGroup
0 2.77022e-09 0 0 0 1185.81 2.64896e+06 1.09631e+06 1.29768e-09 0 69751.2 8.20094e+06 208894 0 0 7028.88 2.26578e-09 0 0 1.20979e-08 0 0 0 6.84311e-09 6.04893e-08 3.99179e-08 475.776 0 1.58247e-08 764478 1.82482e-08 0 0 33036.8 3.42153e-09 0 0 2.12345e-09 0 0 0 1136.65 255358 264760 1.52855e-09 0 3137.09 617250 572320 1059.45 0 2.12345e-09 2481.36 0 0 9.66606 0 0 0 9.40694e-11 3616.07 7833.08 1.54986e-10 0 185.55 109332 63987.9 0 0 1567.25 1235.1 6.13083 0 40.4143 0 0 0 3.56937e-11 37802.3 266.384 4.87211 0 47.0197 15873.6 1221.83 0 0 145.447 82.6227 0 
0 1.60852e-10 0 0 0 56.9382 153812 70758.9 6.73335e-11 0 3349.2 476187 13482.6 0 0 408.132 1.46239e-10 0 0 4.80469e-10 0 0 0 2.23639e-10 2.40235e-09 1.76708e-09 16.8361 0 5.17166e-10 30361.4 8.07808e-10 0 0 1312.06 1.51464e-10 0 0 1.32705e-10 0 0 0 56.4648 15958.6 18760.8 8.34367e-11 0 155.84 38575.1 40554.4 57.8305 0 1.32705e-10 175.829 0 0 67.0282 0 0 0 7.63595e-10 25075.2 49742.6 1.17986e-09 0 1506.18 758150 406344 0 0 10867.9 7843.31 46.672 0 97.3666 0 0 0 8.69976e-11 91073.7 637.392 11.8201 0 114.603 38242.7 2923.55 0 0 350.413 197.696 0 
0 8.14619e-12 0 0 0 2.85858 7789.63 3602.05 3.39223e-12 0 168.147 24116 686.345 0 0 20.6694 7.44447e-12 0 0 3.71756e-11 0 0 0 1.72035e-11 1.85878e-10 1.37198e-10 1.29813 0 3.97832e-11 2349.17 6.2719e-11 0 0 101.519 1.17598e-11 0 0 3.50277e-12 0 0 0 1.47399 421.231 498.457 2.18772e-12 0 4.06812 1018.2 1077.49 1.51632 0 3.50277e-12 4.6716 0 0 1.18377 0 0 0 1.13068e-11 442.847 969.953 1.87685e-11 0 22.3025 13389.5 7923.49 0 0 191.935 152.94 0.742432 0 237.724 0 0 0 2.18906e-10 222359 1529.1 29.3845 0 288.368 93370.9 7013.57 0 0 855.544 474.273 0 
$Fmort
 0.416927 0.136241 0.0310723
#ESTIMATED_PARAMETERS
$availability
1.47976 1.49647 1.82616 0.146556 0.0551649 
0.19249 0.132076 0.239055 4.02619 0.414372 
0.0421509 0.0443921 0.0271795 0.233699 4.65701 
$availabilityVector
 1.47976 0.19249 0.0421509 1.49647 0.132076 0.0443921 1.82616 0.239055 0.0271795 0.146556 4.02619 0.233699 0.0551649 0.414372 4.65701
$selectivity
 0.422153 1.1233 1.54023 0.701453 1.21286
$RunSize
 0 5.54111e-09 0 0 0 5171.54 5.29857e+06 1.7874e+06 3.69407e-09 0 304199 1.64039e+07 340576 0 0 14059.5 3.69407e-09 0 0 2.40115e-08 0 0 0 2.95526e-08 1.20057e-07 6.46462e-08 1342.3 0 6.83403e-08 1.51731e+06 2.95526e-08 0 0 65570.4 5.54111e-09 0 0 3.69407e-09 0 0 0 4135.09 444236 383450 3.69407e-09 0 11412.6 1.0738e+06 828887 2560.38 0 3.69407e-09 3593.74 0 0 145.717 0 0 0 3.69407e-09 54512.5 87208.7 3.69407e-09 0 7286.48 1.64819e+06 712403 0 0 23626.3 13750.9 146.127 0 1584.58 0 0 0 3.69407e-09 1.48216e+06 7653.65 304.434 0 4866.24 622375 35105.2 0 0 5702.74 2373.89 0
