$ndistricts
3
$ngroups
90
$nstocks
5
$nagecomps
18
$AgeCompLabels
 0.1 0.2 0.3 0.4 0.5 1.1 1.2 1.3 1.4 1.5 2.1 2.2 2.3 2.4 3.1 3.2 3.3 3.4
$navailpar
15
$nselectpar
5
$GENdata
 -1 -1 -1
$maxGradient
6.5389e-06
#LIKELIHOOD_VALUES_AND_PENALTIES
$totalNLL
817.792
$NLLcatch
0.677374
$NLLescape
-6.88831
$NLLagecompCatch
0
$NLLagecompEsc
824.001
$NLLgenetics
0
$NLLselOne
2.37017e-17
$NLLavailOne
0.00216271
$NLLextra
3.5e-198
$sigmaCat
0.5
$sigmaEsc
0.1
#OBSERVED_AND_PREDICTED_VALUES
$predEsc
 1.06865e+07 550891 1.22324e+06 1.16323e+06 1.27014e+06
$obsEsc
 1.04907e+07 549194 1.24247e+06 1.16534e+06 1.27032e+06
$predCatch
 1.45467e+07 5.19041e+06 2.65838e+06
$obsCatch
 1.45467e+07 5.19041e+06 2.65838e+06
$RunSize
 0 0 8.24085e-09 4.12043e-09 0 0 2.46016e+06 2.38761e+06 8.24085e-09 0 13300.8 1.73606e+07 953175 0 0 4.12043e-09 8.24085e-09 0 0 0 4452.55 4.12043e-09 0 0 2.06021e-08 67559.2 14692 0 3.70838e-08 1.02178e+06 2.8843e-08 0 0 40915.6 1662.5 0 0 0 4.12043e-09 4.12043e-09 0 4658.4 1.01642e+06 1.27602e+06 2139.26 0 16435.5 730318 678585 1345.06 0 919.529 1440.4 0 0 0 22462.1 6217.87 0 0 678615 210833 828.23 0 21175.4 1.89352e+06 2.38714e+06 0 0 12612.9 7409.3 0 0 231.077 5005.8 4.12043e-09 0 828.105 1.34892e+06 754276 4330.64 0 34424.2 1.6028e+06 242398 1228.31 0 4.12043e-09 4.12043e-09 0
$SSageCompEsc
 2317 0 2887 3151 2396
$obsAgeCompEsc
0 0 0 0 0 0 0.141102 0.0746348 0 0 0.00124975 0.743633 0.0393799 0 0 0 0 0 
0 0 0 0 0 0 0.601116 0.250188 0 0 0 0.102692 0.0460043 0 0 0 0 0 
0 0 0 0 0 0.00365767 0.340511 0.262587 0.000325532 0 0.0128843 0.232088 0.147075 0.000290677 0 0.000290677 0.000290077 0 
0 0 0.000267361 0 0 0 0.188375 0.0277775 0.000160944 0 0.01727 0.469085 0.29325 0 0 0.00313636 0.000677992 0 
0 0.000115207 0 0 0 0.00064168 0.35449 0.0990275 0.000204695 0 0.0266003 0.476338 0.0421132 0.000469162 0 0 0 0 
$predAgeCompEsc
0 0 2.66405e-16 1.04721e-16 0 0 0.110564 0.0771851 2.09441e-16 0 0.00121729 0.78022 0.0308136 0 0 1.8518e-16 2.66405e-16 0 
0 0 0.00290299 2.15658e-15 0 0 1.83063e-14 0.0440474 0.0076896 0 6.5851e-14 0.90792 1.88051e-14 0 0 0.0363561 0.00108392 0 
0 0 8.68189e-16 6.16465e-16 0 0.00370567 0.331828 0.268861 0.000320059 0 0.0130741 0.238426 0.14298 0.000201238 0 0.000300197 0.000303498 0 
0 0 0.00273292 0.000320589 0 0 0.173886 0.0256516 4.2703e-05 0 0.0176073 0.485187 0.290439 0 0 0.00323189 0.000901476 0 
0 6.42904e-05 0.000755983 3.37482e-16 0 0.000633622 0.375299 0.113912 0.000354699 0 0.0263396 0.445933 0.0366073 0.000100604 0 1.14639e-15 6.22273e-16 0 
$SSageCompCatch
 2478 1642 599
$obsAgeCompCatch
0 0 0.000274 0 0 0 0.0830231 0.168686 0.000951079 0 0 0.679038 0.066232 0 0 0.00160751 0.000187915 0 
0 0 0.00561648 0.00143484 0 0 0.107637 0.0845442 0 0 0.000545791 0.435943 0.360838 0 0 0.00200628 0.00143484 0 
0 0 0.00260949 0 0 0 0.316911 0.219714 0.00154704 0 0 0.35803 0.101189 0 0 0 0 0 
$predAgeCompCatch
0 3.71111e-07 0.000320518 4.18928e-05 0 8.05527e-06 0.122348 0.15984 0.00078101 0 5.16144e-05 0.631428 0.0835156 7.01079e-05 0 0.00141856 0.000175529 0 
0 4.04462e-06 0.00328534 0.000935943 0 2.08649e-06 0.133517 0.0933944 0.00041874 0 0.000150143 0.406438 0.359019 5.6633e-05 0 0.00171206 0.00106621 0 
0 4.62791e-05 0.00168044 0.00014205 0 7.82478e-06 0.287749 0.200831 0.00125179 0 0.000326647 0.396431 0.110757 0.00033315 0 0.000290236 0.000153384 0 
$genSS
 -1 -1 -1
$obsGenComp     #GeneticFracData
0 0 0 0 0 
0 0 0 0 0 
0 0 0 0 0 
$predGenComp     #catchGenComp_pred
0 0 0 0 0 
0 0 0 0 0 
0 0 0 0 0 
#PARAMETERS_OF_INTEREST
$catchByGroup
0 0 0 
0 0 0 
4.8245e-09 4.91063e-10 7.8358e-11 
2.66622e-09 2.88809e-10 4.63009e-11 
0 0 0 
0 0 0 
1.15527e+06 106476 16868.5 
1.39779e+06 142275 22702.6 
5.33245e-09 5.77618e-10 9.26018e-11 
0 0 0 
270.287 19.0396 2.96256 
8.15242e+06 751367 119036 
558023 56798.6 9063.25 
0 0 0 
0 0 0 
1.93492e-09 1.78332e-10 2.82523e-11 
4.8245e-09 4.91063e-10 7.8358e-11 
0 0 0 
0 0 0 
0 0 0 
2624.95 183.798 44.5768 
2.68322e-09 2.00414e-10 4.87481e-11 
0 0 0 
0 0 0 
9.75256e-09 6.16044e-10 1.48745e-10 
39828.7 2788.8 676.37 
9567.42 714.606 173.818 
0 0 0 
7.62004e-10 3.64317e-11 8.69901e-12 
483689 30553.3 7377.18 
1.7004e-08 1.19062e-09 2.88762e-10 
0 0 0 
0 0 0 
19368.5 1223.46 295.406 
980.107 68.6269 16.6442 
0 0 0 
0 0 0 
0 0 0 
2.73042e-09 3.02696e-10 2.5306e-11 
2.98085e-09 3.55577e-10 2.99154e-11 
0 0 0 
116.544 8.28002 0.66908 
551671 54342.9 4499.34 
845559 93739 7836.79 
1547.61 184.61 15.5316 
0 0 0 
411.184 29.213 2.36061 
396388 39046.6 3232.87 
449668 49850.4 4167.6 
973.062 116.074 9.76551 
0 0 0 
499.084 49.1628 4.07045 
954.49 105.815 8.84638 
0 0 0 
0 0 0 
0 0 0 
1875.88 16248.3 1158.87 
609.403 4857.93 377.622 
0 0 0 
0 0 0 
41307.8 409640 25399.3 
17607.3 152510 10877.3 
81.1734 647.084 50.2998 
0 0 0 
43.0129 625.058 26.1368 
115260 1.143e+06 70870.8 
199358 1.72678e+06 123158 
0 0 0 
0 0 0 
767.76 7613.69 472.08 
618.775 5359.65 382.262 
0 0 0 
0 0 0 
5.39845 20.9932 123.027 
161.652 620.142 3263.8 
1.56916e-10 5.96692e-10 2.93817e-09 
0 0 0 
0.633559 2.5497 20.1321 
31513.8 122549 718179 
24357.7 93443.2 491791 
164.922 627.133 3088.07 
0 0 0 
26.337 105.991 836.889 
37444.9 145614 853346 
7827.74 30029.4 158045 
46.777 177.875 875.872 
0 0 0 
9.62619e-11 3.74339e-10 2.19375e-09 
1.3306e-10 5.10457e-10 2.68653e-09 
0 0 0 
$escByGroup
 5e-101 5e-101 2.84693e-09 1.11909e-09 5e-101 5e-101 1.18154e+06 824838 2.23819e-09 5e-101 13008.5 8.3378e+06 329289 5e-101 5e-101 1.97892e-09 2.84693e-09 5e-101 5e-101 5e-101 1599.23 1.18804e-09 5e-101 5e-101 1.00848e-08 24265.3 4236.13 5e-101 3.62767e-08 500165 1.03596e-08 5e-101 5e-101 20028.2 597.123 5e-101 5e-101 5e-101 1.062e-09 7.54082e-10 5e-101 4532.91 405904 328881 391.507 5e-101 15992.7 291651 174899 246.161 5e-101 367.212 371.249 5e-101 5e-101 5e-101 3179 372.918 5e-101 5e-101 202268 29838.6 49.6732 5e-101 20481.2 564382 337846 5e-101 5e-101 3759.42 1048.62 5e-101 5e-101 81.6579 960.206 4.2865e-10 5e-101 804.789 476683 144684 450.518 5e-101 33455 566398 46496.5 127.781 5e-101 1.45608e-09 7.90374e-10 5e-101
$catchByGroup
0 0 4.8245e-09 2.66622e-09 0 0 1.15527e+06 1.39779e+06 5.33245e-09 0 270.287 8.15242e+06 558023 0 0 1.93492e-09 4.8245e-09 0 0 0 2624.95 2.68322e-09 0 0 9.75256e-09 39828.7 9567.42 0 7.62004e-10 483689 1.7004e-08 0 0 19368.5 980.107 0 0 0 2.73042e-09 2.98085e-09 0 116.544 551671 845559 1547.61 0 411.184 396388 449668 973.062 0 499.084 954.49 0 0 0 1875.88 609.403 0 0 41307.8 17607.3 81.1734 0 43.0129 115260 199358 0 0 767.76 618.775 0 0 5.39845 161.652 1.56916e-10 0 0.633559 31513.8 24357.7 164.922 0 26.337 37444.9 7827.74 46.777 0 9.62619e-11 1.3306e-10 0 
0 0 4.91063e-10 2.88809e-10 0 0 106476 142275 5.77618e-10 0 19.0396 751367 56798.6 0 0 1.78332e-10 4.91063e-10 0 0 0 183.798 2.00414e-10 0 0 6.16044e-10 2788.8 714.606 0 3.64317e-11 30553.3 1.19062e-09 0 0 1223.46 68.6269 0 0 0 3.02696e-10 3.55577e-10 0 8.28002 54342.9 93739 184.61 0 29.213 39046.6 49850.4 116.074 0 49.1628 105.815 0 0 0 16248.3 4857.93 0 0 409640 152510 647.084 0 625.058 1.143e+06 1.72678e+06 0 0 7613.69 5359.65 0 0 20.9932 620.142 5.96692e-10 0 2.5497 122549 93443.2 627.133 0 105.991 145614 30029.4 177.875 0 3.74339e-10 5.10457e-10 0 
0 0 7.8358e-11 4.63009e-11 0 0 16868.5 22702.6 9.26018e-11 0 2.96256 119036 9063.25 0 0 2.82523e-11 7.8358e-11 0 0 0 44.5768 4.87481e-11 0 0 1.48745e-10 676.37 173.818 0 8.69901e-12 7377.18 2.88762e-10 0 0 295.406 16.6442 0 0 0 2.5306e-11 2.99154e-11 0 0.66908 4499.34 7836.79 15.5316 0 2.36061 3232.87 4167.6 9.76551 0 4.07045 8.84638 0 0 0 1158.87 377.622 0 0 25399.3 10877.3 50.2998 0 26.1368 70870.8 123158 0 0 472.08 382.262 0 0 123.027 3263.8 2.93817e-09 0 20.1321 718179 491791 3088.07 0 836.889 853346 158045 875.872 0 2.19375e-09 2.68653e-09 0 
$Fmort
 0.520345 0.279106 0.198206
#ESTIMATED_PARAMETERS
$availability
1.47976 1.49647 1.82616 0.146556 0.0551649 
0.19249 0.132076 0.239055 4.02619 0.414372 
0.0421509 0.0443921 0.0271795 0.233699 4.65701 
$availabilityVector
 1.47976 0.19249 0.0421509 1.49647 0.132076 0.0443921 1.82616 0.239055 0.0271795 0.146556 4.02619 0.233699 0.0551649 0.414372 4.65701
$selectivity
 0.0266633 0.823533 1.14356 1.35262 1.65362
$RunSize
 0 0 8.24085e-09 4.12043e-09 0 0 2.46016e+06 2.38761e+06 8.24085e-09 0 13300.8 1.73606e+07 953175 0 0 4.12043e-09 8.24085e-09 0 0 0 4452.55 4.12043e-09 0 0 2.06021e-08 67559.2 14692 0 3.70838e-08 1.02178e+06 2.8843e-08 0 0 40915.6 1662.5 0 0 0 4.12043e-09 4.12043e-09 0 4658.4 1.01642e+06 1.27602e+06 2139.26 0 16435.5 730318 678585 1345.06 0 919.529 1440.4 0 0 0 22462.1 6217.87 0 0 678615 210833 828.23 0 21175.4 1.89352e+06 2.38714e+06 0 0 12612.9 7409.3 0 0 231.077 5005.8 4.12043e-09 0 828.105 1.34892e+06 754276 4330.64 0 34424.2 1.6028e+06 242398 1228.31 0 4.12043e-09 4.12043e-09 0
