$ndistricts
3
$ngroups
90
$nstocks
5
$nagecomps
18
$AgeCompLabels
 0.1 0.2 0.3 0.4 0.5 1.1 1.2 1.3 1.4 1.5 2.1 2.2 2.3 2.4 3.1 3.2 3.3 3.4
$navailpar
15
$nselectpar
5
$GENdata
 1 -1 -1
$maxGradient
1.55905e-06
#LIKELIHOOD_VALUES_AND_PENALTIES
$totalNLL
889.153
$NLLcatch
0.677374
$NLLescape
-6.76238
$NLLagecompCatch
0
$NLLagecompEsc
799.631
$NLLgenetics
95.6053
$NLLselOne
3.87388e-17
$NLLavailOne
0.00148606
$NLLextra
4.7e-198
$sigmaCat
0.5
$sigmaEsc
0.1
#OBSERVED_AND_PREDICTED_VALUES
$predEsc
 1.2594e+07 100536 2.02219e+06 1.21706e+06 429435
$obsEsc
 1.31404e+07 100480 2.02669e+06 1.17384e+06 429336
$predCatch
 3.08542e+06 964024 14558
$obsCatch
 3.08542e+06 964024 14558
$RunSize
 0 0 0 0 0 3941.15 291000 36702.2 0 0 40723.2 1.38063e+07 495427 3.48634e-09 0 11030.1 1726.8 0 0 0 0 0 0 1370.77 27037.5 54842.7 0 0 0 7800.58 14575.5 2.32423e-09 0 2.32423e-09 2.32423e-09 0 0 0 0 0 0 2745.19 327127 263495 0 0 16186.1 1.45012e+06 943393 2.32423e-09 0 1920.25 3.48634e-09 0 0 0 0 0 0 2.32423e-09 20282.4 77232.3 0 0 3174.41 540374 1.12435e+06 8210.6 0 354825 8664.3 0 0 0 0 0 0 2.32423e-09 181795 2591.74 0 0 0 283863 22909.6 129.598 0 1381.74 2.32423e-09 0
$SSageCompEsc
 2471 167 1259 1083 1442
$obsAgeCompEsc
0 0 0 0 0 0 0.0156137 0.00188088 0 0 0.00341769 0.941034 0.0371086 0 0 0.000944663 0 0 
0 0 0 0 0 0.0135436 0.257423 0.51708 0 0 0 0.0743071 0.137647 0 0 0 0 0 
0 0 0 0 0 0.000764843 0.101111 0.0795755 0 0 0.00790217 0.492619 0.317263 0 0 0.000764843 0 0 
0 0 0 0 0 0 0.0108303 0.0268612 0 0 0.0027272 0.307862 0.506925 0.00507137 0 0.13499 0.00473233 0 
0 0 0 0 0 0 0.357188 0.00257754 0 0 0 0.588257 0.0493909 0.000383156 0 0.00220313 0 0 
$predAgeCompEsc
0 0 0 0 0 0.000306911 0.019827 0.00242461 0 0 0.00317126 0.940676 0.0327287 2.51956e-16 0 0.000751526 0.000114075 0 
0 0 0 0 0 0.0135579 0.257326 0.517374 0 0 0 0.0742409 0.137502 2.24977e-14 0 2.21205e-14 2.19263e-14 0 
0 0 0 0 0 0.00129574 0.111856 0.0835545 0 0 0.00763988 0.495847 0.299151 9.1672e-16 0 0.0006566 1.10552e-15 0 
0 0 0 0 0 1.80104e-15 0.0100989 0.0342493 0 0 0.00245984 0.269059 0.498601 0.00501845 0 0.176672 0.00384225 0 
0 0 0 0 0 5.32144e-15 0.369527 0.00512148 0 0 0 0.576994 0.0452712 0.000277791 0 0.00280859 4.59285e-15 0 
$SSageCompCatch
 1343 1342 266
$obsAgeCompCatch
0 0 0 0 0 0.000934286 0.0645619 0.0352666 0 0 0 0.755517 0.139196 0 0 0.00327484 0.00124873 0 
0 0 0 0 0 0 0.0208172 0.0398769 0 0 0 0.339425 0.442644 0.00221429 0 0.152807 0.00221429 0 
0 0 0 0 0 0 0.255639 0.0225564 0 0 0 0.56391 0.12406 0 0 0.0338346 0 0 
$predAgeCompCatch
0 0 0 0 0 6.2107e-05 0.047979 0.0345136 0 0 0.000468391 0.726878 0.175861 0.00019123 0 0.0135898 0.000457195 0 
0 0 0 0 0 1.74263e-05 0.0237823 0.0340011 0 0 0.000264626 0.420148 0.413683 0.00157334 0 0.103567 0.00296391 0 
0 0 0 0 0 1.08984e-05 0.242907 0.0138187 0 0 0.000104734 0.577258 0.13957 0.000437208 0 0.0251892 0.000704627 0 
$genSS
 276 -1 -1
$obsGenComp     #GeneticFracData
0.587703 0.00110508 0.3044 0.0963432 0.0104481 
0 0 0 0 0 
0 0 0 0 0 
$predGenComp     #catchGenComp_pred
0.602758 0.00123174 0.298172 0.0857579 0.0120802 
0 0 0 0 0 
0 0 0 0 0 
#PARAMETERS_OF_INTEREST
$catchByGroup
0 0 0 
0 0 0 
0 0 0 
0 0 0 
0 0 0 
67.8405 7.98616 0.0873941 
36701.8 4547.18 50.0989 
5473.24 685.922 7.56883 
0 0 0 
0 0 0 
700.983 82.5195 0.903027 
1.74129e+06 215737 2376.91 
73880.9 9258.96 102.168 
2.79028e-10 3.381e-11 3.71403e-13 
0 0 0 
1391.15 172.357 1.89896 
257.51 32.2718 0.356104 
0 0 0 
0 0 0 
0 0 0 
0 0 0 
0 0 0 
0 0 0 
5.77219 1.90648 0.0320126 
871.513 290.605 4.90229 
2110.74 705.342 11.9111 
0 0 0 
0 0 0 
0 0 0 
251.44 83.8424 1.41436 
560.968 187.458 3.16559 
4.66457e-11 1.54894e-11 2.60766e-13 
0 0 0 
7.49179e-11 2.49813e-11 4.21416e-13 
8.94528e-11 2.98923e-11 5.0479e-13 
0 0 0 
0 0 0 
0 0 0 
0 0 0 
0 0 0 
0 0 0 
118.013 6.9067 0.0392526 
94560.4 6336.21 36.3162 
88395.2 6101.78 35.0396 
0 0 0 
0 0 0 
695.825 40.723 0.23144 
419178 28087.8 160.986 
316482 21846.2 125.453 
4.42327e-10 2.79597e-11 1.5966e-13 
0 0 0 
555.075 37.1939 0.213178 
1.16957e-09 8.07335e-11 4.63614e-13 
0 0 0 
0 0 0 
0 0 0 
0 0 0 
0 0 0 
0 0 0 
3.54177e-11 9.65474e-11 2.85737e-13 
2279.64 5692.46 19.3525 
10278.8 25181.7 88.2638 
0 0 0 
0 0 0 
48.3731 131.864 0.390257 
60735.4 151661 515.598 
149639 366595 1284.94 
583.927 1514.05 4.84837 
0 0 0 
39880.6 99585.1 338.556 
1153.13 2825.01 9.90186 
0 0 0 
0 0 0 
0 0 0 
0 0 0 
0 0 0 
0 0 0 
2.31978e-11 1.01267e-11 5.68737e-12 
13621.7 6060.22 3425.56 
230.861 103.147 58.3895 
0 0 0 
0 0 0 
0 0 0 
21269.6 9462.67 5348.82 
2040.69 911.766 516.132 
6.09751 2.69043 1.5165 
0 0 0 
103.532 46.0607 26.036 
2.07032e-10 9.25005e-11 5.23626e-11 
0 0 0 
$escByGroup
 5e-101 5e-101 5e-101 5e-101 5e-101 3865.23 249701 30535.5 5e-101 5e-101 39938.8 1.18469e+07 412185 3.17313e-09 5e-101 9464.7 1436.66 5e-101 5e-101 5e-101 5e-101 5e-101 5e-101 1363.06 25870.5 52014.7 5e-101 5e-101 5e-101 7463.89 13823.9 2.26183e-09 5e-101 2.22391e-09 2.20438e-09 5e-101 5e-101 5e-101 5e-101 5e-101 5e-101 2620.23 226194 168963 5e-101 5e-101 15449.3 1.0027e+06 604939 1.85378e-09 5e-101 1327.77 2.23558e-09 5e-101 5e-101 5e-101 5e-101 5e-101 5e-101 2.19198e-09 12291 41683.5 5e-101 5e-101 2993.78 327462 606829 6107.77 5e-101 215021 4676.26 5e-101 5e-101 5e-101 5e-101 5e-101 5e-101 2.28522e-09 158688 2199.35 5e-101 5e-101 5e-101 247782 19441 119.293 5e-101 1206.11 1.97233e-09 5e-101
$catchByGroup
0 0 0 0 0 67.8405 36701.8 5473.24 0 0 700.983 1.74129e+06 73880.9 2.79028e-10 0 1391.15 257.51 0 0 0 0 0 0 5.77219 871.513 2110.74 0 0 0 251.44 560.968 4.66457e-11 0 7.49179e-11 8.94528e-11 0 0 0 0 0 0 118.013 94560.4 88395.2 0 0 695.825 419178 316482 4.42327e-10 0 555.075 1.16957e-09 0 0 0 0 0 0 3.54177e-11 2279.64 10278.8 0 0 48.3731 60735.4 149639 583.927 0 39880.6 1153.13 0 0 0 0 0 0 2.31978e-11 13621.7 230.861 0 0 0 21269.6 2040.69 6.09751 0 103.532 2.07032e-10 0 
0 0 0 0 0 7.98616 4547.18 685.922 0 0 82.5195 215737 9258.96 3.381e-11 0 172.357 32.2718 0 0 0 0 0 0 1.90648 290.605 705.342 0 0 0 83.8424 187.458 1.54894e-11 0 2.49813e-11 2.98923e-11 0 0 0 0 0 0 6.9067 6336.21 6101.78 0 0 40.723 28087.8 21846.2 2.79597e-11 0 37.1939 8.07335e-11 0 0 0 0 0 0 9.65474e-11 5692.46 25181.7 0 0 131.864 151661 366595 1514.05 0 99585.1 2825.01 0 0 0 0 0 0 1.01267e-11 6060.22 103.147 0 0 0 9462.67 911.766 2.69043 0 46.0607 9.25005e-11 0 
0 0 0 0 0 0.0873941 50.0989 7.56883 0 0 0.903027 2376.91 102.168 3.71403e-13 0 1.89896 0.356104 0 0 0 0 0 0 0.0320126 4.90229 11.9111 0 0 0 1.41436 3.16559 2.60766e-13 0 4.21416e-13 5.0479e-13 0 0 0 0 0 0 0.0392526 36.3162 35.0396 0 0 0.23144 160.986 125.453 1.5966e-13 0 0.213178 4.63614e-13 0 0 0 0 0 0 2.85737e-13 19.3525 88.2638 0 0 0.390257 515.598 1284.94 4.84837 0 338.556 9.90186 0 0 0 0 0 0 5.68737e-12 3425.56 58.3895 0 0 0 5348.82 516.132 1.5165 0 26.036 5.23626e-11 0 
$Fmort
 0.11636 0.0674386 0.00336681
#ESTIMATED_PARAMETERS
$availability
0.954966 0.232087 2.41669 0.844556 0.551697 
0.19249 0.132076 0.239055 4.02619 0.414372 
0.0421509 0.0443921 0.0271795 0.233699 4.65701 
$availabilityVector
 0.954966 0.19249 0.0421509 0.232087 0.132076 0.0443921 2.41669 0.239055 0.0271795 0.844556 4.02619 0.233699 0.551697 0.414372 4.65701
$selectivity
 0.156257 1.21324 1.4533 0.750712 1.42649
$RunSize
 0 0 0 0 0 3941.15 291000 36702.2 0 0 40723.2 1.38063e+07 495427 3.48634e-09 0 11030.1 1726.8 0 0 0 0 0 0 1370.77 27037.5 54842.7 0 0 0 7800.58 14575.5 2.32423e-09 0 2.32423e-09 2.32423e-09 0 0 0 0 0 0 2745.19 327127 263495 0 0 16186.1 1.45012e+06 943393 2.32423e-09 0 1920.25 3.48634e-09 0 0 0 0 0 0 2.32423e-09 20282.4 77232.3 0 0 3174.41 540374 1.12435e+06 8210.6 0 354825 8664.3 0 0 0 0 0 0 2.32423e-09 181795 2591.74 0 0 0 283863 22909.6 129.598 0 1381.74 2.32423e-09 0
