$ndistricts
3
$ngroups
90
$nstocks
5
$nagecomps
18
$AgeCompLabels
 0.1 0.2 0.3 0.4 0.5 1.1 1.2 1.3 1.4 1.5 2.1 2.2 2.3 2.4 3.1 3.2 3.3 3.4
$navailpar
15
$nselectpar
5
$GENdata
 1 1 1
$maxGradient
7.30251e-06
#LIKELIHOOD_VALUES_AND_PENALTIES
$totalNLL
1125.54
$NLLcatch
0.677374
$NLLescape
-6.9168
$NLLagecompCatch
0
$NLLagecompEsc
922.189
$NLLgenetics
209.591
$NLLselOne
3.8569e-17
$NLLavailOne
2.83849e-16
$NLLextra
2.8e-198
$sigmaCat
0.5
$sigmaEsc
0.1
#OBSERVED_AND_PREDICTED_VALUES
$predEsc
 3.06645e+06 1.77255e+06 1.95136e+06 1.46592e+06 1.00834e+06
$obsEsc
 3.06823e+06 1.77397e+06 1.95323e+06 1.46516e+06 1.00316e+06
$predCatch
 4.5622e+06 7.40823e+06 2.4296e+06
$obsCatch
 4.5622e+06 7.40823e+06 2.4296e+06
$RunSize
 0 9609.71 2.62721e-09 7.22482e-08 0 3753.22 2.25731e+06 1.66416e+06 2.62721e-09 0 2326.32 700376 310390 5.25441e-09 0 2.62721e-08 3.94081e-09 0 0 0 5391.98 2.62721e-09 0 2.62721e-09 1.51853e+06 1.01291e+06 20059.7 0 2.62721e-09 13363.9 78170.9 9145.19 0 2.62721e-09 2.62721e-09 0 0 0 2.62721e-09 1469.37 0 8856.07 1.32417e+06 1.93645e+06 63606.9 0 1813.72 332010 314234 5.25441e-09 0 298.593 5.25441e-09 0 0 0 240.349 1638.97 0 18692.1 1.43174e+06 783008 31577.6 0 44922.2 1.55155e+06 4.49525e+06 2244.65 0 18509.9 10708.4 0 0 16829.2 7425.9 409.26 0 10762.3 2.02614e+06 1.3934e+06 25069.3 0 237.943 128720 74111.7 3062.04 0 2.62721e-09 2.62721e-09 0
$SSageCompEsc
 1514 1665 1545 1417 1314
$obsAgeCompEsc
0 0.00278211 0 0 0 0.00121059 0.51917 0.29613 0 0 0.00075186 0.125476 0.0544796 0 0 0 0 0 
0 0 0.00173211 0 0 0 0.617505 0.341506 0.00617054 0 0 0.00482611 0.026202 0.00205776 0 0 0 0 
0 0 0 0 0 0.004445 0.406647 0.427196 0.0123297 0 0.000910856 0.0800423 0.0684299 0 0 0 0 0 
0 0 4.57079e-05 0 0 0.0116858 0.293422 0.0669531 0.00297226 0 0.0285311 0.226839 0.36492 0 0 0.00277834 0.00185324 0 
0 0.00967721 0 0 0 0.0100521 0.685301 0.257668 0 0 0.000229047 0.0243368 0.0127364 0 0 0 0 0 
$predAgeCompEsc
0 0.00208065 4.73136e-16 1.08193e-14 0 0.00119571 0.488742 0.2997 3.93429e-16 0 0.000741124 0.151642 0.0558983 7.86858e-16 0 5.68829e-15 7.09704e-16 0 
0 0 0.00186512 7.93306e-16 0 1.45208e-15 0.606567 0.350371 0.0060572 0 1.45208e-15 0.00533812 0.0270398 0.00276146 0 1.04942e-15 9.08767e-16 0 
0 0 5.88722e-16 0.000254876 0 0.00439144 0.382966 0.433932 0.0110332 0 0.000899366 0.0960213 0.0704157 9.11426e-16 0 8.63566e-05 1.17744e-15 0 
0 0 2.0072e-05 4.81767e-05 0 0.0118096 0.246614 0.0653907 0.000928205 0 0.0283818 0.267251 0.375408 6.59802e-05 0 0.0031883 0.000894284 0 
0 0.00570025 0.00127238 1.9705e-05 0 0.0101057 0.686276 0.23875 0.00120703 0 0.000223427 0.0435988 0.0126986 0.000147431 0 8.89866e-16 4.50155e-16 0 
$SSageCompCatch
 5244 4047 2988
$obsAgeCompCatch
0 0 0.000557227 0.000478308 0 0 0.296117 0.464714 0.00940037 0 0 0.125153 0.101408 0.00157614 0 0.000457361 0.000138312 0 
0 0 0 0.00025803 0 0.000339978 0.129074 0.142709 0.00239212 0 0.000339978 0.191213 0.53084 0.000443262 0 0.00209452 0.000296655 0 
0 0 0.00344191 0.000165033 0 0.000310571 0.478137 0.374417 0.00967376 0 0 0.0693185 0.0634414 0.00109465 0 0 0 0 
$predAgeCompCatch
0 0.000614089 0.000449055 0.000207275 0 8.0748e-05 0.361831 0.447967 0.0106577 0 3.42422e-05 0.0814338 0.0956283 0.00092457 0 0.000106952 6.54895e-05 0 
0 0.000304052 0.000189502 0.000219238 0 0.000194596 0.186416 0.140905 0.00497147 0 0.000435853 0.155784 0.507243 0.000364532 0 0.00177833 0.00119484 0 
0 0.00381002 0.0020527 0.000148158 0 0.000212334 0.473921 0.402917 0.00823886 0 2.34195e-05 0.0423323 0.0651319 0.00098496 0 0.000125134 0.000101675 0 
$genSS
 1283 1176 372
$obsGenComp     #GeneticFracData
0.350453 0.20141 0.405841 0.041289 0.00100705 
0.030303 0.0030303 0.0222222 0.867677 0.0767677 
0.0223124 0.0010142 0.0020284 0.0659229 0.908722 
$predGenComp     #catchGenComp_pred
0.354252 0.189085 0.410026 0.0457061 0.000931066 
0.0280851 0.00269175 0.0210483 0.883243 0.0649314 
0.0235636 0.00100137 0.0020565 0.0709461 0.902432 
#PARAMETERS_OF_INTEREST
$catchByGroup
0 0 0 
2784.98 348.805 95.7233 
1.00601e-09 1.3351e-10 3.68409e-11 
3.31483e-08 4.63694e-09 1.28607e-09 
0 0 0 
76.0939 8.29619 2.24818 
654190 81934 22485.3 
637239 84569.8 23336.3 
1.20539e-09 1.68616e-10 4.67661e-11 
0 0 0 
47.1646 5.14215 1.39347 
202975 25421.7 6976.52 
118854 15773.5 4352.54 
2.41078e-09 3.37232e-10 9.35323e-11 
0 0 0 
7.61388e-09 9.53601e-10 2.61699e-10 
1.50901e-09 2.00265e-10 5.52613e-11 
0 0 0 
0 0 0 
0 0 0 
2031.64 48.4128 5.90987 
1.1874e-09 2.99645e-11 3.66178e-12 
0 0 0 
5.2185e-11 1.00517e-12 1.22239e-13 
432500 9677.99 1180.06 
381652 9094.56 1110.2 
9066.29 228.791 27.9591 
0 0 0 
5.2185e-11 1.00517e-12 1.22239e-13 
3806.23 85.1716 10.3851 
29453.9 701.87 85.6791 
4133.3 104.305 12.7465 
0 0 0 
7.48267e-10 1.67439e-11 2.04161e-12 
9.89901e-10 2.35888e-11 2.87955e-12 
0 0 0 
0 0 0 
0 0 0 
1.35812e-09 1.16533e-10 3.74153e-12 
886.968 82.3884 2.66095 
0 0 0 
269.23 17.0315 0.535491 
533618 41911.2 1337.12 
1.00104e+06 85893.8 2757.79 
38395.5 3566.47 115.188 
0 0 0 
55.1382 3.48806 0.109668 
133794 10508.4 335.256 
162442 13938.3 447.517 
3.17176e-09 2.94617e-10 9.51543e-12 
0 0 0 
120.328 9.45074 0.301512 
2.71625e-09 2.33067e-10 7.48306e-12 
0 0 0 
0 0 0 
0 0 0 
6.70596 198.674 5.54452 
57.938 1462.48 47.9353 
0 0 0 
22.4288 1339.24 18.5005 
28434.5 1.0183e+06 23492.9 
21846.7 647241 18063 
1116.27 28177.1 923.556 
0 0 0 
53.9027 3218.56 44.4617 
30813.9 1.10351e+06 25458.8 
125422 3.71581e+06 103699 
79.3488 2002.93 65.6497 
0 0 0 
367.61 13164.8 303.724 
298.776 8851.68 247.029 
0 0 0 
0 0 0 
16.6101 1903.68 9161.1 
10.3369 1156.79 4975.78 
0.724422 79.2978 309.369 
0 0 0 
0.636055 77.0479 494.602 
1999.76 229192 1.10294e+06 
1939.62 217060 933659 
44.3745 4857.39 18950.4 
0 0 0 
0.0140625 1.70345 10.9352 
127.044 14560.5 70069.4 
103.164 11544.9 49659.1 
5.42004 593.297 2314.66 
0 0 0 
2.59301e-12 2.97184e-10 1.43014e-09 
3.65709e-12 4.09259e-10 1.76038e-09 
0 0 0 
$escByGroup
 5e-101 6380.2 1.45085e-09 3.31769e-08 5e-101 3666.58 1.4987e+06 919016 1.20643e-09 5e-101 2272.62 465003 171410 2.41286e-09 5e-101 1.74429e-08 2.17627e-09 5e-101 5e-101 5e-101 3306.02 1.40618e-09 5e-101 2.57389e-09 1.07517e+06 621051 10736.7 5e-101 2.57389e-09 9462.1 47929.4 4894.84 5e-101 1.86015e-09 1.61084e-09 5e-101 5e-101 5e-101 1.14881e-09 497.354 5e-101 8569.27 747304 846756 21529.7 5e-101 1754.99 187372 137406 1.77852e-09 5e-101 168.513 2.29761e-09 5e-101 5e-101 5e-101 29.4239 70.6229 5e-101 17311.9 361516 95857.2 1360.67 5e-101 41605.3 391767 550317 96.7215 5e-101 4673.78 1310.95 5e-101 5e-101 5747.8 1283 19.8694 5e-101 10190 692002 240742 1217.1 5e-101 225.291 43962.6 12804.5 148.661 5e-101 8.9729e-10 4.5391e-10 5e-101
$catchByGroup
0 2784.98 1.00601e-09 3.31483e-08 0 76.0939 654190 637239 1.20539e-09 0 47.1646 202975 118854 2.41078e-09 0 7.61388e-09 1.50901e-09 0 0 0 2031.64 1.1874e-09 0 5.2185e-11 432500 381652 9066.29 0 5.2185e-11 3806.23 29453.9 4133.3 0 7.48267e-10 9.89901e-10 0 0 0 1.35812e-09 886.968 0 269.23 533618 1.00104e+06 38395.5 0 55.1382 133794 162442 3.17176e-09 0 120.328 2.71625e-09 0 0 0 6.70596 57.938 0 22.4288 28434.5 21846.7 1116.27 0 53.9027 30813.9 125422 79.3488 0 367.61 298.776 0 0 16.6101 10.3369 0.724422 0 0.636055 1999.76 1939.62 44.3745 0 0.0140625 127.044 103.164 5.42004 0 2.59301e-12 3.65709e-12 0 
0 348.805 1.3351e-10 4.63694e-09 0 8.29619 81934 84569.8 1.68616e-10 0 5.14215 25421.7 15773.5 3.37232e-10 0 9.53601e-10 2.00265e-10 0 0 0 48.4128 2.99645e-11 0 1.00517e-12 9677.99 9094.56 228.791 0 1.00517e-12 85.1716 701.87 104.305 0 1.67439e-11 2.35888e-11 0 0 0 1.16533e-10 82.3884 0 17.0315 41911.2 85893.8 3566.47 0 3.48806 10508.4 13938.3 2.94617e-10 0 9.45074 2.33067e-10 0 0 0 198.674 1462.48 0 1339.24 1.0183e+06 647241 28177.1 0 3218.56 1.10351e+06 3.71581e+06 2002.93 0 13164.8 8851.68 0 0 1903.68 1156.79 79.2978 0 77.0479 229192 217060 4857.39 0 1.70345 14560.5 11544.9 593.297 0 2.97184e-10 4.09259e-10 0 
0 95.7233 3.68409e-11 1.28607e-09 0 2.24818 22485.3 23336.3 4.67661e-11 0 1.39347 6976.52 4352.54 9.35323e-11 0 2.61699e-10 5.52613e-11 0 0 0 5.90987 3.66178e-12 0 1.22239e-13 1180.06 1110.2 27.9591 0 1.22239e-13 10.3851 85.6791 12.7465 0 2.04161e-12 2.87955e-12 0 0 0 3.74153e-12 2.66095 0 0.535491 1337.12 2757.79 115.188 0 0.109668 335.256 447.517 9.51543e-12 0 0.301512 7.48306e-12 0 0 0 5.54452 47.9353 0 18.5005 23492.9 18063 923.556 0 44.4617 25458.8 103699 65.6497 0 303.724 247.029 0 0 9161.1 4975.78 309.369 0 494.602 1.10294e+06 933659 18950.4 0 10.9352 70069.4 49659.1 2314.66 0 1.43014e-09 1.76038e-09 0 
$Fmort
 0.318857 0.37752 0.213848
#ESTIMATED_PARAMETERS
$availability
1.40914 1.38028 2.12391 0.0825995 0.00406603 
0.128582 0.0222358 0.111855 4.31984 0.417484 
0.0614634 0.00477294 0.00620273 0.101578 4.82598 
$availabilityVector
 1.40914 0.128582 0.0614634 1.38028 0.0222358 0.00477294 2.12391 0.111855 0.00620273 0.0825995 4.31984 0.101578 0.00406603 0.417484 4.82598
$selectivity
 0.0455865 0.761653 1.07443 1.3665 1.75184
$RunSize
 0 9609.71 2.62721e-09 7.22482e-08 0 3753.22 2.25731e+06 1.66416e+06 2.62721e-09 0 2326.32 700376 310390 5.25441e-09 0 2.62721e-08 3.94081e-09 0 0 0 5391.98 2.62721e-09 0 2.62721e-09 1.51853e+06 1.01291e+06 20059.7 0 2.62721e-09 13363.9 78170.9 9145.19 0 2.62721e-09 2.62721e-09 0 0 0 2.62721e-09 1469.37 0 8856.07 1.32417e+06 1.93645e+06 63606.9 0 1813.72 332010 314234 5.25441e-09 0 298.593 5.25441e-09 0 0 0 240.349 1638.97 0 18692.1 1.43174e+06 783008 31577.6 0 44922.2 1.55155e+06 4.49525e+06 2244.65 0 18509.9 10708.4 0 0 16829.2 7425.9 409.26 0 10762.3 2.02614e+06 1.3934e+06 25069.3 0 237.943 128720 74111.7 3062.04 0 2.62721e-09 2.62721e-09 0
