$ndistricts
3
$ngroups
90
$nstocks
5
$nagecomps
18
$AgeCompLabels
 0.1 0.2 0.3 0.4 0.5 1.1 1.2 1.3 1.4 1.5 2.1 2.2 2.3 2.4 3.1 3.2 3.3 3.4
$navailpar
15
$nselectpar
5
$GENdata
 -1 -1 -1
$maxGradient
2.23375e-06
#LIKELIHOOD_VALUES_AND_PENALTIES
$totalNLL
440.065
$NLLcatch
0.677374
$NLLescape
-10.1135
$NLLagecompCatch
135.722
$NLLagecompEsc
313.777
$NLLgenetics
0
$NLLselOne
8.18152e-16
$NLLavailOne
0.00216271
$NLLextra
1.12749e-14
$sigmaCat
0.5
$sigmaEsc
0.05
#OBSERVED_AND_PREDICTED_VALUES
$predEsc
 1.91188e+06 81725.5 1.35325e+06 509676 356385
$obsEsc
 1.96528e+06 81822 1.32075e+06 509160 356308
$predCatch
 2.54728e+06 1.32979e+06 174923
$obsCatch
 2.54728e+06 1.32979e+06 174923
$RunSize
 0 2.75956e-09 3.67942e-09 0 0 0 1.76712e+06 604354 0 0 1.2878e-08 869729 7.35883e-09 3.21949e-09 0 5.51912e-09 6.89891e-09 0 0 9.19854e-10 9.19854e-10 0 0 0 63071.7 51163.9 0 0 9.19854e-10 27039.8 732.187 9.19854e-10 0 9.19854e-10 9.19854e-10 0 0 2.29964e-09 2.75956e-09 0 0 0 201590 550416 0 0 31558.8 1.54716e+06 451078 2.75956e-09 0 15186.4 5748.07 0 0 5.15118e-08 3.81739e-08 0 0 0 7.31284e-08 1.42117e-07 0 0 5.45473e-07 1.14752e+06 1.44647e-06 2.94353e-08 0 377376 1.79234e-06 0 0 1.35219e-07 9.79645e-08 0 0 0 1.72013e-07 3.1551e-07 0 0 5.05e-07 519150 2.06645e-06 6.07104e-08 0 34912.6 2.1244e-06 0
$SSageCompEsc
 35 73 1233 0 0
$obsAgeCompEsc
0 0 0 0 0 0 0.657143 0.142857 0 0 0 0.2 0 0 0 0 0 0 
0 0 0 0 0 0 0.4881 0.302237 0 0 0 0.205384 0.00427899 0 0 0 0 0 
0 0 0 0 0 0 0.109617 0.181867 0 0 0.00292846 0.582028 0.116371 0 0 0.00571301 0.0014758 0 
0 0 0 0 0 0 0.00796217 0.0278907 0 0 0.00165367 0.420382 0.455546 0.00253569 0 0.0774835 0.00654586 0 
0 0 0 0 0 0 0.217492 0.0896673 0 0 0 0.497646 0.193566 0.000191578 0 0.00126912 0.000167556 0 
$predAgeCompEsc
0 8.92021e-16 8.989e-16 0 0 0 0.571216 0.147647 0 0 1.43725e-15 0.281138 1.7978e-15 5.03769e-16 0 1.78404e-15 1.68544e-15 0 
0 7.07386e-15 5.44198e-15 0 0 0 0.485034 0.302693 0 0 2.73829e-15 0.207941 0.00433172 3.64577e-15 0 7.07386e-15 5.44198e-15 0 
0 9.31126e-16 7.7564e-16 0 0 0 0.0816239 0.154708 0 0 0.00267162 0.626446 0.126786 4.1217e-16 0 0.006149 0.00161563 0 
0 3.37805e-14 1.16729e-14 0 0 0 4.79563e-14 4.34569e-14 0 0 -6.58813e-14 0.752524 4.42304e-13 1.29839e-16 0 0.247476 5.48064e-13 0 
0 2.44049e-13 1.33752e-13 0 0 0 3.10457e-13 4.30769e-13 0 0 2.7526e-13 0.936988 2.82135e-12 5.07471e-14 0 0.0630121 2.90047e-12 0 
$SSageCompCatch
 1155 0 0
$obsAgeCompCatch
0 0 0 0 0 0 0.0994763 0.211569 0 0 0.00924569 0.547755 0.11826 0 0 0.0121825 0.00151195 0 
0 0.000578908 0 0 0 0 0.0279803 0.0300462 0 0 0 0.45079 0.394313 0.00110714 0 0.0887544 0.00643014 0 
0 0 0.00917627 0 0 0 0.143999 0.105131 0 0 0 0.42089 0.299298 0 0 0.0169173 0.00458814 0 
$predAgeCompCatch
0 2.44549e-15 3.18969e-15 0 0 0 0.272206 0.234736 0 0 0.00918117 0.379325 0.0949068 3.50396e-15 0 0.00843652 0.00120769 0 
0 3.33476e-14 3.243e-14 0 0 0 0.0685242 0.0659007 0 0 0.00332042 0.657385 0.0278104 2.89358e-14 0 0.176705 0.000354063 0 
0 1.9665e-13 2.02476e-13 0 0 0 0.0290373 0.0227751 0 0 0.000806352 0.860165 0.00655874 1.69618e-13 0 0.0805743 8.33569e-05 0 
$genSS
 -1 -1 -1
$obsGenComp     #GeneticFracData
0 0 0 0 0 
0 0 0 0 0 
0 0 0 0 0 
$predGenComp     #catchGenComp_pred
0 0 0 0 0 
0 0 0 0 0 
0 0 0 0 0 
#PARAMETERS_OF_INTEREST
$catchByGroup
0 0 0 
9.24903e-10 1.22085e-10 7.13829e-12 
1.70168e-09 2.4468e-10 1.44646e-11 
0 0 0 
0 0 0 
0 0 0 
592273 78178.5 4571.09 
279506 40189.3 2375.85 
0 0 0 
0 0 0 
8.56917e-09 1.47178e-09 8.91512e-11 
291501 38477.4 2249.77 
3.40337e-09 4.8936e-10 2.89292e-11 
1.92778e-09 3.09961e-10 1.86017e-11 
0 0 0 
1.84981e-09 2.4417e-10 1.42766e-11 
3.19066e-09 4.58775e-10 2.71211e-11 
0 0 0 
0 0 0 
3.11113e-10 2.81204e-11 2.50577e-12 
4.28874e-10 4.24228e-11 3.80802e-12 
0 0 0 
0 0 0 
0 0 0 
21332.1 1928.13 171.814 
23854.8 2359.63 211.809 
0 0 0 
0 0 0 
6.15865e-10 7.34955e-11 6.70529e-12 
9145.41 826.62 73.6591 
341.376 33.7678 3.03112 
5.54581e-10 6.17243e-11 5.59649e-12 
0 0 0 
3.11113e-10 2.81204e-11 2.50577e-12 
4.28874e-10 4.24228e-11 3.80802e-12 
0 0 0 
0 0 0 
9.10087e-10 1.25665e-10 3.83749e-12 
1.47689e-09 2.26038e-10 7.00013e-12 
0 0 0 
0 0 0 
0 0 0 
79779.6 11016 336.4 
294577 45085 1396.23 
0 0 0 
0 0 0 
23387 4415.45 141.05 
612291 84545.1 2581.8 
241413 36948.2 1144.24 
1.86549e-09 3.26011e-10 1.02917e-11 
0 0 0 
6010.06 829.869 25.3422 
3076.31 470.829 14.581 
0 0 0 
0 0 0 
2.04106e-09 3.15192e-08 7.34445e-10 
2.2764e-09 2.91235e-08 8.24644e-10 
0 0 0 
0 0 0 
0 0 0 
2.89757e-09 4.4746e-08 1.04265e-09 
8.47479e-09 1.08424e-07 3.07006e-09 
0 0 0 
0 0 0 
5.60544e-08 5.02387e-07 2.06099e-08 
45468.3 702149 16361.1 
8.62563e-08 1.10354e-06 3.12471e-08 
2.54554e-09 2.5893e-08 9.30646e-10 
0 0 0 
14952.8 230910 5380.55 
1.06881e-07 1.3674e-06 3.87185e-08 
0 0 0 
0 0 0 
2.04218e-09 1.25501e-08 3.36507e-08 
2.24118e-09 1.34883e-08 3.45678e-08 
0 0 0 
0 0 0 
0 0 0 
2.59788e-09 1.59652e-08 4.28073e-08 
7.21809e-09 4.34412e-08 1.11331e-07 
0 0 0 
0 0 0 
2.01971e-08 1.16107e-07 2.70597e-07 
7840.62 48184.2 129196 
4.72753e-08 2.84521e-07 7.2917e-07 
2.03215e-09 1.18878e-08 2.8705e-08 
0 0 0 
527.279 3240.37 8688.4 
4.86011e-08 2.925e-07 7.49619e-07 
0 0 0 
$escByGroup
 5e-101 1.70544e-09 1.71859e-09 5e-101 5e-101 5e-101 1.0921e+06 282283 5e-101 5e-101 2.74785e-09 537501 3.43718e-09 9.63145e-10 5e-101 3.41087e-09 3.22235e-09 5e-101 5e-101 5.78115e-10 4.44749e-10 5e-101 5e-101 5e-101 39639.6 24737.7 5e-101 5e-101 2.23788e-10 16994.1 354.012 2.97952e-10 5e-101 5.78115e-10 4.44749e-10 5e-101 5e-101 1.26005e-09 1.04964e-09 5e-101 5e-101 5e-101 110458 209358 5e-101 5e-101 3615.37 847738 171574 5.57769e-10 5e-101 8321.14 2186.35 5e-101 5e-101 1.72171e-08 5.94939e-09 5e-101 5e-101 5e-101 2.44421e-08 2.21489e-08 5e-101 5e-101 2.97813e-193 383543 2.25432e-07 6.61757e-11 5e-101 126133 2.79335e-07 5e-101 5e-101 8.69756e-08 4.76672e-08 5e-101 5e-101 5e-101 1.10642e-07 1.5352e-07 5e-101 5e-101 9.80984e-08 333928 1.00549e-06 1.80855e-08 5e-101 22456.6 1.03368e-06 5e-101
$catchByGroup
0 9.24903e-10 1.70168e-09 0 0 0 592273 279506 0 0 8.56917e-09 291501 3.40337e-09 1.92778e-09 0 1.84981e-09 3.19066e-09 0 0 3.11113e-10 4.28874e-10 0 0 0 21332.1 23854.8 0 0 6.15865e-10 9145.41 341.376 5.54581e-10 0 3.11113e-10 4.28874e-10 0 0 9.10087e-10 1.47689e-09 0 0 0 79779.6 294577 0 0 23387 612291 241413 1.86549e-09 0 6010.06 3076.31 0 0 2.04106e-09 2.2764e-09 0 0 0 2.89757e-09 8.47479e-09 0 0 5.60544e-08 45468.3 8.62563e-08 2.54554e-09 0 14952.8 1.06881e-07 0 0 2.04218e-09 2.24118e-09 0 0 0 2.59788e-09 7.21809e-09 0 0 2.01971e-08 7840.62 4.72753e-08 2.03215e-09 0 527.279 4.86011e-08 0 
0 1.22085e-10 2.4468e-10 0 0 0 78178.5 40189.3 0 0 1.47178e-09 38477.4 4.8936e-10 3.09961e-10 0 2.4417e-10 4.58775e-10 0 0 2.81204e-11 4.24228e-11 0 0 0 1928.13 2359.63 0 0 7.34955e-11 826.62 33.7678 6.17243e-11 0 2.81204e-11 4.24228e-11 0 0 1.25665e-10 2.26038e-10 0 0 0 11016 45085 0 0 4415.45 84545.1 36948.2 3.26011e-10 0 829.869 470.829 0 0 3.15192e-08 2.91235e-08 0 0 0 4.4746e-08 1.08424e-07 0 0 5.02387e-07 702149 1.10354e-06 2.5893e-08 0 230910 1.3674e-06 0 0 1.25501e-08 1.34883e-08 0 0 0 1.59652e-08 4.34412e-08 0 0 1.16107e-07 48184.2 2.84521e-07 1.18878e-08 0 3240.37 2.925e-07 0 
0 7.13829e-12 1.44646e-11 0 0 0 4571.09 2375.85 0 0 8.91512e-11 2249.77 2.89292e-11 1.86017e-11 0 1.42766e-11 2.71211e-11 0 0 2.50577e-12 3.80802e-12 0 0 0 171.814 211.809 0 0 6.70529e-12 73.6591 3.03112 5.59649e-12 0 2.50577e-12 3.80802e-12 0 0 3.83749e-12 7.00013e-12 0 0 0 336.4 1396.23 0 0 141.05 2581.8 1144.24 1.02917e-11 0 25.3422 14.581 0 0 7.34445e-10 8.24644e-10 0 0 0 1.04265e-09 3.07006e-09 0 0 2.06099e-08 16361.1 3.12471e-08 9.30646e-10 0 5380.55 3.87185e-08 0 0 3.36507e-08 3.45678e-08 0 0 0 4.28073e-08 1.11331e-07 0 0 2.70597e-07 129196 7.2917e-07 2.8705e-08 0 8688.4 7.49619e-07 0 
$Fmort
 0.529271 0.451009 0.117894
#ESTIMATED_PARAMETERS
$availability
1.47976 1.49647 1.82616 0.146556 0.0551649 
0.19249 0.132076 0.239055 4.02619 0.414372 
0.0421509 0.0443921 0.0271795 0.233699 4.65701 
$availabilityVector
 1.47976 0.19249 0.0421509 1.49647 0.132076 0.0443921 1.82616 0.239055 0.0271795 0.146556 4.02619 0.233699 0.0551649 0.414372 4.65701
$selectivity
 1.39794 0.521215 0.792654 1.16607 1.12212
$RunSize
 0 2.75956e-09 3.67942e-09 0 0 0 1.76712e+06 604354 0 0 1.2878e-08 869729 7.35883e-09 3.21949e-09 0 5.51912e-09 6.89891e-09 0 0 9.19854e-10 9.19854e-10 0 0 0 63071.7 51163.9 0 0 9.19854e-10 27039.8 732.187 9.19854e-10 0 9.19854e-10 9.19854e-10 0 0 2.29964e-09 2.75956e-09 0 0 0 201590 550416 0 0 31558.8 1.54716e+06 451078 2.75956e-09 0 15186.4 5748.07 0 0 5.15118e-08 3.81739e-08 0 0 0 7.31284e-08 1.42117e-07 0 0 5.45473e-07 1.14752e+06 1.44647e-06 2.94353e-08 0 377376 1.79234e-06 0 0 1.35219e-07 9.79645e-08 0 0 0 1.72013e-07 3.1551e-07 0 0 5.05e-07 519150 2.06645e-06 6.07104e-08 0 34912.6 2.1244e-06 0
