$ndistricts
3
$ngroups
90
$nstocks
5
$nagecomps
18
$AgeCompLabels
 0.1 0.2 0.3 0.4 0.5 1.1 1.2 1.3 1.4 1.5 2.1 2.2 2.3 2.4 3.1 3.2 3.3 3.4
$navailpar
15
$nselectpar
5
$GENdata
 -1 -1 -1
$maxGradient
7.02814e-06
#LIKELIHOOD_VALUES_AND_PENALTIES
$totalNLL
868.881
$NLLcatch
0.677374
$NLLescape
-6.64439
$NLLagecompCatch
0
$NLLagecompEsc
874.846
$NLLgenetics
0
$NLLselOne
2.95266e-17
$NLLavailOne
0.00216271
$NLLextra
2.9e-198
$sigmaCat
0.5
$sigmaEsc
0.1
#OBSERVED_AND_PREDICTED_VALUES
$predEsc
 6.55839e+06 434343 2.16918e+06 2.23522e+06 747993
$obsEsc
 6.97002e+06 430338 2.09258e+06 2.19158e+06 749478
$predCatch
 1.62378e+07 1.03718e+07 2.14901e+06
$obsCatch
 1.62378e+07 1.03718e+07 2.14901e+06
$RunSize
 0 26184 20110.9 0 0 6219.74 573719 849411 9.14658e-09 0 4.57329e-09 1.33793e+07 1.4729e+06 7410.04 0 4.57329e-09 4.57329e-09 0 0 2.28664e-08 4.80195e-08 0 0 1.37199e-08 1.00612e-07 624858 21426.9 0 1.14332e-07 1.60065e-08 728841 6.85993e-09 0 1.82932e-08 1783.56 0 0 2636.36 5583.11 3642.28 0 4.57329e-09 1.8342e+06 3.26989e+06 12349.4 0 2335.03 1.59459e+06 1.52613e+06 4.57329e-09 0 4.57329e-09 4.57329e-09 0 0 1225.59 1990.42 0 0 4.57329e-09 2.36603e+06 758093 5463.62 0 10648.2 3.95391e+06 4.9883e+06 16259.5 0 208696 8133.29 0 0 4864.8 46798.7 0 0 94.2773 444599 780436 12025.1 0 766.795 850125 481653 4.57329e-09 0 4.57329e-09 4.57329e-09 0
$SSageCompEsc
 2912 0 3523 3581 2335
$obsAgeCompEsc
0 0.00166001 0.000878066 0 0 0.000795626 0.030689 0.0314509 0 0 0 0.880072 0.0539584 0.00049597 0 0 0 0 
0 0 0 0 0 0 0.601116 0.250188 0 0 0 0.102692 0.0460043 0 0 0 0 0 
0 0.000430762 0.000568186 0.000434444 0 0 0.278124 0.310298 0.000680026 0 0.000913529 0.264255 0.144296 0 0 0 0 0 
0 0.000208089 0.000149876 0 0 0 0.247464 0.0537641 3.78934e-05 0 0.0040223 0.410022 0.263092 0.000341224 0 0.0207481 0.000149876 0 
0 0.00237151 0.0182266 0 0 0.000114469 0.211127 0.239525 0 0 0.00092913 0.39861 0.129097 0 0 0 0 0 
$predAgeCompEsc
0 0.00166917 0.000925339 0 0 0.000835162 0.0365734 0.039083 2.94017e-16 0 6.14084e-16 0.852905 0.0677708 0.000238196 0 2.91538e-16 2.10426e-16 0 
0 2.25787e-14 3.50242e-14 0 0 2.78559e-14 9.93464e-14 0.455755 0.0113461 0 2.32133e-13 1.58051e-14 0.531598 3.63251e-15 0 1.8063e-14 0.00130088 0 
0 0.000404586 0.000548325 0.000206517 0 1.80272e-15 0.281484 0.321141 0.00070021 0 0.000920433 0.244712 0.149883 2.59306e-16 0 7.01834e-16 4.49149e-16 0 
0 0.000132968 9.93965e-05 0 0 1.70012e-15 0.256697 0.0378573 3.34214e-05 0 0.00395845 0.428971 0.249103 9.94602e-05 0 0.022642 0.000406157 0 
0 0.00230837 0.0136089 0 0 0.000109861 0.210965 0.226948 0.00171481 0 0.000893547 0.403389 0.140063 6.5216e-16 0 2.17005e-15 1.3299e-15 0 
$SSageCompCatch
 11719 22555 2652
$obsAgeCompCatch
0 0.000999618 0.00121406 0 0 3.91355e-05 0.116975 0.249752 0.00173351 0 8.39496e-05 0.41429 0.213779 8.39496e-05 0 0.000910668 0.000140164 0 
0 1.41041e-05 0.000683564 0 0 0 0.179432 0.069626 0.000695382 0 0.000185251 0.366391 0.363227 0.00129125 0 0.0174274 0.00102698 0 
0 0.00123772 0.00886311 0 0 0 0.148597 0.240069 0.00599523 0 0 0.316059 0.277463 0.000341497 0 0.00137414 0 0 
$predAgeCompCatch
0 0.000960213 0.00113159 0.000173697 0 4.23498e-05 0.0977907 0.204519 0.00158941 0 2.71145e-05 0.511678 0.180622 0.00043255 0 0.000916935 0.000115635 0 
0 0.000264084 0.000908506 3.36591e-05 0 4.8563e-06 0.166197 0.0974747 0.000842033 0 0.000159334 0.328914 0.390182 0.00133609 0 0.0130888 0.000594973 0 
0 0.00127101 0.0135068 1.15172e-05 0 7.6717e-06 0.151166 0.253841 0.00415025 0 6.70835e-05 0.313148 0.258716 0.0004671 0 0.00346365 0.000183992 0 
$genSS
 -1 -1 -1
$obsGenComp     #GeneticFracData
0 0 0 0 0 
0 0 0 0 0 
0 0 0 0 0 
$predGenComp     #catchGenComp_pred
0 0 0 0 0 
0 0 0 0 0 
0 0 0 0 0 
#PARAMETERS_OF_INTEREST
$catchByGroup
0 0 0 
13782.5 1283.42 170.956 
12583.5 1286.11 172.484 
0 0 0 
0 0 0 
687.255 48.7838 6.38013 
301990 28121.2 3745.83 
531484 54320.6 7285.1 
6.40932e-09 7.12768e-10 9.62101e-11 
0 0 0 
5.05329e-10 3.58701e-11 4.69122e-12 
7.0425e+06 655797 87354.1 
921604 94193.1 12632.5 
5192.47 577.445 77.944 
0 0 0 
2.40725e-09 2.24163e-10 2.98591e-11 
2.86155e-09 2.92466e-10 3.92235e-11 
0 0 0 
0 0 0 
1.21272e-08 7.75087e-10 1.57206e-10 
3.02446e-08 2.12884e-09 4.33645e-10 
0 0 0 
0 0 0 
1.53211e-09 7.39275e-11 1.48216e-11 
5.33599e-08 3.41038e-09 6.91708e-10 
393560 27701.7 5642.85 
15101.3 1160.2 237.301 
0 0 0 
1.27676e-08 6.16062e-10 1.23513e-10 
8.48907e-09 5.42561e-10 1.10045e-10 
459052 32311.6 6581.88 
4.83476e-09 3.71443e-10 7.59729e-11 
0 0 0 
9.7018e-09 6.2007e-10 1.25765e-10 
1123.35 79.0703 16.1066 
0 0 0 
0 0 0 
1588.11 159.519 11.112 
3922.84 439.93 30.9238 
2820.45 349.104 24.7505 
0 0 0 
6.15317e-10 4.4505e-11 3.02552e-12 
1.1049e+06 110983 7730.99 
2.29751e+06 257656 18111.3 
9562.91 1183.66 83.9181 
0 0 0 
314.168 22.7233 1.54477 
960561 96484.8 6721.07 
1.0723e+06 120254 8452.92 
3.54139e-09 4.38339e-10 3.1077e-11 
0 0 0 
2.75489e-09 2.76718e-10 1.9276e-11 
3.21331e-09 3.6036e-10 2.53305e-11 
0 0 0 
0 0 0 
87.4372 797.228 43.7123 
184.596 1490.83 92.8223 
0 0 0 
0 0 0 
5.27287e-11 6.94471e-10 2.59492e-11 
168799 1.53906e+06 84387.5 
70307.2 567813 35353.4 
615.323 4462.48 311.113 
0 0 0 
122.77 1616.96 60.4187 
282083 2.57196e+06 141021 
462626 3.73625e+06 232627 
1831.17 13280.1 925.857 
0 0 0 
14889 135753 7443.42 
754.299 6091.85 379.293 
0 0 0 
0 0 0 
133.664 498.847 2505.64 
1683.46 6205.94 28729.9 
0 0 0 
0 0 0 
0.410634 1.58462 10.1064 
12215.7 45590.2 228993 
28074.2 103493 479113 
528.847 1927.02 8286.59 
0 0 0 
3.33985 12.8884 82.1996 
23357.8 87173.8 437861 
17326.2 63871.7 295689 
2.01127e-10 7.32868e-10 3.15148e-09 
0 0 0 
1.25654e-10 4.68956e-10 2.3555e-09 
1.64512e-10 6.06461e-10 2.80756e-09 
0 0 0 
$escByGroup
 5e-101 10947.1 6068.73 5e-101 5e-101 5477.32 239863 256322 1.92828e-09 5e-101 4.0274e-09 5.59368e+06 444467 1562.18 5e-101 1.91202e-09 1.38005e-09 5e-101 5e-101 9.8069e-09 1.52125e-08 5e-101 5e-101 1.2099e-08 4.31504e-08 197954 4928.1 5e-101 1.00825e-07 6.86483e-09 230895 1.57775e-09 5e-101 7.84552e-09 565.028 5e-101 5e-101 877.622 1189.42 447.974 5e-101 3.91044e-09 610590 696613 1518.88 5e-101 1996.59 530827 325124 5.62482e-10 5e-101 1.52241e-09 9.74288e-10 5e-101 5e-101 297.213 222.174 5e-101 5e-101 3.80014e-09 573775 84619.5 74.7042 5e-101 8848.03 958846 556802 222.316 5e-101 50610 907.851 5e-101 5e-101 1726.65 10179.3 5e-101 5e-101 82.1756 157800 169755 1282.66 5e-101 668.367 301732 104766 4.87811e-10 5e-101 1.62318e-09 9.94753e-10 5e-101
$catchByGroup
0 13782.5 12583.5 0 0 687.255 301990 531484 6.40932e-09 0 5.05329e-10 7.0425e+06 921604 5192.47 0 2.40725e-09 2.86155e-09 0 0 1.21272e-08 3.02446e-08 0 0 1.53211e-09 5.33599e-08 393560 15101.3 0 1.27676e-08 8.48907e-09 459052 4.83476e-09 0 9.7018e-09 1123.35 0 0 1588.11 3922.84 2820.45 0 6.15317e-10 1.1049e+06 2.29751e+06 9562.91 0 314.168 960561 1.0723e+06 3.54139e-09 0 2.75489e-09 3.21331e-09 0 0 87.4372 184.596 0 0 5.27287e-11 168799 70307.2 615.323 0 122.77 282083 462626 1831.17 0 14889 754.299 0 0 133.664 1683.46 0 0 0.410634 12215.7 28074.2 528.847 0 3.33985 23357.8 17326.2 2.01127e-10 0 1.25654e-10 1.64512e-10 0 
0 1283.42 1286.11 0 0 48.7838 28121.2 54320.6 7.12768e-10 0 3.58701e-11 655797 94193.1 577.445 0 2.24163e-10 2.92466e-10 0 0 7.75087e-10 2.12884e-09 0 0 7.39275e-11 3.41038e-09 27701.7 1160.2 0 6.16062e-10 5.42561e-10 32311.6 3.71443e-10 0 6.2007e-10 79.0703 0 0 159.519 439.93 349.104 0 4.4505e-11 110983 257656 1183.66 0 22.7233 96484.8 120254 4.38339e-10 0 2.76718e-10 3.6036e-10 0 0 797.228 1490.83 0 0 6.94471e-10 1.53906e+06 567813 4462.48 0 1616.96 2.57196e+06 3.73625e+06 13280.1 0 135753 6091.85 0 0 498.847 6205.94 0 0 1.58462 45590.2 103493 1927.02 0 12.8884 87173.8 63871.7 7.32868e-10 0 4.68956e-10 6.06461e-10 0 
0 170.956 172.484 0 0 6.38013 3745.83 7285.1 9.62101e-11 0 4.69122e-12 87354.1 12632.5 77.944 0 2.98591e-11 3.92235e-11 0 0 1.57206e-10 4.33645e-10 0 0 1.48216e-11 6.91708e-10 5642.85 237.301 0 1.23513e-10 1.10045e-10 6581.88 7.59729e-11 0 1.25765e-10 16.1066 0 0 11.112 30.9238 24.7505 0 3.02552e-12 7730.99 18111.3 83.9181 0 1.54477 6721.07 8452.92 3.1077e-11 0 1.9276e-11 2.53305e-11 0 0 43.7123 92.8223 0 0 2.59492e-11 84387.5 35353.4 311.113 0 60.4187 141021 232627 925.857 0 7443.42 379.293 0 0 2505.64 28729.9 0 0 10.1064 228993 479113 8286.59 0 82.1996 437861 295689 3.15148e-09 0 2.3555e-09 2.80756e-09 0 
$Fmort
 0.587077 0.303506 0.18065
#ESTIMATED_PARAMETERS
$availability
1.47976 1.49647 1.82616 0.146556 0.0551649 
0.19249 0.132076 0.239055 4.02619 0.414372 
0.0421509 0.0443921 0.0271795 0.233699 4.65701 
$availabilityVector
 1.47976 0.19249 0.0421509 1.49647 0.132076 0.0443921 1.82616 0.239055 0.0271795 0.146556 4.02619 0.233699 0.0551649 0.414372 4.65701
$selectivity
 0.134783 0.860253 1.13121 1.38871 1.48504
$RunSize
 0 26184 20110.9 0 0 6219.74 573719 849411 9.14658e-09 0 4.57329e-09 1.33793e+07 1.4729e+06 7410.04 0 4.57329e-09 4.57329e-09 0 0 2.28664e-08 4.80195e-08 0 0 1.37199e-08 1.00612e-07 624858 21426.9 0 1.14332e-07 1.60065e-08 728841 6.85993e-09 0 1.82932e-08 1783.56 0 0 2636.36 5583.11 3642.28 0 4.57329e-09 1.8342e+06 3.26989e+06 12349.4 0 2335.03 1.59459e+06 1.52613e+06 4.57329e-09 0 4.57329e-09 4.57329e-09 0 0 1225.59 1990.42 0 0 4.57329e-09 2.36603e+06 758093 5463.62 0 10648.2 3.95391e+06 4.9883e+06 16259.5 0 208696 8133.29 0 0 4864.8 46798.7 0 0 94.2773 444599 780436 12025.1 0 766.795 850125 481653 4.57329e-09 0 4.57329e-09 4.57329e-09 0
