$ndistricts
3
$ngroups
90
$nstocks
5
$nagecomps
18
$AgeCompLabels
 0.1 0.2 0.3 0.4 0.5 1.1 1.2 1.3 1.4 1.5 2.1 2.2 2.3 2.4 3.1 3.2 3.3 3.4
$navailpar
15
$nselectpar
5
$GENdata
 -1 -1 -1
$maxGradient
2.26167e-06
#LIKELIHOOD_VALUES_AND_PENALTIES
$totalNLL
783.93
$NLLcatch
0.677374
$NLLescape
-6.80411
$NLLagecompCatch
0
$NLLagecompEsc
790.054
$NLLgenetics
0
$NLLselOne
4.85156e-17
$NLLavailOne
0.00216271
$NLLextra
3.9e-198
$sigmaCat
0.5
$sigmaEsc
0.1
#OBSERVED_AND_PREDICTED_VALUES
$predEsc
 3.33093e+06 199733 734539 640977 239291
$obsEsc
 3.21621e+06 202626 755640 636864 238830
$predCatch
 2.3372e+06 1.07094e+06 163744
$obsCatch
 2.3372e+06 1.07094e+06 163744
$RunSize
 0 0 552.239 0 0 3005.07 28590.3 121375 1.05296e-08 0 104.263 4.3287e+06 590699 0 0 4862.4 3681.77 0 0 0 9.5724e-10 0 0 5655.59 206094 93857 9.5724e-10 0 368.056 1451.39 9.5724e-10 0 0 9.5724e-10 9.5724e-10 0 0 0 2.3931e-09 0 0 650.601 125647 233071 6948.77 0 20335.1 351066 642051 1432.75 0 1.43586e-09 2.3931e-09 0 0 0 922.082 0 0 206.694 2393.38 17770.7 1.43586e-09 0 2045.06 645161 824327 0 0 24880.4 34483.9 0 0 0 9.5724e-10 0 0 120.248 9760.31 134798 1046.58 0 43.9932 141705 107493 0 0 9.5724e-10 9.5724e-10 0
$SSageCompEsc
 2721 383 1259 1536 1597
$obsAgeCompEsc
0 0 0 0 0 0.000933792 0.00750481 0.026261 0 0 3.23985e-05 0.852443 0.111976 0 0 0.000849213 0 0 
0 0 0 0 0 0.0279085 0.699904 0.265538 0 0 0.00181624 0.00483283 0 0 0 0 0 0 
0 0 0 0 0 0.000860641 0.109524 0.16062 0.00250479 0 0.0269 0.278544 0.420054 0.000991459 0 0 0 0 
0 0 0.00109707 0 0 0.000324543 0.00197611 0.01541 0 0 0.00321107 0.5338 0.387 0 0 0.0266924 0.0304886 0 
0 0 0 0 0 0.000503488 0.026339 0.309376 0 0 0.000184203 0.392865 0.270732 0 0 0 0 0 
$predAgeCompEsc
0 0 9.23322e-05 0 0 0.000902173 0.0057631 0.0202935 9.79512e-16 0 3.13014e-05 0.872559 0.0987626 0 0 0.000980141 0.000615577 0 
0 0 2.71238e-15 0 0 0.0283157 0.698971 0.265948 1.57244e-15 0 0.00184274 0.00492241 2.71238e-15 0 0 3.2465e-15 2.71238e-15 0 
0 0 1.56739e-15 0 0 0.000885727 0.104313 0.152652 0.00206191 0 0.0276841 0.291459 0.420518 0.000425141 0 1.19207e-15 1.56739e-15 0 
0 0 0.00050006 0 0 0.000322467 0.00185297 0.00963734 1.62984e-16 0 0.00319053 0.499488 0.447045 0 0 0.0192626 0.0187012 0 
0 0 2.24269e-15 0 0 0.000502518 0.0277358 0.315814 0.0012403 0 0.000183848 0.402682 0.251842 0 0 2.72018e-15 2.24269e-15 0 
$SSageCompCatch
 3198 1701 1448
$obsAgeCompCatch
0 0 0.000268284 0 0 0 0.028452 0.0731807 0.00205648 0 0 0.677275 0.214313 0 0 0.00146303 0.00299197 0 
0 0 0 0 0 0 0.00918283 0.0159325 0 0 0 0.36075 0.599244 0 0 0.00539092 0.00949935 0 
0 0 0 0 0 0 0.0220866 0.300139 0.0050368 0 0 0.358305 0.31319 0 0 0 0.00124345 0 
$predAgeCompCatch
0 0 0.000113511 0 0 1.7314e-10 0.0491795 0.0847483 0.0020554 0 4.67197e-10 0.614277 0.246869 0.000420623 0 0.00098437 0.00135194 0 
0 0 0.000523148 0 0 3.9962e-11 0.0102883 0.0386508 0.000743534 0 2.2293e-10 0.409664 0.510385 0.000122427 0 0.0107078 0.0189155 0 
0 0 0.000126315 0 0 4.46773e-11 0.0199888 0.285891 0.00356554 0 5.59176e-11 0.339829 0.344001 3.8338e-05 0 0.00221701 0.00434262 0 
$genSS
 -1 -1 -1
$obsGenComp     #GeneticFracData
0 0 0 0 0 
0 0 0 0 0 
0 0 0 0 0 
$predGenComp     #catchGenComp_pred
0 0 0 0 0 
0 0 0 0 0 
0 0 0 0 0 
#PARAMETERS_OF_INTEREST
$catchByGroup
0 0 0 
0 0 0 
220.034 22.6213 2.03167 
0 0 0 
0 0 0 
0.000127303 1.04766e-05 9.23219e-07 
8502.24 818.488 73.086 
48360.8 4971.89 446.537 
6.41243e-09 7.83065e-10 7.14624e-11 
0 0 0 
4.41683e-06 3.63491e-07 3.20316e-08 
1.28728e+06 123923 11065.5 
235358 24196.8 2173.17 
0 0 0 
0 0 0 
1445.99 139.202 12.4299 
1466.96 150.816 13.5451 
0 0 0 
0 0 0 
0 0 0 
3.84698e-10 2.70808e-11 3.70855e-12 
0 0 0 
0 0 0 
0.00024229 1.35288e-05 1.82989e-06 
61864.6 4066.75 554.817 
37719.5 2655.27 363.622 
5.86896e-10 4.94346e-11 6.84077e-12 
0 0 0 
1.57678e-05 8.80428e-07 1.19086e-07 
435.673 28.6395 3.90723 
3.84698e-10 2.70808e-11 3.70855e-12 
0 0 0 
0 0 0 
2.87341e-10 1.88887e-11 2.57695e-12 
3.84698e-10 2.70808e-11 3.70855e-12 
0 0 0 
0 0 0 
0 0 0 
1.11498e-09 1.21133e-10 5.68077e-12 
0 0 0 
0 0 0 
3.40128e-05 2.81688e-06 1.28884e-07 
44365.8 4451.61 207.205 
108591 11797.5 553.266 
4767.89 635.888 30.4461 
0 0 0 
0.0010631 8.80438e-05 4.02837e-06 
123961 12438.1 578.945 
299141 32499 1524.11 
983.08 131.112 6.27762 
0 0 0 
5.07001e-10 5.08719e-11 2.36788e-12 
1.11498e-09 1.21133e-10 5.68077e-12 
0 0 0 
0 0 0 
0 0 0 
45.2642 537.639 18.6517 
0 0 0 
0 0 0 
8.67201e-07 1.50723e-05 3.52069e-07 
82.2161 1089.73 33.7253 
872.349 10361.6 359.462 
1.27514e-10 1.15067e-09 5.32025e-11 
0 0 0 
8.58021e-06 0.000149127 3.48342e-06 
22162.2 293748 9091.01 
40465.5 480641 16674.3 
0 0 0 
0 0 0 
854.679 11328.3 350.591 
1692.79 20106.6 697.533 
0 0 0 
0 0 0 
0 0 0 
1.79657e-11 8.24214e-11 3.20198e-10 
0 0 0 
0 0 0 
1.89903e-07 9.02453e-07 4.08158e-06 
127.581 591.595 2404.22 
2529.92 11606.5 45090.1 
36.003 160.394 553.39 
0 0 0 
6.94766e-08 3.30166e-07 1.49326e-06 
1852.28 8589.08 34905.6 
2017.45 9255.48 35956.5 
0 0 0 
0 0 0 
1.25124e-11 5.80206e-11 2.35793e-10 
1.79657e-11 8.24214e-11 3.20198e-10 
0 0 0 
$escByGroup
 5e-101 5e-101 307.552 5e-101 5e-101 3005.07 19196.5 67596.2 3.26268e-09 5e-101 104.263 2.90643e+06 328971 5e-101 5e-101 3264.78 2050.44 5e-101 5e-101 5e-101 5.41753e-10 5e-101 5e-101 5655.59 139608 53118.7 3.14069e-10 5e-101 368.056 983.17 5.41753e-10 5e-101 5e-101 6.48434e-10 5.41753e-10 5e-101 5e-101 5e-101 1.15131e-09 5e-101 5e-101 650.601 76622.3 112129 1514.55 5e-101 20335.1 214088 308887 312.283 5e-101 8.7562e-10 1.15131e-09 5e-101 5e-101 5e-101 320.527 5e-101 5e-101 206.694 1187.71 6177.31 1.04469e-10 5e-101 2045.06 320160 286546 5e-101 5e-101 12346.9 11987 5e-101 5e-101 5e-101 5.36655e-10 5e-101 5e-101 120.248 6636.92 75571.4 296.793 5e-101 43.9932 96358.1 60263.5 5e-101 5e-101 6.50914e-10 5.36655e-10 5e-101
$catchByGroup
0 0 220.034 0 0 0.000127303 8502.24 48360.8 6.41243e-09 0 4.41683e-06 1.28728e+06 235358 0 0 1445.99 1466.96 0 0 0 3.84698e-10 0 0 0.00024229 61864.6 37719.5 5.86896e-10 0 1.57678e-05 435.673 3.84698e-10 0 0 2.87341e-10 3.84698e-10 0 0 0 1.11498e-09 0 0 3.40128e-05 44365.8 108591 4767.89 0 0.0010631 123961 299141 983.08 0 5.07001e-10 1.11498e-09 0 0 0 45.2642 0 0 8.67201e-07 82.2161 872.349 1.27514e-10 0 8.58021e-06 22162.2 40465.5 0 0 854.679 1692.79 0 0 0 1.79657e-11 0 0 1.89903e-07 127.581 2529.92 36.003 0 6.94766e-08 1852.28 2017.45 0 0 1.25124e-11 1.79657e-11 0 
0 0 22.6213 0 0 1.04766e-05 818.488 4971.89 7.83065e-10 0 3.63491e-07 123923 24196.8 0 0 139.202 150.816 0 0 0 2.70808e-11 0 0 1.35288e-05 4066.75 2655.27 4.94346e-11 0 8.80428e-07 28.6395 2.70808e-11 0 0 1.88887e-11 2.70808e-11 0 0 0 1.21133e-10 0 0 2.81688e-06 4451.61 11797.5 635.888 0 8.80438e-05 12438.1 32499 131.112 0 5.08719e-11 1.21133e-10 0 0 0 537.639 0 0 1.50723e-05 1089.73 10361.6 1.15067e-09 0 0.000149127 293748 480641 0 0 11328.3 20106.6 0 0 0 8.24214e-11 0 0 9.02453e-07 591.595 11606.5 160.394 0 3.30166e-07 8589.08 9255.48 0 0 5.80206e-11 8.24214e-11 0 
0 0 2.03167 0 0 9.23219e-07 73.086 446.537 7.14624e-11 0 3.20316e-08 11065.5 2173.17 0 0 12.4299 13.5451 0 0 0 3.70855e-12 0 0 1.82989e-06 554.817 363.622 6.84077e-12 0 1.19086e-07 3.90723 3.70855e-12 0 0 2.57695e-12 3.70855e-12 0 0 0 5.68077e-12 0 0 1.28884e-07 207.205 553.266 30.4461 0 4.02837e-06 578.945 1524.11 6.27762 0 2.36788e-12 5.68077e-12 0 0 0 18.6517 0 0 3.52069e-07 33.7253 359.462 5.32025e-11 0 3.48342e-06 9091.01 16674.3 0 0 350.591 697.533 0 0 0 3.20198e-10 0 0 4.08158e-06 2404.22 45090.1 553.39 0 1.49326e-06 34905.6 35956.5 0 0 2.35793e-10 3.20198e-10 0 
$Fmort
 0.388856 0.246011 0.0990015
#ESTIMATED_PARAMETERS
$availability
1.47976 1.49647 1.82616 0.146556 0.0551649 
0.19249 0.132076 0.239055 4.02619 0.414372 
0.0421509 0.0443921 0.0271795 0.233699 4.65701 
$availabilityVector
 1.47976 0.19249 0.0421509 1.49647 0.132076 0.0443921 1.82616 0.239055 0.0271795 0.146556 4.02619 0.233699 0.0551649 0.414372 4.65701
$selectivity
 7.36208e-08 0.61337 0.883239 1.6319 1.87149
$RunSize
 0 0 552.239 0 0 3005.07 28590.3 121375 1.05296e-08 0 104.263 4.3287e+06 590699 0 0 4862.4 3681.77 0 0 0 9.5724e-10 0 0 5655.59 206094 93857 9.5724e-10 0 368.056 1451.39 9.5724e-10 0 0 9.5724e-10 9.5724e-10 0 0 0 2.3931e-09 0 0 650.601 125647 233071 6948.77 0 20335.1 351066 642051 1432.75 0 1.43586e-09 2.3931e-09 0 0 0 922.082 0 0 206.694 2393.38 17770.7 1.43586e-09 0 2045.06 645161 824327 0 0 24880.4 34483.9 0 0 0 9.5724e-10 0 0 120.248 9760.31 134798 1046.58 0 43.9932 141705 107493 0 0 9.5724e-10 9.5724e-10 0
