$ndistricts
3
$ngroups
90
$nstocks
5
$nagecomps
18
$AgeCompLabels
 0.1 0.2 0.3 0.4 0.5 1.1 1.2 1.3 1.4 1.5 2.1 2.2 2.3 2.4 3.1 3.2 3.3 3.4
$navailpar
15
$nselectpar
5
$GENdata
 -1 -1 -1
$maxGradient
3.09814e-06
#LIKELIHOOD_VALUES_AND_PENALTIES
$totalNLL
855.761
$NLLcatch
0.677374
$NLLescape
-6.84651
$NLLagecompCatch
0
$NLLagecompEsc
861.928
$NLLgenetics
0
$NLLselOne
1.5804e-15
$NLLavailOne
0.00216271
$NLLextra
5e-198
$sigmaCat
0.5
$sigmaEsc
0.1
#OBSERVED_AND_PREDICTED_VALUES
$predEsc
 338653 208322 881758 996787 392900
$obsEsc
 338760 203304 905358 997602 388254
$predCatch
 957902 695582 188695
$obsCatch
 957902 695582 188695
$RunSize
 0 0 0 0 0 0 201922 28056.9 1208.95 0 813.218 119532 173996 0 0 1.03816e-09 1.55724e-09 0 0 0 0 0 0 0 287701 11398.3 0 0 5.1908e-10 17556.3 11728 0 0 7.7862e-10 7.7862e-10 0 0 0 0 0 0 0 411386 118513 378.552 0 6544.67 504733 475615 188.283 0 686.797 9.73275e-08 0 0 0 0 0 0 0 43167 53874.6 0 0 2126.75 910201 604132 0 0 76617.1 13349.3 0 0 0 0 0 0 749.151 23675.4 142670 861.735 0 3191.8 378939 35087.2 0 0 7.7862e-10 7.7862e-10 0
$SSageCompEsc
 508 97 2384 579 343
$obsAgeCompEsc
0 0 0 0 0 0 0.357775 0.0570585 0.00356874 0 0.00233191 0.224845 0.354421 0 0 0 0 0 
0 0 0 0 0 0 0.867235 0.0382835 0 0 0 0.0550331 0.0394487 0 0 0 0 0 
0 0 0 0 0 0 0.218096 0.0887628 0.000417976 0 0.00720163 0.328442 0.356151 0.000207891 0 0.000720686 0 0 
0 0 0 0 0 0 0.0412414 0.0353625 0 0 0.00214664 0.484072 0.377223 0 0 0.0466397 0.0133145 0 
0 0 0 0 0 0.00198822 0.0204002 0.171776 0.00221936 0 0.00725331 0.730592 0.0657714 0 0 0 0 0 
$predAgeCompEsc
0 0 0 0 0 0 0.37447 0.0552644 0.00356986 0 0.002297 0.221674 0.342725 0 0 1.92529e-15 3.06733e-15 0 
0 0 0 0 0 0 0.872376 0.0366644 0 0 2.38402e-15 0.0532349 0.037725 0 0 2.36096e-15 2.50455e-15 0 
0 0 0 0 0 0 0.262115 0.0814222 0.000429315 0 0.00702732 0.321591 0.326764 0.000213531 0 0.000437593 6.68673e-14 0 
0 0 0 0 0 0 0.0245494 0.0330793 0 0 0.00202495 0.517637 0.37094 0 0 0.0435726 0.00819657 0 
0 0 0 0 0 0.00183427 0.0396079 0.252502 0.00219327 0 0.00781499 0.633949 0.0620986 0 0 1.3026e-15 1.37803e-15 0 
$SSageCompCatch
 256 108 172
$obsAgeCompCatch
0 0 0 0 0 0 0.452688 0.04946 0 0 0 0.285792 0.210669 0 0 0 0.00139179 0 
0 0 0 0 0 0 0.00862069 0.0338496 0 0 0 0.592132 0.315988 0 0 0.0479725 0.00143678 0 
0 0 0 0 0 0 0.0812781 0.282156 0 0 0.0012766 0.542445 0.0928449 0 0 0 0 0 
$predAgeCompCatch
0 0 0 0 0 1.218e-06 0.355948 0.0625044 3.03203e-10 0 0.000392701 0.3105 0.266553 4.12422e-11 0 0.00359575 0.000504519 0 
0 0 0 0 0 5.11226e-06 0.0540174 0.0397677 4.56685e-11 0 0.000188286 0.541346 0.316811 3.02158e-12 0 0.0413882 0.00647666 0 
0 0 0 0 0 0.000125838 0.0509237 0.194219 6.07309e-10 0 0.000562117 0.647625 0.0988975 7.62786e-13 0 0.00663583 0.001011 0 
$genSS
 -1 -1 -1
$obsGenComp     #GeneticFracData
0 0 0 0 0 
0 0 0 0 0 
0 0 0 0 0 
$predGenComp     #catchGenComp_pred
0 0 0 0 0 
0 0 0 0 0 
0 0 0 0 0 
#PARAMETERS_OF_INTEREST
$catchByGroup
0 0 0 
0 0 0 
0 0 0 
0 0 0 
0 0 0 
0 0 0 
70014 4494.32 598.594 
8721.88 546.842 72.7445 
0.000205548 1.08665e-05 1.43326e-06 
0 0 0 
33.2985 1.79543 0.23704 
41446.1 2660.5 354.349 
54089.1 3391.26 451.128 
0 0 0 
0 0 0 
3.59969e-10 2.3107e-11 3.0776e-12 
4.84089e-10 3.03513e-11 4.03753e-12 
0 0 0 
0 0 0 
0 0 0 
0 0 0 
0 0 0 
0 0 0 
0 0 0 
100658 4409.26 898.159 
3576.27 152.903 31.1221 
0 0 0 
0 0 0 
2.14895e-11 7.86617e-13 1.59347e-13 
6142.43 269.066 54.8083 
3679.72 157.326 32.0224 
0 0 0 
0 0 0 
2.72416e-10 1.1933e-11 2.43074e-12 
2.44295e-10 1.04448e-11 2.12595e-12 
0 0 0 
0 0 0 
0 0 0 
0 0 0 
0 0 0 
0 0 0 
0 0 0 
168137 11340.7 786.795 
43658 2861.84 198.226 
7.94287e-05 4.22569e-06 2.89386e-07 
0 0 0 
329.112 17.94 1.23015 
206288 13914 965.326 
175208 11485.1 795.519 
3.9506e-05 2.10176e-06 1.43934e-07 
0 0 0 
280.699 18.933 1.31353 
3.58537e-08 2.35026e-09 1.62791e-10 
0 0 0 
0 0 0 
0 0 0 
0 0 0 
0 0 0 
0 0 0 
0 0 0 
1782.46 16209.4 704.736 
1950.4 18181.3 769.904 
0 0 0 
0 0 0 
8.78805 96.0826 3.43473 
37584.1 341783 14859.7 
21871.1 203878 8633.44 
0 0 0 
0 0 0 
3163.68 28769.9 1250.83 
483.28 4505.04 190.771 
0 0 0 
0 0 0 
0 0 0 
0 0 0 
0 0 0 
0 0 0 
1.16672 3.55599 23.745 
372.827 1119.84 6620.76 
1966.55 5918.81 35576.2 
5.46199e-06 1.6674e-05 0.000112873 
0 0 0 
4.97088 15.1505 101.167 
5967.32 17923.8 105969 
483.638 1455.63 8749.34 
0 0 0 
0 0 0 
1.22613e-11 3.68287e-11 2.17739e-10 
1.07324e-11 3.23019e-11 1.94157e-10 
0 0 0 
$escByGroup
 5e-101 5e-101 5e-101 5e-101 5e-101 5e-101 126815 18715.5 1208.95 5e-101 777.887 75070.8 116065 5e-101 5e-101 6.52007e-10 1.03876e-09 5e-101 5e-101 5e-101 5e-101 5e-101 5e-101 5e-101 181735 7638.02 5e-101 5e-101 4.96645e-10 11090 7858.96 5e-101 5e-101 4.9184e-10 5.21754e-10 5e-101 5e-101 5e-101 5e-101 5e-101 5e-101 5e-101 231122 71794.7 378.552 5e-101 6196.39 283566 288126 188.283 5e-101 385.851 5.89607e-08 5e-101 5e-101 5e-101 5e-101 5e-101 5e-101 5e-101 24470.5 32973.1 5e-101 5e-101 2018.44 515974 369749 5e-101 5e-101 43432.6 8170.23 5e-101 5e-101 5e-101 5e-101 5e-101 5e-101 720.684 15562 99208.3 861.735 5e-101 3070.51 249079 24398.6 5e-101 5e-101 5.11791e-10 5.41429e-10 5e-101
$catchByGroup
0 0 0 0 0 0 70014 8721.88 0.000205548 0 33.2985 41446.1 54089.1 0 0 3.59969e-10 4.84089e-10 0 0 0 0 0 0 0 100658 3576.27 0 0 2.14895e-11 6142.43 3679.72 0 0 2.72416e-10 2.44295e-10 0 0 0 0 0 0 0 168137 43658 7.94287e-05 0 329.112 206288 175208 3.9506e-05 0 280.699 3.58537e-08 0 0 0 0 0 0 0 1782.46 1950.4 0 0 8.78805 37584.1 21871.1 0 0 3163.68 483.28 0 0 0 0 0 0 1.16672 372.827 1966.55 5.46199e-06 0 4.97088 5967.32 483.638 0 0 1.22613e-11 1.07324e-11 0 
0 0 0 0 0 0 4494.32 546.842 1.08665e-05 0 1.79543 2660.5 3391.26 0 0 2.3107e-11 3.03513e-11 0 0 0 0 0 0 0 4409.26 152.903 0 0 7.86617e-13 269.066 157.326 0 0 1.1933e-11 1.04448e-11 0 0 0 0 0 0 0 11340.7 2861.84 4.22569e-06 0 17.94 13914 11485.1 2.10176e-06 0 18.933 2.35026e-09 0 0 0 0 0 0 0 16209.4 18181.3 0 0 96.0826 341783 203878 0 0 28769.9 4505.04 0 0 0 0 0 0 3.55599 1119.84 5918.81 1.6674e-05 0 15.1505 17923.8 1455.63 0 0 3.68287e-11 3.23019e-11 0 
0 0 0 0 0 0 598.594 72.7445 1.43326e-06 0 0.23704 354.349 451.128 0 0 3.0776e-12 4.03753e-12 0 0 0 0 0 0 0 898.159 31.1221 0 0 1.59347e-13 54.8083 32.0224 0 0 2.43074e-12 2.12595e-12 0 0 0 0 0 0 0 786.795 198.226 2.89386e-07 0 1.23015 965.326 795.519 1.43934e-07 0 1.31353 1.62791e-10 0 0 0 0 0 0 0 704.736 769.904 0 0 3.43473 14859.7 8633.44 0 0 1250.83 190.771 0 0 0 0 0 0 23.745 6620.76 35576.2 0.000112873 0 101.167 105969 8749.34 0 0 2.17739e-10 1.94157e-10 0 
$Fmort
 0.13639 0.0554301 0.0333873
#ESTIMATED_PARAMETERS
$availability
1.47976 1.49647 1.82616 0.146556 0.0551649 
0.19249 0.132076 0.239055 4.02619 0.414372 
0.0421509 0.0443921 0.0271795 0.233699 4.65701 
$availabilityVector
 1.47976 0.19249 0.0421509 1.49647 0.132076 0.0443921 1.82616 0.239055 0.0271795 0.146556 4.02619 0.233699 0.0551649 0.414372 4.65701
$selectivity
 0.207152 2.10962 1.84474 8.42422e-07 0.838485
$RunSize
 0 0 0 0 0 0 201922 28056.9 1208.95 0 813.218 119532 173996 0 0 1.03816e-09 1.55724e-09 0 0 0 0 0 0 0 287701 11398.3 0 0 5.1908e-10 17556.3 11728 0 0 7.7862e-10 7.7862e-10 0 0 0 0 0 0 0 411386 118513 378.552 0 6544.67 504733 475615 188.283 0 686.797 9.73275e-08 0 0 0 0 0 0 0 43167 53874.6 0 0 2126.75 910201 604132 0 0 76617.1 13349.3 0 0 0 0 0 0 749.151 23675.4 142670 861.735 0 3191.8 378939 35087.2 0 0 7.7862e-10 7.7862e-10 0
