$ndistricts
3
$ngroups
90
$nstocks
5
$nagecomps
18
$AgeCompLabels
 0.1 0.2 0.3 0.4 0.5 1.1 1.2 1.3 1.4 1.5 2.1 2.2 2.3 2.4 3.1 3.2 3.3 3.4
$navailpar
15
$nselectpar
5
$GENdata
 -1 -1 -1
$maxGradient
1.2535e-06
#LIKELIHOOD_VALUES_AND_PENALTIES
$totalNLL
819.735
$NLLcatch
0.677374
$NLLescape
-6.22928
$NLLagecompCatch
0
$NLLagecompEsc
825.285
$NLLgenetics
0
$NLLselOne
7.18583e-17
$NLLavailOne
0.00216271
$NLLextra
4.1e-198
$sigmaCat
0.5
$sigmaEsc
0.1
#OBSERVED_AND_PREDICTED_VALUES
$predEsc
 7.7519e+06 182409 1.33443e+06 1.10697e+06 160829
$obsEsc
 8.3942e+06 182490 1.3312e+06 1.01555e+06 160380
$predCatch
 4.65507e+06 889322 169845
$obsCatch
 4.65507e+06 889322 169845
$RunSize
 0 3979.74 0 0 0 2782.72 8.51429e+06 239737 6.52736e-09 0 394215 2.16025e+06 277975 0 0 1.11898e-08 2.79744e-09 0 0 1.86496e-09 0 0 0 8356.83 95667.4 78789.3 1.86496e-09 0 441.045 97339.4 711.435 0 0 1.86496e-09 1.86496e-09 0 0 1.86496e-09 0 0 0 11588.6 550695 222505 1.86496e-09 0 32132.6 1.10747e+06 363457 0 0 5490.83 1.86496e-09 0 0 1.86496e-09 0 0 0 0 21919.1 32663 1.86496e-09 0 22627 1.38893e+06 267744 0 0 74946.3 13847.1 0 0 321.282 0 0 0 87.1233 40612.2 7033.25 1841.86 0 2436.41 190119 17768.5 0 0 1.86496e-09 1.86496e-09 0
$SSageCompEsc
 1260 360 872 1155 471
$obsAgeCompEsc
0 0 0 0 0 0.00037044 0.763101 0.0164466 0 0 0.0402403 0.165312 0.0145302 0 0 0 0 0 
0 0 0 0 0 0.042474 0.35006 0.247558 0 0 0.00222777 0.355452 0.00222777 0 0 0 0 0 
0 0 0 0 0 0.00819535 0.257477 0.084908 0 0 0.0215464 0.49856 0.126977 0 0 0.00233652 0 0 
0 0 0 0 0 0 0.0186251 0.0196185 0 0 0.0223634 0.76252 0.127989 0 0 0.0414727 0.00741232 0 
0 0.000241546 0 0 0 0.000536033 0.151529 0.0160951 0.011078 0 0.0143861 0.730732 0.0754027 0 0 0 0 0 
$predAgeCompEsc
0 0.000340886 0 0 0 0.000331353 0.729293 0.0176225 8.1525e-16 0 0.0469412 0.185037 0.0204334 0 0 9.58462e-16 2.05634e-16 0 
0 6.81561e-15 0 0 0 0.0423041 0.349622 0.247871 9.90011e-15 0 0.00223266 0.355732 0.00223817 0 0 6.81561e-15 5.86715e-15 0 
0 8.42611e-16 0 0 0 0.00786986 0.248811 0.0830263 1.34312e-15 0 0.0218213 0.500369 0.135622 0 0 0.00248082 6.95898e-16 0 
0 1.0483e-15 0 0 0 0 0.0123208 0.01519 1.62495e-15 0 0.018684 0.780723 0.124515 0 0 0.0421276 0.00643964 0 
0 0.00124451 0 0 0 0.000495153 0.157315 0.0225749 0.0110456 0 0.013847 0.736445 0.0570324 0 0 7.2241e-15 5.98604e-15 0 
$SSageCompCatch
 2303 1901 1224
$obsAgeCompCatch
0 0.000521926 0 0 0 0 0.621062 0.0472649 0 0 0.012478 0.239533 0.077784 0 0 0.00135559 0 0 
0 0 0 0 0 0 0.0651044 0.0212559 0.000117354 0 0.000117354 0.690997 0.175478 0 0 0.0385785 0.00835072 0 
0 0.00185481 0 0 0 0 0.292982 0.0491915 0.000226853 0 0.00185481 0.595121 0.0569135 0 0 0.00185481 0 0 
$predAgeCompCatch
0 0.000269485 0 0 0 0.000395956 0.625297 0.0502169 4.49365e-07 0 0.00679967 0.252399 0.0634464 0 0 0.00102888 0.000146986 0 
0 9.64184e-05 0 0 0 9.60591e-05 0.201198 0.0313828 6.67814e-06 0 0.0037266 0.585162 0.144707 0 0 0.0272489 0.00637583 0 
0 0.000695555 0 0 0 0.00011794 0.266734 0.0352934 0.000337816 0 0.00333033 0.583611 0.0990783 0 0 0.00865646 0.00214466 0 
$genSS
 -1 -1 -1
$obsGenComp     #GeneticFracData
0 0 0 0 0 
0 0 0 0 0 
0 0 0 0 0 
$predGenComp     #catchGenComp_pred
0 0 0 0 0 
0 0 0 0 0 
0 0 0 0 0 
#PARAMETERS_OF_INTEREST
$catchByGroup
0 0 0 
1249.99 73.1663 14.074 
0 0 0 
0 0 0 
0 0 0 
201.844 10.2942 1.96832 
2.67423e+06 156533 30110.1 
96016.3 5962.13 1149.92 
1.95965e-10 9.78562e-12 1.86941e-12 
0 0 0 
28594.2 1458.33 278.843 
678509 39715.6 7639.57 
111331 6913.1 1333.34 
0 0 0 
0 0 0 
3.51456e-09 2.0572e-10 3.95717e-11 
1.1204e-09 6.95709e-11 1.34182e-11 
0 0 0 
0 0 0 
5.91194e-10 2.35941e-11 6.94531e-12 
0 0 0 
0 0 0 
0 0 0 
612.745 21.2242 6.22526 
30326.7 1210.31 356.275 
31827.8 1349.77 397.964 
5.66126e-11 1.91884e-12 5.62513e-13 
0 0 0 
32.3386 1.12014 0.328548 
30856.7 1231.47 362.502 
287.392 12.1879 3.59345 
0 0 0 
0 0 0 
5.91194e-10 2.35941e-11 6.94531e-12 
7.53371e-10 3.19494e-11 9.4199e-12 
0 0 0 
0 0 0 
6.93815e-10 4.24858e-11 4.25541e-12 
0 0 0 
0 0 0 
0 0 0 
1028.37 53.2168 5.28625 
204873 12545.4 1256.56 
104172 6851.4 688.778 
6.88521e-11 3.47161e-12 3.44425e-13 
0 0 0 
2851.43 147.558 14.6575 
412010 25229.5 2527 
170163 11191.6 1125.1 
0 0 0 
0 0 0 
2042.74 125.087 12.5288 
8.73135e-10 5.74261e-11 5.7731e-12 
0 0 0 
0 0 0 
6.83509e-11 5.999e-10 3.6274e-11 
0 0 0 
0 0 0 
0 0 0 
0 0 0 
803.335 7050.69 426.332 
1613.99 13374.9 859.227 
5.62171e-12 5.76151e-11 2.95941e-12 
0 0 0 
168.117 1687.78 88.5943 
50904.4 446776 27015.1 
13230.1 109637 7043.24 
0 0 0 
0 0 0 
2746.79 24107.9 1457.73 
684.232 5670.16 364.26 
0 0 0 
0 0 0 
4.4839 12.5806 104.062 
0 0 0 
0 0 0 
0 0 0 
0.244224 0.692326 6.55161 
566.796 1590.28 13154.2 
132.887 371.144 2898.51 
2.09183 5.93902 57.3764 
0 0 0 
6.82976 19.361 183.217 
2653.36 7444.63 61579.3 
335.721 937.644 7322.67 
0 0 0 
0 0 0 
2.60279e-11 7.30275e-11 6.04057e-10 
3.52368e-11 9.84139e-11 7.68578e-10 
0 0 0 
$escByGroup
 5e-101 2642.51 5e-101 5e-101 5e-101 2568.62 5.65341e+06 136608 6.31974e-09 5e-101 363884 1.43439e+06 158398 5e-101 5e-101 7.42991e-09 1.59406e-09 5e-101 5e-101 1.24323e-09 5e-101 5e-101 5e-101 7716.63 63774.1 45213.8 1.80587e-09 5e-101 407.258 64888.7 408.262 5e-101 5e-101 1.24323e-09 1.07022e-09 5e-101 5e-101 1.1244e-09 5e-101 5e-101 5e-101 10501.8 332020 110793 1.79229e-09 5e-101 29118.9 667707 180978 5e-101 5e-101 3310.48 9.28626e-10 5e-101 5e-101 1.16043e-09 5e-101 5e-101 5e-101 5e-101 13638.7 16814.8 1.79876e-09 5e-101 20682.5 864234 137834 5e-101 5e-101 46633.9 7128.46 5e-101 5e-101 200.155 5e-101 5e-101 5e-101 79.6351 25300.9 3630.71 1776.46 5e-101 2227 118442 9172.48 5e-101 5e-101 1.16185e-09 9.62731e-10 5e-101
$catchByGroup
0 1249.99 0 0 0 201.844 2.67423e+06 96016.3 1.95965e-10 0 28594.2 678509 111331 0 0 3.51456e-09 1.1204e-09 0 0 5.91194e-10 0 0 0 612.745 30326.7 31827.8 5.66126e-11 0 32.3386 30856.7 287.392 0 0 5.91194e-10 7.53371e-10 0 0 6.93815e-10 0 0 0 1028.37 204873 104172 6.88521e-11 0 2851.43 412010 170163 0 0 2042.74 8.73135e-10 0 0 6.83509e-11 0 0 0 0 803.335 1613.99 5.62171e-12 0 168.117 50904.4 13230.1 0 0 2746.79 684.232 0 0 4.4839 0 0 0 0.244224 566.796 132.887 2.09183 0 6.82976 2653.36 335.721 0 0 2.60279e-11 3.52368e-11 0 
0 73.1663 0 0 0 10.2942 156533 5962.13 9.78562e-12 0 1458.33 39715.6 6913.1 0 0 2.0572e-10 6.95709e-11 0 0 2.35941e-11 0 0 0 21.2242 1210.31 1349.77 1.91884e-12 0 1.12014 1231.47 12.1879 0 0 2.35941e-11 3.19494e-11 0 0 4.24858e-11 0 0 0 53.2168 12545.4 6851.4 3.47161e-12 0 147.558 25229.5 11191.6 0 0 125.087 5.74261e-11 0 0 5.999e-10 0 0 0 0 7050.69 13374.9 5.76151e-11 0 1687.78 446776 109637 0 0 24107.9 5670.16 0 0 12.5806 0 0 0 0.692326 1590.28 371.144 5.93902 0 19.361 7444.63 937.644 0 0 7.30275e-11 9.84139e-11 0 
0 14.074 0 0 0 1.96832 30110.1 1149.92 1.86941e-12 0 278.843 7639.57 1333.34 0 0 3.95717e-11 1.34182e-11 0 0 6.94531e-12 0 0 0 6.22526 356.275 397.964 5.62513e-13 0 0.328548 362.502 3.59345 0 0 6.94531e-12 9.4199e-12 0 0 4.25541e-12 0 0 0 5.28625 1256.56 688.778 3.44425e-13 0 14.6575 2527 1125.1 0 0 12.5288 5.7731e-12 0 0 3.6274e-11 0 0 0 0 426.332 859.227 2.95941e-12 0 88.5943 27015.1 7043.24 0 0 1457.73 364.26 0 0 104.062 0 0 0 6.55161 13154.2 2898.51 57.3764 0 183.217 61579.3 7322.67 0 0 6.04057e-10 7.68578e-10 0 
$Fmort
 0.205592 0.0777897 0.067823
#ESTIMATED_PARAMETERS
$availability
1.47976 1.49647 1.82616 0.146556 0.0551649 
0.19249 0.132076 0.239055 4.02619 0.414372 
0.0421509 0.0443921 0.0271795 0.233699 4.65701 
$availabilityVector
 1.47976 0.19249 0.0421509 1.49647 0.132076 0.0443921 1.82616 0.239055 0.0271795 0.146556 4.02619 0.233699 0.0551649 0.414372 4.65701
$selectivity
 0.247512 1.23922 1.68188 0.100195 1.73119
$RunSize
 0 3979.74 0 0 0 2782.72 8.51429e+06 239737 6.52736e-09 0 394215 2.16025e+06 277975 0 0 1.11898e-08 2.79744e-09 0 0 1.86496e-09 0 0 0 8356.83 95667.4 78789.3 1.86496e-09 0 441.045 97339.4 711.435 0 0 1.86496e-09 1.86496e-09 0 0 1.86496e-09 0 0 0 11588.6 550695 222505 1.86496e-09 0 32132.6 1.10747e+06 363457 0 0 5490.83 1.86496e-09 0 0 1.86496e-09 0 0 0 0 21919.1 32663 1.86496e-09 0 22627 1.38893e+06 267744 0 0 74946.3 13847.1 0 0 321.282 0 0 0 87.1233 40612.2 7033.25 1841.86 0 2436.41 190119 17768.5 0 0 1.86496e-09 1.86496e-09 0
