$ndistricts
3
$ngroups
90
$nstocks
5
$nagecomps
18
$AgeCompLabels
 0.1 0.2 0.3 0.4 0.5 1.1 1.2 1.3 1.4 1.5 2.1 2.2 2.3 2.4 3.1 3.2 3.3 3.4
$navailpar
15
$nselectpar
5
$GENdata
 -1 -1 -1
$maxGradient
2.92399
#LIKELIHOOD_VALUES_AND_PENALTIES
$totalNLL
799.424
$NLLcatch
0.677374
$NLLescape
-10.3704
$NLLagecompCatch
328.474
$NLLagecompEsc
480.639
$NLLgenetics
0
$NLLselOne
0.00135673
$NLLavailOne
0.00216271
$NLLextra
3.3e-198
$sigmaCat
0.5
$sigmaEsc
0.05
#OBSERVED_AND_PREDICTED_VALUES
$predEsc
 2.39846e+06 187209 931842 635985 527452
$obsEsc
 2.38739e+06 187302 935754 634014 529752
$predCatch
 5.85738e+06 1.30668e+06 954068
$obsCatch
 5.85738e+06 1.30668e+06 954068
$RunSize
 0 1388.18 12420.2 0.333961 0 0 288323 748551 10.0135 0 1676.23 3.90422e+06 983053 0 0 928.871 1211.09 0 0 356.279 404.272 4.50171 0 7778.78 224841 197234 4351.67 0 2221.21 11490.2 15062.7 0 0 9.97928e-06 0.00869266 0 0 12.1187 0.0985611 41.6135 0 3162.48 305311 2.22782e+06 23.2701 0 3762.37 182651 447362 0 0 17.757 0.917131 0 0 1.60215 1603.49 0.22473 0 0 48430.7 466911 1308.03 0 450.354 482790 694322 0 0 5517.21 3543.63 0 0 1.74808 0.227254 133.335 0 0 84070.7 1.331e+06 434.244 0 1.63069 35234.3 65859.2 0 0 1514.57 264.635 0
$SSageCompEsc
 1909 574 1165 564 755
$obsAgeCompEsc
0 0 0 0 0 0 0.050314 0.121501 0 0 0.000501405 0.666399 0.161284 0 0 0 0 0 
0 0.000737599 0.000737599 0 0 0.0290058 0.506906 0.395546 0.00280749 0 0.00804835 0.0259229 0.0302882 0 0 0 0 0 
0 0 0 0 0 0.00252173 0.107085 0.685496 0 0 0.00221491 0.0639592 0.138723 0 0 0 0 0 
0 0 0 0 0 0 0.0372175 0.263214 0 0 0.000558117 0.329323 0.364408 0 0 0.00472103 0.000558117 0 
0 0 0 0 0 0 0.0838037 0.864677 0 0 0 0.0174847 0.0340349 0 0 0 0 0 
$predAgeCompEsc
0 0.000242122 0.0019063 1.28495e-08 0 0 0.0502885 0.11489 3.8528e-07 0 0.000480083 0.680962 0.150882 0 0 0.000162011 0.000185883 0 
0 0.000805888 0.000808406 2.61184e-06 0 0.0285997 0.50858 0.394401 0.00252479 0 0.00816658 0.0259903 0.0301202 0 0 2.25727e-11 1.73824e-08 0 
0 4.37951e-06 3.01732e-08 1.0491e-06 0 0.00213489 0.110334 0.682017 5.86655e-07 0 0.00253985 0.066007 0.136954 0 0 6.41709e-06 2.80768e-07 0 
0 1.03937e-06 0.000895384 3.22677e-13 0 0 0.0314189 0.260721 1.87812e-09 0 0.000494423 0.313204 0.387706 0 0 0.00357923 0.00197875 0 
0 1.32385e-06 1.47774e-07 1.33887e-06 0 0 0.0636681 0.865494 4.36044e-06 0 2.12271e-06 0.0266835 0.0428256 0 0 0.00114701 0.000172082 0 
$SSageCompCatch
 2760 2619 1406
$obsAgeCompCatch
0 0.000564588 0.00297665 0 0 0 0.0932523 0.339985 0.000665569 0 0.000920851 0.416391 0.144379 0 0 0.000538101 0.000326844 0 
0 0 0.00245763 0 0 0 0.0306941 0.36685 0.00102677 0 0 0.244013 0.351669 0 0 0.000449837 0.00283955 0 
0 0 0 9.51192e-05 0 0 0.0276769 0.783459 0.000571672 0 0 0.0944983 0.0905875 0 0 0.00250391 0.000607911 0 
$predAgeCompCatch
0 0.00016379 0.00131539 8.41911e-06 0 0.000587438 0.0812976 0.363394 0.000661949 0 0.000427051 0.389887 0.161916 0 0 0.000166357 0.000174732 0 
0 3.92393e-05 0.000975213 1.70431e-05 0 9.77209e-05 0.0410657 0.35672 0.00096766 0 0.000169775 0.274989 0.321386 0 0 0.00211362 0.00145951 0 
0 1.28334e-05 0.00016373 0.000111335 0 3.06331e-05 0.0512766 0.80666 0.000533588 0 2.71784e-05 0.0633509 0.0765122 0 0 0.0010128 0.000308563 0 
$genSS
 -1 -1 -1
$obsGenComp     #GeneticFracData
0 0 0 0 0 
0 0 0 0 0 
0 0 0 0 0 
$predGenComp     #catchGenComp_pred
0 0 0 0 0 
0 0 0 0 0 
0 0 0 0 0 
#PARAMETERS_OF_INTEREST
$catchByGroup
0 0 0 
756.172 42.4288 8.85798 
7328.89 429.359 89.785 
0.276098 0.0223143 0.00472891 
0 0 0 
0 0 0 
157056 8812.4 1839.79 
441703 25877 5411.23 
8.27854 0.669073 0.141792 
0 0 0 
496.892 23.0895 4.78787 
2.12671e+06 119330 24912.8 
580078 33983.5 7106.43 
0 0 0 
0 0 0 
505.976 28.3903 5.92713 
714.64 41.8668 8.75493 
0 0 0 
0 0 0 
195.508 7.50805 2.39389 
240.212 9.64202 3.07726 
3.73703 0.208617 0.0671086 
0 0 0 
2327.58 73.6804 23.3984 
123381 4738.19 1510.74 
117194 4704.1 1501.32 
3612.47 201.664 64.8719 
0 0 0 
664.635 21.0393 6.68135 
6305.23 242.139 77.2042 
8950.01 359.25 114.655 
0 0 0 
0 0 0 
5.47612e-06 2.10299e-07 6.70522e-08 
0.00516505 0.000207323 6.61672e-05 
0 0 0 
0 0 0 
7.52948 0.458289 0.0499198 
0.0657709 0.00421358 0.000460018 
36.8302 3.42473 0.380919 
0 0 0 
1113.26 54.0097 5.82764 
189693 11545.8 1257.65 
1.48665e+06 95241.2 10398 
20.5954 1.9151 0.213009 
0 0 0 
1324.44 64.2546 6.93306 
113483 6907.23 752.382 
298530 19125.1 2087.99 
0 0 0 
0 0 0 
11.0326 0.671509 0.0731452 
0.612011 0.0392082 0.00428056 
0 0 0 
0 0 0 
0.120113 0.765141 0.055866 
135.551 835.271 63.221 
0.0358169 0.171828 0.017085 
0 0 0 
0 0 0 
3630.86 23129.2 1688.75 
39470.1 243217 18408.9 
208.47 1000.11 99.4419 
0 0 0 
15.4123 113.411 7.0859 
36194.8 230567 16834.6 
58694.2 361677 27375.1 
0 0 0 
0 0 0 
413.627 2634.87 192.382 
299.559 1845.9 139.715 
0 0 0 
0 0 0 
0.0505324 0.112993 0.88629 
0.00743096 0.0165753 0.125304 
8.43475 18.4424 105.751 
0 0 0 
0 0 0 
2430.26 5434.2 42624.4 
43522.2 97079.2 733889 
27.4703 60.0633 344.411 
0 0 0 
0.0212345 0.0479706 0.441857 
1018.53 2277.49 17864 
2153.53 4803.59 36313.6 
0 0 0 
0 0 0 
43.7822 97.8995 767.898 
8.65328 19.3018 145.915 
0 0 0 
$escByGroup
 5e-101 580.72 4572.17 0.0308191 5e-101 5e-101 120615 275559 0.924079 5e-101 1151.46 1.63326e+06 361885 5e-101 5e-101 388.577 445.832 5e-101 5e-101 150.869 151.341 0.488959 5e-101 5354.12 95210.6 73835.3 472.662 5e-101 1528.85 4865.61 5638.76 5e-101 5e-101 4.22581e-06 0.00325413 5e-101 5e-101 4.08101 0.0281167 0.977598 5e-101 1989.38 102814 635532 0.54667 5e-101 2366.74 61508.2 127620 5e-101 5e-101 5.97971 0.261631 5e-101 5e-101 0.661026 569.45 2.05217e-07 5e-101 5e-101 19981.9 165815 0.00119445 5e-101 314.445 199193 246575 5e-101 5e-101 2276.34 1258.45 5e-101 5e-101 0.698268 0.0779438 0.706191 5e-101 5e-101 33581.9 456507 2.29992 5e-101 1.11963 14074.3 22588.5 5e-101 5e-101 604.992 90.7648 5e-101
$catchByGroup
0 756.172 7328.89 0.276098 0 0 157056 441703 8.27854 0 496.892 2.12671e+06 580078 0 0 505.976 714.64 0 0 195.508 240.212 3.73703 0 2327.58 123381 117194 3612.47 0 664.635 6305.23 8950.01 0 0 5.47612e-06 0.00516505 0 0 7.52948 0.0657709 36.8302 0 1113.26 189693 1.48665e+06 20.5954 0 1324.44 113483 298530 0 0 11.0326 0.612011 0 0 0.120113 135.551 0.0358169 0 0 3630.86 39470.1 208.47 0 15.4123 36194.8 58694.2 0 0 413.627 299.559 0 0 0.0505324 0.00743096 8.43475 0 0 2430.26 43522.2 27.4703 0 0.0212345 1018.53 2153.53 0 0 43.7822 8.65328 0 
0 42.4288 429.359 0.0223143 0 0 8812.4 25877 0.669073 0 23.0895 119330 33983.5 0 0 28.3903 41.8668 0 0 7.50805 9.64202 0.208617 0 73.6804 4738.19 4704.1 201.664 0 21.0393 242.139 359.25 0 0 2.10299e-07 0.000207323 0 0 0.458289 0.00421358 3.42473 0 54.0097 11545.8 95241.2 1.9151 0 64.2546 6907.23 19125.1 0 0 0.671509 0.0392082 0 0 0.765141 835.271 0.171828 0 0 23129.2 243217 1000.11 0 113.411 230567 361677 0 0 2634.87 1845.9 0 0 0.112993 0.0165753 18.4424 0 0 5434.2 97079.2 60.0633 0 0.0479706 2277.49 4803.59 0 0 97.8995 19.3018 0 
0 8.85798 89.785 0.00472891 0 0 1839.79 5411.23 0.141792 0 4.78787 24912.8 7106.43 0 0 5.92713 8.75493 0 0 2.39389 3.07726 0.0671086 0 23.3984 1510.74 1501.32 64.8719 0 6.68135 77.2042 114.655 0 0 6.70522e-08 6.61672e-05 0 0 0.0499198 0.000460018 0.380919 0 5.82764 1257.65 10398 0.213009 0 6.93306 752.382 2087.99 0 0 0.0731452 0.00428056 0 0 0.055866 63.221 0.017085 0 0 1688.75 18408.9 99.4419 0 7.0859 16834.6 27375.1 0 0 192.382 139.715 0 0 0.88629 0.125304 105.751 0 0 42624.4 733889 344.411 0 0.441857 17864 36313.6 0 0 767.898 145.915 0 
$Fmort
 0.838019 0.254147 0.239347
#ESTIMATED_PARAMETERS
$availability
1.47976 1.49647 1.82616 0.146556 0.0551649 
0.19249 0.132076 0.239055 4.02619 0.414372 
0.0421509 0.0443921 0.0271795 0.233699 4.65701 
$availabilityVector
 1.47976 0.19249 0.0421509 1.49647 0.132076 0.0443921 1.82616 0.239055 0.0271795 0.146556 4.02619 0.233699 0.0551649 0.414372 4.65701
$selectivity
 0.283528 0.634519 0.719143 1.4136 1.95504
$RunSize
 0 1388.18 12420.2 0.333961 0 0 288323 748551 10.0135 0 1676.23 3.90422e+06 983053 0 0 928.871 1211.09 0 0 356.279 404.272 4.50171 0 7778.78 224841 197234 4351.67 0 2221.21 11490.2 15062.7 0 0 9.97928e-06 0.00869266 0 0 12.1187 0.0985611 41.6135 0 3162.48 305311 2.22782e+06 23.2701 0 3762.37 182651 447362 0 0 17.757 0.917131 0 0 1.60215 1603.49 0.22473 0 0 48430.7 466911 1308.03 0 450.354 482790 694322 0 0 5517.21 3543.63 0 0 1.74808 0.227254 133.335 0 0 84070.7 1.331e+06 434.244 0 1.63069 35234.3 65859.2 0 0 1514.57 264.635 0
