$ndistricts
3
$ngroups
90
$nstocks
5
$nagecomps
18
$AgeCompLabels
 0.1 0.2 0.3 0.4 0.5 1.1 1.2 1.3 1.4 1.5 2.1 2.2 2.3 2.4 3.1 3.2 3.3 3.4
$navailpar
15
$nselectpar
5
$GENdata
 -1 -1 -1
$maxGradient
4.82943e-06
#LIKELIHOOD_VALUES_AND_PENALTIES
$totalNLL
728.468
$NLLcatch
0.677374
$NLLescape
-6.80378
$NLLagecompCatch
0
$NLLagecompEsc
734.592
$NLLgenetics
0
$NLLselOne
1.707e-15
$NLLavailOne
0.00216271
$NLLextra
2.3e-198
$sigmaCat
0.5
$sigmaEsc
0.1
#OBSERVED_AND_PREDICTED_VALUES
$predEsc
 8.67092e+06 621174 976795 1.91201e+06 1.06764e+06
$obsEsc
 8.35594e+06 618464 990810 1.89798e+06 1.09507e+06
$predCatch
 1.50793e+07 1.07502e+07 4.3528e+06
$obsCatch
 1.50793e+07 1.07502e+07 4.3528e+06
$RunSize
 0 4.78956e-09 7341.98 1824.51 0 1049.93 1.54322e+06 1.02788e+06 1839.69 0 76131.3 1.74484e+07 427796 4.78956e-09 0 4.78956e-09 4.78956e-09 0 0 7.18434e-09 2744.26 1187.73 0 16560.1 2.1553e-08 1.14255e+06 17031.8 0 2.63426e-08 590310 7.18434e-09 1.43687e-08 0 7.6633e-08 9.57912e-09 0 0 2023.91 4.78956e-09 4.78956e-09 0 9082.71 592926 768793 17683.8 0 43518 1.26822e+06 667260 10529.1 0 4.78956e-09 4.78956e-09 0 927.697 4316.52 4.78956e-09 4.78956e-09 0 1408.7 382350 243870 5582.04 0 70958.8 5.02848e+06 6.28084e+06 42812.2 2066.57 250082 64353.5 0 0 421.972 10330.3 4.78956e-09 0 6491.42 360201 392821 18630.6 0 11904.3 2.41494e+06 2.10731e+06 37733.7 0 5717.86 354.892 0
$SSageCompEsc
 2805 0 1482 3873 1861
$obsAgeCompEsc
0 0 0.000234065 6.126e-05 0 0.000111545 0.092273 0.0322778 6.126e-05 0 0.00863157 0.843383 0.0229665 0 0 0 0 0 
0 0 0 0 0 0 0.601116 0.250188 0 0 0 0.102692 0.0460043 0 0 0 0 0 
0 0.000780552 0 0 0 0.0084481 0.213229 0.147158 0.00349352 0 0.0408649 0.439394 0.144367 0.00226557 0 0 0 0 
0.000454791 0.000435125 0 0 0 0.0006891 0.0559235 0.00831303 0.000454791 0 0.034332 0.6197 0.249019 0.00276571 0.00101311 0.0252235 0.00167635 0 
0 0 0 0 0 0.00558036 0.106733 0.0312781 0 0 0.00989002 0.66433 0.178179 0.00364347 0 0.000365991 0 0 
$predAgeCompEsc
0 2.38124e-16 0.000237271 5.96341e-05 0 0.000114106 0.0767248 0.0332179 6.01302e-05 0 0.0082739 0.867487 0.0138251 1.56547e-16 0 2.38124e-16 1.54784e-16 0 
0 5.10797e-15 0.00130919 0.000572462 0 0.0251374 1.53239e-14 0.545069 0.008209 0 3.99868e-14 0.419703 3.42739e-15 6.92542e-15 0 5.4485e-14 4.56985e-15 0 
0 0.000719259 9.41093e-16 9.56748e-16 0 0.00864391 0.210715 0.151059 0.00353247 0 0.0414156 0.450703 0.131109 0.00210327 0 1.70212e-15 9.41093e-16 0 
0.000444083 0.00054698 1.77477e-16 1.86264e-16 0 0.000674334 0.0484506 0.00903657 0.000217083 0 0.0339676 0.637198 0.232736 0.00166495 0.000989253 0.0316899 0.00238461 0 
0 0.000111665 0.000997455 4.79325e-16 0 0.00561943 0.0953187 0.0379295 0.00186449 0 0.0103052 0.639056 0.203474 0.00377628 0 0.00151309 3.42672e-05 0 
$SSageCompCatch
 7279 7714 5156
$obsAgeCompCatch
0 0 0.000465572 0.00015437 0 0.000306571 0.0622744 0.136085 0.00185225 0 0.000386859 0.747787 0.0490391 0.000570961 0 0.000929088 0.000148279 0 
0 0.00032238 0.000151905 0 0 0 0.0263248 0.0399928 0.000211366 0 0.000364781 0.436663 0.470712 0.00231702 0 0.0179876 0.00495276 0 
0 0.000301509 0.00279024 0 0 0 0.0428755 0.0838666 0.00540256 0 0.000474416 0.368117 0.479325 0.0072615 0 0.00803555 0.00155012 0 
$predAgeCompCatch
3.32627e-07 9.93217e-05 0.000454648 0.000127702 0 0.000103578 0.0779457 0.131552 0.00172162 0 0.000484503 0.689861 0.0952252 0.000863246 7.4097e-07 0.0011492 0.000411878 0 
6.55176e-06 0.000274308 0.000193883 1.66568e-05 0 2.31405e-05 0.0365724 0.0401657 0.000864476 0 0.000555718 0.411906 0.486086 0.00363414 1.45949e-05 0.015065 0.00462115 0 
7.24968e-07 0.000102972 0.00173244 8.00575e-06 0 0.000102437 0.05621 0.0754647 0.00322484 0 0.000249692 0.412656 0.439161 0.00682792 1.61496e-06 0.0032879 0.000970229 0 
$genSS
 -1 -1 -1
$obsGenComp     #GeneticFracData
0 0 0 0 0 
0 0 0 0 0 
0 0 0 0 0 
$predGenComp     #catchGenComp_pred
0 0 0 0 0 
0 0 0 0 0 
0 0 0 0 0 
#PARAMETERS_OF_INTEREST
$catchByGroup
0 0 0 
2.45478e-09 2.31545e-10 3.84819e-11 
4700.96 499.861 83.7983 
1163.39 123.36 20.6762 
0 0 0 
55.9275 3.95599 0.645055 
790943 74605.2 12399.1 
658135 69980.6 11731.8 
1173.07 124.386 20.8481 
0 0 0 
4055.35 286.852 46.7735 
8.94277e+06 843521 140190 
273912 29125.5 4882.69 
3.05404e-09 3.23834e-10 5.42774e-11 
0 0 0 
2.45478e-09 2.31545e-10 3.84819e-11 
3.06669e-09 3.26086e-10 5.46661e-11 
0 0 0 
0 0 0 
3.71046e-09 2.40158e-10 6.0779e-11 
1768.44 129.609 32.9773 
762.256 55.7039 14.1712 
0 0 0 
891.807 42.8382 10.715 
1.11314e-08 7.20475e-10 1.82337e-10 
736275 53961.6 13729.8 
10930.6 798.783 203.213 
0 0 0 
1.41862e-09 6.81439e-11 1.70446e-11 
304875 19732.9 4993.98 
4.62969e-09 3.3931e-10 8.63328e-11 
9.22147e-09 6.73884e-10 1.71438e-10 
0 0 0 
3.95783e-08 2.56169e-09 6.48309e-10 
6.17292e-09 4.52414e-10 1.1511e-10 
0 0 0 
0 0 0 
1190.05 120.793 10.5005 
3.43341e-09 4.01574e-10 3.53213e-11 
3.42112e-09 3.98826e-10 3.50696e-11 
0 0 0 
593.298 42.4817 3.59861 
348637 35387.6 3076.22 
551112 64458.5 5669.58 
12631.3 1472.53 129.483 
0 0 0 
2842.67 203.543 17.242 
745708 75691.5 6579.81 
478327 55945.6 4920.81 
7520.82 876.759 77.0955 
0 0 0 
2.81623e-09 2.85856e-10 2.48492e-11 
3.43341e-09 4.01574e-10 3.53213e-11 
0 0 0 
5.01577 70.4328 3.15564 
296.498 2785.38 188.808 
4.61257e-10 3.69363e-09 2.95333e-10 
4.58121e-10 3.68201e-09 2.93287e-10 
0 0 0 
7.61638 106.951 4.7918 
26263.3 246724 16724.3 
23485.8 188068 15037.5 
533.922 4291.24 341.815 
0 0 0 
383.652 5387.34 241.372 
345402 3.24479e+06 219949 
604874 4.84369e+06 387288 
4094.98 32912.2 2621.59 
11.1733 156.898 7.0296 
17177.9 161374 10938.8 
6197.54 49628.4 3968.15 
0 0 0 
0 0 0 
11.153 42.6938 248.908 
386.342 1454.81 7424.18 
1.77868e-10 6.70046e-10 3.4299e-09 
0 0 0 
13.2332 52.538 426.137 
9520.33 36444.1 212471 
14691.1 55321 282314 
691.877 2606.36 13341.7 
0 0 0 
24.2677 96.3467 781.471 
63828.2 244336 1.42449e+06 
78811.3 296772 1.51449e+06 
1401.3 5278.84 27021.9 
0 0 0 
151.126 578.515 3372.78 
13.2726 49.9795 255.055 
0 0 0 
$escByGroup
 5e-101 2.06475e-09 2057.35 517.083 5e-101 989.401 665275 288030 521.384 5e-101 71742.3 7.52191e+06 119876 1.3574e-09 5e-101 2.06475e-09 1.34212e-09 5e-101 5e-101 3.17294e-09 813.234 355.599 5e-101 15614.7 9.51881e-09 338582 5099.21 5e-101 2.48388e-08 260709 2.129e-09 4.30189e-09 5e-101 3.38447e-08 2.83867e-09 5e-101 5e-101 702.568 9.19254e-10 9.34547e-10 5e-101 8443.33 205825 147554 3450.5 5e-101 40454.6 440244 128066 2054.46 5e-101 1.66262e-09 9.19254e-10 5e-101 849.093 1045.83 3.39338e-10 3.56139e-10 5e-101 1289.34 92638.2 17278 415.066 5e-101 64946.4 1.21833e+06 444995 3183.4 1891.47 60591.5 4559.41 5e-101 5e-101 119.218 1064.92 5.11746e-10 5e-101 5999.52 101766 40495 1990.61 5e-101 11002.2 682280 217237 4031.7 5e-101 1615.44 36.585 5e-101
$catchByGroup
0 2.45478e-09 4700.96 1163.39 0 55.9275 790943 658135 1173.07 0 4055.35 8.94277e+06 273912 3.05404e-09 0 2.45478e-09 3.06669e-09 0 0 3.71046e-09 1768.44 762.256 0 891.807 1.11314e-08 736275 10930.6 0 1.41862e-09 304875 4.62969e-09 9.22147e-09 0 3.95783e-08 6.17292e-09 0 0 1190.05 3.43341e-09 3.42112e-09 0 593.298 348637 551112 12631.3 0 2842.67 745708 478327 7520.82 0 2.81623e-09 3.43341e-09 0 5.01577 296.498 4.61257e-10 4.58121e-10 0 7.61638 26263.3 23485.8 533.922 0 383.652 345402 604874 4094.98 11.1733 17177.9 6197.54 0 0 11.153 386.342 1.77868e-10 0 13.2332 9520.33 14691.1 691.877 0 24.2677 63828.2 78811.3 1401.3 0 151.126 13.2726 0 
0 2.31545e-10 499.861 123.36 0 3.95599 74605.2 69980.6 124.386 0 286.852 843521 29125.5 3.23834e-10 0 2.31545e-10 3.26086e-10 0 0 2.40158e-10 129.609 55.7039 0 42.8382 7.20475e-10 53961.6 798.783 0 6.81439e-11 19732.9 3.3931e-10 6.73884e-10 0 2.56169e-09 4.52414e-10 0 0 120.793 4.01574e-10 3.98826e-10 0 42.4817 35387.6 64458.5 1472.53 0 203.543 75691.5 55945.6 876.759 0 2.85856e-10 4.01574e-10 0 70.4328 2785.38 3.69363e-09 3.68201e-09 0 106.951 246724 188068 4291.24 0 5387.34 3.24479e+06 4.84369e+06 32912.2 156.898 161374 49628.4 0 0 42.6938 1454.81 6.70046e-10 0 52.538 36444.1 55321 2606.36 0 96.3467 244336 296772 5278.84 0 578.515 49.9795 0 
0 3.84819e-11 83.7983 20.6762 0 0.645055 12399.1 11731.8 20.8481 0 46.7735 140190 4882.69 5.42774e-11 0 3.84819e-11 5.46661e-11 0 0 6.0779e-11 32.9773 14.1712 0 10.715 1.82337e-10 13729.8 203.213 0 1.70446e-11 4993.98 8.63328e-11 1.71438e-10 0 6.48309e-10 1.1511e-10 0 0 10.5005 3.53213e-11 3.50696e-11 0 3.59861 3076.22 5669.58 129.483 0 17.242 6579.81 4920.81 77.0955 0 2.48492e-11 3.53213e-11 0 3.15564 188.808 2.95333e-10 2.93287e-10 0 4.7918 16724.3 15037.5 341.815 0 241.372 219949 387288 2621.59 7.0296 10938.8 3968.15 0 0 248.908 7424.18 3.4299e-09 0 426.137 212471 282314 13341.7 0 781.471 1.42449e+06 1.51449e+06 27021.9 0 3372.78 255.055 0 
$Fmort
 0.391175 0.207383 0.15418
#ESTIMATED_PARAMETERS
$availability
1.47976 1.49647 1.82616 0.146556 0.0551649 
0.19249 0.132076 0.239055 4.02619 0.414372 
0.0421509 0.0443921 0.0271795 0.233699 4.65701 
$availabilityVector
 1.47976 0.19249 0.0421509 1.49647 0.132076 0.0443921 1.82616 0.239055 0.0271795 0.146556 4.02619 0.233699 0.0551649 0.414372 4.65701
$selectivity
 0.0945658 1.2413 1.76635 1.75372 0.144068
$RunSize
 0 4.78956e-09 7341.98 1824.51 0 1049.93 1.54322e+06 1.02788e+06 1839.69 0 76131.3 1.74484e+07 427796 4.78956e-09 0 4.78956e-09 4.78956e-09 0 0 7.18434e-09 2744.26 1187.73 0 16560.1 2.1553e-08 1.14255e+06 17031.8 0 2.63426e-08 590310 7.18434e-09 1.43687e-08 0 7.6633e-08 9.57912e-09 0 0 2023.91 4.78956e-09 4.78956e-09 0 9082.71 592926 768793 17683.8 0 43518 1.26822e+06 667260 10529.1 0 4.78956e-09 4.78956e-09 0 927.697 4316.52 4.78956e-09 4.78956e-09 0 1408.7 382350 243870 5582.04 0 70958.8 5.02848e+06 6.28084e+06 42812.2 2066.57 250082 64353.5 0 0 421.972 10330.3 4.78956e-09 0 6491.42 360201 392821 18630.6 0 11904.3 2.41494e+06 2.10731e+06 37733.7 0 5717.86 354.892 0
