$ndistricts
3
$ngroups
90
$nstocks
5
$nagecomps
18
$AgeCompLabels
 0.1 0.2 0.3 0.4 0.5 1.1 1.2 1.3 1.4 1.5 2.1 2.2 2.3 2.4 3.1 3.2 3.3 3.4
$navailpar
15
$nselectpar
5
$GENdata
 1 1 1
$maxGradient
3.30145e-05
#LIKELIHOOD_VALUES_AND_PENALTIES
$totalNLL
1082.2
$NLLcatch
0.677374
$NLLescape
-6.84576
$NLLagecompCatch
0
$NLLagecompEsc
849.19
$NLLgenetics
239.18
$NLLselOne
4.0727e-16
$NLLavailOne
5.44006e-17
$NLLextra
4.2e-198
$sigmaCat
0.5
$sigmaEsc
0.1
#OBSERVED_AND_PREDICTED_VALUES
$predEsc
 2.80585e+06 2.46466e+06 2.9314e+06 1.48374e+06 2.56368e+06
$obsEsc
 2.81021e+06 2.46641e+06 2.9453e+06 1.4325e+06 2.59919e+06
$predCatch
 4.72845e+06 6.49591e+06 5.02661e+06
$obsCatch
 4.72845e+06 6.49591e+06 5.02662e+06
$RunSize
 0 0 0 0 0 0 2.81143e+06 720527 6433.08 0 3.16464e-09 100115 609680 3.16464e-09 0 3.16464e-09 3.16464e-09 0 0 0 0 0 0 1697.52 2.23884e+06 1.22996e+06 6912.13 0 3.16464e-09 46811.3 34078.3 3.16464e-09 0 3.16464e-09 3.16464e-09 0 0 0 0 0 0 0 2.86223e+06 2.40567e+06 34773.3 0 3.16464e-09 187350 511589 4.74697e-09 0 3.16464e-09 3.16464e-09 0 0 0 0 0 0 23187.4 2.03506e+06 2.29091e+06 3.16464e-09 0 40728.8 1.10254e+06 2.08052e+06 21856.1 0 925.574 7929.04 0 0 0 0 0 0 11991.7 4.63241e+06 2.03336e+06 51449 0 3.16464e-09 245848 113497 3.16464e-09 0 3.16464e-09 3.16464e-09 0
$SSageCompEsc
 1354 1313 1486 1392 1304
$obsAgeCompEsc
0 0 0 0 0 0 0.709965 0.147942 0.00130267 0 0 0.0234597 0.117331 0 0 0 0 0 
0 0 0 0 0 0.000678743 0.667759 0.30849 0.00172479 0 0 0.0132121 0.00813602 0 0 0 0 0 
0 0 0 0 0 0 0.569801 0.332471 0.00460143 0 0 0.03241 0.0607165 0 0 0 0 0 
0 0 0 0 0 0.0150673 0.389392 0.211735 0 0 0.02541 0.154796 0.198637 0.00496228 0 0 0 0 
0 0 0 0 0 0.00445581 0.790815 0.164596 0.00110997 0 0 0.0252406 0.0137828 0 0 0 0 0 
$predAgeCompEsc
0 0 0 0 0 0 0.692995 0.152171 0.00139456 0 1.09366e-15 0.0246776 0.128761 6.86031e-16 0 7.8006e-16 6.68356e-16 0 
0 0 0 0 0 0.000670271 0.658203 0.316768 0.00182018 0 1.24957e-15 0.0137622 0.00877666 8.33349e-16 0 9.30384e-16 8.15036e-16 0 
0 0 0 0 0 0 0.537705 0.347863 0.00525965 0 1.02788e-15 0.035196 0.0739765 7.18005e-16 0 5.94518e-16 4.57612e-16 0 
0 0 0 0 0 0.0142468 0.387004 0.189227 3.11328e-16 0 0.0250246 0.209667 0.171849 0.00215014 0 0.000176015 0.000654932 0 
0 0 0 0 0 0.0043528 0.732346 0.207196 0.00567326 0 1.14871e-15 0.0388666 0.0115652 3.48964e-16 0 5.00305e-16 3.22472e-16 0 
$SSageCompCatch
 4017 4116 4199
$obsAgeCompCatch
0 0 0 0 0 0 0.426679 0.415567 0.00543509 0 0 0.0265396 0.12576 1.90875e-05 0 0 0 0 
0 0 0 0 0 0 0.327298 0.286527 0.000869454 0 0.0010557 0.156851 0.225164 0.000197411 0 0.000286944 0.00175048 0 
0 0 0 0 0 0 0.453507 0.390609 0.0111494 0 0 0.0756632 0.0690426 0 0 0 2.89314e-05 0 
$predAgeCompCatch
0 0 0 0 0 9.04805e-06 0.493505 0.37999 0.00436713 0 1.19613e-06 0.0233428 0.0987721 9.58817e-06 0 3.08167e-07 3.64335e-06 0 
0 0 0 0 0 0.000289116 0.306772 0.3357 0.00133156 0 0.000484007 0.107257 0.244854 0.00235244 0 8.52143e-05 0.000873777 0 
0 0 0 0 0 0.000200156 0.528997 0.330961 0.0063475 0 8.93516e-05 0.0514232 0.0810445 0.000664324 0 2.17669e-05 0.000251481 0 
$genSS
 935 924 737
$obsGenComp     #GeneticFracData
0.251008 0.197581 0.546371 0.00302419 0.00201613 
0.0375635 0.0294416 0.0680203 0.781726 0.0832487 
0.0040282 0 0 0.221551 0.774421 
$predGenComp     #catchGenComp_pred
0.247825 0.190923 0.556147 0.00306872 0.00203681 
0.0386458 0.0293824 0.0678105 0.774668 0.0894932 
0.00387317 1.01971e-09 1.06443e-09 0.213512 0.782615 
#PARAMETERS_OF_INTEREST
$catchByGroup
0 0 0 
0 0 0 
0 0 0 
0 0 0 
0 0 0 
0 0 0 
706503 148975 11511.3 
237318 52170 4069.53 
2040.03 445.433 34.6921 
0 0 0 
7.97086e-11 1.51505e-11 1.14426e-12 
25158.6 5305 409.919 
200808 44144.1 3443.47 
1.00356e-09 2.19123e-10 1.70662e-11 
0 0 0 
7.95265e-10 1.67691e-10 1.29576e-11 
1.04233e-09 2.29137e-10 1.78739e-11 
0 0 0 
0 0 0 
0 0 0 
0 0 0 
0 0 0 
0 0 0 
38.2757 7.25538 1.8984e-07 
510399 106194 0.00284057 
369428 79803.9 0.00215431 
1997.21 428.806 1.15583e-05 
0 0 0 
7.13565e-11 1.35261e-11 3.53915e-19 
10671.8 2220.38 5.93929e-05 
10235.7 2211.12 5.96892e-05 
9.14402e-10 1.96324e-10 5.29182e-18 
0 0 0 
7.21461e-10 1.50107e-10 4.01521e-18 
9.50529e-10 2.05333e-10 5.54298e-18 
0 0 0 
0 0 0 
0 0 0 
0 0 0 
0 0 0 
0 0 0 
0 0 0 
1.10777e+06 178231 0.00215007 
1.18162e+06 204318 0.00249471 
16530 2825.13 3.44264e-05 
0 0 0 
1.33622e-10 1.78835e-11 2.09539e-19 
72509.9 11666.3 0.000140735 
251284 43450.2 0.000530525 
2.25654e-09 3.85664e-10 4.69962e-18 
0 0 0 
1.22481e-09 1.97063e-10 2.37725e-18 
1.55442e-09 2.68779e-10 3.28178e-18 
0 0 0 
0 0 0 
0 0 0 
0 0 0 
0 0 0 
0 0 0 
3.21995 1789.96 255.699 
3203.85 1.21708e+06 240568 
4977.44 1.63994e+06 365231 
6.56458e-12 2.21264e-09 4.83512e-10 
0 0 0 
5.65585 3144.06 449.136 
1735.75 659378 130333 
4520.34 1.48933e+06 331691 
45.3372 15281.2 3339.3 
0 0 0 
1.45715 553.544 109.414 
17.2274 5675.97 1264.1 
0 0 0 
0 0 0 
0 0 0 
0 0 0 
0 0 0 
0 0 0 
1.28765 80.8621 750.407 
5640.16 342283 2.40698e+06 
3416.91 204448 1.29431e+06 
82.5418 4950.3 31871.7 
0 0 0 
3.39814e-13 2.13397e-11 1.98034e-10 
299.331 18165.4 127742 
190.723 11411.8 72245.3 
5.07718e-12 3.04494e-10 1.96044e-09 
0 0 0 
3.85309e-12 2.33832e-10 1.64434e-09 
5.31795e-12 3.18195e-10 2.01442e-09 
0 0 0 
$escByGroup
 5e-101 5e-101 5e-101 5e-101 5e-101 5e-101 1.94444e+06 426970 3912.93 5e-101 3.06864e-09 69241.7 361284 1.9249e-09 5e-101 2.18873e-09 1.87531e-09 5e-101 5e-101 5e-101 5e-101 5e-101 5e-101 1651.99 1.62224e+06 780724 4486.11 5e-101 3.07976e-09 33919.1 21631.4 2.05392e-09 5e-101 2.29308e-09 2.00878e-09 5e-101 5e-101 5e-101 5e-101 5e-101 5e-101 5e-101 1.57623e+06 1.01973e+06 15418.2 5e-101 3.01314e-09 103174 216855 2.10476e-09 5e-101 1.74277e-09 1.34145e-09 5e-101 5e-101 5e-101 5e-101 5e-101 5e-101 21138.5 574212 280763 4.61929e-10 5e-101 37129.9 311091 254979 3190.24 5e-101 261.159 971.747 5e-101 5e-101 5e-101 5e-101 5e-101 5e-101 11159.2 1.8775e+06 531184 14544.4 5e-101 2.94493e-09 99641.4 29649.4 8.94632e-10 5e-101 1.28262e-09 8.26715e-10 5e-101
$catchByGroup
0 0 0 0 0 0 706503 237318 2040.03 0 7.97086e-11 25158.6 200808 1.00356e-09 0 7.95265e-10 1.04233e-09 0 0 0 0 0 0 38.2757 510399 369428 1997.21 0 7.13565e-11 10671.8 10235.7 9.14402e-10 0 7.21461e-10 9.50529e-10 0 0 0 0 0 0 0 1.10777e+06 1.18162e+06 16530 0 1.33622e-10 72509.9 251284 2.25654e-09 0 1.22481e-09 1.55442e-09 0 0 0 0 0 0 3.21995 3203.85 4977.44 6.56458e-12 0 5.65585 1735.75 4520.34 45.3372 0 1.45715 17.2274 0 0 0 0 0 0 1.28765 5640.16 3416.91 82.5418 0 3.39814e-13 299.331 190.723 5.07718e-12 0 3.85309e-12 5.31795e-12 0 
0 0 0 0 0 0 148975 52170 445.433 0 1.51505e-11 5305 44144.1 2.19123e-10 0 1.67691e-10 2.29137e-10 0 0 0 0 0 0 7.25538 106194 79803.9 428.806 0 1.35261e-11 2220.38 2211.12 1.96324e-10 0 1.50107e-10 2.05333e-10 0 0 0 0 0 0 0 178231 204318 2825.13 0 1.78835e-11 11666.3 43450.2 3.85664e-10 0 1.97063e-10 2.68779e-10 0 0 0 0 0 0 1789.96 1.21708e+06 1.63994e+06 2.21264e-09 0 3144.06 659378 1.48933e+06 15281.2 0 553.544 5675.97 0 0 0 0 0 0 80.8621 342283 204448 4950.3 0 2.13397e-11 18165.4 11411.8 3.04494e-10 0 2.33832e-10 3.18195e-10 0 
0 0 0 0 0 0 11511.3 4069.53 34.6921 0 1.14426e-12 409.919 3443.47 1.70662e-11 0 1.29576e-11 1.78739e-11 0 0 0 0 0 0 1.8984e-07 0.00284057 0.00215431 1.15583e-05 0 3.53915e-19 5.93929e-05 5.96892e-05 5.29182e-18 0 4.01521e-18 5.54298e-18 0 0 0 0 0 0 0 0.00215007 0.00249471 3.44264e-05 0 2.09539e-19 0.000140735 0.000530525 4.69962e-18 0 2.37725e-18 3.28178e-18 0 0 0 0 0 0 255.699 240568 365231 4.83512e-10 0 449.136 130333 331691 3339.3 0 109.414 1264.1 0 0 0 0 0 0 750.407 2.40698e+06 1.29431e+06 31871.7 0 1.98034e-10 127742 72245.3 1.96044e-09 0 1.64434e-09 2.01442e-09 0 
$Fmort
 3.80738 4.22878 3.15836
#ESTIMATED_PARAMETERS
$availability
1.39089 1.24348 2.3522 0.00757203 0.00585498 
0.235582 0.210268 0.278198 3.94381 0.332145 
0.02377 7.35064e-09 4.35202e-09 0.728842 4.24739 
$availabilityVector
 1.39089 0.235582 0.02377 1.24348 0.210268 7.35064e-09 2.3522 0.278198 4.35202e-09 0.00757203 3.94381 0.728842 0.00585498 0.332145 4.24739
$selectivity
 0.00481712 0.0546509 0.0754453 0.0720268 4.79306
$RunSize
 0 0 0 0 0 0 2.81143e+06 720527 6433.08 0 3.16464e-09 100115 609680 3.16464e-09 0 3.16464e-09 3.16464e-09 0 0 0 0 0 0 1697.52 2.23884e+06 1.22996e+06 6912.13 0 3.16464e-09 46811.3 34078.3 3.16464e-09 0 3.16464e-09 3.16464e-09 0 0 0 0 0 0 0 2.86223e+06 2.40567e+06 34773.3 0 3.16464e-09 187350 511589 4.74697e-09 0 3.16464e-09 3.16464e-09 0 0 0 0 0 0 23187.4 2.03506e+06 2.29091e+06 3.16464e-09 0 40728.8 1.10254e+06 2.08052e+06 21856.1 0 925.574 7929.04 0 0 0 0 0 0 11991.7 4.63241e+06 2.03336e+06 51449 0 3.16464e-09 245848 113497 3.16464e-09 0 3.16464e-09 3.16464e-09 0
