$ndistricts
3
$ngroups
90
$nstocks
5
$nagecomps
18
$AgeCompLabels
 0.1 0.2 0.3 0.4 0.5 1.1 1.2 1.3 1.4 1.5 2.1 2.2 2.3 2.4 3.1 3.2 3.3 3.4
$navailpar
15
$nselectpar
5
$GENdata
 1 1 -1
$maxGradient
4.7984e-05
#LIKELIHOOD_VALUES_AND_PENALTIES
$totalNLL
1110.14
$NLLcatch
0.677374
$NLLescape
-6.91514
$NLLagecompCatch
0
$NLLagecompEsc
920.988
$NLLgenetics
195.385
$NLLselOne
3.20454e-15
$NLLavailOne
0.000785146
$NLLextra
2.26025e-12
$sigmaCat
0.5
$sigmaEsc
0.1
#OBSERVED_AND_PREDICTED_VALUES
$predEsc
 1.50266e+06 556229 1.02653e+06 1.10708e+06 651881
$obsEsc
 1.50373e+06 556193 1.02566e+06 1.104e+06 656641
$predCatch
 362889 7.51739e+06 1.40269e+06
$obsCatch
 362889 7.51739e+06 1.40269e+06
$RunSize
 0 1.56866e-09 2.35298e-09 1.56866e-09 0 1670.58 989860 273944 10961.6 0 613.89 684388 216085 1040.2 0 1.56866e-09 1.56866e-09 0 0 3.92164e-09 9596.3 756.26 0 534980 1028.45 138427 5.4903e-09 0 0 1.96082e-08 48915.1 3.13731e-09 0 2379.81 1457.15 0 0 1.56866e-09 1.56866e-09 1.56866e-09 0 3902.07 292030 629583 52291.4 0 11386.5 232928 355682 13217.5 1274.75 1.56866e-09 1.56866e-09 0 0 121.953 7.05895e-09 1498.98 0 7133.33 108448 490627 23343.6 0 28201.3 4.22327e+06 2.37336e+06 30030 2212.66 8348.5 17807.5 0 0 1.56866e-09 2305.74 964.354 0 17753 375083 772102 17569.4 0 4607 859266 253504 1390.84 0 1.56866e-09 1.56866e-09 0
$SSageCompEsc
 1190 0 1013 1545 1245
$obsAgeCompEsc
0 0 0 0 0 0.00110972 0.457348 0.115221 0.00483337 0 0.000408222 0.329873 0.0906673 0.000539361 0 0 0 0 
0 0 0 0 0 0 0.601116 0.250188 0 0 0 0.102692 0.0460043 0 0 0 0 0 
0 0 0 0 0 0.00379983 0.192536 0.376119 0.0326323 0 0.0111003 0.161246 0.211512 0.00981183 0.00124271 0 0 0 
0 0 0 0 0 0.00643495 0.0187452 0.0438356 0.000818585 0 0.0254498 0.673161 0.226501 0.00107094 0.00199679 0.000818585 0.00116801 0 
0 0 0.00122827 0 0 0.0269933 0.227583 0.256573 0.000404486 0 0.00700514 0.398601 0.0816121 0 0 0 0 0 
$predAgeCompEsc
0 7.35071e-16 1.00565e-15 5.87437e-16 0 0.00111072 0.463848 0.117082 0.00410494 0 0.000408157 0.320704 0.0923532 0.000389538 0 7.35071e-16 6.70431e-16 0 
0 1.52636e-15 0.00194295 -8.54722e-13 0 0.958505 0.000400287 0.0280271 -6.20511e-24 0 0 7.63179e-15 0.00990379 -3.54578e-24 0 0.000926254 0.000295027 0 
0 1.05207e-15 9.51292e-16 8.21282e-16 0 0.00379754 0.19586 0.381803 0.0273776 0 0.0110814 0.156221 0.215699 0.00692013 0.0012406 1.05207e-15 9.51292e-16 0 
0 1.95441e-05 6.58891e-16 4.61021e-05 0 0.00641467 0.0173799 0.0457956 0.000717946 0 0.0253601 0.67682 0.221532 0.000923591 0.00198974 0.00133793 0.00166217 0 
0 7.96138e-16 0.000756046 0.000109613 0 0.0271682 0.190365 0.25317 0.00199702 0 0.0070503 0.436102 0.0831232 0.000158089 0 7.96138e-16 5.14358e-16 0 
$SSageCompCatch
 3049 5146 2220
$obsAgeCompCatch
0 0 0.00375075 0.0003805 0 0.000700535 0.248465 0.314511 0.0169593 0 0 0.198977 0.212381 0.00244879 0 0.000682594 0.00074406 0 
0 3.65159e-05 0.00109915 0.000362058 0 0.000113651 0.0574913 0.132727 0.00594324 0 0 0.495237 0.297541 0.00421224 0 0.00198876 0.00324829 0 
0 0 0.000420834 0.000597476 0 0 0.0904018 0.305797 0.0106946 0 0 0.424702 0.165253 0.00213289 0 0 0 0 
$predAgeCompCatch
0 1.39722e-06 0.00366356 0.00038568 0 0.000502802 0.235475 0.307067 0.0230041 0 9.55413e-06 0.218255 0.204177 0.00580997 1.00557e-06 0.000838497 0.00080877 0 
0 1.27787e-05 0.00102293 0.000303088 0 0.000224563 0.0606278 0.127013 0.0062532 0 1.78376e-05 0.493858 0.303108 0.00430647 1.39866e-06 0.0010851 0.00216572 0 
0 2.67087e-06 0.000933388 0.000483863 0 2.89939e-05 0.130903 0.31315 0.00886968 0 7.60029e-06 0.379464 0.163777 0.00169826 1.47849e-07 0.000192865 0.000489285 0 
$genSS
 326 323 -1
$obsGenComp     #GeneticFracData
0.372326 0.0754461 0.455598 0.0947511 0.00187833 
0.0719336 0.0196741 0.0531817 0.785634 0.0695768 
0 0 0 0 0 
$predGenComp     #catchGenComp_pred
0.373657 0.0776182 0.455247 0.0916206 0.00185807 
0.0701579 0.0201739 0.0523937 0.788676 0.0685988 
0 0 0 0 0 
#PARAMETERS_OF_INTEREST
$catchByGroup
0 0 0 
9.26468e-11 3.62646e-10 8.8031e-12 
1.71041e-10 6.54443e-10 1.63585e-11 
1.42673e-10 5.29499e-10 1.37672e-11 
0 0 0 
0.2863 1.23605 0.0264686 
58462.4 228839 5554.97 
19913.3 76193 1904.53 
996.983 3700.07 96.2038 
0 0 0 
0.105207 0.454213 0.00972641 
40420.8 158219 3840.7 
15707.4 60100.5 1502.28 
94.6086 351.118 9.12924 
0 0 0 
9.26468e-11 3.62646e-10 8.8031e-12 
1.14027e-10 4.36295e-10 1.09057e-11 
0 0 0 
0 0 0 
4.44222e-10 2.60524e-09 2.31745e-11 
1328.71 7116.62 70.2502 
129.807 619.464 6.98855 
0 0 0 
181.041 1641.62 8.92684 
116.497 683.223 6.07749 
19166.6 102657 1013.36 
9.42376e-10 4.49719e-09 5.07355e-11 
0 0 0 
0 0 0 
2.22111e-09 1.30262e-08 1.15872e-10 
6772.81 36275.5 358.085 
5.38501e-10 2.56982e-09 2.89917e-11 
0 0 0 
269.571 1580.96 14.0632 
201.757 1080.62 10.6671 
0 0 0 
0 0 0 
1.41389e-10 3.41598e-10 5.68204e-12 
1.73339e-10 4.11744e-10 7.04086e-12 
2.15742e-10 5.0095e-10 8.89121e-12 
0 0 0 
1.03756 2.69717 0.0398652 
26321.8 63593.8 1057.8 
69569.9 165254 2825.86 
7191.81 16699.2 296.39 
0 0 0 
3.02765 7.8705 0.116329 
20994.7 50723.5 843.72 
39303.4 93360.2 1596.47 
1817.85 4221.01 74.9174 
0.338955 0.881128 0.0130234 
1.41389e-10 3.41598e-10 5.68204e-12 
1.73339e-10 4.11744e-10 7.04086e-12 
0 0 0 
0 0 0 
0.507036 96.0623 3.7464 
3.63647e-11 6.02531e-09 2.67829e-10 
9.75064 1366.69 71.5004 
0 0 0 
0.0836714 31.0561 0.626599 
450.889 85424.9 3331.54 
2527.5 418784 18615.3 
151.846 21283.4 1113.47 
0 0 0 
0.330791 122.779 2.47723 
17558.8 3.32667e+06 129739 
12226.6 2.02583e+06 90049.6 
195.34 27379.7 1432.41 
0.0259538 9.63318 0.194363 
34.71 6576.12 256.467 
91.7366 15199.9 675.648 
0 0 0 
0 0 0 
4.16442e-13 3.22954e-10 7.26299e-10 
0.75881 573.128 1239 
0.400989 292.278 600.221 
0 0 0 
0.0132706 11.518 31.0497 
99.5757 77221.8 173666 
254.095 191918 414893 
7.30556 5324.96 10935.3 
0 0 0 
0.00344381 2.98898 8.05757 
228.115 176905 397846 
83.4271 63012.4 136222 
0.578328 421.539 865.672 
0 0 0 
4.16442e-13 3.22954e-10 7.26299e-10 
5.16239e-13 3.89914e-10 8.42926e-10 
0 0 0 
$escByGroup
 5e-101 1.10456e-09 1.51114e-09 8.82717e-10 5e-101 1669.03 697004 175934 6168.32 5e-101 613.32 481908 138775 585.342 5e-101 1.10456e-09 1.00743e-09 5e-101 5e-101 8.49004e-10 1080.73 2.1034e-194 5e-101 533148 222.651 15589.5 2.89732e-183 5e-101 5e-101 4.24502e-09 5508.77 5.07032e-183 5e-101 515.209 164.103 5e-101 5e-101 1.07999e-09 9.76533e-10 8.43073e-10 5e-101 3898.3 201057 391933 28104 5e-101 11375.4 160366 221422 7103.74 1273.52 1.07999e-09 9.76533e-10 5e-101 5e-101 21.6369 7.29446e-10 51.0388 5e-101 7101.56 19241 50699.5 794.825 5e-101 28075.7 749296 245254 1022.49 2202.81 1481.2 1840.16 5e-101 5e-101 5.18987e-10 492.852 71.4543 5e-101 17710.4 124095 165037 1301.82 5e-101 4595.95 284287 54186.4 103.055 5e-101 5.18987e-10 3.353e-10 5e-101
$catchByGroup
0 9.26468e-11 1.71041e-10 1.42673e-10 0 0.2863 58462.4 19913.3 996.983 0 0.105207 40420.8 15707.4 94.6086 0 9.26468e-11 1.14027e-10 0 0 4.44222e-10 1328.71 129.807 0 181.041 116.497 19166.6 9.42376e-10 0 0 2.22111e-09 6772.81 5.38501e-10 0 269.571 201.757 0 0 1.41389e-10 1.73339e-10 2.15742e-10 0 1.03756 26321.8 69569.9 7191.81 0 3.02765 20994.7 39303.4 1817.85 0.338955 1.41389e-10 1.73339e-10 0 0 0.507036 3.63647e-11 9.75064 0 0.0836714 450.889 2527.5 151.846 0 0.330791 17558.8 12226.6 195.34 0.0259538 34.71 91.7366 0 0 4.16442e-13 0.75881 0.400989 0 0.0132706 99.5757 254.095 7.30556 0 0.00344381 228.115 83.4271 0.578328 0 4.16442e-13 5.16239e-13 0 
0 3.62646e-10 6.54443e-10 5.29499e-10 0 1.23605 228839 76193 3700.07 0 0.454213 158219 60100.5 351.118 0 3.62646e-10 4.36295e-10 0 0 2.60524e-09 7116.62 619.464 0 1641.62 683.223 102657 4.49719e-09 0 0 1.30262e-08 36275.5 2.56982e-09 0 1580.96 1080.62 0 0 3.41598e-10 4.11744e-10 5.0095e-10 0 2.69717 63593.8 165254 16699.2 0 7.8705 50723.5 93360.2 4221.01 0.881128 3.41598e-10 4.11744e-10 0 0 96.0623 6.02531e-09 1366.69 0 31.0561 85424.9 418784 21283.4 0 122.779 3.32667e+06 2.02583e+06 27379.7 9.63318 6576.12 15199.9 0 0 3.22954e-10 573.128 292.278 0 11.518 77221.8 191918 5324.96 0 2.98898 176905 63012.4 421.539 0 3.22954e-10 3.89914e-10 0 
0 8.8031e-12 1.63585e-11 1.37672e-11 0 0.0264686 5554.97 1904.53 96.2038 0 0.00972641 3840.7 1502.28 9.12924 0 8.8031e-12 1.09057e-11 0 0 2.31745e-11 70.2502 6.98855 0 8.92684 6.07749 1013.36 5.07355e-11 0 0 1.15872e-10 358.085 2.89917e-11 0 14.0632 10.6671 0 0 5.68204e-12 7.04086e-12 8.89121e-12 0 0.0398652 1057.8 2825.86 296.39 0 0.116329 843.72 1596.47 74.9174 0.0130234 5.68204e-12 7.04086e-12 0 0 3.7464 2.67829e-10 71.5004 0 0.626599 3331.54 18615.3 1113.47 0 2.47723 129739 90049.6 1432.41 0.194363 256.467 675.648 0 0 7.26299e-10 1239 600.221 0 31.0497 173666 414893 10935.3 0 8.05757 397846 136222 865.672 0 7.26299e-10 8.42926e-10 0 
$Fmort
 0.0867164 1.04696 0.206755
#ESTIMATED_PARAMETERS
$availability
1.08714 2.14688 1.68683 0.0744019 0.00474151 
0.388863 1.61462 0.36327 2.29228 0.340967 
0.0421509 0.0443921 0.0271795 0.233699 4.65701 
$availabilityVector
 1.08714 0.388863 0.0421509 2.14688 1.61462 0.0443921 1.68683 0.36327 0.0271795 0.0744019 2.29228 0.233699 0.00474151 0.340967 4.65701
$selectivity
 0.00181804 0.645753 0.800527 1.01151 2.5404
$RunSize
 0 1.56866e-09 2.35298e-09 1.56866e-09 0 1670.58 989860 273944 10961.6 0 613.89 684388 216085 1040.2 0 1.56866e-09 1.56866e-09 0 0 3.92164e-09 9596.3 756.26 0 534980 1028.45 138427 5.4903e-09 0 0 1.96082e-08 48915.1 3.13731e-09 0 2379.81 1457.15 0 0 1.56866e-09 1.56866e-09 1.56866e-09 0 3902.07 292030 629583 52291.4 0 11386.5 232928 355682 13217.5 1274.75 1.56866e-09 1.56866e-09 0 0 121.953 7.05895e-09 1498.98 0 7133.33 108448 490627 23343.6 0 28201.3 4.22327e+06 2.37336e+06 30030 2212.66 8348.5 17807.5 0 0 1.56866e-09 2305.74 964.354 0 17753 375083 772102 17569.4 0 4607 859266 253504 1390.84 0 1.56866e-09 1.56866e-09 0
