$ndistricts
3
$ngroups
90
$nstocks
5
$nagecomps
18
$AgeCompLabels
 0.1 0.2 0.3 0.4 0.5 1.1 1.2 1.3 1.4 1.5 2.1 2.2 2.3 2.4 3.1 3.2 3.3 3.4
$navailpar
15
$nselectpar
5
$GENdata
 -1 -1 -1
$maxGradient
9.19815e-07
#LIKELIHOOD_VALUES_AND_PENALTIES
$totalNLL
1015.05
$NLLcatch
0.677374
$NLLescape
-6.70377
$NLLagecompCatch
0
$NLLagecompEsc
1021.07
$NLLgenetics
0
$NLLselOne
4.44875e-17
$NLLavailOne
0.00216271
$NLLextra
3.37006e-10
$sigmaCat
0.5
$sigmaEsc
0.1
#OBSERVED_AND_PREDICTED_VALUES
$predEsc
 1.65599e+06 3.54648e+06 1.87045e+06 1.20068e+06 772643
$obsEsc
 1.6868e+06 3.67615e+06 1.83117e+06 1.15212e+06 790202
$predCatch
 286515 2.2915e+06 1.74893e+06
$obsCatch
 286515 2.2915e+06 1.74893e+06
$RunSize
 0 0 0 0 0 1.49474e-09 956520 345310 1.49474e-09 1.49474e-09 49227.6 316219 116474 1.49474e-09 0 1.49474e-09 1.49474e-09 0 0 0 0 0 0 1933.21 747162 2.25516e+06 38967.2 1.49474e-09 2.98947e-09 244283 552198 4.48421e-09 0 2.98947e-09 2.24211e-09 0 0 0 0 0 0 2719.57 348228 795736 5139.08 1.49474e-09 6526.64 259805 662033 1571.66 0 1.49474e-09 1.49474e-09 0 0 0 0 0 0 550.581 161532 73876.9 2.98947e-09 1.49474e-09 174628 489938 2.05235e+06 3053.3 90.617 233549 9066.53 0 0 0 0 0 0 2163.82 1.22052e+06 293822 11659.9 137.519 23714.6 509925 407079 333.373 0 2.98947e-08 1.05379e-07 0
$SSageCompEsc
 754 719 1403 1361 1338
$obsAgeCompEsc
0 0 0 0 0 0 0.556576 0.193287 0 0 0.0293028 0.165296 0.0555391 0 0 0 0 0 
0 0 0 0 0 0.000517204 0.211433 0.61498 0.0130887 0 0 0.0552419 0.104739 0 0 0 0 0 
0 0 0 0 0 0.00145949 0.18735 0.409048 0.00300446 0 0.00358951 0.121373 0.273593 0.000582612 0 0 0 0 
0 0 0 0 0 0.000409714 0.0792896 0.0234694 0 0 0.133921 0.155794 0.538665 0.000199072 7.45655e-05 0.0654868 0.00268997 0 
0 0 0 0 0 0.00227804 0.678804 0.0845323 0.000724781 0 0.0261921 0.141641 0.0658274 0 0 0 0 0 
$predAgeCompEsc
0 0 0 0 0 8.93053e-16 0.540197 0.188294 7.96691e-16 7.72601e-16 0.0294118 0.178585 0.063512 7.96691e-16 0 8.44157e-16 8.15063e-16 0 
0 0 0 0 0 0.000540154 0.198959 0.582855 0.0098781 3.6918e-16 8.35282e-16 0.0650493 0.142718 1.13674e-15 0 7.96057e-16 5.79481e-16 0 
0 0 0 0 0 0.00143595 0.172127 0.377446 0.00237309 6.65673e-16 0.00344611 0.12842 0.314026 0.00072575 0 7.38839e-16 7.09007e-16 0 
0 0 0 0 0 0.00040783 0.0626273 0.0182161 5.26217e-16 1.49908e-16 0.129351 0.189954 0.506055 0.000537452 6.71224e-05 0.0905491 0.00223557 0 
0 0 0 0 0 0.00241013 0.56998 0.0677649 0.00137154 -7.51345e-12 0.026414 0.238135 0.0938857 3.92142e-05 0 1.39608e-14 2.43038e-14 0 
$SSageCompCatch
 7313 5619 6440
$obsAgeCompCatch
0 0 0 0 0 8.23783e-05 0.148505 0.410104 0.00329201 0 0.000419354 0.107935 0.327566 0.000526202 0 0.00157031 0 0 
0 0 0 0 0 7.30611e-05 0.063537 0.0772137 0.00128944 0 0.00943491 0.177631 0.593864 0.00136812 0 0.0734217 0.00216756 0 
0 0 0 0 0 0.000235817 0.295992 0.124879 0.00633453 7.63367e-05 0.0018969 0.272973 0.284154 0.000347131 0 0.0126139 0.000498118 0 
$predAgeCompCatch
0 0 0 0 0 7.90717e-05 0.195501 0.481508 0.00742418 1.04117e-06 0.00109628 0.084425 0.227405 0.000362058 1.30574e-07 0.00207686 0.000121485 0 
0 0 0 0 0 4.6054e-05 0.096587 0.0930508 0.0014408 8.71297e-06 0.00812224 0.130905 0.616326 0.00101068 4.08726e-06 0.0499748 0.00252449 0 
0 0 0 0 0 0.000163313 0.411053 0.145002 0.00560715 6.70437e-05 0.00245904 0.181431 0.248051 0.000289057 3.55151e-07 0.00555551 0.000321719 0 
$genSS
 -1 -1 -1
$obsGenComp     #GeneticFracData
0 0 0 0 0 
0 0 0 0 0 
0 0 0 0 0 
$predGenComp     #catchGenComp_pred
0 0 0 0 0 
0 0 0 0 0 
0 0 0 0 0 
#PARAMETERS_OF_INTEREST
$catchByGroup
0 0 0 
0 0 0 
0 0 0 
0 0 0 
0 0 0 
6.21921e-12 7.77613e-12 1.85317e-12 
24323.8 30331.2 7302.87 
13153.9 16376.1 3967.34 
6.88969e-11 8.56853e-11 2.08403e-11 
8.45828e-11 1.0505e-10 2.56836e-11 
204.823 256.099 61.0321 
8041.28 10027.3 2414.28 
4436.86 5523.7 1338.19 
6.88969e-11 8.56853e-11 2.08403e-11 
0 0 0 
3.80104e-11 4.73981e-11 1.14121e-11 
5.69392e-11 7.08868e-11 1.71733e-11 
0 0 0 
0 0 0 
0 0 0 
0 0 0 
0 0 0 
0 0 0 
8.1342 6.90636 2.52414 
19211.7 16338.5 6006.54 
86857.2 73940.7 27279.3 
1815.92 1546.85 571.974 
8.55099e-11 7.29003e-11 2.70367e-11 
1.25786e-11 1.06798e-11 3.90327e-12 
6281.22 5341.85 1963.83 
21267.8 18105.1 6679.59 
2.08969e-10 1.78006e-10 6.58208e-11 
0 0 0 
7.6868e-11 6.53722e-11 2.40328e-11 
8.63543e-11 7.35126e-11 2.71213e-11 
0 0 0 
0 0 0 
0 0 0 
0 0 0 
0 0 0 
0 0 0 
13.9574 17.5596 2.1746 
10895.4 13660.5 1716.68 
37239.4 46594 5907.22 
290.73 363.287 46.3171 
1.03681e-10 1.29333e-10 1.66121e-11 
33.4961 42.1409 5.21879 
8128.82 10191.8 1280.77 
30982.2 38765.1 4914.66 
88.9125 111.102 14.1649 
0 0 0 
4.67677e-11 5.86364e-11 7.36868e-12 
6.99516e-11 8.75237e-11 1.10963e-11 
0 0 0 
0 0 0 
0 0 0 
0 0 0 
0 0 0 
0 0 0 
0.227309 56.9068 3.77397 
411.56 79204.6 6720.11 
283.62 47136.8 4584.77 
1.3939e-11 2.11983e-09 2.23891e-10 
8.5986e-12 1.1692e-09 1.36951e-10 
72.0957 18049.1 1196.99 
1248.29 240234 20382.6 
7879.15 1.30949e+06 127368 
14.2366 2165.08 228.671 
0.0374115 9.36595 0.621136 
595.05 114517 9716.21 
34.8072 5784.86 562.666 
0 0 0 
0 0 0 
0 0 0 
0 0 0 
0 0 0 
0 0 0 
0.336305 24.16 277.151 
1171.45 81794.4 697158 
425.102 29178.4 211860 
20.494 1391.46 9188.24 
0.29831 19.9658 117.255 
3.68577 264.784 3037.47 
489.427 34173.3 291269 
588.963 40425.5 293524 
0.585951 39.7839 262.705 
0 0 0 
2.8693e-11 2.00344e-09 1.70759e-08 
1.52463e-10 1.04648e-08 7.59835e-08 
0 0 0 
$escByGroup
 5e-101 5e-101 5e-101 5e-101 5e-101 1.47889e-09 894562 311813 1.31931e-09 1.27942e-09 48705.6 295736 105175 1.31931e-09 5e-101 1.39792e-09 1.34974e-09 5e-101 5e-101 5e-101 5e-101 5e-101 5e-101 1915.65 705605 2.06709e+06 35032.5 1.30929e-09 2.96231e-09 230696 506145 4.03142e-09 5e-101 2.8232e-09 2.05512e-09 5e-101 5e-101 5e-101 5e-101 5e-101 5e-101 2685.88 321955 705996 4438.75 1.24511e-09 6445.79 240203 587371 1357.48 5e-101 1.38196e-09 1.32617e-09 5e-101 5e-101 5e-101 5e-101 5e-101 5e-101 489.673 75195.3 21871.7 6.31818e-10 1.79991e-10 155310 228073 607610 645.307 80.5925 108721 2684.2 5e-101 5e-101 5e-101 5e-101 5e-101 5e-101 1862.17 440391 52358.1 1059.71 1.72259e-195 20408.6 183993 72540.1 30.2986 5e-101 1.07867e-08 1.87782e-08 5e-101
$catchByGroup
0 0 0 0 0 6.21921e-12 24323.8 13153.9 6.88969e-11 8.45828e-11 204.823 8041.28 4436.86 6.88969e-11 0 3.80104e-11 5.69392e-11 0 0 0 0 0 0 8.1342 19211.7 86857.2 1815.92 8.55099e-11 1.25786e-11 6281.22 21267.8 2.08969e-10 0 7.6868e-11 8.63543e-11 0 0 0 0 0 0 13.9574 10895.4 37239.4 290.73 1.03681e-10 33.4961 8128.82 30982.2 88.9125 0 4.67677e-11 6.99516e-11 0 0 0 0 0 0 0.227309 411.56 283.62 1.3939e-11 8.5986e-12 72.0957 1248.29 7879.15 14.2366 0.0374115 595.05 34.8072 0 0 0 0 0 0 0.336305 1171.45 425.102 20.494 0.29831 3.68577 489.427 588.963 0.585951 0 2.8693e-11 1.52463e-10 0 
0 0 0 0 0 7.77613e-12 30331.2 16376.1 8.56853e-11 1.0505e-10 256.099 10027.3 5523.7 8.56853e-11 0 4.73981e-11 7.08868e-11 0 0 0 0 0 0 6.90636 16338.5 73940.7 1546.85 7.29003e-11 1.06798e-11 5341.85 18105.1 1.78006e-10 0 6.53722e-11 7.35126e-11 0 0 0 0 0 0 17.5596 13660.5 46594 363.287 1.29333e-10 42.1409 10191.8 38765.1 111.102 0 5.86364e-11 8.75237e-11 0 0 0 0 0 0 56.9068 79204.6 47136.8 2.11983e-09 1.1692e-09 18049.1 240234 1.30949e+06 2165.08 9.36595 114517 5784.86 0 0 0 0 0 0 24.16 81794.4 29178.4 1391.46 19.9658 264.784 34173.3 40425.5 39.7839 0 2.00344e-09 1.04648e-08 0 
0 0 0 0 0 1.85317e-12 7302.87 3967.34 2.08403e-11 2.56836e-11 61.0321 2414.28 1338.19 2.08403e-11 0 1.14121e-11 1.71733e-11 0 0 0 0 0 0 2.52414 6006.54 27279.3 571.974 2.70367e-11 3.90327e-12 1963.83 6679.59 6.58208e-11 0 2.40328e-11 2.71213e-11 0 0 0 0 0 0 2.1746 1716.68 5907.22 46.3171 1.66121e-11 5.21879 1280.77 4914.66 14.1649 0 7.36868e-12 1.10963e-11 0 0 0 0 0 0 3.77397 6720.11 4584.77 2.23891e-10 1.36951e-10 1196.99 20382.6 127368 228.671 0.621136 9716.21 562.666 0 0 0 0 0 0 277.151 697158 211860 9188.24 117.255 3037.47 291269 293524 262.705 0 1.70759e-08 7.59835e-08 0 
$Fmort
 0.0235451 0.226433 0.24594
#ESTIMATED_PARAMETERS
$availability
1.47976 1.49647 1.82616 0.146556 0.0551649 
0.19249 0.132076 0.239055 4.02619 0.414372 
0.0421509 0.0443921 0.0271795 0.233699 4.65701 
$availabilityVector
 1.47976 0.19249 0.0421509 1.49647 0.132076 0.0443921 1.82616 0.239055 0.0271795 0.146556 4.02619 0.233699 0.0551649 0.414372 4.65701
$selectivity
 0.119669 0.73931 1.11471 1.35441 1.67191
$RunSize
 0 0 0 0 0 1.49474e-09 956520 345310 1.49474e-09 1.49474e-09 49227.6 316219 116474 1.49474e-09 0 1.49474e-09 1.49474e-09 0 0 0 0 0 0 1933.21 747162 2.25516e+06 38967.2 1.49474e-09 2.98947e-09 244283 552198 4.48421e-09 0 2.98947e-09 2.24211e-09 0 0 0 0 0 0 2719.57 348228 795736 5139.08 1.49474e-09 6526.64 259805 662033 1571.66 0 1.49474e-09 1.49474e-09 0 0 0 0 0 0 550.581 161532 73876.9 2.98947e-09 1.49474e-09 174628 489938 2.05235e+06 3053.3 90.617 233549 9066.53 0 0 0 0 0 0 2163.82 1.22052e+06 293822 11659.9 137.519 23714.6 509925 407079 333.373 0 2.98947e-08 1.05379e-07 0
