$ndistricts
3
$ngroups
90
$nstocks
5
$nagecomps
18
$AgeCompLabels
 0.1 0.2 0.3 0.4 0.5 1.1 1.2 1.3 1.4 1.5 2.1 2.2 2.3 2.4 3.1 3.2 3.3 3.4
$navailpar
15
$nselectpar
5
$GENdata
 -1 -1 -1
$maxGradient
6.80613e-07
#LIKELIHOOD_VALUES_AND_PENALTIES
$totalNLL
844.679
$NLLcatch
0.677374
$NLLescape
-6.83251
$NLLagecompCatch
0
$NLLagecompEsc
850.832
$NLLgenetics
0
$NLLselOne
2.16478e-17
$NLLavailOne
0.00216271
$NLLextra
2.7e-198
$sigmaCat
0.5
$sigmaEsc
0.1
#OBSERVED_AND_PREDICTED_VALUES
$predEsc
 4.08577e+06 711001 3.65807e+06 2.81648e+06 2.47348e+06
$obsEsc
 4.22279e+06 707852 3.57851e+06 2.78692e+06 2.48202e+06
$predCatch
 9.97847e+06 6.79716e+06 2.94574e+06
$obsCatch
 9.97847e+06 6.79717e+06 2.94574e+06
$RunSize
 0 7678.69 50150.2 332.634 0 5421.49 4.26349e+06 783454 2817.19 0 28531.5 1.38831e+06 1.24816e+06 3.71919e-09 0 1161.82 3.71919e-09 0 0 1.11576e-08 2.41747e-08 2247.88 0 0 2.23151e-08 831406 1.48768e-08 0 2.78939e-08 5.80193e-07 696517 4064.72 0 7.43838e-09 2696.05 0 0 3.71919e-09 14338.7 3.71919e-09 0 0 361105 6.49949e+06 52983.7 0 2378.64 1.19121e+06 1.36868e+06 1380.92 0 3.71919e-09 3.71919e-09 0 0 3.71919e-09 2299.18 3.71919e-09 0 1143.01 679608 3.1305e+06 2646.34 0 67366.2 3.93745e+06 1.0637e+06 8345 0 3988.93 35838.8 0 0 547.486 7489.18 43.6923 0 1721.67 823354 2.57308e+06 2012.3 0 10761.1 1.853e+06 451119 3.71919e-09 0 3.71919e-09 2162.91 0
$SSageCompEsc
 3549 0 3053 3792 3030
$obsAgeCompEsc
0 0.00118994 0.00582372 3.88102e-05 0 0.00124917 0.59652 0.08166 0.000377435 0 0.00655079 0.176337 0.130054 0 0 0.00019902 0 0 
0 0 0 0 0 0 0.601116 0.250188 0 0 0 0.102692 0.0460043 0 0 0 0 0 
0 0 0.00163259 0 0 0 0.0519077 0.648172 0.00721508 0 0.000637825 0.153382 0.136901 0.000151794 0 0 0 0 
0 0 0.000211772 0 0 0.000392333 0.0823469 0.311752 0.000173072 0 0.0220162 0.480703 0.0990314 0.000508826 0 0.000503268 0.00236111 0 
0 0.000184448 0.000609242 0 0 0.000684781 0.174912 0.399891 0 0 0.00426138 0.374919 0.0445375 0 0 0 0 0 
$predAgeCompEsc
0 0.00103323 0.00554116 4.04825e-05 0 0.00126342 0.573689 0.0865648 0.00034286 0 0.00664899 0.186809 0.137911 4.52635e-16 0 0.000156333 4.10938e-16 0 
0 8.75405e-15 1.5723e-14 0.0016023 0 0 1.75081e-14 0.540739 1.06042e-14 0 3.73757e-14 4.5521e-13 0.453008 0.00289736 0 5.83603e-15 0.00175349 0 
0 4.82067e-16 0.00144067 4.23758e-16 0 0 0.0468051 0.653031 0.00603688 0 0.000612171 0.1544 0.137517 0.000157339 0 4.82067e-16 3.73683e-16 0 
0 4.84585e-16 0.000203287 4.00196e-16 0 0.000375627 0.0885483 0.276791 0.000284754 0 0.0221386 0.513023 0.0940492 0.000897947 0 0.000519731 0.00316878 0 
0 0.000108827 0.00114234 7.60934e-06 0 0.00065905 0.163663 0.392477 0.000350457 0 0.00411932 0.368333 0.06881 6.47725e-16 0 7.39286e-16 0.000329912 0 
$SSageCompCatch
 7296 19490 3102
$obsAgeCompCatch
0 0.000131931 0.00268129 0.000131931 0 0 0.146222 0.510798 0.00159594 0 0 0.145643 0.192098 0.00032315 0 0 0.0003759 0 
0 5.41582e-05 0.000768337 0 0 0 0.105877 0.361374 0.000977401 0 0.00115142 0.401711 0.122445 0.00127447 0 0.000411145 0.00395608 0 
0 0 0.00201388 2.60051e-05 0 0 0.113126 0.474879 0.000852353 0 0 0.283269 0.12436 0 0 0 0.00147443 0 
$predAgeCompCatch
0 0.000314528 0.00332807 0.000118184 0 2.47594e-05 0.196295 0.476774 0.00293797 0 0.000170893 0.13697 0.182317 0.000307479 0 6.76145e-05 0.000373486 0 
0 4.95378e-05 0.000825627 1.27687e-05 0 1.58723e-05 0.0917851 0.407335 0.000705102 0 0.000697777 0.360306 0.133672 0.000776686 0 0.000333107 0.00348514 0 
0 8.83365e-05 0.00140821 1.17657e-05 0 2.75219e-05 0.127494 0.480145 0.000406483 0 0.000217914 0.29538 0.0939103 9.45672e-05 0 3.71145e-05 0.000778866 0 
$genSS
 -1 -1 -1
$obsGenComp     #GeneticFracData
0 0 0 0 0 
0 0 0 0 0 
0 0 0 0 0 
$predGenComp     #catchGenComp_pred
0 0 0 0 0 
0 0 0 0 0 
0 0 0 0 0 
#PARAMETERS_OF_INTEREST
$catchByGroup
0 0 0 
3127.93 292.766 36.4359 
24732 2469.43 308.888 
150.812 14.5989 1.82165 
0 0 0 
239.075 18.1376 2.22252 
1.73674e+06 162555 20230.6 
386367 38577.8 4825.5 
1277.28 123.643 15.4282 
0 0 0 
1258.17 95.4524 11.6964 
565531 52932.2 6587.61 
615542 61460.5 7687.77 
1.68623e-09 1.63231e-10 2.03679e-11 
0 0 0 
473.272 44.2971 5.51294 
1.83415e-09 1.83135e-10 2.29075e-11 
0 0 0 
0 0 0 
4.58401e-09 2.93667e-10 5.57514e-11 
1.20156e-08 8.23226e-10 1.5679e-10 
1027.51 68.1682 12.963 
0 0 0 
0 0 0 
9.16802e-09 5.87334e-10 1.11503e-10 
413235 28312 5392.24 
6.80018e-09 4.51147e-10 8.57909e-11 
0 0 0 
1.24363e-09 6.40643e-11 1.20429e-11 
2.38368e-07 1.52707e-08 2.89907e-09 
346192 23718.6 4517.39 
1857.99 123.265 23.4404 
0 0 0 
3.05601e-09 1.95778e-10 3.71676e-11 
1340.03 91.8092 17.4858 
0 0 0 
0 0 0 
1.76908e-09 1.75285e-10 1.13892e-11 
8140.04 871.555 57.0096 
1.95428e-09 2.01629e-10 1.31463e-11 
0 0 0 
0 0 0 
171764 17018.8 1105.8 
3.68975e+06 395062 25841.6 
27840.7 2872.42 187.283 
0 0 0 
128.771 9.87879 0.628814 
566614 56141.6 3647.81 
776996 83193 5441.77 
725.614 74.8639 4.88116 
0 0 0 
1.76908e-09 1.75285e-10 1.13892e-11 
2.11138e-09 2.26066e-10 1.47873e-11 
0 0 0 
0 0 0 
1.87796e-10 2.06977e-09 9.67966e-11 
149.65 1499.55 77.424 
2.15963e-10 2.26455e-09 1.11531e-10 
0 0 0 
5.09404 77.3737 2.59551 
34316 378209 17687.7 
203759 2.04175e+06 105419 
153.666 1611.31 79.3582 
0 0 0 
300.231 4560.23 152.973 
198817 2.19123e+06 102477 
69234.2 693754 35819.6 
484.571 5081.13 250.249 
0 0 0 
201.417 2219.88 103.817 
2332.69 23374.5 1206.86 
0 0 0 
0 0 0 
10.5742 43.95 223.781 
187.345 771.382 3704.91 
0.972841 4.02383 19.8741 
0 0 0 
2.89219 12.3753 76.2544 
15902.3 66095.6 336540 
64366.6 265026 1.27291e+06 
44.8053 185.322 915.326 
0 0 0 
18.0773 77.3503 476.62 
35789.1 148752 757401 
11284.9 46465 223169 
8.28104e-11 3.42517e-10 1.69173e-09 
0 0 0 
7.18327e-11 2.98562e-10 1.52019e-09 
54.1059 222.778 1069.99 
0 0 0 
$escByGroup
 5e-101 4221.55 22639.9 165.402 5e-101 5162.06 2.34396e+06 353684 1400.84 5e-101 27166.2 763256 563473 1.84936e-09 5e-101 638.742 1.679e-09 5e-101 5e-101 6.22414e-09 1.11791e-08 1139.24 5e-101 5e-101 1.24483e-08 384466 7.53963e-09 5e-101 2.65742e-08 3.23655e-07 322090 2060.03 5e-101 4.14943e-09 1246.73 5e-101 5e-101 1.76343e-09 5270.05 1.55014e-09 5e-101 5e-101 171216 2.38883e+06 22083.3 5e-101 2239.36 564805 503045 575.558 5e-101 1.76343e-09 1.36696e-09 5e-101 5e-101 1.36482e-09 572.555 1.12714e-09 5e-101 1057.94 249395 779576 802.005 5e-101 62352.8 1.44492e+06 264888 2529.05 5e-101 1463.81 8924.8 5e-101 5e-101 269.181 2825.55 18.8215 5e-101 1630.14 404817 970781 866.847 5e-101 10189 911062 170200 1.60213e-09 5e-101 1.82861e-09 816.029 5e-101
$catchByGroup
0 3127.93 24732 150.812 0 239.075 1.73674e+06 386367 1277.28 0 1258.17 565531 615542 1.68623e-09 0 473.272 1.83415e-09 0 0 4.58401e-09 1.20156e-08 1027.51 0 0 9.16802e-09 413235 6.80018e-09 0 1.24363e-09 2.38368e-07 346192 1857.99 0 3.05601e-09 1340.03 0 0 1.76908e-09 8140.04 1.95428e-09 0 0 171764 3.68975e+06 27840.7 0 128.771 566614 776996 725.614 0 1.76908e-09 2.11138e-09 0 0 1.87796e-10 149.65 2.15963e-10 0 5.09404 34316 203759 153.666 0 300.231 198817 69234.2 484.571 0 201.417 2332.69 0 0 10.5742 187.345 0.972841 0 2.89219 15902.3 64366.6 44.8053 0 18.0773 35789.1 11284.9 8.28104e-11 0 7.18327e-11 54.1059 0 
0 292.766 2469.43 14.5989 0 18.1376 162555 38577.8 123.643 0 95.4524 52932.2 61460.5 1.63231e-10 0 44.2971 1.83135e-10 0 0 2.93667e-10 8.23226e-10 68.1682 0 0 5.87334e-10 28312 4.51147e-10 0 6.40643e-11 1.52707e-08 23718.6 123.265 0 1.95778e-10 91.8092 0 0 1.75285e-10 871.555 2.01629e-10 0 0 17018.8 395062 2872.42 0 9.87879 56141.6 83193 74.8639 0 1.75285e-10 2.26066e-10 0 0 2.06977e-09 1499.55 2.26455e-09 0 77.3737 378209 2.04175e+06 1611.31 0 4560.23 2.19123e+06 693754 5081.13 0 2219.88 23374.5 0 0 43.95 771.382 4.02383 0 12.3753 66095.6 265026 185.322 0 77.3503 148752 46465 3.42517e-10 0 2.98562e-10 222.778 0 
0 36.4359 308.888 1.82165 0 2.22252 20230.6 4825.5 15.4282 0 11.6964 6587.61 7687.77 2.03679e-11 0 5.51294 2.29075e-11 0 0 5.57514e-11 1.5679e-10 12.963 0 0 1.11503e-10 5392.24 8.57909e-11 0 1.20429e-11 2.89907e-09 4517.39 23.4404 0 3.71676e-11 17.4858 0 0 1.13892e-11 57.0096 1.31463e-11 0 0 1105.8 25841.6 187.283 0 0.628814 3647.81 5441.77 4.88116 0 1.13892e-11 1.47873e-11 0 0 9.67966e-11 77.424 1.11531e-10 0 2.59551 17687.7 105419 79.3582 0 152.973 102477 35819.6 250.249 0 103.817 1206.86 0 0 223.781 3704.91 19.8741 0 76.2544 336540 1.27291e+06 915.326 0 476.62 757401 223169 1.69173e-09 0 1.52019e-09 1069.99 0 
$Fmort
 0.356033 0.203372 0.113637
#ESTIMATED_PARAMETERS
$availability
1.47976 1.49647 1.82616 0.146556 0.0551649 
0.19249 0.132076 0.239055 4.02619 0.414372 
0.0421509 0.0443921 0.0271795 0.233699 4.65701 
$availabilityVector
 1.47976 0.19249 0.0421509 1.49647 0.132076 0.0443921 1.82616 0.239055 0.0271795 0.146556 4.02619 0.233699 0.0551649 0.414372 4.65701
$selectivity
 0.0856031 0.992998 1.28986 1.14647 1.48507
$RunSize
 0 7678.69 50150.2 332.634 0 5421.49 4.26349e+06 783454 2817.19 0 28531.5 1.38831e+06 1.24816e+06 3.71919e-09 0 1161.82 3.71919e-09 0 0 1.11576e-08 2.41747e-08 2247.88 0 0 2.23151e-08 831406 1.48768e-08 0 2.78939e-08 5.80193e-07 696517 4064.72 0 7.43838e-09 2696.05 0 0 3.71919e-09 14338.7 3.71919e-09 0 0 361105 6.49949e+06 52983.7 0 2378.64 1.19121e+06 1.36868e+06 1380.92 0 3.71919e-09 3.71919e-09 0 0 3.71919e-09 2299.18 3.71919e-09 0 1143.01 679608 3.1305e+06 2646.34 0 67366.2 3.93745e+06 1.0637e+06 8345 0 3988.93 35838.8 0 0 547.486 7489.18 43.6923 0 1721.67 823354 2.57308e+06 2012.3 0 10761.1 1.853e+06 451119 3.71919e-09 0 3.71919e-09 2162.91 0
