$ndistricts
3
$ngroups
90
$nstocks
5
$nagecomps
18
$AgeCompLabels
 0.1 0.2 0.3 0.4 0.5 1.1 1.2 1.3 1.4 1.5 2.1 2.2 2.3 2.4 3.1 3.2 3.3 3.4
$navailpar
15
$nselectpar
5
$GENdata
 -1 -1 -1
$maxGradient
1.38072e-06
#LIKELIHOOD_VALUES_AND_PENALTIES
$totalNLL
867.095
$NLLcatch
0.677374
$NLLescape
-6.89801
$NLLagecompCatch
0
$NLLagecompEsc
873.313
$NLLgenetics
0
$NLLselOne
4.07994e-16
$NLLavailOne
0.00216271
$NLLextra
3.4e-198
$sigmaCat
0.5
$sigmaEsc
0.1
#OBSERVED_AND_PREDICTED_VALUES
$predEsc
 2.28569e+06 654545 1.21043e+06 1.11037e+06 920142
$obsEsc
 2.29607e+06 643110 1.20217e+06 1.11094e+06 924853
$predCatch
 2.37608e+06 3.52884e+06 730239
$obsCatch
 2.37608e+06 3.52884e+06 730239
$RunSize
 0 0 2.13368e-09 2273.56 0 15520.5 1.81254e+06 789460 2.13368e-09 0 42318.3 614236 145662 2.13368e-09 0 2.8449e-09 2.13368e-09 0 0 0 1464.54 0 0 0 2.98715e-08 870020 6.40104e-09 0 4.48072e-08 207345 1.13796e-08 4.26736e-09 0 1.42245e-08 4.26736e-09 0 0 0 2.13368e-09 0 0 7924.26 463953 1.03766e+06 11001.8 0 15539.2 396418 244491 1339.19 0 3250.43 1.42245e-09 0 0 0 2.13368e-09 0 0 3302.3 232273 306528 2580.92 0 62658.9 745894 2.97648e+06 124.995 0 36287.3 7421.76 0 0 2658.92 943.616 0 0 9530.65 242528 364004 642.166 0 7272.77 254133 875078 3573.82 0 1.42245e-09 1.42245e-09 0
$SSageCompEsc
 1294 0 1433 1447 1176
$obsAgeCompEsc
0 0 0 0.000963247 0 0.00675764 0.573554 0.182383 0 0 0.0180585 0.174931 0.0433521 0 0 0 0 0 
0 0 0 0 0 0 0.601116 0.250188 0 0 0 0.102692 0.0460043 0 0 0 0 0 
0 0 0 0 0 0.00656955 0.253538 0.403147 0.00534598 0 0.0127164 0.201772 0.114355 0.000725745 0 0.00183022 0 0 
0 0 0 0 0 0.00294496 0.0764659 0.0509895 0 0 0.0558247 0.230228 0.573432 0 0 0.00868537 0.00143005 0 
0 0.00288582 0.00101158 0 0 0.010307 0.191498 0.209823 0.000326421 0 0.00786283 0.184948 0.391127 0.000210013 0 0 0 0 
$predAgeCompEsc
0 0 5.29489e-16 0.000505633 0 0.00675416 0.554393 0.195911 4.74524e-16 0 0.018416 0.187873 0.0361471 4.74524e-16 0 8.70157e-16 5.29489e-16 0 
0 0 0.00130315 0 0 0 3.23507e-14 0.774143 5.14636e-15 0 6.81013e-14 0.224553 1.01256e-14 3.4309e-15 0 1.54051e-14 3.79709e-15 0 
0 0 8.64253e-16 0 0 0.00650383 0.245547 0.420308 0.00386019 0 0.0127538 0.209804 0.099032 0.000469881 0 0.00172029 5.76169e-16 0 
0 0 3.85026e-16 0 0 0.00293257 0.0795264 0.0553135 0.000312334 0 0.0556434 0.255382 0.537112 1.51264e-05 0 0.0124242 0.00133927 0 
0 0.00183103 0.000484107 0 0 0.0102909 0.167014 0.186746 0.000278925 0 0.00785292 0.175005 0.448945 0.00155229 0 9.79553e-16 7.29766e-16 0 
$SSageCompCatch
 3781 3998 901
$obsAgeCompCatch
0 0 0.000286983 0 0 0 0.232375 0.501829 0.000642949 0 0.00058945 0.176455 0.0872107 0 0 0.000610614 0 0 
0 0 0 0 0 0 0.0782073 0.129865 0.00141694 0 0 0.168708 0.609167 0.00031754 0 0.0105194 0.00179869 0 
0 0 0 0 0 0 0.0737964 0.188093 0.000445989 0 0 0.100002 0.63423 0.00343166 0 0 0 0 
$predAgeCompCatch
0 1.23768e-05 0.000235265 0.000397609 0 5.07097e-05 0.260887 0.454783 0.00230537 0 0.000132688 0.151118 0.128768 0.000305659 0 0.000865987 0.000138552 0 
0 6.3513e-05 5.13265e-05 4.57393e-05 0 2.06771e-05 0.0707382 0.122649 0.000873774 0 0.00024912 0.141771 0.655833 0.00020946 0 0.00595814 0.00153786 0 
0 0.000986766 0.000506145 1.59936e-05 0 6.65035e-05 0.103273 0.216035 0.000531027 0 7.33357e-05 0.114645 0.560698 0.00213451 0 0.000790202 0.000244559 0 
$genSS
 -1 -1 -1
$obsGenComp     #GeneticFracData
0 0 0 0 0 
0 0 0 0 0 
0 0 0 0 0 
$predGenComp     #catchGenComp_pred
0 0 0 0 0 
0 0 0 0 0 
0 0 0 0 0 
#PARAMETERS_OF_INTEREST
$catchByGroup
0 0 0 
0 0 0 
7.84177e-10 1.29901e-10 9.35285e-12 
944.752 161.407 11.6792 
0 0 0 
71.9859 9.89008 0.6919 
467543 72648.2 5178.11 
290145 48063.5 3460.55 
8.86626e-10 1.51476e-10 1.09606e-11 
0 0 0 
196.278 26.9664 1.88655 
158442 24619.1 1754.77 
53534.1 8868.1 638.499 
8.86626e-10 1.51476e-10 1.09606e-11 
0 0 0 
7.33841e-10 1.14026e-10 8.1274e-12 
7.84177e-10 1.29901e-10 9.35285e-12 
0 0 0 
0 0 0 
0 0 0 
543.031 61.7797 6.76026 
0 0 0 
0 0 0 
0 0 0 
7.77987e-09 8.26766e-10 8.98683e-11 
322592 36700.7 4015.99 
2.6825e-09 3.15391e-10 3.46254e-11 
0 0 0 
2.10163e-10 1.95931e-11 2.10371e-12 
54001.9 5738.77 623.796 
4.21941e-09 4.80034e-10 5.2528e-11 
1.78833e-09 2.10261e-10 2.30836e-11 
0 0 0 
3.7047e-09 3.93698e-10 4.27944e-11 
1.58228e-09 1.80013e-10 1.9698e-11 
0 0 0 
0 0 0 
0 0 0 
9.21406e-10 1.60119e-10 6.03556e-12 
0 0 0 
0 0 0 
45.3327 6.2706 0.22779 
142900 22981 855.093 
448103 77869.9 2935.25 
5331.32 961.509 36.4754 
0 0 0 
88.8956 12.2964 0.446688 
122098 19635.8 730.622 
105581 18347.5 691.595 
648.954 117.04 4.43997 
0 0 0 
1001.15 161.003 5.99073 
6.14271e-10 1.06746e-10 4.02371e-12 
0 0 0 
0 0 0 
0 0 0 
9.46447e-11 1.56017e-09 5.13417e-11 
0 0 0 
0 0 0 
1.52012 43.7365 0.816135 
6762.65 133552 3655.23 
13596.8 224137 7375.83 
133.694 2027.76 72.6545 
0 0 0 
28.8433 829.871 15.4856 
21716.8 428872 11738 
132029 2.17644e+06 71621.7 
6.47485 98.2053 3.51868 
0 0 0 
1056.51 20864.4 571.045 
329.211 5426.88 178.586 
0 0 0 
0 0 0 
29.4084 224.128 720.575 
15.9785 119.344 362.846 
0 0 0 
0 0 0 
1.65161 13.0689 46.8276 
2682.43 20443.4 65725.8 
6163.76 46037.3 139970 
12.7293 94.139 278.647 
0 0 0 
1.26033 9.9728 35.7338 
2810.78 21421.6 68870.8 
14817.9 110675 336492 
70.8419 523.908 1550.74 
0 0 0 
1.57327e-11 1.19902e-10 3.85489e-10 
2.40867e-11 1.79904e-10 5.46972e-10 
0 0 0 
$escByGroup
 5e-101 5e-101 1.21025e-09 1155.72 5e-101 15437.9 1.26717e+06 447791 1.08462e-09 5e-101 42093.2 429420 82621 1.08462e-09 5e-101 1.98891e-09 1.21025e-09 5e-101 5e-101 5e-101 852.968 5e-101 5e-101 5e-101 2.1175e-08 506712 3.36852e-09 5e-101 4.45754e-08 146980 6.62765e-09 2.24568e-09 5e-101 1.00833e-08 2.48537e-09 5e-101 5e-101 5e-101 1.04612e-09 5e-101 5e-101 7872.43 297218 508754 4672.48 5e-101 15437.5 253953 119871 568.758 5e-101 2082.29 6.97412e-10 5e-101 5e-101 5e-101 4.2752e-10 5e-101 5e-101 3256.23 88303.5 61418.3 346.806 5e-101 61784.7 283568 596391 16.7959 5e-101 13795.4 1487.08 5e-101 5e-101 1684.81 445.447 5e-101 5e-101 9469.1 153676 171833 256.651 5e-101 7225.8 161030 413093 1428.33 5e-101 9.01328e-10 6.71489e-10 5e-101
$catchByGroup
0 0 7.84177e-10 944.752 0 71.9859 467543 290145 8.86626e-10 0 196.278 158442 53534.1 8.86626e-10 0 7.33841e-10 7.84177e-10 0 0 0 543.031 0 0 0 7.77987e-09 322592 2.6825e-09 0 2.10163e-10 54001.9 4.21941e-09 1.78833e-09 0 3.7047e-09 1.58228e-09 0 0 0 9.21406e-10 0 0 45.3327 142900 448103 5331.32 0 88.8956 122098 105581 648.954 0 1001.15 6.14271e-10 0 0 0 9.46447e-11 0 0 1.52012 6762.65 13596.8 133.694 0 28.8433 21716.8 132029 6.47485 0 1056.51 329.211 0 0 29.4084 15.9785 0 0 1.65161 2682.43 6163.76 12.7293 0 1.26033 2810.78 14817.9 70.8419 0 1.57327e-11 2.40867e-11 0 
0 0 1.29901e-10 161.407 0 9.89008 72648.2 48063.5 1.51476e-10 0 26.9664 24619.1 8868.1 1.51476e-10 0 1.14026e-10 1.29901e-10 0 0 0 61.7797 0 0 0 8.26766e-10 36700.7 3.15391e-10 0 1.95931e-11 5738.77 4.80034e-10 2.10261e-10 0 3.93698e-10 1.80013e-10 0 0 0 1.60119e-10 0 0 6.2706 22981 77869.9 961.509 0 12.2964 19635.8 18347.5 117.04 0 161.003 1.06746e-10 0 0 0 1.56017e-09 0 0 43.7365 133552 224137 2027.76 0 829.871 428872 2.17644e+06 98.2053 0 20864.4 5426.88 0 0 224.128 119.344 0 0 13.0689 20443.4 46037.3 94.139 0 9.9728 21421.6 110675 523.908 0 1.19902e-10 1.79904e-10 0 
0 0 9.35285e-12 11.6792 0 0.6919 5178.11 3460.55 1.09606e-11 0 1.88655 1754.77 638.499 1.09606e-11 0 8.1274e-12 9.35285e-12 0 0 0 6.76026 0 0 0 8.98683e-11 4015.99 3.46254e-11 0 2.10371e-12 623.796 5.2528e-11 2.30836e-11 0 4.27944e-11 1.9698e-11 0 0 0 6.03556e-12 0 0 0.22779 855.093 2935.25 36.4754 0 0.446688 730.622 691.595 4.43997 0 5.99073 4.02371e-12 0 0 0 5.13417e-11 0 0 0.816135 3655.23 7375.83 72.6545 0 15.4856 11738 71621.7 3.51868 0 571.045 178.586 0 0 720.575 362.846 0 0 46.8276 65725.8 139970 278.647 0 35.7338 68870.8 336492 1550.74 0 3.85489e-10 5.46972e-10 0 
$Fmort
 0.226871 0.239136 0.0763768
#ESTIMATED_PARAMETERS
$availability
1.47976 1.49647 1.82616 0.146556 0.0551649 
0.19249 0.132076 0.239055 4.02619 0.414372 
0.0421509 0.0443921 0.0271795 0.233699 4.65701 
$availabilityVector
 1.47976 0.19249 0.0421509 1.49647 0.132076 0.0443921 1.82616 0.239055 0.0271795 0.146556 4.02619 0.233699 0.0551649 0.414372 4.65701
$selectivity
 0.0138478 0.888662 1.36458 1.59976 1.13314
$RunSize
 0 0 2.13368e-09 2273.56 0 15520.5 1.81254e+06 789460 2.13368e-09 0 42318.3 614236 145662 2.13368e-09 0 2.8449e-09 2.13368e-09 0 0 0 1464.54 0 0 0 2.98715e-08 870020 6.40104e-09 0 4.48072e-08 207345 1.13796e-08 4.26736e-09 0 1.42245e-08 4.26736e-09 0 0 0 2.13368e-09 0 0 7924.26 463953 1.03766e+06 11001.8 0 15539.2 396418 244491 1339.19 0 3250.43 1.42245e-09 0 0 0 2.13368e-09 0 0 3302.3 232273 306528 2580.92 0 62658.9 745894 2.97648e+06 124.995 0 36287.3 7421.76 0 0 2658.92 943.616 0 0 9530.65 242528 364004 642.166 0 7272.77 254133 875078 3573.82 0 1.42245e-09 1.42245e-09 0
