$ndistricts
3
$ngroups
90
$nstocks
5
$nagecomps
18
$AgeCompLabels
 0.1 0.2 0.3 0.4 0.5 1.1 1.2 1.3 1.4 1.5 2.1 2.2 2.3 2.4 3.1 3.2 3.3 3.4
$navailpar
15
$nselectpar
5
$GENdata
 1 1 -1
$maxGradient
1.33797
#LIKELIHOOD_VALUES_AND_PENALTIES
$totalNLL
861.544
$NLLcatch
0.677374
$NLLescape
-10.383
$NLLagecompCatch
323.077
$NLLagecompEsc
420.703
$NLLgenetics
127.469
$NLLselOne
2.48591e-06
$NLLavailOne
0.00078624
$NLLextra
1.06836e-06
$sigmaCat
0.5
$sigmaEsc
0.05
#OBSERVED_AND_PREDICTED_VALUES
$predEsc
 2.24808e+07 759255 2.64454e+06 1.06072e+06 3.34132e+06
$obsEsc
 2.25053e+07 759645 2.6447e+06 1.06086e+06 3.33528e+06
$predCatch
 1.51205e+07 2.62307e+06 885875
$obsCatch
 1.51205e+07 2.62307e+06 885875
$RunSize
 0 6190.67 15833.4 0 0 34592.6 5.5933e+06 1.23044e+06 3421.72 0 35272.2 2.81924e+07 580642 0 0.00629857 13265.5 0.0287263 0 0 4.57881 59256.7 0 0 135298 76.3729 339597 2.65994e-05 0 135051 3.90707e-05 6.45439 0 45251.6 113.075 88290.8 0 0 1.41255e-07 0.000511808 0 0 4148.12 954804 1.53583e+06 0.00627801 0 4140.31 1.45022e+06 829383 0 1.04855e-06 7008.14 2.77078e-07 0 0 0.00302586 0.00114396 0 0 2146.89 359235 142580 0.000145504 0 49472.7 2.10511e+06 528808 0 6.09625e-05 55510.2 5715.32 0 0 0.000234886 0.267019 0 0 751.016 2.19535e+06 545663 247.759 0 57975.9 1.51233e+06 61270.2 0 5.70454e-06 3.14646e-05 1.72033e-05 0
$SSageCompEsc
 2338 0 1542 1169 1761
$obsAgeCompEsc
0 0 0.000616973 0 0 0.00158445 0.131796 0.0240473 0 0 0.00161651 0.823259 0.0164232 0 0 0.00065712 0 0 
0 0 0 0 0 0 0.601116 0.250188 0 0 0 0.102692 0.0460043 0 0 0 0 0 
0 0 0 0 0 0.00145006 0.206695 0.296517 0 0 0.00144887 0.322874 0.169297 0 0 0.00171811 0 0 
0 0 0 0 0 0.0016323 0.110062 0.0254621 0 0 0.0385972 0.667495 0.141909 0 0 0.0141513 0.000691449 0 
0 0 0 0 0 0.000243941 0.44604 0.132072 0 0 0.0168311 0.394752 0.0100615 0 0 0 0 0 
$predAgeCompEsc
0 0.000173956 0.000409212 0 0 0.00142073 0.15717 0.0318006 4.51209e-07 0 0.00144864 0.792197 0.0150067 0 2.58685e-10 0.000372757 7.42429e-10 0 
0 5.61162e-06 0.0716747 0 0 0.175992 9.35998e-05 0.410763 2.14515e-11 0 0.17567 4.78836e-11 7.80698e-06 0 0.0588618 0.00013858 0.106793 0 
0 3.09502e-14 1.01412e-10 0 0 0.00142751 0.209206 0.304314 -1.2216e-10 0 0.00142483 0.317755 0.164337 0 3.60842e-13 0.00153554 5.49012e-14 0 
0 9.51002e-10 2.82506e-10 0 0 0.00169771 0.112904 0.0352107 -4.686e-11 0 0.0391218 0.661616 0.130591 0 4.82077e-11 0.0174464 0.00141142 0 
0 5.38993e-11 5.82453e-08 0 0 0.000214936 0.503767 0.119026 3.21039e-10 0 0.0165924 0.347035 0.013365 0 1.63261e-12 7.22019e-12 3.75257e-12 0 
$SSageCompCatch
 3826 2065 1757
$obsAgeCompCatch
0 0.000352167 0.000232025 0 0 0 0.18597 0.0965562 0.000277603 0 0 0.678475 0.0381054 0 0 3.16586e-05 0 0 
0 0 0.00130182 0 0 0.000768962 0.149972 0.0868346 0 0 0.00399824 0.608679 0.127469 0 0.000194435 0.0162652 0.0045162 0 
0 0 0.000306373 0 0 0 0.520014 0.11857 0.000266142 0 0.00221243 0.328367 0.0296956 0 0 0.000567522 0 0 
$predAgeCompCatch
0 0.000146292 0.000566118 0 0 0.000245147 0.160142 0.0812032 0.000211586 0 0.000284251 0.713324 0.0429266 0 1.63078e-05 0.000700775 0.000234116 0 
0 2.18859e-05 0.00104799 0 0 0.00049165 0.148162 0.0689073 9.60166e-05 0 0.00338171 0.619085 0.142945 0 0.000114024 0.012839 0.00290778 0 
0 1.23222e-05 0.000183395 0 0 9.55956e-05 0.455003 0.134244 0.000235034 0 0.00236236 0.38327 0.0236404 0 1.66735e-05 0.000645283 0.000291784 0 
$genSS
 300 281 -1
$obsGenComp     #GeneticFracData
0.856116 0.00154052 0.127657 0.0126322 0.00205402 
0.127208 0.00598985 0.0277157 0.760711 0.0783756 
0 0 0 0 0 
$predGenComp     #catchGenComp_pred
0.848417 0.00127289 0.136045 0.0119518 0.0023127 
0.126852 0.0088733 0.0297383 0.75285 0.0816873 
0 0 0 0 0 
#PARAMETERS_OF_INTEREST
$catchByGroup
0 0 0 
2211.87 57.2368 10.9074 
6428.73 172.36 32.8679 
0 0 0 
0 0 0 
2586.28 56.4359 10.7215 
1.99843e+06 51713.7 9854.88 
499588 13394.4 2554.22 
3187.64 187.514 36.4171 
0 0 0 
2637.09 57.5445 10.9321 
1.00729e+07 260657 49672.4 
235755 6320.79 1205.33 
0 0 0 
0.000470907 1.02758e-05 1.95215e-06 
4739.65 122.648 23.3726 
0.0116636 0.00031271 5.96318e-05 
0 0 0 
0 0 0 
0.140139 0.169521 0.00849598 
2131.24 2576.58 129.542 
0 0 0 
0 0 0 
737.257 894.262 44.163 
2.33747 2.82756 0.14171 
12214 14766.2 742.399 
4.57212e-06 5.44214e-06 2.98064e-07 
0 0 0 
735.909 892.627 44.0823 
1.1958e-06 1.44652e-06 7.24956e-08 
0.23214 0.280647 0.01411 
0 0 0 
246.581 299.093 14.7707 
3.46077 4.18637 0.20981 
3175.48 3839.02 193.014 
0 0 0 
0 0 0 
5.71253e-08 2.12026e-09 1.60531e-10 
0.000233895 9.0405e-06 6.85333e-07 
0 0 0 
0 0 0 
361.157 11.0132 0.829051 
386134 14331.7 1085.1 
701869 27128.6 2056.54 
0.00600744 0.000550465 4.31661e-05 
0 0 0 
360.477 10.9924 0.827491 
586485 21768 1648.11 
379026 14650.1 1110.58 
0 0 0 
9.12922e-08 2.78387e-09 2.09565e-10 
2834.18 105.193 7.96447 
1.26624e-07 4.89425e-09 3.71018e-10 
0 0 0 
0 0 0 
0.000164552 0.00182312 2.94405e-05 
7.29468e-05 0.000758249 1.31043e-05 
0 0 0 
0 0 0 
20.9986 321.404 3.6866 
19535.9 216444 3495.22 
9091.87 94505.8 1633.28 
4.18638e-05 0.000144965 8.38087e-06 
0 0 0 
483.89 7406.42 84.9537 
114480 1.26835e+06 20481.9 
33720.4 350508 6057.58 
0 0 0 
5.96271e-07 9.12653e-06 1.04684e-07 
3018.76 33445.6 540.093 
364.448 3788.27 65.47 
0 0 0 
0 0 0 
1.85236e-06 1.13569e-05 4.15816e-05 
0.00247964 0.015147 0.0547761 
0 0 0 
0 0 0 
1.0445 6.51405 25.2856 
17313 106146 388641 
5067.24 30953.4 111937 
11.621 64.3434 171.794 
0 0 0 
80.6316 502.862 1951.96 
11926.6 73122.1 267727 
568.979 3475.62 12568.9 
0 0 0 
7.93375e-09 4.94791e-08 1.92063e-07 
2.48137e-07 1.52133e-06 5.57016e-06 
1.59756e-07 9.75876e-07 3.52907e-06 
0 0 0 
$escByGroup
 5e-101 3910.66 9199.41 5e-101 5e-101 31939.2 3.5333e+06 714902 10.1435 5e-101 32566.6 1.78092e+07 337361 5e-101 0.00581544 8379.85 0.0166904 5e-101 5e-101 4.26065 54419.4 5e-101 5e-101 133623 71.0661 311874 1.62871e-05 5e-101 133378 3.63558e-05 5.92749 5e-101 44691.1 105.218 81083.3 5e-101 5e-101 8.18492e-08 0.000268187 5e-101 5e-101 3775.12 553253 804772 3.09543e-197 5e-101 3768.01 840316 434596 5e-101 9.54263e-07 4060.81 1.45188e-07 5e-101 5e-101 0.00100875 0.000299661 5e-101 5e-101 1800.8 119760 37348.8 2.01185e-196 5e-101 41497.4 701792 138521 5e-101 5.1135e-05 18505.8 1497.13 5e-101 5e-101 0.000180095 0.194616 5e-101 5e-101 718.172 1.68325e+06 397705 0.00107269 5e-101 55440.4 1.15956e+06 44656.6 5e-101 5.45506e-06 2.4125e-05 1.25386e-05 5e-101
$catchByGroup
0 2211.87 6428.73 0 0 2586.28 1.99843e+06 499588 3187.64 0 2637.09 1.00729e+07 235755 0 0.000470907 4739.65 0.0116636 0 0 0.140139 2131.24 0 0 737.257 2.33747 12214 4.57212e-06 0 735.909 1.1958e-06 0.23214 0 246.581 3.46077 3175.48 0 0 5.71253e-08 0.000233895 0 0 361.157 386134 701869 0.00600744 0 360.477 586485 379026 0 9.12922e-08 2834.18 1.26624e-07 0 0 0.000164552 7.29468e-05 0 0 20.9986 19535.9 9091.87 4.18638e-05 0 483.89 114480 33720.4 0 5.96271e-07 3018.76 364.448 0 0 1.85236e-06 0.00247964 0 0 1.0445 17313 5067.24 11.621 0 80.6316 11926.6 568.979 0 7.93375e-09 2.48137e-07 1.59756e-07 0 
0 57.2368 172.36 0 0 56.4359 51713.7 13394.4 187.514 0 57.5445 260657 6320.79 0 1.02758e-05 122.648 0.00031271 0 0 0.169521 2576.58 0 0 894.262 2.82756 14766.2 5.44214e-06 0 892.627 1.44652e-06 0.280647 0 299.093 4.18637 3839.02 0 0 2.12026e-09 9.0405e-06 0 0 11.0132 14331.7 27128.6 0.000550465 0 10.9924 21768 14650.1 0 2.78387e-09 105.193 4.89425e-09 0 0 0.00182312 0.000758249 0 0 321.404 216444 94505.8 0.000144965 0 7406.42 1.26835e+06 350508 0 9.12653e-06 33445.6 3788.27 0 0 1.13569e-05 0.015147 0 0 6.51405 106146 30953.4 64.3434 0 502.862 73122.1 3475.62 0 4.94791e-08 1.52133e-06 9.75876e-07 0 
0 10.9074 32.8679 0 0 10.7215 9854.88 2554.22 36.4171 0 10.9321 49672.4 1205.33 0 1.95215e-06 23.3726 5.96318e-05 0 0 0.00849598 129.542 0 0 44.163 0.14171 742.399 2.98064e-07 0 44.0823 7.24956e-08 0.01411 0 14.7707 0.20981 193.014 0 0 1.60531e-10 6.85333e-07 0 0 0.829051 1085.1 2056.54 4.31661e-05 0 0.827491 1648.11 1110.58 0 2.09565e-10 7.96447 3.71018e-10 0 0 2.94405e-05 1.31043e-05 0 0 3.6866 3495.22 1633.28 8.38087e-06 0 84.9537 20481.9 6057.58 0 1.04684e-07 540.093 65.47 0 0 4.15816e-05 0.0547761 0 0 25.2856 388641 111937 171.794 0 1951.96 267727 12568.9 0 1.92063e-07 5.57016e-06 3.52907e-06 0 
$Fmort
 3.29858 3.23312 0.653915
#ESTIMATED_PARAMETERS
$availability
2.09469 0.14729 2.45548 0.264957 0.0375165 
0.0449049 0.182381 0.0731149 4.46017 0.239585 
0.0421509 0.0443921 0.0271795 0.233699 4.65701 
$availabilityVector
 2.09469 0.0449049 0.0421509 0.14729 0.182381 0.0443921 2.45548 0.0731149 0.0271795 0.264957 4.46017 0.233699 0.0375165 0.239585 4.65701
$selectivity
 0.0112463 0.063979 0.0753914 0.388199 4.46143
$RunSize
 0 6190.67 15833.4 0 0 34592.6 5.5933e+06 1.23044e+06 3421.72 0 35272.2 2.81924e+07 580642 0 0.00629857 13265.5 0.0287263 0 0 4.57881 59256.7 0 0 135298 76.3729 339597 2.65994e-05 0 135051 3.90707e-05 6.45439 0 45251.6 113.075 88290.8 0 0 1.41255e-07 0.000511808 0 0 4148.12 954804 1.53583e+06 0.00627801 0 4140.31 1.45022e+06 829383 0 1.04855e-06 7008.14 2.77078e-07 0 0 0.00302586 0.00114396 0 0 2146.89 359235 142580 0.000145504 0 49472.7 2.10511e+06 528808 0 6.09625e-05 55510.2 5715.32 0 0 0.000234886 0.267019 0 0 751.016 2.19535e+06 545663 247.759 0 57975.9 1.51233e+06 61270.2 0 5.70454e-06 3.14646e-05 1.72033e-05 0
