$ndistricts
3
$ngroups
90
$nstocks
5
$nagecomps
18
$AgeCompLabels
 0.1 0.2 0.3 0.4 0.5 1.1 1.2 1.3 1.4 1.5 2.1 2.2 2.3 2.4 3.1 3.2 3.3 3.4
$navailpar
15
$nselectpar
5
$GENdata
 1 1 -1
$maxGradient
1.36673e-06
#LIKELIHOOD_VALUES_AND_PENALTIES
$totalNLL
933.835
$NLLcatch
0.677374
$NLLescape
-6.90694
$NLLagecompCatch
0
$NLLagecompEsc
816.755
$NLLgenetics
123.309
$NLLselOne
2.01897e-17
$NLLavailOne
0.000785146
$NLLextra
4.4e-198
$sigmaCat
0.5
$sigmaEsc
0.1
#OBSERVED_AND_PREDICTED_VALUES
$predEsc
 1.33529e+06 108940 1.08266e+06 702138 202072
$obsEsc
 1.34114e+06 108910 1.08586e+06 692514 201520
$predCatch
 2.16721e+06 1.78057e+06 92623
$obsCatch
 2.16721e+06 1.78057e+06 92623
$RunSize
 0 1.65875e-09 1087.88 0 0 12918.1 479470 128459 0 0 2375.64 799643 86228.8 0 0 1030.09 519.722 0 0 6.22031e-09 6.22031e-09 0 0 0 1.90756e-08 25059.6 0 0 0 2.52959e-08 187655 0 0 6.22031e-09 5.39094e-09 0 0 2.07344e-09 1138.51 0 0 1393.86 551732 359202 1334.26 0 230.203 325161 1.39091e+06 0 0 1788.6 1562.64 0 0 1310.61 2.48813e-09 0 0 0 31805.6 65408.5 0 0 401.796 1.39225e+06 1.1505e+06 0 0 50537 31018.4 0 0 8.29375e-10 4053.82 0 0 0 23591.7 79143.6 0 0 0 131609 150225 0 0 77.2645 670.033 0
$SSageCompEsc
 1883 0 2161 3086 903
$obsAgeCompEsc
0 0 0.000737137 0 0 0.00963206 0.31919 0.0817013 0 0 0.00177133 0.531167 0.0547121 0 0 0.000737137 0.000351686 0 
0 0 0 0 0 0 0.601116 0.250188 0 0 0 0.102692 0.0460043 0 0 0 0 0 
0 0 0.000715696 0 0 0.00128365 0.261016 0.120302 0.00122876 0 0.000212 0.147808 0.465231 0 0 0.00121768 0.000985175 0 
0 0 0 0 0 0 0.00509401 0.0289203 0 0 0.000580144 0.532902 0.404167 0 0 0.0199772 0.00835939 0 
0 0 0 0 0 0 0.077796 0.176757 0 0 0 0.407036 0.337741 0 0 0.000335112 0.000335112 0 
$predAgeCompEsc
0 1.09941e-15 0.000704528 0 0 0.00967435 0.317789 0.083192 0 0 0.00177911 0.529998 0.055843 0 0 0.000682735 0.000336579 0 
0 3.25162e-14 2.92425e-14 0 0 0 9.97162e-14 0.117808 0 0 0 1.32232e-13 0.882192 0 0 3.25162e-14 2.53435e-14 0 
0 8.66187e-16 0.000409333 0 0 0.00128744 0.230488 0.129145 0.00123238 0 0.000212626 0.135837 0.500079 0 0 0.000747196 0.00056182 0 
0 0.000553971 7.49454e-16 0 0 0 0.0134436 0.0197018 0 0 0.000572246 0.588479 0.346545 0 0 0.021361 0.00934311 0 
0 2.30517e-15 0.00984342 0 0 0 0.0655711 0.192175 0 0 0 0.365795 0.364774 0 0 0.00021475 0.00162696 0 
$SSageCompCatch
 23 1710 295
$obsAgeCompCatch
0 0 0 0 0 0 0.130435 0.130435 0 0 0 0.173913 0.565217 0 0 0 0 0 
0 0.00115781 0 0 0 0 0.0351433 0.0202154 0 0 0 0.562154 0.345982 0 0 0.0247014 0.010646 0 
0 0 0.0183525 0 0 0 0.0323589 0.187706 0 0 0 0.277871 0.474536 0 0 0 0.00917627 0 
$predAgeCompCatch
0 7.38172e-05 0.000439758 0 0 5.99951e-10 0.162828 0.118489 9.49913e-10 0 1.18045e-10 0.199105 0.513198 0 0 0.00334384 0.00252393 0 
0 0.00042187 0.000701255 0 0 4.6855e-11 0.0180744 0.0387944 5.62602e-12 0 1.09427e-10 0.473537 0.440982 0 0 0.0162893 0.0111991 0 
0 0.000113398 0.00761719 0 0 1.13641e-10 0.0535647 0.161943 2.65628e-11 0 3.90823e-11 0.346768 0.420999 0 0 0.00453037 0.0044642 0 
$genSS
 309 283 -1
$obsGenComp     #GeneticFracData
0.0801854 0.0420066 0.69175 0.181626 0.00443236 
0.00683486 0.000502563 0.00613127 0.92743 0.0591014 
0 0 0 0 0 
$predGenComp     #catchGenComp_pred
0.0720027 0.047372 0.709565 0.165485 0.00557532 
0.0102014 0.000406377 0.00631763 0.92037 0.062705 
0 0 0 0 0 
#PARAMETERS_OF_INTEREST
$catchByGroup
0 0 0 
1.68701e-10 1.96091e-11 2.40553e-12 
130.014 15.2444 1.87191 
0 0 0 
0 0 0 
0.000727307 8.06407e-05 9.84106e-06 
48764 5668.11 695.329 
15352.3 1800.09 221.039 
0 0 0 
0 0 0 
0.000133751 1.48298e-05 1.80977e-06 
81326.8 9453.07 1159.65 
10305.3 1208.32 148.373 
0 0 0 
0 0 0 
104.764 12.1773 1.49384 
62.1125 7.28282 0.894281 
0 0 0 
0 0 0 
2.65065e-09 1.78355e-11 9.49999e-12 
3.00219e-09 2.11593e-11 1.12718e-11 
0 0 0 
0 0 0 
0 0 0 
8.12868e-09 5.46955e-11 2.91333e-11 
12094.8 85.2438 45.4104 
0 0 0 
0 0 0 
0 0 0 
1.07793e-08 7.2531e-11 3.86333e-11 
90570.4 638.337 340.05 
0 0 0 
0 0 0 
2.65065e-09 1.78355e-11 9.49999e-12 
2.6019e-09 1.83381e-11 9.76891e-12 
0 0 0 
0 0 0 
1.12583e-09 7.88513e-12 1.9394e-12 
688.945 5.13612 1.2636 
0 0 0 
0 0 0 
0.000572915 2.78782e-06 6.84696e-07 
299577 2098.2 516.065 
217363 1620.45 398.666 
0.00205866 1.00175e-05 2.46033e-06 
0 0 0 
9.46194e-05 4.6042e-07 1.13081e-07 
176554 1236.56 304.14 
841679 6274.76 1543.73 
0 0 0 
0 0 0 
971.167 6.80193 1.67298 
945.595 7.04946 1.73432 
0 0 0 
0 0 0 
159.978 751.167 10.5032 
3.56155e-10 1.58211e-09 2.36444e-11 
0 0 0 
0 0 0 
0 0 0 
3882.3 18229.1 254.89 
9362.68 41590.8 621.57 
0 0 0 
0 0 0 
2.74569e-05 0.000179552 1.69707e-06 
169943 797959 11157.5 
164685 731561 10933.1 
0 0 0 
0 0 0 
6168.72 28964.9 405.003 
4440.02 19723.4 294.764 
0 0 0 
0 0 0 
2.31792e-11 2.17515e-10 1.22869e-10 
134.091 1228.25 702.392 
0 0 0 
0 0 0 
0 0 0 
659.336 6187.26 3495.04 
2617.9 23979.4 13713 
0 0 0 
0 0 0 
0 0 0 
3678.17 34516.2 19497.4 
4969.1 45516.1 26028.9 
0 0 0 
0 0 0 
2.15937 20.2637 11.4465 
22.1632 203.011 116.094 
0 0 0 
$escByGroup
 5e-101 1.46803e-09 940.752 5e-101 5e-101 12918.1 424342 111086 5e-101 5e-101 2375.64 707703 74566.8 5e-101 5e-101 911.652 449.432 5e-101 5e-101 3.54232e-09 3.18569e-09 5e-101 5e-101 5e-101 1.08631e-08 12834.1 5e-101 5e-101 5e-101 1.44055e-08 96106.3 5e-101 5e-101 3.54232e-09 2.76093e-09 5e-101 5e-101 9.37788e-10 443.169 5e-101 5e-101 1393.86 249541 139820 1334.26 5e-101 230.202 147066 541417 5e-101 5e-101 808.962 608.262 5e-101 5e-101 388.964 5.26221e-10 5e-101 5e-101 5e-101 9439.29 13833.4 5e-101 5e-101 401.796 413194 243323 5e-101 5e-101 14998.4 6560.16 5e-101 5e-101 4.65812e-10 1989.08 5e-101 5e-101 5e-101 13250.1 38833.3 5e-101 5e-101 5e-101 73917.1 73710.7 5e-101 5e-101 43.395 328.764 5e-101
$catchByGroup
0 1.68701e-10 130.014 0 0 0.000727307 48764 15352.3 0 0 0.000133751 81326.8 10305.3 0 0 104.764 62.1125 0 0 2.65065e-09 3.00219e-09 0 0 0 8.12868e-09 12094.8 0 0 0 1.07793e-08 90570.4 0 0 2.65065e-09 2.6019e-09 0 0 1.12583e-09 688.945 0 0 0.000572915 299577 217363 0.00205866 0 9.46194e-05 176554 841679 0 0 971.167 945.595 0 0 159.978 3.56155e-10 0 0 0 3882.3 9362.68 0 0 2.74569e-05 169943 164685 0 0 6168.72 4440.02 0 0 2.31792e-11 134.091 0 0 0 659.336 2617.9 0 0 0 3678.17 4969.1 0 0 2.15937 22.1632 0 
0 1.96091e-11 15.2444 0 0 8.06407e-05 5668.11 1800.09 0 0 1.48298e-05 9453.07 1208.32 0 0 12.1773 7.28282 0 0 1.78355e-11 2.11593e-11 0 0 0 5.46955e-11 85.2438 0 0 0 7.2531e-11 638.337 0 0 1.78355e-11 1.83381e-11 0 0 7.88513e-12 5.13612 0 0 2.78782e-06 2098.2 1620.45 1.00175e-05 0 4.6042e-07 1236.56 6274.76 0 0 6.80193 7.04946 0 0 751.167 1.58211e-09 0 0 0 18229.1 41590.8 0 0 0.000179552 797959 731561 0 0 28964.9 19723.4 0 0 2.17515e-10 1228.25 0 0 0 6187.26 23979.4 0 0 0 34516.2 45516.1 0 0 20.2637 203.011 0 
0 2.40553e-12 1.87191 0 0 9.84106e-06 695.329 221.039 0 0 1.80977e-06 1159.65 148.373 0 0 1.49384 0.894281 0 0 9.49999e-12 1.12718e-11 0 0 0 2.91333e-11 45.4104 0 0 0 3.86333e-11 340.05 0 0 9.49999e-12 9.76891e-12 0 0 1.9394e-12 1.2636 0 0 6.84696e-07 516.065 398.666 2.46033e-06 0 1.13081e-07 304.14 1543.73 0 0 1.67298 1.73432 0 0 10.5032 2.36444e-11 0 0 0 254.89 621.57 0 0 1.69707e-06 11157.5 10933.1 0 0 405.003 294.764 0 0 1.22869e-10 702.392 0 0 0 3495.04 13713 0 0 0 19497.4 26028.9 0 0 11.4465 116.094 0 
$Fmort
 0.193073 0.141307 0.0207197
#ESTIMATED_PARAMETERS
$availability
0.334307 1.73098 2.4406 0.405763 0.0883512 
0.0506456 0.0122287 0.0162267 3.62551 1.29539 
0.0421509 0.0443921 0.0271795 0.233699 4.65701 
$availabilityVector
 0.334307 0.0506456 0.0421509 1.73098 0.0122287 0.0443921 2.4406 0.0162267 0.0271795 0.405763 3.62551 0.233699 0.0883512 1.29539 4.65701
$selectivity
 8.72272e-07 1.6617 1.9719 3.27436e-06 1.36639
$RunSize
 0 1.65875e-09 1087.88 0 0 12918.1 479470 128459 0 0 2375.64 799643 86228.8 0 0 1030.09 519.722 0 0 6.22031e-09 6.22031e-09 0 0 0 1.90756e-08 25059.6 0 0 0 2.52959e-08 187655 0 0 6.22031e-09 5.39094e-09 0 0 2.07344e-09 1138.51 0 0 1393.86 551732 359202 1334.26 0 230.203 325161 1.39091e+06 0 0 1788.6 1562.64 0 0 1310.61 2.48813e-09 0 0 0 31805.6 65408.5 0 0 401.796 1.39225e+06 1.1505e+06 0 0 50537 31018.4 0 0 8.29375e-10 4053.82 0 0 0 23591.7 79143.6 0 0 0 131609 150225 0 0 77.2645 670.033 0
