$ndistricts
3
$ngroups
90
$nstocks
5
$nagecomps
18
$AgeCompLabels
 0.1 0.2 0.3 0.4 0.5 1.1 1.2 1.3 1.4 1.5 2.1 2.2 2.3 2.4 3.1 3.2 3.3 3.4
$navailpar
15
$nselectpar
5
$GENdata
 -1 -1 -1
$maxGradient
4.69064e-05
#LIKELIHOOD_VALUES_AND_PENALTIES
$totalNLL
677.427
$NLLcatch
0.677374
$NLLescape
-6.90379
$NLLagecompCatch
0
$NLLagecompEsc
683.651
$NLLgenetics
0
$NLLselOne
6.97304e-18
$NLLavailOne
0.00216271
$NLLextra
8.53151e-11
$sigmaCat
0.5
$sigmaEsc
0.1
#OBSERVED_AND_PREDICTED_VALUES
$predEsc
 8.2063e+06 504692 1.1718e+06 1.61007e+06 1.71116e+06
$obsEsc
 8.3175e+06 501738 1.16198e+06 1.61157e+06 1.71329e+06
$predCatch
 1.29281e+07 8.90199e+06 3.14624e+06
$obsCatch
 1.29281e+07 8.90199e+06 3.14624e+06
$RunSize
 0 1461.79 6196.65 6.3753e-09 0 4.2502e-09 978842 1.34016e+06 3795.92 4.2502e-09 33178.2 1.63379e+07 359743 4.2502e-09 4.2502e-09 4.2502e-09 4.2502e-09 0 0 1.06255e-08 32881.4 1412.62 0 2.35886e-07 74067.3 1.05563e+06 1.06255e-08 4.2502e-09 2.1251e-08 5.73777e-08 1642.21 3.18765e-08 1.48757e-08 6.3753e-09 4.2502e-09 0 0 4.2502e-09 1416.89 4.2502e-09 0 6677.76 768033 768165 5525.94 4.2502e-09 27325.3 1.45871e+06 354584 7145.07 4.2502e-09 4.2502e-09 4.2502e-09 0 0 4.2502e-09 114.683 4.2502e-09 0 1346.15 408566 611789 6141.67 466.414 32409.7 5.03532e+06 3.30068e+06 4.2502e-09 1811 13203.6 985.842 0 0 4894.71 8431.49 4.2502e-09 0 532.938 620721 580207 2838.04 4.2502e-09 980.312 3.70969e+06 211552 2551.37 4.2502e-09 645.608 4.2502e-09 0
$SSageCompEsc
 3007 0 1732 2744 3712
$obsAgeCompEsc
0 0.000106919 0.000264508 0 0 0 0.0453678 0.060585 0.000235161 0 0.00373348 0.873374 0.0163333 0 0 0 0 0 
0 0 0 0 0 0 0.601116 0.250188 0 0 0 0.102692 0.0460043 0 0 0 0 0 
0 0 0.000389753 0 0 0.00518031 0.222433 0.213982 0.0011853 0 0.021533 0.434988 0.0988799 0.00142853 0 0 0 0 
0 0 0 0 0 0.000708519 0.0408486 0.0594829 0.000205748 0 0.0177067 0.535 0.344368 0 0.000938515 0.000601233 0.000140165 0 
0 0.00135269 0.00125205 0 0 0.000295966 0.150879 0.10471 0 0 0.000546787 0.703015 0.0376991 0.000249729 0 0 0 0 
$predAgeCompEsc
0 7.67471e-05 0.000315456 2.39029e-16 0 4.81799e-16 0.0513914 0.0682244 0.00014232 1.34097e-16 0.00376105 0.857775 0.0183137 1.59353e-16 4.81799e-16 2.23145e-16 2.16368e-16 0 
0 9.36629e-15 0.0281653 0.000915255 0 4.3529e-13 0.0652897 0.904223 6.88442e-15 2.36362e-15 3.92153e-14 5.0578e-14 0.00140667 2.06532e-14 2.74507e-14 5.61977e-15 3.6406e-15 0 
0 1.24868e-15 0.000399442 7.81832e-16 0 0.00521343 0.225644 0.216556 0.00101651 6.02312e-16 0.0213333 0.428561 0.0999621 0.00131435 3.3182e-15 1.24868e-15 1.19819e-15 0 
0 4.60547e-16 1.1403e-05 1.22598e-16 0 0.000733149 0.0442718 0.0608305 0.000177157 -1.81413e-12 0.0176511 0.545622 0.328188 1.22598e-16 0.000986315 0.00143073 9.80227e-05 0 
0 0.000958635 0.00157417 4.63623e-16 0 0.000286432 0.121569 0.108326 0.00030958 3.15622e-16 0.000526876 0.726548 0.0394971 0.00027831 2.2843e-15 0.000126443 7.9352e-16 0 
$SSageCompCatch
 9757 9235 4160
$obsAgeCompCatch
0 4.31321e-05 0.00161289 8.48751e-05 0 0.000112636 0.0893595 0.151951 0.000236226 0 0.000313058 0.700837 0.0551206 0.00032907 0 0 0 0 
0 0 0.000747975 0 0 5.59792e-05 0.0624329 0.0805053 0.000634903 5.57807e-05 0.000417034 0.59433 0.258837 4.39829e-05 7.2761e-05 0.00181061 5.57807e-05 0 
0 0.000479611 0.00169001 0 0 0 0.0763395 0.114228 0.00105275 0 0 0.725711 0.0793763 0.000574326 0 0.000549165 0 0 
$predAgeCompCatch
0 6.66294e-05 0.00164665 6.65914e-05 0 4.08811e-05 0.0786933 0.135092 0.000518724 3.51386e-06 0.000343213 0.734475 0.048594 0.000383927 9.05735e-07 6.96323e-05 5.26107e-06 0 
0 7.7809e-05 0.000341984 8.63702e-06 0 2.3196e-05 0.0550243 0.0795643 0.000709184 4.45479e-05 0.000456853 0.581724 0.280716 0.000123476 2.30395e-05 0.00108121 8.12963e-05 0 
0 0.000804856 0.00150184 4.10255e-06 0 1.3405e-05 0.109543 0.110578 0.000670085 7.76229e-06 6.53593e-05 0.700726 0.0753015 0.000514079 1.95632e-06 0.000255581 1.15386e-05 0 
$genSS
 -1 -1 -1
$obsGenComp     #GeneticFracData
0 0 0 0 0 
0 0 0 0 0 
0 0 0 0 0 
$predGenComp     #catchGenComp_pred
0 0 0 0 0 
0 0 0 0 0 
0 0 0 0 0 
#PARAMETERS_OF_INTEREST
$catchByGroup
0 0 0 
735.426 86.9985 9.55329 
3185.87 380.258 41.7924 
3.85907e-09 4.99363e-10 5.53254e-11 
0 0 0 
2.69451e-10 2.43532e-11 2.60902e-12 
492456 58256 6397.07 
689014 82239.1 9038.52 
2297.73 297.325 32.9412 
2.73991e-09 3.68828e-10 4.10289e-11 
2103.41 190.107 20.3667 
8.2196e+06 972352 106774 
184954 22075.7 2426.24 
2.57271e-09 3.32908e-10 3.68836e-11 
2.69451e-10 2.43532e-11 2.60902e-12 
2.13828e-09 2.52952e-10 2.77766e-11 
2.18515e-09 2.60814e-10 2.86649e-11 
0 0 0 
0 0 0 
5.38722e-09 4.38066e-10 7.31209e-11 
17034.9 1398.19 233.513 
860.901 76.8867 12.9076 
0 0 0 
1.51179e-08 9.28232e-10 1.52497e-10 
37552.8 3053.63 509.705 
546892 44887.7 7496.75 
6.47557e-09 5.78331e-10 9.70892e-11 
2.75745e-09 2.56654e-10 4.31993e-11 
1.36197e-09 8.36245e-11 1.37385e-11 
2.9091e-08 2.36556e-09 3.94853e-10 
850.78 69.8303 11.6624 
1.94267e-08 1.73499e-09 2.91268e-10 
9.53379e-10 5.85372e-11 9.61695e-12 
3.23233e-09 2.6284e-10 4.38725e-11 
2.20191e-09 1.80728e-10 3.01836e-11 
0 0 0 
0 0 0 
2.45721e-09 3.11846e-10 1.79316e-11 
835.49 107.167 6.16927 
2.90078e-09 4.09444e-10 2.38199e-11 
0 0 0 
518.512 47.4859 2.64351 
444031 56352.2 3240.33 
452959 58100.3 3344.65 
3771.49 532.343 30.9696 
3.06478e-09 4.53132e-10 2.65016e-11 
2121.75 194.312 10.8172 
843339 107029 6154.29 
209085 26819 1543.89 
4876.54 688.322 40.0439 
3.30018e-10 3.02234e-11 1.68252e-12 
2.45721e-09 3.11846e-10 1.79316e-11 
2.50619e-09 3.21465e-10 1.85057e-11 
0 0 0 
0 0 0 
2.84427e-10 3.07253e-09 1.51734e-10 
7.91226 84.1878 4.22315 
3.73859e-10 3.47845e-09 2.00504e-10 
0 0 0 
8.70387 152.453 4.57518 
27341.6 295358 14586 
42208.9 449110 22528.9 
540.238 5026.46 289.735 
45.4275 396.565 24.422 
209.553 3670.43 110.151 
336968 3.6401e+06 179763 
227722 2.423e+06 121546 
3.73859e-10 3.47845e-09 2.00504e-10 
11.7094 205.097 6.15505 
883.598 9545.07 471.374 
68.0157 723.699 36.3032 
0 0 0 
0 0 0 
125.966 605.656 2522.72 
223.856 1074.53 4439.44 
1.44779e-10 6.84428e-10 2.62766e-09 
0 0 0 
1.29967 6.55192 34.9567 
15974.4 76806 319917 
15404.4 73943.3 305497 
96.6748 457.021 1754.6 
1.60816e-10 7.54441e-10 2.79487e-09 
2.39068 12.0519 64.301 
95469.7 459026 1.91196e+06 
5616.68 26960.8 111388 
86.9098 410.858 1577.37 
1.03649e-11 5.22519e-11 2.78781e-10 
16.6148 79.8854 332.744 
1.12843e-10 5.41658e-10 2.23786e-09 
0 0 0 
$escByGroup
 5e-101 629.809 2588.73 1.96154e-09 5e-101 3.95379e-09 421733 559869 1167.92 1.10044e-09 30864.3 7.03916e+06 150287 1.3077e-09 3.95379e-09 1.83119e-09 1.77558e-09 5e-101 5e-101 4.72709e-09 14214.8 461.922 5e-101 2.19688e-07 32951.2 456354 3.47451e-09 1.1929e-09 1.97917e-08 2.55263e-08 709.934 1.04235e-08 1.38542e-08 2.83626e-09 1.83738e-09 5e-101 5e-101 1.46321e-09 468.068 9.16153e-10 5e-101 6109.12 264410 253762 1191.15 7.05791e-10 24998.4 502189 117136 1540.16 3.88828e-09 1.46321e-09 1.40404e-09 5e-101 5e-101 7.41513e-10 18.3596 1.97391e-10 5e-101 1180.42 71280.6 97941.4 285.236 3.42363e-195 28419.6 878489 528406 1.97391e-10 1588.04 2303.57 157.823 5e-101 5e-101 1640.38 2693.66 7.93331e-10 5e-101 490.13 208023 185362 529.74 5.40079e-10 901.569 1.24324e+06 67585.7 476.232 3.9088e-09 216.364 1.35784e-09 5e-101
$catchByGroup
0 735.426 3185.87 3.85907e-09 0 2.69451e-10 492456 689014 2297.73 2.73991e-09 2103.41 8.2196e+06 184954 2.57271e-09 2.69451e-10 2.13828e-09 2.18515e-09 0 0 5.38722e-09 17034.9 860.901 0 1.51179e-08 37552.8 546892 6.47557e-09 2.75745e-09 1.36197e-09 2.9091e-08 850.78 1.94267e-08 9.53379e-10 3.23233e-09 2.20191e-09 0 0 2.45721e-09 835.49 2.90078e-09 0 518.512 444031 452959 3771.49 3.06478e-09 2121.75 843339 209085 4876.54 3.30018e-10 2.45721e-09 2.50619e-09 0 0 2.84427e-10 7.91226 3.73859e-10 0 8.70387 27341.6 42208.9 540.238 45.4275 209.553 336968 227722 3.73859e-10 11.7094 883.598 68.0157 0 0 125.966 223.856 1.44779e-10 0 1.29967 15974.4 15404.4 96.6748 1.60816e-10 2.39068 95469.7 5616.68 86.9098 1.03649e-11 16.6148 1.12843e-10 0 
0 86.9985 380.258 4.99363e-10 0 2.43532e-11 58256 82239.1 297.325 3.68828e-10 190.107 972352 22075.7 3.32908e-10 2.43532e-11 2.52952e-10 2.60814e-10 0 0 4.38066e-10 1398.19 76.8867 0 9.28232e-10 3053.63 44887.7 5.78331e-10 2.56654e-10 8.36245e-11 2.36556e-09 69.8303 1.73499e-09 5.85372e-11 2.6284e-10 1.80728e-10 0 0 3.11846e-10 107.167 4.09444e-10 0 47.4859 56352.2 58100.3 532.343 4.53132e-10 194.312 107029 26819 688.322 3.02234e-11 3.11846e-10 3.21465e-10 0 0 3.07253e-09 84.1878 3.47845e-09 0 152.453 295358 449110 5026.46 396.565 3670.43 3.6401e+06 2.423e+06 3.47845e-09 205.097 9545.07 723.699 0 0 605.656 1074.53 6.84428e-10 0 6.55192 76806 73943.3 457.021 7.54441e-10 12.0519 459026 26960.8 410.858 5.22519e-11 79.8854 5.41658e-10 0 
0 9.55329 41.7924 5.53254e-11 0 2.60902e-12 6397.07 9038.52 32.9412 4.10289e-11 20.3667 106774 2426.24 3.68836e-11 2.60902e-12 2.77766e-11 2.86649e-11 0 0 7.31209e-11 233.513 12.9076 0 1.52497e-10 509.705 7496.75 9.70892e-11 4.31993e-11 1.37385e-11 3.94853e-10 11.6624 2.91268e-10 9.61695e-12 4.38725e-11 3.01836e-11 0 0 1.79316e-11 6.16927 2.38199e-11 0 2.64351 3240.33 3344.65 30.9696 2.65016e-11 10.8172 6154.29 1543.89 40.0439 1.68252e-12 1.79316e-11 1.85057e-11 0 0 1.51734e-10 4.22315 2.00504e-10 0 4.57518 14586 22528.9 289.735 24.422 110.151 179763 121546 2.00504e-10 6.15505 471.374 36.3032 0 0 2522.72 4439.44 2.62766e-09 0 34.9567 319917 305497 1754.6 2.79487e-09 64.301 1.91196e+06 111388 1577.37 2.78781e-10 332.744 2.23786e-09 0 
$Fmort
 0.466427 0.314591 0.153516
#ESTIMATED_PARAMETERS
$availability
1.47976 1.49647 1.82616 0.146556 0.0551649 
0.19249 0.132076 0.239055 4.02619 0.414372 
0.0421509 0.0443921 0.0271795 0.233699 4.65701 
$availabilityVector
 1.47976 0.19249 0.0421509 1.49647 0.132076 0.0443921 1.82616 0.239055 0.0271795 0.146556 4.02619 0.233699 0.0551649 0.414372 4.65701
$selectivity
 0.0948942 1.01328 1.0458 1.34695 1.49907
$RunSize
 0 1461.79 6196.65 6.3753e-09 0 4.2502e-09 978842 1.34016e+06 3795.92 4.2502e-09 33178.2 1.63379e+07 359743 4.2502e-09 4.2502e-09 4.2502e-09 4.2502e-09 0 0 1.06255e-08 32881.4 1412.62 0 2.35886e-07 74067.3 1.05563e+06 1.06255e-08 4.2502e-09 2.1251e-08 5.73777e-08 1642.21 3.18765e-08 1.48757e-08 6.3753e-09 4.2502e-09 0 0 4.2502e-09 1416.89 4.2502e-09 0 6677.76 768033 768165 5525.94 4.2502e-09 27325.3 1.45871e+06 354584 7145.07 4.2502e-09 4.2502e-09 4.2502e-09 0 0 4.2502e-09 114.683 4.2502e-09 0 1346.15 408566 611789 6141.67 466.414 32409.7 5.03532e+06 3.30068e+06 4.2502e-09 1811 13203.6 985.842 0 0 4894.71 8431.49 4.2502e-09 0 532.938 620721 580207 2838.04 4.2502e-09 980.312 3.70969e+06 211552 2551.37 4.2502e-09 645.608 4.2502e-09 0
