$ndistricts
3
$ngroups
90
$nstocks
5
$nagecomps
18
$AgeCompLabels
 0.1 0.2 0.3 0.4 0.5 1.1 1.2 1.3 1.4 1.5 2.1 2.2 2.3 2.4 3.1 3.2 3.3 3.4
$navailpar
15
$nselectpar
5
$GENdata
 -1 -1 -1
$maxGradient
9.78552e-07
#LIKELIHOOD_VALUES_AND_PENALTIES
$totalNLL
709.294
$NLLcatch
0.677374
$NLLescape
-6.91363
$NLLagecompCatch
0
$NLLagecompEsc
715.528
$NLLgenetics
0
$NLLselOne
6.25113e-17
$NLLavailOne
0.00216271
$NLLextra
5.3e-198
$sigmaCat
0.5
$sigmaEsc
0.1
#OBSERVED_AND_PREDICTED_VALUES
$predEsc
 1.8279e+06 1.15081e+06 1.37525e+06 1.03757e+06 633317
$obsEsc
 1.82778e+06 1.15082e+06 1.37549e+06 1.03214e+06 638420
$predCatch
 3.52087e+06 7.0294e+06 1.53879e+06
$obsCatch
 3.52087e+06 7.0294e+06 1.53879e+06
$RunSize
 0 0 0 0 0 0 499495 1.89942e+06 2.01102e-09 0 0 620168 220654 0 0 2.01102e-09 2.01102e-09 0 0 0 0 0 0 25467.5 33600.8 1.69456e+06 10255.1 0 0 6.39154e-05 234331 0 0 7539.33 5.02756e-09 0 0 0 0 0 0 0 253306 2.34374e+06 2.01102e-09 0 0 68578.4 226064 0 0 2.01102e-09 2.01102e-09 0 0 0 0 0 0 0 393220 2.57152e+06 3.01654e-09 0 3332.22 1.64742e+06 3.14819e+06 0 0 25562.7 3703.45 0 0 0 0 0 0 0 247606 1.64512e+06 7951.8 0 0 123389 159310 0 0 2.01102e-09 393.253 0
$SSageCompEsc
 1272 0 1428 1413 1541
$obsAgeCompEsc
0 0 0 0 0 0 0.161887 0.570742 0 0 0 0.201055 0.0663159 0 0 0 0 0 
0 0 0 0 0 0.000258602 0.462782 0.40656 0.00654437 0 0 0.027621 0.0962343 0 0 0 0 0 
0 0 0 0 0 0 0.0954044 0.801329 0 0 0 0.0258885 0.077378 0 0 0 0 0 
0 0 0 0 0 0 0.0639659 0.303803 0 0 0.00322842 0.257088 0.366115 0 0 0.00516779 0.000631794 0 
0 0 0 0 0 0 0.155276 0.716517 0.00210491 0 0 0.063658 0.0624439 0 0 0 0 0 
$predAgeCompEsc
0 0 0 0 0 0 0.162017 0.570544 5.15892e-16 0 0 0.201159 0.0662797 0 0 6.52299e-16 6.04069e-16 0 
0 0 0 0 0 0.0221299 0.0177943 0.836083 0.00438347 0 0 3.38484e-11 0.115617 0 0 0.00399269 2.48056e-15 0 
0 0 0 0 0 0 0.0956739 0.80115 5.57413e-16 0 0 0.0259021 0.0772745 0 0 7.59564e-16 6.87419e-16 0 
0 0 0 0 0 0 0.064506 0.295565 1.13449e-16 0 0.00321157 0.270253 0.361845 0 0 0.00419345 0.000425666 0 
0 0 0 0 0 0 0.13369 0.726975 0.00214152 0 0 0.0666214 0.0703988 0 0 1.08581e-15 0.000173778 0 
$SSageCompCatch
 5464 5653 2422
$obsAgeCompCatch
0 0 0 0 0 0 0.0854489 0.710505 0.00139838 0 0 0.0852602 0.116347 0 0 0.00104046 0 0 
0 0 0 0 0 0 0.0594488 0.381735 3.3716e-05 0 0 0.200406 0.35632 0 0 0.00190927 0.000147397 0 
0 0 0 0 0 0 0.0669 0.684512 0.00349255 0 0 0.0851768 0.158846 0 0 0.000536363 0.000536363 0 
$predAgeCompCatch
0 0 0 0 0 7.37469e-10 0.0848568 0.709979 0.00131925 0 9.44988e-12 0.0859414 0.116841 0 0 0.00101345 4.90234e-05 0 
0 0 0 0 0 4.12256e-11 0.054716 0.388876 0.000296473 0 1.64431e-10 0.18586 0.367029 0 0 0.00279441 0.000428076 0 
0 0 0 0 0 2.75956e-11 0.0936039 0.680486 0.00329945 0 1.90081e-11 0.0809553 0.140805 0 0 0.000614093 0.000236075 0 
$genSS
 -1 -1 -1
$obsGenComp     #GeneticFracData
0 0 0 0 0 
0 0 0 0 0 
0 0 0 0 0 
$predGenComp     #catchGenComp_pred
0 0 0 0 0 
0 0 0 0 0 
0 0 0 0 0 
#PARAMETERS_OF_INTEREST
$catchByGroup
0 0 0 
0 0 0 
0 0 0 
0 0 0 
0 0 0 
0 0 0 
167652 32494.7 3197.39 
703566 139200 13751 
8.70935e-10 1.79245e-10 1.78435e-11 
0 0 0 
0 0 0 
208155 40345 3969.84 
81732.8 16170.7 1597.45 
0 0 0 
0 0 0 
6.74986e-10 1.30827e-10 1.2873e-11 
7.44907e-10 1.47379e-10 1.4559e-11 
0 0 0 
0 0 0 
0 0 0 
0 0 0 
0 0 0 
0 0 0 
0.00259653 0.000289791 4.24638e-05 
11380.7 1515.61 226.484 
633245 86223.1 12917.8 
4478.41 636.306 95.8073 
0 0 0 
0 0 0 
2.16483e-05 2.88299e-06 4.30818e-07 
87567.7 11923.3 1786.32 
0 0 0 
0 0 0 
2553.6 340.072 50.8184 
1.87876e-09 2.55813e-10 3.83254e-11 
0 0 0 
0 0 0 
0 0 0 
0 0 0 
0 0 0 
0 0 0 
0 0 0 
100383 20301.4 1046.74 
1.01962e+06 211386 10955.2 
1.01277e-09 2.2015e-10 1.1524e-11 
0 0 0 
0 0 0 
27177 5496.27 283.387 
98346.9 20389.1 1056.68 
0 0 0 
0 0 0 
7.9695e-10 1.61175e-10 8.31018e-12 
8.74875e-10 1.81378e-10 9.39998e-12 
0 0 0 
0 0 0 
0 0 0 
0 0 0 
0 0 0 
0 0 0 
0 0 0 
15607.6 296929 13754.2 
115180 2.04814e+06 101535 
1.64879e-10 2.58851e-09 1.45435e-10 
0 0 0 
3.32718e-05 0.00115585 2.92495e-05 
65389.2 1.24401e+06 57624.2 
141009 2.50743e+06 124304 
0 0 0 
0 0 0 
1014.63 19302.9 894.141 
165.88 2949.68 146.228 
0 0 0 
0 0 0 
0 0 0 
0 0 0 
0 0 0 
0 0 0 
0 0 0 
3746.11 33379.8 125812 
28133.1 248615 907966 
166.473 1447.72 4981.35 
0 0 0 
0 0 0 
1866.79 16634.1 62695.7 
2724.36 24075.4 87925.7 
0 0 0 
0 0 0 
3.04254e-11 2.71106e-10 1.02183e-09 
6.72501 59.4296 217.042 
0 0 0 
$escByGroup
 5e-101 5e-101 5e-101 5e-101 5e-101 5e-101 296151 1.0429e+06 9.43e-10 5e-101 5e-101 367698 121153 5e-101 5e-101 1.19234e-09 1.10418e-09 5e-101 5e-101 5e-101 5e-101 5e-101 5e-101 25467.4 20478 962176 5044.57 5e-101 5e-101 3.89532e-05 133054 5e-101 5e-101 4594.85 2.85466e-09 5e-101 5e-101 5e-101 5e-101 5e-101 5e-101 5e-101 131575 1.10178e+06 7.6658e-10 5e-101 5e-101 35621.8 106272 5e-101 5e-101 1.04459e-09 9.45371e-10 5e-101 5e-101 5e-101 5e-101 5e-101 5e-101 5e-101 66929.2 306668 1.1771e-10 5e-101 3332.22 280405 375438 5e-101 5e-101 4350.98 441.656 5e-101 5e-101 5e-101 5e-101 5e-101 5e-101 5e-101 84667.9 460405 1356.26 5e-101 5e-101 42192.5 44584.8 5e-101 5e-101 6.87663e-10 110.056 5e-101
$catchByGroup
0 0 0 0 0 0 167652 703566 8.70935e-10 0 0 208155 81732.8 0 0 6.74986e-10 7.44907e-10 0 0 0 0 0 0 0.00259653 11380.7 633245 4478.41 0 0 2.16483e-05 87567.7 0 0 2553.6 1.87876e-09 0 0 0 0 0 0 0 100383 1.01962e+06 1.01277e-09 0 0 27177 98346.9 0 0 7.9695e-10 8.74875e-10 0 0 0 0 0 0 0 15607.6 115180 1.64879e-10 0 3.32718e-05 65389.2 141009 0 0 1014.63 165.88 0 0 0 0 0 0 0 3746.11 28133.1 166.473 0 0 1866.79 2724.36 0 0 3.04254e-11 6.72501 0 
0 0 0 0 0 0 32494.7 139200 1.79245e-10 0 0 40345 16170.7 0 0 1.30827e-10 1.47379e-10 0 0 0 0 0 0 0.000289791 1515.61 86223.1 636.306 0 0 2.88299e-06 11923.3 0 0 340.072 2.55813e-10 0 0 0 0 0 0 0 20301.4 211386 2.2015e-10 0 0 5496.27 20389.1 0 0 1.61175e-10 1.81378e-10 0 0 0 0 0 0 0 296929 2.04814e+06 2.58851e-09 0 0.00115585 1.24401e+06 2.50743e+06 0 0 19302.9 2949.68 0 0 0 0 0 0 0 33379.8 248615 1447.72 0 0 16634.1 24075.4 0 0 2.71106e-10 59.4296 0 
0 0 0 0 0 0 3197.39 13751 1.78435e-11 0 0 3969.84 1597.45 0 0 1.2873e-11 1.4559e-11 0 0 0 0 0 0 4.24638e-05 226.484 12917.8 95.8073 0 0 4.30818e-07 1786.32 0 0 50.8184 3.83254e-11 0 0 0 0 0 0 0 1046.74 10955.2 1.1524e-11 0 0 283.387 1056.68 0 0 8.31018e-12 9.39998e-12 0 0 0 0 0 0 0 13754.2 101535 1.45435e-10 0 2.92495e-05 57624.2 124304 0 0 894.141 146.228 0 0 0 0 0 0 0 125812 907966 4981.35 0 0 62695.7 87925.7 0 0 1.02183e-09 217.042 0 
$Fmort
 0.256662 0.324561 0.141498
#ESTIMATED_PARAMETERS
$availability
1.47976 1.49647 1.82616 0.146556 0.0551649 
0.19249 0.132076 0.239055 4.02619 0.414372 
0.0421509 0.0443921 0.0271795 0.233699 4.65701 
$availabilityVector
 1.47976 0.19249 0.0421509 1.49647 0.132076 0.0443921 1.82616 0.239055 0.0271795 0.146556 4.02619 0.233699 0.0551649 0.414372 4.65701
$selectivity
 2.65447e-07 1.07672 1.21825 1.49431 1.21072
$RunSize
 0 0 0 0 0 0 499495 1.89942e+06 2.01102e-09 0 0 620168 220654 0 0 2.01102e-09 2.01102e-09 0 0 0 0 0 0 25467.5 33600.8 1.69456e+06 10255.1 0 0 6.39154e-05 234331 0 0 7539.33 5.02756e-09 0 0 0 0 0 0 0 253306 2.34374e+06 2.01102e-09 0 0 68578.4 226064 0 0 2.01102e-09 2.01102e-09 0 0 0 0 0 0 0 393220 2.57152e+06 3.01654e-09 0 3332.22 1.64742e+06 3.14819e+06 0 0 25562.7 3703.45 0 0 0 0 0 0 0 247606 1.64512e+06 7951.8 0 0 123389 159310 0 0 2.01102e-09 393.253 0
