$ndistricts
3
$ngroups
90
$nstocks
5
$nagecomps
18
$AgeCompLabels
 0.1 0.2 0.3 0.4 0.5 1.1 1.2 1.3 1.4 1.5 2.1 2.2 2.3 2.4 3.1 3.2 3.3 3.4
$navailpar
15
$nselectpar
5
$GENdata
 1 1 1
$maxGradient
2.88931e-06
#LIKELIHOOD_VALUES_AND_PENALTIES
$totalNLL
1005.67
$NLLcatch
0.677374
$NLLescape
-6.91778
$NLLagecompCatch
0
$NLLagecompEsc
795.789
$NLLgenetics
216.123
$NLLselOne
2.2727e-16
$NLLavailOne
6.36331e-16
$NLLextra
3.7e-198
$sigmaCat
0.5
$sigmaEsc
0.1
#OBSERVED_AND_PREDICTED_VALUES
$predEsc
 703894 766959 1.26417e+06 1.03351e+06 907115
$obsEsc
 703884 766962 1.26392e+06 1.03609e+06 905584
$predCatch
 35058 4.61037e+06 1.57323e+06
$obsCatch
 35058 4.61037e+06 1.57323e+06
$RunSize
 0 0 0 0 0 357.391 350364 113851 6602.42 0 616.215 307304 17455.2 1393.79 1.2096e-09 1.2096e-09 1.2096e-09 0 0 0 0 0 0 1.0705e-07 1.75392e-08 587338 195877 0 7811.02 65042.8 5.68512e-08 1.57248e-08 3.00586e-07 4.6751e-07 1.2096e-08 0 0 0 0 0 0 0 353153 484074 64454.9 0 1445.09 390972 203245 2262.1 1.2096e-09 1.2096e-09 1.2096e-09 0 0 0 0 0 0 0 19229 170559 21046.6 0 12152.1 3.36138e+06 1.68294e+06 13335.7 9487.63 29264 14232.7 0 0 0 0 0 0 3539.68 172409 623981 1002.1 0 20.6501 1.59673e+06 8619.35 754.264 1.2096e-09 2.4192e-09 1.2096e-09 0
$SSageCompEsc
 1323 0 1460 1290 1321
$obsAgeCompEsc
0 0 0 0 0 0.000505101 0.442832 0.143022 0.00865987 0 0.000866727 0.380195 0.0220553 0.00186373 0 0 0 0 
0 0 0 0 0 0.000258602 0.462782 0.40656 0.00654437 0 0 0.027621 0.0962343 0 0 0 0 0 
0 0 0 0 0 0 0.259588 0.314046 0.0451931 0 0.00117891 0.241349 0.136826 0.00181907 0 0 0 0 
0 0 0 0 0 0 0.00463711 0.039706 0.00740985 0 0.0105228 0.551682 0.363928 0.00627407 0.0082332 0.00340248 0.00420435 0 
0 0 0 0 0 0.0038052 0.105676 0.26192 0.000634657 0 2.01807e-05 0.622625 0.00468427 0.000634657 0 0 0 0 
$predAgeCompEsc
0 0 0 0 0 0.000503562 0.437838 0.144103 0.00872533 0 0.000868245 0.384027 0.0220933 0.00184194 1.70432e-15 1.51159e-15 1.53101e-15 0 
0 0 0 0 0 1.38387e-13 2.00021e-14 0.678857 0.236869 0 0.0100976 0.0741765 6.57098e-14 1.90156e-14 3.88578e-13 5.33161e-13 1.39808e-14 0 
0 0 0 0 0 0 0.232614 0.32476 0.0460014 0 0.00112983 0.257525 0.136355 0.00161446 9.45714e-16 7.96737e-16 8.11508e-16 0 
0 0 0 0 0 0 0.00325272 0.0356882 0.00822315 0 0.0106433 0.568602 0.352143 0.00521043 0.00830965 0.0049502 0.00297808 0 
0 0 0 0 0 0.00369233 0.0690442 0.282745 0.000656906 0 2.15406e-05 0.63944 0.00390569 0.000494442 1.26176e-15 9.68812e-16 5.48107e-16 0 
$SSageCompCatch
 4400 4866 2088
$obsAgeCompCatch
0 0 0 0 0 0 0.181091 0.317298 0.0331931 0 0 0.331061 0.135782 0.000685394 0 0.00068352 0.000206961 0 
0 0 0 0 0 0 0.0183831 0.0531265 0.006396 0 0.000283953 0.633892 0.27881 0.000897685 0.000283953 0.00629941 0.00162741 0 
0 0 0 0 0 0 0.0237347 0.250425 0.00703372 0 0.000206501 0.671689 0.0455815 6.89314e-05 0 0.00126074 0 0 
$predAgeCompCatch
0 0 0 0 0 9.08208e-07 0.207139 0.306817 0.0329916 0 0.000129524 0.313171 0.137825 0.000922253 1.47335e-05 0.000687873 0.000302135 0 
0 0 0 0 0 8.63534e-06 0.0248637 0.065184 0.00492611 0 0.000248045 0.624835 0.270979 0.00168527 0.000186327 0.00483921 0.00224394 0 
0 0 0 0 0 9.75121e-05 0.0667504 0.217715 0.00639231 0 5.94852e-05 0.641527 0.065281 0.000491236 2.54204e-05 0.00115253 0.000507765 0 
$genSS
 336 326 326
$obsGenComp     #GeneticFracData
0.0259583 0.0744542 0.781769 0.11641 0.00140859 
0.016004 0.00845496 0.0432813 0.850931 0.0813286 
0.0225261 0.027856 0.0209171 0.212993 0.715708 
$predGenComp     #catchGenComp_pred
0.0252009 0.0768428 0.776197 0.120296 0.00146368 
0.0140941 0.00775888 0.038909 0.862941 0.0762974 
0.0179172 0.0321911 0.0183308 0.20177 0.729791 
#PARAMETERS_OF_INTEREST
$catchByGroup
0 0 0 
0 0 0 
0 0 0 
0 0 0 
0 0 0 
0.0267175 2.04308 0.866408 
396.403 29133.1 12643.4 
116.332 8584.75 3716.83 
4.26671 319.324 137.127 
0 0 0 
0.0460664 3.52269 1.49387 
347.684 25552.6 11089.5 
17.8356 1316.18 569.851 
0.900713 67.4101 28.9478 
9.04261e-14 6.91488e-12 2.93239e-12 
1.36854e-12 1.00579e-10 4.36501e-11 
1.23596e-12 9.12079e-11 3.94891e-11 
0 0 0 
0 0 0 
0 0 0 
0 0 0 
0 0 0 
0 0 0 
2.69473e-11 3.64636e-10 5.20751e-10 
6.6736e-11 8.83177e-10 1.24845e-09 
2018.56 26774.8 37888.6 
425.948 5694.68 8087.7 
0 0 0 
1.96624 26.6062 37.9973 
247.486 3275.2 4629.79 
1.95386e-10 2.59166e-09 3.66741e-09 
3.41947e-11 4.57163e-10 6.49272e-10 
7.56654e-11 1.02386e-09 1.46222e-09 
1.77886e-09 2.35412e-08 3.32777e-08 
4.15714e-11 5.51418e-10 7.80301e-10 
0 0 0 
0 0 0 
0 0 0 
0 0 0 
0 0 0 
0 0 0 
0 0 0 
6845.85 44988.1 7254.85 
8482.21 56049.9 8989.48 
716.485 4825.31 759.482 
0 0 0 
1.86693 12.946 1.97955 
7578.97 49805.9 8031.77 
3561.38 23533.4 3774.36 
25.1456 169.348 26.6546 
1.5627e-12 1.08364e-11 1.65697e-12 
2.3448e-11 1.54091e-10 2.48489e-11 
2.11953e-11 1.40057e-10 2.24628e-11 
0 0 0 
0 0 0 
0 0 0 
0 0 0 
0 0 0 
0 0 0 
0 0 0 
15.846 14660 1191.43 
126.934 123975 9572.91 
9.90577 11783.1 754.869 
0 0 0 
0.661585 1100.29 51.2234 
2770.01 2.56269e+06 208273 
1252.48 1.22329e+06 94457.9 
6.27659 7466.13 478.307 
0.516527 859.039 39.9923 
24.1155 22310.6 1813.21 
10.5923 10345.4 798.832 
0 0 0 
0 0 0 
0 0 0 
0 0 0 
0 0 0 
0 0 0 
0.00512251 37.769 152.543 
3.77805 25849.8 83924.3 
12.3482 85137.6 282349 
0.0125398 88.7739 317.425 
0 0 0 
2.98841e-05 0.22034 0.889917 
34.9897 239403 777249 
0.170571 1176.05 3900.22 
0.00943846 66.8186 238.92 
1.75049e-15 1.29066e-11 5.21278e-11 
5.30127e-14 3.62718e-10 1.1776e-09 
2.39371e-14 1.65041e-10 5.47339e-10 
0 0 0 
$escByGroup
 5e-101 5e-101 5e-101 5e-101 5e-101 354.454 308191 101433 6141.71 5e-101 611.152 270314 15551.4 1296.53 1.19966e-09 1.064e-09 1.07767e-09 5e-101 5e-101 5e-101 5e-101 5e-101 5e-101 1.06137e-07 1.53408e-08 520656 181669 5e-101 7744.45 56890.3 5.03967e-08 1.45842e-08 2.98024e-07 4.08912e-07 1.07227e-08 5e-101 5e-101 5e-101 5e-101 5e-101 5e-101 5e-101 294064 410552 58153.6 5e-101 1428.29 325555 172376 2040.95 1.19554e-09 1.00721e-09 1.02588e-09 5e-101 5e-101 5e-101 5e-101 5e-101 5e-101 5e-101 3361.7 36884 8498.68 5e-101 10999.9 587653 363942 5385.02 8588.08 5116.07 3077.86 5e-101 5e-101 5e-101 5e-101 5e-101 5e-101 3349.37 62631.1 256482 595.889 5e-101 19.5398 580046 3542.91 448.516 1.14456e-09 8.78824e-10 4.97196e-10 5e-101
$catchByGroup
0 0 0 0 0 0.0267175 396.403 116.332 4.26671 0 0.0460664 347.684 17.8356 0.900713 9.04261e-14 1.36854e-12 1.23596e-12 0 0 0 0 0 0 2.69473e-11 6.6736e-11 2018.56 425.948 0 1.96624 247.486 1.95386e-10 3.41947e-11 7.56654e-11 1.77886e-09 4.15714e-11 0 0 0 0 0 0 0 6845.85 8482.21 716.485 0 1.86693 7578.97 3561.38 25.1456 1.5627e-12 2.3448e-11 2.11953e-11 0 0 0 0 0 0 0 15.846 126.934 9.90577 0 0.661585 2770.01 1252.48 6.27659 0.516527 24.1155 10.5923 0 0 0 0 0 0 0.00512251 3.77805 12.3482 0.0125398 0 2.98841e-05 34.9897 0.170571 0.00943846 1.75049e-15 5.30127e-14 2.39371e-14 0 
0 0 0 0 0 2.04308 29133.1 8584.75 319.324 0 3.52269 25552.6 1316.18 67.4101 6.91488e-12 1.00579e-10 9.12079e-11 0 0 0 0 0 0 3.64636e-10 8.83177e-10 26774.8 5694.68 0 26.6062 3275.2 2.59166e-09 4.57163e-10 1.02386e-09 2.35412e-08 5.51418e-10 0 0 0 0 0 0 0 44988.1 56049.9 4825.31 0 12.946 49805.9 23533.4 169.348 1.08364e-11 1.54091e-10 1.40057e-10 0 0 0 0 0 0 0 14660 123975 11783.1 0 1100.29 2.56269e+06 1.22329e+06 7466.13 859.039 22310.6 10345.4 0 0 0 0 0 0 37.769 25849.8 85137.6 88.7739 0 0.22034 239403 1176.05 66.8186 1.29066e-11 3.62718e-10 1.65041e-10 0 
0 0 0 0 0 0.866408 12643.4 3716.83 137.127 0 1.49387 11089.5 569.851 28.9478 2.93239e-12 4.36501e-11 3.94891e-11 0 0 0 0 0 0 5.20751e-10 1.24845e-09 37888.6 8087.7 0 37.9973 4629.79 3.66741e-09 6.49272e-10 1.46222e-09 3.32777e-08 7.80301e-10 0 0 0 0 0 0 0 7254.85 8989.48 759.482 0 1.97955 8031.77 3774.36 26.6546 1.65697e-12 2.48489e-11 2.24628e-11 0 0 0 0 0 0 0 1191.43 9572.91 754.869 0 51.2234 208273 94457.9 478.307 39.9923 1813.21 798.832 0 0 0 0 0 0 152.543 83924.3 282349 317.425 0 0.889917 777249 3900.22 238.92 5.21278e-11 1.1776e-09 5.47339e-10 0 
$Fmort
 0.00449778 0.332346 0.152909
#ESTIMATED_PARAMETERS
$availability
0.223143 0.751447 3.85859 0.162503 0.00431949 
0.231584 0.137828 0.36351 3.83375 0.433332 
0.2131 0.428136 0.120351 0.370863 3.86755 
$availabilityVector
 0.223143 0.231584 0.2131 0.751447 0.137828 0.428136 3.85859 0.36351 0.120351 0.162503 3.83375 0.370863 0.00431949 0.433332 3.86755
$selectivity
 0.0744883 1.12793 1.0186 0.644095 2.13489
$RunSize
 0 0 0 0 0 357.391 350364 113851 6602.42 0 616.215 307304 17455.2 1393.79 1.2096e-09 1.2096e-09 1.2096e-09 0 0 0 0 0 0 1.0705e-07 1.75392e-08 587338 195877 0 7811.02 65042.8 5.68512e-08 1.57248e-08 3.00586e-07 4.6751e-07 1.2096e-08 0 0 0 0 0 0 0 353153 484074 64454.9 0 1445.09 390972 203245 2262.1 1.2096e-09 1.2096e-09 1.2096e-09 0 0 0 0 0 0 0 19229 170559 21046.6 0 12152.1 3.36138e+06 1.68294e+06 13335.7 9487.63 29264 14232.7 0 0 0 0 0 0 3539.68 172409 623981 1002.1 0 20.6501 1.59673e+06 8619.35 754.264 1.2096e-09 2.4192e-09 1.2096e-09 0
