$ndistricts
3
$ngroups
90
$nstocks
5
$nagecomps
18
$AgeCompLabels
 0.1 0.2 0.3 0.4 0.5 1.1 1.2 1.3 1.4 1.5 2.1 2.2 2.3 2.4 3.1 3.2 3.3 3.4
$navailpar
15
$nselectpar
5
$GENdata
 -1 -1 -1
$maxGradient
9.41789e-06
#LIKELIHOOD_VALUES_AND_PENALTIES
$totalNLL
708.695
$NLLcatch
0.677374
$NLLescape
-6.90897
$NLLagecompCatch
0
$NLLagecompEsc
714.925
$NLLgenetics
0
$NLLselOne
1.26163e-18
$NLLavailOne
0.00216271
$NLLextra
3.9e-198
$sigmaCat
0.5
$sigmaEsc
0.1
#OBSERVED_AND_PREDICTED_VALUES
$predEsc
 224077 35235.5 358717 330653 38986
$obsEsc
 226554 35280 356676 328842 38988
$predCatch
 168249 221337 3920
$obsCatch
 168249 221337 3920
$RunSize
 0 0 510.897 0 0 416.665 101926 26304.5 44.1739 0 4174.92 70983.4 75013.4 764.939 0 1.53194e-09 1.68513e-09 0 0 0 3.06387e-10 0 0 3.06387e-10 930.301 36072.1 3.06387e-10 0 0 471.07 6190.34 0 0 3.06387e-10 3.06387e-10 0 0 0 1.01108e-08 0 0 412.184 31649.3 139782 2.60429e-09 0 3011.32 60709.6 235783 357.654 0 2.06811e-09 2.5277e-09 0 0 0 2.14471e-09 0 0 2.3745e-09 6005.81 32098.4 2.29791e-09 0 2315.01 62292.9 434350 0 0 460.36 4595.89 0 0 0 3.06387e-10 0 0 3.06387e-10 3123.43 6910.51 3.06387e-10 0 219.309 9277.11 23988 0 0 28.6979 3.06387e-10 0
$SSageCompEsc
 1021 44 755 915 411
$obsAgeCompEsc
0 0 0.00121197 0 0 0.00171989 0.377259 0.0943068 0.00019497 0 0.0184473 0.241534 0.26195 0.0033762 0 0 0 0 
0 0 0 0 0 0 0.0212121 0.82684 0 0 0 0.0106061 0.141342 0 0 0 0 0 
0 0 0 0 0 0.00101317 0.0742971 0.305674 0 0 0.00848245 0.120558 0.488973 0.00100273 0 0 0 0 
0 0 0 0 0 0 0.014076 0.0677107 0 0 0.00706794 0.0951107 0.799987 0 0 0.00168554 0.0143617 0 
0 0 0 0 0 0 0.071586 0.159104 0 0 0.00561601 0.211598 0.551432 0 0 0.00066324 0 0 
$predAgeCompEsc
0 0 0.00182936 0 0 0.00185278 0.36038 0.0941878 0.000197137 0 0.0185646 0.250976 0.268599 0.00341374 0 5.41647e-15 6.03391e-15 0 
0 0 7.01969e-15 0 0 8.66481e-15 0.0210558 0.826454 8.69541e-15 0 0 0.0106619 0.141828 0 0 6.93457e-15 7.01969e-15 0 
0 0 2.14472e-14 0 0 0.00114395 0.0660829 0.296509 7.26002e-15 0 0.00835746 0.12676 0.500149 0.000997036 0 4.31817e-15 5.36181e-15 0 
0 0 3.95976e-15 0 0 7.12373e-15 0.0107759 0.0592628 6.9496e-15 0 0.00694526 0.111768 0.801936 0 0 0.000825997 0.00848535 0 
0 0 7.04443e-15 0 0 7.84497e-15 0.0713605 0.158886 7.85891e-15 0 0.00561535 0.211952 0.55153 0 0 0.000655656 7.04443e-15 0 
$SSageCompCatch
 1191 925 0
$obsAgeCompCatch
0 0 0.0011798 0 0 0.000269078 0.13063 0.238293 0 0 0 0.178024 0.451335 0 0 0 0.000269078 0 
0 0 0 0 0 0 0.0180901 0.0654143 0 0 0 0.144944 0.769476 0 0 0 0.0020751 0 
0 0 0 0 0 0.00115741 0.174839 0.163348 0.00139791 0 0 0.47507 0.167271 0 0 0.0169173 0 0 
$predAgeCompCatch
0 0 0.000532875 0 0 1.77228e-05 0.155379 0.245399 3.25329e-11 0 0.000155698 0.166331 0.431611 8.8842e-10 0 5.59537e-05 0.000517079 0 
0 0 5.0087e-05 0 0 1.53947e-06 0.0257731 0.0767956 2.81158e-12 0 9.38926e-05 0.125273 0.763567 7.69577e-11 0 0.00080503 0.00764127 0 
0 0 6.09174e-05 0 0 1.3617e-06 0.0620091 0.128358 3.38309e-12 0 8.61409e-05 0.182988 0.622751 7.62456e-11 0 0.000709606 0.00303506 0 
$genSS
 -1 -1 -1
$obsGenComp     #GeneticFracData
0 0 0 0 0 
0 0 0 0 0 
0 0 0 0 0 
$predGenComp     #catchGenComp_pred
0 0 0 0 0 
0 0 0 0 0 
0 0 0 0 0 
#PARAMETERS_OF_INTEREST
$catchByGroup
0 0 0 
0 0 0 
89.6556 11.0861 0.238796 
0 0 0 
0 0 0 
1.34296 0.152902 0.003259 
18789 2334.03 50.3053 
4616.08 570.789 12.2949 
5.47363e-06 6.22307e-07 1.32617e-08 
0 0 0 
13.4562 1.53205 0.0326547 
13085 1625.47 35.0337 
13163.9 1627.74 35.0617 
9.47843e-05 1.07762e-05 2.29647e-07 
0 0 0 
2.82396e-10 3.50802e-11 7.56084e-13 
2.95718e-10 3.65662e-11 7.8764e-13 
0 0 0 
0 0 0 
0 0 0 
5.43167e-11 4.57745e-12 1.5082e-13 
0 0 0 
0 0 0 
9.98652e-13 7.71504e-14 2.52387e-15 
173.235 14.6701 0.483554 
6394.91 538.921 17.7566 
3.83934e-17 2.9616e-18 9.68732e-20 
0 0 0 
0 0 0 
87.7196 7.42842 0.244854 
1097.43 92.4842 3.04721 
0 0 0 
0 0 0 
5.70535e-11 4.8315e-12 1.59255e-13 
5.43167e-11 4.57745e-12 1.5082e-13 
0 0 0 
0 0 0 
0 0 0 
2.14249e-09 2.71752e-10 3.04754e-12 
0 0 0 
0 0 0 
1.63889 0.18784 0.00207886 
7036.61 897.558 10.0732 
29620.1 3756.99 42.1325 
3.98241e-16 4.55636e-17 5.04149e-19 
0 0 0 
11.9733 1.37231 0.0151877 
13497.6 1721.69 19.3223 
49962.8 6337.25 71.0687 
5.46915e-05 6.25737e-06 6.9236e-08 
0 0 0 
4.59805e-10 5.86507e-11 6.58228e-13 
5.35623e-10 6.7938e-11 7.61886e-13 
0 0 0 
0 0 0 
0 0 0 
4.05983e-11 7.89257e-10 5.55204e-12 
0 0 0 
0 0 0 
7.59083e-13 1.81593e-11 1.02971e-13 
119.983 2306.34 16.4159 
607.606 11812.2 83.0934 
2.82002e-17 6.77108e-16 3.82487e-18 
0 0 0 
0.740066 17.7043 0.100391 
1244.48 23921.6 170.267 
8222.03 159842 1124.41 
0 0 0 
0 0 0 
9.19699 176.787 1.25832 
86.998 1691.3 11.8975 
0 0 0 
0 0 0 
0 0 0 
2.1961e-12 1.41332e-11 1.54241e-11 
0 0 0 
0 0 0 
3.68716e-14 2.41984e-13 2.64657e-13 
23.6356 151.94 165.798 
49.5327 318.771 347.887 
1.41531e-18 9.29164e-18 1.01626e-17 
0 0 0 
0.0263923 0.17321 0.189439 
70.2017 451.287 492.447 
171.94 1106.53 1207.6 
0 0 0 
0 0 0 
0.217163 1.39601 1.52334 
2.1961e-12 1.41332e-11 1.54241e-11 
0 0 0 
$escByGroup
 5e-101 5e-101 409.916 5e-101 5e-101 415.165 80752.7 21105.3 44.1739 5e-101 4159.9 56237.9 60186.7 764.938 5e-101 1.2137e-09 1.35206e-09 5e-101 5e-101 5e-101 2.47342e-10 5e-101 5e-101 3.05309e-10 741.912 29120.5 3.06387e-10 5e-101 5e-101 375.677 4997.38 5e-101 5e-101 2.44343e-10 2.47342e-10 5e-101 5e-101 5e-101 7.69349e-09 5e-101 5e-101 410.355 23705.1 106363 2.60429e-09 5e-101 2997.96 45471 179412 357.654 5e-101 1.549e-09 1.92337e-09 5e-101 5e-101 5e-101 1.3093e-09 5e-101 5e-101 2.35548e-09 3563.07 19595.4 2.2979e-09 5e-101 2296.47 36956.5 265162 5e-101 5e-101 273.118 2805.7 5e-101 5e-101 5e-101 2.74634e-10 5e-101 5e-101 3.05844e-10 2782.06 6194.32 3.06387e-10 5e-101 218.92 8263.18 21501.9 5e-101 5e-101 25.5614 2.74634e-10 5e-101
$catchByGroup
0 0 89.6556 0 0 1.34296 18789 4616.08 5.47363e-06 0 13.4562 13085 13163.9 9.47843e-05 0 2.82396e-10 2.95718e-10 0 0 0 5.43167e-11 0 0 9.98652e-13 173.235 6394.91 3.83934e-17 0 0 87.7196 1097.43 0 0 5.70535e-11 5.43167e-11 0 0 0 2.14249e-09 0 0 1.63889 7036.61 29620.1 3.98241e-16 0 11.9733 13497.6 49962.8 5.46915e-05 0 4.59805e-10 5.35623e-10 0 0 0 4.05983e-11 0 0 7.59083e-13 119.983 607.606 2.82002e-17 0 0.740066 1244.48 8222.03 0 0 9.19699 86.998 0 0 0 2.1961e-12 0 0 3.68716e-14 23.6356 49.5327 1.41531e-18 0 0.0263923 70.2017 171.94 0 0 0.217163 2.1961e-12 0 
0 0 11.0861 0 0 0.152902 2334.03 570.789 6.22307e-07 0 1.53205 1625.47 1627.74 1.07762e-05 0 3.50802e-11 3.65662e-11 0 0 0 4.57745e-12 0 0 7.71504e-14 14.6701 538.921 2.9616e-18 0 0 7.42842 92.4842 0 0 4.8315e-12 4.57745e-12 0 0 0 2.71752e-10 0 0 0.18784 897.558 3756.99 4.55636e-17 0 1.37231 1721.69 6337.25 6.25737e-06 0 5.86507e-11 6.7938e-11 0 0 0 7.89257e-10 0 0 1.81593e-11 2306.34 11812.2 6.77108e-16 0 17.7043 23921.6 159842 0 0 176.787 1691.3 0 0 0 1.41332e-11 0 0 2.41984e-13 151.94 318.771 9.29164e-18 0 0.17321 451.287 1106.53 0 0 1.39601 1.41332e-11 0 
0 0 0.238796 0 0 0.003259 50.3053 12.2949 1.32617e-08 0 0.0326547 35.0337 35.0617 2.29647e-07 0 7.56084e-13 7.8764e-13 0 0 0 1.5082e-13 0 0 2.52387e-15 0.483554 17.7566 9.68732e-20 0 0 0.244854 3.04721 0 0 1.59255e-13 1.5082e-13 0 0 0 3.04754e-12 0 0 0.00207886 10.0732 42.1325 5.04149e-19 0 0.0151877 19.3223 71.0687 6.9236e-08 0 6.58228e-13 7.61886e-13 0 0 0 5.55204e-12 0 0 1.02971e-13 16.4159 83.0934 3.82487e-18 0 0.100391 170.267 1124.41 0 0 1.25832 11.8975 0 0 0 1.54241e-11 0 0 2.64657e-13 165.798 347.887 1.01626e-17 0 0.189439 492.447 1207.6 0 0 1.52334 1.54241e-11 0 
$Fmort
 0.0802343 0.0701251 0.00682448
#ESTIMATED_PARAMETERS
$availability
1.47976 1.49647 1.82616 0.146556 0.0551649 
0.19249 0.132076 0.239055 4.02619 0.414372 
0.0421509 0.0443921 0.0271795 0.233699 4.65701 
$availabilityVector
 1.47976 0.19249 0.0421509 1.49647 0.132076 0.0443921 1.82616 0.239055 0.0271795 0.146556 4.02619 0.233699 0.0551649 0.414372 4.65701
$selectivity
 0.0271909 1.71617 1.62525 1.04366e-06 1.63139
$RunSize
 0 0 510.897 0 0 416.665 101926 26304.5 44.1739 0 4174.92 70983.4 75013.4 764.939 0 1.53194e-09 1.68513e-09 0 0 0 3.06387e-10 0 0 3.06387e-10 930.301 36072.1 3.06387e-10 0 0 471.07 6190.34 0 0 3.06387e-10 3.06387e-10 0 0 0 1.01108e-08 0 0 412.184 31649.3 139782 2.60429e-09 0 3011.32 60709.6 235783 357.654 0 2.06811e-09 2.5277e-09 0 0 0 2.14471e-09 0 0 2.3745e-09 6005.81 32098.4 2.29791e-09 0 2315.01 62292.9 434350 0 0 460.36 4595.89 0 0 0 3.06387e-10 0 0 3.06387e-10 3123.43 6910.51 3.06387e-10 0 219.309 9277.11 23988 0 0 28.6979 3.06387e-10 0
