$ndistricts
3
$ngroups
90
$nstocks
5
$nagecomps
18
$AgeCompLabels
 0.1 0.2 0.3 0.4 0.5 1.1 1.2 1.3 1.4 1.5 2.1 2.2 2.3 2.4 3.1 3.2 3.3 3.4
$navailpar
15
$nselectpar
5
$GENdata
 1 1 1
$maxGradient
7.98633e-06
#LIKELIHOOD_VALUES_AND_PENALTIES
$totalNLL
1242.6
$NLLcatch
0.677374
$NLLescape
-6.90551
$NLLagecompCatch
0
$NLLagecompEsc
990.87
$NLLgenetics
257.954
$NLLselOne
4.06233e-16
$NLLavailOne
1.14898e-16
$NLLextra
3.3e-198
$sigmaCat
0.5
$sigmaEsc
0.1
#OBSERVED_AND_PREDICTED_VALUES
$predEsc
 4.20359e+06 1.18729e+06 1.45998e+06 940114 824996
$obsEsc
 4.20741e+06 1.18773e+06 1.46393e+06 927054 830886
$predCatch
 9.87425e+06 5.07082e+06 4.03183e+06
$obsCatch
 9.87425e+06 5.07082e+06 4.03183e+06
$RunSize
 0 0 3.06354e-09 3.06354e-09 0 3.06354e-09 3.47915e+06 1.8559e+06 9.19062e-09 0 3.06354e-09 4.29193e+06 508532 6.12708e-09 0 1.07224e-08 0 0 0 0 3.06354e-09 3.06354e-09 0 1584.27 586224 1.71004e+06 15008.7 0 3.06354e-09 54584.9 126988 3.06354e-09 0 3.06354e-09 0 0 0 0 3.06354e-09 3.06354e-09 0 17011.9 1.55811e+06 2.13903e+06 15007.4 0 18339.7 712725 628401 9213.44 0 3.06354e-09 0 0 0 0 3.06354e-09 3.06354e-09 0 8677.05 139503 197669 4.59531e-09 0 119946 2.80103e+06 1.72003e+06 5220.38 731.711 26052.2 1974.12 0 0 0 2906.79 926.035 0 40655.4 1.03725e+06 2.24326e+06 2907.38 0 21190.2 1.14338e+06 351787 3.06354e-09 0 3.06354e-09 0 0
$SSageCompEsc
 1 1 1 1 1
$obsAgeCompEsc
0 0 0 0 0 0 0.397303 0.149244 0 0 0 0.41827 0.0351822 0 0 0 0 0 
0 0 0 0 0 0.00124355 0.270482 0.652038 0.00481254 0 0 0.0243835 0.0470402 0 0 0 0 0 
0 0 0 0 0 0.0103578 0.381047 0.342532 0.00144679 0 0.011603 0.159661 0.0923454 0.00100688 0 0 0 0 
0 0 0 0 0 0.0086036 0.0333497 0.0205716 0 0 0.116291 0.623897 0.191349 0.000554445 0.000727034 0.00410224 0.000554445 0 
0 0 0 0 0 0.0449713 0.341848 0.292834 0 0 0.0227384 0.248697 0.0489104 0 0 0 0 0 
$predAgeCompEsc
0 0 2.4571e-16 2.0928e-16 0 6.84123e-16 0.362803 0.148852 6.2784e-16 0 6.84123e-16 0.447559 0.0407866 4.1856e-16 0 1.11812e-15 0 0 
0 0 1.17198e-15 1.06411e-15 0 0.00126816 0.265983 0.654189 0.00521325 0 2.45227e-15 0.0247664 0.0485802 1.06411e-15 0 1.39e-15 0 0 
0 0 4.92511e-16 3.86159e-16 0 0.0107503 0.363448 0.343882 0.00189169 0 0.0115895 0.166252 0.101025 0.00116135 0 7.14608e-16 0 0 
0 0 3.13729e-16 1.2985e-16 0 0.00834161 0.0319221 0.0202427 1.94776e-16 0 0.115309 0.640953 0.176143 0.00022127 0.000703425 0.00596146 0.000202164 0 
0 0 0.000395801 7.10537e-05 0 0.0442944 0.275208 0.305453 0.000223081 0 0.0230869 0.303367 0.0479009 2.35062e-16 0 8.12835e-16 0 0 
$SSageCompCatch
 1 1 1
$obsAgeCompCatch
0 0 0 0 0 0.000562616 0.234182 0.343654 0.002828 0 0.000113555 0.30737 0.110023 0.000937263 0 0.000329704 0 0 
0 0 0 0 0 0 0.110965 0.157819 0.000310798 0 0.00264198 0.460682 0.261512 0.000731046 0 0.00533839 0 0 
0 0 0.0010117 0.000278285 0 0 0.112448 0.44997 0.000901327 0 0.000947708 0.323692 0.110473 0 0 0.000278285 0 0 
$predAgeCompCatch
0 0 9.20492e-07 3.26945e-07 0 0.000134124 0.290389 0.343344 0.00192126 0 0.000190466 0.272404 0.0907544 0.000698607 3.61479e-07 0.000148576 1.41098e-05 0 
0 0 6.77201e-05 2.38879e-05 0 0.000232546 0.109075 0.158157 0.000444061 0 0.00205063 0.448434 0.276918 0.000971691 1.21596e-05 0.00332793 0.000285058 0 
0 0 0.000552545 0.000184298 0 0.000952237 0.186318 0.441025 0.00063624 0 0.000700948 0.256363 0.112521 0.000174798 1.28563e-06 0.00052218 4.94232e-05 0 
$genSS
 1512 1135 946
$obsGenComp     #GeneticFracData
0.519015 0.128684 0.321849 0.0291912 0.00126101 
0.1452 0.0108919 0.0798428 0.666426 0.0976398 
0.0117622 0.00131558 0.0141649 0.099587 0.87317 
$predGenComp     #catchGenComp_pred
0.520191 0.126252 0.32144 0.0307445 0.0013724 
0.147673 0.0109346 0.0808227 0.659092 0.101478 
0.01156 0.00125084 0.0134026 0.107893 0.865893 
#PARAMETERS_OF_INTEREST
$catchByGroup
0 0 0 
0 0 0 
1.74644e-09 2.67479e-10 1.67547e-11 
1.8684e-09 2.9673e-10 1.86774e-11 
0 0 0 
1.68001e-10 1.86429e-11 1.1223e-12 
1.69617e+06 242828 15077.2 
1.058e+06 162039 10150 
5.60521e-09 8.90189e-10 5.60323e-11 
0 0 0 
1.68001e-10 1.86429e-11 1.1223e-12 
2.09242e+06 299556 18599.4 
289901 44400.1 2781.19 
3.73681e-09 5.93459e-10 3.73549e-11 
0 0 0 
5.22743e-09 7.48371e-10 4.64664e-11 
0 0 0 
0 0 0 
0 0 0 
0 0 0 
1.59361e-09 7.18983e-11 6.54256e-12 
1.71276e-09 8.00656e-11 7.29479e-12 
0 0 0 
75.856 2.51183 0.226282 
258510 10922.4 991.683 
889538 40132.9 3651.99 
8391.06 392.252 35.7382 
0 0 0 
1.46684e-10 4.85717e-12 4.37566e-13 
24070.6 1017.01 92.3383 
66057.2 2980.27 271.197 
1.71276e-09 8.00656e-11 7.29479e-12 
0 0 0 
1.35095e-09 5.70789e-11 5.18242e-12 
0 0 0 
0 0 0 
0 0 0 
0 0 0 
2.03626e-09 2.72214e-10 3.60086e-11 
2.15767e-09 3.01955e-10 4.01264e-11 
0 0 0 
1197.68 105.439 13.4336 
902268 110693 14521.2 
1.42176e+06 190066 25142 
10569.8 1479.19 196.568 
0 0 0 
1291.17 113.669 14.4821 
412724 50634.2 6642.42 
417683 55837.3 7386.18 
6489.09 908.113 120.678 
0 0 0 
1.77403e-09 2.17643e-10 2.85514e-11 
0 0 0 
0 0 0 
0 0 0 
0 0 0 
2.16209e-10 2.24316e-09 3.09231e-10 
2.40097e-10 2.35861e-09 3.42761e-10 
0 0 0 
42.3272 731.187 61.4683 
7855.85 90363.1 11273.6 
13950.5 144735 19952.5 
3.60146e-10 3.53791e-09 5.14141e-10 
0 0 0 
585.105 10107.5 849.7 
157735 1.81437e+06 226358 
121391 1.25942e+06 173618 
409.134 4019.15 584.077 
3.56934 61.659 5.18345 
1467.08 16875.3 2105.34 
139.324 1445.47 199.266 
0 0 0 
0 0 0 
0 0 0 
9.08917 343.396 2227.77 
3.22834 121.131 743.057 
0 0 0 
8.50602 340.059 3764.13 
2569.34 98293.6 709337 
7014.41 265010 1.71924e+06 
10.1357 380.304 2332.9 
0 0 0 
4.43347 177.244 1961.92 
2832.24 108351 781918 
1099.99 41558.7 269610 
1.06801e-11 4.0073e-10 2.4582e-09 
0 0 0 
7.58864e-12 2.90313e-10 2.09505e-09 
0 0 0 
0 0 0 
$escByGroup
 5e-101 5e-101 1.03286e-09 8.79727e-10 5e-101 2.87577e-09 1.52508e+06 625711 2.63918e-09 5e-101 2.87577e-09 1.88135e+06 171450 1.75945e-09 5e-101 4.70012e-09 5e-101 5e-101 5e-101 5e-101 1.39149e-09 1.26342e-09 5e-101 1505.68 315800 776714 6189.65 5e-101 2.91156e-09 29405 57678.9 1.26342e-09 5e-101 1.65033e-09 5e-101 5e-101 5e-101 5e-101 7.19058e-10 5.63786e-10 5e-101 15695.3 530628 502062 2761.84 5e-101 16920.4 242725 147495 1695.56 5e-101 1.04332e-09 5e-101 5e-101 5e-101 5e-101 2.94941e-10 1.22074e-10 5e-101 7842.06 30010.4 19030.5 1.83111e-10 5e-101 108404 602569 165595 208.019 661.299 5604.45 190.058 5e-101 5e-101 5e-101 326.534 58.619 5e-101 36542.7 227045 251997 184.041 5e-101 19046.6 250277 39518 1.93925e-10 5e-101 6.70585e-10 5e-101 5e-101
$catchByGroup
0 0 1.74644e-09 1.8684e-09 0 1.68001e-10 1.69617e+06 1.058e+06 5.60521e-09 0 1.68001e-10 2.09242e+06 289901 3.73681e-09 0 5.22743e-09 0 0 0 0 1.59361e-09 1.71276e-09 0 75.856 258510 889538 8391.06 0 1.46684e-10 24070.6 66057.2 1.71276e-09 0 1.35095e-09 0 0 0 0 2.03626e-09 2.15767e-09 0 1197.68 902268 1.42176e+06 10569.8 0 1291.17 412724 417683 6489.09 0 1.77403e-09 0 0 0 0 2.16209e-10 2.40097e-10 0 42.3272 7855.85 13950.5 3.60146e-10 0 585.105 157735 121391 409.134 3.56934 1467.08 139.324 0 0 0 9.08917 3.22834 0 8.50602 2569.34 7014.41 10.1357 0 4.43347 2832.24 1099.99 1.06801e-11 0 7.58864e-12 0 0 
0 0 2.67479e-10 2.9673e-10 0 1.86429e-11 242828 162039 8.90189e-10 0 1.86429e-11 299556 44400.1 5.93459e-10 0 7.48371e-10 0 0 0 0 7.18983e-11 8.00656e-11 0 2.51183 10922.4 40132.9 392.252 0 4.85717e-12 1017.01 2980.27 8.00656e-11 0 5.70789e-11 0 0 0 0 2.72214e-10 3.01955e-10 0 105.439 110693 190066 1479.19 0 113.669 50634.2 55837.3 908.113 0 2.17643e-10 0 0 0 0 2.24316e-09 2.35861e-09 0 731.187 90363.1 144735 3.53791e-09 0 10107.5 1.81437e+06 1.25942e+06 4019.15 61.659 16875.3 1445.47 0 0 0 343.396 121.131 0 340.059 98293.6 265010 380.304 0 177.244 108351 41558.7 4.0073e-10 0 2.90313e-10 0 0 
0 0 1.67547e-11 1.86774e-11 0 1.1223e-12 15077.2 10150 5.60323e-11 0 1.1223e-12 18599.4 2781.19 3.73549e-11 0 4.64664e-11 0 0 0 0 6.54256e-12 7.29479e-12 0 0.226282 991.683 3651.99 35.7382 0 4.37566e-13 92.3383 271.197 7.29479e-12 0 5.18242e-12 0 0 0 0 3.60086e-11 4.01264e-11 0 13.4336 14521.2 25142 196.568 0 14.4821 6642.42 7386.18 120.678 0 2.85514e-11 0 0 0 0 3.09231e-10 3.42761e-10 0 61.4683 11273.6 19952.5 5.14141e-10 0 849.7 226358 173618 584.077 5.18345 2105.34 199.266 0 0 0 2227.77 743.057 0 3764.13 709337 1.71924e+06 2332.9 0 1961.92 781918 269610 2.4582e-09 0 2.09505e-09 0 0 
$Fmort
 1.01121 0.607815 0.581524
#ESTIMATED_PARAMETERS
$availability
1.53621 1.33642 1.98847 0.133194 0.00569937 
0.276606 0.0719034 0.281738 3.98912 0.38063 
0.0173546 0.00676551 0.0374162 0.336722 4.60174 
$availabilityVector
 1.53621 0.276606 0.0173546 1.33642 0.0719034 0.00676551 1.98847 0.281738 0.0374162 0.133194 3.98912 0.336722 0.00569937 0.38063 4.60174
$selectivity
 0.0363064 0.430337 0.543401 0.605953 3.384
$RunSize
 0 0 3.06354e-09 3.06354e-09 0 3.06354e-09 3.47915e+06 1.8559e+06 9.19062e-09 0 3.06354e-09 4.29193e+06 508532 6.12708e-09 0 1.07224e-08 0 0 0 0 3.06354e-09 3.06354e-09 0 1584.27 586224 1.71004e+06 15008.7 0 3.06354e-09 54584.9 126988 3.06354e-09 0 3.06354e-09 0 0 0 0 3.06354e-09 3.06354e-09 0 17011.9 1.55811e+06 2.13903e+06 15007.4 0 18339.7 712725 628401 9213.44 0 3.06354e-09 0 0 0 0 3.06354e-09 3.06354e-09 0 8677.05 139503 197669 4.59531e-09 0 119946 2.80103e+06 1.72003e+06 5220.38 731.711 26052.2 1974.12 0 0 0 2906.79 926.035 0 40655.4 1.03725e+06 2.24326e+06 2907.38 0 21190.2 1.14338e+06 351787 3.06354e-09 0 3.06354e-09 0 0
