$ndistricts
3
$ngroups
90
$nstocks
5
$nagecomps
18
$AgeCompLabels
 0.1 0.2 0.3 0.4 0.5 1.1 1.2 1.3 1.4 1.5 2.1 2.2 2.3 2.4 3.1 3.2 3.3 3.4
$navailpar
15
$nselectpar
5
$GENdata
 1 -1 -1
$maxGradient
1.50206e-06
#LIKELIHOOD_VALUES_AND_PENALTIES
$totalNLL
876.951
$NLLcatch
0.677374
$NLLescape
-6.90488
$NLLagecompCatch
0
$NLLagecompEsc
804.345
$NLLgenetics
78.8325
$NLLselOne
5.5213e-16
$NLLavailOne
0.00148606
$NLLextra
4e-198
$sigmaCat
0.5
$sigmaEsc
0.1
#OBSERVED_AND_PREDICTED_VALUES
$predEsc
 2.31487e+06 4.2166e+06 2.73985e+06 1.6136e+06 811909
$obsEsc
 2.32033e+06 4.21899e+06 2.74462e+06 1.62173e+06 799612
$predCatch
 1.91184e+06 8.01595e+06 2.21663e+06
$obsCatch
 1.91184e+06 8.01595e+06 2.21664e+06
$RunSize
 0 0 0 0 0 3210.73 595845 1.03875e+06 11452.5 0 1358.72 695227 170989 2.64785e-09 0 1467.52 2.64785e-09 0 0 0 0 0 0 2.64785e-09 93664.8 3.57623e+06 2.64785e-09 0 2.64785e-09 2308.44 976502 2.64785e-09 0 2.64785e-09 2.64785e-09 0 0 0 0 0 0 47161.4 315865 3.582e+06 8115.47 0 9937.86 190536 395955 2.64785e-09 0 2.64785e-09 2.64785e-09 0 0 0 0 0 0 26717.5 283771 2.35613e+06 179.216 0 46066.1 3.43968e+06 2.94652e+06 925.277 0 18046.3 54.3604 0 0 0 0 0 0 7632.07 388815 2.27972e+06 4728.8 0 1979.99 42978.4 280728 2.64785e-09 0 2.64785e-09 2.64785e-09 0
$SSageCompEsc
 1407 912 1611 1615 1358
$obsAgeCompEsc
0 0 0 0 0 0.00138184 0.237582 0.412313 0.00450178 0 0.000584742 0.275586 0.0674664 0 0 0.000584742 0 0 
0 0 0 0 0 0 0.0200953 0.773809 0 0 0 0.000478058 0.205618 0 0 0 0 0 
0 0 0 0 0 0.016774 0.0641941 0.813039 0.0024369 0 0.00356547 0.0261589 0.0738314 0 0 0 0 0 
0 0 0 0 0 0.0160773 0.0384735 0.266595 0 0 0.0276505 0.369196 0.280646 0 0 0.00136068 0 0 
0 0 0 0 0 0.00940889 0.136451 0.742686 0.00259936 0 0.00244079 0.0217625 0.0846521 0 0 0 0 0 
$predAgeCompEsc
0 0 0 0 0 0.00138466 0.236833 0.411832 0.00465571 0 0.000585959 0.276334 0.0677916 1.07641e-15 0 0.000583299 1.04979e-15 0 
0 0 0 0 0 6.26766e-16 0.0202063 0.76925 5.86185e-16 0 6.26766e-16 0.000497999 0.210046 5.86185e-16 0 5.71219e-16 5.69554e-16 0 
0 0 0 0 0 0.0170511 0.0698643 0.779148 0.00207316 0 0.00359301 0.0421436 0.0861272 6.76414e-16 0 5.85662e-16 5.75954e-16 0 
0 0 0 0 0 0.0160639 0.0312535 0.241693 3.42438e-05 0 0.0276971 0.378834 0.302255 0.000176798 0 0.00198756 5.57632e-06 0 
0 0 0 0 0 0.00920599 0.134181 0.74515 0.00248417 0 0.00238831 0.0148319 0.0917589 1.39099e-15 0 9.13776e-16 8.65478e-16 0 
$SSageCompCatch
 4669 4483 1725
$obsAgeCompCatch
0 0 0 0 0 0.000462582 0.0673674 0.655342 0.000484099 0 8.31783e-05 0.124922 0.151339 0 0 0 0 0 
0 0 0 0 0 0 0.0299395 0.297879 0.000703631 0 8.2761e-05 0.359944 0.308219 0.000255075 0 0.00296433 1.26838e-05 0 
0 0 0 0 0 0 0.112112 0.702593 0.000827319 0 0 0.0311436 0.153306 1.84473e-05 0 0 0 0 
$predAgeCompCatch
0 0 0 0 0 0.000196973 0.0618362 0.720148 0.0010647 0 5.39693e-05 0.0842319 0.132188 9.9482e-06 0 0.000269792 8.18465e-07 0 
0 0 0 0 0 0.000107938 0.0415791 0.328945 0.00020099 0 0.000166067 0.331055 0.296161 7.38988e-05 0 0.00170558 5.17082e-06 0 
0 0 0 0 0 7.31885e-05 0.109272 0.67333 0.00103746 0 3.45184e-05 0.0791293 0.136763 1.29064e-05 0 0.000346845 1.05958e-06 0 
$genSS
 272 -1 -1
$obsGenComp     #GeneticFracData
0.0089425 0.0971197 0.767911 0.107622 0.0184049 
0 0 0 0 0 
0 0 0 0 0 
$predGenComp     #catchGenComp_pred
0.0101867 0.0937771 0.742997 0.134591 0.0184481 
0 0 0 0 0 
0 0 0 0 0 
#PARAMETERS_OF_INTEREST
$catchByGroup
0 0 0 
0 0 0 
0 0 0 
0 0 0 
0 0 0 
0.508013 4.41345 0.511871 
4556.34 38462.6 4590.8 
8180.09 68992.6 8241.96 
64.2055 546.249 64.6917 
0 0 0 
0.214981 1.86768 0.216614 
5316.29 44877.9 5356.5 
1346.52 11356.9 1356.71 
1.48445e-11 1.26294e-10 1.49569e-11 
0 0 0 
11.2219 94.7302 11.3068 
2.08516e-11 1.75867e-10 2.10093e-11 
0 0 0 
0 0 0 
0 0 0 
0 0 0 
0 0 0 
0 0 0 
2.08476e-12 2.49792e-12 4.44577e-13 
3511.41 4191.83 759.873 
138006 164730 29878 
7.3072e-11 8.7319e-11 1.57498e-11 
0 0 0 
2.08476e-12 2.49792e-12 4.44577e-13 
86.5413 103.311 18.7277 
37683 44980 8158.29 
7.3072e-11 8.7319e-11 1.57498e-11 
0 0 0 
9.92654e-11 1.18501e-10 2.14812e-11 
1.0218e-10 1.21966e-10 2.21217e-11 
0 0 0 
0 0 0 
0 0 0 
0 0 0 
0 0 0 
0 0 0 
358.642 80.4967 4.84831 
97755.2 25120.9 1571.4 
1.13585e+06 293050 18352.4 
1927.83 477.914 29.5892 
0 0 0 
75.5732 16.9623 1.02164 
58968 15153.4 947.902 
125557 32393.8 2028.68 
6.28996e-10 1.5593e-10 9.65415e-12 
0 0 0 
8.19468e-10 2.10585e-10 1.31728e-11 
8.39632e-10 2.16626e-10 1.35663e-11 
0 0 0 
0 0 0 
0 0 0 
0 0 0 
0 0 0 
0 0 0 
15.6138 757.746 23.6073 
7934.25 213495 11911.7 
67821.6 1.79651e+06 101799 
3.68384 114.735 5.5412 
0 0 0 
26.9212 1306.5 40.7035 
96173.6 2.58784e+06 144385 
84816 2.24668e+06 127307 
19.0194 592.369 28.6088 
0 0 0 
504.577 13577.1 757.521 
1.56477 41.449 2.34869 
0 0 0 
0 0 0 
0 0 0 
0 0 0 
0 0 0 
0 0 0 
1.81642 22.566 133.265 
4463.81 52026.1 223383 
26951.5 313518 1.33426e+06 
39.8226 472.224 2199.84 
0 0 0 
0.471235 5.85431 34.5729 
493.416 5750.79 24692 
3318.85 38607 164302 
2.22983e-11 2.64418e-10 1.23178e-09 
0 0 0 
3.03988e-11 3.543e-10 1.52125e-09 
3.13037e-11 3.64145e-10 1.54971e-09 
0 0 0 
$escByGroup
 5e-101 5e-101 5e-101 5e-101 5e-101 3205.29 548236 953336 10777.3 5e-101 1356.42 639676 156928 2.49175e-09 5e-101 1350.26 2.43012e-09 5e-101 5e-101 5e-101 5e-101 5e-101 5e-101 2.64282e-09 85201.7 3.24362e+06 2.47171e-09 5e-101 2.64282e-09 2099.86 885681 2.47171e-09 5e-101 2.4086e-09 2.40158e-09 5e-101 5e-101 5e-101 5e-101 5e-101 5e-101 46717.4 191417 2.13474e+06 5680.14 5e-101 9844.3 115467 235975 1.85327e-09 5e-101 1.60462e-09 1.57803e-09 5e-101 5e-101 5e-101 5e-101 5e-101 5e-101 25920.6 50430.5 389994 55.2556 5e-101 44692 611285 487717 285.28 5e-101 3207.11 8.99792 5e-101 5e-101 5e-101 5e-101 5e-101 5e-101 7474.42 108942 604994 2016.92 5e-101 1939.09 12042.1 74499.8 1.12935e-09 5e-101 7.41903e-10 7.02689e-10 5e-101
$catchByGroup
0 0 0 0 0 0.508013 4556.34 8180.09 64.2055 0 0.214981 5316.29 1346.52 1.48445e-11 0 11.2219 2.08516e-11 0 0 0 0 0 0 2.08476e-12 3511.41 138006 7.3072e-11 0 2.08476e-12 86.5413 37683 7.3072e-11 0 9.92654e-11 1.0218e-10 0 0 0 0 0 0 358.642 97755.2 1.13585e+06 1927.83 0 75.5732 58968 125557 6.28996e-10 0 8.19468e-10 8.39632e-10 0 0 0 0 0 0 15.6138 7934.25 67821.6 3.68384 0 26.9212 96173.6 84816 19.0194 0 504.577 1.56477 0 0 0 0 0 0 1.81642 4463.81 26951.5 39.8226 0 0.471235 493.416 3318.85 2.22983e-11 0 3.03988e-11 3.13037e-11 0 
0 0 0 0 0 4.41345 38462.6 68992.6 546.249 0 1.86768 44877.9 11356.9 1.26294e-10 0 94.7302 1.75867e-10 0 0 0 0 0 0 2.49792e-12 4191.83 164730 8.7319e-11 0 2.49792e-12 103.311 44980 8.7319e-11 0 1.18501e-10 1.21966e-10 0 0 0 0 0 0 80.4967 25120.9 293050 477.914 0 16.9623 15153.4 32393.8 1.5593e-10 0 2.10585e-10 2.16626e-10 0 0 0 0 0 0 757.746 213495 1.79651e+06 114.735 0 1306.5 2.58784e+06 2.24668e+06 592.369 0 13577.1 41.449 0 0 0 0 0 0 22.566 52026.1 313518 472.224 0 5.85431 5750.79 38607 2.64418e-10 0 3.543e-10 3.64145e-10 0 
0 0 0 0 0 0.511871 4590.8 8241.96 64.6917 0 0.216614 5356.5 1356.71 1.49569e-11 0 11.3068 2.10093e-11 0 0 0 0 0 0 4.44577e-13 759.873 29878 1.57498e-11 0 4.44577e-13 18.7277 8158.29 1.57498e-11 0 2.14812e-11 2.21217e-11 0 0 0 0 0 0 4.84831 1571.4 18352.4 29.5892 0 1.02164 947.902 2028.68 9.65415e-12 0 1.31728e-11 1.35663e-11 0 0 0 0 0 0 23.6073 11911.7 101799 5.5412 0 40.7035 144385 127307 28.6088 0 757.521 2.34869 0 0 0 0 0 0 133.265 223383 1.33426e+06 2199.84 0 34.5729 24692 164302 1.23178e-09 0 1.52125e-09 1.54971e-09 0 
$Fmort
 0.077971 0.296307 0.156842
#ESTIMATED_PARAMETERS
$availability
0.0841492 0.418868 4.05953 0.310873 0.126582 
0.19249 0.132076 0.239055 4.02619 0.414372 
0.0421509 0.0443921 0.0271795 0.233699 4.65701 
$availabilityVector
 0.0841492 0.19249 0.0421509 0.418868 0.132076 0.0443921 4.05953 0.239055 0.0271795 0.310873 4.02619 0.233699 0.126582 0.414372 4.65701
$selectivity
 0.024117 1.16994 1.20498 0.85686 1.7441
$RunSize
 0 0 0 0 0 3210.73 595845 1.03875e+06 11452.5 0 1358.72 695227 170989 2.64785e-09 0 1467.52 2.64785e-09 0 0 0 0 0 0 2.64785e-09 93664.8 3.57623e+06 2.64785e-09 0 2.64785e-09 2308.44 976502 2.64785e-09 0 2.64785e-09 2.64785e-09 0 0 0 0 0 0 47161.4 315865 3.582e+06 8115.47 0 9937.86 190536 395955 2.64785e-09 0 2.64785e-09 2.64785e-09 0 0 0 0 0 0 26717.5 283771 2.35613e+06 179.216 0 46066.1 3.43968e+06 2.94652e+06 925.277 0 18046.3 54.3604 0 0 0 0 0 0 7632.07 388815 2.27972e+06 4728.8 0 1979.99 42978.4 280728 2.64785e-09 0 2.64785e-09 2.64785e-09 0
