$ndistricts
3
$ngroups
90
$nstocks
5
$nagecomps
18
$AgeCompLabels
 0.1 0.2 0.3 0.4 0.5 1.1 1.2 1.3 1.4 1.5 2.1 2.2 2.3 2.4 3.1 3.2 3.3 3.4
$navailpar
15
$nselectpar
5
$GENdata
 -1 -1 -1
$maxGradient
2.69602e-05
#LIKELIHOOD_VALUES_AND_PENALTIES
$totalNLL
1059.96
$NLLcatch
0.677374
$NLLescape
-6.59133
$NLLagecompCatch
0
$NLLagecompEsc
1065.87
$NLLgenetics
0
$NLLselOne
7.2937e-17
$NLLavailOne
0.00216271
$NLLextra
3.5e-198
$sigmaCat
0.5
$sigmaEsc
0.1
#OBSERVED_AND_PREDICTED_VALUES
$predEsc
 2.38987e+06 194255 1.06522e+06 341670 72015
$obsEsc
 2.55744e+06 193872 1.02322e+06 338654 70896
$predCatch
 1.21686e+06 671554 82457
$obsCatch
 1.21686e+06 671554 82457
$RunSize
 0 0 6.15003e-09 0 0 19124.3 1.84819e+06 64540.1 2.73335e-09 0 89210.5 748464 432798 3.75835e-09 0 7228.86 1782.42 0 0 0 6.83337e-10 0 0 7167.29 82615.2 128410 6.83337e-10 0 1589.28 26194.2 19112.4 6.83337e-10 0 687.492 6.83337e-10 0 0 0 1.70834e-09 0 0 11232.7 296114 358906 1365.88 0 30030.8 606527 262140 1.70834e-09 0 5683.53 3015.89 0 0 0 1.02501e-09 0 0 6.83337e-10 51483.7 72268.6 6.83337e-10 0 5051.35 434478 261590 6.83337e-10 0 23337.8 7182.42 0 0 0 86.7358 0 0 6.83337e-10 15942.7 18280.8 67.3409 0 9046.43 65593.8 17100 226.68 0 6.83337e-10 36.2491 0
$SSageCompEsc
 2211 392 2668 635 505
$obsAgeCompEsc
0 0 0 0 0 0.007627 0.655261 0.0145843 0 0 0.0326109 0.182198 0.105089 0 0 0.00262919 0 0 
0 0 0 0 0 0.0365274 0.326088 0.457628 0 0 0.0080462 0.100497 0.0684903 0 0 0.00272251 0 0 
0 0 0 0 0 0.010952 0.223225 0.200272 0.00114467 0 0.0280683 0.380417 0.150877 0 0 0.00425878 0.000784162 0 
0 0 0 0 0 0 0.0733511 0.0774798 0 0 0.0145969 0.53706 0.257572 0 0 0.0339352 0.00600544 0 
0 0 0 0 0 0 0.131221 0.139758 0.000426318 0 0.125591 0.463974 0.136339 0.0022638 0 0 0.000426318 0 
$predAgeCompEsc
0 0 1.77232e-15 0 0 0.00788143 0.576 0.0185992 9.29663e-16 0 0.0367652 0.233263 0.124724 1.27829e-15 0 0.00225292 0.000513661 0 
0 0 2.45977e-15 0 0 0.0363555 0.320325 0.462231 2.88016e-15 0 0.00806147 0.101563 0.0687981 2.88016e-15 0 0.00266562 2.45977e-15 0 
0 0 1.0095e-15 0 0 0.0103499 0.193062 0.212086 0.000992999 0 0.0276708 0.395446 0.154905 1.24197e-15 0 0.00370557 0.00178216 0 
0 0 1.02272e-15 0 0 1.91763e-15 0.0652562 0.0721077 1.11836e-15 0 0.0141755 0.550706 0.261008 1.11836e-15 0 0.0295809 0.00716642 0 
0 0 0.000575667 0 0 9.22682e-15 0.125032 0.12133 0.000630518 0 0.12215 0.514425 0.113493 0.00212242 0 5.35914e-15 0.000240586 0 
$SSageCompCatch
 2697 2953 1838
$obsAgeCompCatch
0 0 0 0 0 5.67151e-05 0.285885 0.170515 0.000137061 0 0.00429146 0.335412 0.198199 0 0 0.00233744 0.00316568 0 
0 0 0 0 0 0 0.133535 0.104217 0 0 6.46914e-05 0.414692 0.31835 0 0 0.0188024 0.0103379 0 
0 0 0.00103977 0 0 0 0.172967 0.117432 0.00049776 0 0.00119462 0.545039 0.158724 0.000644934 0 0.00246115 0 0 
$predAgeCompCatch
0 0 8.07149e-07 0 0 0.000429462 0.408306 0.136585 0.000217101 0 0.0013741 0.276636 0.172026 1.20343e-06 0 0.00308373 0.00134026 0 
0 0 1.16933e-05 0 0 0.000106685 0.158797 0.105596 6.76658e-05 0 0.000704123 0.422658 0.28636 1.77463e-05 0 0.0188796 0.00680043 0 
0 0 0.000441979 0 0 8.68741e-05 0.183237 0.142545 0.000247753 0 0.00288488 0.450536 0.209856 0.000733128 0 0.00667407 0.00275736 0 
$genSS
 -1 -1 -1
$obsGenComp     #GeneticFracData
0 0 0 0 0 
0 0 0 0 0 
0 0 0 0 0 
$predGenComp     #catchGenComp_pred
0 0 0 0 0 
0 0 0 0 0 
0 0 0 0 0 
#PARAMETERS_OF_INTEREST
$catchByGroup
0 0 0 
0 0 0 
1.61891e-09 2.65229e-10 3.0264e-11 
0 0 0 
0 0 0 
248.533 36.0659 4.03924 
400369 63981.6 7272.21 
16989.3 2783.38 317.599 
4.36188e-10 6.77216e-11 7.66291e-12 
0 0 0 
1159.35 168.24 18.8422 
162138 25910.7 2945.04 
113928 18665 2129.78 
5.99758e-10 9.31173e-11 1.05365e-11 
0 0 0 
1565.97 250.253 28.4439 
469.199 76.8695 8.77122 
0 0 0 
0 0 0 
0 0 0 
1.81613e-10 2.03601e-11 3.541e-12 
0 0 0 
0 0 0 
94.1885 9.27709 1.59429 
18074.9 1973.21 342.321 
34128 3825.99 665.41 
1.10173e-10 1.16624e-11 2.01744e-12 
0 0 0 
20.8854 2.0571 0.353517 
5730.87 625.633 108.537 
5079.58 569.458 99.0392 
1.10173e-10 1.16624e-11 2.01744e-12 
0 0 0 
150.412 16.4203 2.84866 
1.81613e-10 2.03601e-11 3.541e-12 
0 0 0 
0 0 0 
0 0 0 
5.36563e-10 9.10145e-11 5.42549e-12 
0 0 0 
0 0 0 
179.872 26.3018 1.52985 
77032.2 12677.1 751.828 
112727 19121.2 1139.84 
263.746 41.9008 2.47037 
0 0 0 
480.893 70.3184 4.09009 
157784 25966.3 1539.96 
82333.9 13965.9 832.525 
3.29874e-10 5.24065e-11 3.08976e-12 
0 0 0 
1478.53 243.32 14.4304 
947.243 160.676 9.5781 
0 0 0 
0 0 0 
0 0 0 
3.05477e-11 6.17369e-10 2.76548e-11 
0 0 0 
0 0 0 
8.84709e-13 2.64544e-11 7.9982e-13 
1229.96 26844.5 1113.16 
2153.78 43528 1949.82 
1.16653e-11 2.79006e-10 1.0554e-11 
0 0 0 
6.53993 195.556 5.91242 
10379.8 226544 9394.13 
7796.04 157558 7057.76 
1.16653e-11 2.79006e-10 1.0554e-11 
0 0 0 
557.546 12168.7 504.601 
214.054 4326.03 193.783 
0 0 0 
0 0 0 
0 0 0 
0.982186 7.85266 36.4442 
0 0 0 
0 0 0 
3.33147e-13 2.77113e-12 1.5763e-11 
144.447 1164.44 5629.62 
207.009 1655.06 7681.13 
0.435037 3.54042 17.9586 
0 0 0 
4.41041 36.6859 208.68 
594.306 4790.89 23162.2 
193.639 1548.16 7185.02 
1.4644 11.9176 60.4515 
0 0 0 
6.19131e-12 4.99101e-11 2.41297e-10 
0.41048 3.28183 15.231 
0 0 0 
$escByGroup
 5e-101 5e-101 4.23563e-09 5e-101 5e-101 18835.6 1.37657e+06 44449.8 2.22178e-09 5e-101 87864.1 557470 298075 3.05494e-09 5e-101 5384.19 1227.58 5e-101 5e-101 5e-101 4.77823e-10 5e-101 5e-101 7062.23 62224.8 89790.5 5.59484e-10 5e-101 1565.98 19729.2 13364.4 5.59484e-10 5e-101 517.81 4.77823e-10 5e-101 5e-101 5e-101 1.07534e-09 5e-101 5e-101 11025 205653 225918 1057.76 5e-101 29475.5 421237 165007 1.32297e-09 5e-101 3947.25 1898.39 5e-101 5e-101 5e-101 3.49434e-10 5e-101 5e-101 6.55198e-10 22296.1 24637.1 3.82112e-10 5e-101 4843.35 188160 89178.6 3.82112e-10 5e-101 10106.9 2448.55 5e-101 5e-101 5e-101 41.4567 5e-101 5e-101 6.6447e-10 9004.19 8737.57 45.4068 5e-101 8796.66 37046.4 8173.23 152.846 5e-101 3.85938e-10 17.3258 5e-101
$catchByGroup
0 0 1.61891e-09 0 0 248.533 400369 16989.3 4.36188e-10 0 1159.35 162138 113928 5.99758e-10 0 1565.97 469.199 0 0 0 1.81613e-10 0 0 94.1885 18074.9 34128 1.10173e-10 0 20.8854 5730.87 5079.58 1.10173e-10 0 150.412 1.81613e-10 0 0 0 5.36563e-10 0 0 179.872 77032.2 112727 263.746 0 480.893 157784 82333.9 3.29874e-10 0 1478.53 947.243 0 0 0 3.05477e-11 0 0 8.84709e-13 1229.96 2153.78 1.16653e-11 0 6.53993 10379.8 7796.04 1.16653e-11 0 557.546 214.054 0 0 0 0.982186 0 0 3.33147e-13 144.447 207.009 0.435037 0 4.41041 594.306 193.639 1.4644 0 6.19131e-12 0.41048 0 
0 0 2.65229e-10 0 0 36.0659 63981.6 2783.38 6.77216e-11 0 168.24 25910.7 18665 9.31173e-11 0 250.253 76.8695 0 0 0 2.03601e-11 0 0 9.27709 1973.21 3825.99 1.16624e-11 0 2.0571 625.633 569.458 1.16624e-11 0 16.4203 2.03601e-11 0 0 0 9.10145e-11 0 0 26.3018 12677.1 19121.2 41.9008 0 70.3184 25966.3 13965.9 5.24065e-11 0 243.32 160.676 0 0 0 6.17369e-10 0 0 2.64544e-11 26844.5 43528 2.79006e-10 0 195.556 226544 157558 2.79006e-10 0 12168.7 4326.03 0 0 0 7.85266 0 0 2.77113e-12 1164.44 1655.06 3.54042 0 36.6859 4790.89 1548.16 11.9176 0 4.99101e-11 3.28183 0 
0 0 3.0264e-11 0 0 4.03924 7272.21 317.599 7.66291e-12 0 18.8422 2945.04 2129.78 1.05365e-11 0 28.4439 8.77122 0 0 0 3.541e-12 0 0 1.59429 342.321 665.41 2.01744e-12 0 0.353517 108.537 99.0392 2.01744e-12 0 2.84866 3.541e-12 0 0 0 5.42549e-12 0 0 1.52985 751.828 1139.84 2.47037 0 4.09009 1539.96 832.525 3.08976e-12 0 14.4304 9.5781 0 0 0 2.76548e-11 0 0 7.9982e-13 1113.16 1949.82 1.0554e-11 0 5.91242 9394.13 7057.76 1.0554e-11 0 504.601 193.783 0 0 0 36.4442 0 0 1.5763e-11 5629.62 7681.13 17.9586 0 208.68 23162.2 7185.02 60.4515 0 2.41297e-10 15.231 0 
$Fmort
 0.137648 0.152701 0.0780335
#ESTIMATED_PARAMETERS
$availability
1.47976 1.49647 1.82616 0.146556 0.0551649 
0.19249 0.132076 0.239055 4.02619 0.414372 
0.0421509 0.0443921 0.0271795 0.233699 4.65701 
$availabilityVector
 1.47976 0.19249 0.0421509 1.49647 0.132076 0.0443921 1.82616 0.239055 0.0271795 0.146556 4.02619 0.233699 0.0551649 0.414372 4.65701
$selectivity
 0.0642204 1.19864 1.49979 0.853532 1.38381
$RunSize
 0 0 6.15003e-09 0 0 19124.3 1.84819e+06 64540.1 2.73335e-09 0 89210.5 748464 432798 3.75835e-09 0 7228.86 1782.42 0 0 0 6.83337e-10 0 0 7167.29 82615.2 128410 6.83337e-10 0 1589.28 26194.2 19112.4 6.83337e-10 0 687.492 6.83337e-10 0 0 0 1.70834e-09 0 0 11232.7 296114 358906 1365.88 0 30030.8 606527 262140 1.70834e-09 0 5683.53 3015.89 0 0 0 1.02501e-09 0 0 6.83337e-10 51483.7 72268.6 6.83337e-10 0 5051.35 434478 261590 6.83337e-10 0 23337.8 7182.42 0 0 0 86.7358 0 0 6.83337e-10 15942.7 18280.8 67.3409 0 9046.43 65593.8 17100 226.68 0 6.83337e-10 36.2491 0
