$ndistricts
3
$ngroups
90
$nstocks
5
$nagecomps
18
$AgeCompLabels
 0.1 0.2 0.3 0.4 0.5 1.1 1.2 1.3 1.4 1.5 2.1 2.2 2.3 2.4 3.1 3.2 3.3 3.4
$navailpar
15
$nselectpar
5
$GENdata
 1 1 1
$maxGradient
8.21081e-07
#LIKELIHOOD_VALUES_AND_PENALTIES
$totalNLL
946.702
$NLLcatch
0.677374
$NLLescape
-6.9167
$NLLagecompCatch
0
$NLLagecompEsc
691.126
$NLLgenetics
261.816
$NLLselOne
8.23271e-17
$NLLavailOne
1.52439e-16
$NLLextra
2.5e-198
$sigmaCat
0.5
$sigmaEsc
0.1
#OBSERVED_AND_PREDICTED_VALUES
$predEsc
 2.75588e+06 2.18017e+06 2.46892e+06 1.2557e+06 598892
$obsEsc
 2.75791e+06 2.1805e+06 2.47269e+06 1.25957e+06 596332
$predCatch
 9.66308e+06 7.40388e+06 2.33402e+06
$obsCatch
 9.66308e+06 7.40388e+06 2.33402e+06
$RunSize
 0 0 3.18279e-09 3.18279e-09 0 4139.87 4.47534e+06 1.01752e+06 3.18279e-09 3.18279e-09 3.18279e-09 27298.8 9506.46 3.18279e-09 0 3.18279e-09 3.18279e-09 0 0 0 3.18279e-09 3.18279e-09 0 3.18279e-09 663216 3.41683e+06 3276.54 3.18279e-09 3.18279e-09 2729.62 35103.4 3.18279e-09 0 3.18279e-09 3.18279e-09 0 0 0 3.18279e-09 3.18279e-09 0 35123 886460 7.38784e+06 83954.7 3036.34 3185.72 232939 200870 3.18279e-09 0 3.18279e-09 3.18279e-09 0 0 0 3.18279e-09 3.18279e-09 0 4150.19 2.66556e+06 2.50673e+06 3.6602e-08 3.18279e-09 38037 1.8406e+06 504226 3.18279e-09 0 524.252 496.035 0 0 0 463.355 536.192 0 638.885 1.1998e+06 1.34032e+06 9390.33 322.061 359.997 36195.9 23486.5 357.461 0 12.8898 3.18279e-09 0
$SSageCompEsc
 1251 1348 1398 1468 868
$obsAgeCompEsc
0 0 0 0 0 0.00147602 0.831523 0.16035 0 0 0 0.00519814 0.00145285 0 0 0 0 0 
0 0 0 0 0 0 0.174562 0.815767 0.000764968 0 0 0.000740741 0.00816548 0 0 0 0 0 
0 0 0 0 0 0.0138501 0.126589 0.792525 0.00940063 0.000730064 0.00125422 0.0357815 0.0198693 0 0 0 0 0 
0 0 0 0 0 0.00314026 0.431468 0.248343 0 0 0.0287078 0.233038 0.0553029 0 0 0 0 0 
0 0 0 0 0 0.000954175 0.461756 0.516494 0 0 0.000583294 0.0104004 0.00981182 0 0 0 0 0 
$predAgeCompEsc
0 0 5.32866e-16 4.60652e-16 0 0.00147051 0.821573 0.170354 4.60652e-16 6.97895e-16 1.13055e-15 0.00501145 0.00159158 4.60652e-16 0 5.84289e-16 5.32866e-16 0 
0 0 7.63496e-16 6.87343e-16 0 1.4314e-15 0.170531 0.819639 0.000707588 9.41495e-16 1.4314e-15 0.000701861 0.00842071 6.87343e-16 0 8.18382e-16 7.63496e-16 0 
0 0 3.48934e-16 2.61123e-16 0 0.0137481 0.115314 0.80994 0.00688784 0.00053959 0.00124698 0.0303016 0.0220217 2.61123e-16 0 4.14029e-16 3.48934e-16 0 
0 0 3.34143e-16 1.69881e-16 0 0.00315018 0.385532 0.263167 1.95363e-15 7.69285e-16 0.0288718 0.266215 0.0529358 1.69881e-16 0 7.5825e-05 5.20759e-05 0 
0 0 0.000162013 0.000139906 0 0.00101921 0.503322 0.468645 0.00245018 0.000191746 0.000574303 0.0151844 0.00821211 9.32709e-05 0 5.40734e-06 1.11287e-15 0 
$SSageCompCatch
 6208 4443 4146
$obsAgeCompCatch
0 0 0 0 0 0 0.23771 0.719492 0.00307935 0 0 0.0170108 0.0227071 0 0 0 0 0 
0 0 0 0 0 1.72119e-05 0.284332 0.453629 0.00216415 0 0.000335946 0.205263 0.0540257 0 0 0.000116676 0.000116676 0 
0 0 0.000310949 0.000322997 0 0.000103801 0.469898 0.443772 0.00566847 0.000278446 0 0.0651971 0.0142007 0.000215332 0 3.25029e-05 0 0 
$predAgeCompCatch
0 0 4.88376e-07 6.48266e-07 0 0.000114371 0.270435 0.676785 0.00584534 0.000148371 1.98444e-05 0.0280986 0.0185449 4.32177e-07 0 3.80673e-06 3.97435e-06 0 
0 0 2.16506e-06 2.86862e-06 0 4.72453e-05 0.348421 0.415736 0.001698 3.77341e-05 0.000221112 0.179345 0.054387 1.91241e-06 0 4.9934e-05 4.97093e-05 0 
0 0 0.000148061 0.000182046 0 1.51084e-05 0.424704 0.507327 0.00323488 8.49447e-05 3.28848e-05 0.0457836 0.0183426 0.000121364 0 1.37953e-05 1.03671e-05 0 
$genSS
 1277 1128 934
$obsGenComp     #GeneticFracData
0.232932 0.175703 0.527108 0.061245 0.00301205 
0.104418 0.0150602 0.138554 0.728916 0.0130522 
0.0070922 0.0303951 0.00202634 0.135765 0.824721 
$predGenComp     #catchGenComp_pred
0.214551 0.181967 0.5441 0.0567588 0.00262342 
0.0927895 0.015861 0.148896 0.730817 0.0116364 
0.00758031 0.0279318 0.00187896 0.147927 0.814682 
#PARAMETERS_OF_INTEREST
$catchByGroup
0 0 0 
0 0 0 
1.27505e-09 4.28133e-10 1.10868e-11 
1.41418e-09 4.86383e-10 1.27237e-11 
0 0 0 
67.6413 19.2046 0.464924 
1.65164e+06 545506 14029.1 
407625 136872 3544.38 
1.41418e-09 4.86383e-10 1.27237e-11 
9.49079e-10 3.02716e-10 7.67404e-12 
5.20035e-11 1.47648e-11 3.57439e-13 
10074.7 3327.49 85.575 
3808.36 1278.76 33.1144 
1.41418e-09 4.86383e-10 1.27237e-11 
0 0 0 
1.17462e-09 3.87955e-10 9.97726e-12 
1.27505e-09 4.28133e-10 1.10868e-11 
0 0 0 
0 0 0 
0 0 0 
1.37491e-09 9.21561e-11 5.11658e-11 
1.52004e-09 1.05561e-10 5.86653e-11 
0 0 0 
5.74167e-11 3.00848e-12 1.65976e-12 
264524 17303.6 9600.83 
1.47602e+06 98932.7 54928.3 
1564.81 108.671 60.3933 
1.03064e-09 6.40424e-11 3.54852e-11 
5.74167e-11 3.00848e-12 1.65976e-12 
1088.71 71.2173 39.5145 
15164.1 1016.4 564.316 
1.52004e-09 1.05561e-10 5.86653e-11 
0 0 0 
1.26946e-09 8.30405e-11 4.60746e-11 
1.37491e-09 9.21561e-11 5.11658e-11 
0 0 0 
0 0 0 
0 0 0 
1.91646e-09 4.03233e-10 1.6052e-12 
2.07787e-09 4.58384e-10 1.84261e-12 
0 0 0 
1026.57 152.806 0.570272 
499632 101724 402.273 
4.44845e+06 935978 3725.96 
54809.4 12091.1 48.6038 
1431.44 271.629 1.05948 
93.1118 13.8598 0.0517248 
131290 26730.4 105.707 
120950 25448.6 101.306 
2.07787e-09 4.58384e-10 1.84261e-12 
0 0 0 
1.7939e-09 3.65234e-10 1.44434e-12 
1.91646e-09 4.03233e-10 1.6052e-12 
0 0 0 
0 0 0 
0 0 0 
2.4642e-10 2.36152e-09 1.55259e-10 
2.81219e-10 2.51067e-09 1.77576e-10 
0 0 0 
10.7502 177.064 6.67491 
186431 1.87772e+06 117286 
194078 1.85991e+06 122280 
3.23402e-09 2.88727e-08 2.04212e-09 
1.72581e-10 1.93598e-09 1.08234e-10 
98.5274 1622.82 61.1764 
128733 1.29659e+06 80987.5 
39038.6 374119 24596.5 
2.81219e-10 2.51067e-09 1.77576e-10 
0 0 0 
36.6665 369.304 23.0674 
38.4044 368.042 24.197 
0 0 0 
0 0 0 
0 0 0 
4.71921 16.0298 345.578 
6.26424 21.2389 424.9 
0 0 0 
0.210471 0.723566 27.5533 
11000.6 37412.3 849949 
13651 46368.6 999633 
109.706 371.956 7441.27 
2.27281 7.74965 197.203 
0.118596 0.407713 15.5257 
331.87 1128.67 25641.6 
239.208 812.52 17516.7 
4.17616 14.1593 283.267 
0 0 0 
0.118183 0.401931 9.13125 
3.24163e-11 1.10109e-10 2.37377e-09 
0 0 0 
$escByGroup
 5e-101 5e-101 1.46852e-09 1.2695e-09 5e-101 4052.56 2.26416e+06 469475 1.2695e-09 1.92332e-09 3.11566e-09 13811 4386.22 1.2695e-09 5e-101 1.61023e-09 1.46852e-09 5e-101 5e-101 5e-101 1.66455e-09 1.49852e-09 5e-101 3.1207e-09 371787 1.78695e+06 1542.66 2.05262e-09 3.1207e-09 1530.18 18358.6 1.49852e-09 5e-101 1.78421e-09 1.66455e-09 5e-101 5e-101 5e-101 8.61491e-10 6.44693e-10 5e-101 33943 284702 1.99968e+06 17005.5 1332.21 3078.7 74812.4 54370 6.44693e-10 5e-101 1.02221e-09 8.61491e-10 5e-101 5e-101 5e-101 4.19584e-10 2.1332e-10 5e-101 3955.7 484114 330460 2.45318e-09 9.65994e-10 36254.5 334287 66471.7 2.1332e-10 5e-101 95.2138 65.3919 5e-101 5e-101 5e-101 97.0281 83.7888 5e-101 610.397 301436 280668 1467.39 114.835 343.945 9093.82 4918.17 55.8592 5e-101 3.23841 6.66487e-10 5e-101
$catchByGroup
0 0 1.27505e-09 1.41418e-09 0 67.6413 1.65164e+06 407625 1.41418e-09 9.49079e-10 5.20035e-11 10074.7 3808.36 1.41418e-09 0 1.17462e-09 1.27505e-09 0 0 0 1.37491e-09 1.52004e-09 0 5.74167e-11 264524 1.47602e+06 1564.81 1.03064e-09 5.74167e-11 1088.71 15164.1 1.52004e-09 0 1.26946e-09 1.37491e-09 0 0 0 1.91646e-09 2.07787e-09 0 1026.57 499632 4.44845e+06 54809.4 1431.44 93.1118 131290 120950 2.07787e-09 0 1.7939e-09 1.91646e-09 0 0 0 2.4642e-10 2.81219e-10 0 10.7502 186431 194078 3.23402e-09 1.72581e-10 98.5274 128733 39038.6 2.81219e-10 0 36.6665 38.4044 0 0 0 4.71921 6.26424 0 0.210471 11000.6 13651 109.706 2.27281 0.118596 331.87 239.208 4.17616 0 0.118183 3.24163e-11 0 
0 0 4.28133e-10 4.86383e-10 0 19.2046 545506 136872 4.86383e-10 3.02716e-10 1.47648e-11 3327.49 1278.76 4.86383e-10 0 3.87955e-10 4.28133e-10 0 0 0 9.21561e-11 1.05561e-10 0 3.00848e-12 17303.6 98932.7 108.671 6.40424e-11 3.00848e-12 71.2173 1016.4 1.05561e-10 0 8.30405e-11 9.21561e-11 0 0 0 4.03233e-10 4.58384e-10 0 152.806 101724 935978 12091.1 271.629 13.8598 26730.4 25448.6 4.58384e-10 0 3.65234e-10 4.03233e-10 0 0 0 2.36152e-09 2.51067e-09 0 177.064 1.87772e+06 1.85991e+06 2.88727e-08 1.93598e-09 1622.82 1.29659e+06 374119 2.51067e-09 0 369.304 368.042 0 0 0 16.0298 21.2389 0 0.723566 37412.3 46368.6 371.956 7.74965 0.407713 1128.67 812.52 14.1593 0 0.401931 1.10109e-10 0 
0 0 1.10868e-11 1.27237e-11 0 0.464924 14029.1 3544.38 1.27237e-11 7.67404e-12 3.57439e-13 85.575 33.1144 1.27237e-11 0 9.97726e-12 1.10868e-11 0 0 0 5.11658e-11 5.86653e-11 0 1.65976e-12 9600.83 54928.3 60.3933 3.54852e-11 1.65976e-12 39.5145 564.316 5.86653e-11 0 4.60746e-11 5.11658e-11 0 0 0 1.6052e-12 1.84261e-12 0 0.570272 402.273 3725.96 48.6038 1.05948 0.0517248 105.707 101.306 1.84261e-12 0 1.44434e-12 1.6052e-12 0 0 0 1.55259e-10 1.77576e-10 0 6.67491 117286 122280 2.04212e-09 1.08234e-10 61.1764 80987.5 24596.5 1.77576e-10 0 23.0674 24.197 0 0 0 345.578 424.9 0 27.5533 849949 999633 7441.27 197.203 15.5257 25641.6 17516.7 283.267 0 9.13125 2.37377e-09 0 
$Fmort
 0.315299 0.256354 0.217236
#ESTIMATED_PARAMETERS
$availability
1.22455 1.35319 2.20497 0.192794 0.0244918 
0.425101 0.0864588 0.398621 3.98622 0.103601 
0.0121169 0.0562758 0.00175172 0.173659 4.7562 
$availabilityVector
 1.22455 0.425101 0.0121169 1.35319 0.0864588 0.0562758 2.20497 0.398621 0.00175172 0.192794 3.98622 0.173659 0.0244918 0.103601 4.7562
$selectivity
 0.0426674 1.19278 1.32566 1.52178 0.917102
$RunSize
 0 0 3.18279e-09 3.18279e-09 0 4139.87 4.47534e+06 1.01752e+06 3.18279e-09 3.18279e-09 3.18279e-09 27298.8 9506.46 3.18279e-09 0 3.18279e-09 3.18279e-09 0 0 0 3.18279e-09 3.18279e-09 0 3.18279e-09 663216 3.41683e+06 3276.54 3.18279e-09 3.18279e-09 2729.62 35103.4 3.18279e-09 0 3.18279e-09 3.18279e-09 0 0 0 3.18279e-09 3.18279e-09 0 35123 886460 7.38784e+06 83954.7 3036.34 3185.72 232939 200870 3.18279e-09 0 3.18279e-09 3.18279e-09 0 0 0 3.18279e-09 3.18279e-09 0 4150.19 2.66556e+06 2.50673e+06 3.6602e-08 3.18279e-09 38037 1.8406e+06 504226 3.18279e-09 0 524.252 496.035 0 0 0 463.355 536.192 0 638.885 1.1998e+06 1.34032e+06 9390.33 322.061 359.997 36195.9 23486.5 357.461 0 12.8898 3.18279e-09 0
