$ndistricts
3
$ngroups
90
$nstocks
5
$nagecomps
18
$AgeCompLabels
 0.1 0.2 0.3 0.4 0.5 1.1 1.2 1.3 1.4 1.5 2.1 2.2 2.3 2.4 3.1 3.2 3.3 3.4
$navailpar
15
$nselectpar
5
$GENdata
 -1 -1 -1
$maxGradient
1.66992e-06
#LIKELIHOOD_VALUES_AND_PENALTIES
$totalNLL
945.044
$NLLcatch
0.677374
$NLLescape
-6.91357
$NLLagecompCatch
0
$NLLagecompEsc
951.278
$NLLgenetics
0
$NLLselOne
5.23711e-17
$NLLavailOne
0.00216271
$NLLextra
2.5e-198
$sigmaCat
0.5
$sigmaEsc
0.1
#OBSERVED_AND_PREDICTED_VALUES
$predEsc
 4.08845e+06 497213 1.03017e+06 1.61449e+06 655028
$obsEsc
 4.06522e+06 496306 1.03786e+06 1.61274e+06 654412
$predCatch
 3.2249e+06 6.4566e+06 1.52352e+06
$obsCatch
 3.2249e+06 6.4566e+06 1.52352e+06
$RunSize
 0 3594.03 1126.47 2.11737e-09 0 7113.83 2.44824e+06 2.84819e+06 4589.02 0 43782.8 1.05404e+06 105311 2.11737e-09 0 2.11737e-09 2.11737e-09 0 0 5.29342e-09 5946.04 5.29342e-09 0 5973.85 368154 397903 1.37629e-08 0 4.97582e-08 8.99882e-08 3.38779e-08 3.17605e-09 0 4.23474e-09 4.23474e-09 0 0 2.11737e-09 2.11737e-09 2.11737e-09 0 1951.99 484338 526067 26171.3 0 28619 330845 450704 4160.91 0 2.11737e-09 2.11737e-09 0 0 422.017 1269.7 2.9052 0 420.853 385567 2.47173e+06 6293.69 0 82819.4 3.3749e+06 1.50877e+06 3.17605e-09 0 21576.6 7368.25 0 0 1828.78 9437.71 703.763 0 432.033 463062 242860 8260.25 0 48879.7 543440 762707 811.229 0 2.11737e-09 2.11737e-09 0
$SSageCompEsc
 2381 0 1966 3334 2723
$obsAgeCompEsc
0 0.000853951 0.000158868 0 0 0.0016186 0.386033 0.412051 0.000747682 0 0.0102803 0.171449 0.0168077 0 0 0 0 0 
0 0 0 0 0 0 0.601116 0.250188 0 0 0 0.102692 0.0460043 0 0 0 0 0 
0 0 0 0 0 0.00172877 0.271514 0.264459 0.0123669 0 0.0256149 0.187332 0.234545 0.00244053 0 0 0 0 
0 0 0 0 0 0.00022575 0.0618974 0.268124 0.000564842 0 0.0422097 0.481595 0.142194 0 0 0.00233705 0.000852844 0 
0 0.00113429 0.0062122 0 0 0.000604804 0.238054 0.0983553 0.0011553 0 0.0640495 0.294373 0.29586 0.000201601 0 0 0 0 
$predAgeCompEsc
0 0.000570663 0.000164349 2.74429e-16 0 0.00163062 0.388733 0.415545 0.000594776 0 0.0100358 0.167361 0.0153646 2.74429e-16 0 3.36198e-16 3.08919e-16 0 
0 7.0588e-15 0.00732902 5.85113e-15 0 0.0112856 0.490935 0.490451 1.52129e-14 0 9.40015e-14 1.2e-13 4.17575e-14 3.51068e-15 0 5.64704e-15 5.21969e-15 0 
0 1.20067e-15 1.07759e-15 9.2404e-16 0 0.00174972 0.274647 0.26773 0.0114214 0 0.0256535 0.187607 0.229376 0.00181586 0 1.20067e-15 1.07759e-15 0 
0 6.14613e-05 0.000129443 1.56893e-07 0 0.000212903 0.0561528 0.251988 0.000339885 0 0.0418971 0.491509 0.153816 1.7152e-16 0 0.00314234 0.000751178 0 
0 0.000955482 0.00377082 0.00017832 0 0.000570861 0.241936 0.0970341 0.00209299 0 0.0645865 0.283931 0.304738 0.00020555 0 1.10626e-15 8.4599e-16 0 
$SSageCompCatch
 6380 8826 3069
$obsAgeCompCatch
0 0 0.0007806 0 0 0.000334549 0.320233 0.438548 0.00321199 0 0.00108067 0.160462 0.0753492 0 0 0 0 0 
0 0.00027439 0.000813009 2.44473e-05 0 0 0.0661175 0.311608 0.000955351 0 0.00213122 0.401133 0.212332 0 0 0.00387216 0.000738755 0 
0 0.000435161 0.00103956 0.000480389 0 0 0.191245 0.182482 0.00504717 0 0.00470482 0.26261 0.35124 0.000398013 0 0 0.00031751 0 
$predAgeCompCatch
0 0.000333484 0.000790062 3.93866e-06 0 0.000255463 0.309989 0.4282 0.0043279 0 0.00145938 0.16654 0.0872059 0.000584095 0 0.000222157 8.91293e-05 0 
0 0.000108606 0.000396321 1.76793e-05 0 3.14528e-05 0.077881 0.330939 0.00143625 0 0.00246049 0.385146 0.198322 8.11602e-05 0 0.00232074 0.000858979 0 
0 0.000662889 0.003727 0.000303744 0 4.42387e-05 0.18467 0.183861 0.00391621 0 0.00400453 0.277235 0.34047 0.00036703 0 0.000526934 0.000211329 0 
$genSS
 -1 -1 -1
$obsGenComp     #GeneticFracData
0 0 0 0 0 
0 0 0 0 0 
0 0 0 0 0 
$predGenComp     #catchGenComp_pred
0 0 0 0 0 
0 0 0 0 0 
0 0 0 0 0 
#PARAMETERS_OF_INTEREST
$catchByGroup
0 0 0 
1038.34 198.065 24.4949 
372.706 72.7867 9.04123 
8.11477e-10 1.63476e-10 2.0426e-11 
0 0 0 
375.532 63.8553 7.73424 
707315 134921 16685.8 
942361 184036 22860.1 
1758.73 354.306 44.2697 
0 0 0 
2311.25 393.004 47.6012 
304519 58087.4 7183.72 
34843.4 6804.64 845.242 
8.11477e-10 1.63476e-10 2.0426e-11 
0 0 0 
6.11724e-10 1.16687e-10 1.44308e-11 
7.00559e-10 1.36814e-10 1.69944e-11 
0 0 0 
0 0 0 
1.54377e-09 2.01935e-10 3.79883e-11 
1985.33 266.371 50.2507 
2.04646e-09 2.8394e-10 5.37663e-11 
0 0 0 
318.817 36.845 6.83997 
107368 14044.5 2642.06 
132856 17825.3 3362.72 
5.32079e-09 7.38243e-10 1.39792e-10 
0 0 0 
2.65553e-09 3.06894e-10 5.69724e-11 
2.62441e-08 3.4329e-09 6.45801e-10 
1.13115e-08 1.51766e-09 2.86306e-10 
1.22788e-09 1.70364e-10 3.22598e-11 
0 0 0 
1.23502e-09 1.61548e-10 3.03907e-11 
1.41394e-09 1.89708e-10 3.57883e-11 
0 0 0 
0 0 0 
7.27223e-10 1.43935e-10 9.31649e-12 
8.27734e-10 1.6856e-10 1.09739e-11 
9.51165e-10 2.01088e-10 1.31936e-11 
0 0 0 
126.368 21.7364 1.36871 
166349 32924.5 2131.1 
205653 41879.2 2726.5 
11756.7 2485.51 163.077 
0 0 0 
1852.74 318.688 20.0672 
113631 22490.2 1455.73 
176192 35879.7 2335.91 
1869.16 395.165 25.9272 
0 0 0 
7.27223e-10 1.43935e-10 9.31649e-12 
8.27734e-10 1.6856e-10 1.09739e-11 
0 0 0 
0 0 0 
14.0127 293.074 15.7019 
49.5304 955.701 55.4807 
0.135781 2.36409 0.152019 
0 0 0 
2.25445 72.3365 2.5306 
12802.4 267761 14345.7 
96421.4 1.86047e+06 108005 
294.15 5121.47 329.327 
0 0 0 
443.653 14235.1 497.994 
112061 2.34373e+06 125569 
58856.4 1.13565e+06 65927.1 
1.4844e-10 2.5845e-09 1.66192e-10 
0 0 0 
716.432 14984.1 802.794 
287.433 5546.08 321.964 
0 0 0 
0 0 0 
23.0977 210.083 969.727 
140.302 1264.03 5563.39 
12.566 111.784 462.608 
0 0 0 
0.872601 8.30503 48.925 
5848.54 53195 245544 
3610.37 32527.1 143162 
147.49 1312.04 5429.75 
0 0 0 
98.725 939.621 5535.32 
6863.72 62428.5 288164 
11338.4 102152 449604 
14.4849 128.854 533.25 
0 0 0 
2.67427e-11 2.43236e-10 1.12276e-09 
3.1477e-11 2.83586e-10 1.24816e-09 
0 0 0 
$escByGroup
 5e-101 2333.13 671.933 1.12199e-09 5e-101 6666.71 1.58932e+06 1.69893e+06 2431.71 5e-101 41030.9 684246 62817.3 1.12199e-09 5e-101 1.37453e-09 1.263e-09 5e-101 5e-101 3.50973e-09 3644.09 2.90926e-09 5e-101 5611.34 244099 243858 7.56407e-09 5e-101 4.67388e-08 5.96653e-08 2.07624e-08 1.74555e-09 5e-101 2.80778e-09 2.5953e-09 5e-101 5e-101 1.23689e-09 1.1101e-09 9.51921e-10 5e-101 1802.52 282934 275808 11766 5e-101 26427.5 193268 236297 1870.65 5e-101 1.23689e-09 1.1101e-09 5e-101 5e-101 99.2289 208.985 0.253302 5e-101 343.731 90658.4 406833 548.743 5e-101 67642.7 793539 248334 2.76918e-10 5e-101 5073.3 1212.77 5e-101 5e-101 625.868 2469.99 116.805 5e-101 373.93 158475 63560.1 1370.97 5e-101 42306 185983 199612 134.641 5e-101 7.24634e-10 5.54147e-10 5e-101
$catchByGroup
0 1038.34 372.706 8.11477e-10 0 375.532 707315 942361 1758.73 0 2311.25 304519 34843.4 8.11477e-10 0 6.11724e-10 7.00559e-10 0 0 1.54377e-09 1985.33 2.04646e-09 0 318.817 107368 132856 5.32079e-09 0 2.65553e-09 2.62441e-08 1.13115e-08 1.22788e-09 0 1.23502e-09 1.41394e-09 0 0 7.27223e-10 8.27734e-10 9.51165e-10 0 126.368 166349 205653 11756.7 0 1852.74 113631 176192 1869.16 0 7.27223e-10 8.27734e-10 0 0 14.0127 49.5304 0.135781 0 2.25445 12802.4 96421.4 294.15 0 443.653 112061 58856.4 1.4844e-10 0 716.432 287.433 0 0 23.0977 140.302 12.566 0 0.872601 5848.54 3610.37 147.49 0 98.725 6863.72 11338.4 14.4849 0 2.67427e-11 3.1477e-11 0 
0 198.065 72.7867 1.63476e-10 0 63.8553 134921 184036 354.306 0 393.004 58087.4 6804.64 1.63476e-10 0 1.16687e-10 1.36814e-10 0 0 2.01935e-10 266.371 2.8394e-10 0 36.845 14044.5 17825.3 7.38243e-10 0 3.06894e-10 3.4329e-09 1.51766e-09 1.70364e-10 0 1.61548e-10 1.89708e-10 0 0 1.43935e-10 1.6856e-10 2.01088e-10 0 21.7364 32924.5 41879.2 2485.51 0 318.688 22490.2 35879.7 395.165 0 1.43935e-10 1.6856e-10 0 0 293.074 955.701 2.36409 0 72.3365 267761 1.86047e+06 5121.47 0 14235.1 2.34373e+06 1.13565e+06 2.5845e-09 0 14984.1 5546.08 0 0 210.083 1264.03 111.784 0 8.30503 53195 32527.1 1312.04 0 939.621 62428.5 102152 128.854 0 2.43236e-10 2.83586e-10 0 
0 24.4949 9.04123 2.0426e-11 0 7.73424 16685.8 22860.1 44.2697 0 47.6012 7183.72 845.242 2.0426e-11 0 1.44308e-11 1.69944e-11 0 0 3.79883e-11 50.2507 5.37663e-11 0 6.83997 2642.06 3362.72 1.39792e-10 0 5.69724e-11 6.45801e-10 2.86306e-10 3.22598e-11 0 3.03907e-11 3.57883e-11 0 0 9.31649e-12 1.09739e-11 1.31936e-11 0 1.36871 2131.1 2726.5 163.077 0 20.0672 1455.73 2335.91 25.9272 0 9.31649e-12 1.09739e-11 0 0 15.7019 55.4807 0.152019 0 2.5306 14345.7 108005 329.327 0 497.994 125569 65927.1 1.66192e-10 0 802.794 321.964 0 0 969.727 5563.39 462.608 0 48.925 245544 143162 5429.75 0 5535.32 288164 449604 533.25 0 1.12276e-09 1.24816e-09 0 
$Fmort
 0.247572 0.316424 0.174329
#ESTIMATED_PARAMETERS
$availability
1.47976 1.49647 1.82616 0.146556 0.0551649 
0.19249 0.132076 0.239055 4.02619 0.414372 
0.0421509 0.0443921 0.0271795 0.233699 4.65701 
$availabilityVector
 1.47976 0.19249 0.0421509 1.49647 0.132076 0.0443921 1.82616 0.239055 0.0271795 0.146556 4.02619 0.233699 0.0551649 0.414372 4.65701
$selectivity
 0.148038 0.930682 1.09668 1.31921 1.50539
$RunSize
 0 3594.03 1126.47 2.11737e-09 0 7113.83 2.44824e+06 2.84819e+06 4589.02 0 43782.8 1.05404e+06 105311 2.11737e-09 0 2.11737e-09 2.11737e-09 0 0 5.29342e-09 5946.04 5.29342e-09 0 5973.85 368154 397903 1.37629e-08 0 4.97582e-08 8.99882e-08 3.38779e-08 3.17605e-09 0 4.23474e-09 4.23474e-09 0 0 2.11737e-09 2.11737e-09 2.11737e-09 0 1951.99 484338 526067 26171.3 0 28619 330845 450704 4160.91 0 2.11737e-09 2.11737e-09 0 0 422.017 1269.7 2.9052 0 420.853 385567 2.47173e+06 6293.69 0 82819.4 3.3749e+06 1.50877e+06 3.17605e-09 0 21576.6 7368.25 0 0 1828.78 9437.71 703.763 0 432.033 463062 242860 8260.25 0 48879.7 543440 762707 811.229 0 2.11737e-09 2.11737e-09 0
