$ndistricts
3
$ngroups
90
$nstocks
5
$nagecomps
18
$AgeCompLabels
 0.1 0.2 0.3 0.4 0.5 1.1 1.2 1.3 1.4 1.5 2.1 2.2 2.3 2.4 3.1 3.2 3.3 3.4
$navailpar
15
$nselectpar
5
$GENdata
 1 1 1
$maxGradient
1.68956e-05
#LIKELIHOOD_VALUES_AND_PENALTIES
$totalNLL
1083.17
$NLLcatch
0.677374
$NLLescape
-6.91823
$NLLagecompCatch
0
$NLLagecompEsc
873.167
$NLLgenetics
216.239
$NLLselOne
1.29442e-17
$NLLavailOne
2.23558e-15
$NLLextra
3.2e-198
$sigmaCat
0.5
$sigmaEsc
0.1
#OBSERVED_AND_PREDICTED_VALUES
$predEsc
 4.02488e+06 887335 1.53552e+06 1.51739e+06 1.41367e+06
$obsEsc
 4.02517e+06 887336 1.53566e+06 1.517e+06 1.41345e+06
$predCatch
 8.33844e+06 2.16009e+07 4.1769e+06
$obsCatch
 8.33844e+06 2.16009e+07 4.1769e+06
$RunSize
 0 4576.31 53548.2 873.16 0 2399.69 1.68627e+06 1.7735e+06 2854.16 0 128209 3.35289e+06 298047 4.82889e-09 0 4.82889e-09 4.82889e-09 0 0 0 4.82889e-09 0 0 84789 644905 576951 4.82889e-09 0 7.72623e-08 556867 338345 2.41445e-08 0 1260.15 7950.25 0 0 0 4.82889e-09 0 0 4.82889e-09 335164 1.04005e+06 110557 658.376 4032.7 724438 2.92154e+06 38747.9 0 4.82889e-09 4.82889e-09 0 0 0 4.82889e-09 0 0 4.82889e-09 188339 992292 127100 0 35294.5 1.05146e+07 1.08331e+07 53012.9 0 146395 36849.5 0 0 0 7705.96 0 0 919.999 877644 752599 12997.6 0 13106.8 1.9075e+06 2.28945e+06 16594.1 0 2.173e-08 4.82889e-09 0
$SSageCompEsc
 3254 0 2482 3096 2054
$obsAgeCompEsc
0 0.000861529 0.00932848 0.000167084 0 0.000580105 0.226732 0.242733 0.000435228 0 0.0311751 0.447316 0.0406718 0 0 0 0 0 
0 0 0 0 0 0 0.601116 0.250188 0 0 0 0.102692 0.0460043 0 0 0 0 0 
0 0 0 0 0 0 0.0621543 0.201521 0.0249322 0.000428721 0.00249905 0.134244 0.565943 0.0082769 0 0 0 0 
0 0 0 0 0 0 0.00817989 0.0464873 0.00708144 0 0.0211018 0.412434 0.495007 0.00191217 0 0.00628422 0.00151169 0 
0 0 0.00123868 0 0 0.00062747 0.178587 0.145853 0.00171192 0 0.00847711 0.272155 0.388312 0.00303798 0 0 0 0 
$predAgeCompEsc
0 0.000614077 0.00733558 0.000122281 0 0.000579847 0.226275 0.242953 0.000399709 0 0.0309796 0.449912 0.0408295 6.7626e-16 0 6.47971e-16 6.61511e-16 0 
0 0 2.10194e-15 0 0 0.0913456 0.271668 0.251137 2.17667e-15 0 8.32369e-14 0.234582 0.147276 1.08833e-14 0 0.000530842 0.00346061 0 
0 0 9.38208e-16 0 0 2.97466e-15 0.0623107 0.202071 0.0225074 0.000428759 0.0024842 0.134681 0.567628 0.00788837 0 8.97746e-16 9.38208e-16 0 
0 0 2.21792e-16 0 0 2.87026e-15 0.00736951 0.0455762 0.00681803 0 0.0209788 0.411425 0.497568 0.00284377 0 0.00572828 0.0016925 0 
0 0 0.00134614 0 0 0.000618584 0.14251 0.13147 0.00244562 0 0.00881271 0.309735 0.39994 0.00312234 0 3.52847e-15 8.43551e-16 0 
$SSageCompCatch
 6076 4717 3549
$obsAgeCompCatch
0 0 0.000601434 0 0 0.000452406 0.160798 0.215526 0.00655565 0 0.000166619 0.303718 0.308179 0.00275405 0 0.000565265 0.000684179 0 
0 0 0.000157712 0 0 0 0.0190372 0.0527098 0.0047858 0 0 0.444425 0.46942 0.00339879 0 0.00406105 0.00200429 0 
0 0 0.00125346 0 0 0 0.0848542 0.0948407 0.00401584 0 0.000583118 0.40465 0.404537 0.00257639 0 0.00269002 0 0 
$predAgeCompCatch
0 0.000229715 0.00262769 4.16394e-05 0 0.00044353 0.159488 0.214174 0.0091695 9.82932e-10 0.000422597 0.302327 0.306636 0.00319764 0 0.000564632 0.000678512 0 
0 6.3787e-06 0.000143251 1.13886e-06 0 4.71218e-06 0.0194895 0.0514007 0.00534043 1.16866e-11 0.000170761 0.451554 0.462137 0.00231464 0 0.00594795 0.00149031 0 
0 1.23223e-05 0.00115424 2.19868e-06 0 1.10423e-05 0.124816 0.113295 0.0028058 6.73381e-12 0.000152139 0.357556 0.396013 0.00259801 0 0.0012697 0.000313873 0 
$genSS
 312 310 342
$obsGenComp     #GeneticFracData
0.358317 0.151741 0.414173 0.072705 0.00306341 
0.0099718 0.00211523 0.00785657 0.925363 0.0546938 
0.0200965 0.00130627 0.00472267 0.181572 0.792303 
$predGenComp     #catchGenComp_pred
0.357879 0.152696 0.413515 0.0728375 0.00307249 
0.00991417 0.00210914 0.00796868 0.925292 0.0547161 
0.0191503 0.00117889 0.00466093 0.19517 0.77984 
#PARAMETERS_OF_INTEREST
$catchByGroup
0 0 0 
1915.47 137.785 51.4691 
21877.7 1562.29 583.411 
347.208 24.6004 9.18364 
0 0 0 
61.0997 3.48676 1.29061 
705809 50771 18965.3 
724583 51742.7 19322.4 
1134.94 80.4132 30.0192 
0 0 0 
3264.39 186.288 68.9539 
1.40339e+06 100950 37709.5 
121770 8695.65 3247.24 
1.92019e-09 1.36049e-10 5.07889e-11 
0 0 0 
2.02119e-09 1.4539e-10 5.43099e-11 
1.97289e-09 1.40885e-10 5.26111e-11 
0 0 0 
0 0 0 
0 0 0 
2.85139e-09 1.01424e-10 1.09602e-11 
0 0 0 
0 0 0 
3637.05 88.3401 9.4609 
388353 13980.3 1511.23 
340681 12118 1309.52 
2.78895e-09 9.79286e-11 1.05791e-11 
0 0 0 
3.3142e-09 8.04982e-11 8.62106e-12 
335338 12071.8 1304.93 
199788 7106.44 767.949 
1.39448e-08 4.89643e-10 5.28953e-11 
0 0 0 
758.845 27.3177 2.95296 
4694.5 166.983 18.0448 
0 0 0 
0 0 0 
0 0 0 
3.21031e-09 1.59865e-10 1.80794e-11 
0 0 0 
0 0 0 
2.52372e-10 7.9769e-12 8.89425e-13 
226739 11449.9 1295.52 
691436 34431.6 3893.93 
72062.3 3534.7 399.54 
0.00819612 0.00025244 2.81264e-05 
210.761 6.66167 0.742776 
490084 24748.5 2800.2 
1.94228e+06 96720.1 10938.3 
25256.3 1238.84 140.03 
0 0 0 
3.26676e-09 1.64966e-10 1.86653e-11 
3.21031e-09 1.59865e-10 1.80794e-11 
0 0 0 
0 0 0 
0 0 0 
1.26226e-10 4.19669e-09 1.69436e-10 
0 0 0 
0 0 0 
6.27706e-12 4.58848e-10 8.4627e-12 
5080.83 165257 6819.11 
25938.2 862380 34817.5 
3208.16 109239 4307.07 
0 0 0 
45.8791 3353.73 61.854 
283653 9.22598e+06 380697 
283175 9.41485e+06 380112 
1338.11 45563.3 1796.46 
0 0 0 
3949.3 128454 5300.46 
963.234 32025.1 1292.97 
0 0 0 
0 0 0 
0 0 0 
33.1562 1532.05 4237.75 
0 0 0 
0 0 0 
0.19479 9.96021 35.3712 
3898.56 179531 492753 
3238.19 149627 413878 
53.9814 2503.43 6982.93 
0 0 0 
2.77509 141.899 503.919 
8473.25 390198 1.07096e+06 
9850.75 455175 1.25904e+06 
68.9183 3196.15 8915.14 
0 0 0 
9.65264e-11 4.4451e-09 1.22003e-08 
2.07771e-11 9.60053e-10 2.65556e-09 
0 0 0 
$escByGroup
 5e-101 2471.59 29524.9 492.168 5e-101 2333.82 910729 977856 1608.78 5e-101 124689 1.81084e+06 164334 2.72187e-09 5e-101 2.60801e-09 2.66251e-09 5e-101 5e-101 5e-101 1.86512e-09 5e-101 5e-101 81054.1 241061 222843 1.93144e-09 5e-101 7.3859e-08 208153 130683 9.65718e-09 5e-101 471.034 3070.72 5e-101 5e-101 5e-101 1.44064e-09 5e-101 5e-101 4.56766e-09 95679.3 310284 34560.5 658.367 3814.54 206806 871605 12112.7 5e-101 1.37851e-09 1.44064e-09 5e-101 5e-101 5e-101 3.36545e-10 5e-101 5e-101 4.35531e-09 11182.4 69156.7 10345.6 5e-101 31833 624291 755004 4315.1 5e-101 8692.03 2568.18 5e-101 5e-101 5e-101 1903 5e-101 5e-101 874.472 201461 185855 3457.3 5e-101 12458.2 437862 565383 4413.95 5e-101 4.98808e-09 1.1925e-09 5e-101
$catchByGroup
0 1915.47 21877.7 347.208 0 61.0997 705809 724583 1134.94 0 3264.39 1.40339e+06 121770 1.92019e-09 0 2.02119e-09 1.97289e-09 0 0 0 2.85139e-09 0 0 3637.05 388353 340681 2.78895e-09 0 3.3142e-09 335338 199788 1.39448e-08 0 758.845 4694.5 0 0 0 3.21031e-09 0 0 2.52372e-10 226739 691436 72062.3 0.00819612 210.761 490084 1.94228e+06 25256.3 0 3.26676e-09 3.21031e-09 0 0 0 1.26226e-10 0 0 6.27706e-12 5080.83 25938.2 3208.16 0 45.8791 283653 283175 1338.11 0 3949.3 963.234 0 0 0 33.1562 0 0 0.19479 3898.56 3238.19 53.9814 0 2.77509 8473.25 9850.75 68.9183 0 9.65264e-11 2.07771e-11 0 
0 137.785 1562.29 24.6004 0 3.48676 50771 51742.7 80.4132 0 186.288 100950 8695.65 1.36049e-10 0 1.4539e-10 1.40885e-10 0 0 0 1.01424e-10 0 0 88.3401 13980.3 12118 9.79286e-11 0 8.04982e-11 12071.8 7106.44 4.89643e-10 0 27.3177 166.983 0 0 0 1.59865e-10 0 0 7.9769e-12 11449.9 34431.6 3534.7 0.00025244 6.66167 24748.5 96720.1 1238.84 0 1.64966e-10 1.59865e-10 0 0 0 4.19669e-09 0 0 4.58848e-10 165257 862380 109239 0 3353.73 9.22598e+06 9.41485e+06 45563.3 0 128454 32025.1 0 0 0 1532.05 0 0 9.96021 179531 149627 2503.43 0 141.899 390198 455175 3196.15 0 4.4451e-09 9.60053e-10 0 
0 51.4691 583.411 9.18364 0 1.29061 18965.3 19322.4 30.0192 0 68.9539 37709.5 3247.24 5.07889e-11 0 5.43099e-11 5.26111e-11 0 0 0 1.09602e-11 0 0 9.4609 1511.23 1309.52 1.05791e-11 0 8.62106e-12 1304.93 767.949 5.28953e-11 0 2.95296 18.0448 0 0 0 1.80794e-11 0 0 8.89425e-13 1295.52 3893.93 399.54 2.81264e-05 0.742776 2800.2 10938.3 140.03 0 1.86653e-11 1.80794e-11 0 0 0 1.69436e-10 0 0 8.4627e-12 6819.11 34817.5 4307.07 0 61.854 380697 380112 1796.46 0 5300.46 1292.97 0 0 0 4237.75 0 0 35.3712 492753 413878 6982.93 0 503.919 1.07096e+06 1.25904e+06 8915.14 0 1.22003e-08 2.65556e-09 0 
$Fmort
 0.309777 0.285095 0.103719
#ESTIMATED_PARAMETERS
$availability
1.0331 1.75617 2.15015 0.0521028 0.00848194 
0.0632865 0.0453705 0.0719572 4.34561 0.473775 
0.0643605 0.0133499 0.0220376 0.209848 4.6904 
$availabilityVector
 1.0331 0.0632865 0.0643605 1.75617 0.0453705 0.0133499 2.15015 0.0719572 0.0220376 0.0521028 4.34561 0.209848 0.00848194 0.473775 4.6904
$selectivity
 0.08059 1.69437 1.64108 1.58394 1.86905e-05
$RunSize
 0 4576.31 53548.2 873.16 0 2399.69 1.68627e+06 1.7735e+06 2854.16 0 128209 3.35289e+06 298047 4.82889e-09 0 4.82889e-09 4.82889e-09 0 0 0 4.82889e-09 0 0 84789 644905 576951 4.82889e-09 0 7.72623e-08 556867 338345 2.41445e-08 0 1260.15 7950.25 0 0 0 4.82889e-09 0 0 4.82889e-09 335164 1.04005e+06 110557 658.376 4032.7 724438 2.92154e+06 38747.9 0 4.82889e-09 4.82889e-09 0 0 0 4.82889e-09 0 0 4.82889e-09 188339 992292 127100 0 35294.5 1.05146e+07 1.08331e+07 53012.9 0 146395 36849.5 0 0 0 7705.96 0 0 919.999 877644 752599 12997.6 0 13106.8 1.9075e+06 2.28945e+06 16594.1 0 2.173e-08 4.82889e-09 0
