$ndistricts
3
$ngroups
90
$nstocks
5
$nagecomps
18
$AgeCompLabels
 0.1 0.2 0.3 0.4 0.5 1.1 1.2 1.3 1.4 1.5 2.1 2.2 2.3 2.4 3.1 3.2 3.3 3.4
$navailpar
15
$nselectpar
5
$GENdata
 1 1 1
$maxGradient
1.12674e-05
#LIKELIHOOD_VALUES_AND_PENALTIES
$totalNLL
1254.07
$NLLcatch
0.677374
$NLLescape
-6.91159
$NLLagecompCatch
0
$NLLagecompEsc
1025.28
$NLLgenetics
235.023
$NLLselOne
4.16514e-16
$NLLavailOne
3.17741e-16
$NLLextra
3e-198
$sigmaCat
0.5
$sigmaEsc
0.1
#OBSERVED_AND_PREDICTED_VALUES
$predEsc
 2.25634e+06 883243 1.16963e+06 964062 1.03855e+06
$obsEsc
 2.26435e+06 883794 1.17707e+06 961200 1.02985e+06
$predCatch
 8.26145e+06 4.68208e+06 2.60117e+06
$obsCatch
 8.26145e+06 4.68208e+06 2.60117e+06
$RunSize
 0 0 505.081 2.42706e-09 0 0 1.4386e+06 2.53341e+06 7463.16 0 22874.6 1.13362e+06 1.67485e+06 7.88793e-08 0 3.64058e-09 4.85411e-09 0 0 0 2.42706e-09 2.42706e-09 0 787.576 452481 1.45512e+06 6605.85 0 2.42706e-09 39223.7 68537.5 2.42706e-09 0 2.42706e-09 2.42706e-09 0 0 0 6.4317e-08 2.42706e-09 0 21648.3 1.64518e+06 1.64685e+06 21641.5 0 13315.6 622474 813250 1304.01 0 3.64058e-09 3.64058e-09 0 0 0 2.42706e-09 2.42706e-09 0 301.318 48409.3 228972 3.64058e-09 0 68227.7 1.50056e+06 2.3136e+06 326.522 301.318 30658 6831.61 0 0 0 2.42706e-09 304.704 0 7620.58 1.20059e+06 1.01952e+06 5877.79 0 12973 907552 882765 2.42706e-09 0 1387.19 2.42706e-09 0
$SSageCompEsc
 1 1 1 1 1
$obsAgeCompEsc
0 0 0 0 0 0 0.273557 0.319654 0.000764457 0 0.00942963 0.190112 0.206483 0 0 0 0 0 
0 0 0 0 0 0.000850877 0.262997 0.679624 0.00266804 0 0 0.0220775 0.0317823 0 0 0 0 0 
0 0 0 0 0 0.0171187 0.438634 0.258003 0.00229467 0 0.0103698 0.149486 0.124094 0 0 0 0 0 
0 0 0 0 0 0.000291303 0.0149293 0.0411777 0 0 0.0648023 0.421876 0.451079 0 0.000291303 0.00479921 0.000754266 0 
0 0 0 0 0 0.00703207 0.39728 0.244043 0.000878766 0 0.0110579 0.191843 0.147866 0 0 0 0 0 
$predAgeCompEsc
0 0 6.52302e-05 2.3835e-16 0 0 0.24957 0.327185 0.000732923 0 0.0094803 0.196662 0.216303 7.74638e-15 0 6.31573e-16 6.26899e-16 0 
0 0 1.14193e-15 9.72903e-16 0 0.000846237 0.257321 0.684632 0.00264801 0 2.60783e-15 0.0223061 0.0322468 9.72903e-16 0 1.38024e-15 1.14193e-15 0 
0 0 1.04978e-14 2.53061e-16 0 0.0169983 0.412532 0.268797 0.00225649 0 0.0104554 0.156086 0.132738 0.000135965 0 9.12884e-16 5.94213e-16 0 
0 0 4.58655e-16 3.0376e-16 0 0.000284855 0.0138861 0.0432702 4.5564e-16 0 0.0644999 0.430433 0.437215 4.0866e-05 0.000284855 0.00879418 0.00129101 0 
0 0 4.66268e-16 3.79391e-05 0 0.00675603 0.35031 0.195862 0.000731853 0 0.0115012 0.264806 0.16959 3.02197e-16 0 0.000404756 4.66268e-16 0 
$SSageCompCatch
 1 1 1
$obsAgeCompCatch
0 0 0.000114552 0 0 0 0.186397 0.42985 0.00279219 0 0.000365802 0.141993 0.237799 0.0002345 0 0.000355235 9.77e-05 0 
0 0 0 0 0 0 0.084758 0.194513 0.00118067 0 0.00116102 0.276437 0.431969 0.000155486 0 0.00822412 0.00160185 0 
0 0 0 0.000131864 0 0 0.234298 0.218197 0.00151739 0 0.000920738 0.285356 0.258772 0 0 0.000806943 0 0 
$predAgeCompCatch
0 0 3.64114e-05 8.36811e-08 0 0.000197478 0.236747 0.414655 0.00299338 0 0.000318632 0.130283 0.21436 0.000120721 1.8439e-07 0.000225695 6.20619e-05 0 
0 0 1.20623e-05 9.06881e-06 0 5.56274e-05 0.0972341 0.182056 0.00107835 0 0.00129538 0.26485 0.447896 9.09659e-05 5.35499e-06 0.00434075 0.001076 0 
0 0 2.35282e-07 8.54037e-05 0 0.000209796 0.278347 0.270401 0.0016984 0 0.000364148 0.211858 0.23665 3.40855e-06 4.01538e-08 0.000368465 1.39786e-05 0 
$genSS
 1706 1325 928
$obsGenComp     #GeneticFracData
0.457994 0.124615 0.383776 0.0326863 0.000929646 
0.148946 0.0245559 0.103323 0.623693 0.0994821 
0.00299075 0.000929002 0.00788375 0.00662041 0.981576 
$predGenComp     #catchGenComp_pred
0.465043 0.123252 0.376027 0.0348208 0.000856579 
0.15067 0.025455 0.10463 0.624959 0.0942864 
0.00292792 0.000801775 0.0075415 0.00782419 0.980905 
#PARAMETERS_OF_INTEREST
$catchByGroup
0 0 0 
0 0 0 
300.811 56.4767 0.612011 
1.57491e-09 3.10946e-10 3.39992e-12 
0 0 0 
0 0 0 
743381 130706 1400.43 
1.50882e+06 283279 3069.76 
4842.83 956.154 10.4547 
0 0 0 
1306.48 175.534 1.80167 
585787 102997 1103.54 
997488 187277 2029.43 
5.11846e-08 1.01057e-08 1.10498e-10 
0 0 0 
1.88123e-09 3.3077e-10 3.54399e-12 
2.89096e-09 5.42773e-10 5.88176e-12 
0 0 0 
0 0 0 
0 0 0 
1.26586e-09 1.49974e-10 2.62762e-12 
1.39216e-09 1.72548e-10 3.0378e-12 
0 0 0 
36.8309 3.25674 0.0554208 
202211 22599.8 393.551 
758932 89915.3 1575.36 
3789.12 469.633 8.26814 
0 0 0 
1.13501e-10 1.00362e-11 1.70789e-13 
17528.8 1959.09 34.1153 
35746.4 4235.1 74.2012 
1.39216e-09 1.72548e-10 3.0378e-12 
0 0 0 
1.08463e-09 1.21223e-10 2.11096e-12 
1.26586e-09 1.49974e-10 2.62762e-12 
0 0 0 
0 0 0 
0 0 0 
4.44719e-08 7.274e-09 2.92648e-10 
1.80384e-09 3.14469e-10 1.27637e-11 
0 0 0 
1592.13 168.135 6.4128 
1.00545e+06 151205 6015.89 
1.13871e+06 186252 7493.3 
16084.4 2804.04 113.811 
0 0 0 
979.296 103.418 3.94443 
380424 57210.3 2276.18 
562321 91975.5 3700.36 
969.167 168.958 6.85771 
0 0 0 
2.22494e-09 3.34599e-10 1.33124e-11 
2.51728e-09 4.11736e-10 1.6565e-11 
0 0 0 
0 0 0 
0 0 0 
1.82154e-10 1.78981e-09 1.29178e-11 
2.09345e-10 1.90994e-09 1.49294e-11 
0 0 0 
1.52332 25.0725 0.104447 
2940.71 31874.4 207.08 
17184.6 168853 1218.69 
3.14017e-10 2.86491e-09 2.23941e-11 
0 0 0 
344.928 5677.19 23.6501 
91154.5 988026 6418.95 
173639 1.70615e+06 12314 
28.164 256.952 2.00851 
1.52332 25.0725 0.104447 
1862.38 20186.4 131.146 
512.722 5037.91 36.3608 
0 0 0 
0 0 0 
0 0 0 
4.76343e-12 2.95432e-10 1.64262e-09 
0.691327 42.4609 222.15 
0 0 0 
0.972533 63.9874 539.142 
1893.17 118872 716011 
2000.94 124100 690003 
13.3358 819.079 4285.31 
0 0 0 
1.6556 108.93 917.815 
1431.09 89858.1 541248 
1732.55 107454 597450 
5.50663e-12 3.38214e-10 1.76949e-09 
0 0 0 
2.18742 137.348 827.296 
4.76343e-12 2.95432e-10 1.64262e-09 
0 0 0 
$escByGroup
 5e-101 5e-101 147.181 5.37798e-10 5e-101 5e-101 563115 738241 1653.72 5e-101 21390.8 443737 488053 1.74784e-08 5e-101 1.42504e-09 1.4145e-09 5e-101 5e-101 5e-101 1.0086e-09 8.5931e-10 5e-101 747.433 227277 604696 2338.83 5e-101 2.30335e-09 19701.7 28481.8 8.5931e-10 5e-101 1.21909e-09 1.0086e-09 5e-101 5e-101 5e-101 1.22785e-08 2.95988e-10 5e-101 19881.6 482509 314392 2639.25 5e-101 12228.9 182563 155254 159.028 5e-101 1.06773e-09 6.95008e-10 5e-101 5e-101 5e-101 4.42172e-10 2.92843e-10 5e-101 274.618 13387 41715.1 4.39265e-10 5e-101 62181.9 414964 421502 39.3974 274.618 8478.14 1244.61 5e-101 5e-101 5e-101 4.84243e-10 39.4017 5e-101 7016.48 363815 203412 760.067 5e-101 11944.6 275015 176128 3.13847e-10 5e-101 420.36 4.84243e-10 5e-101
$catchByGroup
0 0 300.811 1.57491e-09 0 0 743381 1.50882e+06 4842.83 0 1306.48 585787 997488 5.11846e-08 0 1.88123e-09 2.89096e-09 0 0 0 1.26586e-09 1.39216e-09 0 36.8309 202211 758932 3789.12 0 1.13501e-10 17528.8 35746.4 1.39216e-09 0 1.08463e-09 1.26586e-09 0 0 0 4.44719e-08 1.80384e-09 0 1592.13 1.00545e+06 1.13871e+06 16084.4 0 979.296 380424 562321 969.167 0 2.22494e-09 2.51728e-09 0 0 0 1.82154e-10 2.09345e-10 0 1.52332 2940.71 17184.6 3.14017e-10 0 344.928 91154.5 173639 28.164 1.52332 1862.38 512.722 0 0 0 4.76343e-12 0.691327 0 0.972533 1893.17 2000.94 13.3358 0 1.6556 1431.09 1732.55 5.50663e-12 0 2.18742 4.76343e-12 0 
0 0 56.4767 3.10946e-10 0 0 130706 283279 956.154 0 175.534 102997 187277 1.01057e-08 0 3.3077e-10 5.42773e-10 0 0 0 1.49974e-10 1.72548e-10 0 3.25674 22599.8 89915.3 469.633 0 1.00362e-11 1959.09 4235.1 1.72548e-10 0 1.21223e-10 1.49974e-10 0 0 0 7.274e-09 3.14469e-10 0 168.135 151205 186252 2804.04 0 103.418 57210.3 91975.5 168.958 0 3.34599e-10 4.11736e-10 0 0 0 1.78981e-09 1.90994e-09 0 25.0725 31874.4 168853 2.86491e-09 0 5677.19 988026 1.70615e+06 256.952 25.0725 20186.4 5037.91 0 0 0 2.95432e-10 42.4609 0 63.9874 118872 124100 819.079 0 108.93 89858.1 107454 3.38214e-10 0 137.348 2.95432e-10 0 
0 0 0.612011 3.39992e-12 0 0 1400.43 3069.76 10.4547 0 1.80167 1103.54 2029.43 1.10498e-10 0 3.54399e-12 5.88176e-12 0 0 0 2.62762e-12 3.0378e-12 0 0.0554208 393.551 1575.36 8.26814 0 1.70789e-13 34.1153 74.2012 3.0378e-12 0 2.11096e-12 2.62762e-12 0 0 0 2.92648e-10 1.27637e-11 0 6.4128 6015.89 7493.3 113.811 0 3.94443 2276.18 3700.36 6.85771 0 1.33124e-11 1.6565e-11 0 0 0 1.29178e-11 1.49294e-11 0 0.104447 207.08 1218.69 2.23941e-11 0 23.6501 6418.95 12314 2.00851 0.104447 131.146 36.3608 0 0 0 1.64262e-09 222.15 0 539.142 716011 690003 4285.31 0 917.815 541248 597450 1.76949e-09 0 827.296 1.64262e-09 0 
$Fmort
 1.42183 0.868035 0.560059
#ESTIMATED_PARAMETERS
$availability
1.56171 1.2718 2.02851 0.134589 0.00338911 
0.335068 0.180236 0.33914 3.77879 0.366765 
0.00531 0.00474408 0.019973 0.0233723 4.9466 
$availabilityVector
 1.56171 0.335068 0.00531 1.2718 0.180236 0.00474408 2.02851 0.33914 0.019973 0.134589 3.77879 0.0233723 0.00338911 0.366765 4.9466
$selectivity
 0.0264857 0.327495 0.407693 0.471374 3.76695
$RunSize
 0 0 505.081 2.42706e-09 0 0 1.4386e+06 2.53341e+06 7463.16 0 22874.6 1.13362e+06 1.67485e+06 7.88793e-08 0 3.64058e-09 4.85411e-09 0 0 0 2.42706e-09 2.42706e-09 0 787.576 452481 1.45512e+06 6605.85 0 2.42706e-09 39223.7 68537.5 2.42706e-09 0 2.42706e-09 2.42706e-09 0 0 0 6.4317e-08 2.42706e-09 0 21648.3 1.64518e+06 1.64685e+06 21641.5 0 13315.6 622474 813250 1304.01 0 3.64058e-09 3.64058e-09 0 0 0 2.42706e-09 2.42706e-09 0 301.318 48409.3 228972 3.64058e-09 0 68227.7 1.50056e+06 2.3136e+06 326.522 301.318 30658 6831.61 0 0 0 2.42706e-09 304.704 0 7620.58 1.20059e+06 1.01952e+06 5877.79 0 12973 907552 882765 2.42706e-09 0 1387.19 2.42706e-09 0
