$ndistricts
3
$ngroups
90
$nstocks
5
$nagecomps
18
$AgeCompLabels
 0.1 0.2 0.3 0.4 0.5 1.1 1.2 1.3 1.4 1.5 2.1 2.2 2.3 2.4 3.1 3.2 3.3 3.4
$navailpar
15
$nselectpar
5
$GENdata
 -1 -1 -1
$maxGradient
3.64919e-06
#LIKELIHOOD_VALUES_AND_PENALTIES
$totalNLL
832.988
$NLLcatch
0.677374
$NLLescape
-6.87167
$NLLagecompCatch
0
$NLLagecompEsc
839.18
$NLLgenetics
0
$NLLselOne
2.60321e-18
$NLLavailOne
0.00216271
$NLLextra
2.6e-198
$sigmaCat
0.5
$sigmaEsc
0.1
#OBSERVED_AND_PREDICTED_VALUES
$predEsc
 5.91185e+06 396794 1.0735e+06 1.2839e+06 685700
$obsEsc
 6.06588e+06 393236 1.06181e+06 1.27355e+06 686894
$predCatch
 4.68584e+06 5.35667e+06 2.12865e+06
$obsCatch
 4.68584e+06 5.35667e+06 2.12865e+06
$RunSize
 892.855 2.40391e-09 6.00978e-09 2.40391e-09 0 3.60587e-09 8.65908e+06 360950 3.60587e-09 0 2728.01 479773 137637 2.40391e-09 0 3.60587e-09 0 0 2.16352e-08 498.207 11367 3.60587e-09 0 3.24528e-08 3.60587e-08 690229 8.4137e-09 0 0 1.80294e-08 4.08665e-08 6.00978e-09 0 6.00978e-09 0 0 2.40391e-09 2.40391e-09 2.40391e-09 2.40391e-09 0 232.08 170175 895617 17864.9 0 7363.95 213940 897450 1426.44 0 2.40391e-09 0 0 2.40391e-09 2.40391e-09 2.40391e-09 2.40391e-09 0 470.348 1.23661e+06 1.86465e+06 3128.65 0 7053.5 1.63399e+06 1.42135e+06 2.40391e-09 0 6094.1 0 0 261.099 1404.15 11563.5 1113.67 0 71.5459 706046 655446 3397.78 0 3485.72 523130 894980 1273.3 0 164.652 0 0
$SSageCompEsc
 2101 0 1590 3411 2883
$obsAgeCompEsc
0.000138951 0 0 0 0 0 0.905737 0.0282806 0 0 0.000458995 0.0532215 0.0121625 0 0 0 0 0 
0 0 0 0 0 0 0.601116 0.250188 0 0 0 0.102692 0.0460043 0 0 0 0 0 
0 0 0 0 0 0.000193986 0.0883427 0.386537 0.00689522 0 0.00647937 0.112836 0.398094 0.000622798 0 0 0 0 
0 0 0 0 0 0 0.247385 0.27251 0.000154304 0 0.00482559 0.281178 0.193344 0 0 0.000602129 0 0 
0 0.000688538 0.00346092 0 0 8.78641e-05 0.356808 0.198392 0.000263123 0 0.00454569 0.199482 0.236272 0 0 0 0 0 
$predAgeCompEsc
0.000140505 2.50691e-16 5.5915e-16 1.80569e-16 0 5.6744e-16 0.903009 0.0335827 2.70854e-16 0 0.000429295 0.050033 0.0128057 1.80569e-16 0 3.76037e-16 0 0 
5.08271e-14 0.000789564 0.0161889 4.21647e-15 0 7.62407e-14 5.71463e-14 0.983022 9.83844e-15 0 0 2.85731e-14 5.8202e-14 7.02746e-15 0 9.52438e-15 0 0 
2.04947e-15 1.22729e-15 1.06047e-15 8.00227e-16 0 0.000197861 0.0868804 0.395094 0.00594697 0 0.00627818 0.109224 0.395903 0.000474839 0 1.22729e-15 0 0 
1.55008e-15 4.74525e-16 3.12508e-16 9.12761e-17 0 0.000303287 0.244103 0.242404 0.000118794 0 0.00454821 0.322545 0.184775 9.12761e-17 0 0.00120296 0 0 
0.000324186 0.000609286 0.0034104 0.000104194 0 8.88329e-05 0.306366 0.19331 0.000317895 0 0.00432795 0.226995 0.263955 0.00011913 0 7.14456e-05 0 0 
$SSageCompCatch
 4700 3665 3148
$obsAgeCompCatch
0 5.1072e-05 0.00121198 0 0 0 0.60318 0.223275 0.0012017 0 0 0.0542597 0.116775 4.5905e-05 0 0 0 0 
0 0 0 0 0 0.000337437 0.260194 0.257555 0.00086436 0 0 0.263324 0.216497 0 0 0.00122869 0 0 
0.00035177 0.000333985 0.0038326 0.000537956 0 0 0.185069 0.250283 0.00144647 0 0 0.210744 0.346351 0.000620748 0 0.00042829 0 0 
$predAgeCompCatch
1.15961e-05 3.91817e-05 0.000970553 5.45677e-06 0 4.30255e-06 0.626026 0.19121 0.00210196 0 0.000161864 0.065677 0.113572 0.000169552 0 5.00901e-05 0 0 
2.23687e-06 3.12378e-05 0.000366624 3.40796e-05 0 1.46503e-05 0.252235 0.293978 0.000912752 0 0.000239286 0.220563 0.230798 6.50958e-05 0 0.000760613 0 0 
1.63003e-05 0.000385383 0.00359693 0.000391845 0 5.93252e-06 0.249976 0.253526 0.00136143 0 0.000237831 0.17795 0.311933 0.000453395 0 0.000167346 0 0 
$genSS
 -1 -1 -1
$obsGenComp     #GeneticFracData
0 0 0 0 0 
0 0 0 0 0 
0 0 0 0 0 
$predGenComp     #catchGenComp_pred
0 0 0 0 0 
0 0 0 0 0 
0 0 0 0 0 
#PARAMETERS_OF_INTEREST
$catchByGroup
53.7338 7.36675 1.11203 
7.8031e-10 1.22686e-10 1.88679e-11 
2.27687e-09 3.70115e-10 5.71879e-11 
1.11469e-09 1.91837e-10 2.98858e-11 
0 0 0 
2.17009e-10 2.97512e-11 4.49102e-12 
2.81074e+06 441925 67963.6 
136750 22229.2 3434.72 
1.67204e-09 2.87755e-10 4.48288e-11 
0 0 0 
164.177 22.5082 3.39767 
155734 24485.7 3765.66 
52145.3 8476.43 1309.73 
1.11469e-09 1.91837e-10 2.98858e-11 
0 0 0 
1.17047e-09 1.84029e-10 2.83019e-11 
0 0 0 
0 0 0 
1.3163e-09 1.22641e-10 2.83779e-11 
163.206 17.5892 4.1174 
4344.39 485.104 113.889 
1.6856e-09 2.00005e-10 4.71966e-11 
0 0 0 
1.97444e-09 1.83962e-10 4.25669e-11 
1.18123e-08 1.27305e-09 2.98005e-10 
263800 29456.5 6915.55 
3.93306e-09 4.66679e-10 1.10126e-10 
0 0 0 
0 0 0 
5.90617e-09 6.36527e-10 1.49002e-10 
1.56188e-08 1.74403e-09 4.09451e-10 
2.80933e-09 3.33342e-10 7.86611e-11 
0 0 0 
1.96872e-09 2.12176e-10 4.96674e-11 
0 0 0 
0 0 0 
1.77261e-10 2.46076e-11 1.93101e-12 
9.22822e-10 1.51412e-10 1.21833e-11 
1.06825e-09 1.82468e-10 1.47753e-11 
1.28966e-09 2.35896e-10 1.93136e-11 
0 0 0 
17.1132 2.37567 0.186424 
65327.1 10718.5 862.465 
397995 67981.3 5504.76 
9584.23 1753.09 143.531 
0 0 0 
543.007 75.3808 5.9153 
82128 13475.2 1084.28 
398810 68120.5 5516.03 
765.258 139.976 11.4603 
0 0 0 
9.22822e-10 1.51412e-10 1.21833e-11 
0 0 0 
0 0 0 
1.47323e-11 3.82483e-10 1.6553e-11 
9.16434e-11 1.60027e-09 1.02762e-10 
1.10743e-10 1.76783e-09 1.24116e-10 
1.43856e-10 1.98178e-09 1.61085e-10 
0 0 0 
2.88251 74.8362 3.23874 
47142.8 823203 52862.4 
85900.5 1.37125e+06 96273.6 
187.226 2579.26 209.65 
0 0 0 
43.2271 1122.27 48.5693 
62291.9 1.08773e+06 69849.4 
65478.8 1.04526e+06 73385.8 
1.43856e-10 1.98178e-09 1.61085e-10 
0 0 0 
232.323 4056.79 260.509 
0 0 0 
0 0 0 
0.603461 4.61544 33.5857 
20.3937 149.741 816.229 
203.47 1478.78 7542.71 
25.5695 182.553 834.1 
0 0 0 
0.165359 1.26471 9.2031 
10254.5 75294 410422 
11533.1 83820.8 427539 
78.0121 556.965 2544.82 
0 0 0 
8.05632 61.617 448.376 
7597.87 55787.5 304094 
15748 114453 583784 
29.2347 208.72 953.66 
0 0 0 
2.39139 17.5588 95.712 
0 0 0 
0 0 0 
$escByGroup
 830.642 1.48205e-09 3.30561e-09 1.0675e-09 5e-101 3.35462e-09 5.33845e+06 198536 1.60125e-09 5e-101 2537.93 295787 75705.6 1.0675e-09 5e-101 2.22307e-09 5e-101 5e-101 2.01679e-08 313.295 6423.66 1.67307e-09 5e-101 3.02519e-08 2.26753e-08 390057 3.90384e-09 5e-101 5e-101 1.13377e-08 2.30942e-08 2.78846e-09 5e-101 3.77922e-09 5e-101 5e-101 2.20011e-09 1.3175e-09 1.13842e-09 8.59047e-10 5e-101 212.404 93266.5 424135 6384.09 5e-101 6739.65 117253 425004 509.742 5e-101 1.3175e-09 5e-101 5e-101 1.99015e-09 6.09242e-10 4.01228e-10 1.17189e-10 5e-101 389.39 313404 311222 152.52 5e-101 5839.44 414115 237233 1.17189e-10 5e-101 1544.47 5e-101 5e-101 222.294 417.788 2338.51 71.4461 5e-101 60.9127 210075 132553 217.98 5e-101 2967.67 155651 180994 81.6872 5e-101 48.9903 5e-101 5e-101
$catchByGroup
53.7338 7.8031e-10 2.27687e-09 1.11469e-09 0 2.17009e-10 2.81074e+06 136750 1.67204e-09 0 164.177 155734 52145.3 1.11469e-09 0 1.17047e-09 0 0 1.3163e-09 163.206 4344.39 1.6856e-09 0 1.97444e-09 1.18123e-08 263800 3.93306e-09 0 0 5.90617e-09 1.56188e-08 2.80933e-09 0 1.96872e-09 0 0 1.77261e-10 9.22822e-10 1.06825e-09 1.28966e-09 0 17.1132 65327.1 397995 9584.23 0 543.007 82128 398810 765.258 0 9.22822e-10 0 0 1.47323e-11 9.16434e-11 1.10743e-10 1.43856e-10 0 2.88251 47142.8 85900.5 187.226 0 43.2271 62291.9 65478.8 1.43856e-10 0 232.323 0 0 0.603461 20.3937 203.47 25.5695 0 0.165359 10254.5 11533.1 78.0121 0 8.05632 7597.87 15748 29.2347 0 2.39139 0 0 
7.36675 1.22686e-10 3.70115e-10 1.91837e-10 0 2.97512e-11 441925 22229.2 2.87755e-10 0 22.5082 24485.7 8476.43 1.91837e-10 0 1.84029e-10 0 0 1.22641e-10 17.5892 485.104 2.00005e-10 0 1.83962e-10 1.27305e-09 29456.5 4.66679e-10 0 0 6.36527e-10 1.74403e-09 3.33342e-10 0 2.12176e-10 0 0 2.46076e-11 1.51412e-10 1.82468e-10 2.35896e-10 0 2.37567 10718.5 67981.3 1753.09 0 75.3808 13475.2 68120.5 139.976 0 1.51412e-10 0 0 3.82483e-10 1.60027e-09 1.76783e-09 1.98178e-09 0 74.8362 823203 1.37125e+06 2579.26 0 1122.27 1.08773e+06 1.04526e+06 1.98178e-09 0 4056.79 0 0 4.61544 149.741 1478.78 182.553 0 1.26471 75294 83820.8 556.965 0 61.617 55787.5 114453 208.72 0 17.5588 0 0 
1.11203 1.88679e-11 5.71879e-11 2.98858e-11 0 4.49102e-12 67963.6 3434.72 4.48288e-11 0 3.39767 3765.66 1309.73 2.98858e-11 0 2.83019e-11 0 0 2.83779e-11 4.1174 113.889 4.71966e-11 0 4.25669e-11 2.98005e-10 6915.55 1.10126e-10 0 0 1.49002e-10 4.09451e-10 7.86611e-11 0 4.96674e-11 0 0 1.93101e-12 1.21833e-11 1.47753e-11 1.93136e-11 0 0.186424 862.465 5504.76 143.531 0 5.9153 1084.28 5516.03 11.4603 0 1.21833e-11 0 0 1.6553e-11 1.02762e-10 1.24116e-10 1.61085e-10 0 3.23874 52862.4 96273.6 209.65 0 48.5693 69849.4 73385.8 1.61085e-10 0 260.509 0 0 33.5857 816.229 7542.71 834.1 0 9.2031 410422 427539 2544.82 0 448.376 304094 583784 953.66 0 95.712 0 0 
$Fmort
 0.327359 0.335913 0.230749
#ESTIMATED_PARAMETERS
$availability
1.47976 1.49647 1.82616 0.146556 0.0551649 
0.19249 0.132076 0.239055 4.02619 0.414372 
0.0421509 0.0443921 0.0271795 0.233699 4.65701 
$availabilityVector
 1.47976 0.19249 0.0421509 1.49647 0.132076 0.0443921 1.82616 0.239055 0.0271795 0.146556 4.02619 0.233699 0.0551649 0.414372 4.65701
$selectivity
 0.128132 0.810154 0.983042 1.28621 1.79246
$RunSize
 892.855 2.40391e-09 6.00978e-09 2.40391e-09 0 3.60587e-09 8.65908e+06 360950 3.60587e-09 0 2728.01 479773 137637 2.40391e-09 0 3.60587e-09 0 0 2.16352e-08 498.207 11367 3.60587e-09 0 3.24528e-08 3.60587e-08 690229 8.4137e-09 0 0 1.80294e-08 4.08665e-08 6.00978e-09 0 6.00978e-09 0 0 2.40391e-09 2.40391e-09 2.40391e-09 2.40391e-09 0 232.08 170175 895617 17864.9 0 7363.95 213940 897450 1426.44 0 2.40391e-09 0 0 2.40391e-09 2.40391e-09 2.40391e-09 2.40391e-09 0 470.348 1.23661e+06 1.86465e+06 3128.65 0 7053.5 1.63399e+06 1.42135e+06 2.40391e-09 0 6094.1 0 0 261.099 1404.15 11563.5 1113.67 0 71.5459 706046 655446 3397.78 0 3485.72 523130 894980 1273.3 0 164.652 0 0
