$ndistricts
3
$ngroups
90
$nstocks
5
$nagecomps
18
$AgeCompLabels
 0.1 0.2 0.3 0.4 0.5 1.1 1.2 1.3 1.4 1.5 2.1 2.2 2.3 2.4 3.1 3.2 3.3 3.4
$navailpar
15
$nselectpar
5
$GENdata
 -1 -1 -1
$maxGradient
3.80215e-06
#LIKELIHOOD_VALUES_AND_PENALTIES
$totalNLL
781.672
$NLLcatch
0.677374
$NLLescape
-6.83475
$NLLagecompCatch
0
$NLLagecompEsc
787.827
$NLLgenetics
0
$NLLselOne
3.61232e-15
$NLLavailOne
0.00216271
$NLLextra
4.1e-198
$sigmaCat
0.5
$sigmaEsc
0.1
#OBSERVED_AND_PREDICTED_VALUES
$predEsc
 3.87036e+06 173096 995235 811140 694827
$obsEsc
 3.75518e+06 174336 1.01644e+06 804246 704436
$predCatch
 5.39754e+06 2.10117e+06 445458
$obsCatch
 5.39754e+06 2.10117e+06 445458
$RunSize
 0 0 3.19718e-09 0 0 0 95538.4 177978 2773.64 0 1768.72 2.04792e+06 5.55732e+06 3.99647e-09 0 10345.2 6.39436e-09 0 0 0 1.59859e-09 0 0 0 96421.1 204068 1.59859e-09 0 0 5368.75 38056.4 1.59859e-09 0 1.59859e-09 1149.89 0 0 0 1.59859e-09 0 0 0 113300 846524 2.39788e-09 0 4989.61 287599 1.25935e+06 1.59859e-09 0 2191.94 2.39788e-09 0 0 0 1.59859e-09 0 0 0 3106.95 91048.7 1.59859e-09 0 356.766 336473 2.05696e+06 113.685 0 38514.6 17812.3 0 0 0 607.859 0 0 0 67242.3 420866 835.189 0 651.884 236957 460708 1.59859e-09 0 1233.17 2673.4 0
$SSageCompEsc
 2861 998 1313 1292 1503
$obsAgeCompEsc
0 0 0 0 0 0 0.0159184 0.0269422 0 0 0.000470798 0.313666 0.641046 0 0 0.00195677 0 0 
0 0 0 0 0 0 0.323651 0.55351 0 0 0 0.0179524 0.10181 0 0 0 0.00307692 0 
0 0 0 0 0 0 0.0578215 0.339466 0 0 0.00490777 0.142176 0.454444 0 0 0.00118545 0 0 
0 0 0 0 0 0 0.00181084 0.0326214 0 0 0.000443586 0.182893 0.76786 0 0 0.0113274 0.00304353 0 
0 0 0.000625569 0 0 0 0.0652028 0.378439 0.00127465 0 0.00092531 0.230987 0.322545 0 0 0 0 0 
$predAgeCompEsc
0 0 3.78164e-16 0 0 0 0.0142284 0.0210512 0.00040707 0 0.000456992 0.304993 0.657322 5.86538e-16 0 0.00154069 7.56327e-16 0 
0 0 4.31829e-15 0 0 0 0.324757 0.551252 5.30871e-15 0 0 0.0180825 0.102802 5.30871e-15 0 5.38423e-15 0.00310621 0 
0 0 6.00623e-16 0 0 0 0.0572744 0.318056 1.18979e-15 0 0.00501349 0.145384 0.473164 7.93194e-16 0 0.00110805 9.00935e-16 0 
0 0 5.87045e-16 0 0 0 0.00167759 0.0334355 8.43144e-16 0 0.000439832 0.181677 0.755373 5.99609e-05 0 0.0207958 0.00654117 0 
0 0 0.000485052 0 0 0 0.064326 0.335838 0.000789964 0 0.000938195 0.22668 0.36763 1.51203e-15 0 0.00117969 0.00213328 0 
$SSageCompCatch
 2653 3232 2290
$obsAgeCompCatch
0 0 0 0 0 0 0.0201568 0.0855266 0.000693178 0 0 0.176628 0.716464 0 0 0.000234729 0.000295738 0 
0 0 0 0 0 0 0.00654141 0.0810911 0 0 0 0.127577 0.758874 9.29307e-05 0 0.0175851 0.00823824 0 
0 0 0.0003271 0 0 0 0.0375629 0.269105 0 0 0 0.146428 0.535713 0 0 0.00524771 0.00561602 0 
$predAgeCompCatch
0 0 2.82205e-06 0 0 0 0.0236755 0.127284 0.000206322 0 5.01243e-10 0.17575 0.671475 1.02557e-06 0 0.00127242 0.000333588 0 
0 0 2.72298e-05 0 0 0 0.00763663 0.0747497 7.21791e-05 0 1.83058e-10 0.12526 0.777444 2.75352e-05 0 0.00941335 0.00536978 0 
0 0 0.000445351 0 0 0 0.0391353 0.319887 0.000491953 0 3.1554e-10 0.155751 0.479548 3.71875e-06 0 0.00198448 0.00275333 0 
$genSS
 -1 -1 -1
$obsGenComp     #GeneticFracData
0 0 0 0 0 
0 0 0 0 0 
0 0 0 0 0 
$predGenComp     #catchGenComp_pred
0 0 0 0 0 
0 0 0 0 0 
0 0 0 0 0 
#PARAMETERS_OF_INTEREST
$catchByGroup
0 0 0 
0 0 0 
1.57864e-09 1.43498e-10 1.14121e-11 
0 0 0 
0 0 0 
0 0 0 
37106.3 3116.66 246.418 
87878.3 7988.09 635.276 
1098.08 92.7167 7.33344 
0 0 0 
0.000599205 4.04206e-05 3.14749e-06 
795393 66807.3 5282.11 
2.74399e+06 249427 19836.4 
1.5822e-09 1.33593e-10 1.05666e-11 
0 0 0 
4017.97 337.481 26.6829 
3.15728e-09 2.86995e-10 2.28241e-11 
0 0 0 
0 0 0 
0 0 0 
7.95517e-10 4.95839e-11 6.00886e-12 
0 0 0 
0 0 0 
0 0 0 
37775.6 2169.45 261.901 
101552 6329.63 767.061 
6.38361e-10 3.6861e-11 4.45105e-12 
0 0 0 
0 0 0 
2103.35 120.795 14.5827 
18938.3 1180.41 143.048 
6.38361e-10 3.6861e-11 4.45105e-12 
0 0 0 
6.26291e-10 3.59679e-11 4.34211e-12 
572.226 35.6664 4.32225 
0 0 0 
0 0 0 
0 0 0 
9.08531e-10 8.86161e-11 3.68167e-12 
0 0 0 
0 0 0 
0 0 0 
51538.5 4571.94 188.521 
481107 46926.1 1949.61 
1.11053e-09 9.91404e-11 4.09001e-12 
0 0 0 
0.00208607 0.000141611 5.72541e-06 
130824 11605.3 478.537 
715730 69810.7 2900.38 
7.40355e-10 6.60936e-11 2.72668e-12 
0 0 0 
997.077 88.4501 3.64719 
1.3628e-09 1.32924e-10 5.52251e-12 
0 0 0 
0 0 0 
0 0 0 
1.04226e-10 9.86808e-10 3.13808e-11 
0 0 0 
0 0 0 
0 0 0 
147.666 1554.35 44.1708 
5936.23 56204.2 1787.31 
7.78388e-11 8.13549e-10 2.32936e-11 
0 0 0 
1.19704e-05 0.000170534 3.51997e-06 
15991.8 168332 4783.56 
134111 1.26976e+06 40378.8 
5.53558 57.8563 1.65655 
0 0 0 
1830.51 19268.2 547.553 
1161.34 10995.5 349.661 
0 0 0 
0 0 0 
0 0 0 
15.2321 57.2146 198.385 
0 0 0 
0 0 0 
0 0 0 
1221.26 4633.47 16692.1 
10546.3 39614 137357 
15.5462 58.9441 211.811 
0 0 0 
8.23298e-06 3.20697e-05 0.000128167 
4303.61 16328 58821.7 
11544.7 43364.1 150360 
2.97562e-11 1.12822e-10 4.05415e-10 
0 0 0 
22.3969 84.9745 306.121 
66.9915 251.633 872.508 
0 0 0 
$escByGroup
 5e-101 5e-101 1.46363e-09 5e-101 5e-101 5e-101 55069 81475.9 1575.51 5e-101 1768.72 1.18043e+06 2.54407e+06 2.27011e-09 5e-101 5963.04 2.92726e-09 5e-101 5e-101 5e-101 7.47481e-10 5e-101 5e-101 5e-101 56214.2 95419.7 9.18917e-10 5e-101 5e-101 3130.02 17794.7 9.18917e-10 5e-101 9.31989e-10 537.673 5e-101 5e-101 5e-101 5.97761e-10 5e-101 5e-101 5e-101 57001.5 316541 1.18412e-09 5e-101 4989.61 144691 470910 7.89415e-10 5e-101 1102.77 8.96642e-10 5e-101 5e-101 5e-101 4.76176e-10 5e-101 5e-101 5e-101 1360.76 27120.9 6.83908e-10 5e-101 356.765 147366 612713 48.6367 5e-101 16868.3 5305.81 5e-101 5e-101 5e-101 337.027 5e-101 5e-101 5e-101 44695.4 233349 548.888 5e-101 651.883 157503 255439 1.0506e-09 5e-101 819.682 1482.26 5e-101
$catchByGroup
0 0 1.57864e-09 0 0 0 37106.3 87878.3 1098.08 0 0.000599205 795393 2.74399e+06 1.5822e-09 0 4017.97 3.15728e-09 0 0 0 7.95517e-10 0 0 0 37775.6 101552 6.38361e-10 0 0 2103.35 18938.3 6.38361e-10 0 6.26291e-10 572.226 0 0 0 9.08531e-10 0 0 0 51538.5 481107 1.11053e-09 0 0.00208607 130824 715730 7.40355e-10 0 997.077 1.3628e-09 0 0 0 1.04226e-10 0 0 0 147.666 5936.23 7.78388e-11 0 1.19704e-05 15991.8 134111 5.53558 0 1830.51 1161.34 0 0 0 15.2321 0 0 0 1221.26 10546.3 15.5462 0 8.23298e-06 4303.61 11544.7 2.97562e-11 0 22.3969 66.9915 0 
0 0 1.43498e-10 0 0 0 3116.66 7988.09 92.7167 0 4.04206e-05 66807.3 249427 1.33593e-10 0 337.481 2.86995e-10 0 0 0 4.95839e-11 0 0 0 2169.45 6329.63 3.6861e-11 0 0 120.795 1180.41 3.6861e-11 0 3.59679e-11 35.6664 0 0 0 8.86161e-11 0 0 0 4571.94 46926.1 9.91404e-11 0 0.000141611 11605.3 69810.7 6.60936e-11 0 88.4501 1.32924e-10 0 0 0 9.86808e-10 0 0 0 1554.35 56204.2 8.13549e-10 0 0.000170534 168332 1.26976e+06 57.8563 0 19268.2 10995.5 0 0 0 57.2146 0 0 0 4633.47 39614 58.9441 0 3.20697e-05 16328 43364.1 1.12822e-10 0 84.9745 251.633 0 
0 0 1.14121e-11 0 0 0 246.418 635.276 7.33344 0 3.14749e-06 5282.11 19836.4 1.05666e-11 0 26.6829 2.28241e-11 0 0 0 6.00886e-12 0 0 0 261.901 767.061 4.45105e-12 0 0 14.5827 143.048 4.45105e-12 0 4.34211e-12 4.32225 0 0 0 3.68167e-12 0 0 0 188.521 1949.61 4.09001e-12 0 5.72541e-06 478.537 2900.38 2.72668e-12 0 3.64719 5.52251e-12 0 0 0 3.13808e-11 0 0 0 44.1708 1787.31 2.32936e-11 0 3.51997e-06 4783.56 40378.8 1.65655 0 547.553 349.661 0 0 0 198.385 0 0 0 16692.1 137357 211.811 0 0.000128167 58821.7 150360 4.05415e-10 0 306.121 872.508 0 
$Fmort
 0.280578 0.1455 0.0517402
#ESTIMATED_PARAMETERS
$availability
1.47976 1.49647 1.82616 0.146556 0.0551649 
0.19249 0.132076 0.239055 4.02619 0.414372 
0.0421509 0.0443921 0.0271795 0.233699 4.65701 
$availabilityVector
 1.47976 0.19249 0.0421509 1.49647 0.132076 0.0443921 1.82616 0.239055 0.0271795 0.146556 4.02619 0.233699 0.0551649 0.414372 4.65701
$selectivity
 8.15963e-07 1.18419 1.6396 1.21394 0.962264
$RunSize
 0 0 3.19718e-09 0 0 0 95538.4 177978 2773.64 0 1768.72 2.04792e+06 5.55732e+06 3.99647e-09 0 10345.2 6.39436e-09 0 0 0 1.59859e-09 0 0 0 96421.1 204068 1.59859e-09 0 0 5368.75 38056.4 1.59859e-09 0 1.59859e-09 1149.89 0 0 0 1.59859e-09 0 0 0 113300 846524 2.39788e-09 0 4989.61 287599 1.25935e+06 1.59859e-09 0 2191.94 2.39788e-09 0 0 0 1.59859e-09 0 0 0 3106.95 91048.7 1.59859e-09 0 356.766 336473 2.05696e+06 113.685 0 38514.6 17812.3 0 0 0 607.859 0 0 0 67242.3 420866 835.189 0 651.884 236957 460708 1.59859e-09 0 1233.17 2673.4 0
