$ndistricts
3
$ngroups
90
$nstocks
5
$nagecomps
18
$AgeCompLabels
 0.1 0.2 0.3 0.4 0.5 1.1 1.2 1.3 1.4 1.5 2.1 2.2 2.3 2.4 3.1 3.2 3.3 3.4
$navailpar
15
$nselectpar
5
$GENdata
 -1 -1 -1
$maxGradient
5.02588e-06
#LIKELIHOOD_VALUES_AND_PENALTIES
$totalNLL
850.328
$NLLcatch
0.677374
$NLLescape
-6.91534
$NLLagecompCatch
0
$NLLagecompEsc
856.564
$NLLgenetics
0
$NLLselOne
2.03973e-16
$NLLavailOne
0.00216271
$NLLextra
5.1e-198
$sigmaCat
0.5
$sigmaEsc
0.1
#OBSERVED_AND_PREDICTED_VALUES
$predEsc
 1.74954e+06 209683 1.79449e+06 699140 1.32388e+06
$obsEsc
 1.75436e+06 209636 1.79622e+06 694680 1.3277e+06
$predCatch
 1.09928e+07 4.36141e+06 2.11607e+06
$obsCatch
 1.09928e+07 4.36141e+06 2.11607e+06
$RunSize
 0 0 4523.84 0 0 1039.09 1.87249e+06 623743 0 0 1971.63 3.52006e+06 352889 0 0 3385.27 2.58159e-09 0 0 0 3094.02 0 0 0 2.22017e-07 147270 0 0 0 8.93487e-06 459347 0 0 9.03556e-09 12287.4 0 0 0 4009.8 0 0 364.672 737222 4.14911e+06 0 0 0 1.82287e+06 1.43932e+06 0 0 4277.24 3.87238e-09 0 0 0 2.58159e-09 0 0 0 764475 419268 0 0 1723.64 2.57534e+06 538391 0 0 8291.32 2283.43 0 0 0 10200.5 0 0 0 595413 1.57976e+06 0 0 0 1.25266e+06 338537 0 0 1394.66 2.58159e-09 0
$SSageCompEsc
 1549 0 1433 1837 1746
$obsAgeCompEsc
0 0 0.000856314 0 0 0.000592288 0.286142 0.116087 0 0 0.00112384 0.529372 0.0651448 0 0 0.000682245 0 0 
0 0 0 0 0 0 0.601116 0.250188 0 0 0 0.102692 0.0460043 0 0 0 0 0 
0 0 0.000562132 0 0 0.000203021 0.0748745 0.555119 0 0 0 0.179863 0.188711 0 0 0.00066757 0 0 
0 0 0 0 0 0 0.186981 0.14159 0 0 0.00248115 0.515321 0.151848 0 0 0.00097974 0.000798872 0 
0 0 0 0 0 0 0.157583 0.446117 0 0 0 0.276736 0.119564 0 0 0 0 0 
$predAgeCompEsc
0 0 0.000843025 0 0 0.000593919 0.282973 0.116236 0 0 0.00112693 0.531955 0.0657613 0 0 0.000511585 4.81083e-16 0 
0 0 0.00497433 0 0 0 2.94082e-13 0.236769 0 0 0 1.18351e-11 0.738502 0 0 1.19685e-14 0.0197547 0 
0 0 0.000534597 0 0 0.000203217 0.0730782 0.553171 0 0 0 0.180695 0.191894 0 0 0.000423987 5.16277e-16 0 
0 0 8.00866e-16 0 0 0 0.159772 0.130066 0 0 0.00246537 0.538234 0.167021 0 0 0.00173285 0.000708371 0 
0 0 0.002967 0 0 0 0.14135 0.459503 0 0 0 0.29738 0.0984697 0 0 0.000331089 7.50903e-16 0 
$SSageCompCatch
 2580 2461 1048
$obsAgeCompCatch
0 0 0.00076657 0 0 0 0.175213 0.321369 0 0 0 0.361824 0.140061 0 0 0 0.00076657 0 
0 0 0 0 0 0 0.143922 0.140739 0 0 0 0.566677 0.145971 0 0 0.00231271 0.000378877 0 
0 0 0.00555505 0 0 0 0.152716 0.388732 0 0 0 0.390561 0.0614646 0 0 0.000971267 0 0 
$predAgeCompCatch
0 0 0.000715464 0 0 1.58449e-10 0.173793 0.314192 0 0 2.27952e-10 0.367664 0.142341 0 0 0.000580806 0.000714078 0 
0 0 0.0003801 0 0 2.14829e-11 0.178386 0.169076 0 0 5.47505e-10 0.532266 0.117939 0 0 0.00150906 0.000443876 0 
0 0 0.00231571 0 0 4.26408e-12 0.168273 0.37001 0 0 3.85775e-11 0.369984 0.0888382 0 0 0.000508708 6.97861e-05 0 
$genSS
 -1 -1 -1
$obsGenComp     #GeneticFracData
0 0 0 0 0 
0 0 0 0 0 
0 0 0 0 0 
$predGenComp     #catchGenComp_pred
0 0 0 0 0 
0 0 0 0 0 
0 0 0 0 0 
#PARAMETERS_OF_INTEREST
$catchByGroup
0 0 0 
0 0 0 
2794.97 227.698 26.2669 
0 0 0 
0 0 0 
0.0012154 6.52544e-05 7.35798e-06 
1.25638e+06 108483 12558.7 
385368 31394.8 3621.66 
0 0 0 
0 0 0 
0.00230616 0.000123817 1.39614e-05 
2.36184e+06 203935 23608.8 
218025 17761.9 2048.99 
0 0 0 
0 0 0 
2271.4 196.126 22.7048 
1.59498e-09 1.29939e-10 1.49895e-11 
0 0 0 
0 0 0 
0 0 0 
1924.35 107.717 18.9172 
0 0 0 
0 0 0 
0 0 0 
1.49876e-07 8.90792e-09 1.56794e-09 
91595.7 5127.14 900.423 
0 0 0 
0 0 0 
0 0 0 
6.03166e-06 3.58492e-07 6.31006e-08 
285695 15992 2808.5 
0 0 0 
0 0 0 
6.09962e-09 3.62532e-10 6.38117e-11 
7642.23 427.78 75.1263 
0 0 0 
0 0 0 
0 0 0 
2786.34 249.101 15.0282 
0 0 0 
0 0 0 
0.000526397 2.84412e-05 1.66511e-06 
550226 52665.8 3192.1 
2.88314e+06 257756 15550.3 
0 0 0 
0 0 0 
0 0 0 
1.3605e+06 130223 7892.86 
1.00016e+06 89415.2 5394.39 
0 0 0 
0 0 0 
3192.32 305.558 18.52 
2.69085e-09 2.40565e-10 1.45132e-11 
0 0 0 
0 0 0 
0 0 0 
2.34585e-10 1.70507e-09 8.20184e-11 
0 0 0 
0 0 0 
0 0 0 
79695.1 545079 27997.7 
38098.3 276915 13320.4 
0 0 0 
0 0 0 
0.000199675 0.00226407 6.76711e-05 
268474 1.83624e+06 94317.6 
48922.9 355592 17105 
0 0 0 
0 0 0 
864.356 5911.81 303.657 
207.492 1508.14 72.5457 
0 0 0 
0 0 0 
0 0 0 
359.297 1073.25 4839.97 
0 0 0 
0 0 0 
0 0 0 
24169.5 71785.7 312328 
55644.8 166216 749574 
0 0 0 
0 0 0 
0 0 0 
50849 151026 657092 
11924.5 35619.5 160631 
0 0 0 
0 0 0 
56.6131 168.146 731.577 
9.09328e-11 2.71624e-10 1.22493e-09 
0 0 0 
$escByGroup
 5e-101 5e-101 1474.91 5e-101 5e-101 1039.09 495074 203359 5e-101 5e-101 1971.62 930678 115052 5e-101 5e-101 895.041 8.41676e-10 5e-101 5e-101 5e-101 1043.03 5e-101 5e-101 5e-101 6.16642e-08 49646.5 5e-101 5e-101 5e-101 2.48163e-06 154852 5e-101 5e-101 2.50959e-09 4142.23 5e-101 5e-101 5e-101 959.329 5e-101 5e-101 364.671 131138 992658 5e-101 5e-101 5e-101 324255 344352 5e-101 5e-101 760.84 9.26453e-10 5e-101 5e-101 5e-101 5.59917e-10 5e-101 5e-101 5e-101 111703 90934.5 5e-101 5e-101 1723.64 376301 116771 5e-101 5e-101 1211.51 495.25 5e-101 5e-101 5e-101 3927.94 5e-101 5e-101 5e-101 187130 608326 5e-101 5e-101 5e-101 393695 130362 5e-101 5e-101 438.322 9.94105e-10 5e-101
$catchByGroup
0 0 2794.97 0 0 0.0012154 1.25638e+06 385368 0 0 0.00230616 2.36184e+06 218025 0 0 2271.4 1.59498e-09 0 0 0 1924.35 0 0 0 1.49876e-07 91595.7 0 0 0 6.03166e-06 285695 0 0 6.09962e-09 7642.23 0 0 0 2786.34 0 0 0.000526397 550226 2.88314e+06 0 0 0 1.3605e+06 1.00016e+06 0 0 3192.32 2.69085e-09 0 0 0 2.34585e-10 0 0 0 79695.1 38098.3 0 0 0.000199675 268474 48922.9 0 0 864.356 207.492 0 0 0 359.297 0 0 0 24169.5 55644.8 0 0 0 50849 11924.5 0 0 56.6131 9.09328e-11 0 
0 0 227.698 0 0 6.52544e-05 108483 31394.8 0 0 0.000123817 203935 17761.9 0 0 196.126 1.29939e-10 0 0 0 107.717 0 0 0 8.90792e-09 5127.14 0 0 0 3.58492e-07 15992 0 0 3.62532e-10 427.78 0 0 0 249.101 0 0 2.84412e-05 52665.8 257756 0 0 0 130223 89415.2 0 0 305.558 2.40565e-10 0 0 0 1.70507e-09 0 0 0 545079 276915 0 0 0.00226407 1.83624e+06 355592 0 0 5911.81 1508.14 0 0 0 1073.25 0 0 0 71785.7 166216 0 0 0 151026 35619.5 0 0 168.146 2.71624e-10 0 
0 0 26.2669 0 0 7.35798e-06 12558.7 3621.66 0 0 1.39614e-05 23608.8 2048.99 0 0 22.7048 1.49895e-11 0 0 0 18.9172 0 0 0 1.56794e-09 900.423 0 0 0 6.31006e-08 2808.5 0 0 6.38117e-11 75.1263 0 0 0 15.0282 0 0 1.66511e-06 3192.1 15550.3 0 0 0 7892.86 5394.39 0 0 18.52 1.45132e-11 0 0 0 8.20184e-11 0 0 0 27997.7 13320.4 0 0 6.76711e-05 94317.6 17105 0 0 303.657 72.5457 0 0 0 4839.97 0 0 0 312328 749574 0 0 0 657092 160631 0 0 731.577 1.22493e-09 0 
$Fmort
 0.742071 0.306282 0.157714
#ESTIMATED_PARAMETERS
$availability
1.47976 1.49647 1.82616 0.146556 0.0551649 
0.19249 0.132076 0.239055 4.02619 0.414372 
0.0421509 0.0443921 0.0271795 0.233699 4.65701 
$availabilityVector
 1.47976 0.19249 0.0421509 1.49647 0.132076 0.0443921 1.82616 0.239055 0.0271795 0.146556 4.02619 0.233699 0.0551649 0.414372 4.65701
$selectivity
 1.06519e-06 1.0123 0.875968 1.61467 1.49707
$RunSize
 0 0 4523.84 0 0 1039.09 1.87249e+06 623743 0 0 1971.63 3.52006e+06 352889 0 0 3385.27 2.58159e-09 0 0 0 3094.02 0 0 0 2.22017e-07 147270 0 0 0 8.93487e-06 459347 0 0 9.03556e-09 12287.4 0 0 0 4009.8 0 0 364.672 737222 4.14911e+06 0 0 0 1.82287e+06 1.43932e+06 0 0 4277.24 3.87238e-09 0 0 0 2.58159e-09 0 0 0 764475 419268 0 0 1723.64 2.57534e+06 538391 0 0 8291.32 2283.43 0 0 0 10200.5 0 0 0 595413 1.57976e+06 0 0 0 1.25266e+06 338537 0 0 1394.66 2.58159e-09 0
