$ndistricts
3
$ngroups
90
$nstocks
5
$nagecomps
18
$AgeCompLabels
 0.1 0.2 0.3 0.4 0.5 1.1 1.2 1.3 1.4 1.5 2.1 2.2 2.3 2.4 3.1 3.2 3.3 3.4
$navailpar
15
$nselectpar
5
$GENdata
 -1 -1 -1
$maxGradient
7.96803e-06
#LIKELIHOOD_VALUES_AND_PENALTIES
$totalNLL
898.489
$NLLcatch
0.677374
$NLLescape
-6.28208
$NLLagecompCatch
0
$NLLagecompEsc
904.091
$NLLgenetics
0
$NLLselOne
5.90421e-17
$NLLavailOne
0.00216271
$NLLextra
3.2e-198
$sigmaCat
0.5
$sigmaEsc
0.1
#OBSERVED_AND_PREDICTED_VALUES
$predEsc
 3.90828e+06 581345 796122 971682 86218.5
$obsEsc
 4.14929e+06 584970 813378 895698 82435
$predCatch
 5.12367e+06 1.20729e+06 7995
$obsCatch
 5.12367e+06 1.20729e+06 7995
$RunSize
 0 0 8.56963e-09 1.78534e-08 0 5800.1 5.58321e+06 977289 10221.7 0 291550 234572 217128 1.28544e-08 0 6.42722e-09 8.56963e-09 0 0 0 1807.56 2948.84 0 0 694329 2.85369e-06 1.28544e-08 0 6.42722e-08 334982 1.00693e-07 4.42764e-08 0 24028.4 904.343 0 0 0 2.14241e-09 1.21403e-08 0 969.02 240746 684059 4883.74 0 1726.24 535473 645923 24277.6 0 3430.68 8769.16 0 0 0 1.42827e-09 1.42827e-09 0 0 49431.6 74231.7 179.817 0 12655.4 583397 1.21733e+06 7.85549e-09 0 56813.4 63198.8 0 0 0 1.42827e-09 1.42827e-09 0 1082.66 9920.29 6684.29 1.42827e-09 0 13932.8 21210 39127.9 1704.25 0 1728.11 955.202 0
$SSageCompEsc
 2014 0 1580 1923 894
$obsAgeCompEsc
0 0 0 0 0 0.00141301 0.776799 0.100321 0.00105075 0 0.0648458 0.032119 0.0234519 0 0 0 0 0 
0 0 0 0 0 0 0.601116 0.250188 0 0 0 0.102692 0.0460043 0 0 0 0 0 
0 0 0 0 0 0.000980951 0.13947 0.270477 0.000590492 0 0.00171882 0.316626 0.260979 0.00350496 0 0.00206256 0.00358933 0 
0 0 0 0 0 0 0.0429891 0.0414334 0.000210202 0 0.0128906 0.304907 0.556214 0 0 0.0208549 0.0205005 0 
0 0 0 0 0 0.0137937 0.129745 0.0728806 0 0 0.153003 0.208243 0.400249 0.00156658 0 0.0132477 0.00727065 0 
$predAgeCompEsc
0 0 8.81109e-16 6.0763e-16 0 0.00121627 0.781651 0.100483 0.000347891 0 0.0611376 0.0328402 0.0223246 4.37493e-16 0 8.99813e-16 8.81109e-16 0 
0 0 0.00126818 0.00075406 0 0 0.657418 2.00214e-12 3.28706e-15 0 9.06729e-14 0.317174 7.06461e-14 1.13221e-14 0 0.0227511 0.000634485 0 
0 0 8.53618e-16 8.60733e-16 0 0.00095163 0.142621 0.272556 0.000346252 0 0.00169526 0.317222 0.257361 0.00172125 0 0.00203238 0.00349397 0 
0 0 6.15897e-16 1.5536e-16 0 0 0.0290229 0.0320101 1.95596e-05 0 0.0108737 0.342531 0.524933 8.5448e-16 0 0.033357 0.0272525 0 
0 0 1.43555e-14 1.2352e-14 0 0.0121677 0.104597 0.0671837 1.2352e-14 0 0.156587 0.223632 0.393273 0.0147388 0 0.0182206 0.00960071 0 
$SSageCompCatch
 2496 1535 33
$obsAgeCompCatch
0 0 0.000286646 0.000771234 0 0 0.634004 0.183461 0.00316832 0 0.0015431 0.0735758 0.0987835 0.00177683 0 0.0012557 0.00137425 0 
0 0 0 0 0 0 0.0805941 0.0694982 0 0 0 0.245598 0.551328 0.000675646 0 0.0247983 0.0275076 0 
0 0 0 0 0 0 0.0606061 0.0909091 0 0 0.030303 0.242424 0.484849 0.030303 0 0.030303 0.030303 0 
$predAgeCompCatch
0 0 0.000200846 0.000464586 0 0.000236642 0.552004 0.19475 0.00243383 0 0.0099709 0.106687 0.123969 0.00412234 0 0.00297936 0.00218216 0 
0 0 3.36664e-05 0.000106183 0 5.80923e-05 0.132392 0.0803705 0.000954248 0 0.00354761 0.202305 0.5339 0.00173808 0 0.0180532 0.0265418 0 
0 0 7.44851e-05 0.000237436 0 0.00111951 0.206989 0.0999976 0.00109841 0 0.0169045 0.171421 0.454973 0.0151216 0 0.014045 0.0180183 0 
$genSS
 -1 -1 -1
$obsGenComp     #GeneticFracData
0 0 0 0 0 
0 0 0 0 0 
0 0 0 0 0 
$predGenComp     #catchGenComp_pred
0 0 0 0 0 
0 0 0 0 0 
0 0 0 0 0 
#PARAMETERS_OF_INTEREST
$catchByGroup
0 0 0 
0 0 0 
4.84393e-09 2.79393e-10 2.68079e-12 
1.43479e-08 1.11982e-09 1.0913e-11 
0 0 0 
1002.52 43.6327 0.413404 
2.40344e+06 123681 1180.46 
552407 31862.2 305.72 
8214.7 641.138 6.24809 
0 0 0 
50393.3 2193.26 20.7803 
100978 5196.3 49.5955 
122730 7078.96 67.9231 
1.03305e-08 8.06269e-10 7.85734e-12 
0 0 0 
2.76676e-09 1.42378e-10 1.35891e-12 
4.84393e-09 2.79393e-10 2.68079e-12 
0 0 0 
0 0 0 
0 0 0 
1029.07 40.6452 0.595508 
2380.38 128.194 1.8983 
0 0 0 
0 0 0 
301397 10590.6 154.607 
1.62464e-06 6.41688e-08 9.40161e-10 
1.03764e-08 5.58818e-10 8.27498e-12 
0 0 0 
1.1223e-08 3.32147e-10 4.82458e-12 
145410 5109.5 74.5906 
5.7326e-08 2.26421e-09 3.31739e-11 
3.57411e-08 1.92482e-09 2.85027e-11 
0 0 0 
10430.4 366.507 5.35042 
514.855 20.3353 0.29794 
0 0 0 
0 0 0 
0 0 0 
1.37599e-09 8.64e-11 4.32177e-13 
1.05119e-08 9.38391e-10 4.78557e-12 
0 0 0 
202.317 9.04488 0.0445361 
120564 6605.33 32.8228 
439346 27587.1 137.992 
4228.67 377.492 1.92512 
0 0 0 
360.414 16.1128 0.0793378 
268161 14691.8 73.0054 
414853 26049.1 130.299 
21021.1 1876.55 9.56995 
0 0 0 
1718.06 94.1275 0.467733 
5632.11 353.647 1.76896 
0 0 0 
0 0 0 
0 0 0 
1.13099e-10 7.1424e-10 2.47545e-12 
2.12666e-10 1.05981e-09 4.83371e-12 
0 0 0 
0 0 0 
2680.63 18492 57.9179 
5878.12 37121.3 128.657 
26.7743 133.428 0.608556 
0 0 0 
235.628 1848.98 5.00029 
31637.1 218245 683.553 
96395.3 608752 2109.84 
1.16966e-09 5.82896e-09 2.65854e-11 
0 0 0 
3080.94 21253.5 66.567 
5004.47 31604 109.535 
0 0 0 
0 0 0 
0 0 0 
4.36703e-11 9.83606e-11 4.85283e-11 
8.40982e-11 1.85901e-10 9.32995e-11 
0 0 0 
7.6321 17.4569 8.49257 
206.025 467.036 229.073 
204.376 460.326 227.112 
8.40982e-11 1.85901e-10 9.32995e-11 
0 0 0 
98.2179 224.653 109.291 
440.489 998.543 489.767 
1196.36 2694.61 1329.45 
100.348 221.822 111.328 
0 0 0 
35.8893 81.3574 39.9043 
29.2059 65.7818 32.4549 
0 0 0 
$escByGroup
 5e-101 5e-101 3.44362e-09 2.37479e-09 5e-101 4753.53 3.05491e+06 392714 1359.66 5e-101 238943 128349 87250.9 1.70985e-09 5e-101 3.51672e-09 3.44362e-09 5e-101 5e-101 5e-101 737.249 438.369 5e-101 5e-101 382187 1.16393e-06 1.91091e-09 5e-101 5.27123e-08 184388 4.10698e-08 6.58204e-09 5e-101 13226.2 368.855 5e-101 5e-101 5e-101 6.79584e-10 6.85249e-10 5e-101 757.613 113544 216988 275.659 5e-101 1349.63 252547 204891 1370.33 5e-101 1618.03 2781.63 5e-101 5e-101 5e-101 5.98457e-10 1.50961e-10 5e-101 5e-101 28201 31103.6 19.0057 5e-101 10565.8 332831 510068 8.30283e-10 5e-101 32412.4 26480.8 5e-101 5e-101 5e-101 1.23771e-09 1.06497e-09 5e-101 1049.08 9018.16 5792.48 1.06497e-09 5e-101 13500.7 19281.2 33907.4 1270.75 5e-101 1570.96 827.759 5e-101
$catchByGroup
0 0 4.84393e-09 1.43479e-08 0 1002.52 2.40344e+06 552407 8214.7 0 50393.3 100978 122730 1.03305e-08 0 2.76676e-09 4.84393e-09 0 0 0 1029.07 2380.38 0 0 301397 1.62464e-06 1.03764e-08 0 1.1223e-08 145410 5.7326e-08 3.57411e-08 0 10430.4 514.855 0 0 0 1.37599e-09 1.05119e-08 0 202.317 120564 439346 4228.67 0 360.414 268161 414853 21021.1 0 1718.06 5632.11 0 0 0 1.13099e-10 2.12666e-10 0 0 2680.63 5878.12 26.7743 0 235.628 31637.1 96395.3 1.16966e-09 0 3080.94 5004.47 0 0 0 4.36703e-11 8.40982e-11 0 7.6321 206.025 204.376 8.40982e-11 0 98.2179 440.489 1196.36 100.348 0 35.8893 29.2059 0 
0 0 2.79393e-10 1.11982e-09 0 43.6327 123681 31862.2 641.138 0 2193.26 5196.3 7078.96 8.06269e-10 0 1.42378e-10 2.79393e-10 0 0 0 40.6452 128.194 0 0 10590.6 6.41688e-08 5.58818e-10 0 3.32147e-10 5109.5 2.26421e-09 1.92482e-09 0 366.507 20.3353 0 0 0 8.64e-11 9.38391e-10 0 9.04488 6605.33 27587.1 377.492 0 16.1128 14691.8 26049.1 1876.55 0 94.1275 353.647 0 0 0 7.1424e-10 1.05981e-09 0 0 18492 37121.3 133.428 0 1848.98 218245 608752 5.82896e-09 0 21253.5 31604 0 0 0 9.83606e-11 1.85901e-10 0 17.4569 467.036 460.326 1.85901e-10 0 224.653 998.543 2694.61 221.822 0 81.3574 65.7818 0 
0 0 2.68079e-12 1.0913e-11 0 0.413404 1180.46 305.72 6.24809 0 20.7803 49.5955 67.9231 7.85734e-12 0 1.35891e-12 2.68079e-12 0 0 0 0.595508 1.8983 0 0 154.607 9.40161e-10 8.27498e-12 0 4.82458e-12 74.5906 3.31739e-11 2.85027e-11 0 5.35042 0.29794 0 0 0 4.32177e-13 4.78557e-12 0 0.0445361 32.8228 137.992 1.92512 0 0.0793378 73.0054 130.299 9.56995 0 0.467733 1.76896 0 0 0 2.47545e-12 4.83371e-12 0 0 57.9179 128.657 0.608556 0 5.00029 683.553 2109.84 2.65854e-11 0 66.567 109.535 0 0 0 4.85283e-11 9.32995e-11 0 8.49257 229.073 227.112 9.32995e-11 0 109.291 489.767 1329.45 111.328 0 39.9043 32.4549 0 
$Fmort
 0.505268 0.154563 0.00666264
#ESTIMATED_PARAMETERS
$availability
1.47976 1.49647 1.82616 0.146556 0.0551649 
0.19249 0.132076 0.239055 4.02619 0.414372 
0.0421509 0.0443921 0.0271795 0.233699 4.65701 
$availabilityVector
 1.47976 0.19249 0.0421509 1.49647 0.132076 0.0443921 1.82616 0.239055 0.0271795 0.146556 4.02619 0.233699 0.0551649 0.414372 4.65701
$selectivity
 0.253805 0.752937 1.11408 2.17722 0.701962
$RunSize
 0 0 8.56963e-09 1.78534e-08 0 5800.1 5.58321e+06 977289 10221.7 0 291550 234572 217128 1.28544e-08 0 6.42722e-09 8.56963e-09 0 0 0 1807.56 2948.84 0 0 694329 2.85369e-06 1.28544e-08 0 6.42722e-08 334982 1.00693e-07 4.42764e-08 0 24028.4 904.343 0 0 0 2.14241e-09 1.21403e-08 0 969.02 240746 684059 4883.74 0 1726.24 535473 645923 24277.6 0 3430.68 8769.16 0 0 0 1.42827e-09 1.42827e-09 0 0 49431.6 74231.7 179.817 0 12655.4 583397 1.21733e+06 7.85549e-09 0 56813.4 63198.8 0 0 0 1.42827e-09 1.42827e-09 0 1082.66 9920.29 6684.29 1.42827e-09 0 13932.8 21210 39127.9 1704.25 0 1728.11 955.202 0
