$ndistricts
3
$ngroups
90
$nstocks
5
$nagecomps
18
$AgeCompLabels
 0.1 0.2 0.3 0.4 0.5 1.1 1.2 1.3 1.4 1.5 2.1 2.2 2.3 2.4 3.1 3.2 3.3 3.4
$navailpar
15
$nselectpar
5
$GENdata
 1 1 1
$maxGradient
2.59496e-06
#LIKELIHOOD_VALUES_AND_PENALTIES
$totalNLL
1192.4
$NLLcatch
0.677374
$NLLescape
-6.90695
$NLLagecompCatch
0
$NLLagecompEsc
987.818
$NLLgenetics
210.811
$NLLselOne
3.28588e-18
$NLLavailOne
1.62825e-15
$NLLextra
4.4e-198
$sigmaCat
0.5
$sigmaEsc
0.1
#OBSERVED_AND_PREDICTED_VALUES
$predEsc
 2.25824e+06 970133 1.16317e+06 1.16184e+06 1.36622e+06
$obsEsc
 2.26614e+06 970818 1.16947e+06 1.14628e+06 1.36434e+06
$predCatch
 7.76695e+06 1.15275e+07 2.55526e+06
$obsCatch
 7.76695e+06 1.15275e+07 2.55526e+06
$RunSize
 0 0 0 0 0 2826.15 1.11072e+06 2.52416e+06 9265.55 0 3.19375e-09 2.29499e+06 119210 3.19375e-09 0 3.19375e-09 0 0 0 0 0 0 0 1302.39 722159 1.3217e+06 118845 0 3.19375e-09 77046.5 20491.7 3.19375e-09 0 3.19375e-09 0 0 0 0 0 0 0 48679.9 1.19102e+06 1.36791e+06 249162 0 10206.1 879541 521492 19949.5 0 1551.13 0 0 0 0 0 0 0 7639.89 491673 3.73834e+06 27281.7 0 36078.8 6.04404e+06 2.30169e+06 323.114 2218.2 4876.88 0 0 0 0 0 0 0 65206.5 815364 1.4204e+06 11378.4 0 1905.68 1.13863e+06 50008.6 3.19375e-09 0 3.19375e-09 0 0
$SSageCompEsc
 1424 932 1389 1360 704
$obsAgeCompEsc
0 0 0 0 0 0.00122976 0.206111 0.33104 0.00107936 0 0 0.44407 0.0164695 0 0 0 0 0 
0 0 0 0 0 0.00132603 0.370507 0.535829 0.0438984 0 0 0.0400175 0.00842289 0 0 0 0 0 
0 0 0 0 0 0.0409857 0.338829 0.229724 0.0321101 0 0.00859633 0.256 0.090412 0.00284249 0 0.00050005 0 0 
0 0 0 0 0 0.00648294 0.0548315 0.146997 0.000484487 0 0.0303825 0.677928 0.0810102 0 0.00188295 0 0 0 
0 0 0 0 0 0.0471084 0.216886 0.345498 0.00315047 0 0.00138643 0.373268 0.0127024 0 0 0 0 0 
$predAgeCompEsc
0 0 0 0 0 0.0012318 0.203015 0.358184 0.00118092 0 1.39202e-15 0.419473 0.0169161 4.07053e-16 0 5.83746e-16 0 0 
0 0 0 0 0 0.001326 0.365846 0.541041 0.0443674 0 3.25163e-15 0.0390318 0.0083883 1.19229e-15 0 1.61795e-15 0 0 
0 0 0 0 0 0.04116 0.334745 0.239778 0.0339228 0 0.00862949 0.247202 0.091411 0.00271608 0 0.000435958 0 0 
0 0 0 0 0 0.00637769 0.0559791 0.134114 0.000286326 0 0.0301181 0.688141 0.0825736 3.39113e-06 0.00185173 0.000555255 0 0 
0 0 0 0 0 0.0470018 0.250331 0.337414 0.00242016 0 0.00137365 0.34958 0.0118795 6.79305e-16 0 9.80538e-16 0 0 
$SSageCompCatch
 5779 5074 4205
$obsAgeCompCatch
0 0 0 0 0 5.5727e-05 0.195325 0.485106 0.0337067 0 0 0.216763 0.0676495 0.00139368 0 0 0 0 
0 0 0 0 0 0 0.0557278 0.296003 0.00666959 0 0.000251026 0.457826 0.181957 0.000520849 0 0.00104462 0 0 
0 0 0 0 0 0.000341218 0.220093 0.419367 0.00270411 0 0 0.305524 0.0519708 0 0 0 0 0 
$predAgeCompCatch
0 0 0 0 0 9.26881e-05 0.206874 0.435503 0.0303276 0 2.08361e-05 0.25969 0.065723 0.00164173 1.91795e-07 0.000126597 0 0 
0 0 0 0 0 3.5098e-05 0.0560816 0.319004 0.00716219 0 9.27182e-05 0.434964 0.181922 0.000376632 5.53016e-06 0.000356577 0 0 
0 0 0 0 0 0.000376133 0.183105 0.423922 0.0035267 0 2.08279e-05 0.33399 0.0549813 6.47228e-06 6.08461e-07 7.12676e-05 0 0 
$genSS
 1466 1490 932
$obsGenComp     #GeneticFracData
0.479592 0.142857 0.306122 0.0714286 0 
0.0102041 0.0102041 0.0612245 0.908163 0.0102041 
0 0 0 0.22 0.78 
$predGenComp     #catchGenComp_pred
0.473871 0.151523 0.309099 0.0655075 9.69683e-10 
0.0106178 0.00993686 0.0629439 0.906789 0.00971276 
1.01495e-09 1.04192e-09 1.01712e-09 0.207635 0.792365 
#PARAMETERS_OF_INTEREST
$catchByGroup
0 0 0 
0 0 0 
0 0 0 
0 0 0 
0 0 0 
43.5052 0.950384 1.99341e-08 
632170 20092.2 0.000425216 
1.65747e+06 57827 0.00122681 
6368.14 230.602 4.89722e-06 
0 0 0 
4.9164e-11 1.074e-12 2.2527e-20 
1.3062e+06 41514.9 0.00087859 
78278 2731.02 5.79391e-05 
2.19504e-09 7.94865e-11 1.68803e-18 
0 0 0 
1.81773e-09 5.77728e-11 1.22266e-18 
0 0 0 
0 0 0 
0 0 0 
0 0 0 
0 0 0 
0 0 0 
0 0 0 
14.9409 1.05746 2.39515e-08 
336094 31145.6 0.000720823 
724879 71943.9 0.00167489 
68785.3 7017.9 0.000163776 
0 0 0 
3.66383e-11 2.59312e-12 5.87343e-20 
35857.6 3322.89 7.69039e-05 
11238.5 1115.42 2.59674e-05 
1.84847e-09 1.88593e-10 4.40118e-18 
0 0 0 
1.48638e-09 1.37741e-10 3.18784e-18 
0 0 0 
0 0 0 
0 0 0 
0 0 0 
0 0 0 
0 0 0 
0 0 0 
656.327 147.388 4.81281e-07 
620915 180736 0.000639099 
831078 257933 0.00093189 
159060 50643.4 0.000184589 
0 0 0 
137.604 30.901 1.00904e-07 
458533 133470 0.000471962 
316833 98332.3 0.000355266 
12735.4 4054.84 1.47794e-05 
0 0 0 
808.654 235.383 8.32337e-07 
0 0 0 
0 0 0 
0 0 0 
0 0 0 
0 0 0 
0 0 0 
0 0 0 
5.13066 219.562 5.35494 
17604.3 390670 18359.5 
169105 3.23709e+06 176322 
1339.35 24213.3 1396.39 
0 0 0 
24.2291 1036.86 25.2883 
216406 4.80244e+06 225690 
104118 1.99307e+06 108562 
15.8628 286.773 16.5384 
1.48966 63.7486 1.55478 
174.616 3875.04 182.107 
0 0 0 
0 0 0 
0 0 0 
0 0 0 
0 0 0 
0 0 0 
0 0 0 
2.35773e-06 35.6324 955.763 
0.00160014 23834.3 449521 
0.00353893 52503.6 906910 
3.08291e-05 456.632 7615.26 
0 0 0 
6.89056e-08 1.04137 27.9325 
0.00223455 33283.8 627741 
0.000124597 1848.52 31930 
8.65328e-18 1.2817e-10 2.13749e-09 
0 0 0 
6.2677e-18 9.3358e-11 1.76075e-09 
0 0 0 
0 0 0 
$escByGroup
 5e-101 5e-101 5e-101 5e-101 5e-101 2781.69 458456 808866 2666.81 5e-101 3.14351e-09 947272 38200.6 9.19224e-10 5e-101 1.31824e-09 5e-101 5e-101 5e-101 5e-101 5e-101 5e-101 5e-101 1286.39 354919 524882 43042.3 5e-101 3.15452e-09 37866 8137.77 1.15668e-09 5e-101 1.56963e-09 5e-101 5e-101 5e-101 5e-101 5e-101 5e-101 5e-101 47876.2 389365 278903 39458.1 5e-101 10037.6 287538 106327 3159.26 5e-101 507.094 5e-101 5e-101 5e-101 5e-101 5e-101 5e-101 5e-101 7409.85 65038.7 155818 332.664 5e-101 34992.4 799509 95937.2 3.93995 2151.41 645.116 5e-101 5e-101 5e-101 5e-101 5e-101 5e-101 5e-101 64215.1 342009 460983 3306.49 5e-101 1876.71 477604 16230 9.28083e-10 5e-101 1.33963e-09 5e-101 5e-101
$catchByGroup
0 0 0 0 0 43.5052 632170 1.65747e+06 6368.14 0 4.9164e-11 1.3062e+06 78278 2.19504e-09 0 1.81773e-09 0 0 0 0 0 0 0 14.9409 336094 724879 68785.3 0 3.66383e-11 35857.6 11238.5 1.84847e-09 0 1.48638e-09 0 0 0 0 0 0 0 656.327 620915 831078 159060 0 137.604 458533 316833 12735.4 0 808.654 0 0 0 0 0 0 0 5.13066 17604.3 169105 1339.35 0 24.2291 216406 104118 15.8628 1.48966 174.616 0 0 0 0 0 0 0 2.35773e-06 0.00160014 0.00353893 3.08291e-05 0 6.89056e-08 0.00223455 0.000124597 8.65328e-18 0 6.2677e-18 0 0 
0 0 0 0 0 0.950384 20092.2 57827 230.602 0 1.074e-12 41514.9 2731.02 7.94865e-11 0 5.77728e-11 0 0 0 0 0 0 0 1.05746 31145.6 71943.9 7017.9 0 2.59312e-12 3322.89 1115.42 1.88593e-10 0 1.37741e-10 0 0 0 0 0 0 0 147.388 180736 257933 50643.4 0 30.901 133470 98332.3 4054.84 0 235.383 0 0 0 0 0 0 0 219.562 390670 3.23709e+06 24213.3 0 1036.86 4.80244e+06 1.99307e+06 286.773 63.7486 3875.04 0 0 0 0 0 0 0 35.6324 23834.3 52503.6 456.632 0 1.04137 33283.8 1848.52 1.2817e-10 0 9.3358e-11 0 0 
0 0 0 0 0 1.99341e-08 0.000425216 0.00122681 4.89722e-06 0 2.2527e-20 0.00087859 5.79391e-05 1.68803e-18 0 1.22266e-18 0 0 0 0 0 0 0 2.39515e-08 0.000720823 0.00167489 0.000163776 0 5.87343e-20 7.69039e-05 2.59674e-05 4.40118e-18 0 3.18784e-18 0 0 0 0 0 0 0 4.81281e-07 0.000639099 0.00093189 0.000184589 0 1.00904e-07 0.000471962 0.000355266 1.47794e-05 0 8.32337e-07 0 0 0 0 0 0 0 5.35494 18359.5 176322 1396.39 0 25.2883 225690 108562 16.5384 1.55478 182.107 0 0 0 0 0 0 0 955.763 449521 906910 7615.26 0 27.9325 627741 31930 2.13749e-09 0 1.76075e-09 0 0 
$Fmort
 0.608052 0.498945 0.227732
#ESTIMATED_PARAMETERS
$availability
1.87826 1.39695 1.64346 0.0813346 4.37772e-09 
0.049626 0.119848 0.447407 4.30247 0.0806501 
2.28014e-09 5.94501e-09 3.196e-09 0.226662 4.77334 
$availabilityVector
 1.87826 0.049626 2.28014e-09 1.39695 0.119848 5.94501e-09 1.64346 0.447407 3.196e-09 0.0813346 4.30247 0.226662 4.37772e-09 0.0806501 4.77334
$selectivity
 0.0135836 0.737258 0.935997 1.01787 2.29529
$RunSize
 0 0 0 0 0 2826.15 1.11072e+06 2.52416e+06 9265.55 0 3.19375e-09 2.29499e+06 119210 3.19375e-09 0 3.19375e-09 0 0 0 0 0 0 0 1302.39 722159 1.3217e+06 118845 0 3.19375e-09 77046.5 20491.7 3.19375e-09 0 3.19375e-09 0 0 0 0 0 0 0 48679.9 1.19102e+06 1.36791e+06 249162 0 10206.1 879541 521492 19949.5 0 1551.13 0 0 0 0 0 0 0 7639.89 491673 3.73834e+06 27281.7 0 36078.8 6.04404e+06 2.30169e+06 323.114 2218.2 4876.88 0 0 0 0 0 0 0 65206.5 815364 1.4204e+06 11378.4 0 1905.68 1.13863e+06 50008.6 3.19375e-09 0 3.19375e-09 0 0
