$ndistricts
3
$ngroups
90
$nstocks
5
$nagecomps
18
$AgeCompLabels
 0.1 0.2 0.3 0.4 0.5 1.1 1.2 1.3 1.4 1.5 2.1 2.2 2.3 2.4 3.1 3.2 3.3 3.4
$navailpar
15
$nselectpar
5
$GENdata
 -1 -1 -1
$maxGradient
1.47354e-06
#LIKELIHOOD_VALUES_AND_PENALTIES
$totalNLL
842.518
$NLLcatch
0.677374
$NLLescape
-6.86603
$NLLagecompCatch
0
$NLLagecompEsc
848.704
$NLLgenetics
0
$NLLselOne
1.42822e-17
$NLLavailOne
0.00216271
$NLLextra
4.1e-198
$sigmaCat
0.5
$sigmaEsc
0.1
#OBSERVED_AND_PREDICTED_VALUES
$predEsc
 1.15587e+06 593894 2.01538e+06 1.13993e+06 1.02129e+06
$obsEsc
 1.17932e+06 586959 1.97764e+06 1.15218e+06 1.01558e+06
$predCatch
 2.87218e+06 4.85293e+06 5.00295e+06
$obsCatch
 2.87218e+06 4.85294e+06 5.00295e+06
$RunSize
 0 0 2.06943e-09 0 0 855.843 468524 179703 2813.61 0 499.537 914703 346329 2.06943e-09 0 2.06943e-09 0 0 0 0 5838.9 0 0 6407.1 3.82844e-08 981703 1.86249e-08 0 0 1.13819e-08 5.48398e-08 128.251 0 5.17357e-09 0 0 0 0 2.06943e-09 0 0 2.06943e-09 160608 2.3088e+06 11747.2 0 0 580620 842154 2.06943e-09 0 2.06943e-09 1465.08 0 0 0 865.637 0 0 2314.14 1.17561e+06 417175 4783.36 0 11095.1 2.78845e+06 917537 1517.19 0 4611.58 0 0 0 0 4731.61 0 0 4.13886e-09 314665 2.93154e+06 13997.4 0 259.205 2.19148e+06 1.05602e+06 4755.74 0 110.064 0 0
$SSageCompEsc
 1488 0 2622 2897 1327
$obsAgeCompEsc
0 0 0 0 0 0.000687469 0.245549 0.0862339 0.00158238 0 0.000415519 0.495345 0.170187 0 0 0 0 0 
0 0 0 0 0 0 0.601116 0.250188 0 0 0 0.102692 0.0460043 0 0 0 0 0 
0 0 0 0 0 0 0.0452095 0.559821 0.00360753 0 0 0.175152 0.215598 0 0 0 0.000611651 0 
0 0 0 0 0 0.00178497 0.248893 0.0502525 0.000141558 0 0.00903006 0.517533 0.171536 0.000565709 0 0.00026403 0 0 
0 0 0 0 0 0 0.0450652 0.37015 0.00402346 0 0.000237857 0.393305 0.185915 0.00130305 0 0 0 0 
$predAgeCompEsc
0 0 1.03989e-15 0 0 0.000717661 0.24826 0.0903004 0.00159239 0 0.000418883 0.48468 0.17403 1.17121e-15 0 1.09654e-15 0 0 
0 0 0.00584984 0 0 0.0104656 4.03116e-14 0.983541 2.0867e-14 0 0 1.19845e-14 5.49425e-14 0.00014369 0 5.44752e-15 0 0 
0 0 5.22713e-16 0 0 9.88363e-16 0.0433981 0.583175 0.0034494 0 0 0.15689 0.212718 6.0766e-16 0 5.59181e-16 0.000370062 0 
0 0 0.00013675 0 0 0.00186417 0.230059 0.0659035 0.00119035 0 0.00893777 0.54568 0.144949 0.000377559 0 0.000902453 0 0 
0 0 0.000643506 0 0 3.70518e-15 0.0567812 0.398694 0.00340127 0 0.000232045 0.395452 0.143621 0.00115561 0 1.98611e-05 0 0 
$SSageCompCatch
 10810 2883 4264
$obsAgeCompCatch
0 0 0.00076915 0 0 0.000160715 0.0887351 0.537446 0.0014011 0 0 0.182751 0.188675 6.20158e-05 0 0 0 0 
0 0 0.00058208 0 0 0 0.149504 0.218024 0.00290875 0 0 0.486493 0.141219 0 0 0.0012688 0 0 
0 0 0.00126295 0 0 0.000149047 0.0760237 0.451289 0.000756166 0 0 0.342244 0.127549 0.000577145 0 0.000149047 0 0 
$predAgeCompCatch
0 0 0.000755091 0 0 6.92962e-05 0.0913523 0.495339 0.00181013 0 1.485e-05 0.228423 0.181914 5.16578e-05 0 6.15618e-05 0.0002099 0 
0 0 0.000294698 0 0 3.98366e-05 0.179703 0.179455 0.00107336 0 0.000172471 0.459894 0.178401 0.000294736 0 0.000650451 2.17258e-05 0 
0 0 0.000709576 0 0 2.94718e-06 0.0580223 0.435586 0.00186102 0 1.29145e-05 0.336806 0.166305 0.00062494 0 6.78021e-05 2.19068e-06 0 
$genSS
 -1 -1 -1
$obsGenComp     #GeneticFracData
0 0 0 0 0 
0 0 0 0 0 
0 0 0 0 0 
$predGenComp     #catchGenComp_pred
0 0 0 0 0 
0 0 0 0 0 
0 0 0 0 0 
#PARAMETERS_OF_INTEREST
$catchByGroup
0 0 0 
0 0 0 
7.22712e-10 1.20782e-10 2.39586e-11 
0 0 0 
0 0 0 
22.513 3.1877 0.618191 
151663 24962.7 4941.04 
62758 10488.4 2080.49 
815.419 131.612 25.9798 
0 0 0 
13.1404 1.8606 0.360825 
296093 48734.9 9646.42 
120949 20213.5 4009.6 
5.99746e-10 9.68014e-11 1.91083e-11 
0 0 0 
6.69883e-10 1.10258e-10 2.18241e-11 
0 0 0 
0 0 0 
0 0 0 
0 0 0 
2057.52 236.029 71.1717 
0 0 0 
0 0 0 
170.416 16.3839 4.87394 
1.25069e-08 1.41157e-09 4.25094e-10 
345934 39683.8 11966.2 
5.44872e-09 6.02259e-10 1.81074e-10 
0 0 0 
0 0 0 
3.71827e-09 4.19655e-10 1.26379e-10 
1.93245e-08 2.21682e-09 6.68455e-10 
37.5199 4.14716 1.24687 
0 0 0 
1.69012e-09 1.90752e-10 5.74451e-11 
0 0 0 
0 0 0 
0 0 0 
0 0 0 
8.51557e-10 1.48926e-10 1.54808e-11 
0 0 0 
0 0 0 
6.69711e-11 9.56815e-12 9.63983e-13 
61492.9 10557.7 1094.22 
950056 166152 17271.5 
4046.74 678.515 70.0573 
0 0 0 
0 0 0 
222305 38167.6 3955.76 
346541 60605.3 6299.92 
7.12891e-10 1.1953e-10 1.23416e-11 
0 0 0 
7.92332e-10 1.36036e-10 1.4099e-11 
602.871 105.434 10.9598 
0 0 0 
0 0 0 
0 0 0 
36.0585 619.57 54.1228 
0 0 0 
0 0 0 
6.10158 173.753 9.25245 
44669 801580 67112 
17377.6 298588 26083.3 
159.411 3027.22 239.799 
0 0 0 
29.254 833.058 44.3608 
105951 1.90128e+06 159184 
38220.4 656717 57367.8 
50.5621 960.179 76.0598 
0 0 0 
175.223 3144.36 263.26 
0 0 0 
0 0 0 
0 0 0 
0 0 0 
75.1751 574.552 3424.68 
0 0 0 
0 0 0 
4.11103e-12 3.31141e-11 3.17575e-10 
4554.84 34985.1 217135 
46575.9 355972 2.12181e+06 
177.446 1371.58 8974.74 
0 0 0 
0.257462 2.07385 19.8888 
31722.1 243653 1.51224e+06 
16777.9 128231 764337 
60.2885 466.005 3049.24 
0 0 0 
1.5932 12.2372 75.95 
0 0 0 
0 0 0 
$escByGroup
 5e-101 5e-101 1.20198e-09 5e-101 5e-101 829.524 286957 104376 1840.6 5e-101 484.175 560228 201157 1.35377e-09 5e-101 1.26746e-09 5e-101 5e-101 5e-101 5e-101 3474.18 5e-101 5e-101 6215.43 2.39408e-08 584119 1.23928e-08 5e-101 5e-101 7.11755e-09 3.263e-08 85.3368 5e-101 3.23525e-09 5e-101 5e-101 5e-101 5e-101 1.05346e-09 5e-101 5e-101 1.99192e-09 87463.6 1.17532e+06 6951.84 5e-101 5e-101 316192 428708 1.22467e-09 5e-101 1.12696e-09 745.814 5e-101 5e-101 5e-101 155.886 5e-101 5e-101 2125.04 262252 75125.6 1356.93 5e-101 10188.5 622040 165232 430.393 5e-101 1028.74 5e-101 5e-101 5e-101 5e-101 657.204 5e-101 5e-101 3.78406e-09 57989.9 407180 3473.68 5e-101 236.985 403870 146678 1180.21 5e-101 20.2838 5e-101 5e-101
$catchByGroup
0 0 7.22712e-10 0 0 22.513 151663 62758 815.419 0 13.1404 296093 120949 5.99746e-10 0 6.69883e-10 0 0 0 0 2057.52 0 0 170.416 1.25069e-08 345934 5.44872e-09 0 0 3.71827e-09 1.93245e-08 37.5199 0 1.69012e-09 0 0 0 0 8.51557e-10 0 0 6.69711e-11 61492.9 950056 4046.74 0 0 222305 346541 7.12891e-10 0 7.92332e-10 602.871 0 0 0 36.0585 0 0 6.10158 44669 17377.6 159.411 0 29.254 105951 38220.4 50.5621 0 175.223 0 0 0 0 75.1751 0 0 4.11103e-12 4554.84 46575.9 177.446 0 0.257462 31722.1 16777.9 60.2885 0 1.5932 0 0 
0 0 1.20782e-10 0 0 3.1877 24962.7 10488.4 131.612 0 1.8606 48734.9 20213.5 9.68014e-11 0 1.10258e-10 0 0 0 0 236.029 0 0 16.3839 1.41157e-09 39683.8 6.02259e-10 0 0 4.19655e-10 2.21682e-09 4.14716 0 1.90752e-10 0 0 0 0 1.48926e-10 0 0 9.56815e-12 10557.7 166152 678.515 0 0 38167.6 60605.3 1.1953e-10 0 1.36036e-10 105.434 0 0 0 619.57 0 0 173.753 801580 298588 3027.22 0 833.058 1.90128e+06 656717 960.179 0 3144.36 0 0 0 0 574.552 0 0 3.31141e-11 34985.1 355972 1371.58 0 2.07385 243653 128231 466.005 0 12.2372 0 0 
0 0 2.39586e-11 0 0 0.618191 4941.04 2080.49 25.9798 0 0.360825 9646.42 4009.6 1.91083e-11 0 2.18241e-11 0 0 0 0 71.1717 0 0 4.87394 4.25094e-10 11966.2 1.81074e-10 0 0 1.26379e-10 6.68455e-10 1.24687 0 5.74451e-11 0 0 0 0 1.54808e-11 0 0 9.63983e-13 1094.22 17271.5 70.0573 0 0 3955.76 6299.92 1.23416e-11 0 1.4099e-11 10.9598 0 0 0 54.1228 0 0 9.25245 67112 26083.3 239.799 0 44.3608 159184 57367.8 76.0598 0 263.26 0 0 0 0 3424.68 0 0 3.17575e-10 217135 2.12181e+06 8974.74 0 19.8888 1.51224e+06 764337 3049.24 0 75.95 0 0 
$Fmort
 0.22796 0.245313 0.216927
#ESTIMATED_PARAMETERS
$availability
1.47976 1.49647 1.82616 0.146556 0.0551649 
0.19249 0.132076 0.239055 4.02619 0.414372 
0.0421509 0.0443921 0.0271795 0.233699 4.65701 
$availabilityVector
 1.47976 0.19249 0.0421509 1.49647 0.132076 0.0443921 1.82616 0.239055 0.0271795 0.146556 4.02619 0.233699 0.0551649 0.414372 4.65701
$selectivity
 0.0790251 1.15949 1.27355 1.01453 1.47341
$RunSize
 0 0 2.06943e-09 0 0 855.843 468524 179703 2813.61 0 499.537 914703 346329 2.06943e-09 0 2.06943e-09 0 0 0 0 5838.9 0 0 6407.1 3.82844e-08 981703 1.86249e-08 0 0 1.13819e-08 5.48398e-08 128.251 0 5.17357e-09 0 0 0 0 2.06943e-09 0 0 2.06943e-09 160608 2.3088e+06 11747.2 0 0 580620 842154 2.06943e-09 0 2.06943e-09 1465.08 0 0 0 865.637 0 0 2314.14 1.17561e+06 417175 4783.36 0 11095.1 2.78845e+06 917537 1517.19 0 4611.58 0 0 0 0 4731.61 0 0 4.13886e-09 314665 2.93154e+06 13997.4 0 259.205 2.19148e+06 1.05602e+06 4755.74 0 110.064 0 0
