$ndistricts
3
$ngroups
90
$nstocks
5
$nagecomps
18
$AgeCompLabels
 0.1 0.2 0.3 0.4 0.5 1.1 1.2 1.3 1.4 1.5 2.1 2.2 2.3 2.4 3.1 3.2 3.3 3.4
$navailpar
15
$nselectpar
5
$GENdata
 1 1 -1
$maxGradient
4.27809e-06
#LIKELIHOOD_VALUES_AND_PENALTIES
$totalNLL
939.718
$NLLcatch
0.677374
$NLLescape
-6.91816
$NLLagecompCatch
0
$NLLagecompEsc
817.799
$NLLgenetics
128.159
$NLLselOne
7.11359e-18
$NLLavailOne
0.000785146
$NLLextra
4.5e-198
$sigmaCat
0.5
$sigmaEsc
0.1
#OBSERVED_AND_PREDICTED_VALUES
$predEsc
 1.13413e+06 610042 1.15516e+06 1.03527e+06 1.18643e+06
$obsEsc
 1.13484e+06 610215 1.15555e+06 1.03463e+06 1.18555e+06
$predCatch
 5.0058e+06 2.44751e+06 1.13919e+06
$obsCatch
 5.0058e+06 2.44751e+06 1.13919e+06
$RunSize
 0 2135.26 1.52248e-09 0 0 48404.6 1.44705e+06 644256 3011.22 0 13694.6 156769 207116 1.52248e-09 0 0 0 0 0 0 9.13489e-09 0 0 0 504131 618209 2.2076e-08 0 0 2.43597e-08 84789.9 9.89613e-09 0 0 0 0 0 0 1.52248e-09 0 0 8027.73 439601 2.2043e+06 21798.1 0 8726.82 130825 1.36386e+06 4254.89 0 0 0 0 0 0 9.13489e-09 0 0 2557.46 348143 1.73714e+06 526.408 0 6050.66 563758 736355 977.624 0 0 1516.46 0 0 0 6434.29 0 0 20636.3 220013 1.63469e+06 7765.65 0 2839.73 206283 306172 709.168 0 0 0 0
$SSageCompEsc
 1774 0 1377 1563 1230
$obsAgeCompEsc
0 0.00108393 0 0 0 0.0426532 0.567967 0.232927 0.0012516 0 0.0120674 0.0671726 0.0748765 0 0 0 0 0 
0 0 0 0 0 0 0.601116 0.250188 0 0 0 0.102692 0.0460043 0 0 0 0 0 
0 0 0 0 0 0.0069471 0.114354 0.508625 0.00648366 0 0.00755208 0.0401793 0.314618 0.00124078 0 0 0 0 
0 0 0 0 0 0.00247186 0.124902 0.514856 0 0 0.00584815 0.163541 0.186921 0.0005756 0 0 0.000884712 0 
0 0 0 0 0 0.0174065 0.115576 0.670372 0.00107853 0 0.00239529 0.0672063 0.125384 0.000581315 0 0 0 0 
$predAgeCompEsc
0 0.000843326 5.54084e-16 0 0 0.04268 0.571515 0.234467 0.00112665 0 0.012075 0.0619163 0.0753766 5.69635e-16 0 0 0 0 
0 0 7.3594e-15 0 0 0 0.433639 0.498051 1.81837e-14 0 0 2.09535e-14 0.0683098 8.15132e-15 0 0 0 0 
0 0 3.53894e-16 0 0 0.00694946 0.115428 0.512381 0.00528035 0 0.00755465 0.0343512 0.317025 0.0010307 0 0 0 0 
0 0 2.58199e-15 0 0 0.00247033 0.111355 0.491006 0.000155208 0 0.00584453 0.18032 0.208132 0.000288246 0 0 0.000428629 0 
0 0 0.00261091 0 0 0.0173936 0.0962585 0.663325 0.00323326 0 0.00239351 0.0902513 0.124238 0.000295265 0 0 0 0 
$SSageCompCatch
 3360 3676 481
$obsAgeCompCatch
0 0 0 0 0 0 0.272434 0.466153 0.00205426 0 0 0.0243491 0.234596 0.000414283 0 0 0 0 
0 0 0.000369604 0 0 0 0.0861532 0.50889 0.000860949 0 0 0.167028 0.236698 0 0 0 0 0 
0 0 0.00490196 0 0 0 0.0719988 0.668818 0.00490196 0 0 0.112911 0.136469 0 0 0 0 0 
$predAgeCompCatch
0 0.000232818 3.80951e-06 0 0 3.27264e-10 0.266528 0.460849 0.00346076 0 1.4496e-10 0.0363197 0.231993 0.000609967 0 0 3.06925e-06 0 
0 1.42031e-06 0.000220861 0 0 6.04805e-11 0.0986815 0.533931 0.000421075 0 8.90695e-11 0.152755 0.213284 0.000290048 0 0 0.000414692 0 
0 8.69037e-06 0.00243769 0 0 3.28731e-10 0.0945337 0.674108 0.00296073 0 5.13334e-11 0.0862851 0.139331 0.00029764 0 0 3.72074e-05 0 
$genSS
 308 306 -1
$obsGenComp     #GeneticFracData
0.275928 0.116021 0.599677 0.00696126 0.00141243 
0.00181269 0.000704935 0.00362538 0.911984 0.0818731 
0 0 0 0 0 
$predGenComp     #catchGenComp_pred
0.274153 0.117711 0.600058 0.00669053 0.00138721 
0.0016934 0.000659524 0.00365049 0.91352 0.0804765 
0 0 0 0 0 
#PARAMETERS_OF_INTEREST
$catchByGroup
0 0 0 
1165.44 3.47623 9.89999 
8.83588e-10 2.72689e-12 7.76477e-12 
0 0 0 
0 0 0 
0.00131126 2.70703e-06 7.72101e-06 
789809 2355.81 6709.14 
373901 1153.92 3285.75 
1713.35 5.22741 14.8857 
0 0 0 
0.000370978 7.65869e-07 2.18442e-06 
85565.7 255.222 726.849 
120202 370.961 1056.3 
8.66273e-10 2.64299e-12 7.52624e-12 
0 0 0 
0 0 0 
0 0 0 
0 0 0 
0 0 0 
0 0 0 
4.58359e-09 1.26982e-11 4.90591e-11 
0 0 0 
0 0 0 
0 0 0 
236495 636.969 2461.35 
310197 859.361 3320.1 
1.08385e-08 2.9743e-11 1.14918e-10 
0 0 0 
0 0 0 
1.14275e-08 3.07785e-11 1.18933e-10 
42544.8 117.865 455.366 
4.85863e-09 1.33331e-11 5.15149e-11 
0 0 0 
0 0 0 
0 0 0 
0 0 0 
0 0 0 
0 0 0 
1.10536e-09 3.30813e-12 5.01138e-12 
0 0 0 
0 0 0 
0.000324241 5.4475e-07 8.25686e-07 
304080 868.24 1315.33 
1.60038e+06 4789.64 7255.66 
15583 45.9072 69.5445 
0 0 0 
0.000352477 5.92189e-07 8.9759e-07 
90494.1 258.388 391.443 
990197 2963.48 4489.28 
3041.73 8.96086 13.5747 
0 0 0 
0 0 0 
0 0 0 
0 0 0 
0 0 0 
0 0 0 
9.25504e-11 6.11396e-09 2.55328e-10 
0 0 0 
0 0 0 
8.12444e-07 8.82826e-05 2.26176e-06 
3207.31 220797 8855.61 
17599.9 1.16267e+06 48554.7 
5.16988 346.289 14.2667 
0 0 0 
1.92215e-06 0.000208867 5.35107e-06 
5193.69 357544 14340.2 
7460.4 492841 20581.8 
9.60131 643.115 26.4955 
0 0 0 
0 0 0 
15.3641 1014.96 42.3864 
0 0 0 
0 0 0 
0 0 0 
19.0696 540.56 2777 
0 0 0 
0 0 0 
1.91081e-06 5.64925e-05 0.000363679 
592.73 16866 88350.6 
4844.82 137334 705523 
22.3077 633.162 3274.15 
0 0 0 
2.62945e-07 7.77388e-06 5.00455e-05 
555.739 15813.4 82836.9 
907.417 25722.2 132142 
2.03717 57.8212 298.999 
0 0 0 
0 0 0 
0 0 0 
0 0 0 
$escByGroup
 5e-101 956.44 6.28402e-10 5e-101 5e-101 48404.6 648171 265916 1277.76 5e-101 13694.6 70221 85486.7 6.46039e-10 5e-101 5e-101 5e-101 5e-101 5e-101 5e-101 4.48954e-09 5e-101 5e-101 5e-101 264538 303832 1.10928e-08 5e-101 5e-101 1.27825e-08 41671.9 4.97265e-09 5e-101 5e-101 5e-101 5e-101 5e-101 5e-101 4.08805e-10 5e-101 5e-101 8027.73 133337 591882 6099.65 5e-101 8726.82 39681.1 366214 1190.62 5e-101 5e-101 5e-101 5e-101 5e-101 5e-101 2.67305e-09 5e-101 5e-101 2557.46 115282 508323 160.682 5e-101 6050.66 186680 215472 298.412 5e-101 5e-101 443.746 5e-101 5e-101 5e-101 3097.66 5e-101 5e-101 20636.3 114204 786989 3836.03 5e-101 2839.73 107077 147400 350.311 5e-101 5e-101 5e-101 5e-101
$catchByGroup
0 1165.44 8.83588e-10 0 0 0.00131126 789809 373901 1713.35 0 0.000370978 85565.7 120202 8.66273e-10 0 0 0 0 0 0 4.58359e-09 0 0 0 236495 310197 1.08385e-08 0 0 1.14275e-08 42544.8 4.85863e-09 0 0 0 0 0 0 1.10536e-09 0 0 0.000324241 304080 1.60038e+06 15583 0 0.000352477 90494.1 990197 3041.73 0 0 0 0 0 0 9.25504e-11 0 0 8.12444e-07 3207.31 17599.9 5.16988 0 1.92215e-06 5193.69 7460.4 9.60131 0 0 15.3641 0 0 0 19.0696 0 0 1.91081e-06 592.73 4844.82 22.3077 0 2.62945e-07 555.739 907.417 2.03717 0 0 0 0 
0 3.47623 2.72689e-12 0 0 2.70703e-06 2355.81 1153.92 5.22741 0 7.65869e-07 255.222 370.961 2.64299e-12 0 0 0 0 0 0 1.26982e-11 0 0 0 636.969 859.361 2.9743e-11 0 0 3.07785e-11 117.865 1.33331e-11 0 0 0 0 0 0 3.30813e-12 0 0 5.4475e-07 868.24 4789.64 45.9072 0 5.92189e-07 258.388 2963.48 8.96086 0 0 0 0 0 0 6.11396e-09 0 0 8.82826e-05 220797 1.16267e+06 346.289 0 0.000208867 357544 492841 643.115 0 0 1014.96 0 0 0 540.56 0 0 5.64925e-05 16866 137334 633.162 0 7.77388e-06 15813.4 25722.2 57.8212 0 0 0 0 
0 9.89999 7.76477e-12 0 0 7.72101e-06 6709.14 3285.75 14.8857 0 2.18442e-06 726.849 1056.3 7.52624e-12 0 0 0 0 0 0 4.90591e-11 0 0 0 2461.35 3320.1 1.14918e-10 0 0 1.18933e-10 455.366 5.15149e-11 0 0 0 0 0 0 5.01138e-12 0 0 8.25686e-07 1315.33 7255.66 69.5445 0 8.9759e-07 391.443 4489.28 13.5747 0 0 0 0 0 0 2.55328e-10 0 0 2.26176e-06 8855.61 48554.7 14.2667 0 5.35107e-06 14340.2 20581.8 26.4955 0 0 42.3864 0 0 0 2777 0 0 0.000363679 88350.6 705523 3274.15 0 5.00455e-05 82836.9 132142 298.999 0 0 0 0 
$Fmort
 0.499551 0.208599 0.105465
#ESTIMATED_PARAMETERS
$availability
1.51129 1.21251 2.25331 0.0177228 0.00516576 
0.00747173 0.00579773 0.00906608 4.61192 0.365742 
0.0421509 0.0443921 0.0271795 0.233699 4.65701 
$availabilityVector
 1.51129 0.00747173 0.0421509 1.21251 0.00579773 0.0443921 2.25331 0.00906608 0.0271795 0.0177228 4.61192 0.233699 0.00516576 0.365742 4.65701
$selectivity
 3.58817e-08 1.04539 1.1502 1.11478 1.68963
$RunSize
 0 2135.26 1.52248e-09 0 0 48404.6 1.44705e+06 644256 3011.22 0 13694.6 156769 207116 1.52248e-09 0 0 0 0 0 0 9.13489e-09 0 0 0 504131 618209 2.2076e-08 0 0 2.43597e-08 84789.9 9.89613e-09 0 0 0 0 0 0 1.52248e-09 0 0 8027.73 439601 2.2043e+06 21798.1 0 8726.82 130825 1.36386e+06 4254.89 0 0 0 0 0 0 9.13489e-09 0 0 2557.46 348143 1.73714e+06 526.408 0 6050.66 563758 736355 977.624 0 0 1516.46 0 0 0 6434.29 0 0 20636.3 220013 1.63469e+06 7765.65 0 2839.73 206283 306172 709.168 0 0 0 0
