$ndistricts
3
$ngroups
90
$nstocks
5
$nagecomps
18
$AgeCompLabels
 0.1 0.2 0.3 0.4 0.5 1.1 1.2 1.3 1.4 1.5 2.1 2.2 2.3 2.4 3.1 3.2 3.3 3.4
$navailpar
15
$nselectpar
5
$GENdata
 1 1 1
$maxGradient
53.5609
#LIKELIHOOD_VALUES_AND_PENALTIES
$totalNLL
875.46
$NLLcatch
0.677374
$NLLescape
-10.2246
$NLLagecompCatch
0
$NLLagecompEsc
648.384
$NLLgenetics
236.199
$NLLselOne
0.00041171
$NLLavailOne
0.423843
$NLLextra
4.4e-198
$sigmaCat
0.5
$sigmaEsc
0.05
#OBSERVED_AND_PREDICTED_VALUES
$predEsc
 964229 248898 1.35601e+06 872622 473547
$obsEsc
 957120 248700 1.3496e+06 849576 472770
$predCatch
 2.2437e+06 1.10393e+06 576768
$obsCatch
 2.2437e+06 1.10394e+06 576768
$RunSize
 0 842.349 0 0 0 0 879366 9594.69 0.00136032 0 831496 276408 50242.7 0 0 1.16939e-08 8.22905e-09 0 0 5.76466e-07 0 0 0 4302.26 120767 360178 0 0 0.121185 264633 4571.16 0 0 1.6025e-07 1.29932e-09 0 0 3.89797e-09 341.685 0 0 0 991874 223498 118.316 0 5246.03 519977 150758 0 0 2021.6 3.89797e-09 0 0 9.52837e-09 0 0 0 0 168734 150329 20818.9 0 6.71447e-06 1.2494e+06 262756 0 0 27860.6 44350.2 0 0 7.22424e-07 0 0 0 65.5535 874143 56758.2 0 0 6332.45 237207 44717.3 0 0 4.11452e-08 4.93743e-08 0
$SSageCompEsc
 0 45 1895 0 2073
$obsAgeCompEsc
0 0 0 0 0 0 0.180856 0.0313443 0.00178437 0 0.00116595 0.607557 0.177254 0 0 3.90323e-05 0 0 
0 0 0 0 0 0.017094 0.188034 0.34188 0 0 0 0.444444 0.00854701 0 0 0 0 0 
0 0 6.90521e-05 0 0 0 0.563303 0.106864 6.90521e-05 0 0.00306307 0.279426 0.0462677 0 0 0.000938967 0 0 
0 0 0 0 0 0 0.0261073 0.0361511 0.000100236 0 0.00107332 0.687699 0.218152 0 0 0.0240596 0.00665727 0 
0 0 0 0 0 0.000136092 0.754479 0.0130918 0 0 0.011904 0.193491 0.0268991 0 0 0 0 0 
$predAgeCompEsc
0 0.000100428 0 0 0 0 0.104841 4.71996e-08 1.41078e-09 0 0.862104 0.0329544 2.47161e-07 0 0 1.39419e-15 4.04815e-20 0 
0 9.38759e-13 0 0 0 0.017283 0.196666 0.350653 0 0 4.86826e-07 0.430948 0.00445026 0 0 2.60962e-13 1.26496e-15 0 
0 2.12074e-15 0.000157256 0 0 0 0.539641 0.102862 8.7253e-05 0 0.00386857 0.2829 0.0693845 0 0 0.00109987 1.794e-15 0 
0 5.38894e-15 0 0 0 0 0.0954307 0.0520349 0.0238578 0 7.69389e-12 0.706617 0.0909507 0 0 0.015757 0.0153514 0 
0 6.18067e-13 0 0 0 0.000138416 0.74787 0.0199561 0 0 0.013371 0.202942 0.0157225 0 0 3.52017e-14 1.73599e-14 0 
$SSageCompCatch
 2817 1158 513
$obsAgeCompCatch
0 0.00064708 0 0 0 0 0.556451 0.139679 0 0 0.000269857 0.246195 0.054784 0 0 0.000624923 0.00134929 0 
0 0 0 0 0 0 0.216912 0.0863788 0 0 0 0.489157 0.152436 0 0 0.0118485 0.0432678 0 
0 0 0 0 0 0 0.639665 0.0770206 0 0 0 0.228455 0.0548594 0 0 0 0 0 
$predAgeCompCatch
0 0.0003188 5.44798e-05 0 0 2.41652e-07 0.501892 0.16628 8.95201e-10 0 0.000101334 0.269877 0.058784 0 0 0.000949337 0.00174194 0 
0 2.41422e-05 3.89999e-06 0 0 7.01183e-09 0.205036 0.095584 1.60776e-08 0 3.62294e-06 0.518868 0.147075 0 0 0.0106198 0.022785 0 
0 6.19049e-06 3.29814e-06 0 0 1.12791e-08 0.629748 0.0695965 1.6038e-09 0 1.70251e-06 0.23222 0.063778 0 0 0.00136478 0.00328154 0 
$genSS
 334 295 258
$obsGenComp     #GeneticFracData
0.476417 0.211437 0.216498 0.06083 0.0348178 
0.0336296 0.00595839 0.00767522 0.794789 0.157948 
0.00371822 0.00150739 0.00713496 0.0973771 0.890262 
$predGenComp     #catchGenComp_pred
0.463051 0.219916 0.228679 0.0555286 0.0328261 
0.0357649 0.00871815 0.0155483 0.785406 0.154562 
0.00917574 0.00434348 0.0131372 0.10402 0.869324 
#PARAMETERS_OF_INTEREST
$catchByGroup
0 0 0 
715.292 26.6514 3.57047 
0 0 0 
0 0 0 
0 0 0 
0 0 0 
746725 27822.6 3727.38 
9069.86 462.381 62.4065 
4.02417e-09 6.83988e-11 9.03678e-12 
0 0 0 
227.089 3.86034 0.510025 
234716 8745.39 1171.61 
47494.4 2421.26 326.792 
0 0 0 
0 0 0 
9.93003e-09 3.69988e-10 4.95671e-11 
7.77891e-09 3.96569e-10 5.3524e-11 
0 0 0 
0 0 0 
3.35408e-07 5.87588e-09 1.52764e-09 
0 0 0 
0 0 0 
0 0 0 
0.541627 0.00636493 0.00164853 
70266.4 1230.97 320.034 
265812 5624.52 1465.26 
0 0 0 
0 0 0 
1.52565e-05 1.79286e-07 4.64355e-08 
153973 2697.39 701.282 
3373.52 71.3828 18.5962 
0 0 0 
0 0 0 
9.32388e-08 1.63342e-09 4.24664e-10 
9.58901e-10 2.02901e-11 5.28586e-12 
0 0 0 
0 0 0 
9.76057e-10 3.2042e-11 1.41399e-11 
122.236 4.30533 1.90226 
0 0 0 
0 0 0 
0 0 0 
248367 8153.38 3598.03 
79955.4 2816.14 1244.28 
5.3331e-05 1.52733e-06 6.72446e-07 
0 0 0 
0.218332 0.00625286 0.00275299 
130203 4274.3 1886.22 
53932.9 1899.59 839.314 
0 0 0 
0 0 0 
506.211 16.6179 7.33337 
1.39448e-09 4.91156e-11 2.17012e-11 
0 0 0 
0 0 0 
5.55349e-10 4.00381e-09 2.66703e-10 
0 0 0 
0 0 0 
0 0 0 
0 0 0 
9834.47 70902.1 4722.95 
13247.8 85258.7 6415.43 
0.00195523 0.0177471 0.000924348 
0 0 0 
5.82247e-11 5.28473e-10 2.75262e-11 
72819.4 524995 34971.2 
23155.6 149022 11213.4 
0 0 0 
0 0 0 
1623.82 11707 779.83 
3908.39 25153.1 1892.69 
0 0 0 
0 0 0 
4.20687e-08 9.77156e-08 2.89955e-07 
0 0 0 
0 0 0 
0 0 0 
0.000567937 0.00137567 0.00485691 
50903.7 118237 350850 
4997.55 11356.8 30953.6 
0 0 0 
0 0 0 
0.0548625 0.132889 0.469176 
13813.2 32084.8 95206.5 
3937.35 8947.54 24387 
0 0 0 
0 0 0 
2.396e-09 5.56534e-09 1.65142e-08 
4.3474e-09 9.87937e-09 2.69268e-08 
0 0 0 
$escByGroup
 5e-101 96.8355 5e-101 5e-101 5e-101 5e-101 101091 0.0455112 0.00136031 5e-101 831265 31775.6 0.23832 5e-101 5e-101 1.34432e-09 3.90334e-14 5e-101 5e-101 2.33655e-07 5e-101 5e-101 5e-101 4301.71 48949.7 87276.6 5e-101 5e-101 0.12117 107262 1107.66 5e-101 5e-101 6.49529e-08 3.14846e-10 5e-101 5e-101 2.87573e-09 213.241 5e-101 5e-101 5e-101 731756 139482 118.316 5e-101 5245.81 383614 94085.8 5e-101 5e-101 1491.44 2.43267e-09 5e-101 5e-101 4.7025e-09 5e-101 5e-101 5e-101 5e-101 83274.9 45406.8 20818.9 5e-101 6.71385e-06 616610 79365.5 5e-101 5e-101 13749.9 13396 5e-101 5e-101 2.92684e-07 5e-101 5e-101 5e-101 65.5467 354152 9450.17 5e-101 5e-101 6331.79 96102.5 7445.37 5e-101 5e-101 1.66696e-08 8.22075e-09 5e-101
$catchByGroup
0 715.292 0 0 0 0 746725 9069.86 4.02417e-09 0 227.089 234716 47494.4 0 0 9.93003e-09 7.77891e-09 0 0 3.35408e-07 0 0 0 0.541627 70266.4 265812 0 0 1.52565e-05 153973 3373.52 0 0 9.32388e-08 9.58901e-10 0 0 9.76057e-10 122.236 0 0 0 248367 79955.4 5.3331e-05 0 0.218332 130203 53932.9 0 0 506.211 1.39448e-09 0 0 5.55349e-10 0 0 0 0 9834.47 13247.8 0.00195523 0 5.82247e-11 72819.4 23155.6 0 0 1623.82 3908.39 0 0 4.20687e-08 0 0 0 0.000567937 50903.7 4997.55 0 0 0.0548625 13813.2 3937.35 0 0 2.396e-09 4.3474e-09 0 
0 26.6514 0 0 0 0 27822.6 462.381 6.83988e-11 0 3.86034 8745.39 2421.26 0 0 3.69988e-10 3.96569e-10 0 0 5.87588e-09 0 0 0 0.00636493 1230.97 5624.52 0 0 1.79286e-07 2697.39 71.3828 0 0 1.63342e-09 2.02901e-11 0 0 3.2042e-11 4.30533 0 0 0 8153.38 2816.14 1.52733e-06 0 0.00625286 4274.3 1899.59 0 0 16.6179 4.91156e-11 0 0 4.00381e-09 0 0 0 0 70902.1 85258.7 0.0177471 0 5.28473e-10 524995 149022 0 0 11707 25153.1 0 0 9.77156e-08 0 0 0 0.00137567 118237 11356.8 0 0 0.132889 32084.8 8947.54 0 0 5.56534e-09 9.87937e-09 0 
0 3.57047 0 0 0 0 3727.38 62.4065 9.03678e-12 0 0.510025 1171.61 326.792 0 0 4.95671e-11 5.3524e-11 0 0 1.52764e-09 0 0 0 0.00164853 320.034 1465.26 0 0 4.64355e-08 701.282 18.5962 0 0 4.24664e-10 5.28586e-12 0 0 1.41399e-11 1.90226 0 0 0 3598.03 1244.28 6.72446e-07 0 0.00275299 1886.22 839.314 0 0 7.33337 2.17012e-11 0 0 2.66703e-10 0 0 0 0 4722.95 6415.43 0.000924348 0 2.75262e-11 34971.2 11213.4 0 0 779.83 1892.69 0 0 2.89955e-07 0 0 0 0.00485691 350850 30953.6 0 0 0.469176 95206.5 24387 0 0 1.65142e-08 2.69268e-08 0 
$Fmort
 0.47421 0.110774 0.0824626
#ESTIMATED_PARAMETERS
$availability
3.01627 1.39029 0.45959 0.0957575 0.0956711 
0.219469 0.0699367 0.056345 3.7208 0.992043 
0.0389511 0.0243326 0.0333243 0.26033 4.70509 
$availabilityVector
 3.01627 0.219469 0.0389511 1.39029 0.0699367 0.0243326 0.45959 0.056345 0.0333243 0.0957575 3.7208 0.26033 0.0956711 0.992043 4.70509
$selectivity
 0.000190965 1.32245 2.0316 2.06822e-06 1.64897
$RunSize
 0 842.349 0 0 0 0 879366 9594.69 0.00136032 0 831496 276408 50242.7 0 0 1.16939e-08 8.22905e-09 0 0 5.76466e-07 0 0 0 4302.26 120767 360178 0 0 0.121185 264633 4571.16 0 0 1.6025e-07 1.29932e-09 0 0 3.89797e-09 341.685 0 0 0 991874 223498 118.316 0 5246.03 519977 150758 0 0 2021.6 3.89797e-09 0 0 9.52837e-09 0 0 0 0 168734 150329 20818.9 0 6.71447e-06 1.2494e+06 262756 0 0 27860.6 44350.2 0 0 7.22424e-07 0 0 0 65.5535 874143 56758.2 0 0 6332.45 237207 44717.3 0 0 4.11452e-08 4.93743e-08 0
