$ndistricts
3
$ngroups
90
$nstocks
5
$nagecomps
18
$AgeCompLabels
 0.1 0.2 0.3 0.4 0.5 1.1 1.2 1.3 1.4 1.5 2.1 2.2 2.3 2.4 3.1 3.2 3.3 3.4
$navailpar
15
$nselectpar
5
$GENdata
 -1 -1 -1
$maxGradient
3.63751e-06
#LIKELIHOOD_VALUES_AND_PENALTIES
$totalNLL
973.038
$NLLcatch
0.677374
$NLLescape
-6.87802
$NLLagecompCatch
0
$NLLagecompEsc
979.236
$NLLgenetics
0
$NLLselOne
1.91627e-17
$NLLavailOne
0.00216271
$NLLextra
3.92766e-08
$sigmaCat
0.5
$sigmaEsc
0.1
#OBSERVED_AND_PREDICTED_VALUES
$predEsc
 1.01464e+06 148956 590741 541001 81055.5
$obsEsc
 1.00996e+06 151188 586518 546402 79428
$predCatch
 1.10236e+06 839820 17440
$obsCatch
 1.10236e+06 839820 17440
$RunSize
 0 0 1.92429e-09 721.076 0 2.40537e-09 224758 240277 2.40537e-09 0 0 740972 385717 3.12698e-09 0 2.40537e-09 4.5702e-09 0 0 0 4.81073e-10 9.62147e-10 0 1.03431e-08 135292 38759.8 7.2161e-10 0 0 43916.7 6549.06 7.2161e-10 0 4.81073e-10 7.2161e-10 0 0 0 1.92429e-09 5.19559e-08 0 2.40537e-09 94706.8 391662 2245.74 0 0 247956 364041 1.92429e-09 0 1.92429e-09 2.88644e-09 0 0 0 748.391 1.44322e-09 0 3.12698e-09 15124.4 140270 775.361 0 0 556466 580757 754.698 0 7165.29 16955 0 0 0 4.81073e-10 4.81073e-10 0 83.152 12815.9 41428.1 172.203 0 0 31860.9 13072.6 4.81073e-10 0 4.81073e-10 4.81073e-10 0
$SSageCompEsc
 635 240 1475 970 672
$obsAgeCompEsc
0 0 0 0 0 0 0.174701 0.144554 0 0 0 0.485852 0.194893 0 0 0 0 0 
0 0 0 0 0 0 0.625625 0.151789 0 0 0 0.197576 0.0250096 0 0 0 0 0 
0 0 0 0 0 0 0.111746 0.348531 0.00233359 0 0 0.257101 0.280289 0 0 0 0 0 
0 0 0 0 0 0 0.0123745 0.0803945 0 0 0 0.510835 0.386989 0 0 0.00120798 0.00819932 0 
0 0 0 0 0 0 0.123764 0.422167 0.000928036 0 0 0.301539 0.151602 0 0 0 0 0 
$predAgeCompEsc
0 0 1.09546e-15 0.000282478 0 -4.1188e-16 0.14973 0.136785 9.4229e-16 0 0 0.493622 0.219581 1.22498e-15 0 1.60241e-15 2.60172e-15 0 
0 0 1.8967e-15 2.67318e-15 0 -7.70665e-15 0.620081 0.152816 2.00489e-15 0 0 0.201283 0.0258205 2.00489e-15 0 2.20489e-15 2.84504e-15 0 
0 0 1.63676e-15 2.69384e-14 0 -1.00431e-15 0.0984079 0.333138 0.00116438 0 0 0.257646 0.309644 9.97718e-16 0 1.99949e-15 2.45513e-15 0 
0 0 0.000490189 4.11429e-16 0 -1.57373e-15 0.0134767 0.0918752 0.000221038 0 0 0.495842 0.38039 0.000215147 0 0.00638467 0.0111054 0 
0 0 4.69584e-15 4.00345e-15 0 -7.73186e-10 0.133841 0.404387 0.00143306 0 0 0.332735 0.127604 4.00345e-15 0 5.02403e-15 4.69584e-15 0 
$SSageCompCatch
 934 1400 617
$obsAgeCompCatch
0 0 0 0.000756098 0 0 0.0701597 0.235968 0 0 0 0.315033 0.377137 0 0 0 0.000946855 0 
0 0 0.00127254 0 0 0 0.0264625 0.15814 0.0011316 0 0 0.29343 0.487562 0.001317 0 0.0110006 0.0196837 0 
0 0 0 0 0 0.00231482 0.094039 0.304139 0.00279582 0 0 0.38623 0.210481 0 0 0 0 0 
$predAgeCompCatch
0 0 3.13116e-05 0.000349431 0 7.57558e-06 0.126363 0.260659 0.00129932 0 0 0.303967 0.306345 4.98915e-05 0 0.000219015 0.000709374 0 
0 0 0.000529434 5.73108e-05 0 4.20359e-05 0.0256095 0.141331 0.000953758 0 0 0.360271 0.454427 0.000686774 0 0.00409797 0.0119945 0 
0 0 0.000232395 6.48419e-05 0 0.00226482 0.07638 0.317147 0.00208743 0 0 0.302132 0.292435 0.000374931 0 0.00161632 0.00526497 0 
$genSS
 -1 -1 -1
$obsGenComp     #GeneticFracData
0 0 0 0 0 
0 0 0 0 0 
0 0 0 0 0 
$predGenComp     #catchGenComp_pred
0 0 0 0 0 
0 0 0 0 0 
0 0 0 0 0 
#PARAMETERS_OF_INTEREST
$catchByGroup
0 0 0 
0 0 0 
7.29716e-10 8.11914e-11 1.88378e-12 
385.2 48.1307 1.13084 
0 0 0 
2.2647e-09 5.44588e-10 1.39881e-11 
65751.8 6924.3 159.737 
91116.1 10138 235.219 
1.28495e-09 1.60555e-10 3.77227e-12 
0 0 0 
0 0 0 
216767 22827.7 526.612 
146268 16274.5 377.597 
1.67044e-09 2.08721e-10 4.90395e-12 
0 0 0 
7.03676e-10 7.41039e-11 1.70951e-12 
1.73307e-09 1.9283e-10 4.47399e-12 
0 0 0 
0 0 0 
0 0 0 
1.84032e-10 1.40212e-11 4.95973e-13 
5.1783e-10 4.45412e-11 1.58907e-12 
0 0 0 
9.7573e-09 1.67039e-09 6.33373e-11 
39952.2 2873.9 101.263 
14827.4 1129.68 39.9603 
3.88372e-10 3.34059e-11 1.1918e-12 
0 0 0 
0 0 0 
12968.8 932.889 32.8708 
2505.31 190.877 6.7519 
3.88372e-10 3.34059e-11 1.1918e-12 
0 0 0 
1.42062e-10 1.02191e-11 3.60073e-13 
2.76048e-10 2.10319e-11 7.4396e-13 
0 0 0 
0 0 0 
0 0 0 
8.55867e-10 1.00312e-10 1.2149e-12 
3.17182e-08 4.27153e-09 5.25548e-11 
0 0 0 
2.333e-09 6.56627e-10 9.0291e-12 
32919.8 3609.91 43.407 
174199 20417 247.275 
1370.98 184.632 2.27162 
0 0 0 
0 0 0 
86188.8 9451.25 113.646 
161914 18977.2 229.837 
1.17475e-09 1.58205e-10 1.94647e-12 
0 0 0 
6.6888e-10 7.33477e-11 8.81963e-13 
1.2838e-09 1.50468e-10 1.82235e-12 
0 0 0 
0 0 0 
0 0 0 
34.5169 444.629 4.05297 
1.05175e-10 1.10296e-09 1.25042e-11 
0 0 0 
7.66451e-10 3.11241e-09 9.94986e-11 
509.616 7264.38 59.4999 
6469.43 83336 759.641 
56.5044 592.557 6.71783 
0 0 0 
0 0 0 
18750.1 267276 2189.16 
26785.4 345036 3145.13 
54.9986 576.766 6.5388 
0 0 0 
241.434 3441.56 28.1885 
781.989 10073.2 91.8211 
0 0 0 
0 0 0 
0 0 0 
8.47489e-12 4.26348e-11 4.93399e-11 
1.35085e-11 6.64749e-11 7.65884e-11 
0 0 0 
8.35105 35.3026 39.4984 
164.285 834.877 968.16 
729.823 3671.53 4248.95 
4.83545 23.795 27.4153 
0 0 0 
0 0 0 
408.42 2075.54 2406.89 
230.295 1158.55 1340.75 
1.35085e-11 6.64749e-11 7.65884e-11 
0 0 0 
6.16681e-12 3.1339e-11 3.63421e-11 
8.47489e-12 4.26348e-11 4.93399e-11 
0 0 0 
$escByGroup
 5e-101 5e-101 1.1115e-09 286.614 5e-101 2.39285e-191 151923 138788 9.56088e-10 5e-101 5e-101 500850 222796 1.24291e-09 5e-101 1.62588e-09 2.63982e-09 5e-101 5e-101 5e-101 2.82524e-10 3.98186e-10 5e-101 8.71118e-192 92364.7 22762.8 2.9864e-10 5e-101 5e-101 29982.2 3846.12 2.9864e-10 5e-101 3.28432e-10 4.23786e-10 5e-101 5e-101 5e-101 9.669e-10 1.59136e-08 5e-101 1.68553e-191 58133.6 196798 687.849 5e-101 5e-101 152202 182920 5.89394e-10 5e-101 1.18118e-09 1.45035e-09 5e-101 5e-101 5e-101 265.192 2.22583e-10 5e-101 1.17455e-191 7290.88 49704.5 119.582 5e-101 5e-101 268251 205791 116.395 5e-101 3454.11 6008.01 5e-101 5e-101 5e-101 3.80624e-10 3.24501e-10 5e-101 1.59563e-196 10848.6 32777.8 116.157 5e-101 5e-101 26970 10343 3.24501e-10 5e-101 4.07225e-10 3.80624e-10 5e-101
$catchByGroup
0 0 7.29716e-10 385.2 0 2.2647e-09 65751.8 91116.1 1.28495e-09 0 0 216767 146268 1.67044e-09 0 7.03676e-10 1.73307e-09 0 0 0 1.84032e-10 5.1783e-10 0 9.7573e-09 39952.2 14827.4 3.88372e-10 0 0 12968.8 2505.31 3.88372e-10 0 1.42062e-10 2.76048e-10 0 0 0 8.55867e-10 3.17182e-08 0 2.333e-09 32919.8 174199 1370.98 0 0 86188.8 161914 1.17475e-09 0 6.6888e-10 1.2838e-09 0 0 0 34.5169 1.05175e-10 0 7.66451e-10 509.616 6469.43 56.5044 0 0 18750.1 26785.4 54.9986 0 241.434 781.989 0 0 0 8.47489e-12 1.35085e-11 0 8.35105 164.285 729.823 4.83545 0 0 408.42 230.295 1.35085e-11 0 6.16681e-12 8.47489e-12 0 
0 0 8.11914e-11 48.1307 0 5.44588e-10 6924.3 10138 1.60555e-10 0 0 22827.7 16274.5 2.08721e-10 0 7.41039e-11 1.9283e-10 0 0 0 1.40212e-11 4.45412e-11 0 1.67039e-09 2873.9 1129.68 3.34059e-11 0 0 932.889 190.877 3.34059e-11 0 1.02191e-11 2.10319e-11 0 0 0 1.00312e-10 4.27153e-09 0 6.56627e-10 3609.91 20417 184.632 0 0 9451.25 18977.2 1.58205e-10 0 7.33477e-11 1.50468e-10 0 0 0 444.629 1.10296e-09 0 3.11241e-09 7264.38 83336 592.557 0 0 267276 345036 576.766 0 3441.56 10073.2 0 0 0 4.26348e-11 6.64749e-11 0 35.3026 834.877 3671.53 23.795 0 0 2075.54 1158.55 6.64749e-11 0 3.1339e-11 4.26348e-11 0 
0 0 1.88378e-12 1.13084 0 1.39881e-11 159.737 235.219 3.77227e-12 0 0 526.612 377.597 4.90395e-12 0 1.70951e-12 4.47399e-12 0 0 0 4.95973e-13 1.58907e-12 0 6.33373e-11 101.263 39.9603 1.1918e-12 0 0 32.8708 6.7519 1.1918e-12 0 3.60073e-13 7.4396e-13 0 0 0 1.2149e-12 5.25548e-11 0 9.0291e-12 43.407 247.275 2.27162 0 0 113.646 229.837 1.94647e-12 0 8.81963e-13 1.82235e-12 0 0 0 4.05297 1.25042e-11 0 9.94986e-11 59.4999 759.641 6.71783 0 0 2189.16 3145.13 6.5388 0 28.1885 91.8211 0 0 0 4.93399e-11 7.65884e-11 0 39.4984 968.16 4248.95 27.4153 0 0 2406.89 1340.75 7.65884e-11 0 3.63421e-11 4.93399e-11 0 
$Fmort
 0.989623 0.687883 0.071371
#ESTIMATED_PARAMETERS
$availability
1.47976 1.49647 1.82616 0.146556 0.0551649 
0.19249 0.132076 0.239055 4.02619 0.414372 
0.0421509 0.0443921 0.0271795 0.233699 4.65701 
$availabilityVector
 1.47976 0.19249 0.0421509 1.49647 0.132076 0.0443921 1.82616 0.239055 0.0271795 0.146556 4.02619 0.233699 0.0551649 0.414372 4.65701
$selectivity
 1.93872 0.236328 0.325569 0.521715 1.97766
$RunSize
 0 0 1.92429e-09 721.076 0 2.40537e-09 224758 240277 2.40537e-09 0 0 740972 385717 3.12698e-09 0 2.40537e-09 4.5702e-09 0 0 0 4.81073e-10 9.62147e-10 0 1.03431e-08 135292 38759.8 7.2161e-10 0 0 43916.7 6549.06 7.2161e-10 0 4.81073e-10 7.2161e-10 0 0 0 1.92429e-09 5.19559e-08 0 2.40537e-09 94706.8 391662 2245.74 0 0 247956 364041 1.92429e-09 0 1.92429e-09 2.88644e-09 0 0 0 748.391 1.44322e-09 0 3.12698e-09 15124.4 140270 775.361 0 0 556466 580757 754.698 0 7165.29 16955 0 0 0 4.81073e-10 4.81073e-10 0 83.152 12815.9 41428.1 172.203 0 0 31860.9 13072.6 4.81073e-10 0 4.81073e-10 4.81073e-10 0
