$ndistricts
3
$ngroups
90
$nstocks
5
$nagecomps
18
$AgeCompLabels
 0.1 0.2 0.3 0.4 0.5 1.1 1.2 1.3 1.4 1.5 2.1 2.2 2.3 2.4 3.1 3.2 3.3 3.4
$navailpar
15
$nselectpar
5
$GENdata
 1 1 1
$maxGradient
6.22434e-06
#LIKELIHOOD_VALUES_AND_PENALTIES
$totalNLL
1121.07
$NLLcatch
0.677374
$NLLescape
-6.91779
$NLLagecompCatch
0
$NLLagecompEsc
823.736
$NLLgenetics
303.578
$NLLselOne
1.1669e-17
$NLLavailOne
1.60154e-15
$NLLextra
4.3e-198
$sigmaCat
0.5
$sigmaEsc
0.1
#OBSERVED_AND_PREDICTED_VALUES
$predEsc
 6.19493e+06 1.18166e+06 1.62332e+06 1.72844e+06 1.66646e+06
$obsEsc
 6.19691e+06 1.18218e+06 1.62536e+06 1.7284e+06 1.66204e+06
$predCatch
 8.66758e+06 7.38808e+06 2.25601e+06
$obsCatch
 8.66758e+06 7.38808e+06 2.25601e+06
$RunSize
 0 0 0 0 0 0 7.22246e+06 996651 4555.88 0 3.40911e-09 3.66891e+06 448003 8.52278e-09 0 5.11367e-09 3.40911e-09 0 0 0 0 0 0 0 1.86298e+06 638290 3.40911e-09 0 3.40911e-09 3.40911e-09 287477 3.40911e-09 0 3.40911e-09 3.40911e-09 0 0 0 0 0 0 1253.1 2.22813e+06 699584 21752.8 0 454.087 660110 686842 3.40911e-09 0 3.40911e-09 3.40911e-09 0 0 0 0 0 0 349.085 1.43943e+06 475469 3.40911e-09 0 2923.65 3.664e+06 629166 9063.45 0 1173.9 18580.7 0 0 0 0 0 0 0 3.66858e+06 503303 28304 0 3.40911e-09 574971 235873 26527.3 0 3.40911e-09 1296.8 0
$SSageCompEsc
 2380 104 1890 1477 1411
$obsAgeCompEsc
0 0 0 0 0 0 0.615132 0.0694446 0.000357283 0 0 0.286128 0.0289382 0 0 0 0 0 
0 0 0 0 0 0 0.714131 0.198139 0 0 0 0 0.0877296 0 0 0 0 0 
0 0 0 0 0 0.000703682 0.569843 0.134148 0.0045517 0 0.000253706 0.162877 0.127623 0 0 0 0 0 
0 0 0 0 0 0.000178377 0.263793 0.0594444 0 0 0.00139794 0.598367 0.0728652 0.00122102 0 0 0.00273333 0 
0 0 0 0 0 0 0.788278 0.0807604 0.002578 0 0 0.0910592 0.0314665 0.00585774 0 0 0 0 
$predAgeCompEsc
0 0 0 0 0 0 0.596166 0.0694444 0.000329118 0 5.00619e-16 0.302845 0.0312158 6.15688e-16 0 4.221e-16 2.37539e-16 0 
0 0 0 0 0 0 0.711292 0.199056 1.11018e-15 0 2.57752e-15 1.30161e-15 0.089652 1.11018e-15 0 1.30161e-15 1.06316e-15 0 
0 0 0 0 0 0.000687619 0.561264 0.134763 0.00444692 0 0.000249174 0.166281 0.132308 6.96926e-16 0 8.58753e-16 6.56707e-16 0 
0 0 0 0 0 0.000169833 0.242949 0.0574305 4.43102e-16 0 0.00142238 0.618413 0.0759952 0.00117803 0 0.000198131 0.00224432 0 
0 0 0 0 0 0 0.76608 0.0715887 0.00440334 0 1.80576e-15 0.120067 0.03355 0.00412693 0 7.11898e-16 0.000184455 0 
$SSageCompCatch
 3225 3626 2498
$obsAgeCompCatch
0 0 0 0 0 0 0.554547 0.133483 0.00144479 0 0 0.223273 0.0864116 0.000840049 0 0 0 0 
0 0 0 0 0 0 0.350122 0.11226 0.00163387 0 0 0.421635 0.111273 0.00162759 0 0.000330949 0.00111786 0 
0 0 0 0 0 0 0.612963 0.0952609 0.00691114 0 9.72857e-05 0.219784 0.0610594 0.00268373 0 0 0.00124054 0 
$predAgeCompCatch
0 0 0 0 0 1.07834e-05 0.571236 0.134967 0.00179267 0 5.36594e-06 0.209895 0.0815001 0.000492727 0 3.83831e-06 9.62677e-05 0 
0 0 0 0 0 1.29732e-05 0.388984 0.107341 0.00145136 0 6.06596e-05 0.398386 0.100356 0.00149747 0 0.000101322 0.0018091 0 
0 0 0 0 0 1.37423e-06 0.644996 0.109782 0.00521107 0 8.90182e-06 0.173051 0.0612396 0.00502794 0 2.19858e-05 0.000660814 0 
$genSS
 328 330 337
$obsGenComp     #GeneticFracData
0.546515 0.155285 0.198431 0.0204164 0.0793523 
0.183262 0.038824 0.126613 0.534624 0.116677 
0.0340548 0.000615448 0.00759052 0.104831 0.852908 
$predGenComp     #catchGenComp_pred
0.548219 0.153262 0.199537 0.0211464 0.0778358 
0.177856 0.0375436 0.125646 0.548892 0.110063 
0.0354187 0.000578804 0.00754913 0.121089 0.835364 
#PARAMETERS_OF_INTEREST
$catchByGroup
0 0 0 
0 0 0 
0 0 0 
0 0 0 
0 0 0 
0 0 0 
2.73163e+06 751955 45660.2 
434994 123854 7599.98 
1936.03 547.463 33.5214 
0 0 0 
2.45874e-10 5.85373e-11 3.40439e-12 
1.38763e+06 381983 23194.8 
195534 55673.4 3416.26 
3.62178e-09 1.02415e-09 6.27092e-11 
0 0 0 
1.93406e-09 5.32402e-10 3.23285e-11 
1.48793e-09 4.23651e-10 2.59963e-11 
0 0 0 
0 0 0 
0 0 0 
0 0 0 
0 0 0 
0 0 0 
0 0 0 
847634 174030 816.241 
331483 71253.5 337.527 
1.72761e-09 3.67909e-10 1.73923e-12 
0 0 0 
3.1087e-10 5.22652e-11 2.35351e-13 
1.5511e-09 3.18461e-10 1.49366e-12 
149295 32091.6 152.017 
1.72761e-09 3.67909e-10 1.73923e-12 
0 0 0 
1.5511e-09 3.18461e-10 1.49366e-12 
1.77045e-09 3.80566e-10 1.80274e-12 
0 0 0 
0 0 0 
0 0 0 
0 0 0 
0 0 0 
0 0 0 
91.8887 44.2515 0.734173 
854107 454640 8273.49 
309249 168439 3134.17 
9363.64 5076.34 94.0272 
0 0 0 
33.2979 16.0355 0.266044 
253039 134693 2451.12 
303616 165371 3077.08 
1.46748e-09 7.95569e-10 1.4736e-11 
0 0 0 
1.30681e-09 6.95615e-10 1.26587e-11 
1.50699e-09 8.20811e-10 1.5273e-11 
0 0 0 
0 0 0 
0 0 0 
0 0 0 
0 0 0 
0 0 0 
1.5775 51.5956 2.3661 
40794.3 917898 60819.7 
16216.1 335847 24140.7 
1.12241e-10 2.36385e-09 1.67143e-10 
0 0 0 
13.2118 432.122 19.8165 
103840 2.33646e+06 154813 
21458 444410 31944.3 
298.403 6284.53 444.365 
0 0 0 
33.2689 748.571 49.6001 
633.704 13124.5 943.391 
0 0 0 
0 0 0 
0 0 0 
0 0 0 
0 0 0 
0 0 0 
0 0 0 
477066 575323 1.33954e+06 
77895.2 93652.2 212456 
4238.41 5098.96 11628.7 
0 0 0 
7.40031e-11 9.03925e-11 2.35487e-10 
74769.9 90169.5 209945 
36505.6 43890.1 99567.3 
3972.35 4778.88 10898.7 
0 0 0 
4.43325e-10 5.34632e-10 1.2448e-09 
200.704 241.303 547.411 
0 0 0 
$escByGroup
 5e-101 5e-101 5e-101 5e-101 5e-101 5e-101 3.69321e+06 430203 2038.86 5e-101 3.1013e-09 1.8761e+06 193380 3.81415e-09 5e-101 2.61488e-09 1.47154e-09 5e-101 5e-101 5e-101 5e-101 5e-101 5e-101 5e-101 840504 235216 1.31186e-09 5e-101 3.04574e-09 1.53806e-09 105938 1.31186e-09 5e-101 1.53806e-09 1.25629e-09 5e-101 5e-101 5e-101 5e-101 5e-101 5e-101 1116.22 911109 218763 7218.76 5e-101 404.488 269927 214778 1.13133e-09 5e-101 1.39403e-09 1.06604e-09 5e-101 5e-101 5e-101 5e-101 5e-101 5e-101 293.546 419922 99265.3 7.65875e-10 5e-101 2458.5 1.06889e+06 131353 2036.15 5e-101 342.458 3879.17 5e-101 5e-101 5e-101 5e-101 5e-101 5e-101 5e-101 1.27665e+06 119300 7338.01 5e-101 3.00923e-09 200087 55910 6877.38 5e-101 1.18635e-09 307.387 5e-101
$catchByGroup
0 0 0 0 0 0 2.73163e+06 434994 1936.03 0 2.45874e-10 1.38763e+06 195534 3.62178e-09 0 1.93406e-09 1.48793e-09 0 0 0 0 0 0 0 847634 331483 1.72761e-09 0 3.1087e-10 1.5511e-09 149295 1.72761e-09 0 1.5511e-09 1.77045e-09 0 0 0 0 0 0 91.8887 854107 309249 9363.64 0 33.2979 253039 303616 1.46748e-09 0 1.30681e-09 1.50699e-09 0 0 0 0 0 0 1.5775 40794.3 16216.1 1.12241e-10 0 13.2118 103840 21458 298.403 0 33.2689 633.704 0 0 0 0 0 0 0 477066 77895.2 4238.41 0 7.40031e-11 74769.9 36505.6 3972.35 0 4.43325e-10 200.704 0 
0 0 0 0 0 0 751955 123854 547.463 0 5.85373e-11 381983 55673.4 1.02415e-09 0 5.32402e-10 4.23651e-10 0 0 0 0 0 0 0 174030 71253.5 3.67909e-10 0 5.22652e-11 3.18461e-10 32091.6 3.67909e-10 0 3.18461e-10 3.80566e-10 0 0 0 0 0 0 44.2515 454640 168439 5076.34 0 16.0355 134693 165371 7.95569e-10 0 6.95615e-10 8.20811e-10 0 0 0 0 0 0 51.5956 917898 335847 2.36385e-09 0 432.122 2.33646e+06 444410 6284.53 0 748.571 13124.5 0 0 0 0 0 0 0 575323 93652.2 5098.96 0 9.03925e-11 90169.5 43890.1 4778.88 0 5.34632e-10 241.303 0 
0 0 0 0 0 0 45660.2 7599.98 33.5214 0 3.40439e-12 23194.8 3416.26 6.27092e-11 0 3.23285e-11 2.59963e-11 0 0 0 0 0 0 0 816.241 337.527 1.73923e-12 0 2.35351e-13 1.49366e-12 152.017 1.73923e-12 0 1.49366e-12 1.80274e-12 0 0 0 0 0 0 0.734173 8273.49 3134.17 94.0272 0 0.266044 2451.12 3077.08 1.4736e-11 0 1.26587e-11 1.5273e-11 0 0 0 0 0 0 2.3661 60819.7 24140.7 1.67143e-10 0 19.8165 154813 31944.3 444.365 0 49.6001 943.391 0 0 0 0 0 0 0 1.33954e+06 212456 11628.7 0 2.35487e-10 209945 99567.3 10898.7 0 1.2448e-09 547.411 0 
$Fmort
 0.407947 0.381696 0.119548
#ESTIMATED_PARAMETERS
$availability
1.37045 1.75055 1.39428 0.0829203 0.401796 
0.338901 0.302307 0.703481 3.12949 0.525822 
0.062419 0.00431312 0.0366137 0.424894 4.47176 
$availabilityVector
 1.37045 0.338901 0.062419 1.75055 0.302307 0.00431312 1.39428 0.703481 0.0366137 0.0829203 3.12949 0.424894 0.401796 0.525822 4.47176
$selectivity
 0.133893 0.849907 1.02582 0.98968 2.0007
$RunSize
 0 0 0 0 0 0 7.22246e+06 996651 4555.88 0 3.40911e-09 3.66891e+06 448003 8.52278e-09 0 5.11367e-09 3.40911e-09 0 0 0 0 0 0 0 1.86298e+06 638290 3.40911e-09 0 3.40911e-09 3.40911e-09 287477 3.40911e-09 0 3.40911e-09 3.40911e-09 0 0 0 0 0 0 1253.1 2.22813e+06 699584 21752.8 0 454.087 660110 686842 3.40911e-09 0 3.40911e-09 3.40911e-09 0 0 0 0 0 0 349.085 1.43943e+06 475469 3.40911e-09 0 2923.65 3.664e+06 629166 9063.45 0 1173.9 18580.7 0 0 0 0 0 0 0 3.66858e+06 503303 28304 0 3.40911e-09 574971 235873 26527.3 0 3.40911e-09 1296.8 0
