$ndistricts
3
$ngroups
90
$nstocks
5
$nagecomps
18
$AgeCompLabels
 0.1 0.2 0.3 0.4 0.5 1.1 1.2 1.3 1.4 1.5 2.1 2.2 2.3 2.4 3.1 3.2 3.3 3.4
$navailpar
15
$nselectpar
5
$GENdata
 -1 -1 -1
$maxGradient
2.96759e-06
#LIKELIHOOD_VALUES_AND_PENALTIES
$totalNLL
603.159
$NLLcatch
0.677374
$NLLescape
-6.89958
$NLLagecompCatch
0
$NLLagecompEsc
609.379
$NLLgenetics
0
$NLLselOne
3.26664e-16
$NLLavailOne
0.00216271
$NLLextra
5e-198
$sigmaCat
0.5
$sigmaEsc
0.1
#OBSERVED_AND_PREDICTED_VALUES
$predEsc
 1.41507e+07 176775 727130 925354 730169
$obsEsc
 1.39353e+07 177060 732502 919734 735024
$predCatch
 1.78038e+07 1.40351e+06 171541
$obsCatch
 1.78038e+07 1.40351e+06 171541
$RunSize
 0 0 9.95828e-09 0 0 0 460572 262491 3497.14 0 14499.5 2.95121e+07 392845 0 0 5701.05 12158.3 0 0 0 3.98331e-09 0 0 5094.85 267838 77976.1 0 0 0 25540.8 64444.7 0 0 3.98331e-09 3.98331e-09 0 0 0 3.98331e-09 0 0 0 805710 528617 0 0 1761.14 749758 272838 0 0 3890.32 3.98331e-09 0 0 0 155.375 0 0 0 127799 9457.81 0 0 92.662 1.30276e+06 194632 0 0 63860.6 6552.16 0 0 0 355.931 0 0 0 673815 44592.2 0 0 0 183465 14084.1 0 0 3.98331e-09 3.98331e-09 0
$SSageCompEsc
 2849 648 1443 1329 1160
$obsAgeCompEsc
0 0 0 0 0 0 0.0150719 0.00566992 0.000250926 0 0.00104037 0.965337 0.0126299 0 0 0 0 0 
0 0 0 0 0 0.0287746 0.709264 0.106043 0 0 0 0.0675734 0.0883449 0 0 0 0 0 
0 0 0 0 0 0 0.423496 0.114962 0 0 0.00240421 0.394894 0.0623582 0 0 0.00188622 0 0 
0 0 0 0 0 0 0.0657709 0.0034002 0 0 0.000100747 0.827259 0.0687585 0 0 0.0341347 0.000576019 0 
0 0 0 0 0 0 0.777281 0.0175373 0 0 0 0.198475 0.00670654 0 0 0 0 0 
$predAgeCompEsc
0 0 1.63805e-16 0 0 0 0.0151752 0.00431775 0.000247135 0 0.00102465 0.972385 0.00646195 0 0 0.000187842 0.000199994 0 
0 0 5.41023e-15 0 0 0.0288211 0.710032 0.105909 0 0 0 0.0677079 0.0875303 0 0 1.05596e-14 5.41023e-15 0 
0 0 8.40292e-16 0 0 0 0.428085 0.111513 0 0 0.00242204 0.398357 0.057556 0 0 0.00206698 8.40292e-16 0 
0 0 5.42243e-05 0 0 0 0.0792177 0.00330068 0 0 0.000100137 0.807531 0.0679246 0 0 0.0395847 0.00228664 0 
0 0 0.000322463 0 0 0 0.743956 0.0403991 0 0 0 0.202563 0.0127597 0 0 4.39795e-15 3.60875e-15 0 
$SSageCompCatch
 2901 1646 551
$obsAgeCompCatch
0 0 0 0 0 0 0.0397036 0.0303666 0 0 0 0.910563 0.0175837 0 0 0.00115546 0.000627604 0 
0 0 0.000143919 0 0 0 0.111841 0.028734 0 0 0 0.738875 0.0909772 0 0 0.0241145 0.00531357 0 
0 0 0.000767918 0 0 0 0.452748 0.0916779 0 0 0 0.402052 0.0527535 0 0 0 0 0 
$predAgeCompCatch
0 0 2.00409e-06 0 0 1.54046e-10 0.0490907 0.0378688 6.53809e-10 0 4.98765e-10 0.879625 0.0323336 0 0 0.000538444 0.000541849 0 
0 0 7.99191e-05 0 0 3.82129e-11 0.0768496 0.0315977 2.39039e-10 0 2.0359e-10 0.775918 0.0965631 0 0 0.0161328 0.00285903 0 
0 0 0.00045371 0 0 2.77732e-11 0.50033 0.064819 1.13189e-10 0 8.35871e-11 0.392098 0.0391685 0 0 0.00251975 0.000611271 0 
$genSS
 -1 -1 -1
$obsGenComp     #GeneticFracData
0 0 0 0 0 
0 0 0 0 0 
0 0 0 0 0 
$predGenComp     #catchGenComp_pred
0 0 0 0 0 
0 0 0 0 0 
0 0 0 0 0 
#PARAMETERS_OF_INTEREST
$catchByGroup
0 0 0 
0 0 0 
7.25174e-09 3.66972e-10 2.1616e-11 
0 0 0 
0 0 0 
0 0 0 
235853 9428.16 550.982 
191149 9673.03 569.777 
0.0116403 0.000335494 1.94165e-05 
0 0 0 
0.00771813 0.00022245 1.28741e-05 
1.51128e+07 604129 35305.3 
286074 14476.7 852.729 
0 0 0 
0 0 0 
2919.43 116.704 6.82015 
8853.85 448.046 26.3915 
0 0 0 
0 0 0 
0 0 0 
2.9165e-09 1.0131e-10 9.10559e-12 
0 0 0 
0 0 0 
0.00274261 5.36321e-05 4.76424e-06 
138211 3774.19 337.44 
57092.6 1983.22 178.248 
0 0 0 
0 0 0 
0 0 0 
13179.7 359.903 32.178 
47185.2 1639.07 147.316 
0 0 0 
0 0 0 
2.05548e-09 5.61301e-11 5.01844e-12 
2.9165e-09 1.0131e-10 9.10559e-12 
0 0 0 
0 0 0 
0 0 0 
3.18525e-09 1.81478e-10 5.57747e-12 
0 0 0 
0 0 0 
0 0 0 
473383 20432.2 621.649 
422709 24083.5 740.174 
0 0 0 
0 0 0 
0.00115691 3.35553e-05 1.00831e-06 
440509 19013.3 578.479 
218175 12430.4 382.03 
0 0 0 
0 0 0 
2285.7 98.6557 3.0016 
3.18525e-09 1.81478e-10 5.57747e-12 
0 0 0 
0 0 0 
0 0 0 
18.8075 84.5302 1.86072 
0 0 0 
0 0 0 
0 0 0 
8767.78 44881.6 845.353 
1144.83 5145.42 113.263 
0 0 0 
0 0 0 
4.88506e-06 2.97349e-05 4.56159e-07 
89377.3 457516 8617.38 
23559.4 105888 2330.85 
0 0 0 
0 0 0 
4381.22 22427.1 422.419 
793.113 3564.63 78.4664 
0 0 0 
0 0 0 
0 0 0 
16.8729 27.637 75.9692 
0 0 0 
0 0 0 
0 0 0 
17787.2 29342.9 83471.7 
2113.89 3462.45 9517.66 
0 0 0 
0 0 0 
0 0 0 
4843.08 7989.45 22727.5 
667.655 1093.59 3006.07 
0 0 0 
0 0 0 
1.05151e-10 1.73463e-10 4.93449e-10 
1.88829e-10 3.09292e-10 8.50189e-10 
0 0 0 
$escByGroup
 5e-101 5e-101 2.31795e-09 5e-101 5e-101 5e-101 214740 61099 3497.13 5e-101 14499.5 1.37599e+07 91441 5e-101 5e-101 2658.09 2830.05 5e-101 5e-101 5e-101 9.56392e-10 5e-101 5e-101 5094.84 125516 18722 5e-101 5e-101 5e-101 11969 15473.2 5e-101 5e-101 1.86668e-09 9.56392e-10 5e-101 5e-101 5e-101 6.11002e-10 5e-101 5e-101 5e-101 311273 81084.8 5e-101 5e-101 1761.14 289657 41850.7 5e-101 5e-101 1502.96 6.11002e-10 5e-101 5e-101 5e-101 50.1767 5e-101 5e-101 5e-101 73304.4 3054.3 5e-101 5e-101 92.662 747253 62854.3 5e-101 5e-101 36629.9 2115.95 5e-101 5e-101 5e-101 235.452 5e-101 5e-101 5e-101 543213 29498.2 5e-101 5e-101 5e-101 147905 9316.76 5e-101 5e-101 3.21125e-09 2.635e-09 5e-101
$catchByGroup
0 0 7.25174e-09 0 0 0 235853 191149 0.0116403 0 0.00771813 1.51128e+07 286074 0 0 2919.43 8853.85 0 0 0 2.9165e-09 0 0 0.00274261 138211 57092.6 0 0 0 13179.7 47185.2 0 0 2.05548e-09 2.9165e-09 0 0 0 3.18525e-09 0 0 0 473383 422709 0 0 0.00115691 440509 218175 0 0 2285.7 3.18525e-09 0 0 0 18.8075 0 0 0 8767.78 1144.83 0 0 4.88506e-06 89377.3 23559.4 0 0 4381.22 793.113 0 0 0 16.8729 0 0 0 17787.2 2113.89 0 0 0 4843.08 667.655 0 0 1.05151e-10 1.88829e-10 0 
0 0 3.66972e-10 0 0 0 9428.16 9673.03 0.000335494 0 0.00022245 604129 14476.7 0 0 116.704 448.046 0 0 0 1.0131e-10 0 0 5.36321e-05 3774.19 1983.22 0 0 0 359.903 1639.07 0 0 5.61301e-11 1.0131e-10 0 0 0 1.81478e-10 0 0 0 20432.2 24083.5 0 0 3.35553e-05 19013.3 12430.4 0 0 98.6557 1.81478e-10 0 0 0 84.5302 0 0 0 44881.6 5145.42 0 0 2.97349e-05 457516 105888 0 0 22427.1 3564.63 0 0 0 27.637 0 0 0 29342.9 3462.45 0 0 0 7989.45 1093.59 0 0 1.73463e-10 3.09292e-10 0 
0 0 2.1616e-11 0 0 0 550.982 569.777 1.94165e-05 0 1.28741e-05 35305.3 852.729 0 0 6.82015 26.3915 0 0 0 9.10559e-12 0 0 4.76424e-06 337.44 178.248 0 0 0 32.178 147.316 0 0 5.01844e-12 9.10559e-12 0 0 0 5.57747e-12 0 0 0 621.649 740.174 0 0 1.00831e-06 578.479 382.03 0 0 3.0016 5.57747e-12 0 0 0 1.86072 0 0 0 845.353 113.263 0 0 4.56159e-07 8617.38 2330.85 0 0 422.419 78.4664 0 0 0 75.9692 0 0 0 83471.7 9517.66 0 0 0 22727.5 3006.07 0 0 4.93449e-10 8.50189e-10 0 
$Fmort
 0.363304 0.0804959 0.0212746
#ESTIMATED_PARAMETERS
$availability
1.47976 1.49647 1.82616 0.146556 0.0551649 
0.19249 0.132076 0.239055 4.02619 0.414372 
0.0421509 0.0443921 0.0271795 0.233699 4.65701 
$availabilityVector
 1.47976 0.19249 0.0421509 1.49647 0.132076 0.0443921 1.82616 0.239055 0.0271795 0.146556 4.02619 0.233699 0.0551649 0.414372 4.65701
$selectivity
 9.90138e-07 1.33485 2.42323 6.1914e-06 1.24192
$RunSize
 0 0 9.95828e-09 0 0 0 460572 262491 3497.14 0 14499.5 2.95121e+07 392845 0 0 5701.05 12158.3 0 0 0 3.98331e-09 0 0 5094.85 267838 77976.1 0 0 0 25540.8 64444.7 0 0 3.98331e-09 3.98331e-09 0 0 0 3.98331e-09 0 0 0 805710 528617 0 0 1761.14 749758 272838 0 0 3890.32 3.98331e-09 0 0 0 155.375 0 0 0 127799 9457.81 0 0 92.662 1.30276e+06 194632 0 0 63860.6 6552.16 0 0 0 355.931 0 0 0 673815 44592.2 0 0 0 183465 14084.1 0 0 3.98331e-09 3.98331e-09 0
