$ndistricts
3
$ngroups
90
$nstocks
5
$nagecomps
18
$AgeCompLabels
 0.1 0.2 0.3 0.4 0.5 1.1 1.2 1.3 1.4 1.5 2.1 2.2 2.3 2.4 3.1 3.2 3.3 3.4
$navailpar
15
$nselectpar
5
$GENdata
 1 1 1
$maxGradient
0.000126364
#LIKELIHOOD_VALUES_AND_PENALTIES
$totalNLL
-199088
$NLLcatch
-159958
$NLLescape
-61465.7
$NLLagecompCatch
14226.3
$NLLagecompEsc
5085.2
$NLLgenetics
3024.04
$NLLselOne
5.38029e-15
$NLLavailOne
2.15466e-14
$NLLextra
2.5e-198
#OBSERVED_AND_PREDICTED_VALUES
$predEsc
 2755.97 2180.03 2466.34 1254.46 607.352
$obsEsc
 2757.91 2180.5 2472.69 1259.57 596.332
$predCatch
 10381.8 7403.88 2334.02
$obsCatch
 10381.8 7403.89 2334.02
$RunSize
 0 0 6.52517e-11 6.19891e-11 0 4.07101 4378.42 1069.68 1.64761e-10 7.34082e-11 7.66708e-11 23.798 10.6103 5.87265e-11 0 8.31959e-11 8.31959e-11 0 0 0 5.38327e-11 6.03578e-11 0 5.87265e-11 668.014 3592.69 2.86689 5.87265e-11 5.38327e-11 2.49148 38.3986 5.54639e-11 0 6.03578e-11 5.87265e-11 0 0 0 6.19891e-11 5.54639e-11 0 34.2979 860.768 8026 62.7444 1.74897 3.12061 186.798 249.972 5.54639e-11 0 7.17769e-11 7.17769e-11 0 0 0 5.87265e-11 5.70952e-11 0 4.12539 2439.36 2649.48 5.47709 4.40449e-11 38.1392 1937.56 495.067 5.87265e-11 0 0.787472 0.70764 0 0 0 0.779622 0.808127 0 0.809414 1294.58 1206.5 13.9523 0.723831 0.347251 60.3201 17.303 0.538751 0 0.0332656 2.12068e-11 0
$SSageCompEsc
 1251 1348 1398 1468 868
$obsAgeCompEsc
0 0 0 0 0 0.00147602 0.831523 0.16035 0 0 0 0.00519814 0.00145285 0 0 0 0 0 
0 0 0 0 0 0 0.174562 0.815767 0.000764968 0 0 0.000740741 0.00816548 0 0 0 0 0 
0 0 0 0 0 0.0138501 0.126589 0.792525 0.00940063 0.000730064 0.00125422 0.0357815 0.0198693 0 0 0 0 0 
0 0 0 0 0 0.00314026 0.431468 0.248343 0 0 0.0287078 0.233038 0.0553029 0 0 0 0 0 
0 0 0 0 0 0.000954175 0.461756 0.516494 0 0 0.000583294 0.0104004 0.00981182 0 0 0 0 0 
$predAgeCompEsc
0 0 1.08383e-14 9.83109e-15 0 0.00144895 0.814688 0.177673 2.613e-14 1.84488e-14 2.72885e-14 0.00442808 0.00176237 9.31367e-15 0 1.54802e-14 1.38188e-14 0 
0 0 1.23221e-14 1.33221e-14 0 2.64366e-14 0.167598 0.822355 0.000632776 1.90855e-14 2.42336e-14 0.000625087 0.00878931 1.22419e-14 0 1.51432e-14 1.34423e-14 0 
0 0 6.33193e-15 5.14943e-15 0 0.0134702 0.109892 0.819823 0.00582537 0.000383222 0.00122559 0.0238479 0.0255335 5.14943e-15 0 9.16353e-15 7.33171e-15 0 
0 0 5.87636e-15 4.71836e-15 0 0.00314805 0.363628 0.265115 0.000452628 1.49519e-14 0.0291038 0.288826 0.049538 4.85317e-15 0 0.000117386 7.08088e-05 0 
0 0 0.000265381 0.000251171 0 0.00127876 0.550358 0.41069 0.00433644 0.000556951 0.000548608 0.0256435 0.00588989 0.000167447 0 1.4142e-05 7.21873e-15 0 
$SSageCompCatch
 6208 4443 4146
$obsAgeCompCatch
0 0 0 0 0 0 0.23771 0.719492 0.00307935 0 0 0.0170108 0.0227071 0 0 0 0 0 
0 0 0 0 0 1.72119e-05 0.284332 0.453629 0.00216415 0 0.000335946 0.205263 0.0540257 0 0 0.000116676 0.000116676 0 
0 0 0.000310949 0.000322997 0 0.000103801 0.469898 0.443772 0.00566847 0.000278446 0 0.0651971 0.0142007 0.000215332 0 3.25029e-05 0 0 
$predAgeCompCatch
0 0 7.03812e-07 7.64623e-07 0 9.8007e-05 0.24872 0.703434 0.00406056 6.67277e-05 1.60389e-05 0.0230384 0.0205549 5.09749e-07 0 4.76976e-06 4.84357e-06 0 
0 0 3.11914e-06 3.38696e-06 0 4.13723e-05 0.315821 0.439207 0.00173215 1.69125e-05 0.000203158 0.187959 0.054864 2.25797e-06 0 7.5159e-05 7.1904e-05 0 
0 0 0.000251944 0.000266734 0 1.66592e-05 0.449266 0.47266 0.00476071 0.000159127 3.03599e-05 0.055646 0.0167234 0.000177823 0 2.52374e-05 1.54924e-05 0 
$genSS
 1277 1128 934
$obsGenComp     #GeneticFracData
0.232932 0.175703 0.527108 0.061245 0.00301205 
0.104418 0.0150602 0.138554 0.728916 0.0130522 
0.0070922 0.0303951 0.00202634 0.135765 0.824721 
$predGenComp     #catchGenComp_pred
0.202653 0.187537 0.559672 0.0479457 0.00219258 
0.0821256 0.0159785 0.154616 0.737557 0.00972305 
0.00798873 0.0253453 0.00168705 0.153248 0.811731 
#PARAMETERS_OF_INTEREST
$catchByGroup
0 0 0 
0 0 0 
2.71487e-11 7.98668e-12 2.4639e-13 
2.67201e-11 7.92948e-12 2.45358e-13 
0 0 0 
0.0621477 0.0151711 0.000440393 
1645.44 473.236 14.4875 
445.053 130.927 4.0391 
7.10192e-11 2.10757e-11 6.52136e-13 
1.76746e-11 4.74705e-12 1.42061e-13 
1.17045e-12 2.85723e-13 8.29407e-15 
8.94348 2.57218 0.0787441 
4.41455 1.29868 0.0400645 
2.53138e-11 7.51214e-12 2.32445e-13 
0 0 0 
3.12656e-11 8.99213e-12 2.75283e-13 
3.46146e-11 1.0183e-11 3.14147e-13 
0 0 0 
0 0 0 
0 0 0 
2.47076e-11 1.50823e-12 7.54271e-13 
2.86575e-11 1.77154e-12 8.86261e-13 
0 0 0 
1.02259e-12 4.77028e-14 2.36918e-14 
278.013 16.4252 8.20712 
1648.94 100.656 50.3387 
1.36118 0.0841451 0.0420958 
1.58485e-11 8.48307e-13 4.22772e-13 
9.37376e-13 4.37275e-14 2.17175e-14 
1.0369 0.0612609 0.0306099 
17.6238 1.07581 0.538019 
2.63339e-11 1.6279e-12 8.14402e-13 
0 0 0 
2.51197e-11 1.48409e-12 7.41547e-13 
2.69538e-11 1.64534e-12 8.22842e-13 
0 0 0 
0 0 0 
0 0 0 
3.869e-11 7.65612e-12 2.63552e-14 
3.55801e-11 7.15889e-12 2.47201e-14 
0 0 0 
0.946441 0.129051 0.000417077 
495.532 93.8854 0.320622 
5009.36 991.272 3.41232 
40.2505 8.0986 0.027965 
0.689275 0.114159 0.000380782 
0.0861124 0.0117418 3.7948e-05 
107.537 20.3744 0.0695791 
156.018 30.8734 0.106278 
3.55801e-11 7.15889e-12 2.47201e-14 
0 0 0 
4.1321e-11 7.82882e-12 2.67357e-14 
4.47989e-11 8.86498e-12 3.05166e-14 
0 0 0 
0 0 0 
0 0 0 
4.17313e-12 4.41809e-11 3.00086e-12 
4.24578e-12 4.38758e-11 3.05464e-12 
0 0 0 
0.00868663 0.161397 0.006183 
152.548 1721.09 109.555 
188.273 1993.24 135.386 
0.407293 4.20896 0.293029 
1.63139e-12 2.24897e-11 1.16715e-12 
0.0803079 1.49212 0.0571619 
121.168 1367.05 87.0183 
35.1796 372.446 25.2974 
4.36709e-12 4.51294e-11 3.14192e-12 
0 0 0 
0.0492456 0.555603 0.0353664 
0.0502852 0.532369 0.0361597 
0 0 0 
0 0 0 
0 0 0 
0.00730686 0.0230937 0.588042 
0.00793819 0.0250767 0.622563 
0 0 0 
0.000217927 0.000695691 0.0318425 
10.6359 33.6581 916.027 
11.3077 35.7387 910.024 
0.137052 0.432947 10.7485 
0.0034816 0.0110591 0.371025 
9.34941e-05 0.000298462 0.0136609 
0.495572 1.56827 42.6816 
0.162169 0.512545 13.0511 
0.00529213 0.0167178 0.415042 
0 0 0 
0.0002733 0.000864879 0.0235383 
1.98757e-13 6.28182e-13 1.59956e-11 
0 0 0 
$escByGroup
 5e-101 5e-101 2.98699e-11 2.70942e-11 5e-101 3.99325 2245.25 489.661 7.20135e-11 5.08444e-11 7.52063e-11 12.2036 4.85702 2.56682e-11 5e-101 4.26629e-11 3.80841e-11 5e-101 5e-101 5e-101 2.68625e-11 2.90425e-11 5e-101 5.76325e-11 365.368 1792.76 1.37947 4.16069e-11 5.28298e-11 1.36271 19.1609 2.66877e-11 5e-101 3.30125e-11 2.93046e-11 5e-101 5e-101 5e-101 1.56167e-11 1.27002e-11 5e-101 33.222 271.03 2021.96 14.3673 0.945155 3.02272 58.817 62.9743 1.27002e-11 5e-101 2.26004e-11 1.80825e-11 5e-101 5e-101 5e-101 7.37169e-12 5.91902e-12 5e-101 3.94912 456.158 332.578 0.567806 1.87567e-11 36.5096 362.322 62.1436 6.08813e-12 5e-101 0.147257 0.088827 5e-101 5e-101 5e-101 0.16118 0.152549 5e-101 0.776658 334.261 249.433 2.63375 0.338265 0.333198 15.5747 3.57723 0.101699 5e-101 0.00858918 4.38431e-12 5e-101
$catchByGroup
0 0 2.71487e-11 2.67201e-11 0 0.0621477 1645.44 445.053 7.10192e-11 1.76746e-11 1.17045e-12 8.94348 4.41455 2.53138e-11 0 3.12656e-11 3.46146e-11 0 0 0 2.47076e-11 2.86575e-11 0 1.02259e-12 278.013 1648.94 1.36118 1.58485e-11 9.37376e-13 1.0369 17.6238 2.63339e-11 0 2.51197e-11 2.69538e-11 0 0 0 3.869e-11 3.55801e-11 0 0.946441 495.532 5009.36 40.2505 0.689275 0.0861124 107.537 156.018 3.55801e-11 0 4.1321e-11 4.47989e-11 0 0 0 4.17313e-12 4.24578e-12 0 0.00868663 152.548 188.273 0.407293 1.63139e-12 0.0803079 121.168 35.1796 4.36709e-12 0 0.0492456 0.0502852 0 0 0 0.00730686 0.00793819 0 0.000217927 10.6359 11.3077 0.137052 0.0034816 9.34941e-05 0.495572 0.162169 0.00529213 0 0.0002733 1.98757e-13 0 
0 0 7.98668e-12 7.92948e-12 0 0.0151711 473.236 130.927 2.10757e-11 4.74705e-12 2.85723e-13 2.57218 1.29868 7.51214e-12 0 8.99213e-12 1.0183e-11 0 0 0 1.50823e-12 1.77154e-12 0 4.77028e-14 16.4252 100.656 0.0841451 8.48307e-13 4.37275e-14 0.0612609 1.07581 1.6279e-12 0 1.48409e-12 1.64534e-12 0 0 0 7.65612e-12 7.15889e-12 0 0.129051 93.8854 991.272 8.0986 0.114159 0.0117418 20.3744 30.8734 7.15889e-12 0 7.82882e-12 8.86498e-12 0 0 0 4.41809e-11 4.38758e-11 0 0.161397 1721.09 1993.24 4.20896 2.24897e-11 1.49212 1367.05 372.446 4.51294e-11 0 0.555603 0.532369 0 0 0 0.0230937 0.0250767 0 0.000695691 33.6581 35.7387 0.432947 0.0110591 0.000298462 1.56827 0.512545 0.0167178 0 0.000864879 6.28182e-13 0 
0 0 2.4639e-13 2.45358e-13 0 0.000440393 14.4875 4.0391 6.52136e-13 1.42061e-13 8.29407e-15 0.0787441 0.0400645 2.32445e-13 0 2.75283e-13 3.14147e-13 0 0 0 7.54271e-13 8.86261e-13 0 2.36918e-14 8.20712 50.3387 0.0420958 4.22772e-13 2.17175e-14 0.0306099 0.538019 8.14402e-13 0 7.41547e-13 8.22842e-13 0 0 0 2.63552e-14 2.47201e-14 0 0.000417077 0.320622 3.41232 0.027965 0.000380782 3.7948e-05 0.0695791 0.106278 2.47201e-14 0 2.67357e-14 3.05166e-14 0 0 0 3.00086e-12 3.05464e-12 0 0.006183 109.555 135.386 0.293029 1.16715e-12 0.0571619 87.0183 25.2974 3.14192e-12 0 0.0353664 0.0361597 0 0 0 0.588042 0.622563 0 0.0318425 916.027 910.024 10.7485 0.371025 0.0136609 42.6816 13.0511 0.415042 0 0.0235383 1.59956e-11 0 
$Fmort
 0.306851 0.237905 0.204336
#ESTIMATED_PARAMETERS
$availability
1.21495 1.38732 2.20998 0.166473 0.0212667 
0.380321 0.082777 0.384006 4.06531 0.0875903 
0.0128305 0.0478558 0.00144223 0.177887 4.75998 
$availabilityVector
 1.21495 0.380321 0.0128305 1.38732 0.082777 0.0478558 2.20998 0.384006 0.00144223 0.166473 4.06531 0.177887 0.0212667 0.0875903 4.75998
$selectivity
 0.0412641 1.26418 1.44299 1.51271 0.738858
$RunSize
 0 0 6.52517e-11 6.19891e-11 0 4.07101 4378.42 1069.68 1.64761e-10 7.34082e-11 7.66708e-11 23.798 10.6103 5.87265e-11 0 8.31959e-11 8.31959e-11 0 0 0 5.38327e-11 6.03578e-11 0 5.87265e-11 668.014 3592.69 2.86689 5.87265e-11 5.38327e-11 2.49148 38.3986 5.54639e-11 0 6.03578e-11 5.87265e-11 0 0 0 6.19891e-11 5.54639e-11 0 34.2979 860.768 8026 62.7444 1.74897 3.12061 186.798 249.972 5.54639e-11 0 7.17769e-11 7.17769e-11 0 0 0 5.87265e-11 5.70952e-11 0 4.12539 2439.36 2649.48 5.47709 4.40449e-11 38.1392 1937.56 495.067 5.87265e-11 0 0.787472 0.70764 0 0 0 0.779622 0.808127 0 0.809414 1294.58 1206.5 13.9523 0.723831 0.347251 60.3201 17.303 0.538751 0 0.0332656 2.12068e-11 0
