$ndistricts
3
$ngroups
90
$nstocks
5
$nagecomps
18
$AgeCompLabels
 0.1 0.2 0.3 0.4 0.5 1.1 1.2 1.3 1.4 1.5 2.1 2.2 2.3 2.4 3.1 3.2 3.3 3.4
$navailpar
15
$nselectpar
5
$GENdata
 1 1 1
$maxGradient
0.0002998
#LIKELIHOOD_VALUES_AND_PENALTIES
$totalNLL
-327517
$NLLcatch
-296740
$NLLescape
-63042.6
$NLLagecompCatch
17861.3
$NLLagecompEsc
13697.9
$NLLgenetics
706.64
$NLLselOne
1.47676e-13
$NLLavailOne
2.59327e-13
$NLLextra
3.2e-198
#OBSERVED_AND_PREDICTED_VALUES
$predEsc
 4024.6 940.313 1535.06 1518.05 1413.76
$obsEsc
 4025.17 939.668 1535.66 1517 1413.45
$predCatch
 8907.87 21600.9 4176.9
$obsCatch
 8907.88 21600.9 4176.9
$RunSize
 0 3.80156 46.9642 0.733049 0 2.65167 1664.21 1817.97 2.76993 0 127.746 3463.62 304.31 4.89792e-11 0 5.14282e-11 5.38772e-11 0 0 0 7.83668e-11 0 0 20.4073 990.456 626.294 2.96324e-10 0 2.351e-10 328.704 110.89 4.60405e-10 0 5.41221e-10 7.79029 0 0 0 3.18365e-11 0 0 1.46938e-11 339.155 1118.75 105.754 0.658272 4.05342 791.488 3130.45 38.6883 0 5.38772e-11 5.63261e-11 0 0 0 1.81223e-10 0 0 1.22448e-11 188.953 1020.16 122.689 0 36.0027 10835.3 11153.2 56.5287 0 136.92 38.4874 0 0 0 8.1499 0 0 0.918172 811.46 714.233 12.5069 0 13.5141 1779.07 2125.3 15.7361 0 1.6408e-10 2.93875e-11 0
$SSageCompEsc
 3254 88.5 2482 3096 2054
$obsAgeCompEsc
0 0.000861529 0.00932848 0.000167084 0 0.000580105 0.226732 0.242733 0.000435228 0 0.0311751 0.447316 0.0406718 0 0 0 0 0 
0 0 0 0 0 0 0.601116 0.250188 0 0 0 0.102692 0.0460043 0 0 0 0 0 
0 0 0 0 0 0 0.0621543 0.201521 0.0249322 0.000428721 0.00249905 0.134244 0.565943 0.0082769 0 0 0 0 
0 0 0 0 0 0 0.00817989 0.0464873 0.00708144 0 0.0211018 0.412434 0.495007 0.00191217 0 0.00628422 0.00151169 0 
0 0 0.00123868 0 0 0.00062747 0.178587 0.145853 0.00171192 0 0.00847711 0.272155 0.388312 0.00303798 0 0 0 0 
$predAgeCompEsc
0 0.000501568 0.0063064 0.000101619 0 0.000633877 0.219572 0.244119 0.000383984 0 0.0305375 0.456981 0.040863 6.78979e-15 0 6.78531e-15 7.23468e-15 0 
0 0 3.77134e-14 0 0 0.0206314 0.466153 0.301399 1.48474e-13 0 2.37683e-13 0.154703 0.0533649 2.30686e-13 0 2.54722e-13 0.00374902 0 
0 0 5.78111e-15 0 0 8.85641e-15 0.0592078 0.203151 0.0206065 0.000428823 0.00244313 0.138174 0.568451 0.00753853 0 9.40558e-15 1.02281e-14 0 
0 0 8.07955e-15 0 0 7.09337e-15 0.00718576 0.0454821 0.00701525 0 0.0208562 0.412059 0.497246 0.00323226 0 0.00520697 0.0017159 0 
0 0 0.00151575 0 0 0.000608747 0.142528 0.132836 0.00256632 0 0.00895983 0.312484 0.395272 0.00322891 0 2.88198e-14 5.46562e-15 0 
$SSageCompCatch
 6076 4717 3549
$obsAgeCompCatch
0 0 0.000601434 0 0 0.000452406 0.160798 0.215526 0.00655565 0 0.000166619 0.303718 0.308179 0.00275405 0 0.000565265 0.000684179 0 
0 0 0.000157712 0 0 0 0.0190372 0.0527098 0.0047858 0 0 0.444425 0.46942 0.00339879 0 0.00406105 0.00200429 0 
0 0 0.00125346 0 0 0 0.0848542 0.0948407 0.00401584 0 0.000583118 0.40465 0.404537 0.00257639 0 0.00269002 0 0 
$predAgeCompCatch
0 0.000184646 0.00224116 3.36083e-05 0 0.000120709 0.168089 0.21361 0.00846081 1.62592e-11 0.000553344 0.295758 0.306657 0.0031003 0 0.000573439 0.00061858 0 
0 4.83198e-06 0.000139648 8.63788e-07 0 2.05651e-06 0.019366 0.0517713 0.00500959 2.31799e-13 0.000211996 0.451326 0.462878 0.00238498 0 0.00539538 0.00150975 0 
0 8.08617e-06 0.00110369 1.44452e-06 0 1.09388e-05 0.108522 0.10575 0.00303703 9.35197e-14 0.00019844 0.371221 0.405321 0.00257958 0 0.00176266 0.000484916 0 
$genSS
 312 310 342
$obsGenComp     #GeneticFracData
0.358317 0.151741 0.414173 0.072705 0.00306341 
0.0099718 0.00211523 0.00785657 0.925363 0.0546938 
0.0200965 0.00130627 0.00472267 0.181572 0.792303 
$predGenComp     #catchGenComp_pred
0.353225 0.123798 0.422422 0.0972795 0.00327541 
0.00922336 0.0018106 0.00990898 0.923781 0.0552756 
0.0154338 0.000561115 0.00407103 0.299058 0.680876 
#PARAMETERS_OF_INTEREST
$catchByGroup
0 0 0 
1.6448 0.104375 0.0337751 
19.921 1.2561 0.406368 
0.299379 0.0186586 0.00603362 
0 0 0 
0.0943473 0.00471431 0.00151212 
720.046 45.6922 14.7858 
771.138 48.6235 15.7304 
1.13125 0.0705041 0.0227989 
0 0 0 
4.54526 0.227116 0.0728477 
1498.58 95.0963 30.7726 
129.08 8.13905 2.6331 
2.00032e-11 1.24669e-12 4.03141e-13 
0 0 0 
2.22512e-11 1.412e-12 4.56916e-13 
2.28533e-11 1.441e-12 4.66184e-13 
0 0 0 
0 0 0 
0 0 0 
4.13579e-11 1.45906e-12 8.74221e-14 
0 0 0 
0 0 0 
0.980594 0.0251586 0.00149504 
532.06 18.9322 1.13462 
330.525 11.6606 0.698662 
1.51149e-10 5.24939e-12 3.1439e-13 
0 0 0 
1.12969e-11 2.89837e-13 1.72235e-14 
176.575 6.28305 0.376548 
58.5219 2.06459 0.123703 
2.34843e-10 8.15608e-12 4.88474e-13 
0 0 0 
2.90737e-10 1.03452e-11 6.19998e-13 
4.11131 0.145042 0.00869045 
0 0 0 
0 0 0 
0 0 0 
2.16362e-11 1.22838e-12 9.75792e-14 
0 0 0 
0 0 0 
1.05774e-12 3.79009e-14 2.96033e-15 
233.768 13.4311 1.06744 
760.304 43.1658 3.42898 
69.9289 3.88436 0.308291 
1.44835e-07 5.00706e-09 3.90622e-10 
0.291789 0.0104553 0.000816637 
545.547 31.3442 2.4911 
2127.46 120.785 9.59487 
25.5823 1.42103 0.112783 
0 0 0 
3.71358e-11 2.13362e-12 1.69571e-13 
3.82794e-11 2.17329e-12 1.7264e-13 
0 0 0 
0 0 0 
0 0 0 
6.58704e-12 1.52875e-10 9.49618e-12 
0 0 0 
0 0 0 
2.97214e-14 1.40382e-12 4.31825e-14 
7.04935 160.835 10.1604 
37.0803 860.576 53.4568 
4.24497 101.672 6.12222 
0 0 0 
0.087388 4.12758 0.126967 
404.237 9222.91 582.637 
405.391 9408.49 584.431 
1.95586 46.8453 2.8208 
0 0 0 
5.10812 116.545 7.36246 
1.39893 32.4669 2.01676 
0 0 0 
0 0 0 
0 0 0 
0.0429567 1.76042 4.20362 
0 0 0 
0 0 0 
0.00031844 0.0145495 0.0426833 
4.39186 179.432 426.136 
3.7646 154.278 368.392 
0.0627027 2.58404 6.23204 
0 0 0 
0.00468695 0.214147 0.628233 
9.62886 393.393 934.274 
11.2021 459.074 1096.2 
0.0788917 3.25121 7.84108 
0 0 0 
8.88052e-13 3.62819e-11 8.61663e-11 
1.54897e-13 6.34785e-12 1.51577e-11 
0 0 0 
$escByGroup
 5e-101 2.01861 25.3807 0.408978 5e-101 2.5511 883.689 982.482 1.54538 5e-101 122.901 1839.16 164.457 2.73262e-11 5e-101 2.73081e-11 2.91167e-11 5e-101 5e-101 5e-101 3.54624e-11 5e-101 5e-101 19.4 438.329 283.41 1.39612e-10 5e-101 2.23496e-10 145.469 50.1797 2.16917e-10 5e-101 2.39519e-10 3.52525 5e-101 5e-101 5e-101 8.87438e-12 5e-101 5e-101 1.35952e-11 90.8878 311.85 31.6322 0.658272 3.75036 212.106 872.609 11.5721 5e-101 1.44382e-11 1.57008e-11 5e-101 5e-101 5e-101 1.22652e-11 5e-101 5e-101 1.07681e-11 10.9083 69.0441 10.6495 5e-101 31.6608 625.527 754.844 4.90673 5e-101 7.90444 2.60482 5e-101 5e-101 5e-101 2.14291 5e-101 5e-101 0.860621 201.501 187.798 3.62815 5e-101 12.667 441.777 558.819 4.56489 5e-101 4.07442e-11 7.72706e-12 5e-101
$catchByGroup
0 1.6448 19.921 0.299379 0 0.0943473 720.046 771.138 1.13125 0 4.54526 1498.58 129.08 2.00032e-11 0 2.22512e-11 2.28533e-11 0 0 0 4.13579e-11 0 0 0.980594 532.06 330.525 1.51149e-10 0 1.12969e-11 176.575 58.5219 2.34843e-10 0 2.90737e-10 4.11131 0 0 0 2.16362e-11 0 0 1.05774e-12 233.768 760.304 69.9289 1.44835e-07 0.291789 545.547 2127.46 25.5823 0 3.71358e-11 3.82794e-11 0 0 0 6.58704e-12 0 0 2.97214e-14 7.04935 37.0803 4.24497 0 0.087388 404.237 405.391 1.95586 0 5.10812 1.39893 0 0 0 0.0429567 0 0 0.00031844 4.39186 3.7646 0.0627027 0 0.00468695 9.62886 11.2021 0.0788917 0 8.88052e-13 1.54897e-13 0 
0 0.104375 1.2561 0.0186586 0 0.00471431 45.6922 48.6235 0.0705041 0 0.227116 95.0963 8.13905 1.24669e-12 0 1.412e-12 1.441e-12 0 0 0 1.45906e-12 0 0 0.0251586 18.9322 11.6606 5.24939e-12 0 2.89837e-13 6.28305 2.06459 8.15608e-12 0 1.03452e-11 0.145042 0 0 0 1.22838e-12 0 0 3.79009e-14 13.4311 43.1658 3.88436 5.00706e-09 0.0104553 31.3442 120.785 1.42103 0 2.13362e-12 2.17329e-12 0 0 0 1.52875e-10 0 0 1.40382e-12 160.835 860.576 101.672 0 4.12758 9222.91 9408.49 46.8453 0 116.545 32.4669 0 0 0 1.76042 0 0 0.0145495 179.432 154.278 2.58404 0 0.214147 393.393 459.074 3.25121 0 3.62819e-11 6.34785e-12 0 
0 0.0337751 0.406368 0.00603362 0 0.00151212 14.7858 15.7304 0.0227989 0 0.0728477 30.7726 2.6331 4.03141e-13 0 4.56916e-13 4.66184e-13 0 0 0 8.74221e-14 0 0 0.00149504 1.13462 0.698662 3.1439e-13 0 1.72235e-14 0.376548 0.123703 4.88474e-13 0 6.19998e-13 0.00869045 0 0 0 9.75792e-14 0 0 2.96033e-15 1.06744 3.42898 0.308291 3.90622e-10 0.000816637 2.4911 9.59487 0.112783 0 1.69571e-13 1.7264e-13 0 0 0 9.49618e-12 0 0 4.31825e-14 10.1604 53.4568 6.12222 0 0.126967 582.637 584.431 2.8208 0 7.36246 2.01676 0 0 0 4.20362 0 0 0.0426833 426.136 368.392 6.23204 0 0.628233 934.274 1096.2 7.84108 0 8.61663e-11 1.51577e-11 0 
$Fmort
 0.302252 0.26586 0.0964127
#ESTIMATED_PARAMETERS
$availability
1.1116 1.51094 2.29225 0.0745656 0.0106432 
0.062072 0.0430309 0.0900924 4.24762 0.557185 
0.0548682 0.00704715 0.0193812 0.339823 4.57888 
$availabilityVector
 1.1116 0.062072 0.0548682 1.51094 0.0430309 0.00704715 2.29225 0.0900924 0.0193812 0.0745656 4.24762 0.339823 0.0106432 0.557185 4.57888
$selectivity
 0.107829 1.68701 1.64279 1.56237 3.17568e-07
$RunSize
 0 3.80156 46.9642 0.733049 0 2.65167 1664.21 1817.97 2.76993 0 127.746 3463.62 304.31 4.89792e-11 0 5.14282e-11 5.38772e-11 0 0 0 7.83668e-11 0 0 20.4073 990.456 626.294 2.96324e-10 0 2.351e-10 328.704 110.89 4.60405e-10 0 5.41221e-10 7.79029 0 0 0 3.18365e-11 0 0 1.46938e-11 339.155 1118.75 105.754 0.658272 4.05342 791.488 3130.45 38.6883 0 5.38772e-11 5.63261e-11 0 0 0 1.81223e-10 0 0 1.22448e-11 188.953 1020.16 122.689 0 36.0027 10835.3 11153.2 56.5287 0 136.92 38.4874 0 0 0 8.1499 0 0 0.918172 811.46 714.233 12.5069 0 13.5141 1779.07 2125.3 15.7361 0 1.6408e-10 2.93875e-11 0
