$ndistricts
3
$ngroups
90
$nstocks
5
$nagecomps
18
$AgeCompLabels
 0.1 0.2 0.3 0.4 0.5 1.1 1.2 1.3 1.4 1.5 2.1 2.2 2.3 2.4 3.1 3.2 3.3 3.4
$navailpar
15
$nselectpar
5
$GENdata
 1 1 1
$maxGradient
0.000212531
#LIKELIHOOD_VALUES_AND_PENALTIES
$totalNLL
-196790
$NLLcatch
-182318
$NLLescape
-43451.8
$NLLagecompCatch
19024
$NLLagecompEsc
7132.86
$NLLgenetics
2822.83
$NLLselOne
1.29788e-15
$NLLavailOne
6.34561e-15
$NLLextra
1.94117e-20
#OBSERVED_AND_PREDICTED_VALUES
$predEsc
 2255.45 968.767 1153.89 1189.58 1366.21
$obsEsc
 2266.14 970.818 1169.47 1146.28 1364.34
$predCatch
 8514.94 11527.5 2555.26
$obsCatch
 8514.94 11527.5 2555.26
$RunSize
 5.57054e-11 5.4067e-11 0 0 0 2.82205 1136.84 2873.34 10.408 5.07903e-11 5.4067e-11 2232.15 131.003 1.50732e-10 5.57054e-11 5.4067e-11 0 5.4067e-11 3.60447e-11 4.25983e-11 0 0 0 1.29976 744.702 1464.24 131.349 5.07903e-11 3.60447e-11 76.9367 22.1967 9.33885e-11 3.60447e-11 4.25983e-11 0 4.42367e-11 2.78527e-11 4.25983e-11 0 0 0 48.4629 1213.25 1538.04 281.262 8.51966e-11 10.1412 868.101 572.179 19.8731 2.94911e-11 0.988424 0 4.91519e-11 2.94911e-11 5.73438e-11 0 0 0 7.62276 491.769 3539.73 20.4049 8.35582e-11 36.7552 6198.34 2310.14 1.10041 2.21161 8.8598 0 6.2259e-11 6.55358e-11 2.94911e-11 0 0 0 64.8209 927.466 1419.22 9.55051 2.12991e-11 1.83115 1063.51 48.6187 2.62143e-11 5.24287e-11 2.94911e-11 0 2.78527e-11
$SSageCompEsc
 1424 932 1389 1360 704
$obsAgeCompEsc
0 0 0 0 0 0.00122976 0.206111 0.33104 0.00107936 0 0 0.44407 0.0164695 0 0 0 0 0 
0 0 0 0 0 0.00132603 0.370507 0.535829 0.0438984 0 0 0.0400175 0.00842289 0 0 0 0 0 
0 0 0 0 0 0.0409857 0.338829 0.229724 0.0321101 0 0.00859633 0.256 0.090412 0.00284249 0 0.00050005 0 0 
0 0 0 0 0 0.00648294 0.0548315 0.146997 0.000484487 0 0.0303825 0.677928 0.0810102 0 0.00188295 0 0 0 
0 0 0 0 0 0.0471084 0.216886 0.345498 0.00315047 0 0.00138643 0.373268 0.0127024 0 0 0 0 0 
$predAgeCompEsc
2.42878e-14 9.5587e-15 0 0 0 0.00123042 0.200986 0.384386 0.00124209 -1.02175e-15 2.35734e-14 0.39463 0.0175252 1.79884e-14 2.42878e-14 9.5587e-15 0 6.45235e-15 
3.67042e-14 2.04456e-14 0 0 0 0.00132355 0.35743 0.551277 0.0446861 -4.93955e-15 3.67042e-14 0.0369268 0.00835691 3.17715e-14 3.67042e-14 2.04456e-14 0 1.50497e-14 
2.37191e-14 1.16638e-14 0 0 0 0.0412706 0.332199 0.249866 0.0346599 -3.2276e-14 0.00863615 0.237694 0.0929547 0.00244896 2.51144e-14 0.000270639 0 6.05698e-15 
2.40325e-14 6.50651e-15 0 0 0 0.00621182 0.0557985 0.12206 0.000205228 -1.92262e-14 0.029952 0.703294 0.0796603 1.10676e-05 0.00180225 0.00100528 0 6.26186e-16 
4.72232e-14 9.01355e-15 0 0 0 0.0467081 0.283467 0.330164 0.00198357 -1.23463e-15 0.00131948 0.325047 0.0113105 5.44452e-15 3.77786e-14 9.01355e-15 0 5.7848e-15 
$SSageCompCatch
 5779 5074 4205
$obsAgeCompCatch
0 0 0 0 0 5.5727e-05 0.195325 0.485106 0.0337067 0 0 0.216763 0.0676495 0.00139368 0 0 0 0 
0 0 0 0 0 0 0.0557278 0.296003 0.00666959 0 0.000251026 0.457826 0.181957 0.000520849 0 0.00104462 0 0 
0 0 0 0 0 0.000341218 0.220093 0.419367 0.00270411 0 0 0.305524 0.0519708 0 0 0 0 0 
$predAgeCompCatch
2.10132e-16 9.12477e-15 0 0 0 9.01753e-05 0.200286 0.461283 0.0323731 2.23881e-14 2.00723e-05 0.237869 0.0664266 0.00155234 1.72323e-07 9.89019e-05 0 1.18654e-14 
8.89475e-17 4.78698e-15 0 0 0 3.48129e-05 0.0556228 0.307657 0.00701174 1.19545e-14 9.59946e-05 0.44474 0.183786 0.000421855 5.61695e-06 0.000623526 0 6.06347e-15 
3.92628e-16 7.17763e-15 0 0 0 0.000382715 0.207753 0.420569 0.00291657 1.25569e-14 2.03605e-05 0.315449 0.0527673 2.09396e-05 5.77965e-07 0.000121427 0 8.55813e-15 
$genSS
 1466 1490 932
$obsGenComp     #GeneticFracData
0.479592 0.142857 0.306122 0.0714286 0 
0.0102041 0.0102041 0.0612245 0.908163 0.0102041 
0 0 0 0.22 0.78 
$predGenComp     #catchGenComp_pred
0.470177 0.159652 0.312097 0.0580737 6.50195e-11 
0.0110683 0.00976174 0.0642747 0.905249 0.00964612 
1.11848e-10 1.14809e-10 1.09905e-10 0.194752 0.805248 
#PARAMETERS_OF_INTEREST
$catchByGroup
9.07075e-13 1.85695e-14 4.11767e-23 
3.15544e-11 9.53498e-13 2.13294e-21 
0 0 0 
0 0 0 
0 0 0 
0.0459526 0.000940733 2.08602e-12 
663.479 20.0488 4.48483e-08 
1941.42 64.9578 1.45676e-07 
7.35081 0.255745 5.74115e-10 
4.94678e-11 3.62695e-12 8.34317e-21 
8.80397e-13 1.80233e-14 3.99656e-23 
1302.72 39.3651 8.80581e-08 
88.5144 2.96159 6.64174e-09 
1.06457e-10 3.70378e-12 8.31451e-21 
9.07075e-13 1.85695e-14 4.11767e-23 
3.15544e-11 9.53498e-13 2.13294e-21 
0 0 0 
3.81856e-11 1.32853e-12 2.98238e-21 
4.60182e-13 2.66869e-14 6.7958e-23 
2.11403e-11 1.65092e-12 4.28622e-21 
0 0 0 
0 0 0 
0 0 0 
0.016594 0.000962322 2.45055e-12 
369.575 28.8613 7.49316e-08 
857.66 72.5223 1.89343e-07 
80.9964 7.06242 1.84797e-08 
4.78678e-11 7.70769e-12 2.12798e-20 
4.60182e-13 2.66869e-14 6.7958e-23 
38.1816 2.98172 7.74134e-09 
13.0014 1.09938 2.87028e-09 
5.7588e-11 5.02134e-12 1.31389e-20 
4.60182e-13 2.66869e-14 6.7958e-23 
2.11403e-11 1.65092e-12 4.28622e-21 
0 0 0 
2.72785e-11 2.37853e-12 6.22371e-21 
4.0244e-13 8.10127e-14 2.80964e-23 
2.30067e-11 6.13285e-12 2.29334e-21 
0 0 0 
0 0 0 
0 0 0 
0.700234 0.14096 4.88869e-11 
655.26 174.671 6.53171e-08 
971.206 278.518 1.06414e-07 
186.322 54.9465 2.11724e-08 
8.18405e-11 4.0599e-11 1.90986e-20 
0.146529 0.0294967 1.02299e-11 
468.849 124.98 4.67354e-08 
361.306 103.614 3.95879e-08 
13.1649 3.88235 1.49598e-09 
4.26113e-13 8.57781e-14 2.97491e-23 
0.533833 0.142303 5.32132e-11 
0 0 0 
3.25606e-11 9.60216e-12 3.69998e-21 
1.95663e-14 8.63411e-13 1.96934e-14 
1.9955e-12 4.56001e-11 2.00823e-12 
0 0 0 
0 0 0 
0 0 0 
0.00505743 0.223171 0.00509028 
17.113 391.057 17.2222 
157.511 3078.51 158.511 
0.985923 18.1827 0.99217 
1.14576e-11 8.34448e-11 1.15267e-11 
0.0243858 1.07608 0.0245441 
215.695 4928.95 217.072 
102.797 2009.13 103.449 
0.0531694 0.980567 0.0535063 
0.00146732 0.0647492 0.00147685 
0.308311 7.04536 0.310278 
0 0 0 
3.00822e-12 5.54786e-11 3.02728e-12 
1.74688e-22 3.5659e-14 9.83575e-13 
4.19513e-21 8.44266e-13 1.63325e-11 
0 0 0 
0 0 0 
0 0 0 
1.72782e-10 0.03527 0.972846 
1.31933e-07 26.5513 513.64 
2.59454e-07 52.0002 916.152 
1.89961e-09 0.380103 6.46044 
1.2616e-20 2.42632e-12 2.05596e-11 
4.88101e-12 0.000996359 0.0274824 
1.51285e-07 30.446 588.983 
8.88818e-09 1.78138 31.3849 
5.21408e-21 1.04331e-12 1.77327e-11 
1.3975e-22 2.85272e-14 7.8686e-13 
4.19513e-21 8.44266e-13 1.63325e-11 
0 0 0 
5.53996e-21 1.10852e-12 1.8841e-11 
$escByGroup
 5.47798e-11 2.15592e-11 5e-101 5e-101 5e-101 2.77516 453.314 866.964 2.80148 4.33932e-189 5.31686e-11 890.067 39.5271 4.05719e-11 5.47798e-11 2.15592e-11 5e-101 1.4553e-11 3.55578e-11 1.9807e-11 5e-101 5e-101 5e-101 1.28221 346.266 534.059 43.2904 2.08974e-189 3.55578e-11 35.7735 8.09589 3.07792e-11 3.55578e-11 1.9807e-11 5e-101 1.45796e-11 2.73693e-11 1.34587e-11 5e-101 5e-101 5e-101 47.6217 383.321 288.318 39.9937 2.68507e-190 9.96516 274.272 107.259 2.82583 2.89792e-11 0.312288 5e-101 6.98909e-12 2.85884e-11 7.73999e-12 5e-101 5e-101 5e-101 7.38944 66.3765 145.2 0.244134 4.37235e-190 35.6302 836.621 94.762 0.0131658 2.14391 1.19585 5e-101 7.44896e-13 6.45166e-11 1.23144e-11 5e-101 5e-101 5e-101 63.8128 387.274 451.072 2.70996 5.92856e-189 1.80268 444.081 15.4525 7.43833e-12 5.16133e-11 1.23144e-11 5e-101 7.90323e-12
$catchByGroup
9.07075e-13 3.15544e-11 0 0 0 0.0459526 663.479 1941.42 7.35081 4.94678e-11 8.80397e-13 1302.72 88.5144 1.06457e-10 9.07075e-13 3.15544e-11 0 3.81856e-11 4.60182e-13 2.11403e-11 0 0 0 0.016594 369.575 857.66 80.9964 4.78678e-11 4.60182e-13 38.1816 13.0014 5.7588e-11 4.60182e-13 2.11403e-11 0 2.72785e-11 4.0244e-13 2.30067e-11 0 0 0 0.700234 655.26 971.206 186.322 8.18405e-11 0.146529 468.849 361.306 13.1649 4.26113e-13 0.533833 0 3.25606e-11 1.95663e-14 1.9955e-12 0 0 0 0.00505743 17.113 157.511 0.985923 1.14576e-11 0.0243858 215.695 102.797 0.0531694 0.00146732 0.308311 0 3.00822e-12 1.74688e-22 4.19513e-21 0 0 0 1.72782e-10 1.31933e-07 2.59454e-07 1.89961e-09 1.2616e-20 4.88101e-12 1.51285e-07 8.88818e-09 5.21408e-21 1.3975e-22 4.19513e-21 0 5.53996e-21 
1.85695e-14 9.53498e-13 0 0 0 0.000940733 20.0488 64.9578 0.255745 3.62695e-12 1.80233e-14 39.3651 2.96159 3.70378e-12 1.85695e-14 9.53498e-13 0 1.32853e-12 2.66869e-14 1.65092e-12 0 0 0 0.000962322 28.8613 72.5223 7.06242 7.70769e-12 2.66869e-14 2.98172 1.09938 5.02134e-12 2.66869e-14 1.65092e-12 0 2.37853e-12 8.10127e-14 6.13285e-12 0 0 0 0.14096 174.671 278.518 54.9465 4.0599e-11 0.0294967 124.98 103.614 3.88235 8.57781e-14 0.142303 0 9.60216e-12 8.63411e-13 4.56001e-11 0 0 0 0.223171 391.057 3078.51 18.1827 8.34448e-11 1.07608 4928.95 2009.13 0.980567 0.0647492 7.04536 0 5.54786e-11 3.5659e-14 8.44266e-13 0 0 0 0.03527 26.5513 52.0002 0.380103 2.42632e-12 0.000996359 30.446 1.78138 1.04331e-12 2.85272e-14 8.44266e-13 0 1.10852e-12 
4.11767e-23 2.13294e-21 0 0 0 2.08602e-12 4.48483e-08 1.45676e-07 5.74115e-10 8.34317e-21 3.99656e-23 8.80581e-08 6.64174e-09 8.31451e-21 4.11767e-23 2.13294e-21 0 2.98238e-21 6.7958e-23 4.28622e-21 0 0 0 2.45055e-12 7.49316e-08 1.89343e-07 1.84797e-08 2.12798e-20 6.7958e-23 7.74134e-09 2.87028e-09 1.31389e-20 6.7958e-23 4.28622e-21 0 6.22371e-21 2.80964e-23 2.29334e-21 0 0 0 4.88869e-11 6.53171e-08 1.06414e-07 2.11724e-08 1.90986e-20 1.02299e-11 4.67354e-08 3.95879e-08 1.49598e-09 2.97491e-23 5.32132e-11 0 3.69998e-21 1.96934e-14 2.00823e-12 0 0 0 0.00509028 17.2222 158.511 0.99217 1.15267e-11 0.0245441 217.072 103.449 0.0535063 0.00147685 0.310278 0 3.02728e-12 9.83575e-13 1.63325e-11 0 0 0 0.972846 513.64 916.152 6.46044 2.05596e-11 0.0274824 588.983 31.3849 1.77327e-11 7.8686e-13 1.63325e-11 0 1.8841e-11 
$Fmort
 0.746963 0.57503 0.265137
#ESTIMATED_PARAMETERS
$availability
1.8453 1.44423 1.63588 0.0745972 2.99601e-10 
0.0486792 0.10814 0.425292 4.33842 0.0794654 
2.34079e-10 5.97035e-10 3.19443e-10 0.211526 4.78847 
$availabilityVector
 1.8453 0.0486792 2.34079e-10 1.44423 0.10814 5.97035e-10 1.63588 0.425292 3.19443e-10 0.0745972 4.33842 0.211526 2.99601e-10 0.0794654 4.78847
$selectivity
 0.0119108 0.635641 0.816895 0.888783 2.64677
$RunSize
 5.57054e-11 5.4067e-11 0 0 0 2.82205 1136.84 2873.34 10.408 5.07903e-11 5.4067e-11 2232.15 131.003 1.50732e-10 5.57054e-11 5.4067e-11 0 5.4067e-11 3.60447e-11 4.25983e-11 0 0 0 1.29976 744.702 1464.24 131.349 5.07903e-11 3.60447e-11 76.9367 22.1967 9.33885e-11 3.60447e-11 4.25983e-11 0 4.42367e-11 2.78527e-11 4.25983e-11 0 0 0 48.4629 1213.25 1538.04 281.262 8.51966e-11 10.1412 868.101 572.179 19.8731 2.94911e-11 0.988424 0 4.91519e-11 2.94911e-11 5.73438e-11 0 0 0 7.62276 491.769 3539.73 20.4049 8.35582e-11 36.7552 6198.34 2310.14 1.10041 2.21161 8.8598 0 6.2259e-11 6.55358e-11 2.94911e-11 0 0 0 64.8209 927.466 1419.22 9.55051 2.12991e-11 1.83115 1063.51 48.6187 2.62143e-11 5.24287e-11 2.94911e-11 0 2.78527e-11
