$ndistricts
3
$ngroups
90
$nstocks
5
$nagecomps
18
$AgeCompLabels
 0.1 0.2 0.3 0.4 0.5 1.1 1.2 1.3 1.4 1.5 2.1 2.2 2.3 2.4 3.1 3.2 3.3 3.4
$navailpar
15
$nselectpar
5
$GENdata
 1 1 1
$maxGradient
0.000145751
#LIKELIHOOD_VALUES_AND_PENALTIES
$totalNLL
-219232
$NLLcatch
-150666
$NLLescape
-87792.7
$NLLagecompCatch
11002.8
$NLLagecompEsc
7209.44
$NLLgenetics
1014.04
$NLLselOne
7.16919e-17
$NLLavailOne
9.76087e-16
$NLLextra
4.3e-198
#OBSERVED_AND_PREDICTED_VALUES
$predEsc
 6196.52 1249.85 1623.28 1728.09 1666.31
$obsEsc
 6196.91 1250.56 1625.36 1728.4 1662.04
$predCatch
 9452.97 7388.08 2256.01
$obsCatch
 9452.97 7388.08 2256.01
$RunSize
 0 0 0 0 0 0 7517.12 1031.82 4.55181 0 8.40936e-11 3745.22 447.476 2.03226e-10 0 1.06869e-10 9.63573e-11 0 0 0 0 0 0 0 1785.86 691.491 5.27337e-10 0 2.50529e-10 9.60069e-10 385.038 5.95754 0 2.11986e-10 1.349e-10 0 0 0 0 0 0 1.21036 2300.18 727.73 22.774 0 0.438303 680.435 706.039 9.46053e-11 0 6.83261e-11 6.65741e-11 0 0 0 0 0 0 0.32318 1532.05 545.698 2.698e-10 0 2.82829 3960.44 715.982 10.3199 0 1.91558 16.8198 0 0 0 0 0 0 0 3504.59 449.358 30.586 0 1.36652e-10 510.699 203.064 21.7869 0 4.55507e-11 1.31223 0
$SSageCompEsc
 2380 104 1890 1477 1411
$obsAgeCompEsc
0 0 0 0 0 0 0.615132 0.0694446 0.000357283 0 0 0.286128 0.0289382 0 0 0 0 0 
0 0 0 0 0 0 0.714131 0.198139 0 0 0 0 0.0877296 0 0 0 0 0 
0 0 0 0 0 0.000703682 0.569843 0.134148 0.0045517 0 0.000253706 0.162877 0.127623 0 0 0 0 0 
0 0 0 0 0 0.000178377 0.263793 0.0594444 0 0 0.00139794 0.598367 0.0728652 0.00122102 0 0 0.00273333 0 
0 0 0 0 0 0 0.788278 0.0807604 0.002578 0 0 0.0910592 0.0314665 0.00585774 0 0 0 0 
$predAgeCompEsc
0 0 0 0 0 0 0.600834 0.0694043 0.000312573 0 1.26202e-14 0.29935 0.0300989 1.39555e-14 0 8.5419e-15 6.48135e-15 0 
0 0 0 0 0 0 0.665428 0.213697 1.66667e-13 0 1.85144e-13 3.57731e-13 0.118992 0.0018829 0 7.8988e-14 4.16893e-14 0 
0 0 0 0 0 0.000683796 0.562068 0.135191 0.00437912 0 0.000247621 0.16627 0.131161 1.81913e-14 0 1.6696e-14 1.23675e-14 0 
0 0 0 0 0 0.000164468 0.23999 0.0582869 3.02595e-14 0 0.00143933 0.62039 0.0764753 0.00115743 0 0.000300069 0.00179655 0 
0 0 0 0 0 0 0.77537 0.0708092 0.00503826 0 7.51828e-14 0.112989 0.0319985 0.00358883 0 1.00778e-14 0.00020678 0 
$SSageCompCatch
 3225 3626 2498
$obsAgeCompCatch
0 0 0 0 0 0 0.554547 0.133483 0.00144479 0 0 0.223273 0.0864116 0.000840049 0 0 0 0 
0 0 0 0 0 0 0.350122 0.11226 0.00163387 0 0 0.421635 0.111273 0.00162759 0 0.000330949 0.00111786 0 
0 0 0 0 0 0 0.612963 0.0952609 0.00691114 0 9.72857e-05 0.219784 0.0610594 0.00268373 0 0 0.00124054 0 
$predAgeCompCatch
0 0 0 0 0 7.57618e-06 0.564762 0.134582 0.00183596 0 3.92337e-06 0.213482 0.0844975 0.000724538 0 7.14373e-06 9.73634e-05 0 
0 0 0 0 0 8.80296e-06 0.367348 0.108539 0.00141036 0 4.3416e-05 0.413174 0.106161 0.00151911 0 0.00016493 0.00163089 0 
0 0 0 0 0 1.18577e-06 0.62643 0.104914 0.00562761 0 8.63964e-06 0.195474 0.0624555 0.0042812 0 4.91955e-05 0.00075947 0 
$genSS
 328 330 337
$obsGenComp     #GeneticFracData
0.546515 0.155285 0.198431 0.0204164 0.0793523 
0.183262 0.038824 0.126613 0.534624 0.116677 
0.0340548 0.000615448 0.00759052 0.104831 0.852908 
$predGenComp     #catchGenComp_pred
0.561538 0.143445 0.199782 0.0262549 0.0689799 
0.156402 0.035388 0.123321 0.59588 0.0890094 
0.0380972 0.000474602 0.00704067 0.180711 0.773676 
#PARAMETERS_OF_INTEREST
$catchByGroup
0 0 0 
0 0 0 
0 0 0 
0 0 0 
0 0 0 
0 0 0 
3077.99 666.533 49.5189 
484.476 109.105 8.17597 
2.10716 0.472419 0.0353663 
0 0 0 
4.9366e-12 8.92026e-13 6.38123e-14 
1533.53 332.083 24.6716 
210.105 47.3162 3.54572 
9.40791e-11 2.10923e-11 1.57901e-12 
0 0 0 
4.37589e-11 9.47593e-12 7.03998e-13 
4.52431e-11 1.01888e-11 7.63517e-13 
0 0 0 
0 0 0 
0 0 0 
0 0 0 
0 0 0 
0 0 0 
0 0 0 
801.821 151.735 0.619087 
354.021 70.0922 0.288524 
2.6635e-10 5.24631e-11 2.15736e-13 
0 0 0 
1.65756e-11 2.542e-12 9.97656e-15 
4.31055e-10 8.15721e-11 3.32818e-13 
197.127 39.0289 0.160657 
3.00907 0.592697 0.00243726 
0 0 0 
9.51782e-11 1.80114e-11 7.34872e-14 
6.90646e-11 1.3674e-11 5.6287e-14 
0 0 0 
0 0 0 
0 0 0 
0 0 0 
0 0 0 
0 0 0 
0.070288 0.0296097 0.000467242 
933.884 446.182 7.71955 
338.971 166.367 2.93872 
10.4581 5.11714 0.0901741 
0 0 0 
0.0254531 0.0107225 0.000169201 
276.26 131.989 2.28358 
328.868 161.409 2.85113 
4.34441e-11 2.12571e-11 3.74592e-13 
0 0 0 
2.77407e-11 1.32537e-11 2.29307e-13 
3.10098e-11 1.52196e-11 2.6884e-13 
0 0 0 
0 0 0 
0 0 0 
0 0 0 
0 0 0 
0 0 0 
0.00132943 0.0354272 0.00220786 
54.0089 974.55 88.7643 
23.0715 384.073 37.8281 
1.11888e-11 1.8797e-10 1.83503e-11 
0 0 0 
0.0116344 0.310038 0.0193219 
139.616 2519.27 229.461 
30.2709 503.923 49.6323 
0.427976 7.18991 0.701904 
0 0 0 
0.0675294 1.21852 0.110985 
0.711121 11.8381 1.16596 
0 0 0 
0 0 0 
0 0 0 
0 0 0 
0 0 0 
0 0 0 
0 0 0 
470.983 474.998 1266.61 
71.6561 72.2577 187.454 
4.79 4.83029 12.5704 
0 0 0 
2.24649e-12 2.26693e-12 6.86107e-12 
68.6329 69.218 184.574 
32.3812 32.6531 84.7101 
3.41199 3.44069 8.95408 
0 0 0 
6.12157e-12 6.17375e-12 1.64627e-11 
0.209253 0.21101 0.547412 
0 0 0 
$escByGroup
 5e-101 5e-101 5e-101 5e-101 5e-101 5e-101 3723.08 430.065 1.93687 5e-101 7.82012e-11 1854.93 186.509 8.64759e-11 5e-101 5.29301e-11 4.01618e-11 5e-101 5e-101 5e-101 5e-101 5e-101 5e-101 5e-101 831.684 267.089 2.08308e-10 5e-101 2.31401e-10 4.47109e-10 148.721 2.35334 5e-101 9.8723e-11 5.21053e-11 5e-101 5e-101 5e-101 5e-101 5e-101 5e-101 1.10999 912.393 219.452 7.10853 5e-101 0.401958 269.902 212.912 2.95295e-11 5e-101 2.71023e-11 2.00759e-11 5e-101 5e-101 5e-101 5e-101 5e-101 5e-101 0.284216 414.725 100.725 5.22912e-11 5e-101 2.48729 1072.09 132.156 2.00015 5e-101 0.518547 3.1046 5e-101 5e-101 5e-101 5e-101 5e-101 5e-101 5e-101 1292 117.99 8.39529 5e-101 1.25278e-10 188.274 53.3193 5.9801 5e-101 1.67927e-11 0.344559 5e-101
$catchByGroup
0 0 0 0 0 0 3077.99 484.476 2.10716 0 4.9366e-12 1533.53 210.105 9.40791e-11 0 4.37589e-11 4.52431e-11 0 0 0 0 0 0 0 801.821 354.021 2.6635e-10 0 1.65756e-11 4.31055e-10 197.127 3.00907 0 9.51782e-11 6.90646e-11 0 0 0 0 0 0 0.070288 933.884 338.971 10.4581 0 0.0254531 276.26 328.868 4.34441e-11 0 2.77407e-11 3.10098e-11 0 0 0 0 0 0 0.00132943 54.0089 23.0715 1.11888e-11 0 0.0116344 139.616 30.2709 0.427976 0 0.0675294 0.711121 0 0 0 0 0 0 0 470.983 71.6561 4.79 0 2.24649e-12 68.6329 32.3812 3.41199 0 6.12157e-12 0.209253 0 
0 0 0 0 0 0 666.533 109.105 0.472419 0 8.92026e-13 332.083 47.3162 2.10923e-11 0 9.47593e-12 1.01888e-11 0 0 0 0 0 0 0 151.735 70.0922 5.24631e-11 0 2.542e-12 8.15721e-11 39.0289 0.592697 0 1.80114e-11 1.3674e-11 0 0 0 0 0 0 0.0296097 446.182 166.367 5.11714 0 0.0107225 131.989 161.409 2.12571e-11 0 1.32537e-11 1.52196e-11 0 0 0 0 0 0 0.0354272 974.55 384.073 1.8797e-10 0 0.310038 2519.27 503.923 7.18991 0 1.21852 11.8381 0 0 0 0 0 0 0 474.998 72.2577 4.83029 0 2.26693e-12 69.218 32.6531 3.44069 0 6.17375e-12 0.21101 0 
0 0 0 0 0 0 49.5189 8.17597 0.0353663 0 6.38123e-14 24.6716 3.54572 1.57901e-12 0 7.03998e-13 7.63517e-13 0 0 0 0 0 0 0 0.619087 0.288524 2.15736e-13 0 9.97656e-15 3.32818e-13 0.160657 0.00243726 0 7.34872e-14 5.6287e-14 0 0 0 0 0 0 0.000467242 7.71955 2.93872 0.0901741 0 0.000169201 2.28358 2.85113 3.74592e-13 0 2.29307e-13 2.6884e-13 0 0 0 0 0 0 0.00220786 88.7643 37.8281 1.83503e-11 0 0.0193219 229.461 49.6323 0.701904 0 0.110985 1.16596 0 0 0 0 0 0 0 1266.61 187.454 12.5704 0 6.86107e-12 184.574 84.7101 8.95408 0 1.64627e-11 0.547412 0 
$Fmort
 1.87635 1.59859 0.533438
#ESTIMATED_PARAMETERS
$availability
1.44402 1.63392 1.42801 0.0983906 0.395658 
0.298774 0.285722 0.693908 3.25293 0.468665 
0.0637345 0.00334349 0.0324176 0.575549 4.32496 
$availabilityVector
 1.44402 0.298774 0.0637345 1.63392 0.285722 0.00334349 1.42801 0.693908 0.0324176 0.0983906 3.25293 0.575549 0.395658 0.468665 4.32496
$selectivity
 0.0223279 0.1944 0.233993 0.229425 4.31985
$RunSize
 0 0 0 0 0 0 7517.12 1031.82 4.55181 0 8.40936e-11 3745.22 447.476 2.03226e-10 0 1.06869e-10 9.63573e-11 0 0 0 0 0 0 0 1785.86 691.491 5.27337e-10 0 2.50529e-10 9.60069e-10 385.038 5.95754 0 2.11986e-10 1.349e-10 0 0 0 0 0 0 1.21036 2300.18 727.73 22.774 0 0.438303 680.435 706.039 9.46053e-11 0 6.83261e-11 6.65741e-11 0 0 0 0 0 0 0.32318 1532.05 545.698 2.698e-10 0 2.82829 3960.44 715.982 10.3199 0 1.91558 16.8198 0 0 0 0 0 0 0 3504.59 449.358 30.586 0 1.36652e-10 510.699 203.064 21.7869 0 4.55507e-11 1.31223 0
