$ndistricts
3
$ngroups
90
$nstocks
5
$nagecomps
18
$AgeCompLabels
 0.1 0.2 0.3 0.4 0.5 1.1 1.2 1.3 1.4 1.5 2.1 2.2 2.3 2.4 3.1 3.2 3.3 3.4
$navailpar
15
$nselectpar
5
$GENdata
 1 1 1
$maxGradient
0.000285558
#LIKELIHOOD_VALUES_AND_PENALTIES
$totalNLL
-422752
$NLLcatch
-197427
$NLLescape
-241030
$NLLagecompCatch
8331.26
$NLLagecompEsc
6918.73
$NLLgenetics
454.842
$NLLselOne
6.37427e-15
$NLLavailOne
1.79594e-15
$NLLextra
2e-198
#OBSERVED_AND_PREDICTED_VALUES
$predEsc
 24326.1 175.265 717.894 1457.88 979.79
$obsEsc
 24325.9 175.02 717.798 1444.61 996.612
$predCatch
 19139.6 3179.56 925.69
$obsCatch
 19139.6 3179.56 925.69
$RunSize
 9.32508e-11 7.06446e-11 0 0 7.06446e-11 0 279.369 292.348 6.21672e-11 9.89024e-11 4.71906e-10 41285.8 4.19575 7.34704e-11 1.13031e-10 1.36252 0 5.93414e-11 1.13031e-11 1.97805e-11 0 0 1.41289e-11 10.4402 55.753 126.623 2.26063e-11 1.41289e-11 1.13031e-11 174.957 54.3675 1.97805e-11 1.13031e-11 0.679007 0 2.26063e-11 5.65157e-12 8.47735e-12 0 0 5.65157e-12 0 105.113 269.256 8.47735e-12 5.65157e-12 3.77733 514.571 251.764 8.47735e-12 5.65157e-12 0 3.69321 8.47735e-12 1.41289e-11 1.41289e-11 0 0 1.41289e-11 0 40.3061 220.474 0.295922 1.41289e-11 1.69547e-11 3471.36 460.634 1.41289e-11 1.41289e-11 11.2255 0 1.41289e-11 8.47735e-12 1.13031e-11 0 0 8.47735e-12 0 358.638 489.27 0.636954 8.47735e-12 1.15646 2221.35 192.362 1.13031e-11 8.47735e-12 0 0 1.13031e-11
$SSageCompEsc
 3350 329 2842 2043 2622
$obsAgeCompEsc
0 0 0 0 0 0 0.00393725 0.00563009 0 0 0 0.990268 8.6402e-05 0 0 7.80646e-05 0 0 
0 0 0.0015124 0 0 0.0507789 0.139089 0.23853 0 0 0 0.463783 0.104145 0 0 0.00216131 0 0 
0 0 0 0 0 0.000188964 0.097737 0.212755 0 0 0.00476217 0.483203 0.199221 0 0 0 0.00213234 0 
0 0 0 0 0 0 0.0109732 0.0369397 0.000200473 0 0 0.891325 0.0590817 0 0 0.00147962 0 0 
0 0 0 0 0 0 0.0979676 0.058409 0 0 0.00104384 0.820319 0.0222603 0 0 0 0 0 
$predAgeCompEsc
3.42044e-15 1.69008e-15 0 0 2.23459e-15 0 0.00668354 0.0054958 1.14913e-15 3.12843e-15 1.73095e-14 0.987709 7.88752e-05 1.35807e-15 4.14599e-15 3.25965e-05 0 1.0969e-15 
5.47312e-14 5.21131e-14 0 0 5.53386e-14 0.0505529 0.146885 0.237754 4.14574e-14 5.53386e-14 5.47312e-14 0.460936 0.102083 3.62752e-14 5.47312e-14 0.00178889 0 4.14574e-14 
7.2415e-15 7.95345e-15 0 0 6.49791e-15 0 0.0986173 0.212327 6.60481e-15 6.49791e-15 0.00483999 0.48277 0.198533 6.60481e-15 7.2415e-15 0 0.00291235 6.60481e-15 
8.15147e-15 3.65932e-15 0 0 6.38563e-15 0 0.0104391 0.028341 3.56499e-05 6.38563e-15 9.78176e-15 0.899064 0.0592127 1.70212e-15 8.15147e-15 0.00290736 0 1.70212e-15 
7.29714e-15 4.00405e-15 0 0 5.67525e-15 0 0.127045 0.0610068 7.00481e-05 5.67525e-15 0.000995457 0.786897 0.0239855 1.24305e-15 7.29714e-15 0 0 1.24305e-15 
$SSageCompCatch
 6141 6053 2037
$obsAgeCompCatch
0 0 0 0 0 0 0.0187982 0.0310739 0 0 7.14378e-05 0.933383 0.0166738 0 0 0 0 0 
0 0 0.000388111 0 0 0 0.0191327 0.061349 0 0 0 0.825161 0.0913486 0 0 0.00214188 0.00047902 0 
0 0 0.0071168 0 0 0.000232458 0.135416 0.194273 0.000465574 0 0 0.585005 0.0774918 0 0 0 0 0 
$predAgeCompCatch
6.76463e-16 2.45454e-15 0 0 1.22839e-15 8.13162e-05 0.014743 0.0305334 1.68235e-05 1.55358e-15 1.9203e-05 0.937058 0.0173122 3.2856e-15 7.83126e-16 0.00015743 7.85748e-05 2.99944e-15 
7.17018e-16 2.84725e-15 0 0 1.47935e-15 3.80164e-06 0.0202613 0.0667155 8.2911e-05 1.57055e-15 1.35405e-05 0.820036 0.0913243 3.84399e-15 7.4505e-16 0.00153351 2.96079e-05 3.71761e-15 
5.98785e-16 3.33619e-15 0 0 1.32231e-15 1.255e-05 0.101288 0.186422 0.000244851 1.32283e-15 7.91421e-05 0.636895 0.0750181 4.55651e-15 5.98945e-16 3.56201e-05 4.78112e-06 4.57858e-15 
$genSS
 328 284 280
$obsGenComp     #GeneticFracData
0.902662 0.0075339 0.015771 0.0704169 0.00361627 
0.240506 0.00150693 0.00221017 0.606088 0.149689 
0.00241133 0.000502361 0.00110519 0.0177836 0.978198 
$predGenComp     #catchGenComp_pred
0.870631 0.0126642 0.021139 0.0437962 0.0517696 
0.274247 0.000828723 0.00771742 0.596435 0.120772 
0.00157541 0.00273607 0.00124415 0.0127171 0.981727 
#PARAMETERS_OF_INTEREST
$catchByGroup
9.6241e-12 4.20179e-13 6.96952e-16 
2.80619e-11 1.46716e-12 2.45364e-15 
0 0 0 
0 0 0 
1.55596e-11 7.24903e-13 1.20588e-15 
0 0 0 
110.973 5.802 0.00970308 
150.044 8.59749 0.0144416 
3.23454e-11 1.86476e-12 3.13328e-15 
2.17835e-11 1.01486e-12 1.68823e-15 
4.87038e-11 2.12636e-12 3.527e-15 
16399.8 857.433 1.43394 
2.15342 0.12339 0.000207265 
3.82264e-11 2.20381e-12 3.70297e-15 
1.16656e-11 5.09308e-13 8.44791e-16 
0.541228 0.0282971 4.73231e-05 
0 0 0 
3.08751e-11 1.78e-12 2.99086e-15 
1.68499e-12 1.30866e-14 1.25776e-14 
1.04386e-11 1.06203e-13 1.0208e-13 
0 0 0 
0 0 0 
4.35677e-12 3.73328e-14 3.58819e-14 
1.55636 0.0120875 0.0116174 
29.422 0.299341 0.287722 
83.0592 0.965846 0.928399 
1.49952e-11 1.75918e-13 1.69098e-13 
4.35677e-12 3.73328e-14 3.58819e-14 
1.68499e-12 1.30866e-14 1.25776e-14 
92.3283 0.939353 0.902893 
35.6626 0.414699 0.398621 
1.31208e-11 1.53928e-13 1.4796e-13 
1.68499e-12 1.30866e-14 1.25776e-14 
0.358326 0.00364563 0.00350413 
0 0 0 
1.49952e-11 1.75918e-13 1.69098e-13 
4.29881e-13 2.20348e-14 1.02519e-15 
2.60797e-12 1.5251e-13 7.14397e-15 
0 0 0 
0 0 0 
9.34214e-13 5.01994e-14 2.34116e-15 
0 0 0 
32.337 1.89103 0.0885803 
109.642 6.86333 0.322668 
3.50502e-12 2.20413e-13 1.03649e-14 
9.34214e-13 5.01994e-14 2.34116e-15 
0.287319 0.0147274 0.000685205 
158.302 9.25731 0.433635 
102.519 6.41746 0.301706 
3.50502e-12 2.20413e-13 1.03649e-14 
4.29881e-13 2.20348e-14 1.02519e-15 
0 0 0 
1.50389 0.0941399 0.00442583 
3.50502e-12 2.20413e-13 1.03649e-14 
6.20202e-13 1.61686e-12 7.97681e-15 
2.66024e-12 6.09679e-12 3.70314e-14 
0 0 0 
0 0 0 
1.37673e-12 3.42448e-12 1.82116e-14 
0 0 0 
7.58898 17.3926 0.105641 
56.6022 121.732 0.82142 
0.0772918 0.165532 0.00112484 
1.37673e-12 3.42448e-12 1.82116e-14 
7.44243e-13 1.94024e-12 9.57218e-15 
653.599 1497.93 9.0983 
118.259 254.334 1.71619 
3.69032e-12 7.9034e-12 5.37059e-14 
6.20202e-13 1.61686e-12 7.97681e-15 
2.11358 4.84394 0.0294217 
0 0 0 
3.69032e-12 7.9034e-12 5.37059e-14 
5.88036e-13 2.07637e-13 5.32013e-13 
3.21011e-12 1.23033e-12 2.93956e-12 
0 0 0 
0 0 0 
1.28361e-12 4.66784e-13 1.16641e-12 
0 0 0 
101.854 39.0372 93.2696 
185.048 73.967 170.482 
0.244702 0.098088 0.225531 
1.28361e-12 4.66784e-13 1.16641e-12 
0.0802183 0.0283254 0.0725759 
630.868 241.791 577.699 
72.7537 29.081 67.0268 
4.34239e-12 1.74063e-12 4.00218e-12 
5.88036e-13 2.07637e-13 5.32013e-13 
0 0 0 
0 0 0 
4.34239e-12 1.74063e-12 4.00218e-12 
$escByGroup
 8.32059e-11 4.11131e-11 5e-101 5e-101 5.43589e-11 5e-101 162.584 133.691 2.79539e-11 7.61024e-11 4.21072e-10 24027.1 1.91873 3.30365e-11 1.00856e-10 0.792945 5e-101 2.66833e-11 9.59248e-12 9.13363e-12 5e-101 5e-101 9.69893e-12 8.86017 25.7439 41.67 7.26605e-12 9.69893e-12 9.59248e-12 80.7862 17.8916 6.3578e-12 9.59248e-12 0.313531 5e-101 7.26605e-12 5.19862e-12 5.70973e-12 5e-101 5e-101 4.66481e-12 5e-101 70.7967 152.428 4.74155e-12 4.66481e-12 3.4746 346.578 142.526 4.74155e-12 5.19862e-12 5e-101 2.09076 4.74155e-12 1.18839e-11 5.33485e-12 5e-101 5e-101 9.3095e-12 5e-101 15.219 41.3178 0.0519734 9.3095e-12 1.42606e-11 1310.73 86.3251 2.48149e-12 1.18839e-11 4.23858 5e-101 2.48149e-12 7.14966e-12 3.92313e-12 5e-101 5e-101 5.56055e-12 5e-101 124.477 59.7739 0.0686324 5.56055e-12 0.975339 770.994 23.5008 1.21792e-12 7.14966e-12 5e-101 5e-101 1.21792e-12
$catchByGroup
9.6241e-12 2.80619e-11 0 0 1.55596e-11 0 110.973 150.044 3.23454e-11 2.17835e-11 4.87038e-11 16399.8 2.15342 3.82264e-11 1.16656e-11 0.541228 0 3.08751e-11 1.68499e-12 1.04386e-11 0 0 4.35677e-12 1.55636 29.422 83.0592 1.49952e-11 4.35677e-12 1.68499e-12 92.3283 35.6626 1.31208e-11 1.68499e-12 0.358326 0 1.49952e-11 4.29881e-13 2.60797e-12 0 0 9.34214e-13 0 32.337 109.642 3.50502e-12 9.34214e-13 0.287319 158.302 102.519 3.50502e-12 4.29881e-13 0 1.50389 3.50502e-12 6.20202e-13 2.66024e-12 0 0 1.37673e-12 0 7.58898 56.6022 0.0772918 1.37673e-12 7.44243e-13 653.599 118.259 3.69032e-12 6.20202e-13 2.11358 0 3.69032e-12 5.88036e-13 3.21011e-12 0 0 1.28361e-12 0 101.854 185.048 0.244702 1.28361e-12 0.0802183 630.868 72.7537 4.34239e-12 5.88036e-13 0 0 4.34239e-12 
4.20179e-13 1.46716e-12 0 0 7.24903e-13 0 5.802 8.59749 1.86476e-12 1.01486e-12 2.12636e-12 857.433 0.12339 2.20381e-12 5.09308e-13 0.0282971 0 1.78e-12 1.30866e-14 1.06203e-13 0 0 3.73328e-14 0.0120875 0.299341 0.965846 1.75918e-13 3.73328e-14 1.30866e-14 0.939353 0.414699 1.53928e-13 1.30866e-14 0.00364563 0 1.75918e-13 2.20348e-14 1.5251e-13 0 0 5.01994e-14 0 1.89103 6.86333 2.20413e-13 5.01994e-14 0.0147274 9.25731 6.41746 2.20413e-13 2.20348e-14 0 0.0941399 2.20413e-13 1.61686e-12 6.09679e-12 0 0 3.42448e-12 0 17.3926 121.732 0.165532 3.42448e-12 1.94024e-12 1497.93 254.334 7.9034e-12 1.61686e-12 4.84394 0 7.9034e-12 2.07637e-13 1.23033e-12 0 0 4.66784e-13 0 39.0372 73.967 0.098088 4.66784e-13 0.0283254 241.791 29.081 1.74063e-12 2.07637e-13 0 0 1.74063e-12 
6.96952e-16 2.45364e-15 0 0 1.20588e-15 0 0.00970308 0.0144416 3.13328e-15 1.68823e-15 3.527e-15 1.43394 0.000207265 3.70297e-15 8.44791e-16 4.73231e-05 0 2.99086e-15 1.25776e-14 1.0208e-13 0 0 3.58819e-14 0.0116174 0.287722 0.928399 1.69098e-13 3.58819e-14 1.25776e-14 0.902893 0.398621 1.4796e-13 1.25776e-14 0.00350413 0 1.69098e-13 1.02519e-15 7.14397e-15 0 0 2.34116e-15 0 0.0885803 0.322668 1.03649e-14 2.34116e-15 0.000685205 0.433635 0.301706 1.03649e-14 1.02519e-15 0 0.00442583 1.03649e-14 7.97681e-15 3.70314e-14 0 0 1.82116e-14 0 0.105641 0.82142 0.00112484 1.82116e-14 9.57218e-15 9.0983 1.71619 5.37059e-14 7.97681e-15 0.0294217 0 5.37059e-14 5.32013e-13 2.93956e-12 0 0 1.16641e-12 0 93.2696 170.482 0.225531 1.16641e-12 0.0725759 577.699 67.0268 4.00218e-12 5.32013e-13 0 0 4.00218e-12 
$Fmort
 0.396952 0.132738 0.0567693
#ESTIMATED_PARAMETERS
$availability
1.16815 1.73115 0.848395 0.48138 0.770927 
0.144829 0.0371513 0.125281 3.89747 0.795269 
0.000560439 0.0834868 0.0136035 0.0423467 4.86 
$availabilityVector
 1.16815 0.144829 0.000560439 1.73115 0.0371513 0.0834868 0.848395 0.125281 0.0136035 0.48138 3.89747 0.0423467 0.770927 0.795269 4.86
$selectivity
 0.234915 1.09168 1.55269 1.58419 0.536521
$RunSize
 9.32508e-11 7.06446e-11 0 0 7.06446e-11 0 279.369 292.348 6.21672e-11 9.89024e-11 4.71906e-10 41285.8 4.19575 7.34704e-11 1.13031e-10 1.36252 0 5.93414e-11 1.13031e-11 1.97805e-11 0 0 1.41289e-11 10.4402 55.753 126.623 2.26063e-11 1.41289e-11 1.13031e-11 174.957 54.3675 1.97805e-11 1.13031e-11 0.679007 0 2.26063e-11 5.65157e-12 8.47735e-12 0 0 5.65157e-12 0 105.113 269.256 8.47735e-12 5.65157e-12 3.77733 514.571 251.764 8.47735e-12 5.65157e-12 0 3.69321 8.47735e-12 1.41289e-11 1.41289e-11 0 0 1.41289e-11 0 40.3061 220.474 0.295922 1.41289e-11 1.69547e-11 3471.36 460.634 1.41289e-11 1.41289e-11 11.2255 0 1.41289e-11 8.47735e-12 1.13031e-11 0 0 8.47735e-12 0 358.638 489.27 0.636954 8.47735e-12 1.15646 2221.35 192.362 1.13031e-11 8.47735e-12 0 0 1.13031e-11
