$ndistricts
3
$ngroups
90
$nstocks
5
$nagecomps
18
$AgeCompLabels
 0.1 0.2 0.3 0.4 0.5 1.1 1.2 1.3 1.4 1.5 2.1 2.2 2.3 2.4 3.1 3.2 3.3 3.4
$navailpar
15
$nselectpar
5
$GENdata
 1 1 1
$maxGradient
9.71647e-05
#LIKELIHOOD_VALUES_AND_PENALTIES
$totalNLL
-60179.1
$NLLcatch
-53169.4
$NLLescape
-27419.6
$NLLagecompCatch
12897.5
$NLLagecompEsc
6787.41
$NLLgenetics
724.96
$NLLselOne
7.83899e-20
$NLLavailOne
1.77769e-17
$NLLextra
2.72993e-20
#OBSERVED_AND_PREDICTED_VALUES
$predEsc
 703.895 767.039 1265.25 1030.99 907.498
$obsEsc
 703.884 766.962 1263.92 1036.09 905.584
$predCatch
 1418.94 4610.37 1573.23
$obsCatch
 1418.94 4610.37 1573.23
$RunSize
 4.29421e-11 4.36237e-11 0 0 0 0.355993 348.252 113.827 6.8733 4.70318e-11 0.616412 305.324 17.4236 1.40295 4.36237e-11 4.83951e-11 4.70318e-11 4.43053e-11 1.4723e-10 1.03606e-10 0 0 0 0.191202 384.262 381.567 6.1474 4.4987e-11 1.54046e-10 25.9925 84.3351 1.45867e-10 1.47912e-10 1.64271e-10 1.47912e-10 1.09059e-10 6.67988e-11 4.08972e-11 0 0 0 0 528.03 886.124 110.084 2.59016e-11 1.39444 692.475 310.665 2.53758 6.67988e-11 9.81534e-11 8.4521e-11 4.08972e-11 6.74804e-11 6.88437e-11 0 0 0 0 19.0702 177.079 35.2892 5.52113e-11 12.4521 3549.83 1757.45 11.1623 9.73633 34.6199 12.1287 6.88437e-11 5.45297e-11 5.99826e-11 0 0 0 3.47242 145.748 671.31 7.35282 7.3615e-11 0.0269558 1613.3 8.62407 0.684887 5.58929e-11 1.9358e-10 6.61172e-11 6.06642e-11
$SSageCompEsc
 1323 411.5 1460 1290 1321
$obsAgeCompEsc
0 0 0 0 0 0.000505101 0.442832 0.143022 0.00865987 0 0.000866727 0.380195 0.0220553 0.00186373 0 0 0 0 
0 0 0 0 0 0.000258602 0.462782 0.40656 0.00654437 0 0 0.027621 0.0962343 0 0 0 0 0 
0 0 0 0 0 0 0.259588 0.314046 0.0451931 0 0.00117891 0.241349 0.136826 0.00181907 0 0 0 0 
0 0 0 0 0 0 0.00463711 0.039706 0.00740985 0 0.0105228 0.551682 0.363928 0.00627407 0.0082332 0.00340248 0.00420435 0 
0 0 0 0 0 0.0038052 0.105676 0.26192 0.000634657 0 2.01807e-05 0.622625 0.00468427 0.000634657 0 0 0 0 
$predAgeCompEsc
6.04447e-14 5.48517e-14 0 0 0 0.000501091 0.437886 0.144177 0.00879456 2.1271e-14 0.000867653 0.38391 0.0220693 0.00179512 6.14042e-14 6.08512e-14 5.9572e-14 5.66898e-14 
1.89849e-13 1.16842e-13 0 0 0 0.000246549 0.433349 0.434073 0.00707796 1.42502e-14 1.98638e-13 0.0293129 0.09594 1.67947e-13 1.90728e-13 1.85255e-13 1.68265e-13 1.25568e-13 
5.00998e-14 1.57181e-14 0 0 0 0 0.202939 0.356598 0.0471699 -7.01459e-15 0.00104584 0.26614 0.125019 0.00108733 5.00998e-14 3.77235e-14 3.40133e-14 1.75241e-14 
5.83834e-14 1.14283e-14 0 0 0 0 0.00316571 0.0338373 0.00807318 -2.7218e-14 0.0107734 0.589285 0.335824 0.00255361 0.00842377 0.00574702 0.00231762 1.57495e-14 
5.61592e-14 2.39049e-14 0 0 0 0.00357618 0.0580848 0.287865 0.00347506 -4.75712e-14 2.77614e-05 0.64295 0.00369809 0.000323689 5.75631e-14 7.71476e-14 2.83517e-14 2.86709e-14 
$SSageCompCatch
 4400 4866 2088
$obsAgeCompCatch
0 0 0 0 0 0 0.181091 0.317298 0.0331931 0 0 0.331061 0.135782 0.000685394 0 0.00068352 0.000206961 0 
0 0 0 0 0 0 0.0183831 0.0531265 0.006396 0 0.000283953 0.633892 0.27881 0.000897685 0.000283953 0.00629941 0.00162741 0 
0 0 0 0 0 0 0.0237347 0.250425 0.00703372 0 0.000206501 0.671689 0.0455815 6.89314e-05 0 0.00126074 0 0 
$predAgeCompCatch
3.1651e-15 2.25054e-14 0 0 0 1.95139e-06 0.202381 0.301382 0.032726 4.88919e-14 7.11584e-05 0.319779 0.141507 0.000994302 1.91793e-05 0.000856372 0.000282924 2.01836e-14 
1.7692e-15 1.42842e-14 0 0 0 8.07555e-06 0.0195587 0.0571734 0.00662498 2.8118e-14 0.000275321 0.627267 0.279662 0.00172885 0.000213726 0.00558574 0.00190156 1.31154e-14 
2.30048e-15 2.38801e-14 0 0 0 0.000122298 0.0601667 0.226876 0.00380646 6.47979e-14 3.37836e-05 0.648835 0.05814 0.000534174 2.47629e-05 0.0010979 0.000362879 2.16215e-14 
$genSS
 336 326 326
$obsGenComp     #GeneticFracData
0.0259583 0.0744542 0.781769 0.11641 0.00140859 
0.016004 0.00845496 0.0432813 0.850931 0.0813286 
0.0225261 0.027856 0.0209171 0.212993 0.715708 
$predGenComp     #catchGenComp_pred
0.0191626 0.0545866 0.788357 0.135584 0.00231033 
0.0106347 0.00452453 0.0272799 0.894057 0.063504 
0.00887281 0.0108958 0.0137663 0.173851 0.792614 
#PARAMETERS_OF_INTEREST
$catchByGroup
1.18489e-13 2.16501e-13 6.0354e-14 
1.51185e-12 2.72576e-12 7.76219e-13 
0 0 0 
0 0 0 
0 0 0 
0.000982285 0.00179481 0.000500339 
12.0692 21.76 6.19662 
3.72001 6.71253 1.90899 
0.205717 0.371634 0.105494 
1.00038e-11 1.66649e-11 5.39051e-12 
0.00170085 0.00310776 0.000866351 
10.5815 19.0777 5.43279 
0.569426 1.02749 0.292211 
0.0419902 0.0758566 0.0215331 
1.2037e-13 2.19937e-13 6.13119e-14 
1.67721e-12 3.02389e-12 8.61118e-13 
1.53706e-12 2.77353e-12 7.88772e-13 
1.32605e-12 2.39555e-12 6.80018e-13 
1.09026e-12 2.84678e-13 2.33474e-13 
9.37817e-12 2.52835e-12 2.07782e-12 
0 0 0 
0 0 0 
0 0 0 
0.00141587 0.0003697 0.000303202 
34.7824 9.3773 7.70634 
32.6251 8.77817 7.21305 
0.482501 0.129463 0.106361 
2.13441e-11 6.93861e-12 5.7738e-12 
1.14073e-12 2.97858e-13 2.44283e-13 
2.35277 0.634306 0.521278 
7.21088 1.94018 1.59425 
1.14489e-11 3.07193e-12 2.52376e-12 
1.0953e-12 2.85996e-13 2.34554e-13 
1.48693e-11 4.00876e-12 3.29443e-12 
1.26469e-11 3.40279e-12 2.79608e-12 
8.55992e-12 2.29677e-12 1.88693e-12 
3.0879e-12 2.75532e-13 4.65349e-14 
1.85457e-11 2.10191e-12 3.62203e-13 
0 0 0 
0 0 0 
0 0 0 
0 0 0 
239.446 27.1381 4.67645 
384.575 42.9681 7.39498 
44.6695 4.89195 0.840451 
2.54708e-11 7.78991e-12 1.51611e-12 
0.0644605 0.0057518 0.000971426 
314.017 35.5897 6.13284 
134.828 15.0642 2.5926 
1.02969 0.112766 0.0193736 
3.0879e-12 2.75532e-13 4.65349e-14 
4.45097e-11 5.04459e-12 8.69287e-13 
3.66818e-11 4.09842e-12 7.05353e-13 
1.65952e-11 1.81741e-12 3.12236e-13 
1.88616e-13 6.8293e-12 2.70009e-13 
2.41638e-12 5.12101e-11 3.43475e-12 
0 0 0 
0 0 0 
0 0 0 
0 0 0 
0.669352 14.1855 0.951448 
5.8612 127.997 8.33505 
1.06973 24.374 1.52217 
1.18787e-11 5.52059e-11 1.61882e-11 
0.0348051 1.2602 0.0498244 
124.597 2640.58 177.108 
58.1704 1270.32 82.7226 
0.338365 7.70968 0.481475 
0.0272143 0.985356 0.0389578 
1.21514 25.7524 1.72725 
0.401451 8.76688 0.570893 
2.08688e-12 4.75498e-11 2.96952e-12 
5.82203e-15 5.50677e-13 3.00882e-12 
8.16999e-14 7.28932e-12 3.0918e-11 
0 0 0 
0 0 0 
0 0 0 
0.000370744 0.0350668 0.1916 
0.198517 17.7118 75.1254 
0.861408 77.1354 332.077 
0.00862889 0.776601 3.41398 
6.77177e-13 4.30349e-11 7.30737e-11 
2.87803e-06 0.000272218 0.00148736 
2.19741 196.055 831.574 
0.0110662 0.99093 4.26607 
0.000803748 0.0723373 0.317999 
5.96758e-15 5.64444e-13 3.08404e-12 
2.63668e-13 2.35246e-11 9.97807e-11 
8.48399e-14 7.59705e-12 3.27062e-11 
7.11924e-14 6.40732e-12 2.81669e-11 
$escByGroup
 4.25468e-11 3.86099e-11 5e-101 5e-101 5e-101 0.352716 308.226 101.485 6.19045 1.49726e-11 0.610737 270.232 15.5345 1.26357 4.32221e-11 4.28328e-11 4.19325e-11 3.99037e-11 1.45622e-10 8.9622e-11 5e-101 5e-101 5e-101 0.189113 332.396 332.951 5.42907 1.09305e-11 1.52363e-10 22.4842 73.5898 1.28822e-10 1.46296e-10 1.42098e-10 1.29066e-10 9.63157e-11 6.33889e-11 1.98874e-11 5e-101 5e-101 5e-101 5e-101 256.769 451.187 59.6819 1.12673e-189 1.32326 336.735 158.181 1.37575 6.33889e-11 4.77298e-11 4.30354e-11 2.21724e-11 6.01925e-11 1.17824e-11 5e-101 5e-101 5e-101 5e-101 3.26381 34.8858 8.32335 3.56361e-190 11.1072 607.545 346.23 2.63274 8.6848 5.92511 2.38943 1.62375e-11 5.09643e-11 2.16936e-11 5e-101 5e-101 5e-101 3.24538 52.7119 261.237 3.15361 2.31638e-190 0.0251934 583.476 3.35601 0.293747 5.22384e-11 7.00113e-11 2.57291e-11 2.60188e-11
$catchByGroup
1.18489e-13 1.51185e-12 0 0 0 0.000982285 12.0692 3.72001 0.205717 1.00038e-11 0.00170085 10.5815 0.569426 0.0419902 1.2037e-13 1.67721e-12 1.53706e-12 1.32605e-12 1.09026e-12 9.37817e-12 0 0 0 0.00141587 34.7824 32.6251 0.482501 2.13441e-11 1.14073e-12 2.35277 7.21088 1.14489e-11 1.0953e-12 1.48693e-11 1.26469e-11 8.55992e-12 3.0879e-12 1.85457e-11 0 0 0 0 239.446 384.575 44.6695 2.54708e-11 0.0644605 314.017 134.828 1.02969 3.0879e-12 4.45097e-11 3.66818e-11 1.65952e-11 1.88616e-13 2.41638e-12 0 0 0 0 0.669352 5.8612 1.06973 1.18787e-11 0.0348051 124.597 58.1704 0.338365 0.0272143 1.21514 0.401451 2.08688e-12 5.82203e-15 8.16999e-14 0 0 0 0.000370744 0.198517 0.861408 0.00862889 6.77177e-13 2.87803e-06 2.19741 0.0110662 0.000803748 5.96758e-15 2.63668e-13 8.48399e-14 7.11924e-14 
2.16501e-13 2.72576e-12 0 0 0 0.00179481 21.76 6.71253 0.371634 1.66649e-11 0.00310776 19.0777 1.02749 0.0758566 2.19937e-13 3.02389e-12 2.77353e-12 2.39555e-12 2.84678e-13 2.52835e-12 0 0 0 0.0003697 9.3773 8.77817 0.129463 6.93861e-12 2.97858e-13 0.634306 1.94018 3.07193e-12 2.85996e-13 4.00876e-12 3.40279e-12 2.29677e-12 2.75532e-13 2.10191e-12 0 0 0 0 27.1381 42.9681 4.89195 7.78991e-12 0.0057518 35.5897 15.0642 0.112766 2.75532e-13 5.04459e-12 4.09842e-12 1.81741e-12 6.8293e-12 5.12101e-11 0 0 0 0 14.1855 127.997 24.374 5.52059e-11 1.2602 2640.58 1270.32 7.70968 0.985356 25.7524 8.76688 4.75498e-11 5.50677e-13 7.28932e-12 0 0 0 0.0350668 17.7118 77.1354 0.776601 4.30349e-11 0.000272218 196.055 0.99093 0.0723373 5.64444e-13 2.35246e-11 7.59705e-12 6.40732e-12 
6.0354e-14 7.76219e-13 0 0 0 0.000500339 6.19662 1.90899 0.105494 5.39051e-12 0.000866351 5.43279 0.292211 0.0215331 6.13119e-14 8.61118e-13 7.88772e-13 6.80018e-13 2.33474e-13 2.07782e-12 0 0 0 0.000303202 7.70634 7.21305 0.106361 5.7738e-12 2.44283e-13 0.521278 1.59425 2.52376e-12 2.34554e-13 3.29443e-12 2.79608e-12 1.88693e-12 4.65349e-14 3.62203e-13 0 0 0 0 4.67645 7.39498 0.840451 1.51611e-12 0.000971426 6.13284 2.5926 0.0193736 4.65349e-14 8.69287e-13 7.05353e-13 3.12236e-13 2.70009e-13 3.43475e-12 0 0 0 0 0.951448 8.33505 1.52217 1.61882e-11 0.0498244 177.108 82.7226 0.481475 0.0389578 1.72725 0.570893 2.96952e-12 3.00882e-12 3.0918e-11 0 0 0 0.1916 75.1254 332.077 3.41398 7.30737e-11 0.00148736 831.574 4.26607 0.317999 3.08404e-12 9.97807e-11 3.27062e-11 2.81669e-11 
$Fmort
 0.298141 0.631363 0.31801
#ESTIMATED_PARAMETERS
$availability
0.228616 0.614972 3.91599 0.23159 0.00883437 
0.197482 0.075619 0.161493 4.16884 0.39657 
0.109099 0.123106 0.0540572 0.311001 4.40274 
$availabilityVector
 0.228616 0.197482 0.109099 0.614972 0.075619 0.123106 3.91599 0.161493 0.0540572 0.23159 4.16884 0.311001 0.00883437 0.39657 4.40274
$selectivity
 0.0405385 0.51748 0.487491 0.445819 3.50867
$RunSize
 4.29421e-11 4.36237e-11 0 0 0 0.355993 348.252 113.827 6.8733 4.70318e-11 0.616412 305.324 17.4236 1.40295 4.36237e-11 4.83951e-11 4.70318e-11 4.43053e-11 1.4723e-10 1.03606e-10 0 0 0 0.191202 384.262 381.567 6.1474 4.4987e-11 1.54046e-10 25.9925 84.3351 1.45867e-10 1.47912e-10 1.64271e-10 1.47912e-10 1.09059e-10 6.67988e-11 4.08972e-11 0 0 0 0 528.03 886.124 110.084 2.59016e-11 1.39444 692.475 310.665 2.53758 6.67988e-11 9.81534e-11 8.4521e-11 4.08972e-11 6.74804e-11 6.88437e-11 0 0 0 0 19.0702 177.079 35.2892 5.52113e-11 12.4521 3549.83 1757.45 11.1623 9.73633 34.6199 12.1287 6.88437e-11 5.45297e-11 5.99826e-11 0 0 0 3.47242 145.748 671.31 7.35282 7.3615e-11 0.0269558 1613.3 8.62407 0.684887 5.58929e-11 1.9358e-10 6.61172e-11 6.06642e-11
