$ndistricts
3
$ngroups
90
$nstocks
5
$nagecomps
18
$AgeCompLabels
 0.1 0.2 0.3 0.4 0.5 1.1 1.2 1.3 1.4 1.5 2.1 2.2 2.3 2.4 3.1 3.2 3.3 3.4
$navailpar
15
$nselectpar
5
$GENdata
 1 1 1
$maxGradient
0.000499555
#LIKELIHOOD_VALUES_AND_PENALTIES
$totalNLL
-166653
$NLLcatch
-131422
$NLLescape
-61054.9
$NLLagecompCatch
15262
$NLLagecompEsc
8251.13
$NLLgenetics
2311.09
$NLLselOne
2.63489e-13
$NLLavailOne
1.21916e-14
$NLLextra
1.3e-198
#OBSERVED_AND_PREDICTED_VALUES
$predEsc
 3067.38 1770.32 1950.76 1467.82 1013.87
$obsEsc
 3068.23 1773.97 1953.23 1465.16 1003.16
$predCatch
 7150.54 7408.23 2429.6
$obsCatch
 7150.54 7408.23 2429.6
$RunSize
 8.45225e-11 7.03823 0 0 8.74371e-11 3.67884 2472.49 2077.97 1.82161e-10 6.1206e-11 2.27574 984.467 381.445 2.71929e-09 7.72361e-11 3.13608e-09 0 6.41205e-11 4.51758e-11 4.51758e-11 19.2038 0 4.22613e-11 3.64321e-11 1687.83 1218.4 24.4217 3.49748e-11 4.37185e-11 16.144 93.3575 13.5974 4.51758e-11 9.18089e-11 0 4.66331e-11 5.39195e-11 5.53768e-11 0 0 4.51758e-11 8.72969 1518.13 2567.85 80.6096 4.95477e-11 1.78692 477.604 410.55 1.22181 5.39195e-11 1.93215 0 5.82914e-11 4.66331e-11 5.39195e-11 0 0 3.0603e-11 19.0503 1266.78 845.587 21.0263 3.78894e-11 44.531 1724.47 4700 2.85231 2.91457e-11 19.766 7.27987 6.99497e-11 2.18593e-11 10.8156 0 0 3.49748e-11 10.9181 1976.83 1291.34 25.758 3.20603e-11 0.23248 155.537 62.3928 2.60932 2.91457e-11 3.64321e-11 0 3.78894e-11
$SSageCompEsc
 1514 1665 1545 1417 1314
$obsAgeCompEsc
0 0.00278211 0 0 0 0.00121059 0.51917 0.29613 0 0 0.00075186 0.125476 0.0544796 0 0 0 0 0 
0 0 0.00173211 0 0 0 0.617505 0.341506 0.00617054 0 0 0.00482611 0.026202 0.00205776 0 0 0 0 
0 0 0 0 0 0.004445 0.406647 0.427196 0.0123297 0 0.000910856 0.0800423 0.0684299 0 0 0 0 0 
0 0 4.57079e-05 0 0 0.0116858 0.293422 0.0669531 0.00297226 0 0.0285311 0.226839 0.36492 0 0 0.00277834 0.00185324 0 
0 0.00967721 0 0 0 0.0100521 0.685301 0.257668 0 0 0.000229047 0.0243368 0.0127364 0 0 0 0 0 
$predAgeCompEsc
2.66936e-14 0.00130833 0 0 2.77844e-14 0.00116184 0.459609 0.299265 2.2194e-14 1.94491e-14 0.000718714 0.183002 0.054935 3.31312e-13 2.43924e-14 5.82964e-13 0 7.81228e-15 
2.48422e-14 1.60262e-14 0.00556676 0 2.33605e-14 2.0034e-14 0.598759 0.353188 0.00622914 1.93328e-14 2.40408e-14 0.00572711 0.0270622 0.00346822 2.48422e-14 3.25694e-14 0 1.18945e-14 
2.64597e-14 1.32405e-14 0 0 2.2357e-14 0.00428389 0.362983 0.436321 0.0109541 2.45205e-14 0.000876888 0.114194 0.0697592 0.000166032 2.64597e-14 0.000461975 0 7.92125e-15 
2.95151e-14 9.33728e-15 0 0 1.96475e-14 0.0120574 0.219369 0.066614 0.000785203 2.43255e-14 0.0281846 0.298628 0.370259 0.000106516 1.84469e-14 0.0034229 0.000573496 2.61219e-15 
2.04339e-14 0.00373518 0 0 3.30366e-14 0.0102061 0.682703 0.235199 0.00259685 3.02835e-14 0.00021732 0.0537151 0.0113639 0.000263064 2.72452e-14 1.25819e-14 0 3.81991e-15 
$SSageCompCatch
 5244 4047 2988
$obsAgeCompCatch
0 0 0.000557227 0.000478308 0 0 0.296117 0.464714 0.00940037 0 0 0.125153 0.101408 0.00157614 0 0.000457361 0.000138312 0 
0 0 0 0.00025803 0 0.000339978 0.129074 0.142709 0.00239212 0 0.000339978 0.191213 0.53084 0.000443262 0 0.00209452 0.000296655 0 
0 0 0.00344191 0.000165033 0 0.000310571 0.478137 0.374417 0.00967376 0 0 0.0693185 0.0634414 0.00109465 0 0 0 0 
$predAgeCompCatch
8.26119e-16 0.000387469 0.00122561 0 6.2549e-16 7.073e-05 0.332432 0.457904 0.00974827 5.40758e-16 3.20251e-05 0.0967615 0.100045 0.00111616 7.91771e-16 0.000229747 4.76491e-05 1.46009e-14 
4.77703e-16 0.000173581 1.77266e-05 0 2.76313e-16 0.00018651 0.161134 0.140917 0.00346294 3.24235e-16 0.000409614 0.16929 0.521338 0.000410175 3.21748e-16 0.00186177 0.00079953 9.73e-15 
4.73155e-16 0.00246837 0.000186775 0 5.78152e-16 0.000215345 0.477126 0.391972 0.00834464 5.28373e-16 2.35876e-05 0.0515142 0.0669618 0.000977186 6.0173e-16 0.000138941 7.17224e-05 1.32605e-14 
$genSS
 1283 1176 372
$obsGenComp     #GeneticFracData
0.350453 0.20141 0.405841 0.041289 0.00100705 
0.030303 0.0030303 0.0222222 0.867677 0.0767677 
0.0223124 0.0010142 0.0020284 0.0659229 0.908722 
$predGenComp     #catchGenComp_pred
0.363125 0.171157 0.414309 0.0505917 0.00081748 
0.0263527 0.00238421 0.0202551 0.895886 0.0551219 
0.028898 0.0251496 0.00208637 0.0760796 0.867786 
#PARAMETERS_OF_INTEREST
$catchByGroup
2.44919e-12 1.43093e-13 5.09223e-14 
2.75521 0.198587 0.0712841 
0 0 0 
0 0 0 
2.04984e-12 1.19442e-13 4.25012e-14 
0.106601 0.00622814 0.00221639 
967.887 69.7622 25.0417 
1047.97 82.3601 29.6757 
1.02537e-10 8.48287e-12 3.06359e-12 
1.43489e-12 8.36097e-14 2.97508e-14 
0.0659436 0.00385273 0.00137106 
385.382 27.7772 9.97082 
192.372 15.1186 5.44746 
1.53067e-09 1.26632e-10 4.57332e-11 
2.23806e-12 1.30758e-13 4.65324e-14 
1.22766e-09 8.84857e-11 3.17626e-11 
0 0 0 
3.60929e-11 2.98597e-12 1.07838e-12 
1.13894e-12 1.29858e-14 4.52398e-14 
1.58273e-11 2.18851e-13 7.58124e-13 
8.76375 0.131323 0.453788 
0 0 0 
8.61687e-13 9.80082e-15 3.41463e-14 
9.185e-13 1.04724e-14 3.64837e-14 
591.328 8.17656 28.3245 
556.024 8.33188 28.791 
12.5183 0.196804 0.679027 
7.1312e-13 8.11102e-15 2.8259e-14 
1.1022e-12 1.25669e-14 4.37805e-14 
5.65603 0.0782085 0.270922 
42.6041 0.638412 2.20605 
6.96985 0.109575 0.378064 
1.13894e-12 1.29858e-14 4.52398e-14 
3.21652e-11 4.44762e-13 1.5407e-12 
0 0 0 
2.39036e-11 3.75795e-13 1.2966e-12 
2.22366e-12 7.66322e-14 2.55217e-15 
2.81889e-11 1.31452e-12 4.42588e-14 
0 0 0 
0 0 0 
1.50914e-12 5.18055e-14 1.72511e-15 
0.360015 0.0124069 0.000413202 
772.787 36.037 1.21334 
1628.09 85.7056 2.89944 
55.9705 3.1629 0.107315 
1.65518e-12 5.68189e-14 1.89206e-15 
0.0736932 0.00253963 8.45802e-05 
243.119 11.3372 0.381716 
260.3 13.7027 0.463565 
0.848352 0.0479404 0.00162658 
2.22366e-12 7.66322e-14 2.55217e-15 
0.98354 0.045865 0.00154424 
0 0 0 
4.04741e-11 2.28719e-12 7.76026e-14 
9.35578e-14 3.16954e-12 4.73123e-14 
1.79843e-12 3.74991e-11 9.16643e-13 
0 0 0 
0 0 0 
4.95425e-14 1.6894e-12 2.50513e-14 
0.0382198 1.2948 0.0193278 
42.2522 881 21.5355 
39.5757 687.994 20.2406 
1.15546 18.1261 0.592191 
6.13384e-14 2.09164e-12 3.1016e-14 
0.0893404 3.02667 0.0451796 
57.518 1199.31 29.3164 
219.972 3824.05 112.503 
0.156744 2.45888 0.0803332 
5.84736e-14 1.98096e-12 2.95702e-14 
0.659276 13.7466 0.336027 
0.340717 5.92311 0.174257 
3.84396e-12 6.03014e-11 1.97008e-12 
1.84472e-15 1.36685e-13 1.00355e-12 
0.0154073 1.08734 5.92586 
0 0 0 
0 0 0 
2.38122e-15 1.76543e-13 1.30125e-12 
0.000921386 0.0682704 0.501244 
2.81609 198.74 1083.11 
2.59856 179.556 870.727 
0.061108 4.16848 18.8956 
2.18279e-15 1.61831e-13 1.19282e-12 
1.96192e-05 0.00145369 0.010673 
0.22157 15.6369 85.219 
0.125553 8.67549 42.0703 
0.00619031 0.422271 1.91414 
2.45963e-15 1.82247e-13 1.33807e-12 
5.18992e-14 3.66268e-12 1.99612e-11 
0 0 0 
8.98883e-14 6.13172e-12 2.77949e-11 
$escByGroup
 8.18793e-11 4.01315 5e-101 5e-101 8.52253e-11 3.5638 1409.8 917.958 6.80774e-11 5.96577e-11 2.20457 561.337 168.506 1.01626e-09 7.48207e-11 1.78817e-09 5e-101 2.39632e-11 4.39787e-11 2.83715e-11 9.85496 5e-101 4.13556e-11 3.54667e-11 1060 625.257 11.0276 3.42253e-11 4.256e-11 10.1388 47.9089 6.13988 4.39787e-11 5.76583e-11 5e-101 2.10571e-11 5.16167e-11 2.58291e-11 5e-101 5e-101 4.36132e-11 8.35685 708.094 851.159 21.3688 4.78338e-11 1.7106 222.767 136.084 0.32389 5.16167e-11 0.901205 5e-101 1.54525e-11 4.33227e-11 1.37054e-11 5e-101 5e-101 2.8839e-11 17.698 321.994 97.7771 1.15253 3.57054e-11 41.3698 438.331 543.471 0.156346 2.70767e-11 5.02418 0.841787 3.83421e-12 2.07172e-11 3.78697 5e-101 5e-101 3.34947e-11 10.3476 692.169 238.46 2.63286 3.07034e-11 0.220333 54.4599 11.5215 0.266712 2.76229e-11 1.27564e-11 5e-101 3.87287e-12
$catchByGroup
2.44919e-12 2.75521 0 0 2.04984e-12 0.106601 967.887 1047.97 1.02537e-10 1.43489e-12 0.0659436 385.382 192.372 1.53067e-09 2.23806e-12 1.22766e-09 0 3.60929e-11 1.13894e-12 1.58273e-11 8.76375 0 8.61687e-13 9.185e-13 591.328 556.024 12.5183 7.1312e-13 1.1022e-12 5.65603 42.6041 6.96985 1.13894e-12 3.21652e-11 0 2.39036e-11 2.22366e-12 2.81889e-11 0 0 1.50914e-12 0.360015 772.787 1628.09 55.9705 1.65518e-12 0.0736932 243.119 260.3 0.848352 2.22366e-12 0.98354 0 4.04741e-11 9.35578e-14 1.79843e-12 0 0 4.95425e-14 0.0382198 42.2522 39.5757 1.15546 6.13384e-14 0.0893404 57.518 219.972 0.156744 5.84736e-14 0.659276 0.340717 3.84396e-12 1.84472e-15 0.0154073 0 0 2.38122e-15 0.000921386 2.81609 2.59856 0.061108 2.18279e-15 1.96192e-05 0.22157 0.125553 0.00619031 2.45963e-15 5.18992e-14 0 8.98883e-14 
1.43093e-13 0.198587 0 0 1.19442e-13 0.00622814 69.7622 82.3601 8.48287e-12 8.36097e-14 0.00385273 27.7772 15.1186 1.26632e-10 1.30758e-13 8.84857e-11 0 2.98597e-12 1.29858e-14 2.18851e-13 0.131323 0 9.80082e-15 1.04724e-14 8.17656 8.33188 0.196804 8.11102e-15 1.25669e-14 0.0782085 0.638412 0.109575 1.29858e-14 4.44762e-13 0 3.75795e-13 7.66322e-14 1.31452e-12 0 0 5.18055e-14 0.0124069 36.037 85.7056 3.1629 5.68189e-14 0.00253963 11.3372 13.7027 0.0479404 7.66322e-14 0.045865 0 2.28719e-12 3.16954e-12 3.74991e-11 0 0 1.6894e-12 1.2948 881 687.994 18.1261 2.09164e-12 3.02667 1199.31 3824.05 2.45888 1.98096e-12 13.7466 5.92311 6.03014e-11 1.36685e-13 1.08734 0 0 1.76543e-13 0.0682704 198.74 179.556 4.16848 1.61831e-13 0.00145369 15.6369 8.67549 0.422271 1.82247e-13 3.66268e-12 0 6.13172e-12 
5.09223e-14 0.0712841 0 0 4.25012e-14 0.00221639 25.0417 29.6757 3.06359e-12 2.97508e-14 0.00137106 9.97082 5.44746 4.57332e-11 4.65324e-14 3.17626e-11 0 1.07838e-12 4.52398e-14 7.58124e-13 0.453788 0 3.41463e-14 3.64837e-14 28.3245 28.791 0.679027 2.8259e-14 4.37805e-14 0.270922 2.20605 0.378064 4.52398e-14 1.5407e-12 0 1.2966e-12 2.55217e-15 4.42588e-14 0 0 1.72511e-15 0.000413202 1.21334 2.89944 0.107315 1.89206e-15 8.45802e-05 0.381716 0.463565 0.00162658 2.55217e-15 0.00154424 0 7.76026e-14 4.73123e-14 9.16643e-13 0 0 2.50513e-14 0.0193278 21.5355 20.2406 0.592191 3.1016e-14 0.0451796 29.3164 112.503 0.0803332 2.95702e-14 0.336027 0.174257 1.97008e-12 1.00355e-12 5.92586 0 0 1.30125e-12 0.501244 1083.11 870.727 18.8956 1.19282e-12 0.010673 85.219 42.0703 1.91414 1.33807e-12 1.99612e-11 0 2.77949e-11 
$Fmort
 0.280429 0.226456 0.14047
#ESTIMATED_PARAMETERS
$availability
1.4829 1.28771 2.12386 0.101277 0.00425603 
0.105815 0.0179538 0.0888187 4.39569 0.391722 
0.0606731 0.10087 0.00476545 0.102195 4.7315 
$availabilityVector
 1.4829 0.105815 0.0606731 1.28771 0.0179538 0.10087 2.12386 0.0888187 0.00476545 0.101277 4.39569 0.102195 0.00425603 0.391722 4.7315
$selectivity
 0.0707109 1.19442 1.68773 1.99009 0.0570468
$RunSize
 8.45225e-11 7.03823 0 0 8.74371e-11 3.67884 2472.49 2077.97 1.82161e-10 6.1206e-11 2.27574 984.467 381.445 2.71929e-09 7.72361e-11 3.13608e-09 0 6.41205e-11 4.51758e-11 4.51758e-11 19.2038 0 4.22613e-11 3.64321e-11 1687.83 1218.4 24.4217 3.49748e-11 4.37185e-11 16.144 93.3575 13.5974 4.51758e-11 9.18089e-11 0 4.66331e-11 5.39195e-11 5.53768e-11 0 0 4.51758e-11 8.72969 1518.13 2567.85 80.6096 4.95477e-11 1.78692 477.604 410.55 1.22181 5.39195e-11 1.93215 0 5.82914e-11 4.66331e-11 5.39195e-11 0 0 3.0603e-11 19.0503 1266.78 845.587 21.0263 3.78894e-11 44.531 1724.47 4700 2.85231 2.91457e-11 19.766 7.27987 6.99497e-11 2.18593e-11 10.8156 0 0 3.49748e-11 10.9181 1976.83 1291.34 25.758 3.20603e-11 0.23248 155.537 62.3928 2.60932 2.91457e-11 3.64321e-11 0 3.78894e-11
