$ndistricts
1
$ngroups
54
$nstocks
3
$nagecomps
18
$AgeCompLabels
 0.1 0.2 0.3 0.4 0.5 1.1 1.2 1.3 1.4 1.5 2.1 2.2 2.3 2.4 3.1 3.2 3.3 3.4
$navailpar
3
$nselectpar
5
$GENdata
 -1
$maxGradient
2.362728015e-06
#LIKELIHOOD_VALUES_AND_PENALTIES
$totalNLL
343.873691
$NLLcatch
0.2257913526
$NLLescape
-4.150937933
$NLLagecompCatch
84.59883587
$NLLagecompEsc
263.2000017
$NLLgenetics
0
$NLLselOne
1.176609314e-16
$NLLavailOne
1.234567898e-11
$NLLextra
3.5e-198
$sigmaCat
0.5
$sigmaEsc
0.1
#OBSERVED_AND_PREDICTED_VALUES
$predEsc
 123165.6081 1283780.761 349102.4452
$obsEsc
 123156 1283682 349155.3
$predCatch
 2259500.98
$obsCatch
 2259501
$RunSize
 0 0 0 0 0 0 114309.4061 42100.85769 2326.001825 0 4.458094238e-10 7150.78465 4431.978101 0 0 0 0 0 0 0 0 0 0 702.2003064 2480158.264 505480.2373 18479.03477 0 536.7147704 159075.1044 14819.45395 0 0 0 0 0 0 0 0 0 0 0 149154.5948 407322.8712 95568.98039 0 8.916188476e-10 3923.143867 10010.16631 0 0 0 0 0
$SSageCompEsc
 1004 1605 428
$obsAgeCompEsc
0 0 0 0 0 0 0.6695189 0.2477298 0.01495958 0 0 0.04182367 0.02596797 0 0 0 0 0 
0 0 0 0 0 0.0005397953 0.7793417 0.1611119 0.007514372 0 0.000395815 0.04716951 0.003926923 0 0 0 0 0 
0 0 0 0 0 0 0.2160649 0.5958754 0.1682346 0 0 0.005625605 0.01419954 0 0 0 0 0 
$predAgeCompEsc
0 0 0 0 0 0 0.6694112242 0.2476809146 0.01495841424 0 3.579503889e-15 0.04187595465 0.02607349232 0 0 0 0 0 
0 0 0 0 0 0.0005302499442 0.7766982418 0.1603350701 0.007513793842 0 0.0004052874578 0.04981672165 0.004700635186 0 0 0 0 0 
0 0 0 0 0 0 0.2159690863 0.5954566642 0.1682600654 0 2.495321991e-15 0.005680534332 0.01463364977 0 0 0 0 0 
$SSageCompCatch
 4352
$obsAgeCompCatch
0 0 0 0 0 0 0.7003356 0.2247142 0.02042284 0 1.676829e-05 0.04659962 0.00791098 0 0 0 0 0 
$predAgeCompCatch
0 0 0 0 0 9.504589521e-06 0.703105793 0.2260179325 0.02042291239 0 7.264670118e-06 0.04383911275 0.006597480165 0 0 0 0 0 
$genSS
 -1
$obsGenComp     #GeneticFracData
0 0 0 
$predGenComp     #catchGenComp_pred
0 0 0 
#PARAMETERS_OF_INTEREST
$catchByGroup
0 
0 
0 
0 
0 
0 
31860.96557 
11595.08722 
483.6396378 
0 
4.937650497e-12 
1993.107228 
1220.620563 
0 
0 
0 
0 
0 
0 
0 
0 
0 
0 
21.47562933 
1483048.004 
299645.1589 
8832.970789 
0 
16.41452925 
95121.35554 
8784.868937 
0 
0 
0 
0 
0 
0 
0 
0 
0 
0 
0 
73759.25867 
199447.4937 
36828.98013 
0 
2.049583889e-11 
1940.055442 
4901.523395 
0 
0 
0 
0 
0 
$escByGroup
 5e-101 5e-101 5e-101 5e-101 5e-101 5e-101 82448.44052 30505.77047 1842.362187 5e-101 4.408717733e-10 5157.677421 3211.357537 5e-101 5e-101 5e-101 5e-101 5e-101 5e-101 5e-101 5e-101 5e-101 5e-101 680.724677 997110.2601 205835.0784 9646.063978 5e-101 520.3002411 63953.74885 6034.585017 5e-101 5e-101 5e-101 5e-101 5e-101 5e-101 5e-101 5e-101 5e-101 5e-101 5e-101 75395.33611 207875.3775 58740.00026 5e-101 8.711230087e-10 1983.088425 5108.642917 5e-101 5e-101 5e-101 5e-101 5e-101
$catchByGroup
0 0 0 0 0 0 31860.96557 11595.08722 483.6396378 0 4.937650497e-12 1993.107228 1220.620563 0 0 0 0 0 0 0 0 0 0 21.47562933 1483048.004 299645.1589 8832.970789 0 16.41452925 95121.35554 8784.868937 0 0 0 0 0 0 0 0 0 0 0 73759.25867 199447.4937 36828.98013 0 2.049583889e-11 1940.055442 4901.523395 0 0 0 0 0 
$Fmort
 0.4693673634
#ESTIMATED_PARAMETERS
$availability
0.5104741333 1.4236348 1.0658914 
$availabilityVector
 0.5104741333 1.4236348 1.0658914
$selectivity
 0.04648370142 1.363672224 1.344542524 0.9728814367 1.272420115
$RunSize
 0 0 0 0 0 0 114309.4061 42100.85769 2326.001825 0 4.458094238e-10 7150.78465 4431.978101 0 0 0 0 0 0 0 0 0 0 702.2003064 2480158.264 505480.2373 18479.03477 0 536.7147704 159075.1044 14819.45395 0 0 0 0 0 0 0 0 0 0 0 149154.5948 407322.8712 95568.98039 0 8.916188476e-10 3923.143867 10010.16631 0 0 0 0 0
