$ndistricts
1
$ngroups
54
$nstocks
3
$nagecomps
18
$AgeCompLabels
 0.1 0.2 0.3 0.4 0.5 1.1 1.2 1.3 1.4 1.5 2.1 2.2 2.3 2.4 3.1 3.2 3.3 3.4
$navailpar
3
$nselectpar
5
$GENdata
 -1
$maxGradient
1.383646522e-06
#LIKELIHOOD_VALUES_AND_PENALTIES
$totalNLL
244.0020326
$NLLcatch
0.2257913526
$NLLescape
-4.150922369
$NLLagecompCatch
91.48595512
$NLLagecompEsc
156.4412084
$NLLgenetics
0
$NLLselOne
6.722389484e-17
$NLLavailOne
1.234567898e-11
$NLLextra
2.1e-198
$sigmaCat
0.5
$sigmaEsc
0.1
#OBSERVED_AND_PREDICTED_VALUES
$predEsc
 536165.6229 2266319.343 734352.8817
$obsEsc
 536154 2267238 734040.1
$predCatch
 3025541.949
$obsCatch
 3025542
$RunSize
 0 1.092954741e-09 1044.835863 702.8263335 6.557728445e-09 7.286364939e-10 345501.5833 330268.9035 3422.5036 0 1316.466748 10760.9443 7589.806358 0 0 0 0 0 0 6.557728445e-09 11856.8477 1.493704812e-08 8.113367359e-07 29278.19223 3249745.394 1102050.07 33316.99388 0 4064.491209 42694.3046 21015.3623 0 0 0 0 0 0 14550.16967 3.133136924e-08 1734.379951 122.3863421 32099.14747 4.494958531e-06 1176643.442 7.112220817e-06 0 2.171336752e-07 58809.00642 83791.73866 0 0 0 0 0
$SSageCompEsc
 1249 1155 0
$obsAgeCompEsc
0 0 0.001459454 0.0007934466 0 0 0.5138842 0.451255 0.003864233 0 0.002370383 0.01600321 0.01037015 0 0 0 0 0 
0 0 0.002976531 0 0 0.01162848 0.7625036 0.2037329 0.003624608 0 0.001651009 0.009997807 0.003885051 0 0 0 0 0 
0 0.002733084 0.04268001 0.001637061 0 0 0.06209331 0.8209684 0.00250412 0 0 0.03112685 0.03625712 0 0 0 0 0 
$predAgeCompEsc
0 1.625572132e-15 0.001427732542 0.0007935162608 1.779477753e-15 1.309681666e-15 0.5138709999 0.451301183 0.003864129913 0 0.002366272317 0.01600495475 0.01037121131 0 0 0 0 0 
0 1.539206947e-15 0.002197194454 1.625525094e-15 1.656390331e-15 0.0116539385 0.7627688045 0.2042210849 0.003625723714 0 0.001617836587 0.01002105695 0.003894360345 0 0 0 0 0 
0 0.01235136804 2.228308989e-14 0.000828057386 2.977138174e-06 0.04046537259 3.815686581e-12 0.8368370814 3.395638294e-12 0 2.737267422e-13 0.04992187028 0.05959327313 0 0 0 0 0 
$SSageCompCatch
 5534
$obsAgeCompCatch
0 0.0018164 0.001553389 0.0004643579 3.972801e-05 0.001773104 0.5258042 0.4270462 0.008741701 0 0.0001094221 0.01468782 0.01796361 0 0 0 0 0 
$predAgeCompCatch
0 0.001811214997 0.00236540702 0.0004639379788 3.972844367e-05 0.001735203339 0.5258725027 0.426246385 0.008742445658 0 0.0001473156691 0.01464589321 0.01792996601 0 0 0 0 0 
$genSS
 -1
$obsGenComp     #GeneticFracData
0 0 0 
$predGenComp     #catchGenComp_pred
0 0 0 
#PARAMETERS_OF_INTEREST
$catchByGroup
0 
2.213788458e-10 
279.3347554 
277.3701933 
5.603633647e-09 
2.643020736e-11 
69981.61853 
88296.72359 
1350.689978 
0 
47.75287736 
2179.637766 
2029.119384 
0 
0 
0 
0 
0 
0 
3.069393968e-09 
6877.303411 
1.125308916e-08 
8.075828265e-07 
2866.645988 
1521067.698 
639219.8747 
25099.94609 
0 
397.9568591 
19983.38939 
12189.49812 
0 
0 
0 
0 
0 
0 
5479.906951 
1.496771796e-08 
1126.293623 
120.2000721 
2383.284505 
1.692898094e-06 
562109.72 
4.61862405e-06 
0 
1.61216532e-08 
22148.73712 
40029.24681 
0 
0 
0 
0 
0 
$escByGroup
 5e-101 8.715758949e-10 765.5011076 425.4561403 9.540947979e-10 7.022062865e-10 275519.9647 241972.1799 2071.813622 5e-101 1268.713871 8581.306536 5560.686974 5e-101 5e-101 5e-101 5e-101 5e-101 5e-101 3.488334476e-09 4979.544291 3.683958962e-09 3.753909445e-09 26411.54624 1728677.696 462830.1949 8217.047783 5e-101 3666.534349 22710.91521 8825.864176 5e-101 5e-101 5e-101 5e-101 5e-101 5e-101 9070.262717 1.636365127e-08 608.0863276 2.186269997 29715.86297 2.802060437e-06 614533.7223 2.493596766e-06 5e-101 2.01012022e-07 36660.2693 43762.49185 5e-101 5e-101 5e-101 5e-101 5e-101
$catchByGroup
0 2.213788458e-10 279.3347554 277.3701933 5.603633647e-09 2.643020736e-11 69981.61853 88296.72359 1350.689978 0 47.75287736 2179.637766 2029.119384 0 0 0 0 0 0 3.069393968e-09 6877.303411 1.125308916e-08 8.075828265e-07 2866.645988 1521067.698 639219.8747 25099.94609 0 397.9568591 19983.38939 12189.49812 0 0 0 0 0 0 5479.906951 1.496771796e-08 1126.293623 120.2000721 2383.284505 1.692898094e-06 562109.72 4.61862405e-06 0 1.61216532e-08 22148.73712 40029.24681 0 0 0 0 0 
$Fmort
 1.176926933
#ESTIMATED_PARAMETERS
$availability
0.5104741333 1.4236348 1.0658914 
$availabilityVector
 0.5104741333 1.4236348 1.0658914
$selectivity
 0.06149854056 0.3767320488 0.5177916238 0.835478834 3.208498954
$RunSize
 0 1.092954741e-09 1044.835863 702.8263335 6.557728445e-09 7.286364939e-10 345501.5833 330268.9035 3422.5036 0 1316.466748 10760.9443 7589.806358 0 0 0 0 0 0 6.557728445e-09 11856.8477 1.493704812e-08 8.113367359e-07 29278.19223 3249745.394 1102050.07 33316.99388 0 4064.491209 42694.3046 21015.3623 0 0 0 0 0 0 14550.16967 3.133136924e-08 1734.379951 122.3863421 32099.14747 4.494958531e-06 1176643.442 7.112220817e-06 0 2.171336752e-07 58809.00642 83791.73866 0 0 0 0 0
