$ndistricts
1
$ngroups
54
$nstocks
3
$nagecomps
18
$AgeCompLabels
 0.1 0.2 0.3 0.4 0.5 1.1 1.2 1.3 1.4 1.5 2.1 2.2 2.3 2.4 3.1 3.2 3.3 3.4
$navailpar
3
$nselectpar
5
$GENdata
 -1
$maxGradient
2.491476119e-06
#LIKELIHOOD_VALUES_AND_PENALTIES
$totalNLL
414.8119283
$NLLcatch
0.2257913526
$NLLescape
-4.150853548
$NLLagecompCatch
127.0417833
$NLLagecompEsc
291.6952071
$NLLgenetics
0
$NLLselOne
2.416431853e-17
$NLLavailOne
1.234567898e-11
$NLLextra
3.5e-198
$sigmaCat
0.5
$sigmaEsc
0.1
#OBSERVED_AND_PREDICTED_VALUES
$predEsc
 60028.88137 430929.6631 39808.57477
$obsEsc
 60018 430602 39850.56
$predCatch
 355759.9827
$obsCatch
 355760
$RunSize
 0 0 1.033109256e-09 0 0 0 28144.43308 36394.6781 1.180696292e-09 0 0 6531.172537 5310.180619 0 0 0 0 0 0 0 4220.467069 244.6733851 0 0 412147.6299 215686.8758 4215.541792 0 0 60821.83456 47810.40807 0 0 0 0 0 0 0 9.83913577e-10 0 0 0 26235.68594 35401.03127 1.328283329e-09 0 0 3362.489776 9.347178982e-10 0 0 0 0 0
$SSageCompEsc
 600 1150 16
$obsAgeCompEsc
0 0 0 0 0 0 0.4112928 0.4320479 0 0 0 0.0938655 0.06279376 0 0 0 0 0 
0 0 0 0.0006578947 0 0 0.6920509 0.2001214 0.001934016 0 0 0.06555135 0.03968451 0 0 0 0 0 
0 0 0 0 0 0 0.5 0.4375 0 0 0 0.0625 0 0 0 0 0 0 
$predAgeCompEsc
0 0 1.224820757e-14 0 0 0 0.4103380584 0.4314834749 1.19685149e-14 0 0 0.09522269114 0.06295577556 0 0 0 0 0 
0 0 0.003793182308 0.0001420759985 0 0 0.6594756014 0.1938504976 0.002447864565 0 0 0.09732074871 0.04297002941 0 0 0 0 0 
0 0 1.214922053e-14 0 0 0 0.4989282508 0.4371267414 1.182618749e-14 0 0 0.0639450078 1.15417595e-14 0 0 0 0 0 
$SSageCompCatch
 1800
$obsAgeCompCatch
0 0 0.01106547 0 0 0 0.352962 0.444158 0.009401024 0 0 0.09226844 0.09014506 0 0 0 0 0 
$predAgeCompCatch
0 0 0.007268586744 0.0005156527766 0 0 0.3874702039 0.4515510469 0.008884316655 0 0 0.0576664863 0.08664370674 0 0 0 0 0 
$genSS
 -1
$obsGenComp     #GeneticFracData
0 0 0 
$predGenComp     #catchGenComp_pred
0 0 0 
#PARAMETERS_OF_INTEREST
$catchByGroup
0 
0 
2.978630568e-10 
0 
0 
0 
3512.298445 
10493.20777 
4.622397313e-10 
0 
0 
815.0609068 
1531.015836 
0 
0 
0 
0 
0 
0 
0 
2585.872295 
183.4486229 
0 
0 
127960.0312 
132150.9462 
3160.68434 
0 
0 
18883.43711 
29293.34778 
0 
0 
0 
0 
0 
0 
0 
5.002704233e-10 
0 
0 
0 
6374.063368 
17999.6387 
8.574996602e-10 
0 
0 
816.9301521 
4.752569021e-10 
0 
0 
0 
0 
0 
$escByGroup
 5e-101 5e-101 7.352461991e-10 5e-101 5e-101 5e-101 24632.13463 25901.47033 7.184565611e-10 5e-101 5e-101 5716.11163 3779.164783 5e-101 5e-101 5e-101 5e-101 5e-101 5e-101 5e-101 1634.594774 61.22476215 5e-101 5e-101 284187.5987 83535.92962 1054.857452 5e-101 5e-101 41938.39745 18517.06029 5e-101 5e-101 5e-101 5e-101 5e-101 5e-101 5e-101 4.836431537e-10 5e-101 5e-101 5e-101 19861.62257 17401.39257 4.707836687e-10 5e-101 5e-101 2545.559624 4.594609961e-10 5e-101 5e-101 5e-101 5e-101 5e-101
$catchByGroup
0 0 2.978630568e-10 0 0 0 3512.298445 10493.20777 4.622397313e-10 0 0 815.0609068 1531.015836 0 0 0 0 0 0 0 2585.872295 183.4486229 0 0 127960.0312 132150.9462 3160.68434 0 0 18883.43711 29293.34778 0 0 0 0 0 0 0 5.002704233e-10 0 0 0 6374.063368 17999.6387 8.574996602e-10 0 0 816.9301521 4.752569021e-10 0 0 0 0 0 
$Fmort
 0.6639862831
#ESTIMATED_PARAMETERS
$availability
0.5104741333 1.4236348 1.0658914 
$availabilityVector
 0.5104741333 1.4236348 1.0658914
$selectivity
 0.2137966005 0.3932690834 1.003466607 1.465577717 1.923889993
$RunSize
 0 0 1.033109256e-09 0 0 0 28144.43308 36394.6781 1.180696292e-09 0 0 6531.172537 5310.180619 0 0 0 0 0 0 0 4220.467069 244.6733851 0 0 412147.6299 215686.8758 4215.541792 0 0 60821.83456 47810.40807 0 0 0 0 0 0 0 9.83913577e-10 0 0 0 26235.68594 35401.03127 1.328283329e-09 0 0 3362.489776 9.347178982e-10 0 0 0 0 0
