$ndistricts
1
$ngroups
54
$nstocks
3
$nagecomps
18
$AgeCompLabels
 0.1 0.2 0.3 0.4 0.5 1.1 1.2 1.3 1.4 1.5 2.1 2.2 2.3 2.4 3.1 3.2 3.3 3.4
$navailpar
3
$nselectpar
5
$GENdata
 -1
$maxGradient
2.422574361e-06
#LIKELIHOOD_VALUES_AND_PENALTIES
$totalNLL
316.9845132
$NLLcatch
0.2257913526
$NLLescape
-4.150130813
$NLLagecompCatch
82.90255024
$NLLagecompEsc
238.0063024
$NLLgenetics
0
$NLLselOne
1.147676034e-16
$NLLavailOne
3.062500507e-17
$NLLextra
2.7e-198
$sigmaCat
0.5
$sigmaEsc
0.1
#OBSERVED_AND_PREDICTED_VALUES
$predEsc
 469082.3505 1313289.651 678517.4251
$obsEsc
 469230 1309707 680512
$predCatch
 7128376.624
$obsCatch
 7128377
$RunSize
 0 0 1.064462518e-09 1.064462518e-09 0 1.064462518e-09 312642.6013 685716.4417 1.064462518e-09 0 0 8265.716565 1862.33433 1.064462518e-09 0 0 0 0 0 0 3658.804379 1136.316562 0 202495.5392 2901008.492 2021031.962 9711.496011 0 0 96997.70179 49013.55608 491.894267 0 0 0 0 0 0 4.257850073e-09 6.386775109e-09 0 5508.116591 580953.7725 2680222.903 18893.86826 0 0 4298.030708 5356.50371 4.790081332e-09 0 0 0 0
$SSageCompEsc
 1 1 1
$obsAgeCompEsc
0 0 0 0 0 0 0.416628 0.5714467 0 0 0 0.01043464 0.001490663 0 0 0 0 0 
0 0 0 0 0 0.1515467 0.6888362 0.1468409 0.001161468 0 0 0.01045321 0.001161468 0 0 0 0 0 
0 0 0 0 0 0.007969963 0.3442348 0.6382532 0.006443641 0 0 0.002065629 0.001032815 0 0 0 0 0 
$predAgeCompEsc
0 0 8.868861338e-16 1.057659495e-15 0 2.251243784e-15 0.4161233262 0.5713234553 1.057659495e-15 0 0 0.01100156363 0.001551654911 1.057659495e-15 0 0 0 0 
0 0 0.000262713815 0.0001270170186 0 0.1511338513 0.6760942322 0.1451165359 0.001085547207 0 0 0.0226057893 0.003519329532 5.49837478e-05 0 0 0 0 
0 0 1.014328082e-15 2.141012559e-15 0 0.007993425697 0.3433593509 0.6384972017 0.006333714363 0 0 0.002540252089 0.001276055296 1.605759419e-15 0 0 0 0 
$SSageCompCatch
 1
$obsAgeCompCatch
0 0 0.0007285447 0.000263441 0 0.0005751059 0.3344647 0.6276668 0.003010205 0 0 0.02348952 0.009687689 0.0001140397 0 0 0 0 
$predAgeCompCatch
0 0 0.0004648723292 0.0001360066222 0 0.0005748089027 0.3476985052 0.6306010852 0.003210014286 0 0 0.0102392535 0.007016578672 5.887521131e-05 0 0 0 0 
$genSS
 -1
$obsGenComp     #GeneticFracData
0 0 0 
$predGenComp     #catchGenComp_pred
0 0 0 
#PARAMETERS_OF_INTEREST
$catchByGroup
0 
0 
6.484398858e-10 
5.68333116e-10 
0 
8.443792172e-12 
117446.4933 
417718.6924 
5.68333116e-10 
0 
0 
3105.077239 
1134.480397 
5.68333116e-10 
0 
0 
0 
0 
0 
0 
3313.785044 
969.5064261 
0 
4013.016375 
2013100.934 
1830451.917 
8285.858098 
0 
0 
67309.75265 
44391.65703 
419.68468 
0 
0 
0 
0 
0 
0 
3.569610794e-09 
4.93406078e-09 
0 
84.43797028 
347978.4699 
2246991.425 
14596.3327 
0 
0 
2574.425402 
4490.677956 
3.700545585e-09 
0 
0 
0 
0 
$escByGroup
 5e-101 5e-101 4.160226323e-10 4.961294021e-10 5e-101 1.056018726e-09 195196.108 267997.7493 4.961294021e-10 5e-101 5e-101 5160.639325 727.8539328 4.961294021e-10 5e-101 5e-101 5e-101 5e-101 5e-101 5e-101 345.0193344 166.8101361 5e-101 198482.5228 887907.5585 190580.0448 1425.637912 5e-101 5e-101 29687.94914 4621.899054 72.20958698 5e-101 5e-101 5e-101 5e-101 5e-101 5e-101 6.882392785e-10 1.452714329e-09 5e-101 5423.678621 232975.3026 433231.4772 4297.535561 5e-101 5e-101 1723.605306 865.8257538 1.089535747e-09 5e-101 5e-101 5e-101 5e-101
$catchByGroup
0 0 6.484398858e-10 5.68333116e-10 0 8.443792172e-12 117446.4933 417718.6924 5.68333116e-10 0 0 3105.077239 1134.480397 5.68333116e-10 0 0 0 0 0 0 3313.785044 969.5064261 0 4013.016375 2013100.934 1830451.917 8285.858098 0 0 67309.75265 44391.65703 419.68468 0 0 0 0 0 0 3.569610794e-09 4.93406078e-09 0 84.43797028 347978.4699 2246991.425 14596.3327 0 0 2574.425402 4490.677956 3.700545585e-09 0 0 0 0 
$Fmort
 1.178198801
#ESTIMATED_PARAMETERS
$availability
0.5501403182 1.382715715 1.067143968 
$availabilityVector
 0.5501403182 1.382715715 1.067143968
$selectivity
 0.01228692877 0.7267423133 1.449432789 1.177751202 1.633786769
$RunSize
 0 0 1.064462518e-09 1.064462518e-09 0 1.064462518e-09 312642.6013 685716.4417 1.064462518e-09 0 0 8265.716565 1862.33433 1.064462518e-09 0 0 0 0 0 0 3658.804379 1136.316562 0 202495.5392 2901008.492 2021031.962 9711.496011 0 0 96997.70179 49013.55608 491.894267 0 0 0 0 0 0 4.257850073e-09 6.386775109e-09 0 5508.116591 580953.7725 2680222.903 18893.86826 0 0 4298.030708 5356.50371 4.790081332e-09 0 0 0 0
