$ndistricts
1
$ngroups
54
$nstocks
3
$nagecomps
18
$AgeCompLabels
 0.1 0.2 0.3 0.4 0.5 1.1 1.2 1.3 1.4 1.5 2.1 2.2 2.3 2.4 3.1 3.2 3.3 3.4
$navailpar
3
$nselectpar
5
$GENdata
 1
$maxGradient
5.912796587e-06
#LIKELIHOOD_VALUES_AND_PENALTIES
$totalNLL
369.7619908
$NLLcatch
0.2257913526
$NLLescape
-4.150938233
$NLLagecompCatch
78.21950358
$NLLagecompEsc
217.1288542
$NLLgenetics
78.33877987
$NLLselOne
6.553826186e-15
$NLLavailOne
1.039055736e-15
$NLLextra
3.2e-198
$sigmaCat
0.5
$sigmaEsc
0.1
#OBSERVED_AND_PREDICTED_VALUES
$predEsc
 387055.6847 1183158.96 894173.5087
$obsEsc
 387036 1183348 894148
$predCatch
 3012270.918
$obsCatch
 3012271
$RunSize
 0 0 9.120709188e-10 0 0 6.080472792e-10 106331.392 363097.1546 922.7293753 0 0 30728.81099 7177.658959 0 0 0 0 0 0 0 2.736212756e-09 0 0 39226.24389 1297143.067 1666449.354 1196.329282 0 1526.025539 44838.73068 32461.14274 0 0 0 0 0 0 0 10608.16704 0 0 1.520118198e-09 91850.24436 1720948.28 51526.76165 0 0 4520.617273 6106.362258 0 0 0 0 0
$SSageCompEsc
 1 1 1
$obsAgeCompEsc
0 0 0 0 0 0 0.2238544 0.6980378 0.001907451 0 0 0.06284818 0.01335216 0 0 0 0 0 
0 0 0 0 0 0.03287588 0.5019607 0.4505921 0.0004277508 0 0.001283252 0.009438325 0.003422006 0 0 0 0 0 
0 0 0.007162081 0 0 0 0.06065932 0.8950508 0.0323531 0 0 0.00238736 0.00238736 0 0 0 0 0 
$predAgeCompEsc
0 0 1.749409884e-15 0 0 1.56764658e-15 0.2233415423 0.6964433772 0.001904188688 0 0 0.06454368656 0.01376720523 0 0 0 0 0 
0 0 7.329615744e-16 0 0 0.03288524806 0.4932648507 0.4463992573 0.0004249584803 0 0.001279340651 0.01705083299 0.008695511792 0 0 0 0 0 
0 0 0.005520695053 0 0 1.690845026e-15 0.06035794236 0.8956147302 0.03235811102 0 0 0.002970652486 0.003177868881 0 0 0 0 0 
$SSageCompCatch
 1
$obsAgeCompCatch
0 0 0.0002221501 0 0 0.0001099079 0.2473001 0.7083741 0.007717715 0 0 0.02070356 0.0155725 0 0 0 0 0 
$predAgeCompCatch
0 0 0.001882867751 0 0 0.0001054911726 0.2560519653 0.7143899843 0.007792205543 0 4.103941841e-06 0.01071485084 0.009058531184 0 0 0 0 0 
$genSS
 285
$obsGenComp     #GeneticFracData
0.03855801525 0.6288927448 0.3325492399 
$predGenComp     #catchGenComp_pred
0.04023610907 0.6306477686 0.3291161224 
#PARAMETERS_OF_INTEREST
$catchByGroup
0 
0 
2.349518784e-10 
0 
0 
1.280758609e-12 
19885.77847 
93534.78634 
185.7023187 
0 
0 
5746.810196 
1848.983911 
0 
0 
0 
0 
0 
0 
0 
1.869002702e-09 
0 
0 
317.7679914 
713532.339 
1138288.073 
693.5358482 
0 
12.36218466 
24664.88485 
22172.97005 
0 
0 
0 
0 
0 
0 
0 
5671.70777 
0 
0 
8.209368289e-12 
37879.77127 
920113.3146 
22592.99598 
0 
0 
1864.338516 
3264.79609 
0 
0 
0 
0 
0 
$escByGroup
 5e-101 5e-101 6.771190404e-10 5e-101 5e-101 6.067665206e-10 86445.61357 269562.3682 737.0270565 5e-101 5e-101 24982.0008 5328.675047 5e-101 5e-101 5e-101 5e-101 5e-101 5e-101 5e-101 8.672100542e-10 5e-101 5e-101 38908.4759 583610.7278 528161.2811 502.7934336 5e-101 1513.663355 20173.84583 10288.17269 5e-101 5e-101 5e-101 5e-101 5e-101 5e-101 5e-101 4936.459266 5e-101 5e-101 1.51190883e-09 53970.4731 800834.9657 28933.76567 5e-101 5e-101 2656.278757 2841.566168 5e-101 5e-101 5e-101 5e-101 5e-101
$catchByGroup
0 0 2.349518784e-10 0 0 1.280758609e-12 19885.77847 93534.78634 185.7023187 0 0 5746.810196 1848.983911 0 0 0 0 0 0 0 1.869002702e-09 0 0 317.7679914 713532.339 1138288.073 693.5358482 0 12.36218466 24664.88485 22172.97005 0 0 0 0 0 0 0 5671.70777 0 0 8.209368289e-12 37879.77127 920113.3146 22592.99598 0 0 1864.338516 3264.79609 0 0 0 0 0 
$Fmort
 0.5653744916
#ESTIMATED_PARAMETERS
$availability
0.4040028299 1.558458218 1.037538955 
$availabilityVector
 0.4040028299 1.558458218 1.037538955
$selectivity
 0.009231390153 0.9064509526 1.304088619 0.9837946647 1.796434386
$RunSize
 0 0 9.120709188e-10 0 0 6.080472792e-10 106331.392 363097.1546 922.7293753 0 0 30728.81099 7177.658959 0 0 0 0 0 0 0 2.736212756e-09 0 0 39226.24389 1297143.067 1666449.354 1196.329282 0 1526.025539 44838.73068 32461.14274 0 0 0 0 0 0 0 10608.16704 0 0 1.520118198e-09 91850.24436 1720948.28 51526.76165 0 0 4520.617273 6106.362258 0 0 0 0 0
