$ndistricts
1
$ngroups
54
$nstocks
3
$nagecomps
18
$AgeCompLabels
 0.1 0.2 0.3 0.4 0.5 1.1 1.2 1.3 1.4 1.5 2.1 2.2 2.3 2.4 3.1 3.2 3.3 3.4
$navailpar
3
$nselectpar
5
$GENdata
 -1
$maxGradient
7.405979652e-07
#LIKELIHOOD_VALUES_AND_PENALTIES
$totalNLL
388.7568193
$NLLcatch
0.2257913526
$NLLescape
-4.073844594
$NLLagecompCatch
103.618943
$NLLagecompEsc
288.9859296
$NLLgenetics
0
$NLLselOne
3.554554732e-18
$NLLavailOne
1.234567898e-11
$NLLextra
2.4e-198
$sigmaCat
0.5
$sigmaEsc
0.1
#OBSERVED_AND_PREDICTED_VALUES
$predEsc
 446159.203 1433520.624 579939.1504
$obsEsc
 445920 1471890 563334.1
$predCatch
 3150869.854
$obsCatch
 3150870
$RunSize
 0 9.379187622e-10 288.8771912 1.25055835e-09 0 0 111941.3347 486393.3996 243.227253 0 0 36889.58471 9957.731906 1.25055835e-09 0 0 0 0 0 3.439035461e-09 22525.93187 5.283609027e-08 0 11651.31265 1071994.432 2355667.659 12209.33595 0 1359.792934 22794.41213 55156.63937 3.845466925e-08 0 0 0 0 0 13415.90707 578074.4496 19651.29614 0 400.2891991 37499.45033 681214.5287 71035.39513 0 0 1116.232627 7084.977378 1922.632983 0 0 0 0
$SSageCompEsc
 2100 2836 1159
$obsAgeCompEsc
0 0 0.0004047802 0 0 0 0.2154232 0.7022345 0.0003753754 0 0 0.06736621 0.01419595 0 0 0 0 0 
0 0 0.002790285 0 0 0.007913074 0.4805326 0.4902201 0.003383204 0 0.0009235133 0.004739909 0.009497326 0 0 0 0 0 
0 0.01819922 0.3697555 0.01228705 0 0.0007102774 0.04839928 0.4845617 0.05880509 0 0 0.001229391 0.004823134 0.001229391 0 0 0 0 
$predAgeCompEsc
0 1.801402064e-15 0.0004151796226 1.900120128e-15 0 0 0.2149987392 0.6990535572 0.0003695637227 0 0 0.07085152438 0.0143114358 1.900120128e-15 0 0 0 0 
0 1.559550408e-15 0.004550576031 1.246456176e-14 0 0.00812775881 0.4861332117 0.4758801922 0.002880304376 0 0.0009485685722 0.01033692009 0.01114246827 9.07184081e-15 0 0 0 0 
0 0.01675728602 0.3941264937 0.01504798298 0 0.0006902260827 0.04683910012 0.4644465671 0.05439536452 0 0 0.001394242618 0.004830480389 0.001472256496 0 0 0 0 
$SSageCompCatch
 3073
$obsAgeCompCatch
0 0.0002146966 0.1531381 0.006654182 0 0 0.1192613 0.678601 0.01166011 0 0 0.01334332 0.01650345 0.0006237711 0 0 0 0 
$predAgeCompCatch
0 0.001173549219 0.1160350351 0.003467100256 0 9.007077121e-10 0.127414256 0.7172151492 0.01512220405 0 1.024830207e-10 0.004304337037 0.01492915585 0.0003392122972 0 0 0 0 
$genSS
 -1
$obsGenComp     #GeneticFracData
0 0 0 
$predGenComp     #catchGenComp_pred
0 0 0 
#PARAMETERS_OF_INTEREST
$catchByGroup
0 
1.342066529e-10 
103.6409816 
4.028022677e-10 
0 
0 
16017.66854 
174504.2217 
78.34299704 
0 
0 
5278.525062 
3572.553117 
4.028022677e-10 
0 
0 
0 
0 
0 
1.203387788e-09 
16002.58728 
3.496788392e-08 
0 
0.002766842633 
375112.4473 
1673483.59 
8080.360221 
0 
0.0003229106604 
7976.224003 
39183.68131 
2.544999835e-08 
0 
0 
0 
0 
0 
3697.700857 
349505.0657 
10924.38168 
0 
7.117014493e-05 
10335.6224 
411863.7812 
39489.39365 
0 
0 
307.6567481 
4283.592686 
1068.813801 
0 
0 
0 
0 
$escByGroup
 5e-101 8.037121092e-10 185.2362095 8.477560819e-10 5e-101 5e-101 95923.66615 311889.178 164.884256 5e-101 5e-101 31611.05965 6385.178789 8.477560819e-10 5e-101 5e-101 5e-101 5e-101 5e-101 2.235647673e-09 6523.344589 1.786820635e-08 5e-101 11651.30988 696881.9848 682184.0698 4128.975725 5e-101 1359.792611 14818.18813 15972.95806 1.30046709e-08 5e-101 5e-101 5e-101 5e-101 5e-101 9718.206214 228569.3839 8726.914465 5e-101 400.289128 27163.82793 269350.7475 31546.00148 5e-101 5e-101 808.5758791 2801.384692 853.8191815 5e-101 5e-101 5e-101 5e-101
$catchByGroup
0 1.342066529e-10 103.6409816 4.028022677e-10 0 0 16017.66854 174504.2217 78.34299704 0 0 5278.525062 3572.553117 4.028022677e-10 0 0 0 0 0 1.203387788e-09 16002.58728 3.496788392e-08 0 0.002766842633 375112.4473 1673483.59 8080.360221 0 0.0003229106604 7976.224003 39183.68131 2.544999835e-08 0 0 0 0 0 3697.700857 349505.0657 10924.38168 0 7.117014493e-05 10335.6224 411863.7812 39489.39365 0 0 307.6567481 4283.592686 1068.813801 0 0 0 0 
$Fmort
 0.4819674877
#ESTIMATED_PARAMETERS
$availability
0.5104741333 1.4236348 1.0658914 
$availabilityVector
 0.5104741333 1.4236348 1.0658914
$selectivity
 3.460933989e-07 0.6276510625 1.80614697 1.580089407 0.9861122155
$RunSize
 0 9.379187622e-10 288.8771912 1.25055835e-09 0 0 111941.3347 486393.3996 243.227253 0 0 36889.58471 9957.731906 1.25055835e-09 0 0 0 0 0 3.439035461e-09 22525.93187 5.283609027e-08 0 11651.31265 1071994.432 2355667.659 12209.33595 0 1359.792934 22794.41213 55156.63937 3.845466925e-08 0 0 0 0 0 13415.90707 578074.4496 19651.29614 0 400.2891991 37499.45033 681214.5287 71035.39513 0 0 1116.232627 7084.977378 1922.632983 0 0 0 0
