$ndistricts
1
$ngroups
54
$nstocks
3
$nagecomps
18
$AgeCompLabels
 0.1 0.2 0.3 0.4 0.5 1.1 1.2 1.3 1.4 1.5 2.1 2.2 2.3 2.4 3.1 3.2 3.3 3.4
$navailpar
3
$nselectpar
5
$GENdata
 -1
$maxGradient
1.322625978e-05
#LIKELIHOOD_VALUES_AND_PENALTIES
$totalNLL
379.8347202
$NLLcatch
0.2257913526
$NLLescape
-4.150939679
$NLLagecompCatch
133.474306
$NLLagecompEsc
250.2855625
$NLLgenetics
0
$NLLselOne
2.791497658e-18
$NLLavailOne
1.234567898e-11
$NLLextra
2.9e-198
$sigmaCat
0.5
$sigmaEsc
0.1
#OBSERVED_AND_PREDICTED_VALUES
$predEsc
 241086 1270115.998 832092.5975
$obsEsc
 241086 1270116 832092.6
$predCatch
 572350.9936
$obsCatch
 572351
$RunSize
 0 4.855525317e-10 697.1814242 0 0 0 48664.69264 113965.2392 1229.243495 0 0 35852.75143 65603.88808 0 0 0 0 0 0 1587.885807 17860.9347 0 0 1599.239037 416301.5353 957849.4771 9663.801877 0 0 168334.0947 88978.77555 0 0 0 0 0 0 3371.902209 8996.925194 9.711050635e-09 0 0.003855991801 0.9234741283 11402.85063 3790.650965 0 0.7099485754 698842.0869 261050.7956 0 0 0 0 0
$SSageCompEsc
 836 996 0
$obsAgeCompEsc
0 0 0.002586207 0 0 0 0.1881272 0.4227561 0.00457273 0 0 0.138599 0.2433588 0 0 0 0 0 
0 0.001027221 0.01029846 0 0 0.001259129 0.2693101 0.5522877 0.005615895 0 0 0.1088972 0.05130439 0 0 0 0 0 
0 0.005074963 0.04351037 0.01104491 0 0.008870215 0.2935315 0.4994187 0.008181324 0 0.001130191 0.08683412 0.04240378 0 0 0 0 0 
$predAgeCompEsc
0 1.877041236e-15 0.002586206908 0 0 0 0.188127193 0.4227560843 0.004572729826 0 0 0.1385989949 0.243358791 0 0 0 0 0 
0 0.001027220914 0.01029845906 0 0 0.00125912788 0.2693100735 0.5522876487 0.005615894393 0 0 0.1088971901 0.05130438541 0 0 0 0 0 
0 0.003498075968 0.008563087688 9.29715888e-15 0 4.634088537e-09 9.580297575e-07 0.01085299785 0.003629090776 0 8.532083897e-07 0.7249921731 0.2484627587 0 0 0 0 0 
$SSageCompCatch
 3020
$obsAgeCompCatch
0 0.001300557 0.01175157 0 0 0 0.1355051 0.4731308 0.005990551 0 0 0.2237123 0.148609 0 0 0 0 0 
$predAgeCompCatch
0 0.001300557157 0.01175157137 3.450598627e-15 0 9.994166173e-10 0.1355051181 0.4731308572 0.005990551865 0 3.321801479e-13 0.2237123259 0.1486090174 0 0 0 0 0 
$genSS
 -1
$obsGenComp     #GeneticFracData
0 0 0 
$predGenComp     #catchGenComp_pred
0 0 0 
#PARAMETERS_OF_INTEREST
$catchByGroup
0 
3.30241682e-11 
73.68314568 
0 
0 
0 
3309.860191 
12044.6659 
126.8223525 
0 
0 
2438.474143 
6933.490587 
0 
0 
0 
0 
0 
0 
283.196091 
4780.697086 
0 
0 
0.0005720160613 
74246.50247 
256380.0989 
2530.964564 
0 
0 
30022.03143 
23816.25487 
0 
0 
0 
0 
0 
0 
461.1790901 
1871.643317 
1.974953553e-09 
0 
1.032631395e-09 
0.1263046589 
2372.151453 
770.9113949 
0 
1.901236377e-07 
95581.46643 
54306.77331 
0 
0 
0 
0 
0 
$escByGroup
 5e-101 4.525283635e-10 623.4982785 5e-101 5e-101 5e-101 45354.83245 101920.5733 1102.421143 5e-101 5e-101 33414.27729 58670.39749 5e-101 5e-101 5e-101 5e-101 5e-101 5e-101 1304.689716 13080.23761 5e-101 5e-101 1599.238465 342055.0328 701469.3782 7132.837313 5e-101 5e-101 138312.0633 65162.52068 5e-101 5e-101 5e-101 5e-101 5e-101 5e-101 2910.723119 7125.281877 7.736097082e-09 5e-101 0.003855990768 0.7971694695 9030.699175 3019.739571 5e-101 0.7099483852 603260.6205 206744.0223 5e-101 5e-101 5e-101 5e-101 5e-101
$catchByGroup
0 3.30241682e-11 73.68314568 0 0 0 3309.860191 12044.6659 126.8223525 0 0 2438.474143 6933.490587 0 0 0 0 0 0 283.196091 4780.697086 0 0 0.0005720160613 74246.50247 256380.0989 2530.964564 0 0 30022.03143 23816.25487 0 0 0 0 0 0 461.1790901 1871.643317 1.974953553e-09 0 1.032631395e-09 0.1263046589 2372.151453 770.9113949 0 1.901236377e-07 95581.46643 54306.77331 0 0 0 0 0 
$Fmort
 0.1533827951
#ESTIMATED_PARAMETERS
$availability
0.5104741333 1.4236348 1.0658914 
$availabilityVector
 0.5104741333 1.4236348 1.0658914
$selectivity
 1.638021793e-06 0.8996026167 1.426597587 1.390715038 1.28308312
$RunSize
 0 4.855525317e-10 697.1814242 0 0 0 48664.69264 113965.2392 1229.243495 0 0 35852.75143 65603.88808 0 0 0 0 0 0 1587.885807 17860.9347 0 0 1599.239037 416301.5353 957849.4771 9663.801877 0 0 168334.0947 88978.77555 0 0 0 0 0 0 3371.902209 8996.925194 9.711050635e-09 0 0.003855991801 0.9234741283 11402.85063 3790.650965 0 0.7099485754 698842.0869 261050.7956 0 0 0 0 0
