$ndistricts
1
$ngroups
54
$nstocks
3
$nagecomps
18
$AgeCompLabels
 0.1 0.2 0.3 0.4 0.5 1.1 1.2 1.3 1.4 1.5 2.1 2.2 2.3 2.4 3.1 3.2 3.3 3.4
$navailpar
3
$nselectpar
5
$GENdata
 1
$maxGradient
1.663035198e-07
#LIKELIHOOD_VALUES_AND_PENALTIES
$totalNLL
512.6348054
$NLLcatch
0.2257913526
$NLLescape
-4.150787439
$NLLagecompCatch
97.73091769
$NLLagecompEsc
327.6893469
$NLLgenetics
91.13953696
$NLLselOne
4.554655794e-17
$NLLavailOne
7.27502755e-18
$NLLextra
3.3e-198
$sigmaCat
0.5
$sigmaEsc
0.1
#OBSERVED_AND_PREDICTED_VALUES
$predEsc
 180891.8354 675658.153 255396.7181
$obsEsc
 180840 675156 255793.5
$predCatch
 793322.976
$obsCatch
 793323
$RunSize
 0 0 68.20510726 0 0 0 24779.01339 197337.8353 0 0 0 23260.48299 14141.59938 0 0 0 0 0 0 743.0024993 2390.015079 0 0 1519.063749 191189.7688 822990.6751 0 0 0 84330.96026 34538.59786 0 0 0 0 0 0 9869.936855 45169.9863 3129.604485 0 1265.203817 183577.6804 186531.8596 524.5937917 0 0 41585.72785 36325.86993 0 0 0 0 0
$SSageCompEsc
 2615 1097 1e-100
$obsAgeCompEsc
0 0 0.0002532584 0 0 0 0.1164272 0.7269192 0 0 0 0.1030911 0.0533093 0 0 0 0 0 
0 0.001066098 0.002004629 0 0 0.002249944 0.2351387 0.6567828 0 0 0 0.07110153 0.03165624 0 0 0 0 0 
0 0.02913312 0.0651482 0.01223487 0 0.004946185 0.4856242 0.2586278 0.002050846 0 0 0.08596988 0.0562649 0 0 0 0 0 
$predAgeCompEsc
0 0 0.0002507628491 0 0 0 0.1146243049 0.7255321456 0 0 0 0.1075997923 0.05199299429 0 0 0 0 0 
0 0.0008392906129 0.001905760334 0 0 0.002248272144 0.2159666736 0.656239786 0 0 0 0.09525968404 0.02754053327 0 0 0 0 0 
0 0.0249688901 0.06507726312 0.01225389189 0 0.004953874754 0.4644133993 0.2687400174 0.002054034509 0 0 0.1052032534 0.05233537551 0 0 0 0 0 
$SSageCompCatch
 3938
$obsAgeCompCatch
0 0 0.03552802 0 0 0 0.09893394 0.7244968 0 0 0 0.09616744 0.04487377 0 0 0 0 0 
$predAgeCompCatch
0 0.004624715703 0.03740555172 8.972292029e-10 0 1.017870359e-09 0.1440555276 0.7104148819 1.503962791e-10 0 0 0.04850697699 0.05499234402 0 0 0 0 0 
$genSS
 341
$obsGenComp     #GeneticFracData
0.09587871023 0.5711082639 0.3330130258 
$predGenComp     #catchGenComp_pred
0.09919705227 0.5824159193 0.3183870285 
#PARAMETERS_OF_INTEREST
$catchByGroup
0 
0 
22.84415523 
0 
0 
0 
4044.412491 
66094.99378 
0 
0 
0 
3796.559065 
4736.491215 
0 
0 
0 
0 
0 
0 
175.9289539 
1102.372572 
0 
0 
0.0003441483289 
45270.12501 
379596.9133 
0 
0 
0 
19967.97808 
15930.61202 
0 
0 
0 
0 
0 
0 
3492.964271 
28549.46688 
0.0007117925413 
0 
0.0004633516137 
64968.02237 
117896.5411 
0.0001193128237 
0 
0 
14717.16219 
22959.58678 
0 
0 
0 
0 
0 
$escByGroup
 5e-101 5e-101 45.36095204 5e-101 5e-101 5e-101 20734.6009 131242.8415 5e-101 5e-101 5e-101 19463.92392 9405.108165 5e-101 5e-101 5e-101 5e-101 5e-101 5e-101 567.0735454 1287.642508 5e-101 5e-101 1519.063404 145919.6438 443393.7618 5e-101 5e-101 5e-101 64362.98218 18607.98584 5e-101 5e-101 5e-101 5e-101 5e-101 5e-101 6376.972584 16620.51942 3129.603773 5e-101 1265.203354 118609.658 68635.31846 524.5936724 5e-101 5e-101 26868.56565 13366.28314 5e-101 5e-101 5e-101 5e-101 5e-101
$catchByGroup
0 0 22.84415523 0 0 0 4044.412491 66094.99378 0 0 0 3796.559065 4736.491215 0 0 0 0 0 0 175.9289539 1102.372572 0 0 0.0003441483289 45270.12501 379596.9133 0 0 0 19967.97808 15930.61202 0 0 0 0 0 0 3492.964271 28549.46688 0.0007117925413 0 0.0004633516137 64968.02237 117896.5411 0.0001193128237 0 0 14717.16219 22959.58678 0 0 0 0 0 
$Fmort
 0.2703693041
#ESTIMATED_PARAMETERS
$availability
0.6039058594 0.9157567878 1.480337353 
$availabilityVector
 0.6039058594 0.9157567878 1.480337353
$selectivity
 9.150233671e-07 1.091351215 2.498002074 5.682585069e-07 1.410645228
$RunSize
 0 0 68.20510726 0 0 0 24779.01339 197337.8353 0 0 0 23260.48299 14141.59938 0 0 0 0 0 0 743.0024993 2390.015079 0 0 1519.063749 191189.7688 822990.6751 0 0 0 84330.96026 34538.59786 0 0 0 0 0 0 9869.936855 45169.9863 3129.604485 0 1265.203817 183577.6804 186531.8596 524.5937917 0 0 41585.72785 36325.86993 0 0 0 0 0
