$ndistricts
1
$ngroups
54
$nstocks
3
$nagecomps
18
$AgeCompLabels
 0.1 0.2 0.3 0.4 0.5 1.1 1.2 1.3 1.4 1.5 2.1 2.2 2.3 2.4 3.1 3.2 3.3 3.4
$navailpar
3
$nselectpar
5
$GENdata
 -1
$maxGradient
2.015987541e-06
#LIKELIHOOD_VALUES_AND_PENALTIES
$totalNLL
294.6888166
$NLLcatch
0.2257913526
$NLLescape
-4.150939559
$NLLagecompCatch
95.29950853
$NLLagecompEsc
203.3144563
$NLLgenetics
0
$NLLselOne
9.096707678e-16
$NLLavailOne
1.234567898e-11
$NLLextra
2.4e-198
$sigmaCat
0.5
$sigmaEsc
0.1
#OBSERVED_AND_PREDICTED_VALUES
$predEsc
 194507.7325 649322.3225 142365.5041
$obsEsc
 194508 649344 142360.4
$predCatch
 749280.9618
$obsCatch
 749281
$RunSize
 0 1.252410087e-09 427.6075873 1.156070849e-09 0 252.3399352 104877.2412 115872.2876 1.156070849e-09 0 220.526007 18913.38678 4674.909512 0 0 0 0 0 0 1747.369001 4358.891483 3.75723026e-09 0 501.8736088 415885.7791 798966.926 3478.973963 0 767.609095 45417.2539 34228.65593 577.0520533 0 0 0 0 0 1786.054183 8150.336881 32725.45421 0 2.274328548e-05 2.481139989e-05 4.185120983e-05 19341.12431 0 0 105193.5606 17111.30781 0 0 0 0 0
$SSageCompEsc
 1656 2441 0
$obsAgeCompEsc
0 0 0.001590431 0 0 0.001297324 0.4639451 0.4309809 0 0 0.001133763 0.08366475 0.01738772 0 0 0 0 0 
0 0.001769105 0.002720972 0 0 0.0007728932 0.4211851 0.4988756 0.005258746 0 0.00118213 0.04598221 0.02136672 0.0008865061 0 0 0 0 
0 0.02913312 0.0651482 0.01223487 0 0.004946185 0.4856242 0.2586278 0.002050846 0 0 0.08596988 0.0562649 0 0 0 0 0 
$predAgeCompEsc
0 5.540254691e-15 0.001590464035 5.904448621e-15 0 0.00129732574 0.4639427882 0.4309809076 5.904448621e-15 0 0.001133764519 0.08366666871 0.01738808119 0 0 0 0 0 
0 0.001769572726 0.002721738613 5.680785828e-15 0 0.0007729186725 0.4211704176 0.4988835215 0.005260073144 0 0.001182168961 0.04599436853 0.02137274004 0.0008724802313 0 0 0 0 
0 0.009166057447 0.0291221936 0.2267210923 0 1.597527207e-10 1.273324846e-10 1.495397126e-10 0.1339948042 0 0 0.5398549659 0.0611408861 0 0 0 0 0 
$SSageCompCatch
 3305
$obsAgeCompCatch
0 0.00144141 0.008962595 0.0006062901 0 0 0.2095653 0.6767373 0.0004442118 0 0 0.06212924 0.04011372 0 0 0 0 0 
$predAgeCompCatch
0 0.001440674163 0.008960853581 0.0005981623006 0 4.116287078e-10 0.2095972203 0.6767473265 0.0004382568565 0 5.883615742e-10 0.06209752433 0.04010592592 1.405502568e-05 0 0 0 0 
$genSS
 -1
$obsGenComp     #GeneticFracData
0 0 0 
$predGenComp     #catchGenComp_pred
0 0 0 
#PARAMETERS_OF_INTEREST
$catchByGroup
0 
1.747877091e-10 
118.2500342 
7.609936131e-12 
0 
4.71117451e-05 
14636.78145 
32043.16851 
7.609936131e-12 
0 
4.117209993e-05 
2639.572757 
1292.793267 
0 
0 
0 
0 
0 
0 
598.3459286 
2591.605846 
6.856921257e-11 
0 
0.0002613138002 
142410.4254 
475030.7192 
63.4910529 
0 
0.0003996760263 
15552.0837 
20350.85873 
10.53116316 
0 
0 
0 
0 
0 
481.123794 
4004.341109 
448.1916239 
0 
8.866160334e-12 
6.683646535e-06 
2.056191326e-05 
264.886466 
0 
0 
28336.8363 
8406.954745 
0 
0 
0 
0 
0 
$escByGroup
 5e-101 1.077622378e-09 309.357553 1.148460913e-09 5e-101 252.3398881 90240.45976 83829.1191 1.148460913e-09 5e-101 220.5259658 16273.81402 3382.116245 5e-101 5e-101 5e-101 5e-101 5e-101 5e-101 1149.023072 1767.285637 3.688661047e-09 5e-101 501.8733475 273475.3537 323936.2068 3415.48291 5e-101 767.6086953 29865.1702 13877.7972 566.5208901 5e-101 5e-101 5e-101 5e-101 5e-101 1304.930389 4145.995771 32277.26258 5e-101 2.274327661e-05 1.812775335e-05 2.128929657e-05 19076.23785 5e-101 5e-101 76856.72434 8704.353069 5e-101 5e-101 5e-101 5e-101 5e-101
$catchByGroup
0 1.747877091e-10 118.2500342 7.609936131e-12 0 4.71117451e-05 14636.78145 32043.16851 7.609936131e-12 0 4.117209993e-05 2639.572757 1292.793267 0 0 0 0 0 0 598.3459286 2591.605846 6.856921257e-11 0 0.0002613138002 142410.4254 475030.7192 63.4910529 0 0.0003996760263 15552.0837 20350.85873 10.53116316 0 0 0 0 0 481.123794 4004.341109 448.1916239 0 8.866160334e-12 6.683646535e-06 2.056191326e-05 264.886466 0 0 28336.8363 8406.954745 0 0 0 0 0 
$Fmort
 0.2544423261
#ESTIMATED_PARAMETERS
$availability
0.5104741333 1.4236348 1.0658914 
$availabilityVector
 0.5104741333 1.4236348 1.0658914
$selectivity
 1.437408297e-06 1.157263992 2.49224414 0.05084717044 1.299643266
$RunSize
 0 1.252410087e-09 427.6075873 1.156070849e-09 0 252.3399352 104877.2412 115872.2876 1.156070849e-09 0 220.526007 18913.38678 4674.909512 0 0 0 0 0 0 1747.369001 4358.891483 3.75723026e-09 0 501.8736088 415885.7791 798966.926 3478.973963 0 767.609095 45417.2539 34228.65593 577.0520533 0 0 0 0 0 1786.054183 8150.336881 32725.45421 0 2.274328548e-05 2.481139989e-05 4.185120983e-05 19341.12431 0 0 105193.5606 17111.30781 0 0 0 0 0
