$ndistricts
1
$ngroups
54
$nstocks
3
$nagecomps
18
$AgeCompLabels
 0.1 0.2 0.3 0.4 0.5 1.1 1.2 1.3 1.4 1.5 2.1 2.2 2.3 2.4 3.1 3.2 3.3 3.4
$navailpar
3
$nselectpar
5
$GENdata
 -1
$maxGradient
2.537937205e-06
#LIKELIHOOD_VALUES_AND_PENALTIES
$totalNLL
364.0237095
$NLLcatch
0.2257913526
$NLLescape
-4.14741584
$NLLagecompCatch
102.7621039
$NLLagecompEsc
265.18323
$NLLgenetics
0
$NLLselOne
4.11701793e-17
$NLLavailOne
1.234567898e-11
$NLLextra
2.5e-198
$sigmaCat
0.5
$sigmaEsc
0.1
#OBSERVED_AND_PREDICTED_VALUES
$predEsc
 307748.1541 823330.1157 1088509.929
$obsEsc
 307728 818652 1095241
$predCatch
 2565299.951
$obsCatch
 2565300
$RunSize
 7.971825298e-10 7.971825298e-10 7.971825298e-10 1.59436506e-09 0 0 36145.89626 376545.2341 1.32863755e-09 0 0 948.9079998 27351.26958 0 0 0 0 0 150.7818294 2.657275099e-09 5.314550199e-09 2239.71868 0 1321.994299 518089.4919 1342670.034 1440.619673 0 0 67812.43639 111361.4782 0 0 0 0 0 8.582998571e-08 111065.8081 406089.1478 8643.822487 0 265.9594836 120771.5449 1523681.573 8536.278206 0 0 2521.334232 117234.8193 0 0 0 0 0
$SSageCompEsc
 1427 1779 1547
$obsAgeCompEsc
0 0 0 0 0 0 0.09290259 0.8436566 0 0 0 0.002460084 0.06098078 0 0 0 0 0 
0 0 0 0 0 0.001354371 0.3226702 0.5839789 0.000381971 0 0 0.04571934 0.04589529 0 0 0 0 0 
0 0.07167269 0.1676511 0.0004474519 0 0.0002173321 0.06628442 0.642533 0.002505261 0 0 0.001488239 0.04720049 0 0 0 0 0 
$predAgeCompEsc
2.35100864e-15 2.054853593e-15 1.785007128e-15 2.29119951e-15 0 0 0.09317129017 0.8431393084 1.909332925e-15 0 0 0.002445947998 0.06124345344 0 0 0 0 0 
0.0001397468216 1.691827909e-15 2.284932725e-15 0.0002795429847 0 0.001225243799 0.3298560476 0.5772662944 0.0001798061188 0 0 0.04317466885 0.04787864944 0 0 0 0 0 
6.439960232e-14 0.06291145621 0.1714375358 0.001445502305 0 0.0001995536272 0.06840911609 0.6432484482 0.001427517726 0 0 0.001428169576 0.04949270041 0 0 0 0 0 
$SSageCompCatch
 2246
$obsAgeCompCatch
0.0001544746 0.007458405 0.08832023 0.004811219 0 0 0.1281483 0.6979224 0.00193935 0 0 0.0106547 0.06059092 0 0 0 0 0 
$predAgeCompCatch
1.392588129e-05 0.01660081245 0.08555634507 0.003539524255 0 0.0001410975582 0.1170581321 0.7047749821 0.003225740079 0 0 0.01303097548 0.05605846501 0 0 0 0 0 
$genSS
 -1
$obsGenComp     #GeneticFracData
0 0 0 
$predGenComp     #catchGenComp_pred
0 0 0 
#PARAMETERS_OF_INTEREST
$catchByGroup
7.366396072e-11 
1.648051296e-10 
2.478498812e-10 
8.892526398e-10 
0 
0 
7472.603693 
117070.6683 
7.410438665e-10 
0 
0 
196.1720183 
8503.709828 
0 
0 
0 
0 
0 
35.72406258 
1.264342231e-09 
3.433296274e-09 
2009.562522 
0 
313.2141801 
246509.074 
867389.3091 
1292.57988 
0 
0 
32265.43128 
71941.54425 
0 
0 
0 
0 
0 
1.573037915e-08 
42586.06337 
219477.6878 
7070.378875 
0 
48.74337889 
46307.54283 
823499.2497 
6982.410987 
0 
0 
966.7574675 
63361.52348 
0 
0 
0 
0 
0 
$escByGroup
 7.235185691e-10 6.323774002e-10 5.493326487e-10 7.051124199e-10 5e-101 5e-101 28673.29256 259474.5658 5.875936832e-10 5e-101 5e-101 752.7359814 18847.55975 5e-101 5e-101 5e-101 5e-101 5e-101 115.0577668 1.392932868e-09 1.881253925e-09 230.156158 5e-101 1008.780119 271580.4179 475280.7249 148.0397926 5e-101 5e-101 35547.0051 39419.93398 5e-101 5e-101 5e-101 5e-101 5e-101 7.009960657e-08 68479.74474 186611.46 1573.443611 5e-101 217.2161047 74464.00211 700182.3229 1553.867219 5e-101 5e-101 1554.576765 53873.29582 5e-101 5e-101 5e-101 5e-101 5e-101
$catchByGroup
7.366396072e-11 1.648051296e-10 2.478498812e-10 8.892526398e-10 0 0 7472.603693 117070.6683 7.410438665e-10 0 0 196.1720183 8503.709828 0 0 0 0 0 35.72406258 1.264342231e-09 3.433296274e-09 2009.562522 0 313.2141801 246509.074 867389.3091 1292.57988 0 0 32265.43128 71941.54425 0 0 0 0 0 1.573037915e-08 42586.06337 219477.6878 7070.378875 0 48.74337889 46307.54283 823499.2497 6982.410987 0 0 966.7574675 63361.52348 0 0 0 0 0 
$Fmort
 0.7847198316
#ESTIMATED_PARAMETERS
$availability
0.5104741333 1.4236348 1.0658914 
$availabilityVector
 0.5104741333 1.4236348 1.0658914
$selectivity
 0.2420431917 0.5781561283 0.9296027367 2.036734938 1.213463006
$RunSize
 7.971825298e-10 7.971825298e-10 7.971825298e-10 1.59436506e-09 0 0 36145.89626 376545.2341 1.32863755e-09 0 0 948.9079998 27351.26958 0 0 0 0 0 150.7818294 2.657275099e-09 5.314550199e-09 2239.71868 0 1321.994299 518089.4919 1342670.034 1440.619673 0 0 67812.43639 111361.4782 0 0 0 0 0 8.582998571e-08 111065.8081 406089.1478 8643.822487 0 265.9594836 120771.5449 1523681.573 8536.278206 0 0 2521.334232 117234.8193 0 0 0 0 0
