$ndistricts
1
$ngroups
54
$nstocks
3
$nagecomps
18
$AgeCompLabels
 0.1 0.2 0.3 0.4 0.5 1.1 1.2 1.3 1.4 1.5 2.1 2.2 2.3 2.4 3.1 3.2 3.3 3.4
$navailpar
3
$nselectpar
5
$GENdata
 -1
$maxGradient
2.539608286e-06
#LIKELIHOOD_VALUES_AND_PENALTIES
$totalNLL
399.4874862
$NLLcatch
0.2257913526
$NLLescape
-4.150930553
$NLLagecompCatch
113.3750834
$NLLagecompEsc
290.0375419
$NLLgenetics
0
$NLLselOne
9.207283252e-19
$NLLavailOne
1.234567898e-11
$NLLextra
2.8e-198
$sigmaCat
0.5
$sigmaEsc
0.1
#OBSERVED_AND_PREDICTED_VALUES
$predEsc
 170433.4743 867123.8813 534409.6164
$obsEsc
 170454 866778 534459.9
$predCatch
 1654103.973
$obsCatch
 1654104
$RunSize
 0 7.162705714e-10 7.162705714e-10 8.953382142e-10 0 0 21358.41236 199066.6237 623.0207286 0 0 5733.821681 6257.938707 0 0 0 0 0 0 8661.280897 6.983638071e-09 9.490585071e-09 0 1409.250241 568336.0962 1310963.414 12418.97698 0 0 14640.83114 20909.5486 0 0 0 0 0 0 82889.70404 211670.1942 108003.1853 0 0 45294.69634 526060.3735 69095.4929 0 0 5704.277712 6419.11165 554.6941758 0 0 0 0
$SSageCompEsc
 1467 1512 1273
$obsAgeCompEsc
0 0 0 0 0 0 0.1010843 0.8429842 0.002399097 0 0 0.02688719 0.02664521 0 0 0 0 0 
0 0.006652182 0 0 0 0.001625848 0.3547403 0.6132791 0.005231386 0 0 0.007651122 0.01082002 0 0 0 0 0 
0 0.1080548 0.191834 0.07660482 0 0 0.05382177 0.4994479 0.05694404 0 0 0.006313571 0.006357979 0.000621118 0 0 0 0 
$predAgeCompEsc
0 3.393867046e-15 3.032375093e-15 3.414898412e-15 0 0 0.101201438 0.842760677 0.002376255658 0 0 0.02716826466 0.02649336469 0 0 0 0 0 
0 0.005503253271 3.241240311e-15 3.292649016e-15 0 0.001625198679 0.3611125788 0.6084432527 0.004308620809 0 0 0.009302573469 0.00970452236 0 0 0 0 0 
0 0.09926561768 0.2003677685 0.08222138606 0 0 0.05424323879 0.4979706451 0.0526014782 0 0 0.006831230211 0.006076354217 0.000422281286 0 0 0 0 
$SSageCompCatch
 4098
$obsAgeCompCatch
0 0.01044298 0.07173491 0.04433159 0 0 0.1736371 0.657686 0.02486147 0 0 0.008332076 0.008973906 0 0 0 0 0 
$predAgeCompCatch
0 0.0203919962 0.06323165507 0.03872990269 0 1.000055543e-09 0.1666301801 0.6642507501 0.03015871682 0 0 0.00588317919 0.01052470572 0.0001989131283 0 0 0 0 
$genSS
 -1
$obsGenComp     #GeneticFracData
0 0 0 
$predGenComp     #catchGenComp_pred
0 0 0 
#PARAMETERS_OF_INTEREST
$catchByGroup
0 
1.378420194e-10 
1.994523489e-10 
3.133252134e-10 
0 
0 
4110.299666 
55431.99353 
218.027221 
0 
0 
1103.439944 
1742.582516 
0 
0 
0 
0 
0 
0 
3889.278562 
4.173081193e-09 
6.635450476e-09 
0 
0.001654195847 
255206.7553 
783367.7392 
8682.868978 
0 
0 
6574.347532 
12494.52551 
0 
0 
0 
0 
0 
0 
29841.20337 
104591.7319 
64063.2859 
0 
0 
16306.5879 
259940.0721 
40984.75711 
0 
0 
2053.602595 
3171.849524 
329.0229957 
0 
0 
0 
0 
$escByGroup
 5e-101 5.78428552e-10 5.168182225e-10 5.820130008e-10 5e-101 5e-101 17248.11269 143634.6302 404.9935076 5e-101 5e-101 4630.381737 4515.356191 5e-101 5e-101 5e-101 5e-101 5e-101 5e-101 4772.002336 2.810556878e-09 2.855134595e-09 5e-101 1409.248587 313129.3409 527595.6748 3736.107999 5e-101 5e-101 8066.483612 8415.023095 5e-101 5e-101 5e-101 5e-101 5e-101 5e-101 53048.50067 107078.4623 43939.89939 5e-101 5e-101 28988.10844 266120.3014 28110.73579 5e-101 5e-101 3650.675117 3247.262127 225.6711801 5e-101 5e-101 5e-101 5e-101
$catchByGroup
0 1.378420194e-10 1.994523489e-10 3.133252134e-10 0 0 4110.299666 55431.99353 218.027221 0 0 1103.439944 1742.582516 0 0 0 0 0 0 3889.278562 4.173081193e-09 6.635450476e-09 0 0.001654195847 255206.7553 783367.7392 8682.868978 0 0 6574.347532 12494.52551 0 0 0 0 0 0 29841.20337 104591.7319 64063.2859 0 0 16306.5879 259940.0721 40984.75711 0 0 2053.602595 3171.849524 329.0229957 0 0 0 0 
$Fmort
 0.6672909705
#ESTIMATED_PARAMETERS
$availability
0.5104741333 1.4236348 1.0658914 
$availabilityVector
 0.5104741333 1.4236348 1.0658914
$selectivity
 1.235620826e-06 0.6274842379 0.958113486 1.264429764 2.149971277
$RunSize
 0 7.162705714e-10 7.162705714e-10 8.953382142e-10 0 0 21358.41236 199066.6237 623.0207286 0 0 5733.821681 6257.938707 0 0 0 0 0 0 8661.280897 6.983638071e-09 9.490585071e-09 0 1409.250241 568336.0962 1310963.414 12418.97698 0 0 14640.83114 20909.5486 0 0 0 0 0 0 82889.70404 211670.1942 108003.1853 0 0 45294.69634 526060.3735 69095.4929 0 0 5704.277712 6419.11165 554.6941758 0 0 0 0
