$ndistricts
1
$ngroups
54
$nstocks
3
$nagecomps
18
$AgeCompLabels
 0.1 0.2 0.3 0.4 0.5 1.1 1.2 1.3 1.4 1.5 2.1 2.2 2.3 2.4 3.1 3.2 3.3 3.4
$navailpar
3
$nselectpar
5
$GENdata
 1
$maxGradient
5.388543449e-07
#LIKELIHOOD_VALUES_AND_PENALTIES
$totalNLL
364.4249024
$NLLcatch
0.2257913526
$NLLescape
-4.150937667
$NLLagecompCatch
94.65910782
$NLLagecompEsc
216.4937415
$NLLgenetics
57.19719942
$NLLselOne
9.49928176e-18
$NLLavailOne
7.031047594e-19
$NLLextra
2.6e-198
$sigmaCat
0.5
$sigmaEsc
0.1
#OBSERVED_AND_PREDICTED_VALUES
$predEsc
 518053.8175 1804032.777 468742.3506
$obsEsc
 518040 1804344 468696
$predCatch
 6893186.665
$obsCatch
 6893187
$RunSize
 0 1.07516962e-09 1050.134331 1.07516962e-09 0 0 124379.956 829165.2596 289.6789154 0 0 17048.06369 14370.99852 0 564.9679442 0 0 0 0 104.8587261 397.6628732 1681.559185 0 2459.202199 4076964.193 3115921.307 23068.59854 0 2290.340695 187488.5254 105919.2217 0 0 0 0 0 0 4597.152346 7126.139363 9342.303913 0 1012.302782 102536.4094 954799.0022 77706.0247 0 0 8563.65352 15168.09318 0 0 0 0 0
$SSageCompEsc
 1 1 1
$obsAgeCompEsc
0 0 0.0009662338 0 0 0 0.1667998 0.7948143 0.0002603749 0 0 0.02255019 0.01351845 0 0.001090587 0 0 0 
0 0 0 0 0 0.001362933 0.755484 0.209482 0.001362933 0 0.001269347 0.02723081 0.00380804 0 0 0 0 0 
0 0.005399568 0.005399568 0.006479482 0 0.002159827 0.1317495 0.7688985 0.05723542 0 0 0.01079914 0.01187905 0 0 0 0 0 
$predAgeCompEsc
0 1.440873345e-15 0.001006032931 9.6318632e-16 0 0 0.1666860372 0.7943436684 0.0002595076752 0 0 0.02284672121 0.01376747463 0 0.001090557944 0 0 0 
0 1.923543e-05 2.637700125e-05 9.101912425e-05 0 0.001363167616 0.74788396 0.2066792395 0.001248652831 0 0.001269565498 0.03439315486 0.00702562807 0 0 0 0 0 
0 0.005899547725 0.005729679198 0.00684148297 0 0.002159613244 0.1315854675 0.767693656 0.05690506855 0 0 0.01098977777 0.01219570704 0 0 0 0 0 
$SSageCompCatch
 1
$obsAgeCompCatch
0 0.0007971301 0.00117197 0.001568516 0 0 0.3989702 0.5406315 0.01004342 0 0 0.02708618 0.01973107 0 0 0 0 0 
$predAgeCompCatch
0 0.0002759161982 0.0007716937543 0.001110193177 0 5.414814508e-10 0.4071616653 0.544837436 0.01044559512 0 4.240680637e-10 0.01944915538 0.01594834411 0 3.451826446e-11 0 0 0 
$genSS
 1326
$obsGenComp     #GeneticFracData
0.06803504927 0.829207639 0.1027573117 
$predGenComp     #catchGenComp_pred
0.06801139506 0.8286824324 0.1033061725 
#PARAMETERS_OF_INTEREST
$catchByGroup
0 
3.287196829e-10 
528.9551303 
5.761872699e-10 
0 
0 
38027.61808 
417652.4898 
155.2399736 
0 
0 
5212.232551 
7238.705723 
0 
0.0002379408403 
0 
0 
0 
0 
70.15737992 
350.0778984 
1517.357701 
0 
0.003138699624 
2727757.015 
2743065.185 
20815.9879 
0 
0.002923180322 
125442.1467 
93244.75842 
0 
0 
0 
0 
0 
0 
1831.784478 
4440.396068 
6135.411105 
0 
0.0005938330923 
40856.72803 
594948.4734 
51032.2091 
0 
0 
3412.279258 
9451.448798 
0 
0 
0 
0 
0 
$escByGroup
 5e-101 7.464499371e-10 521.1792007 4.989823501e-10 5e-101 5e-101 86352.33789 411512.7698 134.4389418 5e-101 5e-101 11835.83114 7132.292792 5e-101 564.9677063 5e-101 5e-101 5e-101 5e-101 34.7013462 47.58497481 164.2014835 5e-101 2459.19906 1349207.177 372856.1224 2252.610634 5e-101 2290.337771 62046.37866 12674.46332 5e-101 5e-101 5e-101 5e-101 5e-101 5e-101 2765.367868 2685.743295 3206.892809 5e-101 1012.302188 61679.68134 359850.5288 26673.81559 5e-101 5e-101 5151.374263 5716.644383 5e-101 5e-101 5e-101 5e-101 5e-101
$catchByGroup
0 3.287196829e-10 528.9551303 5.761872699e-10 0 0 38027.61808 417652.4898 155.2399736 0 0 5212.232551 7238.705723 0 0.0002379408403 0 0 0 0 70.15737992 350.0778984 1517.357701 0 0.003138699624 2727757.015 2743065.185 20815.9879 0 0.002923180322 125442.1467 93244.75842 0 0 0 0 0 0 1831.784478 4440.396068 6135.411105 0 0.0005938330923 40856.72803 594948.4734 51032.2091 0 0 3412.279258 9451.448798 0 0 0 0 0 
$Fmort
 0.953152179
#ESTIMATED_PARAMETERS
$availability
0.5531648562 1.676351546 0.7704835981 
$availabilityVector
 0.5531648562 1.676351546 0.7704835981
$selectivity
 7.987823308e-07 0.6920909692 1.328741676 1.455974529 1.523192028
$RunSize
 0 1.07516962e-09 1050.134331 1.07516962e-09 0 0 124379.956 829165.2596 289.6789154 0 0 17048.06369 14370.99852 0 564.9679442 0 0 0 0 104.8587261 397.6628732 1681.559185 0 2459.202199 4076964.193 3115921.307 23068.59854 0 2290.340695 187488.5254 105919.2217 0 0 0 0 0 0 4597.152346 7126.139363 9342.303913 0 1012.302782 102536.4094 954799.0022 77706.0247 0 0 8563.65352 15168.09318 0 0 0 0 0
