$ndistricts
1
$ngroups
54
$nstocks
3
$nagecomps
18
$AgeCompLabels
 0.1 0.2 0.3 0.4 0.5 1.1 1.2 1.3 1.4 1.5 2.1 2.2 2.3 2.4 3.1 3.2 3.3 3.4
$navailpar
3
$nselectpar
5
$GENdata
 -1
$maxGradient
1.642296477e-06
#LIKELIHOOD_VALUES_AND_PENALTIES
$totalNLL
352.6018377
$NLLcatch
0.2257913526
$NLLescape
-4.13795451
$NLLagecompCatch
110.3262981
$NLLagecompEsc
246.1877028
$NLLgenetics
0
$NLLselOne
6.140113283e-16
$NLLavailOne
1.234567898e-11
$NLLextra
3e-198
$sigmaCat
0.5
$sigmaEsc
0.1
#OBSERVED_AND_PREDICTED_VALUES
$predEsc
 400171.4269 1633292.382 564125.2114
$obsEsc
 400746 1649598 557057.3
$predCatch
 5365944.904
$obsCatch
 5365945
$RunSize
 0 8.8521927e-10 8.8521927e-10 8.8521927e-10 0 0 22098.25794 577553.1468 1158.129944 0 0 547.7343929 63082.40454 0 0 0 0 0 0 12792.19424 74958.86707 1.018002161e-08 0 0 2274960.039 3042977.835 4451.822028 0 0 49018.63328 254446.2113 0 0 0 0 0 0 40588.17946 332678.9589 4520.622296 0 0 127664.6595 1048139.723 8238.545282 0 0 2376.576546 21281.38448 0 0 0 0 0
$SSageCompEsc
 750 1148 2693
$obsAgeCompEsc
0 0 0 0 0 0 0.03795214 0.865402 0.001810453 0 0 0.0009235936 0.09391179 0 0 0 0 0 
0 0.002993595 0.006086639 0 0 0 0.4883862 0.4605475 0.0008006126 0 0 0.007346719 0.03383875 0 0 0 0 0 
0 0.0340659 0.1865282 0.002790597 0 0 0.1050835 0.651192 0.005628223 0 0 0.001827317 0.01288428 0 0 0 0 0 
$predAgeCompEsc
0 1.522057215e-15 1.325488968e-15 1.37758117e-15 0 0 0.03799602433 0.8648030501 0.001802285667 0 0 0.0009417814463 0.09445685847 0 0 0 0 0 
0 0.002760865406 0.01100118131 1.663616952e-15 0 0 0.4909914871 0.446596276 0.000727515803 0 0 0.01057940853 0.03734326591 0 0 0 0 0 
0 0.03295951001 0.2023995027 0.00298083823 0 0 0.1036697058 0.6376807218 0.005432387209 0 0 0.001929891892 0.01294744233 0 0 0 0 0 
$SSageCompCatch
 5536
$obsAgeCompCatch
0 0.0046846 0.07450544 0.0007562561 0 0 0.2859442 0.5761411 0.001433382 0 0 0.009450485 0.04708455 0 0 0 0 0 
$predAgeCompCatch
0 0.005642581736 0.05134063487 0.0005290878588 0 0 0.2886915 0.602586725 0.001653852506 0 0 0.006186813833 0.04336880425 0 0 0 0 0 
$genSS
 -1
$obsGenComp     #GeneticFracData
0 0 0 
$predGenComp     #catchGenComp_pred
0 0 0 
#PARAMETERS_OF_INTEREST
$catchByGroup
0 
2.761354626e-10 
3.547964582e-10 
3.339506477e-10 
0 
0 
6893.334664 
231483.6763 
436.9067167 
0 
0 
170.8603677 
25283.4687 
0 
0 
0 
0 
0 
0 
8282.893804 
56990.72144 
7.46284871e-09 
0 
0 
1473027.384 
2313555.539 
3263.576009 
0 
0 
31739.36592 
193453.7396 
0 
0 
0 
0 
0 
0 
21994.88891 
218500.2966 
2839.056299 
0 
0 
69181.96483 
688407.9506 
5173.998699 
0 
0 
1287.875874 
13977.40583 
0 
0 
0 
0 
0 
$escByGroup
 5e-101 6.090838074e-10 5.304228118e-10 5.512686223e-10 5e-101 5e-101 15204.92327 346069.4705 721.2232271 5e-101 5e-101 376.8740252 37798.93584 5e-101 5e-101 5e-101 5e-101 5e-101 5e-101 4509.300437 17968.14563 2.717172895e-09 5e-101 5e-101 801932.6556 729422.2956 1188.246019 5e-101 5e-101 17279.26736 60992.47174 5e-101 5e-101 5e-101 5e-101 5e-101 5e-101 18593.29055 114178.6623 1681.565997 5e-101 5e-101 58482.6947 359731.772 3064.546583 5e-101 5e-101 1088.700672 7303.978642 5e-101 5e-101 5e-101 5e-101 5e-101
$catchByGroup
0 2.761354626e-10 3.547964582e-10 3.339506477e-10 0 0 6893.334664 231483.6763 436.9067167 0 0 170.8603677 25283.4687 0 0 0 0 0 0 8282.893804 56990.72144 7.46284871e-09 0 0 1473027.384 2313555.539 3263.576009 0 0 31739.36592 193453.7396 0 0 0 0 0 0 21994.88891 218500.2966 2839.056299 0 0 69181.96483 688407.9506 5173.998699 0 0 1287.875874 13977.40583 0 0 0 0 0 
$Fmort
 0.9445213407
#ESTIMATED_PARAMETERS
$availability
0.5104741333 1.4236348 1.0658914 
$availabilityVector
 0.5104741333 1.4236348 1.0658914
$selectivity
 0.3572074429 0.775436327 1.062235791 0.9822866781 1.822833765
$RunSize
 0 8.8521927e-10 8.8521927e-10 8.8521927e-10 0 0 22098.25794 577553.1468 1158.129944 0 0 547.7343929 63082.40454 0 0 0 0 0 0 12792.19424 74958.86707 1.018002161e-08 0 0 2274960.039 3042977.835 4451.822028 0 0 49018.63328 254446.2113 0 0 0 0 0 0 40588.17946 332678.9589 4520.622296 0 0 127664.6595 1048139.723 8238.545282 0 0 2376.576546 21281.38448 0 0 0 0 0
