$ndistricts
1
$ngroups
54
$nstocks
3
$nagecomps
18
$AgeCompLabels
 0.1 0.2 0.3 0.4 0.5 1.1 1.2 1.3 1.4 1.5 2.1 2.2 2.3 2.4 3.1 3.2 3.3 3.4
$navailpar
3
$nselectpar
5
$GENdata
 -1
$maxGradient
1.021384934e-06
#LIKELIHOOD_VALUES_AND_PENALTIES
$totalNLL
448.5611552
$NLLcatch
0.2257913526
$NLLescape
-4.150119823
$NLLagecompCatch
121.1522149
$NLLagecompEsc
331.3332688
$NLLgenetics
0
$NLLselOne
2.021474692e-16
$NLLavailOne
1.234567898e-11
$NLLextra
3.2e-198
$sigmaCat
0.5
$sigmaEsc
0.1
#OBSERVED_AND_PREDICTED_VALUES
$predEsc
 186766.0712 815497.4186 519791.9132
$obsEsc
 186120 817008 520302.6
$predCatch
 1224379.975
$obsCatch
 1224380
$RunSize
 0 7.626706452e-10 792.6182989 0 0 0 75052.10536 98454.80417 7.626706452e-10 0 0 31498.7981 34297.09626 0 0 0 0 0 0 578.3076548 10062.22066 0 0 1115.102277 719178.3938 576987.9734 3.965887355e-09 0 0 181899.3755 44768.32372 0 0 0 0 0 0 3627.568626 67465.95952 0 0 0 63693.87209 724542.6231 3086.354002 0 0 25424.77959 83909.10141 0 0 0 0 0
$SSageCompEsc
 944 1130 634
$obsAgeCompEsc
0 0 0.003148544 0 0 0 0.339232 0.3865455 0 0 0 0.1404944 0.1305795 0 0 0 0 0 
0 0.0005612844 0.006295092 0 0 0.001364858 0.5606912 0.3033243 0 0 0 0.1157289 0.01203432 0 0 0 0 0 
0 0.005466169 0.0736346 0 0 0 0.08633561 0.7310914 0.005008239 0 0 0.03157239 0.06689162 0 0 0 0 0 
$predAgeCompEsc
0 3.425996556e-15 0.003094407726 0 0 0 0.3371419315 0.384370771 3.765619541e-15 0 0 0.1414959058 0.1338969839 0 0 0 0 0 
0 0.0004345910282 0.005112968946 0 0 0.001367387592 0.540453641 0.2931879243 3.879207906e-15 0 0 0.1366951241 0.02274836307 0 0 0 0 0 
0 0.004836915292 0.06711192329 0 0 0 0.0849279216 0.7207404933 0.005013161496 0 0 0.03390080736 0.0834687777 0 0 0 0 0 
$SSageCompCatch
 4770
$obsAgeCompCatch
0 0.0003300171 0.0237553 0 0 0 0.2294392 0.5605857 0.0003922384 0 0 0.09249194 0.09300563 0 0 0 0 0 
$predAgeCompCatch
0 0.001092209113 0.03159886712 0 0 1.000508081e-09 0.2532500595 0.5835352761 0.0003924869783 0 0 0.06803478835 0.06209631186 0 0 0 0 0 
$genSS
 -1
$obsGenComp     #GeneticFracData
0 0 0 
$predGenComp     #catchGenComp_pred
0 0 0 
#PARAMETERS_OF_INTEREST
$catchByGroup
0 
1.228107286e-10 
214.6879253 
0 
0 
0 
12085.43137 
26667.38539 
5.938067795e-11 
0 
0 
5072.163677 
9289.682624 
0 
0 
0 
0 
0 
0 
223.8997931 
5892.607687 
0 
0 
0.001225002058 
278439.8447 
337893.978 
8.024033218e-10 
0 
0 
70424.85469 
26217.09236 
0 
0 
0 
0 
0 
0 
1113.379173 
32581.72451 
0 
0 
0 
19549.02524 
349907.5432 
480.5531965 
0 
0 
7803.414072 
40522.70576 
0 
0 
0 
0 
0 
$escByGroup
 5e-101 6.398599166e-10 577.9303736 5e-101 5e-101 5e-101 62966.67399 71787.41878 7.032899672e-10 5e-101 5e-101 26426.63442 25007.41363 5e-101 5e-101 5e-101 5e-101 5e-101 5e-101 354.4078616 4169.612977 5e-101 5e-101 1115.101052 440738.5491 239093.9954 3.163484033e-09 5e-101 5e-101 111474.5208 18551.23136 5e-101 5e-101 5e-101 5e-101 5e-101 5e-101 2514.189454 34884.235 5e-101 5e-101 5e-101 44144.84685 374635.0799 2605.800805 5e-101 5e-101 17621.36552 43386.39565 5e-101 5e-101 5e-101 5e-101 5e-101
$catchByGroup
0 1.228107286e-10 214.6879253 0 0 0 12085.43137 26667.38539 5.938067795e-11 0 0 5072.163677 9289.682624 0 0 0 0 0 0 223.8997931 5892.607687 0 0 0.001225002058 278439.8447 337893.978 8.024033218e-10 0 0 70424.85469 26217.09236 0 0 0 0 0 0 1113.379173 32581.72451 0 0 0 19549.02524 349907.5432 480.5531965 0 0 7803.414072 40522.70576 0 0 0 0 0 
$Fmort
 0.2934528652
#ESTIMATED_PARAMETERS
$availability
0.5104741333 1.4236348 1.0658914 
$availabilityVector
 0.5104741333 1.4236348 1.0658914
$selectivity
 2.629574046e-06 1.172075398 2.108732727 0.5411011345 1.178088113
$RunSize
 0 7.626706452e-10 792.6182989 0 0 0 75052.10536 98454.80417 7.626706452e-10 0 0 31498.7981 34297.09626 0 0 0 0 0 0 578.3076548 10062.22066 0 0 1115.102277 719178.3938 576987.9734 3.965887355e-09 0 0 181899.3755 44768.32372 0 0 0 0 0 0 3627.568626 67465.95952 0 0 0 63693.87209 724542.6231 3086.354002 0 0 25424.77959 83909.10141 0 0 0 0 0
