$ndistricts
1
$ngroups
54
$nstocks
3
$nagecomps
18
$AgeCompLabels
 0.1 0.2 0.3 0.4 0.5 1.1 1.2 1.3 1.4 1.5 2.1 2.2 2.3 2.4 3.1 3.2 3.3 3.4
$navailpar
3
$nselectpar
5
$GENdata
 -1
$maxGradient
9.767321501e-07
#LIKELIHOOD_VALUES_AND_PENALTIES
$totalNLL
314.5804412
$NLLcatch
0.2257913526
$NLLescape
-4.150939679
$NLLagecompCatch
109.2280648
$NLLagecompEsc
209.2775247
$NLLgenetics
0
$NLLselOne
2.22981072e-16
$NLLavailOne
1.234567898e-11
$NLLextra
2.8e-198
$sigmaCat
0.5
$sigmaEsc
0.1
#OBSERVED_AND_PREDICTED_VALUES
$predEsc
 859559.9996 1706351.999 551271.7013
$obsEsc
 859560 1706352 551271.7
$predCatch
 3142474.924
$obsCatch
 3142475
$RunSize
 0 1.737404293e-09 2.084885152e-09 0 0 0 453630.0665 507287.0073 1.737404293e-09 0 0 195955.7456 16536.0226 0 0 1.737404293e-09 0 0 0 6.254655456e-09 6.949617173e-09 0 0 1911.424537 1745481.361 1870391.304 6.602136314e-09 0 0 425072.5631 24283.19508 0 0 6.254655456e-09 0 0 0 5861.832138 16134.04166 1.181434919e-08 0 0 605247.4059 67.66533254 11720.19666 0 0 337689.9257 41801.07802 0 0 587.7880764 0 0
$SSageCompEsc
 1297 898 0
$obsAgeCompEsc
0 0 0 0 0 0 0.3940484 0.4219784 0 0 0 0.1702181 0.01375522 0 0 0 0 0 
0 0 0 0 0 0.001120181 0.4529063 0.4300945 0 0 0 0.1102951 0.005583895 0 0 0 0 0 
0 0.002733084 0.04268001 0.001637061 0 0 0.06209331 0.8209684 0.00250412 0 0 0.03112685 0.03625712 0 0 0 0 0 
$predAgeCompEsc
0 1.50920618e-15 1.734277406e-15 0 0 0 0.3940483527 0.4219783494 1.539135975e-15 0 0 0.1702180796 0.01375521829 0 0 1.50920618e-15 0 0 
0 1.622917891e-15 1.598057151e-15 0 0 0.001120180007 0.452906311 0.4300945109 1.809514617e-15 0 0 0.110295103 0.005583895137 0 0 1.622917891e-15 0 0 
0 0.005777567417 0.01452700644 1.213190872e-14 0 0 0.5965468832 6.092551033e-05 0.01203522545 0 0 0.3328355821 0.03763747129 0 0 0.0005793385341 0 0 
$SSageCompCatch
 3871
$obsAgeCompCatch
0 0.0008518199 0.002585769 0 0 0 0.4340444 0.4076736 0.001618316 0 0 0.1402463 0.01289439 0 0 8.541519e-05 0 0 
$predAgeCompCatch
0 0.0008518199137 0.002585768956 1.631316512e-15 0 9.997619388e-10 0.434044395 0.407673596 0.001618316001 0 0 0.1402462981 0.01289438987 0 0 8.54152041e-05 0 0 
$genSS
 -1
$obsGenComp     #GeneticFracData
0 0 0 
$predGenComp     #catchGenComp_pred
0 0 0 
#PARAMETERS_OF_INTEREST
$catchByGroup
0 
4.401510298e-10 
5.941696657e-10 
0 
0 
0 
114921.8646 
144571.2975 
4.144245753e-10 
0 
0 
49643.09319 
4712.587172 
0 
0 
4.401510298e-10 
0 
0 
0 
3.485386268e-09 
4.222769159e-09 
0 
0 
0.003141726823 
972663.7719 
1136498.676 
3.514467431e-09 
0 
0 
236870.2937 
14755.10445 
0 
0 
3.485386268e-09 
0 
0 
0 
2676.822718 
8125.714102 
5.126371233e-09 
0 
0 
276387.9907 
34.0788228 
5085.517452 
0 
0 
154207.0881 
21052.60519 
0 
0 
268.415137 
0 
0 
$escByGroup
 5e-101 1.297253264e-09 1.490715486e-09 5e-101 5e-101 5e-101 338708.2019 362715.7098 1.322979718e-09 5e-101 5e-101 146312.6525 11823.43543 5e-101 5e-101 1.297253264e-09 5e-101 5e-101 5e-101 2.769269187e-09 2.726848014e-09 5e-101 5e-101 1911.421395 772817.5892 733892.6284 3.087668884e-09 5e-101 5e-101 188202.2695 9528.09063 5e-101 5e-101 2.769269187e-09 5e-101 5e-101 5e-101 3185.00942 8008.327557 6.687977961e-09 5e-101 5e-101 328859.4152 33.58650973 6634.679209 5e-101 5e-101 183482.8376 20748.47283 5e-101 5e-101 319.3729394 5e-101 5e-101
$catchByGroup
0 4.401510298e-10 5.941696657e-10 0 0 0 114921.8646 144571.2975 4.144245753e-10 0 0 49643.09319 4712.587172 0 0 4.401510298e-10 0 0 0 3.485386268e-09 4.222769159e-09 0 0 0.003141726823 972663.7719 1136498.676 3.514467431e-09 0 0 236870.2937 14755.10445 0 0 3.485386268e-09 0 0 0 2676.822718 8125.714102 5.126371233e-09 0 0 276387.9907 34.0788228 5085.517452 0 0 154207.0881 21052.60519 0 0 268.415137 0 0 
$Fmort
 0.5319789344
#ESTIMATED_PARAMETERS
$availability
0.5104741333 1.4236348 1.0658914 
$availabilityVector
 0.5104741333 1.4236348 1.0658914
$selectivity
 2.170294098e-06 1.075789737 1.235291423 1.003476832 1.68543984
$RunSize
 0 1.737404293e-09 2.084885152e-09 0 0 0 453630.0665 507287.0073 1.737404293e-09 0 0 195955.7456 16536.0226 0 0 1.737404293e-09 0 0 0 6.254655456e-09 6.949617173e-09 0 0 1911.424537 1745481.361 1870391.304 6.602136314e-09 0 0 425072.5631 24283.19508 0 0 6.254655456e-09 0 0 0 5861.832138 16134.04166 1.181434919e-08 0 0 605247.4059 67.66533254 11720.19666 0 0 337689.9257 41801.07802 0 0 587.7880764 0 0
