$ndistricts
1
$ngroups
54
$nstocks
3
$nagecomps
18
$AgeCompLabels
 0.1 0.2 0.3 0.4 0.5 1.1 1.2 1.3 1.4 1.5 2.1 2.2 2.3 2.4 3.1 3.2 3.3 3.4
$navailpar
3
$nselectpar
5
$GENdata
 -1
$maxGradient
1.194251119e-06
#LIKELIHOOD_VALUES_AND_PENALTIES
$totalNLL
318.6205503
$NLLcatch
0.2257913526
$NLLescape
-4.145163479
$NLLagecompCatch
120.5394353
$NLLagecompEsc
202.0004872
$NLLgenetics
0
$NLLselOne
1.969910681e-17
$NLLavailOne
1.234567898e-11
$NLLextra
2.9e-198
$sigmaCat
0.5
$sigmaEsc
0.1
#OBSERVED_AND_PREDICTED_VALUES
$predEsc
 128599.6659 1068090.681 135894.7802
$obsEsc
 128532 1076112 134852.6
$predCatch
 1391789.965
$obsCatch
 1391790
$RunSize
 0 6.064674599e-10 251.041563 6.686303746e-08 0 0 39528.0339 86191.51705 0 0 101.1945023 42879.81662 12833.47175 0 0 0 0 0 0 140.1613507 249.297749 227.2220778 0 0 1526682.746 435237.3165 0 0 65.27139026 300212.9624 25440.86064 0 0 0 0 0 0 6668.768096 48998.06176 2.879425155 0 6.474040135e-08 1.19019239e-07 1.360003279e-07 5.154973409e-09 0 0 161467.1664 37197.30241 0 0 0 0 0
$SSageCompEsc
 1746 1464 0
$obsAgeCompEsc
0 0 0.00125 0 0 0 0.2420073 0.4305502 0 0 0.0007873062 0.2615041 0.06390113 0 0 0 0 0 
0 6.065293e-05 6.065293e-05 0 0 0 0.7440126 0.1197027 0 0 6.065293e-05 0.1299131 0.006189638 0 0 0 0 0 
0 0.02913312 0.0651482 0.01223487 0 0.004946185 0.4856242 0.2586278 0.002050846 0 0 0.08596988 0.0562649 0 0 0 0 0 
$predAgeCompEsc
0 3.707871104e-15 0.001252681617 3.450049868e-15 0 0 0.2416697752 0.4300902516 0 0 0.0007868916616 0.2621621827 0.06403821724 0 0 0 0 0 
0 6.710337931e-05 6.773241795e-05 1.792231761e-10 0 0 0.7309117021 0.1182508705 0 0 6.110950731e-05 0.1437293818 0.006912100141 0 0 0 0 0 
0 0.0297003387 0.1427852499 5.999226383e-10 0 4.763960515e-13 5.30069671e-13 3.963185503e-13 1.074028697e-18 0 0 0.7191177533 0.1083966575 0 0 0 0 0 
$SSageCompCatch
 4832
$obsAgeCompCatch
0 0.002173921 0.02254846 0.0001652049 0 0 0.5228907 0.2414065 0 0 0 0.1767424 0.03407283 0 0 0 0 0 
$predAgeCompCatch
0 0.001940764067 0.02145524316 0.0001653275537 0 4.775417566e-19 0.5420732792 0.2441580459 3.70373949e-15 0 1.000531016e-09 0.1577864617 0.03242087736 0 0 0 0 0 
$genSS
 -1
$obsGenComp     #GeneticFracData
0 0 0 
$predGenComp     #catchGenComp_pred
0 0 0 
#PARAMETERS_OF_INTEREST
$catchByGroup
0 
1.296364749e-10 
89.94712556 
6.64193622e-08 
0 
0 
8449.381561 
30882.05441 
0 
0 
0.0004975406036 
9165.847531 
4598.178409 
0 
0 
0 
0 
0 
0 
68.48885661 
176.9533846 
227.2218864 
0 
0 
746002.7688 
308934.6638 
0 
0 
0.0008949884245 
146696.9491 
18058.1109 
0 
0 
0 
0 
0 
0 
2632.647096 
29594.29161 
2.879343629 
0 
6.646378246e-13 
4.698553758e-08 
8.214270562e-08 
5.154827455e-09 
0 
0 
63742.81734 
22466.76246 
0 
0 
0 
0 
0 
$escByGroup
 5e-101 4.768309851e-10 161.0944374 4.436752602e-10 5e-101 5e-101 31078.65234 55309.46265 5e-101 5e-101 101.1940048 33713.96909 8235.293339 5e-101 5e-101 5e-101 5e-101 5e-101 5e-101 71.6724941 72.34436441 0.0001914266042 5e-101 5e-101 780679.9776 126302.6528 5e-101 5e-101 65.27049527 153516.0133 7382.749746 5e-101 5e-101 5e-101 5e-101 5e-101 5e-101 4036.121 19403.77015 8.152635506e-05 5e-101 6.473973671e-08 7.203370144e-08 5.385762228e-08 1.459548937e-13 5e-101 5e-101 97724.34902 14730.53995 5e-101 5e-101 5e-101 5e-101 5e-101
$catchByGroup
0 1.296364749e-10 89.94712556 6.64193622e-08 0 0 8449.381561 30882.05441 0 0 0.0004975406036 9165.847531 4598.178409 0 0 0 0 0 0 68.48885661 176.9533846 227.2218864 0 0 746002.7688 308934.6638 0 0 0.0008949884245 146696.9491 18058.1109 0 0 0 0 0 0 2632.647096 29594.29161 2.879343629 0 6.646378246e-13 4.698553758e-08 8.214270562e-08 5.154827455e-09 0 0 63742.81734 22466.76246 0 0 0 0 0 
$Fmort
 3.168952066
#ESTIMATED_PARAMETERS
$availability
0.5104741333 1.4236348 1.0658914 
$availabilityVector
 0.5104741333 1.4236348 1.0658914
$selectivity
 3.039367863e-06 0.1486639822 0.2742390514 3.100332396 1.47676153
$RunSize
 0 6.064674599e-10 251.041563 6.686303746e-08 0 0 39528.0339 86191.51705 0 0 101.1945023 42879.81662 12833.47175 0 0 0 0 0 0 140.1613507 249.297749 227.2220778 0 0 1526682.746 435237.3165 0 0 65.27139026 300212.9624 25440.86064 0 0 0 0 0 0 6668.768096 48998.06176 2.879425155 0 6.474040135e-08 1.19019239e-07 1.360003279e-07 5.154973409e-09 0 0 161467.1664 37197.30241 0 0 0 0 0
