$ndistricts
1
$ngroups
54
$nstocks
3
$nagecomps
18
$AgeCompLabels
 0.1 0.2 0.3 0.4 0.5 1.1 1.2 1.3 1.4 1.5 2.1 2.2 2.3 2.4 3.1 3.2 3.3 3.4
$navailpar
3
$nselectpar
5
$GENdata
 1
$maxGradient
4.771574569e-07
#LIKELIHOOD_VALUES_AND_PENALTIES
$totalNLL
319.2080721
$NLLcatch
-1.38364656
$NLLescape
-6.230381184
$NLLagecompCatch
67.02471563
$NLLagecompEsc
183.703149
$NLLgenetics
76.09423523
$NLLselOne
1.906217709e-16
$NLLavailOne
1.590860769e-17
$NLLextra
0
$sigmaCat
0.1
$sigmaEsc
0.05
#OBSERVED_AND_PREDICTED_VALUES
$predEsc
 692616.7123 4404608.987 1708708.263
$obsEsc
 692616 4404654 1708693
$predCatch
 11081932.87
$obsCatch
 11081933
$RunSize
 1e-06 1e-06 1e-06 1e-06 1e-06 1355.699679 727416.0722 259711.6306 958.8850526 1e-06 1e-06 20205.1103 7224.491904 8.134491209e-05 1e-06 1e-06 1e-06 1e-06 1e-06 1e-06 1e-06 1e-06 1e-06 14300.02715 9523433.316 1364544.548 6095.482639 1e-06 1e-06 415371.1916 91145.40391 0.002118328025 1e-06 1e-06 1e-06 1e-06 1e-06 1e-06 1e-06 1e-06 1e-06 6920.982779 4262199.537 1003534.969 93836.03081 1e-06 765.0744819 43151.12439 41591.16746 4106.082753 1e-06 1e-06 1e-06 1e-06
$SSageCompEsc
 1 1 1
$obsAgeCompEsc
0 0 0 0 0 0.001885605 0.7299369 0.2404969 0.0009428024 0 0 0.02021466 0.006523095 0 0 0 0 0 
0 0 0 0 0 0.002947337 0.8561982 0.1025722 0.000536478 0 0 0.03487607 0.002869692 0 0 0 0 0 
0 0 0 0 0 0.003609191 0.8146847 0.1515661 0.01707621 0 0.0004067436 0.007962811 0.004287488 0.0004067436 0 0 0 0 
$predAgeCompEsc
1.391015723e-12 1.003528097e-12 9.249925701e-13 9.81773134e-13 1.017767901e-12 0.001885799568 0.7299824669 0.2402313287 0.0009414075832 1.017767901e-12 1.391015723e-12 0.0202763959 0.006682601334 7.986224927e-11 1.391015723e-12 1.003528097e-12 9.249925701e-13 9.81773134e-13 
2.064214014e-13 8.960961167e-14 7.276226336e-14 8.472834867e-14 9.289519971e-14 0.002951831644 0.8533911612 0.09928734974 0.0005164601784 9.289519971e-14 2.064214014e-13 0.03722125118 0.006631945884 1.794824355e-10 2.064214014e-13 8.960961167e-14 7.276226336e-14 8.472834867e-14 
5.21888302e-13 1.911573531e-13 1.487739452e-13 1.786949557e-13 1.996244793e-13 0.003611979951 0.8147507817 0.1492998565 0.01676802537 1.996244793e-13 0.0003992834222 0.00824865472 0.00618768207 0.0007337362758 5.21888302e-13 1.911573531e-13 1.487739452e-13 1.786949557e-13 
$SSageCompCatch
 1
$obsAgeCompCatch
0 0 0 0 0 0.0001967166 0.7965718 0.1537037 0.005904746 0 0 0.02859483 0.01444477 0.0005834722 0 0 0 0 
$predAgeCompCatch
2.125972541e-14 1.429003621e-13 1.610399666e-13 1.481216992e-13 1.393989598e-13 0.0001892349611 0.799176931 0.1596265817 0.006254495138 1.393989598e-13 7.473028418e-06 0.02586588975 0.008622007653 0.0002573867667 2.125972541e-14 1.429003621e-13 1.610399666e-13 1.481216992e-13 
$genSS
 736
$obsGenComp     #GeneticFracData
0.02942617431 0.6311931731 0.3393806526 
$predGenComp     #catchGenComp_pred
0.02925980345 0.6325864872 0.3381537094 
#PARAMETERS_OF_INTEREST
$catchByGroup
3.655926342e-08 
3.049396686e-07 
3.593346872e-07 
3.200075197e-07 
2.950769426e-07 
49.56338167 
221818.016 
93323.39753 
306.8504274 
2.950769426e-07 
3.655926342e-08 
6161.339639 
2596.010538 
2.603098356e-05 
3.655926342e-08 
3.049396686e-07 
3.593346872e-07 
3.200075197e-07 
9.079444024e-08 
6.053046991e-07 
6.795106809e-07 
6.26804754e-07 
5.908329685e-07 
1298.36296 
5764578.938 
927222.5946 
3820.677497 
5.908329685e-07 
9.079444024e-08 
251426.1342 
61934.27547 
0.001327778077 
9.079444024e-08 
6.053046991e-07 
6.795106809e-07 
6.26804754e-07 
1.082451462e-07 
6.733678514e-07 
7.457887305e-07 
6.946624527e-07 
6.589000027e-07 
749.1627925 
2870028.145 
748425.0703 
65184.36731 
6.589000027e-07 
82.81559911 
29056.57992 
31018.22398 
2852.341516 
1.082451462e-07 
6.733678514e-07 
7.457887305e-07 
6.946624527e-07 
$escByGroup
 9.634407366e-07 6.950603314e-07 6.406653128e-07 6.799924803e-07 7.049230574e-07 1306.136297 505598.0562 166388.2331 652.0346253 7.049230574e-07 9.634407366e-07 14043.77066 4628.481366 5.531392853e-05 9.634407366e-07 6.950603314e-07 6.406653128e-07 6.799924803e-07 9.092055598e-07 3.946953009e-07 3.204893191e-07 3.73195246e-07 4.091670315e-07 13001.66419 3758854.378 437321.9529 2274.805143 4.091670315e-07 9.092055598e-07 163945.0574 29211.12844 0.0007905499483 9.092055598e-07 3.946953009e-07 3.204893191e-07 3.73195246e-07 8.917548538e-07 3.266321486e-07 2.542112695e-07 3.053375473e-07 3.410999973e-07 6171.819986 1392171.393 255109.8984 28651.6635 3.410999973e-07 682.2588828 14094.54448 10572.94348 1253.741237 8.917548538e-07 3.266321486e-07 2.542112695e-07 3.053375473e-07
$catchByGroup
3.655926342e-08 3.049396686e-07 3.593346872e-07 3.200075197e-07 2.950769426e-07 49.56338167 221818.016 93323.39753 306.8504274 2.950769426e-07 3.655926342e-08 6161.339639 2596.010538 2.603098356e-05 3.655926342e-08 3.049396686e-07 3.593346872e-07 3.200075197e-07 9.079444024e-08 6.053046991e-07 6.795106809e-07 6.26804754e-07 5.908329685e-07 1298.36296 5764578.938 927222.5946 3820.677497 5.908329685e-07 9.079444024e-08 251426.1342 61934.27547 0.001327778077 9.079444024e-08 6.053046991e-07 6.795106809e-07 6.26804754e-07 1.082451462e-07 6.733678514e-07 7.457887305e-07 6.946624527e-07 6.589000027e-07 749.1627925 2870028.145 748425.0703 65184.36731 6.589000027e-07 82.81559911 29056.57992 31018.22398 2852.341516 1.082451462e-07 6.733678514e-07 7.457887305e-07 6.946624527e-07 
$Fmort
 0.6992398275
#ESTIMATED_PARAMETERS
$availability
0.4523738835 1.156117489 1.391508628 
$availabilityVector
 0.4523738835 1.156117489 1.391508628
$selectivity
 0.1177432861 1.14997192 1.40759717 1.219259539 1.105428087
$RunSize
 1e-06 1e-06 1e-06 1e-06 1e-06 1355.699679 727416.0722 259711.6306 958.8850526 1e-06 1e-06 20205.1103 7224.491904 8.134491209e-05 1e-06 1e-06 1e-06 1e-06 1e-06 1e-06 1e-06 1e-06 1e-06 14300.02715 9523433.316 1364544.548 6095.482639 1e-06 1e-06 415371.1916 91145.40391 0.002118328025 1e-06 1e-06 1e-06 1e-06 1e-06 1e-06 1e-06 1e-06 1e-06 6920.982779 4262199.537 1003534.969 93836.03081 1e-06 765.0744819 43151.12439 41591.16746 4106.082753 1e-06 1e-06 1e-06 1e-06
