$ndistricts
1
$ngroups
54
$nstocks
3
$nagecomps
18
$AgeCompLabels
 0.1 0.2 0.3 0.4 0.5 1.1 1.2 1.3 1.4 1.5 2.1 2.2 2.3 2.4 3.1 3.2 3.3 3.4
$navailpar
3
$nselectpar
5
$GENdata
 -1
$maxGradient
4.260247645e-06
#LIKELIHOOD_VALUES_AND_PENALTIES
$totalNLL
330.1108727
$NLLcatch
0.2257913526
$NLLescape
-4.149736849
$NLLagecompCatch
113.8997467
$NLLagecompEsc
220.1350716
$NLLgenetics
0
$NLLselOne
5.154973655e-16
$NLLavailOne
1.234567898e-11
$NLLextra
3e-198
$sigmaCat
0.5
$sigmaEsc
0.1
#OBSERVED_AND_PREDICTED_VALUES
$predEsc
 92142.37225 719151.6748 235703.402
$obsEsc
 92184 721404 234820.8
$predCatch
 822953.9879
$obsCatch
 822954
$RunSize
 0 0 7.271705245e-10 0 0 5.194075175e-10 64822.39449 31956.06959 0 0 5.194075175e-10 11977.68125 7881.086037 0 0 0 0 0 0 0 8.414401783e-09 0 0 4851.32225 775699.629 386159.6367 0 0 12943.86967 147300.0778 38495.85151 0 0 0 0 0 0 1.215413591e-08 34177.99821 1.069979486e-08 0 29752.543 4.267452164e-07 267453.1715 1.080367636e-08 0 1.082445266e-07 56480.10587 3.355372563e-08 0 0 0 0 0
$SSageCompEsc
 244 255 0
$obsAgeCompEsc
0 0 0 0 0 0 0.5657246 0.2640688 0 0 0 0.1044523 0.06575431 0 0 0 0 0 
0 0 0 0 0 0.006324704 0.5883508 0.2467513 0 0 0.01769347 0.1094197 0.03146 0 0 0 0 0 
0 0.02913312 0.0651482 0.01223487 0 0.004946185 0.4856242 0.2586278 0.002050846 0 0 0.08596988 0.0562649 0 0 0 0 0 
$predAgeCompEsc
0 0 6.015293908e-15 0 0 5.545204776e-15 0.5658950765 0.2643467306 0 0 5.545204776e-15 0.1045643392 0.06519385375 0 0 0 0 0 
0 0 5.487085329e-15 0 0 0.006443942343 0.5878194274 0.2518171739 0 0 0.01719315798 0.1116229068 0.02510339148 0 0 0 0 0 
0 3.273226991e-14 0.08225433825 2.745173336e-14 0 0.1219741737 1.149266366e-12 0.6436650706 2.771825504e-14 0 4.437616207e-13 0.1521064174 8.075193521e-14 0 0 0 0 0 
$SSageCompCatch
 1514
$obsAgeCompCatch
0 0 0.01827777 0 0 0.002038849 0.4417799 0.4058361 0 0 0.0001498289 0.1118295 0.02008807 0 0 0 0 0 
$predAgeCompCatch
0 5.394017894e-15 0.0179722938 5.13920338e-15 0 0.001482422621 0.4443113326 0.3990533596 5.189098558e-15 0 0.000704026377 0.1093587972 0.02711776783 0 0 0 0 0 
$genSS
 -1
$obsGenComp     #GeneticFracData
0 0 0 
$predGenComp     #catchGenComp_pred
0 0 0 
#PARAMETERS_OF_INTEREST
$catchByGroup
0 
0 
1.72907074e-10 
0 
0 
8.459194786e-12 
12679.4797 
7598.534737 
0 
0 
8.459194786e-12 
2342.87498 
1873.969696 
0 
0 
0 
0 
0 
0 
0 
4.468355179e-09 
0 
0 
217.1503216 
352968.3033 
205064.8944 
0 
0 
579.3813146 
67026.27744 
20442.70549 
0 
0 
0 
0 
0 
0 
4.439028537e-09 
14790.37086 
4.229327916e-09 
0 
1002.815286 
1.558592242e-07 
115739.1246 
4.270389352e-09 
0 
3.648402961e-09 
20628.10582 
1.452021978e-08 
0 
0 
0 
0 
0 
$escByGroup
 5e-101 5e-101 5.542634505e-10 5e-101 5e-101 5.109483227e-10 52142.91479 24357.53485 5e-101 5e-101 5.109483227e-10 9634.806267 6007.116341 5e-101 5e-101 5e-101 5e-101 5e-101 5e-101 5e-101 3.946046604e-09 5e-101 5e-101 4634.171928 422731.3257 181094.7424 5e-101 5e-101 12364.48836 80273.80037 18053.14603 5e-101 5e-101 5e-101 5e-101 5e-101 5e-101 7.715107373e-09 19387.62736 6.470466944e-09 5e-101 28749.72771 2.708859922e-07 151714.0469 6.533287012e-09 5e-101 1.045961237e-07 35852.00005 1.903350585e-08 5e-101 5e-101 5e-101 5e-101 5e-101
$catchByGroup
0 0 1.72907074e-10 0 0 8.459194786e-12 12679.4797 7598.534737 0 0 8.459194786e-12 2342.87498 1873.969696 0 0 0 0 0 0 0 4.468355179e-09 0 0 217.1503216 352968.3033 205064.8944 0 0 579.3813146 67026.27744 20442.70549 0 0 0 0 0 0 4.439028537e-09 14790.37086 4.229327916e-09 0 1002.815286 1.558592242e-07 115739.1246 4.270389352e-09 0 3.648402961e-09 20628.10582 1.452021978e-08 0 0 0 0 0 
$Fmort
 0.410990676
#ESTIMATED_PARAMETERS
$availability
0.5104741333 1.4236348 1.0658914 
$availabilityVector
 0.5104741333 1.4236348 1.0658914
$selectivity
 0.07826648542 1.037477189 1.294188522 1.148160464 1.441907344
$RunSize
 0 0 7.271705245e-10 0 0 5.194075175e-10 64822.39449 31956.06959 0 0 5.194075175e-10 11977.68125 7881.086037 0 0 0 0 0 0 0 8.414401783e-09 0 0 4851.32225 775699.629 386159.6367 0 0 12943.86967 147300.0778 38495.85151 0 0 0 0 0 0 1.215413591e-08 34177.99821 1.069979486e-08 0 29752.543 4.267452164e-07 267453.1715 1.080367636e-08 0 1.082445266e-07 56480.10587 3.355372563e-08 0 0 0 0 0
