$ndistricts
1
$ngroups
54
$nstocks
3
$nagecomps
18
$AgeCompLabels
 0.1 0.2 0.3 0.4 0.5 1.1 1.2 1.3 1.4 1.5 2.1 2.2 2.3 2.4 3.1 3.2 3.3 3.4
$navailpar
3
$nselectpar
5
$GENdata
 -1
$maxGradient
1.397075365e-06
#LIKELIHOOD_VALUES_AND_PENALTIES
$totalNLL
285.3020349
$NLLcatch
0.2257913526
$NLLescape
-4.150325294
$NLLagecompCatch
87.76282786
$NLLagecompEsc
201.463741
$NLLgenetics
0
$NLLselOne
2.685294966e-17
$NLLavailOne
1.234567898e-11
$NLLextra
3.2e-198
$sigmaCat
0.5
$sigmaEsc
0.1
#OBSERVED_AND_PREDICTED_VALUES
$predEsc
 194072.1649 1463133.946 640393.8339
$obsEsc
 194088 1459782 642092.9
$predCatch
 6533864.857
$obsCatch
 6533865
$RunSize
 0 0 0 0 0 9.803078238e-10 50101.81912 285202.3618 1091.685912 0 9.803078238e-10 1426.392727 15299.04737 62.23791701 0 0 0 0 0 0 0 0 0 4223.144124 2249348.966 3468919.544 25059.09797 0 440.1202454 145281.4042 223399.6802 0 0 0 0 0 0 0 0 0 0 9.803078238e-10 86234.07139 2193301.852 26556.67877 0 9.803078238e-10 7202.257039 48314.44177 0 0 0 0 0
$SSageCompEsc
 1418 1790 519
$obsAgeCompEsc
0 0 0 0 0 0 0.1771212 0.7727331 0.003965705 0 0 0.004957941 0.04099321 0.0002289002 0 0 0 0 
0 0 0 0 0 0.002758602 0.5542561 0.4040387 0.006476156 0 0.0002685866 0.01794293 0.01425899 0 0 0 0 0 
0 0 0 0 0 0 0.06157586 0.8965912 0.01993596 0 0 0.004401287 0.01749567 0 0 0 0 0 
$predAgeCompEsc
0 0 0 0 0 4.954757885e-15 0.1769545327 0.772382679 0.003966052649 0 4.954757885e-15 0.005037874131 0.04143275363 0.0002261079427 0 0 0 0 
0 0 0 0 0 0.002735207304 0.5361941099 0.3942983499 0.006462509559 0 0.0002850530492 0.03463181319 0.02539295713 0 0 0 0 0 
0 0 0 0 0 1.470361957e-15 0.06119743955 0.8940080283 0.01998996375 0 1.470361957e-15 0.005111201207 0.01969336723 0 0 0 0 0 
$SSageCompCatch
 5134
$obsAgeCompCatch
0 0 0 0 0 1.674335e-05 0.2163502 0.6974956 0.004546835 0 2.06495e-05 0.03270086 0.04886916 0 0 0 0 0 
$predAgeCompCatch
0 0 0 0 0 3.38497156e-05 0.2338016891 0.7113855813 0.004542609351 0 3.527690436e-06 0.01515001943 0.0350799139 2.809464149e-06 0 0 0 0 
$genSS
 -1
$obsGenComp     #GeneticFracData
0 0 0 
$predGenComp     #catchGenComp_pred
0 0 0 
#PARAMETERS_OF_INTEREST
$catchByGroup
0 
0 
0 
0 
0 
1.872723451e-11 
15759.86987 
135304.3832 
321.9854883 
0 
1.872723451e-11 
448.681588 
7258.103175 
18.35665907 
0 
0 
0 
0 
0 
0 
0 
0 
0 
221.1694672 
1464825.162 
2892008.243 
15603.58086 
0 
23.04945257 
94610.42265 
186246.3827 
0 
0 
0 
0 
0 
0 
0 
0 
0 
0 
3.869709303e-11 
47043.60845 
1620784.623 
13755.22925 
0 
3.869709303e-11 
3929.075302 
35702.93082 
0 
0 
0 
0 
0 
$escByGroup
 5e-101 5e-101 5e-101 5e-101 5e-101 9.615805893e-10 34341.94925 149897.9786 769.7004237 5e-101 9.615805893e-10 977.7111392 8040.944195 43.88125794 5e-101 5e-101 5e-101 5e-101 5e-101 5e-101 5e-101 5e-101 5e-101 4001.974657 784523.804 576911.3006 9455.517114 5e-101 417.0707928 50670.98151 37153.29758 5e-101 5e-101 5e-101 5e-101 5e-101 5e-101 5e-101 5e-101 5e-101 5e-101 9.416107308e-10 39190.46294 572517.2288 12801.44952 5e-101 9.416107308e-10 3273.181737 12611.51094 5e-101 5e-101 5e-101 5e-101 5e-101
$catchByGroup
0 0 0 0 0 1.872723451e-11 15759.86987 135304.3832 321.9854883 0 1.872723451e-11 448.681588 7258.103175 18.35665907 0 0 0 0 0 0 0 0 0 221.1694672 1464825.162 2892008.243 15603.58086 0 23.04945257 94610.42265 186246.3827 0 0 0 0 0 0 0 0 0 0 3.869709303e-11 47043.60845 1620784.623 13755.22925 0 3.869709303e-11 3929.075302 35702.93082 0 0 0 0 0 
$Fmort
 0.7524857985
#ESTIMATED_PARAMETERS
$availability
0.5104741333 1.4236348 1.0658914 
$availabilityVector
 0.5104741333 1.4236348 1.0658914
$selectivity
 0.05021353423 0.9832480483 1.674571629 0.9098015798 1.38216521
$RunSize
 0 0 0 0 0 9.803078238e-10 50101.81912 285202.3618 1091.685912 0 9.803078238e-10 1426.392727 15299.04737 62.23791701 0 0 0 0 0 0 0 0 0 4223.144124 2249348.966 3468919.544 25059.09797 0 440.1202454 145281.4042 223399.6802 0 0 0 0 0 0 0 0 0 0 9.803078238e-10 86234.07139 2193301.852 26556.67877 0 9.803078238e-10 7202.257039 48314.44177 0 0 0 0 0
