$ndistricts
1
$ngroups
54
$nstocks
3
$nagecomps
18
$AgeCompLabels
 0.1 0.2 0.3 0.4 0.5 1.1 1.2 1.3 1.4 1.5 2.1 2.2 2.3 2.4 3.1 3.2 3.3 3.4
$navailpar
3
$nselectpar
5
$GENdata
 1
$maxGradient
1.513346083e-06
#LIKELIHOOD_VALUES_AND_PENALTIES
$totalNLL
414.5411431
$NLLcatch
0.2257913526
$NLLescape
-4.15093958
$NLLagecompCatch
100.4644948
$NLLagecompEsc
241.4896733
$NLLgenetics
76.51212327
$NLLselOne
1.490399034e-17
$NLLavailOne
1.673623363e-18
$NLLextra
2.6e-198
$sigmaCat
0.5
$sigmaEsc
0.1
#OBSERVED_AND_PREDICTED_VALUES
$predEsc
 340598.4579 2764655.315 618456.0808
$obsEsc
 340590 2764614 618477
$predCatch
 5532165.86
$obsCatch
 5532166
$RunSize
 0 801.6121146 1.027605445e-09 1.027605445e-09 0 1.027605445e-09 413358.7643 497068.2971 2152.861052 0 1.027605445e-09 22843.28795 24474.15038 0 0 0 0 0 0 0 6039.173113 7.707040839e-09 0 9530.268087 4525133.428 1980856.875 19597.08867 0 1217.835387 201756.1012 65271.47388 0 0 0 0 0 0 0 4459.840073 3353.64469 0 1.027605445e-09 199757.9287 1121573.593 139910.6768 0 1.027605445e-09 4636.999078 12081.81451 0 0 0 0 0
$SSageCompEsc
 1 1 1
$obsAgeCompEsc
0 0.00120919 0 0 0 0 0.5864571 0.362757 0.00241838 0 0 0.03022975 0.01692866 0 0 0 0 0 
0 0 0.000653432 0 0 0.002911587 0.7981187 0.1761981 0.002680442 0 0 0.01613589 0.003301846 0 0 0 0 0 
0 0 0.002758621 0.002758621 0 0 0.1931034 0.6758621 0.1144828 0 0 0.004137931 0.006896552 0 0 0 0 0 
$predAgeCompEsc
0 0.001133594408 7.479303063e-16 1.15309894e-15 0 2.269437618e-15 0.5845485304 0.3617852021 0.002415773299 0 2.269437618e-15 0.03230368278 0.01781321701 0 0 0 0 0 
0 0 0.0005300256574 1.049794631e-15 0 0.00258164473 0.7795544564 0.173849126 0.00266936674 0 0.0003298982021 0.03475695697 0.00572852528 0 0 0 0 0 
0 0 0.002686931349 0.002744933634 0 1.358258199e-15 0.1925854691 0.6757173349 0.114515865 0 1.358258199e-15 0.004470504117 0.007278961946 0 0 0 0 0 
$SSageCompCatch
 1
$obsAgeCompCatch
0 0 0.001134357 0.0002835235 0 0.0001028648 0.4610885 0.4621643 0.01487025 0 0.0003852049 0.04262828 0.01734275 0 0 0 0 0 
$predAgeCompCatch
0 7.510830623e-05 0.001332556921 0.0002993445668 0 0.0004325449242 0.4817008085 0.4659550968 0.01493717072 0 5.527321059e-05 0.02157888799 0.0136332081 0 0 0 0 0 
$genSS
 285
$obsGenComp     #GeneticFracData
0.1114042752 0.730750396 0.1578453288 
$predGenComp     #catchGenComp_pred
0.1120900079 0.7311326217 0.1567773704 
#PARAMETERS_OF_INTEREST
$catchByGroup
0 
415.5116075 
7.728615362e-10 
6.348617245e-10 
0 
2.546384921e-10 
214262.4363 
373844.8152 
1330.052392 
0 
2.546384921e-10 
11840.70341 
18406.99614 
0 
0 
0 
0 
0 
0 
0 
4573.834862 
4.804720532e-09 
0 
2392.910262 
2369934.057 
1500223.965 
12217.20973 
0 
305.7805686 
105665.0954 
49434.07601 
0 
0 
0 
0 
0 
0 
0 
2798.091041 
1656.023793 
0 
1.87582403e-10 
80652.27427 
703672.0984 
69087.64376 
0 
1.87582403e-10 
1872.188622 
7580.096237 
0 
0 
0 
0 
0 
$escByGroup
 5e-101 386.1005071 2.54743909e-10 3.927437206e-10 5e-101 7.729669531e-10 199096.328 123223.482 822.8086604 5e-101 7.729669531e-10 11002.58454 6067.154243 5e-101 5e-101 5e-101 5e-101 5e-101 5e-101 5e-101 1465.338251 2.902320307e-09 5e-101 7137.357825 2155199.371 480632.9103 7379.878945 5e-101 912.054818 96091.00582 15837.39786 5e-101 5e-101 5e-101 5e-101 5e-101 5e-101 5e-101 1661.749032 1697.620897 5e-101 8.400230422e-10 119105.6545 417901.4947 70823.03304 5e-101 8.400230422e-10 2764.810455 4501.718278 5e-101 5e-101 5e-101 5e-101 5e-101
$catchByGroup
0 415.5116075 7.728615362e-10 6.348617245e-10 0 2.546384921e-10 214262.4363 373844.8152 1330.052392 0 2.546384921e-10 11840.70341 18406.99614 0 0 0 0 0 0 0 4573.834862 4.804720532e-09 0 2392.910262 2369934.057 1500223.965 12217.20973 0 305.7805686 105665.0954 49434.07601 0 0 0 0 0 0 0 2798.091041 1656.023793 0 1.87582403e-10 80652.27427 703672.0984 69087.64376 0 1.87582403e-10 1872.188622 7580.096237 0 0 0 0 0 
$Fmort
 0.7832165366
#ESTIMATED_PARAMETERS
$availability
1.101636923 1.1185819 0.7797811773 
$availabilityVector
 1.101636923 1.1185819 0.7797811773
$selectivity
 0.3300226974 0.8466735942 1.616475499 1.114750459 1.092077751
$RunSize
 0 801.6121146 1.027605445e-09 1.027605445e-09 0 1.027605445e-09 413358.7643 497068.2971 2152.861052 0 1.027605445e-09 22843.28795 24474.15038 0 0 0 0 0 0 0 6039.173113 7.707040839e-09 0 9530.268087 4525133.428 1980856.875 19597.08867 0 1217.835387 201756.1012 65271.47388 0 0 0 0 0 0 0 4459.840073 3353.64469 0 1.027605445e-09 199757.9287 1121573.593 139910.6768 0 1.027605445e-09 4636.999078 12081.81451 0 0 0 0 0
