$ndistricts
1
$ngroups
54
$nstocks
3
$nagecomps
18
$AgeCompLabels
 0.1 0.2 0.3 0.4 0.5 1.1 1.2 1.3 1.4 1.5 2.1 2.2 2.3 2.4 3.1 3.2 3.3 3.4
$navailpar
3
$nselectpar
5
$GENdata
 1
$maxGradient
1.901851814e-06
#LIKELIHOOD_VALUES_AND_PENALTIES
$totalNLL
587.7261917
$NLLcatch
0.2257913526
$NLLescape
-4.150937476
$NLLagecompCatch
120.1008925
$NLLagecompEsc
363.7866294
$NLLgenetics
107.763816
$NLLselOne
7.800151022e-18
$NLLavailOne
1.007599593e-17
$NLLextra
2.7e-198
$sigmaCat
0.5
$sigmaEsc
0.1
#OBSERVED_AND_PREDICTED_VALUES
$predEsc
 212473.1444 939077.4644 551225.0822
$obsEsc
 212454 939000 551319.2
$predCatch
 1206453.971
$obsCatch
 1206454
$RunSize
 0 1.291956418e-09 1.937934627e-09 1.291956418e-09 0 0 187887.626 293735.4713 1.291956418e-09 0 0 23249.51249 9163.822443 0 0 133.8461055 0 0 0 3.55288015e-09 4.521847464e-09 4.683342016e-09 0 3443.44567 582732.1491 769643.4406 1347.206595 0 0 68848.61914 24125.73965 0 0 0 0 0 0 78267.82044 96427.09215 32746.19618 0 1133.677842 237267.1034 297007.5136 43205.60429 0 0 158863.7746 5.329320225e-09 0 0 0 0 0
$SSageCompEsc
 1552 1524 654
$obsAgeCompEsc
0 0 0 0 0 0 0.441509 0.4913749 0 0 0 0.0542595 0.0124842 0 0 0.0003723932 0 0 
0 0 0 0 0 0.003667141 0.4390881 0.4940589 0.00114335 0 0 0.05123264 0.01080984 0 0 0 0 0 
0 0.1085289 0.09874232 0.0366458 0 0.0020563 0.2643247 0.2604299 0.05415503 0 0 0.1751171 0 0 0 0 0 0 
$predAgeCompEsc
0 3.037692959e-15 3.219783189e-15 3.223018746e-15 0 0 0.4417679346 0.4880270568 3.223018746e-15 0 0 0.05466506408 0.01522524085 0 0 0.0003147036282 0 0 
0 2.679813813e-15 2.870111572e-15 3.637981166e-15 0 0.003666837894 0.4395345737 0.4885088591 0.00104649889 0 0 0.05193011663 0.01531311375 0 0 0 0 0 
0 0.09011589787 0.08843409077 0.03919476031 0 0.002056650749 0.2731842785 0.2723880689 0.05171389359 0 0 0.1829123593 4.887564045e-15 0 0 0 0 0 
$SSageCompCatch
 3356
$obsAgeCompCatch
0 0.003370806 0.02602686 0.01103597 0 0 0.3030047 0.5464099 0.008973809 0 0 0.08043403 0.02074389 0 0 0 0 0 
$predAgeCompCatch
0 0.02370059524 0.03952078103 0.009234551399 0 9.970603921e-10 0.2906700342 0.5369446341 0.01248623859 0 0 0.07439551602 0.01299213036 0 0 5.55181032e-05 0 0 
$genSS
 342
$obsGenComp     #GeneticFracData
0.2404156578 0.4070823245 0.3525020178 
$predGenComp     #catchGenComp_pred
0.2500693281 0.4236076542 0.3263230177 
#PARAMETERS_OF_INTEREST
$catchByGroup
0 
6.465282434e-10 
1.253817169e-09 
6.071514906e-10 
0 
0 
94023.80378 
190042.8279 
6.071514906e-10 
0 
0 
11634.65443 
5928.867645 
0 
0 
66.98003605 
0 
0 
0 
1.03632739e-09 
1.826590366e-09 
1.266995887e-09 
0 
0.0008388288044 
169975.1361 
310895.7799 
364.4630714 
0 
0 
20082.21689 
9745.539619 
0 
0 
0 
0 
0 
0 
28593.67723 
47680.00319 
11141.0612 
0 
0.0003640786646 
86681.07703 
146860.378 
14699.60905 
0 
0 
58037.89438 
2.635172333e-09 
0 
0 
0 
0 
0 
$escByGroup
 5e-101 6.454281748e-10 6.841174586e-10 6.848049276e-10 5e-101 5e-101 93863.82217 103692.6433 6.848049276e-10 5e-101 5e-101 11614.85806 3234.954798 5e-101 5e-101 66.86606944 5e-101 5e-101 5e-101 2.51655276e-09 2.695257098e-09 3.416346129e-09 5e-101 3443.444831 412757.013 458747.6607 982.7435237 5e-101 5e-101 48766.40225 14380.20003 5e-101 5e-101 5e-101 5e-101 5e-101 5e-101 49674.14321 48747.08895 21605.13498 5e-101 1133.677478 150586.0264 150147.1357 28505.99524 5e-101 5e-101 100825.8803 2.694147892e-09 5e-101 5e-101 5e-101 5e-101 5e-101
$catchByGroup
0 6.465282434e-10 1.253817169e-09 6.071514906e-10 0 0 94023.80378 190042.8279 6.071514906e-10 0 0 11634.65443 5928.867645 0 0 66.98003605 0 0 0 1.03632739e-09 1.826590366e-09 1.266995887e-09 0 0.0008388288044 169975.1361 310895.7799 364.4630714 0 0 20082.21689 9745.539619 0 0 0 0 0 0 28593.67723 47680.00319 11141.0612 0 0.0003640786646 86681.07703 146860.378 14699.60905 0 0 58037.89438 2.635172333e-09 0 0 0 0 0 
$Fmort
 0.4408478353
#ESTIMATED_PARAMETERS
$availability
1.394020586 0.6927299258 0.9132494881 
$availabilityVector
 1.394020586 0.6927299258 0.9132494881
$selectivity
 7.976777733e-07 1.12927823 1.694323995 1.032915047 1.143481931
$RunSize
 0 1.291956418e-09 1.937934627e-09 1.291956418e-09 0 0 187887.626 293735.4713 1.291956418e-09 0 0 23249.51249 9163.822443 0 0 133.8461055 0 0 0 3.55288015e-09 4.521847464e-09 4.683342016e-09 0 3443.44567 582732.1491 769643.4406 1347.206595 0 0 68848.61914 24125.73965 0 0 0 0 0 0 78267.82044 96427.09215 32746.19618 0 1133.677842 237267.1034 297007.5136 43205.60429 0 0 158863.7746 5.329320225e-09 0 0 0 0 0
