$ndistricts
1
$ngroups
54
$nstocks
3
$nagecomps
18
$AgeCompLabels
 0.1 0.2 0.3 0.4 0.5 1.1 1.2 1.3 1.4 1.5 2.1 2.2 2.3 2.4 3.1 3.2 3.3 3.4
$navailpar
3
$nselectpar
5
$GENdata
 -1
$maxGradient
1.404016833e-06
#LIKELIHOOD_VALUES_AND_PENALTIES
$totalNLL
399.0130495
$NLLcatch
0.2257913526
$NLLescape
-4.13816305
$NLLagecompCatch
110.2620465
$NLLagecompEsc
292.6633746
$NLLgenetics
0
$NLLselOne
1.845307107e-16
$NLLavailOne
1.234567898e-11
$NLLextra
3.1e-198
$sigmaCat
0.5
$sigmaEsc
0.1
#OBSERVED_AND_PREDICTED_VALUES
$predEsc
 375829.4037 1152268.902 451297.5339
$obsEsc
 370920 1161964 452891.8
$predCatch
 1188533.964
$obsCatch
 1188534
$RunSize
 0 314.8853397 1.585886301e-09 0 0 0 48092.99165 238416.3528 0 0 1.409676712e-09 148804.5766 25494.32842 0 0 0 0 0 0 0 9.515317808e-09 0 0 1302.976211 834954.7317 893250.4708 0 0 193.7759979 149589.0367 70544.89692 707.2940834 0 0 0 0 0 7986.700228 72895.21753 0 0 1998.246515 79757.06916 587468.5927 0 0 2.290724657e-09 4442.899009 1714.760834 0 0 0 0 0
$SSageCompEsc
 1295 1373 488
$obsAgeCompEsc
0 0.0007798639 0 0 0 0 0.1153256 0.4926099 0 0 0 0.3398203 0.05146432 0 0 0 0 0 
0 0 0 0 0 0.00111957 0.5490633 0.3717897 0 0 0 0.05556349 0.02185531 0.0006086842 0 0 0 0 
0 0.01511377 0.0876169 0 0 0.00427554 0.138664 0.7455702 0 0 0 0.006731831 0.002027695 0 0 0 0 0 
$predAgeCompEsc
0 0.0007389009306 3.22829214e-15 0 0 0 0.1128536385 0.4853296464 0 0 3.659839695e-15 0.3491805629 0.05189725138 0 0 0 0 0 
0 0 3.912936693e-15 0 0 0.001055929249 0.510394971 0.3673269368 0 0 0.0001570356712 0.09144147479 0.02900982618 0.000613826245 0 0 0 0 
0 0.01361283395 0.09233771533 0 0 0.004206429089 0.1359409653 0.744157292 0 0 4.822113168e-15 0.007572645116 0.002172119148 0 0 0 0 0 
$SSageCompCatch
 3773
$obsAgeCompCatch
0 0 0.03063306 0 0 0 0.1805335 0.6409937 0 0 0.0001665002 0.1026681 0.04500519 0 0 0 0 0 
$predAgeCompCatch
0 0.001582156285 0.02627054445 0 0 0.0001566275946 0.2279522587 0.6542837914 0 0 1.079369861e-05 0.05285629836 0.03688752858 1.001158859e-09 0 0 0 0 
$genSS
 -1
$obsGenComp     #GeneticFracData
0 0 0 
$predGenComp     #catchGenComp_pred
0 0 0 
#PARAMETERS_OF_INTEREST
$catchByGroup
0 
37.1846436 
3.725991915e-10 
0 
0 
0 
5679.276005 
56015.20124 
0 
0 
3.420134214e-11 
17572.25393 
5989.815379 
0 
0 
0 
0 
0 
0 
0 
5.006562541e-09 
0 
0 
86.26177461 
246842.4787 
469991.0646 
0 
0 
12.82867739 
44223.86892 
37117.77636 
0.001189911307 
0 
0 
0 
0 
0 
1843.261837 
31223.43432 
0 
0 
99.89544123 
18407.24675 
251632.242 
0 
0 
1.14516877e-10 
1025.382943 
734.4888197 
0 
0 
0 
0 
0 
$escByGroup
 5e-101 277.7006961 1.21328711e-09 5e-101 5e-101 5e-101 42413.71564 182401.1516 5e-101 5e-101 1.37547537e-09 131232.3227 19504.51304 5e-101 5e-101 5e-101 5e-101 5e-101 5e-101 5e-101 4.508755267e-09 5e-101 5e-101 1216.714436 588112.2529 423259.4062 5e-101 5e-101 180.9473205 105365.1678 33427.12056 707.2928935 5e-101 5e-101 5e-101 5e-101 5e-101 6143.438391 41671.78321 5e-101 5e-101 1898.351074 61349.82241 335836.3507 5e-101 5e-101 2.17620778e-09 3417.516066 980.2720146 5e-101 5e-101 5e-101 5e-101 5e-101
$catchByGroup
0 37.1846436 3.725991915e-10 0 0 0 5679.276005 56015.20124 0 0 3.420134214e-11 17572.25393 5989.815379 0 0 0 0 0 0 0 5.006562541e-09 0 0 86.26177461 246842.4787 469991.0646 0 0 12.82867739 44223.86892 37117.77636 0.001189911307 0 0 0 0 0 1843.261837 31223.43432 0 0 99.89544123 18407.24675 251632.242 0 0 1.14516877e-10 1025.382943 734.4888197 0 0 0 0 0 
$Fmort
 0.2493210242
#ESTIMATED_PARAMETERS
$availability
0.5104741333 1.4236348 1.0658914 
$availabilityVector
 0.5104741333 1.4236348 1.0658914
$selectivity
 0.1929804962 0.9873714255 2.104235615 4.73977181e-06 1.715407726
$RunSize
 0 314.8853397 1.585886301e-09 0 0 0 48092.99165 238416.3528 0 0 1.409676712e-09 148804.5766 25494.32842 0 0 0 0 0 0 0 9.515317808e-09 0 0 1302.976211 834954.7317 893250.4708 0 0 193.7759979 149589.0367 70544.89692 707.2940834 0 0 0 0 0 7986.700228 72895.21753 0 0 1998.246515 79757.06916 587468.5927 0 0 2.290724657e-09 4442.899009 1714.760834 0 0 0 0 0
