$ndistricts
1
$ngroups
54
$nstocks
3
$nagecomps
18
$AgeCompLabels
 0.1 0.2 0.3 0.4 0.5 1.1 1.2 1.3 1.4 1.5 2.1 2.2 2.3 2.4 3.1 3.2 3.3 3.4
$navailpar
3
$nselectpar
5
$GENdata
 -1
$maxGradient
2.556385539e-06
#LIKELIHOOD_VALUES_AND_PENALTIES
$totalNLL
275.7302775
$NLLcatch
0.2257913526
$NLLescape
-4.061856096
$NLLagecompCatch
76.21313894
$NLLagecompEsc
203.3532034
$NLLgenetics
0
$NLLselOne
8.556055078e-17
$NLLavailOne
1.234567898e-11
$NLLextra
2.2e-198
$sigmaCat
0.5
$sigmaEsc
0.1
#OBSERVED_AND_PREDICTED_VALUES
$predEsc
 59543.94291 340127.7914 204201.2263
$obsEsc
 59508 330474 210600.8
$predCatch
 259577.9946
$obsCatch
 259578
$RunSize
 0 0 7.639762359e-10 7.639762359e-10 1.423383224e-07 0 468.4060833 63012.40288 7.639762359e-10 1.460627066e-07 0 370.3821031 5866.222278 8.117247506e-10 0 0 0 0 0 0 1321.337054 4.63160593e-09 26.73952363 2768.684034 42484.90422 393368.3894 455.7572265 217.400223 0 2744.321179 68023.48367 173.1687944 0 0 0 0 0 1787.833489 65964.23241 5301.103338 0.0001729960681 0 3243.899844 198788.3487 2732.329848 0.0001690107383 0 2.530671281e-09 4331.608588 5.53882771e-09 0 0 0 0
$SSageCompEsc
 508 732 403
$obsAgeCompEsc
0 0 0 0 0 0 0.007530828 0.903841 0 0 0 0.005998261 0.08262994 0 0 0 0 0 
0 0 0.003250256 0 0 0.008374511 0.1125004 0.7754242 0.001005699 0 0 0.008130426 0.09131449 0 0 0 0 0 
0 0.008347245 0.2515598 0.02151138 0 0 0.01398205 0.6814812 0.01041751 0 0 0 0.01270083 0 0 0 0 0 
$predAgeCompEsc
0 0 1.094203436e-14 1.170020053e-14 1.149647576e-14 0 0.007531721104 0.9024938801 1.170020053e-14 1.179728928e-14 0 0.005955547551 0.08401885126 1.243146307e-14 0 0 0 0 
0 0 0.00249194737 1.052928866e-14 2.698896056e-11 0.008140128048 0.1106392472 0.7418647046 0.001036098379 2.194282189e-10 0 0.007146765065 0.1282874348 0.0003936743003 0 0 0 0 
0 0.007995104291 0.2316723516 0.02141332099 1.224798659e-14 0 0.01450656211 0.6981626638 0.01103699595 1.196582835e-14 0 1.131703872e-14 0.01521300122 2.237358679e-14 0 0 0 0 
$SSageCompCatch
 1535
$obsAgeCompCatch
0 0 0.04608198 0.002823256 0.0001031627 0 0.02129501 0.7789621 0.002584175 0.0008387385 0 0.0004533489 0.1463017 0.0005565116 0 0 0 0 
$predAgeCompCatch
0 0.0005979836177 0.07369735108 0.003576870737 0.0001030121511 9.985198484e-10 0.01985916108 0.7956630593 0.002241765962 0.0008375144353 0 0.001268493816 0.1020035058 0.0001512810212 0 0 0 0 
$genSS
 -1
$obsGenComp     #GeneticFracData
0 0 0 
$predGenComp     #catchGenComp_pred
0 0 0 
#PARAMETERS_OF_INTEREST
$catchByGroup
0 
0 
1.124443667e-10 
6.730016326e-11 
1.416537769e-07 
0 
19.93771188 
9274.358811 
6.730016326e-11 
1.453602495e-07 
0 
15.76531971 
863.4085955 
7.150642347e-11 
0 
0 
0 
0 
0 
0 
473.756499 
1.050302232e-09 
26.73951445 
0.0002591937798 
4853.421424 
141039.5859 
103.351373 
217.4001484 
0 
313.5077611 
24389.3618 
39.2692241 
0 
0 
0 
0 
0 
155.2233883 
18656.4541 
928.4769326 
0.000172993567 
0 
281.6420701 
56222.67655 
478.5617398 
0.0001690082948 
0 
2.197180964e-10 
1225.095083 
9.701138489e-10 
0 
0 
0 
0 
$escByGroup
 5e-101 5e-101 6.515318692e-10 6.966760726e-10 6.845454963e-10 5e-101 448.4683714 53738.04407 6.966760726e-10 7.024571195e-10 5e-101 354.6167834 5002.813683 7.402183271e-10 5e-101 5e-101 5e-101 5e-101 5e-101 5e-101 847.5805553 3.581303698e-09 9.179695549e-06 2768.683775 37631.48279 252328.8035 352.4058535 7.463363548e-05 5e-101 2430.813418 43634.12187 133.8995703 5e-101 5e-101 5e-101 5e-101 5e-101 1632.610101 47307.77831 4372.626405 2.501053882e-09 5e-101 2962.257774 142565.6721 2253.768108 2.443436823e-09 5e-101 2.310953185e-09 3106.513504 4.568713861e-09 5e-101 5e-101 5e-101 5e-101
$catchByGroup
0 0 1.124443667e-10 6.730016326e-11 1.416537769e-07 0 19.93771188 9274.358811 6.730016326e-11 1.453602495e-07 0 15.76531971 863.4085955 7.150642347e-11 0 0 0 0 0 0 473.756499 1.050302232e-09 26.73951445 0.0002591937798 4853.421424 141039.5859 103.351373 217.4001484 0 313.5077611 24389.3618 39.2692241 0 0 0 0 0 155.2233883 18656.4541 928.4769326 0.000172993567 0 281.6420701 56222.67655 478.5617398 0.0001690082948 0 2.197180964e-10 1225.095083 9.701138489e-10 0 0 0 0 
$Fmort
 2.206627357
#ESTIMATED_PARAMETERS
$availability
0.5104741333 1.4236348 1.0658914 
$availabilityVector
 0.5104741333 1.4236348 1.0658914
$selectivity
 2.980050373e-08 0.03861545596 0.1413411492 0.08186610652 4.73817726
$RunSize
 0 0 7.639762359e-10 7.639762359e-10 1.423383224e-07 0 468.4060833 63012.40288 7.639762359e-10 1.460627066e-07 0 370.3821031 5866.222278 8.117247506e-10 0 0 0 0 0 0 1321.337054 4.63160593e-09 26.73952363 2768.684034 42484.90422 393368.3894 455.7572265 217.400223 0 2744.321179 68023.48367 173.1687944 0 0 0 0 0 1787.833489 65964.23241 5301.103338 0.0001729960681 0 3243.899844 198788.3487 2732.329848 0.0001690107383 0 2.530671281e-09 4331.608588 5.53882771e-09 0 0 0 0
