$ndistricts
1
$ngroups
54
$nstocks
3
$nagecomps
18
$AgeCompLabels
 0.1 0.2 0.3 0.4 0.5 1.1 1.2 1.3 1.4 1.5 2.1 2.2 2.3 2.4 3.1 3.2 3.3 3.4
$navailpar
3
$nselectpar
5
$GENdata
 1
$maxGradient
1.070859828e-06
#LIKELIHOOD_VALUES_AND_PENALTIES
$totalNLL
353.0968112
$NLLcatch
0.2257913526
$NLLescape
-4.150939661
$NLLagecompCatch
73.3880207
$NLLagecompEsc
201.7780959
$NLLgenetics
81.85584295
$NLLselOne
5.162727759e-16
$NLLavailOne
5.502704672e-18
$NLLextra
3.6e-198
$sigmaCat
0.5
$sigmaEsc
0.1
#OBSERVED_AND_PREDICTED_VALUES
$predEsc
 323809.2044 2243895.85 1228072.698
$obsEsc
 323814 2243886 1228059
$predCatch
 8407487.818
$obsCatch
 8407488
$RunSize
 0 0 0 0 0 1210.565604 380572.263 509010.0811 1.354832579e-09 0 0 5574.157288 1.354832579e-09 0 0 0 0 0 0 0 0 0 0 36008.09008 5528287.42 2112428.923 1.016124435e-08 0 0 34238.28456 11783.10395 0 0 0 0 0 0 0 0 0 0 5958.942369 1677930.702 1854640.494 22834.78833 0 0 9392.297496 13395.45757 0 0 0 0 0
$SSageCompEsc
 1 1 1
$obsAgeCompEsc
0 0 0 0 0 0.002748491 0.5536265 0.4353827 0 0 0 0.008242386 0 0 0 0 0 0 
0 0 0 0 0 0.01031202 0.833947 0.1484282 0 0 0 0.006190154 0.001122606 0 0 0 0 0 
0 0 0 0 0 0.003483546 0.6070246 0.3785836 0.004241653 0 0 0.00363419 0.003032428 0 0 0 0 0 
$predAgeCompEsc
0 0 0 0 0 0.002748532163 0.5536927374 0.4354489161 1.061209021e-15 0 0 0.00810981437 1.159034762e-15 0 0 0 0 0 
0 0 0 0 0 0.01031193769 0.8349796145 0.1487076876 6.301524892e-16 0 0 0.005171270498 0.0008294897507 0 0 0 0 0 
0 0 0 0 0 0.003483544917 0.6073057751 0.3788334615 0.004241605954 0 0 0.003399423173 0.002736189346 0 0 0 0 0 
$SSageCompCatch
 1
$obsAgeCompCatch
0 0 0 0 0 0.001768804 0.5708944 0.4211792 0.002096122 0 0 0.002277221 0.001784293 0 0 0 0 0 
$predAgeCompCatch
0 0 0 0 0 0.001768737317 0.5695014671 0.4205962129 0.002096439298 0 0 0.003663421973 0.002373721367 0 0 0 0 0 
$genSS
 729
$obsGenComp     #GeneticFracData
0.06809954283 0.6516223 0.2802781572 
$predGenComp     #catchGenComp_pred
0.06810094466 0.6516631473 0.280235908 
#PARAMETERS_OF_INTEREST
$catchByGroup
0 
0 
0 
0 
0 
320.5655915 
201281.4582 
368007.714 
1.011203331e-09 
0 
0 
2948.124749 
9.795264553e-10 
0 
0 
0 
0 
0 
0 
0 
0 
0 
0 
12869.17589 
3654680.129 
1778744.36 
8.747247791e-09 
0 
0 
22634.49215 
9921.81534 
0 
0 
0 
0 
0 
0 
0 
0 
0 
0 
1680.895962 
932115.0597 
1389405.463 
17625.78786 
0 
0 
5217.558706 
10035.21814 
0 
0 
0 
0 
0 
$escByGroup
 5e-101 5e-101 5e-101 5e-101 5e-101 890.0000129 179290.8048 141002.3671 3.436292488e-10 5e-101 5e-101 2626.032539 3.753061242e-10 5e-101 5e-101 5e-101 5e-101 5e-101 5e-101 5e-101 5e-101 5e-101 5e-101 23138.91418 1873607.291 333684.563 1.413996555e-09 5e-101 5e-101 11603.79241 1861.288609 5e-101 5e-101 5e-101 5e-101 5e-101 5e-101 5e-101 5e-101 5e-101 5e-101 4278.046406 745815.6419 465235.0314 5209.00047 5e-101 5e-101 4174.738789 3360.239434 5e-101 5e-101 5e-101 5e-101 5e-101
$catchByGroup
0 0 0 0 0 320.5655915 201281.4582 368007.714 1.011203331e-09 0 0 2948.124749 9.795264553e-10 0 0 0 0 0 0 0 0 0 0 12869.17589 3654680.129 1778744.36 8.747247791e-09 0 0 22634.49215 9921.81534 0 0 0 0 0 0 0 0 0 0 1680.895962 932115.0597 1389405.463 17625.78786 0 0 5217.558706 10035.21814 0 0 0 0 0 
$Fmort
 1.080899578
#ESTIMATED_PARAMETERS
$availability
0.8535195304 1.226995209 0.9194852612 
$availabilityVector
 0.8535195304 1.226995209 0.9194852612
$selectivity
 0.3334401297 0.8158382312 1.391431191 1.487010733 0.9722797181
$RunSize
 0 0 0 0 0 1210.565604 380572.263 509010.0811 1.354832579e-09 0 0 5574.157288 1.354832579e-09 0 0 0 0 0 0 0 0 0 0 36008.09008 5528287.42 2112428.923 1.016124435e-08 0 0 34238.28456 11783.10395 0 0 0 0 0 0 0 0 0 0 5958.942369 1677930.702 1854640.494 22834.78833 0 0 9392.297496 13395.45757 0 0 0 0 0
