$ndistricts
1
$ngroups
54
$nstocks
3
$nagecomps
18
$AgeCompLabels
 0.1 0.2 0.3 0.4 0.5 1.1 1.2 1.3 1.4 1.5 2.1 2.2 2.3 2.4 3.1 3.2 3.3 3.4
$navailpar
3
$nselectpar
5
$GENdata
 1
$maxGradient
4.64701534e-06
#LIKELIHOOD_VALUES_AND_PENALTIES
$totalNLL
416.4474339
$NLLcatch
0.2257913526
$NLLescape
-4.150938627
$NLLagecompCatch
107.0136094
$NLLagecompEsc
253.3022132
$NLLgenetics
60.05675851
$NLLselOne
6.189739756e-17
$NLLavailOne
4.070689503e-17
$NLLextra
2.4e-198
$sigmaCat
0.5
$sigmaEsc
0.1
#OBSERVED_AND_PREDICTED_VALUES
$predEsc
 305265.4412 4008552.963 548359.9641
$obsEsc
 305268 4008102 548410
$predCatch
 10698093.95
$obsCatch
 10698095
$RunSize
 0 1.727493149e-09 1.727493149e-09 384.9777183 0 1.727493149e-09 189025.5043 321561.5914 470.5822764 0 0 4396.92827 21159.17908 0 1.727493149e-09 0 0 0 0 4.318732871e-09 27223.45751 2.332115751e-08 0 4045.942976 5802763.909 5371031.926 59404.60446 0 0 549953.0991 537797.3838 0 1326.416368 0 0 0 0 7611.000814 30563.9698 6099.21114 0 1.727493149e-09 175851.989 2065289.955 366326.2957 0 0 4654.893612 13329.50046 0 1.727493149e-09 0 0 0
$SSageCompEsc
 1106 1790 1040
$obsAgeCompEsc
0 0 0 0.0004939348 0 0 0.4922626 0.4648189 0.0006025255 0 0 0.01142586 0.0303961 0 0 0 0 0 
0 0 0 0 0 0.0006769708 0.7759019 0.1486063 0.001163264 0 0 0.0664879 0.007163656 0 0 0 0 0 
0 0.00876365 0.009278132 0.001576451 0 0 0.1983519 0.6793006 0.09331836 0 0 0.005201867 0.00420903 0 0 0 0 0 
$predAgeCompEsc
0 4.498257433e-15 2.496308981e-15 0.0004929041635 0 4.415231563e-15 0.4922076712 0.4646716482 0.0006025075019 0 0 0.0114492583 0.03057601057 0 4.415231563e-15 0 0 0 
0 5.727700628e-16 0.0007139680684 4.383675622e-16 0 0.0005097713187 0.7695890318 0.1408618023 0.00111662775 0 0 0.07293728982 0.01410438623 0 0.0001671227264 0 0 0 
0 0.008582129371 0.01004100795 0.001555176833 0 1.873379422e-15 0.1982898908 0.6784980158 0.09340587747 0 0 0.005248836542 0.004379065317 0 1.873379422e-15 0 0 0 
$SSageCompCatch
 6221
$obsAgeCompCatch
0 8.671962e-05 0.006079479 0.000485216 0 2.050714e-05 0.2581347 0.615163 0.03438837 0 0 0.03091296 0.05450038 0 0.0002286602 0 0 0 
$predAgeCompCatch
0 0.0002715347868 0.004619454827 0.0005123272954 0 0.0001871826566 0.2639455956 0.6243469318 0.03461564783 0 0 0.02432756884 0.04711239059 0 6.136570411e-05 0 0 0 
$genSS
 1249
$obsGenComp     #GeneticFracData
0.02178458178 0.7780903203 0.2001250979 
$predGenComp     #catchGenComp_pred
0.02166117843 0.7800449141 0.1982939074 
#PARAMETERS_OF_INTEREST
$catchByGroup
0 
3.543306086e-10 
9.654562861e-10 
234.5111113 
0 
3.796755375e-10 
38771.51237 
179713.3957 
286.657558 
0 
0 
901.8653831 
11825.37972 
0 
3.796755375e-10 
0 
0 
0 
0 
2.022753739e-09 
24361.47869 
2.156393791e-08 
0 
2002.497646 
2717825.516 
4806379.931 
54928.54299 
0 
0 
257580.1098 
481259.2046 
0 
656.4960678 
0 
0 
0 
0 
2904.90466 
25057.88304 
5246.414428 
0 
7.002068757e-10 
67117.75164 
1693228.807 
315106.2521 
0 
0 
1776.641795 
10928.19636 
0 
7.002068757e-10 
0 
0 
0 
$escByGroup
 5e-101 1.37316254e-09 7.620368624e-10 150.4666069 5e-101 1.347817611e-09 150253.9919 141848.1957 183.9247184 5e-101 5e-101 3495.062887 9333.799357 5e-101 1.347817611e-09 5e-101 5e-101 5e-101 5e-101 2.295979132e-09 2861.978816 1.75721959e-09 5e-101 2043.44533 3084938.394 564651.995 4476.061477 5e-101 5e-101 292372.9892 56538.17923 5e-101 669.9203 5e-101 5e-101 5e-101 5e-101 4706.096154 5506.086761 852.7967123 5e-101 1.027286273e-09 108734.2374 372061.1476 51220.04362 5e-101 5e-101 2878.251818 2401.3041 5e-101 1.027286273e-09 5e-101 5e-101 5e-101
$catchByGroup
0 3.543306086e-10 9.654562861e-10 234.5111113 0 3.796755375e-10 38771.51237 179713.3957 286.657558 0 0 901.8653831 11825.37972 0 3.796755375e-10 0 0 0 0 2.022753739e-09 24361.47869 2.156393791e-08 0 2002.497646 2717825.516 4806379.931 54928.54299 0 0 257580.1098 481259.2046 0 656.4960678 0 0 0 0 2904.90466 25057.88304 5246.414428 0 7.002068757e-10 67117.75164 1693228.807 315106.2521 0 0 1776.641795 10928.19636 0 7.002068757e-10 0 0 0 
$Fmort
 1.595652031
#ESTIMATED_PARAMETERS
$availability
0.5131270417 1.412277222 1.074595737 
$availabilityVector
 0.5131270417 1.412277222 1.074595737
$selectivity
 0.3031180208 0.2803646802 0.9995840759 1.147381741 2.269551484
$RunSize
 0 1.727493149e-09 1.727493149e-09 384.9777183 0 1.727493149e-09 189025.5043 321561.5914 470.5822764 0 0 4396.92827 21159.17908 0 1.727493149e-09 0 0 0 0 4.318732871e-09 27223.45751 2.332115751e-08 0 4045.942976 5802763.909 5371031.926 59404.60446 0 0 549953.0991 537797.3838 0 1326.416368 0 0 0 0 7611.000814 30563.9698 6099.21114 0 1.727493149e-09 175851.989 2065289.955 366326.2957 0 0 4654.893612 13329.50046 0 1.727493149e-09 0 0 0
