$ndistricts
1
$ngroups
54
$nstocks
3
$nagecomps
18
$AgeCompLabels
 0.1 0.2 0.3 0.4 0.5 1.1 1.2 1.3 1.4 1.5 2.1 2.2 2.3 2.4 3.1 3.2 3.3 3.4
$navailpar
3
$nselectpar
5
$GENdata
 1
$maxGradient
1.860024231e-06
#LIKELIHOOD_VALUES_AND_PENALTIES
$totalNLL
324.5826193
$NLLcatch
0.2257913526
$NLLescape
-4.150939599
$NLLagecompCatch
73.32940029
$NLLagecompEsc
179.9741468
$NLLgenetics
75.20422047
$NLLselOne
6.855544031e-20
$NLLavailOne
4.706673029e-17
$NLLextra
3.5e-198
$sigmaCat
0.5
$sigmaEsc
0.1
#OBSERVED_AND_PREDICTED_VALUES
$predEsc
 579119.7254 4274348.286 2852228.929
$obsEsc
 579120 4274224 2852308
$predCatch
 11388691.82
$obsCatch
 11388692
$RunSize
 0 0 0 0 0 808.6533876 613209.0189 122138.2773 2.119898035e-09 0 0 2759.846172 1179.625443 0 0 0 0 0 0 0 0 0 0 157872.1438 8980431.899 1278516.135 5.299745087e-09 3752.999703 0 53429.81051 2.649872544e-08 0 0 0 0 0 0 0 0 0 0 12152.04654 3432110.558 4250602.135 99473.60531 0 0 50579.61141 35372.39477 0 0 0 0 0
$SSageCompEsc
 1 1 1
$obsAgeCompEsc
0 0 0 0 0 0.001384087 0.8394207 0.1539635 0 0 0 0.003768247 0.001463537 0 0 0 0 0 
0 0 0 0 0 0.03571635 0.8682874 0.09048408 0 0.0008780524 0 0.004634146 0 0 0 0 0 0 
0 0 0 0 0 0.004123016 0.5078642 0.4637001 0.01526295 0 0 0.006988216 0.002061508 0 0 0 0 0 
$predAgeCompEsc
0 0 0 0 0 0.001384086901 0.8393991725 0.1539520031 2.931380763e-15 0 0 0.00377785147 0.001486886043 0 0 0 0 0 
0 0 0 0 0 0.03571542147 0.8679698246 0.09027267094 5.323516162e-16 0.0008780258521 0 0.005164057117 1.871005501e-15 0 0 0 0 0 
0 0 0 0 0 0.004123018926 0.5071619606 0.4621317737 0.01526337333 0 0 0.007474134197 0.003845739266 0 0 0 0 0 
$SSageCompCatch
 1
$obsAgeCompCatch
0 0 0 0 0 0.0004920657 0.6468653 0.3373401 0.004921241 0 0 0.006398941 0.003982336 0 0 0 0 0 
$predAgeCompCatch
0 0 0 0 0 0.0004927121897 0.6482826673 0.3387691507 0.004911799462 1.001623667e-09 0 0.005372919058 0.002170750318 0 0 0 0 0 
$genSS
 285
$obsGenComp     #GeneticFracData
0.01413789222 0.545215183 0.4406469247 
$predGenComp     #catchGenComp_pred
0.01413469591 0.5443693446 0.4414959594 
#PARAMETERS_OF_INTEREST
$catchByGroup
0 
0 
0 
0 
0 
7.101361522 
127096.4005 
32981.63554 
4.22277612e-10 
0 
0 
572.0178663 
318.5404059 
0 
0 
0 
0 
0 
0 
0 
0 
0 
0 
5211.993237 
5270426.567 
892659.2986 
3.024288869e-09 
0.01140718326 
0 
31356.83183 
1.850139628e-08 
0 
0 
0 
0 
0 
0 
0 
0 
0 
0 
392.2526849 
1985568.542 
2932496.52 
55938.97034 
0 
0 
29261.66963 
24403.46598 
0 
0 
0 
0 
0 
$escByGroup
 5e-101 5e-101 5e-101 5e-101 5e-101 801.5520261 486112.6183 89156.64175 1.697620423e-09 5e-101 5e-101 2187.828306 861.085037 5e-101 5e-101 5e-101 5e-101 5e-101 5e-101 5e-101 5e-101 5e-101 5e-101 152660.1506 3710005.332 385856.8363 2.275456218e-09 3752.988296 5e-101 22072.97869 7.997329157e-09 5e-101 5e-101 5e-101 5e-101 5e-101 5e-101 5e-101 5e-101 5e-101 5e-101 11759.79386 1446542.016 1318105.614 43534.63497 5e-101 5e-101 21317.94178 10968.92879 5e-101 5e-101 5e-101 5e-101 5e-101
$catchByGroup
0 0 0 0 0 7.101361522 127096.4005 32981.63554 4.22277612e-10 0 0 572.0178663 318.5404059 0 0 0 0 0 0 0 0 0 0 5211.993237 5270426.567 892659.2986 3.024288869e-09 0.01140718326 0 31356.83183 1.850139628e-08 0 0 0 0 0 0 0 0 0 0 392.2526849 1985568.542 2932496.52 55938.97034 0 0 29261.66963 24403.46598 0 0 0 0 0 
$Fmort
 0.442203778
#ESTIMATED_PARAMETERS
$availability
0.3518677684 1.339226974 1.308905258 
$availabilityVector
 0.3518677684 1.339226974 1.308905258
$selectivity
 0.0566880106 1.492735399 2.022908295 1.427663164 5.132440365e-06
$RunSize
 0 0 0 0 0 808.6533876 613209.0189 122138.2773 2.119898035e-09 0 0 2759.846172 1179.625443 0 0 0 0 0 0 0 0 0 0 157872.1438 8980431.899 1278516.135 5.299745087e-09 3752.999703 0 53429.81051 2.649872544e-08 0 0 0 0 0 0 0 0 0 0 12152.04654 3432110.558 4250602.135 99473.60531 0 0 50579.61141 35372.39477 0 0 0 0 0
