$ndistricts
1
$ngroups
54
$nstocks
3
$nagecomps
18
$AgeCompLabels
 0.1 0.2 0.3 0.4 0.5 1.1 1.2 1.3 1.4 1.5 2.1 2.2 2.3 2.4 3.1 3.2 3.3 3.4
$navailpar
3
$nselectpar
5
$GENdata
 1
$maxGradient
2.755434727e-06
#LIKELIHOOD_VALUES_AND_PENALTIES
$totalNLL
354.553676
$NLLcatch
-1.38364656
$NLLescape
-6.230380889
$NLLagecompCatch
82.6261239
$NLLagecompEsc
184.1170975
$NLLgenetics
95.42448204
$NLLselOne
3.557483651e-16
$NLLavailOne
2.587318362e-16
$NLLextra
0
$sigmaCat
0.1
$sigmaEsc
0.05
#OBSERVED_AND_PREDICTED_VALUES
$predEsc
 668268.7797 2656949.814 3260681.773
$obsEsc
 668268 2657028 3260590
$predCatch
 15398905.79
$obsCatch
 15398906
$RunSize
 1e-06 1e-06 1e-06 1e-06 1e-06 1088.594768 96654.41845 2256995.478 6973.424834 1e-06 1e-06 5618.520999 21425.70869 1e-06 1e-06 1e-06 1e-06 1e-06 1e-06 1e-06 1e-06 1e-06 1e-06 0.0002352750971 5109211.852 2974243.416 0.0005456710064 1e-06 1e-06 124187.4501 178682.2688 1e-06 1e-06 1e-06 1e-06 1e-06 1e-06 1e-06 1e-06 1e-06 1e-06 2584.275428 4823512.518 6105563.386 13510.40727 1e-06 1e-06 195059.6332 69494.80428 1e-06 1e-06 1e-06 1e-06 1e-06
$SSageCompEsc
 1 1 1
$obsAgeCompEsc
0 0 0 0 0 0.001096865 0.06314084 0.9208102 0.002742912 0 0 0.003636266 0.008572908 0 0 0 0 0 
0 0 0 0 0 0 0.7264948 0.2435593 0 0 0 0.01682519 0.0131203 0 0 0 0 0 
0 0 0 0 0 0.0004992961 0.5621722 0.4109379 0.0008697812 0 0 0.02142986 0.004090977 0 0 0 0 0 
$predAgeCompEsc
1.007616701e-12 6.531854674e-13 4.078950195e-13 3.933879776e-13 7.101426592e-13 0.001096886269 0.06313326149 0.9206172146 0.002743261492 7.101426592e-13 1.007616701e-12 0.003669936264 0.008739439866 3.933879776e-13 1.007616701e-12 6.531854674e-13 4.078950195e-13 3.933879776e-13 
2.363549772e-13 1.419370674e-13 8.157079368e-14 7.816871408e-14 1.566066051e-13 5.560844022e-11 0.7251865469 0.242611396 4.265440088e-11 1.566066051e-13 2.363549772e-13 0.01762680248 0.01457525449 7.816871408e-14 2.363549772e-13 1.419370674e-13 8.157079368e-14 7.816871408e-14 
1.931735729e-13 1.163891544e-13 6.712877086e-14 6.434676969e-14 1.283365146e-13 0.0004992137177 0.5614045431 0.4098589655 0.0008693510648 1.283365146e-13 1.931735729e-13 0.02270282576 0.004665100792 6.434676969e-14 1.931735729e-13 1.163891544e-13 6.712877086e-14 6.434676969e-14 
$SSageCompCatch
 1
$obsAgeCompCatch
0 0 0 0 0 8.508606e-05 0.4026989 0.5651566 0.001025576 0 0 0.01519997 0.01583379 0 0 0 0 0 
$predAgeCompCatch
6.94062533e-14 1.173374855e-13 1.488288492e-13 1.506344956e-13 1.098047764e-13 8.520594792e-05 0.4045640036 0.5676089389 0.001027080727 1.098047764e-13 6.94062533e-14 0.01308877939 0.01362599142 1.506344956e-13 6.94062533e-14 1.173374855e-13 1.488288492e-13 1.506344956e-13 
$genSS
 757
$obsGenComp     #GeneticFracData
0.1120129163 0.3712697215 0.5167173622 
$predGenComp     #catchGenComp_pred
0.1117278974 0.372063785 0.5162083176 
#PARAMETERS_OF_INTEREST
$catchByGroup
3.266412167e-07 
5.634965448e-07 
7.274164931e-07 
7.371110963e-07 
5.254338317e-07 
355.5799195 
54464.43084 
1641775.736 
5140.188824 
5.254338317e-07 
3.266412167e-07 
3166.01717 
15585.41388 
7.371110963e-07 
3.266412167e-07 
5.634965448e-07 
7.274164931e-07 
7.371110963e-07 
3.720166872e-07 
6.228803352e-07 
7.832704949e-07 
7.923096497e-07 
5.839041098e-07 
8.752626219e-05 
3182427.591 
2329637.112 
0.0004323404039 
5.839041098e-07 
3.720166872e-07 
77353.92058 
139956.5491 
7.923096497e-07 
3.720166872e-07 
6.228803352e-07 
7.832704949e-07 
7.923096497e-07 
3.70122452e-07 
6.204920058e-07 
7.811144404e-07 
7.901856609e-07 
5.81535466e-07 
956.4983579 
2992950.957 
4769143.728 
10675.73009 
5.81535466e-07 
3.70122452e-07 
121032.943 
54283.39516 
7.901856609e-07 
3.70122452e-07 
6.204920058e-07 
7.811144404e-07 
7.901856609e-07 
$escByGroup
 6.733587833e-07 4.365034552e-07 2.725835069e-07 2.628889037e-07 4.745661683e-07 733.0148484 42189.98762 615219.7426 1833.23601 4.745661683e-07 6.733587833e-07 2452.503829 5840.294814 2.628889037e-07 6.733587833e-07 4.365034552e-07 2.725835069e-07 2.628889037e-07 6.279833128e-07 3.771196648e-07 2.167295051e-07 2.076903503e-07 4.160958902e-07 0.0001477488349 1926784.261 644606.3036 0.0001133306025 4.160958902e-07 6.279833128e-07 46833.52957 38725.71969 2.076903503e-07 6.279833128e-07 3.771196648e-07 2.167295051e-07 2.076903503e-07 6.29877548e-07 3.795079942e-07 2.188855596e-07 2.098143391e-07 4.18464534e-07 1627.77707 1830561.561 1336419.658 2834.677171 4.18464534e-07 6.29877548e-07 74026.69015 15211.40912 2.098143391e-07 6.29877548e-07 3.795079942e-07 2.188855596e-07 2.098143391e-07
$catchByGroup
3.266412167e-07 5.634965448e-07 7.274164931e-07 7.371110963e-07 5.254338317e-07 355.5799195 54464.43084 1641775.736 5140.188824 5.254338317e-07 3.266412167e-07 3166.01717 15585.41388 7.371110963e-07 3.266412167e-07 5.634965448e-07 7.274164931e-07 7.371110963e-07 3.720166872e-07 6.228803352e-07 7.832704949e-07 7.923096497e-07 5.839041098e-07 8.752626219e-05 3182427.591 2329637.112 0.0004323404039 5.839041098e-07 3.720166872e-07 77353.92058 139956.5491 7.923096497e-07 3.720166872e-07 6.228803352e-07 7.832704949e-07 7.923096497e-07 3.70122452e-07 6.204920058e-07 7.811144404e-07 7.901856609e-07 5.81535466e-07 956.4983579 2992950.957 4769143.728 10675.73009 5.81535466e-07 3.70122452e-07 121032.943 54283.39516 7.901856609e-07 3.70122452e-07 6.204920058e-07 7.811144404e-07 7.901856609e-07 
$Fmort
 1.027114765
#ESTIMATED_PARAMETERS
$availability
0.8968081004 1.055010864 1.048181034 
$availabilityVector
 0.8968081004 1.055010864 1.048181034
$selectivity
 0.4293413478 0.8999420606 1.411111942 1.450426365 0.8091782878
$RunSize
 1e-06 1e-06 1e-06 1e-06 1e-06 1088.594768 96654.41845 2256995.478 6973.424834 1e-06 1e-06 5618.520999 21425.70869 1e-06 1e-06 1e-06 1e-06 1e-06 1e-06 1e-06 1e-06 1e-06 1e-06 0.0002352750971 5109211.852 2974243.416 0.0005456710064 1e-06 1e-06 124187.4501 178682.2688 1e-06 1e-06 1e-06 1e-06 1e-06 1e-06 1e-06 1e-06 1e-06 1e-06 2584.275428 4823512.518 6105563.386 13510.40727 1e-06 1e-06 195059.6332 69494.80428 1e-06 1e-06 1e-06 1e-06 1e-06
