$ndistricts
1
$ngroups
54
$nstocks
3
$nagecomps
18
$AgeCompLabels
 0.1 0.2 0.3 0.4 0.5 1.1 1.2 1.3 1.4 1.5 2.1 2.2 2.3 2.4 3.1 3.2 3.3 3.4
$navailpar
3
$nselectpar
5
$GENdata
 -1
$maxGradient
1.149735944e-06
#LIKELIHOOD_VALUES_AND_PENALTIES
$totalNLL
429.0416798
$NLLcatch
0.2257913526
$NLLescape
-4.146759487
$NLLagecompCatch
106.9399404
$NLLagecompEsc
326.0227075
$NLLgenetics
0
$NLLselOne
2.223496851e-16
$NLLavailOne
1.234567898e-11
$NLLextra
2.7e-198
$sigmaCat
0.5
$sigmaEsc
0.1
#OBSERVED_AND_PREDICTED_VALUES
$predEsc
 361289.4684 1699007.286 204025.122
$obsEsc
 358752 1708836 204190.2
$predCatch
 489162.9968
$obsCatch
 489163
$RunSize
 0 1.379367208e-09 307.8529314 0 0 0 33859.64976 100798.4023 851.068917 0 286.6896355 248788.1531 6234.951637 0 0 0 0 0 0 2334.632139 9.195781384e-09 0 0 1603.423001 1312738.687 414245.4818 4218.11535 0 4212.639448 363085.2198 20500.0776 0 0 0 0 0 0 1149.355083 3199.065259 4771.088166 0 3622.422964 120838.327 63500.37607 2620.466627 0 461.5479839 34956.21825 4300.961545 0 0 0 0 0
$SSageCompEsc
 1449 1497 418
$obsAgeCompEsc
0 0 0.0007939844 0 0 0 0.08725822 0.2615776 0.002218954 0 0.0007991106 0.6313299 0.01602216 0 0 0 0 0 
0 0.0009382974 0 0 0 0.0009382974 0.6446683 0.1997465 0.001579708 0 0.002465169 0.1411382 0.008525495 0 0 0 0 0 
0 0.004683758 0.01338614 0.02208982 0 0.01774043 0.5007273 0.267746 0.01135441 0 0.002260382 0.1420959 0.01791593 0 0 0 0 0 
$predAgeCompEsc
0 3.516125183e-15 0.0007928996926 0 0 0 0.086311148 0.2596142964 0.002247208395 0 0.0007935178158 0.6341823162 0.01605861349 0 0 0 0 0 
0 0.00109217761 4.427788196e-15 0 0 0.0009437410465 0.614119791 0.1994600761 0.002176939837 0 0.002479470956 0.1698569727 0.009870830745 0 0 0 0 0 
0 0.004743529861 0.01349108633 0.02119335756 0 0.01775478814 0.4987146453 0.267793554 0.01164021378 0 0.00226221144 0.1442686142 0.01813799932 0 0 0 0 0 
$SSageCompCatch
 1838
$obsAgeCompCatch
0 0.001553289 0.001054685 0 0 0 0.5579906 0.18467 0.002548468 0 0 0.2408051 0.01137781 0 0 0 0 0 
$predAgeCompCatch
0 0.001350409273 0.0009565959643 0.0009140323513 0 4.810154865e-10 0.5951166399 0.1864973732 0.00164408488 0 5.19517523e-10 0.2037839005 0.009736962946 0 0 0 0 0 
$genSS
 -1
$obsGenComp     #GeneticFracData
0 0 0 
$predGenComp     #catchGenComp_pred
0 0 0 
#PARAMETERS_OF_INTEREST
$catchByGroup
0 
1.090282092e-10 
21.38662289 
0 
0 
0 
2676.340975 
7002.491117 
39.17619043 
0 
5.604817149e-06 
19664.76124 
433.1437053 
0 
0 
0 
0 
0 
0 
479.0144223 
1.67293698e-09 
0 
0 
8.742233697e-05 
269344.6874 
75361.35933 
519.4787056 
0 
0.0002296828629 
74496.98559 
3729.464248 
0 
0 
0 
0 
0 
0 
181.5558245 
446.5447258 
447.1108042 
0 
0.00014787264 
19088.01068 
8863.763543 
245.5705911 
0 
1.88410684e-05 
5521.796632 
600.3540216 
0 
0 
0 
0 
0 
$escByGroup
 5e-101 1.270338998e-09 286.4663085 5e-101 5e-101 5e-101 31183.30878 93795.91116 811.8927266 5e-101 286.6896299 229123.3919 5801.807932 5e-101 5e-101 5e-101 5e-101 5e-101 5e-101 1855.617716 7.522844404e-09 5e-101 5e-101 1603.422914 1043393.999 338884.1225 3698.636644 5e-101 4212.639219 288588.2342 16770.61335 5e-101 5e-101 5e-101 5e-101 5e-101 5e-101 967.7992586 2752.520533 4323.977362 5e-101 3622.422816 101750.3164 54636.61252 2374.896036 5e-101 461.5479651 29434.42162 3700.607523 5e-101 5e-101 5e-101 5e-101 5e-101
$catchByGroup
0 1.090282092e-10 21.38662289 0 0 0 2676.340975 7002.491117 39.17619043 0 5.604817149e-06 19664.76124 433.1437053 0 0 0 0 0 0 479.0144223 1.67293698e-09 0 0 8.742233697e-05 269344.6874 75361.35933 519.4787056 0 0.0002296828629 74496.98559 3729.464248 0 0 0 0 0 0 181.5558245 446.5447258 447.1108042 0 0.00014787264 19088.01068 8863.763543 245.5705911 0 1.88410684e-05 5521.796632 600.3540216 0 0 0 0 0 
$Fmort
 0.1140540394
#ESTIMATED_PARAMETERS
$availability
0.5104741333 1.4236348 1.0658914 
$availabilityVector
 0.5104741333 1.4236348 1.0658914
$selectivity
 3.357879041e-07 1.414268997 1.236674969 0.80940506 1.53965064
$RunSize
 0 1.379367208e-09 307.8529314 0 0 0 33859.64976 100798.4023 851.068917 0 286.6896355 248788.1531 6234.951637 0 0 0 0 0 0 2334.632139 9.195781384e-09 0 0 1603.423001 1312738.687 414245.4818 4218.11535 0 4212.639448 363085.2198 20500.0776 0 0 0 0 0 0 1149.355083 3199.065259 4771.088166 0 3622.422964 120838.327 63500.37607 2620.466627 0 461.5479839 34956.21825 4300.961545 0 0 0 0 0
