$ndistricts
1
$ngroups
54
$nstocks
3
$nagecomps
18
$AgeCompLabels
 0.1 0.2 0.3 0.4 0.5 1.1 1.2 1.3 1.4 1.5 2.1 2.2 2.3 2.4 3.1 3.2 3.3 3.4
$navailpar
3
$nselectpar
5
$GENdata
 1
$maxGradient
1.571634093e-06
#LIKELIHOOD_VALUES_AND_PENALTIES
$totalNLL
520.0689298
$NLLcatch
0.2257913526
$NLLescape
-4.150924756
$NLLagecompCatch
117.0128358
$NLLagecompEsc
349.0020922
$NLLgenetics
57.9791352
$NLLselOne
8.758675608e-17
$NLLavailOne
1.292434366e-17
$NLLextra
2.6e-198
$sigmaCat
0.5
$sigmaEsc
0.1
#OBSERVED_AND_PREDICTED_VALUES
$predEsc
 473405.5826 1482696.494 311009.5679
$obsEsc
 473382 1482162 311136.3
$predCatch
 3952962.871
$obsCatch
 3952963
$RunSize
 0 1.035778687e-09 1.035778687e-09 1.035778687e-09 0 0 127597.5288 462247.4932 3269.599552 0 0 60545.32749 14120.51229 0 0 0 0 0 0 8645.801477 7987.252485 5239.83628 0 1251.124257 2645313.736 1761424.118 2362.621388 0 0 291025.2459 45142.64434 916.2799767 0 0 0 0 0 99373.7013 133347.3929 109424.2222 0 0 120209.7308 281959.686 21699.19072 0 182.2400117 12780.72671 3784.618501 0 0 223.88438 0 0
$SSageCompEsc
 1886 2782 938
$obsAgeCompEsc
0 0 0 0 0 0 0.2093602 0.6680707 0.004529328 0 0 0.09794791 0.02009185 0 0 0 0 0 
0 0.002909189 0.001751431 0.0007364251 0 0.0008441196 0.6675937 0.2665872 0.0003885239 0 0 0.05453491 0.004350962 0.0003035697 0 0 0 0 
0 0.1672748 0.159832 0.1089325 0 0 0.1944966 0.322264 0.02203565 0 0.000585723 0.02003409 0.004155129 0 0 0.0003896104 0 0 
$predAgeCompEsc
0 1.696277263e-15 1.494675426e-15 1.413226907e-15 0 0 0.208964318 0.66704401 0.004461074669 0 0 0.09915406031 0.02037653698 0 0 0 0 0 
0 0.002133075287 0.001195317003 0.0006284233097 0 0.0008438144121 0.6526466482 0.2636025595 0.0002833535769 0 0 0.07180118134 0.006755736151 0.0001098911616 0 0 0 0 
0 0.1621814579 0.1553511175 0.1098016921 0 0 0.1961866082 0.3284860046 0.02177404427 0 0.0005859615852 0.02085860609 0.004409120424 0 0 0.0003653873679 0 0 
$SSageCompCatch
 3819
$obsAgeCompCatch
0 0.006292359 0.01529553 0.01846498 0 0 0.4383208 0.4325775 0.003658664 0 0 0.07171186 0.0136783 0 0 0 0 0 
$predAgeCompCatch
0 0.01376608285 0.02308310806 0.02013247359 0 9.074083051e-10 0.4466278508 0.4292587899 0.004560490736 0 8.912440799e-11 0.05172439893 0.01062833758 0.0001905772357 0 2.788931144e-05 0 0 
$genSS
 322
$obsGenComp     #GeneticFracData
0.04747320061 0.8180704441 0.1344563553 
$predGenComp     #catchGenComp_pred
0.0491719465 0.8314300624 0.1193979911 
#PARAMETERS_OF_INTEREST
$catchByGroup
0 
2.327515611e-10 
3.281909962e-10 
3.667491798e-10 
0 
0 
28672.65411 
146465.1351 
1157.7019 
0 
0 
13605.2418 
4474.145928 
0 
0 
0 
0 
0 
0 
5483.098228 
6214.960155 
4308.075242 
0 
0.003586951339 
1677636.839 
1370581.528 
1942.494033 
0 
0 
184565.886 
35125.93804 
753.3447366 
0 
0 
0 
0 
0 
48933.71615 
85031.70896 
75274.84535 
0 
0 
59193.8186 
179797.3957 
14927.25462 
0 
0.0003523054757 
6293.500643 
2413.339864 
0 
0 
110.2454126 
0 
0 
$escByGroup
 5e-101 8.03027126e-10 7.075876909e-10 6.690295073e-10 5e-101 5e-101 98924.87471 315782.3582 2111.897652 5e-101 5e-101 46940.08568 9646.366361 5e-101 5e-101 5e-101 5e-101 5e-101 5e-101 3162.703249 1772.29233 931.761038 5e-101 1251.12067 967676.8971 390842.5908 420.127355 5e-101 5e-101 106459.3598 10016.7063 162.9352401 5e-101 5e-101 5e-101 5e-101 5e-101 50439.98514 48315.68391 34149.3768 5e-101 5e-101 61015.91225 102162.2903 6771.936099 5e-101 182.2396594 6487.226066 1371.278638 5e-101 5e-101 113.6389674 5e-101 5e-101
$catchByGroup
0 2.327515611e-10 3.281909962e-10 3.667491798e-10 0 0 28672.65411 146465.1351 1157.7019 0 0 13605.2418 4474.145928 0 0 0 0 0 0 5483.098228 6214.960155 4308.075242 0 0.003586951339 1677636.839 1370581.528 1942.494033 0 0 184565.886 35125.93804 753.3447366 0 0 0 0 0 48933.71615 85031.70896 75274.84535 0 0 59193.8186 179797.3957 14927.25462 0 0.0003523054757 6293.500643 2413.339864 0 0 110.2454126 0 0 
$Fmort
 0.8891059458
#ESTIMATED_PARAMETERS
$availability
0.3939393075 1.556511572 1.049549121 
$availabilityVector
 0.3939393075 1.556511572 1.049549121
$selectivity
 2.071666268e-06 0.7266739074 1.087917482 1.247896914 1.937509627
$RunSize
 0 1.035778687e-09 1.035778687e-09 1.035778687e-09 0 0 127597.5288 462247.4932 3269.599552 0 0 60545.32749 14120.51229 0 0 0 0 0 0 8645.801477 7987.252485 5239.83628 0 1251.124257 2645313.736 1761424.118 2362.621388 0 0 291025.2459 45142.64434 916.2799767 0 0 0 0 0 99373.7013 133347.3929 109424.2222 0 0 120209.7308 281959.686 21699.19072 0 182.2400117 12780.72671 3784.618501 0 0 223.88438 0 0
