$ndistricts
1
$ngroups
54
$nstocks
3
$nagecomps
18
$AgeCompLabels
 0.1 0.2 0.3 0.4 0.5 1.1 1.2 1.3 1.4 1.5 2.1 2.2 2.3 2.4 3.1 3.2 3.3 3.4
$navailpar
3
$nselectpar
5
$GENdata
 -1
$maxGradient
9.649894318e-07
#LIKELIHOOD_VALUES_AND_PENALTIES
$totalNLL
433.1259253
$NLLcatch
0.2257913526
$NLLescape
-4.150109213
$NLLagecompCatch
127.2475655
$NLLagecompEsc
309.8026777
$NLLgenetics
0
$NLLselOne
6.92498809e-17
$NLLavailOne
1.234567898e-11
$NLLextra
3e-198
$sigmaCat
0.5
$sigmaEsc
0.1
#OBSERVED_AND_PREDICTED_VALUES
$predEsc
 366227.1949 1066236.701 754398.3958
$obsEsc
 365802 1069440 752513.1
$predCatch
 3223213.931
$obsCatch
 3223214
$RunSize
 0 9.011073784e-10 4100.324471 9.011073784e-10 0 0 102311.0549 414435.0438 3210.644007 0 0 18074.85085 9285.01416 0 0 0 0 0 0 18442.22299 31027.3284 546.1423066 0 0 1190192.325 1770142.397 15636.16699 0 0 43175.60573 33563.35981 0 0 0 0 0 0 169948.5609 782284.3525 61799.51986 0 0 95400.94409 621572.5043 20306.96571 0 0 2782.009276 1838.885218 0 0 0 0 0
$SSageCompEsc
 1951 1755 737
$obsAgeCompEsc
0 0 0.007192573 0 0 0 0.2039401 0.7321519 0.007182654 0 0 0.03379386 0.0157389 0 0 0 0 0 
0 0.008005035 0.007981975 0.0002783236 0 0 0.4657432 0.4992872 0.008649709 0 0 0.005360234 0.004694291 0 0 0 0 0 
0 0.1231993 0.4041261 0.05260747 0 0 0.06579444 0.3342066 0.01799412 0 0 0.001305522 0.0007664884 0 0 0 0 0 
$predAgeCompEsc
0 1.7920078e-15 0.007221257408 2.003643295e-15 0 0 0.2034632197 0.7298793428 0.007138977544 0 0 0.03594496559 0.01635223694 0 0 0 0 0 
0 0.007144537841 0.008565273411 0.0002888494024 0 0 0.4610818397 0.488658044 0.008269818027 0 0 0.01672627801 0.009265359545 0 0 0 0 0 
0 0.116204372 0.4150364686 0.05334815687 0 0 0.06523154267 0.3297717209 0.01752989659 0 0 0.001902232295 0.0009756099873 0 0 0 0 0 
$SSageCompCatch
 3836
$obsAgeCompCatch
0 0.02128162 0.1652498 0.007640274 0 0 0.2328416 0.5313508 0.003634312 0 0 0.02390733 0.01409429 0 0 0 0 0 
$predAgeCompCatch
0 0.02888688915 0.1528077068 0.006760927705 0 0 0.2396854897 0.5488446999 0.004497740437 0 0 0.009803640136 0.008712906099 0 0 0 0 0 
$genSS
 -1
$obsGenComp     #GeneticFracData
0 0 0 
$predGenComp     #catchGenComp_pred
0 0 0 
#PARAMETERS_OF_INTEREST
$catchByGroup
0 
2.448253885e-10 
1455.703627 
1.673187148e-10 
0 
0 
27797.29073 
147133.3795 
596.1562872 
0 
0 
4910.826929 
3296.380295 
0 
0 
0 
0 
0 
0 
10824.45454 
21894.71954 
238.1604727 
0 
0 
698569.9458 
1249117.257 
6818.583504 
0 
0 
25341.43425 
23684.29342 
0 
0 
0 
0 
0 
0 
82284.169 
469181.5064 
21553.7559 
0 
0 
46190.37294 
372793.247 
7082.439846 
0 
0 
1346.968284 
1102.886609 
0 
0 
0 
0 
0 
$escByGroup
 5e-101 6.562819899e-10 2644.620844 7.337886635e-10 5e-101 5e-101 74513.76421 267301.6643 2614.48772 5e-101 5e-101 13164.02392 5988.633865 5e-101 5e-101 5e-101 5e-101 5e-101 5e-101 7617.768456 9132.608863 307.9818339 5e-101 5e-101 491622.3795 521025.1406 8817.583489 5e-101 5e-101 17834.17148 9879.066392 5e-101 5e-101 5e-101 5e-101 5e-101 5e-101 87664.39185 313102.8462 40245.76397 5e-101 5e-101 49210.57115 248779.2572 13224.52586 5e-101 5e-101 1435.040992 735.9986094 5e-101 5e-101 5e-101 5e-101 5e-101
$catchByGroup
0 2.448253885e-10 1455.703627 1.673187148e-10 0 0 27797.29073 147133.3795 596.1562872 0 0 4910.826929 3296.380295 0 0 0 0 0 0 10824.45454 21894.71954 238.1604727 0 0 698569.9458 1249117.257 6818.583504 0 0 25341.43425 23684.29342 0 0 0 0 0 0 82284.169 469181.5064 21553.7559 0 0 46190.37294 372793.247 7082.439846 0 0 1346.968284 1102.886609 0 0 0 0 0 
$Fmort
 0.6121051864
#ESTIMATED_PARAMETERS
$availability
0.5104741333 1.4236348 1.0658914 
$availabilityVector
 0.5104741333 1.4236348 1.0658914
$selectivity
 0.7111476458 1.014625703 1.40348518 0.6573667803 1.213374693
$RunSize
 0 9.011073784e-10 4100.324471 9.011073784e-10 0 0 102311.0549 414435.0438 3210.644007 0 0 18074.85085 9285.01416 0 0 0 0 0 0 18442.22299 31027.3284 546.1423066 0 0 1190192.325 1770142.397 15636.16699 0 0 43175.60573 33563.35981 0 0 0 0 0 0 169948.5609 782284.3525 61799.51986 0 0 95400.94409 621572.5043 20306.96571 0 0 2782.009276 1838.885218 0 0 0 0 0
