$ndistricts
1
$ngroups
54
$nstocks
3
$nagecomps
18
$AgeCompLabels
 0.1 0.2 0.3 0.4 0.5 1.1 1.2 1.3 1.4 1.5 2.1 2.2 2.3 2.4 3.1 3.2 3.3 3.4
$navailpar
3
$nselectpar
5
$GENdata
 1
$maxGradient
6.37896432e-07
#LIKELIHOOD_VALUES_AND_PENALTIES
$totalNLL
425.1836294
$NLLcatch
0.2257913526
$NLLescape
-4.15093954
$NLLagecompCatch
86.02577671
$NLLagecompEsc
262.6232425
$NLLgenetics
80.45975834
$NLLselOne
5.741140848e-17
$NLLavailOne
9.9219062e-18
$NLLextra
3.6e-198
$sigmaCat
0.5
$sigmaEsc
0.1
#OBSERVED_AND_PREDICTED_VALUES
$predEsc
 514187.8019 1319282.818 484131.5246
$obsEsc
 514188 1319232 484149
$predCatch
 7415688.741
$obsCatch
 7415689
$RunSize
 0 0 0 0 0 1.080608714e-09 234999.4542 955184.0256 595.5235012 0 0 12293.12421 31145.87207 0 0 0 0 0 0 0 0 0 0 39505.33413 2443219.838 3756081.461 48320.84168 0 0 109614.6485 84522.42031 0 0 0 0 0 0 0 0 0 0 1.080608714e-09 348799.5853 1431601.27 210195.0878 0 0 5594.062376 21618.33596 0 0 0 0 0
$SSageCompEsc
 841 1206 964
$obsAgeCompEsc
0 0 0 0 0 0 0.2665099 0.6974384 0.0004544653 0 0 0.01371513 0.02188213 0 0 0 0 0 
0 0 0 0 0 0.02821375 0.5864188 0.3527451 0.004961158 0 0 0.02299689 0.004664354 0 0 0 0 0 
0 0 0 0 0 0 0.2980863 0.5951488 0.09390427 0 0 0.004635937 0.008224723 0 0 0 0 0 
$predAgeCompEsc
0 0 0 0 0 2.043847287e-15 0.2662928414 0.6966083854 0.0004542059324 0 0 0.0139301216 0.02271444567 0 0 0 0 0 
0 0 0 0 0 0.02821266084 0.5833523306 0.3494518265 0.004947526484 0 0 0.02617200452 0.007863651111 0 0 0 0 0 
0 0 0 0 0 2.132642311e-15 0.2978107184 0.594511589 0.0939237865 0 0 0.004776300789 0.008977605379 0 0 0 0 0 
$SSageCompCatch
 4430
$obsAgeCompCatch
0 0 0 0 0 0.00030822 0.2630042 0.6743078 0.02784093 0 0 0.01479568 0.0197432 0 0 0 0 0 
$predAgeCompCatch
0 0 0 0 0 0.0003081110222 0.2665036456 0.6790780743 0.02789751033 0 0 0.01125970975 0.01495294905 0 0 0 0 0 
$genSS
 1512
$obsGenComp     #GeneticFracData
0.09677601852 0.6958396187 0.2073843628 
$predGenComp     #catchGenComp_pred
0.09709552583 0.6960893191 0.2068151551 
#PARAMETERS_OF_INTEREST
$catchByGroup
0 
0 
0 
0 
0 
2.968736976e-11 
98074.92343 
596996.4911 
361.9763512 
0 
0 
5130.425597 
19466.38118 
0 
0 
0 
0 
0 
0 
0 
0 
0 
0 
2284.855438 
1673613.132 
3295055.67 
41793.655 
0 
0 
75086.37262 
74148.04051 
0 
0 
0 
0 
0 
0 
0 
0 
0 
0 
4.812934014e-11 
204620.0282 
1143779.468 
164723.6219 
0 
0 
3281.704593 
17271.99418 
0 
0 
0 
0 
0 
$escByGroup
 5e-101 5e-101 5e-101 5e-101 5e-101 1.050921344e-09 136924.5308 358187.5345 233.54715 5e-101 5e-101 7162.698608 11679.49089 5e-101 5e-101 5e-101 5e-101 5e-101 5e-101 5e-101 5e-101 5e-101 5e-101 37220.4787 769606.7065 461025.7903 6527.186681 5e-101 5e-101 34528.27588 10374.3798 5e-101 5e-101 5e-101 5e-101 5e-101 5e-101 5e-101 5e-101 5e-101 5e-101 1.032479373e-09 144179.5571 287821.802 45471.46595 5e-101 5e-101 2312.357783 4346.341779 5e-101 5e-101 5e-101 5e-101 5e-101
$catchByGroup
0 0 0 0 0 2.968736976e-11 98074.92343 596996.4911 361.9763512 0 0 5130.425597 19466.38118 0 0 0 0 0 0 0 0 0 0 2284.855438 1673613.132 3295055.67 41793.655 0 0 75086.37262 74148.04051 0 0 0 0 0 0 0 0 0 0 4.812934014e-11 204620.0282 1143779.468 164723.6219 0 0 3281.704593 17271.99418 0 0 0 0 0 
$Fmort
 0.9912624942
#ESTIMATED_PARAMETERS
$availability
0.6283814383 1.343880531 1.027738031 
$availabilityVector
 0.6283814383 1.343880531 1.027738031
$selectivity
 0.04472252525 0.8671715109 1.574669414 1.502762026 1.010674525
$RunSize
 0 0 0 0 0 1.080608714e-09 234999.4542 955184.0256 595.5235012 0 0 12293.12421 31145.87207 0 0 0 0 0 0 0 0 0 0 39505.33413 2443219.838 3756081.461 48320.84168 0 0 109614.6485 84522.42031 0 0 0 0 0 0 0 0 0 0 1.080608714e-09 348799.5853 1431601.27 210195.0878 0 0 5594.062376 21618.33596 0 0 0 0 0
