$ndistricts
1
$ngroups
54
$nstocks
3
$nagecomps
18
$AgeCompLabels
 0.1 0.2 0.3 0.4 0.5 1.1 1.2 1.3 1.4 1.5 2.1 2.2 2.3 2.4 3.1 3.2 3.3 3.4
$navailpar
3
$nselectpar
5
$GENdata
 -1
$maxGradient
7.269122582e-06
#LIKELIHOOD_VALUES_AND_PENALTIES
$totalNLL
323.6896218
$NLLcatch
0.2257913526
$NLLescape
-4.150908373
$NLLagecompCatch
98.28142022
$NLLagecompEsc
229.3333186
$NLLgenetics
0
$NLLselOne
2.115156754e-16
$NLLavailOne
1.234567898e-11
$NLLextra
1.8e-198
$sigmaCat
0.5
$sigmaEsc
0.1
#OBSERVED_AND_PREDICTED_VALUES
$predEsc
 215901.6663 1756732.374 507243.2735
$obsEsc
 215904 1755768 507532.3
$predCatch
 2696124.976
$obsCatch
 2696125
$RunSize
 0 5.745769713e-10 5.745769713e-10 5.745769713e-10 0 5.745769713e-10 112949.3631 160229.0178 155.7441682 0 5.745769713e-10 10046.19278 5657.969826 5.745769713e-10 0 5.745769713e-10 0 0 0 391.8880489 6.40653323e-08 3847.808639 0 6443.230072 2679101.741 1103578.865 5.745769713e-09 0 458.265042 124820.7247 42139.93585 123.6880291 0 720.7782771 0 0 0 1937.351267 26705.20834 2.011019399e-09 0 525.3709045 65495.09657 773276.107 52483.77202 0 1.723730914e-09 721.2773571 4192.893957 2.011019399e-09 0 2.298307885e-09 0 0
$SSageCompEsc
 786 1073 770
$obsAgeCompEsc
0 0 0 0 0 0 0.3907448 0.5550068 0.000574465 0 0 0.03461047 0.01906343 0 0 0 0 0 
0 0 0 0 0 0.002395458 0.6801807 0.2874592 0 0 0 0.0277536 0.002210959 0 0 0 0 0 
0 0.00167412 0.02391089 0 0 0.0007262164 0.07022216 0.833825 0.06508036 0 0 0.0007546955 0.003806584 0 0 0 0 0 
$predAgeCompEsc
0 1.987327782e-15 1.988194403e-15 2.111833082e-15 0 2.231332021e-15 0.3906655128 0.5544364853 0.0005724310286 0 2.231332021e-15 0.03474743857 0.01957813227 2.111833082e-15 0 1.987327782e-15 0 0 
0 9.880231558e-05 1.617172085e-14 0.001149255278 0 0.002243742445 0.6754517175 0.2785714004 1.716134243e-15 0 0.0001595828046 0.03146964208 0.01063719261 3.694287675e-05 0 0.0001817217009 0 0 
0 0.002075778075 0.02863939744 2.446202547e-15 0 0.000716895737 0.07017482469 0.8292824934 0.06384122244 0 2.352119871e-15 0.0007728137638 0.004496574412 2.446202547e-15 0 2.462525615e-15 0 0 
$SSageCompCatch
 4700
$obsAgeCompCatch
0 0.0009083564 0.009229213 0.001828242 0 0.0008276454 0.5707655 0.359317 0.006190037 0 0.0002256638 0.03074565 0.01957312 5.876896e-05 0 0.0003307591 0 0 
$predAgeCompCatch
0 0.0004090113155 0.004516877646 0.0006783345369 0 0.0009878271477 0.5752764699 0.3736313686 0.007467345508 0 6.599128912e-05 0.02685721989 0.009938816171 2.180510255e-05 0 0.0001489329633 0 0 
$genSS
 -1
$obsGenComp     #GeneticFracData
0 0 0 
$predGenComp     #catchGenComp_pred
0 0 0 
#PARAMETERS_OF_INTEREST
$catchByGroup
0 
1.455095918e-10 
1.453224868e-10 
1.1862869e-10 
0 
9.282866986e-11 
28604.02789 
40525.25683 
32.15535528 
0 
9.282866986e-11 
2544.162894 
1431.018447 
1.1862869e-10 
0 
1.455095918e-10 
0 
0 
0 
218.3188225 
3.565594674e-08 
1828.874687 
0 
2501.57508 
1492513.842 
614203.4672 
2.73098113e-09 
0 
177.9207628 
69536.98566 
23453.23523 
58.78928158 
0 
401.5418821 
0 
0 
0 
884.4268007 
12178.06663 
7.701996118e-10 
0 
161.7303641 
29899.38878 
352628.1404 
20100.74137 
0 
5.306339311e-10 
329.2727738 
1912.036834 
7.701996118e-10 
0 
1.049208331e-09 
0 
0 
$escByGroup
 5e-101 4.290673795e-10 4.292544845e-10 4.559482813e-10 5e-101 4.817483014e-10 84345.33517 119703.761 123.5888129 5e-101 4.817483014e-10 7502.029885 4226.951379 4.559482813e-10 5e-101 4.290673795e-10 5e-101 5e-101 5e-101 173.5692264 2.840938555e-08 2018.933952 5e-101 3941.654992 1186587.899 489375.3975 3.014788583e-09 5e-101 280.3442792 55283.73903 18686.70062 64.89874756 5e-101 319.236395 5e-101 5e-101 5e-101 1052.924466 14527.14171 1.240819788e-09 5e-101 363.6405404 35595.70779 420647.9666 32383.03065 5e-101 1.193096983e-09 392.0045833 2280.857124 1.240819788e-09 5e-101 1.249099554e-09 5e-101 5e-101
$catchByGroup
0 1.455095918e-10 1.453224868e-10 1.1862869e-10 0 9.282866986e-11 28604.02789 40525.25683 32.15535528 0 9.282866986e-11 2544.162894 1431.018447 1.1862869e-10 0 1.455095918e-10 0 0 0 218.3188225 3.565594674e-08 1828.874687 0 2501.57508 1492513.842 614203.4672 2.73098113e-09 0 177.9207628 69536.98566 23453.23523 58.78928158 0 401.5418821 0 0 0 884.4268007 12178.06663 7.701996118e-10 0 161.7303641 29899.38878 352628.1404 20100.74137 0 5.306339311e-10 329.2727738 1912.036834 7.701996118e-10 0 1.049208331e-09 0 0 
$Fmort
 0.5523876606
#ESTIMATED_PARAMETERS
$availability
0.5104741333 1.4236348 1.0658914 
$availabilityVector
 0.5104741333 1.4236348 1.0658914
$selectivity
 0.6249114432 1.035607139 1.034061004 0.820111359 1.485309057
$RunSize
 0 5.745769713e-10 5.745769713e-10 5.745769713e-10 0 5.745769713e-10 112949.3631 160229.0178 155.7441682 0 5.745769713e-10 10046.19278 5657.969826 5.745769713e-10 0 5.745769713e-10 0 0 0 391.8880489 6.40653323e-08 3847.808639 0 6443.230072 2679101.741 1103578.865 5.745769713e-09 0 458.265042 124820.7247 42139.93585 123.6880291 0 720.7782771 0 0 0 1937.351267 26705.20834 2.011019399e-09 0 525.3709045 65495.09657 773276.107 52483.77202 0 1.723730914e-09 721.2773571 4192.893957 2.011019399e-09 0 2.298307885e-09 0 0
