$ndistricts
1
$ngroups
54
$nstocks
3
$nagecomps
18
$AgeCompLabels
 0.1 0.2 0.3 0.4 0.5 1.1 1.2 1.3 1.4 1.5 2.1 2.2 2.3 2.4 3.1 3.2 3.3 3.4
$navailpar
3
$nselectpar
5
$GENdata
 1
$maxGradient
5.255229102e-06
#LIKELIHOOD_VALUES_AND_PENALTIES
$totalNLL
423.0525836
$NLLcatch
0.2257913526
$NLLescape
-4.150938508
$NLLagecompCatch
103.347038
$NLLagecompEsc
247.8437665
$NLLgenetics
75.78692631
$NLLselOne
4.800858742e-17
$NLLavailOne
1.360500042e-17
$NLLextra
2.5e-198
$sigmaCat
0.5
$sigmaEsc
0.1
#OBSERVED_AND_PREDICTED_VALUES
$predEsc
 193329.7189 764288.8592 432389.3162
$obsEsc
 193326 764211 432438
$predCatch
 2217345.935
$obsCatch
 2217346
$RunSize
 0 6.007396247e-10 1.201479249e-09 8.009861663e-10 0 0 26316.83894 271635.4483 1869.664308 0 0 7982.285943 5674.794158 8.009861663e-10 0 0 0 0 0 3.80468429e-09 6.745104506e-06 7.60936858e-09 0 1709.217976 1126554.949 1007834.45 14686.02161 0 0 116442.3865 40639.78501 283.374945 0 0 0 0 0 947.3321963 10329.32479 9328.153326 0 595.6447594 155350.7436 712675.9682 89478.24329 0 0 2.202711957e-09 7019.202498 3.003698124e-09 0 0 0 0
$SSageCompEsc
 1 1 1
$obsAgeCompEsc
0 0 0 0 0 0 0.1002865 0.8452722 0.007163324 0 0 0.03008596 0.01719198 0 0 0 0 0 
0 0 0 0 0 0.002236577 0.6191401 0.3109778 0.008330154 0 0 0.05322177 0.006093577 0 0 0 0 0 
0 0.00137741 0.006887052 0.01101928 0 0.00137741 0.2052342 0.6487603 0.1198347 0 0 0 0.005509642 0 0 0 0 0 
$predAgeCompEsc
0 2.287401195e-15 3.735812975e-15 3.062342595e-15 0 0 0.1002050911 0.8446082051 0.007148129256 0 0 0.03039368414 0.01764489038 3.062342595e-15 0 0 0 0 
0 2.059706682e-15 2.037116707e-12 4.168135898e-15 0 0.002236348394 0.6098726148 0.3043802205 0.008044469556 0 0 0.0630373359 0.01227378834 0.0001552225088 0 0 0 0 
0 0.001246894551 0.009364976743 0.01237042974 0 0.001377564925 0.2044752584 0.6461403819 0.1186606055 0 0 2.89924648e-15 0.006363888198 3.983321811e-15 0 0 0 0 
$SSageCompCatch
 1
$obsAgeCompCatch
0 5.279521e-05 0.005299279 0.003138169 0 0 0.3214445 0.5836404 0.019743 0 0 0.04191001 0.02454215 0.0002296488 0 0 0 0 
$predAgeCompCatch
0 0.0001840886926 0.002832218829 0.001794628256 0 9.994539339e-10 0.331169862 0.5938808958 0.02128495428 0 0 0.0317361109 0.01704294418 7.429607995e-05 0 0 0 0 
$genSS
 285
$obsGenComp     #GeneticFracData
0.05440164092 0.6951876448 0.2504107143 
$predGenComp     #catchGenComp_pred
0.05418609286 0.6962654322 0.2495484749 
#PARAMETERS_OF_INTEREST
$catchByGroup
0 
1.585169947e-10 
4.79235577e-10 
2.089443332e-10 
0 
0 
6944.216842 
108347.5814 
487.7184882 
0 
0 
2106.283532 
2263.512461 
2.089443332e-10 
0 
0 
0 
0 
0 
2.230473419e-09 
5.188158902e-06 
4.423708749e-09 
0 
0.001812653851 
660436.104 
775200.0387 
8537.723151 
0 
0 
68263.65297 
31259.06532 
164.7401109 
0 
0 
0 
0 
0 
408.1883142 
6280.008904 
3979.311669 
0 
0.000403481267 
66937.82645 
433291.7703 
38170.66521 
0 
0 
9.491087541e-10 
4267.525232 
1.281352329e-09 
0 
0 
0 
0 
$escByGroup
 5e-101 4.4222263e-10 7.222436724e-10 5.920418331e-10 5e-101 5e-101 19372.6221 163287.8669 1381.94582 5e-101 5e-101 5876.002411 3411.281697 5.920418331e-10 5e-101 5e-101 5e-101 5e-101 5e-101 1.57421087e-09 1.556945604e-06 3.185659831e-09 5e-101 1709.216163 466118.845 232634.4115 6148.29846 5e-101 5e-101 48178.73354 9380.719687 118.6348341 5e-101 5e-101 5e-101 5e-101 5e-101 539.1438821 4049.31589 5348.841657 5e-101 595.6443559 88412.91715 279384.1979 51307.57808 5e-101 5e-101 1.253603203e-09 2751.677266 1.722345794e-09 5e-101 5e-101 5e-101 5e-101
$catchByGroup
0 1.585169947e-10 4.79235577e-10 2.089443332e-10 0 0 6944.216842 108347.5814 487.7184882 0 0 2106.283532 2263.512461 2.089443332e-10 0 0 0 0 0 2.230473419e-09 5.188158902e-06 4.423708749e-09 0 0.001812653851 660436.104 775200.0387 8537.723151 0 0 68263.65297 31259.06532 164.7401109 0 0 0 0 0 408.1883142 6280.008904 3979.311669 0 0.000403481267 66937.82645 433291.7703 38170.66521 0 0 9.491087541e-10 4267.525232 1.281352329e-09 0 0 0 0 
$Fmort
 0.5690529272
#ESTIMATED_PARAMETERS
$availability
0.5244207796 1.51066771 0.9649115112 
$availabilityVector
 0.5244207796 1.51066771 0.9649115112
$selectivity
 1.233661606e-06 1.026556185 1.705451321 1.012878357 1.255112902
$RunSize
 0 6.007396247e-10 1.201479249e-09 8.009861663e-10 0 0 26316.83894 271635.4483 1869.664308 0 0 7982.285943 5674.794158 8.009861663e-10 0 0 0 0 0 3.80468429e-09 6.745104506e-06 7.60936858e-09 0 1709.217976 1126554.949 1007834.45 14686.02161 0 0 116442.3865 40639.78501 283.374945 0 0 0 0 0 947.3321963 10329.32479 9328.153326 0 595.6447594 155350.7436 712675.9682 89478.24329 0 0 2.202711957e-09 7019.202498 3.003698124e-09 0 0 0 0
