$ndistricts
1
$ngroups
54
$nstocks
3
$nagecomps
18
$AgeCompLabels
 0.1 0.2 0.3 0.4 0.5 1.1 1.2 1.3 1.4 1.5 2.1 2.2 2.3 2.4 3.1 3.2 3.3 3.4
$navailpar
3
$nselectpar
5
$GENdata
 1
$maxGradient
1.854409226e-06
#LIKELIHOOD_VALUES_AND_PENALTIES
$totalNLL
557.2487506
$NLLcatch
0.2257913526
$NLLescape
-4.150732152
$NLLagecompCatch
135.8090148
$NLLagecompEsc
325.8671955
$NLLgenetics
99.49748113
$NLLselOne
4.832806693e-18
$NLLavailOne
5.827621664e-17
$NLLextra
2.4e-198
$sigmaCat
0.5
$sigmaEsc
0.1
#OBSERVED_AND_PREDICTED_VALUES
$predEsc
 180266.8852 1360066.313 447594.8264
$obsEsc
 180438 1360968 446845
$predCatch
 4948485.854
$obsCatch
 4948486
$RunSize
 0 1.155198778e-09 1.925331296e-09 1.0396789e-08 0 0 501008.5696 291808.0855 43646.24231 0 0 119589.0827 11618.24949 3.003516822e-08 0 1.925331296e-09 0 0 0 4.235728851e-09 5.775993888e-09 1.501758411e-08 0 0 2247886.501 655832.0689 7.624311933e-08 0 0 976192.7922 25728.57896 3189.741304 0 1874.394421 0 0 0 21380.71015 504127.8486 127374.2598 0 0 410720.7085 889174.7253 88147.29923 0 0 11324.03186 5789.989186 4.081702348e-08 0 3.850662592e-09 0 0
$SSageCompEsc
 1589 1596 265
$obsAgeCompEsc
0 0 0 0 0 0 0.6000585 0.2360702 0.003137246 0 0 0.1512208 0.009513215 0 0 0 0 0 
0 0 0 0 0 0 0.5664081 0.1292038 0 0 0 0.2991057 0.005282467 0 0 0 0 0 
0 0.01666005 0.2653219 0.01572954 0 0 0.2662657 0.4209321 0.004279593 0 0 0.008018133 0.002793 0 0 0 0 0 
$predAgeCompEsc
0 1.396656869e-15 1.559032444e-15 9.497525679e-16 0 0 0.6057287055 0.2362909041 0.003987108974 0 0 0.1445854315 0.009407849929 2.743729641e-15 0 2.327761448e-15 0 0 
0 1.129975817e-15 1.180111735e-15 7.182668989e-16 0 0 0.5996742178 0.1339951419 3.646585794e-15 0 0 0.2604213553 0.005256688033 0.0001525601973 0 0.0005000368157 0 0 
0 0.01434094548 0.2463818361 0.01111022977 0 0 0.2754877292 0.4345653629 0.007688655067 0 0 0.007595506525 0.0028297349 3.560268064e-15 0 2.582802063e-15 0 0 
$SSageCompCatch
 3376
$obsAgeCompCatch
0 0.0005961321 0.05757976 0.01905198 0 0 0.479171 0.3032149 0.02981983 0 0 0.1023777 0.006684514 0.0007607887 0 0.0007433252 0 0 
$predAgeCompCatch
0 0.003023506097 0.07958972199 0.02473511738 0 0 0.4267000916 0.2864447852 0.02579241396 0 0 0.1461966227 0.006673733299 0.0006026589561 0 0.000241348814 0 0 
$genSS
 281
$obsGenComp     #GeneticFracData
0.1497828502 0.5105544894 0.3396626603 
$predGenComp     #catchGenComp_pred
0.1591200556 0.5154380226 0.3254419218 
#PARAMETERS_OF_INTEREST
$catchByGroup
0 
9.034277942e-10 
1.644289374e-09 
1.022558006e-08 
0 
0 
391815.7426 
249212.6602 
42927.4986 
0 
0 
93525.11729 
9922.32569 
2.954056462e-08 
0 
1.50571299e-09 
0 
0 
0 
2.698886808e-09 
4.170963672e-09 
1.40406935e-08 
0 
0 
1432289.798 
473589.7903 
7.128352083e-08 
0 
0 
622002.4796 
18579.13465 
2982.249319 
0 
1194.311192 
0 
0 
0 
14961.77715 
393848.6134 
122401.3785 
0 
0 
287413.8262 
694665.5171 
84705.897 
0 
0 
7924.322431 
4523.414485 
3.922346591e-08 
0 
2.694613751e-09 
0 
0 
$escByGroup
 5e-101 2.517709835e-10 2.810419225e-10 1.712089371e-10 5e-101 5e-101 109192.827 42595.42528 718.7437157 5e-101 5e-101 26063.96539 1695.923803 4.946035961e-10 5e-101 4.196183058e-10 5e-101 5e-101 5e-101 1.536842044e-09 1.605030216e-09 9.76890613e-10 5e-101 5e-101 815596.7024 182242.2786 4.959598497e-09 5e-101 5e-101 354190.3126 7149.444313 207.4919851 5e-101 680.0832284 5e-101 5e-101 5e-101 6418.933003 110279.2352 4972.881366 5e-101 5e-101 123306.8823 194509.2082 3441.40223 5e-101 5e-101 3399.709425 1266.574701 1.593557566e-09 5e-101 1.156048841e-09 5e-101 5e-101
$catchByGroup
0 9.034277942e-10 1.644289374e-09 1.022558006e-08 0 0 391815.7426 249212.6602 42927.4986 0 0 93525.11729 9922.32569 2.954056462e-08 0 1.50571299e-09 0 0 0 2.698886808e-09 4.170963672e-09 1.40406935e-08 0 0 1432289.798 473589.7903 7.128352083e-08 0 0 622002.4796 18579.13465 2982.249319 0 1194.311192 0 0 0 14961.77715 393848.6134 122401.3785 0 0 287413.8262 694665.5171 84705.897 0 0 7924.322431 4523.414485 3.922346591e-08 0 2.694613751e-09 0 0 
$Fmort
 2.593349259
#ESTIMATED_PARAMETERS
$availability
1.221878631 0.8131051011 0.9650162683 
$availabilityVector
 1.221878631 0.8131051011 0.9650162683
$selectivity
 0.4786868554 0.4807902057 0.6072882368 1.295891818 2.137342884
$RunSize
 0 1.155198778e-09 1.925331296e-09 1.0396789e-08 0 0 501008.5696 291808.0855 43646.24231 0 0 119589.0827 11618.24949 3.003516822e-08 0 1.925331296e-09 0 0 0 4.235728851e-09 5.775993888e-09 1.501758411e-08 0 0 2247886.501 655832.0689 7.624311933e-08 0 0 976192.7922 25728.57896 3189.741304 0 1874.394421 0 0 0 21380.71015 504127.8486 127374.2598 0 0 410720.7085 889174.7253 88147.29923 0 0 11324.03186 5789.989186 4.081702348e-08 0 3.850662592e-09 0 0
