$ndistricts
1
$ngroups
54
$nstocks
3
$nagecomps
18
$AgeCompLabels
 0.1 0.2 0.3 0.4 0.5 1.1 1.2 1.3 1.4 1.5 2.1 2.2 2.3 2.4 3.1 3.2 3.3 3.4
$navailpar
3
$nselectpar
5
$GENdata
 -1
$maxGradient
1.194567072e-06
#LIKELIHOOD_VALUES_AND_PENALTIES
$totalNLL
408.0233719
$NLLcatch
0.2257913526
$NLLescape
-4.150820691
$NLLagecompCatch
108.2725628
$NLLagecompEsc
303.6758384
$NLLgenetics
0
$NLLselOne
3.747370505e-17
$NLLavailOne
1.234567898e-11
$NLLextra
3e-198
$sigmaCat
0.5
$sigmaEsc
0.1
#OBSERVED_AND_PREDICTED_VALUES
$predEsc
 109771.8501 1543576.301 543293.9589
$obsEsc
 109650 1543392 543872.3
$predCatch
 6219632.86
$obsCatch
 6219633
$RunSize
 0 0 0 0 0 0 40741.24733 89779.36099 1922.22296 9.344244562e-10 0 49952.94219 5944.109953 9.344244562e-10 0 0 9.344244562e-10 0 0 0 0 0 0 0 3178595.461 2528228.472 5149.971593 8.409820106e-09 0 387425.1782 130674.2793 175.5071577 0 0 27.61780702 0 0 0 0 0 0 0 232890.8037 1492049.305 201412.5174 3042.776154 0 12684.24432 55578.95388 2.33606114e-09 0 0 3.270485597e-09 0
$SSageCompEsc
 337 1324 701
$obsAgeCompEsc
0 0 0 0 0 0 0.2477821 0.4121496 0.01042735 0 0 0.3024528 0.02718816 0 0 0 0 0 
0 0 0 0 0 0 0.6836246 0.2446954 0.0007844628 0 0 0.06200032 0.008895179 0 0 0 0 0 
0 0 0 0 0 0 0.184759 0.6558642 0.1251905 0.001706865 0 0.009473971 0.02300556 0 0 0 0 0 
$predAgeCompEsc
0 0 0 0 0 0 0.2473862742 0.4116243881 0.01041560828 4.820986483e-15 0 0.303320911 0.02725281841 5.063199904e-15 0 0 4.284190606e-15 0 
0 0 0 0 0 0 0.6643578995 0.2413777034 0.0007834912216 1.115947524e-15 0 0.08097569533 0.01247587303 2.670079143e-05 0 0 2.63675649e-06 0 
0 0 0 0 0 0 0.1837688255 0.6548271948 0.1252940843 0.00170868282 0 0.01000884812 0.02439236448 1.453209787e-15 0 0 1.435343257e-15 0 
$SSageCompCatch
 6646
$obsAgeCompCatch
0 0 0 0 0 0 0.3492 0.5312706 0.02216308 0.0003399088 0 0.06674412 0.03022756 4.829208e-05 0 0 6.422477e-06 0 
$predAgeCompCatch
0 0 0 0 0 0 0.3697555648 0.5364502826 0.02219752787 0.0003399652597 0 0.04603750134 0.02519378042 2.159170032e-05 0 0 3.786038939e-06 0 
$genSS
 -1
$obsGenComp     #GeneticFracData
0 0 0 
$predGenComp     #catchGenComp_pred
0 0 0 
#PARAMETERS_OF_INTEREST
$catchByGroup
0 
0 
0 
0 
0 
0 
13585.19831 
44594.59035 
778.8823685 
4.052158504e-10 
0 
16656.84461 
2952.517655 
3.786276351e-10 
0 
0 
4.64140927e-10 
0 
0 
0 
0 
0 
0 
0 
2153108.352 
2155643.57 
3940.593112 
6.687269955e-09 
0 
262433.0139 
111416.8173 
134.2924488 
0 
0 
23.54777219 
0 
0 
0 
0 
0 
0 
0 
133050.311 
1136285.645 
133340.9983 
2114.459101 
0 
7246.497607 
42326.72961 
1.546541042e-09 
0 
0 
2.490672276e-09 
0 
$escByGroup
 5e-101 5e-101 5e-101 5e-101 5e-101 5e-101 27156.04902 45184.77065 1143.340592 5.292086057e-10 5e-101 33296.09758 2991.592299 5.55796821e-10 5e-101 5e-101 4.702835292e-10 5e-101 5e-101 5e-101 5e-101 5e-101 5e-101 5e-101 1025487.109 372584.9025 1209.378482 1.722550151e-09 5e-101 124992.1642 19257.46195 41.21470886 5e-101 5e-101 4.070034828 5e-101 5e-101 5e-101 5e-101 5e-101 5e-101 5e-101 99840.49272 355763.6591 68071.51908 928.3170537 5e-101 5437.746717 13252.22427 7.895200982e-10 5e-101 5e-101 7.798133208e-10 5e-101
$catchByGroup
0 0 0 0 0 0 13585.19831 44594.59035 778.8823685 4.052158504e-10 0 16656.84461 2952.517655 3.786276351e-10 0 0 4.64140927e-10 0 0 0 0 0 0 0 2153108.352 2155643.57 3940.593112 6.687269955e-09 0 262433.0139 111416.8173 134.2924488 0 0 23.54777219 0 0 0 0 0 0 0 133050.311 1136285.645 133340.9983 2114.459101 0 7246.497607 42326.72961 1.546541042e-09 0 0 2.490672276e-09 0 
$Fmort
 0.972806423
#ESTIMATED_PARAMETERS
$availability
0.5104741333 1.4236348 1.0658914 
$availabilityVector
 0.5104741333 1.4236348 1.0658914
$selectivity
 0.609453961 0.8168492131 1.382612498 1.046185697 1.14489863
$RunSize
 0 0 0 0 0 0 40741.24733 89779.36099 1922.22296 9.344244562e-10 0 49952.94219 5944.109953 9.344244562e-10 0 0 9.344244562e-10 0 0 0 0 0 0 0 3178595.461 2528228.472 5149.971593 8.409820106e-09 0 387425.1782 130674.2793 175.5071577 0 0 27.61780702 0 0 0 0 0 0 0 232890.8037 1492049.305 201412.5174 3042.776154 0 12684.24432 55578.95388 2.33606114e-09 0 0 3.270485597e-09 0
