$ndistricts
1
$ngroups
54
$nstocks
3
$nagecomps
18
$AgeCompLabels
 0.1 0.2 0.3 0.4 0.5 1.1 1.2 1.3 1.4 1.5 2.1 2.2 2.3 2.4 3.1 3.2 3.3 3.4
$navailpar
3
$nselectpar
5
$GENdata
 -1
$maxGradient
1.060415418e-06
#LIKELIHOOD_VALUES_AND_PENALTIES
$totalNLL
279.1953047
$NLLcatch
0.2257913526
$NLLescape
-4.150885091
$NLLagecompCatch
87.70406722
$NLLagecompEsc
195.4163312
$NLLgenetics
0
$NLLselOne
1.244305623e-16
$NLLavailOne
1.234567898e-11
$NLLextra
3.9e-198
$sigmaCat
0.5
$sigmaEsc
0.1
#OBSERVED_AND_PREDICTED_VALUES
$predEsc
 412985.3155 1299972.286 446585.7837
$obsEsc
 413316 1300026 446286.5
$predCatch
 4873408.908
$obsCatch
 4873409
$RunSize
 0 0 0 0 0 0 58009.04586 639196.1038 7.808240162e-10 0 0 1497.918608 1939.682477 0 0 0 0 0 0 0 0 0 0 0 2471863.814 2420354.963 2766.205014 0 0 87576.55482 67114.3483 0 0 0 0 0 0 0 0 0 0 0 347028.838 882774.6791 7417.720922 0 0 12723.88951 32688.52958 0 0 0 0 0
$SSageCompEsc
 1062 960 593
$obsAgeCompEsc
0 0 0 0 0 0 0.09008192 0.9050061 0 0 0 0.002263297 0.002648648 0 0 0 0 0 
0 0 0 0 0 0 0.5576959 0.4228459 0.001559902 0 0 0.01248704 0.005411163 0 0 0 0 0 
0 0 0 0 0 0 0.3083126 0.6468273 0.01317359 0 0 0.0104052 0.02128125 0 0 0 0 0 
$predAgeCompEsc
0 0 0 0 0 0 0.09007068267 0.9048576483 1.691494674e-15 0 0 0.002325819183 0.002745849848 0 0 0 0 0 
0 0 0 0 0 0 0.5506873211 0.4166878201 0.001559966499 0 0 0.01951049976 0.01155439261 0 0 0 0 0 
0 0 0 0 0 0 0.3072665105 0.644439582 0.01316476511 0 0 0.01126599493 0.02386314746 0 0 0 0 0 
$SSageCompCatch
 3872
$obsAgeCompCatch
0 0 0 0 0 0 0.3997567 0.5531534 0.0004672713 0 0 0.0224088 0.02421381 0 0 0 0 0 
$predAgeCompCatch
0 0 0 0 0 0 0.4076417053 0.562060911 0.0004671916149 0 0 0.01445466468 0.01537552738 0 0 0 0 0 
$genSS
 -1
$obsGenComp     #GeneticFracData
0 0 0 
$predGenComp     #catchGenComp_pred
0 0 0 
#PARAMETERS_OF_INTEREST
$catchByGroup
0 
0 
0 
0 
0 
0 
20811.17656 
265503.1824 
8.226155473e-11 
0 
0 
537.3894394 
805.6868111 
0 
0 
0 
0 
0 
0 
0 
0 
0 
0 
0 
1755985.559 
1878672.345 
738.2917982 
0 
0 
62213.44585 
52093.95814 
0 
0 
0 
0 
0 
0 
0 
0 
0 
0 
0 
209807.9826 
594977.1233 
1538.52398 
0 
0 
7692.656332 
22031.58717 
0 
0 
0 
0 
0 
$escByGroup
 5e-101 5e-101 5e-101 5e-101 5e-101 5e-101 37197.8693 373692.9214 6.985624615e-10 5e-101 5e-101 960.5291689 1133.995666 5e-101 5e-101 5e-101 5e-101 5e-101 5e-101 5e-101 5e-101 5e-101 5e-101 5e-101 715878.2556 541682.618 2027.913216 5e-101 5e-101 25363.10898 15020.39017 5e-101 5e-101 5e-101 5e-101 5e-101 5e-101 5e-101 5e-101 5e-101 5e-101 5e-101 137220.8554 287797.5558 5879.196942 5e-101 5e-101 5031.233174 10656.94241 5e-101 5e-101 5e-101 5e-101 5e-101
$catchByGroup
0 0 0 0 0 0 20811.17656 265503.1824 8.226155473e-11 0 0 537.3894394 805.6868111 0 0 0 0 0 0 0 0 0 0 0 1755985.559 1878672.345 738.2917982 0 0 62213.44585 52093.95814 0 0 0 0 0 0 0 0 0 0 0 209807.9826 594977.1233 1538.52398 0 0 7692.656332 22031.58717 0 0 0 0 0 
$Fmort
 0.6487186527
#ESTIMATED_PARAMETERS
$availability
0.5104741333 1.4236348 1.0658914 
$availabilityVector
 0.5104741333 1.4236348 1.0658914
$selectivity
 0.481884571 1.341814852 1.620927893 0.3361733972 1.219199289
$RunSize
 0 0 0 0 0 0 58009.04586 639196.1038 7.808240162e-10 0 0 1497.918608 1939.682477 0 0 0 0 0 0 0 0 0 0 0 2471863.814 2420354.963 2766.205014 0 0 87576.55482 67114.3483 0 0 0 0 0 0 0 0 0 0 0 347028.838 882774.6791 7417.720922 0 0 12723.88951 32688.52958 0 0 0 0 0
