$ndistricts
1
$ngroups
54
$nstocks
3
$nagecomps
18
$AgeCompLabels
 0.1 0.2 0.3 0.4 0.5 1.1 1.2 1.3 1.4 1.5 2.1 2.2 2.3 2.4 3.1 3.2 3.3 3.4
$navailpar
3
$nselectpar
5
$GENdata
 -1
$maxGradient
2.654838678e-06
#LIKELIHOOD_VALUES_AND_PENALTIES
$totalNLL
313.2371384
$NLLcatch
0.2257913526
$NLLescape
-4.146952647
$NLLagecompCatch
93.84372839
$NLLagecompEsc
223.3145713
$NLLgenetics
0
$NLLselOne
1.404148402e-15
$NLLavailOne
1.234567898e-11
$NLLextra
3e-198
$sigmaCat
0.5
$sigmaEsc
0.1
#OBSERVED_AND_PREDICTED_VALUES
$predEsc
 184874.1928 1008906.137 651463.6875
$obsEsc
 184872 1002792 655739.2
$predCatch
 1957467.931
$obsCatch
 1957468
$RunSize
 0 6.329722083e-10 6.329722083e-10 2.742879569e-09 0 0 9060.803385 226611.1011 2.742879569e-09 0 0 9834.053836 8762.014601 0 0 0 0 0 0 3.164861041e-09 6.962694291e-09 10038.19676 0 0 455530.9926 1646125.133 12770.42421 0 0 30502.9536 109029.1951 0 0 0 0 0 0 28990.34922 501099.4918 1.303922749e-07 0 0 18911.47695 735445.7623 4.367508237e-08 0 0 2.531888833e-09 3.586842513e-09 0 0 0 0 0
$SSageCompEsc
 2065 2043 175
$obsAgeCompEsc
0 0 0 0 0 0 0.04194618 0.87875 0 0 0 0.04556956 0.03373429 0 0 0 0 0 
0 0 0 0 0 0 0.2911823 0.652068 0.0001880535 0 0 0.01982918 0.03673252 0 0 0 0 0 
0 0.03591843 0.3825219 0 0 0 0.02074713 0.5608126 0 0 0 0 0 0 0 0 0 0 
$predAgeCompEsc
0 2.932349554e-15 2.453831145e-15 2.65809923e-15 0 0 0.04197568617 0.8784988828 2.65809923e-15 0 0 0.04555789813 0.03396753292 0 0 0 0 0 
0 2.036268359e-15 2.725721928e-15 8.226343198e-05 0 0 0.293088175 0.6444171156 0.0001046541474 0 0 0.01962556917 0.04268222261 0 0 0 0 0 
0 0.03219981961 0.3836806744 5.522007558e-15 0 0 0.02100513318 0.5631143728 1.849604473e-15 0 0 2.812189776e-15 2.746365097e-15 0 0 0 0 0 
$SSageCompCatch
 3490
$obsAgeCompCatch
0 0.000166328 0.127008 0.005170811 0 0 0.08886399 0.7248778 0.006390165 0 0 0.006096051 0.04142677 0 0 0 0 0 
$predAgeCompCatch
0 0.004093725305 0.1283011899 0.005085754162 0 0 0.08498760523 0.7299048191 0.006470010466 0 0 0.006188694292 0.03496820151 0 0 0 0 0 
$genSS
 -1
$obsGenComp     #GeneticFracData
0 0 0 
$predGenComp     #catchGenComp_pred
0 0 0 
#PARAMETERS_OF_INTEREST
$catchByGroup
0 
9.085645134e-11 
1.79322156e-10 
2.251465619e-09 
0 
0 
1300.582286 
64199.32929 
2.251465619e-09 
0 
0 
1411.574193 
2482.29437 
0 
0 
0 
0 
0 
0 
1.110457397e-09 
4.212696709e-09 
9955.200678 
0 
0 
159832.5341 
995968.7505 
12664.838 
0 
0 
10702.59642 
65966.8387 
0 
0 
0 
0 
0 
0 
8013.336003 
251145.4648 
1.267948875e-07 
0 
0 
5227.395432 
368597.1965 
4.247013222e-08 
0 
0 
6.998493115e-10 
1.79768538e-09 
0 
0 
0 
0 
0 
$escByGroup
 5e-101 5.421157569e-10 4.536500523e-10 4.914139496e-10 5e-101 5e-101 7760.221099 162411.7718 4.914139496e-10 5e-101 5e-101 8422.479644 6279.72023 5e-101 5e-101 5e-101 5e-101 5e-101 5e-101 2.054403645e-09 2.749997582e-09 82.99608141 5e-101 5e-101 295698.4586 650156.383 105.5862116 5e-101 5e-101 19800.35718 43062.35635 5e-101 5e-101 5e-101 5e-101 5e-101 5e-101 20977.01322 249954.0269 3.597387406e-09 5e-101 5e-101 13684.08152 366848.5658 1.204950151e-09 5e-101 5e-101 1.832039522e-09 1.789157133e-09 5e-101 5e-101 5e-101 5e-101 5e-101
$catchByGroup
0 9.085645134e-11 1.79322156e-10 2.251465619e-09 0 0 1300.582286 64199.32929 2.251465619e-09 0 0 1411.574193 2482.29437 0 0 0 0 0 0 1.110457397e-09 4.212696709e-09 9955.200678 0 0 159832.5341 995968.7505 12664.838 0 0 10702.59642 65966.8387 0 0 0 0 0 0 8013.336003 251145.4648 1.267948875e-07 0 0 5227.395432 368597.1965 4.247013222e-08 0 0 6.998493115e-10 1.79768538e-09 0 0 0 0 0 
$Fmort
 1.357650106
#ESTIMATED_PARAMETERS
$availability
0.5104741333 1.4236348 1.0658914 
$availabilityVector
 0.5104741333 1.4236348 1.0658914
$selectivity
 0.5198438026 0.2235740907 0.4806330037 2.481045372 1.294903737
$RunSize
 0 6.329722083e-10 6.329722083e-10 2.742879569e-09 0 0 9060.803385 226611.1011 2.742879569e-09 0 0 9834.053836 8762.014601 0 0 0 0 0 0 3.164861041e-09 6.962694291e-09 10038.19676 0 0 455530.9926 1646125.133 12770.42421 0 0 30502.9536 109029.1951 0 0 0 0 0 0 28990.34922 501099.4918 1.303922749e-07 0 0 18911.47695 735445.7623 4.367508237e-08 0 0 2.531888833e-09 3.586842513e-09 0 0 0 0 0
