$ndistricts
1
$ngroups
54
$nstocks
3
$nagecomps
18
$AgeCompLabels
 0.1 0.2 0.3 0.4 0.5 1.1 1.2 1.3 1.4 1.5 2.1 2.2 2.3 2.4 3.1 3.2 3.3 3.4
$navailpar
3
$nselectpar
5
$GENdata
 -1
$maxGradient
1.590208835e-06
#LIKELIHOOD_VALUES_AND_PENALTIES
$totalNLL
443.2188505
$NLLcatch
0.2257913526
$NLLescape
-4.146123083
$NLLagecompCatch
129.6734787
$NLLagecompEsc
317.4657035
$NLLgenetics
0
$NLLselOne
6.285656598e-17
$NLLavailOne
1.234567898e-11
$NLLextra
2.9e-198
$sigmaCat
0.5
$sigmaEsc
0.1
#OBSERVED_AND_PREDICTED_VALUES
$predEsc
 462176.5846 1193546.275 563523.1873
$obsEsc
 461610 1186410 567863.3
$predCatch
 2549297.954
$obsCatch
 2549298
$RunSize
 0 1.322603511e-09 905.5797288 1.322603511e-09 0 0 286611.5416 319820.8921 944.9194263 0 0 24455.80264 9539.542272 0 0 0 0 0 0 3070.814575 15563.75226 1195.316914 0 2113.738899 1330243.972 1443920.723 2713.411346 0 0 77723.76139 109473.6349 0 0 0 0 0 0 90270.90571 510673.297 25419.20714 0 0 60777.88193 414183.6391 16487.25079 0 0 3793.293318 18641.1219 0 0 0 0 0
$SSageCompEsc
 1934 1736 980
$obsAgeCompEsc
0 0 0.001404918 0 0 0 0.4520955 0.493619 0.001418322 0 0 0.03669636 0.0147659 0 0 0 0 0 
0 0.001197376 0.005323084 0.000245038 0 0.001781593 0.4699224 0.4693288 0.001010994 0 0 0.01457339 0.03661736 0 0 0 0 0 
0 0.08486927 0.4497621 0.01792925 0 0 0.05530184 0.3589482 0.01395559 0 0 0.002932514 0.01630122 0 0 0 0 0 
$predAgeCompEsc
0 2.079125841e-15 0.001397393713 1.921211193e-15 0 0 0.4505518528 0.4935133703 0.001372588053 0 0 0.03844439457 0.01472040062 0 0 0 0 0 
0 0.001055569624 0.005080099744 0.000329642394 0 0.001770971428 0.4572614517 0.471304167 0.0007482998037 0 0 0.02671696373 0.03573283456 0 0 0 0 0 
0 0.08221273077 0.4474112166 0.01963005879 0 0 0.05535244833 0.3628746734 0.01273232876 0 0 0.003454679 0.01633186437 0 0 0 0 0 
$SSageCompCatch
 3686
$obsAgeCompCatch
0 0.0145326 0.0992927 0.007585828 0 0 0.3389476 0.4706321 0.00286754 0 0 0.03593167 0.03020998 0 0 0 0 0 
$predAgeCompCatch
0 0.01794732112 0.1052473513 0.005946377232 0 9.993239218e-10 0.3500743363 0.4639800158 0.004488730145 0 0 0.02132745372 0.03098841335 0 0 0 0 0 
$genSS
 -1
$obsGenComp     #GeneticFracData
0 0 0 
$predGenComp     #catchGenComp_pred
0 0 0 
#PARAMETERS_OF_INTEREST
$catchByGroup
0 
3.616802309e-10 
259.7370751 
4.346646839e-10 
0 
0 
78377.02504 
91730.5682 
310.5413681 
0 
0 
6687.703661 
2736.117791 
0 
0 
0 
0 
0 
0 
1810.943382 
9500.418136 
801.8734625 
0 
0.002547574429 
784481.2702 
881397.3901 
1820.280903 
0 
0 
45835.82886 
66824.84333 
0 
0 
0 
0 
0 
0 
43942.12563 
258546.7022 
14357.21385 
0 
0 
29585.49383 
209695.3466 
9312.288301 
0 
0 
1846.501597 
9437.737629 
0 
0 
0 
0 
0 
$escByGroup
 5e-101 9.609232804e-10 645.8426537 8.879388273e-10 5e-101 5e-101 208234.5165 228090.3239 634.3780583 5e-101 5e-101 17768.09898 6803.424481 5e-101 5e-101 5e-101 5e-101 5e-101 5e-101 1259.871193 6063.334125 393.4434514 5e-101 2113.736351 545762.7023 562523.3329 893.1304432 5e-101 5e-101 31887.93253 42648.79158 5e-101 5e-101 5e-101 5e-101 5e-101 5e-101 46328.78008 252126.5948 11061.9933 5e-101 5e-101 31192.38811 204488.2926 7174.962486 5e-101 5e-101 1946.791721 9203.384268 5e-101 5e-101 5e-101 5e-101 5e-101
$catchByGroup
0 3.616802309e-10 259.7370751 4.346646839e-10 0 0 78377.02504 91730.5682 310.5413681 0 0 6687.703661 2736.117791 0 0 0 0 0 0 1810.943382 9500.418136 801.8734625 0 0.002547574429 784481.2702 881397.3901 1820.280903 0 0 45835.82886 66824.84333 0 0 0 0 0 0 43942.12563 258546.7022 14357.21385 0 0 29585.49383 209695.3466 9312.288301 0 0 1846.501597 9437.737629 0 0 0 0 0 
$Fmort
 0.7123527406
#ESTIMATED_PARAMETERS
$availability
0.5104741333 1.4236348 1.0658914 
$availabilityVector
 0.5104741333 1.4236348 1.0658914
$selectivity
 1.188453265e-06 0.8785197552 0.9295501192 1.095746219 2.096182717
$RunSize
 0 1.322603511e-09 905.5797288 1.322603511e-09 0 0 286611.5416 319820.8921 944.9194263 0 0 24455.80264 9539.542272 0 0 0 0 0 0 3070.814575 15563.75226 1195.316914 0 2113.738899 1330243.972 1443920.723 2713.411346 0 0 77723.76139 109473.6349 0 0 0 0 0 0 90270.90571 510673.297 25419.20714 0 0 60777.88193 414183.6391 16487.25079 0 0 3793.293318 18641.1219 0 0 0 0 0
