$ndistricts
1
$ngroups
54
$nstocks
3
$nagecomps
18
$AgeCompLabels
 0.1 0.2 0.3 0.4 0.5 1.1 1.2 1.3 1.4 1.5 2.1 2.2 2.3 2.4 3.1 3.2 3.3 3.4
$navailpar
3
$nselectpar
5
$GENdata
 1
$maxGradient
8.199010148e-07
#LIKELIHOOD_VALUES_AND_PENALTIES
$totalNLL
417.4784494
$NLLcatch
-1.38364656
$NLLescape
-6.230381147
$NLLagecompCatch
101.0187862
$NLLagecompEsc
247.2783539
$NLLgenetics
76.79533711
$NLLselOne
2.87407789e-17
$NLLavailOne
4.755137685e-18
$NLLextra
0
$sigmaCat
0.1
$sigmaEsc
0.05
#OBSERVED_AND_PREDICTED_VALUES
$predEsc
 542496.8079 2648576.011 1772696.968
$obsEsc
 542496 2648616 1772676
$predCatch
 10889926.86
$obsCatch
 10889927
$RunSize
 1e-06 1e-06 1e-06 1e-06 1e-06 4.980947831e-05 193612.2167 672396.768 4610.311583 1e-06 1e-06 15689.7604 14574.81335 1e-06 1e-06 1e-06 1e-06 1e-06 1e-06 1e-06 1e-06 1e-06 1e-06 61012.09599 3100360.56 5186877.597 0.0004577358171 1e-06 1316.004255 352226.2292 942973.6022 1e-06 1e-06 1e-06 1e-06 1e-06 1e-06 1e-06 1e-06 1e-06 1e-06 14426.57477 273898.1196 4559823.807 110651.5234 1e-06 1289.762907 45196.51547 299267.1677 3493.214727 1e-06 1e-06 1e-06 1e-06
$SSageCompEsc
 1 1 1
$obsAgeCompEsc
0 0 0 0 0 0 0.2295335 0.7312644 0.005109715 0 0 0.01841673 0.01567569 0 0 0 0 0 
0 0 0 0 0 0.02207795 0.3716779 0.5011859 0 0 0.0004813835 0.03425147 0.07032541 0 0 0 0 0 
0 0 0 0 0 0.007867202 0.06102356 0.8493272 0.02117251 0 0.0007074051 0.009169188 0.04985062 0.0008822819 0 0 0 0 
$predAgeCompEsc
1.814223666e-12 1.185367651e-12 1.087066659e-12 1.109752574e-12 7.33117253e-13 9.036553433e-11 0.2295016585 0.7309401082 0.005116305149 7.33117253e-13 1.814223666e-12 0.01859813443 0.01584379365 1.109752574e-12 1.814223666e-12 1.185367651e-12 1.087066659e-12 1.109752574e-12 
3.619903697e-13 1.173756694e-13 9.334454032e-14 9.858829542e-14 3.291308698e-14 0.02208579118 0.3639068961 0.484166705 4.512739396e-11 3.291308698e-14 0.0004763808669 0.04134278943 0.08802143743 9.858829542e-14 3.619903697e-13 1.173756694e-13 9.334454032e-14 9.858829542e-14 
5.454654079e-13 2.220165107e-13 1.84918216e-13 1.931632603e-13 8.047272367e-14 0.007869197492 0.06080990479 0.8431944835 0.02137380902 8.047272367e-14 0.00070352105 0.01003437266 0.05533995076 0.0006747607456 5.454654079e-13 2.220165107e-13 1.84918216e-13 1.931632603e-13 
$SSageCompCatch
 1
$obsAgeCompCatch
0 0 0 0 0 0.0002852177 0.2112239 0.6400662 0.006945593 0 0 0.03361529 0.1078638 0 0 0 0 0 
$predAgeCompCatch
8.272375897e-15 1.517453218e-13 1.685259929e-13 1.647783566e-13 2.178581818e-13 0.0002748477153 0.2177915794 0.6653382494 0.00685008914 2.178581818e-13 8.898736889e-06 0.0253202485 0.08420515191 0.0002109351542 8.272375897e-15 1.517453218e-13 1.685259929e-13 1.647783566e-13 
$genSS
 724
$obsGenComp     #GeneticFracData
0.03374462687 0.636305461 0.3299499121 
$predGenComp     #catchGenComp_pred
0.03290996045 0.6424460117 0.3246440278 
#PARAMETERS_OF_INTEREST
$catchByGroup
1.578945239e-08 
3.569418332e-07 
4.102698075e-07 
3.979627708e-07 
6.022862304e-07 
7.864643862e-07 
69108.29955 
275864.0926 
1834.732372 
6.022862304e-07 
1.578945239e-08 
5600.331839 
5979.605867 
3.979627708e-07 
1.578945239e-08 
3.569418332e-07 
4.102698075e-07 
3.979627708e-07 
4.124099057e-08 
6.891216177e-07 
7.527698897e-07 
7.388814058e-07 
9.128271874e-07 
2516.199276 
2136525.485 
3904525.277 
0.000338212484 
9.128271874e-07 
54.27331909 
242726.7089 
709842.1346 
7.388814058e-07 
4.124099057e-08 
6.891216177e-07 
7.527698897e-07 
7.388814058e-07 
3.30551255e-08 
6.064320047e-07 
6.721960393e-07 
6.575800742e-07 
8.573462468e-07 
476.8722396 
166100.5857 
3065095.503 
72762.23699 
8.573462468e-07 
42.63327474 
27408.61348 
201166.2048 
2297.068399 
3.30551255e-08 
6.064320047e-07 
6.721960393e-07 
6.575800742e-07 
$escByGroup
 9.842105476e-07 6.430581668e-07 5.897301925e-07 6.020372292e-07 3.977137696e-07 4.902301392e-05 124503.9171 396532.6755 2775.579212 3.977137696e-07 9.842105476e-07 10089.42856 8595.207482 6.020372292e-07 9.842105476e-07 6.430581668e-07 5.897301925e-07 6.020372292e-07 9.587590094e-07 3.108783823e-07 2.472301103e-07 2.611185942e-07 8.717281263e-08 58495.89672 963835.0753 1282352.32 0.0001195233331 8.717281263e-08 1261.730936 109499.5203 233131.4676 2.611185942e-07 9.587590094e-07 3.108783823e-07 2.472301103e-07 2.611185942e-07 9.669448745e-07 3.935679953e-07 3.278039607e-07 3.424199258e-07 1.426537532e-07 13949.70253 107797.5338 1494728.304 37889.28645 1.426537532e-07 1247.129632 17787.90199 98100.96289 1196.146328 9.669448745e-07 3.935679953e-07 3.278039607e-07 3.424199258e-07
$catchByGroup
1.578945239e-08 3.569418332e-07 4.102698075e-07 3.979627708e-07 6.022862304e-07 7.864643862e-07 69108.29955 275864.0926 1834.732372 6.022862304e-07 1.578945239e-08 5600.331839 5979.605867 3.979627708e-07 1.578945239e-08 3.569418332e-07 4.102698075e-07 3.979627708e-07 4.124099057e-08 6.891216177e-07 7.527698897e-07 7.388814058e-07 9.128271874e-07 2516.199276 2136525.485 3904525.277 0.000338212484 9.128271874e-07 54.27331909 242726.7089 709842.1346 7.388814058e-07 4.124099057e-08 6.891216177e-07 7.527698897e-07 7.388814058e-07 3.30551255e-08 6.064320047e-07 6.721960393e-07 6.575800742e-07 8.573462468e-07 476.8722396 166100.5857 3065095.503 72762.23699 8.573462468e-07 42.63327474 27408.61348 201166.2048 2297.068399 3.30551255e-08 6.064320047e-07 6.721960393e-07 6.575800742e-07 
$Fmort
 0.9270693072
#ESTIMATED_PARAMETERS
$availability
0.5209932756 1.378655965 1.10035076 
$availabilityVector
 0.5209932756 1.378655965 1.10035076
$selectivity
 0.03295142162 0.9141261983 1.093361417 1.050598915 1.908962049
$RunSize
 1e-06 1e-06 1e-06 1e-06 1e-06 4.980947831e-05 193612.2167 672396.768 4610.311583 1e-06 1e-06 15689.7604 14574.81335 1e-06 1e-06 1e-06 1e-06 1e-06 1e-06 1e-06 1e-06 1e-06 1e-06 61012.09599 3100360.56 5186877.597 0.0004577358171 1e-06 1316.004255 352226.2292 942973.6022 1e-06 1e-06 1e-06 1e-06 1e-06 1e-06 1e-06 1e-06 1e-06 1e-06 14426.57477 273898.1196 4559823.807 110651.5234 1e-06 1289.762907 45196.51547 299267.1677 3493.214727 1e-06 1e-06 1e-06 1e-06
