$ndistricts
1
$ngroups
54
$nstocks
3
$nagecomps
18
$AgeCompLabels
 0.1 0.2 0.3 0.4 0.5 1.1 1.2 1.3 1.4 1.5 2.1 2.2 2.3 2.4 3.1 3.2 3.3 3.4
$navailpar
3
$nselectpar
5
$GENdata
 -1
$maxGradient
8.311942676e-07
#LIKELIHOOD_VALUES_AND_PENALTIES
$totalNLL
490.4187686
$NLLcatch
0.2257913526
$NLLescape
-4.147958789
$NLLagecompCatch
121.4859362
$NLLagecompEsc
372.8549998
$NLLgenetics
0
$NLLselOne
9.005691172e-17
$NLLavailOne
1.234567898e-11
$NLLextra
2.5e-198
$sigmaCat
0.5
$sigmaEsc
0.1
#OBSERVED_AND_PREDICTED_VALUES
$predEsc
 513721.8886 600741.9566 96196.38388
$obsEsc
 512328 604338 95805.05
$predCatch
 773206.9775
$obsCatch
 773207
$RunSize
 0 2.865909133e-09 4.078409151e-09 0 0 2.755681859e-09 276760.621 281584.038 0 0 3.857954602e-09 90106.55872 10042.68488 0 0 0 4.519318248e-09 0 0 4.2988637e-09 1811.536264 0 0 4810.106792 514923.4954 276742.0818 0 0 115.2226983 333006.0244 33944.00434 0 0 0 209.5491273 0 0 4306.482617 12074.85354 1172.172623 0 581.0049322 74663.50148 44480.78098 196.4831284 0 6.613636461e-10 13065.79529 9270.208584 0 0 0 9.920454691e-10 0
$SSageCompEsc
 1454 822 229
$obsAgeCompEsc
0 0 0 0 0 0 0.4274431 0.4135693 0 0 0 0.1428252 0.01616235 0 0 0 0 0 
0 0 0.0004152824 0 0 0.006174768 0.4377586 0.2054451 0 0 0 0.3144047 0.03580146 0 0 0 0 0 
0 0.02913312 0.0651482 0.01223487 0 0.004946185 0.4856242 0.2586278 0.002050846 0 0 0.08596988 0.0562649 0 0 0 0 0 
$predAgeCompEsc
0 4.457030962e-15 6.005901793e-15 0 0 4.859437131e-15 0.4304151317 0.4146631728 0 0 6.803211983e-15 0.1401327479 0.01478894758 0 0 0 6.655188473e-15 0 
0 3.826348762e-15 0.001384821894 0 0 0.006078315384 0.4583250404 0.2115544146 0 0 0.0001456017361 0.296403254 0.0259483629 0 0 0 0.0001601890202 0 
0 0.02801582836 0.07009464095 0.01218519775 0 0.004913745638 0.4857235075 0.2582113614 0.002042519785 0 5.593365135e-15 0.08499954854 0.05381365 0 0 0 5.758833491e-15 0 
$SSageCompCatch
 2759
$obsAgeCompCatch
0 0.001079318 0.01434962 0 0 0.001492046 0.4416726 0.3150731 0 0 0.0001805973 0.2072502 0.01859684 0 0 0 0.0003056664 0 
$predAgeCompCatch
0 0.002084126611 0.008162909008 8.570866617e-10 0 0.001638536798 0.4179657276 0.3076236341 1.436674644e-10 0 3.589417489e-05 0.2301461364 0.03219647988 0 0 0 0.0001465543704 0 
$genSS
 -1
$obsGenComp     #GeneticFracData
0 0 0 
$predGenComp     #catchGenComp_pred
0 0 0 
#PARAMETERS_OF_INTEREST
$catchByGroup
0 
5.762347698e-10 
9.930459394e-10 
0 
0 
2.592826384e-10 
55646.94668 
68562.48973 
0 
0 
3.629956937e-10 
18117.29881 
2445.278802 
0 
0 
0 
1.100402257e-09 
0 
0 
2.000215458e-09 
979.6156497 
0 
0 
1158.607715 
239588.4138 
149652.4689 
0 
0 
27.75362647 
154944.1536 
18355.73404 
0 
0 
0 
113.3168618 
0 
0 
1611.461238 
5332.002552 
0.0006627053872 
0 
108.3203705 
27938.65649 
19641.78173 
0.0001110846859 
0 
1.233021464e-10 
4889.146091 
4093.530051 
0 
0 
0 
4.38066512e-10 
0 
$escByGroup
 5e-101 2.289674363e-09 3.085363211e-09 5e-101 5e-101 2.49639922e-09 221113.6743 213021.5483 5e-101 5e-101 3.494958908e-09 71989.25991 7597.406079 5e-101 5e-101 5e-101 3.418915991e-09 5e-101 5e-101 2.298648242e-09 831.920614 5e-101 5e-101 3651.499077 275335.0816 127089.613 5e-101 5e-101 87.46907185 178061.8708 15588.2703 5e-101 5e-101 5e-101 96.23226545 5e-101 5e-101 2695.021379 6742.850989 1172.171961 5e-101 472.6845617 46724.84499 24838.99925 196.4830173 5e-101 5.380614997e-10 8176.649201 5176.678533 5e-101 5e-101 5e-101 5.539789571e-10 5e-101
$catchByGroup
0 5.762347698e-10 9.930459394e-10 0 0 2.592826384e-10 55646.94668 68562.48973 0 0 3.629956937e-10 18117.29881 2445.278802 0 0 0 1.100402257e-09 0 0 2.000215458e-09 979.6156497 0 0 1158.607715 239588.4138 149652.4689 0 0 27.75362647 154944.1536 18355.73404 0 0 0 113.3168618 0 0 1611.461238 5332.002552 0.0006627053872 0 108.3203705 27938.65649 19641.78173 0.0001110846859 0 1.233021464e-10 4889.146091 4093.530051 0 0 0 4.38066512e-10 0 
$Fmort
 0.3306274229
#ESTIMATED_PARAMETERS
$availability
0.5104741333 1.4236348 1.0658914 
$availabilityVector
 0.5104741333 1.4236348 1.0658914
$selectivity
 0.5854807046 1.330017431 1.653294177 1.604269104e-06 1.431206084
$RunSize
 0 2.865909133e-09 4.078409151e-09 0 0 2.755681859e-09 276760.621 281584.038 0 0 3.857954602e-09 90106.55872 10042.68488 0 0 0 4.519318248e-09 0 0 4.2988637e-09 1811.536264 0 0 4810.106792 514923.4954 276742.0818 0 0 115.2226983 333006.0244 33944.00434 0 0 0 209.5491273 0 0 4306.482617 12074.85354 1172.172623 0 581.0049322 74663.50148 44480.78098 196.4831284 0 6.613636461e-10 13065.79529 9270.208584 0 0 0 9.920454691e-10 0
