$ndistricts
1
$ngroups
54
$nstocks
3
$nagecomps
18
$AgeCompLabels
 0.1 0.2 0.3 0.4 0.5 1.1 1.2 1.3 1.4 1.5 2.1 2.2 2.3 2.4 3.1 3.2 3.3 3.4
$navailpar
3
$nselectpar
5
$GENdata
 -1
$maxGradient
2.323540067e-06
#LIKELIHOOD_VALUES_AND_PENALTIES
$totalNLL
491.271657
$NLLcatch
0.2257913526
$NLLescape
-4.135785113
$NLLagecompCatch
158.3882857
$NLLagecompEsc
336.7933651
$NLLgenetics
0
$NLLselOne
3.769371659e-17
$NLLavailOne
1.234567898e-11
$NLLextra
2.6e-198
$sigmaCat
0.5
$sigmaEsc
0.1
#OBSERVED_AND_PREDICTED_VALUES
$predEsc
 303996.7286 1273507.04 779620.7532
$obsEsc
 304920 1286250 768816.1
$predCatch
 2789740.93
$obsCatch
 2789741
$RunSize
 0 137.0264124 8.576018469e-10 1.143469129e-09 0 0 100255.6198 320156.0507 7075.074758 0 0 2028.853665 14688.92789 765.5799093 0 0 0 0 0 2216.607451 17839.24043 16040.94534 0 3860.41292 1746068.037 937072.7047 19754.31517 0 0 82943.58362 73893.56283 797.4749567 0 0 0 0 0 83636.24226 429901.5364 207412.5765 0 0 197100.276 629703.3432 190722.3394 0 0 15040.79385 47754.32615 6.289080211e-09 0 0 0 0
$SSageCompEsc
 2313 3004 1522
$obsAgeCompEsc
0 0.0003595275 0 0 0 0 0.2599861 0.6875895 0.01448593 0 0 0.005079833 0.03102741 0.001471617 0 0 0 0 
0 0.001063458 0.002909427 0.002679235 0 0.003001142 0.71535 0.239585 0.004785004 0 0 0.01696527 0.01366149 0 0 0 0 0 
0 0.07166518 0.2023184 0.09235777 0 0 0.1577443 0.3457776 0.09723281 0 0 0.009547811 0.02335615 0 0 0 0 0 
$predAgeCompEsc
0 0.0003559940658 1.838846463e-15 2.325233653e-15 0 0 0.2604636951 0.686469862 0.01438709756 0 0 0.005270953624 0.03149559809 0.0015567995 0 0 0 0 
0 0.0009012620778 0.004246274963 0.003293586761 0 0.003031322174 0.7099429834 0.2230514455 0.004056029714 0 0 0.03372446775 0.01758888709 0.0001637405342 0 0 0 0 
0 0.06553936579 0.2256204578 0.09745022346 0 0 0.1544525045 0.3304802252 0.08960852282 0 0 0.01178632687 0.02506237362 2.95484624e-15 0 0 0 0 
$SSageCompCatch
 4124
$obsAgeCompCatch
0 0.006659167 0.1231582 0.05834572 0 0 0.3225959 0.3743652 0.04218804 0 0 0.03557261 0.03655707 0.0005581623 0 0 0 0 
$predAgeCompCatch
0 0.01205776544 0.09550518535 0.05136136398 0 1.000924229e-09 0.3368456355 0.4074000801 0.04952146302 0 0 0.01658708371 0.03040552585 0.000315896067 0 0 0 0 
$genSS
 -1
$obsGenComp     #GeneticFracData
0 0 0 
$predGenComp     #catchGenComp_pred
0 0 0 
#PARAMETERS_OF_INTEREST
$catchByGroup
0 
28.80538097 
2.985985376e-10 
4.366057054e-10 
0 
0 
21075.50853 
111471.4583 
2701.444163 
0 
0 
426.5010061 
5114.369099 
292.317954 
0 
0 
0 
0 
0 
1068.84385 
12431.57937 
11846.53941 
0 
0.002792319289 
841950.6497 
653015.1186 
14588.93278 
0 
0 
39995.23652 
51493.99129 
588.9502336 
0 
0 
0 
0 
0 
32540.39254 
254003.1452 
131438.3599 
0 
0 
76685.89808 
372054.1012 
120861.6753 
0 
0 
5851.928812 
28215.17955 
3.985420759e-09 
0 
0 
0 
0 
$escByGroup
 5e-101 108.2210314 5.590033093e-10 7.068634238e-10 5e-101 5e-101 79180.11125 208684.5924 4373.630594 5e-101 5e-101 1602.352658 9574.558787 473.2619553 5e-101 5e-101 5e-101 5e-101 5e-101 1147.763601 5407.661059 4194.405926 5e-101 3860.410128 904117.3873 284057.5861 5165.382394 5e-101 5e-101 42948.3471 22399.57154 208.5247231 5e-101 5e-101 5e-101 5e-101 5e-101 51095.84973 175898.3912 75974.21662 5e-101 5e-101 120414.3779 257649.2421 69860.66405 5e-101 5e-101 9188.865034 19539.1466 2.303659452e-09 5e-101 5e-101 5e-101 5e-101
$catchByGroup
0 28.80538097 2.985985376e-10 4.366057054e-10 0 0 21075.50853 111471.4583 2701.444163 0 0 426.5010061 5114.369099 292.317954 0 0 0 0 0 1068.84385 12431.57937 11846.53941 0 0.002792319289 841950.6497 653015.1186 14588.93278 0 0 39995.23652 51493.99129 588.9502336 0 0 0 0 0 32540.39254 254003.1452 131438.3599 0 0 76685.89808 372054.1012 120861.6753 0 0 5851.928812 28215.17955 3.985420759e-09 0 0 0 0 
$Fmort
 0.754724362
#ESTIMATED_PARAMETERS
$availability
0.5104741333 1.4236348 1.0658914 
$availabilityVector
 0.5104741333 1.4236348 1.0658914
$selectivity
 6.732006219e-07 0.6125565217 1.11087702 1.248443848 2.028121939
$RunSize
 0 137.0264124 8.576018469e-10 1.143469129e-09 0 0 100255.6198 320156.0507 7075.074758 0 0 2028.853665 14688.92789 765.5799093 0 0 0 0 0 2216.607451 17839.24043 16040.94534 0 3860.41292 1746068.037 937072.7047 19754.31517 0 0 82943.58362 73893.56283 797.4749567 0 0 0 0 0 83636.24226 429901.5364 207412.5765 0 0 197100.276 629703.3432 190722.3394 0 0 15040.79385 47754.32615 6.289080211e-09 0 0 0 0
