$ndistricts
1
$ngroups
54
$nstocks
3
$nagecomps
18
$AgeCompLabels
 0.1 0.2 0.3 0.4 0.5 1.1 1.2 1.3 1.4 1.5 2.1 2.2 2.3 2.4 3.1 3.2 3.3 3.4
$navailpar
3
$nselectpar
5
$GENdata
 -1
$maxGradient
4.510182265e-06
#LIKELIHOOD_VALUES_AND_PENALTIES
$totalNLL
296.6226127
$NLLcatch
0.2257913526
$NLLescape
-4.150926941
$NLLagecompCatch
127.4325048
$NLLagecompEsc
173.1152435
$NLLgenetics
0
$NLLselOne
1.85638659e-15
$NLLavailOne
1.234567898e-11
$NLLextra
2.7e-198
$sigmaCat
0.5
$sigmaEsc
0.1
#OBSERVED_AND_PREDICTED_VALUES
$predEsc
 169232.3266 1336737.187 429347.0385
$obsEsc
 169236 1337172 429181.6
$predCatch
 3122333.586
$obsCatch
 3122334
$RunSize
 0 5.615423252e-10 8.423134878e-10 1.299970483e-07 0 0 76461.8654 171546.399 50018.99363 0 0 4311.361798 25119.21584 0 0 0 0 0 0 4.492338601e-09 1005.635766 0.2541980119 0 368.6480799 1776147.284 1340863.359 0.03806015647 0 0 121411.7064 157244.5076 0 0 0 0 0 0 9802.488212 485314.0734 32866.60686 0 1.498784543e-05 225735.9031 573825.9999 5605.798023 0 0 1.679011552e-07 4.45583835e-07 6.457736739e-09 0 0 0 0
$SSageCompEsc
 1886 1566 0
$obsAgeCompEsc
0 0 0 0 0 0 0.3703644 0.5302621 0.0007684623 0 0 0.02090648 0.07769855 0 0 0 0 0 
0 0 0.0001231994 0 0 0.000275691 0.7618643 0.1642678 0 0 0 0.05362068 0.01984837 0 0 0 0 0 
0 0.08986376 0.1797425 0.03852614 0 0.0001086661 0.06005309 0.5709904 0.02972465 0 0 0.003900905 0.02677924 0.000310559 0 0 0 0 
$predAgeCompEsc
0 2.7202228e-15 2.603833041e-15 1.997241656e-15 0 0 0.370396496 0.5302992156 0.0007684791229 0 0 0.02088509474 0.07765071452 0 0 0 0 0 
0 1.930917245e-15 0.0001235026147 1.174625276e-14 0 0.0002757796828 0.7634316387 0.1646720775 1.758724291e-15 0 0 0.05218572743 0.01931127402 0 0 0 0 0 
0 0.01507790199 0.292204445 3.064200358e-07 0 3.490824214e-11 0.3472203944 0.3454968999 5.226364978e-08 0 0 2.582606689e-13 2.682831271e-13 6.020639523e-20 0 0 0 0 
$SSageCompCatch
 3223
$obsAgeCompCatch
0 0.001071907 0.1156302 0.01052593 0 0 0.2724422 0.5219041 0.0177728 0 0 0.01531753 0.04533528 0 0 0 0 0 
$predAgeCompCatch
0 0.001066137091 0.115521771 0.01052633506 0 1.00002566e-09 0.270975685 0.5214146992 0.01777348712 0 0 0.01679193819 0.0459299464 2.068232209e-15 0 0 0 0 
$genSS
 -1
$obsGenComp     #GeneticFracData
0 0 0 
$predGenComp     #catchGenComp_pred
0 0 0 
#PARAMETERS_OF_INTEREST
$catchByGroup
0 
1.011926919e-10 
4.016607641e-10 
1.296590504e-07 
0 
0 
13778.80462 
81802.62897 
49888.94212 
0 
0 
776.928624 
11978.20476 
0 
0 
0 
0 
0 
0 
1.911209715e-09 
840.5452279 
0.2541979962 
0 
0.00312241361 
755639.8225 
1120740.069 
0.03806015412 
0 
0 
51653.10397 
131430.4095 
0 
0 
0 
0 
0 
0 
3328.835646 
359856.9603 
32866.4753 
0 
9.504570259e-11 
76657.8551 
425487.9291 
5605.775583 
0 
0 
5.701770188e-08 
3.303972689e-07 
6.45771089e-09 
0 
0 
0 
0 
$escByGroup
 5e-101 4.603496333e-10 4.406527236e-10 3.379978521e-10 5e-101 5e-101 62683.06078 89743.77005 130.0515099 5e-101 5e-101 3534.433174 13141.01108 5e-101 5e-101 5e-101 5e-101 5e-101 5e-101 2.581128887e-09 165.0905377 1.570165287e-08 5e-101 368.6449575 1020507.461 220123.2897 2.350952162e-09 5e-101 5e-101 69758.60248 25814.09811 5e-101 5e-101 5e-101 5e-101 5e-101 5e-101 6473.652566 125457.1131 0.1315605349 5e-101 1.498775038e-05 149078.048 148338.0708 0.02243924326 5e-101 5e-101 1.108834533e-07 1.151865661e-07 2.584943749e-14 5e-101 5e-101 5e-101 5e-101
$catchByGroup
0 1.011926919e-10 4.016607641e-10 1.296590504e-07 0 0 13778.80462 81802.62897 49888.94212 0 0 776.928624 11978.20476 0 0 0 0 0 0 1.911209715e-09 840.5452279 0.2541979962 0 0.00312241361 755639.8225 1120740.069 0.03806015412 0 0 51653.10397 131430.4095 0 0 0 0 0 0 3328.835646 359856.9603 32866.4753 0 9.504570259e-11 76657.8551 425487.9291 5605.775583 0 0 5.701770188e-08 3.303972689e-07 6.45771089e-09 0 0 0 0 
$Fmort
 3.211748641
#ESTIMATED_PARAMETERS
$availability
0.5104741333 1.4236348 1.0658914 
$availabilityVector
 0.5104741333 1.4236348 1.0658914
$selectivity
 1.852422936e-06 0.1211949417 0.3951749903 3.630481527 0.8531466957
$RunSize
 0 5.615423252e-10 8.423134878e-10 1.299970483e-07 0 0 76461.8654 171546.399 50018.99363 0 0 4311.361798 25119.21584 0 0 0 0 0 0 4.492338601e-09 1005.635766 0.2541980119 0 368.6480799 1776147.284 1340863.359 0.03806015647 0 0 121411.7064 157244.5076 0 0 0 0 0 0 9802.488212 485314.0734 32866.60686 0 1.498784543e-05 225735.9031 573825.9999 5605.798023 0 0 1.679011552e-07 4.45583835e-07 6.457736739e-09 0 0 0 0
