$ndistricts
1
$ngroups
54
$nstocks
3
$nagecomps
18
$AgeCompLabels
 0.1 0.2 0.3 0.4 0.5 1.1 1.2 1.3 1.4 1.5 2.1 2.2 2.3 2.4 3.1 3.2 3.3 3.4
$navailpar
3
$nselectpar
5
$GENdata
 1
$maxGradient
2.991016186e-06
#LIKELIHOOD_VALUES_AND_PENALTIES
$totalNLL
361.6956938
$NLLcatch
0.2257913526
$NLLescape
-4.150939679
$NLLagecompCatch
84.02950957
$NLLagecompEsc
221.0390384
$NLLgenetics
60.55229416
$NLLselOne
5.402828161e-17
$NLLavailOne
1.577161681e-17
$NLLextra
2.8e-198
$sigmaCat
0.5
$sigmaEsc
0.1
#OBSERVED_AND_PREDICTED_VALUES
$predEsc
 421379.8182 1098004.809 428191.688
$obsEsc
 421380 1098006 428191
$predCatch
 4518805.868
$obsCatch
 4518806
$RunSize
 0 1.076869094e-09 1.076869094e-09 0 0 1.127122985e-07 111855.5297 471620.0502 977.3801279 0 0 10912.88564 24131.79692 0 0 0 0 0 0 656.7855618 3.948520011e-09 2252.631797 0 2.168096442e-07 1402066.137 3047552.129 9269.548221 0 0 177651.1542 91248.09258 0 0 0 0 0 0 2.512694552e-09 51268.45543 1377.443797 0 1217.273608 29519.75848 972304.0645 35462.37512 0 0 5049.006537 19989.68418 0 0 0 0 0
$SSageCompEsc
 1 1 1
$obsAgeCompEsc
0 0 0 0 0 0 0.1863564 0.7553463 0.001541098 0 0 0.01815216 0.03860408 0 0 0 0 0 
0 0 0 0.0008267186 0 0 0.3282041 0.6110328 0.001653437 0 0 0.04039931 0.01788357 0 0 0 0 0 
0 0 0.05091499 0.001382765 0 0 0.02896839 0.8657952 0.0302815 0 0 0.004928493 0.01772864 0 0 0 0 0 
$predAgeCompEsc
0 1.793664633e-15 1.724650112e-15 0 0 2.767403935e-16 0.1863098391 0.7553188933 0.001546381733 0 0 0.01817682123 0.03864806456 0 0 0 0 0 
0 0.0001531433743 7.916388843e-16 0.0004309663416 0 6.403344322e-25 0.3269212232 0.6110038091 0.001773420445 0 0 0.04142310489 0.01829433256 0 0 0 0 0 
0 2.474606766e-15 0.04588335091 0.00119670971 0 1.488358216e-10 0.02907229372 0.8701757876 0.03080936496 0 0 0.004972472968 0.01789002002 0 0 0 0 0 
$SSageCompCatch
 1
$obsAgeCompCatch
0 0.0002618174 0.001769762 0 0 0.0002618174 0.2418594 0.6960228 0.007144158 0 0 0.03183938 0.02084082 0 0 0 0 0 
$predAgeCompCatch
0 0.0001081333022 0.006997774828 0.0005852102094 0 0.0002693794734 0.2419941598 0.6925973448 0.006620809153 0 0 0.0306146723 0.02021251608 0 0 0 0 0 
$genSS
 945
$obsGenComp     #GeneticFracData
0.04359032211 0.7998837714 0.1565259065 
$predGenComp     #catchGenComp_pred
0.04384295989 0.8039052298 0.1522518103 
#PARAMETERS_OF_INTEREST
$catchByGroup
0 
3.210550171e-10 
3.501363433e-10 
0 
0 
1.125956857e-07 
33348.32359 
153343.9122 
325.7660746 
0 
0 
3253.540012 
7846.282506 
0 
0 
0 
0 
0 
0 
488.6334003 
3.079296709e-09 
1779.428682 
0 
2.168096442e-07 
1043105.062 
2376667.008 
7322.324044 
0 
0 
132168.3859 
71160.82746 
0 
0 
0 
0 
0 
0 
1.453088504e-09 
31621.58595 
865.0226463 
0 
1217.273545 
17071.24395 
599702.0252 
22270.06113 
0 
0 
2919.834943 
12329.32631 
0 
0 
0 
0 
0 
$escByGroup
 5e-101 7.558140768e-10 7.267327506e-10 5e-101 5e-101 1.166128167e-10 78507.20614 318276.138 651.6140533 5e-101 5e-101 7659.345625 16285.51442 5e-101 5e-101 5e-101 5e-101 5e-101 5e-101 168.1521614 8.692233018e-10 473.2031155 5e-101 7.030902858e-19 358961.0752 670885.1206 1947.224177 5e-101 5e-101 45482.76836 20087.26513 5e-101 5e-101 5e-101 5e-101 5e-101 5e-101 1.059606048e-09 19646.86948 512.421151 5e-101 6.373026167e-05 12448.51452 372602.0393 13192.31399 5e-101 5e-101 2129.171594 7660.35787 5e-101 5e-101 5e-101 5e-101 5e-101
$catchByGroup
0 3.210550171e-10 3.501363433e-10 0 0 1.125956857e-07 33348.32359 153343.9122 325.7660746 0 0 3253.540012 7846.282506 0 0 0 0 0 0 488.6334003 3.079296709e-09 1779.428682 0 2.168096442e-07 1043105.062 2376667.008 7322.324044 0 0 132168.3859 71160.82746 0 0 0 0 0 0 1.453088504e-09 31621.58595 865.0226463 0 1217.273545 17071.24395 599702.0252 22270.06113 0 0 2919.834943 12329.32631 0 0 0 0 0 
$Fmort
 5.517439945
#ESTIMATED_PARAMETERS
$availability
0.4116541596 1.584310496 1.004035345 
$availabilityVector
 0.4116541596 1.584310496 1.004035345
$selectivity
 3.02637429 0.155867246 0.1731423779 0.1785001084 1.466115977
$RunSize
 0 1.076869094e-09 1.076869094e-09 0 0 1.127122985e-07 111855.5297 471620.0502 977.3801279 0 0 10912.88564 24131.79692 0 0 0 0 0 0 656.7855618 3.948520011e-09 2252.631797 0 2.168096442e-07 1402066.137 3047552.129 9269.548221 0 0 177651.1542 91248.09258 0 0 0 0 0 0 2.512694552e-09 51268.45543 1377.443797 0 1217.273608 29519.75848 972304.0645 35462.37512 0 0 5049.006537 19989.68418 0 0 0 0 0
