$ndistricts
1
$ngroups
54
$nstocks
3
$nagecomps
18
$AgeCompLabels
 0.1 0.2 0.3 0.4 0.5 1.1 1.2 1.3 1.4 1.5 2.1 2.2 2.3 2.4 3.1 3.2 3.3 3.4
$navailpar
3
$nselectpar
5
$GENdata
 1
$maxGradient
2.17679883e-05
#LIKELIHOOD_VALUES_AND_PENALTIES
$totalNLL
442.0688846
$NLLcatch
0.2257913526
$NLLescape
-4.150796159
$NLLagecompCatch
106.0165218
$NLLagecompEsc
264.8251615
$NLLgenetics
75.15220618
$NLLselOne
5.348178419e-14
$NLLavailOne
3.786652532e-17
$NLLextra
2.3e-198
$sigmaCat
0.5
$sigmaEsc
0.1
#OBSERVED_AND_PREDICTED_VALUES
$predEsc
 423768.2552 977621.4184 663771.3543
$obsEsc
 423768 976470 664579.8
$predCatch
 5753049.789
$obsCatch
 5753050
$RunSize
 0 8.679576798e-10 8.679576798e-10 8.679576798e-10 2.603873039e-09 8.679576798e-10 21077.27708 418859.4363 5775.531035 0 0 3278.872318 47654.84208 0 0 0 0 0 0 3.037851879e-09 6.943661438e-09 4.773767239e-09 6.514890345e-06 14621.9271 1143497.734 2193602.646 8280.163581 0 2508.251083 50165.34793 260868.8205 0 0 0 0 0 0 65346.18261 310187.3326 57194.50676 2328.91289 8.679576798e-10 79913.64423 2716254.257 51992.67475 0 0 2.603873039e-09 364802.4568 0 0 0 0 0
$SSageCompEsc
 1129 1251 561
$obsAgeCompEsc
0 0 0 0 0 0 0.04433584 0.841289 0.01193673 0 0 0.006915482 0.09552295 0 0 0 0 0 
0 0 0 0 0 0.01138901 0.3969194 0.5126118 0.002429053 0 0.002072881 0.01911826 0.05545966 0 0 0 0 0 
0 0.03627675 0.07121063 0.02136476 0 0 0.03437632 0.7286688 0.01840947 0 0 0 0.08969327 0 0 0 0 0 
$predAgeCompEsc
0 1.827104204e-15 1.742898134e-15 1.795435139e-15 1.293101767e-15 1.990589696e-15 0.04436896228 0.8410886235 0.01194711632 0 0 0.006902227535 0.09569307041 0 0 0 0 0 
0 1.076253257e-15 1.587534866e-15 1.43787331e-15 3.473054313e-18 0.01147723426 0.4051195416 0.5015251268 0.002494010625 0 0.001968809246 0.01777263055 0.05964264699 0 0 0 0 0 
0 0.02872812672 0.08198980968 0.02082390065 1.765159485e-10 9.613911548e-16 0.03513241641 0.7179699045 0.01892996993 0 0 1.144740085e-15 0.0964258719 0 0 0 0 0 
$SSageCompCatch
 2604
$obsAgeCompCatch
0 0.0004402501 0.05502548 0.006953935 0.0004038014 0.000694914 0.1499667 0.673788 0.008552837 0 0 0.004440766 0.09973326 0 0 0 0 0 
$predAgeCompCatch
0 0.008043955245 0.04445726267 0.007538992294 0.0004048135971 0.0005912580604 0.1401540217 0.6962255267 0.007992663444 0 0.0001014246385 0.005761182722 0.08872889891 0 0 0 0 0 
$genSS
 321
$obsGenComp     #GeneticFracData
0.01284308648 0.4671154842 0.5200414293 
$predGenComp     #catchGenComp_pred
0.01266766432 0.4686077073 0.5187246284 
#PARAMETERS_OF_INTEREST
$catchByGroup
0 
9.368891912e-11 
1.293727783e-10 
1.071092637e-10 
2.05589756e-09 
2.440895735e-11 
2275.119344 
62432.77783 
712.7223951 
0 
0 
353.9273983 
7103.156598 
0 
0 
0 
0 
0 
0 
1.985683643e-09 
5.391653351e-09 
3.368071494e-09 
6.514886949e-06 
3401.53706 
747444.1929 
1703300.94 
5841.965376 
0 
583.5009951 
32790.44364 
202560.8914 
0 
0 
0 
0 
0 
0 
46277.27503 
255764.8456 
43372.19803 
2328.912773 
2.29813771e-10 
56593.75261 
2239686.402 
39427.50297 
0 
0 
1.844027363e-09 
300797.7252 
0 
0 
0 
0 
0 
$escByGroup
 5e-101 7.742687607e-10 7.385849015e-10 7.608484161e-10 5.479754794e-10 8.435487224e-10 18802.15773 356426.6585 5062.80864 5e-101 5e-101 2924.94492 40551.68548 5e-101 5e-101 5e-101 5e-101 5e-101 5e-101 1.052168236e-09 1.552008087e-09 1.405695745e-09 3.395332283e-12 11220.39004 396053.5408 490301.7058 2438.198204 5e-101 1924.750088 17374.90428 58307.92915 5e-101 5e-101 5e-101 5e-101 5e-101 5e-101 19068.90758 54422.48701 13822.30873 0.0001171662302 6.381439088e-10 23319.89162 476567.8559 12565.17178 5e-101 5e-101 7.598456767e-10 64004.73158 5e-101 5e-101 5e-101 5e-101 5e-101
$catchByGroup
0 9.368891912e-11 1.293727783e-10 1.071092637e-10 2.05589756e-09 2.440895735e-11 2275.119344 62432.77783 712.7223951 0 0 353.9273983 7103.156598 0 0 0 0 0 0 1.985683643e-09 5.391653351e-09 3.368071494e-09 6.514886949e-06 3401.53706 747444.1929 1703300.94 5841.965376 0 583.5009951 32790.44364 202560.8914 0 0 0 0 0 0 46277.27503 255764.8456 43372.19803 2328.912773 2.29813771e-10 56593.75261 2239686.402 39427.50297 0 0 1.844027363e-09 300797.7252 0 0 0 0 0 
$Fmort
 2.800828303
#ESTIMATED_PARAMETERS
$availability
0.1424142707 1.32197817 1.53560756 
$availabilityVector
 0.1424142707 1.32197817 1.53560756
$selectivity
 0.07151384789 0.2863630759 0.4046523739 0.3301982966 3.907272442
$RunSize
 0 8.679576798e-10 8.679576798e-10 8.679576798e-10 2.603873039e-09 8.679576798e-10 21077.27708 418859.4363 5775.531035 0 0 3278.872318 47654.84208 0 0 0 0 0 0 3.037851879e-09 6.943661438e-09 4.773767239e-09 6.514890345e-06 14621.9271 1143497.734 2193602.646 8280.163581 0 2508.251083 50165.34793 260868.8205 0 0 0 0 0 0 65346.18261 310187.3326 57194.50676 2328.91289 8.679576798e-10 79913.64423 2716254.257 51992.67475 0 0 2.603873039e-09 364802.4568 0 0 0 0 0
