$ndistricts
1
$ngroups
54
$nstocks
3
$nagecomps
18
$AgeCompLabels
 0.1 0.2 0.3 0.4 0.5 1.1 1.2 1.3 1.4 1.5 2.1 2.2 2.3 2.4 3.1 3.2 3.3 3.4
$navailpar
3
$nselectpar
5
$GENdata
 -1
$maxGradient
5.359145649e-07
#LIKELIHOOD_VALUES_AND_PENALTIES
$totalNLL
346.0601407
$NLLcatch
0.2257913526
$NLLescape
-4.150939679
$NLLagecompCatch
108.9500787
$NLLagecompEsc
241.0352103
$NLLgenetics
0
$NLLselOne
4.6165257e-17
$NLLavailOne
1.234567898e-11
$NLLextra
3.1e-198
$sigmaCat
0.5
$sigmaEsc
0.1
#OBSERVED_AND_PREDICTED_VALUES
$predEsc
 591144.0001 1233318 1118873.001
$obsEsc
 591144 1233318 1118873
$predCatch
 7257070.859
$obsCatch
 7257071
$RunSize
 0 0 2745.04092 0 0 0 128492.2497 559620.3202 1128.581686 0 1.132472546e-09 71217.88052 260026.9776 0 0 0 0 0 0 0 5.662362731e-09 0 0 0 1184230.018 2795288.231 7301.46676 0 3.963653912e-09 573268.7315 1018759.792 0 0 0 0 0 0 1.075848919e-08 14980.97883 9.05978037e-09 0 0 19750.98091 3177876.476 88535.89042 0 7393.511892 188708.3402 101080.3925 0 0 0 0 0
$SSageCompEsc
 963 1043 0
$obsAgeCompEsc
0 0 0.002653152 0 0 0 0.1313918 0.5408873 0.0009200969 0 0 0.07282498 0.2513227 0 0 0 0 0 
0 0 0 0 0 0 0.2358717 0.4757742 0.0007731309 0 0 0.1141821 0.1733988 0 0 0 0 0 
0 0.01813838 0.04146803 0.01231944 0 0 0.03611367 0.8197572 0.009204734 0 0 0.01534065 0.04765794 0 0 0 0 0 
$predAgeCompEsc
0 0 0.002653151923 0 0 0 0.1313917962 0.5408872844 0.0009200968724 0 1.269196821e-15 0.0728249779 0.2513226927 0 0 0 0 0 
0 0 9.63766904e-16 0 0 0 0.2358717164 0.4757742328 0.0007731308999 0 1.019434917e-15 0.1141821079 0.1733988121 0 0 0 0 0 
0 3.36118468e-15 0.004160735843 1.763659418e-15 0 0 0.006170633558 0.8826061842 0.01723520335 0 0.002797156487 0.05895656638 0.02807352022 0 0 0 0 0 
$SSageCompCatch
 3237
$obsAgeCompCatch
0 0 0.001584977 0 0 0 0.1318704 0.6392025 0.01049797 0 0.0005875441 0.08038466 0.135872 0 0 0 0 0 
$predAgeCompCatch
0 9.642665114e-16 0.001584976932 9.764917006e-16 0 0 0.1318703932 0.6392024673 0.01049796959 0 0.0005875440797 0.08038465594 0.1358719929 0 0 0 0 0 
$genSS
 -1
$obsGenComp     #GeneticFracData
0 0 0 
$predGenComp     #catchGenComp_pred
0 0 0 
#PARAMETERS_OF_INTEREST
$catchByGroup
0 
0 
1176.646079 
0 
0 
0 
50820.7777 
239878.0473 
584.6719405 
0 
3.821944605e-10 
28167.83178 
111459.0757 
0 
0 
0 
0 
0 
0 
0 
4.473731661e-09 
0 
0 
0 
893325.1843 
2208507.306 
6347.950505 
0 
2.706366479e-09 
432445.8825 
804903.9163 
0 
0 
0 
0 
0 
0 
6.997750401e-09 
10325.64383 
7.086469465e-09 
0 
0 
12846.82562 
2190352.246 
69251.88673 
0 
4263.84902 
122743.4299 
69669.68867 
0 
0 
0 
0 
0 
$escByGroup
 5e-101 5e-101 1568.394841 5e-101 5e-101 5e-101 77671.47199 319742.2729 543.9097456 5e-101 7.502780858e-10 43050.04874 148567.9019 5e-101 5e-101 5e-101 5e-101 5e-101 5e-101 5e-101 1.188631071e-09 5e-101 5e-101 5e-101 290904.8336 586780.9253 953.5162555 5e-101 1.257287433e-09 140822.849 213855.8761 5e-101 5e-101 5e-101 5e-101 5e-101 5e-101 3.760738789e-09 4655.334999 1.973310906e-09 5e-101 5e-101 6904.155287 987524.23 19284.00369 5e-101 3129.662873 65964.91035 31410.70382 5e-101 5e-101 5e-101 5e-101 5e-101
$catchByGroup
0 0 1176.646079 0 0 0 50820.7777 239878.0473 584.6719405 0 3.821944605e-10 28167.83178 111459.0757 0 0 0 0 0 0 0 4.473731661e-09 0 0 0 893325.1843 2208507.306 6347.950505 0 2.706366479e-09 432445.8825 804903.9163 0 0 0 0 0 0 6.997750401e-09 10325.64383 7.086469465e-09 0 0 12846.82562 2190352.246 69251.88673 0 4263.84902 122743.4299 69669.68867 0 0 0 0 0 
$Fmort
 1.42266966
#ESTIMATED_PARAMETERS
$availability
0.5104741333 1.4236348 1.0658914 
$availabilityVector
 0.5104741333 1.4236348 1.0658914
$selectivity
 0.5669157982 0.6931362698 0.7707456427 1.005091447 1.964110844
$RunSize
 0 0 2745.04092 0 0 0 128492.2497 559620.3202 1128.581686 0 1.132472546e-09 71217.88052 260026.9776 0 0 0 0 0 0 0 5.662362731e-09 0 0 0 1184230.018 2795288.231 7301.46676 0 3.963653912e-09 573268.7315 1018759.792 0 0 0 0 0 0 1.075848919e-08 14980.97883 9.05978037e-09 0 0 19750.98091 3177876.476 88535.89042 0 7393.511892 188708.3402 101080.3925 0 0 0 0 0
