$ndistricts
1
$ngroups
54
$nstocks
3
$nagecomps
18
$AgeCompLabels
 0.1 0.2 0.3 0.4 0.5 1.1 1.2 1.3 1.4 1.5 2.1 2.2 2.3 2.4 3.1 3.2 3.3 3.4
$navailpar
3
$nselectpar
5
$GENdata
 -1
$maxGradient
8.115165923e-07
#LIKELIHOOD_VALUES_AND_PENALTIES
$totalNLL
304.3649424
$NLLcatch
0.2257913526
$NLLescape
-4.149411418
$NLLagecompCatch
125.0724458
$NLLagecompEsc
183.2161167
$NLLgenetics
0
$NLLselOne
3.267931848e-18
$NLLavailOne
1.234567898e-11
$NLLextra
2.7e-198
$sigmaCat
0.5
$sigmaEsc
0.1
#OBSERVED_AND_PREDICTED_VALUES
$predEsc
 281453.6656 514152.7497 74329.48852
$obsEsc
 281772 515772 74002.82
$predCatch
 657710.9741
$obsCatch
 657711
$RunSize
 0 93.9722753 262.2753249 2.461834998e-09 0 0 176399.1661 180193.9929 188.9815396 0 0 4616.148051 8350.265588 0 0 0 0 0 0 6.112142063e-09 9.422885681e-09 451.7686816 0 104.4179122 530094.8494 379257.472 781.383019 0 590.1313247 97866.92699 22688.05274 0 0 0 0 0 0 12575.29457 36393.68028 9600.466928 0 1.08235849e-07 1.326844173e-07 1.973712541e-07 1.994935257e-08 0 0 59749.59072 7388.041576 0 0 0 0 0
$SSageCompEsc
 2755 1432 0
$obsAgeCompEsc
0 0.0002721088 0.0006488749 0 0 0 0.5154165 0.4490953 0.0005418644 0 0 0.01336665 0.02065874 0 0 0 0 0 
0 0 0 0.0003906609 0 0.0002024487 0.6012857 0.2754403 0.0009968869 0 0.001144165 0.1049343 0.01560552 0 0 0 0 0 
0 0.02913312 0.0651482 0.01223487 0 0.004946185 0.4856242 0.2586278 0.002050846 0 0 0.08596988 0.0562649 0 0 0 0 0 
$predAgeCompEsc
0 0.0002743779957 0.0006538463472 6.658110992e-15 0 0 0.5150460547 0.4492194761 0.0005111065799 0 0 0.01347811837 0.02081701988 0 0 0 0 0 
0 6.876539731e-15 6.822731138e-15 0.0004105278916 0 0.0002030871436 0.5963896545 0.2746050256 0.0007100525918 0 0.001147773237 0.1101063759 0.01642750312 0 0 0 0 0 
0 0.1122961603 0.2336510557 0.07306277285 0 1.456161941e-12 1.184858972e-12 1.267143129e-12 1.518212631e-13 0 0 0.5335580476 0.04743196348 0 0 0 0 0 
$SSageCompCatch
 3700
$obsAgeCompCatch
0 0.006950131 0.03007695 0.007045262 0 0 0.3797775 0.4415627 0.0003810855 0 0 0.1017826 0.03242383 0 0 0 0 0 
$predAgeCompCatch
0 0.006454394344 0.02904735582 0.00670574645 0 1.503244235e-10 0.3875517435 0.4437025976 0.000701579058 0 8.495779053e-10 0.09452268497 0.03131389726 0 0 0 0 0 
$genSS
 -1
$obsGenComp     #GeneticFracData
0 0 0 
$predGenComp     #catchGenComp_pred
0 0 0 
#PARAMETERS_OF_INTEREST
$catchByGroup
0 
16.74758266 
78.24787379 
5.878852532e-10 
0 
0 
31437.56611 
53759.52473 
45.12871916 
0 
0 
822.6822308 
2491.239037 
0 
0 
0 
0 
0 
0 
2.576550252e-09 
5.914959705e-09 
240.6946373 
0 
9.887002292e-05 
223459.4686 
238068.543 
416.3075265 
0 
0.0005587767117 
41255.43103 
14241.80684 
0 
0 
0 
0 
0 
0 
4228.378409 
19026.51682 
4169.748393 
0 
7.673176219e-14 
4.461445593e-08 
1.031851535e-07 
8.664555737e-09 
0 
0 
20090.49394 
3862.447991 
0 
0 
0 
0 
0 
$escByGroup
 5e-101 77.22469263 184.0274511 1.873949744e-09 5e-101 5e-101 144961.6 126434.4682 143.8528204 5e-101 5e-101 3793.465821 5859.026551 5e-101 5e-101 5e-101 5e-101 5e-101 5e-101 3.535591812e-09 3.507925975e-09 211.0740443 5e-101 104.4178133 306635.3808 141188.929 365.0754925 5e-101 590.130766 56611.49595 8446.2459 5e-101 5e-101 5e-101 5e-101 5e-101 5e-101 8346.916158 17367.16346 5430.718536 5e-101 1.082357723e-07 8.806996136e-08 9.418610063e-08 1.128479683e-08 5e-101 5e-101 39659.09677 3525.593585 5e-101 5e-101 5e-101 5e-101 5e-101
$catchByGroup
0 16.74758266 78.24787379 5.878852532e-10 0 0 31437.56611 53759.52473 45.12871916 0 0 822.6822308 2491.239037 0 0 0 0 0 0 2.576550252e-09 5.914959705e-09 240.6946373 0 9.887002292e-05 223459.4686 238068.543 416.3075265 0 0.0005587767117 41255.43103 14241.80684 0 0 0 0 0 0 4228.378409 19026.51682 4169.748393 0 7.673176219e-14 4.461445593e-08 1.031851535e-07 8.664555737e-09 0 0 20090.49394 3862.447991 0 0 0 0 0 
$Fmort
 0.5056570882
#ESTIMATED_PARAMETERS
$availability
0.5104741333 1.4236348 1.0658914 
$availabilityVector
 0.5104741333 1.4236348 1.0658914
$selectivity
 1.315331256e-06 0.760409259 1.372629772 1.057080033 1.80987962
$RunSize
 0 93.9722753 262.2753249 2.461834998e-09 0 0 176399.1661 180193.9929 188.9815396 0 0 4616.148051 8350.265588 0 0 0 0 0 0 6.112142063e-09 9.422885681e-09 451.7686816 0 104.4179122 530094.8494 379257.472 781.383019 0 590.1313247 97866.92699 22688.05274 0 0 0 0 0 0 12575.29457 36393.68028 9600.466928 0 1.08235849e-07 1.326844173e-07 1.973712541e-07 1.994935257e-08 0 0 59749.59072 7388.041576 0 0 0 0 0
