$ndistricts
1
$ngroups
54
$nstocks
3
$nagecomps
18
$AgeCompLabels
 0.1 0.2 0.3 0.4 0.5 1.1 1.2 1.3 1.4 1.5 2.1 2.2 2.3 2.4 3.1 3.2 3.3 3.4
$navailpar
3
$nselectpar
5
$GENdata
 1
$maxGradient
1.272478974e-06
#LIKELIHOOD_VALUES_AND_PENALTIES
$totalNLL
375.516997
$NLLcatch
0.2257913526
$NLLescape
-4.150938838
$NLLagecompCatch
92.62709898
$NLLagecompEsc
211.4635148
$NLLgenetics
75.35153075
$NLLselOne
2.664479689e-16
$NLLavailOne
2.758929128e-17
$NLLextra
2.9e-198
$sigmaCat
0.5
$sigmaEsc
0.1
#OBSERVED_AND_PREDICTED_VALUES
$predEsc
 1987530.509 2968705.435 3669371.894
$obsEsc
 1987530 2969040 3669136
$predCatch
 4351562.79
$obsCatch
 4351563
$RunSize
 0 0 2.161149495e-09 0 0 1.44076633e-09 350738.9992 1660500.826 1127.151657 0 3779.2294 88179.64479 11937.84691 0 0 0 0 0 0 0 4.32229899e-09 0 0 18173.42854 2498168.251 2645813.304 7848.024233 0 3778.296877 516763.7863 94382.88101 0 0 0 0 0 0 0 58747.18145 12758.57058 0 2.88153266e-09 178977.0614 4646873.03 7.20383165e-09 0 3.601915825e-09 145743.0754 32880.04033 0 0 0 0 0
$SSageCompEsc
 1155 1103 557
$obsAgeCompEsc
0 0 0 0 0 0 0.1677802 0.782129 0.0005046513 0 0.001868353 0.04216288 0.005554903 0 0 0 0 0 
0 0 0 0 0 0.005090785 0.4694064 0.4178109 0.0001720176 0 0.001028753 0.09609969 0.01039145 0 0 0 0 0 
0 0 0.01172543 0.003274122 0 0 0.03785101 0.9108455 0 0 0 0.03068131 0.005622623 0 0 0 0 0 
$predAgeCompEsc
0 0 1.017774871e-15 0 0 7.131914483e-16 0.1678017338 0.7819986619 0.0005196242037 0 0.001870750332 0.04218720279 0.005622026897 0 0 0 0 0 
0 0 6.745971206e-16 0 0 0.00506499982 0.4683683581 0.4129418257 0.0009557973832 0 0.001053024912 0.09688531027 0.01473068381 0 0 0 0 0 
0 0 0.01151629762 0.002249024099 0 7.240862716e-16 0.03795142293 0.9109334527 1.269859417e-15 0 9.051078395e-16 0.03090427929 0.006445523359 0 0 0 0 0 
$SSageCompCatch
 2466
$obsAgeCompCatch
0 0 0.003542347 0 0 0.0006983863 0.2679322 0.6441424 0.001977851 0 0.0001911961 0.06231127 0.01920438 0 0 0 0 0 
$predAgeCompCatch
0 0 0.003789351877 0.001035504938 0 0.0007208757405 0.2676435403 0.6504524573 0.001173124758 0 0.0001639025268 0.061084931 0.01393631158 0 0 0 0 0 
$genSS
 314
$obsGenComp     #GeneticFracData
0.02971394037 0.6437348912 0.3265511684 
$predGenComp     #catchGenComp_pred
0.02958320837 0.6471749742 0.3232418175 
#PARAMETERS_OF_INTEREST
$catchByGroup
0 
0 
1.382908882e-10 
0 
0 
2.327656751e-11 
17227.93366 
106254.6273 
94.38269916 
0 
61.05604111 
4331.292141 
763.8969242 
0 
0 
0 
0 
0 
0 
0 
2.319618852e-09 
0 
0 
3136.936049 
1107720.561 
1419910.661 
5010.543347 
0 
652.1760958 
229139.8391 
50651.81992 
0 
0 
0 
0 
0 
0 
0 
16489.60263 
4506.064758 
0 
2.245908462e-10 
39719.1768 
1304319.421 
2.544245198e-09 
0 
2.807385578e-10 
32343.78156 
9229.018072 
0 
0 
0 
0 
0 
$escByGroup
 5e-101 5e-101 2.022858607e-09 5e-101 5e-101 1.417489763e-09 333511.0655 1554246.199 1032.768958 5e-101 3718.173359 83848.35265 11173.94998 5e-101 5e-101 5e-101 5e-101 5e-101 5e-101 5e-101 2.002680138e-09 5e-101 5e-101 15036.49249 1390447.69 1225902.642 2837.480886 5e-101 3126.120781 287623.9472 43731.0611 5e-101 5e-101 5e-101 5e-101 5e-101 5e-101 5e-101 42257.57883 8252.505819 5e-101 2.656941814e-09 139257.8846 3342553.608 4.659586452e-09 5e-101 3.321177267e-09 113399.2938 23651.02225 5e-101 5e-101 5e-101 5e-101 5e-101
$catchByGroup
0 0 1.382908882e-10 0 0 2.327656751e-11 17227.93366 106254.6273 94.38269916 0 61.05604111 4331.292141 763.8969242 0 0 0 0 0 0 0 2.319618852e-09 0 0 3136.936049 1107720.561 1419910.661 5010.543347 0 652.1760958 229139.8391 50651.81992 0 0 0 0 0 0 0 16489.60263 4506.064758 0 2.245908462e-10 39719.1768 1304319.421 2.544245198e-09 0 2.807385578e-10 32343.78156 9229.018072 0 0 0 0 0 
$Fmort
 0.3373291769
#ESTIMATED_PARAMETERS
$availability
0.1703044241 1.981221375 0.8484742016 
$availabilityVector
 0.1703044241 1.981221375 0.8484742016
$selectivity
 0.2835159911 0.8767187559 1.151090399 1.522233984 1.166440872
$RunSize
 0 0 2.161149495e-09 0 0 1.44076633e-09 350738.9992 1660500.826 1127.151657 0 3779.2294 88179.64479 11937.84691 0 0 0 0 0 0 0 4.32229899e-09 0 0 18173.42854 2498168.251 2645813.304 7848.024233 0 3778.296877 516763.7863 94382.88101 0 0 0 0 0 0 0 58747.18145 12758.57058 0 2.88153266e-09 178977.0614 4646873.03 7.20383165e-09 0 3.601915825e-09 145743.0754 32880.04033 0 0 0 0 0
