$ndistricts
1
$ngroups
54
$nstocks
3
$nagecomps
18
$AgeCompLabels
 0.1 0.2 0.3 0.4 0.5 1.1 1.2 1.3 1.4 1.5 2.1 2.2 2.3 2.4 3.1 3.2 3.3 3.4
$navailpar
3
$nselectpar
5
$GENdata
 1
$maxGradient
4.117689285e-07
#LIKELIHOOD_VALUES_AND_PENALTIES
$totalNLL
362.0396743
$NLLcatch
0.2257913526
$NLLescape
-4.150938196
$NLLagecompCatch
73.91314963
$NLLagecompEsc
211.7707758
$NLLgenetics
80.28089569
$NLLselOne
1.565409971e-16
$NLLavailOne
3.209473258e-17
$NLLextra
0
$sigmaCat
0.5
$sigmaEsc
0.1
#OBSERVED_AND_PREDICTED_VALUES
$predEsc
 878968.8682 4410596.299 4696645.949
$obsEsc
 878952 4410156 4697299
$predCatch
 17149164.83
$obsCatch
 17149165
$RunSize
 1e-06 1e-06 1e-06 1e-06 1e-06 6.235162755e-05 737185.1635 656133.9878 4494.617867 1e-06 1e-06 8442.935993 41835.13725 1e-06 1e-06 1e-06 1e-06 1e-06 1e-06 1e-06 1e-06 1e-06 1e-06 8103.222208 10123111.46 849563.36 0.0004295187771 1e-06 3351.115955 394082.8797 68908.89852 1e-06 1e-06 1e-06 1e-06 1e-06 1e-06 1e-06 1e-06 1e-06 1e-06 4501.352568 8099825.592 5888964.677 36837.27473 1e-06 1e-06 169100.2556 32019.3089 8914.705608 1e-06 1e-06 1e-06 1e-06
$SSageCompEsc
 1 1 1
$obsAgeCompEsc
0 0 0 0 0 0 0.4772672 0.4840151 0.003174235 0 0 0.005391648 0.03015182 0 0 0 0 0 
0 0 0 0 0 0.001610374 0.8714921 0.09161354 0 0 0.0006943065 0.02890827 0.005681432 0 0 0 0 0 
0 0 0 0 0 0.0008091884 0.5004318 0.4855901 0.002475678 0 0 0.007991188 0.001693314 0.001008665 0 0 0 0 
$predAgeCompEsc
1.059028775e-12 6.468812391e-13 7.370987386e-13 7.108522872e-13 7.193207116e-13 6.603216772e-11 0.476871252 0.4836355348 0.003195009391 7.193207116e-13 1.059028775e-12 0.005461576896 0.03083662689 7.108522872e-13 1.059028775e-12 6.468812391e-13 7.370987386e-13 7.108522872e-13 
2.003348431e-13 8.550793343e-14 1.07136326e-13 1.006330872e-13 1.027126147e-13 0.00162335775 0.865606341 0.0910190971 4.322380057e-11 1.027126147e-13 0.0006713452891 0.03369721265 0.007382646217 1.006330872e-13 2.003348431e-13 8.550793343e-14 1.07136326e-13 1.006330872e-13 
1.819211605e-13 6.163256065e-14 8.209403994e-14 7.581178072e-14 7.780900735e-14 0.0008188912828 0.4992129921 0.4834489014 0.002792699394 7.780900735e-14 1.819211605e-13 0.01042208176 0.002628594423 0.0006758397067 1.819211605e-13 6.163256065e-14 8.209403994e-14 7.581178072e-14 
$SSageCompCatch
 1
$obsAgeCompCatch
0 0 0 0 0 0.0001160989 0.7151149 0.2466101 0.001812625 0 0 0.02888082 0.007465378 0 0 0 0 0 
$predAgeCompCatch
1.930888652e-14 1.029090487e-13 8.711861175e-14 9.185694873e-14 9.034109044e-14 9.32148409e-05 0.7218136017 0.25059673 0.001481544962 9.034109044e-14 2.274646676e-05 0.02153177076 0.004125650484 0.0003347408369 1.930888652e-14 1.029090487e-13 8.711861175e-14 9.185694873e-14 
$genSS
 718
$obsGenComp     #GeneticFracData
0.0328030962 0.4076571012 0.5595398026 
$predGenComp     #catchGenComp_pred
0.03318662919 0.4103129633 0.5565004075 
#PARAMETERS_OF_INTEREST
$catchByGroup
6.914667659e-08 
4.314115294e-07 
3.52113156e-07 
3.751829697e-07 
3.677394883e-07 
4.311407825e-06 
318030.1789 
231033.4092 
1686.304079 
3.677394883e-07 
6.914667659e-08 
3642.37993 
14730.70221 
3.751829697e-07 
6.914667659e-08 
4.314115294e-07 
3.52113156e-07 
3.751829697e-07 
1.164038824e-07 
6.228590253e-07 
5.27464917e-07 
5.561480779e-07 
5.469761219e-07 
943.2465253 
6305271.338 
448114.8672 
0.0002388760423 
5.469761219e-07 
390.0829076 
245458.0784 
36347.02644 
5.561480779e-07 
1.164038824e-07 
6.228590253e-07 
5.27464917e-07 
5.561480779e-07 
1.455807186e-07 
7.105336837e-07 
6.144333599e-07 
6.439389072e-07 
6.345586408e-07 
655.3101417 
5755198.916 
3618376.353 
23720.95443 
6.345586408e-07 
1.455807186e-07 
120151.4276 
19673.73155 
5740.525787 
1.455807186e-07 
7.105336837e-07 
6.144333599e-07 
6.439389072e-07 
$escByGroup
 9.308533234e-07 5.685884706e-07 6.47886844e-07 6.248170303e-07 6.322605117e-07 5.804021972e-05 419154.9846 425100.5786 2808.313788 6.322605117e-07 9.308533234e-07 4800.556063 27104.43504 6.248170303e-07 9.308533234e-07 5.685884706e-07 6.47886844e-07 6.248170303e-07 8.835961176e-07 3.771409747e-07 4.72535083e-07 4.438519221e-07 4.530238781e-07 7159.975683 3817840.123 401448.4928 0.0001906427348 4.530238781e-07 2961.033047 148624.8014 32561.87208 4.438519221e-07 8.835961176e-07 3.771409747e-07 4.72535083e-07 4.438519221e-07 8.544192814e-07 2.894663163e-07 3.855666401e-07 3.560610928e-07 3.654413592e-07 3846.042426 2344626.677 2270588.324 13116.3203 3.654413592e-07 8.544192814e-07 48948.82809 12345.57735 3174.179821 8.544192814e-07 2.894663163e-07 3.855666401e-07 3.560610928e-07
$catchByGroup
6.914667659e-08 4.314115294e-07 3.52113156e-07 3.751829697e-07 3.677394883e-07 4.311407825e-06 318030.1789 231033.4092 1686.304079 3.677394883e-07 6.914667659e-08 3642.37993 14730.70221 3.751829697e-07 6.914667659e-08 4.314115294e-07 3.52113156e-07 3.751829697e-07 1.164038824e-07 6.228590253e-07 5.27464917e-07 5.561480779e-07 5.469761219e-07 943.2465253 6305271.338 448114.8672 0.0002388760423 5.469761219e-07 390.0829076 245458.0784 36347.02644 5.561480779e-07 1.164038824e-07 6.228590253e-07 5.27464917e-07 5.561480779e-07 1.455807186e-07 7.105336837e-07 6.144333599e-07 6.439389072e-07 6.345586408e-07 655.3101417 5755198.916 3618376.353 23720.95443 6.345586408e-07 1.455807186e-07 120151.4276 19673.73155 5740.525787 1.455807186e-07 7.105336837e-07 6.144333599e-07 6.439389072e-07 
$Fmort
 0.656069599
#ESTIMATED_PARAMETERS
$availability
0.6093991653 1.05251316 1.338087675 
$availabilityVector
 0.6093991653 1.05251316 1.338087675
$selectivity
 0.17921981 1.412172796 1.085618428 1.176304903 1.146684065
$RunSize
 1e-06 1e-06 1e-06 1e-06 1e-06 6.235162755e-05 737185.1635 656133.9878 4494.617867 1e-06 1e-06 8442.935993 41835.13725 1e-06 1e-06 1e-06 1e-06 1e-06 1e-06 1e-06 1e-06 1e-06 1e-06 8103.222208 10123111.46 849563.36 0.0004295187771 1e-06 3351.115955 394082.8797 68908.89852 1e-06 1e-06 1e-06 1e-06 1e-06 1e-06 1e-06 1e-06 1e-06 1e-06 4501.352568 8099825.592 5888964.677 36837.27473 1e-06 1e-06 169100.2556 32019.3089 8914.705608 1e-06 1e-06 1e-06 1e-06
