$ndistricts
1
$ngroups
54
$nstocks
3
$nagecomps
18
$AgeCompLabels
 0.1 0.2 0.3 0.4 0.5 1.1 1.2 1.3 1.4 1.5 2.1 2.2 2.3 2.4 3.1 3.2 3.3 3.4
$navailpar
3
$nselectpar
5
$GENdata
 1
$maxGradient
9.759516648e-07
#LIKELIHOOD_VALUES_AND_PENALTIES
$totalNLL
382.8916388
$NLLcatch
-1.38364656
$NLLescape
-6.230377562
$NLLagecompCatch
94.64366289
$NLLagecompEsc
204.0674454
$NLLgenetics
91.7945546
$NLLselOne
2.098580534e-16
$NLLavailOne
3.033799857e-18
$NLLextra
0
$sigmaCat
0.1
$sigmaEsc
0.05
#OBSERVED_AND_PREDICTED_VALUES
$predEsc
 378746.4523 3747413.98 3455654.72
$obsEsc
 378768 3747612 3455272
$predCatch
 21571463.74
$obsCatch
 21571464
$RunSize
 1e-06 1e-06 0.0001920216604 1e-06 1e-06 330.7765093 509666.5392 1899753.171 1787.444783 1e-06 1e-06 3217.221562 7244.898581 1e-06 1e-06 1e-06 1e-06 1e-06 1e-06 1e-06 0.001717019717 1e-06 1e-06 6871.398019 6885966.197 3046656.289 10761.167 1e-06 1e-06 1081056.376 169456.2121 1e-06 1e-06 1e-06 1e-06 1e-06 1e-06 1e-06 1614.057877 1e-06 1e-06 2652.328346 1575856.666 13411609.53 105928.5189 1e-06 1e-06 342549.6592 90300.44145 1e-06 1e-06 1e-06 1e-06 1e-06
$SSageCompEsc
 1 1 1
$obsAgeCompEsc
0 0 0 0 0 0.000704917 0.2869619 0.7075439 0.000704917 0 0 0.001689689 0.002394606 0 0 0 0 0 
0 0 0 0 0 0.001591947 0.689225 0.2268356 0.0008266598 0 0 0.0749077 0.006613011 0 0 0 0 0 
0 0 0 0 0 0.0006479953 0.1400292 0.8315704 0.006818277 0 0 0.01880691 0.002127184 0 0 0 0 0 
$predAgeCompEsc
2.131972195e-12 5.59667417e-13 7.164753768e-11 3.956573492e-13 1.270215818e-12 0.0007052063204 0.2852437555 0.7088400161 0.0007072156645 1.270215818e-12 2.131972195e-12 0.001800574082 0.002703232244 3.956573492e-13 2.131972195e-12 5.59667417e-13 3.731221651e-13 3.956573492e-13 
2.316658464e-13 9.567497124e-14 1.256460368e-10 7.606997649e-14 1.644953681e-13 0.001591868238 0.6588146179 0.2229446082 0.0008186017207 1.644953681e-13 2.316658464e-13 0.1034300377 0.01240026614 7.606997649e-14 2.316658464e-13 9.567497124e-14 7.317681651e-14 7.606997649e-14 
2.443082114e-13 8.473001028e-14 9.920699887e-05 6.438551231e-14 1.621309052e-13 0.0006479855942 0.1335223515 0.824335701 0.00682026196 1.621309052e-13 2.443082114e-13 0.02902423614 0.005550256852 6.438551231e-14 2.443082114e-13 8.473001028e-14 6.146433797e-14 6.438551231e-14 
$SSageCompCatch
 1
$obsAgeCompCatch
0 0 0.0001578474 0 0 6.466877e-05 0.239159 0.6546395 0.004226556 0 0 0.08286957 0.01888286 0 0 0 0 0 
$predAgeCompCatch
2.22576662e-14 9.905199721e-14 5.893128856e-05 1.08596543e-13 6.222153542e-14 6.41034253e-05 0.2750483768 0.6678018341 0.004245106703 6.222153542e-14 2.22576662e-14 0.04349488746 0.00928676018 1.08596543e-13 2.22576662e-14 9.905199721e-14 1.09962772e-13 1.08596543e-13 
$genSS
 902
$obsGenComp     #GeneticFracData
0.09800808853 0.3390534601 0.5629384513 
$predGenComp     #catchGenComp_pred
0.09472021108 0.3455191427 0.5597606462 
#PARAMETERS_OF_INTEREST
$catchByGroup
1.925230949e-07 
7.880279513e-07 
0.0001648854097 
8.501461827e-07 
5.189102652e-07 
63.68211728 
401631.4787 
1631282.529 
1519.589359 
5.189102652e-07 
1.925230949e-07 
2535.260516 
6221.058959 
8.501461827e-07 
1.925230949e-07 
7.880279513e-07 
8.586813037e-07 
8.501461827e-07 
1.318521684e-07 
6.414662752e-07 
0.001246172002 
7.149343066e-07 
3.83567758e-07 
906.0087285 
4417115.088 
2211190.547 
7693.527468 
3.83567758e-07 
1.318521684e-07 
693461.2067 
122987.2814 
7.149343066e-07 
1.318521684e-07 
6.414662752e-07 
7.257761748e-07 
7.149343066e-07 
1.557551763e-07 
7.072023401e-07 
1271.232744 
7.775059005e-07 
4.397315721e-07 
413.113869 
1114449.522 
10562989.98 
82360.0485 
4.397315721e-07 
1.557551763e-07 
242251.9206 
71120.67016 
7.775059005e-07 
1.557551763e-07 
7.072023401e-07 
7.876004704e-07 
7.775059005e-07 
$escByGroup
 8.074769051e-07 2.119720487e-07 2.713625071e-05 1.498538173e-07 4.810897348e-07 267.094392 108035.0604 268470.6413 267.8554239 4.810897348e-07 8.074769051e-07 681.9610454 1023.839622 1.498538173e-07 8.074769051e-07 2.119720487e-07 1.413186963e-07 1.498538173e-07 8.681478316e-07 3.585337248e-07 0.0004708477148 2.850656934e-07 6.16432242e-07 5965.389291 2468851.11 835465.7417 3067.639532 6.16432242e-07 8.681478316e-07 387595.1692 46468.93069 2.850656934e-07 8.681478316e-07 3.585337248e-07 2.742238252e-07 2.850656934e-07 8.442448237e-07 2.927976599e-07 342.8251339 2.224940995e-07 5.602684279e-07 2239.214477 461407.1441 2848619.556 23568.47043 5.602684279e-07 8.442448237e-07 100297.7386 19179.77128 2.224940995e-07 8.442448237e-07 2.927976599e-07 2.123995296e-07 2.224940995e-07
$catchByGroup
1.925230949e-07 7.880279513e-07 0.0001648854097 8.501461827e-07 5.189102652e-07 63.68211728 401631.4787 1631282.529 1519.589359 5.189102652e-07 1.925230949e-07 2535.260516 6221.058959 8.501461827e-07 1.925230949e-07 7.880279513e-07 8.586813037e-07 8.501461827e-07 1.318521684e-07 6.414662752e-07 0.001246172002 7.149343066e-07 3.83567758e-07 906.0087285 4417115.088 2211190.547 7693.527468 3.83567758e-07 1.318521684e-07 693461.2067 122987.2814 7.149343066e-07 1.318521684e-07 6.414662752e-07 7.257761748e-07 7.149343066e-07 1.557551763e-07 7.072023401e-07 1271.232744 7.775059005e-07 4.397315721e-07 413.113869 1114449.522 10562989.98 82360.0485 4.397315721e-07 1.557551763e-07 242251.9206 71120.67016 7.775059005e-07 1.557551763e-07 7.072023401e-07 7.876004704e-07 7.775059005e-07 
$Fmort
 1.038701412
#ESTIMATED_PARAMETERS
$availability
1.223003216 0.8086595209 0.9683372629 
$availabilityVector
 1.223003216 0.8086595209 0.9683372629
$selectivity
 0.1683341768 1.221174457 1.54033182 1.494168672 0.5759908768
$RunSize
 1e-06 1e-06 0.0001920216604 1e-06 1e-06 330.7765093 509666.5392 1899753.171 1787.444783 1e-06 1e-06 3217.221562 7244.898581 1e-06 1e-06 1e-06 1e-06 1e-06 1e-06 1e-06 0.001717019717 1e-06 1e-06 6871.398019 6885966.197 3046656.289 10761.167 1e-06 1e-06 1081056.376 169456.2121 1e-06 1e-06 1e-06 1e-06 1e-06 1e-06 1e-06 1614.057877 1e-06 1e-06 2652.328346 1575856.666 13411609.53 105928.5189 1e-06 1e-06 342549.6592 90300.44145 1e-06 1e-06 1e-06 1e-06 1e-06
