$ndistricts
1
$ngroups
54
$nstocks
3
$nagecomps
18
$AgeCompLabels
 0.1 0.2 0.3 0.4 0.5 1.1 1.2 1.3 1.4 1.5 2.1 2.2 2.3 2.4 3.1 3.2 3.3 3.4
$navailpar
3
$nselectpar
5
$GENdata
 1
$maxGradient
1.071254261e-006
#LIKELIHOOD_VALUES_AND_PENALTIES
$totalNLL
309.3053161
$NLLcatch
0.2257913526
$NLLescape
-4.150939615
$NLLagecompCatch
75.51267326
$NLLagecompEsc
161.6937497
$NLLgenetics
76.0240414
$NLLselOne
2.115775647e-016
$NLLavailOne
1.290304718e-017
$NLLextra
2.7e-198
$sigmaCat
0.5
$sigmaEsc
0.1
#OBSERVED_AND_PREDICTED_VALUES
$predEsc
 770770.4362 7507077.801 1247493.713
$obsEsc
 770772 7507254 1247460
$predCatch
 22798338.85
$obsCatch
 22798340
$RunSize
 0 0 3.588665587e-009 0 0 3.588665587e-009 606078.7954 749986.3822 3593.211488 0 3.588665587e-009 654.8647288 3.588665587e-009 0 0 0 3.588665587e-009 0 0 0 3093.436823 0 0 3.588665587e-009 19355873.39 2143175.795 8.971663967e-009 0 3488.392466 52209.101 4.844698542e-008 0 0 0 900.4614257 0 0 0 5.38299838e-009 0 0 10074.91445 1058571.29 8157397.124 69669.16476 0 3.588665587e-009 13145.34982 95769.129 0 0 0 5.38299838e-009 0
$SSageCompEsc
 1 1 1
$obsAgeCompEsc
0 0 0 0 0 0 0.53373308 0.46283651 0.0028653925 0 0 0.00056502388 0 0 0 0 0 0 
0 0 0 0 0 0 0.95673594 0.042507412 0 0 0 0.00075664663 0 0 0 0 0 0 
0 0 0 0 0 0.0027684825 0.26618127 0.70816336 0.013009616 0 0 0.0028047147 0.0070725608 0 0 0 0 0 
$predAgeCompEsc
0 0 2.214720463e-015 0 0 3.190165209e-015 0.5337086771 0.4628489748 0.002865678937 0 3.190165209e-015 0.000576669223 2.214720463e-015 0 0 0 2.214720463e-015 0 
0 0 6.132898218e-005 0 0 1.813436482e-016 0.9546798927 0.04248956669 3.43239567e-016 0 0.0001762766134 0.002575082919 9.604864997e-016 0 0 0 1.785211268e-005 0 
0 0 4.664492335e-016 0 0 0.00260362324 0.2659290849 0.7068572879 0.01300907767 0 9.274057039e-016 0.003302310274 0.00829861606 0 0 0 4.664492335e-016 0 
$SSageCompCatch
 1
$obsAgeCompCatch
0 0 0.00017666557 0 0 0.00013539563 0.57206192 0.4157369 0.0024104994 0 0.00027111166 0.0041739649 0.0049821158 0 0 0 5.1425174e-005 0 
$predAgeCompCatch
0 0 0.0001154924224 0 0 0.0002994477303 0.5750662624 0.4163915868 0.002404774023 0 9.496613895e-005 0.001847234446 0.003746617602 0 0 0 3.361842421e-005 0 
$genSS
 745
$obsGenComp     #GeneticFracData
0.02591692762 0.6171688915 0.3569141808 
$predGenComp     #catchGenComp_pred
0.02585902515 0.6163459042 0.3577950706 
#PARAMETERS_OF_INTEREST
$catchByGroup
0 
0 
1.88162453e-009 
0 
0 
1.129780558e-009 
194711.9256 
393236.0761 
1384.430884 
0 
1.129780558e-009 
210.3851402 
1.88162453e-009 
0 
0 
0 
1.88162453e-009 
0 
0 
0 
2633.035382 
0 
0 
2.227304711e-009 
12189017.16 
1824203.313 
6.394937834e-009 
0 
2165.070215 
32877.75319 
4.123653854e-008 
0 
0 
0 
766.4442269 
0 
0 
0 
4.801105894e-009 
0 
0 
6826.910823 
726826.4285 
7275597.102 
53440.42216 
0 
2.431732802e-009 
9025.738511 
85416.65764 
0 
0 
0 
4.801105894e-009 
0 
$escByGroup
 5e-101 5e-101 1.707041057e-009 5e-101 5e-101 2.458885029e-009 411366.8698 356750.3062 2208.780604 5e-101 2.458885029e-009 444.4795885 1.707041057e-009 5e-101 5e-101 5e-101 1.707041057e-009 5e-101 5e-101 5e-101 460.4014407 5e-101 5e-101 1.361360876e-009 7166856.229 318972.4828 2.576726133e-009 5e-101 1323.322251 19331.34781 7.21044688e-009 5e-101 5e-101 5e-101 134.0171988 5e-101 5e-101 5e-101 5.818924861e-010 5e-101 5e-101 3248.003623 331744.8614 881800.0225 16228.7426 5e-101 1.156932785e-009 4119.611305 10352.47136 5e-101 5e-101 5e-101 5.818924861e-010 5e-101
$catchByGroup
0 0 1.88162453e-009 0 0 1.129780558e-009 194711.9256 393236.0761 1384.430884 0 1.129780558e-009 210.3851402 1.88162453e-009 0 0 0 1.88162453e-009 0 0 0 2633.035382 0 0 2.227304711e-009 12189017.16 1824203.313 6.394937834e-009 0 2165.070215 32877.75319 4.123653854e-008 0 0 0 766.4442269 0 0 0 4.801105894e-009 0 0 6826.910823 726826.4285 7275597.102 53440.42216 0 2.431732802e-009 9025.738511 85416.65764 0 0 0 4.801105894e-009 0 
$Fmort
 1.143887048
#ESTIMATED_PARAMETERS
$availability
0.4574607602 1.172830042 1.369709198 
$availabilityVector
 0.4574607602 1.172830042 1.369709198
$selectivity
 0.7225002661 0.7405633945 1.41991678 0.9299085951 1.187110967
$RunSize
 0 0 3.588665587e-009 0 0 3.588665587e-009 606078.7954 749986.3822 3593.211488 0 3.588665587e-009 654.8647288 3.588665587e-009 0 0 0 3.588665587e-009 0 0 0 3093.436823 0 0 3.588665587e-009 19355873.39 2143175.795 8.971663967e-009 0 3488.392466 52209.101 4.844698542e-008 0 0 0 900.4614257 0 0 0 5.38299838e-009 0 0 10074.91445 1058571.29 8157397.124 69669.16476 0 3.588665587e-009 13145.34982 95769.129 0 0 0 5.38299838e-009 0
