$ndistricts
1
$ngroups
54
$nstocks
3
$nagecomps
18
$AgeCompLabels
 0.1 0.2 0.3 0.4 0.5 1.1 1.2 1.3 1.4 1.5 2.1 2.2 2.3 2.4 3.1 3.2 3.3 3.4
$navailpar
3
$nselectpar
5
$GENdata
 1
$maxGradient
8.109602656e-07
#LIKELIHOOD_VALUES_AND_PENALTIES
$totalNLL
391.0707832
$NLLcatch
0.2257913526
$NLLescape
-4.150939506
$NLLagecompCatch
95.87539352
$NLLagecompEsc
229.3838042
$NLLgenetics
69.73673361
$NLLselOne
1.758686686e-16
$NLLavailOne
1.424290586e-17
$NLLextra
2.7e-198
$sigmaCat
0.5
$sigmaEsc
0.1
#OBSERVED_AND_PREDICTED_VALUES
$predEsc
 415452.5713 1528020.331 518061.799
$obsEsc
 415452 1528086 518041
$predCatch
 8162197.863
$obsCatch
 8162198
$RunSize
 0 0 0 0 0 1.179476183e-09 562835.6889 153046.0488 2208.952918 2.813050697e-07 0 29618.84936 3313.073369 1.179476183e-09 0 0 0 1.179476183e-09 0 0 0 0 0 10373.30913 5146402.274 2040257.448 13011.5128 2.502258723e-06 0 227532.2002 59680.20444 5.307642825e-09 0 0 0 33.87599073 0 0 0 0 0 1.179476183e-09 373819.6041 1696347.595 247727.4884 1042.911063 0 29139.5413 23287.89656 4054.090501 0 0 0 2.948690458e-09
$SSageCompEsc
 1240 1667 1061
$obsAgeCompEsc
0 0 0 0 0 0 0.773952 0.1793378 0.002518814 0 0 0.04038583 0.003805541 0 0 0 0 0 
0 0 0 0 0 0.005932459 0.7623964 0.1980724 0.001152553 0 0 0.02894763 0.003498538 0 0 0 0 0 
0 0 0 0 0 0 0.2103965 0.6714362 0.09209636 0 0 0.01584321 0.008382734 0.001844931 0 0 0 0 
$predAgeCompEsc
0 0 0 0 0 2.698897431e-15 0.7736443491 0.1792428159 0.002520152348 4.688602455e-16 0 0.04071251323 0.003880169431 1.345641932e-15 0 0 0 1.345641932e-15 
0 0 0 0 0 0.005932713163 0.7575878751 0.1960801743 0.001166203117 6.314919945e-21 0 0.03349439606 0.005735602092 4.757163677e-16 0 0 0 3.036256167e-06 
0 0 0 0 0 2.036619854e-15 0.2101604519 0.6703370277 0.09240555503 2.224121837e-10 0 0.01638217766 0.009202559314 0.001512228156 0 0 0 1.099899653e-15 
$SSageCompCatch
 5578
$obsAgeCompCatch
0 0 0 0 0 0.0001603531 0.5456264 0.384774 0.0262774 0.0001274857 0 0.03111431 0.01184625 6.716368e-05 0 0 0 6.620364e-06 
$predAgeCompCatch
0 0 0 0 0 0.0001602512974 0.5507290231 0.388166736 0.02600367986 0.0001277732993 0 0.02569275794 0.00871548793 0.0004007085979 0 0 0 3.581943254e-06 
$genSS
 934
$obsGenComp     #GeneticFracData
0.0410675216 0.730863502 0.2280689764 
$predGenComp     #catchGenComp_pred
0.04111270612 0.7313312656 0.2275560283 
#PARAMETERS_OF_INTEREST
$catchByGroup
0 
0 
0 
0 
0 
5.821230574e-11 
241423.1548 
78579.16002 
1161.949145 
2.811102805e-07 
0 
12704.73105 
1701.047002 
6.204257825e-10 
0 
0 
0 
6.204257825e-10 
0 
0 
0 
0 
0 
1308.002797 
3988792.598 
1740642.955 
11229.53073 
2.502258713e-06 
0 
176352.082 
50916.08783 
4.580738543e-09 
0 
0 
0 
29.23652957 
0 
0 
0 
0 
0 
1.243812377e-10 
264943.5023 
1349071.588 
199855.7003 
1042.910948 
0 
20652.56087 
18520.40212 
3270.662862 
0 
0 
0 
2.378874466e-09 
$escByGroup
 5e-101 5e-101 5e-101 5e-101 5e-101 1.121263878e-09 321412.5341 74466.88876 1047.003773 1.947891946e-10 5e-101 16914.11831 1612.026367 5.590504009e-10 5e-101 5e-101 5e-101 5.590504009e-10 5e-101 5e-101 5e-101 5e-101 5e-101 9065.306332 1157609.676 299614.4928 1781.982074 9.649326067e-15 5e-101 51180.11816 8764.116609 7.269042818e-10 5e-101 5e-101 5e-101 4.639461155 5e-101 5e-101 5e-101 5e-101 5e-101 1.055094946e-09 108876.1018 347276.0065 47871.78808 0.000115223256 5e-101 8486.980432 4767.494434 783.4276388 5e-101 5e-101 5e-101 5.698159928e-10
$catchByGroup
0 0 0 0 0 5.821230574e-11 241423.1548 78579.16002 1161.949145 2.811102805e-07 0 12704.73105 1701.047002 6.204257825e-10 0 0 0 6.204257825e-10 0 0 0 0 0 1308.002797 3988792.598 1740642.955 11229.53073 2.502258713e-06 0 176352.082 50916.08783 4.580738543e-09 0 0 0 29.23652957 0 0 0 0 0 1.243812377e-10 264943.5023 1349071.588 199855.7003 1042.910948 0 20652.56087 18520.40212 3270.662862 0 0 0 2.378874466e-09 
$Fmort
 3.656879241
#ESTIMATED_PARAMETERS
$availability
0.5115358217 1.362185346 1.126278832 
$availabilityVector
 0.5115358217 1.362185346 1.126278832
$selectivity
 0.02705722615 0.2995054417 0.385103574 0.3991105559 3.889223204
$RunSize
 0 0 0 0 0 1.179476183e-09 562835.6889 153046.0488 2208.952918 2.813050697e-07 0 29618.84936 3313.073369 1.179476183e-09 0 0 0 1.179476183e-09 0 0 0 0 0 10373.30913 5146402.274 2040257.448 13011.5128 2.502258723e-06 0 227532.2002 59680.20444 5.307642825e-09 0 0 0 33.87599073 0 0 0 0 0 1.179476183e-09 373819.6041 1696347.595 247727.4884 1042.911063 0 29139.5413 23287.89656 4054.090501 0 0 0 2.948690458e-09
