$ndistricts
1
$ngroups
54
$nstocks
3
$nagecomps
18
$AgeCompLabels
 0.1 0.2 0.3 0.4 0.5 1.1 1.2 1.3 1.4 1.5 2.1 2.2 2.3 2.4 3.1 3.2 3.3 3.4
$navailpar
3
$nselectpar
5
$GENdata
 1
$maxGradient
2.183976862e-06
#LIKELIHOOD_VALUES_AND_PENALTIES
$totalNLL
382.9800777
$NLLcatch
0.2257913526
$NLLescape
-4.150925769
$NLLagecompCatch
88.89510877
$NLLagecompEsc
210.4431942
$NLLgenetics
87.5669091
$NLLselOne
3.415670598e-16
$NLLavailOne
1.501896611e-16
$NLLextra
2.8e-198
$sigmaCat
0.5
$sigmaEsc
0.1
#OBSERVED_AND_PREDICTED_VALUES
$predEsc
 651081.3511 1942368.684 796512.0925
$obsEsc
 651172 1941474 796684
$predCatch
 4996069.804
$obsCatch
 4996070
$RunSize
 0 384.36906 1.396449623e-09 0 0 9.309664151e-10 435697.9539 594996.9587 1.396449623e-09 0 0 494.0526528 1782.285896 1.86193283e-09 0 0 0 0 0 0 8.844180943e-09 0 0 75771.00141 2615996.654 1951219.058 7.913214528e-09 0 2890.773326 210775.9001 66717.62604 1006.710333 0 0 0 0 0 0 17893.36961 0 0 9.309664151e-10 202801.8007 2180345.103 25197.89194 0 0 2060.421622 3.258382453e-09 3.72386566e-09 0 0 0 0
$SSageCompEsc
 1 1 1
$obsAgeCompEsc
0 0.0004567606 0 0 0 0 0.4967889 0.5007734 0 0 0 0.0005337193 0.001447241 0 0 0 0 0 
0 0 0 0 0 0.03853834 0.6800939 0.2449661 0 0 0.00147777 0.02988266 0.005041286 0 0 0 0 0 
0 0 0.006322532 0 0 0 0.1421331 0.839639 0.01067397 0 0 0.001231467 0 0 0 0 0 0 
$predAgeCompEsc
0 0.0004373673384 1.17753907e-15 0 0 1.422449177e-15 0.4957736568 0.5017239105 1.22683236e-15 0 0 0.0005621745252 0.001502890791 1.63577648e-15 0 0 0 0 
0 0 1.088827586e-15 0 0 0.03852778819 0.6583854034 0.2402190944 1.074360516e-15 0 0.00146989086 0.05304738284 0.008213761361 0.0001366789474 0 0 0 0 
0 0 0.006894670509 0 0 1.15687322e-15 0.1410162491 0.8401302501 0.01052613633 0 0 0.001432694027 1.255519441e-15 1.555603052e-15 0 0 0 0 
$SSageCompCatch
 1
$obsAgeCompCatch
0 0 0.003030961 0 0 0.0001959706 0.2860902 0.6482247 0.003185484 0 0 0.04535808 0.01362835 0.0002862577 0 0 0 0 
$predAgeCompCatch
0 1.993713985e-05 0.00248228741 0 0 0.0001873136694 0.3083541964 0.6533395684 0.003365384738 0 7.146287485e-06 0.02177423936 0.01032156414 0.0001483625038 0 0 0 0 
$genSS
 285
$obsGenComp     #GeneticFracData
0.07836055522 0.5921681894 0.3294712554 
$predGenComp     #catchGenComp_pred
0.07651499761 0.596870972 0.3266140304 
#PARAMETERS_OF_INTEREST
$catchByGroup
0 
99.60734239 
6.297758937e-10 
0 
0 
4.836282977e-12 
112908.9716 
268333.8771 
5.976819519e-10 
0 
0 
128.0313034 
803.7817298 
7.969092692e-10 
0 
0 
0 
0 
0 
0 
6.729276338e-09 
0 
0 
935.8321674 
1337169.465 
1484625.012 
5.826410306e-09 
0 
35.70335111 
107738.3249 
50763.47319 
741.2294253 
0 
0 
0 
0 
0 
0 
12401.68117 
0 
0 
9.502905685e-12 
90480.65307 
1511171.2 
16813.69707 
0 
0 
919.2635041 
2.258346036e-09 
2.484809018e-09 
0 
0 
0 
0 
$escByGroup
 5e-101 284.7617176 7.666737289e-10 5e-101 5e-101 9.261301321e-10 322788.9823 326663.0816 7.987676707e-10 5e-101 5e-101 366.0213494 978.5041665 1.065023561e-09 5e-101 5e-101 5e-101 5e-101 5e-101 5e-101 2.114904605e-09 5e-101 5e-101 74835.16924 1278827.19 466594.0463 2.086804222e-09 5e-101 2855.069975 103037.5752 15954.15284 265.4809072 5e-101 5e-101 5e-101 5e-101 5e-101 5e-101 5491.688434 5e-101 5e-101 9.214635094e-10 112321.1476 669173.9034 8384.194873 5e-101 5e-101 1141.158118 1.000036417e-09 1.239056642e-09 5e-101 5e-101 5e-101 5e-101
$catchByGroup
0 99.60734239 6.297758937e-10 0 0 4.836282977e-12 112908.9716 268333.8771 5.976819519e-10 0 0 128.0313034 803.7817298 7.969092692e-10 0 0 0 0 0 0 6.729276338e-09 0 0 935.8321674 1337169.465 1484625.012 5.826410306e-09 0 35.70335111 107738.3249 50763.47319 741.2294253 0 0 0 0 0 0 12401.68117 0 0 9.502905685e-12 90480.65307 1511171.2 16813.69707 0 0 919.2635041 2.258346036e-09 2.484809018e-09 0 0 0 0 
$Fmort
 0.7610656763
#ESTIMATED_PARAMETERS
$availability
0.5601248397 1.336495257 1.103379904 
$availabilityVector
 0.5601248397 1.336495257 1.103379904
$selectivity
 0.01221803122 0.7036270457 1.406611622 1.310412716 1.567130588
$RunSize
 0 384.36906 1.396449623e-09 0 0 9.309664151e-10 435697.9539 594996.9587 1.396449623e-09 0 0 494.0526528 1782.285896 1.86193283e-09 0 0 0 0 0 0 8.844180943e-09 0 0 75771.00141 2615996.654 1951219.058 7.913214528e-09 0 2890.773326 210775.9001 66717.62604 1006.710333 0 0 0 0 0 0 17893.36961 0 0 9.309664151e-10 202801.8007 2180345.103 25197.89194 0 0 2060.421622 3.258382453e-09 3.72386566e-09 0 0 0 0
