$ndistricts
1
$ngroups
54
$nstocks
3
$nagecomps
18
$AgeCompLabels
 0.1 0.2 0.3 0.4 0.5 1.1 1.2 1.3 1.4 1.5 2.1 2.2 2.3 2.4 3.1 3.2 3.3 3.4
$navailpar
3
$nselectpar
5
$GENdata
 -1
$maxGradient
8.43094738e-07
#LIKELIHOOD_VALUES_AND_PENALTIES
$totalNLL
401.2429514
$NLLcatch
0.2257913526
$NLLescape
-4.150627065
$NLLagecompCatch
111.6462853
$NLLagecompEsc
293.5215018
$NLLgenetics
0
$NLLselOne
1.941485149e-16
$NLLavailOne
1.234567898e-11
$NLLextra
2.1e-198
$sigmaCat
0.5
$sigmaEsc
0.1
#OBSERVED_AND_PREDICTED_VALUES
$predEsc
 127743.95 1514707.105 411785.0802
$obsEsc
 127704 1512396 412591
$predCatch
 2006946.979
$obsCatch
 2006947
$RunSize
 0 0 4.50710362e-10 4.50710362e-10 0 0 79488.63014 73055.54498 1981.691544 6.28740955e-08 0 4224.848682 7038.873494 4.50710362e-10 0 0 4.50710362e-10 0 0 0 1374.671502 5671.237524 0 7741.057232 1372310.517 1572223.333 53991.04902 848.1980019 0 69766.73736 58165.59969 8.112786516e-09 0 0 576.9834724 0 0 1384.356643 45523.15428 963.6360273 0 190.5067529 44539.48059 522579.2825 114245.4094 5.652561469e-05 0 8308.973407 9547.737567 5441.603959 0 0 2.25355181e-09 0
$SSageCompEsc
 708 1126 1085
$obsAgeCompEsc
0 0 0 0 0 0 0.4902878 0.4317272 0.01093602 0 0 0.02597053 0.04107847 0 0 0 0 0 
0 0 0.0004065838 0 0 0.0051184 0.4692949 0.4823571 0.01395381 0 0 0.02051568 0.008353506 0 0 0 0 0 
0 0.002308658 0.06104359 0.0009234634 0 0.0004617317 0.06564451 0.7054559 0.1340517 0 0 0.0119247 0.01161572 0.006569947 0 0 0 0 
$predAgeCompEsc
0 0 2.661543474e-15 2.484373917e-15 0 0 0.490054969 0.4314090055 0.01092334057 2.509970163e-15 0 0.02604659416 0.04156609076 2.484373917e-15 0 0 2.661543474e-15 0 
0 0 0.0004134750821 0.001407652279 0 0.005110595466 0.4654411289 0.4728949212 0.01340106509 2.263799673e-10 0 0.02366250829 0.0174951078 2.013666749e-15 0 0 0.0001735456713 0 
0 0.002041765839 0.06136716347 0.001124992453 0 0.0004626362775 0.0656905794 0.7044592749 0.1333752784 2.242932e-15 0 0.01225477419 0.01287075954 0.006352775541 0 0 3.037884446e-15 0 
$SSageCompCatch
 4299
$obsAgeCompCatch
0 0 0.01067669 0.003622091 0 0 0.3463608 0.540034 0.04516569 0.0004226799 0 0.02255214 0.02965705 0.001178492 0 0 0.0003303414 0 
$predAgeCompCatch
0 0.0002708531608 0.010464377 0.00201272758 0 9.998723654e-10 0.3496254225 0.5512677541 0.04663906029 0.0004226308541 0 0.01897666577 0.01875607263 0.001407922483 0 0 0.0001565126604 0 
$genSS
 -1
$obsGenComp     #GeneticFracData
0 0 0 
$predGenComp     #catchGenComp_pred
0 0 0 
#PARAMETERS_OF_INTEREST
$catchByGroup
0 
0 
1.107142856e-10 
1.333466247e-10 
0 
0 
16887.0727 
17945.65458 
586.3008726 
6.2553462e-08 
0 
897.5538603 
1729.056875 
1.333466247e-10 
0 
0 
1.107142856e-10 
0 
0 
0 
748.3778571 
3539.056616 
0 
0.001970385059 
667303.5324 
855926.0355 
33692.36052 
848.197659 
0 
33924.96793 
31665.63561 
5.062671185e-09 
0 
0 
314.112611 
0 
0 
543.5879328 
20253.07194 
500.3809199 
0 
3.630576387e-05 
17489.08008 
232493.4635 
59323.45975 
5.652469109e-05 
0 
3262.640232 
4247.750819 
2825.625774 
0 
0 
1.00259632e-09 
0 
$escByGroup
 5e-101 5e-101 3.399960764e-10 3.173637373e-10 5e-101 5e-101 62601.55744 55109.89041 1395.390671 3.206335029e-10 5e-101 3327.294822 5309.816619 3.173637373e-10 5e-101 5e-101 3.399960764e-10 5e-101 5e-101 5e-101 626.2936446 2132.180908 5e-101 7741.055262 705006.9848 716297.2971 20298.6885 0.0003428993449 5e-101 35841.76943 26499.96408 3.050115331e-09 5e-101 5e-101 262.8708614 5e-101 5e-101 840.7687098 25270.08233 463.2551073 5e-101 190.5067166 27050.40051 290085.819 54921.9497 9.236059337e-10 5e-101 5046.333175 5299.986748 2615.978186 5e-101 5e-101 1.25095549e-09 5e-101
$catchByGroup
0 0 1.107142856e-10 1.333466247e-10 0 0 16887.0727 17945.65458 586.3008726 6.2553462e-08 0 897.5538603 1729.056875 1.333466247e-10 0 0 1.107142856e-10 0 0 0 748.3778571 3539.056616 0 0.001970385059 667303.5324 855926.0355 33692.36052 848.197659 0 33924.96793 31665.63561 5.062671185e-09 0 0 314.112611 0 0 543.5879328 20253.07194 500.3809199 0 3.630576387e-05 17489.08008 232493.4635 59323.45975 5.652469109e-05 0 3262.640232 4247.750819 2825.625774 0 0 1.00259632e-09 0 
$Fmort
 2.409556732
#ESTIMATED_PARAMETERS
$availability
0.5104741333 1.4236348 1.0658914 
$availabilityVector
 0.5104741333 1.4236348 1.0658914
$selectivity
 7.420191794e-08 0.194163135 0.2291764941 0.2851802402 4.291480059
$RunSize
 0 0 4.50710362e-10 4.50710362e-10 0 0 79488.63014 73055.54498 1981.691544 6.28740955e-08 0 4224.848682 7038.873494 4.50710362e-10 0 0 4.50710362e-10 0 0 0 1374.671502 5671.237524 0 7741.057232 1372310.517 1572223.333 53991.04902 848.1980019 0 69766.73736 58165.59969 8.112786516e-09 0 0 576.9834724 0 0 1384.356643 45523.15428 963.6360273 0 190.5067529 44539.48059 522579.2825 114245.4094 5.652561469e-05 0 8308.973407 9547.737567 5441.603959 0 0 2.25355181e-09 0
