$ndistricts
1
$ngroups
54
$nstocks
3
$nagecomps
18
$AgeCompLabels
 0.1 0.2 0.3 0.4 0.5 1.1 1.2 1.3 1.4 1.5 2.1 2.2 2.3 2.4 3.1 3.2 3.3 3.4
$navailpar
3
$nselectpar
5
$GENdata
 -1
$maxGradient
2.131332389e-06
#LIKELIHOOD_VALUES_AND_PENALTIES
$totalNLL
103.3325022
$NLLcatch
0.2257913526
$NLLescape
-4.150881489
$NLLagecompCatch
34.65612079
$NLLagecompEsc
72.60147159
$NLLgenetics
0
$NLLselOne
1.070182985e-15
$NLLavailOne
1.234567898e-11
$NLLextra
3.6e-198
$sigmaCat
0.5
$sigmaEsc
0.1
#OBSERVED_AND_PREDICTED_VALUES
$predEsc
 409593.0039 1459772.68 896386.3606
$obsEsc
 409596 1458732 897112.2
$predCatch
 4536100.921
$obsCatch
 4536101
$RunSize
 0 0 0 0 0 1.215950869e-09 723.1863054 605749.9613 3164.509947 0 0 405.2570196 5237.951125 0 0 0 0 0 0 0 0 0 0 2755.512536 203078.4835 4351147.549 9250.218761 0 0 2878.667063 40439.04477 0 0 0 0 0 0 0 0 0 0 5.269120433e-09 37274.8164 1842378.842 185454.7549 0 0 4773.277356 7140.932797 0 0 0 0 0
$SSageCompEsc
 1040 1293 898
$obsAgeCompEsc
0 0 0 0 0 0 0.001017854 0.9845312 0.005537158 0 0 0.0005935069 0.008320285 0 0 0 0 0 
0 0 0 0 0 0.0003062448 0.02946 0.9610988 0.002504557 0 0 0.0007221889 0.005908233 0 0 0 0 0 
0 0 0 0 0 0 0.01309064 0.8787218 0.1031162 0 0 0.002116046 0.002955327 0 0 0 0 0 
$predAgeCompEsc
0 0 0 0 0 1.546093689e-15 0.001019006172 0.9843609478 0.005537198479 0 0 0.0005710276882 0.008511819832 0 0 0 0 0 
0 0 0 0 0 0.0003060266718 0.0300346449 0.9578288641 0.002502772014 0 0 0.0004257454631 0.008901946871 0 0 0 0 0 
0 0 0 0 0 1.505368367e-15 0.0131965719 0.8785087545 0.1031997296 0 0 0.001689904979 0.003405039091 0 0 0 0 0 
$SSageCompCatch
 3936
$obsAgeCompCatch
0 0 0 0 0 0.0005090326 0.04147755 0.9246043 0.02192444 0 0 0.0005077205 0.01097694 0 0 0 0 0 
$predAgeCompCatch
0 0 0 0 0 0.0005089796725 0.04078086677 0.9281965714 0.02192217047 0 0 0.001253722794 0.007337688905 0 0 0 0 0 
$genSS
 -1
$obsGenComp     #GeneticFracData
0 0 0 
$predGenComp     #catchGenComp_pred
0 0 0 
#PARAMETERS_OF_INTEREST
$catchByGroup
0 
0 
0 
0 
0 
5.826817107e-10 
305.8085065 
202562.6038 
896.5121886 
0 
0 
171.3680735 
1751.569271 
0 
0 
0 
0 
0 
0 
0 
0 
0 
0 
2308.783161 
159234.7295 
2952935.142 
5596.740551 
0 
0 
2257.175467 
27444.22593 
0 
0 
0 
0 
0 
0 
0 
0 
0 
0 
3.919728761e-09 
25445.58935 
1054895.577 
92947.92493 
0 
0 
3258.469582 
4088.702199 
0 
0 
0 
0 
0 
$escByGroup
 5e-101 5e-101 5e-101 5e-101 5e-101 6.332691584e-10 417.3777989 403187.3575 2267.997758 5e-101 5e-101 233.8889461 3486.381854 5e-101 5e-101 5e-101 5e-101 5e-101 5e-101 5e-101 5e-101 5e-101 5e-101 446.7293748 43843.75407 1398212.408 3653.47821 5e-101 5e-101 621.4915955 12994.81884 5e-101 5e-101 5e-101 5e-101 5e-101 5e-101 5e-101 5e-101 5e-101 5e-101 1.349391672e-09 11829.22706 787483.2651 92506.82999 5e-101 5e-101 1514.807773 3052.230598 5e-101 5e-101 5e-101 5e-101 5e-101
$catchByGroup
0 0 0 0 0 5.826817107e-10 305.8085065 202562.6038 896.5121886 0 0 171.3680735 1751.569271 0 0 0 0 0 0 0 0 0 0 2308.783161 159234.7295 2952935.142 5596.740551 0 0 2257.175467 27444.22593 0 0 0 0 0 0 0 0 0 0 3.919728761e-09 25445.58935 1054895.577 92947.92493 0 0 3258.469582 4088.702199 0 0 0 0 0 
$Fmort
 1.136765453
#ESTIMATED_PARAMETERS
$availability
0.5104741333 1.4236348 1.0658914 
$availabilityVector
 0.5104741333 1.4236348 1.0658914
$selectivity
 1.124242768 0.9472430604 0.7014878498 0.5740253646 1.653000962
$RunSize
 0 0 0 0 0 1.215950869e-09 723.1863054 605749.9613 3164.509947 0 0 405.2570196 5237.951125 0 0 0 0 0 0 0 0 0 0 2755.512536 203078.4835 4351147.549 9250.218761 0 0 2878.667063 40439.04477 0 0 0 0 0 0 0 0 0 0 5.269120433e-09 37274.8164 1842378.842 185454.7549 0 0 4773.277356 7140.932797 0 0 0 0 0
