$ndistricts
1
$ngroups
54
$nstocks
3
$nagecomps
18
$AgeCompLabels
 0.1 0.2 0.3 0.4 0.5 1.1 1.2 1.3 1.4 1.5 2.1 2.2 2.3 2.4 3.1 3.2 3.3 3.4
$navailpar
3
$nselectpar
5
$GENdata
 -1
$maxGradient
3.468450228e-06
#LIKELIHOOD_VALUES_AND_PENALTIES
$totalNLL
283.6517654
$NLLcatch
0.2257913526
$NLLescape
-4.150298809
$NLLagecompCatch
83.39208501
$NLLagecompEsc
204.1841879
$NLLgenetics
0
$NLLselOne
3.101720784e-16
$NLLavailOne
1.234567898e-11
$NLLextra
2.6e-198
$sigmaCat
0.5
$sigmaEsc
0.1
#OBSERVED_AND_PREDICTED_VALUES
$predEsc
 210870.6551 849319.3808 313570.1093
$obsEsc
 210960 851202 312699.2
$predCatch
 1256798.946
$obsCatch
 1256799
$RunSize
 0 386.7665556 367.8427972 2.483470264e-09 0 0 37218.19305 199150.6233 2.483470264e-09 0 7.304324307e-10 4615.225282 45236.08998 0 0 0 0 0 0 0 6362.115845 8.443798899e-08 0 777.0898433 492068.9895 1031604.951 4193.225175 0 450.4089349 42772.35079 187228.4019 0 0 0 0 0 0 2.205905941e-08 22837.51203 908.3319517 0 6.398588093e-08 101807.3582 445842.6384 2.95343049e-06 0 6730.976812 4.178073503e-08 1.228587348e-07 0 0 0 0 0
$SSageCompEsc
 985 2799 0
$obsAgeCompEsc
0 0.001654899 0.001235766 0 0 0 0.1556557 0.6690455 0 0 0 0.01952817 0.1528799 0 0 0 0 0 
0 0 0.002833984 0 0 0.0008845477 0.4043061 0.4595251 0.000200338 0 0.0004732989 0.04039629 0.09138035 0 0 0 0 0 
0 0.007556886 0.04380845 0 0 0.00213777 0.319332 0.5915351 0 0 0 0.03461592 0.001013848 0 0 0 0 0 
$predAgeCompEsc
0 0.001619592564 0.001237194455 3.731733009e-15 0 0 0.155851916 0.6698188702 3.731733009e-15 0 3.340368711e-15 0.01932634671 0.1521460801 0 0 0 0 0 
0 0 0.002873503256 4.031464391e-15 0 0.0008268399995 0.4095263887 0.4659330727 0.0002002041756 0 0.000479244616 0.03559746038 0.08456328609 0 0 0 0 0 
0 5.425524253e-14 0.03554358821 0.0002628456874 0 1.891568762e-13 0.2503997478 0.6938955137 8.546396128e-13 0 0.01989830458 1.027615852e-13 1.912134856e-13 0 0 0 0 0 
$SSageCompCatch
 4228
$obsAgeCompCatch
0 0 0.01263961 0.0006577915 0 0 0.1418913 0.7413339 0.003200102 0 0.0004857237 0.005317129 0.09447445 0 0 0 0 0 
$predAgeCompCatch
0 3.599781067e-05 0.01250848744 0.000657154753 0 5.954700003e-05 0.1367707782 0.7336433489 0.003201138817 0 0.0004255576969 0.01040628154 0.1022917078 0 0 0 0 0 
$genSS
 -1
$obsGenComp     #GeneticFracData
0 0 0 
$predGenComp     #catchGenComp_pred
0 0 0 
#PARAMETERS_OF_INTEREST
$catchByGroup
0 
45.2420105 
106.9547919 
1.69655728e-09 
0 
0 
4353.597425 
57905.47929 
1.69655728e-09 
0 
2.604669228e-11 
539.8658897 
13152.94639 
0 
0 
0 
0 
0 
0 
0 
3921.593839 
8.101398815e-08 
0 
74.83860686 
144250.2906 
635878.962 
4023.187888 
0 
43.37719442 
12538.73778 
115407.1641 
0 
0 
0 
0 
0 
0 
5.046237076e-09 
11692.10519 
825.9114008 
0 
4.671938589e-09 
23289.48194 
228257.7463 
2.685441053e-06 
0 
491.4632705 
9.557773534e-09 
6.289990126e-08 
0 
0 
0 
0 
0 
$escByGroup
 5e-101 341.5245451 260.8880053 7.869129844e-10 5e-101 5e-101 32864.59562 141245.144 7.869129844e-10 5e-101 7.043857384e-10 4075.359392 32083.14359 5e-101 5e-101 5e-101 5e-101 5e-101 5e-101 5e-101 2440.522006 3.42400084e-09 5e-101 702.2512364 347818.6989 395725.9888 170.0372865 5e-101 407.0317405 30233.61301 71821.23778 5e-101 5e-101 5e-101 5e-101 5e-101 5e-101 1.701282233e-08 11145.40684 82.42055094 5e-101 5.931394234e-08 78517.87629 217584.8921 2.679894368e-07 5e-101 6239.513541 3.22229615e-08 5.995883358e-08 5e-101 5e-101 5e-101 5e-101 5e-101
$catchByGroup
0 45.2420105 106.9547919 1.69655728e-09 0 0 4353.597425 57905.47929 1.69655728e-09 0 2.604669228e-11 539.8658897 13152.94639 0 0 0 0 0 0 0 3921.593839 8.101398815e-08 0 74.83860686 144250.2906 635878.962 4023.187888 0 43.37719442 12538.73778 115407.1641 0 0 0 0 0 0 5.046237076e-09 11692.10519 825.9114008 0 4.671938589e-09 23289.48194 228257.7463 2.685441053e-06 0 491.4632705 9.557773534e-09 6.289990126e-08 0 0 0 0 0 
$Fmort
 0.9551235709
#ESTIMATED_PARAMETERS
$availability
0.5104741333 1.4236348 1.0658914 
$availabilityVector
 0.5104741333 1.4236348 1.0658914
$selectivity
 0.07447321745 0.2551485872 0.7046523658 2.357208614 1.608517219
$RunSize
 0 386.7665556 367.8427972 2.483470264e-09 0 0 37218.19305 199150.6233 2.483470264e-09 0 7.304324307e-10 4615.225282 45236.08998 0 0 0 0 0 0 0 6362.115845 8.443798899e-08 0 777.0898433 492068.9895 1031604.951 4193.225175 0 450.4089349 42772.35079 187228.4019 0 0 0 0 0 0 2.205905941e-08 22837.51203 908.3319517 0 6.398588093e-08 101807.3582 445842.6384 2.95343049e-06 0 6730.976812 4.178073503e-08 1.228587348e-07 0 0 0 0 0
