$ndistricts
1
$ngroups
54
$nstocks
3
$nagecomps
18
$AgeCompLabels
 0.1 0.2 0.3 0.4 0.5 1.1 1.2 1.3 1.4 1.5 2.1 2.2 2.3 2.4 3.1 3.2 3.3 3.4
$navailpar
3
$nselectpar
5
$GENdata
 1
$maxGradient
4.252102096e-06
#LIKELIHOOD_VALUES_AND_PENALTIES
$totalNLL
369.3121365
$NLLcatch
0.2257913526
$NLLescape
-4.150939679
$NLLagecompCatch
95.66124012
$NLLagecompEsc
210.2907069
$NLLgenetics
67.28533785
$NLLselOne
4.472823229e-18
$NLLavailOne
7.882111166e-19
$NLLextra
2.9e-198
$sigmaCat
0.5
$sigmaEsc
0.1
#OBSERVED_AND_PREDICTED_VALUES
$predEsc
 95969.99994 561828.0002 611588.3999
$obsEsc
 95970 561828 611588.4
$predCatch
 561379.99
$obsCatch
 561380
$RunSize
 0 6.097676899e-10 6.097676899e-10 5.081397416e-10 0 0 12778.70455 68385.24594 6.097676899e-10 0 0 3607.566155 16985.90625 0 0 0 0 0 0 3.861862036e-09 1141.789195 4.065117932e-09 0 2181.032618 211212.6477 382931.8618 4.370001777e-09 0 0 37870.39549 100649.9279 0 0 0 0 0 0 1006.412703 22908.03977 803.099066 0 0 0.005953042848 781586.055 2350.847867 0 0 41765.91663 142600.9355 0 0 0 0 0
$SSageCompEsc
 890 697 0
$obsAgeCompEsc
0 0 0 0 0 0 0.1260531 0.671556 0 0 0 0.03558615 0.1668048 0 0 0 0 0 
0 0 0.001538838 0 0 0.003882029 0.2907109 0.5160936 0 0 0 0.05212442 0.1356502 0 0 0 0 0 
0 0.002733084 0.04268001 0.001637061 0 0 0.06209331 0.8209684 0.00250412 0 0 0.03112685 0.03625712 0 0 0 0 0 
$predAgeCompEsc
0 6.014937078e-15 5.988033306e-15 4.918582073e-15 0 0 0.1260530938 0.6715559664 5.902298488e-15 0 0 0.03558614828 0.1668047915 0 0 0 0 0 
0 5.315426976e-15 0.00153883801 5.120295761e-15 0 0.003882028051 0.2907109044 0.516093607 5.504317943e-15 0 0 0.05212442079 0.1356502018 0 0 0 0 0 
0 0.001050101452 0.02304004259 0.0007176661092 0 0 6.21146665e-09 0.7860897824 0.002100766784 0 0 0.04357899059 0.1434226438 0 0 0 0 0 
$SSageCompCatch
 3489
$obsAgeCompCatch
0 0.0006487278 0.0161998 0.0006487278 0 0 0.08650916 0.7084946 0.001898969 0 0 0.04255818 0.1430418 0 0 0 0 0 
$predAgeCompCatch
0 0.0006487278535 0.0161998006 0.000648727787 0 1.000072815e-09 0.08650916272 0.7084946247 0.00189896913 0 0 0.04255818133 0.1430418049 0 0 0 0 0 
$genSS
 275
$obsGenComp     #GeneticFracData
0.01030927835 0.3102348815 0.6794558402 
$predGenComp     #catchGenComp_pred
0.01030927903 0.3102348811 0.6794558399 
#PARAMETERS_OF_INTEREST
$catchByGroup
0 
3.251417888e-11 
3.509613393e-11 
3.610342033e-11 
0 
0 
681.3891462 
3936.019881 
4.33241044e-11 
0 
0 
192.363507 
977.6504243 
0 
0 
0 
0 
0 
0 
8.755063275e-10 
277.2269134 
1.188392404e-09 
0 
0.000561420867 
47883.1216 
92976.02269 
1.277521835e-09 
0 
0 
8585.436395 
24437.84629 
0 
0 
0 
0 
0 
0 
364.1828359 
8817.016984 
364.1827986 
0 
0 
0.002154181898 
300822.6627 
1066.043271 
0 
0 
15113.5115 
54885.31028 
0 
0 
0 
0 
0 
$escByGroup
 5e-101 5.77253511e-10 5.746715559e-10 4.720363212e-10 5e-101 5e-101 12097.3154 64449.22606 5.664435855e-10 5e-101 5e-101 3415.202648 16008.25583 5e-101 5e-101 5e-101 5e-101 5e-101 5e-101 2.986355708e-09 864.5622817 2.876725528e-09 5e-101 2181.032056 163329.5261 289955.8391 3.092479943e-09 5e-101 5e-101 29284.95909 76212.0816 5e-101 5e-101 5e-101 5e-101 5e-101 5e-101 642.2298669 14091.02278 438.9162674 5e-101 5e-101 0.00379886095 480763.3922 1284.804596 5e-101 5e-101 26652.40513 87715.62526 5e-101 5e-101 5e-101 5e-101 5e-101
$catchByGroup
0 3.251417888e-11 3.509613393e-11 3.610342033e-11 0 0 681.3891462 3936.019881 4.33241044e-11 0 0 192.363507 977.6504243 0 0 0 0 0 0 8.755063275e-10 277.2269134 1.188392404e-09 0 0.000561420867 47883.1216 92976.02269 1.277521835e-09 0 0 8585.436395 24437.84629 0 0 0 0 0 0 364.1828359 8817.016984 364.1827986 0 0 0.002154181898 300822.6627 1066.043271 0 0 15113.5115 54885.31028 0 0 0 0 0 
$Fmort
 0.2351084597
#ESTIMATED_PARAMETERS
$availability
0.2159913065 1.013393293 1.7706154 
$availabilityVector
 0.2159913065 1.013393293 1.7706154
$selectivity
 1.080389025e-06 1.079067056 1.167344682 1.451330237 1.302256945
$RunSize
 0 6.097676899e-10 6.097676899e-10 5.081397416e-10 0 0 12778.70455 68385.24594 6.097676899e-10 0 0 3607.566155 16985.90625 0 0 0 0 0 0 3.861862036e-09 1141.789195 4.065117932e-09 0 2181.032618 211212.6477 382931.8618 4.370001777e-09 0 0 37870.39549 100649.9279 0 0 0 0 0 0 1006.412703 22908.03977 803.099066 0 0 0.005953042848 781586.055 2350.847867 0 0 41765.91663 142600.9355 0 0 0 0 0
