$ndistricts
1
$ngroups
54
$nstocks
3
$nagecomps
18
$AgeCompLabels
 0.1 0.2 0.3 0.4 0.5 1.1 1.2 1.3 1.4 1.5 2.1 2.2 2.3 2.4 3.1 3.2 3.3 3.4
$navailpar
3
$nselectpar
5
$GENdata
 1
$maxGradient
3.244760979e-06
#LIKELIHOOD_VALUES_AND_PENALTIES
$totalNLL
389.778987
$NLLcatch
0.2257913526
$NLLescape
-4.150939452
$NLLagecompCatch
106.6117492
$NLLagecompEsc
260.5480359
$NLLgenetics
26.54435001
$NLLselOne
1.024447909e-15
$NLLavailOne
2.005913142e-17
$NLLextra
3.6e-198
$sigmaCat
0.5
$sigmaEsc
0.1
#OBSERVED_AND_PREDICTED_VALUES
$predEsc
 445544.0779 1512328.495 344974.9378
$obsEsc
 445536 1512426 344972.3
$predCatch
 3990412.815
$obsCatch
 3990413
$RunSize
 0 0 0 0 0 0 247960.361 304899.9572 1.048052857e-09 0 0 33331.97643 3523.724956 1.746754761e-09 0 0 0 0 0 0 0 0 0 0 3150787.316 1767599.482 4.401821998e-08 0 0 241948.0751 106570.352 1150.225032 0 0 0 0 0 0 0 0 0 0 60619.33646 267706.9845 98722.43964 0 0 5421.690774 3018.404286 1.048052857e-09 0 0 0 0
$SSageCompEsc
 1022 1175 665
$obsAgeCompEsc
0 0 0 0 0 0 0.4368631 0.5000307 0 0 0 0.05748289 0.005623275 0 0 0 0 0 
0 0 0 0 0 0 0.6924092 0.2793924 0 0 0 0.02478293 0.003415544 0 0 0 0 0 
0 0 0 0 0 0 0.153543 0.651568 0.1740073 0 0 0.0136144 0.007267317 0 0 0 0 0 
$predAgeCompEsc
0 0 0 0 0 0 0.4362364576 0.4993516235 9.597318548e-16 0 0 0.05864091852 0.005771000409 1.599553091e-15 0 0 0 0 
0 0 0 0 0 0 0.6657108584 0.2670568562 4.365921932e-16 0 0 0.05111975027 0.01610112668 1.140844109e-05 0 0 0 0 
0 0 0 0 0 0 0.1534974627 0.6514610881 0.1739676528 0 0 0.01372855307 0.007345243325 1.846867805e-15 0 0 0 0 
$SSageCompCatch
 4587
$obsAgeCompCatch
0 0 0 0 0 0 0.5255686 0.3599731 0.009410659 0 0 0.07086505 0.03388707 0.0002955519 0 0 0 0 
$predAgeCompCatch
0 0 0 0 0 0 0.5526441167 0.3731713716 0.009700239359 0 0 0.0432358191 0.02096452988 0.000283923437 0 0 0 0 
$genSS
 304
$obsGenComp     #GeneticFracData
0.03623670213 0.9404920213 0.0232712766 
$predGenComp     #catchGenComp_pred
0.03612958064 0.9411875737 0.02268284561 
#PARAMETERS_OF_INTEREST
$catchByGroup
0 
0 
0 
0 
0 
0 
53597.79071 
82416.79852 
6.204500123e-10 
0 
0 
7204.862461 
952.4899 
1.034083354e-09 
0 
0 
0 
0 
0 
0 
0 
0 
0 
0 
2144013.816 
1363721.789 
4.335794916e-08 
0 
0 
164638.2201 
82220.15937 
1132.971722 
0 
0 
0 
0 
0 
0 
0 
0 
0 
0 
7666.558812 
42969.2361 
38707.95945 
0 
0 
685.6840343 
484.479427 
4.109297503e-10 
0 
0 
0 
0 
$escByGroup
 5e-101 5e-101 5e-101 5e-101 5e-101 5e-101 194362.5703 222483.1587 4.276028443e-10 5e-101 5e-101 26127.11397 2571.235056 7.126714072e-10 5e-101 5e-101 5e-101 5e-101 5e-101 5e-101 5e-101 5e-101 5e-101 5e-101 1006773.5 403877.6933 6.602708143e-10 5e-101 5e-101 77309.85496 24350.19267 17.25331054 5e-101 5e-101 5e-101 5e-101 5e-101 5e-101 5e-101 5e-101 5e-101 5e-101 52952.77765 224737.7484 60014.48019 5e-101 5e-101 4736.00674 2533.924859 6.371231063e-10 5e-101 5e-101 5e-101 5e-101
$catchByGroup
0 0 0 0 0 0 53597.79071 82416.79852 6.204500123e-10 0 0 7204.862461 952.4899 1.034083354e-09 0 0 0 0 0 0 0 0 0 0 2144013.816 1363721.789 4.335794916e-08 0 0 164638.2201 82220.15937 1132.971722 0 0 0 0 0 0 0 0 0 0 7666.558812 42969.2361 38707.95945 0 0 685.6840343 484.479427 4.109297503e-10 0 0 0 0 
$Fmort
 0.9661552797
#ESTIMATED_PARAMETERS
$availability
0.4807860562 2.252285455 0.2669284895 
$availabilityVector
 0.4807860562 2.252285455 0.2669284895
$selectivity
 0.4355754637 0.5242975927 0.6784129549 1.929962271 1.431751723
$RunSize
 0 0 0 0 0 0 247960.361 304899.9572 1.048052857e-09 0 0 33331.97643 3523.724956 1.746754761e-09 0 0 0 0 0 0 0 0 0 0 3150787.316 1767599.482 4.401821998e-08 0 0 241948.0751 106570.352 1150.225032 0 0 0 0 0 0 0 0 0 0 60619.33646 267706.9845 98722.43964 0 0 5421.690774 3018.404286 1.048052857e-09 0 0 0 0
