$ndistricts
1
$ngroups
54
$nstocks
3
$nagecomps
18
$AgeCompLabels
 0.1 0.2 0.3 0.4 0.5 1.1 1.2 1.3 1.4 1.5 2.1 2.2 2.3 2.4 3.1 3.2 3.3 3.4
$navailpar
3
$nselectpar
5
$GENdata
 1
$maxGradient
9.190204866e-07
#LIKELIHOOD_VALUES_AND_PENALTIES
$totalNLL
489.5693012
$NLLcatch
0.2257913526
$NLLescape
-4.150929616
$NLLagecompCatch
122.3464696
$NLLagecompEsc
291.0188389
$NLLgenetics
80.12913092
$NLLselOne
2.725989909e-16
$NLLavailOne
3.716790087e-17
$NLLextra
2.7e-198
$sigmaCat
0.5
$sigmaEsc
0.1
#OBSERVED_AND_PREDICTED_VALUES
$predEsc
 405566.056 1176504.141 790679.5692
$obsEsc
 405564 1176126 790927
$predCatch
 5213779.92
$obsCatch
 5213780
$RunSize
 0 8.422592577e-10 2318.367416 8.422592577e-10 0 156.9522116 196456.8627 439620.9246 5252.916527 0 0 4575.763854 8176.91451 0 0 0 0 0 0 5343.973839 18763.82742 4130.939158 0 1364.138316 2424347.195 1830262.768 6409.026075 0 0 85225.53242 114550.6483 0 0 0 0 0 0 102194.8164 438719.2928 104415.1099 0 0 100137.4675 1561540.899 115848.2138 0 0 5052.46315 10889.79082 774.8823221 0 0 0 0
$SSageCompEsc
 2207 2907 1935
$obsAgeCompEsc
0 0 0.00344128 0 0 0.0003869969 0.3066576 0.6615936 0.008778366 0 0 0.006915152 0.01222698 0 0 0 0 0 
0 0.001808298 0.003274867 0.0009510891 0 0.001159854 0.5647319 0.3921923 0.002003078 0 0 0.01146131 0.02241735 0 0 0 0 0 
0 0.05406982 0.160228 0.04768933 0 0 0.0434405 0.62672 0.06144883 0 0 0.001742282 0.00418665 0.0004746021 0 0 0 0 
$predAgeCompEsc
0 1.315927475e-15 0.003486121169 1.392694547e-15 0 0.0003869949339 0.3069399131 0.6610564837 0.00868581513 0 0 0.007149073541 0.01229559844 0 0 0 0 0 
0 0.001244597608 0.003920226928 0.001130009093 0 0.001159480254 0.5646241562 0.3823870912 0.001753174633 0 0 0.01984880483 0.02393245931 0 0 0 0 0 
0 0.0444583763 0.1745113392 0.05186603103 0 0 0.04356335642 0.6211411213 0.05754518722 0 0 0.002198000992 0.004331680897 0.0003849066537 0 0 0 0 
$SSageCompCatch
 4071
$obsAgeCompCatch
0 0.003355011 0.07521853 0.01698169 0 0 0.3653873 0.4863957 0.01032735 0 0 0.02194213 0.02039229 0 0 0 0 0 
$predAgeCompCatch
0 0.01360283466 0.06056890134 0.01269849872 0 9.96840614e-10 0.3639834881 0.5029592676 0.01465828337 0 0 0.01282451951 0.01861395547 9.02501644e-05 0 0 0 0 
$genSS
 313
$obsGenComp     #GeneticFracData
0.04894384338 0.6332818135 0.3177743431 
$predGenComp     #catchGenComp_pred
0.0481402456 0.6356029518 0.3162568026 
#PARAMETERS_OF_INTEREST
$catchByGroup
0 
3.085637416e-10 
904.5150021 
2.77429623e-10 
0 
0.000202535429 
71972.45276 
171518.8537 
1730.244742 
0 
0 
1676.342293 
3190.237145 
0 
0 
0 
0 
0 
0 
3879.6996 
14151.66421 
2801.478781 
0 
0.004994772148 
1760064.537 
1380382.772 
4346.40886 
0 
0 
61873.33134 
86394.01086 
0 
0 
0 
0 
0 
0 
67042.48662 
300736.7424 
63405.69886 
0 
0 
65692.81163 
1070417.305 
70348.40991 
0 
0 
3314.548672 
7464.819239 
470.5444949 
0 
0 
0 
0 
$escByGroup
 5e-101 5.33695516e-10 1413.852413 5.648296347e-10 5e-101 156.952009 124484.41 268102.0709 3522.671786 5e-101 5e-101 2899.42156 4986.677365 5e-101 5e-101 5e-101 5e-101 5e-101 5e-101 1464.274239 4612.163214 1329.460377 5e-101 1364.133321 664282.6578 449879.9963 2062.617215 5e-101 5e-101 23352.20108 28156.63748 5e-101 5e-101 5e-101 5e-101 5e-101 5e-101 35152.32982 137982.5505 41009.41107 5e-101 5e-101 34444.65589 491123.5942 45499.80384 5e-101 5e-101 1737.914478 3424.971586 304.3378272 5e-101 5e-101 5e-101 5e-101
$catchByGroup
0 3.085637416e-10 904.5150021 2.77429623e-10 0 0.000202535429 71972.45276 171518.8537 1730.244742 0 0 1676.342293 3190.237145 0 0 0 0 0 0 3879.6996 14151.66421 2801.478781 0 0.004994772148 1760064.537 1380382.772 4346.40886 0 0 61873.33134 86394.01086 0 0 0 0 0 0 67042.48662 300736.7424 63405.69886 0 0 65692.81163 1070417.305 70348.40991 0 0 3314.548672 7464.819239 470.5444949 0 0 0 0 
$Fmort
 0.8217380939
#ESTIMATED_PARAMETERS
$availability
0.4857192797 1.378191498 1.136089223 
$availabilityVector
 0.4857192797 1.378191498 1.136089223
$selectivity
 3.23306981e-06 1.143130758 1.239045051 1.001076542 1.616744418
$RunSize
 0 8.422592577e-10 2318.367416 8.422592577e-10 0 156.9522116 196456.8627 439620.9246 5252.916527 0 0 4575.763854 8176.91451 0 0 0 0 0 0 5343.973839 18763.82742 4130.939158 0 1364.138316 2424347.195 1830262.768 6409.026075 0 0 85225.53242 114550.6483 0 0 0 0 0 0 102194.8164 438719.2928 104415.1099 0 0 100137.4675 1561540.899 115848.2138 0 0 5052.46315 10889.79082 774.8823221 0 0 0 0
