$ndistricts
1
$ngroups
54
$nstocks
3
$nagecomps
18
$AgeCompLabels
 0.1 0.2 0.3 0.4 0.5 1.1 1.2 1.3 1.4 1.5 2.1 2.2 2.3 2.4 3.1 3.2 3.3 3.4
$navailpar
3
$nselectpar
5
$GENdata
 1
$maxGradient
2.885746845e-007
#LIKELIHOOD_VALUES_AND_PENALTIES
$totalNLL
368.1865095
$NLLcatch
0.2257913526
$NLLescape
0.6773744021
$NLLagecompCatch
84.26745787
$NLLagecompEsc
208.4887298
$NLLgenetics
74.52715604
$NLLselOne
4.435263295e-017
$NLLavailOne
1.496890231e-017
$NLLextra
3.3e-198
$sigmaCat
0.5
$sigmaEsc
0.5
#OBSERVED_AND_PREDICTED_VALUES
$predEsc
 256065.308 2072705.177 709649.8361
$obsEsc
 256074 2073276 709431
$predCatch
 14095828.63
$obsCatch
 14095829
$RunSize
 0 0 0 0 0 818.3228978 164217.0425 791178.2147 1.902323854e-009 0 1.902323854e-009 1.902323854e-009 1.902323854e-009 0 0 0 0 0 0 0 0 0 0 79645.8571 7780143.828 3698860.124 1.616975276e-008 0 4339.295533 328831.6234 50859.64586 0 0 0 0 0 0 0 0 0 0 6491.133779 483496.6132 3583875.676 38258.3359 0 1.902323854e-009 64362.46794 58870.76763 0 0 0 0 0
$SSageCompEsc
 1 1 1
$obsAgeCompEsc
0 0 0 0 0 0.002815592 0.2873232 0.7098573 0 0 0 0 0 0 0 0 0 0 
0 0 0 0 0 0.03022752 0.8219706 0.1103915 0 0 0.00165921 0.03427715 0.001473996 0 0 0 0 0 
0 0 0 0 0 0.007723091 0.2331488 0.7082014 0.008381365 0 0 0.03096002 0.01158675 0 0 0 0 0 
$predAgeCompEsc
0 0 0 0 0 0.002815671609 0.2873188938 0.7098654346 1.843948572e-015 0 6.545483796e-015 3.328360913e-015 1.706813869e-015 0 0 0 0 0 
0 0 0 0 0 0.03023891324 0.8215051227 0.1103695652 5.584628508e-016 0 0.001647487841 0.03472131995 0.001517591045 0 0 0 0 0 
0 0 0 0 0 0.007723624964 0.2331150828 0.7081161365 0.008381249858 0 2.263523833e-015 0.03103198996 0.01163191592 0 0 0 0 0 
$SSageCompCatch
 1
$obsAgeCompCatch
0 0 0 0 0 0.001294142 0.4596136 0.5079383 0.002292664 0 5.384572e-005 0.02174232 0.007065282 0 0 0 0 0 
$predAgeCompCatch
0 0 0 0 0 0.001282428812 0.4601444338 0.508012989 0.002292208863 0 6.558954289e-005 0.02122650559 0.006975844418 0 0 0 0 0 
$genSS
 729
$obsGenComp     #GeneticFracData
0.04968296368 0.7002426147 0.2500744216 
$predGenComp     #catchGenComp_pred
0.04967060047 0.7002053911 0.2501240084 
#PARAMETERS_OF_INTEREST
$catchByGroup
0 
0 
0 
0 
0 
97.32707985 
90644.64142 
609406.3035 
1.430152595e-009 
0 
2.262525296e-010 
1.050046092e-009 
1.465268035e-009 
0 
0 
0 
0 
0 
0 
0 
0 
0 
0 
16969.50508 
6077405.908 
3470096.554 
1.501222392e-008 
0 
924.5389564 
256864.5638 
47714.12705 
0 
0 
0 
0 
0 
0 
0 
0 
0 
0 
1010.064589 
318066.5329 
3081361.175 
32310.58331 
0 
2.960145372e-010 
42340.62135 
50616.1804 
0 
0 
0 
0 
0 
$escByGroup
 5e-101 5e-101 5e-101 5e-101 5e-101 720.9958179 73572.40104 181771.9112 4.721712591e-010 5e-101 1.676071324e-009 8.522777624e-010 4.37055819e-010 5e-101 5e-101 5e-101 5e-101 5e-101 5e-101 5e-101 5e-101 5e-101 5e-101 62676.35202 1702737.92 228763.5692 1.157528842e-009 5e-101 3414.756576 71967.0596 3145.518816 5e-101 5e-101 5e-101 5e-101 5e-101 5e-101 5e-101 5e-101 5e-101 5e-101 5481.06919 165430.0803 502514.5002 5947.752588 5e-101 1.606309317e-009 22021.84659 8254.587226 5e-101 5e-101 5e-101 5e-101 5e-101
$catchByGroup
0 0 0 0 0 97.32707985 90644.64142 609406.3035 1.430152595e-009 0 2.262525296e-010 1.050046092e-009 1.465268035e-009 0 0 0 0 0 0 0 0 0 0 16969.50508 6077405.908 3470096.554 1.501222392e-008 0 924.5389564 256864.5638 47714.12705 0 0 0 0 0 0 0 0 0 0 1010.064589 318066.5329 3081361.175 32310.58331 0 2.960145372e-010 42340.62135 50616.1804 0 0 0 0 0 
$Fmort
 1.768779056
#ESTIMATED_PARAMETERS
$availability
0.7095531645 1.342664194 0.9477826423 
$availabilityVector
 0.7095531645 1.342664194 0.9477826423
$selectivity
 0.1008919096 0.6397543 1.171888805 1.110312547 1.977152439
$RunSize
 0 0 0 0 0 818.3228978 164217.0425 791178.2147 1.902323854e-009 0 1.902323854e-009 1.902323854e-009 1.902323854e-009 0 0 0 0 0 0 0 0 0 0 79645.8571 7780143.828 3698860.124 1.616975276e-008 0 4339.295533 328831.6234 50859.64586 0 0 0 0 0 0 0 0 0 0 6491.133779 483496.6132 3583875.676 38258.3359 0 1.902323854e-009 64362.46794 58870.76763 0 0 0 0 0
