$ndistricts
1
$ngroups
54
$nstocks
3
$nagecomps
18
$AgeCompLabels
 0.1 0.2 0.3 0.4 0.5 1.1 1.2 1.3 1.4 1.5 2.1 2.2 2.3 2.4 3.1 3.2 3.3 3.4
$navailpar
3
$nselectpar
5
$GENdata
 -1
$maxGradient
8.324459261e-07
#LIKELIHOOD_VALUES_AND_PENALTIES
$totalNLL
340.1220227
$NLLcatch
0.2257913526
$NLLescape
-3.959580044
$NLLagecompCatch
120.9967696
$NLLagecompEsc
222.8590418
$NLLgenetics
0
$NLLselOne
8.768864275e-17
$NLLavailOne
1.234567898e-11
$NLLextra
2.7e-198
$sigmaCat
0.5
$sigmaEsc
0.1
#OBSERVED_AND_PREDICTED_VALUES
$predEsc
 749910.3617 1117844.388 572063.8186
$obsEsc
 756126 1159920 544748.2
$predCatch
 4679067.872
$obsCatch
 4679068
$RunSize
 0 1.981709865e-09 5502.95308 910.5719188 0 0 61037.07813 1115212.42 4730.508104 0 0 6078.928959 25086.1101 656.0114167 0 0 0 0 0 7374.229845 71555.43716 1208.133176 0 1045.265144 1508610.788 2635840.79 3454.399794 0 138.056032 50311.83935 23603.58985 0 0 0 0 0 0 52475.81439 654732.3532 52710.86154 0 0 32350.13345 775565.489 18009.23093 0 0 2.378051838e-09 10685.44839 0 0 0 0 0
$SSageCompEsc
 4041 2235 651
$obsAgeCompEsc
0 0 0.00420339 0.0006049107 0 0 0.05016683 0.9165761 0.003495679 0 0 0.00461091 0.01982382 0.0005183755 0 0 0 0 
0 0.0009591506 0.009018631 0.0001181661 0 0.0009005196 0.3511059 0.6272785 0.0007884769 0 0.0001189384 0.005535515 0.004176207 0 0 0 0 0 
0 0.03100691 0.3813807 0.02275769 0 0 0.02196429 0.5263375 0.009861515 0 0 0 0.006691366 0 0 0 0 0 
$predAgeCompEsc
0 1.635327089e-15 0.004515731627 0.0006317311591 0 0 0.05036841621 0.9151449998 0.00328190372 0 0 0.00501639386 0.02058569993 0.0004551236911 0 0 0 0 
0 0.001730081777 0.01652758644 0.0001747168503 0 0.0009350684282 0.3539379823 0.6088158808 0.0004995656635 0 0.0001235015227 0.01180375419 0.005451862041 0 0 0 0 0 
0 0.03367536388 0.4152773847 0.02354650982 0 0 0.02076008783 0.4919182721 0.008044917509 0 0 1.526069903e-15 0.006777464167 0 0 0 0 0 
$SSageCompCatch
 3361
$obsAgeCompCatch
0 0.01325287 0.1619649 0.01067646 0 0 0.2356392 0.5525747 0.001983244 0 0 0.01459258 0.009316031 0 0 0 0 0 
$predAgeCompCatch
0 0.008260539456 0.1009525671 0.008696264604 0 8.866999525e-10 0.2472078952 0.6151592579 0.003969244051 0 1.171131342e-10 0.008427781618 0.007259190118 6.725900405e-05 0 0 0 0 
$genSS
 -1
$obsGenComp     #GeneticFracData
0 0 0 
$predGenComp     #catchGenComp_pred
0 0 0 
#PARAMETERS_OF_INTEREST
$catchByGroup
0 
7.553611363e-10 
2116.559142 
436.8301768 
0 
0 
23265.28091 
428935.7019 
2269.374498 
0 
0 
2317.083226 
9648.680427 
314.7094449 
0 
0 
0 
0 
0 
5440.26764 
53080.1674 
1012.826925 
0 
0.00414892926 
1112963.201 
1955279.374 
2895.96312 
0 
0.0005479803035 
37117.07897 
17509.25646 
0 
0 
0 
0 
0 
0 
33211.35713 
417167.1868 
39240.75521 
0 
0 
20474.03833 
494156.8438 
13407.0247 
0 
0 
1.505042462e-09 
6808.306363 
0 
0 
0 
0 
0 
$escByGroup
 5e-101 1.226348729e-09 3386.393938 473.741742 5e-101 5e-101 37771.79722 686276.7178 2461.133606 5e-101 5e-101 3761.845734 15437.42968 341.3019718 5e-101 5e-101 5e-101 5e-101 5e-101 1933.962205 18475.26976 195.3062507 5e-101 1045.260995 395647.5873 680561.4158 558.4366734 5e-101 138.0554841 13194.76038 6094.333388 5e-101 5e-101 5e-101 5e-101 5e-101 5e-101 19264.45725 237565.1664 13470.10632 5e-101 5e-101 11876.09512 281408.6452 4602.20623 5e-101 5e-101 8.730093761e-10 3877.142032 5e-101 5e-101 5e-101 5e-101 5e-101
$catchByGroup
0 7.553611363e-10 2116.559142 436.8301768 0 0 23265.28091 428935.7019 2269.374498 0 0 2317.083226 9648.680427 314.7094449 0 0 0 0 0 5440.26764 53080.1674 1012.826925 0 0.00414892926 1112963.201 1955279.374 2895.96312 0 0.0005479803035 37117.07897 17509.25646 0 0 0 0 0 0 33211.35713 417167.1868 39240.75521 0 0 20474.03833 494156.8438 13407.0247 0 0 1.505042462e-09 6808.306363 0 0 0 0 0 
$Fmort
 0.846960467
#ESTIMATED_PARAMETERS
$availability
0.5104741333 1.4236348 1.0658914 
$availabilityVector
 0.5104741333 1.4236348 1.0658914
$selectivity
 3.291915573e-06 1.1100202 1.122973674 1.51129508 1.255707757
$RunSize
 0 1.981709865e-09 5502.95308 910.5719188 0 0 61037.07813 1115212.42 4730.508104 0 0 6078.928959 25086.1101 656.0114167 0 0 0 0 0 7374.229845 71555.43716 1208.133176 0 1045.265144 1508610.788 2635840.79 3454.399794 0 138.056032 50311.83935 23603.58985 0 0 0 0 0 0 52475.81439 654732.3532 52710.86154 0 0 32350.13345 775565.489 18009.23093 0 0 2.378051838e-09 10685.44839 0 0 0 0 0
