$ndistricts
1
$ngroups
54
$nstocks
3
$nagecomps
18
$AgeCompLabels
 0.1 0.2 0.3 0.4 0.5 1.1 1.2 1.3 1.4 1.5 2.1 2.2 2.3 2.4 3.1 3.2 3.3 3.4
$navailpar
3
$nselectpar
5
$GENdata
 1
$maxGradient
2.006748165e-06
#LIKELIHOOD_VALUES_AND_PENALTIES
$totalNLL
371.7429676
$NLLcatch
0.2257913526
$NLLescape
-4.150939527
$NLLagecompCatch
83.79759461
$NLLagecompEsc
218.5348991
$NLLgenetics
73.33562201
$NLLselOne
2.007944074e-16
$NLLavailOne
3.079660772e-17
$NLLextra
2.6e-198
$sigmaCat
0.5
$sigmaEsc
0.1
#OBSERVED_AND_PREDICTED_VALUES
$predEsc
 1054702.324 1724609.661 492565.5442
$obsEsc
 1054704 1724676 492546
$predCatch
 6567269.689
$obsCatch
 6567270
$RunSize
 0 1.092370194e-09 1.638555291e-09 1.638555291e-09 0 1.638555291e-09 461434.293 1011998.506 4248.007653 0 0 1562.599627 9391.485322 0 0 0 0 0 0 6.554221166e-09 9.831331749e-09 4.915665874e-09 0 1.96626635e-08 3750642.903 2693798.315 1.638555291e-08 0 0 36176.60889 40102.21113 0 0 0 0 0 0 4817.158846 63982.59896 18169.48897 0 2308.819712 186527.6254 1478691.838 65487.47276 348.2182436 0 1.092370194e-09 9459.06908 0 0 0 0 0
$SSageCompEsc
 1057 1299 1255
$obsAgeCompEsc
0 0 0 0 0 0 0.3407469 0.6494054 0.002705073 0 0 0.001146572 0.005996097 0 0 0 0 0 
0 0 0 0 0 0 0.7150637 0.2747954 0 0 0 0.00638186 0.003759052 0 0 0 0 0 
0 0.003824192 0.03313686 0.01149184 0 0.0006775068 0.1565931 0.7558514 0.03295398 0.0007069636 0 0 0.004764077 0 0 0 0 0 
$predAgeCompEsc
0 8.065791071e-16 1.051386606e-15 1.062640551e-15 0 8.984246725e-16 0.340711658 0.6493535369 0.00275493004 0 0 0.001153784878 0.006026090133 0 0 0 0 0 
0 1.248413703e-15 1.002251425e-15 5.254521397e-16 0 9.954300035e-16 0.7144028061 0.2746182581 1.751507132e-15 0 0 0.00689073089 0.004088204862 0 0 0 0 0 
0 0.004043912724 0.03271299871 0.009645658741 0 0.0006774803005 0.1565863742 0.756024997 0.03476541443 0.0007069346824 0 9.170238868e-16 0.004836229219 0 0 0 0 0 
$SSageCompCatch
 5034
$obsAgeCompCatch
0 0.0006494667 0.006856028 0.0001944826 0 0.0003003195 0.4150964 0.5562091 0.009420934 0 0 0.004268776 0.007004442 0 0 0 0 0 
$predAgeCompCatch
0 0.0004302041652 0.007289072204 0.002043218942 0 0.0003007515074 0.4157070653 0.5563366485 0.007568686284 1.001498317e-09 0 0.003751709466 0.006572642639 0 0 0 0 0 
$genSS
 1490
$obsGenComp     #GeneticFracData
0.06602007466 0.7300672649 0.2039126605 
$predGenComp     #catchGenComp_pred
0.0660750339 0.730305074 0.2036198921 
#PARAMETERS_OF_INTEREST
$catchByGroup
0 
2.416693354e-10 
5.29655395e-10 
5.177858323e-10 
0 
6.909847013e-10 
102084.9154 
327123.8213 
1342.376537 
0 
0 
345.700034 
3035.754053 
0 
0 
0 
0 
0 
0 
4.401194833e-09 
8.102839258e-09 
4.009466038e-09 
0 
1.79459353e-08 
2518576.921 
2220189.014 
1.336488679e-08 
0 
0 
24292.78782 
33051.65353 
0 
0 
0 
0 
0 
0 
2825.266774 
47869.30295 
13418.36983 
0 
1975.116259 
109398.5728 
1106299.974 
48363.22749 
0.006577109543 
0 
6.406758245e-10 
7076.909203 
0 
0 
0 
0 
0 
$escByGroup
 5e-101 8.507008589e-10 1.108899896e-09 1.120769459e-09 5e-101 9.475705902e-10 359349.3776 684874.6846 2905.631116 5e-101 5e-101 1216.899593 6355.731268 5e-101 5e-101 5e-101 5e-101 5e-101 5e-101 2.153026332e-09 1.72849249e-09 9.061998365e-10 5e-101 1.716728201e-09 1232065.981 473609.3011 3.020666122e-09 5e-101 5e-101 11883.82107 7050.557601 5e-101 5e-101 5e-101 5e-101 5e-101 5e-101 1991.892072 16113.29601 4751.119147 5e-101 333.7034529 77129.05264 372391.8641 17124.24528 348.2116665 5e-101 4.516943698e-10 2382.159877 5e-101 5e-101 5e-101 5e-101 5e-101
$catchByGroup
0 2.416693354e-10 5.29655395e-10 5.177858323e-10 0 6.909847013e-10 102084.9154 327123.8213 1342.376537 0 0 345.700034 3035.754053 0 0 0 0 0 0 4.401194833e-09 8.102839258e-09 4.009466038e-09 0 1.79459353e-08 2518576.921 2220189.014 1.336488679e-08 0 0 24292.78782 33051.65353 0 0 0 0 0 0 2825.266774 47869.30295 13418.36983 0 1975.116259 109398.5728 1106299.974 48363.22749 0.006577109543 0 6.406758245e-10 7076.909203 0 0 0 0 0 
$Fmort
 0.9390972787
#ESTIMATED_PARAMETERS
$availability
0.3339301855 1.486705914 1.179363901 
$availabilityVector
 0.3339301855 1.486705914 1.179363901
$selectivity
 1.746432165 0.7973539334 1.245074295 1.21112255 1.705411721e-05
$RunSize
 0 1.092370194e-09 1.638555291e-09 1.638555291e-09 0 1.638555291e-09 461434.293 1011998.506 4248.007653 0 0 1562.599627 9391.485322 0 0 0 0 0 0 6.554221166e-09 9.831331749e-09 4.915665874e-09 0 1.96626635e-08 3750642.903 2693798.315 1.638555291e-08 0 0 36176.60889 40102.21113 0 0 0 0 0 0 4817.158846 63982.59896 18169.48897 0 2308.819712 186527.6254 1478691.838 65487.47276 348.2182436 0 1.092370194e-09 9459.06908 0 0 0 0 0
