$ndistricts
1
$ngroups
54
$nstocks
3
$nagecomps
18
$AgeCompLabels
 0.1 0.2 0.3 0.4 0.5 1.1 1.2 1.3 1.4 1.5 2.1 2.2 2.3 2.4 3.1 3.2 3.3 3.4
$navailpar
3
$nselectpar
5
$GENdata
 -1
$maxGradient
1.4531383e-06
#LIKELIHOOD_VALUES_AND_PENALTIES
$totalNLL
253.6146036
$NLLcatch
0.2257913526
$NLLescape
-4.150939679
$NLLagecompCatch
101.2046416
$NLLagecompEsc
156.3351103
$NLLgenetics
0
$NLLselOne
9.207633611e-17
$NLLavailOne
1.234567898e-11
$NLLextra
2.9e-198
$sigmaCat
0.5
$sigmaEsc
0.1
#OBSERVED_AND_PREDICTED_VALUES
$predEsc
 206360 1208681.999 233577.6003
$obsEsc
 206360 1208682 233577.6
$predCatch
 1170271.958
$obsCatch
 1170272
$RunSize
 0 0 752.432935 0 0 0 14706.34635 221436.1721 7.823995936e-10 0 0 8444.317708 25920.93178 0 0 7.823995936e-10 0 0 0 0 9.701754961e-09 0 0 0 849367.3987 1244855.233 3741.310827 0 83.38034322 11757.23759 77767.60211 0 0 5.946236912e-09 0 0 0 1.862111033e-08 17175.82449 2.159422878e-08 0 0.0004021801492 26.95168478 19456.23064 1946.389043 0 0 145697.5155 164558.0922 0 0 11198.19077 0 0
$SSageCompEsc
 1655 2342 0
$obsAgeCompEsc
0 0 0.002731128 0 0 0 0.06316213 0.8037534 0 0 0 0.03626741 0.09408597 0 0 0 0 0 
0 0 0 0 0 0 0.5018629 0.4600507 0.002330541 0 6.898455e-05 0.00694696 0.02873992 0 0 0 0 0 
0 0.02913312 0.0651482 0.01223487 0 0.004946185 0.4856242 0.2586278 0.002050846 0 0 0.08596988 0.0562649 0 0 0 0 0 
$predAgeCompEsc
0 0 0.002731127896 0 0 0 0.0631621276 0.8037533694 3.424580895e-15 0 0 0.03626740863 0.09408596643 0 0 3.360319537e-15 0 0 
0 0 3.585396138e-15 0 0 0 0.5018628974 0.4600506983 0.002330540931 0 6.898354862e-05 0.006946959973 0.02873991988 0 0 3.513433279e-15 0 0 
0 6.196036403e-14 0.04021949725 7.475222068e-14 0 1.721808617e-09 8.967973289e-05 0.04555937416 0.006737767979 0 0 0.4847976807 0.3853348489 0 0 0.03726114955 0 0 
$SSageCompCatch
 3101
$obsAgeCompCatch
0 0 0.006810629 0 0 0 0.2088856 0.6436012 0.001108311 0 0 0.03142892 0.1060335 0 0 0.00213183 0 0 
$predAgeCompCatch
0 3.544951375e-15 0.006810629073 3.532328049e-15 0 3.609740069e-15 0.2088856021 0.6436012055 0.001108311032 0 9.995484493e-10 0.03142892023 0.106033501 0 0 0.002131830008 0 0 
$genSS
 -1
$obsGenComp     #GeneticFracData
0 0 0 
$predGenComp     #catchGenComp_pred
0 0 0 
#PARAMETERS_OF_INTEREST
$catchByGroup
0 
0 
188.8373825 
0 
0 
0 
1672.209699 
55573.62681 
7.570308001e-11 
0 
0 
960.1752629 
6505.351747 
0 
0 
8.896405387e-11 
0 
0 
0 
0 
5.368151188e-09 
0 
0 
0 
242774.7484 
688800.235 
924.4279549 
0 
0.001169743521 
3360.572118 
43030.17828 
0 
0 
1.699613351e-09 
0 
0 
0 
4.148557187e-09 
7781.45084 
4.133784463e-09 
0 
4.224377579e-09 
6.004507983 
8814.581349 
372.5973669 
0 
0 
32459.63664 
74552.50287 
0 
0 
2494.820878 
0 
0 
$escByGroup
 5e-101 5e-101 563.5955526 5e-101 5e-101 5e-101 13034.13665 165862.5453 7.066965136e-10 5e-101 5e-101 7484.142445 19415.58003 5e-101 5e-101 6.934355398e-10 5e-101 5e-101 5e-101 5e-101 4.333603773e-09 5e-101 5e-101 5e-101 606592.6503 556054.9979 2816.882873 5e-101 83.37917348 8396.66547 34737.42383 5e-101 5e-101 4.246623561e-09 5e-101 5e-101 5e-101 1.447255314e-08 9394.373652 1.746044432e-08 5e-101 0.0004021759248 20.9471768 10641.64929 1573.791676 5e-101 5e-101 113237.8789 90005.58932 5e-101 5e-101 8703.369896 5e-101 5e-101
$catchByGroup
0 0 188.8373825 0 0 0 1672.209699 55573.62681 7.570308001e-11 0 0 960.1752629 6505.351747 0 0 8.896405387e-11 0 0 0 0 5.368151188e-09 0 0 0 242774.7484 688800.235 924.4279549 0 0.001169743521 3360.572118 43030.17828 0 0 1.699613351e-09 0 0 0 4.148557187e-09 7781.45084 4.133784463e-09 0 4.224377579e-09 6.004507983 8814.581349 372.5973669 0 0 32459.63664 74552.50287 0 0 2494.820878 0 0 
$Fmort
 0.3031411594
#ESTIMATED_PARAMETERS
$availability
0.5104741333 1.4236348 1.0658914 
$availabilityVector
 0.5104741333 1.4236348 1.0658914
$selectivity
 3.250772023e-05 0.7800365177 1.867418238 0.6576226118 1.694890127
$RunSize
 0 0 752.432935 0 0 0 14706.34635 221436.1721 7.823995936e-10 0 0 8444.317708 25920.93178 0 0 7.823995936e-10 0 0 0 0 9.701754961e-09 0 0 0 849367.3987 1244855.233 3741.310827 0 83.38034322 11757.23759 77767.60211 0 0 5.946236912e-09 0 0 0 1.862111033e-08 17175.82449 2.159422878e-08 0 0.0004021801492 26.95168478 19456.23064 1946.389043 0 0 145697.5155 164558.0922 0 0 11198.19077 0 0
