$ndistricts
1
$ngroups
54
$nstocks
3
$nagecomps
18
$AgeCompLabels
 0.1 0.2 0.3 0.4 0.5 1.1 1.2 1.3 1.4 1.5 2.1 2.2 2.3 2.4 3.1 3.2 3.3 3.4
$navailpar
3
$nselectpar
5
$GENdata
 -1
$maxGradient
1.467927189e-06
#LIKELIHOOD_VALUES_AND_PENALTIES
$totalNLL
291.5558316
$NLLcatch
0.2257913526
$NLLescape
-4.146413442
$NLLagecompCatch
88.58507994
$NLLagecompEsc
206.8913737
$NLLgenetics
0
$NLLselOne
1.982483837e-19
$NLLavailOne
1.234567898e-11
$NLLextra
3.3e-198
$sigmaCat
0.5
$sigmaEsc
0.1
#OBSERVED_AND_PREDICTED_VALUES
$predEsc
 366240.3948 1504858.32 1098321.797
$obsEsc
 365712 1496550 1106703
$predCatch
 6965058.852
$obsCatch
 6965059
$RunSize
 0 0 0 0 0 1.102898217e-09 22535.5003 547812.2779 1.102898217e-09 0 0 9953.465787 71282.43214 1.102898217e-09 0 0 0 0 0 0 0 0 0 43252.57443 2118547.216 3141556.142 8000.170342 0 0 109757.845 301030.2988 306.0649329 0 0 0 0 0 0 0 0 0 1.654347326e-09 248254.2275 3198517.693 75479.84549 0 0 5002.276388 33191.33312 4.963041977e-09 0 0 0 0
$SSageCompEsc
 720 1499 1148
$obsAgeCompEsc
0 0 0 0 0 0 0.04295444 0.8323052 0 0 0 0.01844481 0.1062956 0 0 0 0 0 
0 0 0 0 0 0.01597932 0.5268418 0.4157057 0.001860937 0 0 0.015128 0.02448427 0 0 0 0 0 
0 0 0 0 0 0 0.1063999 0.8536345 0.03091107 0 0 0.001681207 0.007373367 0 0 0 0 0 
$predAgeCompEsc
0 0 0 0 0 2.434943345e-15 0.04283506746 0.8302161732 2.059253967e-15 0 0 0.01891936601 0.1080293933 2.059253967e-15 0 0 0 0 
0 0 0 0 0 0.01589134029 0.5126872703 0.4042149334 0.001841952247 0 0 0.02656133861 0.03873269701 7.04681234e-05 0 0 0 0 
0 0 0 0 0 9.665223279e-16 0.1060998841 0.8518447155 0.03107783101 0 0 0.002137892879 0.008839676511 2.043467086e-15 0 0 0 0 
$SSageCompCatch
 3772
$obsAgeCompCatch
0 0 0 0 0 0.002778208 0.200945 0.7056449 0.006612785 0 0 0.02336429 0.0605552 9.959381e-05 0 0 0 0 
$predAgeCompCatch
0 0 0 0 0 0.002776481749 0.2132925972 0.7236035901 0.006686903939 0 0 0.01083485538 0.04277685401 2.871768859e-05 0 0 0 0 
$genSS
 -1
$obsGenComp     #GeneticFracData
0 0 0 
$predGenComp     #catchGenComp_pred
0 0 0 
#PARAMETERS_OF_INTEREST
$catchByGroup
0 
0 
0 
0 
0 
2.11123605e-10 
6847.568287 
243753.5789 
3.487162313e-10 
0 
0 
3024.429711 
31717.70449 
3.487162313e-10 
0 
0 
0 
0 
0 
0 
0 
0 
0 
19338.35879 
1347025.512 
2533269.936 
5228.293179 
0 
0 
69786.79363 
242743.0774 
200.0203911 
0 
0 
0 
0 
0 
0 
0 
0 
0 
5.927947862e-10 
131722.4121 
2262918.075 
41346.38629 
0 
0 
2654.18204 
23482.52374 
2.718657536e-09 
0 
0 
0 
0 
$escByGroup
 5e-101 5e-101 5e-101 5e-101 5e-101 8.917746122e-10 15687.93202 304058.6991 7.541819859e-10 5e-101 5e-101 6929.036076 39564.72766 7.541819859e-10 5e-101 5e-101 5e-101 5e-101 5e-101 5e-101 5e-101 5e-101 5e-101 23914.21565 771521.7042 608286.2056 2771.877164 5e-101 5e-101 39971.05139 58287.22135 106.0445418 5e-101 5e-101 5e-101 5e-101 5e-101 5e-101 5e-101 5e-101 5e-101 1.06155254e-09 116531.8153 935599.6183 34133.45919 5e-101 5e-101 2348.094348 9708.809387 2.244384441e-09 5e-101 5e-101 5e-101 5e-101
$catchByGroup
0 0 0 0 0 2.11123605e-10 6847.568287 243753.5789 3.487162313e-10 0 0 3024.429711 31717.70449 3.487162313e-10 0 0 0 0 0 0 0 0 0 19338.35879 1347025.512 2533269.936 5228.293179 0 0 69786.79363 242743.0774 200.0203911 0 0 0 0 0 0 0 0 0 5.927947862e-10 131722.4121 2262918.075 41346.38629 0 0 2654.18204 23482.52374 2.718657536e-09 0 0 0 0 
$Fmort
 0.9880984254
#ESTIMATED_PARAMETERS
$availability
0.5104741333 1.4236348 1.0658914 
$availabilityVector
 0.5104741333 1.4236348 1.0658914
$selectivity
 0.4212606385 0.7180829584 1.167155888 0.7534972769 1.940003238
$RunSize
 0 0 0 0 0 1.102898217e-09 22535.5003 547812.2779 1.102898217e-09 0 0 9953.465787 71282.43214 1.102898217e-09 0 0 0 0 0 0 0 0 0 43252.57443 2118547.216 3141556.142 8000.170342 0 0 109757.845 301030.2988 306.0649329 0 0 0 0 0 0 0 0 0 1.654347326e-09 248254.2275 3198517.693 75479.84549 0 0 5002.276388 33191.33312 4.963041977e-09 0 0 0 0
