$ndistricts
3
$ngroups
90
$nstocks
5
$nagecomps
18
$AgeCompLabels
 0.1 0.2 0.3 0.4 0.5 1.1 1.2 1.3 1.4 1.5 2.1 2.2 2.3 2.4 3.1 3.2 3.3 3.4
$navailpar
15
$nselectpar
5
$GENdata
 -1 -1 -1
$maxGradient
3.39206e-06
#LIKELIHOOD_VALUES_AND_PENALTIES
$totalNLL
841.308
$NLLcatch
0.677374
$NLLescape
-10.3596
$NLLagecompCatch
380.847
$NLLagecompEsc
470.143
$NLLgenetics
0
$NLLselOne
9.57292e-19
$NLLavailOne
1.9451e-09
$NLLextra
2.7e-198
$sigmaCat
0.5
$sigmaEsc
0.05
#OBSERVED_AND_PREDICTED_VALUES
$predEsc
 4.18573e+06 708696 3.59961e+06 2.79457e+06 2.47999e+06
$obsEsc
 4.22279e+06 707852 3.57851e+06 2.78692e+06 2.48202e+06
$predCatch
 9.97847e+06 6.79716e+06 2.94574e+06
$obsCatch
 9.97847e+06 6.79717e+06 2.94574e+06
$RunSize
 0 7830.14 51264.7 345.281 0 5564.27 4.35297e+06 810479 2900.35 0 29285.8 1.42656e+06 1.29103e+06 3.71919e-09 0 1185.55 3.71919e-09 0 0 1.30172e-08 2.04555e-08 2208.56 0 0 2.41747e-08 866732 1.48768e-08 0 2.97535e-08 1.20874e-07 653588 4009.61 0 7.43838e-09 2655.93 0 0 3.71919e-09 14021.7 3.71919e-09 0 0 352603 6.39965e+06 52437.4 0 2337.63 1.16495e+06 1.34771e+06 1367.9 0 3.71919e-09 3.71919e-09 0 0 3.71919e-09 2283.23 3.71919e-09 0 1134.13 674130 3.12959e+06 2670.53 0 66841 3.91694e+06 1.06289e+06 8366.4 0 3971.42 35770 0 0 547.846 7517.49 45.0039 0 1725.71 825047 2.58078e+06 2039.95 0 10786.7 1.85743e+06 453570 3.71919e-09 0 3.71919e-09 2202.25 0
$SSageCompEsc
 3549 0 3053 3792 3030
$obsAgeCompEsc
0 0.00118994 0.00582372 3.88102e-05 0 0.00124917 0.59652 0.08166 0.000377435 0 0.00655079 0.176337 0.130054 0 0 0.00019902 0 0 
0 0 0 0 0 0 0.601116 0.250188 0 0 0 0.102692 0.0460043 0 0 0 0 0 
0 0 0.00163259 0 0 0 0.0519077 0.648172 0.00721508 0 0.000637825 0.153382 0.136901 0.000151794 0 0 0 0 
0 0 0.000211772 0 0 0.000392333 0.0823469 0.311752 0.000173072 0 0.0220162 0.480703 0.0990314 0.000508826 0 0.000503268 0.00236111 0 
0 0.000184448 0.000609242 0 0 0.000684781 0.174912 0.399891 0 0 0.00426138 0.374919 0.0445375 0 0 0 0 0 
$predAgeCompEsc
0 0.00102871 0.00550574 4.06595e-05 0 0.00126562 0.571883 0.087044 0.000341538 0 0.00666123 0.187419 0.138655 4.37962e-16 0 0.000155755 3.99434e-16 0 
0 1.0293e-14 1.33718e-14 0.00157429 0 0 1.91156e-14 0.566581 1.06044e-14 0 4.00079e-14 9.55778e-14 0.42725 0.00285811 0 5.88171e-15 0.00173618 0 
0 4.91971e-16 0.00143166 4.27804e-16 0 0 0.046642 0.653422 0.00603168 0 0.000611508 0.154099 0.137605 0.000157345 0 4.91971e-16 3.79739e-16 0 
0 4.88142e-16 0.000201427 3.95996e-16 0 0.000375547 0.0884792 0.276094 0.000284341 0 0.0221331 0.514096 0.0937683 0.000890802 0 0.000521247 0.00315564 0 
0 0.000108872 0.00114012 7.74451e-06 0 0.000658911 0.16396 0.391408 0.000351046 0 0.0041186 0.369123 0.0687896 6.40017e-16 0 7.39106e-16 0.000334 0 
$SSageCompCatch
 7296 19490 3102
$obsAgeCompCatch
0 0.000131931 0.00268129 0.000131931 0 0 0.146222 0.510798 0.00159594 0 0 0.145643 0.192098 0.00032315 0 0 0.0003759 0 
0 5.41582e-05 0.000768337 0 0 0 0.105877 0.361374 0.000977401 0 0.00115142 0.401711 0.122445 0.00127447 0 0.000411145 0.00395608 0 
0 0 0.00201388 2.60051e-05 0 0 0.113126 0.474879 0.000852353 0 0 0.283269 0.12436 0 0 0 0.00147443 0 
$predAgeCompCatch
0 0.000320869 0.00337601 0.000117465 0 2.54422e-05 0.19953 0.474486 0.00292805 0 0.000173952 0.136926 0.181371 0.000305754 0 6.84319e-05 0.000371172 0 
0 5.0236e-05 0.000831723 1.27503e-05 0 1.58988e-05 0.0917751 0.408231 0.000708472 0 0.000695372 0.359078 0.133991 0.000784712 0 0.000332227 0.0034934 0 
0 8.78759e-05 0.0014112 1.18713e-05 0 2.75056e-05 0.127103 0.48123 0.000410337 0 0.000216891 0.294522 0.0940677 9.43134e-05 0 3.64305e-05 0.000781405 0 
$genSS
 -1 -1 -1
$obsGenComp     #GeneticFracData
0 0 0 0 0 
0 0 0 0 0 
0 0 0 0 0 
$predGenComp     #catchGenComp_pred
0 0 0 0 0 
0 0 0 0 0 
0 0 0 0 0 
#PARAMETERS_OF_INTEREST
$catchByGroup
0 0 0 
3191.25 297.466 35.5388 
25387.2 2528.32 303.633 
157.985 15.2766 1.83035 
0 0 0 
245.945 18.5789 2.1854 
1.7741e+06 165368 19756.9 
401364 39971.9 4800.35 
1327.07 128.323 15.3749 
0 0 0 
1294.45 97.7842 11.5022 
581410 54194.9 6474.77 
639344 63672.4 7646.6 
1.70173e-09 1.64552e-10 1.97155e-11 
0 0 0 
483.182 45.0387 5.38086 
1.84181e-09 1.83426e-10 2.20282e-11 
0 0 0 
0 0 0 
5.31953e-09 3.39718e-10 6.33041e-11 
1.01549e-08 6.94328e-10 1.29808e-10 
1013.12 67.1958 12.5441 
0 0 0 
0 0 0 
9.87913e-09 6.30904e-10 1.17565e-10 
430278 29419.7 5500.17 
6.82435e-09 4.52628e-10 8.44965e-11 
0 0 0 
1.31967e-09 6.78674e-11 1.2523e-11 
4.93957e-08 3.15452e-09 5.87823e-10 
324465 22184.9 4147.59 
1839.31 121.993 22.7737 
0 0 0 
3.03973e-09 1.94124e-10 3.61737e-11 
1318.5 90.1509 16.8542 
0 0 0 
0 0 0 
1.76322e-09 1.74149e-10 1.09237e-11 
7963.39 851.171 53.7559 
1.96384e-09 2.02663e-10 1.27601e-11 
0 0 0 
0 0 0 
167164 16510.4 1035.64 
3.63457e+06 388483 24534.7 
27688.5 2857.38 179.907 
0 0 0 
126.189 9.6607 0.593701 
552287 54548.2 3421.6 
765409 81811.2 5166.8 
722.293 74.5388 4.69313 
0 0 0 
1.76322e-09 1.74149e-10 1.09237e-11 
2.11225e-09 2.25769e-10 1.42585e-11 
0 0 0 
0 0 0 
1.86984e-10 2.0726e-09 9.54599e-11 
148.734 1495.36 76.2259 
2.17534e-10 2.28372e-09 1.11293e-10 
0 0 0 
5.04072 77.0571 2.54373 
33892.1 375674 17302.8 
203868 2.04968e+06 104482 
156.199 1639.81 79.913 
0 0 0 
297.078 4541.41 149.916 
196926 2.1828e+06 100536 
69238.8 696121 35484.7 
489.349 5137.28 250.356 
0 0 0 
199.665 2213.16 101.934 
2330.13 23427 1194.19 
0 0 0 
0 0 0 
10.5264 43.9966 223.321 
188.065 778.506 3723.42 
1.00869 4.19362 20.5953 
0 0 0 
2.88879 12.4308 76.2953 
15852.5 66258.2 336318 
64563.2 267263 1.27826e+06 
45.7221 190.09 933.551 
0 0 0 
18.0567 77.7 476.893 
35688.8 149167 757153 
11346.9 46971.3 224653 
8.33593e-11 3.46567e-10 1.70203e-09 
0 0 0 
7.14607e-11 2.98682e-10 1.51607e-09 
55.0937 228.063 1090.78 
0 0 0 
$escByGroup
 5e-101 4305.89 23045.5 170.19 5e-101 5297.56 2.39375e+06 364343 1429.59 5e-101 27882.1 784484 580372 1.83319e-09 5e-101 651.946 1.67192e-09 5e-101 5e-101 7.2946e-09 9.47651e-09 1115.7 5e-101 5e-101 1.35471e-08 401534 7.51528e-09 5e-101 2.83534e-08 6.77356e-08 302790 2025.53 5e-101 4.16835e-09 1230.42 5e-101 5e-101 1.7709e-09 5153.4 1.53993e-09 5e-101 5e-101 167893 2.35206e+06 21711.7 5e-101 2201.19 554695 495324 566.379 5e-101 1.7709e-09 1.36691e-09 5e-101 5e-101 1.36415e-09 562.902 1.10664e-09 5e-101 1049.49 247261 771564 794.612 5e-101 61852.5 1.43668e+06 262042 2489.41 5e-101 1456.66 8818.66 5e-101 5e-101 270.002 2827.5 19.2063 5e-101 1634.09 406619 970688 870.591 5e-101 10214.1 915423 170598 1.58724e-09 5e-101 1.83298e-09 828.316 5e-101
$catchByGroup
0 3191.25 25387.2 157.985 0 245.945 1.7741e+06 401364 1327.07 0 1294.45 581410 639344 1.70173e-09 0 483.182 1.84181e-09 0 0 5.31953e-09 1.01549e-08 1013.12 0 0 9.87913e-09 430278 6.82435e-09 0 1.31967e-09 4.93957e-08 324465 1839.31 0 3.03973e-09 1318.5 0 0 1.76322e-09 7963.39 1.96384e-09 0 0 167164 3.63457e+06 27688.5 0 126.189 552287 765409 722.293 0 1.76322e-09 2.11225e-09 0 0 1.86984e-10 148.734 2.17534e-10 0 5.04072 33892.1 203868 156.199 0 297.078 196926 69238.8 489.349 0 199.665 2330.13 0 0 10.5264 188.065 1.00869 0 2.88879 15852.5 64563.2 45.7221 0 18.0567 35688.8 11346.9 8.33593e-11 0 7.14607e-11 55.0937 0 
0 297.466 2528.32 15.2766 0 18.5789 165368 39971.9 128.323 0 97.7842 54194.9 63672.4 1.64552e-10 0 45.0387 1.83426e-10 0 0 3.39718e-10 6.94328e-10 67.1958 0 0 6.30904e-10 29419.7 4.52628e-10 0 6.78674e-11 3.15452e-09 22184.9 121.993 0 1.94124e-10 90.1509 0 0 1.74149e-10 851.171 2.02663e-10 0 0 16510.4 388483 2857.38 0 9.6607 54548.2 81811.2 74.5388 0 1.74149e-10 2.25769e-10 0 0 2.0726e-09 1495.36 2.28372e-09 0 77.0571 375674 2.04968e+06 1639.81 0 4541.41 2.1828e+06 696121 5137.28 0 2213.16 23427 0 0 43.9966 778.506 4.19362 0 12.4308 66258.2 267263 190.09 0 77.7 149167 46971.3 3.46567e-10 0 2.98682e-10 228.063 0 
0 35.5388 303.633 1.83035 0 2.1854 19756.9 4800.35 15.3749 0 11.5022 6474.77 7646.6 1.97155e-11 0 5.38086 2.20282e-11 0 0 6.33041e-11 1.29808e-10 12.5441 0 0 1.17565e-10 5500.17 8.44965e-11 0 1.2523e-11 5.87823e-10 4147.59 22.7737 0 3.61737e-11 16.8542 0 0 1.09237e-11 53.7559 1.27601e-11 0 0 1035.64 24534.7 179.907 0 0.593701 3421.6 5166.8 4.69313 0 1.09237e-11 1.42585e-11 0 0 9.54599e-11 76.2259 1.11293e-10 0 2.54373 17302.8 104482 79.913 0 149.916 100536 35484.7 250.356 0 101.934 1194.19 0 0 223.321 3723.42 20.5953 0 76.2953 336318 1.27826e+06 933.551 0 476.893 757153 224653 1.70203e-09 0 1.51607e-09 1090.78 0 
$Fmort
 0.357351 0.205118 0.113949
#ESTIMATED_PARAMETERS
$availability
1.48515 1.49041 1.82307 0.146338 0.0550396 
0.191422 0.130699 0.23702 4.0271 0.413765 
0.0404721 0.0433719 0.0261694 0.231335 4.65865 
$availabilityVector
 1.48515 0.191422 0.0404721 1.49041 0.130699 0.0433719 1.82307 0.23702 0.0261694 0.146338 4.0271 0.231335 0.0550396 0.413765 4.65865
$selectivity
 0.0851809 0.986404 1.28811 1.15252 1.48778
$RunSize
 0 7830.14 51264.7 345.281 0 5564.27 4.35297e+06 810479 2900.35 0 29285.8 1.42656e+06 1.29103e+06 3.71919e-09 0 1185.55 3.71919e-09 0 0 1.30172e-08 2.04555e-08 2208.56 0 0 2.41747e-08 866732 1.48768e-08 0 2.97535e-08 1.20874e-07 653588 4009.61 0 7.43838e-09 2655.93 0 0 3.71919e-09 14021.7 3.71919e-09 0 0 352603 6.39965e+06 52437.4 0 2337.63 1.16495e+06 1.34771e+06 1367.9 0 3.71919e-09 3.71919e-09 0 0 3.71919e-09 2283.23 3.71919e-09 0 1134.13 674130 3.12959e+06 2670.53 0 66841 3.91694e+06 1.06289e+06 8366.4 0 3971.42 35770 0 0 547.846 7517.49 45.0039 0 1725.71 825047 2.58078e+06 2039.95 0 10786.7 1.85743e+06 453570 3.71919e-09 0 3.71919e-09 2202.25 0
