$ndistricts
3
$ngroups
90
$nstocks
5
$nagecomps
18
$AgeCompLabels
 0.1 0.2 0.3 0.4 0.5 1.1 1.2 1.3 1.4 1.5 2.1 2.2 2.3 2.4 3.1 3.2 3.3 3.4
$navailpar
15
$nselectpar
5
$GENdata
 -1 -1 -1
$maxGradient
2.36271e-06
#LIKELIHOOD_VALUES_AND_PENALTIES
$totalNLL
442.814
$NLLcatch
0.677374
$NLLescape
-5.90396
$NLLagecompCatch
134.671
$NLLagecompEsc
313.37
$NLLgenetics
0
$NLLselOne
1.14206e-16
$NLLavailOne
1.9451e-09
$NLLextra
4.03669e-17
$sigmaCat
0.5
$sigmaEsc
0.1
#OBSERVED_AND_PREDICTED_VALUES
$predEsc
 1.76693e+06 81445.7 1.45165e+06 511078 356593
$obsEsc
 1.96528e+06 81822 1.32075e+06 509160 356308
$predCatch
 2.54728e+06 1.32979e+06 174923
$obsCatch
 2.54728e+06 1.32979e+06 174923
$RunSize
 0 2.75956e-09 3.21949e-09 0 0 0 1.666e+06 559820 0 0 1.05783e-08 777142 5.97905e-09 2.75956e-09 0 4.59927e-09 5.97905e-09 0 0 9.19854e-10 9.19854e-10 0 0 0 62928 50324.5 0 0 9.19854e-10 26956.7 718.984 9.19854e-10 0 9.19854e-10 9.19854e-10 0 0 1.83971e-09 2.29964e-09 0 0 0 214925 584160 0 0 31758.1 1.66824e+06 467647 2.75956e-09 0 16375 5958.97 0 0 5.61111e-08 3.81739e-08 0 0 0 7.72677e-08 1.49936e-07 0 0 3.58743e-08 1.15813e+06 1.00678e-06 3.31147e-08 0 373242 1.16178e-06 0 0 1.43497e-07 1.06243e-07 0 0 0 1.94549e-07 3.63342e-07 0 0 4.73725e-07 515034 1.78774e-06 8.60064e-08 0 40328.6 1.92663e-06 0
$SSageCompEsc
 35 73 1233 0 0
$obsAgeCompEsc
0 0 0 0 0 0 0.657143 0.142857 0 0 0 0.2 0 0 0 0 0 0 
0 0 0 0 0 0 0.4881 0.302237 0 0 0 0.205384 0.00427899 0 0 0 0 0 
0 0 0 0 0 0 0.109617 0.181867 0 0 0.00292846 0.582028 0.116371 0 0 0.00571301 0.0014758 0 
0 0 0 0 0 0 0.00796217 0.0278907 0 0 0.00165367 0.420382 0.455546 0.00253569 0 0.0774835 0.00654586 0 
0 0 0 0 0 0 0.217492 0.0896673 0 0 0 0.497646 0.193566 0.000191578 0 0.00126912 0.000167556 0 
$predAgeCompEsc
0 9.6084e-16 8.58812e-16 0 0 0 0.580076 0.149334 0 0 1.3095e-15 0.27059 1.59494e-15 5.62033e-16 0 1.6014e-15 1.59494e-15 0 
0 7.09076e-15 5.53454e-15 0 0 0 0.485085 0.302791 0 0 2.835e-15 0.207798 0.00432595 4.33724e-15 0 7.09076e-15 5.53454e-15 0 
0 6.92679e-16 6.13331e-16 0 0 0 0.0809225 0.1558 0 0 0.00267821 0.62812 0.124725 5.09249e-16 0 0.00616543 0.0015893 0 
0 3.6641e-14 1.21955e-14 0 0 0 5.04564e-14 4.79004e-14 0 0 -3.9312e-15 0.75627 3.21638e-13 3.5945e-15 0 0.24373 3.71155e-13 0 
0 2.58385e-13 1.46955e-13 0 0 0 3.5031e-13 5.02572e-13 0 0 2.69947e-13 0.927383 2.47278e-12 8.93354e-14 0 0.0726168 2.66491e-12 0 
$SSageCompCatch
 1155 0 0
$obsAgeCompCatch
0 0 0 0 0 0 0.0994763 0.211569 0 0 0.00924569 0.547755 0.11826 0 0 0.0121825 0.00151195 0 
0 0.000578908 0 0 0 0 0.0279803 0.0300462 0 0 0 0.45079 0.394313 0.00110714 0 0.0887544 0.00643014 0 
0 0 0.00917627 0 0 0 0.143999 0.105131 0 0 0 0.42089 0.299298 0 0 0.0169173 0.00458814 0 
$predAgeCompCatch
0 2.50964e-15 3.0511e-15 0 0 0 0.263154 0.231875 0 0 0.00918565 0.388367 0.0975401 3.4521e-15 0 0.0086376 0.00124124 0 
0 3.6028e-14 3.28505e-14 0 0 0 0.0653591 0.0641242 0 0 0.0032614 0.663483 0.0280989 3.25152e-14 0 0.175315 0.00035774 0 
0 2.0969e-13 2.16698e-13 0 0 0 0.0267172 0.0211025 0 0 0.000770966 0.856826 0.006455 2.15805e-13 0 0.0880463 8.20437e-05 0 
$genSS
 -1 -1 -1
$obsGenComp     #GeneticFracData
0 0 0 0 0 
0 0 0 0 0 
0 0 0 0 0 
$predGenComp     #catchGenComp_pred
0 0 0 0 0 
0 0 0 0 0 
0 0 0 0 0 
#PARAMETERS_OF_INTEREST
$catchByGroup
0 0 0 
9.3343e-10 1.21503e-10 6.88755e-12 
1.48082e-09 2.0922e-10 1.19835e-11 
0 0 0 
0 0 0 
0 0 0 
563528 73353.4 4158.14 
257492 36380.2 2083.75 
0 0 0 
0 0 0 
7.01221e-09 1.18292e-09 6.93908e-11 
262871 34217.4 1939.66 
2.7501e-09 3.88552e-10 2.2255e-11 
1.52202e-09 2.31102e-10 1.33624e-11 
0 0 0 
1.55572e-09 2.02505e-10 1.14793e-11 
2.7501e-09 3.88552e-10 2.2255e-11 
0 0 0 
0 0 0 
3.12031e-10 2.78502e-11 2.46013e-12 
4.24173e-10 4.12479e-11 3.66868e-12 
0 0 0 
0 0 0 
0 0 0 
21346.3 1905.26 168.299 
23206.2 2256.64 200.711 
0 0 0 
0 0 0 
6.10947e-10 7.15436e-11 6.4648e-12 
9144.22 816.164 72.0952 
331.545 32.2405 2.86754 
5.08509e-10 5.33231e-11 4.77244e-12 
0 0 0 
3.12031e-10 2.78502e-11 2.46013e-12 
4.24173e-10 4.12479e-11 3.66868e-12 
0 0 0 
0 0 0 
7.31444e-10 9.97653e-11 2.97033e-12 
1.22017e-09 1.83585e-10 5.53834e-12 
0 0 0 
0 0 0 
0 0 0 
85451.2 11655.1 347.01 
309951 46634.8 1406.86 
0 0 0 
0 0 0 
23398.4 4336.98 134.86 
663272 90467 2693.49 
248130 37333.3 1126.26 
1.72843e-09 2.83236e-10 8.64759e-12 
0 0 0 
6510.47 887.996 26.4384 
3161.79 475.718 14.3513 
0 0 0 
0 0 0 
2.2369e-09 3.4352e-08 7.95801e-10 
2.24849e-09 2.88875e-08 8.05079e-10 
0 0 0 
0 0 0 
0 0 0 
3.08032e-09 4.73044e-08 1.09586e-09 
8.83143e-09 1.13462e-07 3.16212e-09 
0 0 0 
0 0 0 
3.64481e-09 3.29142e-08 1.32446e-09 
46169.7 709025 16425.3 
5.93006e-08 7.61865e-07 2.12327e-08 
2.51598e-09 2.78556e-08 9.06138e-10 
0 0 0 
14879.5 228504 5293.54 
6.84301e-08 8.79155e-07 2.45016e-08 
0 0 0 
0 0 0 
2.17894e-09 1.33085e-08 3.58714e-08 
2.39834e-09 1.43626e-08 3.70792e-08 
0 0 0 
0 0 0 
0 0 0 
2.95414e-09 1.80433e-08 4.86334e-08 
8.2021e-09 4.91188e-08 1.26808e-07 
0 0 0 
0 0 0 
1.87099e-08 1.07115e-07 2.51639e-07 
7820.54 47766.3 128748 
4.03564e-08 2.41677e-07 6.23925e-07 
2.5185e-09 1.48151e-08 3.68163e-08 
0 0 0 
612.371 3740.24 10081.3 
4.34919e-08 2.60454e-07 6.72401e-07 
0 0 0 
$escByGroup
 5e-101 1.69774e-09 1.51746e-09 5e-101 5e-101 5e-101 1.02496e+06 263864 5e-101 5e-101 2.3138e-09 478114 2.81815e-09 9.93075e-10 5e-101 2.82957e-09 2.81815e-09 5e-101 5e-101 5.77512e-10 4.50765e-10 5e-101 5e-101 5e-101 39508.1 24661 5e-101 5e-101 2.30899e-10 16924.3 352.33 3.5325e-10 5e-101 5.77512e-10 4.50765e-10 5e-101 5e-101 1.00553e-09 8.90343e-10 5e-101 5e-101 5e-101 117471 226167 5e-101 5e-101 3887.82 911811 181057 7.39252e-10 5e-101 8950.06 2307.12 5e-101 5e-101 1.87264e-08 6.23286e-09 5e-101 5e-101 5e-101 2.57872e-08 2.44809e-08 5e-101 5e-101 4.97722e-192 386513 1.64382e-07 1.83707e-09 5e-101 124565 1.89689e-07 5e-101 5e-101 9.21384e-08 5.24031e-08 5e-101 5e-101 5e-101 1.24918e-07 1.79214e-07 5e-101 5e-101 9.62612e-08 330699 8.81778e-07 3.18564e-08 5e-101 25894.7 9.50288e-07 5e-101
$catchByGroup
0 9.3343e-10 1.48082e-09 0 0 0 563528 257492 0 0 7.01221e-09 262871 2.7501e-09 1.52202e-09 0 1.55572e-09 2.7501e-09 0 0 3.12031e-10 4.24173e-10 0 0 0 21346.3 23206.2 0 0 6.10947e-10 9144.22 331.545 5.08509e-10 0 3.12031e-10 4.24173e-10 0 0 7.31444e-10 1.22017e-09 0 0 0 85451.2 309951 0 0 23398.4 663272 248130 1.72843e-09 0 6510.47 3161.79 0 0 2.2369e-09 2.24849e-09 0 0 0 3.08032e-09 8.83143e-09 0 0 3.64481e-09 46169.7 5.93006e-08 2.51598e-09 0 14879.5 6.84301e-08 0 0 2.17894e-09 2.39834e-09 0 0 0 2.95414e-09 8.2021e-09 0 0 1.87099e-08 7820.54 4.03564e-08 2.5185e-09 0 612.371 4.34919e-08 0 
0 1.21503e-10 2.0922e-10 0 0 0 73353.4 36380.2 0 0 1.18292e-09 34217.4 3.88552e-10 2.31102e-10 0 2.02505e-10 3.88552e-10 0 0 2.78502e-11 4.12479e-11 0 0 0 1905.26 2256.64 0 0 7.15436e-11 816.164 32.2405 5.33231e-11 0 2.78502e-11 4.12479e-11 0 0 9.97653e-11 1.83585e-10 0 0 0 11655.1 46634.8 0 0 4336.98 90467 37333.3 2.83236e-10 0 887.996 475.718 0 0 3.4352e-08 2.88875e-08 0 0 0 4.73044e-08 1.13462e-07 0 0 3.29142e-08 709025 7.61865e-07 2.78556e-08 0 228504 8.79155e-07 0 0 1.33085e-08 1.43626e-08 0 0 0 1.80433e-08 4.91188e-08 0 0 1.07115e-07 47766.3 2.41677e-07 1.48151e-08 0 3740.24 2.60454e-07 0 
0 6.88755e-12 1.19835e-11 0 0 0 4158.14 2083.75 0 0 6.93908e-11 1939.66 2.2255e-11 1.33624e-11 0 1.14793e-11 2.2255e-11 0 0 2.46013e-12 3.66868e-12 0 0 0 168.299 200.711 0 0 6.4648e-12 72.0952 2.86754 4.77244e-12 0 2.46013e-12 3.66868e-12 0 0 2.97033e-12 5.53834e-12 0 0 0 347.01 1406.86 0 0 134.86 2693.49 1126.26 8.64759e-12 0 26.4384 14.3513 0 0 7.95801e-10 8.05079e-10 0 0 0 1.09586e-09 3.16212e-09 0 0 1.32446e-09 16425.3 2.12327e-08 9.06138e-10 0 5293.54 2.45016e-08 0 0 3.58714e-08 3.70792e-08 0 0 0 4.86334e-08 1.26808e-07 0 0 2.51639e-07 128748 6.23925e-07 3.68163e-08 0 10081.3 6.72401e-07 0 
$Fmort
 0.570053 0.482356 0.126614
#ESTIMATED_PARAMETERS
$availability
1.48515 1.49041 1.82307 0.146338 0.0550396 
0.191422 0.130699 0.23702 4.0271 0.413765 
0.0404721 0.0433719 0.0261694 0.231335 4.65865 
$availabilityVector
 1.48515 0.191422 0.0404721 1.49041 0.130699 0.0433719 1.82307 0.23702 0.0261694 0.146338 4.0271 0.231335 0.0550396 0.413765 4.65865
$selectivity
 1.28432 0.487673 0.727724 0.947237 1.55304
$RunSize
 0 2.75956e-09 3.21949e-09 0 0 0 1.666e+06 559820 0 0 1.05783e-08 777142 5.97905e-09 2.75956e-09 0 4.59927e-09 5.97905e-09 0 0 9.19854e-10 9.19854e-10 0 0 0 62928 50324.5 0 0 9.19854e-10 26956.7 718.984 9.19854e-10 0 9.19854e-10 9.19854e-10 0 0 1.83971e-09 2.29964e-09 0 0 0 214925 584160 0 0 31758.1 1.66824e+06 467647 2.75956e-09 0 16375 5958.97 0 0 5.61111e-08 3.81739e-08 0 0 0 7.72677e-08 1.49936e-07 0 0 3.58743e-08 1.15813e+06 1.00678e-06 3.31147e-08 0 373242 1.16178e-06 0 0 1.43497e-07 1.06243e-07 0 0 0 1.94549e-07 3.63342e-07 0 0 4.73725e-07 515034 1.78774e-06 8.60064e-08 0 40328.6 1.92663e-06 0
