$ndistricts
3
$ngroups
90
$nstocks
5
$nagecomps
18
$AgeCompLabels
 0.1 0.2 0.3 0.4 0.5 1.1 1.2 1.3 1.4 1.5 2.1 2.2 2.3 2.4 3.1 3.2 3.3 3.4
$navailpar
15
$nselectpar
5
$GENdata
 -1 -1 -1
$maxGradient
9.11438e-07
#LIKELIHOOD_VALUES_AND_PENALTIES
$totalNLL
603.18
$NLLcatch
0.677374
$NLLescape
-6.89752
$NLLagecompCatch
244.568
$NLLagecompEsc
364.832
$NLLgenetics
0
$NLLselOne
3.02416e-17
$NLLavailOne
1.9451e-09
$NLLextra
5e-198
$sigmaCat
0.5
$sigmaEsc
0.1
#OBSERVED_AND_PREDICTED_VALUES
$predEsc
 1.41567e+07 176782 727280 925592 728824
$obsEsc
 1.39353e+07 177060 732502 919734 735024
$predCatch
 1.78038e+07 1.40351e+06 171541
$obsCatch
 1.78038e+07 1.40351e+06 171541
$RunSize
 0 0 5.97497e-09 0 0 0 461800 263196 3497.16 0 14499.6 2.95306e+07 391643 0 0 5817.97 12204.7 0 0 0 3.98331e-09 0 0 5094.84 266345 77290.7 0 0 0 25397.7 63879.1 0 0 3.98331e-09 3.98331e-09 0 0 0 3.98331e-09 0 0 0 801851 524874 0 0 1761.14 746015 270760 0 0 3867.11 3.98331e-09 0 0 0 155.517 0 0 0 128049 9527.4 0 0 92.6621 1.30447e+06 194894 0 0 63853.5 6553.02 0 0 0 354.235 0 0 0 671943 44577.1 0 0 0 184980 14182.2 0 0 3.98331e-09 3.98331e-09 0
$SSageCompEsc
 2849 648 1443 1329 1160
$obsAgeCompEsc
0 0 0 0 0 0 0.0150719 0.00566992 0.000250926 0 0.00104037 0.965337 0.0126299 0 0 0 0 0 
0 0 0 0 0 0.0287746 0.709264 0.106043 0 0 0 0.0675734 0.0883449 0 0 0 0 0 
0 0 0 0 0 0 0.423496 0.114962 0 0 0.00240421 0.394894 0.0623582 0 0 0.00188622 0 0 
0 0 0 0 0 0 0.0657709 0.0034002 0 0 0.000100747 0.827259 0.0687585 0 0 0.0341347 0.000576019 0 
0 0 0 0 0 0 0.777281 0.0175373 0 0 0 0.198475 0.00670654 0 0 0 0 0 
$predAgeCompEsc
0 0 9.79705e-17 0 0 0 0.0152063 0.00431558 0.000247031 0 0.00102422 0.972393 0.0064217 0 0 0.000191576 0.000200118 0 
0 0 5.45848e-15 0 0 0.02882 0.710024 0.105914 0 0 0 0.0677055 0.0875359 0 0 1.06187e-14 5.45848e-15 0 
0 0 8.47037e-16 0 0 0 0.428067 0.111613 0 0 0.00242154 0.398259 0.0575761 0 0 0.00206445 8.47037e-16 0 
0 0 5.40494e-05 0 0 0 0.0792852 0.00331121 0 0 0.000100111 0.807701 0.0677346 0 0 0.0395368 0.00227747 0 
0 0 0.000320385 0 0 0 0.742211 0.0403173 0 0 0 0.204324 0.012827 0 0 4.39986e-15 3.60267e-15 0 
$SSageCompCatch
 2901 1646 551
$obsAgeCompCatch
0 0 0 0 0 0 0.0397036 0.0303666 0 0 0 0.910563 0.0175837 0 0 0.00115546 0.000627604 0 
0 0 0.000143919 0 0 0 0.111841 0.028734 0 0 0 0.738875 0.0909772 0 0 0.0241145 0.00531357 0 
0 0 0.000767918 0 0 0 0.452748 0.0916779 0 0 0 0.402052 0.0527535 0 0 0 0 0 
$predAgeCompCatch
0 0 1.99411e-06 0 0 1.53598e-10 0.0488344 0.0376733 6.5619e-10 0 5.00809e-10 0.880247 0.0321599 0 0 0.000539607 0.000544141 0 
0 0 8.01056e-05 0 0 3.80732e-11 0.0767553 0.0314346 2.39066e-10 0 2.03898e-10 0.775973 0.0967225 0 0 0.0161673 0.00286749 0 
0 0 0.000456385 0 0 2.75297e-11 0.503557 0.0651575 1.10135e-10 0 8.15221e-11 0.388428 0.0392742 0 0 0.00251856 0.000608268 0 
$genSS
 -1 -1 -1
$obsGenComp     #GeneticFracData
0 0 0 0 0 
0 0 0 0 0 
0 0 0 0 0 
$predGenComp     #catchGenComp_pred
0 0 0 0 0 
0 0 0 0 0 
0 0 0 0 0 
#PARAMETERS_OF_INTEREST
$catchByGroup
0 0 0 
0 0 0 
4.35554e-09 2.19881e-10 1.26011e-11 
0 0 0 
0 0 0 
0 0 0 
236568 9425.34 535.893 
191861 9685.72 555.077 
0.0116827 0.000335531 1.88927e-05 
0 0 0 
0.00775516 0.000222731 1.25413e-05 
1.51277e+07 602720 34268.6 
285494 14412.6 825.968 
0 0 0 
0 0 0 
2980.39 118.745 6.75143 
8896.79 449.137 25.7395 
0 0 0 
0 0 0 
0 0 0 
2.90867e-09 1.00681e-10 9.00197e-12 
0 0 0 
0 0 0 
0.00273462 5.34361e-05 4.72247e-06 
136771 3723.79 331.21 
56438.7 1953.58 174.671 
0 0 0 
0 0 0 
0 0 0 
13042 355.088 31.583 
46645.4 1614.59 144.362 
0 0 0 
0 0 0 
2.04547e-09 5.5691e-11 4.9534e-12 
2.90867e-09 1.00681e-10 9.00197e-12 
0 0 0 
0 0 0 
0 0 0 
3.18114e-09 1.80703e-10 5.43398e-12 
0 0 0 
0 0 0 
0 0 0 
469710 20214.7 601.791 
419174 23810.9 716.027 
0 0 0 
0 0 0 
0.00115627 3.34973e-05 9.84958e-07 
437003 18807.1 559.886 
216234 12283 369.367 
0 0 0 
0 0 0 
2265.29 97.4902 2.90227 
3.18114e-09 1.80703e-10 5.43398e-12 
0 0 0 
0 0 0 
0 0 0 
18.7721 84.8522 1.86543 
0 0 0 
0 0 0 
0 0 0 
8746.08 45069.7 847.026 
1150.03 5198.27 114.281 
0 0 0 
0 0 0 
4.8834e-06 2.99451e-05 4.58114e-07 
89098.9 459138 8628.9 
23525.1 106337 2337.75 
0 0 0 
0 0 0 
4361.38 22474.8 422.383 
790.996 3575.41 78.6035 
0 0 0 
0 0 0 
0 0 0 
16.7306 27.5767 76.4233 
0 0 0 
0 0 0 
0 0 0 
17643.9 29293.1 84064.8 
2105.39 3470.27 9617.13 
0 0 0 
0 0 0 
0 0 0 
4857.23 8064.14 23142.3 
669.829 1104.07 3059.69 
0 0 0 
0 0 0 
1.04594e-10 1.73651e-10 4.9834e-10 
1.88133e-10 3.10096e-10 8.59367e-10 
0 0 0 
$escByGroup
 5e-101 5e-101 1.38694e-09 5e-101 5e-101 5e-101 215271 61094.4 3497.15 5e-101 14499.6 1.37659e+07 90910.1 5e-101 5e-101 2712.09 2833.01 5e-101 5e-101 5e-101 9.6496e-10 5e-101 5e-101 5094.84 125519 18723.7 5e-101 5e-101 5e-101 11969.1 15474.7 5e-101 5e-101 1.8772e-09 9.6496e-10 5e-101 5e-101 5e-101 6.16033e-10 5e-101 5e-101 5e-101 311324 81173.7 5e-101 5e-101 1761.14 289646 41874 5e-101 5e-101 1501.43 6.16033e-10 5e-101 5e-101 5e-101 50.0277 5e-101 5e-101 5e-101 73385.7 3064.83 5e-101 5e-101 92.6621 747601 62694.6 5e-101 5e-101 36595 2108.01 5e-101 5e-101 5e-101 233.504 5e-101 5e-101 5e-101 540941 29384.3 5e-101 5e-101 5e-101 148917 9348.61 5e-101 5e-101 3.20673e-09 2.62572e-09 5e-101
$catchByGroup
0 0 4.35554e-09 0 0 0 236568 191861 0.0116827 0 0.00775516 1.51277e+07 285494 0 0 2980.39 8896.79 0 0 0 2.90867e-09 0 0 0.00273462 136771 56438.7 0 0 0 13042 46645.4 0 0 2.04547e-09 2.90867e-09 0 0 0 3.18114e-09 0 0 0 469710 419174 0 0 0.00115627 437003 216234 0 0 2265.29 3.18114e-09 0 0 0 18.7721 0 0 0 8746.08 1150.03 0 0 4.8834e-06 89098.9 23525.1 0 0 4361.38 790.996 0 0 0 16.7306 0 0 0 17643.9 2105.39 0 0 0 4857.23 669.829 0 0 1.04594e-10 1.88133e-10 0 
0 0 2.19881e-10 0 0 0 9425.34 9685.72 0.000335531 0 0.000222731 602720 14412.6 0 0 118.745 449.137 0 0 0 1.00681e-10 0 0 5.34361e-05 3723.79 1953.58 0 0 0 355.088 1614.59 0 0 5.5691e-11 1.00681e-10 0 0 0 1.80703e-10 0 0 0 20214.7 23810.9 0 0 3.34973e-05 18807.1 12283 0 0 97.4902 1.80703e-10 0 0 0 84.8522 0 0 0 45069.7 5198.27 0 0 2.99451e-05 459138 106337 0 0 22474.8 3575.41 0 0 0 27.5767 0 0 0 29293.1 3470.27 0 0 0 8064.14 1104.07 0 0 1.73651e-10 3.10096e-10 0 
0 0 1.26011e-11 0 0 0 535.893 555.077 1.88927e-05 0 1.25413e-05 34268.6 825.968 0 0 6.75143 25.7395 0 0 0 9.00197e-12 0 0 4.72247e-06 331.21 174.671 0 0 0 31.583 144.362 0 0 4.9534e-12 9.00197e-12 0 0 0 5.43398e-12 0 0 0 601.791 716.027 0 0 9.84958e-07 559.886 369.367 0 0 2.90227 5.43398e-12 0 0 0 1.86543 0 0 0 847.026 114.281 0 0 4.58114e-07 8628.9 2337.75 0 0 422.383 78.6035 0 0 0 76.4233 0 0 0 84064.8 9617.13 0 0 0 23142.3 3059.69 0 0 4.9834e-10 8.59367e-10 0 
$Fmort
 0.351691 0.0783665 0.0208703
#ESTIMATED_PARAMETERS
$availability
1.48515 1.49041 1.82307 0.146338 0.0550396 
0.191422 0.130699 0.23702 4.0271 0.413765 
0.0404721 0.0433719 0.0261694 0.231335 4.65865 
$availabilityVector
 1.48515 0.191422 0.0404721 1.49041 0.130699 0.0433719 1.82307 0.23702 0.0261694 0.146338 4.0271 0.231335 0.0550396 0.413765 4.65865
$selectivity
 1.024e-06 1.37465 2.49946 6.39579e-06 1.12588
$RunSize
 0 0 5.97497e-09 0 0 0 461800 263196 3497.16 0 14499.6 2.95306e+07 391643 0 0 5817.97 12204.7 0 0 0 3.98331e-09 0 0 5094.84 266345 77290.7 0 0 0 25397.7 63879.1 0 0 3.98331e-09 3.98331e-09 0 0 0 3.98331e-09 0 0 0 801851 524874 0 0 1761.14 746015 270760 0 0 3867.11 3.98331e-09 0 0 0 155.517 0 0 0 128049 9527.4 0 0 92.6621 1.30447e+06 194894 0 0 63853.5 6553.02 0 0 0 354.235 0 0 0 671943 44577.1 0 0 0 184980 14182.2 0 0 3.98331e-09 3.98331e-09 0
