$ndistricts
3
$ngroups
90
$nstocks
5
$nagecomps
18
$AgeCompLabels
 0.1 0.2 0.3 0.4 0.5 1.1 1.2 1.3 1.4 1.5 2.1 2.2 2.3 2.4 3.1 3.2 3.3 3.4
$navailpar
15
$nselectpar
5
$GENdata
 -1 -1 -1
$maxGradient
1.07271e-06
#LIKELIHOOD_VALUES_AND_PENALTIES
$totalNLL
781.673
$NLLcatch
0.677374
$NLLescape
-6.83709
$NLLagecompCatch
284.105
$NLLagecompEsc
503.728
$NLLgenetics
0
$NLLselOne
1.61062e-16
$NLLavailOne
1.9451e-09
$NLLextra
4.1e-198
$sigmaCat
0.5
$sigmaEsc
0.1
#OBSERVED_AND_PREDICTED_VALUES
$predEsc
 3.86847e+06 173118 995488 811064 694920
$obsEsc
 3.75518e+06 174336 1.01644e+06 804246 704436
$predCatch
 5.39754e+06 2.10117e+06 445458
$obsCatch
 5.39754e+06 2.10117e+06 445458
$RunSize
 0 0 2.39788e-09 0 0 0 95731.8 178446 2776.82 0 1768.7 2.04869e+06 5.56078e+06 3.99647e-09 0 10322.3 6.39436e-09 0 0 0 1.59859e-09 0 0 0 96116.2 203183 1.59859e-09 0 0 5351.17 37882.6 1.59859e-09 0 1.59859e-09 1144.72 0 0 0 1.59859e-09 0 0 0 113073 844294 2.39788e-09 0 4989.58 286774 1.254e+06 1.59859e-09 0 2185.76 1.59859e-09 0 0 0 1.59859e-09 0 0 0 3113.16 91323.6 1.59859e-09 0 356.765 336711 2.05838e+06 113.672 0 38490.2 17800.9 0 0 0 607.531 0 0 0 67251.4 420818 834.854 0 651.882 237190 462142 1.59859e-09 0 1260.07 2682.74 0
$SSageCompEsc
 2861 998 1313 1292 1503
$obsAgeCompEsc
0 0 0 0 0 0 0.0159184 0.0269422 0 0 0.000470798 0.313666 0.641046 0 0 0.00195677 0 0 
0 0 0 0 0 0 0.323651 0.55351 0 0 0 0.0179524 0.10181 0 0 0 0.00307692 0 
0 0 0 0 0 0 0.0578215 0.339466 0 0 0.00490777 0.142176 0.454444 0 0 0.00118545 0 0 
0 0 0 0 0 0 0.00181084 0.0326214 0 0 0.000443586 0.182893 0.76786 0 0 0.0113274 0.00304353 0 
0 0 0.000625569 0 0 0 0.0652028 0.378439 0.00127465 0 0.00092531 0.230987 0.322545 0 0 0 0 0 
$predAgeCompEsc
0 0 2.83407e-16 0 0 0 0.0142532 0.0210906 0.000407741 0 0.000457209 0.305023 0.657231 5.86833e-16 0 0.00153686 7.55753e-16 0 
0 0 4.33736e-15 0 0 0 0.324745 0.551284 5.32992e-15 0 0 0.0180799 0.102785 5.32992e-15 0 5.40111e-15 0.00310591 0 
0 0 6.02823e-16 0 0 0 0.0573001 0.31838 1.19402e-15 0 0.00501219 0.145323 0.472877 7.96016e-16 0 0.00110764 6.02823e-16 0 
0 0 5.86558e-16 0 0 0 0.00168033 0.0335087 8.43914e-16 0 0.000439873 0.18174 0.755265 6.00088e-05 0 0.0207751 0.00653155 0 
0 0 0.000484043 0 0 0 0.0642733 0.335281 0.000789363 0 0.000938068 0.226687 0.368206 1.51148e-15 0 0.00120427 0.00213744 0 
$SSageCompCatch
 2653 3232 2290
$obsAgeCompCatch
0 0 0 0 0 0 0.0201568 0.0855266 0.000693178 0 0 0.176628 0.716464 0 0 0.000234729 0.000295738 0 
0 0 0 0 0 0 0.00654141 0.0810911 0 0 0 0.127577 0.758874 9.29307e-05 0 0.0175851 0.00823824 0 
0 0 0.0003271 0 0 0 0.0375629 0.269105 0 0 0 0.146428 0.535713 0 0 0.00524771 0.00561602 0 
$predAgeCompCatch
0 0 2.81125e-06 0 0 0 0.0236091 0.126811 0.000206687 0 5.01045e-10 0.175931 0.671837 1.02128e-06 0 0.00127008 0.000332073 0 
0 0 2.72119e-05 0 0 0 0.00760145 0.0745912 7.19171e-05 0 1.82834e-10 0.125205 0.777689 2.75307e-05 0 0.00941495 0.00537147 0 
0 0 0.000446303 0 0 0 0.0391876 0.320408 0.000491819 0 3.16099e-10 0.155671 0.479043 3.6857e-06 0 0.00198868 0.00275909 0 
$genSS
 -1 -1 -1
$obsGenComp     #GeneticFracData
0 0 0 0 0 
0 0 0 0 0 
0 0 0 0 0 
$predGenComp     #catchGenComp_pred
0 0 0 0 0 
0 0 0 0 0 
0 0 0 0 0 
#PARAMETERS_OF_INTEREST
$catchByGroup
0 0 0 
0 0 0 
1.18611e-09 1.0718e-10 8.24281e-12 
0 0 0 
0 0 0 
0 0 0 
37246.9 3109.1 237.718 
88267.9 7976.11 613.413 
1100.14 92.2897 7.05891 
0 0 0 
0.000601454 4.02973e-05 3.03455e-06 
797094 66535.7 5087.24 
2.75063e+06 248554 19115.4 
1.58335e-09 1.32826e-10 1.01594e-11 
0 0 0 
4016.15 335.24 25.632 
3.16296e-09 2.85813e-10 2.19808e-11 
0 0 0 
0 0 0 
0 0 0 
7.92687e-10 4.91398e-11 5.88821e-12 
0 0 0 
0 0 0 
0 0 0 
37498.7 2142.5 255.751 
100752 6245.74 748.401 
6.35058e-10 3.64705e-11 4.35452e-12 
0 0 0 
0 0 0 
2087.7 119.281 14.2387 
18784.7 1164.49 139.536 
6.35058e-10 3.64705e-11 4.35452e-12 
0 0 0 
6.23672e-10 3.56337e-11 4.25361e-12 
567.63 35.1882 4.21645 
0 0 0 
0 0 0 
0 0 0 
9.06934e-10 8.79977e-11 3.55539e-12 
0 0 0 
0 0 0 
0 0 0 
51321 4529.35 181.634 
478996 46475.9 1877.77 
1.10702e-09 9.82858e-11 3.94323e-12 
0 0 0 
0.00208278 0.000140761 5.53533e-06 
130159 11487.2 460.654 
711434 69028.8 2788.98 
7.38012e-10 6.55239e-11 2.62882e-12 
0 0 0 
992.057 87.5544 3.51106 
9.06934e-10 8.79977e-11 3.55539e-12 
0 0 0 
0 0 0 
0 0 0 
1.03969e-10 9.87727e-10 3.11567e-11 
0 0 0 
0 0 0 
0 0 0 
147.551 1558.82 43.9289 
5939.53 56426.5 1779.91 
7.75221e-11 8.1351e-10 2.30893e-11 
0 0 0 
1.19541e-05 0.000171004 3.49872e-06 
15958.7 168598 4751.24 
133873 1.27182e+06 40118 
5.51242 57.8468 1.64183 
0 0 0 
1824.28 19272.9 543.125 
1157.74 10998.7 346.941 
0 0 0 
0 0 0 
0 0 0 
15.1738 57.177 198.809 
0 0 0 
0 0 0 
0 0 0 
1217.03 4632.2 16737.4 
10510.4 39604.8 137709 
15.4637 58.8206 212.026 
0 0 0 
8.21528e-06 3.21037e-05 0.00012874 
4292.35 16337.4 59031.4 
11542.5 43493.9 151232 
2.961e-11 1.12631e-10 4.0599e-10 
0 0 0 
22.8031 86.7922 313.604 
67.0046 252.483 877.903 
0 0 0 
$escByGroup
 5e-101 5e-101 1.09635e-09 5e-101 5e-101 5e-101 55138.1 81588.3 1577.33 5e-101 1768.7 1.17997e+06 2.54248e+06 2.27014e-09 5e-101 5945.28 2.92361e-09 5e-101 5e-101 5e-101 7.50875e-10 5e-101 5e-101 5e-101 56219.3 95437.3 9.22706e-10 5e-101 5e-101 3129.95 17793.9 9.22706e-10 5e-101 9.35031e-10 537.69 5e-101 5e-101 5e-101 6.00103e-10 5e-101 5e-101 5e-101 57041.5 316944 1.18864e-09 5e-101 4989.58 144667 470744 7.92425e-10 5e-101 1102.64 6.00103e-10 5e-101 5e-101 5e-101 4.75736e-10 5e-101 5e-101 5e-101 1362.85 27177.7 6.84469e-10 5e-101 356.765 147403 612568 48.671 5e-101 16849.9 5297.51 5e-101 5e-101 5e-101 336.371 5e-101 5e-101 5e-101 44664.8 232994 548.544 5e-101 651.882 157529 255873 1.05036e-09 5e-101 836.87 1485.35 5e-101
$catchByGroup
0 0 1.18611e-09 0 0 0 37246.9 88267.9 1100.14 0 0.000601454 797094 2.75063e+06 1.58335e-09 0 4016.15 3.16296e-09 0 0 0 7.92687e-10 0 0 0 37498.7 100752 6.35058e-10 0 0 2087.7 18784.7 6.35058e-10 0 6.23672e-10 567.63 0 0 0 9.06934e-10 0 0 0 51321 478996 1.10702e-09 0 0.00208278 130159 711434 7.38012e-10 0 992.057 9.06934e-10 0 0 0 1.03969e-10 0 0 0 147.551 5939.53 7.75221e-11 0 1.19541e-05 15958.7 133873 5.51242 0 1824.28 1157.74 0 0 0 15.1738 0 0 0 1217.03 10510.4 15.4637 0 8.21528e-06 4292.35 11542.5 2.961e-11 0 22.8031 67.0046 0 
0 0 1.0718e-10 0 0 0 3109.1 7976.11 92.2897 0 4.02973e-05 66535.7 248554 1.32826e-10 0 335.24 2.85813e-10 0 0 0 4.91398e-11 0 0 0 2142.5 6245.74 3.64705e-11 0 0 119.281 1164.49 3.64705e-11 0 3.56337e-11 35.1882 0 0 0 8.79977e-11 0 0 0 4529.35 46475.9 9.82858e-11 0 0.000140761 11487.2 69028.8 6.55239e-11 0 87.5544 8.79977e-11 0 0 0 9.87727e-10 0 0 0 1558.82 56426.5 8.1351e-10 0 0.000171004 168598 1.27182e+06 57.8468 0 19272.9 10998.7 0 0 0 57.177 0 0 0 4632.2 39604.8 58.8206 0 3.21037e-05 16337.4 43493.9 1.12631e-10 0 86.7922 252.483 0 
0 0 8.24281e-12 0 0 0 237.718 613.413 7.05891 0 3.03455e-06 5087.24 19115.4 1.01594e-11 0 25.632 2.19808e-11 0 0 0 5.88821e-12 0 0 0 255.751 748.401 4.35452e-12 0 0 14.2387 139.536 4.35452e-12 0 4.25361e-12 4.21645 0 0 0 3.55539e-12 0 0 0 181.634 1877.77 3.94323e-12 0 5.53533e-06 460.654 2788.98 2.62882e-12 0 3.51106 3.55539e-12 0 0 0 3.11567e-11 0 0 0 43.9289 1779.91 2.30893e-11 0 3.49872e-06 4751.24 40118 1.64183 0 543.125 346.941 0 0 0 198.809 0 0 0 16737.4 137709 212.026 0 0.00012874 59031.4 151232 4.0599e-10 0 313.604 877.903 0 
$Fmort
 0.292089 0.151834 0.0540784
#ESTIMATED_PARAMETERS
$availability
1.48515 1.49041 1.82307 0.146338 0.0550396 
0.191422 0.130699 0.23702 4.0271 0.413765 
0.0404721 0.0433719 0.0261694 0.231335 4.65865 
$availabilityVector
 1.48515 0.191422 0.0404721 1.49041 0.130699 0.0433719 1.82307 0.23702 0.0261694 0.146338 4.0271 0.231335 0.0550396 0.413765 4.65865
$selectivity
 7.83901e-07 1.13597 1.57331 1.16296 1.12776
$RunSize
 0 0 2.39788e-09 0 0 0 95731.8 178446 2776.82 0 1768.7 2.04869e+06 5.56078e+06 3.99647e-09 0 10322.3 6.39436e-09 0 0 0 1.59859e-09 0 0 0 96116.2 203183 1.59859e-09 0 0 5351.17 37882.6 1.59859e-09 0 1.59859e-09 1144.72 0 0 0 1.59859e-09 0 0 0 113073 844294 2.39788e-09 0 4989.58 286774 1.254e+06 1.59859e-09 0 2185.76 1.59859e-09 0 0 0 1.59859e-09 0 0 0 3113.16 91323.6 1.59859e-09 0 356.765 336711 2.05838e+06 113.672 0 38490.2 17800.9 0 0 0 607.531 0 0 0 67251.4 420818 834.854 0 651.882 237190 462142 1.59859e-09 0 1260.07 2682.74 0
