$ndistricts
3
$ngroups
90
$nstocks
5
$nagecomps
18
$AgeCompLabels
 0.1 0.2 0.3 0.4 0.5 1.1 1.2 1.3 1.4 1.5 2.1 2.2 2.3 2.4 3.1 3.2 3.3 3.4
$navailpar
15
$nselectpar
5
$GENdata
 -1 -1 -1
$maxGradient
4.15843e-06
#LIKELIHOOD_VALUES_AND_PENALTIES
$totalNLL
677.456
$NLLcatch
0.677374
$NLLescape
-6.90351
$NLLagecompCatch
291.348
$NLLagecompEsc
392.334
$NLLgenetics
0
$NLLselOne
7.3003e-17
$NLLavailOne
1.9451e-09
$NLLextra
2.88665e-09
$sigmaCat
0.5
$sigmaEsc
0.1
#OBSERVED_AND_PREDICTED_VALUES
$predEsc
 8.20531e+06 504718 1.17192e+06 1.61008e+06 1.71116e+06
$obsEsc
 8.3175e+06 501738 1.16198e+06 1.61157e+06 1.71329e+06
$predCatch
 1.29281e+07 8.90199e+06 3.14624e+06
$obsCatch
 1.29281e+07 8.90199e+06 3.14624e+06
$RunSize
 0 1462.56 6214.85 6.3753e-09 0 4.2502e-09 981908 1.34451e+06 3797.18 1.27506e-08 33184.5 1.63393e+07 360880 6.3753e-09 4.2502e-09 4.2502e-09 4.2502e-09 0 0 8.5004e-09 32833.5 1416.62 0 1.44507e-07 72512.9 1.05172e+06 8.5004e-09 8.5004e-09 2.1251e-08 3.61267e-08 1048.6 1.91259e-08 1.70008e-08 6.3753e-09 6.3753e-09 0 0 4.2502e-09 1409.93 4.2502e-09 0 6676.11 764166 764513 5495.89 657.545 27318.3 1.45102e+06 352893 7112.32 4.2502e-09 4.2502e-09 4.2502e-09 0 0 4.2502e-09 138.077 4.2502e-09 0 1346.55 408956 612550 6146.55 0.000110169 32415.7 5.03613e+06 3.30187e+06 4.2502e-09 1811.31 13188.1 986.511 0 0 4896.27 8442.17 4.2502e-09 0 532.979 621225 581258 2849.74 4.2502e-09 980.384 3.71607e+06 212455 2556.3 4.2502e-09 656.045 4.2502e-09 0
$SSageCompEsc
 3007 0 1732 2744 3712
$obsAgeCompEsc
0 0.000106919 0.000264508 0 0 0 0.0453678 0.060585 0.000235161 0 0.00373348 0.873374 0.0163333 0 0 0 0 0 
0 0 0 0 0 0 0.601116 0.250188 0 0 0 0.102692 0.0460043 0 0 0 0 0 
0 0 0.000389753 0 0 0.00518031 0.222433 0.213982 0.0011853 0 0.021533 0.434988 0.0988799 0.00142853 0 0 0 0 
0 0 0 0 0 0.000708519 0.0408486 0.0594829 0.000205748 0 0.0177067 0.535 0.344368 0 0.000938515 0.000601233 0.000140165 0 
0 0.00135269 0.00125205 0 0 0.000295966 0.150879 0.10471 0 0 0.000546787 0.703015 0.0376991 0.000249729 0 0 0 0 
$predAgeCompEsc
0 7.67505e-05 0.0003161 2.38498e-16 0 4.81787e-16 0.0515275 0.0683843 0.000142051 1.34694e-16 0.00376168 0.857437 0.0183551 2.38498e-16 4.81787e-16 2.23037e-16 2.16174e-16 0 
0 7.53372e-15 0.0282728 0.000923856 0 2.66749e-13 0.0642665 0.905634 5.54358e-15 2.05023e-15 3.92278e-14 3.20183e-14 0.000902949 1.24731e-14 3.13822e-14 5.65029e-15 5.48975e-15 0 
0 1.25513e-15 0.000399425 7.86925e-16 0 0.00521298 0.225666 0.216583 0.00101756 -4.03455e-12 0.0213313 0.4285 0.0999729 0.00131685 3.31873e-15 1.25513e-15 1.20406e-15 0 
0 4.60588e-16 1.37159e-05 1.21712e-16 0 0.000733212 0.0443179 0.0608475 0.000176018 -1.01355e-11 0.0176507 0.545757 0.32799 1.21712e-16 0.00098628 0.00142917 9.79948e-05 0 
0 0.0009574 0.00157248 4.60564e-16 0 0.000286403 0.121472 0.108268 0.000308806 -2.21879e-16 0.000526821 0.726629 0.039573 0.000277008 2.2839e-15 0.000128281 7.91665e-16 0 
$SSageCompCatch
 9757 9235 4160
$obsAgeCompCatch
0 4.31321e-05 0.00161289 8.48751e-05 0 0.000112636 0.0893595 0.151951 0.000236226 0 0.000313058 0.700837 0.0551206 0.00032907 0 0 0 0 
0 0 0.000747975 0 0 5.59792e-05 0.0624329 0.0805053 0.000634903 5.57807e-05 0.000417034 0.59433 0.258837 4.39829e-05 7.2761e-05 0.00181061 5.57807e-05 0 
0 0.000479611 0.00169001 0 0 0 0.0763395 0.114228 0.00105275 0 0 0.725711 0.0793763 0.000574326 0 0.000549165 0 0 
$predAgeCompCatch
0 6.67136e-05 0.00164102 6.66107e-05 0 4.0777e-05 0.0785514 0.134827 0.000517268 4.28105e-05 0.00034325 0.734944 0.0485011 0.000381826 9.03906e-07 6.93759e-05 5.25196e-06 0 
0 7.77706e-05 0.000342302 8.59361e-06 0 2.31974e-05 0.0549868 0.0795413 0.000709683 1.10501e-05 0.000457497 0.581518 0.281016 0.0001228 2.30878e-05 0.0010808 8.14196e-05 0 
0 0.000806043 0.0015039 4.03146e-06 0 1.33936e-05 0.109604 0.110658 0.000672093 1.8176e-06 6.47813e-05 0.700721 0.0751654 0.000515511 1.94131e-06 0.000255996 1.1454e-05 0 
$genSS
 -1 -1 -1
$obsGenComp     #GeneticFracData
0 0 0 0 0 
0 0 0 0 0 
0 0 0 0 0 
$predGenComp     #catchGenComp_pred
0 0 0 0 0 
0 0 0 0 0 
0 0 0 0 0 
#PARAMETERS_OF_INTEREST
$catchByGroup
0 0 0 
736.935 86.6689 9.19316 
3200.94 379.884 40.3306 
3.86723e-09 4.97842e-10 5.32819e-11 
0 0 0 
2.70214e-10 2.42625e-11 2.51086e-12 
494750 58186.2 6171.95 
692484 82183.3 8725.04 
2303.35 296.518 31.7351 
9.91019e-09 1.56412e-09 1.71088e-10 
2109.76 189.435 19.6042 
8.23284e+06 968242 102704 
185870 22058.9 2341.89 
3.86723e-09 4.97842e-10 5.32819e-11 
2.70214e-10 2.42625e-11 2.51086e-12 
2.14154e-09 2.5186e-10 2.67154e-11 
2.18905e-09 2.59795e-10 2.75813e-11 
0 0 0 
0 0 0 
4.29351e-09 3.4725e-10 5.72461e-11 
16951.5 1383.97 228.283 
861.15 76.5002 12.6839 
0 0 0 
9.21869e-09 5.63754e-10 9.1484e-11 
36625.9 2962.23 488.339 
542990 44331.2 7312.36 
5.16731e-09 4.59038e-10 7.61098e-11 
6.61682e-09 7.26623e-10 1.22172e-10 
1.35569e-09 8.2905e-11 1.34535e-11 
1.82474e-08 1.47581e-09 2.43296e-10 
541.38 44.1998 7.29068 
1.16265e-08 1.03284e-09 1.71247e-10 
1.08455e-09 6.6324e-11 1.07628e-11 
3.22013e-09 2.60438e-10 4.29346e-11 
3.29148e-09 2.68726e-10 4.43259e-11 
0 0 0 
0 0 0 
2.45237e-09 3.0962e-10 1.72935e-11 
829.984 105.922 5.92296 
2.89793e-09 4.07054e-10 2.30022e-11 
0 0 0 
517.186 47.1571 2.55047 
440925 55668.2 3109.29 
450047 57434.8 3211.64 
3747.28 526.357 29.7439 
553.458 98.3679 5.71859 
2116.3 192.965 10.4364 
837240 105704 5904 
207738 26511.4 1482.47 
4849.42 681.168 38.4921 
3.29255e-10 3.00216e-11 1.6237e-12 
2.45237e-09 3.0962e-10 1.72935e-11 
2.50198e-09 3.19301e-10 1.78547e-11 
0 0 0 
0 0 0 
2.83628e-10 3.07454e-09 1.50457e-10 
9.50334 101.446 5.04394 
3.73276e-10 3.48188e-09 1.99077e-10 
0 0 0 
8.68734 152.792 4.54062 
27290.7 295833 14477 
42159.6 450045 22376.4 
539.824 5035.42 287.9 
1.51523e-05 0.00010315 8.18669e-06 
209.132 3678.18 109.307 
336074 3.64306e+06 178279 
227256 2.42591e+06 120617 
3.73276e-10 3.48188e-09 1.99077e-10 
11.6858 205.528 6.10782 
880.077 9540.08 466.859 
67.8979 724.797 36.0371 
0 0 0 
0 0 0 
125.546 605.644 2526.81 
223.412 1075.95 4452.04 
1.44434e-10 6.85006e-10 2.63266e-09 
0 0 0 
1.29589 6.55476 35.0485 
15928.9 76842.5 320595 
15382.3 74081.2 306530 
96.8423 459.293 1765.19 
2.30064e-10 1.04722e-09 3.35259e-09 
2.38372 12.0571 64.4696 
95284.6 459660 1.91775e+06 
5622.39 27077.4 112040 
86.8706 412 1583.43 
1.0334e-11 5.22704e-11 2.79491e-10 
16.8218 81.1496 338.564 
1.12477e-10 5.41687e-10 2.24137e-09 
0 0 0 
$escByGroup
 5e-101 629.762 2593.7 1.95695e-09 5e-101 3.95321e-09 422799 561114 1165.58 1.10521e-09 30865.7 7.03554e+06 150609 1.95695e-09 3.95321e-09 1.83009e-09 1.77377e-09 5e-101 5e-101 3.8024e-09 14269.8 466.286 5e-101 1.34633e-07 32436.4 457089 2.79794e-09 1.03479e-09 1.9799e-08 1.61602e-08 455.734 6.29537e-09 1.58392e-08 2.8518e-09 2.77077e-09 5e-101 5e-101 1.47091e-09 468.096 9.22216e-10 5e-101 6109.21 264463 253819 1192.51 2.11498e-195 24998.6 502170 117161 1543.24 3.8893e-09 1.47091e-09 1.41107e-09 5e-101 5e-101 7.41581e-10 22.0836 1.95966e-10 5e-101 1180.53 71355.2 97969.2 283.402 6.12783e-196 28419 878710 528090 1.95966e-10 1587.99 2301.08 157.779 5e-101 5e-101 1638.26 2690.77 7.88098e-10 5e-101 490.08 207858 185264 528.415 2.63387e-191 901.473 1.24338e+06 67715.7 474.005 3.90811e-09 219.509 1.35466e-09 5e-101
$catchByGroup
0 736.935 3200.94 3.86723e-09 0 2.70214e-10 494750 692484 2303.35 9.91019e-09 2109.76 8.23284e+06 185870 3.86723e-09 2.70214e-10 2.14154e-09 2.18905e-09 0 0 4.29351e-09 16951.5 861.15 0 9.21869e-09 36625.9 542990 5.16731e-09 6.61682e-09 1.35569e-09 1.82474e-08 541.38 1.16265e-08 1.08455e-09 3.22013e-09 3.29148e-09 0 0 2.45237e-09 829.984 2.89793e-09 0 517.186 440925 450047 3747.28 553.458 2116.3 837240 207738 4849.42 3.29255e-10 2.45237e-09 2.50198e-09 0 0 2.83628e-10 9.50334 3.73276e-10 0 8.68734 27290.7 42159.6 539.824 1.51523e-05 209.132 336074 227256 3.73276e-10 11.6858 880.077 67.8979 0 0 125.546 223.412 1.44434e-10 0 1.29589 15928.9 15382.3 96.8423 2.30064e-10 2.38372 95284.6 5622.39 86.8706 1.0334e-11 16.8218 1.12477e-10 0 
0 86.6689 379.884 4.97842e-10 0 2.42625e-11 58186.2 82183.3 296.518 1.56412e-09 189.435 968242 22058.9 4.97842e-10 2.42625e-11 2.5186e-10 2.59795e-10 0 0 3.4725e-10 1383.97 76.5002 0 5.63754e-10 2962.23 44331.2 4.59038e-10 7.26623e-10 8.2905e-11 1.47581e-09 44.1998 1.03284e-09 6.6324e-11 2.60438e-10 2.68726e-10 0 0 3.0962e-10 105.922 4.07054e-10 0 47.1571 55668.2 57434.8 526.357 98.3679 192.965 105704 26511.4 681.168 3.00216e-11 3.0962e-10 3.19301e-10 0 0 3.07454e-09 101.446 3.48188e-09 0 152.792 295833 450045 5035.42 0.00010315 3678.18 3.64306e+06 2.42591e+06 3.48188e-09 205.528 9540.08 724.797 0 0 605.644 1075.95 6.85006e-10 0 6.55476 76842.5 74081.2 459.293 1.04722e-09 12.0571 459660 27077.4 412 5.22704e-11 81.1496 5.41687e-10 0 
0 9.19316 40.3306 5.32819e-11 0 2.51086e-12 6171.95 8725.04 31.7351 1.71088e-10 19.6042 102704 2341.89 5.32819e-11 2.51086e-12 2.67154e-11 2.75813e-11 0 0 5.72461e-11 228.283 12.6839 0 9.1484e-11 488.339 7312.36 7.61098e-11 1.22172e-10 1.34535e-11 2.43296e-10 7.29068 1.71247e-10 1.07628e-11 4.29346e-11 4.43259e-11 0 0 1.72935e-11 5.92296 2.30022e-11 0 2.55047 3109.29 3211.64 29.7439 5.71859 10.4364 5904 1482.47 38.4921 1.6237e-12 1.72935e-11 1.78547e-11 0 0 1.50457e-10 5.04394 1.99077e-10 0 4.54062 14477 22376.4 287.9 8.18669e-06 109.307 178279 120617 1.99077e-10 6.10782 466.859 36.0371 0 0 2526.81 4452.04 2.63266e-09 0 35.0485 320595 306530 1765.19 3.35259e-09 64.4696 1.91775e+06 112040 1583.43 2.79491e-10 338.564 2.24137e-09 0 
$Fmort
 0.528544 0.357393 0.174484
#ESTIMATED_PARAMETERS
$availability
1.48515 1.49041 1.82307 0.146338 0.0550396 
0.191422 0.130699 0.23702 4.0271 0.413765 
0.0404721 0.0433719 0.0261694 0.231335 4.65865 
$availabilityVector
 1.48515 0.191422 0.0404721 1.49041 0.130699 0.0433719 1.82307 0.23702 0.0261694 0.146338 4.0271 0.231335 0.0550396 0.413765 4.65865
$selectivity
 0.0836818 0.892915 0.921951 1.18847 1.91298
$RunSize
 0 1462.56 6214.85 6.3753e-09 0 4.2502e-09 981908 1.34451e+06 3797.18 1.27506e-08 33184.5 1.63393e+07 360880 6.3753e-09 4.2502e-09 4.2502e-09 4.2502e-09 0 0 8.5004e-09 32833.5 1416.62 0 1.44507e-07 72512.9 1.05172e+06 8.5004e-09 8.5004e-09 2.1251e-08 3.61267e-08 1048.6 1.91259e-08 1.70008e-08 6.3753e-09 6.3753e-09 0 0 4.2502e-09 1409.93 4.2502e-09 0 6676.11 764166 764513 5495.89 657.545 27318.3 1.45102e+06 352893 7112.32 4.2502e-09 4.2502e-09 4.2502e-09 0 0 4.2502e-09 138.077 4.2502e-09 0 1346.55 408956 612550 6146.55 0.000110169 32415.7 5.03613e+06 3.30187e+06 4.2502e-09 1811.31 13188.1 986.511 0 0 4896.27 8442.17 4.2502e-09 0 532.979 621225 581258 2849.74 4.2502e-09 980.384 3.71607e+06 212455 2556.3 4.2502e-09 656.045 4.2502e-09 0
