$ndistricts
3
$ngroups
90
$nstocks
5
$nagecomps
18
$AgeCompLabels
 0.1 0.2 0.3 0.4 0.5 1.1 1.2 1.3 1.4 1.5 2.1 2.2 2.3 2.4 3.1 3.2 3.3 3.4
$navailpar
15
$nselectpar
5
$GENdata
 -1 -1 -1
$maxGradient
1.0548e-05
#LIKELIHOOD_VALUES_AND_PENALTIES
$totalNLL
868.945
$NLLcatch
0.677374
$NLLescape
-6.63915
$NLLagecompCatch
412.637
$NLLagecompEsc
462.27
$NLLgenetics
0
$NLLselOne
1.88229e-16
$NLLavailOne
1.9451e-09
$NLLextra
2.9e-198
$sigmaCat
0.5
$sigmaEsc
0.1
#OBSERVED_AND_PREDICTED_VALUES
$predEsc
 6.5549e+06 434373 2.17021e+06 2.23549e+06 748043
$obsEsc
 6.97002e+06 430338 2.09258e+06 2.19158e+06 749478
$predCatch
 1.62378e+07 1.03718e+07 2.14901e+06
$obsCatch
 1.62378e+07 1.03718e+07 2.14901e+06
$RunSize
 0 26207.7 20158.7 0 0 6221.77 575948 855259 9.14658e-09 0 4.57329e-09 1.33894e+07 1.48252e+06 7418.42 0 4.57329e-09 6.85993e-09 0 0 2.28664e-08 4.34462e-08 0 0 1.14332e-08 4.57329e-08 628353 21479.3 0 9.37524e-08 1.14332e-08 716786 6.85993e-09 0 1.82932e-08 1783.37 0 0 2626.12 5547.58 3629.84 0 4.57329e-09 1.82809e+06 3.25343e+06 12242.7 0 2334.28 1.58847e+06 1.51821e+06 4.57329e-09 0 4.57329e-09 4.57329e-09 0 0 1225.35 1990.16 0 0 4.57329e-09 2.36663e+06 758918 5450 0 10649.5 3.95638e+06 4.98905e+06 16290 0 208820 8142.11 0 0 4875.36 46886.7 0 0 94.2969 445824 782904 12076.3 0 766.955 853708 484697 4.57329e-09 0 4.57329e-09 4.57329e-09 0
$SSageCompEsc
 2912 0 3523 3581 2335
$obsAgeCompEsc
0 0.00166001 0.000878066 0 0 0.000795626 0.030689 0.0314509 0 0 0 0.880072 0.0539584 0.00049597 0 0 0 0 
0 0 0 0 0 0 0.601116 0.250188 0 0 0 0.102692 0.0460043 0 0 0 0 0 
0 0.000430762 0.000568186 0.000434444 0 0 0.278124 0.310298 0.000680026 0 0.000913529 0.264255 0.144296 0 0 0 0 0 
0 0.000208089 0.000149876 0 0 0 0.247464 0.0537641 3.78934e-05 0 0.0040223 0.410022 0.263092 0.000341224 0 0.0207481 0.000149876 0 
0 0.00237151 0.0182266 0 0 0.000114469 0.211127 0.239525 0 0 0.00092913 0.39861 0.129097 0 0 0 0 0 
$predAgeCompEsc
0 0.00166832 0.000925479 0 0 0.00083561 0.0366636 0.0392647 2.9303e-16 0 6.14211e-16 0.852343 0.068062 0.000237665 0 2.91126e-16 3.14938e-16 0 
0 2.26776e-14 3.1886e-14 0 0 2.32253e-14 4.53552e-14 0.461159 0.0114698 0 1.90447e-13 1.13388e-14 0.526062 3.66316e-15 0 1.81421e-14 0.00130885 0 
0 0.000404306 0.000547848 0.000207821 0 1.80258e-15 0.281445 0.321291 0.000700935 0 0.000920064 0.244553 0.14993 2.61836e-16 0 7.04083e-16 4.51633e-16 0 
0 0.000132893 9.93273e-05 0 0 1.69975e-15 0.256668 0.0378769 3.31834e-05 0 0.00395808 0.42908 0.248999 9.91846e-05 0 0.0226471 0.000406365 0 
0 0.00230658 0.0135603 0 0 0.00010984 0.210924 0.226426 0.00170083 0 0.000893375 0.403898 0.140181 6.44105e-16 0 2.16367e-15 1.32266e-15 0 
$SSageCompCatch
 11719 22555 2652
$obsAgeCompCatch
0 0.000999618 0.00121406 0 0 3.91355e-05 0.116975 0.249752 0.00173351 0 8.39496e-05 0.41429 0.213779 8.39496e-05 0 0.000910668 0.000140164 0 
0 1.41041e-05 0.000683564 0 0 0 0.179432 0.069626 0.000695382 0 0.000185251 0.366391 0.363227 0.00129125 0 0.0174274 0.00102698 0 
0 0.00123772 0.00886311 0 0 0 0.148597 0.240069 0.00599523 0 0 0.316059 0.277463 0.000341497 0 0.00137414 0 0 
$predAgeCompCatch
0 0.000962549 0.00113344 0.000173017 0 4.25018e-05 0.0975982 0.204082 0.00158458 0 2.70627e-05 0.512757 0.180174 0.00043371 0 0.00091614 0.000115467 0 
0 0.000263578 0.000908737 3.33198e-05 0 4.83537e-06 0.166225 0.0973031 0.000839589 0 0.000159478 0.328918 0.390305 0.00133917 0 0.013105 0.000595918 0 
0 0.00127291 0.0135562 1.10908e-05 0 7.57698e-06 0.151232 0.254449 0.00416959 0 6.69741e-05 0.31244 0.258707 0.000463824 0 0.003441 0.000182823 0 
$genSS
 -1 -1 -1
$obsGenComp     #GeneticFracData
0 0 0 0 0 
0 0 0 0 0 
0 0 0 0 0 
$predGenComp     #catchGenComp_pred
0 0 0 0 0 
0 0 0 0 0 
0 0 0 0 0 
#PARAMETERS_OF_INTEREST
$catchByGroup
0 0 0 
13828.4 1278.78 164.79 
12642 1283.69 166.554 
0 0 0 
0 0 0 
689.725 48.5674 6.14494 
303898 28102.8 3621.47 
536354 54462.3 7066.28 
6.4231e-09 7.09984e-10 9.27155e-11 
0 0 0 
5.0698e-10 3.56993e-11 4.51681e-12 
7.06491e+06 653325 84190.6 
929723 94405.7 12248.8 
5209.51 575.84 75.1977 
0 0 0 
2.41309e-09 2.23149e-10 2.87561e-11 
4.30204e-09 4.36836e-10 5.66779e-11 
0 0 0 
0 0 0 
1.2094e-08 7.67836e-10 1.54048e-10 
2.73026e-08 1.90863e-09 3.84565e-10 
0 0 0 
0 0 0 
1.27167e-09 6.10127e-11 1.21007e-11 
2.41881e-08 1.53567e-09 3.08095e-10 
394871 27604.1 5561.87 
15111 1152.91 233.243 
0 0 0 
1.04277e-08 5.00304e-10 9.92255e-11 
6.04702e-09 3.83918e-10 7.70238e-11 
450445 31489.1 6344.64 
4.82605e-09 3.68209e-10 7.44917e-11 
0 0 0 
9.67523e-09 6.14269e-10 1.23238e-10 
1120.71 78.3453 15.7856 
0 0 0 
0 0 0 
1580.27 157.729 10.689 
3894.91 434.044 29.6805 
2809.41 345.585 23.8342 
0 0 0 
6.14247e-10 4.4162e-11 2.9211e-12 
1.10006e+06 109798 7440.84 
2.28421e+06 254550 17406.4 
9475.54 1165.59 80.3877 
0 0 0 
313.522 22.541 1.49098 
955864 95405.9 6465.49 
1.06592e+06 118785 8122.68 
3.53961e-09 4.35408e-10 3.00291e-11 
0 0 0 
2.75199e-09 2.74679e-10 1.86145e-11 
3.21087e-09 3.57816e-10 2.44679e-11 
0 0 0 
0 0 0 
87.2925 797.587 43.3922 
184.349 1491.6 92.1748 
0 0 0 
0 0 0 
5.26417e-11 6.95108e-10 2.57577e-11 
168596 1.54045e+06 83807.3 
70298.7 568797 35149.4 
613.243 4454.25 308.32 
0 0 0 
122.583 1618.64 59.9799 
281848 2.57523e+06 140104 
462137 3.73921e+06 231069 
1832.97 13313.7 921.564 
0 0 0 
14876.1 135922 7394.74 
754.204 6102.37 377.103 
0 0 0 
0 0 0 
133.65 499.672 2516.61 
1683.22 6215.88 28843.9 
0 0 0 
0 0 0 
0.409716 1.58387 10.1381 
12221.5 45692.1 230130 
28106.1 103791 481630 
530.197 1935.26 8338.54 
0 0 0 
3.33238 12.8822 82.457 
23402.9 87495.8 440676 
17400.5 64257.4 298178 
2.00785e-10 7.32884e-10 3.1578e-09 
0 0 0 
1.25369e-10 4.68713e-10 2.36069e-09 
1.6418e-10 6.06292e-10 2.81341e-09 
0 0 0 
$escByGroup
 5e-101 10935.7 6066.42 5e-101 5e-101 5477.34 240326 257376 1.92078e-09 5e-101 4.02609e-09 5.58702e+06 446139 1557.87 5e-101 1.9083e-09 2.06438e-09 5e-101 5e-101 9.85053e-09 1.38504e-08 5e-101 5e-101 1.00884e-08 1.97011e-08 200315 4982.18 5e-101 8.27252e-08 4.92527e-09 228507 1.59118e-09 5e-101 7.88043e-09 568.53 5e-101 5e-101 877.426 1188.94 451.013 5e-101 3.91196e-09 610794 697267 1521.17 5e-101 1996.73 530730 325378 5.68238e-10 5e-101 1.52801e-09 9.80136e-10 5e-101 5e-101 297.08 222.045 5e-101 5e-101 3.79978e-09 573778 84673.5 74.1812 5e-101 8848.25 959205 556635 221.726 5e-101 50627.3 908.426 5e-101 5e-101 1725.42 10143.7 5e-101 5e-101 82.1653 157780 169377 1272.3 5e-101 668.283 302133 104861 4.81818e-10 5e-101 1.61852e-09 9.89404e-10 5e-101
$catchByGroup
0 13828.4 12642 0 0 689.725 303898 536354 6.4231e-09 0 5.0698e-10 7.06491e+06 929723 5209.51 0 2.41309e-09 4.30204e-09 0 0 1.2094e-08 2.73026e-08 0 0 1.27167e-09 2.41881e-08 394871 15111 0 1.04277e-08 6.04702e-09 450445 4.82605e-09 0 9.67523e-09 1120.71 0 0 1580.27 3894.91 2809.41 0 6.14247e-10 1.10006e+06 2.28421e+06 9475.54 0 313.522 955864 1.06592e+06 3.53961e-09 0 2.75199e-09 3.21087e-09 0 0 87.2925 184.349 0 0 5.26417e-11 168596 70298.7 613.243 0 122.583 281848 462137 1832.97 0 14876.1 754.204 0 0 133.65 1683.22 0 0 0.409716 12221.5 28106.1 530.197 0 3.33238 23402.9 17400.5 2.00785e-10 0 1.25369e-10 1.6418e-10 0 
0 1278.78 1283.69 0 0 48.5674 28102.8 54462.3 7.09984e-10 0 3.56993e-11 653325 94405.7 575.84 0 2.23149e-10 4.36836e-10 0 0 7.67836e-10 1.90863e-09 0 0 6.10127e-11 1.53567e-09 27604.1 1152.91 0 5.00304e-10 3.83918e-10 31489.1 3.68209e-10 0 6.14269e-10 78.3453 0 0 157.729 434.044 345.585 0 4.4162e-11 109798 254550 1165.59 0 22.541 95405.9 118785 4.35408e-10 0 2.74679e-10 3.57816e-10 0 0 797.587 1491.6 0 0 6.95108e-10 1.54045e+06 568797 4454.25 0 1618.64 2.57523e+06 3.73921e+06 13313.7 0 135922 6102.37 0 0 499.672 6215.88 0 0 1.58387 45692.1 103791 1935.26 0 12.8822 87495.8 64257.4 7.32884e-10 0 4.68713e-10 6.06292e-10 0 
0 164.79 166.554 0 0 6.14494 3621.47 7066.28 9.27155e-11 0 4.51681e-12 84190.6 12248.8 75.1977 0 2.87561e-11 5.66779e-11 0 0 1.54048e-10 3.84565e-10 0 0 1.21007e-11 3.08095e-10 5561.87 233.243 0 9.92255e-11 7.70238e-11 6344.64 7.44917e-11 0 1.23238e-10 15.7856 0 0 10.689 29.6805 23.8342 0 2.9211e-12 7440.84 17406.4 80.3877 0 1.49098 6465.49 8122.68 3.00291e-11 0 1.86145e-11 2.44679e-11 0 0 43.3922 92.1748 0 0 2.57577e-11 83807.3 35149.4 308.32 0 59.9799 140104 231069 921.564 0 7394.74 377.103 0 0 2516.61 28843.9 0 0 10.1381 230130 481630 8338.54 0 82.457 440676 298178 3.1578e-09 0 2.36069e-09 2.81341e-09 0 
$Fmort
 0.799121 0.413522 0.246615
#ESTIMATED_PARAMETERS
$availability
1.48515 1.49041 1.82307 0.146338 0.0550396 
0.191422 0.130699 0.23702 4.0271 0.413765 
0.0404721 0.0433719 0.0261694 0.231335 4.65865 
$availabilityVector
 1.48515 0.191422 0.0404721 1.49041 0.130699 0.0433719 1.82307 0.23702 0.0261694 0.146338 4.0271 0.231335 0.0550396 0.413765 4.65865
$selectivity
 0.0990016 0.631967 0.831224 1.02077 2.41704
$RunSize
 0 26207.7 20158.7 0 0 6221.77 575948 855259 9.14658e-09 0 4.57329e-09 1.33894e+07 1.48252e+06 7418.42 0 4.57329e-09 6.85993e-09 0 0 2.28664e-08 4.34462e-08 0 0 1.14332e-08 4.57329e-08 628353 21479.3 0 9.37524e-08 1.14332e-08 716786 6.85993e-09 0 1.82932e-08 1783.37 0 0 2626.12 5547.58 3629.84 0 4.57329e-09 1.82809e+06 3.25343e+06 12242.7 0 2334.28 1.58847e+06 1.51821e+06 4.57329e-09 0 4.57329e-09 4.57329e-09 0 0 1225.35 1990.16 0 0 4.57329e-09 2.36663e+06 758918 5450 0 10649.5 3.95638e+06 4.98905e+06 16290 0 208820 8142.11 0 0 4875.36 46886.7 0 0 94.2969 445824 782904 12076.3 0 766.955 853708 484697 4.57329e-09 0 4.57329e-09 4.57329e-09 0
