$ndistricts
3
$ngroups
90
$nstocks
5
$nagecomps
18
$AgeCompLabels
 0.1 0.2 0.3 0.4 0.5 1.1 1.2 1.3 1.4 1.5 2.1 2.2 2.3 2.4 3.1 3.2 3.3 3.4
$navailpar
15
$nselectpar
5
$GENdata
 -1 -1 -1
$maxGradient
1.3898e-06
#LIKELIHOOD_VALUES_AND_PENALTIES
$totalNLL
850.318
$NLLcatch
0.677374
$NLLescape
-6.9153
$NLLagecompCatch
374.72
$NLLagecompEsc
481.836
$NLLgenetics
0
$NLLselOne
3.90004e-16
$NLLavailOne
1.9451e-09
$NLLextra
5.1e-198
$sigmaCat
0.5
$sigmaEsc
0.1
#OBSERVED_AND_PREDICTED_VALUES
$predEsc
 1.74915e+06 209691 1.79492e+06 699114 1.32378e+06
$obsEsc
 1.75436e+06 209636 1.79622e+06 694680 1.3277e+06
$predCatch
 1.09928e+07 4.36141e+06 2.11607e+06
$obsCatch
 1.09928e+07 4.36141e+06 2.11607e+06
$RunSize
 0 0 4544.07 0 0 1039.09 1.87844e+06 626818 0 0 1971.63 3.53159e+06 354658 0 0 3389.64 2.58159e-09 0 0 0 3051.76 0 0 0 2.67194e-07 146606 0 0 0 1.75806e-06 457557 0 0 7.74476e-09 12304.4 0 0 0 4003.29 0 0 364.671 732234 4.14127e+06 0 0 0 1.81033e+06 1.43627e+06 0 0 4257.55 3.87238e-09 0 0 0 2.58159e-09 0 0 0 764745 420497 0 0 1723.64 2.57614e+06 539912 0 0 8289.46 2288.96 0 0 0 10209.1 0 0 0 596121 1.58129e+06 0 0 0 1.25466e+06 338944 0 0 1403.73 2.58159e-09 0
$SSageCompEsc
 1549 0 1433 1837 1746
$obsAgeCompEsc
0 0 0.000856314 0 0 0.000592288 0.286142 0.116087 0 0 0.00112384 0.529372 0.0651448 0 0 0.000682245 0 0 
0 0 0 0 0 0 0.601116 0.250188 0 0 0 0.102692 0.0460043 0 0 0 0 0 
0 0 0.000562132 0 0 0.000203021 0.0748745 0.555119 0 0 0 0.179863 0.188711 0 0 0.00066757 0 0 
0 0 0 0 0 0 0.186981 0.14159 0 0 0.00248115 0.515321 0.151848 0 0 0.00097974 0.000798872 0 
0 0 0 0 0 0 0.157583 0.446117 0 0 0 0.276736 0.119564 0 0 0 0 0 
$predAgeCompEsc
0 0 0.000843097 0 0 0.000594054 0.282918 0.116298 0 0 0.00112719 0.531906 0.0658024 0 0 0.000510527 4.78982e-16 0 
0 0 0.00492602 0 0 0 3.56308e-13 0.236644 0 0 0 2.3444e-12 0.738568 0 0 1.03278e-14 0.0198612 0 
0 0 0.000534911 0 0 0.000203168 0.0730283 0.553347 0 0 0 0.180551 0.191911 0 0 0.000424621 5.17419e-16 0 
0 0 7.98459e-16 0 0 0 0.159787 0.130055 0 0 0.00246547 0.538263 0.166989 0 0 0.00173201 0.000707953 0 
0 0 0.00296424 0 0 0 0.141448 0.459133 0 0 0 0.297708 0.0984134 0 0 0.000333078 7.49571e-16 0 
$SSageCompCatch
 2580 2461 1048
$obsAgeCompCatch
0 0 0.00076657 0 0 0 0.175213 0.321369 0 0 0 0.361824 0.140061 0 0 0 0.00076657 0 
0 0 0 0 0 0 0.143922 0.140739 0 0 0 0.566677 0.145971 0 0 0.00231271 0.000378877 0 
0 0 0.00555505 0 0 0 0.152716 0.388732 0 0 0 0.390561 0.0614646 0 0 0.000971267 0 0 
$predAgeCompCatch
0 0 0.000714284 0 0 1.58664e-10 0.174028 0.313907 0 0 2.28537e-10 0.367888 0.14217 0 0 0.000579925 0.000714021 0 
0 0 0.000379603 0 0 2.13479e-11 0.17834 0.16895 0 0 5.47553e-10 0.532279 0.118098 0 0 0.001509 0.00044455 0 
0 0 0.00231982 0 0 4.09408e-12 0.168129 0.370467 0 0 3.79702e-11 0.369679 0.0888279 0 0 0.000508987 6.887e-05 0 
$genSS
 -1 -1 -1
$obsGenComp     #GeneticFracData
0 0 0 0 0 
0 0 0 0 0 
0 0 0 0 0 
$predGenComp     #catchGenComp_pred
0 0 0 0 0 
0 0 0 0 0 
0 0 0 0 0 
#PARAMETERS_OF_INTEREST
$catchByGroup
0 0 0 
0 0 0 
2816 227.991 25.3767 
0 0 0 
0 0 0 
0.00121901 6.49029e-05 7.06101e-06 
1.2631e+06 108365 12104 
388445 31449.5 3500.5 
0 0 0 
0 0 0 
0.00231301 0.00012315 1.33979e-05 
2.37472e+06 203734 22756.3 
219785 17794.3 1980.61 
0 0 0 
0 0 0 
2279.27 195.545 21.8417 
1.59983e-09 1.29527e-10 1.4417e-11 
0 0 0 
0 0 0 
0 0 0 
1895.17 105.396 18.2602 
0 0 0 
0 0 0 
0 0 0 
1.80012e-07 1.06233e-08 1.84464e-09 
91043.2 5063.2 877.214 
0 0 0 
0 0 0 
0 0 0 
1.18443e-06 6.98984e-08 1.21372e-08 
284146 15802.3 2737.79 
0 0 0 
0 0 0 
5.21774e-09 3.07923e-10 5.34678e-11 
7641.1 424.946 73.6232 
0 0 0 
0 0 0 
0 0 0 
2781.5 247.199 14.4702 
0 0 0 
0 0 0 
0.000525154 2.82037e-05 1.60234e-06 
546160 51939.5 3054.33 
2.87737e+06 255719 14968.9 
0 0 0 
0 0 0 
0 0 0 
1.35029e+06 128412 7551.34 
997922 88687.8 5191.49 
0 0 0 
0 0 0 
3175.63 302 17.7593 
2.69054e-09 2.39115e-10 1.3997e-11 
0 0 0 
0 0 0 
0 0 0 
2.34583e-10 1.70746e-09 8.1329e-11 
0 0 0 
0 0 0 
0 0 0 
79637.7 545656 27742 
38209.6 278116 13247.1 
0 0 0 
0 0 0 
0.000199245 0.00226495 6.69494e-05 
268270 1.83811e+06 93452.6 
49060.6 357098 17009.1 
0 0 0 
0 0 0 
863.232 5914.64 300.71 
207.993 1513.92 72.1102 
0 0 0 
0 0 0 
0 0 0 
359.318 1075.02 4850.78 
0 0 0 
0 0 0 
0 0 0 
24152.6 71851.8 312871 
55655 166510 751339 
0 0 0 
0 0 0 
0 0 0 
50834.2 151227 658504 
11929.4 35690.7 161047 
0 0 0 
0 0 0 
56.8738 169.194 736.74 
9.08613e-11 2.71841e-10 1.22662e-09 
0 0 0 
$escByGroup
 5e-101 5e-101 1474.7 5e-101 5e-101 1039.09 494866 203423 5e-101 5e-101 1971.62 930383 115098 5e-101 5e-101 892.987 8.3781e-10 5e-101 5e-101 5e-101 1032.94 5e-101 5e-101 5e-101 7.47144e-08 49622.1 5e-101 5e-101 5e-101 4.91599e-07 154871 5e-101 5e-101 2.16564e-09 4164.71 5e-101 5e-101 5e-101 960.125 5e-101 5e-101 364.671 131080 993217 5e-101 5e-101 5e-101 324075 344465 5e-101 5e-101 762.162 9.28728e-10 5e-101 5e-101 5e-101 5.58214e-10 5e-101 5e-101 5e-101 111709 90923.5 5e-101 5e-101 1723.64 376307 116745 5e-101 5e-101 1210.87 494.94 5e-101 5e-101 5e-101 3923.99 5e-101 5e-101 5e-101 187246 607789 5e-101 5e-101 5e-101 394099 130277 5e-101 5e-101 440.921 9.92264e-10 5e-101
$catchByGroup
0 0 2816 0 0 0.00121901 1.2631e+06 388445 0 0 0.00231301 2.37472e+06 219785 0 0 2279.27 1.59983e-09 0 0 0 1895.17 0 0 0 1.80012e-07 91043.2 0 0 0 1.18443e-06 284146 0 0 5.21774e-09 7641.1 0 0 0 2781.5 0 0 0.000525154 546160 2.87737e+06 0 0 0 1.35029e+06 997922 0 0 3175.63 2.69054e-09 0 0 0 2.34583e-10 0 0 0 79637.7 38209.6 0 0 0.000199245 268270 49060.6 0 0 863.232 207.993 0 0 0 359.318 0 0 0 24152.6 55655 0 0 0 50834.2 11929.4 0 0 56.8738 9.08613e-11 0 
0 0 227.991 0 0 6.49029e-05 108365 31449.5 0 0 0.00012315 203734 17794.3 0 0 195.545 1.29527e-10 0 0 0 105.396 0 0 0 1.06233e-08 5063.2 0 0 0 6.98984e-08 15802.3 0 0 3.07923e-10 424.946 0 0 0 247.199 0 0 2.82037e-05 51939.5 255719 0 0 0 128412 88687.8 0 0 302 2.39115e-10 0 0 0 1.70746e-09 0 0 0 545656 278116 0 0 0.00226495 1.83811e+06 357098 0 0 5914.64 1513.92 0 0 0 1075.02 0 0 0 71851.8 166510 0 0 0 151227 35690.7 0 0 169.194 2.71841e-10 0 
0 0 25.3767 0 0 7.06101e-06 12104 3500.5 0 0 1.33979e-05 22756.3 1980.61 0 0 21.8417 1.4417e-11 0 0 0 18.2602 0 0 0 1.84464e-09 877.214 0 0 0 1.21372e-08 2737.79 0 0 5.34678e-11 73.6232 0 0 0 14.4702 0 0 1.60234e-06 3054.33 14968.9 0 0 0 7551.34 5191.49 0 0 17.7593 1.3997e-11 0 0 0 8.1329e-11 0 0 0 27742 13247.1 0 0 6.69494e-05 93452.6 17009.1 0 0 300.71 72.1102 0 0 0 4850.78 0 0 0 312871 751339 0 0 0 658504 161047 0 0 736.74 1.22662e-09 0 
$Fmort
 0.675621 0.279087 0.143608
#ESTIMATED_PARAMETERS
$availability
1.48515 1.49041 1.82307 0.146338 0.0550396 
0.191422 0.130699 0.23702 4.0271 0.413765 
0.0404721 0.0433719 0.0261694 0.231335 4.65865 
$availabilityVector
 1.48515 0.191422 0.0404721 1.49041 0.130699 0.0433719 1.82307 0.23702 0.0261694 0.146338 4.0271 0.231335 0.0550396 0.413765 4.65865
$selectivity
 1.16917e-06 1.11224 0.963541 0.785249 2.13896
$RunSize
 0 0 4544.07 0 0 1039.09 1.87844e+06 626818 0 0 1971.63 3.53159e+06 354658 0 0 3389.64 2.58159e-09 0 0 0 3051.76 0 0 0 2.67194e-07 146606 0 0 0 1.75806e-06 457557 0 0 7.74476e-09 12304.4 0 0 0 4003.29 0 0 364.671 732234 4.14127e+06 0 0 0 1.81033e+06 1.43627e+06 0 0 4257.55 3.87238e-09 0 0 0 2.58159e-09 0 0 0 764745 420497 0 0 1723.64 2.57614e+06 539912 0 0 8289.46 2288.96 0 0 0 10209.1 0 0 0 596121 1.58129e+06 0 0 0 1.25466e+06 338944 0 0 1403.73 2.58159e-09 0
