$ndistricts
3
$ngroups
90
$nstocks
5
$nagecomps
18
$AgeCompLabels
 0.1 0.2 0.3 0.4 0.5 1.1 1.2 1.3 1.4 1.5 2.1 2.2 2.3 2.4 3.1 3.2 3.3 3.4
$navailpar
15
$nselectpar
5
$GENdata
 1 1 1
$maxGradient
1.64728e-05
#LIKELIHOOD_VALUES_AND_PENALTIES
$totalNLL
1242.55
$NLLcatch
0.677374
$NLLescape
-6.9049
$NLLagecompCatch
391.446
$NLLagecompEsc
599.376
$NLLgenetics
257.952
$NLLselOne
4.40541e-14
$NLLavailOne
7.86522e-17
$NLLextra
3.3e-198
$sigmaCat
0.5
$sigmaEsc
0.1
#OBSERVED_AND_PREDICTED_VALUES
$predEsc
 4.20212e+06 1.18724e+06 1.45962e+06 940646 825375
$obsEsc
 4.20741e+06 1.18773e+06 1.46393e+06 927054 830886
$predCatch
 9.87425e+06 5.07082e+06 4.03183e+06
$obsCatch
 9.87425e+06 5.07082e+06 4.03183e+06
$RunSize
 0 0 3.06354e-09 3.06354e-09 0 3.06354e-09 3.46215e+06 1.86896e+06 7.65885e-09 0 3.06354e-09 4.26999e+06 519317 4.59531e-09 0 6.12708e-09 0 0 0 0 3.06354e-09 3.06354e-09 0 1589.74 585927 1.71659e+06 15117.4 0 3.06354e-09 54570.5 127783 3.06354e-09 0 3.06354e-09 0 0 0 0 3.06354e-09 3.06354e-09 0 17118.8 1.55229e+06 2.15084e+06 15586.8 0 18369 710185 636779 4860.14 0 3.06354e-09 0 0 0 0 3.06354e-09 3.06354e-09 0 8690.76 139356 198005 4.59531e-09 0 120106 2.79629e+06 1.72423e+06 5076.99 733.079 26095.9 1979.76 0 0 0 2910.62 906.555 0 40710.6 1.03566e+06 2.2453e+06 2825.73 0 21218.2 1.14184e+06 351954 3.06354e-09 0 3.06354e-09 0 0
$SSageCompEsc
 1 1 1 1 1
$obsAgeCompEsc
0 0 0 0 0 0 0.397303 0.149244 0 0 0 0.41827 0.0351822 0 0 0 0 0 
0 0 0 0 0 0.00124333 0.270482 0.652039 0.00481224 0 0 0.0243834 0.0470402 0 0 0 0 0 
0 0 0 0 0 0.0103575 0.381047 0.342532 0.00144696 0 0.011603 0.159661 0.0923454 0.00100663 0 0 0 0 
0 0 0 0 0 0.00860403 0.0333497 0.0205721 0 0 0.116291 0.623896 0.191349 0.000554833 0.000727441 0.00410168 0.000554833 0 
0 0 0 0 0 0.0449717 0.341849 0.292834 0 0 0.0227379 0.248697 0.0489096 0 0 0 0 0 
$predAgeCompEsc
0 0 2.4569e-16 2.14541e-16 0 6.83741e-16 0.361999 0.149887 5.36352e-16 0 6.83741e-16 0.446466 0.0416482 3.21811e-16 0 6.40642e-16 0 0 
0 0 1.16789e-15 1.07569e-15 0 0.00127135 0.265573 0.6544 0.00530813 0 2.44999e-15 0.0247342 0.0487135 1.07569e-15 0 1.38856e-15 0 0 
0 0 4.90793e-16 3.99833e-16 0 0.0108059 0.362496 0.344575 0.00203429 0 0.0115951 0.165845 0.102015 0.000634313 0 7.15408e-16 0 0 
0 0 3.11679e-16 1.54458e-16 0 0.00833665 0.0319825 0.0201447 2.31687e-16 0 0.115212 0.641754 0.175421 0.000255972 0.00070321 0.00598905 0.000201418 0 
0 0 0.000394937 7.69079e-05 0 0.0442586 0.275643 0.30466 0.000239722 0 0.0230674 0.303903 0.047756 2.59896e-16 0 8.15369e-16 0 0 
$SSageCompCatch
 1 1 1
$obsAgeCompCatch
0 0 0 0 0 0.000625121 0.229949 0.348823 0.00310706 0 0.000122137 0.303187 0.113823 0 0 0.000362376 0 0 
0 0 0 0 0 0 0.110965 0.157819 0.000310786 0 0.00264198 0.460682 0.261513 0.00073097 0 0.00533841 0 0 
0 0 0.00101173 0.000278225 0 0 0.112448 0.44997 0.000901406 0 0.000947766 0.323692 0.110473 0 0 0.000278225 0 0 
$predAgeCompCatch
0 0 9.20966e-07 3.14832e-07 0 0.000137138 0.288796 0.345669 0.00195509 0 0.000193863 0.270604 0.0920963 0.00038406 3.6806e-07 0.000148707 1.41751e-05 0 
0 0 6.76836e-05 2.30028e-05 0 0.000236308 0.108656 0.158758 0.000446543 0 0.00208417 0.447202 0.278038 0.000858962 1.23657e-05 0.00333084 0.000286042 0 
0 0 0.000553681 0.000179404 0 0.000968217 0.185919 0.441811 0.000617907 0 0.000712518 0.255751 0.11276 0.000154408 1.30685e-06 0.000521813 4.95722e-05 0 
$genSS
 1512 1135 946
$obsGenComp     #GeneticFracData
0.519015 0.128684 0.321849 0.0291912 0.00126101 
0.1452 0.0108919 0.0798428 0.666426 0.0976398 
0.0117622 0.00131558 0.0141649 0.099587 0.87317 
$predGenComp     #catchGenComp_pred
0.51862 0.126988 0.322262 0.0307596 0.00136973 
0.148022 0.01092 0.0808807 0.659 0.101177 
0.0115864 0.00125134 0.0134374 0.107774 0.865951 
#PARAMETERS_OF_INTEREST
$catchByGroup
0 0 0 
0 0 0 
1.74546e-09 2.68823e-10 1.68388e-11 
1.84974e-09 2.93794e-10 1.84794e-11 
0 0 0 
1.7022e-10 1.90116e-11 1.14429e-12 
1.6837e+06 242249 15039.1 
1.06484e+06 164000 10272.8 
4.62435e-09 7.34485e-10 4.61984e-11 
0 0 0 
1.7022e-10 1.90116e-11 1.14429e-12 
2.07656e+06 298774 18548.3 
295882 45569.7 2854.43 
2.77461e-09 4.40691e-10 2.7719e-11 
0 0 0 
2.97969e-09 4.28716e-10 2.66152e-11 
0 0 0 
0 0 0 
0 0 0 
0 0 0 
1.59882e-09 7.16319e-11 6.52962e-12 
1.70072e-09 7.85417e-11 7.16698e-12 
0 0 0 
77.5569 2.54741 0.229897 
258793 10847.8 986.607 
895862 40137.4 3658.74 
8392.39 387.573 35.3663 
0 0 0 
1.49458e-10 4.90905e-12 4.43028e-13 
24102.8 1010.31 91.8881 
66687.9 2987.83 272.356 
1.70072e-09 7.85417e-11 7.16698e-12 
0 0 0 
1.35311e-09 5.67181e-11 5.15851e-12 
0 0 0 
0 0 0 
0 0 0 
0 0 0 
2.03895e-09 2.72149e-10 3.60681e-11 
2.14295e-09 2.97412e-10 3.957e-11 
0 0 0 
1224.86 107.608 13.7366 
898757 109972 14452.7 
1.4315e+06 191070 25322.5 
10903 1513.19 201.326 
0 0 0 
1314.31 115.466 14.7397 
411189 50313.1 6612.25 
423810 56568.3 7497.01 
3399.68 471.828 62.7756 
0 0 0 
1.77375e-09 2.17037e-10 2.85234e-11 
0 0 0 
0 0 0 
0 0 0 
0 0 0 
2.1659e-10 2.24449e-09 3.09279e-10 
2.36917e-10 2.34356e-09 3.37775e-10 
0 0 0 
43.0854 743.364 62.4647 
7841.33 90195.7 11235 
13998.8 145067 19989.5 
3.55376e-10 3.51534e-09 5.06662e-10 
0 0 0 
595.439 10273.3 863.26 
157343 1.80985e+06 225438 
121902 1.26325e+06 174070 
392.626 3883.81 559.771 
3.63432 62.704 5.269 
1468.37 16890.1 2103.86 
139.968 1450.47 199.867 
0 0 0 
0 0 0 
0 0 0 
9.09385 343.211 2232.35 
3.10873 116.643 723.325 
0 0 0 
8.63403 344.754 3827.26 
2556.58 97712.1 707879 
7015.12 264758 1.72206e+06 
9.68991 363.576 2254.61 
0 0 0 
4.50002 179.684 1994.75 
2818.69 107730 780455 
1099.63 41501.3 269937 
1.05054e-11 3.94174e-10 2.44435e-09 
0 0 0 
7.56252e-12 2.89039e-10 2.09395e-09 
0 0 0 
0 0 0 
$escByGroup
 5e-101 5e-101 1.03242e-09 9.01526e-10 5e-101 2.87316e-09 1.52116e+06 629844 2.25382e-09 5e-101 2.87316e-09 1.8761e+06 175011 1.35229e-09 5e-101 2.69205e-09 5e-101 5e-101 5e-101 5e-101 1.38656e-09 1.27711e-09 5e-101 1509.4 315299 776931 6302.04 5e-101 2.90873e-09 29365.5 57834.7 1.27711e-09 5e-101 1.64855e-09 5e-101 5e-101 5e-101 5e-101 7.16373e-10 5.83605e-10 5e-101 15772.6 529107 502949 2969.29 5e-101 16924.4 242071 148903 925.858 5e-101 1.04423e-09 5e-101 5e-101 5e-101 5e-101 2.9318e-10 1.4529e-10 5e-101 7841.84 30084.2 18949 2.17935e-10 5e-101 108374 603663 165009 240.779 661.472 5633.58 189.463 5e-101 5e-101 5e-101 325.972 63.4779 5e-101 36530 227509 251459 197.861 5e-101 19039.3 250834 39416.7 2.14512e-10 5e-101 6.72986e-10 5e-101 5e-101
$catchByGroup
0 0 1.74546e-09 1.84974e-09 0 1.7022e-10 1.6837e+06 1.06484e+06 4.62435e-09 0 1.7022e-10 2.07656e+06 295882 2.77461e-09 0 2.97969e-09 0 0 0 0 1.59882e-09 1.70072e-09 0 77.5569 258793 895862 8392.39 0 1.49458e-10 24102.8 66687.9 1.70072e-09 0 1.35311e-09 0 0 0 0 2.03895e-09 2.14295e-09 0 1224.86 898757 1.4315e+06 10903 0 1314.31 411189 423810 3399.68 0 1.77375e-09 0 0 0 0 2.1659e-10 2.36917e-10 0 43.0854 7841.33 13998.8 3.55376e-10 0 595.439 157343 121902 392.626 3.63432 1468.37 139.968 0 0 0 9.09385 3.10873 0 8.63403 2556.58 7015.12 9.68991 0 4.50002 2818.69 1099.63 1.05054e-11 0 7.56252e-12 0 0 
0 0 2.68823e-10 2.93794e-10 0 1.90116e-11 242249 164000 7.34485e-10 0 1.90116e-11 298774 45569.7 4.40691e-10 0 4.28716e-10 0 0 0 0 7.16319e-11 7.85417e-11 0 2.54741 10847.8 40137.4 387.573 0 4.90905e-12 1010.31 2987.83 7.85417e-11 0 5.67181e-11 0 0 0 0 2.72149e-10 2.97412e-10 0 107.608 109972 191070 1513.19 0 115.466 50313.1 56568.3 471.828 0 2.17037e-10 0 0 0 0 2.24449e-09 2.34356e-09 0 743.364 90195.7 145067 3.51534e-09 0 10273.3 1.80985e+06 1.26325e+06 3883.81 62.704 16890.1 1450.47 0 0 0 343.211 116.643 0 344.754 97712.1 264758 363.576 0 179.684 107730 41501.3 3.94174e-10 0 2.89039e-10 0 0 
0 0 1.68388e-11 1.84794e-11 0 1.14429e-12 15039.1 10272.8 4.61984e-11 0 1.14429e-12 18548.3 2854.43 2.7719e-11 0 2.66152e-11 0 0 0 0 6.52962e-12 7.16698e-12 0 0.229897 986.607 3658.74 35.3663 0 4.43028e-13 91.8881 272.356 7.16698e-12 0 5.15851e-12 0 0 0 0 3.60681e-11 3.957e-11 0 13.7366 14452.7 25322.5 201.326 0 14.7397 6612.25 7497.01 62.7756 0 2.85234e-11 0 0 0 0 3.09279e-10 3.37775e-10 0 62.4647 11235 19989.5 5.06662e-10 0 863.26 225438 174070 559.771 5.269 2103.86 199.867 0 0 0 2232.35 723.325 0 3827.26 707879 1.72206e+06 2254.61 0 1994.75 780455 269937 2.44435e-09 0 2.09395e-09 0 0 
$Fmort
 0.394147 0.236684 0.226561
#ESTIMATED_PARAMETERS
$availability
1.53176 1.34017 1.98922 0.133168 0.00568329 
0.277769 0.0715583 0.28137 3.98983 0.379476 
0.0174147 0.00674155 0.0374197 0.336251 4.60217 
$availabilityVector
 1.53176 0.277769 0.0174147 1.34017 0.0715583 0.00674155 1.98922 0.28137 0.0374197 0.133168 3.98983 0.336251 0.00568329 0.379476 4.60217
$selectivity
 0.0946877 1.10337 1.39696 1.53347 0.871513
$RunSize
 0 0 3.06354e-09 3.06354e-09 0 3.06354e-09 3.46215e+06 1.86896e+06 7.65885e-09 0 3.06354e-09 4.26999e+06 519317 4.59531e-09 0 6.12708e-09 0 0 0 0 3.06354e-09 3.06354e-09 0 1589.74 585927 1.71659e+06 15117.4 0 3.06354e-09 54570.5 127783 3.06354e-09 0 3.06354e-09 0 0 0 0 3.06354e-09 3.06354e-09 0 17118.8 1.55229e+06 2.15084e+06 15586.8 0 18369 710185 636779 4860.14 0 3.06354e-09 0 0 0 0 3.06354e-09 3.06354e-09 0 8690.76 139356 198005 4.59531e-09 0 120106 2.79629e+06 1.72423e+06 5076.99 733.079 26095.9 1979.76 0 0 0 2910.62 906.555 0 40710.6 1.03566e+06 2.2453e+06 2825.73 0 21218.2 1.14184e+06 351954 3.06354e-09 0 3.06354e-09 0 0
