$ndistricts
3
$ngroups
90
$nstocks
5
$nagecomps
18
$AgeCompLabels
 0.1 0.2 0.3 0.4 0.5 1.1 1.2 1.3 1.4 1.5 2.1 2.2 2.3 2.4 3.1 3.2 3.3 3.4
$navailpar
15
$nselectpar
5
$GENdata
 -1 -1 -1
$maxGradient
2.26272e-06
#LIKELIHOOD_VALUES_AND_PENALTIES
$totalNLL
817.757
$NLLcatch
0.677374
$NLLescape
-6.88874
$NLLagecompCatch
355.852
$NLLagecompEsc
468.116
$NLLgenetics
0
$NLLselOne
2.23627e-17
$NLLavailOne
1.9451e-09
$NLLextra
3.5e-198
$sigmaCat
0.5
$sigmaEsc
0.1
#OBSERVED_AND_PREDICTED_VALUES
$predEsc
 1.06855e+07 550867 1.22343e+06 1.16326e+06 1.26996e+06
$obsEsc
 1.04907e+07 549194 1.24247e+06 1.16534e+06 1.27032e+06
$predCatch
 1.45467e+07 5.19041e+06 2.65838e+06
$obsCatch
 1.45467e+07 5.19041e+06 2.65838e+06
$RunSize
 0 0 8.24085e-09 4.12043e-09 0 0 2.46079e+06 2.38823e+06 8.24085e-09 0 13300.5 1.73681e+07 954935 0 0 8.24085e-09 8.24085e-09 0 0 0 4463.42 6.18064e-09 0 0 1.64817e-08 78073.8 14784.5 0 4.94451e-08 1.00819e+06 2.06021e-08 0 0 41142.4 1691.01 0 0 0 4.12043e-09 4.12043e-09 0 4657.84 1.01245e+06 1.26645e+06 2114.35 0 16433.3 727146 674026 1335.6 0 915.494 1429.14 0 0 0 22437.5 6211.97 0 0 679025 211114 826.02 0 21175.9 1.89567e+06 2.38715e+06 0 0 12622.5 7411.45 0 0 231.23 5031.29 4.12043e-09 0 828.114 1.35076e+06 756187 4337.31 0 34424.5 1.6075e+06 243691 1228.78 0 4.12043e-09 4.12043e-09 0
$SSageCompEsc
 2317 0 2887 3151 2396
$obsAgeCompEsc
0 0 0 0 0 0 0.141102 0.0746348 0 0 0.00124975 0.743633 0.0393799 0 0 0 0 0 
0 0 0 0 0 0 0.601116 0.250188 0 0 0 0.102692 0.0460043 0 0 0 0 0 
0 0 0 0 0 0.00365767 0.340511 0.262587 0.000325532 0 0.0128843 0.232088 0.147075 0.000290677 0 0.000290677 0.000290077 0 
0 0 0.000267361 0 0 0 0.188375 0.0277775 0.000160944 0 0.01727 0.469085 0.29325 0 0 0.00313636 0.000677992 0 
0 0.000115207 0 0 0 0.00064168 0.35449 0.0990275 0.000204695 0 0.0266003 0.476338 0.0421132 0.000469162 0 0 0 0 
$predAgeCompEsc
0 0 2.66326e-16 1.04816e-16 0 0 0.110542 0.0771823 2.09632e-16 0 0.00121738 0.780197 0.0308614 0 0 3.7019e-16 2.66326e-16 0 
0 0 0.00293175 3.26888e-15 0 0 1.47151e-14 0.0512819 0.00781937 0 8.78191e-14 0.900124 1.35323e-14 0 0 0.0367324 0.00111072 0 
0 0 8.74561e-16 6.24028e-16 0 0.00370514 0.331876 0.268803 0.000320212 0 0.0130721 0.238355 0.143062 0.000202274 0 0.000300095 0.000303335 0 
0 0 0.00272919 0.000322437 0 0 0.173831 0.0256789 4.28752e-05 0 0.0176071 0.485294 0.290362 0 0 0.00323137 0.000901491 0 
0 6.4198e-05 0.000756927 3.36189e-16 0 0.000633705 0.375021 0.113764 0.000353884 0 0.026343 0.446301 0.0366619 0.000100257 0 1.14398e-15 6.19893e-16 0 
$SSageCompCatch
 2478 1642 599
$obsAgeCompCatch
0 0 0.000274 0 0 0 0.0830231 0.168686 0.000951079 0 0 0.679038 0.066232 0 0 0.00160751 0.000187915 0 
0 0 0.00561648 0.00143484 0 0 0.107637 0.0845442 0 0 0.000545791 0.435943 0.360838 0 0 0.00200628 0.00143484 0 
0 0 0.00260949 0 0 0 0.316911 0.219714 0.00154704 0 0 0.35803 0.101189 0 0 0 0 0 
$predAgeCompCatch
0 3.69935e-07 0.000319798 4.17045e-05 0 8.01833e-06 0.122242 0.15985 0.000781278 0 5.1477e-05 0.631713 0.0833279 6.94953e-05 0 0.00142018 0.00017569 0 
0 4.04862e-06 0.00328535 0.000935602 0 2.07322e-06 0.133523 0.0932436 0.000417582 0 0.000150159 0.406374 0.359227 5.63228e-05 0 0.00171417 0.00106733 0 
0 4.63839e-05 0.00168406 0.000140713 0 7.82444e-06 0.288176 0.201104 0.00125311 0 0.000326846 0.395892 0.110596 0.00033341 0 0.000287179 0.000152114 0 
$genSS
 -1 -1 -1
$obsGenComp     #GeneticFracData
0 0 0 0 0 
0 0 0 0 0 
0 0 0 0 0 
$predGenComp     #catchGenComp_pred
0 0 0 0 0 
0 0 0 0 0 
0 0 0 0 0 
#PARAMETERS_OF_INTEREST
$catchByGroup
0 0 0 
0 0 0 
4.83039e-09 4.89244e-10 7.53995e-11 
2.6683e-09 2.87583e-10 4.45283e-11 
0 0 0 
0 0 0 
1.15725e+06 106112 16236 
1.39987e+06 141785 21851.1 
5.33661e-09 5.75166e-10 8.90566e-11 
0 0 0 
270.496 18.9447 2.84685 
8.16776e+06 748931 114592 
559737 56692.8 8737.15 
0 0 0 
0 0 0 
3.87546e-09 3.55355e-10 5.43722e-11 
4.83039e-09 4.89244e-10 7.53995e-11 
0 0 0 
0 0 0 
0 0 0 
2621.99 182.677 43.7496 
4.01047e-09 2.97899e-10 7.15503e-11 
0 0 0 
0 0 0 
7.77052e-09 4.88643e-10 1.16508e-10 
45863.7 3195.37 765.265 
9593.3 712.593 171.153 
0 0 0 
1.00909e-09 4.80973e-11 1.13414e-11 
475325 29890.4 7126.84 
1.21025e-08 8.43193e-10 2.01938e-10 
0 0 0 
0 0 0 
19397.1 1219.77 290.833 
993.369 69.2089 16.575 
0 0 0 
0 0 0 
0 0 0 
2.72533e-09 3.00719e-10 2.44164e-11 
2.97505e-09 3.53074e-10 2.88475e-11 
0 0 0 
116.01 8.21339 0.644666 
548319 53776.8 4324.37 
837652 92428.2 7504.57 
1526.61 181.176 14.8027 
0 0 0 
409.294 28.9776 2.27444 
393807 38622.9 3105.79 
445814 49192.1 3994.08 
964.34 114.446 9.35068 
0 0 0 
495.812 48.6271 3.91026 
945.26 104.302 8.46864 
0 0 0 
0 0 0 
0 0 0 
1868.16 16246.2 1148.4 
606.663 4856.16 374.068 
0 0 0 
0 0 0 
41209.1 410393 25212.9 
17577.6 152860 10805.3 
80.6694 645.735 49.7407 
0 0 0 
42.8286 625.567 25.8943 
115046 1.14572e+06 70388.3 
198756 1.72845e+06 122180 
0 0 0 
0 0 0 
766.042 7628.86 468.686 
617.083 5366.36 379.333 
0 0 0 
0 0 0 
5.38133 21.014 123.306 
161.844 623.459 3284.72 
1.5622e-10 5.9652e-10 2.94074e-09 
0 0 0 
0.630339 2.54748 20.1556 
31435.7 122756 720307 
24324.7 93703.9 493683 
164.442 627.919 3095.53 
0 0 0 
26.203 105.898 837.865 
37410.7 146088 857216 
7838.95 30197.3 159096 
46.5872 177.892 876.977 
0 0 0 
9.58932e-11 3.74461e-10 2.19726e-09 
1.32544e-10 5.10588e-10 2.69006e-09 
0 0 0 
$escByGroup
 5e-101 5e-101 2.84582e-09 1.12001e-09 5e-101 5e-101 1.1812e+06 824731 2.24002e-09 5e-101 13008.3 8.33678e+06 329769 5e-101 5e-101 3.95566e-09 2.84582e-09 5e-101 5e-101 5e-101 1615 1.80072e-09 5e-101 5e-101 8.10603e-09 28249.5 4307.43 5e-101 4.83766e-08 495848 7.45448e-09 5e-101 5e-101 20234.7 611.859 5e-101 5e-101 5e-101 1.06996e-09 7.63453e-10 5e-101 4532.97 406026 328861 391.757 5e-101 15992.7 291610 175026 247.467 5e-101 367.144 371.108 5e-101 5e-101 5e-101 3174.74 375.077 5e-101 5e-101 202210 29871.2 49.8749 5e-101 20481.6 564522 337765 5e-101 5e-101 3758.92 1048.67 5e-101 5e-101 81.5289 961.266 4.26946e-10 5e-101 804.78 476261 144475 449.418 5e-101 33454.5 566785 46559.1 127.322 5e-101 1.45281e-09 7.87238e-10 5e-101
$catchByGroup
0 0 4.83039e-09 2.6683e-09 0 0 1.15725e+06 1.39987e+06 5.33661e-09 0 270.496 8.16776e+06 559737 0 0 3.87546e-09 4.83039e-09 0 0 0 2621.99 4.01047e-09 0 0 7.77052e-09 45863.7 9593.3 0 1.00909e-09 475325 1.21025e-08 0 0 19397.1 993.369 0 0 0 2.72533e-09 2.97505e-09 0 116.01 548319 837652 1526.61 0 409.294 393807 445814 964.34 0 495.812 945.26 0 0 0 1868.16 606.663 0 0 41209.1 17577.6 80.6694 0 42.8286 115046 198756 0 0 766.042 617.083 0 0 5.38133 161.844 1.5622e-10 0 0.630339 31435.7 24324.7 164.442 0 26.203 37410.7 7838.95 46.5872 0 9.58932e-11 1.32544e-10 0 
0 0 4.89244e-10 2.87583e-10 0 0 106112 141785 5.75166e-10 0 18.9447 748931 56692.8 0 0 3.55355e-10 4.89244e-10 0 0 0 182.677 2.97899e-10 0 0 4.88643e-10 3195.37 712.593 0 4.80973e-11 29890.4 8.43193e-10 0 0 1219.77 69.2089 0 0 0 3.00719e-10 3.53074e-10 0 8.21339 53776.8 92428.2 181.176 0 28.9776 38622.9 49192.1 114.446 0 48.6271 104.302 0 0 0 16246.2 4856.16 0 0 410393 152860 645.735 0 625.567 1.14572e+06 1.72845e+06 0 0 7628.86 5366.36 0 0 21.014 623.459 5.9652e-10 0 2.54748 122756 93703.9 627.919 0 105.898 146088 30197.3 177.892 0 3.74461e-10 5.10588e-10 0 
0 0 7.53995e-11 4.45283e-11 0 0 16236 21851.1 8.90566e-11 0 2.84685 114592 8737.15 0 0 5.43722e-11 7.53995e-11 0 0 0 43.7496 7.15503e-11 0 0 1.16508e-10 765.265 171.153 0 1.13414e-11 7126.84 2.01938e-10 0 0 290.833 16.575 0 0 0 2.44164e-11 2.88475e-11 0 0.644666 4324.37 7504.57 14.8027 0 2.27444 3105.79 3994.08 9.35068 0 3.91026 8.46864 0 0 0 1148.4 374.068 0 0 25212.9 10805.3 49.7407 0 25.8943 70388.3 122180 0 0 468.686 379.333 0 0 123.306 3284.72 2.94074e-09 0 20.1556 720307 493683 3095.53 0 837.865 857216 159096 876.977 0 2.19726e-09 2.69006e-09 0 
$Fmort
 0.520429 0.280107 0.198964
#ESTIMATED_PARAMETERS
$availability
1.48515 1.49041 1.82307 0.146338 0.0550396 
0.191422 0.130699 0.23702 4.0271 0.413765 
0.0404721 0.0433719 0.0261694 0.231335 4.65865 
$availabilityVector
 1.48515 0.191422 0.0404721 1.49041 0.130699 0.0433719 1.82307 0.23702 0.0261694 0.146338 4.0271 0.231335 0.0550396 0.413765 4.65865
$selectivity
 0.0265835 0.822075 1.14146 1.34934 1.66054
$RunSize
 0 0 8.24085e-09 4.12043e-09 0 0 2.46079e+06 2.38823e+06 8.24085e-09 0 13300.5 1.73681e+07 954935 0 0 8.24085e-09 8.24085e-09 0 0 0 4463.42 6.18064e-09 0 0 1.64817e-08 78073.8 14784.5 0 4.94451e-08 1.00819e+06 2.06021e-08 0 0 41142.4 1691.01 0 0 0 4.12043e-09 4.12043e-09 0 4657.84 1.01245e+06 1.26645e+06 2114.35 0 16433.3 727146 674026 1335.6 0 915.494 1429.14 0 0 0 22437.5 6211.97 0 0 679025 211114 826.02 0 21175.9 1.89567e+06 2.38715e+06 0 0 12622.5 7411.45 0 0 231.23 5031.29 4.12043e-09 0 828.114 1.35076e+06 756187 4337.31 0 34424.5 1.6075e+06 243691 1228.78 0 4.12043e-09 4.12043e-09 0
