$ndistricts
3
$ngroups
90
$nstocks
5
$nagecomps
18
$AgeCompLabels
 0.1 0.2 0.3 0.4 0.5 1.1 1.2 1.3 1.4 1.5 2.1 2.2 2.3 2.4 3.1 3.2 3.3 3.4
$navailpar
15
$nselectpar
5
$GENdata
 -1 -1 -1
$maxGradient
3.89885e-06
#LIKELIHOOD_VALUES_AND_PENALTIES
$totalNLL
728.419
$NLLcatch
0.677374
$NLLescape
-6.80519
$NLLagecompCatch
313.606
$NLLagecompEsc
420.941
$NLLgenetics
0
$NLLselOne
5.73885e-16
$NLLavailOne
1.9451e-09
$NLLextra
2.3e-198
$sigmaCat
0.5
$sigmaEsc
0.1
#OBSERVED_AND_PREDICTED_VALUES
$predEsc
 8.66849e+06 621127 976923 1.91193e+06 1.06769e+06
$obsEsc
 8.35594e+06 618464 990810 1.89798e+06 1.09507e+06
$predCatch
 1.50793e+07 1.07502e+07 4.3528e+06
$obsCatch
 1.50793e+07 1.07502e+07 4.3528e+06
$RunSize
 0 4.78956e-09 7340.71 1829.11 0 1049.42 1.5446e+06 1.02861e+06 1839.46 0 76132 1.74596e+07 428341 4.78956e-09 0 4.78956e-09 4.78956e-09 0 0 7.18434e-09 2734.71 1188.31 0 16909.2 2.87374e-08 1.15262e+06 17265.4 0 3.59217e-08 572887 1.19739e-08 1.43687e-08 0 7.90277e-08 7.18434e-09 0 0 2015.33 4.78956e-09 4.78956e-09 0 9078.87 590336 761633 17526.2 0 43505.3 1.26224e+06 662122 10453 0 4.78956e-09 4.78956e-09 0 927.729 4311.96 7.18434e-09 4.78956e-09 0 1408.71 382607 244059 5569.28 0 70960.3 5.03151e+06 6.27348e+06 42768.6 2066.64 249992 64207.8 0 0 426.849 10350.4 4.78956e-09 0 6491.59 360845 394404 18674.5 0 11906.5 2.42079e+06 2.11469e+06 37816.4 0 5835.77 427.609 0
$SSageCompEsc
 2805 0 1482 3873 1861
$obsAgeCompEsc
0 0 0.000234065 6.126e-05 0 0.000111545 0.092273 0.0322778 6.126e-05 0 0.00863157 0.843383 0.0229665 0 0 0 0 0 
0 0 0 0 0 0 0.601116 0.250188 0 0 0 0.102692 0.0460043 0 0 0 0 0 
0 0.000780552 0 0 0 0.0084481 0.213229 0.147158 0.00349352 0 0.0408649 0.439394 0.144367 0.00226557 0 0 0 0 
0.000454791 0.000435125 0 0 0 0.0006891 0.0559235 0.00831303 0.000454791 0 0.034332 0.6197 0.249019 0.00276571 0.00101311 0.0252235 0.00167635 0 
0 0 0 0 0 0.00558036 0.106733 0.0312781 0 0 0.00989002 0.66433 0.178179 0.00364347 0 0.000365991 0 0 
$predAgeCompEsc
0 2.37964e-16 0.000237059 5.97396e-05 0 0.000114076 0.0767415 0.0332176 6.00778e-05 0 0.00827585 0.867461 0.0138327 1.5643e-16 0 2.37964e-16 1.54673e-16 0 
0 5.1346e-15 0.00131583 0.000577594 0 0.0256788 2.05384e-14 0.554597 0.00839207 0 5.45517e-14 0.409439 5.76137e-15 6.98406e-15 0 5.64807e-14 3.45682e-15 0 
0 0.000719391 9.49653e-16 9.6526e-16 0 0.00864167 0.210726 0.151013 0.00353212 0 0.0414102 0.450568 0.131283 0.00210664 0 1.70968e-15 9.49653e-16 0 
0.000444101 0.000546067 2.6655e-16 1.86453e-16 0 0.000674347 0.0484533 0.00905496 0.000216807 0 0.0339685 0.637191 0.232756 0.00166494 0.000989294 0.031659 0.00238221 0 
0 0.000112741 0.000994407 4.76975e-16 0 0.00561906 0.095308 0.0378921 0.00185972 0 0.0103062 0.639392 0.203167 0.003766 0 0.00154137 4.10823e-05 0 
$SSageCompCatch
 7279 7714 5156
$obsAgeCompCatch
0 0 0.000465572 0.00015437 0 0.000306571 0.0622744 0.136085 0.00185225 0 0.000386859 0.747787 0.0490391 0.000570961 0 0.000929088 0.000148279 0 
0 0.00032238 0.000151905 0 0 0 0.0263248 0.0399928 0.000211366 0 0.000364781 0.436663 0.470712 0.00231702 0 0.0179876 0.00495276 0 
0 0.000301509 0.00279024 0 0 0 0.0428755 0.0838666 0.00540256 0 0.000474416 0.368117 0.479325 0.0072615 0 0.00803555 0.00155012 0 
$predAgeCompCatch
3.31534e-07 9.87898e-05 0.000454287 0.000127893 0 0.000104327 0.0779405 0.131546 0.00172076 0 0.000484182 0.690259 0.094849 0.000857967 7.38534e-07 0.00114617 0.000410156 0 
6.55911e-06 0.000274243 0.000193861 1.66023e-05 0 2.31606e-05 0.0365638 0.0401044 0.000862792 0 0.000555998 0.412085 0.485972 0.00363382 1.46113e-05 0.0150772 0.00461564 0 
7.18e-07 0.000103172 0.00173624 7.76646e-06 0 0.000102464 0.0561794 0.0755522 0.0032319 0 0.000248763 0.412028 0.439713 0.00684022 1.59944e-06 0.00328195 0.000972456 0 
$genSS
 -1 -1 -1
$obsGenComp     #GeneticFracData
0 0 0 0 0 
0 0 0 0 0 
0 0 0 0 0 
$predGenComp     #catchGenComp_pred
0 0 0 0 0 
0 0 0 0 0 
0 0 0 0 0 
#PARAMETERS_OF_INTEREST
$catchByGroup
0 0 0 
2.4591e-09 2.30674e-10 3.70012e-11 
4707.26 497.941 80.5698 
1168.1 123.218 19.9333 
0 0 0 
55.9973 3.93573 0.619352 
793042 74390.8 11932.6 
659600 69773.5 11289.8 
1174.72 123.916 20.0462 
0 0 0 
4062.43 285.525 44.9321 
8.96429e+06 840889 134882 
274675 29055.6 4701.36 
3.05871e-09 3.2265e-10 5.21959e-11 
0 0 0 
2.4591e-09 2.30674e-10 3.70012e-11 
3.07132e-09 3.24889e-10 5.2569e-11 
0 0 0 
0 0 0 
3.69754e-09 2.38094e-10 5.9462e-11 
1757.19 128.063 32.1534 
760.423 55.2594 13.8725 
0 0 0 
905.384 43.3251 10.6944 
1.47902e-08 9.52376e-10 2.37848e-10 
740620 53975.9 13552 
11048.5 802.884 201.558 
0 0 0 
1.92339e-09 9.20394e-11 2.2719e-11 
294846 18985.9 4741.56 
7.69385e-09 5.60723e-10 1.40783e-10 
9.19477e-09 6.68178e-10 1.67741e-10 
0 0 0 
4.0673e-08 2.61903e-09 6.54081e-10 
4.61631e-09 3.36434e-10 8.44701e-11 
0 0 0 
0 0 0 
1182.97 119.485 10.0809 
3.42879e-09 3.98973e-10 3.40576e-11 
3.41651e-09 3.96247e-10 3.38154e-11 
0 0 0 
591.017 42.1413 3.46501 
346520 34999.9 2952.93 
545244 63444.5 5415.83 
12501.9 1449.96 123.739 
0 0 0 
2832.11 201.938 16.6041 
740917 74835.7 6313.85 
474005 55155.2 4708.22 
7456.4 864.792 73.8008 
0 0 0 
2.81141e-09 2.83964e-10 2.39579e-11 
3.42879e-09 3.98973e-10 3.40576e-11 
0 0 0 
4.99928 70.5119 3.12531 
295.459 2785.49 186.971 
6.90252e-10 5.54525e-09 4.39213e-10 
4.57045e-10 3.68525e-09 2.90784e-10 
0 0 0 
7.59117 107.069 4.74563 
26216.5 247160 16590.2 
23448.5 188377 14920.5 
531.45 4285.19 338.122 
0 0 0 
382.386 5393.32 239.049 
344763 3.25031e+06 218171 
602739 4.8422e+06 383528 
4081.21 32907.6 2596.57 
11.1365 157.074 6.96203 
17129.6 161493 10839.9 
6168.91 49558.9 3925.33 
0 0 0 
0 0 0 
11.2448 43.1969 252.035 
385.852 1458.04 7444.77 
1.77299e-10 6.70235e-10 3.43276e-09 
0 0 0 
13.1791 52.5102 426.482 
9505.99 36517.3 213062 
14703 55559 283685 
691.289 2613.25 13384.3 
0 0 0 
24.1724 96.3113 782.229 
63772.8 244983 1.42937e+06 
78833.4 297893 1.52104e+06 
1399.88 5291.91 27103.7 
0 0 0 
153.736 590.577 3445.75 
15.9408 60.2366 307.568 
0 0 0 
$escByGroup
 5e-101 2.06278e-09 2054.94 517.852 5e-101 988.865 665233 287946 520.784 5e-101 71739.1 7.51958e+06 119909 1.35601e-09 5e-101 2.06278e-09 1.34078e-09 5e-101 5e-101 3.18924e-09 817.3 358.759 5e-101 15949.8 1.2757e-08 344475 5212.54 5e-101 3.38836e-08 254314 3.57854e-09 4.33799e-09 5e-101 3.50817e-08 2.14713e-09 5e-101 5e-101 702.789 9.27738e-10 9.42984e-10 5e-101 8442.25 205863 147528 3450.61 5e-101 40454.6 440170 128253 2058.03 5e-101 1.67023e-09 9.27738e-10 5e-101 849.093 1044.04 5.09627e-10 3.56486e-10 5e-101 1289.31 92639.5 17312.5 414.52 5e-101 64945.5 1.21827e+06 445014 3183.26 1891.47 60530 4554.63 5e-101 5e-101 120.373 1061.72 5.09261e-10 5e-101 5999.42 101759 40457.1 1985.61 5e-101 11003.8 682673 216920 4020.92 5e-101 1645.71 43.8631 5e-101
$catchByGroup
0 2.4591e-09 4707.26 1168.1 0 55.9973 793042 659600 1174.72 0 4062.43 8.96429e+06 274675 3.05871e-09 0 2.4591e-09 3.07132e-09 0 0 3.69754e-09 1757.19 760.423 0 905.384 1.47902e-08 740620 11048.5 0 1.92339e-09 294846 7.69385e-09 9.19477e-09 0 4.0673e-08 4.61631e-09 0 0 1182.97 3.42879e-09 3.41651e-09 0 591.017 346520 545244 12501.9 0 2832.11 740917 474005 7456.4 0 2.81141e-09 3.42879e-09 0 4.99928 295.459 6.90252e-10 4.57045e-10 0 7.59117 26216.5 23448.5 531.45 0 382.386 344763 602739 4081.21 11.1365 17129.6 6168.91 0 0 11.2448 385.852 1.77299e-10 0 13.1791 9505.99 14703 691.289 0 24.1724 63772.8 78833.4 1399.88 0 153.736 15.9408 0 
0 2.30674e-10 497.941 123.218 0 3.93573 74390.8 69773.5 123.916 0 285.525 840889 29055.6 3.2265e-10 0 2.30674e-10 3.24889e-10 0 0 2.38094e-10 128.063 55.2594 0 43.3251 9.52376e-10 53975.9 802.884 0 9.20394e-11 18985.9 5.60723e-10 6.68178e-10 0 2.61903e-09 3.36434e-10 0 0 119.485 3.98973e-10 3.96247e-10 0 42.1413 34999.9 63444.5 1449.96 0 201.938 74835.7 55155.2 864.792 0 2.83964e-10 3.98973e-10 0 70.5119 2785.49 5.54525e-09 3.68525e-09 0 107.069 247160 188377 4285.19 0 5393.32 3.25031e+06 4.8422e+06 32907.6 157.074 161493 49558.9 0 0 43.1969 1458.04 6.70235e-10 0 52.5102 36517.3 55559 2613.25 0 96.3113 244983 297893 5291.91 0 590.577 60.2366 0 
0 3.70012e-11 80.5698 19.9333 0 0.619352 11932.6 11289.8 20.0462 0 44.9321 134882 4701.36 5.21959e-11 0 3.70012e-11 5.2569e-11 0 0 5.9462e-11 32.1534 13.8725 0 10.6944 2.37848e-10 13552 201.558 0 2.2719e-11 4741.56 1.40783e-10 1.67741e-10 0 6.54081e-10 8.44701e-11 0 0 10.0809 3.40576e-11 3.38154e-11 0 3.46501 2952.93 5415.83 123.739 0 16.6041 6313.85 4708.22 73.8008 0 2.39579e-11 3.40576e-11 0 3.12531 186.971 4.39213e-10 2.90784e-10 0 4.74563 16590.2 14920.5 338.122 0 239.049 218171 383528 2596.57 6.96203 10839.9 3925.33 0 0 252.035 7444.77 3.43276e-09 0 426.482 213062 283685 13384.3 0 782.229 1.42937e+06 1.52104e+06 27103.7 0 3445.75 307.568 0 
$Fmort
 0.910954 0.484281 0.35988
#ESTIMATED_PARAMETERS
$availability
1.48515 1.49041 1.82307 0.146338 0.0550396 
0.191422 0.130699 0.23702 4.0271 0.413765 
0.0404721 0.0433719 0.0261694 0.231335 4.65865 
$availabilityVector
 1.48515 0.191422 0.0404721 1.49041 0.130699 0.0433719 1.82307 0.23702 0.0261694 0.146338 4.0271 0.231335 0.0550396 0.413765 4.65865
$selectivity
 0.0405325 0.532463 0.757731 0.752323 2.91695
$RunSize
 0 4.78956e-09 7340.71 1829.11 0 1049.42 1.5446e+06 1.02861e+06 1839.46 0 76132 1.74596e+07 428341 4.78956e-09 0 4.78956e-09 4.78956e-09 0 0 7.18434e-09 2734.71 1188.31 0 16909.2 2.87374e-08 1.15262e+06 17265.4 0 3.59217e-08 572887 1.19739e-08 1.43687e-08 0 7.90277e-08 7.18434e-09 0 0 2015.33 4.78956e-09 4.78956e-09 0 9078.87 590336 761633 17526.2 0 43505.3 1.26224e+06 662122 10453 0 4.78956e-09 4.78956e-09 0 927.729 4311.96 7.18434e-09 4.78956e-09 0 1408.71 382607 244059 5569.28 0 70960.3 5.03151e+06 6.27348e+06 42768.6 2066.64 249992 64207.8 0 0 426.849 10350.4 4.78956e-09 0 6491.59 360845 394404 18674.5 0 11906.5 2.42079e+06 2.11469e+06 37816.4 0 5835.77 427.609 0
