$ndistricts
3
$ngroups
90
$nstocks
5
$nagecomps
18
$AgeCompLabels
 0.1 0.2 0.3 0.4 0.5 1.1 1.2 1.3 1.4 1.5 2.1 2.2 2.3 2.4 3.1 3.2 3.3 3.4
$navailpar
15
$nselectpar
5
$GENdata
 1 1 1
$maxGradient
1.34799e-06
#LIKELIHOOD_VALUES_AND_PENALTIES
$totalNLL
1018.26
$NLLcatch
0.677374
$NLLescape
-6.91705
$NLLagecompCatch
370.684
$NLLagecompEsc
485.464
$NLLgenetics
168.346
$NLLselOne
3.15712e-18
$NLLavailOne
4.32848e-16
$NLLextra
3.4e-198
$sigmaCat
0.5
$sigmaEsc
0.1
#OBSERVED_AND_PREDICTED_VALUES
$predEsc
 7.21218e+06 300985 1.84992e+06 1.09923e+06 1.00322e+06
$obsEsc
 7.21105e+06 300976 1.84994e+06 1.09519e+06 1.00641e+06
$predCatch
 8.09501e+06 7.53727e+06 6.46886e+06
$obsCatch
 8.09502e+06 7.53727e+06 6.46886e+06
$RunSize
 0 0 4965.59 0 0 3.72643e-09 704806 1.31052e+06 3.72643e-09 0 3.72643e-09 7.84053e+06 3.46728e+06 3.72643e-09 0 3.72643e-09 1847.04 0 0 0 3.72643e-09 0 0 8.38447e-08 161948 344049 13013.1 0 3.93139e-07 250576 9.9682e-07 15183.2 0 5.58965e-09 3.72643e-09 0 0 0 3.72643e-09 0 0 4810.4 730406 1.5453e+06 4766.76 0 5533.56 1.27153e+06 439082 3.72643e-09 0 5733.7 3.72643e-09 0 0 0 3.72643e-09 0 0 1670.36 563505 2.32609e+06 3.72643e-09 0 42876.3 3.85162e+06 1.11667e+06 3.72643e-09 345.589 3.72643e-09 8157.89 0 0 0 4671.57 0 0 4367.47 1.65344e+06 2.05775e+06 21948.1 0 6271.77 3.16902e+06 616390 3.72643e-09 0 3.72643e-09 3.72643e-09 0
$SSageCompEsc
 2940 0 2592 2962 4884
$obsAgeCompEsc
0 0 0.00057112 0 0 0 0.0534425 0.0876885 0 0 0 0.616908 0.241166 0 0 0 0.000223843 0 
0 0 0 0 0 0 0.601116 0.250188 0 0 0 0.102692 0.0460043 0 0 0 0 0 
0 0 0 0 0 0.00234829 0.193508 0.351876 0.00174347 0 0.00270783 0.343989 0.101978 0 0 0.00184921 0 0 
0 0 0 0 0 0.00124454 0.0978499 0.2151 0 0 0.0303154 0.569857 0.0847102 0 0.00025784 0 0.000665284 0 
0 0 0 0 0 0.00346734 0.294063 0.171832 0.00756187 0 0.00497545 0.453183 0.0649174 0 0 0 0 0 
$predAgeCompEsc
0 0 0.0003403 0 0 4.75927e-16 0.055434 0.0898123 3.73731e-16 0 4.75927e-16 0.616669 0.237618 3.73731e-16 0 2.93089e-16 0.000126581 0 
0 0 3.98669e-15 0 0 2.4866e-13 0.225058 0.368078 0.0270646 0 1.16594e-12 0.348222 1.06644e-12 0.0315779 0 7.76786e-15 3.98669e-15 0 
0 0 8.5229e-16 0 0 0.00234175 0.196234 0.353434 0.0017163 0 0.00269379 0.341615 0.100425 1.34172e-15 0 0.00154044 8.5229e-16 0 
0 0 3.1579e-16 0 0 0.0011948 0.0862078 0.19712 1.29311e-15 0 0.0306692 0.58924 0.0946298 1.29311e-15 0.000247198 5.70087e-16 0.000691326 0 
0 0 0.000430844 0 0 0.00331769 0.25279 0.18978 0.00756669 0 0.00476426 0.484503 0.0568478 1.2847e-15 0 5.69724e-16 3.43677e-16 0 
$SSageCompCatch
 8505 1697 3212
$obsAgeCompCatch
0 0 7.51564e-05 0 0 5.59577e-05 0.0965835 0.222268 0.000541575 0 8.84203e-05 0.465735 0.214596 0 0 5.59577e-05 0 0 
0 0 0 0 0 0 0.0582723 0.268891 0.000299975 0 0.00164542 0.496465 0.172685 0.00072057 0 0 0.00102055 0 
0 0 0.00108999 0 0 0 0.170402 0.302754 0.00214697 0 0 0.443921 0.079686 0 0 0 0 0 
$predAgeCompCatch
0 0 0.000266268 0 0 5.87939e-05 0.088157 0.214088 0.00063189 0 0.000111337 0.472929 0.222746 0.000510168 3.67876e-07 0.000337527 0.000164113 0 
0 0 6.21386e-05 0 0 4.94371e-05 0.0734323 0.291098 0.000216759 0 0.0011668 0.473091 0.159736 0.000200901 9.36144e-06 1.76657e-05 0.000919744 0 
0 0 0.000637952 0 0 0.00015859 0.211486 0.284002 0.00217457 0 0.000233494 0.412905 0.0883829 5.35977e-06 5.00532e-08 2.87051e-06 1.10105e-05 0 
$genSS
 285 194 296
$obsGenComp     #GeneticFracData
0.649061 0.0416709 0.246109 0.0589417 0.00421729 
0.10761 0.0186229 0.0141937 0.837427 0.0221462 
0.0111502 0.00050226 0.00220994 0.00803616 0.978101 
$predGenComp     #catchGenComp_pred
0.643224 0.04247 0.252045 0.0577385 0.00452298 
0.111203 0.0181395 0.0136144 0.834822 0.0222213 
0.011238 0.000505103 0.00221483 0.00804287 0.977999 
#PARAMETERS_OF_INTEREST
$catchByGroup
0 0 0 
0 0 0 
2129.76 350.982 30.5488 
0 0 0 
0 0 0 
2.56432e-10 3.46044e-11 2.92559e-12 
260201 41237.2 3568.13 
562088 92631.4 8062.46 
8.89241e-10 1.30601e-10 1.1175e-11 
0 0 0 
2.56432e-10 3.46044e-11 2.92559e-12 
2.89457e+06 458738 39693.3 
1.48713e+06 245077 21331 
8.89241e-10 1.30601e-10 1.1175e-11 
0 0 0 
1.37573e-09 2.18028e-10 1.88653e-11 
792.202 130.554 11.3632 
0 0 0 
0 0 0 
0 0 0 
1.7855e-09 7.23538e-10 1.74637e-11 
0 0 0 
0 0 0 
6.6794e-09 2.27224e-09 5.01115e-11 
67239.7 26345.5 624.471 
164849 66801.8 1612.36 
3539.55 1297.82 29.7161 
0 0 0 
3.1319e-08 1.06543e-08 2.34967e-10 
104037 40763.3 966.217 
4.7762e-07 1.93546e-07 4.67154e-09 
4129.82 1514.24 34.6716 
0 0 0 
2.32078e-09 9.09314e-10 2.15536e-11 
1.7855e-09 7.23538e-10 1.74637e-11 
0 0 0 
0 0 0 
0 0 0 
2.03014e-09 1.04953e-10 1.46684e-11 
0 0 0 
0 0 0 
458.481 17.4587 2.41405 
348061 16961.9 2365.46 
841875 43522.7 6082.79 
1516.79 65.8177 9.14104 
0 0 0 
527.405 20.0833 2.77696 
605924 29528.2 4117.93 
239210 12366.5 1728.36 
1.18576e-09 5.14532e-11 7.14604e-12 
0 0 0 
2732.29 133.151 18.5689 
2.03014e-09 1.04953e-10 1.46684e-11 
0 0 0 
0 0 0 
0 0 0 
2.44973e-10 3.10699e-09 2.73445e-11 
0 0 0 
0 0 0 
14.3936 341.041 1.56498 
30650 434690 3403.06 
152916 1.93943e+06 17068.8 
1.21305e-10 2.17037e-09 1.33332e-11 
0 0 0 
369.468 8754.16 40.1715 
209496 2.97115e+06 23260.3 
73408.9 931042 8194.07 
1.21305e-10 2.17037e-09 1.33332e-11 
2.97796 70.5597 0.323787 
2.02687e-10 2.87458e-09 2.25043e-11 
536.295 6801.81 59.8625 
0 0 0 
0 0 0 
0 0 0 
25.6857 117.374 4096.28 
0 0 0 
0 0 0 
3.06361 14.1215 1021.92 
7480.69 34244.2 1.35811e+06 
11314.2 51701.5 1.80435e+06 
58.8147 270.134 14028.1 
0 0 0 
4.39939 20.2787 1467.49 
14337.7 65633.2 2.60299e+06 
3389.11 15486.9 540483 
9.98577e-12 4.58643e-11 2.38175e-09 
0 0 0 
1.68596e-11 7.71777e-11 3.06084e-09 
2.04891e-11 9.36274e-11 3.26753e-09 
0 0 0 
$escByGroup
 5e-101 5e-101 2454.3 5e-101 5e-101 3.43247e-09 399800 647743 2.69541e-09 5e-101 3.43247e-09 4.44753e+06 1.71374e+06 2.69541e-09 5e-101 2.11381e-09 912.923 5e-101 5e-101 5e-101 1.19993e-09 5e-101 5e-101 7.4843e-08 67738.9 110786 8146.02 5e-101 3.5093e-07 104809 3.20982e-07 9504.47 5e-101 2.338e-09 1.19993e-09 5e-101 5e-101 5e-101 1.57667e-09 5e-101 5e-101 4332.05 363017 653823 3175.01 5e-101 4983.3 631960 185777 2.48207e-09 5e-101 2849.69 1.57667e-09 5e-101 5e-101 5e-101 3.47126e-10 5e-101 5e-101 1313.36 94762.2 216681 1.42142e-09 5e-101 33712.5 647710 104020 1.42142e-09 271.727 6.26657e-10 759.927 5e-101 5e-101 5e-101 432.231 5e-101 5e-101 3328.37 253604 190391 7591.05 5e-101 4779.59 486062 57030.8 1.28883e-09 5e-101 5.71558e-10 3.44784e-10 5e-101
$catchByGroup
0 0 2129.76 0 0 2.56432e-10 260201 562088 8.89241e-10 0 2.56432e-10 2.89457e+06 1.48713e+06 8.89241e-10 0 1.37573e-09 792.202 0 0 0 1.7855e-09 0 0 6.6794e-09 67239.7 164849 3539.55 0 3.1319e-08 104037 4.7762e-07 4129.82 0 2.32078e-09 1.7855e-09 0 0 0 2.03014e-09 0 0 458.481 348061 841875 1516.79 0 527.405 605924 239210 1.18576e-09 0 2732.29 2.03014e-09 0 0 0 2.44973e-10 0 0 14.3936 30650 152916 1.21305e-10 0 369.468 209496 73408.9 1.21305e-10 2.97796 2.02687e-10 536.295 0 0 0 25.6857 0 0 3.06361 7480.69 11314.2 58.8147 0 4.39939 14337.7 3389.11 9.98577e-12 0 1.68596e-11 2.04891e-11 0 
0 0 350.982 0 0 3.46044e-11 41237.2 92631.4 1.30601e-10 0 3.46044e-11 458738 245077 1.30601e-10 0 2.18028e-10 130.554 0 0 0 7.23538e-10 0 0 2.27224e-09 26345.5 66801.8 1297.82 0 1.06543e-08 40763.3 1.93546e-07 1514.24 0 9.09314e-10 7.23538e-10 0 0 0 1.04953e-10 0 0 17.4587 16961.9 43522.7 65.8177 0 20.0833 29528.2 12366.5 5.14532e-11 0 133.151 1.04953e-10 0 0 0 3.10699e-09 0 0 341.041 434690 1.93943e+06 2.17037e-09 0 8754.16 2.97115e+06 931042 2.17037e-09 70.5597 2.87458e-09 6801.81 0 0 0 117.374 0 0 14.1215 34244.2 51701.5 270.134 0 20.2787 65633.2 15486.9 4.58643e-11 0 7.71777e-11 9.36274e-11 0 
0 0 30.5488 0 0 2.92559e-12 3568.13 8062.46 1.1175e-11 0 2.92559e-12 39693.3 21331 1.1175e-11 0 1.88653e-11 11.3632 0 0 0 1.74637e-11 0 0 5.01115e-11 624.471 1612.36 29.7161 0 2.34967e-10 966.217 4.67154e-09 34.6716 0 2.15536e-11 1.74637e-11 0 0 0 1.46684e-11 0 0 2.41405 2365.46 6082.79 9.14104 0 2.77696 4117.93 1728.36 7.14604e-12 0 18.5689 1.46684e-11 0 0 0 2.73445e-11 0 0 1.56498 3403.06 17068.8 1.33332e-11 0 40.1715 23260.3 8194.07 1.33332e-11 0.323787 2.25043e-11 59.8625 0 0 0 4096.28 0 0 1021.92 1.35811e+06 1.80435e+06 14028.1 0 1467.49 2.60299e+06 540483 2.38175e-09 0 3.06084e-09 3.26753e-09 0 
$Fmort
 0.249035 0.256793 0.254267
#ESTIMATED_PARAMETERS
$availability
1.35117 1.57328 1.89824 0.164013 0.0132983 
0.171467 0.504951 0.0668249 4.19724 0.0595212 
0.0145782 0.011097 0.00931721 0.0173987 4.94761 
$availabilityVector
 1.35117 0.171467 0.0145782 1.57328 0.504951 0.011097 1.89824 0.0668249 0.00931721 0.164013 4.19724 0.0173987 0.0132983 0.0595212 4.94761
$selectivity
 0.211884 1.36924 1.66483 0.81024 0.943806
$RunSize
 0 0 4965.59 0 0 3.72643e-09 704806 1.31052e+06 3.72643e-09 0 3.72643e-09 7.84053e+06 3.46728e+06 3.72643e-09 0 3.72643e-09 1847.04 0 0 0 3.72643e-09 0 0 8.38447e-08 161948 344049 13013.1 0 3.93139e-07 250576 9.9682e-07 15183.2 0 5.58965e-09 3.72643e-09 0 0 0 3.72643e-09 0 0 4810.4 730406 1.5453e+06 4766.76 0 5533.56 1.27153e+06 439082 3.72643e-09 0 5733.7 3.72643e-09 0 0 0 3.72643e-09 0 0 1670.36 563505 2.32609e+06 3.72643e-09 0 42876.3 3.85162e+06 1.11667e+06 3.72643e-09 345.589 3.72643e-09 8157.89 0 0 0 4671.57 0 0 4367.47 1.65344e+06 2.05775e+06 21948.1 0 6271.77 3.16902e+06 616390 3.72643e-09 0 3.72643e-09 3.72643e-09 0
