$ndistricts
3
$ngroups
90
$nstocks
5
$nagecomps
18
$AgeCompLabels
 0.1 0.2 0.3 0.4 0.5 1.1 1.2 1.3 1.4 1.5 2.1 2.2 2.3 2.4 3.1 3.2 3.3 3.4
$navailpar
15
$nselectpar
5
$GENdata
 -1 -1 -1
$maxGradient
7.8167e-06
#LIKELIHOOD_VALUES_AND_PENALTIES
$totalNLL
766.062
$NLLcatch
0.677374
$NLLescape
-6.79658
$NLLagecompCatch
332.688
$NLLagecompEsc
439.493
$NLLgenetics
0
$NLLselOne
9.49781e-16
$NLLavailOne
1.9451e-09
$NLLextra
2.9e-198
$sigmaCat
0.5
$sigmaEsc
0.1
#OBSERVED_AND_PREDICTED_VALUES
$predEsc
 1.39836e+06 799382 1.10244e+06 1.08154e+06 685397
$obsEsc
 1.45058e+06 782212 1.0781e+06 1.07646e+06 692167
$predCatch
 7.96291e+06 1.08091e+07 4.41105e+06
$obsCatch
 7.96291e+06 1.08091e+07 4.41106e+06
$RunSize
 0 0 3473.73 3.13778e-09 0 198.899 604662 1.10125e+06 3.13778e-09 0 1843.28 932559 1.51175e+06 3.13778e-09 0 3.13778e-09 3.13778e-09 0 0 0 34211.4 3.13778e-09 0 2.824e-08 2.98089e-08 2.24656e+06 4040.84 0 1.09822e-08 7.84445e-09 1.412e-08 1686.07 0 1.412e-08 6.27556e-09 0 0 0 5440.32 3.13778e-09 0 117.092 153558 3.42192e+06 4844.77 0 465.149 134493 792917 3.13778e-09 0 3.13778e-09 3.13778e-09 0 0 0 10645.7 303.923 0 3.13778e-09 233338 2.79636e+06 4942.94 0 37893.1 3.13573e+06 5.81772e+06 424.207 0 12773.5 27630.9 0 0 1050.84 57668.5 3.13778e-09 0 1898.93 313507 3.74737e+06 2423.36 0 8880.77 439421 643378 847.119 0 2.77693e-07 4.70667e-09 0
$SSageCompEsc
 1305 0 1290 1252 1260
$obsAgeCompEsc
0 0 0.000755112 0 0 0.00012094 0.147448 0.240097 0 0 0.00118225 0.250799 0.359598 0 0 0 0 0 
0 0 0 0 0 0 0.601116 0.250188 0 0 0 0.102692 0.0460043 0 0 0 0 0 
0 0 0.00116336 0 0 9.41962e-05 0.0377958 0.734125 0.00110984 0 0.000393381 0.036985 0.188333 0 0 0 0 0 
0 0 0.000484496 0 0 0 0.0232322 0.203747 0.000645995 0 0.0302865 0.264931 0.473898 0 0 0.00077928 0.00199536 0 
0 0.000399202 0.0088906 0 0 0.0023293 0.0862821 0.726355 0.000557219 0 0.0115311 0.0824139 0.0812412 0 0 0 0 0 
$predAgeCompEsc
0 0 0.0008207 7.72589e-16 0 0.000130449 0.149667 0.26018 7.72589e-16 0 0.00120893 0.230829 0.357164 7.72589e-16 0 7.76668e-16 7.41327e-16 0 
0 0 0.0149609 1.42452e-15 0 3.24578e-14 1.35979e-14 0.982439 0.0018345 0 1.26225e-14 3.57839e-15 6.17478e-15 0.00076546 0 6.44111e-15 2.74435e-15 0 
0 0 0.00119968 7.32706e-16 0 9.5543e-05 0.0361185 0.75459 0.00113131 0 0.000379545 0.0316342 0.174851 7.32706e-16 0 7.38041e-16 6.91932e-16 0 
0 0 0.000810624 2.73435e-05 0 2.50553e-15 0.0214165 0.21293 0.000444709 0 0.0302577 0.287807 0.442992 3.81652e-05 0 0.00117239 0.00210397 0 
0 0.000223633 0.0106947 6.57831e-16 0 0.00244775 0.0667182 0.694953 0.000508055 0 0.0114475 0.0935144 0.119315 0.000177597 0 5.90967e-14 8.72857e-16 0 
$SSageCompCatch
 6608 7259 4441
$obsAgeCompCatch
0 0 0.00400959 0 0 0 0.0572467 0.661108 0.000892259 0 0 0.0647207 0.211676 0.000136515 0 9.69336e-05 0.000112832 0 
0 0 0.00242135 5.60062e-05 0 0.000151527 0.0248859 0.307822 0.000185754 0 0.000647336 0.268892 0.391766 9.85676e-05 0 0.0011243 0.00194965 0 
0 0 0.0106073 0 0 0 0.0302987 0.584941 0.000402317 0 0 0.124453 0.247912 0.000314886 0 0.000373802 0.000697178 0 
$predAgeCompCatch
0 4.14866e-06 0.00360455 3.11996e-06 0 3.94097e-06 0.0600762 0.579816 0.000753028 0 6.29372e-05 0.112473 0.24265 0.000130615 0 0.000130608 0.000292372 0 
0 1.33883e-05 0.00173773 2.15092e-05 0 2.56052e-06 0.0253395 0.293509 0.000434595 0 0.000445163 0.233837 0.441726 4.80175e-05 0 0.000902331 0.00198281 0 
0 0.000163184 0.00936672 3.8565e-06 0 4.31721e-05 0.053227 0.642974 0.000456845 0 0.000246981 0.110175 0.182679 0.000141327 0 0.000161432 0.000361551 0 
$genSS
 -1 -1 -1
$obsGenComp     #GeneticFracData
0 0 0 0 0 
0 0 0 0 0 
0 0 0 0 0 
$predGenComp     #catchGenComp_pred
0 0 0 0 0 
0 0 0 0 0 
0 0 0 0 0 
#PARAMETERS_OF_INTEREST
$catchByGroup
0 0 0 
0 0 0 
2051.93 238.229 35.9431 
1.81725e-09 2.08715e-10 3.14608e-11 
0 0 0 
15.0606 1.24167 0.182266 
349277 40059.3 6037.64 
650507 75523.9 11394.8 
1.81725e-09 2.08715e-10 3.14608e-11 
0 0 0 
139.573 11.507 1.68913 
538684 61782.8 9311.74 
892989 103676 15642.2 
1.81725e-09 2.08715e-10 3.14608e-11 
0 0 0 
1.81251e-09 2.0788e-10 3.13312e-11 
1.85348e-09 2.15189e-10 3.24669e-11 
0 0 0 
0 0 0 
0 0 0 
20252.8 1619.93 379.211 
1.82128e-09 1.44056e-10 3.37028e-11 
0 0 0 
2.14559e-09 1.20489e-10 2.77317e-11 
1.72571e-08 1.363e-09 3.18858e-10 
1.32994e+06 106376 24901.7 
2345.45 185.516 43.4025 
0 0 0 
8.34397e-10 4.6857e-11 1.07845e-11 
4.54135e-09 3.58683e-10 8.391e-11 
8.35889e-09 6.6859e-10 1.56511e-10 
978.657 77.4077 18.11 
0 0 0 
8.17443e-09 6.4563e-10 1.51038e-10 
3.71506e-09 2.97151e-10 6.95604e-11 
0 0 0 
0 0 0 
0 0 0 
3623.14 458.132 36.4652 
2.05328e-09 2.5635e-10 2.03789e-11 
0 0 0 
10.7879 0.904419 0.069392 
100250 12495.6 993.193 
2.27893e+06 288161 22936.3 
3170.3 395.807 31.4652 
0 0 0 
42.8547 3.5928 0.27566 
87803.7 10944.2 869.883 
528067 66771.9 5314.74 
2.05328e-09 2.5635e-10 2.03789e-11 
0 0 0 
2.0485e-09 2.55333e-10 2.02948e-11 
2.0897e-09 2.64234e-10 2.10318e-11 
0 0 0 
0 0 0 
0 0 0 
896.992 8257.58 614.458 
24.844 232.495 17.0112 
0 0 0 
2.42505e-11 3.87311e-10 1.64e-11 
18998.4 178169 13007.9 
235617 2.16905e+06 161402 
404.058 3781.25 276.667 
0 0 0 
292.859 4677.32 198.052 
255311 2.39433e+06 174807 
490191 4.51262e+06 335791 
34.6765 324.51 23.7438 
0 0 0 
1040.02 9753.4 712.084 
2328.13 21432.5 1594.82 
0 0 0 
0 0 0 
33.0354 144.715 719.815 
1877.9 8209.48 40251 
9.90461e-11 4.33781e-10 2.15408e-09 
0 0 0 
5.53318 25.5309 190.183 
9855.72 43174.1 214748 
122028 533461 2.61556e+06 
76.4951 335.017 1663.63 
0 0 0 
25.8771 119.401 889.431 
13814.1 60514.2 300998 
20950.8 91589 449060 
26.7399 117.11 581.545 
0 0 0 
8.72987e-09 3.82421e-08 1.90217e-07 
1.53267e-10 6.70024e-10 3.28512e-09 
0 0 0 
$escByGroup
 5e-101 5e-101 1147.63 1.08036e-09 5e-101 182.415 209288 363825 1.08036e-09 5e-101 1690.51 322781 499443 1.08036e-09 5e-101 1.08606e-09 1.03664e-09 5e-101 5e-101 5e-101 11959.5 1.13874e-09 5e-101 2.59462e-08 1.08699e-08 785344 1466.47 5e-101 1.00902e-08 2.86051e-09 4.93601e-09 611.895 5e-101 5.14891e-09 2.19378e-09 5e-101 5e-101 5e-101 1322.58 8.07765e-10 5e-101 105.331 39818.5 831891 1247.2 5e-101 418.426 34874.8 192763 8.07765e-10 5e-101 8.13647e-10 7.62815e-10 5e-101 5e-101 5e-101 876.719 29.573 5e-101 2.70982e-09 23162.7 230291 480.969 5e-101 32724.8 311274 479112 41.2771 5e-101 1267.98 2275.51 5e-101 5e-101 153.277 7330.1 4.50875e-10 5e-101 1677.68 45728.4 476319 348.219 5e-101 7846.06 64094.5 81778.2 121.725 5e-101 4.05047e-08 5.98253e-10 5e-101
$catchByGroup
0 0 2051.93 1.81725e-09 0 15.0606 349277 650507 1.81725e-09 0 139.573 538684 892989 1.81725e-09 0 1.81251e-09 1.85348e-09 0 0 0 20252.8 1.82128e-09 0 2.14559e-09 1.72571e-08 1.32994e+06 2345.45 0 8.34397e-10 4.54135e-09 8.35889e-09 978.657 0 8.17443e-09 3.71506e-09 0 0 0 3623.14 2.05328e-09 0 10.7879 100250 2.27893e+06 3170.3 0 42.8547 87803.7 528067 2.05328e-09 0 2.0485e-09 2.0897e-09 0 0 0 896.992 24.844 0 2.42505e-11 18998.4 235617 404.058 0 292.859 255311 490191 34.6765 0 1040.02 2328.13 0 0 33.0354 1877.9 9.90461e-11 0 5.53318 9855.72 122028 76.4951 0 25.8771 13814.1 20950.8 26.7399 0 8.72987e-09 1.53267e-10 0 
0 0 238.229 2.08715e-10 0 1.24167 40059.3 75523.9 2.08715e-10 0 11.507 61782.8 103676 2.08715e-10 0 2.0788e-10 2.15189e-10 0 0 0 1619.93 1.44056e-10 0 1.20489e-10 1.363e-09 106376 185.516 0 4.6857e-11 3.58683e-10 6.6859e-10 77.4077 0 6.4563e-10 2.97151e-10 0 0 0 458.132 2.5635e-10 0 0.904419 12495.6 288161 395.807 0 3.5928 10944.2 66771.9 2.5635e-10 0 2.55333e-10 2.64234e-10 0 0 0 8257.58 232.495 0 3.87311e-10 178169 2.16905e+06 3781.25 0 4677.32 2.39433e+06 4.51262e+06 324.51 0 9753.4 21432.5 0 0 144.715 8209.48 4.33781e-10 0 25.5309 43174.1 533461 335.017 0 119.401 60514.2 91589 117.11 0 3.82421e-08 6.70024e-10 0 
0 0 35.9431 3.14608e-11 0 0.182266 6037.64 11394.8 3.14608e-11 0 1.68913 9311.74 15642.2 3.14608e-11 0 3.13312e-11 3.24669e-11 0 0 0 379.211 3.37028e-11 0 2.77317e-11 3.18858e-10 24901.7 43.4025 0 1.07845e-11 8.391e-11 1.56511e-10 18.11 0 1.51038e-10 6.95604e-11 0 0 0 36.4652 2.03789e-11 0 0.069392 993.193 22936.3 31.4652 0 0.27566 869.883 5314.74 2.03789e-11 0 2.02948e-11 2.10318e-11 0 0 0 614.458 17.0112 0 1.64e-11 13007.9 161402 276.667 0 198.052 174807 335791 23.7438 0 712.084 1594.82 0 0 719.815 40251 2.15408e-09 0 190.183 214748 2.61556e+06 1663.63 0 889.431 300998 449060 581.545 0 1.90217e-07 3.28512e-09 0 
$Fmort
 0.602867 0.371995 0.257581
#ESTIMATED_PARAMETERS
$availability
1.48515 1.49041 1.82307 0.146338 0.0550396 
0.191422 0.130699 0.23702 4.0271 0.413765 
0.0404721 0.0433719 0.0261694 0.231335 4.65865 
$availabilityVector
 1.48515 0.191422 0.0404721 1.49041 0.130699 0.0433719 1.82307 0.23702 0.0261694 0.146338 4.0271 0.231335 0.0550396 0.413765 4.65865
$selectivity
 0.0879432 0.962637 0.997714 0.966639 1.98507
$RunSize
 0 0 3473.73 3.13778e-09 0 198.899 604662 1.10125e+06 3.13778e-09 0 1843.28 932559 1.51175e+06 3.13778e-09 0 3.13778e-09 3.13778e-09 0 0 0 34211.4 3.13778e-09 0 2.824e-08 2.98089e-08 2.24656e+06 4040.84 0 1.09822e-08 7.84445e-09 1.412e-08 1686.07 0 1.412e-08 6.27556e-09 0 0 0 5440.32 3.13778e-09 0 117.092 153558 3.42192e+06 4844.77 0 465.149 134493 792917 3.13778e-09 0 3.13778e-09 3.13778e-09 0 0 0 10645.7 303.923 0 3.13778e-09 233338 2.79636e+06 4942.94 0 37893.1 3.13573e+06 5.81772e+06 424.207 0 12773.5 27630.9 0 0 1050.84 57668.5 3.13778e-09 0 1898.93 313507 3.74737e+06 2423.36 0 8880.77 439421 643378 847.119 0 2.77693e-07 4.70667e-09 0
