$ndistricts
3
$ngroups
90
$nstocks
5
$nagecomps
18
$AgeCompLabels
 0.1 0.2 0.3 0.4 0.5 1.1 1.2 1.3 1.4 1.5 2.1 2.2 2.3 2.4 3.1 3.2 3.3 3.4
$navailpar
15
$nselectpar
5
$GENdata
 1 1 -1
$maxGradient
0.0475336
#LIKELIHOOD_VALUES_AND_PENALTIES
$totalNLL
1110.14
$NLLcatch
0.677374
$NLLescape
-6.91515
$NLLagecompCatch
404.611
$NLLagecompEsc
516.383
$NLLgenetics
195.385
$NLLselOne
3.3774e-10
$NLLavailOne
1.43606e-07
$NLLextra
2.4e-198
$sigmaCat
0.5
$sigmaEsc
0.1
#OBSERVED_AND_PREDICTED_VALUES
$predEsc
 1.50272e+06 556229 1.02655e+06 1.10708e+06 651893
$obsEsc
 1.50373e+06 556193 1.02566e+06 1.104e+06 656641
$predCatch
 362889 7.51739e+06 1.40269e+06
$obsCatch
 362889 7.51739e+06 1.40269e+06
$RunSize
 0 0.000127656 1.84435e-05 0.000136884 0 1671.47 989828 273868 10954.9 0 613.508 684235 216041 1039.74 0 3.55379e-06 6.68507e-05 0 0 8.91734e-05 9600.37 752.886 0 534984 886.848 138626 0.000568635 0 0 0.000460344 48833.7 0.000230356 0 2373.58 1459.36 0 0 1.271e-05 3.44006e-06 0.00038321 0 3901.66 292020 629500 52292.5 0 11387.1 232912 355680 13216.9 1274.58 4.67146e-06 4.95852e-06 0 0 121.589 0.00195002 1506.09 0 7132.51 108493 490248 23241.3 0 28201.5 4.2225e+06 2.37245e+06 29965.5 2213.39 8361.16 17806.5 0 0 1.88074e-05 2307.13 964.659 0 17753.3 375274 772480 17625.2 0 4606.89 860507 254300 1423.71 0 4.81578e-07 1.40081e-06 0
$SSageCompEsc
 1190 0 1013 1545 1245
$obsAgeCompEsc
0 0 0 0 0 0.00110972 0.457348 0.115221 0.00483337 0 0.000408222 0.329873 0.0906673 0.000539361 0 0 0 0 
0 0 0 0 0 0 0.601116 0.250188 0 0 0 0.102692 0.0460043 0 0 0 0 0 
0 0 0 0 0 0.00379983 0.192536 0.376119 0.0326323 0 0.0111003 0.161246 0.211512 0.00981183 0.00124271 0 0 0 
0 0 0 0 0 0.00643495 0.0187452 0.0438356 0.000818585 0 0.0254498 0.673161 0.226501 0.00107094 0.00199679 0.000818585 0.00116801 0 
0 0 0.00122827 0 0 0.0269933 0.227583 0.256573 0.000404486 0 0.00700514 0.398601 0.0816121 0 0 0 0 0 
$predAgeCompEsc
0 5.98275e-11 7.88406e-12 5.12675e-11 0 0.00111126 0.463893 0.117071 0.00410297 0 0.000407886 0.320673 0.0923513 0.000389417 0 1.66552e-12 2.85767e-11 0 
0 3.47175e-11 0.00194517 2.0518e-09 0 0.958508 0.000345272 0.0280876 1.54967e-15 0 0 1.79224e-10 0.00989437 6.27777e-16 0 0.000924096 0.000295686 0 
0 8.52495e-12 2.08635e-12 2.00622e-10 0 0.00379708 0.195865 0.381784 0.0273767 0 0.0110818 0.15622 0.215715 0.00691944 0.00124042 3.13327e-12 3.00728e-12 0 
0 1.94859e-05 1.82171e-10 4.65218e-05 0 0.00641392 0.0173872 0.0457988 0.000717902 0 0.0253602 0.676703 0.221634 0.000925609 0.00199039 0.00133997 0.00166348 0 
0 9.53611e-12 0.000755368 0.000108997 0 0.0271679 0.190279 0.252915 0.00199147 0 0.00704996 0.436312 0.0832597 0.000160865 0 2.44179e-13 4.58635e-13 0 
$SSageCompCatch
 3049 5146 2220
$obsAgeCompCatch
0 0 0.00375075 0.0003805 0 0.000700535 0.248465 0.314511 0.0169593 0 0 0.198977 0.212381 0.00244879 0 0.000682594 0.00074406 0 
0 3.65159e-05 0.00109915 0.000362058 0 0.000113651 0.0574913 0.132727 0.00594324 0 0 0.495237 0.297541 0.00421224 0 0.00198876 0.00324829 0 
0 0 0.000420834 0.000597476 0 0 0.0904018 0.305797 0.0106946 0 0 0.424702 0.165253 0.00213289 0 0 0 0 
$predAgeCompCatch
0 1.39361e-06 0.00366512 0.000384318 0 0.000503254 0.235453 0.307113 0.0230077 0 9.56337e-06 0.218256 0.204148 0.00581027 1.00639e-06 0.000836714 0.0008097 0 
0 1.27447e-05 0.00102335 0.000303607 0 0.000224812 0.0606244 0.126985 0.00624416 0 1.78666e-05 0.493922 0.303088 0.00430113 1.4014e-06 0.00108618 0.00216638 0 
0 2.64051e-06 0.000934031 0.000484271 0 2.89221e-05 0.130942 0.313424 0.00888491 0 7.60005e-06 0.379351 0.163562 0.00170117 1.46514e-07 0.000191363 0.000485087 0 
$genSS
 326 323 -1
$obsGenComp     #GeneticFracData
0.372326 0.0754461 0.455598 0.0947511 0.00187833 
0.0719336 0.0196741 0.0531817 0.785634 0.0695768 
0 0 0 0 0 
$predGenComp     #catchGenComp_pred
0.373678 0.0776185 0.455218 0.0916267 0.00185872 
0.0701722 0.020175 0.0524098 0.788672 0.0685706 
0 0 0 0 0 
#PARAMETERS_OF_INTEREST
$catchByGroup
0 0 0 
7.54104e-06 2.95223e-05 6.89031e-07 
1.34098e-06 5.13161e-06 1.23333e-07 
1.2456e-05 4.62313e-05 1.15589e-06 
0 0 0 
0.286774 1.23834 0.0254919 
58472 228911 5342.64 
19912.2 76199.6 1831.39 
996.859 3699.93 92.5067 
0 0 0 
0.10526 0.45453 0.00935672 
40419.7 158238 3693.18 
15707.8 60110 1444.69 
94.6128 351.164 8.7799 
0 0 0 
2.09933e-07 8.21862e-07 1.91817e-08 
4.86053e-06 1.86001e-05 4.47037e-07 
0 0 0 
0 0 0 
1.01008e-05 5.9246e-05 5.15703e-07 
1329.27 7120.36 68.7819 
129.26 616.814 6.81105 
0 0 0 
181.203 1643.45 8.74372 
100.454 589.214 5.12877 
19194.3 102816 993.189 
9.76269e-05 0.000465863 5.14421e-06 
0 0 0 
0 0 0 
5.21438e-05 0.000305849 2.66224e-06 
6761.54 36218.7 349.869 
3.95489e-05 0.000188722 2.08393e-06 
0 0 0 
268.859 1576.99 13.7268 
202.063 1082.37 10.4556 
0 0 0 
0 0 0 
1.14557e-06 2.76878e-06 4.44014e-08 
3.80134e-07 9.03292e-07 1.48921e-08 
5.27176e-05 0.000122449 2.09551e-06 
0 0 0 
1.03837 2.70046 0.0384762 
26320.2 63614.2 1020.14 
69561 165294 2725.13 
7193.79 16709.3 285.951 
0 0 0 
3.03052 7.88136 0.112294 
20992.7 50738.2 813.658 
39303.3 93394.5 1539.75 
1818.23 4223.26 72.2741 
0.339213 0.88218 0.0125693 
4.21046e-07 1.01764e-06 1.63193e-08 
5.47927e-07 1.30201e-06 2.14656e-08 
0 0 0 
0 0 0 
0.505708 95.8066 3.70381 
1.00497e-05 0.00166492 7.337e-05 
9.80345 1373.52 71.262 
0 0 0 
0.0837699 31.1052 0.621751 
451.242 85488 3304.9 
2526.56 418573 18445.7 
151.282 21195.5 1099.68 
0 0 0 
0.331221 122.988 2.45836 
17562.1 3.32715e+06 128625 
12226.7 2.02559e+06 89263.9 
195.052 27327.9 1417.85 
0.0259958 9.65268 0.192944 
34.7756 6588.24 254.697 
91.7681 15203.1 669.972 
0 0 0 
0 0 0 
4.98863e-09 3.8657e-06 8.72019e-06 
0.758635 572.573 1241.37 
0.400891 291.995 601.209 
0 0 0 
0.0132716 11.5075 31.1393 
99.5407 77134.4 173998 
254.009 191711 415641 
7.32465 5335.02 10984.6 
0 0 0 
0.00344392 2.98614 8.0805 
228.248 176870 398980 
83.6197 63111.2 136829 
0.591664 430.947 887.307 
0 0 0 
1.27737e-10 9.89842e-08 2.23287e-07 
4.60618e-10 3.47647e-07 7.53721e-07 
0 0 0 
$escByGroup
 5e-101 8.99042e-05 1.18476e-05 7.70409e-05 5e-101 1669.92 697103 175925 6165.64 5e-101 612.939 481884 138778 585.187 5e-101 2.50282e-06 4.29429e-05 5e-101 5e-101 1.93109e-05 1081.96 0.00114127 5e-101 533150 192.051 15623.1 8.61974e-10 5e-101 5e-101 9.96895e-05 5503.54 3.49188e-10 5e-101 514.009 164.469 5e-101 5e-101 8.75128e-06 2.14175e-06 0.000205948 5e-101 3897.88 201065 391920 28103.5 5e-101 11376.1 160368 221442 7103.14 1273.35 3.21645e-06 3.08712e-06 5e-101 5e-101 21.5724 0.000201677 51.5032 5e-101 7100.7 19249 50702.9 794.773 5e-101 28075.8 749162 245366 1024.72 2203.52 1483.45 1841.6 5e-101 5e-101 6.21653e-06 492.42 71.0541 5e-101 17710.6 124042 164874 1298.22 5e-101 4595.82 284429 54276.4 104.867 5e-101 1.59179e-07 2.98981e-07 5e-101
$catchByGroup
0 7.54104e-06 1.34098e-06 1.2456e-05 0 0.286774 58472 19912.2 996.859 0 0.10526 40419.7 15707.8 94.6128 0 2.09933e-07 4.86053e-06 0 0 1.01008e-05 1329.27 129.26 0 181.203 100.454 19194.3 9.76269e-05 0 0 5.21438e-05 6761.54 3.95489e-05 0 268.859 202.063 0 0 1.14557e-06 3.80134e-07 5.27176e-05 0 1.03837 26320.2 69561 7193.79 0 3.03052 20992.7 39303.3 1818.23 0.339213 4.21046e-07 5.47927e-07 0 0 0.505708 1.00497e-05 9.80345 0 0.0837699 451.242 2526.56 151.282 0 0.331221 17562.1 12226.7 195.052 0.0259958 34.7756 91.7681 0 0 4.98863e-09 0.758635 0.400891 0 0.0132716 99.5407 254.009 7.32465 0 0.00344392 228.248 83.6197 0.591664 0 1.27737e-10 4.60618e-10 0 
0 2.95223e-05 5.13161e-06 4.62313e-05 0 1.23834 228911 76199.6 3699.93 0 0.45453 158238 60110 351.164 0 8.21862e-07 1.86001e-05 0 0 5.9246e-05 7120.36 616.814 0 1643.45 589.214 102816 0.000465863 0 0 0.000305849 36218.7 0.000188722 0 1576.99 1082.37 0 0 2.76878e-06 9.03292e-07 0.000122449 0 2.70046 63614.2 165294 16709.3 0 7.88136 50738.2 93394.5 4223.26 0.88218 1.01764e-06 1.30201e-06 0 0 95.8066 0.00166492 1373.52 0 31.1052 85488 418573 21195.5 0 122.988 3.32715e+06 2.02559e+06 27327.9 9.65268 6588.24 15203.1 0 0 3.8657e-06 572.573 291.995 0 11.5075 77134.4 191711 5335.02 0 2.98614 176870 63111.2 430.947 0 9.89842e-08 3.47647e-07 0 
0 6.89031e-07 1.23333e-07 1.15589e-06 0 0.0254919 5342.64 1831.39 92.5067 0 0.00935672 3693.18 1444.69 8.7799 0 1.91817e-08 4.47037e-07 0 0 5.15703e-07 68.7819 6.81105 0 8.74372 5.12877 993.189 5.14421e-06 0 0 2.66224e-06 349.869 2.08393e-06 0 13.7268 10.4556 0 0 4.44014e-08 1.48921e-08 2.09551e-06 0 0.0384762 1020.14 2725.13 285.951 0 0.112294 813.658 1539.75 72.2741 0.0125693 1.63193e-08 2.14656e-08 0 0 3.70381 7.337e-05 71.262 0 0.621751 3304.9 18445.7 1099.68 0 2.45836 128625 89263.9 1417.85 0.192944 254.697 669.972 0 0 8.72019e-06 1241.37 601.209 0 31.1393 173998 415641 10984.6 0 8.0805 398980 136829 887.307 0 2.23287e-07 7.53721e-07 0 
$Fmort
 0.0775588 0.936714 0.185213
#ESTIMATED_PARAMETERS
$availability
1.08735 2.14679 1.68676 0.0744283 0.00473735 
0.388882 1.61435 0.36329 2.29326 0.340218 
0.0404721 0.0433719 0.0261694 0.231335 4.65865 
$availabilityVector
 1.08735 0.388882 0.0404721 2.14679 1.61435 0.0433719 1.68676 0.36329 0.0261694 0.0744283 2.29326 0.231335 0.00473735 0.340218 4.65865
$selectivity
 0.0020346 0.722009 0.895089 1.1313 2.24957
$RunSize
 0 0.000127656 1.84435e-05 0.000136884 0 1671.47 989828 273868 10954.9 0 613.508 684235 216041 1039.74 0 3.55379e-06 6.68507e-05 0 0 8.91734e-05 9600.37 752.886 0 534984 886.848 138626 0.000568635 0 0 0.000460344 48833.7 0.000230356 0 2373.58 1459.36 0 0 1.271e-05 3.44006e-06 0.00038321 0 3901.66 292020 629500 52292.5 0 11387.1 232912 355680 13216.9 1274.58 4.67146e-06 4.95852e-06 0 0 121.589 0.00195002 1506.09 0 7132.51 108493 490248 23241.3 0 28201.5 4.2225e+06 2.37245e+06 29965.5 2213.39 8361.16 17806.5 0 0 1.88074e-05 2307.13 964.659 0 17753.3 375274 772480 17625.2 0 4606.89 860507 254300 1423.71 0 4.81578e-07 1.40081e-06 0
