$ndistricts
3
$ngroups
90
$nstocks
5
$nagecomps
18
$AgeCompLabels
 0.1 0.2 0.3 0.4 0.5 1.1 1.2 1.3 1.4 1.5 2.1 2.2 2.3 2.4 3.1 3.2 3.3 3.4
$navailpar
15
$nselectpar
5
$GENdata
 1 -1 -1
$maxGradient
4.29854e-06
#LIKELIHOOD_VALUES_AND_PENALTIES
$totalNLL
889.109
$NLLcatch
0.677374
$NLLescape
-6.7656
$NLLagecompCatch
323.857
$NLLagecompEsc
475.736
$NLLgenetics
95.6046
$NLLselOne
1.37874e-15
$NLLavailOne
2.78628e-10
$NLLextra
4.7e-198
$sigmaCat
0.5
$sigmaEsc
0.1
#OBSERVED_AND_PREDICTED_VALUES
$predEsc
 1.26019e+07 100535 2.02227e+06 1.21687e+06 429205
$obsEsc
 1.31404e+07 100480 2.02669e+06 1.17384e+06 429336
$predCatch
 3.08542e+06 964024 14558
$obsCatch
 3.08542e+06 964024 14558
$RunSize
 0 0 0 0 0 3931.2 290810 36526.5 0 0 40737.6 1.38133e+07 495786 4.64846e-09 0 11006.2 1764.27 0 0 0 0 0 0 1370.79 27035.8 54835.8 0 0 0 7800.16 14573.8 2.32423e-09 0 2.32423e-09 2.32423e-09 0 0 0 0 0 0 2747.37 327207 263316 0 0 16187.8 1.4503e+06 943177 2.32423e-09 0 1919.18 4.64846e-09 0 0 0 0 0 0 2.32423e-09 20308.5 77325.1 0 0 3174.26 540998 1.12461e+06 8210.61 0 354771 8659.03 0 0 0 0 0 0 2.32423e-09 181157 2622.38 0 0 0 284150 22912.3 129.291 0 1385.28 2.32423e-09 0
$SSageCompEsc
 2471 167 1259 1083 1442
$obsAgeCompEsc
0 0 0 0 0 0 0.0156137 0.00188088 0 0 0.00341769 0.941034 0.0371086 0 0 0.000944663 0 0 
0 0 0 0 0 0.0135436 0.257423 0.51708 0 0 0 0.0743071 0.137647 0 0 0 0 0 
0 0 0 0 0 0.000764843 0.101111 0.0795755 0 0 0.00790217 0.492619 0.317263 0 0 0.000764843 0 0 
0 0 0 0 0 0 0.0108303 0.0268612 0 0 0.0027272 0.307862 0.506925 0.00507137 0 0.13499 0.00473233 0 
0 0 0 0 0 0 0.357188 0.00257754 0 0 0 0.588257 0.0493909 0.000383156 0 0.00220313 0 0 
$predAgeCompEsc
0 0 0 0 0 0.000305931 0.0198044 0.00241225 0 0 0.00317026 0.940699 0.0327423 3.35814e-16 0 0.000749534 0.000116514 0 
0 0 0 0 0 0.013558 0.257326 0.517371 0 0 0 0.0742418 0.137503 2.24998e-14 0 2.2122e-14 2.19289e-14 0 
0 0 0 0 0 0.00129651 0.111872 0.0835193 0 0 0.00763923 0.495858 0.299159 9.17001e-16 0 0.000656166 1.47441e-15 0 
0 0 0 0 0 1.80084e-15 0.0101053 0.0342803 0 0 0.00245945 0.269194 0.498572 0.00501967 0 0.17653 0.00383878 0 
0 0 0 0 0 5.3241e-15 0.368462 0.00518611 0 0 0 0.577944 0.0453121 0.00027734 0 0.00281759 4.59647e-15 0 
$SSageCompCatch
 1343 1342 266
$obsAgeCompCatch
0 0 0 0 0 0.000934286 0.0645619 0.0352666 0 0 0 0.755517 0.139196 0 0 0.00327484 0.00124873 0 
0 0 0 0 0 0 0.0208172 0.0398769 0 0 0 0.339425 0.442644 0.00221429 0 0.152807 0.00221429 0 
0 0 0 0 0 0 0.255639 0.0225564 0 0 0 0.56391 0.12406 0 0 0.0338346 0 0 
$predAgeCompCatch
0 0 0 0 0 6.22853e-05 0.0479601 0.034484 0 0 0.00046994 0.727002 0.175788 0.000190873 0 0.0135849 0.000458358 0 
0 0 0 0 0 1.73692e-05 0.0237169 0.0339987 0 0 0.000265142 0.419742 0.413984 0.00157391 0 0.103736 0.00296594 0 
0 0 0 0 0 1.06309e-05 0.244253 0.0138029 0 0 0.000102726 0.576147 0.13935 0.000437107 0 0.0251933 0.000703136 0 
$genSS
 276 -1 -1
$obsGenComp     #GeneticFracData
0.587703 0.00110508 0.3044 0.0963432 0.0104481 
0 0 0 0 0 
0 0 0 0 0 
$predGenComp     #catchGenComp_pred
0.60275 0.00123235 0.298247 0.085745 0.0120255 
0 0 0 0 0 
0 0 0 0 0 
#PARAMETERS_OF_INTEREST
$catchByGroup
0 0 0 
0 0 0 
0 0 0 
0 0 0 
0 0 0 
67.8394 7.96101 0.0847761 
36660.7 4527.74 48.542 
5440.64 679.645 7.29761 
0 0 0 
0 0 0 
702.996 82.4972 0.878505 
1.74137e+06 215066 2305.72 
73847.5 9225.04 99.0528 
3.71244e-10 4.48391e-11 4.793e-13 
0 0 0 
1387.49 171.361 1.83716 
262.789 32.8276 0.352482 
0 0 0 
0 0 0 
0 0 0 
0 0 0 
0 0 0 
0 0 0 
5.79644 1.89598 0.031679 
872.446 288.119 4.83613 
2111.25 698.73 11.7405 
0 0 0 
0 0 0 
0 0 0 
251.711 83.1258 1.39528 
561.112 185.703 3.1203 
4.66192e-11 1.53312e-11 2.5682e-13 
0 0 0 
7.50029e-11 2.47692e-11 4.15755e-13 
8.94858e-11 2.96159e-11 4.97623e-13 
0 0 0 
0 0 0 
0 0 0 
0 0 0 
0 0 0 
0 0 0 
118.54 6.8873 0.0383094 
94640.1 6296.21 35.3169 
88330.6 6053.09 34.0176 
0 0 0 
0 0 0 
698.455 40.5809 0.225724 
419480 27907.1 156.537 
316393 21681.7 121.848 
4.41925e-10 2.77281e-11 1.54962e-13 
0 0 0 
555.096 36.9294 0.207145 
1.55935e-09 1.06858e-10 6.0053e-13 
0 0 0 
0 0 0 
0 0 0 
0 0 0 
0 0 0 
0 0 0 
3.55192e-11 9.70366e-11 2.86478e-13 
2282.26 5710.04 19.3688 
10282.3 25239.8 88.2621 
0 0 0 
0 0 0 
48.5094 132.525 0.39125 
60797 152109 515.964 
149546 367087 1283.68 
582.875 1514.6 4.83787 
0 0 0 
39869 99749.2 338.355 
1151.43 2826.4 9.88377 
0 0 0 
0 0 0 
0 0 0 
0 0 0 
0 0 0 
0 0 0 
2.31748e-11 1.01619e-11 5.76233e-12 
13521.4 6041.54 3447.77 
232.521 104.332 59.6254 
0 0 0 
0 0 0 
0 0 0 
21208.7 9476.34 5407.93 
2031.59 911.571 520.959 
6.049 2.68065 1.52552 
0 0 0 
103.396 46.1989 26.3646 
2.06085e-10 9.247e-11 5.28463e-11 
0 0 0 
$escByGroup
 5e-101 5e-101 5e-101 5e-101 5e-101 3855.31 249573 30398.9 5e-101 5e-101 39951.3 1.18546e+07 412615 4.2319e-09 5e-101 9445.55 1468.3 5e-101 5e-101 5e-101 5e-101 5e-101 5e-101 1363.06 25870.4 52014 5e-101 5e-101 5e-101 7463.92 13823.9 2.26202e-09 5e-101 2.22404e-09 2.20463e-09 5e-101 5e-101 5e-101 5e-101 5e-101 5e-101 2621.9 226235 168898 5e-101 5e-101 15448.6 1.00276e+06 604980 1.85442e-09 5e-101 1326.94 2.98165e-09 5e-101 5e-101 5e-101 5e-101 5e-101 5e-101 2.19139e-09 12296.9 41714.7 5e-101 5e-101 2992.83 327575 606698 6108.29 5e-101 214815 4671.3 5e-101 5e-101 5e-101 5e-101 5e-101 5e-101 2.28513e-09 158146 2225.9 5e-101 5e-101 5e-101 248057 19448.2 119.036 5e-101 1209.32 1.97283e-09 5e-101
$catchByGroup
0 0 0 0 0 67.8394 36660.7 5440.64 0 0 702.996 1.74137e+06 73847.5 3.71244e-10 0 1387.49 262.789 0 0 0 0 0 0 5.79644 872.446 2111.25 0 0 0 251.711 561.112 4.66192e-11 0 7.50029e-11 8.94858e-11 0 0 0 0 0 0 118.54 94640.1 88330.6 0 0 698.455 419480 316393 4.41925e-10 0 555.096 1.55935e-09 0 0 0 0 0 0 3.55192e-11 2282.26 10282.3 0 0 48.5094 60797 149546 582.875 0 39869 1151.43 0 0 0 0 0 0 2.31748e-11 13521.4 232.521 0 0 0 21208.7 2031.59 6.049 0 103.396 2.06085e-10 0 
0 0 0 0 0 7.96101 4527.74 679.645 0 0 82.4972 215066 9225.04 4.48391e-11 0 171.361 32.8276 0 0 0 0 0 0 1.89598 288.119 698.73 0 0 0 83.1258 185.703 1.53312e-11 0 2.47692e-11 2.96159e-11 0 0 0 0 0 0 6.8873 6296.21 6053.09 0 0 40.5809 27907.1 21681.7 2.77281e-11 0 36.9294 1.06858e-10 0 0 0 0 0 0 9.70366e-11 5710.04 25239.8 0 0 132.525 152109 367087 1514.6 0 99749.2 2826.4 0 0 0 0 0 0 1.01619e-11 6041.54 104.332 0 0 0 9476.34 911.571 2.68065 0 46.1989 9.247e-11 0 
0 0 0 0 0 0.0847761 48.542 7.29761 0 0 0.878505 2305.72 99.0528 4.793e-13 0 1.83716 0.352482 0 0 0 0 0 0 0.031679 4.83613 11.7405 0 0 0 1.39528 3.1203 2.5682e-13 0 4.15755e-13 4.97623e-13 0 0 0 0 0 0 0.0383094 35.3169 34.0176 0 0 0.225724 156.537 121.848 1.54962e-13 0 0.207145 6.0053e-13 0 0 0 0 0 0 2.86478e-13 19.3688 88.2621 0 0 0.39125 515.964 1283.68 4.83787 0 338.355 9.88377 0 0 0 0 0 0 5.76233e-12 3447.77 59.6254 0 0 0 5407.93 520.959 1.52552 0 26.3646 5.28463e-11 0 
$Fmort
 0.116371 0.0675849 0.0034006
#ESTIMATED_PARAMETERS
$availability
0.954647 0.232393 2.41882 0.84457 0.549569 
0.191422 0.130699 0.23702 4.0271 0.413765 
0.0404721 0.0433719 0.0261694 0.231335 4.65865 
$availabilityVector
 0.954647 0.191422 0.0404721 0.232393 0.130699 0.0433719 2.41882 0.23702 0.0261694 0.84457 4.0271 0.231335 0.549569 0.413765 4.65865
$selectivity
 0.15669 1.21293 1.45179 0.749221 1.42937
$RunSize
 0 0 0 0 0 3931.2 290810 36526.5 0 0 40737.6 1.38133e+07 495786 4.64846e-09 0 11006.2 1764.27 0 0 0 0 0 0 1370.79 27035.8 54835.8 0 0 0 7800.16 14573.8 2.32423e-09 0 2.32423e-09 2.32423e-09 0 0 0 0 0 0 2747.37 327207 263316 0 0 16187.8 1.4503e+06 943177 2.32423e-09 0 1919.18 4.64846e-09 0 0 0 0 0 0 2.32423e-09 20308.5 77325.1 0 0 3174.26 540998 1.12461e+06 8210.61 0 354771 8659.03 0 0 0 0 0 0 2.32423e-09 181157 2622.38 0 0 0 284150 22912.3 129.291 0 1385.28 2.32423e-09 0
