$ndistricts
3
$ngroups
90
$nstocks
5
$nagecomps
18
$AgeCompLabels
 0.1 0.2 0.3 0.4 0.5 1.1 1.2 1.3 1.4 1.5 2.1 2.2 2.3 2.4 3.1 3.2 3.3 3.4
$navailpar
15
$nselectpar
5
$GENdata
 -1 -1 -1
$maxGradient
0.000148016
#LIKELIHOOD_VALUES_AND_PENALTIES
$totalNLL
973.019
$NLLcatch
0.677374
$NLLescape
-6.87862
$NLLagecompCatch
390.501
$NLLagecompEsc
588.719
$NLLgenetics
0
$NLLselOne
5.39816e-15
$NLLavailOne
1.9451e-09
$NLLextra
3.92752e-08
$sigmaCat
0.5
$sigmaEsc
0.1
#OBSERVED_AND_PREDICTED_VALUES
$predEsc
 1.01449e+06 148968 590734 541049 81043.2
$obsEsc
 1.00996e+06 151188 586518 546402 79428
$predCatch
 1.10236e+06 839820 17440
$obsCatch
 1.10236e+06 839820 17440
$RunSize
 0 0 2.40537e-09 723.066 0 1.08723e-07 224814 240637 2.88644e-09 0 0 741115 386742 2.88644e-09 0 2.40537e-09 5.05127e-09 0 0 0 4.81073e-10 9.62147e-10 0 5.29181e-09 135051 38659.8 7.2161e-10 0 0 43828.7 6531.03 7.2161e-10 0 4.81073e-10 4.81073e-10 0 0 0 1.92429e-09 1.05836e-07 0 1.67173e-07 94609.8 391017 2241.44 0 0 247499 363170 1.92429e-09 0 1.68376e-09 3.12698e-09 0 0 0 748.706 1.44322e-09 0 1.62603e-07 15163.7 140398 775.213 0 0 556573 581240 755.046 0 7167.59 16962.2 0 0 0 4.81073e-10 4.81073e-10 0 82.8569 12831.7 41399.1 172.087 0 0 31922.3 13079 4.81073e-10 0 4.81073e-10 4.81073e-10 0
$SSageCompEsc
 635 240 1475 970 672
$obsAgeCompEsc
0 0 0 0 0 0 0.174701 0.144554 0 0 0 0.485852 0.194893 0 0 0 0 0 
0 0 0 0 0 0 0.625625 0.151789 0 0 0 0.197576 0.0250096 0 0 0 0 0 
0 0 0 0 0 0 0.111746 0.348531 0.00233359 0 0 0.257101 0.280289 0 0 0 0 0 
0 0 0 0 0 0 0.0123745 0.0803945 0 0 0 0.510835 0.386989 0 0 0.00120798 0.00819932 0 
0 0 0 0 0 0 0.123764 0.422167 0.000928036 0 0 0.301539 0.151602 0 0 0 0 0 
$predAgeCompEsc
0 0 1.36769e-15 0.000282321 0 -1.84345e-14 0.149652 0.136826 1.12701e-15 0 0 0.493338 0.219902 1.12701e-15 0 1.60118e-15 2.87216e-15 0 
0 0 1.90161e-15 2.68261e-15 0 -3.8286e-15 0.620118 0.152817 2.01195e-15 0 0 0.201249 0.0258163 2.01195e-15 0 2.20895e-15 1.90161e-15 0 
0 0 1.64018e-15 5.50182e-14 0 -6.88983e-14 0.098451 0.333286 0.0011652 0 0 0.257548 0.30955 1.00033e-15 0 1.75212e-15 2.6653e-15 0 
0 0 0.000490065 4.09629e-16 0 -8.1458e-14 0.0135062 0.0918971 0.000220029 0 0 0.495736 0.38045 0.000214305 0 0.00638412 0.0111026 0 
0 0 4.69247e-15 3.99571e-15 0 -7.7329e-10 0.133949 0.403814 0.00142932 0 0 0.333233 0.127574 3.99571e-15 0 5.02187e-15 4.69247e-15 0 
$SSageCompCatch
 934 1400 617
$obsAgeCompCatch
0 0 0 0.000756098 0 0 0.0701597 0.235968 0 0 0 0.315033 0.377137 0 0 0 0.000946855 0 
0 0 0.00127254 0 0 0 0.0264625 0.15814 0.0011316 0 0 0.29343 0.487562 0.001317 0 0.0110006 0.0196837 0 
0 0 0 0 0 0.00231482 0.094039 0.304139 0.00279582 0 0 0.38623 0.210481 0 0 0 0 0 
$predAgeCompCatch
0 0 3.12728e-05 0.000351485 0 7.50921e-06 0.126263 0.260436 0.0012964 0 0 0.304176 0.306461 4.98928e-05 0 0.000218686 0.000708494 0 
0 0 0.00052992 5.72623e-05 0 4.17639e-05 0.0255184 0.141179 0.000952434 0 0 0.360228 0.454698 0.000687721 0 0.00410119 0.0120055 0 
0 0 0.000231971 6.30076e-05 0 0.00226519 0.076415 0.317935 0.00209573 0 0 0.301996 0.291755 0.000374731 0 0.00161296 0.00525537 0 
$genSS
 -1 -1 -1
$obsGenComp     #GeneticFracData
0 0 0 0 0 
0 0 0 0 0 
0 0 0 0 0 
$predGenComp     #catchGenComp_pred
0 0 0 0 0 
0 0 0 0 0 
0 0 0 0 0 
#PARAMETERS_OF_INTEREST
$catchByGroup
0 0 0 
0 0 0 
9.1458e-10 1.00996e-10 2.27895e-12 
387.465 48.09 1.09885 
0 0 0 
1.02371e-07 2.44427e-08 6.10112e-10 
65948 6891.1 154.61 
91496 10103.8 227.989 
1.54674e-09 1.91973e-10 4.38656e-12 
0 0 0 
0 0 0 
217402 22717 509.684 
147049 16238.4 366.416 
1.54674e-09 1.91973e-10 4.38656e-12 
0 0 0 
7.05602e-10 7.37305e-11 1.65423e-12 
1.92062e-09 2.12091e-10 4.78579e-12 
0 0 0 
0 0 0 
0 0 0 
1.8342e-10 1.38852e-11 4.8843e-13 
5.1679e-10 4.41667e-11 1.56687e-12 
0 0 0 
4.98577e-09 8.44562e-10 3.1817e-11 
39733.7 2840.41 99.5305 
14739.9 1115.83 39.251 
3.87593e-10 3.3125e-11 1.17515e-12 
0 0 0 
0 0 0 
12894.9 921.809 32.301 
2490.1 188.505 6.63091 
3.87593e-10 3.3125e-11 1.17515e-12 
0 0 0 
1.41537e-10 1.0118e-11 3.54543e-13 
1.8342e-10 1.38852e-11 4.8843e-13 
0 0 0 
0 0 0 
0 0 0 
8.54665e-10 9.95373e-11 1.17906e-12 
6.45854e-08 8.64551e-09 1.04028e-10 
0 0 0 
1.62056e-07 4.52109e-08 6.07192e-10 
32831.8 3577.63 42.0768 
173668 20226 239.585 
1367.81 183.098 2.20315 
0 0 0 
0 0 0 
85887.8 9359.07 110.073 
161300 18785.6 222.523 
1.17428e-09 1.57191e-10 1.89142e-12 
0 0 0 
5.84302e-10 6.36705e-11 7.48834e-13 
1.38883e-09 1.61748e-10 1.91597e-12 
0 0 0 
0 0 0 
0 0 0 
34.474 445.037 4.04558 
1.05129e-10 1.10397e-09 1.24918e-11 
0 0 0 
3.96921e-08 1.61836e-07 5.14706e-09 
510.01 7286.65 59.5116 
6464.59 83453.6 758.628 
56.4691 592.988 6.70985 
0 0 0 
0 0 0 
18719.6 267452 2184.33 
26763.1 345494 3140.69 
55.0001 577.562 6.5353 
0 0 0 
241.072 3444.26 28.13 
781.019 10082.4 91.6537 
0 0 0 
0 0 0 
0 0 0 
8.45397e-12 4.25989e-11 4.97276e-11 
1.3492e-11 6.64977e-11 7.72588e-11 
0 0 0 
8.27789 35.0742 39.5049 
164.056 835.075 976.949 
727.512 3665.88 4279.34 
4.82627 23.7872 27.6366 
0 0 0 
0 0 0 
408.134 2077.47 2430.42 
229.838 1158.14 1351.94 
1.3492e-11 6.64977e-11 7.72588e-11 
0 0 0 
6.15063e-12 3.13077e-11 3.66267e-11 
8.45397e-12 4.25989e-11 4.97276e-11 
0 0 0 
$escByGroup
 5e-101 5e-101 1.38751e-09 286.412 5e-101 5.34712e-193 151820 138809 1.14334e-09 5e-101 5e-101 500486 223089 1.14334e-09 5e-101 1.62438e-09 2.91377e-09 5e-101 5e-101 5e-101 2.8328e-10 3.99623e-10 5e-101 1.75334e-191 92377.8 22764.8 2.99717e-10 5e-101 5e-101 29979.7 3845.8 2.99717e-10 5e-101 3.29063e-10 2.8328e-10 5e-101 5e-101 5e-101 9.68912e-10 3.25011e-08 5e-101 2.45697e-193 58158.4 196883 688.321 5e-101 5e-101 152142 182862 5.9093e-10 5e-101 1.03504e-09 1.57448e-09 5e-101 5e-101 5e-101 265.149 2.2163e-10 5e-101 2.26897e-193 7307.52 49720.9 119.046 5e-101 5e-101 268218 205842 115.95 5e-101 3454.12 6007.03 5e-101 5e-101 5e-101 3.80293e-10 3.23825e-10 5e-101 1.59566e-196 10855.6 32726.3 115.837 5e-101 5e-101 27006.3 10339 3.23825e-10 5e-101 4.06988e-10 3.80293e-10 5e-101
$catchByGroup
0 0 9.1458e-10 387.465 0 1.02371e-07 65948 91496 1.54674e-09 0 0 217402 147049 1.54674e-09 0 7.05602e-10 1.92062e-09 0 0 0 1.8342e-10 5.1679e-10 0 4.98577e-09 39733.7 14739.9 3.87593e-10 0 0 12894.9 2490.1 3.87593e-10 0 1.41537e-10 1.8342e-10 0 0 0 8.54665e-10 6.45854e-08 0 1.62056e-07 32831.8 173668 1367.81 0 0 85887.8 161300 1.17428e-09 0 5.84302e-10 1.38883e-09 0 0 0 34.474 1.05129e-10 0 3.96921e-08 510.01 6464.59 56.4691 0 0 18719.6 26763.1 55.0001 0 241.072 781.019 0 0 0 8.45397e-12 1.3492e-11 0 8.27789 164.056 727.512 4.82627 0 0 408.134 229.838 1.3492e-11 0 6.15063e-12 8.45397e-12 0 
0 0 1.00996e-10 48.09 0 2.44427e-08 6891.1 10103.8 1.91973e-10 0 0 22717 16238.4 1.91973e-10 0 7.37305e-11 2.12091e-10 0 0 0 1.38852e-11 4.41667e-11 0 8.44562e-10 2840.41 1115.83 3.3125e-11 0 0 921.809 188.505 3.3125e-11 0 1.0118e-11 1.38852e-11 0 0 0 9.95373e-11 8.64551e-09 0 4.52109e-08 3577.63 20226 183.098 0 0 9359.07 18785.6 1.57191e-10 0 6.36705e-11 1.61748e-10 0 0 0 445.037 1.10397e-09 0 1.61836e-07 7286.65 83453.6 592.988 0 0 267452 345494 577.562 0 3444.26 10082.4 0 0 0 4.25989e-11 6.64977e-11 0 35.0742 835.075 3665.88 23.7872 0 0 2077.47 1158.14 6.64977e-11 0 3.13077e-11 4.25989e-11 0 
0 0 2.27895e-12 1.09885 0 6.10112e-10 154.61 227.989 4.38656e-12 0 0 509.684 366.416 4.38656e-12 0 1.65423e-12 4.78579e-12 0 0 0 4.8843e-13 1.56687e-12 0 3.1817e-11 99.5305 39.251 1.17515e-12 0 0 32.301 6.63091 1.17515e-12 0 3.54543e-13 4.8843e-13 0 0 0 1.17906e-12 1.04028e-10 0 6.07192e-10 42.0768 239.585 2.20315 0 0 110.073 222.523 1.89142e-12 0 7.48834e-13 1.91597e-12 0 0 0 4.04558 1.24918e-11 0 5.14706e-09 59.5116 758.628 6.70985 0 0 2184.33 3140.69 6.5353 0 28.13 91.6537 0 0 0 4.97276e-11 7.72588e-11 0 39.5049 976.949 4279.34 27.6366 0 0 2430.42 1351.94 7.72588e-11 0 3.66267e-11 4.97276e-11 0 
$Fmort
 15.2904 10.6368 1.11174
#ESTIMATED_PARAMETERS
$availability
1.48515 1.49041 1.82307 0.146338 0.0550396 
0.191422 0.130699 0.23702 4.0271 0.413765 
0.0404721 0.0433719 0.0261694 0.231335 4.65865 
$availabilityVector
 1.48515 0.191422 0.0404721 1.49041 0.130699 0.0433719 1.82307 0.23702 0.0261694 0.146338 4.0271 0.231335 0.0550396 0.413765 4.65865
$selectivity
 0.12507 0.0152899 0.0210669 0.0338013 4.80477
$RunSize
 0 0 2.40537e-09 723.066 0 1.08723e-07 224814 240637 2.88644e-09 0 0 741115 386742 2.88644e-09 0 2.40537e-09 5.05127e-09 0 0 0 4.81073e-10 9.62147e-10 0 5.29181e-09 135051 38659.8 7.2161e-10 0 0 43828.7 6531.03 7.2161e-10 0 4.81073e-10 4.81073e-10 0 0 0 1.92429e-09 1.05836e-07 0 1.67173e-07 94609.8 391017 2241.44 0 0 247499 363170 1.92429e-09 0 1.68376e-09 3.12698e-09 0 0 0 748.706 1.44322e-09 0 1.62603e-07 15163.7 140398 775.213 0 0 556573 581240 755.046 0 7167.59 16962.2 0 0 0 4.81073e-10 4.81073e-10 0 82.8569 12831.7 41399.1 172.087 0 0 31922.3 13079 4.81073e-10 0 4.81073e-10 4.81073e-10 0
