$ndistricts
3
$ngroups
90
$nstocks
5
$nagecomps
18
$AgeCompLabels
 0.1 0.2 0.3 0.4 0.5 1.1 1.2 1.3 1.4 1.5 2.1 2.2 2.3 2.4 3.1 3.2 3.3 3.4
$navailpar
15
$nselectpar
5
$GENdata
 1 1 1
$maxGradient
3.98966e-05
#LIKELIHOOD_VALUES_AND_PENALTIES
$totalNLL
953.55
$NLLcatch
0.677374
$NLLescape
-6.91537
$NLLagecompCatch
350.937
$NLLagecompEsc
432.881
$NLLgenetics
175.971
$NLLselOne
5.10604e-17
$NLLavailOne
7.32505e-16
$NLLextra
2.7e-198
$sigmaCat
0.5
$sigmaEsc
0.1
#OBSERVED_AND_PREDICTED_VALUES
$predEsc
 1.0035e+07 550068 1.11112e+06 1.27435e+06 1.3151e+06
$obsEsc
 1.00387e+07 550068 1.11114e+06 1.26669e+06 1.32111e+06
$predCatch
 1.89663e+07 1.4426e+07 4.50944e+06
$obsCatch
 1.89663e+07 1.4426e+07 4.50945e+06
$RunSize
 0 3170.2 2358.52 8.69129e-09 0 0 2.05706e+06 839566 5.79419e-09 0 1738.89 2.06787e+07 3.09049e+06 5.79419e-09 0 11654.4 5.79419e-09 0 0 5.79419e-09 5.79419e-09 211.746 0 0 850649 1.0087e+06 10684 0 2.17282e-07 1.47752e-07 3.85893e-06 5.79419e-09 0 1.44855e-08 1.73826e-08 0 0 5.79419e-09 5.79419e-09 5.79419e-09 0 0 403406 824179 5.79419e-09 0 2075.17 1.36775e+06 486653 3029.51 0 2269.22 5.79419e-09 0 0 1200.53 716.46 5.79419e-09 0 60.6871 1.16673e+06 704309 3973.39 0 17926.1 8.503e+06 4.09564e+06 3726.93 2795.59 182870 157256 0 0 4562.24 254.362 1357.91 0 6125.25 1.98945e+06 759984 10364 0 403.878 1.93305e+06 988171 1222.97 0 8.69129e-09 7790.48 0
$SSageCompEsc
 3659 0 1295 3996 2138
$obsAgeCompEsc
0 0.000208362 0.000142055 0 0 0 0.0784253 0.0270611 0 0 0.000172176 0.79673 0.096745 0 0 0.000516404 0 0 
0 0 0 0 0 0 0.601116 0.250188 0 0 0 0.102692 0.0460043 0 0 0 0 0 
0 0 0 0 0 0 0.139802 0.240006 0 0 0.00184634 0.475027 0.141705 0.000807123 0 0.000807123 0 0 
0 0 0 0 0 4.67698e-05 0.09666 0.0319489 4.67698e-05 0 0.0137536 0.658348 0.179889 9.75746e-05 0.00215448 0.0142691 0.00278544 0 
0 0.000962361 0 0 0 0.00458299 0.420138 0.121118 0 0 0.000302101 0.34406 0.108837 0 0 0 0 0 
$predAgeCompEsc
0 0.000121539 7.65419e-05 2.26008e-16 0 0 0.0788632 0.0272467 1.50672e-16 0 0.000171147 0.792778 0.100296 1.50672e-16 0 0.000446806 1.8804e-16 0 
0 3.40562e-15 2.84771e-15 8.29356e-05 0 0 0.499982 0.495751 0.00418465 0 3.88933e-13 8.68433e-14 1.89658e-12 2.26944e-15 0 8.51405e-15 8.54314e-15 0 
0 2.01013e-15 1.6895e-15 1.33409e-15 0 0 0.13995 0.240318 1.33409e-15 0 0.00184527 0.474501 0.141901 0.000697533 0 0.000787241 1.6895e-15 0 
0 9.4887e-05 2.96613e-05 2.82014e-17 0 4.63776e-05 0.0922161 0.0291583 1.93392e-05 0 0.0136993 0.672059 0.169559 1.81396e-05 0.00213642 0.0144536 0.00651038 0 
0 0.000870656 3.54265e-05 0.000113131 0 0.00458428 0.379666 0.105847 0.000863447 0 0.000302272 0.368903 0.137628 0.000101889 0 1.65864e-15 0.00108502 0 
$SSageCompCatch
 9568 8746 8195
$obsAgeCompCatch
0 0 0 9.47809e-06 0 0 0.109054 0.0961906 0.00045885 0 0 0.665176 0.128344 0 0 0.000517738 0.000249315 0 
0 0.000268883 8.54086e-05 0 0 0 0.0860219 0.054002 0.000302787 0 6.19118e-05 0.582092 0.254346 0.000173141 0 0.00993056 0.0127158 0 
0 0.000507815 9.6959e-05 0.000347253 0 0 0.247691 0.106798 0.00261573 0 0 0.414126 0.221246 0.000350167 0 0.0022009 0.00402069 0 
$predAgeCompCatch
0 9.8261e-05 7.85415e-05 9.10307e-06 0 2.55998e-08 0.105697 0.0932402 0.000447744 0 2.75885e-06 0.673821 0.125381 0.000114208 7.62418e-08 0.000763178 0.000348078 0 
0 0.00011098 5.21614e-05 1.33552e-05 0 7.74614e-07 0.0897573 0.0565455 0.00036114 0 3.1645e-05 0.563948 0.268591 0.000266087 4.89795e-06 0.0106774 0.00964025 0 
0 0.00066145 5.20563e-05 0.000223961 0 1.91584e-05 0.294729 0.12487 0.00174245 0 2.70138e-06 0.386489 0.187839 0.000231202 2.07963e-07 0.00100017 0.00214022 0 
$genSS
 317 313 321
$obsGenComp     #GeneticFracData
0.809119 0.0661601 0.0912867 0.0319149 0.00151976 
0.0634186 0.00130864 0.014999 0.877693 0.042581 
0.0836265 0.00100513 0.00281435 0.0751834 0.837371 
$predGenComp     #catchGenComp_pred
0.807756 0.0684448 0.0923737 0.0297635 0.00166164 
0.0643547 0.00125322 0.0148046 0.875697 0.0438908 
0.0889878 0.000876111 0.00281269 0.0817335 0.82559 
#PARAMETERS_OF_INTEREST
$catchByGroup
0 0 0 
1796 107.929 46.64 
1458.23 92.2672 39.9316 
5.85786e-09 3.94426e-10 1.71017e-10 
0 0 0 
0 0 0 
1.16537e+06 70032.2 30263.4 
519087 32844.4 14214.5 
3.90524e-09 2.62951e-10 1.14011e-10 
0 0 0 
20.2335 0.843122 0.360816 
1.1715e+07 704003 304225 
1.91079e+06 120902 52324.3 
3.90524e-09 2.62951e-10 1.14011e-10 
0 0 0 
6602.52 396.773 171.46 
3.58244e-09 2.26673e-10 9.81e-11 
0 0 0 
0 0 0 
3.85789e-09 5.16896e-11 1.12922e-11 
4.15524e-09 5.95115e-11 1.30079e-11 
163.044 2.52895 0.553136 
0 0 0 
0 0 0 
566379 7588.58 1657.81 
723374 10360.2 2264.5 
8226.63 127.602 27.9093 
0 0 0 
3.30909e-09 2.72598e-11 5.93469e-12 
9.83761e-08 1.31808e-09 2.8795e-10 
2.76739e-06 3.96346e-08 8.66323e-09 
4.46151e-09 6.92019e-11 1.51359e-11 
0 0 0 
9.64472e-09 1.29224e-10 2.82304e-11 
1.24657e-08 1.78534e-10 3.90236e-11 
0 0 0 
0 0 0 
3.16107e-09 3.7727e-10 2.23563e-11 
3.45874e-09 4.32463e-10 2.57493e-11 
3.78174e-09 5.00163e-10 2.99565e-11 
0 0 0 
0 0 0 
220082 26266.5 1556.5 
491979 61514.5 3662.64 
3.78174e-09 5.00163e-10 2.99565e-11 
0 0 0 
22.7894 1.95532 0.112321 
746186 89056.5 5277.31 
290499 36322.5 2162.68 
1977.3 261.512 15.6629 
0 0 0 
1237.99 147.753 8.75556 
3.45874e-09 4.32463e-10 2.57493e-11 
0 0 0 
0 0 0 
43.5525 1007.63 28.426 
29.8617 629.29 19.5093 
2.80089e-10 5.29495e-09 1.8321e-10 
0 0 0 
0.0313904 1.53385 0.0203579 
42326.6 979265 27625.8 
29355.3 618617 19178.4 
192.072 3631.04 125.637 
0 0 0 
9.27227 453.075 6.01342 
308471 7.13676e+06 201334 
170704 3.59733e+06 111525 
180.159 3405.81 117.844 
1.44602 70.6577 0.9378 
6634.14 153487 4329.98 
6554.35 138123 4282.09 
0 0 0 
0 0 0 
24.0957 485.437 2907.71 
1.54715 30.9215 175.304 
9.60767 190.133 1009.39 
0 0 0 
0.454142 9.64072 86.3734 
10507.4 211684 1.26796e+06 
4622.59 92387.2 523774 
73.3286 1451.16 7703.96 
0 0 0 
0.0299446 0.635676 5.69517 
10209.5 205683 1.23201e+06 
6010.53 120127 681039 
8.65296 171.24 909.086 
0 0 0 
4.59035e-11 9.24782e-10 5.53932e-09 
47.3854 947.047 5369.13 
0 0 0 
$escByGroup
 5e-101 1219.64 768.095 2.26798e-09 5e-101 5e-101 791390 273420 1.51199e-09 5e-101 1717.46 7.9555e+06 1.00647e+06 1.51199e-09 5e-101 4483.68 1.88698e-09 5e-101 5e-101 1.87332e-09 1.56644e-09 45.6202 5e-101 5e-101 275024 272697 2301.84 5e-101 2.1394e-07 4.77697e-08 1.04325e-06 1.24835e-09 5e-101 4.68331e-09 4.69931e-09 5e-101 5e-101 2.23349e-09 1.87724e-09 1.48233e-09 5e-101 5e-101 155502 267022 1.48233e-09 5e-101 2050.31 527227 157669 775.042 5e-101 874.719 1.87724e-09 5e-101 5e-101 120.92 37.799 3.59385e-11 5e-101 59.1015 117516 37158 24.645 5e-101 17457.7 856440 216078 23.1163 2722.55 18419 8296.52 5e-101 5e-101 1145 46.5893 148.778 5e-101 6028.78 499298 139200 1135.52 5e-101 397.517 485144 180995 133.994 5e-101 2.18128e-09 1426.92 5e-101
$catchByGroup
0 1796 1458.23 5.85786e-09 0 0 1.16537e+06 519087 3.90524e-09 0 20.2335 1.1715e+07 1.91079e+06 3.90524e-09 0 6602.52 3.58244e-09 0 0 3.85789e-09 4.15524e-09 163.044 0 0 566379 723374 8226.63 0 3.30909e-09 9.83761e-08 2.76739e-06 4.46151e-09 0 9.64472e-09 1.24657e-08 0 0 3.16107e-09 3.45874e-09 3.78174e-09 0 0 220082 491979 3.78174e-09 0 22.7894 746186 290499 1977.3 0 1237.99 3.45874e-09 0 0 43.5525 29.8617 2.80089e-10 0 0.0313904 42326.6 29355.3 192.072 0 9.27227 308471 170704 180.159 1.44602 6634.14 6554.35 0 0 24.0957 1.54715 9.60767 0 0.454142 10507.4 4622.59 73.3286 0 0.0299446 10209.5 6010.53 8.65296 0 4.59035e-11 47.3854 0 
0 107.929 92.2672 3.94426e-10 0 0 70032.2 32844.4 2.62951e-10 0 0.843122 704003 120902 2.62951e-10 0 396.773 2.26673e-10 0 0 5.16896e-11 5.95115e-11 2.52895 0 0 7588.58 10360.2 127.602 0 2.72598e-11 1.31808e-09 3.96346e-08 6.92019e-11 0 1.29224e-10 1.78534e-10 0 0 3.7727e-10 4.32463e-10 5.00163e-10 0 0 26266.5 61514.5 5.00163e-10 0 1.95532 89056.5 36322.5 261.512 0 147.753 4.32463e-10 0 0 1007.63 629.29 5.29495e-09 0 1.53385 979265 618617 3631.04 0 453.075 7.13676e+06 3.59733e+06 3405.81 70.6577 153487 138123 0 0 485.437 30.9215 190.133 0 9.64072 211684 92387.2 1451.16 0 0.635676 205683 120127 171.24 0 9.24782e-10 947.047 0 
0 46.64 39.9316 1.71017e-10 0 0 30263.4 14214.5 1.14011e-10 0 0.360816 304225 52324.3 1.14011e-10 0 171.46 9.81e-11 0 0 1.12922e-11 1.30079e-11 0.553136 0 0 1657.81 2264.5 27.9093 0 5.93469e-12 2.8795e-10 8.66323e-09 1.51359e-11 0 2.82304e-11 3.90236e-11 0 0 2.23563e-11 2.57493e-11 2.99565e-11 0 0 1556.5 3662.64 2.99565e-11 0 0.112321 5277.31 2162.68 15.6629 0 8.75556 2.57493e-11 0 0 28.426 19.5093 1.8321e-10 0 0.0203579 27625.8 19178.4 125.637 0 6.01342 201334 111525 117.844 0.9378 4329.98 4282.09 0 0 2907.71 175.304 1009.39 0 86.3734 1.26796e+06 523774 7703.96 0 5.69517 1.23201e+06 681039 909.086 0 5.53932e-09 5369.13 0 
$Fmort
 0.530976 0.394308 0.203497
#ESTIMATED_PARAMETERS
$availability
1.51274 1.98354 1.42727 0.0668716 0.00958323 
0.0844091 0.021837 0.164073 4.45553 0.274154 
0.0699846 0.00921137 0.0182542 0.11315 4.7894 
$availabilityVector
 1.51274 0.0844091 0.0699846 1.98354 0.021837 0.00921137 1.42727 0.164073 0.0182542 0.0668716 4.45553 0.11315 0.00958323 0.274154 4.7894
$selectivity
 0.0145713 1.0407 1.199 1.39541 1.35032
$RunSize
 0 3170.2 2358.52 8.69129e-09 0 0 2.05706e+06 839566 5.79419e-09 0 1738.89 2.06787e+07 3.09049e+06 5.79419e-09 0 11654.4 5.79419e-09 0 0 5.79419e-09 5.79419e-09 211.746 0 0 850649 1.0087e+06 10684 0 2.17282e-07 1.47752e-07 3.85893e-06 5.79419e-09 0 1.44855e-08 1.73826e-08 0 0 5.79419e-09 5.79419e-09 5.79419e-09 0 0 403406 824179 5.79419e-09 0 2075.17 1.36775e+06 486653 3029.51 0 2269.22 5.79419e-09 0 0 1200.53 716.46 5.79419e-09 0 60.6871 1.16673e+06 704309 3973.39 0 17926.1 8.503e+06 4.09564e+06 3726.93 2795.59 182870 157256 0 0 4562.24 254.362 1357.91 0 6125.25 1.98945e+06 759984 10364 0 403.878 1.93305e+06 988171 1222.97 0 8.69129e-09 7790.48 0
