$ndistricts
3
$ngroups
90
$nstocks
5
$nagecomps
18
$AgeCompLabels
 0.1 0.2 0.3 0.4 0.5 1.1 1.2 1.3 1.4 1.5 2.1 2.2 2.3 2.4 3.1 3.2 3.3 3.4
$navailpar
15
$nselectpar
5
$GENdata
 1 1 -1
$maxGradient
0.109741
#LIKELIHOOD_VALUES_AND_PENALTIES
$totalNLL
865.043
$NLLcatch
0.677374
$NLLescape
-6.91509
$NLLagecompCatch
323.122
$NLLagecompEsc
420.707
$NLLgenetics
127.453
$NLLselOne
1.71414e-06
$NLLavailOne
1.02644e-10
$NLLextra
4.44416e-08
$sigmaCat
0.5
$sigmaEsc
0.1
#OBSERVED_AND_PREDICTED_VALUES
$predEsc
 2.24112e+07 759521 2.64416e+06 1.06074e+06 3.35781e+06
$obsEsc
 2.25053e+07 759645 2.6447e+06 1.06086e+06 3.33528e+06
$predCatch
 1.51205e+07 2.62307e+06 885875
$obsCatch
 1.51205e+07 2.62307e+06 885875
$RunSize
 0 6190.4 15615.6 0 0 34433.5 5.58003e+06 1.22616e+06 0.000295145 0 35188.7 2.81419e+07 579257 0 1.03497e-06 13238.4 1.82002e-07 0 0 1.82898e-05 72714.3 0 0 154065 0.0422398 439839 1758.58 0 5.78811 0.0236289 0.0215353 0 58598.4 0.0441373 78708.2 0 0 1.08386e-06 4.07467e-08 0 0 4169.9 954310 1.53497e+06 3.36024e-06 0 4163.72 1.44953e+06 829267 0 2.71645e-08 7004.42 9.77921e-08 0 0 4.61796e-08 1.03225e-07 0 0 2186.39 358879 142300 9.68413e-06 0 50322.2 2.10387e+06 528554 0 1.90151e-08 55501.2 6893.71 0 0 5.43289e-09 1.44515e-06 0 0 750.71 2.20347e+06 547055 9.80637e-06 0 58050.5 1.5219e+06 61942.4 0 4.34631e-08 4.34631e-08 1.08658e-08 0
$SSageCompEsc
 2338 0 1542 1169 1761
$obsAgeCompEsc
0 0 0.000616973 0 0 0.00158445 0.131796 0.0240473 0 0 0.00161651 0.823259 0.0164232 0 0 0.00065712 0 0 
0 0 0 0 0 0 0.601116 0.250188 0 0 0 0.102692 0.0460043 0 0 0 0 0 
0 0 0 0 0 0.00145006 0.206695 0.296517 0 0 0.00144887 0.322874 0.169297 0 0 0.00171811 0 0 
0 0 0 0 0 0.0016323 0.110062 0.0254621 0 0 0.0385972 0.667495 0.141909 0 0 0.0141513 0.000691449 0 
0 0 0 0 0 0.000243941 0.44604 0.132072 0 0 0.0168311 0.394752 0.0100615 0 0 0 0 0 
$predAgeCompEsc
0 0.000174296 0.000404188 0 0 0.00140905 0.15711 0.0317373 -2.92743e-12 0 0.00143995 0.792359 0.0149932 0 4.23517e-14 0.000372738 4.71086e-15 0 
0 2.26282e-11 0.0889458 0 0 0.200491 5.22591e-08 0.538022 7.04394e-10 0 7.5323e-06 2.92336e-08 2.63425e-08 0 0.0762564 5.46067e-08 0.0962777 0 
0 2.37624e-13 8.07621e-15 0 0 0.00142428 0.209221 0.304239 -3.91139e-13 0 0.00142217 0.317793 0.164365 0 9.27839e-15 0.00153564 1.93829e-14 0 
0 1.45192e-14 2.54846e-14 0 0 0.0017039 0.112834 0.0351317 -8.21251e-12 0 0.0392172 0.66147 0.130492 0 1.48189e-14 0.0174499 0.00170195 0 
0 1.24116e-15 3.1381e-13 0 0 0.000213024 0.50339 0.118792 -2.36182e-12 0 0.0164726 0.347682 0.0134506 0 1.23332e-14 9.92929e-15 2.35947e-15 0 
$SSageCompCatch
 3826 2065 1757
$obsAgeCompCatch
0 0.000352167 0.000232025 0 0 0 0.18597 0.0965562 0.000277603 0 0 0.678475 0.0381054 0 0 3.16586e-05 0 0 
0 0 0.00130182 0 0 0.000768962 0.149972 0.0868346 0 0 0.00399824 0.608679 0.127469 0 0.000194435 0.0162652 0.0045162 0 
0 0 0.000306373 0 0 0 0.520014 0.11857 0.000266142 0 0.00221243 0.328367 0.0296956 0 0 0.000567522 0 0 
$predAgeCompCatch
0 0.00014658 0.000587889 0 0 0.000269628 0.160064 0.081336 5.63914e-05 0 0.000254747 0.713439 0.0429133 0 2.21026e-05 0.000699737 0.000210376 0 
0 2.18866e-05 0.00100641 0 0 0.000490999 0.148105 0.0689256 0.000319097 0 0.00332299 0.619111 0.142973 0 0.000124128 0.0128384 0.00276184 0 
0 1.18092e-05 0.000210345 0 0 0.00010874 0.45576 0.134531 7.77838e-05 0 0.00249966 0.382251 0.0236128 0 2.27946e-05 0.000636682 0.000277871 0 
$genSS
 300 281 -1
$obsGenComp     #GeneticFracData
0.856116 0.00154052 0.127657 0.0126322 0.00205402 
0.127208 0.00598985 0.0277157 0.760711 0.0783756 
0 0 0 0 0 
$predGenComp     #catchGenComp_pred
0.848336 0.00149908 0.135939 0.0119192 0.00230598 
0.126927 0.00842412 0.0297797 0.75314 0.0817297 
0 0 0 0 0 
#PARAMETERS_OF_INTEREST
$catchByGroup
0 0 0 
2216.35 57.4099 10.4615 
6355.58 170.605 31.1096 
0 0 0 
0 0 0 
2783.05 60.9515 11.0727 
1.99782e+06 51749.4 9430.02 
499048 13396.1 2442.76 
0.000295128 5.48182e-05 1.08058e-05 
0 0 0 
2844.09 62.2884 11.3155 
1.00757e+07 260989 47558.7 
235758 6328.53 1154 
0 0 0 
8.365e-08 1.83202e-09 3.32811e-10 
4739.76 122.774 22.3724 
7.4075e-08 1.98842e-09 3.62586e-10 
0 0 0 
0 0 0 
5.41951e-07 5.28161e-07 3.31217e-08 
2533.56 2469.26 155.23 
0 0 0 
0 0 0 
878.67 856.044 53.0912 
0.00125162 0.00121977 7.64935e-05 
15325.2 14936.3 938.968 
852.664 837.013 68.9067 
0 0 0 
0.033011 0.032161 0.0019946 
0.000700154 0.000682338 4.27903e-05 
0.000750348 0.000731305 4.59735e-05 
0 0 0 
334.201 325.595 20.1932 
0.00130785 0.00127457 7.99298e-05 
2742.41 2672.81 168.026 
0 0 0 
0 0 0 
4.38069e-07 1.62937e-08 1.18473e-09 
1.86182e-08 7.21232e-10 5.25072e-11 
0 0 0 
0 0 0 
391.008 11.993 0.867082 
385707 14346.1 1043.12 
701366 27169.5 1978 
3.36021e-06 9.54197e-07 8.00717e-08 
0 0 0 
390.429 11.9753 0.865798 
585864 21790.8 1584.43 
378913 14678.3 1068.61 
0 0 0 
2.54719e-09 7.81276e-11 5.64854e-12 
2831 105.297 7.65626 
4.46837e-08 1.73096e-09 1.26017e-10 
0 0 0 
0 0 0 
2.50412e-09 2.78301e-08 4.44306e-10 
6.56701e-09 6.84555e-08 1.16995e-09 
0 0 0 
0 0 0 
23.0558 351.922 4.01565 
19460.4 216278 3452.87 
9052.91 94368.8 1612.82 
6.85194e-06 9.68413e-06 1.85939e-06 
0 0 0 
530.654 8099.87 92.4247 
114084 1.2679e+06 20241.9 
33625.8 350520 5990.61 
0 0 0 
2.00517e-10 3.06068e-09 3.49243e-11 
3009.59 33447.8 533.992 
438.567 4571.68 78.1329 
0 0 0 
0 0 0 
4.25296e-11 2.61636e-10 9.61143e-10 
1.33288e-08 8.16963e-08 2.9641e-07 
0 0 0 
0 0 0 
1.12101 7.01252 27.2838 
17249.2 106114 389820 
5045.57 30925.8 112205 
1.5604e-06 6.50406e-06 9.67243e-06 
0 0 0 
86.6852 542.26 2109.78 
11913.7 73291.1 269241 
571.304 3501.69 12704.8 
0 0 0 
6.49023e-11 4.05997e-10 1.57962e-09 
3.40237e-10 2.09309e-09 7.68915e-09 
1.00217e-10 6.14258e-10 2.22865e-09 
0 0 0 
$escByGroup
 5e-101 3906.17 9058.34 5e-101 5e-101 31578.4 3.52103e+06 711272 1.52422e-196 5e-101 32271 1.77577e+07 336016 5e-101 9.49151e-07 8353.51 1.05576e-07 5e-101 5e-101 1.71866e-05 67556.2 5e-101 5e-101 152277 0.0396919 408639 0.000535003 5e-101 5.72094 0.0222036 0.0200077 5e-101 57918.4 0.041475 73125 5e-101 5e-101 6.28315e-07 2.13548e-08 5e-101 5e-101 3766.03 553214 804455 9.66902e-195 5e-101 3760.45 840294 434607 5e-101 2.45335e-08 4060.46 5.12514e-08 5e-101 5e-101 1.5401e-08 2.70326e-08 5e-101 5e-101 1807.4 119687 37265.5 1.14793e-195 5e-101 41599.2 701647 138418 5e-101 1.5719e-08 18509.8 1805.32 5e-101 5e-101 4.16758e-09 1.05371e-06 5e-101 5e-101 715.293 1.69029e+06 398879 1.26095e-195 5e-101 55311.7 1.16745e+06 45164.6 5e-101 4.14126e-08 3.33407e-08 7.92267e-09 5e-101
$catchByGroup
0 2216.35 6355.58 0 0 2783.05 1.99782e+06 499048 0.000295128 0 2844.09 1.00757e+07 235758 0 8.365e-08 4739.76 7.4075e-08 0 0 5.41951e-07 2533.56 0 0 878.67 0.00125162 15325.2 852.664 0 0.033011 0.000700154 0.000750348 0 334.201 0.00130785 2742.41 0 0 4.38069e-07 1.86182e-08 0 0 391.008 385707 701366 3.36021e-06 0 390.429 585864 378913 0 2.54719e-09 2831 4.46837e-08 0 0 2.50412e-09 6.56701e-09 0 0 23.0558 19460.4 9052.91 6.85194e-06 0 530.654 114084 33625.8 0 2.00517e-10 3009.59 438.567 0 0 4.25296e-11 1.33288e-08 0 0 1.12101 17249.2 5045.57 1.5604e-06 0 86.6852 11913.7 571.304 0 6.49023e-11 3.40237e-10 1.00217e-10 0 
0 57.4099 170.605 0 0 60.9515 51749.4 13396.1 5.48182e-05 0 62.2884 260989 6328.53 0 1.83202e-09 122.774 1.98842e-09 0 0 5.28161e-07 2469.26 0 0 856.044 0.00121977 14936.3 837.013 0 0.032161 0.000682338 0.000731305 0 325.595 0.00127457 2672.81 0 0 1.62937e-08 7.21232e-10 0 0 11.993 14346.1 27169.5 9.54197e-07 0 11.9753 21790.8 14678.3 0 7.81276e-11 105.297 1.73096e-09 0 0 2.78301e-08 6.84555e-08 0 0 351.922 216278 94368.8 9.68413e-06 0 8099.87 1.2679e+06 350520 0 3.06068e-09 33447.8 4571.68 0 0 2.61636e-10 8.16963e-08 0 0 7.01252 106114 30925.8 6.50406e-06 0 542.26 73291.1 3501.69 0 4.05997e-10 2.09309e-09 6.14258e-10 0 
0 10.4615 31.1096 0 0 11.0727 9430.02 2442.76 1.08058e-05 0 11.3155 47558.7 1154 0 3.32811e-10 22.3724 3.62586e-10 0 0 3.31217e-08 155.23 0 0 53.0912 7.64935e-05 938.968 68.9067 0 0.0019946 4.27903e-05 4.59735e-05 0 20.1932 7.99298e-05 168.026 0 0 1.18473e-09 5.25072e-11 0 0 0.867082 1043.12 1978 8.00717e-08 0 0.865798 1584.43 1068.61 0 5.64854e-12 7.65626 1.26017e-10 0 0 4.44306e-10 1.16995e-09 0 0 4.01565 3452.87 1612.82 1.85939e-06 0 92.4247 20241.9 5990.61 0 3.49243e-11 533.992 78.1329 0 0 9.61143e-10 2.9641e-07 0 0 27.2838 389820 112205 9.67243e-06 0 2109.78 269241 12704.8 0 1.57962e-09 7.68915e-09 2.22865e-09 0 
$Fmort
 1.5265 1.48503 0.302427
#ESTIMATED_PARAMETERS
$availability
2.10112 0.142594 2.45473 0.264296 0.0372565 
0.0454033 0.142791 0.0738121 4.49748 0.240512 
0.0404721 0.0433719 0.0261694 0.231335 4.65865 
$availabilityVector
 2.10112 0.0454033 0.0404721 0.142594 0.142791 0.0433719 2.45473 0.0738121 0.0261694 0.264296 4.49748 0.231335 0.0372565 0.240512 4.65865
$selectivity
 0.0262764 0.138187 0.162927 3.04734 1.62548
$RunSize
 0 6190.4 15615.6 0 0 34433.5 5.58003e+06 1.22616e+06 0.000295145 0 35188.7 2.81419e+07 579257 0 1.03497e-06 13238.4 1.82002e-07 0 0 1.82898e-05 72714.3 0 0 154065 0.0422398 439839 1758.58 0 5.78811 0.0236289 0.0215353 0 58598.4 0.0441373 78708.2 0 0 1.08386e-06 4.07467e-08 0 0 4169.9 954310 1.53497e+06 3.36024e-06 0 4163.72 1.44953e+06 829267 0 2.71645e-08 7004.42 9.77921e-08 0 0 4.61796e-08 1.03225e-07 0 0 2186.39 358879 142300 9.68413e-06 0 50322.2 2.10387e+06 528554 0 1.90151e-08 55501.2 6893.71 0 0 5.43289e-09 1.44515e-06 0 0 750.71 2.20347e+06 547055 9.80637e-06 0 58050.5 1.5219e+06 61942.4 0 4.34631e-08 4.34631e-08 1.08658e-08 0
