$ndistricts
3
$ngroups
90
$nstocks
5
$nagecomps
18
$AgeCompLabels
 0.1 0.2 0.3 0.4 0.5 1.1 1.2 1.3 1.4 1.5 2.1 2.2 2.3 2.4 3.1 3.2 3.3 3.4
$navailpar
15
$nselectpar
5
$GENdata
 -1 -1 -1
$maxGradient
2.99401e-06
#LIKELIHOOD_VALUES_AND_PENALTIES
$totalNLL
855.747
$NLLcatch
0.677374
$NLLescape
-6.84701
$NLLagecompCatch
341.321
$NLLagecompEsc
520.596
$NLLgenetics
0
$NLLselOne
3.17599e-16
$NLLavailOne
1.9451e-09
$NLLextra
5e-198
$sigmaCat
0.5
$sigmaEsc
0.1
#OBSERVED_AND_PREDICTED_VALUES
$predEsc
 338656 208311 881830 996840 392851
$obsEsc
 338760 203304 905358 997602 388254
$predCatch
 957902 695582 188695
$obsCatch
 957902 695582 188695
$RunSize
 0 0 0 0 0 0 202347 28094.2 1208.95 0 813.273 119743 174238 0 0 1.03816e-09 1.55724e-09 0 0 0 0 0 0 0 287225 11383.4 0 0 5.1908e-10 17529.3 11712.8 0 0 7.7862e-10 7.7862e-10 0 0 0 0 0 0 0 411189 118443 378.551 0 6544.36 504392 475305 188.282 0 686.752 8.09765e-08 0 0 0 0 0 0 0 43162.9 53871.4 0 0 2126.48 910276 604311 0 0 76645.7 13353.6 0 0 0 0 0 0 749.111 23852.6 142652 861.734 0 3192.03 378996 35193.5 0 0 7.7862e-10 7.7862e-10 0
$SSageCompEsc
 508 97 2384 579 343
$obsAgeCompEsc
0 0 0 0 0 0 0.357775 0.0570585 0.00356874 0 0.00233191 0.224845 0.354421 0 0 0 0 0 
0 0 0 0 0 0 0.867235 0.0382835 0 0 0 0.0550331 0.0394487 0 0 0 0 0 
0 0 0 0 0 0 0.218096 0.0887628 0.000417976 0 0.00720163 0.328442 0.356151 0.000207891 0 0.000720686 0 0 
0 0 0 0 0 0 0.0412414 0.0353625 0 0 0.00214664 0.484072 0.377223 0 0 0.0466397 0.0133145 0 
0 0 0 0 0 0.00198822 0.0204002 0.171776 0.00221936 0 0.00725331 0.730592 0.0657714 0 0 0 0 0 
$predAgeCompEsc
0 0 0 0 0 0 0.374574 0.0552486 0.00356983 0 0.00229679 0.221662 0.342649 0 0 1.92178e-15 3.06239e-15 0 
0 0 0 0 0 0 0.872363 0.0366681 0 0 2.38456e-15 0.0532401 0.0377292 0 0 2.36484e-15 2.50808e-15 0 
0 0 0 0 0 0 0.262165 0.0814172 0.000429279 0 0.00702704 0.321588 0.326722 0.000213513 0 0.000437857 5.56628e-14 0 
0 0 0 0 0 0 0.024543 0.0330716 0 0 0.00202462 0.517595 0.370986 0 0 0.0435818 0.00819779 0 
0 0 0 0 0 0.00183433 0.0398811 0.252345 0.00219354 0 0.00781623 0.633674 0.0622557 0 0 1.30184e-15 1.37734e-15 0 
$SSageCompCatch
 256 108 172
$obsAgeCompCatch
0 0 0 0 0 0 0.452688 0.04946 0 0 0 0.285792 0.210669 0 0 0 0.00139179 0 
0 0 0 0 0 0 0.00862069 0.0338496 0 0 0 0.592132 0.315988 0 0 0.0479725 0.00143678 0 
0 0 0 0 0 0 0.0812781 0.282156 0 0 0.0012766 0.542445 0.0928449 0 0 0 0 0 
$predAgeCompCatch
0 0 0 0 0 1.21586e-06 0.355841 0.062496 3.03667e-10 0 0.000392437 0.310495 0.266673 4.115e-11 0 0.00359614 0.000504585 0 
0 0 0 0 0 5.10343e-06 0.0538094 0.039732 4.54346e-11 0 0.000187995 0.541445 0.316912 2.99189e-12 0 0.041426 0.00648255 0 
0 0 0 0 0 0.000126023 0.0508508 0.194475 6.07208e-10 0 0.000562523 0.647873 0.0985258 7.34496e-13 0 0.00658378 0.00100307 0 
$genSS
 -1 -1 -1
$obsGenComp     #GeneticFracData
0 0 0 0 0 
0 0 0 0 0 
0 0 0 0 0 
$predGenComp     #catchGenComp_pred
0 0 0 0 0 
0 0 0 0 0 
0 0 0 0 0 
#PARAMETERS_OF_INTEREST
$catchByGroup
0 0 0 
0 0 0 
0 0 0 
0 0 0 
0 0 0 
0 0 0 
70437.2 4481.15 577.079 
8768.99 544.829 70.0769 
0.000206185 1.07919e-05 1.37629e-06 
0 0 0 
33.4383 1.78522 0.227887 
41682.7 2651.82 341.499 
54384.8 3379 434.613 
0 0 0 
0 0 0 
3.61384e-10 2.2991e-11 2.96075e-12 
4.86059e-10 3.01995e-11 3.88431e-12 
0 0 0 
0 0 0 
0 0 0 
0 0 0 
0 0 0 
0 0 0 
0 0 0 
100266 4358.47 877.745 
3563.44 151.197 30.426 
0 0 0 
0 0 0 
2.14162e-11 7.78256e-13 1.55871e-13 
6119.22 265.996 53.5686 
3666.56 155.572 31.3065 
0 0 0 
0 0 0 
2.71805e-10 1.18151e-11 2.37943e-12 
2.43738e-10 1.03418e-11 2.08113e-12 
0 0 0 
0 0 0 
0 0 0 
0 0 0 
0 0 0 
0 0 0 
0 0 0 
168001 11245.4 758.644 
43618.3 2837.52 191.117 
7.92512e-05 4.18416e-06 2.78654e-07 
0 0 0 
328.736 17.7829 1.1858 
206081 13794.4 930.602 
175038 11386.8 766.94 
3.94177e-05 2.0811e-06 1.38596e-07 
0 0 0 
280.588 18.7816 1.26706 
2.98207e-08 1.93994e-09 1.30662e-10 
0 0 0 
0 0 0 
0 0 0 
0 0 0 
0 0 0 
0 0 0 
0 0 0 
1781.89 16216.6 698.9 
1949.9 18190.8 763.57 
0 0 0 
0 0 0 
8.77894 96.0713 3.40364 
37578.9 341998 14739.3 
21873.4 204058 8565.48 
0 0 0 
0 0 0 
3164.16 28796.4 1241.06 
483.343 4509.14 189.274 
0 0 0 
0 0 0 
0 0 0 
0 0 0 
0 0 0 
0 0 0 
1.16468 3.54985 23.7798 
375.239 1127.14 6682.92 
1964.37 5912.49 35641.3 
5.44662e-06 1.66275e-05 0.000112922 
0 0 0 
4.96279 15.1262 101.328 
5962.2 17909.2 106185 
484.627 1458.66 8793 
0 0 0 
0 0 0 
1.22489e-11 3.67931e-11 2.1815e-10 
1.07219e-11 3.22714e-11 1.94536e-10 
0 0 0 
$escByGroup
 5e-101 5e-101 5e-101 5e-101 5e-101 5e-101 126852 18710.3 1208.95 5e-101 777.821 75067.2 116040 5e-101 5e-101 6.50824e-10 1.0371e-09 5e-101 5e-101 5e-101 5e-101 5e-101 5e-101 5e-101 181722 7638.34 5e-101 5e-101 4.9673e-10 11090.5 7859.39 5e-101 5e-101 4.9262e-10 5.2246e-10 5e-101 5e-101 5e-101 5e-101 5e-101 5e-101 5e-101 231185 71796.1 378.551 5e-101 6196.65 283586 288114 188.282 5e-101 386.115 4.90852e-08 5e-101 5e-101 5e-101 5e-101 5e-101 5e-101 5e-101 24465.5 32967.1 5e-101 5e-101 2018.22 515960 369814 5e-101 5e-101 43444.1 8171.89 5e-101 5e-101 5e-101 5e-101 5e-101 5e-101 720.616 15667.3 99134 861.734 5e-101 3070.61 248939 24457.2 5e-101 5e-101 5.11428e-10 5.4109e-10 5e-101
$catchByGroup
0 0 0 0 0 0 70437.2 8768.99 0.000206185 0 33.4383 41682.7 54384.8 0 0 3.61384e-10 4.86059e-10 0 0 0 0 0 0 0 100266 3563.44 0 0 2.14162e-11 6119.22 3666.56 0 0 2.71805e-10 2.43738e-10 0 0 0 0 0 0 0 168001 43618.3 7.92512e-05 0 328.736 206081 175038 3.94177e-05 0 280.588 2.98207e-08 0 0 0 0 0 0 0 1781.89 1949.9 0 0 8.77894 37578.9 21873.4 0 0 3164.16 483.343 0 0 0 0 0 0 1.16468 375.239 1964.37 5.44662e-06 0 4.96279 5962.2 484.627 0 0 1.22489e-11 1.07219e-11 0 
0 0 0 0 0 0 4481.15 544.829 1.07919e-05 0 1.78522 2651.82 3379 0 0 2.2991e-11 3.01995e-11 0 0 0 0 0 0 0 4358.47 151.197 0 0 7.78256e-13 265.996 155.572 0 0 1.18151e-11 1.03418e-11 0 0 0 0 0 0 0 11245.4 2837.52 4.18416e-06 0 17.7829 13794.4 11386.8 2.0811e-06 0 18.7816 1.93994e-09 0 0 0 0 0 0 0 16216.6 18190.8 0 0 96.0713 341998 204058 0 0 28796.4 4509.14 0 0 0 0 0 0 3.54985 1127.14 5912.49 1.66275e-05 0 15.1262 17909.2 1458.66 0 0 3.67931e-11 3.22714e-11 0 
0 0 0 0 0 0 577.079 70.0769 1.37629e-06 0 0.227887 341.499 434.613 0 0 2.96075e-12 3.88431e-12 0 0 0 0 0 0 0 877.745 30.426 0 0 1.55871e-13 53.5686 31.3065 0 0 2.37943e-12 2.08113e-12 0 0 0 0 0 0 0 758.644 191.117 2.78654e-07 0 1.1858 930.602 766.94 1.38596e-07 0 1.26706 1.30662e-10 0 0 0 0 0 0 0 698.9 763.57 0 0 3.40364 14739.3 8565.48 0 0 1241.06 189.274 0 0 0 0 0 0 23.7798 6682.92 35641.3 0.000112922 0 101.328 106185 8793 0 0 2.1815e-10 1.94536e-10 0 
$Fmort
 0.132224 0.0536948 0.0323877
#ESTIMATED_PARAMETERS
$availability
1.48515 1.49041 1.82307 0.146338 0.0550396 
0.191422 0.130699 0.23702 4.0271 0.413765 
0.0404721 0.0433719 0.0261694 0.231335 4.65865 
$availabilityVector
 1.48515 0.191422 0.0404721 1.49041 0.130699 0.0433719 1.82307 0.23702 0.0261694 0.146338 4.0271 0.231335 0.0550396 0.413765 4.65865
$selectivity
 0.213801 2.17883 1.90531 8.68494e-07 0.702057
$RunSize
 0 0 0 0 0 0 202347 28094.2 1208.95 0 813.273 119743 174238 0 0 1.03816e-09 1.55724e-09 0 0 0 0 0 0 0 287225 11383.4 0 0 5.1908e-10 17529.3 11712.8 0 0 7.7862e-10 7.7862e-10 0 0 0 0 0 0 0 411189 118443 378.551 0 6544.36 504392 475305 188.282 0 686.752 8.09765e-08 0 0 0 0 0 0 0 43162.9 53871.4 0 0 2126.48 910276 604311 0 0 76645.7 13353.6 0 0 0 0 0 0 749.111 23852.6 142652 861.734 0 3192.03 378996 35193.5 0 0 7.7862e-10 7.7862e-10 0
