$ndistricts
3
$ngroups
90
$nstocks
5
$nagecomps
18
$AgeCompLabels
 0.1 0.2 0.3 0.4 0.5 1.1 1.2 1.3 1.4 1.5 2.1 2.2 2.3 2.4 3.1 3.2 3.3 3.4
$navailpar
15
$nselectpar
5
$GENdata
 1 1 1
$maxGradient
8.39426e-07
#LIKELIHOOD_VALUES_AND_PENALTIES
$totalNLL
1254.54
$NLLcatch
0.677374
$NLLescape
-6.91243
$NLLagecompCatch
407.58
$NLLagecompEsc
618.17
$NLLgenetics
235.02
$NLLselOne
4.19911e-17
$NLLavailOne
1.90257e-16
$NLLextra
3e-198
$sigmaCat
0.5
$sigmaEsc
0.1
#OBSERVED_AND_PREDICTED_VALUES
$predEsc
 2.25711e+06 883253 1.17009e+06 963746 1.03806e+06
$obsEsc
 2.26435e+06 883794 1.17707e+06 961200 1.02985e+06
$predCatch
 8.38225e+06 4.81036e+06 2.64349e+06
$obsCatch
 8.38225e+06 4.81036e+06 2.6435e+06
$RunSize
 0 0 1092.43 2.45941e-09 0 0 1.46135e+06 2.56378e+06 7606.92 0 23311.3 1.15463e+06 1.67213e+06 1.03295e-07 0 2.45941e-09 7.37822e-09 0 0 0 2.45941e-09 2.45941e-09 0 791.904 458290 1.46964e+06 6701.77 0 2.45941e-09 39757 69006.3 2.45941e-09 0 2.45941e-09 2.45941e-09 0 0 0 1.10673e-07 2.45941e-09 0 21845.1 1.67464e+06 1.66553e+06 22171.7 0 13554.6 635030 812137 1319.82 0 2.45941e-09 3.68911e-09 0 0 0 2.45941e-09 2.45941e-09 0 304.672 49466.6 233991 3.68911e-09 0 68970.8 1.53268e+06 2.35707e+06 343.635 304.672 31416.8 7038.63 0 0 0 2.45941e-09 340.368 0 7672.27 1.22053e+06 1.03542e+06 5934.68 0 13072.8 917244 890838 2.45941e-09 0 1413.59 2.45941e-09 0
$SSageCompEsc
 1 1 1 1 1
$obsAgeCompEsc
0 0 0 0 0 0 0.273557 0.319654 0.000764527 0 0.00942976 0.190112 0.206483 0 0 0 0 0 
0 0 0 0 0 0.000850319 0.262997 0.679624 0.00266806 0 0 0.0220777 0.0317825 0 0 0 0 0 
0 0 0 0 0 0.0171184 0.438635 0.258002 0.00229431 0 0.01037 0.149486 0.124094 0 0 0 0 0 
0 0 0 0 0 0.000291568 0.0149295 0.0411777 0 0 0.0648018 0.421876 0.451079 0 0.000291568 0.00479881 0.000753958 0 
0 0 0 0 0 0.00703172 0.39728 0.244042 0.000878964 0 0.011058 0.191843 0.147867 0 0 0 0 0 
$predAgeCompEsc
0 0 0.000139788 2.37608e-16 0 0 0.249996 0.328061 0.000734918 0 0.00957672 0.197525 0.213966 9.97953e-15 0 4.20736e-16 9.44118e-16 0 
0 0 1.14579e-15 9.7205e-16 0 0.000845054 0.25736 0.684672 0.00264879 0 2.62447e-15 0.0223262 0.0321485 9.7205e-16 0 1.38112e-15 1.14579e-15 0 
0 0 1.78908e-14 2.50892e-16 0 0.0169657 0.412981 0.26924 0.0022618 0 0.0105269 0.156604 0.131286 0.000134639 0 6.06513e-16 5.96361e-16 0 
0 0 4.56956e-16 2.99336e-16 0 0.000284606 0.0138641 0.0434753 4.49004e-16 0 0.0644282 0.429567 0.437941 4.18241e-05 0.000284606 0.00880526 0.00130777 0 
0 0 4.68105e-16 4.14711e-05 0 0.00673557 0.350547 0.197074 0.000723093 0 0.0114767 0.26344 0.169555 2.99659e-16 0 0.000405995 4.68105e-16 0 
$SSageCompCatch
 1 1 1
$obsAgeCompCatch
0 0 0.000245054 0 0 0 0.189768 0.430441 0.00284636 0 0.000611172 0.145037 0.230354 0.000233483 0 0.000350959 0.00011238 0 
0 0 0 0 0 0 0.0851049 0.19518 0.00116862 0 0.00117636 0.276331 0.430997 0.000157674 0 0.00827066 0.00161296 0 
0 0 0 0.000144877 0 0 0.236106 0.219333 0.00150382 0 0.000930772 0.283963 0.257208 0 0 0.000811092 0 0 
$predAgeCompCatch
0 0 7.77407e-05 9.25085e-08 0 0.000219382 0.238684 0.414225 0.00302194 0 0.000356895 0.131555 0.21145 0.000120691 2.03545e-07 0.000227039 6.2355e-05 0 
0 0 2.57662e-05 9.99122e-06 0 6.18375e-05 0.0980601 0.181837 0.00108523 0 0.00143701 0.266196 0.44573 9.24833e-05 5.9373e-06 0.00437349 0.00108482 0 
0 0 5.02771e-07 9.39974e-05 0 0.000232135 0.279857 0.270399 0.00169043 0 0.000403293 0.211787 0.235147 3.42855e-06 4.4475e-08 0.000371388 1.40827e-05 0 
$genSS
 1706 1325 928
$obsGenComp     #GeneticFracData
0.457994 0.124615 0.383776 0.0326863 0.000929646 
0.148946 0.0245559 0.103323 0.623693 0.0994821 
0.00299075 0.000929002 0.00788375 0.00662041 0.981576 
$predGenComp     #catchGenComp_pred
0.464593 0.123599 0.376233 0.0347133 0.000860577 
0.150658 0.0255209 0.104464 0.624939 0.0944183 
0.00292879 0.000803946 0.00754252 0.00782182 0.980903 
#PARAMETERS_OF_INTEREST
$catchByGroup
0 0 0 
0 0 0 
651.642 123.945 1.32907 
1.59953e-09 3.20104e-10 3.46425e-12 
0 0 0 
0 0 0 
760008 135635 1438.25 
1.52931e+06 290881 3119.14 
4947.34 990.078 10.7149 
0 0 0 
1490.08 203.424 2.06529 
600492 107167 1136.38 
997439 189717 2034.35 
6.71804e-08 1.34444e-08 1.45498e-10 
0 0 0 
1.27907e-09 2.2827e-10 2.42054e-12 
4.40116e-09 8.37117e-10 8.97648e-12 
0 0 0 
0 0 0 
0 0 0 
1.29001e-09 1.54695e-10 2.6813e-12 
1.41952e-09 1.78214e-10 3.10437e-12 
0 0 0 
41.7096 3.73543 0.0628671 
207111 23460.3 404.181 
770856 92439.3 1602.23 
3868.14 485.624 8.45926 
0 0 0 
1.29537e-10 1.16011e-11 1.95246e-13 
17967.1 2035.2 35.0631 
36195.3 4340.45 75.2321 
1.41952e-09 1.78214e-10 3.10437e-12 
0 0 0 
1.11146e-09 1.25899e-10 2.16904e-12 
1.29001e-09 1.54695e-10 2.6813e-12 
0 0 0 
0 0 0 
0 0 0 
7.65867e-08 1.26485e-08 5.04214e-10 
1.83045e-09 3.2242e-10 1.29691e-11 
0 0 0 
1794.4 192.104 7.25875 
1.02866e+06 156580 6173.87 
1.15256e+06 190348 7587.94 
16501.6 2906.64 116.918 
0 0 0 
1113.4 119.198 4.50394 
390072 59376.1 2341.17 
562004 92816.4 3699.99 
982.296 173.024 6.95978 
0 0 0 
1.51071e-09 2.29958e-10 9.0671e-12 
2.55289e-09 4.21617e-10 1.68071e-11 
0 0 0 
0 0 0 
0 0 0 
1.82631e-10 1.82338e-09 1.30079e-11 
2.10199e-10 1.94567e-09 1.50554e-11 
0 0 0 
1.70617 28.5605 0.117569 
2992.94 32900.5 211.732 
17375.7 173478 1237.59 
3.15299e-10 2.9185e-09 2.25831e-11 
0 0 0 
386.237 6465.45 26.615 
92733.3 1.01939e+06 6560.31 
175031 1.7475e+06 12466.6 
29.3696 271.854 2.10358 
1.70617 28.5605 0.117569 
1900.85 20895.5 134.473 
522.675 5218.36 37.2276 
0 0 0 
0 0 0 
0 0 0 
4.83979e-12 3.0298e-10 1.66567e-09 
0.77543 48.0614 248.482 
0 0 0 
1.09985 73.0605 606.209 
1943.14 123128 731573 
2037.57 127556 701253 
13.5204 838.001 4332.54 
0 0 0 
1.87403 124.488 1032.92 
1460.29 92532.1 549786 
1753.05 109744 603332 
5.60305e-12 3.47279e-10 1.79546e-09 
0 0 0 
2.25049 142.604 847.289 
4.83979e-12 3.0298e-10 1.66567e-09 
0 0 0 
$escByGroup
 5e-101 5e-101 315.516 5.36306e-10 5e-101 5e-101 564267 740470 1658.79 5e-101 21615.7 445834 482945 2.25249e-08 5e-101 9.49646e-10 2.13097e-09 5e-101 5e-101 5e-101 1.01202e-09 8.58566e-10 5e-101 746.396 227314 604738 2339.55 5e-101 2.31807e-09 19719.7 28395.3 8.58566e-10 5e-101 1.21988e-09 1.01202e-09 5e-101 5e-101 5e-101 2.09339e-08 2.93566e-10 5e-101 19851.4 483225 315035 2646.51 5e-101 12317.5 183241 153616 157.539 5e-101 7.09675e-10 6.97797e-10 5e-101 5e-101 5e-101 4.4039e-10 2.88484e-10 5e-101 274.288 13361.5 41899.2 4.32726e-10 5e-101 62092.5 413994 422064 40.3078 274.288 8486.04 1260.36 5e-101 5e-101 5e-101 4.8592e-10 43.0493 5e-101 6991.9 363888 204574 750.611 5e-101 11913.5 273466 176008 3.11063e-10 5e-101 421.446 4.8592e-10 5e-101
$catchByGroup
0 0 651.642 1.59953e-09 0 0 760008 1.52931e+06 4947.34 0 1490.08 600492 997439 6.71804e-08 0 1.27907e-09 4.40116e-09 0 0 0 1.29001e-09 1.41952e-09 0 41.7096 207111 770856 3868.14 0 1.29537e-10 17967.1 36195.3 1.41952e-09 0 1.11146e-09 1.29001e-09 0 0 0 7.65867e-08 1.83045e-09 0 1794.4 1.02866e+06 1.15256e+06 16501.6 0 1113.4 390072 562004 982.296 0 1.51071e-09 2.55289e-09 0 0 0 1.82631e-10 2.10199e-10 0 1.70617 2992.94 17375.7 3.15299e-10 0 386.237 92733.3 175031 29.3696 1.70617 1900.85 522.675 0 0 0 4.83979e-12 0.77543 0 1.09985 1943.14 2037.57 13.5204 0 1.87403 1460.29 1753.05 5.60305e-12 0 2.25049 4.83979e-12 0 
0 0 123.945 3.20104e-10 0 0 135635 290881 990.078 0 203.424 107167 189717 1.34444e-08 0 2.2827e-10 8.37117e-10 0 0 0 1.54695e-10 1.78214e-10 0 3.73543 23460.3 92439.3 485.624 0 1.16011e-11 2035.2 4340.45 1.78214e-10 0 1.25899e-10 1.54695e-10 0 0 0 1.26485e-08 3.2242e-10 0 192.104 156580 190348 2906.64 0 119.198 59376.1 92816.4 173.024 0 2.29958e-10 4.21617e-10 0 0 0 1.82338e-09 1.94567e-09 0 28.5605 32900.5 173478 2.9185e-09 0 6465.45 1.01939e+06 1.7475e+06 271.854 28.5605 20895.5 5218.36 0 0 0 3.0298e-10 48.0614 0 73.0605 123128 127556 838.001 0 124.488 92532.1 109744 3.47279e-10 0 142.604 3.0298e-10 0 
0 0 1.32907 3.46425e-12 0 0 1438.25 3119.14 10.7149 0 2.06529 1136.38 2034.35 1.45498e-10 0 2.42054e-12 8.97648e-12 0 0 0 2.6813e-12 3.10437e-12 0 0.0628671 404.181 1602.23 8.45926 0 1.95246e-13 35.0631 75.2321 3.10437e-12 0 2.16904e-12 2.6813e-12 0 0 0 5.04214e-10 1.29691e-11 0 7.25875 6173.87 7587.94 116.918 0 4.50394 2341.17 3699.99 6.95978 0 9.0671e-12 1.68071e-11 0 0 0 1.30079e-11 1.50554e-11 0 0.117569 211.732 1237.59 2.25831e-11 0 26.615 6560.31 12466.6 2.10358 0.117569 134.473 37.2276 0 0 0 1.66567e-09 248.482 0 606.209 731573 701253 4332.54 0 1032.92 549786 603332 1.79546e-09 0 847.289 1.66567e-09 0 
$Fmort
 0.417029 0.256808 0.163938
#ESTIMATED_PARAMETERS
$availability
1.5606 1.27833 2.02501 0.132676 0.00338707 
0.336264 0.181399 0.338876 3.77637 0.367093 
0.00532482 0.00477131 0.0199733 0.0231961 4.94673 
$availabilityVector
 1.5606 0.336264 0.00532482 1.27833 0.181399 0.00477131 2.02501 0.338876 0.0199733 0.132676 3.77637 0.0231961 0.00338707 0.367093 4.94673
$selectivity
 0.101496 1.128 1.39455 1.61473 0.761229
$RunSize
 0 0 1092.43 2.45941e-09 0 0 1.46135e+06 2.56378e+06 7606.92 0 23311.3 1.15463e+06 1.67213e+06 1.03295e-07 0 2.45941e-09 7.37822e-09 0 0 0 2.45941e-09 2.45941e-09 0 791.904 458290 1.46964e+06 6701.77 0 2.45941e-09 39757 69006.3 2.45941e-09 0 2.45941e-09 2.45941e-09 0 0 0 1.10673e-07 2.45941e-09 0 21845.1 1.67464e+06 1.66553e+06 22171.7 0 13554.6 635030 812137 1319.82 0 2.45941e-09 3.68911e-09 0 0 0 2.45941e-09 2.45941e-09 0 304.672 49466.6 233991 3.68911e-09 0 68970.8 1.53268e+06 2.35707e+06 343.635 304.672 31416.8 7038.63 0 0 0 2.45941e-09 340.368 0 7672.27 1.22053e+06 1.03542e+06 5934.68 0 13072.8 917244 890838 2.45941e-09 0 1413.59 2.45941e-09 0
