$ndistricts
3
$ngroups
90
$nstocks
5
$nagecomps
18
$AgeCompLabels
 0.1 0.2 0.3 0.4 0.5 1.1 1.2 1.3 1.4 1.5 2.1 2.2 2.3 2.4 3.1 3.2 3.3 3.4
$navailpar
15
$nselectpar
5
$GENdata
 -1 -1 -1
$maxGradient
4.97349e-06
#LIKELIHOOD_VALUES_AND_PENALTIES
$totalNLL
680.684
$NLLcatch
0.677374
$NLLescape
-6.75915
$NLLagecompCatch
302.076
$NLLagecompEsc
384.691
$NLLgenetics
0
$NLLselOne
5.00513e-18
$NLLavailOne
1.9451e-09
$NLLextra
3.8e-198
$sigmaCat
0.5
$sigmaEsc
0.1
#OBSERVED_AND_PREDICTED_VALUES
$predEsc
 1.11662e+07 752077 917360 1.07665e+06 1.64674e+06
$obsEsc
 1.12184e+07 750210 925362 1.03204e+06 1.7069e+06
$predCatch
 1.49918e+07 2.25733e+06 391118
$obsCatch
 1.49918e+07 2.25733e+06 391118
$RunSize
 0 7.38814e-09 0 0 0 5178.24 5.30279e+06 1.78998e+06 5.54111e-09 0 304335 1.6413e+07 341256 0 0 14049.4 3.69407e-09 0 0 2.40115e-08 0 0 0 3.69407e-08 7.94225e-08 2.77055e-08 1340.93 0 3.13996e-08 1.50912e+06 3.69407e-08 0 0 65676.3 7.38814e-09 0 0 3.69407e-09 0 0 0 4131.44 442309 381382 3.69407e-09 0 11401.3 1.06897e+06 824483 2559.51 0 3.69407e-09 3577.29 0 0 146.231 0 0 0 3.69407e-09 54547.5 87428.2 3.69407e-09 0 7297.45 1.65005e+06 713159 0 0 23636.1 13759.4 146.27 0 1581.93 0 0 0 3.69407e-09 1.4809e+06 7955.12 304.177 0 4865.93 624464 35382.6 0 0 5713.73 2370.98 0
$SSageCompEsc
 2575 0 1251 1936 2163
$obsAgeCompEsc
0 0 0 0 0 0.000363419 0.243269 0.0671093 0 0 0.0210755 0.655549 0.0120842 0 0 0.000549028 0 0 
0 0 0 0 0 0 0.601116 0.250188 0 0 0 0.102692 0.0460043 0 0 0 0 0 
0 0 0 0 0 0.00318486 0.188712 0.110966 0 0 0.00878252 0.448268 0.237244 0.00165752 0 0 0.00118525 0 
0 0 0 0 0 0 0.0310962 0.035044 0 0 0.00461071 0.712926 0.202329 0 0 0.00879523 0.00508509 0.000113071 
0 0 0 0 0 0 0.723562 0.00185774 0 0 0.00306556 0.261416 0.00751193 0 0 0.00123068 0.00135575 0 
$predAgeCompEsc
0 3.10498e-16 0 0 0 0.000351813 0.222858 0.0552146 3.11778e-16 0 0.0206767 0.689782 0.0105265 0 0 0.000590447 1.13949e-16 0 
0 1.52301e-14 0 0 0 3.73966e-14 5.03766e-14 1.30907e-14 0.00112856 0 3.17871e-14 0.957214 1.74542e-14 0 0 0.0416576 3.49085e-15 0 
0 1.57063e-15 0 0 0 0.00320565 0.188059 0.108418 2.26841e-15 0 0.00884643 0.454501 0.234381 0.00157171 0 1.57063e-15 0.00101694 0 
0 6.31762e-05 0 0 0 2.62197e-15 0.0235662 0.0266277 2.16896e-15 0 0.00517958 0.712871 0.217204 0 0 0.0102115 0.00419066 8.58816e-05 
0 0.000732504 0 0 0 2.03504e-15 0.685722 0.00329087 0.000156602 0 0.00268061 0.289154 0.0146371 0 0 0.00264571 0.000980826 0 
$SSageCompCatch
 2912 3388 2291
$obsAgeCompCatch
0 0 0 0 0 0 0.215439 0.0854063 3.5175e-05 0 0.00268619 0.649815 0.0441717 0 0 0.00244645 0 0 
0 0.000229569 0 0 0 0.000194328 0.055692 0.0406234 0 0 0.0051517 0.656719 0.230449 0 0 0.00774406 0.00319644 0 
0 0.00123008 0 0 0 0 0.548543 0.02243 0.000241624 0 0.000322165 0.36368 0.0577526 0 0 0.00471045 0.00108988 0 
$predAgeCompCatch
0 3.32364e-06 0 0 0 0.000154974 0.196656 0.091403 3.19523e-05 0 0.00488995 0.647526 0.0562309 7.06113e-05 0 0.00278025 0.000252166 4.09179e-07 
0 7.29227e-05 0 0 0 5.00634e-05 0.126399 0.061951 1.26642e-05 0 0.00227091 0.594227 0.205585 2.55284e-05 0 0.00573668 0.00364797 2.07899e-05 
0 0.00061225 0 0 0 1.07106e-05 0.591701 0.0166811 7.88869e-05 0 0.00122355 0.342396 0.0426793 3.7594e-06 0 0.00299434 0.00161749 1.8949e-06 
$genSS
 -1 -1 -1
$obsGenComp     #GeneticFracData
0 0 0 0 0 
0 0 0 0 0 
0 0 0 0 0 
$predGenComp     #catchGenComp_pred
0 0 0 0 0 
0 0 0 0 0 
0 0 0 0 0 
#PARAMETERS_OF_INTEREST
$catchByGroup
0 0 0 
3.69691e-09 2.13693e-10 1.04711e-11 
0 0 0 
0 0 0 
0 0 0 
1190.2 56.8859 2.76337 
2.65343e+06 153377 7515.58 
1.0993e+06 70664.9 3480.58 
1.95385e-09 1.00974e-10 4.9222e-12 
0 0 0 
69949.9 3343.29 162.408 
8.21281e+06 474726 23261.9 
209579 13472.1 663.564 
0 0 0 
0 0 0 
7030.09 406.361 19.912 
2.26868e-09 1.45835e-10 7.18303e-12 
0 0 0 
0 0 0 
1.20444e-08 4.76396e-10 3.64676e-11 
0 0 0 
0 0 0 
0 0 0 
8.5169e-09 2.77568e-10 2.11254e-11 
3.9839e-08 1.57577e-09 1.20624e-10 
1.7051e-08 7.51557e-10 5.77287e-11 
474.161 16.7328 1.27647 
0 0 0 
7.23937e-09 2.35932e-10 1.79566e-11 
756987 29941.5 2291.99 
2.27347e-08 1.00208e-09 7.69716e-11 
0 0 0 
0 0 0 
32943.8 1303.04 99.7464 
4.54695e-09 2.00415e-10 1.53943e-11 
0 0 0 
0 0 0 
2.11801e-09 1.31839e-10 3.38618e-12 
0 0 0 
0 0 0 
0 0 0 
1133.16 56.1238 1.42573 
253599 15785.7 405.444 
262890 18554.2 479.679 
1.52783e-09 8.31699e-11 2.12214e-12 
0 0 0 
3127.1 154.881 3.93449 
612899 38150.9 979.876 
568323 40111 1036.99 
1058.59 57.626 1.47037 
0 0 0 
2.11801e-09 1.31839e-10 3.38618e-12 
2465.85 174.034 4.4993 
0 0 0 
0 0 0 
9.6643 67.3673 1.18068 
0 0 0 
0 0 0 
0 0 0 
9.38489e-11 7.66017e-10 1.12538e-11 
3605.01 25129.6 440.421 
7830.48 49961.6 967.274 
1.54924e-10 1.18522e-09 1.87173e-11 
0 0 0 
185.394 1513.23 22.2314 
109051 760162 13322.6 
63873.9 407541 7890.13 
0 0 0 
0 0 0 
1562.1 10889 190.84 
1232.36 7862.95 152.229 
6.13434 46.9297 0.741129 
0 0 0 
40.1631 97.2434 238.281 
0 0 0 
0 0 0 
0 0 0 
3.55813e-11 8.7159e-11 2.20144e-10 
37598 91032.9 223063 
275.852 663.305 1596.74 
4.8622 11.8546 29.5776 
0 0 0 
46.8687 114.808 289.98 
15854.3 38386.5 94060.9 
1226.93 2950.23 7101.95 
0 0 0 
0 0 0 
145.064 351.23 860.641 
82.2162 197.694 475.9 
0 0 0 
$escByGroup
 5e-101 3.46707e-09 5e-101 5e-101 5e-101 3928.4 2.48847e+06 616534 3.48136e-09 5e-101 230879 7.70221e+06 117541 5e-101 5e-101 6593.02 1.27237e-09 5e-101 5e-101 1.14542e-08 5e-101 5e-101 5e-101 2.81251e-08 3.78871e-08 9.8452e-09 848.764 5e-101 2.39063e-08 719899 1.31269e-08 5e-101 5e-101 31329.7 2.62539e-09 5e-101 5e-101 1.44083e-09 5e-101 5e-101 5e-101 2940.73 172518 99458.2 2.08094e-09 5e-101 8115.35 416941 215012 1441.83 5e-101 1.44083e-09 932.898 5e-101 5e-101 68.0187 5e-101 5e-101 5e-101 2.82295e-09 25372.6 28668.8 2.33521e-09 5e-101 5576.6 767513 233853 5e-101 5e-101 10994.3 4511.88 92.4646 5e-101 1206.25 5e-101 5e-101 5e-101 3.35119e-09 1.12921e+06 5419.22 257.883 5e-101 4414.27 476162 24103.5 5e-101 5e-101 4356.8 1615.17 5e-101
$catchByGroup
0 3.69691e-09 0 0 0 1190.2 2.65343e+06 1.0993e+06 1.95385e-09 0 69949.9 8.21281e+06 209579 0 0 7030.09 2.26868e-09 0 0 1.20444e-08 0 0 0 8.5169e-09 3.9839e-08 1.7051e-08 474.161 0 7.23937e-09 756987 2.27347e-08 0 0 32943.8 4.54695e-09 0 0 2.11801e-09 0 0 0 1133.16 253599 262890 1.52783e-09 0 3127.1 612899 568323 1058.59 0 2.11801e-09 2465.85 0 0 9.6643 0 0 0 9.38489e-11 3605.01 7830.48 1.54924e-10 0 185.394 109051 63873.9 0 0 1562.1 1232.36 6.13434 0 40.1631 0 0 0 3.55813e-11 37598 275.852 4.8622 0 46.8687 15854.3 1226.93 0 0 145.064 82.2162 0 
0 2.13693e-10 0 0 0 56.8859 153377 70664.9 1.00974e-10 0 3343.29 474726 13472.1 0 0 406.361 1.45835e-10 0 0 4.76396e-10 0 0 0 2.77568e-10 1.57577e-09 7.51557e-10 16.7328 0 2.35932e-10 29941.5 1.00208e-09 0 0 1303.04 2.00415e-10 0 0 1.31839e-10 0 0 0 56.1238 15785.7 18554.2 8.31699e-11 0 154.881 38150.9 40111 57.626 0 1.31839e-10 174.034 0 0 67.3673 0 0 0 7.66017e-10 25129.6 49961.6 1.18522e-09 0 1513.23 760162 407541 0 0 10889 7862.95 46.9297 0 97.2434 0 0 0 8.7159e-11 91032.9 663.305 11.8546 0 114.808 38386.5 2950.23 0 0 351.23 197.694 0 
0 1.04711e-11 0 0 0 2.76337 7515.58 3480.58 4.9222e-12 0 162.408 23261.9 663.564 0 0 19.912 7.18303e-12 0 0 3.64676e-11 0 0 0 2.11254e-11 1.20624e-10 5.77287e-11 1.27647 0 1.79566e-11 2291.99 7.69716e-11 0 0 99.7464 1.53943e-11 0 0 3.38618e-12 0 0 0 1.42573 405.444 479.679 2.12214e-12 0 3.93449 979.876 1036.99 1.47037 0 3.38618e-12 4.4993 0 0 1.18068 0 0 0 1.12538e-11 440.421 967.274 1.87173e-11 0 22.2314 13322.6 7890.13 0 0 190.84 152.229 0.741129 0 238.281 0 0 0 2.20144e-10 223063 1596.74 29.5776 0 289.98 94060.9 7101.95 0 0 860.641 475.9 0 
$Fmort
 0.433704 0.142324 0.0325288
#ESTIMATED_PARAMETERS
$availability
1.48515 1.49041 1.82307 0.146338 0.0550396 
0.191422 0.130699 0.23702 4.0271 0.413765 
0.0404721 0.0433719 0.0261694 0.231335 4.65865 
$availabilityVector
 1.48515 0.191422 0.0404721 1.49041 0.130699 0.0433719 1.82307 0.23702 0.0261694 0.146338 4.0271 0.231335 0.0550396 0.413765 4.65865
$selectivity
 0.40546 1.07731 1.47843 0.675043 1.36375
$RunSize
 0 7.38814e-09 0 0 0 5178.24 5.30279e+06 1.78998e+06 5.54111e-09 0 304335 1.6413e+07 341256 0 0 14049.4 3.69407e-09 0 0 2.40115e-08 0 0 0 3.69407e-08 7.94225e-08 2.77055e-08 1340.93 0 3.13996e-08 1.50912e+06 3.69407e-08 0 0 65676.3 7.38814e-09 0 0 3.69407e-09 0 0 0 4131.44 442309 381382 3.69407e-09 0 11401.3 1.06897e+06 824483 2559.51 0 3.69407e-09 3577.29 0 0 146.231 0 0 0 3.69407e-09 54547.5 87428.2 3.69407e-09 0 7297.45 1.65005e+06 713159 0 0 23636.1 13759.4 146.27 0 1581.93 0 0 0 3.69407e-09 1.4809e+06 7955.12 304.177 0 4865.93 624464 35382.6 0 0 5713.73 2370.98 0
