$ndistricts
3
$ngroups
90
$nstocks
5
$nagecomps
18
$AgeCompLabels
 0.1 0.2 0.3 0.4 0.5 1.1 1.2 1.3 1.4 1.5 2.1 2.2 2.3 2.4 3.1 3.2 3.3 3.4
$navailpar
15
$nselectpar
5
$GENdata
 1 1 1
$maxGradient
1.49768e-05
#LIKELIHOOD_VALUES_AND_PENALTIES
$totalNLL
736.388
$NLLcatch
0.677374
$NLLescape
-6.87916
$NLLagecompCatch
211.993
$NLLagecompEsc
382.877
$NLLgenetics
147.719
$NLLselOne
4.14813e-16
$NLLavailOne
1.24105e-15
$NLLextra
4e-198
$sigmaCat
0.5
$sigmaEsc
0.1
#OBSERVED_AND_PREDICTED_VALUES
$predEsc
 2.43222e+07 175019 717804 1.47516e+06 978312
$obsEsc
 2.43259e+07 175020 717798 1.44461e+06 996612
$predCatch
 1.91396e+07 3.17956e+06 925690
$obsCatch
 1.91396e+07 3.17956e+06 925690
$RunSize
 0 0 5.65157e-09 0 0 5.65157e-09 362536 398292 5.65157e-09 0 1.41289e-08 4.16874e+07 4759.51 0 0 1952.44 5.65157e-09 0 0 0 634.832 0 0 10447.3 43912.6 101675 5.65157e-09 0 5.65157e-09 145739 44301.8 0 0 674.755 5.65157e-09 0 0 0 5.65157e-09 0 0 148.188 97945.3 249932 5.65157e-09 0 3782 479661 233127 0 0 5.65157e-09 2438.35 0 0 0 5.65157e-09 0 0 5.65157e-09 41549.2 298040 685.47 0 5.65157e-09 3.63386e+06 556524 0 0 9242.62 1703.33 0 0 0 9371.92 0 0 207.407 285996 340499 564.326 0 1087.67 1.73214e+06 132498 0 0 5.65157e-09 5.65157e-09 0
$SSageCompEsc
 3350 329 2842 2043 2622
$obsAgeCompEsc
0 0 0 0 0 0 0.00393725 0.00563009 0 0 0 0.990268 8.6402e-05 0 0 7.80646e-05 0 0 
0 0 0.0015124 0 0 0.0507789 0.139089 0.23853 0 0 0 0.463783 0.104145 0 0 0.00216131 0 0 
0 0 0 0 0 0.000188964 0.097737 0.212755 0 0 0.00476217 0.483203 0.199221 0 0 0 0.00213234 0 
0 0 0 0 0 0 0.0109732 0.0369397 0.000200473 0 0 0.891325 0.0590817 0 0 0.00147962 0 0 
0 0 0 0 0 0 0.0979676 0.058409 0 0 0.00104384 0.820319 0.0222603 0 0 0 0 0 
$predAgeCompEsc
0 0 9.96461e-17 0 0 1.9933e-16 0.00855991 0.00702253 1.06884e-16 0 4.98325e-16 0.984288 8.39177e-05 0 0 4.60995e-05 9.96461e-17 0 
0 0 0.00149035 0 0 0.0507078 0.139611 0.238696 1.42639e-14 0 2.74309e-14 0.463346 0.104005 0 0 0.00214524 1.32678e-14 0 
0 0 4.8203e-15 0 0 0.00018843 0.0985062 0.213171 5.01202e-15 0 0.00480906 0.482408 0.198838 0 0 5.68393e-15 0.00207971 0 
0 0 5.24254e-16 0 0 3.04685e-15 0.0103796 0.027647 8.70687e-05 0 3.04685e-15 0.907795 0.0516246 0 0 0.00230895 0.000158005 0 
0 0 0.00201261 0 0 0.000174314 0.126858 0.0731219 0.000149912 0 0.000914132 0.768316 0.0284538 0 0 2.50684e-15 1.21367e-15 0 
$SSageCompCatch
 6141 6053 2037
$obsAgeCompCatch
0 0 0 0 0 0 0.0187982 0.0310739 0 0 7.14378e-05 0.933383 0.0166738 0 0 0 0 0 
0 0 0.000388111 0 0 0 0.0191327 0.061349 0 0 0 0.825161 0.0913486 0 0 0.00214188 0.00047902 0 
0 0 0.0071168 0 0 0.000232458 0.135416 0.194273 0.000465574 0 0 0.585005 0.0774918 0 0 0 0 0 
$predAgeCompCatch
0 0 5.50748e-05 0 0 8.11769e-05 0.0113533 0.025801 1.31873e-05 0 1.77364e-05 0.946139 0.01629 0 0 0.00017129 7.80043e-05 0 
0 0 0.00075236 0 0 1.32193e-05 0.0235158 0.0809809 0.000149009 0 1.99827e-05 0.789884 0.103247 0 0 0.00115073 0.000286781 0 
0 0 0.00467831 0 0 2.86663e-05 0.104912 0.172003 0.000268464 0 0.00013007 0.648596 0.0693389 0 0 3.22372e-05 1.18538e-05 0 
$genSS
 328 284 280
$obsGenComp     #GeneticFracData
0.902662 0.0075339 0.015771 0.0704169 0.00361627 
0.240506 0.00150693 0.00221017 0.606088 0.149689 
0.00241133 0.000502361 0.00110519 0.0177836 0.978198 
$predGenComp     #catchGenComp_pred
0.905673 0.00875442 0.0178556 0.0606035 0.00711389 
0.250508 0.00134918 0.00201677 0.594734 0.151393 
0.00219487 0.000562147 0.00115587 0.016782 0.979305 
#PARAMETERS_OF_INTEREST
$catchByGroup
0 0 0 
0 0 0 
3.07005e-09 1.57505e-10 4.03631e-13 
0 0 0 
0 0 0 
7.73432e-10 2.99237e-11 7.58135e-14 
147553 6769.96 17.2681 
216360 11100.1 28.4457 
2.90624e-09 1.45299e-10 3.7194e-13 
0 0 0 
1.93358e-09 7.48093e-11 1.89534e-13 
1.69669e+07 778465 1985.62 
2585.46 132.644 0.33992 
0 0 0 
0 0 0 
794.651 36.4597 0.0929975 
3.07005e-09 1.57505e-10 4.03631e-13 
0 0 0 
0 0 0 
0 0 0 
362.92 9.87241 1.19889 
0 0 0 
0 0 0 
1538.04 30.7098 3.70857 
18966.1 456.623 55.3246 
58125.4 1581.17 192.014 
3.06425e-09 8.10378e-11 9.83578e-12 
0 0 0 
8.32017e-10 1.66128e-11 2.00619e-12 
62945.4 1515.45 183.613 
25326.4 688.947 83.6645 
0 0 0 
0 0 0 
291.431 7.0164 0.85011 
3.23088e-09 8.78888e-11 1.06731e-11 
0 0 0 
0 0 0 
0 0 0 
2.14303e-09 4.15635e-11 6.93842e-12 
0 0 0 
0 0 0 
12.6923 0.205308 0.0341877 
26675.9 480.987 80.2115 
94772.2 1838.08 306.841 
2.00921e-09 3.83112e-11 6.39395e-12 
0 0 0 
323.928 5.23982 0.872529 
130638 2355.51 392.815 
88400.1 1714.5 286.21 
0 0 0 
0 0 0 
1.53923e-09 2.77535e-11 4.6283e-12 
924.605 17.9325 2.99356 
0 0 0 
0 0 0 
0 0 0 
1.8858e-09 2.96593e-09 2.64751e-11 
0 0 0 
0 0 0 
4.14928e-10 7.3707e-10 4.98214e-12 
9855.39 16252.3 129.911 
99449.3 156411 1396.19 
213.932 340.138 2.95955 
0 0 0 
4.14928e-10 7.3707e-10 4.98214e-12 
861945 1.42142e+06 11361.9 
185700 292063 2607.07 
0 0 0 
0 0 0 
2192.33 3615.33 28.8986 
568.363 893.904 7.97936 
0 0 0 
0 0 0 
0 0 0 
691.189 2382.3 4329.47 
0 0 0 
0 0 0 
2.96312 11.1164 22.7933 
14245.6 50810.1 96833.7 
25112.2 86553.4 157298 
38.4659 133.645 245.555 
0 0 0 
15.5391 58.2963 119.532 
86279 307732 586475 
9771.87 33680.4 61209 
0 0 0 
0 0 0 
2.81508e-10 1.00406e-09 1.91353e-09 
4.16809e-10 1.4366e-09 2.61081e-09 
0 0 0 
$escByGroup
 5e-101 5e-101 2.42361e-09 5e-101 5e-101 4.84813e-09 208196 170803 2.59965e-09 5e-101 1.21203e-08 2.394e+07 2041.06 5e-101 5e-101 1121.24 2.42361e-09 5e-101 5e-101 5e-101 260.84 5e-101 5e-101 8874.82 24434.6 41776.2 2.49644e-09 5e-101 4.80093e-09 81094.2 18202.8 5e-101 5e-101 375.458 2.32212e-09 5e-101 5e-101 5e-101 3.46003e-09 5e-101 5e-101 135.256 70708.2 153015 3.59765e-09 5e-101 3451.96 346275 142727 5e-101 5e-101 4.07995e-09 1492.82 5e-101 5e-101 5e-101 7.73357e-10 5e-101 5e-101 4.49459e-09 15311.6 40783.6 128.44 5e-101 4.49459e-09 1.33914e+06 76154.4 5e-101 5e-101 3406.06 233.083 5e-101 5e-101 5e-101 1968.96 5e-101 5e-101 170.534 124106 71536 146.66 5e-101 894.306 751653 27836.7 5e-101 5e-101 2.45247e-09 1.18735e-09 5e-101
$catchByGroup
0 0 3.07005e-09 0 0 7.73432e-10 147553 216360 2.90624e-09 0 1.93358e-09 1.69669e+07 2585.46 0 0 794.651 3.07005e-09 0 0 0 362.92 0 0 1538.04 18966.1 58125.4 3.06425e-09 0 8.32017e-10 62945.4 25326.4 0 0 291.431 3.23088e-09 0 0 0 2.14303e-09 0 0 12.6923 26675.9 94772.2 2.00921e-09 0 323.928 130638 88400.1 0 0 1.53923e-09 924.605 0 0 0 1.8858e-09 0 0 4.14928e-10 9855.39 99449.3 213.932 0 4.14928e-10 861945 185700 0 0 2192.33 568.363 0 0 0 691.189 0 0 2.96312 14245.6 25112.2 38.4659 0 15.5391 86279 9771.87 0 0 2.81508e-10 4.16809e-10 0 
0 0 1.57505e-10 0 0 2.99237e-11 6769.96 11100.1 1.45299e-10 0 7.48093e-11 778465 132.644 0 0 36.4597 1.57505e-10 0 0 0 9.87241 0 0 30.7098 456.623 1581.17 8.10378e-11 0 1.66128e-11 1515.45 688.947 0 0 7.0164 8.78888e-11 0 0 0 4.15635e-11 0 0 0.205308 480.987 1838.08 3.83112e-11 0 5.23982 2355.51 1714.5 0 0 2.77535e-11 17.9325 0 0 0 2.96593e-09 0 0 7.3707e-10 16252.3 156411 340.138 0 7.3707e-10 1.42142e+06 292063 0 0 3615.33 893.904 0 0 0 2382.3 0 0 11.1164 50810.1 86553.4 133.645 0 58.2963 307732 33680.4 0 0 1.00406e-09 1.4366e-09 0 
0 0 4.03631e-13 0 0 7.58135e-14 17.2681 28.4457 3.7194e-13 0 1.89534e-13 1985.62 0.33992 0 0 0.0929975 4.03631e-13 0 0 0 1.19889 0 0 3.70857 55.3246 192.014 9.83578e-12 0 2.00619e-12 183.613 83.6645 0 0 0.85011 1.06731e-11 0 0 0 6.93842e-12 0 0 0.0341877 80.2115 306.841 6.39395e-12 0 0.872529 392.815 286.21 0 0 4.6283e-12 2.99356 0 0 0 2.64751e-11 0 0 4.98214e-12 129.911 1396.19 2.95955 0 4.98214e-12 11361.9 2607.07 0 0 28.8986 7.97936 0 0 0 4329.47 0 0 22.7933 96833.7 157298 245.555 0 119.532 586475 61209 0 0 1.91353e-09 2.61081e-09 0 
$Fmort
 4.68269 1.96765 1.13456
#ESTIMATED_PARAMETERS
$availability
1.51221 1.63636 0.920063 0.783518 0.147856 
0.12982 0.071987 0.0339029 3.41722 1.34707 
0.000568906 0.0150571 0.00978517 0.0374023 4.93719 
$availabilityVector
 1.51221 0.12982 0.000568906 1.63636 0.071987 0.0150571 0.920063 0.0339029 0.00978517 0.783518 3.41722 0.0374023 0.147856 1.34707 4.93719
$selectivity
 0.0207832 0.0737963 0.110653 0.101965 4.6928
$RunSize
 0 0 5.65157e-09 0 0 5.65157e-09 362536 398292 5.65157e-09 0 1.41289e-08 4.16874e+07 4759.51 0 0 1952.44 5.65157e-09 0 0 0 634.832 0 0 10447.3 43912.6 101675 5.65157e-09 0 5.65157e-09 145739 44301.8 0 0 674.755 5.65157e-09 0 0 0 5.65157e-09 0 0 148.188 97945.3 249932 5.65157e-09 0 3782 479661 233127 0 0 5.65157e-09 2438.35 0 0 0 5.65157e-09 0 0 5.65157e-09 41549.2 298040 685.47 0 5.65157e-09 3.63386e+06 556524 0 0 9242.62 1703.33 0 0 0 9371.92 0 0 207.407 285996 340499 564.326 0 1087.67 1.73214e+06 132498 0 0 5.65157e-09 5.65157e-09 0
