$ndistricts
3
$ngroups
90
$nstocks
5
$nagecomps
18
$AgeCompLabels
 0.1 0.2 0.3 0.4 0.5 1.1 1.2 1.3 1.4 1.5 2.1 2.2 2.3 2.4 3.1 3.2 3.3 3.4
$navailpar
15
$nselectpar
5
$GENdata
 -1 -1 -1
$maxGradient
6.15933e-05
#LIKELIHOOD_VALUES_AND_PENALTIES
$totalNLL
1015.04
$NLLcatch
0.677374
$NLLescape
-6.70575
$NLLagecompCatch
409.082
$NLLagecompEsc
611.99
$NLLgenetics
0
$NLLselOne
9.26587e-17
$NLLavailOne
1.9451e-09
$NLLextra
3.35264e-10
$sigmaCat
0.5
$sigmaEsc
0.1
#OBSERVED_AND_PREDICTED_VALUES
$predEsc
 1.65596e+06 3.54743e+06 1.87069e+06 1.20033e+06 772692
$obsEsc
 1.6868e+06 3.67615e+06 1.83117e+06 1.15212e+06 790202
$predCatch
 286515 2.2915e+06 1.74893e+06
$obsCatch
 286515 2.2915e+06 1.74893e+06
$RunSize
 0 0 0 0 0 1.49474e-09 956071 345184 1.49474e-09 1.49474e-09 49220.2 316101 116504 1.49474e-09 0 1.49474e-09 1.49474e-09 0 0 0 0 0 0 1933.07 746999 2.25503e+06 38971.8 1.49474e-09 2.98947e-09 243965 551504 5.23158e-09 0 2.24211e-09 2.24211e-09 0 0 0 0 0 0 2719.4 348074 795453 5136.35 1.49474e-09 6525.91 259588 661629 1569.86 0 1.49474e-09 1.49474e-09 0 0 0 0 0 0 550.681 161603 74111.2 3.73684e-09 1.49474e-09 174628 489876 2.05213e+06 3051.9 90.6187 233570 9069.56 0 0 0 0 0 0 2164.02 1.22101e+06 294822 11689.2 137.511 23719.3 510424 408900 337.321 0 4.70842e-08 5.90421e-07 0
$SSageCompEsc
 754 719 1403 1361 1338
$obsAgeCompEsc
0 0 0 0 0 0 0.556576 0.193287 0 0 0.0293028 0.165296 0.0555391 0 0 0 0 0 
0 0 0 0 0 0.000517204 0.211433 0.61498 0.0130887 0 0 0.0552419 0.104739 0 0 0 0 0 
0 0 0 0 0 0.00145949 0.18735 0.409048 0.00300446 0 0.00358951 0.121373 0.273593 0.000582612 0 0 0 0 
0 0 0 0 0 0.000409714 0.0792896 0.0234694 0 0 0.133921 0.155794 0.538665 0.000199072 7.45655e-05 0.0654868 0.00268997 0 
0 0 0 0 0 0.00227804 0.678804 0.0845323 0.000724781 0 0.0261921 0.141641 0.0658274 0 0 0 0 0 
$predAgeCompEsc
0 0 0 0 0 8.93119e-16 0.540141 0.188309 7.97121e-16 7.73294e-16 0.0294095 0.178584 0.0635565 7.97121e-16 0 8.44465e-16 8.15427e-16 0 
0 0 0 0 0 0.000540012 0.198959 0.583045 0.00988447 3.69519e-16 8.35122e-16 0.0649785 0.142593 1.32689e-15 0 5.97172e-16 5.79703e-16 0 
0 0 0 0 0 0.0014358 0.17212 0.377524 0.00237352 6.66471e-16 0.00344557 0.128364 0.314011 0.000725439 0 7.39136e-16 7.09407e-16 0 
0 0 0 0 0 0.000408014 0.0626838 0.0182666 6.57598e-16 1.50751e-16 0.129386 0.190018 0.505799 0.000537064 6.71418e-05 0.0905992 0.00223542 0 
0 0 0 0 0 0.00241003 0.569852 0.0677436 0.00136519 -7.49354e-12 0.0264157 0.238218 0.0939561 3.9396e-05 0 2.19745e-14 1.35666e-13 0 
$SSageCompCatch
 7313 5619 6440
$obsAgeCompCatch
0 0 0 0 0 8.23783e-05 0.148505 0.410104 0.00329201 0 0.000419354 0.107935 0.327566 0.000526202 0 0.00157031 0 0 
0 0 0 0 0 7.30611e-05 0.063537 0.0772137 0.00128944 0 0.00943491 0.177631 0.593864 0.00136812 0 0.0734217 0.00216756 0 
0 0 0 0 0 0.000235817 0.295992 0.124879 0.00633453 7.63367e-05 0.0018969 0.272973 0.284154 0.000347131 0 0.0126139 0.000498118 0 
$predAgeCompCatch
0 0 0 0 0 7.89763e-05 0.19568 0.481365 0.00741649 1.04005e-06 0.0010997 0.0844424 0.227356 0.000362036 1.30566e-07 0.00207703 0.000121652 0 
0 0 0 0 0 4.59798e-05 0.0964244 0.092738 0.0014358 8.70449e-06 0.00812772 0.130877 0.616788 0.00101107 4.09059e-06 0.0500114 0.00252819 0 
0 0 0 0 0 0.000163321 0.411077 0.14496 0.00561645 6.70504e-05 0.00245219 0.181446 0.248106 0.000289506 3.51672e-07 0.00550285 0.000319105 0 
$genSS
 -1 -1 -1
$obsGenComp     #GeneticFracData
0 0 0 0 0 
0 0 0 0 0 
0 0 0 0 0 
$predGenComp     #catchGenComp_pred
0 0 0 0 0 
0 0 0 0 0 
0 0 0 0 0 
#PARAMETERS_OF_INTEREST
$catchByGroup
0 0 0 
0 0 0 
0 0 0 
0 0 0 
0 0 0 
6.25055e-12 7.73785e-12 1.77988e-12 
24435.5 30172.1 7012.22 
13228.9 16309.2 3814.1 
6.93182e-11 8.53745e-11 2.00452e-11 
8.49857e-11 1.04536e-10 2.46722e-11 
205.824 254.8 58.6097 
8078.99 9975.65 2318.42 
4464.9 5504.54 1287.3 
6.93182e-11 8.53745e-11 2.00452e-11 
0 0 0 
3.82028e-11 4.71715e-11 1.0963e-11 
5.72844e-11 7.06229e-11 1.6516e-11 
0 0 0 
0 0 0 
0 0 0 
0 0 0 
0 0 0 
0 0 0 
8.11207 6.83822 2.46666 
19158.6 16177.7 5869.81 
86721.6 73303.8 26691.6 
1813.55 1533.96 559.81 
8.52774e-11 7.21922e-11 2.64242e-11 
1.25452e-11 1.05752e-11 3.81466e-12 
6257.07 5283.51 1917.04 
21209.1 17927.6 6527.85 
2.43451e-10 2.05919e-10 7.51489e-11 
0 0 0 
5.75043e-11 4.8557e-11 1.76181e-11 
8.62245e-11 7.28836e-11 2.65386e-11 
0 0 0 
0 0 0 
0 0 0 
0 0 0 
0 0 0 
0 0 0 
13.9525 17.4202 2.09425 
10888.3 13549.8 1652.87 
37256.4 46271 5694.37 
290.833 360.747 44.6451 
1.03637e-10 1.28339e-10 1.6e-11 
33.4826 41.8045 5.02571 
8120.32 10105.2 1232.69 
30988.5 38486.5 4736.37 
88.8896 110.258 13.6453 
0 0 0 
4.67578e-11 5.81869e-11 7.09795e-12 
7.00086e-11 8.69478e-11 1.07003e-11 
0 0 0 
0 0 0 
0 0 0 
0 0 0 
0 0 0 
0 0 0 
0.227332 56.9624 3.73761 
411.739 79290.4 6658.74 
284.816 47340 4560.41 
1.74433e-11 2.65253e-09 2.77534e-10 
8.59666e-12 1.16954e-09 1.35647e-10 
72.0897 18063.5 1185.24 
1248.13 240358 20185.1 
7886.51 1.31083e+06 126277 
14.2461 2166.33 226.664 
0.0374092 9.37358 0.615051 
595.101 114601 9624.12 
34.8551 5793.35 558.093 
0 0 0 
0 0 0 
0 0 0 
0 0 0 
0 0 0 
0 0 0 
0.336044 24.142 277.339 
1171 81766.8 697752 
426.658 29285.4 212765 
20.5522 1395.42 9218.34 
0.297989 19.9463 117.267 
3.68328 264.614 3039.84 
489.517 34181.4 291685 
591.748 40617.1 295092 
0.593087 40.2685 266.019 
0 0 0 
4.51556e-11 3.15307e-09 2.69065e-08 
8.54439e-10 5.8648e-08 4.26091e-07 
0 0 0 
$escByGroup
 5e-101 5e-101 5e-101 5e-101 5e-101 1.47897e-09 894451 311832 1.32e-09 1.28054e-09 48700.9 295728 105247 1.32e-09 5e-101 1.3984e-09 1.35031e-09 5e-101 5e-101 5e-101 5e-101 5e-101 5e-101 1915.66 705793 2.06831e+06 35064.5 1.31084e-09 2.96254e-09 230507 505839 4.70706e-09 5e-101 2.11843e-09 2.05646e-09 5e-101 5e-101 5e-101 5e-101 5e-101 5e-101 2685.93 321983 706231 4440.12 1.24676e-09 6445.6 240129 587418 1357.07 5e-101 1.38269e-09 1.32708e-09 5e-101 5e-101 5e-101 5e-101 5e-101 5e-101 489.754 75241.6 21926 7.89337e-10 1.80952e-10 155307 228085 607128 644.656 80.5926 108749 2683.26 5e-101 5e-101 5e-101 5e-101 5e-101 5e-101 1862.21 440320 52344.9 1054.87 1.72706e-195 20411.2 184069 72599.1 30.441 5e-101 1.69795e-08 1.04828e-07 5e-101
$catchByGroup
0 0 0 0 0 6.25055e-12 24435.5 13228.9 6.93182e-11 8.49857e-11 205.824 8078.99 4464.9 6.93182e-11 0 3.82028e-11 5.72844e-11 0 0 0 0 0 0 8.11207 19158.6 86721.6 1813.55 8.52774e-11 1.25452e-11 6257.07 21209.1 2.43451e-10 0 5.75043e-11 8.62245e-11 0 0 0 0 0 0 13.9525 10888.3 37256.4 290.833 1.03637e-10 33.4826 8120.32 30988.5 88.8896 0 4.67578e-11 7.00086e-11 0 0 0 0 0 0 0.227332 411.739 284.816 1.74433e-11 8.59666e-12 72.0897 1248.13 7886.51 14.2461 0.0374092 595.101 34.8551 0 0 0 0 0 0 0.336044 1171 426.658 20.5522 0.297989 3.68328 489.517 591.748 0.593087 0 4.51556e-11 8.54439e-10 0 
0 0 0 0 0 7.73785e-12 30172.1 16309.2 8.53745e-11 1.04536e-10 254.8 9975.65 5504.54 8.53745e-11 0 4.71715e-11 7.06229e-11 0 0 0 0 0 0 6.83822 16177.7 73303.8 1533.96 7.21922e-11 1.05752e-11 5283.51 17927.6 2.05919e-10 0 4.8557e-11 7.28836e-11 0 0 0 0 0 0 17.4202 13549.8 46271 360.747 1.28339e-10 41.8045 10105.2 38486.5 110.258 0 5.81869e-11 8.69478e-11 0 0 0 0 0 0 56.9624 79290.4 47340 2.65253e-09 1.16954e-09 18063.5 240358 1.31083e+06 2166.33 9.37358 114601 5793.35 0 0 0 0 0 0 24.142 81766.8 29285.4 1395.42 19.9463 264.614 34181.4 40617.1 40.2685 0 3.15307e-09 5.8648e-08 0 
0 0 0 0 0 1.77988e-12 7012.22 3814.1 2.00452e-11 2.46722e-11 58.6097 2318.42 1287.3 2.00452e-11 0 1.0963e-11 1.6516e-11 0 0 0 0 0 0 2.46666 5869.81 26691.6 559.81 2.64242e-11 3.81466e-12 1917.04 6527.85 7.51489e-11 0 1.76181e-11 2.65386e-11 0 0 0 0 0 0 2.09425 1652.87 5694.37 44.6451 1.6e-11 5.02571 1232.69 4736.37 13.6453 0 7.09795e-12 1.07003e-11 0 0 0 0 0 0 3.73761 6658.74 4560.41 2.77534e-10 1.35647e-10 1185.24 20185.1 126277 226.664 0.615051 9624.12 558.093 0 0 0 0 0 0 277.339 697752 212765 9218.34 117.267 3039.84 291685 295092 266.019 0 2.69065e-08 4.26091e-07 0 
$Fmort
 0.0235909 0.226695 0.24614
#ESTIMATED_PARAMETERS
$availability
1.48515 1.49041 1.82307 0.146338 0.0550396 
0.191422 0.130699 0.23702 4.0271 0.413765 
0.0404721 0.0433719 0.0261694 0.231335 4.65865 
$availabilityVector
 1.48515 0.191422 0.0404721 1.49041 0.130699 0.0433719 1.82307 0.23702 0.0261694 0.146338 4.0271 0.231335 0.0550396 0.413765 4.65865
$selectivity
 0.119605 0.738968 1.11536 1.35531 1.67076
$RunSize
 0 0 0 0 0 1.49474e-09 956071 345184 1.49474e-09 1.49474e-09 49220.2 316101 116504 1.49474e-09 0 1.49474e-09 1.49474e-09 0 0 0 0 0 0 1933.07 746999 2.25503e+06 38971.8 1.49474e-09 2.98947e-09 243965 551504 5.23158e-09 0 2.24211e-09 2.24211e-09 0 0 0 0 0 0 2719.4 348074 795453 5136.35 1.49474e-09 6525.91 259588 661629 1569.86 0 1.49474e-09 1.49474e-09 0 0 0 0 0 0 550.681 161603 74111.2 3.73684e-09 1.49474e-09 174628 489876 2.05213e+06 3051.9 90.6187 233570 9069.56 0 0 0 0 0 0 2164.02 1.22101e+06 294822 11689.2 137.511 23719.3 510424 408900 337.321 0 4.70842e-08 5.90421e-07 0
