$ndistricts
3
$ngroups
90
$nstocks
5
$nagecomps
18
$AgeCompLabels
 0.1 0.2 0.3 0.4 0.5 1.1 1.2 1.3 1.4 1.5 2.1 2.2 2.3 2.4 3.1 3.2 3.3 3.4
$navailpar
15
$nselectpar
5
$GENdata
 -1 -1 -1
$maxGradient
7.01513e-06
#LIKELIHOOD_VALUES_AND_PENALTIES
$totalNLL
832.972
$NLLcatch
0.677374
$NLLescape
-6.86973
$NLLagecompCatch
389.575
$NLLagecompEsc
449.59
$NLLgenetics
0
$NLLselOne
2.78122e-16
$NLLavailOne
1.9451e-09
$NLLextra
2.6e-198
$sigmaCat
0.5
$sigmaEsc
0.1
#OBSERVED_AND_PREDICTED_VALUES
$predEsc
 5.90907e+06 396850 1.07403e+06 1.28394e+06 685630
$obsEsc
 6.06588e+06 393236 1.06181e+06 1.27355e+06 686894
$predCatch
 4.68584e+06 5.35667e+06 2.12865e+06
$obsCatch
 4.68584e+06 5.35667e+06 2.12865e+06
$RunSize
 889.995 6.00978e-09 6.00978e-09 2.40391e-09 0 3.60587e-09 8.65574e+06 362654 3.60587e-09 0 2728.13 479758 138060 2.40391e-09 0 3.60587e-09 0 0 1.68274e-08 498.573 11377.6 3.60587e-09 0 3.60587e-08 2.7645e-08 687829 8.4137e-09 0 0 2.04333e-08 1.02166e-07 4.80783e-09 0 6.00978e-09 0 0 2.40391e-09 2.40391e-09 2.40391e-09 2.40391e-09 0 231.92 169705 893308 17815.4 0 7362.36 213410 895100 1422.78 0 2.40391e-09 0 0 2.40391e-09 2.40391e-09 2.40391e-09 2.40391e-09 0 470.576 1.23767e+06 1.86472e+06 3136.81 0 7054.63 1.6336e+06 1.42105e+06 2.40391e-09 0 6085.12 0 0 261.52 1405.31 11578.2 1116.21 0 71.5518 707949 657229 3414.74 0 3486.35 524191 896855 1276.84 0 170.133 0 0
$SSageCompEsc
 2101 0 1590 3411 2883
$obsAgeCompEsc
0.000138951 0 0 0 0 0 0.905737 0.0282806 0 0 0.000458995 0.0532215 0.0121625 0 0 0 0 0 
0 0 0 0 0 0 0.601116 0.250188 0 0 0 0.102692 0.0460043 0 0 0 0 0 
0 0 0 0 0 0.000193986 0.0883427 0.386537 0.00689522 0 0.00647937 0.112836 0.398094 0.000622798 0 0 0 0 
0 0 0 0 0 0 0.247385 0.27251 0.000154304 0 0.00482559 0.281178 0.193344 0 0 0.000602129 0 0 
0 0.000688538 0.00346092 0 0 8.78641e-05 0.356808 0.198392 0.000263123 0 0.00454569 0.199482 0.236272 0 0 0 0 0 
$predAgeCompEsc
0.000140107 6.26828e-16 5.59155e-16 1.80436e-16 0 5.67652e-16 0.902804 0.0337416 2.70653e-16 0 0.000429474 0.0500394 0.0128452 1.80436e-16 0 3.76097e-16 0 0 
3.95419e-14 0.000792339 0.0162593 4.23434e-15 0 8.47326e-14 4.39338e-14 0.982948 9.88012e-15 0 0 3.24728e-14 1.46002e-13 5.64578e-15 0 9.55083e-15 0 0 
2.04907e-15 1.22986e-15 1.06336e-15 8.0303e-16 0 0.000197686 0.0868226 0.395151 0.00595127 0 0.0062756 0.109182 0.395944 0.000475282 0 1.22986e-15 0 0 
1.54975e-15 4.74479e-16 3.12476e-16 9.09982e-17 0 0.00030337 0.244288 0.242388 0.000118742 0 0.00454797 0.322437 0.184716 9.09982e-17 0 0.00120107 0 0 
0.000324655 0.000608734 0.00340409 0.000102773 0 8.88256e-05 0.306661 0.193231 0.000314406 0 0.00432801 0.227063 0.263682 0.000117563 0 7.36963e-05 0 0 
$SSageCompCatch
 4700 3665 3148
$obsAgeCompCatch
0 5.1072e-05 0.00121198 0 0 0 0.60318 0.223275 0.0012017 0 0 0.0542597 0.116775 4.5905e-05 0 0 0 0 
0 0 0 0 0 0.000337437 0.260194 0.257555 0.00086436 0 0 0.263324 0.216497 0 0 0.00122869 0 0 
0.00035177 0.000333985 0.0038326 0.000537956 0 0 0.185069 0.250283 0.00144647 0 0 0.210744 0.346351 0.000620748 0 0.00042829 0 0 
$predAgeCompCatch
1.15917e-05 3.90553e-05 0.00096791 5.45767e-06 0 4.2905e-06 0.627034 0.190605 0.00209429 0 0.00016165 0.0656335 0.113224 0.000168969 0 4.99149e-05 0 0 
2.22792e-06 3.12225e-05 0.00036621 3.41786e-05 0 1.46731e-05 0.252096 0.294029 0.00091213 0 0.000239492 0.220632 0.230817 6.50035e-05 0 0.000760143 0 0 
1.63332e-05 0.000386074 0.00360428 0.000393248 0 5.92545e-06 0.249261 0.253689 0.00136596 0 0.000237904 0.178019 0.312398 0.000455024 0 0.000167666 0 0 
$genSS
 -1 -1 -1
$obsGenComp     #GeneticFracData
0 0 0 0 0 
0 0 0 0 0 
0 0 0 0 0 
$predGenComp     #catchGenComp_pred
0 0 0 0 0 
0 0 0 0 0 
0 0 0 0 0 
#PARAMETERS_OF_INTEREST
$catchByGroup
53.7143 7.31207 1.06606 
1.95508e-09 3.05375e-10 4.53603e-11 
2.2821e-09 3.68592e-10 5.5009e-11 
1.11773e-09 1.91209e-10 2.87727e-11 
0 0 0 
2.17627e-10 2.96253e-11 4.31922e-12 
2.81585e+06 439824 65331.3 
137711 22242.3 3319.46 
1.67659e-09 2.86813e-10 4.3159e-11 
0 0 0 
164.652 22.4139 3.26783 
156073 24378 3621.09 
52425.5 8467.48 1263.69 
1.11773e-09 1.91209e-10 2.87727e-11 
0 0 0 
1.17305e-09 1.83225e-10 2.72162e-11 
0 0 0 
0 0 0 
1.01907e-09 9.4519e-11 2.15996e-11 
162.661 17.4402 4.03164 
4332.34 481.218 111.567 
1.68085e-09 1.98391e-10 4.62314e-11 
0 0 0 
2.18372e-09 2.02541e-10 4.62849e-11 
9.01929e-09 9.67028e-10 2.23547e-10 
261909 29091.8 6744.74 
3.92198e-09 4.62913e-10 1.07873e-10 
0 0 0 
0 0 0 
6.66643e-09 7.1476e-10 1.65231e-10 
3.89026e-08 4.32113e-09 1.00183e-09 
2.24113e-09 2.64522e-10 6.16419e-11 
0 0 0 
1.96072e-09 2.10224e-10 4.85972e-11 
0 0 0 
0 0 0 
1.76853e-10 2.44309e-11 1.86228e-12 
9.20935e-10 1.5032e-10 1.17478e-11 
1.06638e-09 1.81203e-10 1.42507e-11 
1.28832e-09 2.34466e-10 1.86441e-11 
0 0 0 
17.0621 2.357 0.179665 
65013.7 10611.9 829.338 
396271 67335.9 5295.65 
9547.79 1737.63 138.172 
0 0 0 
541.64 74.8235 5.70351 
81757 13344.8 1042.92 
397066 67471 5306.28 
762.509 138.771 11.0347 
0 0 0 
9.20935e-10 1.5032e-10 1.17478e-11 
0 0 0 
0 0 0 
1.47002e-11 3.83019e-10 1.64124e-11 
9.1426e-11 1.6014e-09 1.01882e-10 
1.10507e-10 1.76912e-09 1.23087e-10 
1.43668e-10 1.98352e-09 1.59889e-10 
0 0 0 
2.87763 74.9776 3.21281 
47071 824490 52454.3 
85720.9 1.37231e+06 95478.8 
187.47 2588.25 208.636 
0 0 0 
43.14 1124.02 48.1647 
62129.4 1.08825e+06 69234.8 
65325.2 1.0458e+06 72761.4 
1.43668e-10 1.98352e-09 1.59889e-10 
0 0 0 
231.43 4053.7 257.897 
0 0 0 
0 0 0 
0.602639 4.62215 33.7016 
20.3455 149.808 817.785 
203.129 1480.45 7560.69 
25.5738 183.083 837.089 
0 0 0 
0.164882 1.26462 9.22075 
10249.4 75468.7 411975 
11530.5 84036.6 429178 
78.236 560.093 2560.84 
0 0 0 
8.03385 61.6183 449.279 
7589.05 55879.8 305041 
15734.5 114676 585656 
29.2541 209.43 957.553 
0 0 0 
2.46313 18.1365 99.0051 
0 0 0 
0 0 0 
$escByGroup
 827.902 3.70397e-09 3.30409e-09 1.06621e-09 5e-101 3.3543e-09 5.33474e+06 199382 1.59931e-09 5e-101 2537.8 295686 75903.2 1.06621e-09 5e-101 2.22238e-09 5e-101 5e-101 1.56922e-08 314.44 6452.52 1.6804e-09 5e-101 3.36262e-08 1.74351e-08 390083 3.92093e-09 5e-101 5e-101 1.28868e-08 5.79408e-08 2.24053e-09 5e-101 3.79025e-09 5e-101 5e-101 2.20077e-09 1.32091e-09 1.14208e-09 8.6248e-10 5e-101 212.321 93250.2 424405 6391.85 5e-101 6740.19 117265 425256 510.468 5e-101 1.32091e-09 5e-101 5e-101 1.98978e-09 6.09201e-10 4.01199e-10 1.16836e-10 5e-101 389.508 313650 311211 152.457 5e-101 5839.3 413989 237164 1.16836e-10 5e-101 1542.09 5e-101 5e-101 222.593 417.366 2333.94 70.4644 5e-101 60.9015 210256 132485 215.566 5e-101 2967.41 155681 180789 80.6048 5e-101 50.5284 5e-101 5e-101
$catchByGroup
53.7143 1.95508e-09 2.2821e-09 1.11773e-09 0 2.17627e-10 2.81585e+06 137711 1.67659e-09 0 164.652 156073 52425.5 1.11773e-09 0 1.17305e-09 0 0 1.01907e-09 162.661 4332.34 1.68085e-09 0 2.18372e-09 9.01929e-09 261909 3.92198e-09 0 0 6.66643e-09 3.89026e-08 2.24113e-09 0 1.96072e-09 0 0 1.76853e-10 9.20935e-10 1.06638e-09 1.28832e-09 0 17.0621 65013.7 396271 9547.79 0 541.64 81757 397066 762.509 0 9.20935e-10 0 0 1.47002e-11 9.1426e-11 1.10507e-10 1.43668e-10 0 2.87763 47071 85720.9 187.47 0 43.14 62129.4 65325.2 1.43668e-10 0 231.43 0 0 0.602639 20.3455 203.129 25.5738 0 0.164882 10249.4 11530.5 78.236 0 8.03385 7589.05 15734.5 29.2541 0 2.46313 0 0 
7.31207 3.05375e-10 3.68592e-10 1.91209e-10 0 2.96253e-11 439824 22242.3 2.86813e-10 0 22.4139 24378 8467.48 1.91209e-10 0 1.83225e-10 0 0 9.4519e-11 17.4402 481.218 1.98391e-10 0 2.02541e-10 9.67028e-10 29091.8 4.62913e-10 0 0 7.1476e-10 4.32113e-09 2.64522e-10 0 2.10224e-10 0 0 2.44309e-11 1.5032e-10 1.81203e-10 2.34466e-10 0 2.357 10611.9 67335.9 1737.63 0 74.8235 13344.8 67471 138.771 0 1.5032e-10 0 0 3.83019e-10 1.6014e-09 1.76912e-09 1.98352e-09 0 74.9776 824490 1.37231e+06 2588.25 0 1124.02 1.08825e+06 1.0458e+06 1.98352e-09 0 4053.7 0 0 4.62215 149.808 1480.45 183.083 0 1.26462 75468.7 84036.6 560.093 0 61.6183 55879.8 114676 209.43 0 18.1365 0 0 
1.06606 4.53603e-11 5.5009e-11 2.87727e-11 0 4.31922e-12 65331.3 3319.46 4.3159e-11 0 3.26783 3621.09 1263.69 2.87727e-11 0 2.72162e-11 0 0 2.15996e-11 4.03164 111.567 4.62314e-11 0 4.62849e-11 2.23547e-10 6744.74 1.07873e-10 0 0 1.65231e-10 1.00183e-09 6.16419e-11 0 4.85972e-11 0 0 1.86228e-12 1.17478e-11 1.42507e-11 1.86441e-11 0 0.179665 829.338 5295.65 138.172 0 5.70351 1042.92 5306.28 11.0347 0 1.17478e-11 0 0 1.64124e-11 1.01882e-10 1.23087e-10 1.59889e-10 0 3.21281 52454.3 95478.8 208.636 0 48.1647 69234.8 72761.4 1.59889e-10 0 257.897 0 0 33.7016 817.785 7560.69 837.089 0 9.22075 411975 429178 2560.84 0 449.279 305041 585656 957.553 0 99.0051 0 0 
$Fmort
 0.305586 0.3142 0.215901
#ESTIMATED_PARAMETERS
$availability
1.48515 1.49041 1.82307 0.146338 0.0550396 
0.191422 0.130699 0.23702 4.0271 0.413765 
0.0404721 0.0433719 0.0261694 0.231335 4.65865 
$availabilityVector
 1.48515 0.191422 0.0404721 1.49041 0.130699 0.0433719 1.82307 0.23702 0.0261694 0.146338 4.0271 0.231335 0.0550396 0.413765 4.65865
$selectivity
 0.137166 0.867065 1.05235 1.37805 1.56537
$RunSize
 889.995 6.00978e-09 6.00978e-09 2.40391e-09 0 3.60587e-09 8.65574e+06 362654 3.60587e-09 0 2728.13 479758 138060 2.40391e-09 0 3.60587e-09 0 0 1.68274e-08 498.573 11377.6 3.60587e-09 0 3.60587e-08 2.7645e-08 687829 8.4137e-09 0 0 2.04333e-08 1.02166e-07 4.80783e-09 0 6.00978e-09 0 0 2.40391e-09 2.40391e-09 2.40391e-09 2.40391e-09 0 231.92 169705 893308 17815.4 0 7362.36 213410 895100 1422.78 0 2.40391e-09 0 0 2.40391e-09 2.40391e-09 2.40391e-09 2.40391e-09 0 470.576 1.23767e+06 1.86472e+06 3136.81 0 7054.63 1.6336e+06 1.42105e+06 2.40391e-09 0 6085.12 0 0 261.52 1405.31 11578.2 1116.21 0 71.5518 707949 657229 3414.74 0 3486.35 524191 896855 1276.84 0 170.133 0 0
