$ndistricts
3
$ngroups
90
$nstocks
5
$nagecomps
18
$AgeCompLabels
 0.1 0.2 0.3 0.4 0.5 1.1 1.2 1.3 1.4 1.5 2.1 2.2 2.3 2.4 3.1 3.2 3.3 3.4
$navailpar
15
$nselectpar
5
$GENdata
 -1 -1 -1
$maxGradient
1.60723e-05
#LIKELIHOOD_VALUES_AND_PENALTIES
$totalNLL
898.059
$NLLcatch
0.677374
$NLLescape
-6.30526
$NLLagecompCatch
399.996
$NLLagecompEsc
503.69
$NLLgenetics
0
$NLLselOne
9.87583e-17
$NLLavailOne
1.9451e-09
$NLLextra
3.2e-198
$sigmaCat
0.5
$sigmaEsc
0.1
#OBSERVED_AND_PREDICTED_VALUES
$predEsc
 3.9134e+06 581252 796414 970407 86138
$obsEsc
 4.14929e+06 584970 813378 895698 82435
$predCatch
 5.12367e+06 1.20729e+06 7995
$obsCatch
 5.12367e+06 1.20729e+06 7995
$RunSize
 0 0 4.99895e-09 2.57089e-08 0 5805.06 5.59994e+06 978979 10318.1 0 291130 234124 217446 1.64251e-08 0 4.28481e-09 1.14262e-08 0 0 0 1820.19 2956.52 0 0 687772 6369.99 1.42827e-08 0 6.07015e-08 333710 2.03529e-07 9.64083e-08 0 23618.2 963.951 0 0 0 1.42827e-09 9.9979e-09 0 967.262 240173 679208 4849.39 0 1722.47 534162 641917 24010.4 0 3422.3 8702.65 0 0 0 1.42827e-09 1.42827e-09 0 0 49477.2 74506.5 179.39 0 12648.3 583270 1.21627e+06 7.85549e-09 0 56746.1 63101.8 0 0 0 1.42827e-09 1.42827e-09 0 1081.73 9906.97 6698.46 1.42827e-09 0 13934 21206.5 39073.4 1697.29 0 1730.06 956.384 0
$SSageCompEsc
 2014 0 1580 1923 894
$obsAgeCompEsc
0 0 0 0 0 0.00141301 0.776799 0.100321 0.00105075 0 0.0648458 0.032119 0.0234519 0 0 0 0 0 
0 0 0 0 0 0 0.601116 0.250188 0 0 0 0.102692 0.0460043 0 0 0 0 0 
0 0 0 0 0 0.000980951 0.13947 0.270477 0.000590492 0 0.00171882 0.316626 0.260979 0.00350496 0 0.00206256 0.00358933 0 
0 0 0 0 0 0 0.0429891 0.0414334 0.000210202 0 0.0128906 0.304907 0.556214 0 0 0.0208549 0.0205005 0 
0 0 0 0 0 0.0137937 0.129745 0.0728806 0 0 0.153003 0.208243 0.400249 0.00156658 0 0.0132477 0.00727065 0 
$predAgeCompEsc
0 0 5.13696e-16 8.6583e-16 0 0.00121686 0.781778 0.100601 0.000347495 0 0.0610267 0.0326849 0.022345 5.53169e-16 0 5.98181e-16 1.17416e-15 0 
0 0 0.00128712 0.000763396 0 0 0.65333 0.00450445 3.68791e-15 0 8.58568e-14 0.316998 1.43922e-13 2.48934e-14 0 0.0224354 0.000681644 0 
0 0 5.73199e-16 7.16484e-16 0 0.000951883 0.142541 0.272582 0.000347524 0 0.00169508 0.317021 0.257617 0.00172067 0 0.00203111 0.00349258 0 
0 0 6.16683e-16 1.52913e-16 0 0 0.0290287 0.0321696 1.92057e-05 0 0.0108891 0.342209 0.525145 8.41019e-16 0 0.0332934 0.0272454 0 
0 0 1.43648e-14 1.23383e-14 0 0.0121694 0.104502 0.0673695 1.23383e-14 0 0.156757 0.223693 0.392979 0.0146623 0 0.0182492 0.00961879 0 
$SSageCompCatch
 2496 1535 33
$obsAgeCompCatch
0 0 0.000286646 0.000771234 0 0 0.634004 0.183461 0.00316832 0 0.0015431 0.0735758 0.0987835 0.00177683 0 0.0012557 0.00137425 0 
0 0 0 0 0 0 0.0805941 0.0694982 0 0 0 0.245598 0.551328 0.000675646 0 0.0247983 0.0275076 0 
0 0 0 0 0 0 0.0606061 0.0909091 0 0 0.030303 0.242424 0.484849 0.030303 0 0.030303 0.030303 0 
$predAgeCompCatch
0 0 0.000201205 0.000465099 0 0.000235586 0.553487 0.194722 0.00244527 0 0.00991553 0.106237 0.123113 0.00407527 0 0.00293363 0.00216961 0 
0 0 3.35859e-05 0.000105925 0 5.76383e-05 0.132446 0.0802278 0.000956006 0 0.00352368 0.202746 0.533581 0.00171615 0 0.0180852 0.0265207 0 
0 0 7.42916e-05 0.000236809 0 0.0011275 0.204047 0.0993449 0.00108214 0 0.0169582 0.172543 0.457043 0.0152765 0 0.0141645 0.018102 0 
$genSS
 -1 -1 -1
$obsGenComp     #GeneticFracData
0 0 0 0 0 
0 0 0 0 0 
0 0 0 0 0 
$predGenComp     #catchGenComp_pred
0 0 0 0 0 
0 0 0 0 0 
0 0 0 0 0 
#PARAMETERS_OF_INTEREST
$catchByGroup
0 0 0 
0 0 0 
2.82488e-09 1.62251e-10 1.5222e-12 
2.0693e-08 1.61218e-09 1.5363e-11 
0 0 0 
999.318 43.2973 0.401121 
2.4155e+06 123876 1156.1 
553215 31774.8 298.103 
8305 647.038 6.16583 
0 0 0 
50116.9 2171.41 20.1167 
100988 5179.05 48.3346 
122878 7057.68 66.2134 
1.32205e-08 1.03e-09 9.81524e-12 
0 0 0 
1.84823e-09 9.47842e-11 8.84594e-13 
6.45686e-09 3.7086e-10 3.47932e-12 
0 0 0 
0 0 0 
0 0 0 
1030.91 40.5481 0.593961 
2383.01 127.883 1.89329 
0 0 0 
0 0 0 
297446 10424.8 152.162 
3607.79 141.903 2.07865 
1.15122e-08 6.17793e-10 9.14633e-12 
0 0 0 
1.04831e-08 3.09493e-10 4.4949e-12 
144322 5058.13 73.8297 
1.15273e-07 4.53397e-09 6.64152e-11 
7.77071e-08 4.1701e-09 6.17377e-11 
0 0 0 
10214.3 357.988 5.22527 
545.955 21.4738 0.314555 
0 0 0 
0 0 0 
0 0 0 
9.1431e-10 5.71766e-11 2.81233e-13 
8.65301e-09 7.70413e-10 3.86354e-12 
0 0 0 
200.2 8.92494 0.0432172 
120058 6561 32.062 
434796 27190.1 133.739 
4197.06 373.682 1.87398 
0 0 0 
356.511 15.8933 0.0769599 
267019 14592.1 71.3083 
410924 25697.2 126.396 
20780.6 1850.18 9.27846 
0 0 0 
1710.75 93.4896 0.456861 
5571.01 348.385 1.71359 
0 0 0 
0 0 0 
0 0 0 
1.125e-10 7.14854e-10 2.48415e-12 
2.12428e-10 1.06258e-09 4.87167e-12 
0 0 0 
0 0 0 
2676.81 18572.4 58.3569 
5868.64 37290.7 129.587 
26.6808 133.46 0.611877 
0 0 0 
233.269 1843.14 4.99478 
31556 218944 687.95 
95801.3 608744 2115.42 
1.16836e-09 5.84421e-09 2.67942e-11 
0 0 0 
3070.07 21301 66.9303 
4970.33 31582.6 109.751 
0 0 0 
0 0 0 
0 0 0 
4.33992e-11 9.8318e-11 4.92023e-11 
8.39348e-11 1.86573e-10 9.49691e-11 
0 0 0 
7.54705 17.364 8.57 
205.096 467.626 232.676 
203.538 461.102 230.754 
8.39348e-11 1.86573e-10 9.49691e-11 
0 0 0 
97.2155 223.671 110.392 
439.021 1000.98 498.058 
1187.28 2689.7 1346.03 
99.7443 221.714 112.857 
0 0 0 
35.8161 81.6618 40.6324 
29.0605 65.8347 32.9463 
0 0 0 
$escByGroup
 5e-101 5e-101 2.0103e-09 3.38834e-09 5e-101 4762.05 3.05941e+06 393691 1359.89 5e-101 238822 127909 87444.8 2.16477e-09 5e-101 2.34092e-09 4.59497e-09 5e-101 5e-101 5e-101 748.142 443.726 5e-101 5e-101 379749 2618.22 2.14361e-09 5e-101 4.99045e-08 184256 8.36552e-08 1.44693e-08 5e-101 13040.6 396.207 5e-101 5e-101 5e-101 4.56504e-10 5.70618e-10 5e-101 758.093 113522 217088 276.773 5e-101 1349.99 252480 205169 1370.36 5e-101 1617.6 2781.54 5e-101 5e-101 5e-101 5.98433e-10 1.48387e-10 5e-101 5e-101 28169.6 31217.6 18.6373 5e-101 10566.9 332082 509604 8.1613e-10 5e-101 32308.1 26439.1 5e-101 5e-101 5e-101 1.23735e-09 1.06279e-09 5e-101 1048.25 9001.57 5803.07 1.06279e-09 5e-101 13502.8 19268.4 33850.4 1262.98 5e-101 1571.95 828.543 5e-101
$catchByGroup
0 0 2.82488e-09 2.0693e-08 0 999.318 2.4155e+06 553215 8305 0 50116.9 100988 122878 1.32205e-08 0 1.84823e-09 6.45686e-09 0 0 0 1030.91 2383.01 0 0 297446 3607.79 1.15122e-08 0 1.04831e-08 144322 1.15273e-07 7.77071e-08 0 10214.3 545.955 0 0 0 9.1431e-10 8.65301e-09 0 200.2 120058 434796 4197.06 0 356.511 267019 410924 20780.6 0 1710.75 5571.01 0 0 0 1.125e-10 2.12428e-10 0 0 2676.81 5868.64 26.6808 0 233.269 31556 95801.3 1.16836e-09 0 3070.07 4970.33 0 0 0 4.33992e-11 8.39348e-11 0 7.54705 205.096 203.538 8.39348e-11 0 97.2155 439.021 1187.28 99.7443 0 35.8161 29.0605 0 
0 0 1.62251e-10 1.61218e-09 0 43.2973 123876 31774.8 647.038 0 2171.41 5179.05 7057.68 1.03e-09 0 9.47842e-11 3.7086e-10 0 0 0 40.5481 127.883 0 0 10424.8 141.903 6.17793e-10 0 3.09493e-10 5058.13 4.53397e-09 4.1701e-09 0 357.988 21.4738 0 0 0 5.71766e-11 7.70413e-10 0 8.92494 6561 27190.1 373.682 0 15.8933 14592.1 25697.2 1850.18 0 93.4896 348.385 0 0 0 7.14854e-10 1.06258e-09 0 0 18572.4 37290.7 133.46 0 1843.14 218944 608744 5.84421e-09 0 21301 31582.6 0 0 0 9.8318e-11 1.86573e-10 0 17.364 467.626 461.102 1.86573e-10 0 223.671 1000.98 2689.7 221.714 0 81.6618 65.8347 0 
0 0 1.5222e-12 1.5363e-11 0 0.401121 1156.1 298.103 6.16583 0 20.1167 48.3346 66.2134 9.81524e-12 0 8.84594e-13 3.47932e-12 0 0 0 0.593961 1.89329 0 0 152.162 2.07865 9.14633e-12 0 4.4949e-12 73.8297 6.64152e-11 6.17377e-11 0 5.22527 0.314555 0 0 0 2.81233e-13 3.86354e-12 0 0.0432172 32.062 133.739 1.87398 0 0.0769599 71.3083 126.396 9.27846 0 0.456861 1.71359 0 0 0 2.48415e-12 4.87167e-12 0 0 58.3569 129.587 0.611877 0 4.99478 687.95 2115.42 2.67942e-11 0 66.9303 109.751 0 0 0 4.92023e-11 9.49691e-11 0 8.57 232.676 230.754 9.49691e-11 0 110.392 498.058 1346.03 112.857 0 40.6324 32.9463 0 
$Fmort
 0.518143 0.159307 0.00695465
#ESTIMATED_PARAMETERS
$availability
1.48515 1.49041 1.82307 0.146338 0.0550396 
0.191422 0.130699 0.23702 4.0271 0.413765 
0.0404721 0.0433719 0.0261694 0.231335 4.65865 
$availabilityVector
 1.48515 0.191422 0.0404721 1.49041 0.130699 0.0433719 1.82307 0.23702 0.0261694 0.146338 4.0271 0.231335 0.0550396 0.413765 4.65865
$selectivity
 0.245501 0.733544 1.082 2.12369 0.81526
$RunSize
 0 0 4.99895e-09 2.57089e-08 0 5805.06 5.59994e+06 978979 10318.1 0 291130 234124 217446 1.64251e-08 0 4.28481e-09 1.14262e-08 0 0 0 1820.19 2956.52 0 0 687772 6369.99 1.42827e-08 0 6.07015e-08 333710 2.03529e-07 9.64083e-08 0 23618.2 963.951 0 0 0 1.42827e-09 9.9979e-09 0 967.262 240173 679208 4849.39 0 1722.47 534162 641917 24010.4 0 3422.3 8702.65 0 0 0 1.42827e-09 1.42827e-09 0 0 49477.2 74506.5 179.39 0 12648.3 583270 1.21627e+06 7.85549e-09 0 56746.1 63101.8 0 0 0 1.42827e-09 1.42827e-09 0 1081.73 9906.97 6698.46 1.42827e-09 0 13934 21206.5 39073.4 1697.29 0 1730.06 956.384 0
