$ndistricts
3
$ngroups
90
$nstocks
5
$nagecomps
18
$AgeCompLabels
 0.1 0.2 0.3 0.4 0.5 1.1 1.2 1.3 1.4 1.5 2.1 2.2 2.3 2.4 3.1 3.2 3.3 3.4
$navailpar
15
$nselectpar
5
$GENdata
 1 1 1
$maxGradient
8.16807e-07
#LIKELIHOOD_VALUES_AND_PENALTIES
$totalNLL
722.613
$NLLcatch
0.677374
$NLLescape
-6.91794
$NLLagecompCatch
259.248
$NLLagecompEsc
330.341
$NLLgenetics
139.265
$NLLselOne
6.97044e-17
$NLLavailOne
1.29406e-16
$NLLextra
3.6e-198
$sigmaCat
0.5
$sigmaEsc
0.1
#OBSERVED_AND_PREDICTED_VALUES
$predEsc
 3.57013e+06 245360 888285 793866 999965
$obsEsc
 3.56998e+06 245361 888294 792282 1.00136e+06
$predCatch
 2.15594e+07 6.75525e+06 3.34945e+06
$obsCatch
 2.15594e+07 6.75526e+06 3.34945e+06
$RunSize
 0 0 6.35514e-09 0 0 1309.04 1.79721e+07 1.01264e+06 6.35514e-09 0 66379.4 1.30758e+06 115895 6.35514e-09 0 4.23676e-09 4.23676e-09 0 0 0 995.187 0 0 0 902762 977473 3.38941e-08 0 15833.7 488589 138156 14195.5 0 6.35514e-09 6.35514e-09 0 0 0 4.23676e-09 0 0 764.77 1.32328e+06 904493 71350.9 0 5667.37 601160 231417 10173 0 4.23676e-09 2800.92 0 0 0 4.23676e-09 0 0 4645.46 626018 402613 11142.5 0 2147.69 6.27852e+06 665863 4.23676e-09 0 55656.2 4.23676e-09 0 0 0 4.23676e-09 0 0 1062.97 3.15175e+06 320495 5534.94 0 9920.62 327464 132249 4.23676e-09 0 4.23676e-09 1587.73 0
$SSageCompEsc
 2728 0 1704 1418 2090
$obsAgeCompEsc
0 0 0 0 0 0.000308536 0.873296 0.042575 0 0 0.0150301 0.0639878 0.00480225 0 0 0 0 0 
0 0 0 0 0 0 0.601116 0.250188 0 0 0 0.102692 0.0460043 0 0 0 0 0 
0 0 0 0 0 0.000751808 0.43681 0.264315 0.0223998 0 0.0055262 0.19831 0.0678317 0.00315383 0 0 0.000901917 0 
0 0 0 0 0 0.00483247 0.0765213 0.030171 0.00152422 0 0.00162934 0.807644 0.0707002 0 0 0.00697703 0 0 
0 0 0 0 0 0.000955069 0.825338 0.0576768 6.86401e-05 0 0.0089019 0.0769127 0.0301468 0 0 0 0 0 
$predAgeCompEsc
0 0 2.63744e-16 0 0 0.00029684 0.874211 0.0420255 2.79566e-16 0 0.0150523 0.0636044 0.00480974 2.79566e-16 0 2.06088e-16 1.75829e-16 0 
0 0 0.000327751 0 0 0 0.374837 0.321917 1.2167e-14 0 0.0494548 0.202868 0.0454999 0.00509579 0 2.63873e-15 2.09298e-15 0 
0 0 1.24072e-15 0 0 0.000746639 0.436843 0.264878 0.0218397 0 0.00553301 0.198455 0.06777 0.00311385 0 1.39864e-15 0.000820243 0 
0 0 3.78457e-16 0 0 0.00468042 0.0806391 0.0359642 0.00115008 0 0.00216385 0.808754 0.0594794 4.37299e-16 0 0.00716922 3.78457e-16 0 
0 0 9.34051e-16 0 0 0.000914134 0.805419 0.0706575 0.00128929 0 0.00853152 0.0836824 0.0291562 9.86896e-16 0 1.08269e-15 0.000350037 0 
$SSageCompCatch
 2380 2276 1070
$obsAgeCompCatch
0 0 4.56164e-05 0 0 0 0.775118 0.110139 0.00143368 0 0.000802964 0.0926331 0.018824 0.001004 0 0 0 0 
0 0 0 0 0 0 0.0920572 0.0580826 0.000880059 0 0.000650553 0.767131 0.0744882 0 0 0.00670989 0 0 
0 0 0 0 0 0 0.649417 0.100799 0.00357187 0 0 0.202773 0.0413302 0 0 0.00138626 0.000723088 0 
$predAgeCompCatch
0 0 4.18106e-05 0 0 1.67433e-05 0.772107 0.11173 0.00233524 0 0.000792429 0.0932097 0.0187174 0.000922038 0 3.14351e-05 9.61279e-05 0 
0 0 2.19985e-07 0 0 0.000131675 0.085997 0.0529481 0.00150776 0 6.53544e-05 0.7682 0.0843286 1.95924e-05 0 0.00679527 5.97204e-06 0 
0 0 3.54477e-06 0 0 5.34592e-05 0.680217 0.0858939 0.00175986 0 0.000413873 0.186756 0.0434331 0.000101923 0 0.0010101 0.000357439 0 
$genSS
 321 320 265
$obsGenComp     #GeneticFracData
0.779276 0.105332 0.102213 0.00482897 0.0083501 
0.00532075 0.000501958 0.00481879 0.986648 0.00271057 
0.00977724 0.0080637 0.0149179 0.137889 0.829352 
$predGenComp     #catchGenComp_pred
0.780875 0.10484 0.100904 0.00459491 0.00878632 
0.0057234 0.000532796 0.00500739 0.985795 0.00294118 
0.00953186 0.00858728 0.015996 0.147601 0.818284 
#PARAMETERS_OF_INTEREST
$catchByGroup
0 0 0 
0 0 0 
5.38974e-09 1.30367e-11 1.07654e-11 
0 0 0 
0 0 0 
248.736 0.30057 0.248164 
1.47892e+07 33868.3 27967.2 
858813 2077.3 1715.38 
5.33396e-09 1.26485e-11 1.04448e-11 
0 0 0 
12613 15.2414 12.584 
1.07601e+06 2464.13 2034.79 
98289.5 237.743 196.322 
5.33396e-09 1.26485e-11 1.04448e-11 
0 0 0 
3.48643e-09 7.98415e-12 6.59302e-12 
3.59316e-09 8.69115e-12 7.17694e-12 
0 0 0 
0 0 0 
0 0 0 
901.411 1.48605 11.873 
0 0 0 
0 0 0 
0 0 0 
799656 1238.35 9898.21 
885366 1459.6 11661.7 
3.04673e-08 4.91046e-11 3.92389e-10 
0 0 0 
3675.55 2.64577 21.2375 
432786 670.217 5357.07 
125138 206.301 1648.27 
12760.3 20.566 164.34 
0 0 0 
5.62931e-09 8.7176e-12 6.96801e-11 
5.7563e-09 9.48977e-12 7.58197e-11 
0 0 0 
0 0 0 
0 0 0 
3.01069e-09 4.79773e-11 7.59795e-11 
0 0 0 
0 0 0 
99.023 0.973374 1.54607 
899656 13771.2 21814.7 
642742 10242.5 16220.6 
49925.3 784.031 1241.76 
0 0 0 
733.816 7.21324 11.4573 
408708 6256.16 9910.29 
164448 2620.58 4150.1 
7118.23 111.785 177.047 
0 0 0 
2.88043e-09 4.40912e-11 6.98442e-11 
1990.37 31.7178 50.23 
0 0 0 
0 0 0 
0 0 0 
5.61333e-11 3.60058e-09 2.79608e-10 
0 0 0 
0 0 0 
6.92368 887.575 35.333 
7622.97 516324 38055 
5334.27 342158 26570.7 
143.256 9372.07 714.155 
0 0 0 
3.20096 410.344 16.3352 
76453 5.17836e+06 381664 
8822.09 565878 43944 
5.4471e-11 3.56359e-09 2.71547e-10 
0 0 0 
677.72 45903.8 3383.28 
5.61333e-11 3.60058e-09 2.79608e-10 
0 0 0 
0 0 0 
0 0 0 
2.19055e-10 2.30147e-11 3.06067e-09 
0 0 0 
0 0 0 
6.2919 0.647286 141.932 
150008 15730.2 2.18062e+06 
16570.7 1740.98 231529 
277.863 29.1728 3938.66 
0 0 0 
58.7217 6.04106 1324.63 
15585.8 1634.36 226564 
6837.74 718.399 95538.2 
2.12692e-10 2.23306e-11 3.01488e-09 
0 0 0 
2.0165e-10 2.11455e-11 2.93131e-09 
82.0912 8.62481 1146.99 
0 0 0 
$escByGroup
 5e-101 5e-101 9.41601e-10 5e-101 5e-101 1059.76 3.12105e+06 150037 9.98088e-10 5e-101 53738.5 227076 17171.4 9.98088e-10 5e-101 7.3576e-10 6.27734e-10 5e-101 5e-101 5e-101 80.4169 5e-101 5e-101 5e-101 91970 78985.5 2.9853e-09 5e-101 12134.2 49775.6 11163.8 1250.3 5e-101 6.47438e-10 5.13533e-10 5e-101 5e-101 5e-101 1.10212e-09 5e-101 5e-101 663.228 388041 235287 19399.8 5e-101 4914.89 176285 60199 2765.98 5e-101 1.24239e-09 728.609 5e-101 5e-101 5e-101 3.00444e-10 5e-101 5e-101 3715.63 64016.7 28550.8 913.008 5e-101 1717.81 642042 47218.7 3.47157e-10 5e-101 5691.41 3.00444e-10 5e-101 5e-101 5e-101 9.34018e-10 5e-101 5e-101 914.101 805390 70655 1289.24 5e-101 8531.22 83679.5 29155.1 9.86861e-10 5e-101 1.08265e-09 350.025 5e-101
$catchByGroup
0 0 5.38974e-09 0 0 248.736 1.47892e+07 858813 5.33396e-09 0 12613 1.07601e+06 98289.5 5.33396e-09 0 3.48643e-09 3.59316e-09 0 0 0 901.411 0 0 0 799656 885366 3.04673e-08 0 3675.55 432786 125138 12760.3 0 5.62931e-09 5.7563e-09 0 0 0 3.01069e-09 0 0 99.023 899656 642742 49925.3 0 733.816 408708 164448 7118.23 0 2.88043e-09 1990.37 0 0 0 5.61333e-11 0 0 6.92368 7622.97 5334.27 143.256 0 3.20096 76453 8822.09 5.4471e-11 0 677.72 5.61333e-11 0 0 0 2.19055e-10 0 0 6.2919 150008 16570.7 277.863 0 58.7217 15585.8 6837.74 2.12692e-10 0 2.0165e-10 82.0912 0 
0 0 1.30367e-11 0 0 0.30057 33868.3 2077.3 1.26485e-11 0 15.2414 2464.13 237.743 1.26485e-11 0 7.98415e-12 8.69115e-12 0 0 0 1.48605 0 0 0 1238.35 1459.6 4.91046e-11 0 2.64577 670.217 206.301 20.566 0 8.7176e-12 9.48977e-12 0 0 0 4.79773e-11 0 0 0.973374 13771.2 10242.5 784.031 0 7.21324 6256.16 2620.58 111.785 0 4.40912e-11 31.7178 0 0 0 3.60058e-09 0 0 887.575 516324 342158 9372.07 0 410.344 5.17836e+06 565878 3.56359e-09 0 45903.8 3.60058e-09 0 0 0 2.30147e-11 0 0 0.647286 15730.2 1740.98 29.1728 0 6.04106 1634.36 718.399 2.23306e-11 0 2.11455e-11 8.62481 0 
0 0 1.07654e-11 0 0 0.248164 27967.2 1715.38 1.04448e-11 0 12.584 2034.79 196.322 1.04448e-11 0 6.59302e-12 7.17694e-12 0 0 0 11.873 0 0 0 9898.21 11661.7 3.92389e-10 0 21.2375 5357.07 1648.27 164.34 0 6.96801e-11 7.58197e-11 0 0 0 7.59795e-11 0 0 1.54607 21814.7 16220.6 1241.76 0 11.4573 9910.29 4150.1 177.047 0 6.98442e-11 50.23 0 0 0 2.79608e-10 0 0 35.333 38055 26570.7 714.155 0 16.3352 381664 43944 2.71547e-10 0 3383.28 2.79608e-10 0 0 0 3.06067e-09 0 0 141.932 2.18062e+06 231529 3938.66 0 1324.63 226564 95538.2 3.01488e-09 0 2.93131e-09 1146.99 0 
$Fmort
 0.736919 0.25433 0.18336
#ESTIMATED_PARAMETERS
$availability
1.69684 2.12683 1.11652 0.0120096 0.0478019 
0.0053575 0.00389877 0.0297129 4.94682 0.0142111 
0.00613533 0.0434335 0.0654863 0.24707 4.63787 
$availabilityVector
 1.69684 0.0053575 0.00613533 2.12683 0.00389877 0.0434335 1.11652 0.0297129 0.0654863 0.0120096 4.94682 0.24707 0.0478019 0.0142111 4.63787
$selectivity
 0.168532 1.38435 1.50706 1.46214 0.477924
$RunSize
 0 0 6.35514e-09 0 0 1309.04 1.79721e+07 1.01264e+06 6.35514e-09 0 66379.4 1.30758e+06 115895 6.35514e-09 0 4.23676e-09 4.23676e-09 0 0 0 995.187 0 0 0 902762 977473 3.38941e-08 0 15833.7 488589 138156 14195.5 0 6.35514e-09 6.35514e-09 0 0 0 4.23676e-09 0 0 764.77 1.32328e+06 904493 71350.9 0 5667.37 601160 231417 10173 0 4.23676e-09 2800.92 0 0 0 4.23676e-09 0 0 4645.46 626018 402613 11142.5 0 2147.69 6.27852e+06 665863 4.23676e-09 0 55656.2 4.23676e-09 0 0 0 4.23676e-09 0 0 1062.97 3.15175e+06 320495 5534.94 0 9920.62 327464 132249 4.23676e-09 0 4.23676e-09 1587.73 0
