$ndistricts
3
$ngroups
90
$nstocks
5
$nagecomps
18
$AgeCompLabels
 0.1 0.2 0.3 0.4 0.5 1.1 1.2 1.3 1.4 1.5 2.1 2.2 2.3 2.4 3.1 3.2 3.3 3.4
$navailpar
15
$nselectpar
5
$GENdata
 1 1 -1
$maxGradient
1.13647e-06
#LIKELIHOOD_VALUES_AND_PENALTIES
$totalNLL
933.803
$NLLcatch
0.677374
$NLLescape
-6.9071
$NLLagecompCatch
352.156
$NLLagecompEsc
464.569
$NLLgenetics
123.308
$NLLselOne
9.14555e-18
$NLLavailOne
8.91525e-11
$NLLextra
4.4e-198
$sigmaCat
0.5
$sigmaEsc
0.1
#OBSERVED_AND_PREDICTED_VALUES
$predEsc
 1.33552e+06 108940 1.08268e+06 702112 202047
$obsEsc
 1.34114e+06 108910 1.08586e+06 692514 201520
$predCatch
 2.16721e+06 1.78057e+06 92623
$obsCatch
 2.16721e+06 1.78057e+06 92623
$RunSize
 0 2.07344e-09 1086.1 0 0 12918.1 479607 128418 0 0 2375.63 799708 86206.7 0 0 1030.81 519.13 0 0 5.80563e-09 6.22031e-09 0 0 0 1.90756e-08 24966.8 0 0 0 2.69547e-08 187751 0 0 5.80563e-09 5.80563e-09 0 0 2.07344e-09 1137.27 0 0 1393.86 551881 359168 1334.26 0 230.202 325203 1.39068e+06 0 0 1789.52 1561.46 0 0 1311.4 2.07344e-09 0 0 0 31840.2 65375.7 0 0 401.796 1.39263e+06 1.15011e+06 0 0 50567.6 30972 0 0 8.29375e-10 4048.69 0 0 0 23612.3 79106 0 0 0 131636 150361 0 0 77.1578 681.109 0
$SSageCompEsc
 1883 0 2161 3086 903
$obsAgeCompEsc
0 0 0.000737137 0 0 0.00963206 0.31919 0.0817013 0 0 0.00177133 0.531167 0.0547121 0 0 0.000737137 0.000351686 0 
0 0 0 0 0 0 0.601116 0.250188 0 0 0 0.102692 0.0460043 0 0 0 0 0 
0 0 0.000715696 0 0 0.00128365 0.261016 0.120302 0.00122876 0 0.000212 0.147808 0.465231 0 0 0.00121768 0.000985175 0 
0 0 0 0 0 0 0.00509401 0.0289203 0 0 0.000580144 0.532902 0.404167 0 0 0.0199772 0.00835939 0 
0 0 0 0 0 0 0.077796 0.176757 0 0 0 0.407036 0.337741 0 0 0.000335112 0.000335112 0 
$predAgeCompEsc
0 1.37412e-15 0.000703351 0 0 0.00967271 0.317848 0.0831632 0 0 0.00177881 0.529988 0.0558271 0 0 0.000683145 0.000336186 0 
0 3.03411e-14 2.92421e-14 0 0 0 9.96921e-14 0.117371 0 0 0 1.40869e-13 0.882629 0 0 3.03411e-14 2.72927e-14 0 
0 8.66008e-16 0.000408948 0 0 0.00128742 0.230503 0.129152 0.00123237 0 0.000212623 0.135827 0.500068 0 0 0.000747424 0.000561481 0 
0 0.00055411 6.24832e-16 0 0 0 0.0134535 0.019701 0 0 0.000572267 0.588431 0.346588 0 0 0.0213665 0.00933344 0 
0 2.30408e-15 0.00982781 0 0 0 0.065597 0.192022 0 0 0 0.365698 0.364988 0 0 0.000214351 0.00165333 0 
$SSageCompCatch
 23 1710 295
$obsAgeCompCatch
0 0 0 0 0 0 0.130435 0.130435 0 0 0 0.173913 0.565217 0 0 0 0 0 
0 0.00115781 0 0 0 0 0.0351433 0.0202154 0 0 0 0.562154 0.345982 0 0 0.0247014 0.010646 0 
0 0 0.0183525 0 0 0 0.0323589 0.187706 0 0 0 0.277871 0.474536 0 0 0 0.00917627 0 
$predAgeCompCatch
0 7.38823e-05 0.000439058 0 0 6.0282e-10 0.162902 0.118443 9.50543e-10 0 1.1861e-10 0.199175 0.513099 0 0 0.00334671 0.00252043 0 
0 0.000422216 0.000699332 0 0 4.70573e-11 0.0180872 0.0387541 5.63033e-12 0 1.09968e-10 0.473736 0.440815 0 0 0.0163026 0.0111839 0 
0 0.000112858 0.00763897 0 0 1.10167e-10 0.0533226 0.162228 2.57068e-11 0 3.84338e-11 0.346651 0.421071 0 0 0.00450886 0.0044664 0 
$genSS
 309 283 -1
$obsGenComp     #GeneticFracData
0.0801854 0.0420066 0.69175 0.181626 0.00443236 
0.00683486 0.000502563 0.00613127 0.92743 0.0591014 
0 0 0 0 0 
$predGenComp     #catchGenComp_pred
0.0720018 0.0473768 0.709561 0.165495 0.00556583 
0.0101979 0.000406502 0.00631826 0.920434 0.0626431 
0 0 0 0 0 
#PARAMETERS_OF_INTEREST
$catchByGroup
0 0 0 
2.1087e-10 2.45025e-11 2.90104e-12 
129.748 15.2078 1.80233 
0 0 0 
0 0 0 
0.000730669 8.09867e-05 9.53855e-06 
48776.3 5667.67 671.039 
15341.2 1798.15 213.105 
0 0 0 
0 0 0 
0.00013437 1.48934e-05 1.75414e-06 
81330.8 9450.42 1118.91 
10298.5 1207.09 143.056 
0 0 0 
0 0 0 
104.834 12.1814 1.44225 
62.0165 7.26901 0.861473 
0 0 0 
0 0 0 
2.47492e-09 1.6658e-11 8.70448e-12 
3.00246e-09 2.11656e-11 1.10613e-11 
0 0 0 
0 0 0 
0 0 0 
8.13187e-09 5.47335e-11 2.86004e-11 
12051.1 84.9533 44.3972 
0 0 0 
0 0 0 
0 0 0 
1.14907e-08 7.73407e-11 4.04137e-11 
90624.6 638.85 333.868 
0 0 0 
0 0 0 
2.47492e-09 1.6658e-11 8.70448e-12 
2.80229e-09 1.97545e-11 1.03239e-11 
0 0 0 
0 0 0 
1.12607e-09 7.8885e-12 1.87629e-12 
688.162 5.13066 1.22066 
0 0 0 
0 0 0 
0.000575771 2.802e-06 6.65492e-07 
299722 2099.66 499.406 
217332 1620.34 385.504 
0.00206003 1.00252e-05 2.38104e-06 
0 0 0 
9.50911e-05 4.62763e-07 1.09909e-07 
176615 1237.25 294.282 
841497 6273.86 1492.65 
0 0 0 
0 0 0 
971.872 6.80831 1.61937 
944.84 7.04434 1.67596 
0 0 0 
0 0 0 
160.119 751.783 10.4533 
2.96768e-10 1.31838e-09 1.95904e-11 
0 0 0 
0 0 0 
0 0 0 
3887.6 18252.9 253.8 
9357.11 41568.6 617.688 
0 0 0 
0 0 0 
2.7593e-05 0.00018045 1.6958e-06 
170036 798348 11100.7 
164614 731291 10866.6 
0 0 0 
0 0 0 
6174.17 28988.7 403.078 
4432.97 19693.3 292.632 
0 0 0 
0 0 0 
2.31362e-11 2.17255e-10 1.23451e-10 
133.622 1224.87 704.521 
0 0 0 
0 0 0 
0 0 0 
658.686 6185.23 3514.65 
2610.79 23932.3 13765.4 
0 0 0 
0 0 0 
0 0 0 
3672.12 34482.2 19593.9 
4962.48 45489.5 26164.7 
0 0 0 
0 0 0 
2.15239 20.2115 11.4848 
22.4791 206.059 118.521 
0 0 0 
$escByGroup
 5e-101 1.83516e-09 939.338 5e-101 5e-101 12918.1 424492 111066 5e-101 5e-101 2375.63 707808 74558.1 5e-101 5e-101 912.352 448.983 5e-101 5e-101 3.30535e-09 3.18563e-09 5e-101 5e-101 5e-101 1.08604e-08 12786.3 5e-101 5e-101 5e-101 1.53463e-08 96153.4 5e-101 5e-101 3.30535e-09 2.97326e-09 5e-101 5e-101 9.37607e-10 442.759 5e-101 5e-101 1393.86 249560 139830 1334.26 5e-101 230.202 147056 541413 5e-101 5e-101 809.219 607.903 5e-101 5e-101 389.047 4.38702e-10 5e-101 5e-101 5e-101 9445.86 13832.3 5e-101 5e-101 401.796 413145 243343 5e-101 5e-101 15001.6 6553.12 5e-101 5e-101 4.65533e-10 1985.68 5e-101 5e-101 5e-101 13253.7 38797.6 5e-101 5e-101 5e-101 73888.3 73744.8 5e-101 5e-101 43.3091 334.05 5e-101
$catchByGroup
0 2.1087e-10 129.748 0 0 0.000730669 48776.3 15341.2 0 0 0.00013437 81330.8 10298.5 0 0 104.834 62.0165 0 0 2.47492e-09 3.00246e-09 0 0 0 8.13187e-09 12051.1 0 0 0 1.14907e-08 90624.6 0 0 2.47492e-09 2.80229e-09 0 0 1.12607e-09 688.162 0 0 0.000575771 299722 217332 0.00206003 0 9.50911e-05 176615 841497 0 0 971.872 944.84 0 0 160.119 2.96768e-10 0 0 0 3887.6 9357.11 0 0 2.7593e-05 170036 164614 0 0 6174.17 4432.97 0 0 2.31362e-11 133.622 0 0 0 658.686 2610.79 0 0 0 3672.12 4962.48 0 0 2.15239 22.4791 0 
0 2.45025e-11 15.2078 0 0 8.09867e-05 5667.67 1798.15 0 0 1.48934e-05 9450.42 1207.09 0 0 12.1814 7.26901 0 0 1.6658e-11 2.11656e-11 0 0 0 5.47335e-11 84.9533 0 0 0 7.73407e-11 638.85 0 0 1.6658e-11 1.97545e-11 0 0 7.8885e-12 5.13066 0 0 2.802e-06 2099.66 1620.34 1.00252e-05 0 4.62763e-07 1237.25 6273.86 0 0 6.80831 7.04434 0 0 751.783 1.31838e-09 0 0 0 18252.9 41568.6 0 0 0.00018045 798348 731291 0 0 28988.7 19693.3 0 0 2.17255e-10 1224.87 0 0 0 6185.23 23932.3 0 0 0 34482.2 45489.5 0 0 20.2115 206.059 0 
0 2.90104e-12 1.80233 0 0 9.53855e-06 671.039 213.105 0 0 1.75414e-06 1118.91 143.056 0 0 1.44225 0.861473 0 0 8.70448e-12 1.10613e-11 0 0 0 2.86004e-11 44.3972 0 0 0 4.04137e-11 333.868 0 0 8.70448e-12 1.03239e-11 0 0 1.87629e-12 1.22066 0 0 6.65492e-07 499.406 385.504 2.38104e-06 0 1.09909e-07 294.282 1492.65 0 0 1.61937 1.67596 0 0 10.4533 1.95904e-11 0 0 0 253.8 617.688 0 0 1.6958e-06 11100.7 10866.6 0 0 403.078 292.632 0 0 1.23451e-10 704.521 0 0 0 3514.65 13765.4 0 0 0 19593.9 26164.7 0 0 11.4848 118.521 0 
$Fmort
 0.223151 0.163248 0.0240543
#ESTIMATED_PARAMETERS
$availability
0.334185 1.73132 2.44059 0.40575 0.0881561 
0.0506329 0.0122386 0.0162355 3.62717 1.29372 
0.0404721 0.0433719 0.0261694 0.231335 4.65865 
$availabilityVector
 0.334185 0.0506329 0.0404721 1.73132 0.0122386 0.0433719 2.44059 0.0162355 0.0261694 0.40575 3.62717 0.231335 0.0881561 1.29372 4.65865
$selectivity
 7.58465e-07 1.4382 1.706 2.83491e-06 1.8558
$RunSize
 0 2.07344e-09 1086.1 0 0 12918.1 479607 128418 0 0 2375.63 799708 86206.7 0 0 1030.81 519.13 0 0 5.80563e-09 6.22031e-09 0 0 0 1.90756e-08 24966.8 0 0 0 2.69547e-08 187751 0 0 5.80563e-09 5.80563e-09 0 0 2.07344e-09 1137.27 0 0 1393.86 551881 359168 1334.26 0 230.202 325203 1.39068e+06 0 0 1789.52 1561.46 0 0 1311.4 2.07344e-09 0 0 0 31840.2 65375.7 0 0 401.796 1.39263e+06 1.15011e+06 0 0 50567.6 30972 0 0 8.29375e-10 4048.69 0 0 0 23612.3 79106 0 0 0 131636 150361 0 0 77.1578 681.109 0
