$ndistricts
3
$ngroups
90
$nstocks
5
$nagecomps
18
$AgeCompLabels
 0.1 0.2 0.3 0.4 0.5 1.1 1.2 1.3 1.4 1.5 2.1 2.2 2.3 2.4 3.1 3.2 3.3 3.4
$navailpar
15
$nselectpar
5
$GENdata
 -1 -1 -1
$maxGradient
1.26488e-05
#LIKELIHOOD_VALUES_AND_PENALTIES
$totalNLL
802.875
$NLLcatch
0.677374
$NLLescape
-6.86913
$NLLagecompCatch
328.423
$NLLagecompEsc
480.644
$NLLgenetics
0
$NLLselOne
1.17108e-16
$NLLavailOne
1.9451e-09
$NLLextra
1.10946e-09
$sigmaCat
0.5
$sigmaEsc
0.1
#OBSERVED_AND_PREDICTED_VALUES
$predEsc
 2.42912e+06 187363 922586 642403 520535
$obsEsc
 2.38739e+06 187302 935754 634014 529752
$predCatch
 5.85738e+06 1.30668e+06 954068
$obsCatch
 5.85738e+06 1.30668e+06 954068
$RunSize
 0 1540.71 12694.5 3.55059e-09 0 0 295371 762680 1.84631e-08 0 1990.89 3.93642e+06 998204 0 0 1112.93 919.296 0 0 351.664 394.931 1.42024e-09 0 6974.58 222967 196320 4707.16 0 1991.44 11404.8 15012.8 0 0 1.42024e-09 1.42024e-09 0 0 4.97082e-09 6.39106e-09 2.84047e-09 0 3042.48 300555 2.19557e+06 2.20136e-08 0 3214.22 178749 439884 0 0 4.26071e-09 5.68094e-09 0 0 1.42024e-09 1634.19 1.42024e-09 0 0 48754.5 473288 1364.64 0 405.633 484381 697444 0 0 5452.5 3676.23 0 0 1.42024e-09 1.42024e-09 100.245 0 0 83552.4 1.32466e+06 470.117 0 1.42024e-09 35960.8 65133.4 0 0 1526.8 250.593 0
$SSageCompEsc
 1909 574 1165 564 755
$obsAgeCompEsc
0 0 0 0 0 0 0.050314 0.121501 0 0 0.000501405 0.666399 0.161284 0 0 0 0 0 
0 0.000737599 0.000737599 0 0 0.0290058 0.506906 0.395546 0.00280749 0 0.00804835 0.0259229 0.0302882 0 0 0 0 0 
0 0 0 0 0 0.00252173 0.107085 0.685496 0 0 0.00221491 0.0639592 0.138723 0 0 0 0 0 
0 0 0 0 0 0 0.0372175 0.263214 0 0 0.000558117 0.329323 0.364408 0 0 0.00472103 0.000558117 0 
0 0 0 0 0 0 0.0838037 0.864677 0 0 0 0.0174847 0.0340349 0 0 0 0 0 
$predAgeCompEsc
0 0.000265981 0.00191978 1.33915e-16 0 0 0.0509914 0.11534 6.96359e-16 0 0.000629699 0.679565 0.150958 0 0 0.00019213 0.000139025 0 
0 0.000801686 0.000793227 8.35015e-16 0 0.0286831 0.508298 0.394314 0.00276753 0 0.00818983 0.0259995 0.0301536 0 0 3.2377e-15 2.85257e-15 0 
0 1.83106e-15 1.98497e-15 7.5611e-17 0 0.002387 0.110713 0.681913 5.85985e-16 0 0.00252174 0.0658442 0.136621 0 0 1.56948e-15 1.76442e-15 0 
0 9.18073e-16 0.000905094 -1.70644e-23 0 0 0.031516 0.262131 -1.63964e-11 0 0.000492551 0.313115 0.38628 0 0 0.00352463 0.00203608 0 
0 1.08687e-15 9.27076e-16 3.78885e-07 0 0 0.0639405 0.864689 1.77685e-06 0 2.09737e-15 0.0275199 0.0425166 0 0 0.00116842 0.000163578 0 
$SSageCompCatch
 2760 2619 1406
$obsAgeCompCatch
0 0.000564588 0.00297665 0 0 0 0.0932523 0.339985 0.000665569 0 0.000920851 0.416391 0.144379 0 0 0.000538101 0.000326844 0 
0 0 0.00245763 0 0 0 0.0306941 0.36685 0.00102677 0 0 0.244013 0.351669 0 0 0.000449837 0.00283955 0 
0 0 0 9.51192e-05 0 0 0.0276769 0.783459 0.000571672 0 0 0.0944983 0.0905875 0 0 0.00250391 0.000607911 0 
$predAgeCompCatch
0 0.00017592 0.00134503 1.08147e-06 0 0.000399474 0.0809999 0.360917 0.000708607 0 0.000295846 0.392068 0.162761 0 0 0.000180261 0.000147167 0 
0 4.12009e-05 0.000991456 1.05949e-05 0 6.30529e-05 0.040785 0.356918 0.00101341 0 0.000111473 0.274338 0.322141 0 0 0.00208502 0.00150224 0 
0 1.23737e-05 0.00016382 8.37142e-05 0 1.93122e-05 0.0510323 0.807538 0.00057404 0 1.74102e-05 0.0630139 0.0762208 0 0 0.00101961 0.000304294 0 
$genSS
 -1 -1 -1
$obsGenComp     #GeneticFracData
0 0 0 0 0 
0 0 0 0 0 
0 0 0 0 0 
$predGenComp     #catchGenComp_pred
0 0 0 0 0 
0 0 0 0 0 
0 0 0 0 0 
#PARAMETERS_OF_INTEREST
$catchByGroup
0 0 0 
838.579 46.5472 9.48567 
7506.41 435.755 88.9507 
2.94056e-09 2.35922e-10 4.88068e-11 
0 0 0 
0 0 0 
160764 8923.59 1818.5 
450982 26180 5344.12 
1.52909e-08 1.22679e-09 2.53796e-10 
0 0 0 
438.168 19.2246 3.88515 
2.14252e+06 118925 24235.3 
590250 34264.6 6994.44 
0 0 0 
0 0 0 
605.743 33.6231 6.85192 
543.59 31.556 6.44153 
0 0 0 
0 0 0 
191.848 7.28929 2.3197 
234.037 9.3073 2.96482 
1.17774e-09 6.51328e-11 2.09112e-11 
0 0 0 
1539.78 46.0548 14.5848 
121639 4621.67 1470.77 
116340 4626.67 1473.82 
3903.44 215.873 69.307 
0 0 0 
439.652 13.15 4.16437 
6221.84 236.399 75.2301 
8896.64 353.806 112.704 
0 0 0 
0 0 0 
7.74801e-10 2.94387e-11 9.36836e-12 
8.41635e-10 3.34706e-11 1.0662e-11 
0 0 0 
0 0 0 
3.07643e-09 1.85275e-10 1.98101e-11 
4.26024e-09 2.7052e-10 2.89924e-11 
2.51359e-09 2.31815e-10 2.53087e-11 
0 0 0 
800.084 36.3353 3.84039 
186013 11202.4 1197.8 
1.46356e+06 92933.9 9960.01 
1.94803e-08 1.79656e-09 1.96142e-10 
0 0 0 
845.246 38.3863 4.05717 
110627 6662.41 712.363 
293224 18619.3 1995.49 
0 0 0 
0 0 0 
2.63694e-09 1.58807e-10 1.69801e-11 
3.78688e-09 2.40462e-10 2.5771e-11 
0 0 0 
0 0 0 
1.05827e-10 6.75376e-10 4.92596e-11 
137.915 850.456 64.3797 
2.26285e-10 1.08592e-09 1.08034e-10 
0 0 0 
0 0 0 
3632.87 23184.6 1691.01 
39942.5 246307 18645.5 
217.427 1043.41 103.806 
0 0 0 
9.81441 74.8988 4.50383 
36092.9 230342 16800.3 
58859.8 362961 27476.2 
0 0 0 
0 0 0 
406.285 2592.87 189.115 
310.251 1913.17 144.827 
0 0 0 
0 0 0 
4.07671e-11 9.11213e-11 7.22594e-10 
4.63245e-11 1.03281e-10 7.88055e-10 
6.3346 13.8441 79.8691 
0 0 0 
0 0 0 
2398.33 5360.67 42510.2 
43207.1 96330.9 735023 
29.7072 64.9244 374.56 
0 0 0 
1.30232e-11 2.94775e-11 2.85982e-10 
1032.24 2307.22 18296.3 
2124.49 4736.57 36141 
0 0 0 
0 0 0 
43.826 97.9585 776.813 
8.17372 18.2234 139.048 
0 0 0 
$escByGroup
 5e-101 646.101 4663.39 3.25297e-10 5e-101 5e-101 123864 280174 1.69154e-09 5e-101 1529.62 1.65075e+06 366695 5e-101 5e-101 466.707 337.708 5e-101 5e-101 150.207 148.622 1.56451e-10 5e-101 5374.15 95236.3 73879.9 518.534 5e-101 1534.47 4871.35 5649.67 5e-101 5e-101 6.06627e-10 5.34467e-10 5e-101 5e-101 1.68931e-09 1.8313e-09 6.97577e-11 5e-101 2202.22 102142 629123 5.40622e-10 5e-101 2326.53 60746.9 126045 5e-101 5e-101 1.44798e-09 1.62782e-09 5e-101 5e-101 5.89773e-10 581.435 9.12226e-184 5e-101 5e-101 20246 168394 9.49387e-196 5e-101 316.416 201146 248147 5e-101 5e-101 2264.23 1307.99 5e-101 5e-101 5.65753e-10 4.82575e-10 0.197223 5e-101 5e-101 33283.3 450101 0.924912 5e-101 1.09175e-09 14325.1 22131.4 5e-101 5e-101 608.204 85.1479 5e-101
$catchByGroup
0 838.579 7506.41 2.94056e-09 0 0 160764 450982 1.52909e-08 0 438.168 2.14252e+06 590250 0 0 605.743 543.59 0 0 191.848 234.037 1.17774e-09 0 1539.78 121639 116340 3903.44 0 439.652 6221.84 8896.64 0 0 7.74801e-10 8.41635e-10 0 0 3.07643e-09 4.26024e-09 2.51359e-09 0 800.084 186013 1.46356e+06 1.94803e-08 0 845.246 110627 293224 0 0 2.63694e-09 3.78688e-09 0 0 1.05827e-10 137.915 2.26285e-10 0 0 3632.87 39942.5 217.427 0 9.81441 36092.9 58859.8 0 0 406.285 310.251 0 0 4.07671e-11 4.63245e-11 6.3346 0 0 2398.33 43207.1 29.7072 0 1.30232e-11 1032.24 2124.49 0 0 43.826 8.17372 0 
0 46.5472 435.755 2.35922e-10 0 0 8923.59 26180 1.22679e-09 0 19.2246 118925 34264.6 0 0 33.6231 31.556 0 0 7.28929 9.3073 6.51328e-11 0 46.0548 4621.67 4626.67 215.873 0 13.15 236.399 353.806 0 0 2.94387e-11 3.34706e-11 0 0 1.85275e-10 2.7052e-10 2.31815e-10 0 36.3353 11202.4 92933.9 1.79656e-09 0 38.3863 6662.41 18619.3 0 0 1.58807e-10 2.40462e-10 0 0 6.75376e-10 850.456 1.08592e-09 0 0 23184.6 246307 1043.41 0 74.8988 230342 362961 0 0 2592.87 1913.17 0 0 9.11213e-11 1.03281e-10 13.8441 0 0 5360.67 96330.9 64.9244 0 2.94775e-11 2307.22 4736.57 0 0 97.9585 18.2234 0 
0 9.48567 88.9507 4.88068e-11 0 0 1818.5 5344.12 2.53796e-10 0 3.88515 24235.3 6994.44 0 0 6.85192 6.44153 0 0 2.3197 2.96482 2.09112e-11 0 14.5848 1470.77 1473.82 69.307 0 4.16437 75.2301 112.704 0 0 9.36836e-12 1.0662e-11 0 0 1.98101e-11 2.89924e-11 2.53087e-11 0 3.84039 1197.8 9960.01 1.96142e-10 0 4.05717 712.363 1995.49 0 0 1.69801e-11 2.5771e-11 0 0 4.92596e-11 64.3797 1.08034e-10 0 0 1691.01 18645.5 103.806 0 4.50383 16800.3 27476.2 0 0 189.115 144.827 0 0 7.22594e-10 7.88055e-10 79.8691 0 0 42510.2 735023 374.56 0 2.85982e-10 18296.3 36141 0 0 776.813 139.048 0 
$Fmort
 0.719066 0.217777 0.207356
#ESTIMATED_PARAMETERS
$availability
1.48515 1.49041 1.82307 0.146338 0.0550396 
0.191422 0.130699 0.23702 4.0271 0.413765 
0.0404721 0.0433719 0.0261694 0.231335 4.65865 
$availabilityVector
 1.48515 0.191422 0.0404721 1.49041 0.130699 0.0433719 1.82307 0.23702 0.0261694 0.146338 4.0271 0.231335 0.0550396 0.413765 4.65865
$selectivity
 0.232761 0.735892 0.83789 1.64934 1.54412
$RunSize
 0 1540.71 12694.5 3.55059e-09 0 0 295371 762680 1.84631e-08 0 1990.89 3.93642e+06 998204 0 0 1112.93 919.296 0 0 351.664 394.931 1.42024e-09 0 6974.58 222967 196320 4707.16 0 1991.44 11404.8 15012.8 0 0 1.42024e-09 1.42024e-09 0 0 4.97082e-09 6.39106e-09 2.84047e-09 0 3042.48 300555 2.19557e+06 2.20136e-08 0 3214.22 178749 439884 0 0 4.26071e-09 5.68094e-09 0 0 1.42024e-09 1634.19 1.42024e-09 0 0 48754.5 473288 1364.64 0 405.633 484381 697444 0 0 5452.5 3676.23 0 0 1.42024e-09 1.42024e-09 100.245 0 0 83552.4 1.32466e+06 470.117 0 1.42024e-09 35960.8 65133.4 0 0 1526.8 250.593 0
