$ndistricts
3
$ngroups
90
$nstocks
5
$nagecomps
18
$AgeCompLabels
 0.1 0.2 0.3 0.4 0.5 1.1 1.2 1.3 1.4 1.5 2.1 2.2 2.3 2.4 3.1 3.2 3.3 3.4
$navailpar
15
$nselectpar
5
$GENdata
 -1 -1 -1
$maxGradient
1.17023e-06
#LIKELIHOOD_VALUES_AND_PENALTIES
$totalNLL
929.824
$NLLcatch
0.677374
$NLLescape
-6.74701
$NLLagecompCatch
404.518
$NLLagecompEsc
531.376
$NLLgenetics
0
$NLLselOne
3.03111e-17
$NLLavailOne
1.9451e-09
$NLLextra
2.6e-198
$sigmaCat
0.5
$sigmaEsc
0.1
#OBSERVED_AND_PREDICTED_VALUES
$predEsc
 4.513e+06 585131 1.65007e+06 1.98667e+06 2.1931e+06
$obsEsc
 4.72586e+06 577940 1.60665e+06 1.94563e+06 2.19493e+06
$predCatch
 9.13708e+06 1.56466e+07 3.32097e+06
$obsCatch
 9.13708e+06 1.56466e+07 3.32097e+06
$RunSize
 0 28911.8 21767.4 6026.63 0 2981.5 2.77e+06 2.02006e+06 20858.3 0 16002.2 3.90588e+06 927631 7854.16 0 4.34715e-09 993.794 0 0 6.52072e-09 6.52072e-09 4.34715e-09 0 0 8.6943e-09 362720 1.58671e-07 0 8.6943e-09 1.08679e-08 980269 1.08679e-08 0 4.34715e-09 795.458 0 0 4.34715e-09 4.34715e-09 2899.18 0 1125.31 335641 1.17984e+06 416238 0 30003.5 583878 2.35471e+06 35970.9 0 4.34715e-09 8210.5 0 0 4.34715e-09 2201.08 4.34715e-09 0 0 281619 4.01149e+06 64844.9 0 101640 8.43466e+06 3.9979e+06 4.34715e-09 5384.87 90398.9 10380.7 0 0 3423.19 7307.79 4.34715e-09 0 5534.98 446137 1.71698e+06 73724.2 0 31520.3 1.894e+06 1.82496e+06 5535.58 0 1687.28 4.34715e-09 0
$SSageCompEsc
 3034 0 1692 3201 2644
$obsAgeCompEsc
0 0.00426853 0.00249163 0.000783507 0 0.000544397 0.325561 0.157878 0.00138071 0 0.00272495 0.431069 0.0725425 0.000679738 0 0 7.66527e-05 0 
0 0 0 0 0 0 0.601116 0.250188 0 0 0 0.102692 0.0460043 0 0 0 0 0 
0 0 0 0.000633714 0 0.000510901 0.0899411 0.225322 0.0612104 0 0.0131763 0.151671 0.449833 0.00615212 0 0 0.00154927 0 
0 0 0.00019264 0 0 0 0.0231543 0.169192 0.000868148 0 0.0212583 0.601028 0.17527 0 0.00149523 0.00731329 0.000227071 0 
0 0.00110602 0.000437801 0 0 0.00216205 0.0966069 0.251971 0.00506081 0 0.01201 0.359807 0.27055 0 0 0.000288284 0 0 
$predAgeCompEsc
0 0.00311675 0.00198983 0.000453145 0 0.000480483 0.298611 0.18466 0.00156834 0 0.00257882 0.421062 0.0847978 0.000590557 0 4.68632e-16 9.08459e-05 0 
0 5.63611e-15 4.85251e-15 2.7202e-15 0 0 7.51481e-15 0.269924 9.92875e-14 0 1.09419e-14 9.39351e-15 0.729484 6.80051e-15 0 3.7574e-15 0.000591953 0 
0 1.06321e-15 8.52272e-16 0.000431939 0 0.000460231 0.0820901 0.231312 0.062014 0 0.0122708 0.142803 0.461649 0.00535919 0 1.06321e-15 0.00160969 0 
0 3.28669e-16 8.46786e-05 2.69615e-17 0 0 0.021292 0.154327 0.000402175 0 0.023882 0.637708 0.153805 2.69615e-17 0.00126526 0.00683467 0.000399359 0 
0 0.000651688 0.00109756 4.77214e-16 0 0.00175709 0.0849331 0.257873 0.00809318 0 0.0100062 0.360569 0.274091 0.000607676 0 0.000321215 6.52899e-16 0 
$SSageCompCatch
 12797 6544 2477
$obsAgeCompCatch
0 0.00020224 0.000710139 0.00010383 0 0 0.110035 0.280976 0.0342439 0 0.000511344 0.231612 0.338161 0.00249911 0 0.000135905 0.000809617 0 
0 8.54194e-05 0 0 0 0 0.0298598 0.223873 0.00604635 0 0.00739782 0.507379 0.220125 0 0 0.00433901 0.000893955 0 
0 0 0.00190078 0 0 0 0.0506192 0.300271 0.0168058 0 0 0.31339 0.314226 0.00168448 0 0.00110307 0 0 
$predAgeCompCatch
0 0.00140602 0.0012329 0.000571663 0 0.00011898 0.155483 0.239271 0.0310402 0 0.00168133 0.277503 0.287426 0.00300341 1.56204e-05 0.000556339 0.000690885 0 
0 0.000154076 0.000303313 5.69932e-05 0 3.28154e-05 0.0313819 0.248431 0.00766857 0 0.00345349 0.45013 0.252788 0.000376214 0.00017003 0.00444698 0.000606426 0 
0 0.000476428 0.00111713 1.5945e-05 0 0.000379383 0.0632522 0.292873 0.0132818 0 0.0025572 0.315058 0.308949 0.000960843 2.05108e-05 0.000945571 0.000112439 0 
$genSS
 -1 -1 -1
$obsGenComp     #GeneticFracData
0 0 0 0 0 
0 0 0 0 0 
0 0 0 0 0 
$predGenComp     #catchGenComp_pred
0 0 0 0 0 
0 0 0 0 0 
0 0 0 0 0 
#PARAMETERS_OF_INTEREST
$catchByGroup
0 0 0 
12773.7 1934.77 137.388 
10932.4 1731.21 123.705 
3379.97 561.241 40.3781 
0 0 0 
711.438 95.0094 6.63282 
1.22383e+06 185367 13163 
1.01455e+06 160660 11480 
11698.1 1942.47 139.749 
0 0 0 
3818.4 509.93 35.5993 
1.72568e+06 261380 18560.7 
465891 73776.5 5271.74 
4404.91 731.433 52.6224 
0 0 0 
1.92065e-09 2.9091e-10 2.06576e-11 
499.12 79.0385 5.64774 
0 0 0 
0 0 0 
2.88846e-09 3.01201e-10 3.32009e-11 
3.28294e-09 3.58725e-10 3.97044e-11 
2.44359e-09 2.80674e-10 3.1205e-11 
0 0 0 
0 0 0 
3.85128e-09 4.01601e-10 4.42679e-11 
182616 19954.4 2208.59 
8.91912e-08 1.02446e-08 1.13898e-09 
0 0 0 
2.08099e-09 1.90138e-10 2.0726e-11 
4.81411e-09 5.02001e-10 5.53349e-11 
493529 53927.7 5968.81 
6.10899e-09 7.01685e-10 7.80125e-11 
0 0 0 
1.92564e-09 2.00801e-10 2.21339e-11 
400.484 43.7606 4.84351 
0 0 0 
0 0 0 
2.22212e-09 3.57286e-10 1.33685e-11 
2.50089e-09 4.23956e-10 1.59904e-11 
1843.37 330.506 12.5748 
0 0 0 
320.051 44.2318 1.61937 
171568 27585.8 1032.18 
678759 115064 4339.89 
264654 47451.2 1805.38 
0 0 0 
8533.29 1179.32 43.1762 
298459 47988.1 1795.57 
1.35466e+06 229643 8661.48 
22871.2 4100.69 156.019 
0 0 0 
2.22212e-09 3.57286e-10 1.33685e-11 
4723.46 800.729 30.2012 
0 0 0 
0 0 0 
2.42714e-10 3.33472e-09 1.16762e-10 
146.22 1816.08 70.5477 
3.38567e-10 3.79115e-09 1.63872e-10 
0 0 0 
0 0 0 
15723.6 216031 7564.13 
266487 3.30983e+06 128574 
5050.28 56551.2 2444.42 
0 0 0 
2693.95 50215 1285.69 
470932 6.47026e+06 226550 
265585 3.29861e+06 128138 
3.38567e-10 3.79115e-09 1.63872e-10 
142.725 2660.38 68.1157 
5047.24 69345.4 2428.06 
689.599 8564.97 332.715 
0 0 0 
0 0 0 
73.1764 475.989 1444.81 
186.515 1198.52 3515.7 
1.3057e-10 8.27983e-10 2.34202e-09 
0 0 0 
55.6397 374.207 1251.66 
9536.92 62034.6 188299 
43822 281594 826020 
2214.37 14041.9 39718.8 
0 0 0 
316.854 2131.01 7127.9 
40487.3 263357 799391 
46578 299303 877969 
166.266 1054.34 2982.29 
0 0 0 
36.0685 234.613 712.143 
1.10951e-10 7.12957e-10 2.09137e-09 
0 0 0 
$escByGroup
 5e-101 14065.9 8980.11 2045.04 5e-101 2168.42 1.34763e+06 833372 7077.93 5e-101 11638.2 1.90025e+06 382692 2665.19 5e-101 2.11494e-09 409.988 5e-101 5e-101 3.29786e-09 2.83935e-09 1.59167e-09 5e-101 5e-101 4.39714e-09 157941 5.80961e-08 5e-101 6.40244e-09 5.49643e-09 426843 3.97919e-09 5e-101 2.19857e-09 346.37 5e-101 5e-101 1.75438e-09 1.40631e-09 712.73 5e-101 759.413 135454 381681 102327 5e-101 20247.7 235635 761752 8843.04 5e-101 1.75438e-09 2656.11 5e-101 5e-101 6.52957e-10 168.228 5.35636e-11 5e-101 5e-101 42300.1 306598 798.989 5e-101 47445.6 1.26691e+06 305559 5.35636e-11 2513.65 13578.2 793.394 5e-101 5e-101 1429.22 2407.05 1.04658e-09 5e-101 3853.47 186266 565540 17749.1 5e-101 21944.5 790762 601108 1332.69 5e-101 704.456 1.43187e-09 5e-101
$catchByGroup
0 12773.7 10932.4 3379.97 0 711.438 1.22383e+06 1.01455e+06 11698.1 0 3818.4 1.72568e+06 465891 4404.91 0 1.92065e-09 499.12 0 0 2.88846e-09 3.28294e-09 2.44359e-09 0 0 3.85128e-09 182616 8.91912e-08 0 2.08099e-09 4.81411e-09 493529 6.10899e-09 0 1.92564e-09 400.484 0 0 2.22212e-09 2.50089e-09 1843.37 0 320.051 171568 678759 264654 0 8533.29 298459 1.35466e+06 22871.2 0 2.22212e-09 4723.46 0 0 2.42714e-10 146.22 3.38567e-10 0 0 15723.6 266487 5050.28 0 2693.95 470932 265585 3.38567e-10 142.725 5047.24 689.599 0 0 73.1764 186.515 1.3057e-10 0 55.6397 9536.92 43822 2214.37 0 316.854 40487.3 46578 166.266 0 36.0685 1.10951e-10 0 
0 1934.77 1731.21 561.241 0 95.0094 185367 160660 1942.47 0 509.93 261380 73776.5 731.433 0 2.9091e-10 79.0385 0 0 3.01201e-10 3.58725e-10 2.80674e-10 0 0 4.01601e-10 19954.4 1.02446e-08 0 1.90138e-10 5.02001e-10 53927.7 7.01685e-10 0 2.00801e-10 43.7606 0 0 3.57286e-10 4.23956e-10 330.506 0 44.2318 27585.8 115064 47451.2 0 1179.32 47988.1 229643 4100.69 0 3.57286e-10 800.729 0 0 3.33472e-09 1816.08 3.79115e-09 0 0 216031 3.30983e+06 56551.2 0 50215 6.47026e+06 3.29861e+06 3.79115e-09 2660.38 69345.4 8564.97 0 0 475.989 1198.52 8.27983e-10 0 374.207 62034.6 281594 14041.9 0 2131.01 263357 299303 1054.34 0 234.613 7.12957e-10 0 
0 137.388 123.705 40.3781 0 6.63282 13163 11480 139.749 0 35.5993 18560.7 5271.74 52.6224 0 2.06576e-11 5.64774 0 0 3.32009e-11 3.97044e-11 3.1205e-11 0 0 4.42679e-11 2208.59 1.13898e-09 0 2.0726e-11 5.53349e-11 5968.81 7.80125e-11 0 2.21339e-11 4.84351 0 0 1.33685e-11 1.59904e-11 12.5748 0 1.61937 1032.18 4339.89 1805.38 0 43.1762 1795.57 8661.48 156.019 0 1.33685e-11 30.2012 0 0 1.16762e-10 70.5477 1.63872e-10 0 0 7564.13 128574 2444.42 0 1285.69 226550 128138 1.63872e-10 68.1157 2428.06 332.715 0 0 1444.81 3515.7 2.34202e-09 0 1251.66 188299 826020 39718.8 0 7127.9 799391 877969 2982.29 0 712.143 2.09137e-09 0 
$Fmort
 0.50536 0.465767 0.151498
#ESTIMATED_PARAMETERS
$availability
1.48515 1.49041 1.82307 0.146338 0.0550396 
0.191422 0.130699 0.23702 4.0271 0.413765 
0.0404721 0.0433719 0.0261694 0.231335 4.65865 
$availabilityVector
 1.48515 0.191422 0.0404721 1.49041 0.130699 0.0433719 1.82307 0.23702 0.0261694 0.146338 4.0271 0.231335 0.0550396 0.413765 4.65865
$selectivity
 0.363232 0.776868 0.929509 1.0964 1.83399
$RunSize
 0 28911.8 21767.4 6026.63 0 2981.5 2.77e+06 2.02006e+06 20858.3 0 16002.2 3.90588e+06 927631 7854.16 0 4.34715e-09 993.794 0 0 6.52072e-09 6.52072e-09 4.34715e-09 0 0 8.6943e-09 362720 1.58671e-07 0 8.6943e-09 1.08679e-08 980269 1.08679e-08 0 4.34715e-09 795.458 0 0 4.34715e-09 4.34715e-09 2899.18 0 1125.31 335641 1.17984e+06 416238 0 30003.5 583878 2.35471e+06 35970.9 0 4.34715e-09 8210.5 0 0 4.34715e-09 2201.08 4.34715e-09 0 0 281619 4.01149e+06 64844.9 0 101640 8.43466e+06 3.9979e+06 4.34715e-09 5384.87 90398.9 10380.7 0 0 3423.19 7307.79 4.34715e-09 0 5534.98 446137 1.71698e+06 73724.2 0 31520.3 1.894e+06 1.82496e+06 5535.58 0 1687.28 4.34715e-09 0
