$ndistricts
3
$ngroups
90
$nstocks
5
$nagecomps
18
$AgeCompLabels
 0.1 0.2 0.3 0.4 0.5 1.1 1.2 1.3 1.4 1.5 2.1 2.2 2.3 2.4 3.1 3.2 3.3 3.4
$navailpar
15
$nselectpar
5
$GENdata
 -1 -1 -1
$maxGradient
7.883e-07
#LIKELIHOOD_VALUES_AND_PENALTIES
$totalNLL
842.543
$NLLcatch
0.677374
$NLLescape
-6.86478
$NLLagecompCatch
369.862
$NLLagecompEsc
478.868
$NLLgenetics
0
$NLLselOne
1.43107e-17
$NLLavailOne
1.9451e-09
$NLLextra
4.1e-198
$sigmaCat
0.5
$sigmaEsc
0.1
#OBSERVED_AND_PREDICTED_VALUES
$predEsc
 1.15552e+06 593953 2.01587e+06 1.13991e+06 1.02134e+06
$obsEsc
 1.17932e+06 586959 1.97764e+06 1.15218e+06 1.01558e+06
$predCatch
 2.87218e+06 4.85293e+06 5.00295e+06
$obsCatch
 2.87218e+06 4.85294e+06 5.00295e+06
$RunSize
 0 0 2.06943e-09 0 0 856.127 468823 180037 2815.97 0 499.584 915321 346824 2.06943e-09 0 2.06943e-09 0 0 0 0 5837.09 0 0 6335.65 3.20761e-08 979796 1.96596e-08 0 0 1.55207e-08 5.27704e-08 128.2 0 5.17357e-09 0 0 0 0 2.06943e-09 0 0 2.06943e-09 160228 2.30683e+06 11730.3 0 0 579556 840849 2.06943e-09 0 2.06943e-09 1464.29 0 0 0 867.408 0 0 2315.76 1.17502e+06 417852 4794.63 0 11097.3 2.78748e+06 917583 1517.01 0 4607.05 0 0 0 0 4737.36 0 0 5.17357e-09 315348 2.93441e+06 13999.2 0 259.249 2.19291e+06 1.05707e+06 4756.86 0 114.319 0 0
$SSageCompEsc
 1488 0 2622 2897 1327
$obsAgeCompEsc
0 0 0 0 0 0.000687469 0.245549 0.0862339 0.00158238 0 0.000415519 0.495345 0.170187 0 0 0 0 0 
0 0 0 0 0 0 0.601116 0.250188 0 0 0 0.102692 0.0460043 0 0 0 0 0 
0 0 0 0 0 0 0.0452095 0.559821 0.00360753 0 0 0.175152 0.215598 0 0 0 0.000611651 0 
0 0 0 0 0 0.00178497 0.248893 0.0502525 0.000141558 0 0.00903006 0.517533 0.171536 0.000565709 0 0.00026403 0 0 
0 0 0 0 0 0 0.0450652 0.37015 0.00402346 0 0.000237857 0.393305 0.185915 0.00130305 0 0 0 0 
$predAgeCompEsc
0 0 1.03873e-15 0 0 0.000718001 0.248212 0.0903679 0.00159255 0 0.000418982 0.484605 0.174085 1.17035e-15 0 1.09563e-15 0 0 
0 0 0.00586003 0 0 0.0103483 3.38411e-14 0.983648 2.20621e-14 0 0 1.63747e-14 5.29779e-14 0.000143867 0 5.45825e-15 0 0 
0 0 5.23352e-16 0 0 9.88098e-16 0.0433485 0.583391 0.00344761 0 0 0.156795 0.212648 6.08221e-16 0 5.59869e-16 0.000370315 0 
0 0 0.00013701 0 0 0.00186504 0.230008 0.0660012 0.00119302 0 0.0089374 0.545643 0.144936 0.000377467 0 0.000901821 0 0 
0 0 0.000643355 0 0 4.63022e-15 0.0568887 0.398506 0.00340051 0 0.000232022 0.3956 0.143554 0.00115547 0 2.0623e-05 0 0 
$SSageCompCatch
 10810 2883 4264
$obsAgeCompCatch
0 0 0.00076915 0 0 0.000160715 0.0887351 0.537446 0.0014011 0 0 0.182751 0.188675 6.20158e-05 0 0 0 0 
0 0 0.00058208 0 0 0 0.149504 0.218024 0.00290875 0 0 0.486493 0.141219 0 0 0.0012688 0 0 
0 0 0.00126295 0 0 0.000149047 0.0760237 0.451289 0.000756166 0 0 0.342244 0.127549 0.000577145 0 0.000149047 0 0 
$predAgeCompCatch
0 0 0.000753589 0 0 6.86772e-05 0.0915422 0.494766 0.0018094 0 1.49079e-05 0.228743 0.18198 5.16103e-05 0 6.15187e-05 0.000209795 0 
0 0 0.000294778 0 0 3.99257e-05 0.179718 0.179331 0.00107405 0 0.00017311 0.459964 0.178438 0.000294873 0 0.000650398 2.15674e-05 0 
0 0 0.000710187 0 0 2.89807e-06 0.0579344 0.43587 0.00186044 0 1.28528e-05 0.336605 0.166309 0.000625025 0 6.78164e-05 2.10885e-06 0 
$genSS
 -1 -1 -1
$obsGenComp     #GeneticFracData
0 0 0 0 0 
0 0 0 0 0 
0 0 0 0 0 
$predGenComp     #catchGenComp_pred
0 0 0 0 0 
0 0 0 0 0 
0 0 0 0 0 
#PARAMETERS_OF_INTEREST
$catchByGroup
0 0 0 
0 0 0 
7.25828e-10 1.20308e-10 2.30143e-11 
0 0 0 
0 0 0 
22.6834 3.18199 0.59504 
152387 24872.4 4747.68 
63145.8 10466.6 2002.21 
819.604 131.167 24.9689 
0 0 0 
13.2366 1.85682 0.347229 
297518 48560.3 9269.28 
121644 20162.9 3857.07 
6.0232e-10 9.63935e-11 1.83494e-11 
0 0 0 
6.72653e-10 1.09789e-10 2.09567e-11 
0 0 0 
0 0 0 
0 0 0 
0 0 0 
2053.07 233.891 69.5383 
0 0 0 
0 0 0 
168.451 16.0876 4.7189 
1.04562e-08 1.17192e-09 3.47976e-10 
344623 39260.2 11672.5 
5.73898e-09 6.29965e-10 1.8675e-10 
0 0 0 
0 0 0 
5.05944e-09 5.67058e-10 1.68376e-10 
1.85609e-08 2.1145e-09 6.28663e-10 
37.4239 4.10801 1.2178 
0 0 0 
1.68648e-09 1.89019e-10 5.61252e-11 
0 0 0 
0 0 0 
0 0 0 
0 0 0 
8.51587e-10 1.47919e-10 1.49106e-11 
0 0 0 
0 0 0 
6.71013e-11 9.51947e-12 9.30144e-13 
61333.9 10458 1051.07 
949280 164888 16621.1 
4040.2 672.75 67.3597 
0 0 0 
0 0 0 
221849 37827.4 3801.78 
346017 60102.5 6058.46 
7.12764e-10 1.18685e-10 1.18835e-11 
0 0 0 
7.92159e-10 1.35071e-10 1.35751e-11 
602.568 104.665 10.5505 
0 0 0 
0 0 0 
0 0 0 
36.1413 621.375 53.7127 
0 0 0 
0 0 0 
6.11918 174.487 9.18494 
44643.6 801780 66411.3 
17410.2 299331 25874.7 
159.784 3036.93 237.978 
0 0 0 
29.3236 836.157 44.015 
105907 1.90204e+06 157546 
38231.9 657318 56819.7 
50.5554 960.878 75.2956 
0 0 0 
175.039 3143.63 260.386 
0 0 0 
0 0 0 
0 0 0 
0 0 0 
75.2267 575.274 3429.78 
0 0 0 
0 0 0 
5.14595e-12 4.1474e-11 3.97916e-10 
4560.83 35051.7 217633 
46596.8 356335 2.12447e+06 
177.327 1371.47 8977.37 
0 0 0 
0.257865 2.07827 19.9397 
31715.7 243747 1.5134e+06 
16785.6 128363 765299 
60.2547 466.016 3050.46 
0 0 0 
1.65337 12.7068 78.8952 
0 0 0 
0 0 0 
$escByGroup
 5e-101 5e-101 1.20028e-09 5e-101 5e-101 829.667 286815 104422 1840.23 5e-101 484.143 559973 201159 1.35237e-09 5e-101 1.26603e-09 5e-101 5e-101 5e-101 5e-101 3480.59 5e-101 5e-101 6146.39 2.01001e-08 584241 1.31039e-08 5e-101 5e-101 9.72583e-09 3.14664e-08 85.4505 5e-101 3.24194e-09 5e-101 5e-101 5e-101 5e-101 1.05501e-09 5e-101 5e-101 1.99188e-09 87384.9 1.17604e+06 6949.94 5e-101 5e-101 316078 428672 1.2261e-09 5e-101 1.12862e-09 746.507 5e-101 5e-101 5e-101 156.179 5e-101 5e-101 2125.97 262189 75235.3 1359.93 5e-101 10187.8 621983 165213 430.278 5e-101 1027.99 5e-101 5e-101 5e-101 5e-101 657.085 5e-101 5e-101 4.72903e-09 58102.8 407010 3473.08 5e-101 236.974 404042 146618 1180.13 5e-101 21.0632 5e-101 5e-101
$catchByGroup
0 0 7.25828e-10 0 0 22.6834 152387 63145.8 819.604 0 13.2366 297518 121644 6.0232e-10 0 6.72653e-10 0 0 0 0 2053.07 0 0 168.451 1.04562e-08 344623 5.73898e-09 0 0 5.05944e-09 1.85609e-08 37.4239 0 1.68648e-09 0 0 0 0 8.51587e-10 0 0 6.71013e-11 61333.9 949280 4040.2 0 0 221849 346017 7.12764e-10 0 7.92159e-10 602.568 0 0 0 36.1413 0 0 6.11918 44643.6 17410.2 159.784 0 29.3236 105907 38231.9 50.5554 0 175.039 0 0 0 0 75.2267 0 0 5.14595e-12 4560.83 46596.8 177.327 0 0.257865 31715.7 16785.6 60.2547 0 1.65337 0 0 
0 0 1.20308e-10 0 0 3.18199 24872.4 10466.6 131.167 0 1.85682 48560.3 20162.9 9.63935e-11 0 1.09789e-10 0 0 0 0 233.891 0 0 16.0876 1.17192e-09 39260.2 6.29965e-10 0 0 5.67058e-10 2.1145e-09 4.10801 0 1.89019e-10 0 0 0 0 1.47919e-10 0 0 9.51947e-12 10458 164888 672.75 0 0 37827.4 60102.5 1.18685e-10 0 1.35071e-10 104.665 0 0 0 621.375 0 0 174.487 801780 299331 3036.93 0 836.157 1.90204e+06 657318 960.878 0 3143.63 0 0 0 0 575.274 0 0 4.1474e-11 35051.7 356335 1371.47 0 2.07827 243747 128363 466.016 0 12.7068 0 0 
0 0 2.30143e-11 0 0 0.59504 4747.68 2002.21 24.9689 0 0.347229 9269.28 3857.07 1.83494e-11 0 2.09567e-11 0 0 0 0 69.5383 0 0 4.7189 3.47976e-10 11672.5 1.8675e-10 0 0 1.68376e-10 6.28663e-10 1.2178 0 5.61252e-11 0 0 0 0 1.49106e-11 0 0 9.30144e-13 1051.07 16621.1 67.3597 0 0 3801.78 6058.46 1.18835e-11 0 1.35751e-11 10.5505 0 0 0 53.7127 0 0 9.18494 66411.3 25874.7 237.978 0 44.015 157546 56819.7 75.2956 0 260.386 0 0 0 0 3429.78 0 0 3.97916e-10 217633 2.12447e+06 8977.37 0 19.9397 1.5134e+06 765299 3050.46 0 78.8952 0 0 
$Fmort
 0.257477 0.277013 0.244639
#ESTIMATED_PARAMETERS
$availability
1.48515 1.49041 1.82307 0.146338 0.0550396 
0.191422 0.130699 0.23702 4.0271 0.413765 
0.0404721 0.0433719 0.0261694 0.231335 4.65865 
$availabilityVector
 1.48515 0.191422 0.0404721 1.49041 0.130699 0.0433719 1.82307 0.23702 0.0261694 0.146338 4.0271 0.231335 0.0550396 0.413765 4.65865
$selectivity
 0.0702226 1.02802 1.12952 0.899543 1.8727
$RunSize
 0 0 2.06943e-09 0 0 856.127 468823 180037 2815.97 0 499.584 915321 346824 2.06943e-09 0 2.06943e-09 0 0 0 0 5837.09 0 0 6335.65 3.20761e-08 979796 1.96596e-08 0 0 1.55207e-08 5.27704e-08 128.2 0 5.17357e-09 0 0 0 0 2.06943e-09 0 0 2.06943e-09 160228 2.30683e+06 11730.3 0 0 579556 840849 2.06943e-09 0 2.06943e-09 1464.29 0 0 0 867.408 0 0 2315.76 1.17502e+06 417852 4794.63 0 11097.3 2.78748e+06 917583 1517.01 0 4607.05 0 0 0 0 4737.36 0 0 5.17357e-09 315348 2.93441e+06 13999.2 0 259.249 2.19291e+06 1.05707e+06 4756.86 0 114.319 0 0
