$ndistricts
3
$ngroups
90
$nstocks
5
$nagecomps
18
$AgeCompLabels
 0.1 0.2 0.3 0.4 0.5 1.1 1.2 1.3 1.4 1.5 2.1 2.2 2.3 2.4 3.1 3.2 3.3 3.4
$navailpar
15
$nselectpar
5
$GENdata
 -1 -1 -1
$maxGradient
5.3999e-06
#LIKELIHOOD_VALUES_AND_PENALTIES
$totalNLL
637.012
$NLLcatch
0.677374
$NLLescape
-6.88694
$NLLagecompCatch
207.424
$NLLagecompEsc
435.797
$NLLgenetics
0
$NLLselOne
2.5286e-16
$NLLavailOne
1.9451e-09
$NLLextra
4.6e-198
$sigmaCat
0.5
$sigmaEsc
0.1
#OBSERVED_AND_PREDICTED_VALUES
$predEsc
 4.34608e+06 215279 1.2592e+06 1.28e+06 61853.5
$obsEsc
 4.43384e+06 214848 1.24106e+06 1.27563e+06 61854
$predCatch
 538163 172253 2151
$obsCatch
 538163 172253 2151
$RunSize
 0 0 0 0 0 4.84822e-09 42442.2 300513 4207.2 0 27004 4.17882e+06 164940 0 0 6818.44 0 0 0 0 0 0 0 1173.08 74254.2 52102.9 2026.87 0 8.81495e-10 103281 2763.67 0 0 8.81495e-10 0 0 0 0 0 0 0 216.574 155432 230785 247.549 0 17096.9 805158 208131 439.727 0 588.194 0 0 0 0 0 0 0 1.32224e-09 101114 98434.6 1.32224e-09 0 1.32224e-09 1.03906e+06 191298 1746.63 0 8.81495e-10 1468.99 0 0 0 0 0 0 8.81495e-10 3523.28 5377.5 8.81495e-10 0 195.623 50032 4174.23 108.643 0 8.81495e-10 0 0
$SSageCompEsc
 1298 257 1556 967 482
$obsAgeCompEsc
0 0 0 0 0 0 0.00648223 0.0664573 0.000948691 0 0.00595634 0.899347 0.0208078 0 0 0 0 0 
0 0 0 0 0 0.00540844 0.316349 0.211861 0.00943396 0 0 0.445973 0.0109749 0 0 0 0 0 
0 0 0 0 0 0.000180165 0.103204 0.163058 0.000199445 0 0.0134681 0.596115 0.123139 0.000354279 0 0.000281639 0 0 
0 0 0 0 0 0 0.0411287 0.0698971 0 0 0 0.754258 0.131067 0.00136922 0 0 0.00227985 0 
0 0 0 0 0 0 0.0555949 0.0834801 0 0 0.00314963 0.791241 0.064778 0.00175644 0 0 0 0 
$predAgeCompEsc
0 0 0 0 0 1.09675e-15 0.00903587 0.0598958 0.000968044 0 0.00610879 0.889665 0.0328744 0 0 0.00145164 0 0 
0 0 0 0 0 0.00535864 0.31952 0.210136 0.00941511 0 4.02668e-15 0.444424 0.0111461 0 0 3.79313e-15 0 0 
0 0 0 0 0 0.000168445 0.112203 0.153606 0.000196592 0 0.0132975 0.581226 0.138528 0.000349212 0 0.000424605 0 0 
0 0 0 0 0 1.01141e-15 0.0717038 0.0642579 1.033e-15 0 1.01141e-15 0.736836 0.124879 0.00136456 0 6.251e-16 0.000958955 0 
0 0 0 0 0 1.41826e-14 0.0557142 0.0834448 1.42513e-14 0 0.00314744 0.791164 0.0647731 0.00175645 0 1.39392e-14 0 0 
$SSageCompCatch
 563 547 0
$obsAgeCompCatch
0 0 0 0 0 0 0.0544393 0.135471 0 0 0.00172759 0.671499 0.134121 0 0 0.00274195 0 0 
0 0 0 0 0 0 0.0915708 0.107337 0 0 0 0.622812 0.178281 0 0 0 0 0 
0 0 0 0 0 0.00115741 0.174839 0.163348 0.00139791 0 0 0.47507 0.167271 0 0 0.0169173 0 0 
$predAgeCompCatch
0 0 0 0 0 4.26143e-05 0.0414432 0.150282 4.34444e-10 0 0.00141678 0.702955 0.102838 4.75196e-11 0 0.000986223 3.59523e-05 0 
0 0 0 0 0 5.72125e-06 0.0568163 0.114251 7.03763e-11 0 0.000260023 0.640865 0.186336 4.4778e-10 0 0.000183756 0.00128191 0 
0 0 0 0 0 1.2634e-05 0.0496184 0.127643 1.31811e-10 0 0.000547544 0.679156 0.142089 4.59035e-10 0 0.000296702 0.000637233 0 
$genSS
 -1 -1 -1
$obsGenComp     #GeneticFracData
0 0 0 0 0 
0 0 0 0 0 
0 0 0 0 0 
$predGenComp     #catchGenComp_pred
0 0 0 0 0 
0 0 0 0 0 
0 0 0 0 0 
#PARAMETERS_OF_INTEREST
$catchByGroup
0 0 0 
0 0 0 
0 0 0 
0 0 0 
0 0 0 
7.70758e-11 4.46867e-12 9.43006e-14 
2989.7 178.019 3.7627 
37834 2317.81 49.0753 
0.000150288 8.64786e-06 1.8241e-07 
0 0 0 
429.303 24.89 0.525243 
294364 17527.6 370.472 
20765.6 1272.16 26.9355 
0 0 0 
0 0 0 
480.303 28.5992 0.604487 
0 0 0 
0 0 0 
0 0 0 
0 0 0 
0 0 0 
0 0 0 
0 0 0 
18.7147 0.73836 0.0244518 
5248.43 212.795 7.05464 
6581.3 274.72 9.11826 
7.2659e-05 2.84461e-06 9.41749e-08 
0 0 0 
1.40629e-11 5.54831e-13 1.8374e-14 
7300.09 295.978 9.81236 
349.089 14.5719 0.483655 
0 0 0 
0 0 0 
6.23057e-11 2.52615e-12 8.37478e-14 
0 0 0 
0 0 0 
0 0 0 
0 0 0 
0 0 0 
0 0 0 
0 0 0 
4.21875 0.247143 0.00272382 
13330.4 806.838 8.91021 
35137.8 2201.99 24.3701 
1.08548e-05 6.30043e-07 6.93992e-09 
0 0 0 
333.039 19.5101 0.215026 
69053.1 4179.52 46.156 
31688.8 1985.85 21.978 
1.92817e-05 1.11916e-06 1.23276e-08 
0 0 0 
50.4455 3.05328 0.0337185 
0 0 0 
0 0 0 
0 0 0 
0 0 0 
0 0 0 
0 0 0 
0 0 0 
2.08625e-12 2.5404e-11 1.46997e-13 
725.16 8557.26 51.2284 
1296.49 14796.3 91.8474 
4.65402e-18 5.71778e-17 3.27682e-19 
0 0 0 
2.08625e-12 2.5404e-11 1.46997e-13 
7451.81 87935.3 526.428 
2519.6 28755.2 178.497 
6.14777e-06 7.55295e-05 4.32855e-07 
0 0 0 
6.3218e-12 7.46005e-11 4.46599e-13 
19.3482 220.813 1.37069 
0 0 0 
0 0 0 
0 0 0 
0 0 0 
0 0 0 
0 0 0 
5.23366e-13 1.75528e-12 1.9714e-12 
9.52488 31.8654 35.7733 
26.7493 89.2503 100.149 
1.16695e-18 3.9165e-18 4.39927e-18 
0 0 0 
0.116147 0.389535 0.437497 
135.257 452.502 507.995 
20.7638 69.2795 77.7393 
1.43825e-07 4.82702e-07 5.42202e-07 
0 0 0 
2.38304e-12 7.97246e-12 8.95018e-12 
0 0 0 
0 0 0 
$escByGroup
 5e-101 5e-101 5e-101 5e-101 5e-101 4.76658e-09 39270.7 260312 4207.2 5e-101 26549.3 3.86656e+06 142875 5e-101 5e-101 6308.93 5e-101 5e-101 5e-101 5e-101 5e-101 5e-101 5e-101 1153.6 68786 45237.7 2026.87 5e-101 8.66859e-10 95675 2399.52 5e-101 5e-101 8.16579e-10 5e-101 5e-101 5e-101 5e-101 5e-101 5e-101 5e-101 212.105 141286 193420 247.549 5e-101 16744.2 731879 174435 439.727 5e-101 534.662 5e-101 5e-101 5e-101 5e-101 5e-101 5e-101 5e-101 1.29461e-09 91780.8 82250 1.32224e-09 5e-101 1.29461e-09 943148 159845 1746.63 5e-101 8.00126e-10 1227.46 5e-101 5e-101 5e-101 5e-101 5e-101 5e-101 8.77245e-10 3446.12 5161.35 8.81495e-10 5e-101 194.68 48936.3 4006.44 108.643 5e-101 8.62189e-10 5e-101 5e-101
$catchByGroup
0 0 0 0 0 7.70758e-11 2989.7 37834 0.000150288 0 429.303 294364 20765.6 0 0 480.303 0 0 0 0 0 0 0 18.7147 5248.43 6581.3 7.2659e-05 0 1.40629e-11 7300.09 349.089 0 0 6.23057e-11 0 0 0 0 0 0 0 4.21875 13330.4 35137.8 1.08548e-05 0 333.039 69053.1 31688.8 1.92817e-05 0 50.4455 0 0 0 0 0 0 0 2.08625e-12 725.16 1296.49 4.65402e-18 0 2.08625e-12 7451.81 2519.6 6.14777e-06 0 6.3218e-12 19.3482 0 0 0 0 0 0 5.23366e-13 9.52488 26.7493 1.16695e-18 0 0.116147 135.257 20.7638 1.43825e-07 0 2.38304e-12 0 0 
0 0 0 0 0 4.46867e-12 178.019 2317.81 8.64786e-06 0 24.89 17527.6 1272.16 0 0 28.5992 0 0 0 0 0 0 0 0.73836 212.795 274.72 2.84461e-06 0 5.54831e-13 295.978 14.5719 0 0 2.52615e-12 0 0 0 0 0 0 0 0.247143 806.838 2201.99 6.30043e-07 0 19.5101 4179.52 1985.85 1.11916e-06 0 3.05328 0 0 0 0 0 0 0 2.5404e-11 8557.26 14796.3 5.71778e-17 0 2.5404e-11 87935.3 28755.2 7.55295e-05 0 7.46005e-11 220.813 0 0 0 0 0 0 1.75528e-12 31.8654 89.2503 3.9165e-18 0 0.389535 452.502 69.2795 4.82702e-07 0 7.97246e-12 0 0 
0 0 0 0 0 9.43006e-14 3.7627 49.0753 1.8241e-07 0 0.525243 370.472 26.9355 0 0 0.604487 0 0 0 0 0 0 0 0.0244518 7.05464 9.11826 9.41749e-08 0 1.8374e-14 9.81236 0.483655 0 0 8.37478e-14 0 0 0 0 0 0 0 0.00272382 8.91021 24.3701 6.93992e-09 0 0.215026 46.156 21.978 1.23276e-08 0 0.0337185 0 0 0 0 0 0 0 1.46997e-13 51.2284 91.8474 3.27682e-19 0 1.46997e-13 526.428 178.497 4.32855e-07 0 4.46599e-13 1.37069 0 0 0 0 0 0 1.9714e-12 35.7733 100.149 4.39927e-18 0 0.437497 507.995 77.7393 5.42202e-07 0 8.95018e-12 0 0 
$Fmort
 0.0451991 0.0201788 0.00201313
#ESTIMATED_PARAMETERS
$availability
1.48515 1.49041 1.82307 0.146338 0.0550396 
0.191422 0.130699 0.23702 4.0271 0.413765 
0.0404721 0.0433719 0.0261694 0.231335 4.65865 
$availabilityVector
 1.48515 0.191422 0.0404721 1.49041 0.130699 0.0433719 1.82307 0.23702 0.0261694 0.146338 4.0271 0.231335 0.0550396 0.413765 4.65865
$selectivity
 0.238731 1.08816 2.00451 5.32144e-07 1.66859
$RunSize
 0 0 0 0 0 4.84822e-09 42442.2 300513 4207.2 0 27004 4.17882e+06 164940 0 0 6818.44 0 0 0 0 0 0 0 1173.08 74254.2 52102.9 2026.87 0 8.81495e-10 103281 2763.67 0 0 8.81495e-10 0 0 0 0 0 0 0 216.574 155432 230785 247.549 0 17096.9 805158 208131 439.727 0 588.194 0 0 0 0 0 0 0 1.32224e-09 101114 98434.6 1.32224e-09 0 1.32224e-09 1.03906e+06 191298 1746.63 0 8.81495e-10 1468.99 0 0 0 0 0 0 8.81495e-10 3523.28 5377.5 8.81495e-10 0 195.623 50032 4174.23 108.643 0 8.81495e-10 0 0
