$ndistricts
3
$ngroups
90
$nstocks
5
$nagecomps
18
$AgeCompLabels
 0.1 0.2 0.3 0.4 0.5 1.1 1.2 1.3 1.4 1.5 2.1 2.2 2.3 2.4 3.1 3.2 3.3 3.4
$navailpar
15
$nselectpar
5
$GENdata
 1 -1 -1
$maxGradient
1.28341e-06
#LIKELIHOOD_VALUES_AND_PENALTIES
$totalNLL
876.907
$NLLcatch
0.677374
$NLLescape
-6.90538
$NLLagecompCatch
316.917
$NLLagecompEsc
487.385
$NLLgenetics
78.8326
$NLLselOne
7.22108e-17
$NLLavailOne
2.78626e-10
$NLLextra
4e-198
$sigmaCat
0.5
$sigmaEsc
0.1
#OBSERVED_AND_PREDICTED_VALUES
$predEsc
 2.31499e+06 4.21662e+06 2.73991e+06 1.61376e+06 811673
$obsEsc
 2.32033e+06 4.21899e+06 2.74462e+06 1.62173e+06 799612
$predCatch
 1.91184e+06 8.01595e+06 2.21663e+06
$obsCatch
 1.91184e+06 8.01595e+06 2.21664e+06
$RunSize
 0 0 0 0 0 3210.71 595485 1.03807e+06 11445.2 0 1358.71 694929 170871 2.64785e-09 0 1466.94 2.64785e-09 0 0 0 0 0 0 2.64785e-09 93610.7 3.57396e+06 2.64785e-09 0 2.64785e-09 2307.47 975853 2.64785e-09 0 2.64785e-09 2.64785e-09 0 0 0 0 0 0 47160.9 315620 3.579e+06 8106.52 0 9937.79 190356 395625 2.64785e-09 0 2.64785e-09 2.64785e-09 0 0 0 0 0 0 26717.8 283833 2.35674e+06 191.514 0 46066.6 3.44193e+06 2.94605e+06 925.739 0 18057.5 54.382 0 0 0 0 0 0 7632.15 389461 2.28359e+06 4733.41 0 1980.01 43097.7 281937 2.64785e-09 0 2.64785e-09 2.64785e-09 0
$SSageCompEsc
 1407 912 1611 1615 1358
$obsAgeCompEsc
0 0 0 0 0 0.00138184 0.237582 0.412313 0.00450178 0 0.000584742 0.275586 0.0674664 0 0 0.000584742 0 0 
0 0 0 0 0 0 0.0200953 0.773809 0 0 0 0.000478058 0.205618 0 0 0 0 0 
0 0 0 0 0 0.016774 0.0641941 0.813039 0.0024369 0 0.00356547 0.0261589 0.0738314 0 0 0 0 0 
0 0 0 0 0 0.0160773 0.0384735 0.266595 0 0 0.0276505 0.369196 0.280646 0 0 0.00136068 0 0 
0 0 0 0 0 0.00940889 0.136451 0.742686 0.00259936 0 0.00244079 0.0217625 0.0846521 0 0 0 0 0 
$predAgeCompEsc
0 0 0 0 0 0.00138459 0.236823 0.411812 0.00465459 0 0.000585931 0.276371 0.0677858 1.07684e-15 0 0.000583396 1.05042e-15 0 
0 0 0 0 0 6.26771e-16 0.0202066 0.769254 5.86442e-16 0 6.26771e-16 0.000498086 0.210041 5.86442e-16 0 5.7156e-16 5.69919e-16 0 
0 0 0 0 0 0.0170508 0.0698575 0.779165 0.00207181 0 0.00359295 0.0421323 0.0861296 6.7672e-16 0 5.86061e-16 5.7645e-16 0 
0 0 0 0 0 0.0160622 0.0312396 0.241758 3.65707e-05 0 0.0276942 0.378831 0.302209 0.000176775 0 0.00198747 5.57857e-06 0 
0 0 0 0 0 0.00920854 0.134103 0.744997 0.00248377 0 0.00238897 0.0148399 0.0919786 1.38941e-15 0 9.11738e-16 8.63831e-16 0 
$SSageCompCatch
 4669 4483 1725
$obsAgeCompCatch
0 0 0 0 0 0.000462582 0.0673674 0.655342 0.000484099 0 8.31783e-05 0.124922 0.151339 0 0 0 0 0 
0 0 0 0 0 0 0.0299395 0.297879 0.000703631 0 8.2761e-05 0.359944 0.308219 0.000255075 0 0.00296433 1.26838e-05 0 
0 0 0 0 0 0 0.112112 0.702593 0.000827319 0 0 0.0311436 0.153306 1.84473e-05 0 0 0 0 
$predAgeCompCatch
0 0 0 0 0 0.000197083 0.0618486 0.720123 0.00106466 0 5.39841e-05 0.0842636 0.132168 9.95103e-06 0 0.000269933 8.1852e-07 0 
0 0 0 0 0 0.000107916 0.0415553 0.328599 0.000201154 0 0.000166159 0.331417 0.296167 7.39846e-05 0 0.00170757 5.17527e-06 0 
0 0 0 0 0 7.3099e-05 0.109422 0.673955 0.0010384 0 3.43585e-05 0.0785781 0.136541 1.28053e-05 0 0.000344071 1.0511e-06 0 
$genSS
 272 -1 -1
$obsGenComp     #GeneticFracData
0.0089425 0.0971197 0.767911 0.107622 0.0184049 
0 0 0 0 0 
0 0 0 0 0 
$predGenComp     #catchGenComp_pred
0.0101854 0.0937804 0.743001 0.134597 0.0184363 
0 0 0 0 0 
0 0 0 0 0 
#PARAMETERS_OF_INTEREST
$catchByGroup
0 0 0 
0 0 0 
0 0 0 
0 0 0 
0 0 0 
0.507999 4.39096 0.492072 
4556.21 38272.3 4413.89 
8177.46 68631.7 7922.04 
64.1931 543.435 62.1859 
0 0 0 
0.214975 1.85816 0.208235 
5317.08 44663.6 5150.99 
1346.04 11297 1304 
1.48512e-11 1.25724e-10 1.43868e-11 
0 0 0 
11.2239 94.2811 10.8733 
2.08585e-11 1.75061e-10 2.0207e-11 
0 0 0 
0 0 0 
0 0 0 
0 0 0 
0 0 0 
0 0 0 
2.08544e-12 2.47302e-12 4.34882e-13 
3512.59 4151.01 743.384 
138011 163078 29220.9 
7.31297e-11 8.65027e-11 1.54146e-11 
0 0 0 
2.08544e-12 2.47302e-12 4.34882e-13 
86.5839 102.321 18.3241 
37683.1 44527.6 7978.61 
7.31297e-11 8.65027e-11 1.54146e-11 
0 0 0 
9.93562e-11 1.17415e-10 2.10272e-11 
1.02248e-10 1.2082e-10 2.16489e-11 
0 0 0 
0 0 0 
0 0 0 
0 0 0 
0 0 0 
0 0 0 
358.869 79.8479 4.6737 
97780 24921.7 1514.69 
1.13583e+06 290642 17684.6 
1927.57 473.873 28.5077 
0 0 0 
75.6211 16.8256 0.984846 
58972.9 15030.7 913.536 
125555 32127.9 1954.88 
6.29607e-10 1.54782e-10 9.31152e-12 
0 0 0 
8.20313e-10 2.09078e-10 1.27073e-11 
8.40321e-10 2.15026e-10 1.30836e-11 
0 0 0 
0 0 0 
0 0 0 
0 0 0 
0 0 0 
0 0 0 
15.6032 758.263 23.3969 
7935.32 213667 11817.1 
67817 1.79782e+06 100971 
3.9358 122.69 5.87214 
0 0 0 
26.9029 1307.39 40.3407 
96228.4 2.59106e+06 143302 
84774.6 2.24736e+06 126219 
19.0248 593.057 28.3846 
0 0 0 
504.845 13593.5 751.807 
1.56488 41.4847 2.32991 
0 0 0 
0 0 0 
0 0 0 
0 0 0 
0 0 0 
0 0 0 
1.81101 22.5435 133.471 
4460.6 52092.8 224059 
26926.6 313861 1.33811e+06 
39.7613 472.444 2205.19 
0 0 0 
0.469831 5.84848 34.6265 
493.61 5764.59 24794.3 
3324.4 38749.8 165206 
2.22423e-11 2.64283e-10 1.23357e-09 
0 0 0 
3.03266e-11 3.54167e-10 1.52332e-09 
3.12216e-11 3.63924e-10 1.55156e-09 
0 0 0 
$escByGroup
 5e-101 5e-101 5e-101 5e-101 5e-101 3205.32 548243 953343 10775.3 5e-101 1356.43 639797 156924 2.49289e-09 5e-101 1350.56 2.43172e-09 5e-101 5e-101 5e-101 5e-101 5e-101 5e-101 2.64286e-09 85203.7 3.24365e+06 2.4728e-09 5e-101 2.64286e-09 2100.24 885663 2.4728e-09 5e-101 2.41005e-09 2.40313e-09 5e-101 5e-101 5e-101 5e-101 5e-101 5e-101 46717.6 191403 2.13484e+06 5676.57 5e-101 9844.36 115439 235987 1.85415e-09 5e-101 1.60575e-09 1.57942e-09 5e-101 5e-101 5e-101 5e-101 5e-101 5e-101 25920.5 50413.4 390140 59.0164 5e-101 44692 611343 487694 285.273 5e-101 3207.3 9.00249 5e-101 5e-101 5e-101 5e-101 5e-101 5e-101 7474.32 108848 604694 2016.01 5e-101 1939.07 12045.1 74656.5 1.12775e-09 5e-101 7.40033e-10 7.01148e-10 5e-101
$catchByGroup
0 0 0 0 0 0.507999 4556.21 8177.46 64.1931 0 0.214975 5317.08 1346.04 1.48512e-11 0 11.2239 2.08585e-11 0 0 0 0 0 0 2.08544e-12 3512.59 138011 7.31297e-11 0 2.08544e-12 86.5839 37683.1 7.31297e-11 0 9.93562e-11 1.02248e-10 0 0 0 0 0 0 358.869 97780 1.13583e+06 1927.57 0 75.6211 58972.9 125555 6.29607e-10 0 8.20313e-10 8.40321e-10 0 0 0 0 0 0 15.6032 7935.32 67817 3.9358 0 26.9029 96228.4 84774.6 19.0248 0 504.845 1.56488 0 0 0 0 0 0 1.81101 4460.6 26926.6 39.7613 0 0.469831 493.61 3324.4 2.22423e-11 0 3.03266e-11 3.12216e-11 0 
0 0 0 0 0 4.39096 38272.3 68631.7 543.435 0 1.85816 44663.6 11297 1.25724e-10 0 94.2811 1.75061e-10 0 0 0 0 0 0 2.47302e-12 4151.01 163078 8.65027e-11 0 2.47302e-12 102.321 44527.6 8.65027e-11 0 1.17415e-10 1.2082e-10 0 0 0 0 0 0 79.8479 24921.7 290642 473.873 0 16.8256 15030.7 32127.9 1.54782e-10 0 2.09078e-10 2.15026e-10 0 0 0 0 0 0 758.263 213667 1.79782e+06 122.69 0 1307.39 2.59106e+06 2.24736e+06 593.057 0 13593.5 41.4847 0 0 0 0 0 0 22.5435 52092.8 313861 472.444 0 5.84848 5764.59 38749.8 2.64283e-10 0 3.54167e-10 3.63924e-10 0 
0 0 0 0 0 0.492072 4413.89 7922.04 62.1859 0 0.208235 5150.99 1304 1.43868e-11 0 10.8733 2.0207e-11 0 0 0 0 0 0 4.34882e-13 743.384 29220.9 1.54146e-11 0 4.34882e-13 18.3241 7978.61 1.54146e-11 0 2.10272e-11 2.16489e-11 0 0 0 0 0 0 4.6737 1514.69 17684.6 28.5077 0 0.984846 913.536 1954.88 9.31152e-12 0 1.27073e-11 1.30836e-11 0 0 0 0 0 0 23.3969 11817.1 100971 5.87214 0 40.3407 143302 126219 28.3846 0 751.807 2.32991 0 0 0 0 0 0 133.471 224059 1.33811e+06 2205.19 0 34.6265 24794.3 165206 1.23357e-09 0 1.52332e-09 1.55156e-09 0 
$Fmort
 0.0787344 0.299216 0.158499
#ESTIMATED_PARAMETERS
$availability
0.084111 0.418825 4.06039 0.310525 0.126149 
0.191422 0.130699 0.23702 4.0271 0.413765 
0.0404721 0.0433719 0.0261694 0.231335 4.65865 
$availabilityVector
 0.084111 0.191422 0.0404721 0.418825 0.130699 0.0433719 4.06039 0.23702 0.0261694 0.310525 4.0271 0.231335 0.126149 0.413765 4.65865
$selectivity
 0.0238934 1.1598 1.19423 0.849318 1.77276
$RunSize
 0 0 0 0 0 3210.71 595485 1.03807e+06 11445.2 0 1358.71 694929 170871 2.64785e-09 0 1466.94 2.64785e-09 0 0 0 0 0 0 2.64785e-09 93610.7 3.57396e+06 2.64785e-09 0 2.64785e-09 2307.47 975853 2.64785e-09 0 2.64785e-09 2.64785e-09 0 0 0 0 0 0 47160.9 315620 3.579e+06 8106.52 0 9937.79 190356 395625 2.64785e-09 0 2.64785e-09 2.64785e-09 0 0 0 0 0 0 26717.8 283833 2.35674e+06 191.514 0 46066.6 3.44193e+06 2.94605e+06 925.739 0 18057.5 54.382 0 0 0 0 0 0 7632.15 389461 2.28359e+06 4733.41 0 1980.01 43097.7 281937 2.64785e-09 0 2.64785e-09 2.64785e-09 0
