$ndistricts
3
$ngroups
90
$nstocks
5
$nagecomps
18
$AgeCompLabels
 0.1 0.2 0.3 0.4 0.5 1.1 1.2 1.3 1.4 1.5 2.1 2.2 2.3 2.4 3.1 3.2 3.3 3.4
$navailpar
15
$nselectpar
5
$GENdata
 -1 -1 -1
$maxGradient
9.81579e-06
#LIKELIHOOD_VALUES_AND_PENALTIES
$totalNLL
945.029
$NLLcatch
0.677374
$NLLescape
-6.91371
$NLLagecompCatch
396.787
$NLLagecompEsc
554.478
$NLLgenetics
0
$NLLselOne
1.22208e-17
$NLLavailOne
1.9451e-09
$NLLextra
2.5e-198
$sigmaCat
0.5
$sigmaEsc
0.1
#OBSERVED_AND_PREDICTED_VALUES
$predEsc
 4.08814e+06 497198 1.03029e+06 1.61457e+06 654944
$obsEsc
 4.06522e+06 496306 1.03786e+06 1.61274e+06 654412
$predCatch
 3.2249e+06 6.4566e+06 1.52352e+06
$obsCatch
 3.2249e+06 6.4566e+06 1.52352e+06
$RunSize
 0 3591.13 1127.19 2.11737e-09 0 7113.65 2.44864e+06 2.8489e+06 4593.31 0 43782.7 1.05425e+06 105461 2.11737e-09 0 2.11737e-09 2.11737e-09 0 0 5.29342e-09 5968.5 4.23474e-09 0 6040.24 367136 396605 4.23474e-09 0 1.0481e-07 7.41079e-08 2.22324e-08 4.23474e-09 0 5.29342e-09 5.29342e-09 0 0 2.11737e-09 2.11737e-09 2.11737e-09 0 1951.18 483189 524547 26116.9 0 28609.8 330082 449721 4153.73 0 2.11737e-09 2.11737e-09 0 0 423.745 1273.21 2.47151 0 420.85 385782 2.47244e+06 6295.42 0 82815.1 3.37445e+06 1.50815e+06 3.17605e-09 0 21587.3 7372.78 0 0 1830.58 9446.14 705.117 0 432.066 464085 244286 8289.06 0 48887.4 544731 764053 813.624 0 2.11737e-09 2.11737e-09 0
$SSageCompEsc
 2381 0 1966 3334 2723
$obsAgeCompEsc
0 0.000853951 0.000158868 0 0 0.0016186 0.386033 0.412051 0.000747682 0 0.0102803 0.171449 0.0168077 0 0 0 0 0 
0 0 0 0 0 0 0.601116 0.250188 0 0 0 0.102692 0.0460043 0 0 0 0 0 
0 0 0 0 0 0.00172877 0.271514 0.264459 0.0123669 0 0.0256149 0.187332 0.234545 0.00244053 0 0 0 0 
0 0 0 0 0 0.00022575 0.0618974 0.268124 0.000564842 0 0.0422097 0.481595 0.142194 0 0 0.00233705 0.000852844 0 
0 0.00113429 0.0062122 0 0 0.000604804 0.238054 0.0983553 0.0011553 0 0.0640495 0.294373 0.29586 0.000201601 0 0 0 0 
$predAgeCompEsc
0 0.000570096 0.000164409 2.7416e-16 0 0.00163068 0.388725 0.415532 0.000594749 0 0.0100364 0.167364 0.0153822 2.7416e-16 0 3.36135e-16 3.08834e-16 0 
0 7.07712e-15 0.00737934 4.69607e-15 0 0.011416 0.490849 0.490356 4.69607e-15 0 1.9809e-13 9.90797e-14 2.74877e-14 4.69607e-15 0 7.07712e-15 6.54469e-15 0 
0 1.20332e-15 1.08049e-15 9.2652e-16 0 0.00174941 0.2746 0.267675 0.0114282 0 0.0256513 0.187588 0.229491 0.00181759 0 1.20332e-15 1.08049e-15 0 
0 6.17121e-05 0.000129812 1.33061e-07 0 0.000212902 0.0561834 0.25208 0.000338933 0 0.041895 0.491437 0.153765 1.70992e-16 0 0.00314387 0.000751698 0 
0 0.000954466 0.00376269 0.000177247 0 0.000570887 0.241975 0.0973068 0.00208364 0 0.0645948 0.284024 0.304346 0.000204522 0 1.104e-15 8.43413e-16 0 
$SSageCompCatch
 6380 8826 3069
$obsAgeCompCatch
0 0 0.0007806 0 0 0.000334549 0.320233 0.438548 0.00321199 0 0.00108067 0.160462 0.0753492 0 0 0 0 0 
0 0.00027439 0.000813009 2.44473e-05 0 0 0.0661175 0.311608 0.000955351 0 0.00213122 0.401133 0.212332 0 0 0.00387216 0.000738755 0 
0 0.000435161 0.00103956 0.000480389 0 0 0.191245 0.182482 0.00504717 0 0.00470482 0.26261 0.35124 0.000398013 0 0 0.00031751 0 
$predAgeCompCatch
0 0.000333979 0.000790301 3.9323e-06 0 0.000256096 0.310082 0.428338 0.00431887 0 0.00145824 0.166546 0.0869794 0.000582521 0 0.000221765 8.89968e-05 0 
0 0.000108659 0.000396616 1.76654e-05 0 3.13716e-05 0.0777683 0.330981 0.00143457 0 0.00245984 0.38523 0.198308 8.0738e-05 0 0.0023231 0.000859963 0 
0 0.000663886 0.00373513 0.000304917 0 4.39983e-05 0.184713 0.183355 0.00392946 0 0.00400608 0.277114 0.341033 0.000368153 0 0.000523019 0.000209821 0 
$genSS
 -1 -1 -1
$obsGenComp     #GeneticFracData
0 0 0 0 0 
0 0 0 0 0 
0 0 0 0 0 
$predGenComp     #catchGenComp_pred
0 0 0 0 0 
0 0 0 0 0 
0 0 0 0 0 
#PARAMETERS_OF_INTEREST
$catchByGroup
0 0 0 
1039.96 196.987 23.5519 
373.848 72.5079 8.70731 
8.1398e-10 1.62905e-10 1.96789e-11 
0 0 0 
376.265 63.5003 7.43564 
709106 134317 16059 
944875 183259 22007.1 
1765.81 353.398 42.6904 
0 0 0 
2315.82 390.828 45.7644 
305303 57829.7 6914.16 
34977.5 6783.89 814.662 
8.1398e-10 1.62905e-10 1.96789e-11 
0 0 0 
6.13172e-10 1.16145e-10 1.38864e-11 
7.02254e-10 1.36202e-10 1.63562e-11 
0 0 0 
0 0 0 
1.53747e-09 2.00022e-10 3.71947e-11 
1985.21 264.894 49.3951 
1.63243e-09 2.25268e-10 4.21637e-11 
0 0 0 
320.588 36.8668 6.76576 
106635 13873 2579.72 
131917 17602.1 3282.3 
1.63243e-09 2.25268e-10 4.21637e-11 
0 0 0 
5.56281e-09 6.3971e-10 1.17399e-10 
2.15246e-08 2.80031e-09 5.20726e-10 
7.39482e-09 9.86718e-10 1.83995e-10 
1.63243e-09 2.25268e-10 4.21637e-11 
0 0 0 
1.53747e-09 2.00022e-10 3.71947e-11 
1.76067e-09 2.34933e-10 4.38082e-11 
0 0 0 
0 0 0 
7.25755e-10 1.42859e-10 8.98946e-12 
8.26229e-10 1.67333e-10 1.05905e-11 
9.50213e-10 1.99825e-10 1.27455e-11 
0 0 0 
125.913 21.5432 1.31899 
165619 32600.8 2051.42 
204686 41454.3 2623.64 
11720.5 2464.76 157.21 
0 0 0 
1846.25 315.885 19.3401 
113140 22270.7 1401.39 
175488 35541 2249.38 
1864.07 392.005 25.0033 
0 0 0 
7.25755e-10 1.42859e-10 8.98946e-12 
8.26229e-10 1.67333e-10 1.05905e-11 
0 0 0 
0 0 0 
14.0383 294.427 15.6413 
49.5634 958.858 55.2037 
0.115381 2.01284 0.128452 
0 0 0 
2.24751 72.35 2.50824 
12780.6 268050 14240 
96246.5 1.86199e+06 107199 
293.899 5127.1 327.193 
0 0 0 
442.265 14237.1 493.573 
111792 2.34464e+06 124557 
58709 1.13579e+06 65390.1 
1.48273e-10 2.58663e-09 1.65069e-10 
0 0 0 
715.168 14999.3 796.829 
287.006 5552.44 319.667 
0 0 0 
0 0 0 
23.0495 210.154 972.251 
140.019 1264.53 5577.24 
12.5659 112.046 464.419 
0 0 0 
0.869291 8.29352 49.0037 
5843.47 53278 246484 
3621.02 32702 144233 
147.719 1317.16 5459.51 
0 0 0 
98.3586 938.396 5544.67 
6858.92 62536.3 289316 
11325.4 102282 451117 
14.4996 129.288 535.886 
0 0 0 
2.66606e-11 2.43079e-10 1.12457e-09 
3.13854e-11 2.83446e-10 1.25015e-09 
0 0 0 
$escByGroup
 5e-101 2330.63 672.126 1.1208e-09 5e-101 6666.45 1.58916e+06 1.69875e+06 2431.42 5e-101 41030.3 684207 62884.6 1.1208e-09 5e-101 1.37416e-09 1.26256e-09 5e-101 5e-101 3.51873e-09 3668.99 2.33488e-09 5e-101 5676.02 244049 243804 2.33488e-09 5e-101 9.84898e-08 4.92622e-08 1.36668e-08 2.33488e-09 5e-101 3.51873e-09 3.25401e-09 5e-101 5e-101 1.23976e-09 1.11322e-09 9.54585e-10 5e-101 1802.4 282917 275783 11774.4 5e-101 26428.3 193270 236443 1872.65 5e-101 1.23976e-09 1.11322e-09 5e-101 5e-101 99.6384 209.59 0.214836 5e-101 343.745 90711.9 407000 547.23 5e-101 67642.2 793459 248264 2.76079e-10 5e-101 5075.98 1213.67 5e-101 5e-101 625.122 2464.35 116.087 5e-101 373.899 158480 63730.5 1364.67 5e-101 42306 186020 199330 133.951 5e-101 7.23058e-10 5.52388e-10 5e-101
$catchByGroup
0 1039.96 373.848 8.1398e-10 0 376.265 709106 944875 1765.81 0 2315.82 305303 34977.5 8.1398e-10 0 6.13172e-10 7.02254e-10 0 0 1.53747e-09 1985.21 1.63243e-09 0 320.588 106635 131917 1.63243e-09 0 5.56281e-09 2.15246e-08 7.39482e-09 1.63243e-09 0 1.53747e-09 1.76067e-09 0 0 7.25755e-10 8.26229e-10 9.50213e-10 0 125.913 165619 204686 11720.5 0 1846.25 113140 175488 1864.07 0 7.25755e-10 8.26229e-10 0 0 14.0383 49.5634 0.115381 0 2.24751 12780.6 96246.5 293.899 0 442.265 111792 58709 1.48273e-10 0 715.168 287.006 0 0 23.0495 140.019 12.5659 0 0.869291 5843.47 3621.02 147.719 0 98.3586 6858.92 11325.4 14.4996 0 2.66606e-11 3.13854e-11 0 
0 196.987 72.5079 1.62905e-10 0 63.5003 134317 183259 353.398 0 390.828 57829.7 6783.89 1.62905e-10 0 1.16145e-10 1.36202e-10 0 0 2.00022e-10 264.894 2.25268e-10 0 36.8668 13873 17602.1 2.25268e-10 0 6.3971e-10 2.80031e-09 9.86718e-10 2.25268e-10 0 2.00022e-10 2.34933e-10 0 0 1.42859e-10 1.67333e-10 1.99825e-10 0 21.5432 32600.8 41454.3 2464.76 0 315.885 22270.7 35541 392.005 0 1.42859e-10 1.67333e-10 0 0 294.427 958.858 2.01284 0 72.35 268050 1.86199e+06 5127.1 0 14237.1 2.34464e+06 1.13579e+06 2.58663e-09 0 14999.3 5552.44 0 0 210.154 1264.53 112.046 0 8.29352 53278 32702 1317.16 0 938.396 62536.3 102282 129.288 0 2.43079e-10 2.83446e-10 0 
0 23.5519 8.70731 1.96789e-11 0 7.43564 16059 22007.1 42.6904 0 45.7644 6914.16 814.662 1.96789e-11 0 1.38864e-11 1.63562e-11 0 0 3.71947e-11 49.3951 4.21637e-11 0 6.76576 2579.72 3282.3 4.21637e-11 0 1.17399e-10 5.20726e-10 1.83995e-10 4.21637e-11 0 3.71947e-11 4.38082e-11 0 0 8.98946e-12 1.05905e-11 1.27455e-11 0 1.31899 2051.42 2623.64 157.21 0 19.3401 1401.39 2249.38 25.0033 0 8.98946e-12 1.05905e-11 0 0 15.6413 55.2037 0.128452 0 2.50824 14240 107199 327.193 0 493.573 124557 65390.1 1.65069e-10 0 796.829 319.667 0 0 972.251 5577.24 464.419 0 49.0037 246484 144233 5459.51 0 5544.67 289316 451117 535.886 0 1.12457e-09 1.25015e-09 0 
$Fmort
 0.270932 0.346834 0.191329
#ESTIMATED_PARAMETERS
$availability
1.48515 1.49041 1.82307 0.146338 0.0550396 
0.191422 0.130699 0.23702 4.0271 0.413765 
0.0404721 0.0433719 0.0261694 0.231335 4.65865 
$availabilityVector
 1.48515 0.191422 0.0404721 1.49041 0.130699 0.0433719 1.82307 0.23702 0.0261694 0.146338 4.0271 0.231335 0.0550396 0.413765 4.65865
$selectivity
 0.135057 0.84974 1.00146 1.20585 1.80789
$RunSize
 0 3591.13 1127.19 2.11737e-09 0 7113.65 2.44864e+06 2.8489e+06 4593.31 0 43782.7 1.05425e+06 105461 2.11737e-09 0 2.11737e-09 2.11737e-09 0 0 5.29342e-09 5968.5 4.23474e-09 0 6040.24 367136 396605 4.23474e-09 0 1.0481e-07 7.41079e-08 2.22324e-08 4.23474e-09 0 5.29342e-09 5.29342e-09 0 0 2.11737e-09 2.11737e-09 2.11737e-09 0 1951.18 483189 524547 26116.9 0 28609.8 330082 449721 4153.73 0 2.11737e-09 2.11737e-09 0 0 423.745 1273.21 2.47151 0 420.85 385782 2.47244e+06 6295.42 0 82815.1 3.37445e+06 1.50815e+06 3.17605e-09 0 21587.3 7372.78 0 0 1830.58 9446.14 705.117 0 432.066 464085 244286 8289.06 0 48887.4 544731 764053 813.624 0 2.11737e-09 2.11737e-09 0
