$ndistricts
3
$ngroups
90
$nstocks
5
$nagecomps
18
$AgeCompLabels
 0.1 0.2 0.3 0.4 0.5 1.1 1.2 1.3 1.4 1.5 2.1 2.2 2.3 2.4 3.1 3.2 3.3 3.4
$navailpar
15
$nselectpar
5
$GENdata
 -1 -1 -1
$maxGradient
3.21446e-06
#LIKELIHOOD_VALUES_AND_PENALTIES
$totalNLL
783.88
$NLLcatch
0.677374
$NLLescape
-6.80785
$NLLagecompCatch
304.014
$NLLagecompEsc
485.996
$NLLgenetics
0
$NLLselOne
1.13268e-16
$NLLavailOne
1.9451e-09
$NLLextra
3.9e-198
$sigmaCat
0.5
$sigmaEsc
0.1
#OBSERVED_AND_PREDICTED_VALUES
$predEsc
 3.32877e+06 199776 734840 640981 239255
$obsEsc
 3.21621e+06 202626 755640 636864 238830
$predCatch
 2.3372e+06 1.07094e+06 163744
$obsCatch
 2.3372e+06 1.07094e+06 163744
$RunSize
 0 0 554.016 0 0 3005.01 28635.4 121672 7.65792e-09 0 104.26 4.32776e+06 591637 0 0 4873.85 3710.34 0 0 0 9.5724e-10 0 0 5655.57 205695 93526.1 9.5724e-10 0 368.055 1448.16 9.5724e-10 0 0 9.5724e-10 9.5724e-10 0 0 0 2.3931e-09 0 0 650.593 125543 232598 6941.7 0 20334.8 350341 640209 1434.01 0 1.43586e-09 2.87172e-09 0 0 0 922.235 0 0 206.694 2402.65 17779.5 1.43586e-09 0 2045.06 645753 824645 0 0 24889.9 34491.4 0 0 0 9.5724e-10 0 0 120.248 9786.11 134784 1047.59 0 43.9932 142198 107690 0 0 9.5724e-10 9.5724e-10 0
$SSageCompEsc
 2721 383 1259 1536 1597
$obsAgeCompEsc
0 0 0 0 0 0.000933792 0.00750481 0.026261 0 0 3.23985e-05 0.852443 0.111976 0 0 0.000849213 0 0 
0 0 0 0 0 0.0279085 0.699904 0.265538 0 0 0.00181624 0.00483283 0 0 0 0 0 0 
0 0 0 0 0 0.000860641 0.109524 0.16062 0.00250479 0 0.0269 0.278544 0.420054 0.000991459 0 0 0 0 
0 0 0.00109707 0 0 0.000324543 0.00197611 0.01541 0 0 0.00321107 0.5338 0.387 0 0 0.0266924 0.0304886 0 
0 0 0 0 0 0.000503488 0.026339 0.309376 0 0 0.000184203 0.392865 0.270732 0 0 0 0 0 
$predAgeCompEsc
0 0 9.26519e-05 0 0 0.000902739 0.00577177 0.020348 7.08401e-16 0 3.13211e-05 0.872307 0.0989435 0 0 0.000982376 0.000620505 0 
0 0 2.72213e-15 0 0 0.0283096 0.698965 0.265962 1.57701e-15 0 0.00184234 0.00492093 2.72213e-15 0 0 3.25277e-15 2.72213e-15 0 
0 0 1.5721e-15 0 0 0.000885354 0.104358 0.152801 0.00206101 0 0.0276724 0.291223 0.420573 0.000425761 0 1.19357e-15 1.88652e-15 0 
0 0 0.000500008 0 0 0.000322465 0.00185827 0.00963953 1.59239e-16 0 0.00319051 0.49944 0.447098 0 0 0.0192504 0.0187002 0 
0 0 2.23811e-15 0 0 0.000502594 0.0277622 0.315138 0.00122528 0 0.000183876 0.4034 0.251788 0 0 2.71559e-15 2.23811e-15 0 
$SSageCompCatch
 3198 1701 1448
$obsAgeCompCatch
0 0 0.000268284 0 0 0 0.028452 0.0731807 0.00205648 0 0 0.677275 0.214313 0 0 0.00146303 0.00299197 0 
0 0 0 0 0 0 0.00918283 0.0159325 0 0 0 0.36075 0.599244 0 0 0.00539092 0.00949935 0 
0 0 0 0 0 0 0.0220866 0.300139 0.0050368 0 0 0.358305 0.31319 0 0 0 0.00124345 0 
$predAgeCompCatch
0 0 0.000113884 0 0 1.73248e-10 0.0489788 0.0844801 0.00205401 0 4.67357e-10 0.615186 0.246424 0.000421131 0 0.000986533 0.00135549 0 
0 0 0.000523509 0 0 3.99413e-11 0.0102223 0.038505 0.000741507 0 2.2329e-10 0.409768 0.510459 0.000122112 0 0.0107266 0.0189316 0 
0 0 0.000125316 0 0 4.45337e-11 0.0199823 0.286719 0.00358415 0 5.5238e-11 0.339022 0.344007 3.72755e-05 0 0.00220573 0.00431811 0 
$genSS
 -1 -1 -1
$obsGenComp     #GeneticFracData
0 0 0 0 0 
0 0 0 0 0 
0 0 0 0 0 
$predGenComp     #catchGenComp_pred
0 0 0 0 0 
0 0 0 0 0 
0 0 0 0 0 
#PARAMETERS_OF_INTEREST
$catchByGroup
0 0 0 
0 0 0 
221.046 22.5877 1.96631 
0 0 0 
0 0 0 
0.000128027 1.0467e-05 8.94059e-07 
8535.15 816.676 70.6849 
48545.5 4960.65 431.837 
4.68032e-09 5.6915e-10 5.03504e-11 
0 0 0 
4.44197e-06 3.63157e-07 3.10199e-08 
1.28995e+06 123427 10682.8 
236056 24121.5 2099.84 
0 0 0 
0 0 0 
1452.71 139.001 12.0308 
1480.38 151.273 13.1687 
0 0 0 
0 0 0 
0 0 0 
3.82962e-10 2.68227e-11 3.6404e-12 
0 0 0 
0 0 0 
0.000241805 1.34503e-05 1.80323e-06 
61490.6 4023.8 544.078 
37416.8 2620.68 355.681 
5.86281e-10 4.91678e-11 6.74315e-12 
0 0 0 
1.57362e-05 8.75324e-07 1.17351e-07 
432.913 28.3288 3.83048 
3.82962e-10 2.68227e-11 3.6404e-12 
0 0 0 
0 0 0 
2.86158e-10 1.87255e-11 2.53197e-12 
3.82962e-10 2.68227e-11 3.6404e-12 
0 0 0 
0 0 0 
0 0 0 
1.11214e-09 1.20217e-10 5.49544e-12 
0 0 0 
0 0 0 
3.40249e-05 2.80594e-06 1.25161e-07 
44237.7 4418.19 200.468 
108095 11684.6 534.131 
4764.59 633.051 29.5462 
0 0 0 
0.00106347 8.7702e-05 3.91201e-06 
123450 12329.4 559.425 
297524 32160.9 1470.16 
984.266 130.775 6.10364 
0 0 0 
5.05955e-10 5.05317e-11 2.29279e-12 
1.33457e-09 1.44261e-10 6.59453e-12 
0 0 0 
0 0 0 
0 0 0 
45.125 538.06 18.5534 
0 0 0 
0 0 0 
8.67702e-07 1.51462e-05 3.51508e-07 
82.3422 1095.49 33.7034 
869.953 10373.1 357.687 
1.27615e-10 1.15304e-09 5.31324e-11 
0 0 0 
8.58516e-06 0.000149859 3.47787e-06 
22130.8 294432 9058.34 
40349.9 481124 16590.1 
0 0 0 
0 0 0 
853.01 11348.6 349.144 
1687.67 20123.4 693.895 
0 0 0 
0 0 0 
0 0 0 
1.78925e-11 8.23662e-11 3.21502e-10 
0 0 0 
0 0 0 
1.89862e-07 9.05349e-07 4.11817e-06 
127.516 593.304 2423.05 
2519.36 11597.6 45269.1 
36.0391 161.06 557.337 
0 0 0 
6.94617e-08 3.31225e-07 1.50665e-06 
1852.88 8621.04 35208.3 
2012.91 9266.2 36169 
0 0 0 
0 0 0 
1.24731e-11 5.80347e-11 2.37014e-10 
1.78925e-11 8.23662e-11 3.21502e-10 
0 0 0 
$escByGroup
 5e-101 5e-101 308.417 5e-101 5e-101 3005.01 19212.9 67733.7 2.3581e-09 5e-101 104.26 2.90371e+06 329360 5e-101 5e-101 3270.1 2065.52 5e-101 5e-101 5e-101 5.43815e-10 5e-101 5e-101 5655.57 139636 53132.9 3.15048e-10 5e-101 368.055 983.084 5.43815e-10 5e-101 5e-101 6.49825e-10 5.43815e-10 5e-101 5e-101 5e-101 1.15524e-09 5e-101 5e-101 650.593 76686.8 112284 1514.51 5e-101 20334.8 214002 309054 312.866 5e-101 8.77081e-10 1.38629e-09 5e-101 5e-101 5e-101 320.496 5e-101 5e-101 206.694 1191.12 6178.76 1.02069e-10 5e-101 2045.06 320132 286582 5e-101 5e-101 12339.2 11986.5 5e-101 5e-101 5e-101 5.3548e-10 5e-101 5e-101 120.248 6642.24 75398.3 293.154 5e-101 43.9932 96515.5 60241.5 5e-101 5e-101 6.49719e-10 5.3548e-10 5e-101
$catchByGroup
0 0 221.046 0 0 0.000128027 8535.15 48545.5 4.68032e-09 0 4.44197e-06 1.28995e+06 236056 0 0 1452.71 1480.38 0 0 0 3.82962e-10 0 0 0.000241805 61490.6 37416.8 5.86281e-10 0 1.57362e-05 432.913 3.82962e-10 0 0 2.86158e-10 3.82962e-10 0 0 0 1.11214e-09 0 0 3.40249e-05 44237.7 108095 4764.59 0 0.00106347 123450 297524 984.266 0 5.05955e-10 1.33457e-09 0 0 0 45.125 0 0 8.67702e-07 82.3422 869.953 1.27615e-10 0 8.58516e-06 22130.8 40349.9 0 0 853.01 1687.67 0 0 0 1.78925e-11 0 0 1.89862e-07 127.516 2519.36 36.0391 0 6.94617e-08 1852.88 2012.91 0 0 1.24731e-11 1.78925e-11 0 
0 0 22.5877 0 0 1.0467e-05 816.676 4960.65 5.6915e-10 0 3.63157e-07 123427 24121.5 0 0 139.001 151.273 0 0 0 2.68227e-11 0 0 1.34503e-05 4023.8 2620.68 4.91678e-11 0 8.75324e-07 28.3288 2.68227e-11 0 0 1.87255e-11 2.68227e-11 0 0 0 1.20217e-10 0 0 2.80594e-06 4418.19 11684.6 633.051 0 8.7702e-05 12329.4 32160.9 130.775 0 5.05317e-11 1.44261e-10 0 0 0 538.06 0 0 1.51462e-05 1095.49 10373.1 1.15304e-09 0 0.000149859 294432 481124 0 0 11348.6 20123.4 0 0 0 8.23662e-11 0 0 9.05349e-07 593.304 11597.6 161.06 0 3.31225e-07 8621.04 9266.2 0 0 5.80347e-11 8.23662e-11 0 
0 0 1.96631 0 0 8.94059e-07 70.6849 431.837 5.03504e-11 0 3.10199e-08 10682.8 2099.84 0 0 12.0308 13.1687 0 0 0 3.6404e-12 0 0 1.80323e-06 544.078 355.681 6.74315e-12 0 1.17351e-07 3.83048 3.6404e-12 0 0 2.53197e-12 3.6404e-12 0 0 0 5.49544e-12 0 0 1.25161e-07 200.468 534.131 29.5462 0 3.91201e-06 559.425 1470.16 6.10364 0 2.29279e-12 6.59453e-12 0 0 0 18.5534 0 0 3.51508e-07 33.7034 357.687 5.31324e-11 0 3.47787e-06 9058.34 16590.1 0 0 349.144 693.895 0 0 0 3.21502e-10 0 0 4.11817e-06 2423.05 45269.1 557.337 0 1.50665e-06 35208.3 36169 0 0 2.37014e-10 3.21502e-10 0 
$Fmort
 0.358186 0.2272 0.0917889
#ESTIMATED_PARAMETERS
$availability
1.48515 1.49041 1.82307 0.146338 0.0550396 
0.191422 0.130699 0.23702 4.0271 0.413765 
0.0404721 0.0433719 0.0261694 0.231335 4.65865 
$availabilityVector
 1.48515 0.191422 0.0404721 1.49041 0.130699 0.0433719 1.82307 0.23702 0.0261694 0.146338 4.0271 0.231335 0.0550396 0.413765 4.65865
$selectivity
 8.00895e-08 0.665295 0.957098 1.77573 1.60187
$RunSize
 0 0 554.016 0 0 3005.01 28635.4 121672 7.65792e-09 0 104.26 4.32776e+06 591637 0 0 4873.85 3710.34 0 0 0 9.5724e-10 0 0 5655.57 205695 93526.1 9.5724e-10 0 368.055 1448.16 9.5724e-10 0 0 9.5724e-10 9.5724e-10 0 0 0 2.3931e-09 0 0 650.593 125543 232598 6941.7 0 20334.8 350341 640209 1434.01 0 1.43586e-09 2.87172e-09 0 0 0 922.235 0 0 206.694 2402.65 17779.5 1.43586e-09 0 2045.06 645753 824645 0 0 24889.9 34491.4 0 0 0 9.5724e-10 0 0 120.248 9786.11 134784 1047.59 0 43.9932 142198 107690 0 0 9.5724e-10 9.5724e-10 0
