$ndistricts
3
$ngroups
90
$nstocks
5
$nagecomps
18
$AgeCompLabels
 0.1 0.2 0.3 0.4 0.5 1.1 1.2 1.3 1.4 1.5 2.1 2.2 2.3 2.4 3.1 3.2 3.3 3.4
$navailpar
15
$nselectpar
5
$GENdata
 -1 -1 -1
$maxGradient
1.09672e-05
#LIKELIHOOD_VALUES_AND_PENALTIES
$totalNLL
708.694
$NLLcatch
0.677374
$NLLescape
-6.90887
$NLLagecompCatch
204.327
$NLLagecompEsc
510.599
$NLLgenetics
0
$NLLselOne
8.30897e-19
$NLLavailOne
1.9451e-09
$NLLextra
3.9e-198
$sigmaCat
0.5
$sigmaEsc
0.1
#OBSERVED_AND_PREDICTED_VALUES
$predEsc
 224060 35236.6 358760 330628 38986.1
$obsEsc
 226554 35280 356676 328842 38988
$predCatch
 168249 221337 3920
$obsCatch
 168249 221337 3920
$RunSize
 0 0 510.772 0 0 416.751 101936 26328.3 44.1739 0 4174.9 71020.8 75075.2 764.939 0 1.60853e-09 1.60853e-09 0 0 0 3.82984e-10 0 0 3.06387e-10 929.207 36043.3 2.29791e-10 0 0 470.502 6185.13 0 0 3.06387e-10 3.06387e-10 0 0 0 1.00342e-08 0 0 412.051 31618 139778 2.3745e-09 0 3011.36 60641.2 235667 357.654 0 1.99152e-09 2.60429e-09 0 0 0 2.22131e-09 0 0 2.3745e-09 6015.91 32130.3 2.3745e-09 0 2315.01 62330.1 434384 0 0 460.397 4595.48 0 0 0 3.06387e-10 0 0 3.06387e-10 3124.1 6912.79 3.06387e-10 0 219.31 9278.88 23995.6 0 0 28.7039 3.82984e-10 0
$SSageCompEsc
 1021 44 755 915 411
$obsAgeCompEsc
0 0 0.00121197 0 0 0.00171989 0.377259 0.0943068 0.00019497 0 0.0184473 0.241534 0.26195 0.0033762 0 0 0 0 
0 0 0 0 0 0 0.0212121 0.82684 0 0 0 0.0106061 0.141342 0 0 0 0 0 
0 0 0 0 0 0.00101317 0.0742971 0.305674 0 0 0.00848245 0.120558 0.488973 0.00100273 0 0 0 0 
0 0 0 0 0 0 0.014076 0.0677107 0 0 0.00706794 0.0951107 0.799987 0 0 0.00168554 0.0143617 0 
0 0 0 0 0 0 0.071586 0.159104 0 0 0.00561601 0.211598 0.551432 0 0 0.00066324 0 0 
$predAgeCompEsc
0 0 0.00182771 0 0 0.00185329 0.360276 0.0942114 0.000197152 0 0.0185658 0.251011 0.268644 0.00341399 0 5.68508e-15 5.75587e-15 0 
0 0 8.78169e-15 0 0 8.66469e-15 0.0210553 0.82646 6.52135e-15 0 0 0.0106613 0.141823 0 0 6.94256e-15 7.02536e-15 0 
0 0 2.1293e-14 0 0 0.00114346 0.0660706 0.296616 6.61863e-15 0 0.00835665 0.126719 0.500098 0.000996918 0 4.16158e-15 5.52644e-15 0 
0 0 4.09998e-15 0 0 7.12428e-15 0.0107981 0.0593045 7.18179e-15 0 0.0069458 0.111878 0.801765 0 0 0.000826379 0.00848211 0 
0 0 7.04215e-15 0 0 7.84492e-15 0.0713623 0.158887 7.85888e-15 0 0.00561534 0.211953 0.551527 0 0 0.000655669 8.80269e-15 0 
$SSageCompCatch
 1191 925 0
$obsAgeCompCatch
0 0 0.0011798 0 0 0.000269078 0.13063 0.238293 0 0 0 0.178024 0.451335 0 0 0 0.000269078 0 
0 0 0 0 0 0 0.0180901 0.0654143 0 0 0 0.144944 0.769476 0 0 0 0.0020751 0 
0 0 0 0 0 0.00115741 0.174839 0.163348 0.00139791 0 0 0.47507 0.167271 0 0 0.0169173 0 0 
$predAgeCompCatch
0 0 0.00053489 0 0 1.7729e-05 0.155581 0.245248 3.26139e-11 0 0.00015582 0.166336 0.431554 8.889e-10 0 5.58484e-05 0.000516681 0 
0 0 4.98307e-05 0 0 1.5276e-06 0.0256808 0.0767152 2.79228e-12 0 9.37763e-05 0.125176 0.763832 7.63458e-11 0 0.000804812 0.00764569 0 
0 0 5.88562e-05 0 0 1.31595e-06 0.0616992 0.128407 3.26303e-12 0 8.58845e-05 0.183028 0.622986 7.35872e-11 0 0.000710213 0.00302357 0 
$genSS
 -1 -1 -1
$obsGenComp     #GeneticFracData
0 0 0 0 0 
0 0 0 0 0 
0 0 0 0 0 
$predGenComp     #catchGenComp_pred
0 0 0 0 0 
0 0 0 0 0 
0 0 0 0 0 
#PARAMETERS_OF_INTEREST
$catchByGroup
0 0 0 
0 0 0 
89.9947 11.0294 0.230716 
0 0 0 
0 0 0 
1.34775 0.152017 0.00314676 
18844.3 2319.94 48.5576 
4638.87 568.521 11.8925 
5.48726e-06 6.18036e-07 1.27911e-08 
0 0 0 
13.5014 1.52286 0.0315234 
13129.2 1616.35 33.831 
13227.8 1621.14 33.9116 
9.50204e-05 1.07022e-05 2.21497e-07 
0 0 0 
2.9736e-10 3.66083e-11 7.6623e-13 
2.83413e-10 3.47339e-11 7.26577e-13 
0 0 0 
0 0 0 
0 0 0 
6.76955e-11 5.66611e-12 1.85386e-13 
0 0 0 
0 0 0 
9.94338e-13 7.63119e-14 2.47919e-15 
172.324 14.4919 0.474337 
6370.94 533.248 17.447 
2.86454e-17 2.19514e-18 7.13061e-20 
0 0 0 
0 0 0 
87.2558 7.33792 0.24018 
1093.27 91.5068 2.99396 
0 0 0 
0 0 0 
5.68203e-11 4.7784e-12 1.56403e-13 
5.41564e-11 4.53289e-12 1.48309e-13 
0 0 0 
0 0 0 
0 0 0 
2.12457e-09 2.67593e-10 2.93094e-12 
0 0 0 
0 0 0 
1.63514 0.186097 0.00201176 
7016.19 888.57 9.73955 
29595.7 3727.62 40.8285 
3.62071e-16 4.11353e-17 4.44583e-19 
0 0 0 
11.95 1.36004 0.0147024 
13456.6 1704.22 18.6798 
49898.7 6284.82 68.8374 
5.45362e-05 6.19591e-06 6.69644e-08 
0 0 0 
4.41928e-10 5.59682e-11 6.13463e-13 
5.51416e-10 6.94517e-11 7.60702e-13 
0 0 0 
0 0 0 
0 0 0 
4.20197e-11 8.17991e-10 5.72907e-12 
0 0 0 
0 0 0 
7.5775e-13 1.81552e-11 1.0248e-13 
119.951 2309.44 16.3617 
607.797 11831.9 82.8686 
2.90636e-17 6.98909e-16 3.93007e-18 
0 0 0 
0.738767 17.7004 0.0999122 
1242.79 23927.8 169.522 
8217.09 159961 1120.34 
0 0 0 
0 0 0 
9.17982 176.741 1.25216 
86.9311 1692.27 11.8524 
0 0 0 
0 0 0 
0 0 0 
2.19287e-12 1.41216e-11 1.55268e-11 
0 0 0 
0 0 0 
3.67777e-14 2.41522e-13 2.66179e-13 
23.5758 151.658 166.728 
49.4762 318.615 350.319 
1.41047e-18 9.26576e-18 1.02121e-17 
0 0 0 
0.0263252 0.172879 0.190529 
70.0223 450.439 495.197 
171.741 1105.97 1216.02 
0 0 0 
0 0 0 
0.216612 1.39342 1.53187 
2.74109e-12 1.7652e-11 1.94085e-11 
0 0 0 
$escByGroup
 5e-101 5e-101 409.517 5e-101 5e-101 415.249 80723.3 21109 44.1739 5e-101 4159.85 56241.5 60192.4 764.939 5e-101 1.2738e-09 1.28966e-09 5e-101 5e-101 5e-101 3.09437e-10 5e-101 5e-101 3.05314e-10 741.917 29121.7 2.2979e-10 5e-101 5e-101 375.668 4997.36 5e-101 5e-101 2.44632e-10 2.4755e-10 5e-101 5e-101 5e-101 7.63909e-09 5e-101 5e-101 410.227 23703.5 106414 2.3745e-09 5e-101 2998.03 45461.7 179415 357.654 5e-101 1.49301e-09 1.98266e-09 5e-101 5e-101 5e-101 1.35557e-09 5e-101 5e-101 2.35549e-09 3570.16 19607.7 2.3745e-09 5e-101 2296.48 36990 265086 5e-101 5e-101 273.224 2804.42 5e-101 5e-101 5e-101 2.74546e-10 5e-101 5e-101 3.05843e-10 2782.14 6194.38 3.06387e-10 5e-101 218.92 8263.22 21501.9 5e-101 5e-101 25.562 3.43183e-10 5e-101
$catchByGroup
0 0 89.9947 0 0 1.34775 18844.3 4638.87 5.48726e-06 0 13.5014 13129.2 13227.8 9.50204e-05 0 2.9736e-10 2.83413e-10 0 0 0 6.76955e-11 0 0 9.94338e-13 172.324 6370.94 2.86454e-17 0 0 87.2558 1093.27 0 0 5.68203e-11 5.41564e-11 0 0 0 2.12457e-09 0 0 1.63514 7016.19 29595.7 3.62071e-16 0 11.95 13456.6 49898.7 5.45362e-05 0 4.41928e-10 5.51416e-10 0 0 0 4.20197e-11 0 0 7.5775e-13 119.951 607.797 2.90636e-17 0 0.738767 1242.79 8217.09 0 0 9.17982 86.9311 0 0 0 2.19287e-12 0 0 3.67777e-14 23.5758 49.4762 1.41047e-18 0 0.0263252 70.0223 171.741 0 0 0.216612 2.74109e-12 0 
0 0 11.0294 0 0 0.152017 2319.94 568.521 6.18036e-07 0 1.52286 1616.35 1621.14 1.07022e-05 0 3.66083e-11 3.47339e-11 0 0 0 5.66611e-12 0 0 7.63119e-14 14.4919 533.248 2.19514e-18 0 0 7.33792 91.5068 0 0 4.7784e-12 4.53289e-12 0 0 0 2.67593e-10 0 0 0.186097 888.57 3727.62 4.11353e-17 0 1.36004 1704.22 6284.82 6.19591e-06 0 5.59682e-11 6.94517e-11 0 0 0 8.17991e-10 0 0 1.81552e-11 2309.44 11831.9 6.98909e-16 0 17.7004 23927.8 159961 0 0 176.741 1692.27 0 0 0 1.41216e-11 0 0 2.41522e-13 151.658 318.615 9.26576e-18 0 0.172879 450.439 1105.97 0 0 1.39342 1.7652e-11 0 
0 0 0.230716 0 0 0.00314676 48.5576 11.8925 1.27911e-08 0 0.0315234 33.831 33.9116 2.21497e-07 0 7.6623e-13 7.26577e-13 0 0 0 1.85386e-13 0 0 2.47919e-15 0.474337 17.447 7.13061e-20 0 0 0.24018 2.99396 0 0 1.56403e-13 1.48309e-13 0 0 0 2.93094e-12 0 0 0.00201176 9.73955 40.8285 4.44583e-19 0 0.0147024 18.6798 68.8374 6.69644e-08 0 6.13463e-13 7.60702e-13 0 0 0 5.72907e-12 0 0 1.0248e-13 16.3617 82.8686 3.93007e-18 0 0.0999122 169.522 1120.34 0 0 1.25216 11.8524 0 0 0 1.55268e-11 0 0 2.66179e-13 166.728 350.319 1.02121e-17 0 0.190529 495.197 1216.02 0 0 1.53187 1.94085e-11 0 
$Fmort
 0.0782945 0.0684178 0.00669729
#ESTIMATED_PARAMETERS
$availability
1.48515 1.49041 1.82307 0.146338 0.0550396 
0.191422 0.130699 0.23702 4.0271 0.413765 
0.0404721 0.0433719 0.0261694 0.231335 4.65865 
$availabilityVector
 1.48515 0.191422 0.0404721 1.49041 0.130699 0.0433719 1.82307 0.23702 0.0261694 0.146338 4.0271 0.231335 0.0550396 0.413765 4.65865
$selectivity
 0.0278569 1.75784 1.66684 1.06829e-06 1.54746
$RunSize
 0 0 510.772 0 0 416.751 101936 26328.3 44.1739 0 4174.9 71020.8 75075.2 764.939 0 1.60853e-09 1.60853e-09 0 0 0 3.82984e-10 0 0 3.06387e-10 929.207 36043.3 2.29791e-10 0 0 470.502 6185.13 0 0 3.06387e-10 3.06387e-10 0 0 0 1.00342e-08 0 0 412.051 31618 139778 2.3745e-09 0 3011.36 60641.2 235667 357.654 0 1.99152e-09 2.60429e-09 0 0 0 2.22131e-09 0 0 2.3745e-09 6015.91 32130.3 2.3745e-09 0 2315.01 62330.1 434384 0 0 460.397 4595.48 0 0 0 3.06387e-10 0 0 3.06387e-10 3124.1 6912.79 3.06387e-10 0 219.31 9278.88 23995.6 0 0 28.7039 3.82984e-10 0
