$ndistricts
3
$ngroups
90
$nstocks
5
$nagecomps
18
$AgeCompLabels
 0.1 0.2 0.3 0.4 0.5 1.1 1.2 1.3 1.4 1.5 2.1 2.2 2.3 2.4 3.1 3.2 3.3 3.4
$navailpar
15
$nselectpar
5
$GENdata
 -1 -1 -1
$maxGradient
9.91031e-06
#LIKELIHOOD_VALUES_AND_PENALTIES
$totalNLL
806.228
$NLLcatch
0.677374
$NLLescape
-10.2787
$NLLagecompCatch
341.521
$NLLagecompEsc
474.308
$NLLgenetics
0
$NLLselOne
3.39585e-15
$NLLavailOne
1.9451e-09
$NLLextra
3.8e-198
$sigmaCat
0.5
$sigmaEsc
0.05
#OBSERVED_AND_PREDICTED_VALUES
$predEsc
 5.52495e+06 5.29041e+06 1.95948e+06 1.29379e+06 815435
$obsEsc
 5.50013e+06 5.39659e+06 1.93967e+06 1.29014e+06 815104
$predCatch
 3.7325e+06 1.11877e+07 3.21942e+06
$obsCatch
 3.7325e+06 1.11877e+07 3.21942e+06
$RunSize
 0 0 0 0 0 0 1.75736e+06 249486 17279.5 0 3.67276e-09 5.49301e+06 81921.4 4.04003e-07 0 3.67276e-09 3.67276e-09 1.57929e-07 0 0 0 0 0 37523.7 5.2422e+06 1.13904e+06 3.67276e-09 0 3.67276e-09 603228 48032.7 9618.14 0 3.67276e-09 3.67276e-09 251.275 0 0 0 0 0 0 875160 1.05837e+06 15289.9 0 3.67276e-09 468601 577447 3.67276e-09 0 3.67276e-09 3.67276e-09 3.67276e-09 0 0 0 0 0 0 1.26136e+06 383207 5.50913e-09 0 24316.1 8.91979e+06 633498 2075.31 0 14669.9 39382.7 3.67276e-09 0 0 0 0 0 609.3 1.80811e+06 879467 4263.85 0 385.058 1.14859e+06 227630 2048.89 0 450.381 3.67276e-09 3.67276e-09
$SSageCompEsc
 1471 1006 1412 1313 1374
$obsAgeCompEsc
0 0 0 0 0 0 0.272427 0.0279234 0.00183165 0 0 0.691769 0.0060488 0 0 0 0 0 
0 0 0 0 0 0.00655557 0.792176 0.124001 0 0 0 0.0738648 0.00340231 0 0 0 0 0 
0 0 0 0 0 0 0.336517 0.337294 0.0045705 0 0 0.163798 0.157821 0 0 0 0 0 
0 0 0 0 0 0 0.136001 0.0253231 0 0 0.0174593 0.784028 0.0339486 0 0 0.00062602 0.0026137 0 
0 0 0 0 0 0.000719709 0.473608 0.184028 0.000448967 0 0.000454334 0.299255 0.0408499 0.00063628 0 0 0 0 
$predAgeCompEsc
0 0 0 0 0 0 0.231795 0.0313277 0.00206539 0 6.56118e-16 0.724525 0.0102868 4.82897e-14 0 4.84434e-16 4.61185e-16 1.88769e-14 
0 0 0 0 0 0.0070082 0.744595 0.154898 4.78266e-16 0 6.8595e-16 0.0856817 0.00653198 0.00125247 0 5.21673e-16 4.99459e-16 3.27211e-05 
0 0 0 0 0 0 0.302333 0.343634 0.00466284 0 1.8448e-15 0.161883 0.187487 1.12005e-15 0 1.26879e-15 1.19248e-15 1.12005e-15 
0 0 0 0 0 0 0.114572 0.0204876 1.28205e-16 0 0.0173775 0.810207 0.033869 4.82951e-05 0 0.0013325 0.00210553 8.54698e-17 
0 0 0 0 0 0.000710389 0.486488 0.160879 0.000454972 0 0.000448943 0.309038 0.0416399 0.000218626 0 0.000121179 6.71851e-16 3.919e-16 
$SSageCompCatch
 5148 6243 3821
$obsAgeCompCatch
0 0 0 0 0 0 0.25086 0.201318 0.00297085 0 0 0.443366 0.0995249 0.00182129 0 9.09757e-05 0 4.81773e-05 
0 0 0 0 0 0 0.133391 0.0534826 0.000145199 0 0.000297248 0.752223 0.0555111 0.000357085 0 0.00152322 0.00306959 0 
0 0 0 0 0 0 0.399245 0.167507 0.00106188 0 0 0.372648 0.0584405 0 0 0.000700318 0.000397049 0 
$predAgeCompCatch
0 0 0 0 0 9.15088e-05 0.411648 0.153238 0.00221074 0 5.87775e-06 0.381476 0.0503769 0.00061697 0 7.96429e-05 0.000240947 1.56081e-05 
0 0 0 0 0 8.59042e-06 0.162537 0.0618178 0.000391285 0 0.000157633 0.712163 0.0585752 0.000259341 0 0.00107691 0.00301176 1.52691e-06 
0 0 0 0 0 1.23757e-05 0.382706 0.193329 0.00102044 0 2.07143e-05 0.362862 0.0585923 0.000519106 0 0.000295716 0.000641286 8.78409e-07 
$genSS
 -1 -1 -1
$obsGenComp     #GeneticFracData
0 0 0 0 0 
0 0 0 0 0 
0 0 0 0 0 
$predGenComp     #catchGenComp_pred
0 0 0 0 0 
0 0 0 0 0 
0 0 0 0 0 
#PARAMETERS_OF_INTEREST
$catchByGroup
0 0 0 
0 0 0 
0 0 0 
0 0 0 
0 0 0 
0 0 0 
326238 136027 14441.6 
52139.4 21922.9 2339.27 
3993.84 1692.99 181.538 
0 0 0 
3.32936e-11 1.30978e-11 1.3437e-12 
1.01973e+06 425180 45140.4 
17120.6 7198.64 768.125 
9.33778e-08 3.95828e-08 4.24444e-09 
0 0 0 
6.81812e-10 2.84285e-10 3.01819e-11 
7.67561e-10 3.22734e-10 3.44371e-11 
3.65022e-08 1.54733e-08 1.65919e-09 
0 0 0 
0 0 0 
0 0 0 
0 0 0 
0 0 0 
341.351 91.4198 14.7117 
976263 280572 46152.3 
238791 69330.7 11441.4 
8.51512e-10 2.49687e-10 4.13349e-11 
0 0 0 
3.34108e-11 8.94801e-12 1.43995e-12 
112340 32285.9 5310.82 
10069.7 2923.65 482.478 
2229.92 653.875 108.247 
0 0 0 
6.83983e-10 1.96572e-10 3.23349e-11 
7.69968e-10 2.23553e-10 3.68921e-11 
58.2571 17.0826 2.82797 
0 0 0 
0 0 0 
0 0 0 
0 0 0 
0 0 0 
0 0 0 
194999 83088.2 4657.08 
264672 113922 6427.34 
4216.4 1832.69 104.061 
0 0 0 
4.08266e-11 1.62109e-11 8.68897e-13 
104411 44489.3 2493.62 
144406 62156 3506.77 
1.01281e-09 4.40227e-10 2.49963e-11 
0 0 0 
8.18345e-10 3.48693e-10 1.95442e-11 
9.18469e-10 3.95333e-10 2.23042e-11 
1.01281e-09 4.40227e-10 2.49963e-11 
0 0 0 
0 0 0 
0 0 0 
0 0 0 
0 0 0 
0 0 0 
25266.2 1.02974e+06 58112.2 
8750.81 327861 20089 
1.40845e-10 4.87968e-09 3.22741e-10 
0 0 0 
21.8088 1760.59 50.806 
178672 7.28193e+06 410946 
14466.4 542002 33210.1 
53.0568 1838.19 121.577 
0 0 0 
293.852 11976.2 675.86 
899.332 33694.6 2064.57 
9.38967e-11 3.25312e-09 2.1516e-10 
0 0 0 
0 0 0 
0 0 0 
0 0 0 
0 0 0 
0.205592 4.68706 25.131 
13708.2 288976 1.10873e+06 
7608.05 158562 582111 
41.3309 851.891 2999.62 
0 0 0 
0.129928 2.96207 15.882 
8708.03 183570 704313 
1969.17 41040 150666 
19.8606 409.355 1441.4 
0 0 0 
3.41456 71.9807 276.172 
3.17721e-11 6.62172e-10 2.43096e-09 
3.56013e-11 7.33795e-10 2.58379e-09 
$escByGroup
 5e-101 5e-101 5e-101 5e-101 5e-101 5e-101 1.28066e+06 173084 11411.2 5e-101 3.62502e-09 4.00296e+06 56834.1 2.66798e-07 5e-101 2.67648e-09 2.54802e-09 1.04294e-07 5e-101 5e-101 5e-101 5e-101 5e-101 37076.2 3.93921e+06 819473 2.53022e-09 5e-101 3.62896e-09 453291 34556.8 6626.1 5e-101 2.75987e-09 2.64234e-09 173.108 5e-101 5e-101 5e-101 5e-101 5e-101 5e-101 592416 673345 9136.75 5e-101 3.61485e-09 317207 367379 2.19472e-09 5e-101 2.48617e-09 2.33665e-09 2.19472e-09 5e-101 5e-101 5e-101 5e-101 5e-101 5e-101 148233 26506.7 1.6587e-10 5e-101 22482.9 1.04824e+06 43819.4 62.4838 5e-101 1723.98 2724.12 1.1058e-10 5e-101 5e-101 5e-101 5e-101 5e-101 579.276 396699 131187 371 5e-101 366.084 252001 33954.6 178.275 5e-101 98.8135 5.47851e-10 3.19569e-10
$catchByGroup
0 0 0 0 0 0 326238 52139.4 3993.84 0 3.32936e-11 1.01973e+06 17120.6 9.33778e-08 0 6.81812e-10 7.67561e-10 3.65022e-08 0 0 0 0 0 341.351 976263 238791 8.51512e-10 0 3.34108e-11 112340 10069.7 2229.92 0 6.83983e-10 7.69968e-10 58.2571 0 0 0 0 0 0 194999 264672 4216.4 0 4.08266e-11 104411 144406 1.01281e-09 0 8.18345e-10 9.18469e-10 1.01281e-09 0 0 0 0 0 0 25266.2 8750.81 1.40845e-10 0 21.8088 178672 14466.4 53.0568 0 293.852 899.332 9.38967e-11 0 0 0 0 0 0.205592 13708.2 7608.05 41.3309 0 0.129928 8708.03 1969.17 19.8606 0 3.41456 3.17721e-11 3.56013e-11 
0 0 0 0 0 0 136027 21922.9 1692.99 0 1.30978e-11 425180 7198.64 3.95828e-08 0 2.84285e-10 3.22734e-10 1.54733e-08 0 0 0 0 0 91.4198 280572 69330.7 2.49687e-10 0 8.94801e-12 32285.9 2923.65 653.875 0 1.96572e-10 2.23553e-10 17.0826 0 0 0 0 0 0 83088.2 113922 1832.69 0 1.62109e-11 44489.3 62156 4.40227e-10 0 3.48693e-10 3.95333e-10 4.40227e-10 0 0 0 0 0 0 1.02974e+06 327861 4.87968e-09 0 1760.59 7.28193e+06 542002 1838.19 0 11976.2 33694.6 3.25312e-09 0 0 0 0 0 4.68706 288976 158562 851.891 0 2.96207 183570 41040 409.355 0 71.9807 6.62172e-10 7.33795e-10 
0 0 0 0 0 0 14441.6 2339.27 181.538 0 1.3437e-12 45140.4 768.125 4.24444e-09 0 3.01819e-11 3.44371e-11 1.65919e-09 0 0 0 0 0 14.7117 46152.3 11441.4 4.13349e-11 0 1.43995e-12 5310.82 482.478 108.247 0 3.23349e-11 3.68921e-11 2.82797 0 0 0 0 0 0 4657.08 6427.34 104.061 0 8.68897e-13 2493.62 3506.77 2.49963e-11 0 1.95442e-11 2.23042e-11 2.49963e-11 0 0 0 0 0 0 58112.2 20089 3.22741e-10 0 50.806 410946 33210.1 121.577 0 675.86 2064.57 2.1516e-10 0 0 0 0 0 25.131 1.10873e+06 582111 2999.62 0 15.882 704313 150666 1441.4 0 276.172 2.43096e-09 2.58379e-09 
$Fmort
 0.143534 0.436889 0.211648
#ESTIMATED_PARAMETERS
$availability
1.48515 1.49041 1.82307 0.146338 0.0550396 
0.191422 0.130699 0.23702 4.0271 0.413765 
0.0404721 0.0433719 0.0261694 0.231335 4.65865 
$availabilityVector
 1.48515 0.191422 0.0404721 1.49041 0.130699 0.0433719 1.82307 0.23702 0.0261694 0.146338 4.0271 0.231335 0.0550396 0.413765 4.65865
$selectivity
 0.0427189 0.963334 1.09979 1.23299 1.66117
$RunSize
 0 0 0 0 0 0 1.75736e+06 249486 17279.5 0 3.67276e-09 5.49301e+06 81921.4 4.04003e-07 0 3.67276e-09 3.67276e-09 1.57929e-07 0 0 0 0 0 37523.7 5.2422e+06 1.13904e+06 3.67276e-09 0 3.67276e-09 603228 48032.7 9618.14 0 3.67276e-09 3.67276e-09 251.275 0 0 0 0 0 0 875160 1.05837e+06 15289.9 0 3.67276e-09 468601 577447 3.67276e-09 0 3.67276e-09 3.67276e-09 3.67276e-09 0 0 0 0 0 0 1.26136e+06 383207 5.50913e-09 0 24316.1 8.91979e+06 633498 2075.31 0 14669.9 39382.7 3.67276e-09 0 0 0 0 0 609.3 1.80811e+06 879467 4263.85 0 385.058 1.14859e+06 227630 2048.89 0 450.381 3.67276e-09 3.67276e-09
