$ndistricts
3
$ngroups
90
$nstocks
5
$nagecomps
18
$AgeCompLabels
 0.1 0.2 0.3 0.4 0.5 1.1 1.2 1.3 1.4 1.5 2.1 2.2 2.3 2.4 3.1 3.2 3.3 3.4
$navailpar
15
$nselectpar
5
$GENdata
 1 1 -1
$maxGradient
2.56642e-06
#LIKELIHOOD_VALUES_AND_PENALTIES
$totalNLL
939.711
$NLLcatch
0.677374
$NLLescape
-6.91816
$NLLagecompCatch
340.493
$NLLagecompEsc
477.3
$NLLgenetics
128.159
$NLLselOne
1.05157e-16
$NLLavailOne
8.91525e-11
$NLLextra
4.5e-198
$sigmaCat
0.5
$sigmaEsc
0.1
#OBSERVED_AND_PREDICTED_VALUES
$predEsc
 1.13416e+06 610047 1.15516e+06 1.03526e+06 1.18638e+06
$obsEsc
 1.13484e+06 610215 1.15555e+06 1.03463e+06 1.18555e+06
$predCatch
 5.0058e+06 2.44751e+06 1.13919e+06
$obsCatch
 5.0058e+06 2.44751e+06 1.13919e+06
$RunSize
 0 2135.63 1.52248e-09 0 0 48404.6 1.44697e+06 643997 3009.38 0 13694.6 156728 207032 2.28372e-09 0 0 0 0 0 0 7.61241e-09 0 0 0 503894 618197 1.97923e-08 0 0 2.35985e-08 84901 2.05535e-08 0 0 0 0 0 0 2.28372e-09 0 0 8027.73 439704 2.20398e+06 21790.8 0 8726.82 130827 1.36364e+06 4255.32 0 0 0 0 0 0 9.13489e-09 0 0 2557.46 348144 1.73665e+06 525.861 0 6050.66 563618 736156 977.715 0 0 1516.61 0 0 0 6433.97 0 0 20636.3 220336 1.63558e+06 7771.32 0 2839.73 206524 306570 709.133 0 0 0 0
$SSageCompEsc
 1774 0 1377 1563 1230
$obsAgeCompEsc
0 0.00108393 0 0 0 0.0426532 0.567967 0.232927 0.0012516 0 0.0120674 0.0671726 0.0748765 0 0 0 0 0 
0 0 0 0 0 0 0.601116 0.250188 0 0 0 0.102692 0.0460043 0 0 0 0 0 
0 0 0 0 0 0.0069471 0.114354 0.508625 0.00648366 0 0.00755208 0.0401793 0.314618 0.00124078 0 0 0 0 
0 0 0 0 0 0.00247186 0.124902 0.514856 0 0 0.00584815 0.163541 0.186921 0.0005756 0 0 0.000884712 0 
0 0 0 0 0 0.0174065 0.115576 0.670372 0.00107853 0 0.00239529 0.0672063 0.125384 0.000581315 0 0 0 0 
$predAgeCompEsc
0 0.000843535 5.54305e-16 0 0 0.042679 0.571529 0.234466 0.00112639 0 0.0120747 0.0619048 0.0753763 8.54782e-16 0 0 0 0 
0 0 6.13422e-15 0 0 0 0.43343 0.498155 1.63063e-14 0 0 2.02985e-14 0.0684148 1.69335e-14 0 0 0 0 
0 0 5.30932e-16 0 0 0.00694943 0.115424 0.512393 0.00527945 0 0.00755462 0.0343426 0.317026 0.00103097 0 0 0 0 
0 0 2.58299e-15 0 0 0.00247035 0.111344 0.491055 0.000155103 0 0.00584458 0.180257 0.208156 0.000288378 0 0 0.000428837 0 
0 0 0.0026088 0 0 0.0173943 0.0963123 0.663182 0.00323329 0 0.00239362 0.0902749 0.124305 0.000295038 0 0 0 0 
$SSageCompCatch
 3360 3676 481
$obsAgeCompCatch
0 0 0 0 0 0 0.272434 0.466153 0.00205426 0 0 0.0243491 0.234596 0.000414283 0 0 0 0 
0 0 0.000369604 0 0 0 0.0861532 0.50889 0.000860949 0 0 0.167028 0.236698 0 0 0 0 0 
0 0 0.00490196 0 0 0 0.0719988 0.668818 0.00490196 0 0 0.112911 0.136469 0 0 0 0 0 
$predAgeCompCatch
0 0.000232915 3.80527e-06 0 0 3.27556e-10 0.266578 0.460805 0.00345981 0 1.45095e-10 0.0363249 0.231983 0.000610085 0 0 3.07012e-06 0 
0 1.4208e-06 0.000220657 0 0 6.05213e-11 0.098724 0.533872 0.000420909 0 8.91699e-11 0.152781 0.213275 0.000290104 0 0 0.000414816 0 
0 8.35814e-06 0.00244019 0 0 3.29149e-10 0.0943696 0.674312 0.00296306 0 5.12927e-11 0.0863192 0.139253 0.000297275 0 0 3.68795e-05 0 
$genSS
 308 306 -1
$obsGenComp     #GeneticFracData
0.275928 0.116021 0.599677 0.00696126 0.00141243 
0.00181269 0.000704935 0.00362538 0.911984 0.0818731 
0 0 0 0 0 
$predGenComp     #catchGenComp_pred
0.274148 0.117709 0.600065 0.00669063 0.00138688 
0.00169317 0.000659506 0.00365064 0.913525 0.080472 
0 0 0 0 0 
#PARAMETERS_OF_INTEREST
$catchByGroup
0 0 0 
1165.93 3.47743 9.52152 
8.83622e-10 2.72651e-12 7.46438e-12 
0 0 0 
0 0 0 
0.00131239 2.70883e-06 7.42754e-06 
789963 2356.1 6451.21 
373765 1153.29 3157.37 
1712.36 5.22342 14.3009 
0 0 0 
0.000371299 7.66377e-07 2.10139e-06 
85564.4 255.2 698.759 
120158 370.761 1015.03 
1.29945e-09 3.96388e-12 1.08524e-11 
0 0 0 
0 0 0 
0 0 0 
0 0 0 
0 0 0 
0 0 0 
3.81967e-09 1.05813e-11 3.9989e-11 
0 0 0 
0 0 0 
0 0 0 
236437 636.836 2407.15 
310192 859.302 3247.47 
9.71721e-09 2.66645e-11 1.00776e-10 
0 0 0 
0 0 0 
1.10729e-08 2.98244e-11 1.12732e-10 
42600.7 118.013 445.996 
1.0091e-08 2.76901e-11 1.04652e-10 
0 0 0 
0 0 0 
0 0 0 
0 0 0 
0 0 0 
0 0 0 
1.6582e-09 4.96277e-12 7.24603e-12 
0 0 0 
0 0 0 
0.000324567 5.4525e-07 7.96507e-07 
304233 868.813 1268.59 
1.6003e+06 4789.48 6993.02 
15579.3 45.8964 67.0135 
0 0 0 
0.000352832 5.92733e-07 8.6587e-07 
90520.1 258.502 377.451 
990133 2963.33 4326.7 
3042.33 8.96266 13.0864 
0 0 0 
0 0 0 
0 0 0 
0 0 0 
0 0 0 
0 0 0 
9.25676e-11 6.1152e-09 2.53053e-10 
0 0 0 
0 0 0 
8.13249e-07 8.83864e-05 2.24312e-06 
3208.91 220886 8779.33 
17598.1 1.16257e+06 48108.3 
5.16541 345.999 14.1246 
0 0 0 
1.92406e-06 0.000209112 5.30697e-06 
5194.98 357597 14213.1 
7459.77 492808 20392.9 
9.60387 643.304 26.2614 
0 0 0 
0 0 0 
15.3684 1015.27 42.0128 
0 0 0 
0 0 0 
0 0 0 
19.0484 540.06 2779.84 
0 0 0 
0 0 0 
1.91031e-06 5.64862e-05 0.000364497 
593.151 16880.9 88598.8 
4842.3 137289 706665 
22.3 633.061 3280.06 
0 0 0 
2.62876e-07 7.77301e-06 5.0158e-05 
555.969 15822.7 83044.9 
907.631 25733.1 132456 
2.03487 57.7669 299.305 
0 0 0 
0 0 0 
0 0 0 
0 0 0 
$escByGroup
 5e-101 956.701 6.28668e-10 5e-101 5e-101 48404.6 648203 265921 1277.5 5e-101 13694.6 70209.7 85488.5 9.69456e-10 5e-101 5e-101 5e-101 5e-101 5e-101 5e-101 3.74216e-09 5e-101 5e-101 5e-101 264413 303898 9.94761e-09 5e-101 5e-101 1.2383e-08 41736.3 1.03302e-08 5e-101 5e-101 5e-101 5e-101 5e-101 5e-101 6.13313e-10 5e-101 5e-101 8027.73 133333 591898 6098.63 5e-101 8726.82 39671.4 366217 1190.94 5e-101 5e-101 5e-101 5e-101 5e-101 5e-101 2.67406e-09 5e-101 5e-101 2557.46 115270 508370 160.572 5e-101 6050.66 186613 215495 298.546 5e-101 5e-101 443.958 5e-101 5e-101 5e-101 3095.02 5e-101 5e-101 20636.3 114263 786785 3835.9 5e-101 2839.73 107100 147473 350.026 5e-101 5e-101 5e-101 5e-101
$catchByGroup
0 1165.93 8.83622e-10 0 0 0.00131239 789963 373765 1712.36 0 0.000371299 85564.4 120158 1.29945e-09 0 0 0 0 0 0 3.81967e-09 0 0 0 236437 310192 9.71721e-09 0 0 1.10729e-08 42600.7 1.0091e-08 0 0 0 0 0 0 1.6582e-09 0 0 0.000324567 304233 1.6003e+06 15579.3 0 0.000352832 90520.1 990133 3042.33 0 0 0 0 0 0 9.25676e-11 0 0 8.13249e-07 3208.91 17598.1 5.16541 0 1.92406e-06 5194.98 7459.77 9.60387 0 0 15.3684 0 0 0 19.0484 0 0 1.91031e-06 593.151 4842.3 22.3 0 2.62876e-07 555.969 907.631 2.03487 0 0 0 0 
0 3.47743 2.72651e-12 0 0 2.70883e-06 2356.1 1153.29 5.22342 0 7.66377e-07 255.2 370.761 3.96388e-12 0 0 0 0 0 0 1.05813e-11 0 0 0 636.836 859.302 2.66645e-11 0 0 2.98244e-11 118.013 2.76901e-11 0 0 0 0 0 0 4.96277e-12 0 0 5.4525e-07 868.813 4789.48 45.8964 0 5.92733e-07 258.502 2963.33 8.96266 0 0 0 0 0 0 6.1152e-09 0 0 8.83864e-05 220886 1.16257e+06 345.999 0 0.000209112 357597 492808 643.304 0 0 1015.27 0 0 0 540.06 0 0 5.64862e-05 16880.9 137289 633.061 0 7.77301e-06 15822.7 25733.1 57.7669 0 0 0 0 
0 9.52152 7.46438e-12 0 0 7.42754e-06 6451.21 3157.37 14.3009 0 2.10139e-06 698.759 1015.03 1.08524e-11 0 0 0 0 0 0 3.9989e-11 0 0 0 2407.15 3247.47 1.00776e-10 0 0 1.12732e-10 445.996 1.04652e-10 0 0 0 0 0 0 7.24603e-12 0 0 7.96507e-07 1268.59 6993.02 67.0135 0 8.6587e-07 377.451 4326.7 13.0864 0 0 0 0 0 0 2.53053e-10 0 0 2.24312e-06 8779.33 48108.3 14.1246 0 5.30697e-06 14213.1 20392.9 26.2614 0 0 42.0128 0 0 0 2779.84 0 0 0.000364497 88598.8 706665 3280.06 0 5.0158e-05 83044.9 132456 299.305 0 0 0 0 
$Fmort
 0.498567 0.208222 0.10536
#ESTIMATED_PARAMETERS
$availability
1.51121 1.21238 2.25352 0.0177241 0.00515969 
0.00746863 0.00579585 0.00906461 4.61236 0.365307 
0.0404721 0.0433719 0.0261694 0.231335 4.65865 
$availabilityVector
 1.51121 0.00746863 0.0404721 1.21238 0.00579585 0.0433719 2.25352 0.00906461 0.0261694 0.0177241 4.61236 0.231335 0.00515969 0.365307 4.65865
$selectivity
 3.59855e-08 1.0479 1.1526 1.11709 1.68242
$RunSize
 0 2135.63 1.52248e-09 0 0 48404.6 1.44697e+06 643997 3009.38 0 13694.6 156728 207032 2.28372e-09 0 0 0 0 0 0 7.61241e-09 0 0 0 503894 618197 1.97923e-08 0 0 2.35985e-08 84901 2.05535e-08 0 0 0 0 0 0 2.28372e-09 0 0 8027.73 439704 2.20398e+06 21790.8 0 8726.82 130827 1.36364e+06 4255.32 0 0 0 0 0 0 9.13489e-09 0 0 2557.46 348144 1.73665e+06 525.861 0 6050.66 563618 736156 977.715 0 0 1516.61 0 0 0 6433.97 0 0 20636.3 220336 1.63558e+06 7771.32 0 2839.73 206524 306570 709.133 0 0 0 0
