$ndistricts
3
$ngroups
90
$nstocks
5
$nagecomps
18
$AgeCompLabels
 0.1 0.2 0.3 0.4 0.5 1.1 1.2 1.3 1.4 1.5 2.1 2.2 2.3 2.4 3.1 3.2 3.3 3.4
$navailpar
15
$nselectpar
5
$GENdata
 -1 -1 -1
$maxGradient
1.98798e-06
#LIKELIHOOD_VALUES_AND_PENALTIES
$totalNLL
819.717
$NLLcatch
0.677374
$NLLescape
-6.24716
$NLLagecompCatch
316.221
$NLLagecompEsc
509.065
$NLLgenetics
0
$NLLselOne
3.16485e-16
$NLLavailOne
1.9451e-09
$NLLextra
4.1e-198
$sigmaCat
0.5
$sigmaEsc
0.1
#OBSERVED_AND_PREDICTED_VALUES
$predEsc
 7.7616e+06 182416 1.33471e+06 1.10595e+06 160722
$obsEsc
 8.3942e+06 182490 1.3312e+06 1.01555e+06 160380
$predCatch
 4.65507e+06 889322 169845
$obsCatch
 4.65507e+06 889322 169845
$RunSize
 0 3934.93 0 0 0 2784.21 8.52783e+06 239767 8.39232e-09 0 394348 2.15957e+06 280044 0 0 1.02573e-08 2.79744e-09 0 0 1.86496e-09 0 0 0 8353.97 95391.5 78453.8 1.86496e-09 0 440.875 97051.9 708.359 0 0 1.86496e-09 1.86496e-09 0 0 1.86496e-09 0 0 0 11587.9 549449 221806 1.86496e-09 0 32121.1 1.10468e+06 362086 0 0 5482.37 1.86496e-09 0 0 1.86496e-09 0 0 0 0 21967.7 32713.9 1.86496e-09 0 22626.3 1.38849e+06 267783 0 0 74930.5 13843.8 0 0 323.17 0 0 0 87.1305 41138.3 7121.27 1841.78 0 2438.87 190628 17814.1 0 0 1.86496e-09 1.86496e-09 0
$SSageCompEsc
 1260 360 872 1155 471
$obsAgeCompEsc
0 0 0 0 0 0.00037044 0.763101 0.0164466 0 0 0.0402403 0.165312 0.0145302 0 0 0 0 0 
0 0 0 0 0 0.042474 0.35006 0.247558 0 0 0.00222777 0.355452 0.00222777 0 0 0 0 0 
0 0 0 0 0 0.00819535 0.257477 0.084908 0 0 0.0215464 0.49856 0.126977 0 0 0.00233652 0 0 
0 0 0 0 0 0 0.0186251 0.0196185 0 0 0.0223634 0.76252 0.127989 0 0 0.0414727 0.00741232 0 
0 0.000241546 0 0 0 0.000536033 0.151529 0.0160951 0.011078 0 0.0143861 0.730732 0.0754027 0 0 0 0 0 
$predAgeCompEsc
0 0.000336621 0 0 0 0.000331044 0.729528 0.0176074 1.04725e-15 0 0.0468881 0.184744 0.0205652 0 0 8.77477e-16 2.05431e-16 0 
0 6.83549e-15 0 0 0 0.0423034 0.349631 0.247878 9.90563e-15 0 0.00223253 0.355717 0.00223809 0 0 6.83549e-15 5.89243e-15 0 
0 8.44617e-16 0 0 0 0.00786954 0.248839 0.0830785 1.34371e-15 0 0.021814 0.500296 0.135621 0 0 0.0024829 6.98529e-16 0 
0 1.04849e-15 0 0 0 0 0.0123503 0.0152168 1.62703e-15 0 0.0186936 0.780615 0.124559 0 0 0.0421262 0.00643943 0 
0 0.00124632 0 0 0 0.000494939 0.158651 0.0227151 0.0110529 0 0.0138538 0.735163 0.0568227 0 0 7.19229e-15 5.94877e-15 0 
$SSageCompCatch
 2303 1901 1224
$obsAgeCompCatch
0 0.000521926 0 0 0 0 0.621062 0.0472649 0 0 0.012478 0.239533 0.077784 0 0 0.00135559 0 0 
0 0 0 0 0 0 0.0651044 0.0212559 0.000117354 0 0.000117354 0.690997 0.175478 0 0 0.0385785 0.00835072 0 
0 0.00185481 0 0 0 0 0.292982 0.0491915 0.000226853 0 0.00185481 0.595121 0.0569135 0 0 0.00185481 0 0 
$predAgeCompCatch
0 0.000266612 0 0 0 0.000395037 0.626219 0.0500043 4.41861e-07 0 0.00681912 0.251779 0.0633459 0 0 0.00102392 0.000146259 0 
0 9.52976e-05 0 0 0 9.56635e-05 0.200778 0.031311 6.60475e-06 0 0.00373346 0.585511 0.144794 0 0 0.0272918 0.00638319 0 
0 0.000701994 0 0 0 0.000117122 0.263516 0.0353232 0.000337967 0 0.00330448 0.58663 0.0992574 0 0 0.00866584 0.00214658 0 
$genSS
 -1 -1 -1
$obsGenComp     #GeneticFracData
0 0 0 0 0 
0 0 0 0 0 
0 0 0 0 0 
$predGenComp     #catchGenComp_pred
0 0 0 0 0 
0 0 0 0 0 
0 0 0 0 0 
#PARAMETERS_OF_INTEREST
$catchByGroup
0 0 0 
1236.61 72.0888 13.5196 
0 0 0 
0 0 0 
0 0 0 
202.575 10.2891 1.91807 
2.67999e+06 156232 29299.8 
96048.8 5939.64 1116.9 
2.49266e-10 1.23928e-11 2.30814e-12 
0 0 0 
28692.1 1457.32 271.67 
678674 39563.7 7419.79 
112184 6937.41 1304.53 
0 0 0 
0 0 0 
3.2235e-09 1.87916e-10 3.52418e-11 
1.12063e-09 6.92997e-11 1.30313e-11 
0 0 0 
0 0 0 
5.87795e-10 2.33966e-11 6.86585e-12 
0 0 0 
0 0 0 
0 0 0 
609.89 21.0913 6.16732 
30065.3 1196.72 351.184 
31513 1332.26 391.58 
5.55854e-11 1.88079e-12 5.49666e-13 
0 0 0 
32.1865 1.11308 0.325476 
30588.7 1217.55 357.297 
284.531 12.0289 3.53558 
0 0 0 
0 0 0 
5.87795e-10 2.33966e-11 6.86585e-12 
7.4911e-10 3.16697e-11 9.30842e-12 
0 0 0 
0 0 0 
6.91286e-10 4.22125e-11 4.1457e-12 
0 0 0 
0 0 0 
0 0 0 
1026.22 53.0008 5.16248 
203665 12436.5 1221.39 
103469 6783.4 668.647 
6.77643e-11 3.40937e-12 3.31673e-13 
0 0 0 
2844.62 146.915 14.3101 
409472 25003.9 2455.64 
168907 11073.5 1091.53 
0 0 0 
0 0 0 
2032.16 124.091 12.187 
8.69973e-10 5.70352e-11 5.62202e-12 
0 0 0 
0 0 0 
6.8054e-11 6.01002e-10 3.63299e-11 
0 0 0 
0 0 0 
0 0 0 
0 0 0 
801.619 7079.3 427.935 
1608.89 13414.5 861.54 
5.53253e-12 5.70879e-11 2.92992e-12 
0 0 0 
167.791 1695.47 88.9522 
50667.2 447454 27048.1 
13169.7 109806 7052.24 
0 0 0 
0 0 0 
2734.28 24147.1 1459.66 
680.846 5676.71 364.585 
0 0 0 
0 0 0 
4.4869 12.6614 105.711 
0 0 0 
0 0 0 
0 0 0 
0.243585 0.694503 6.64469 
571.165 1611.75 13456.5 
133.801 375.843 2960.8 
2.0569 5.87375 57.402 
0 0 0 
6.81817 19.4398 185.991 
2646.68 7468.58 62355.3 
334.709 940.184 7406.55 
0 0 0 
0 0 0 
2.58932e-11 7.30671e-11 6.10038e-10 
3.50407e-11 9.84278e-11 7.75392e-10 
0 0 0 
$escByGroup
 5e-101 2612.72 5e-101 5e-101 5e-101 2569.43 5.66231e+06 136662 8.12835e-09 5e-101 363927 1.43391e+06 159619 5e-101 5e-101 6.81063e-09 1.59448e-09 5e-101 5e-101 1.2469e-09 5e-101 5e-101 5e-101 7716.82 63778.2 45217 1.80694e-09 5e-101 407.25 64888.4 408.264 5e-101 5e-101 1.2469e-09 1.07487e-09 5e-101 5e-101 1.12732e-09 5e-101 5e-101 5e-101 10503.5 332126 110885 1.79345e-09 5e-101 29115.2 667747 181014 5e-101 5e-101 3313.94 9.3233e-10 5e-101 5e-101 1.15957e-09 5e-101 5e-101 5e-101 5e-101 13658.8 16829 1.79941e-09 5e-101 20674.1 863320 137756 5e-101 5e-101 46589.5 7121.67 5e-101 5e-101 200.311 5e-101 5e-101 5e-101 79.5477 25498.8 3650.83 1776.45 5e-101 2226.62 118157 9132.68 5e-101 5e-101 1.15596e-09 9.561e-10 5e-101
$catchByGroup
0 1236.61 0 0 0 202.575 2.67999e+06 96048.8 2.49266e-10 0 28692.1 678674 112184 0 0 3.2235e-09 1.12063e-09 0 0 5.87795e-10 0 0 0 609.89 30065.3 31513 5.55854e-11 0 32.1865 30588.7 284.531 0 0 5.87795e-10 7.4911e-10 0 0 6.91286e-10 0 0 0 1026.22 203665 103469 6.77643e-11 0 2844.62 409472 168907 0 0 2032.16 8.69973e-10 0 0 6.8054e-11 0 0 0 0 801.619 1608.89 5.53253e-12 0 167.791 50667.2 13169.7 0 0 2734.28 680.846 0 0 4.4869 0 0 0 0.243585 571.165 133.801 2.0569 0 6.81817 2646.68 334.709 0 0 2.58932e-11 3.50407e-11 0 
0 72.0888 0 0 0 10.2891 156232 5939.64 1.23928e-11 0 1457.32 39563.7 6937.41 0 0 1.87916e-10 6.92997e-11 0 0 2.33966e-11 0 0 0 21.0913 1196.72 1332.26 1.88079e-12 0 1.11308 1217.55 12.0289 0 0 2.33966e-11 3.16697e-11 0 0 4.22125e-11 0 0 0 53.0008 12436.5 6783.4 3.40937e-12 0 146.915 25003.9 11073.5 0 0 124.091 5.70352e-11 0 0 6.01002e-10 0 0 0 0 7079.3 13414.5 5.70879e-11 0 1695.47 447454 109806 0 0 24147.1 5676.71 0 0 12.6614 0 0 0 0.694503 1611.75 375.843 5.87375 0 19.4398 7468.58 940.184 0 0 7.30671e-11 9.84278e-11 0 
0 13.5196 0 0 0 1.91807 29299.8 1116.9 2.30814e-12 0 271.67 7419.79 1304.53 0 0 3.52418e-11 1.30313e-11 0 0 6.86585e-12 0 0 0 6.16732 351.184 391.58 5.49666e-13 0 0.325476 357.297 3.53558 0 0 6.86585e-12 9.30842e-12 0 0 4.1457e-12 0 0 0 5.16248 1221.39 668.647 3.31673e-13 0 14.3101 2455.64 1091.53 0 0 12.187 5.62202e-12 0 0 3.63299e-11 0 0 0 0 427.935 861.54 2.92992e-12 0 88.9522 27048.1 7052.24 0 0 1459.66 364.585 0 0 105.711 0 0 0 6.64469 13456.5 2960.8 57.402 0 185.991 62355.3 7406.55 0 0 6.10038e-10 7.75392e-10 0 
$Fmort
 0.193265 0.0734899 0.0646989
#ESTIMATED_PARAMETERS
$availability
1.48515 1.49041 1.82307 0.146338 0.0550396 
0.191422 0.130699 0.23702 4.0271 0.413765 
0.0404721 0.0433719 0.0261694 0.231335 4.65865 
$availabilityVector
 1.48515 0.191422 0.0404721 1.49041 0.130699 0.0433719 1.82307 0.23702 0.0261694 0.146338 4.0271 0.231335 0.0550396 0.413765 4.65865
$selectivity
 0.263184 1.31438 1.78315 0.105048 1.53424
$RunSize
 0 3934.93 0 0 0 2784.21 8.52783e+06 239767 8.39232e-09 0 394348 2.15957e+06 280044 0 0 1.02573e-08 2.79744e-09 0 0 1.86496e-09 0 0 0 8353.97 95391.5 78453.8 1.86496e-09 0 440.875 97051.9 708.359 0 0 1.86496e-09 1.86496e-09 0 0 1.86496e-09 0 0 0 11587.9 549449 221806 1.86496e-09 0 32121.1 1.10468e+06 362086 0 0 5482.37 1.86496e-09 0 0 1.86496e-09 0 0 0 0 21967.7 32713.9 1.86496e-09 0 22626.3 1.38849e+06 267783 0 0 74930.5 13843.8 0 0 323.17 0 0 0 87.1305 41138.3 7121.27 1841.78 0 2438.87 190628 17814.1 0 0 1.86496e-09 1.86496e-09 0
