$ndistricts
3
$ngroups
90
$nstocks
5
$nagecomps
18
$AgeCompLabels
 0.1 0.2 0.3 0.4 0.5 1.1 1.2 1.3 1.4 1.5 2.1 2.2 2.3 2.4 3.1 3.2 3.3 3.4
$navailpar
15
$nselectpar
5
$GENdata
 -1 -1 -1
$maxGradient
2.04338e-06
#LIKELIHOOD_VALUES_AND_PENALTIES
$totalNLL
709.301
$NLLcatch
0.677374
$NLLescape
-6.91353
$NLLagecompCatch
314.587
$NLLagecompEsc
400.95
$NLLgenetics
0
$NLLselOne
5.95888e-18
$NLLavailOne
1.9451e-09
$NLLextra
5.3e-198
$sigmaCat
0.5
$sigmaEsc
0.1
#OBSERVED_AND_PREDICTED_VALUES
$predEsc
 1.8279e+06 1.15081e+06 1.37526e+06 1.0376e+06 633247
$obsEsc
 1.82778e+06 1.15082e+06 1.37549e+06 1.03214e+06 638420
$predCatch
 3.52087e+06 7.0294e+06 1.53879e+06
$obsCatch
 3.52087e+06 7.0294e+06 1.53879e+06
$RunSize
 0 0 0 0 0 0 499572 1.89952e+06 2.01102e-09 0 0 620187 220654 0 0 2.01102e-09 2.01102e-09 0 0 0 0 0 0 5530.2 34818.4 1.71678e+06 10310.5 0 0 9.20486e-05 237842 0 0 7585.37 5.02756e-09 0 0 0 0 0 0 0 252475 2.33464e+06 2.01102e-09 0 0 68351.2 225179 0 0 2.01102e-09 2.01102e-09 0 0 0 0 0 0 0 393383 2.57123e+06 4.02205e-09 0 3332.22 1.6476e+06 3.14744e+06 0 0 25576.2 3695.24 0 0 0 0 0 0 0 247901 1.6479e+06 7951.73 0 0 123840 160183 0 0 2.01102e-09 396.832 0
$SSageCompEsc
 1272 0 1428 1413 1541
$obsAgeCompEsc
0 0 0 0 0 0 0.161887 0.570742 0 0 0 0.201055 0.0663159 0 0 0 0 0 
0 0 0 0 0 0.000258602 0.462782 0.40656 0.00654437 0 0 0.027621 0.0962343 0 0 0 0 0 
0 0 0 0 0 0 0.0954044 0.801329 0 0 0 0.0258885 0.077378 0 0 0 0 0 
0 0 0 0 0 0 0.0639659 0.303803 0 0 0.00322842 0.257088 0.366115 0 0 0.00516779 0.000631794 0 
0 0 0 0 0 0 0.155276 0.716517 0.00210491 0 0 0.063658 0.0624439 0 0 0 0 0 
$predAgeCompEsc
0 0 0 0 0 0 0.162029 0.570546 5.16436e-16 0 0 0.201149 0.0662764 0 0 6.52247e-16 6.04038e-16 0 
0 0 0 0 0 0.00480547 0.0185022 0.850412 0.00443399 0 0 4.89138e-11 0.117816 0 0 0.00403079 2.49042e-15 0 
0 0 0 0 0 0 0.0956715 0.801155 5.61197e-16 0 0 0.0259006 0.0772725 0 0 7.62046e-16 6.90104e-16 0 
0 0 0 0 0 0 0.0645156 0.2956 1.53622e-16 0 0.00321148 0.27021 0.361844 0 0 0.00419455 0.000424821 0 
0 0 0 0 0 0 0.133628 0.726666 0.00214173 0 0 0.0667543 0.0706353 0 0 1.08401e-15 0.000174989 0 
$SSageCompCatch
 5464 5653 2422
$obsAgeCompCatch
0 0 0 0 0 0 0.0854489 0.710505 0.00139838 0 0 0.0852602 0.116347 0 0 0.00104046 0 0 
0 0 0 0 0 0 0.0594488 0.381735 3.3716e-05 0 0 0.200406 0.35632 0 0 0.00190927 0.000147397 0 
0 0 0 0 0 0 0.0669 0.684512 0.00349255 0 0 0.0851768 0.158846 0 0 0.000536363 0.000536363 0 
$predAgeCompCatch
0 0 0 0 0 4.32839e-10 0.0848695 0.70996 0.00131957 0 2.56078e-11 0.0859465 0.116841 0 0 0.00101389 4.87916e-05 0 
0 0 0 0 0 2.41042e-11 0.0547189 0.388681 0.000295764 0 4.47512e-10 0.185959 0.367121 0 0 0.00279734 0.000427444 0 
0 0 0 0 0 1.59398e-11 0.0936422 0.681029 0.00330014 0 5.12281e-11 0.0807491 0.140434 0 0 0.000609066 0.000236554 0 
$genSS
 -1 -1 -1
$obsGenComp     #GeneticFracData
0 0 0 0 0 
0 0 0 0 0 
0 0 0 0 0 
$predGenComp     #catchGenComp_pred
0 0 0 0 0 
0 0 0 0 0 
0 0 0 0 0 
#PARAMETERS_OF_INTEREST
$catchByGroup
0 0 0 
0 0 0 
0 0 0 
0 0 0 
0 0 0 
0 0 0 
167964 32358.9 3076.05 
704779 138609 13228.3 
8.7159e-10 1.78293e-10 1.71459e-11 
0 0 0 
0 0 0 
208517 40171.5 3818.72 
81869.4 16101.3 1536.64 
0 0 0 
0 0 0 
6.76138e-10 1.30261e-10 1.23826e-11 
7.46151e-10 1.46746e-10 1.40048e-11 
0 0 0 
0 0 0 
0 0 0 
0 0 0 
0 0 0 
0 0 0 
0.00152397 0.000169438 2.4528e-05 
11739.9 1556.16 229.7 
638747 86558.3 12809.1 
4480.37 633.274 94.1766 
0 0 0 
0 0 0 
3.10366e-05 4.114e-06 6.07252e-07 
88491.8 11991.8 1774.57 
0 0 0 
0 0 0 
2557.61 339.018 50.0413 
1.87056e-09 2.53484e-10 3.75113e-11 
0 0 0 
0 0 0 
0 0 0 
0 0 0 
0 0 0 
0 0 0 
0 0 0 
99805.9 20090.4 1006.3 
1.01325e+06 209073 10525.8 
1.00975e-09 2.18379e-10 1.11034e-11 
0 0 0 
0 0 0 
27019.9 5438.95 272.429 
97728.9 20165.4 1015.23 
0 0 0 
0 0 0 
7.94977e-10 1.60024e-10 8.01539e-12 
8.72796e-10 1.80093e-10 9.06676e-12 
0 0 0 
0 0 0 
0 0 0 
0 0 0 
0 0 0 
0 0 0 
0 0 0 
15568 297228 13645.6 
114830 2.049e+06 100684 
2.18963e-10 3.45158e-09 1.9211e-10 
0 0 0 
9.01618e-05 0.00314574 7.88293e-05 
65203.4 1.24488e+06 57151.8 
140563 2.50818e+06 123247 
0 0 0 
0 0 0 
1012.17 19324.6 887.184 
165.028 2944.72 144.698 
0 0 0 
0 0 0 
0 0 0 
0 0 0 
0 0 0 
0 0 0 
0 0 0 
3736.45 33407.6 126138 
28075 248950 910713 
165.667 1445.77 4984.05 
0 0 0 
0 0 0 
1866.56 16688.9 63012.9 
2729.02 24199 88525.5 
0 0 0 
0 0 0 
3.03108e-11 2.71009e-10 1.02326e-09 
6.76076 59.9498 219.31 
0 0 0 
$escByGroup
 5e-101 5e-101 5e-101 5e-101 5e-101 5e-101 296173 1.0429e+06 9.43995e-10 5e-101 5e-101 367680 121147 5e-101 5e-101 1.19224e-09 1.10412e-09 5e-101 5e-101 5e-101 5e-101 5e-101 5e-101 5530.2 21292.6 978667 5102.71 5e-101 5e-101 5.62907e-05 135584 5e-101 5e-101 4638.7 2.86601e-09 5e-101 5e-101 5e-101 5e-101 5e-101 5e-101 5e-101 131573 1.10179e+06 7.71789e-10 5e-101 5e-101 35619.9 106269 5e-101 5e-101 1.04801e-09 9.49069e-10 5e-101 5e-101 5e-101 5e-101 5e-101 5e-101 5e-101 66941.2 306713 1.59398e-10 5e-101 3332.22 280369 375448 5e-101 5e-101 4352.25 440.793 5e-101 5e-101 5e-101 5e-101 5e-101 5e-101 5e-101 84619.3 460159 1356.24 5e-101 5e-101 42272 44729.6 5e-101 5e-101 6.86449e-10 110.811 5e-101
$catchByGroup
0 0 0 0 0 0 167964 704779 8.7159e-10 0 0 208517 81869.4 0 0 6.76138e-10 7.46151e-10 0 0 0 0 0 0 0.00152397 11739.9 638747 4480.37 0 0 3.10366e-05 88491.8 0 0 2557.61 1.87056e-09 0 0 0 0 0 0 0 99805.9 1.01325e+06 1.00975e-09 0 0 27019.9 97728.9 0 0 7.94977e-10 8.72796e-10 0 0 0 0 0 0 0 15568 114830 2.18963e-10 0 9.01618e-05 65203.4 140563 0 0 1012.17 165.028 0 0 0 0 0 0 0 3736.45 28075 165.667 0 0 1866.56 2729.02 0 0 3.03108e-11 6.76076 0 
0 0 0 0 0 0 32358.9 138609 1.78293e-10 0 0 40171.5 16101.3 0 0 1.30261e-10 1.46746e-10 0 0 0 0 0 0 0.000169438 1556.16 86558.3 633.274 0 0 4.114e-06 11991.8 0 0 339.018 2.53484e-10 0 0 0 0 0 0 0 20090.4 209073 2.18379e-10 0 0 5438.95 20165.4 0 0 1.60024e-10 1.80093e-10 0 0 0 0 0 0 0 297228 2.049e+06 3.45158e-09 0 0.00314574 1.24488e+06 2.50818e+06 0 0 19324.6 2944.72 0 0 0 0 0 0 0 33407.6 248950 1445.77 0 0 16688.9 24199 0 0 2.71009e-10 59.9498 0 
0 0 0 0 0 0 3076.05 13228.3 1.71459e-11 0 0 3818.72 1536.64 0 0 1.23826e-11 1.40048e-11 0 0 0 0 0 0 2.4528e-05 229.7 12809.1 94.1766 0 0 6.07252e-07 1774.57 0 0 50.0413 3.75113e-11 0 0 0 0 0 0 0 1006.3 10525.8 1.11034e-11 0 0 272.429 1015.23 0 0 8.01539e-12 9.06676e-12 0 0 0 0 0 0 0 13645.6 100684 1.9211e-10 0 7.88293e-05 57151.8 123247 0 0 887.184 144.698 0 0 0 0 0 0 0 126138 910713 4984.05 0 0 63012.9 88525.5 0 0 1.02326e-09 219.31 0 
$Fmort
 0.258025 0.327136 0.142706
#ESTIMATED_PARAMETERS
$availability
1.48515 1.49041 1.82307 0.146338 0.0550396 
0.191422 0.130699 0.23702 4.0271 0.413765 
0.0404721 0.0433719 0.0261694 0.231335 4.65865 
$availabilityVector
 1.48515 0.191422 0.0404721 1.49041 0.130699 0.0433719 1.82307 0.23702 0.0261694 0.146338 4.0271 0.231335 0.0550396 0.413765 4.65865
$selectivity
 7.16586e-07 1.06939 1.20998 1.48252 1.23811
$RunSize
 0 0 0 0 0 0 499572 1.89952e+06 2.01102e-09 0 0 620187 220654 0 0 2.01102e-09 2.01102e-09 0 0 0 0 0 0 5530.2 34818.4 1.71678e+06 10310.5 0 0 9.20486e-05 237842 0 0 7585.37 5.02756e-09 0 0 0 0 0 0 0 252475 2.33464e+06 2.01102e-09 0 0 68351.2 225179 0 0 2.01102e-09 2.01102e-09 0 0 0 0 0 0 0 393383 2.57123e+06 4.02205e-09 0 3332.22 1.6476e+06 3.14744e+06 0 0 25576.2 3695.24 0 0 0 0 0 0 0 247901 1.6479e+06 7951.73 0 0 123840 160183 0 0 2.01102e-09 396.832 0
