$ndistricts
3
$ngroups
90
$nstocks
5
$nagecomps
18
$AgeCompLabels
 0.1 0.2 0.3 0.4 0.5 1.1 1.2 1.3 1.4 1.5 2.1 2.2 2.3 2.4 3.1 3.2 3.3 3.4
$navailpar
15
$nselectpar
5
$GENdata
 -1 -1 -1
$maxGradient
3.76003e-06
#LIKELIHOOD_VALUES_AND_PENALTIES
$totalNLL
867.099
$NLLcatch
0.677374
$NLLescape
-6.89785
$NLLagecompCatch
344.393
$NLLagecompEsc
528.926
$NLLgenetics
0
$NLLselOne
1.01812e-16
$NLLavailOne
1.9451e-09
$NLLextra
3.4e-198
$sigmaCat
0.5
$sigmaEsc
0.1
#OBSERVED_AND_PREDICTED_VALUES
$predEsc
 2.2856e+06 654565 1.21055e+06 1.11038e+06 920096
$obsEsc
 2.29607e+06 643110 1.20217e+06 1.11094e+06 924853
$predCatch
 2.37608e+06 3.52884e+06 730239
$obsCatch
 2.37608e+06 3.52884e+06 730239
$RunSize
 0 0 2.8449e-09 2274.41 0 15520.5 1.81287e+06 791156 1.42245e-09 0 42320.2 615168 145755 2.13368e-09 0 2.13368e-09 2.13368e-09 0 0 0 1469.46 0 0 0 8.67696e-08 870307 7.82349e-09 0 3.98287e-08 204855 1.06684e-08 4.97858e-09 0 1.42245e-08 4.26736e-09 0 0 0 2.13368e-09 0 0 7924.19 463215 1.03558e+06 10988.7 0 15538.3 395968 244087 1337.42 0 3247.35 1.42245e-09 0 0 0 1.42245e-09 0 0 3302.31 232566 307302 2595.64 0 62658.9 746283 2.97642e+06 126.78 0 36305.2 7426.92 0 0 2658.44 943.366 0 0 9530.62 242707 364329 643.486 0 7272.74 254302 875833 3573.16 0 1.42245e-09 1.42245e-09 0
$SSageCompEsc
 1294 0 1433 1447 1176
$obsAgeCompEsc
0 0 0 0.000963247 0 0.00675764 0.573554 0.182383 0 0 0.0180585 0.174931 0.0433521 0 0 0 0 0 
0 0 0 0 0 0 0.601116 0.250188 0 0 0 0.102692 0.0460043 0 0 0 0 0 
0 0 0 0 0 0.00656955 0.253538 0.403147 0.00534598 0 0.0127164 0.201772 0.114355 0.000725745 0 0.00183022 0 0 
0 0 0 0 0 0.00294496 0.0764659 0.0509895 0 0 0.0558247 0.230228 0.573432 0 0 0.00868537 0.00143005 0 
0 0.00288582 0.00101158 0 0 0.010307 0.191498 0.209823 0.000326421 0 0.00786283 0.184948 0.391127 0.000210013 0 0 0 0 
$predAgeCompEsc
0 0 7.05127e-16 0.000504462 0 0.00675437 0.554085 0.196093 3.15499e-16 0 0.0184173 0.18802 0.0361263 4.73248e-16 0 6.52137e-16 5.28845e-16 0 
0 0 0.00131101 0 0 0 9.41267e-14 0.776465 6.30323e-15 0 6.05342e-14 0.222224 9.51806e-15 4.01115e-15 0 1.54306e-14 3.80722e-15 0 
0 0 8.6608e-16 0 0 0.00650324 0.24545 0.42035 0.00385972 0 0.012752 0.209817 0.0990769 0.000469764 0 0.00172072 5.77386e-16 0 
0 0 2.5657e-16 0 0 0.00293254 0.0796031 0.0554284 0.000312453 0 0.0556427 0.255439 0.53686 1.52613e-05 0 0.0124266 0.0013396 0 
0 0.00182984 0.000483502 0 0 0.0102913 0.167058 0.186729 0.000278589 0 0.00785324 0.175039 0.44889 0.00154695 0 9.79092e-16 7.29048e-16 0 
$SSageCompCatch
 3781 3998 901
$obsAgeCompCatch
0 0 0.000286983 0 0 0 0.232375 0.501829 0.000642949 0 0.00058945 0.176455 0.0872107 0 0 0.000610614 0 0 
0 0 0 0 0 0 0.0782073 0.129865 0.00141694 0 0 0.168708 0.609167 0.00031754 0 0.0105194 0.00179869 0 
0 0 0 0 0 0 0.0737964 0.188093 0.000445989 0 0 0.100002 0.63423 0.00343166 0 0 0 0 
$predAgeCompCatch
0 1.23491e-05 0.000235355 0.000399471 0 5.07735e-05 0.261399 0.454527 0.00230363 0 0.000132877 0.150962 0.128669 0.000305398 0 0.000864722 0.000138498 0 
0 6.34458e-05 5.11862e-05 4.56175e-05 0 2.06463e-05 0.0706455 0.122502 0.000875852 0 0.000249127 0.141784 0.65605 0.000209754 0 0.00596355 0.00153964 0 
0 0.000988143 0.000506632 1.54155e-05 0 6.65366e-05 0.103131 0.216014 0.000531016 0 7.30912e-05 0.114573 0.560935 0.0021398 0 0.000783588 0.000242685 0 
$genSS
 -1 -1 -1
$obsGenComp     #GeneticFracData
0 0 0 0 0 
0 0 0 0 0 
0 0 0 0 0 
$predGenComp     #catchGenComp_pred
0 0 0 0 0 
0 0 0 0 0 
0 0 0 0 0 
#PARAMETERS_OF_INTEREST
$catchByGroup
0 0 0 
0 0 0 
1.04888e-09 1.72392e-10 1.19949e-11 
949.176 160.977 11.257 
0 0 0 
72.2314 9.83645 0.66506 
469169 72305.1 4980.52 
291689 47941.5 3335.74 
5.93631e-10 1.00678e-10 7.04033e-12 
0 0 0 
196.955 26.8213 1.81344 
159205 24535.5 1690.06 
53738.2 8832.3 614.546 
8.90446e-10 1.51016e-10 1.05605e-11 
0 0 0 
5.52194e-10 8.51003e-11 5.86187e-12 
7.86661e-10 1.29294e-10 8.99619e-12 
0 0 0 
0 0 0 
0 0 0 
543.279 61.3984 6.63857 
0 0 0 
0 0 0 
0 0 0 
2.25239e-08 2.37815e-09 2.55438e-10 
321764 36364 3931.78 
3.27367e-09 3.82456e-10 4.14889e-11 
0 0 0 
1.86014e-10 1.72367e-11 1.82895e-12 
53176.8 5614.58 603.064 
3.94425e-09 4.45757e-10 4.81965e-11 
2.08324e-09 2.43381e-10 2.6402e-11 
0 0 0 
3.69245e-09 3.8986e-10 4.1875e-11 
1.5777e-09 1.78303e-10 1.92786e-11 
0 0 0 
0 0 0 
0 0 0 
9.20504e-10 1.58919e-10 5.82132e-12 
0 0 0 
0 0 0 
45.2455 6.21796 0.219559 
142496 22766.2 823.266 
446765 77131.1 2825.37 
5326.33 954.749 35.1981 
0 0 0 
88.7208 12.1926 0.430528 
121809 19461.1 703.749 
105303 18179.9 665.942 
648.265 116.202 4.28394 
0 0 0 
998.959 159.601 5.77147 
6.13669e-10 1.05946e-10 3.88088e-12 
0 0 0 
0 0 0 
0 0 0 
6.30282e-11 1.04059e-09 3.3942e-11 
0 0 0 
0 0 0 
1.51753 43.7518 0.808753 
6762.61 133785 3628.5 
13616.4 224806 7332.71 
134.532 2041.58 72.5803 
0 0 0 
28.794 830.158 15.3455 
21700.6 429305 11643.5 
131884 2.17739e+06 71022.1 
6.57103 99.7184 3.54509 
0 0 0 
1055.69 20884.8 566.435 
329.083 5433.14 177.218 
0 0 0 
0 0 0 
29.3424 223.89 721.58 
15.9442 119.23 363.324 
0 0 0 
0 0 0 
1.64748 13.0514 46.8942 
2678.87 20440.5 65878 
6157.67 46046.7 140316 
12.7528 94.4148 279.99 
0 0 0 
1.25718 9.95939 35.7846 
2806.84 21417 69025.2 
14802.8 110695 337314 
70.8138 524.269 1554.74 
0 0 0 
1.57002e-11 1.19797e-10 3.86097e-10 
2.40414e-11 1.7978e-10 5.47837e-10 
0 0 0 
$escByGroup
 5e-101 5e-101 1.61164e-09 1153 5e-101 15437.8 1.26642e+06 448190 7.21104e-10 5e-101 42094.6 429737 82570.3 1.08166e-09 5e-101 1.49052e-09 1.20873e-09 5e-101 5e-101 5e-101 858.144 5e-101 5e-101 5e-101 6.16121e-08 508247 4.12588e-09 5e-101 3.96236e-08 145460 6.23019e-09 2.62556e-09 5e-101 1.01003e-08 2.49208e-09 5e-101 5e-101 5e-101 1.04843e-09 5e-101 5e-101 7872.5 297130 508855 4672.39 5e-101 15437 253995 119938 568.674 5e-101 2083.02 6.98956e-10 5e-101 5e-101 5e-101 2.8489e-10 5e-101 5e-101 3256.24 88389.8 61546.7 346.942 5e-101 61784.6 283635 596120 16.9459 5e-101 13798.3 1487.47 5e-101 5e-101 1683.62 444.869 5e-101 5e-101 9469.03 153710 171809 256.328 5e-101 7225.73 161053 413022 1423.34 5e-101 9.00858e-10 6.70794e-10 5e-101
$catchByGroup
0 0 1.04888e-09 949.176 0 72.2314 469169 291689 5.93631e-10 0 196.955 159205 53738.2 8.90446e-10 0 5.52194e-10 7.86661e-10 0 0 0 543.279 0 0 0 2.25239e-08 321764 3.27367e-09 0 1.86014e-10 53176.8 3.94425e-09 2.08324e-09 0 3.69245e-09 1.5777e-09 0 0 0 9.20504e-10 0 0 45.2455 142496 446765 5326.33 0 88.7208 121809 105303 648.265 0 998.959 6.13669e-10 0 0 0 6.30282e-11 0 0 1.51753 6762.61 13616.4 134.532 0 28.794 21700.6 131884 6.57103 0 1055.69 329.083 0 0 29.3424 15.9442 0 0 1.64748 2678.87 6157.67 12.7528 0 1.25718 2806.84 14802.8 70.8138 0 1.57002e-11 2.40414e-11 0 
0 0 1.72392e-10 160.977 0 9.83645 72305.1 47941.5 1.00678e-10 0 26.8213 24535.5 8832.3 1.51016e-10 0 8.51003e-11 1.29294e-10 0 0 0 61.3984 0 0 0 2.37815e-09 36364 3.82456e-10 0 1.72367e-11 5614.58 4.45757e-10 2.43381e-10 0 3.8986e-10 1.78303e-10 0 0 0 1.58919e-10 0 0 6.21796 22766.2 77131.1 954.749 0 12.1926 19461.1 18179.9 116.202 0 159.601 1.05946e-10 0 0 0 1.04059e-09 0 0 43.7518 133785 224806 2041.58 0 830.158 429305 2.17739e+06 99.7184 0 20884.8 5433.14 0 0 223.89 119.23 0 0 13.0514 20440.5 46046.7 94.4148 0 9.95939 21417 110695 524.269 0 1.19797e-10 1.7978e-10 0 
0 0 1.19949e-11 11.257 0 0.66506 4980.52 3335.74 7.04033e-12 0 1.81344 1690.06 614.546 1.05605e-11 0 5.86187e-12 8.99619e-12 0 0 0 6.63857 0 0 0 2.55438e-10 3931.78 4.14889e-11 0 1.82895e-12 603.064 4.81965e-11 2.6402e-11 0 4.1875e-11 1.92786e-11 0 0 0 5.82132e-12 0 0 0.219559 823.266 2825.37 35.1981 0 0.430528 703.749 665.942 4.28394 0 5.77147 3.88088e-12 0 0 0 3.3942e-11 0 0 0.808753 3628.5 7332.71 72.5803 0 15.3455 11643.5 71022.1 3.54509 0 566.435 177.218 0 0 721.58 363.324 0 0 46.8942 65878 140316 279.99 0 35.7846 69025.2 337314 1554.74 0 3.86097e-10 5.47837e-10 0 
$Fmort
 0.230211 0.242741 0.0776022
#ESTIMATED_PARAMETERS
$availability
1.48515 1.49041 1.82307 0.146338 0.0550396 
0.191422 0.130699 0.23702 4.0271 0.413765 
0.0404721 0.0433719 0.0261694 0.231335 4.65865 
$availabilityVector
 1.48515 0.191422 0.0404721 1.49041 0.130699 0.0433719 1.82307 0.23702 0.0261694 0.146338 4.0271 0.231335 0.0550396 0.413765 4.65865
$selectivity
 0.0136438 0.875942 1.34529 1.5798 1.18532
$RunSize
 0 0 2.8449e-09 2274.41 0 15520.5 1.81287e+06 791156 1.42245e-09 0 42320.2 615168 145755 2.13368e-09 0 2.13368e-09 2.13368e-09 0 0 0 1469.46 0 0 0 8.67696e-08 870307 7.82349e-09 0 3.98287e-08 204855 1.06684e-08 4.97858e-09 0 1.42245e-08 4.26736e-09 0 0 0 2.13368e-09 0 0 7924.19 463215 1.03558e+06 10988.7 0 15538.3 395968 244087 1337.42 0 3247.35 1.42245e-09 0 0 0 1.42245e-09 0 0 3302.31 232566 307302 2595.64 0 62658.9 746283 2.97642e+06 126.78 0 36305.2 7426.92 0 0 2658.44 943.366 0 0 9530.62 242707 364329 643.486 0 7272.74 254302 875833 3573.16 0 1.42245e-09 1.42245e-09 0
