$ndistricts
3
$ngroups
90
$nstocks
5
$nagecomps
18
$AgeCompLabels
 0.1 0.2 0.3 0.4 0.5 1.1 1.2 1.3 1.4 1.5 2.1 2.2 2.3 2.4 3.1 3.2 3.3 3.4
$navailpar
15
$nselectpar
5
$GENdata
 -1 -1 -1
$maxGradient
2.8495e-06
#LIKELIHOOD_VALUES_AND_PENALTIES
$totalNLL
554.19
$NLLcatch
0.677374
$NLLescape
-6.90433
$NLLagecompCatch
265.466
$NLLagecompEsc
294.951
$NLLgenetics
0
$NLLselOne
1.30874e-16
$NLLavailOne
1.9451e-09
$NLLextra
3.02614e-10
$sigmaCat
0.5
$sigmaEsc
0.1
#OBSERVED_AND_PREDICTED_VALUES
$predEsc
 1.08564e+06 684392 1.84596e+06 973981 859038
$obsEsc
 1.09535e+06 680850 1.83036e+06 968872 866368
$predCatch
 2.31056e+06 2.87266e+06 480509
$obsCatch
 2.31056e+06 2.87266e+06 480509
$RunSize
 0 0 0 0 0 1.23296e-09 151950 1.4712e+06 6247.27 1.84944e-09 1.23296e-09 22083.1 89587.4 1.84944e-09 0 1.23296e-09 1.23296e-09 0 0 0 0 0 0 11408.4 8.63073e-09 1.05082e+06 1.29461e-08 3.0824e-09 7.9526e-08 2.09603e-08 6.7258e-07 2.03439e-08 0 5.54833e-09 6.16481e-09 0 0 0 0 0 0 1.23296e-09 52302.1 3.10506e+06 45203 2.46592e-09 6567.68 21642.6 89670.7 1141.56 0 1.84944e-09 1.84944e-09 0 0 0 0 0 0 1.23296e-09 16983.4 1.37388e+06 18536.7 4.31536e-09 18680.4 538989 1.52954e+06 21705.4 2437.84 11238.5 7775.64 0 0 0 0 0 0 1217.29 280251 1.03661e+06 31064.8 96.0991 2821.65 31392.9 62193.8 2340.35 0 1.23296e-09 94.737 0
$SSageCompEsc
 1305 0 1378 1242 1357
$obsAgeCompEsc
0 0 0 0 0 0 0.099823 0.832981 0.00310365 0 0 0.0132323 0.0508602 0 0 0 0 0 
0 0 0 0 0 0.000258602 0.462782 0.40656 0.00654437 0 0 0.027621 0.0962343 0 0 0 0 0 
0 0 0 0 0 0 0.0216509 0.926803 0.0132883 0 0.00353228 0.00751432 0.0269132 0.000297521 0 0 0 0 
0 0 0 0 0 0 0.00673879 0.380036 0.0042851 0 0.0181174 0.136347 0.441869 0.00451833 0.00242344 0.00349355 0.0021714 0 
0 0 0 0 0 0.00141654 0.182145 0.754829 0.000817825 0 0.00317286 0.0100871 0.0475324 0 0 0 0 0 
$predAgeCompEsc
0 0 0 0 0 1.11029e-15 0.0852197 0.848074 0.00267845 2.12214e-16 1.11029e-15 0.0123851 0.0516426 7.92928e-16 0 6.91494e-16 7.1074e-16 0 
0 0 0 0 0 0.0163093 7.87561e-15 0.983691 9.23599e-15 7.62294e-16 1.13689e-13 1.91265e-14 6.29616e-13 1.45137e-14 0 5.0629e-15 5.771e-15 0 
0 0 0 0 0 6.49651e-16 0.0152614 0.938346 0.00928401 3.10433e-17 0.00346053 0.00631517 0.0270984 0.000234458 0 5.39655e-16 5.58899e-16 0 
0 0 0 0 0 1.19261e-15 0.00444074 0.390429 0.0018242 -6.08101e-16 0.018069 0.140932 0.434663 0.00213603 0.00235806 0.00293857 0.00220968 0 
0 0 0 0 0 0.00138439 0.189735 0.724613 0.0151245 -6.40372e-12 0.00320897 0.0212536 0.0434748 0.00113944 0 8.34739e-16 6.62232e-05 0 
$SSageCompCatch
 6821 7359 2752
$obsAgeCompCatch
0 0 0 0 0 0.000193081 0.0120257 0.914141 0.00827263 0 3.02412e-05 0.0109923 0.0536756 0.000669433 0 0 0 0 
0 0 0 0 0 0 0.00910059 0.487552 0.00400378 0 0.000427337 0.1285 0.362866 0.00332633 0 0.00254907 0.00167501 0 
0 0 0 0 0 0 0.184218 0.629255 0.0429667 0.000141885 0.000141885 0.0604229 0.0770061 0.00496022 0 0.000190949 0.000695748 0 
$predAgeCompCatch
0 0 0 0 0 9.72049e-05 0.0329718 0.88517 0.0121792 1.86794e-06 8.46268e-05 0.0162399 0.0521169 0.000819578 2.0496e-06 0.000191045 0.000126086 0 
0 0 0 0 0 9.7635e-06 0.0191791 0.466693 0.00875061 1.02547e-05 0.000371798 0.131458 0.362586 0.00638067 4.6782e-05 0.00269616 0.00181681 0 
0 0 0 0 0 4.54904e-05 0.171076 0.671927 0.0269685 0.000129706 0.000130311 0.038132 0.0878146 0.00306354 4.19104e-06 0.000394934 0.000314044 0 
$genSS
 -1 -1 -1
$obsGenComp     #GeneticFracData
0 0 0 0 0 
0 0 0 0 0 
0 0 0 0 0 
$predGenComp     #catchGenComp_pred
0 0 0 0 0 
0 0 0 0 0 
0 0 0 0 0 
#PARAMETERS_OF_INTEREST
$catchByGroup
0 0 0 
0 0 0 
0 0 0 
0 0 0 
0 0 0 
2.40927e-11 3.31876e-12 1.7825e-13 
50770.9 8209.6 452.043 
470850 75502.2 4151.79 
2820.15 491.879 27.4214 
1.31421e-09 2.88124e-10 1.67249e-11 
2.40927e-11 3.31876e-12 1.7825e-13 
7378.6 1193.11 65.696 
28671.9 4597.63 252.819 
8.34877e-10 1.45616e-10 8.11782e-12 
0 0 0 
4.11968e-10 6.66148e-11 3.66799e-12 
3.94602e-10 6.32756e-11 3.47946e-12 
0 0 0 
0 0 0 
0 0 0 
0 0 0 
0 0 0 
0 0 0 
223.708 20.9758 1.76749 
2.89203e-09 3.21178e-10 2.75127e-11 
337282 37127.7 3177.6 
5.8592e-09 7.04973e-10 6.08867e-11 
2.19425e-09 3.36587e-10 2.98623e-11 
1.55942e-09 1.46219e-10 1.23208e-11 
7.0235e-09 7.80005e-10 6.68165e-11 
2.15879e-07 2.37637e-08 2.03384e-09 
9.20731e-09 1.10781e-09 9.5679e-11 
0 0 0 
1.85916e-09 2.06472e-10 1.76867e-11 
1.97872e-09 2.17816e-10 1.86419e-11 
0 0 0 
0 0 0 
0 0 0 
0 0 0 
0 0 0 
0 0 0 
2.95084e-11 4.108e-12 1.1526e-13 
20553.4 3476.09 100.662 
1.17115e+06 196089 5668.76 
23572 4364.68 128.393 
1.9277e-09 4.66475e-10 1.44423e-11 
157.184 21.8823 0.613961 
8505 1438.41 41.6539 
33821.6 5662.83 163.708 
595.287 110.226 3.24244 
0 0 0 
7.26784e-10 1.22917e-10 3.55948e-12 
6.97565e-10 1.16795e-10 3.37644e-12 
0 0 0 
0 0 0 
0 0 0 
0 0 0 
0 0 0 
0 0 0 
2.39513e-12 6.79683e-11 1.01851e-12 
667.068 11704.4 286.777 
51237.7 920359 22014.5 
1064.86 15234.8 460.281 
4.96298e-10 4.19299e-09 2.18359e-10 
36.2882 1029.78 15.4313 
21170.2 371453 9101.21 
57042.8 1.02463e+06 24508.7 
1246.89 17839.1 538.964 
4.73572 134.389 2.01383 
441.42 7745.17 189.77 
289.986 5208.88 124.594 
0 0 0 
0 0 0 
0 0 0 
0 0 0 
0 0 0 
0 0 0 
0.88993 7.0714 20.091 
4191.92 31704.9 81364.2 
14713 111574 287854 
683.609 5046.17 12342.5 
4.31599 29.4583 62.3247 
2.06283 16.3913 46.5704 
469.567 3551.5 9114.19 
882.737 6694.11 17270.5 
51.5014 380.166 929.852 
0 0 0 
1.84423e-11 1.39485e-10 3.57961e-10 
1.34463 10.1968 26.3073 
0 0 0 
$escByGroup
 5e-101 5e-101 5e-101 5e-101 5e-101 1.20537e-09 92517.6 920699 2907.82 2.30387e-10 1.20537e-09 13445.7 56065 8.60831e-10 5e-101 7.50711e-10 7.71604e-10 5e-101 5e-101 5e-101 5e-101 5e-101 5e-101 11162 5.39001e-09 673230 6.32103e-09 5.21708e-10 7.7808e-08 1.309e-08 4.30904e-07 9.93305e-09 5e-101 3.46501e-09 3.94962e-09 5e-101 5e-101 5e-101 5e-101 5e-101 5e-101 1.19923e-09 28171.9 1.73215e+06 17137.9 5.73046e-11 6388 11657.6 50022.6 432.8 5e-101 9.96181e-10 1.03171e-09 5e-101 5e-101 5e-101 5e-101 5e-101 5e-101 1.16158e-09 4325.19 380270 1776.73 1.68839e-191 17598.9 137265 423354 2080.46 2296.71 2862.12 2152.18 5e-101 5e-101 5e-101 5e-101 5e-101 5e-101 1189.24 162990 622470 12992.6 1.81784e-195 2756.62 18257.7 37346.5 978.826 5e-101 7.17073e-10 56.8883 5e-101
$catchByGroup
0 0 0 0 0 2.40927e-11 50770.9 470850 2820.15 1.31421e-09 2.40927e-11 7378.6 28671.9 8.34877e-10 0 4.11968e-10 3.94602e-10 0 0 0 0 0 0 223.708 2.89203e-09 337282 5.8592e-09 2.19425e-09 1.55942e-09 7.0235e-09 2.15879e-07 9.20731e-09 0 1.85916e-09 1.97872e-09 0 0 0 0 0 0 2.95084e-11 20553.4 1.17115e+06 23572 1.9277e-09 157.184 8505 33821.6 595.287 0 7.26784e-10 6.97565e-10 0 0 0 0 0 0 2.39513e-12 667.068 51237.7 1064.86 4.96298e-10 36.2882 21170.2 57042.8 1246.89 4.73572 441.42 289.986 0 0 0 0 0 0 0.88993 4191.92 14713 683.609 4.31599 2.06283 469.567 882.737 51.5014 0 1.84423e-11 1.34463 0 
0 0 0 0 0 3.31876e-12 8209.6 75502.2 491.879 2.88124e-10 3.31876e-12 1193.11 4597.63 1.45616e-10 0 6.66148e-11 6.32756e-11 0 0 0 0 0 0 20.9758 3.21178e-10 37127.7 7.04973e-10 3.36587e-10 1.46219e-10 7.80005e-10 2.37637e-08 1.10781e-09 0 2.06472e-10 2.17816e-10 0 0 0 0 0 0 4.108e-12 3476.09 196089 4364.68 4.66475e-10 21.8823 1438.41 5662.83 110.226 0 1.22917e-10 1.16795e-10 0 0 0 0 0 0 6.79683e-11 11704.4 920359 15234.8 4.19299e-09 1029.78 371453 1.02463e+06 17839.1 134.389 7745.17 5208.88 0 0 0 0 0 0 7.0714 31704.9 111574 5046.17 29.4583 16.3913 3551.5 6694.11 380.166 0 1.39485e-10 10.1968 0 
0 0 0 0 0 1.7825e-13 452.043 4151.79 27.4214 1.67249e-11 1.7825e-13 65.696 252.819 8.11782e-12 0 3.66799e-12 3.47946e-12 0 0 0 0 0 0 1.76749 2.75127e-11 3177.6 6.08867e-11 2.98623e-11 1.23208e-11 6.68165e-11 2.03384e-09 9.5679e-11 0 1.76867e-11 1.86419e-11 0 0 0 0 0 0 1.1526e-13 100.662 5668.76 128.393 1.44423e-11 0.613961 41.6539 163.708 3.24244 0 3.55948e-12 3.37644e-12 0 0 0 0 0 0 1.01851e-12 286.777 22014.5 460.281 2.18359e-10 15.4313 9101.21 24508.7 538.964 2.01383 189.77 124.594 0 0 0 0 0 0 20.091 81364.2 287854 12342.5 62.3247 46.5704 9114.19 17270.5 929.852 0 3.57961e-10 26.3073 0 
$Fmort
 0.357199 0.378518 0.0960333
#ESTIMATED_PARAMETERS
$availability
1.48515 1.49041 1.82307 0.146338 0.0550396 
0.191422 0.130699 0.23702 4.0271 0.413765 
0.0404721 0.0433719 0.0261694 0.231335 4.65865 
$availabilityVector
 1.48515 0.191422 0.0404721 1.49041 0.130699 0.0433719 1.82307 0.23702 0.0261694 0.146338 4.0271 0.231335 0.0550396 0.413765 4.65865
$selectivity
 0.0371992 0.766564 0.727108 1.13182 2.33731
$RunSize
 0 0 0 0 0 1.23296e-09 151950 1.4712e+06 6247.27 1.84944e-09 1.23296e-09 22083.1 89587.4 1.84944e-09 0 1.23296e-09 1.23296e-09 0 0 0 0 0 0 11408.4 8.63073e-09 1.05082e+06 1.29461e-08 3.0824e-09 7.9526e-08 2.09603e-08 6.7258e-07 2.03439e-08 0 5.54833e-09 6.16481e-09 0 0 0 0 0 0 1.23296e-09 52302.1 3.10506e+06 45203 2.46592e-09 6567.68 21642.6 89670.7 1141.56 0 1.84944e-09 1.84944e-09 0 0 0 0 0 0 1.23296e-09 16983.4 1.37388e+06 18536.7 4.31536e-09 18680.4 538989 1.52954e+06 21705.4 2437.84 11238.5 7775.64 0 0 0 0 0 0 1217.29 280251 1.03661e+06 31064.8 96.0991 2821.65 31392.9 62193.8 2340.35 0 1.23296e-09 94.737 0
