$ndistricts
3
$ngroups
90
$nstocks
5
$nagecomps
18
$AgeCompLabels
 0.1 0.2 0.3 0.4 0.5 1.1 1.2 1.3 1.4 1.5 2.1 2.2 2.3 2.4 3.1 3.2 3.3 3.4
$navailpar
15
$nselectpar
5
$GENdata
 1 1 1
$maxGradient
0.0905515
#LIKELIHOOD_VALUES_AND_PENALTIES
$totalNLL
875.336
$NLLcatch
0.677374
$NLLescape
-6.91805
$NLLagecompCatch
348.293
$NLLagecompEsc
298.016
$NLLgenetics
235.269
$NLLselOne
1.39196e-07
$NLLavailOne
2.76813e-07
$NLLextra
4.4e-198
$sigmaCat
0.5
$sigmaEsc
0.1
#OBSERVED_AND_PREDICTED_VALUES
$predEsc
 957215 248789 1.34968e+06 849827 471905
$obsEsc
 957120 248700 1.3496e+06 849576 472770
$predCatch
 2.2437e+06 1.10393e+06 576768
$obsCatch
 2.2437e+06 1.10394e+06 576768
$RunSize
 0 1523.61 0 0 0 0 967589 0.0346598 5757.89 0 845792 198306 56227.2 0 0 0.000108764 0.000129623 0 0 0.000132936 0 0 0 4251.66 115449 321633 0 0 7.67987e-06 272878 8159.01 0 0 2.20452e-07 1.48859e-06 0 0 3.03175e-08 107.218 0 0 0 1.02041e+06 219640 93.2779 0 4135.16 506297 96263.5 0 0 1585.08 1.18438e-05 0 0 2.63715e-05 0 0 0 0 203423 147522 84.0144 0 377.959 1.18583e+06 276085 0 0 27241.7 73957.6 0 0 2.59865e-09 0 0 0 64.2655 890882 57789.2 0 0 5626.88 236427 50414.8 0 0 3.76804e-08 3.5028e-05 0
$SSageCompEsc
 0 45 1895 0 2073
$obsAgeCompEsc
0 0 0 0 0 0 0.180856 0.0313443 0.00178437 0 0.00116595 0.607557 0.177254 0 0 3.90323e-05 0 0 
0 0 0 0 0 0.017094 0.188034 0.34188 0 0 0 0.444444 0.00854701 0 0 0 0 0 
0 0 6.90521e-05 0 0 0 0.563303 0.106864 6.90521e-05 0 0.00306307 0.279426 0.0462677 0 0 0.000938967 0 0 
0 0 0 0 0 0 0.0261073 0.0361511 0.000100236 0 0.00107332 0.687699 0.218152 0 0 0.0240596 0.00665727 0 
0 0 0 0 0 0.000136092 0.754479 0.0130918 0 0 0.011904 0.193491 0.0268991 0 0 0 0 0 
$predAgeCompEsc
0 0.000144857 0 0 0 0 0.0919935 3.57878e-12 0.00601504 0 0.882987 0.0188539 5.8057e-06 0 0 1.03407e-11 1.33841e-14 0 
0 2.17335e-10 0 0 0 0.0170845 0.188745 0.339435 0 0 3.08602e-11 0.446125 0.00861059 0 0 3.60414e-13 1.57098e-12 0 
0 1.676e-14 5.15742e-05 0 0 0 0.564095 0.105652 6.91109e-05 0 0.00306352 0.279888 0.0463049 0 0 0.000876256 5.69711e-12 0 
0 1.51468e-11 0 0 0 0 0.116839 0.0551099 9.88596e-05 0 0.000444655 0.681095 0.103137 0 0 0.0156466 0.0276284 0 
0 2.18091e-15 0 0 0 0.000136151 0.747671 0.0223521 0 0 0.0119209 0.19842 0.0194998 0 0 3.16231e-14 1.35484e-11 0 
$SSageCompCatch
 2817 1158 513
$obsAgeCompCatch
0 0.00064708 0 0 0 0 0.556451 0.139679 0 0 0.000269857 0.246195 0.054784 0 0 0.000624923 0.00134929 0 
0 0 0 0 0 0 0.216912 0.0863788 0 0 0 0.489157 0.152436 0 0 0.0118485 0.0432678 0 
0 0 0 0 0 0 0.639665 0.0770206 0 0 0 0.228455 0.0548594 0 0 0 0 0 
$predAgeCompCatch
0 0.000596086 1.63186e-05 0 0 5.39498e-07 0.551391 0.145585 8.88924e-08 0 0.000256563 0.243961 0.054294 0 0 0.000930361 0.00296819 0 
0 4.07026e-05 6.0007e-07 0 0 1.19438e-08 0.218254 0.088788 3.26367e-09 0 7.7283e-06 0.494441 0.150715 0 0 0.0104895 0.0372631 0 
0 4.47844e-06 5.77131e-07 0 0 2.14578e-08 0.643533 0.0650055 3.44228e-10 0 2.46258e-06 0.220684 0.0649397 0 0 0.00117898 0.00465093 0 
$genSS
 334 295 258
$obsGenComp     #GeneticFracData
0.476417 0.211437 0.216498 0.06083 0.0348178 
0.0336296 0.00595839 0.00767522 0.794789 0.157948 
0.00371822 0.00150739 0.00713496 0.0973771 0.890262 
$predGenComp     #catchGenComp_pred
0.480905 0.207783 0.216717 0.0592517 0.0353434 
0.0333854 0.00580771 0.00759759 0.795807 0.157402 
0.00367493 0.0016768 0.00730441 0.0922917 0.895052 
#PARAMETERS_OF_INTEREST
$catchByGroup
0 0 0 
1337.44 44.933 2.58302 
0 0 0 
0 0 0 
0 0 0 
0 0 0 
849356 28535.2 1640.38 
0.0330792 0.00149096 8.62748e-05 
0.198923 0.00283272 0.000160565 
0 0 0 
575.147 8.19285 0.464391 
174074 5848.24 336.192 
53663 2418.72 139.96 
0 0 0 
0 0 0 
9.54735e-05 3.20756e-06 1.8439e-07 
0.000123711 5.57596e-06 3.22655e-07 
0 0 0 
0 0 0 
7.77405e-05 9.77509e-07 1.47333e-07 
0 0 0 
0 0 0 
0 0 0 
1.20915 0.010154 0.00152566 
67513.9 848.92 127.952 
233194 3467.9 523.46 
0 0 0 
0 0 0 
2.1841e-09 1.83414e-11 2.75583e-12 
159578 2006.54 302.432 
5915.54 87.9716 13.2788 
0 0 0 
0 0 0 
1.28919e-07 1.62103e-09 2.44328e-10 
1.07928e-06 1.60502e-08 2.42269e-09 
0 0 0 
0 0 0 
7.50522e-09 1.27651e-10 6.41122e-11 
36.614 0.662438 0.332871 
0 0 0 
0 0 0 
0 0 0 
252605 4296.38 2157.84 
75005.2 1357.03 681.898 
0.000436026 6.46831e-06 3.24527e-06 
0 0 0 
0.380575 0.00564594 0.00283268 
125336 2131.74 1070.66 
32873.2 594.757 298.862 
0 0 0 
0 0 0 
392.393 6.67393 3.35196 
4.04455e-06 7.31758e-08 3.67704e-08 
0 0 0 
0 0 0 
1.64091e-06 1.12034e-05 6.55032e-07 
0 0 0 
0 0 0 
0 0 0 
0 0 0 
12657.6 86420.3 5052.77 
13284 82053.1 5350.74 
8.87046e-05 0.000763683 3.47295e-05 
0 0 0 
0.00785715 0.0676394 0.00307624 
73785.8 503775 29454.4 
24860.9 153561 10013.8 
0 0 0 
0 0 0 
1695.06 11573.1 676.647 
6659.73 41136 2682.51 
0 0 0 
0 0 0 
1.60503e-10 3.52476e-10 1.05649e-09 
0 0 0 
0 0 0 
0 0 0 
0.0013258 0.00303122 0.0108505 
55024.4 120838 362190 
5165.98 11138.1 30937 
0 0 0 
0 0 0 
0.116083 0.265403 0.950034 
14602.6 32068.5 96119.8 
4506.76 9716.78 26989.2 
0 0 0 
0 0 0 
2.32729e-09 5.1109e-09 1.5319e-08 
3.13128e-06 6.75118e-06 1.8752e-05 
0 0 0 
$escByGroup
 5e-101 138.66 5e-101 5e-101 5e-101 5e-101 88057.5 3.42566e-06 5757.69 5e-101 845208 18047.2 5.55731 5e-101 5e-101 9.89827e-06 1.28115e-08 5e-101 5e-101 5.40706e-05 5e-101 5e-101 5e-101 4250.44 46957.7 84447.5 5e-101 5e-101 7.67766e-06 110991 2142.22 5e-101 5e-101 8.96669e-08 3.90842e-07 5e-101 5e-101 2.26206e-08 69.6086 5e-101 5e-101 5e-101 761346 142596 93.2774 5e-101 4134.77 377759 62496.7 5e-101 5e-101 1182.66 7.68927e-06 5e-101 5e-101 1.28722e-05 5e-101 5e-101 5e-101 5e-101 99292.7 46833.9 84.0135 5e-101 377.88 578813 87649 5e-101 5e-101 13296.9 23479.4 5e-101 5e-101 1.02918e-09 5e-101 5e-101 5e-101 64.2502 352830 10548.1 5e-101 5e-101 5625.55 93635.6 9202.06 5e-101 5e-101 1.49231e-08 6.39356e-06 5e-101
$catchByGroup
0 1337.44 0 0 0 0 849356 0.0330792 0.198923 0 575.147 174074 53663 0 0 9.54735e-05 0.000123711 0 0 7.77405e-05 0 0 0 1.20915 67513.9 233194 0 0 2.1841e-09 159578 5915.54 0 0 1.28919e-07 1.07928e-06 0 0 7.50522e-09 36.614 0 0 0 252605 75005.2 0.000436026 0 0.380575 125336 32873.2 0 0 392.393 4.04455e-06 0 0 1.64091e-06 0 0 0 0 12657.6 13284 8.87046e-05 0 0.00785715 73785.8 24860.9 0 0 1695.06 6659.73 0 0 1.60503e-10 0 0 0 0.0013258 55024.4 5165.98 0 0 0.116083 14602.6 4506.76 0 0 2.32729e-09 3.13128e-06 0 
0 44.933 0 0 0 0 28535.2 0.00149096 0.00283272 0 8.19285 5848.24 2418.72 0 0 3.20756e-06 5.57596e-06 0 0 9.77509e-07 0 0 0 0.010154 848.92 3467.9 0 0 1.83414e-11 2006.54 87.9716 0 0 1.62103e-09 1.60502e-08 0 0 1.27651e-10 0.662438 0 0 0 4296.38 1357.03 6.46831e-06 0 0.00564594 2131.74 594.757 0 0 6.67393 7.31758e-08 0 0 1.12034e-05 0 0 0 0 86420.3 82053.1 0.000763683 0 0.0676394 503775 153561 0 0 11573.1 41136 0 0 3.52476e-10 0 0 0 0.00303122 120838 11138.1 0 0 0.265403 32068.5 9716.78 0 0 5.1109e-09 6.75118e-06 0 
0 2.58302 0 0 0 0 1640.38 8.62748e-05 0.000160565 0 0.464391 336.192 139.96 0 0 1.8439e-07 3.22655e-07 0 0 1.47333e-07 0 0 0 0.00152566 127.952 523.46 0 0 2.75583e-12 302.432 13.2788 0 0 2.44328e-10 2.42269e-09 0 0 6.41122e-11 0.332871 0 0 0 2157.84 681.898 3.24527e-06 0 0.00283268 1070.66 298.862 0 0 3.35196 3.67704e-08 0 0 6.55032e-07 0 0 0 0 5052.77 5350.74 3.47295e-05 0 0.00307624 29454.4 10013.8 0 0 676.647 2682.51 0 0 1.05649e-09 0 0 0 0.0108505 362190 30937 0 0 0.950034 96119.8 26989.2 0 0 1.5319e-08 1.8752e-05 0 
$Fmort
 0.553337 0.120726 0.0899887
#ESTIMATED_PARAMETERS
$availability
3.09731 1.2951 0.419074 0.0946559 0.093935 
0.202156 0.0498416 0.0284943 3.73514 0.984379 
0.0153725 0.0100467 0.0191792 0.227878 4.72751 
$availabilityVector
 3.09731 0.202156 0.0153725 1.2951 0.0498416 0.0100467 0.419074 0.0284943 0.0191792 0.0946559 3.73514 0.227878 0.093935 0.984379 4.72751
$selectivity
 0.000396906 1.22656 1.80163 2.01583e-05 1.97145
$RunSize
 0 1523.61 0 0 0 0 967589 0.0346598 5757.89 0 845792 198306 56227.2 0 0 0.000108764 0.000129623 0 0 0.000132936 0 0 0 4251.66 115449 321633 0 0 7.67987e-06 272878 8159.01 0 0 2.20452e-07 1.48859e-06 0 0 3.03175e-08 107.218 0 0 0 1.02041e+06 219640 93.2779 0 4135.16 506297 96263.5 0 0 1585.08 1.18438e-05 0 0 2.63715e-05 0 0 0 0 203423 147522 84.0144 0 377.959 1.18583e+06 276085 0 0 27241.7 73957.6 0 0 2.59865e-09 0 0 0 64.2655 890882 57789.2 0 0 5626.88 236427 50414.8 0 0 3.76804e-08 3.5028e-05 0
