$ndistricts
3
$ngroups
90
$nstocks
5
$nagecomps
18
$AgeCompLabels
 0.1 0.2 0.3 0.4 0.5 1.1 1.2 1.3 1.4 1.5 2.1 2.2 2.3 2.4 3.1 3.2 3.3 3.4
$navailpar
15
$nselectpar
5
$GENdata
 -1 -1 -1
$maxGradient
6.82583e-06
#LIKELIHOOD_VALUES_AND_PENALTIES
$totalNLL
1059.94
$NLLcatch
0.677374
$NLLescape
-6.59458
$NLLagecompCatch
404.243
$NLLagecompEsc
661.618
$NLLgenetics
0
$NLLselOne
2.46588e-16
$NLLavailOne
1.9451e-09
$NLLextra
3.5e-198
$sigmaCat
0.5
$sigmaEsc
0.1
#OBSERVED_AND_PREDICTED_VALUES
$predEsc
 2.39113e+06 194277 1.06553e+06 341568 71985.6
$obsEsc
 2.55744e+06 193872 1.02322e+06 338654 70896
$predCatch
 1.21686e+06 671554 82457
$obsCatch
 1.21686e+06 671554 82457
$RunSize
 0 0 3.75835e-09 0 0 19128.2 1.84982e+06 64889.4 4.10002e-09 0 89232.4 748140 433705 3.75835e-09 0 7245.09 1873.76 0 0 0 6.83337e-10 0 0 7166.65 82492.7 128127 6.83337e-10 0 1589.06 26148.4 19067.3 6.83337e-10 0 686.474 6.83337e-10 0 0 0 2.05001e-09 0 0 11233.2 295870 358697 1364.59 0 30026.8 605481 261577 1.70834e-09 0 5680.37 2968.42 0 0 0 1.36667e-09 0 0 6.83337e-10 51672.5 72391.8 1.02501e-09 0 5051.31 434694 261869 6.83337e-10 0 23354.4 7185.13 0 0 0 86.7755 0 0 6.83337e-10 16092.5 18340.8 67.498 0 9046.83 65853.3 17173.9 226.651 0 6.83337e-10 36.2645 0
$SSageCompEsc
 2211 392 2668 635 505
$obsAgeCompEsc
0 0 0 0 0 0.007627 0.655261 0.0145843 0 0 0.0326109 0.182198 0.105089 0 0 0.00262919 0 0 
0 0 0 0 0 0.0365274 0.326088 0.457628 0 0 0.0080462 0.100497 0.0684903 0 0 0.00272251 0 0 
0 0 0 0 0 0.010952 0.223225 0.200272 0.00114467 0 0.0280683 0.380417 0.150877 0 0 0.00425878 0.000784162 0 
0 0 0 0 0 0 0.0733511 0.0774798 0 0 0.0145969 0.53706 0.257572 0 0 0.0339352 0.00600544 0 
0 0 0 0 0 0 0.131221 0.139758 0.000426318 0 0.125591 0.463974 0.136339 0.0022638 0 0 0.000426318 0 
$predAgeCompEsc
0 0 1.08236e-15 0 0 0.00787905 0.576017 0.0186874 1.39503e-15 0 0.0367555 0.232964 0.124902 1.27878e-15 0 0.00225605 0.000539621 0 
0 0 2.46529e-15 0 0 0.0363524 0.320344 0.462246 2.8863e-15 0 0.00806042 0.101542 0.0687896 2.8863e-15 0 0.00266578 2.46529e-15 0 
0 0 1.21364e-15 0 0 0.0103486 0.193116 0.212355 0.00099413 0 0.0276622 0.3952 0.154858 1.24456e-15 0 0.0037076 0.00175736 0 
0 0 1.36267e-15 0 0 1.91826e-15 0.0654243 0.0721795 1.682e-15 0 0.01418 0.550381 0.261101 1.12133e-15 0 0.0295698 0.00716406 0 
0 0 0.000572792 0 0 9.22911e-15 0.125648 0.121065 0.000631632 0 0.122186 0.514174 0.113363 0.00212095 0 5.3354e-15 0.000239377 0 
$SSageCompCatch
 2697 2953 1838
$obsAgeCompCatch
0 0 0 0 0 5.67151e-05 0.285885 0.170515 0.000137061 0 0.00429146 0.335412 0.198199 0 0 0.00233744 0.00316568 0 
0 0 0 0 0 0 0.133535 0.104217 0 0 6.46914e-05 0.414692 0.31835 0 0 0.0188024 0.0103379 0 
0 0 0.00103977 0 0 0 0.172967 0.117432 0.00049776 0 0.00119462 0.545039 0.158724 0.000644934 0 0.00246115 0 0 
$predAgeCompCatch
0 0 8.04357e-07 0 0 0.000428228 0.409063 0.136173 0.000215315 0 0.00137231 0.276311 0.172005 1.19284e-06 0 0.0030845 0.00134585 0 
0 0 1.16942e-05 0 0 0.00010585 0.158563 0.105481 6.68438e-05 0 0.00070137 0.422797 0.286535 1.76546e-05 0 0.0189126 0.00680779 0 
0 0 0.000445209 0 0 8.43859e-05 0.181491 0.142859 0.000248036 0 0.00289409 0.452117 0.209715 0.000735721 0 0.00665816 0.0027531 0 
$genSS
 -1 -1 -1
$obsGenComp     #GeneticFracData
0 0 0 0 0 
0 0 0 0 0 
0 0 0 0 0 
$predGenComp     #catchGenComp_pred
0 0 0 0 0 
0 0 0 0 0 
0 0 0 0 0 
#PARAMETERS_OF_INTEREST
$catchByGroup
0 0 0 
0 0 0 
9.91e-10 1.61373e-10 1.79152e-11 
0 0 0 
0 0 0 
248.638 35.849 3.90637 
401640 63795 7054.89 
17110 2786.16 309.313 
6.52589e-10 1.00655e-10 1.10807e-11 
0 0 0 
1159.89 167.234 18.2231 
162439 25801.2 2853.27 
114359 18622 2067.37 
5.98207e-10 9.22668e-11 1.01573e-11 
0 0 0 
1573.08 249.863 27.6315 
494.072 80.4538 8.93179 
0 0 0 
0 0 0 
0 0 0 
1.80726e-10 2.01722e-11 3.4901e-12 
0 0 0 
0 0 0 
93.4827 9.17337 1.56843 
17967 1953.26 337.109 
33886.5 3782.33 654.401 
1.09117e-10 1.14993e-11 1.97891e-12 
0 0 0 
20.728 2.03401 0.347768 
5695.14 619.141 106.856 
5042.85 562.871 97.3852 
1.09117e-10 1.14993e-11 1.97891e-12 
0 0 0 
149.515 16.2543 2.8053 
1.80726e-10 2.01722e-11 3.4901e-12 
0 0 0 
0 0 0 
0 0 0 
6.42093e-10 1.08425e-10 6.32391e-12 
0 0 0 
0 0 0 
178.972 26.0618 1.4834 
76788.3 12582 730.12 
112349 18971.6 1106.52 
261.576 41.3584 2.38577 
0 0 0 
478.396 69.6639 3.96517 
157143 25748.3 1494.15 
81929.7 13834.9 806.917 
3.27469e-10 5.1777e-11 2.98677e-12 
0 0 0 
1474.25 241.56 14.0175 
929.752 157 9.15703 
0 0 0 
0 0 0 
0 0 0 
4.06039e-11 8.23806e-10 3.6821e-11 
0 0 0 
0 0 0 
8.80385e-13 2.64426e-11 7.97281e-13 
1231.39 26977.9 1116.35 
2150.76 43636.4 1950.38 
1.73606e-11 4.17395e-10 1.57335e-11 
0 0 0 
6.50791 195.467 5.8936 
10359.1 226951 9391.31 
7780.12 157850 7055.28 
1.15737e-11 2.78263e-10 1.0489e-11 
0 0 0 
556.552 12193.2 504.558 
213.47 4331.06 193.582 
0 0 0 
0 0 0 
0 0 0 
0.978788 7.85328 36.7106 
0 0 0 
0 0 0 
3.31256e-13 2.7652e-12 1.58777e-11 
145.324 1175.64 5726.7 
206.875 1659.86 7759.11 
0.43227 3.5308 18.0665 
0 0 0 
4.38557 36.6091 210.208 
594.69 4810.92 23434.6 
193.714 1554.26 7265.48 
1.45152 11.856 60.6653 
0 0 0 
6.17089e-12 4.99212e-11 2.43173e-10 
0.409047 3.28198 15.3418 
0 0 0 
$escByGroup
 5e-101 5e-101 2.58807e-09 5e-101 5e-101 18839.8 1.37733e+06 44683.9 3.3357e-09 5e-101 87887.1 557046 298657 3.05772e-09 5e-101 5394.51 1290.3 5e-101 5e-101 5e-101 4.78949e-10 5e-101 5e-101 7062.42 62235.3 89803.8 5.60742e-10 5e-101 1565.95 19727.2 13364.2 5.60742e-10 5e-101 517.9 4.78949e-10 5e-101 5e-101 5e-101 1.29317e-09 5e-101 5e-101 11026.7 205770 226270 1059.27 5e-101 29474.7 421096 165005 1.32611e-09 5e-101 3950.54 1872.51 5e-101 5e-101 5e-101 4.65443e-10 5e-101 5e-101 6.55217e-10 22346.8 24654.2 5.74517e-10 5e-101 4843.44 187993 89183.7 3.83011e-10 5e-101 10100.1 2447.01 5e-101 5e-101 5e-101 41.2328 5e-101 5e-101 6.64363e-10 9044.87 8714.92 45.4684 5e-101 8795.63 37013.1 8160.48 152.678 5e-101 3.84072e-10 17.2317 5e-101
$catchByGroup
0 0 9.91e-10 0 0 248.638 401640 17110 6.52589e-10 0 1159.89 162439 114359 5.98207e-10 0 1573.08 494.072 0 0 0 1.80726e-10 0 0 93.4827 17967 33886.5 1.09117e-10 0 20.728 5695.14 5042.85 1.09117e-10 0 149.515 1.80726e-10 0 0 0 6.42093e-10 0 0 178.972 76788.3 112349 261.576 0 478.396 157143 81929.7 3.27469e-10 0 1474.25 929.752 0 0 0 4.06039e-11 0 0 8.80385e-13 1231.39 2150.76 1.73606e-11 0 6.50791 10359.1 7780.12 1.15737e-11 0 556.552 213.47 0 0 0 0.978788 0 0 3.31256e-13 145.324 206.875 0.43227 0 4.38557 594.69 193.714 1.45152 0 6.17089e-12 0.409047 0 
0 0 1.61373e-10 0 0 35.849 63795 2786.16 1.00655e-10 0 167.234 25801.2 18622 9.22668e-11 0 249.863 80.4538 0 0 0 2.01722e-11 0 0 9.17337 1953.26 3782.33 1.14993e-11 0 2.03401 619.141 562.871 1.14993e-11 0 16.2543 2.01722e-11 0 0 0 1.08425e-10 0 0 26.0618 12582 18971.6 41.3584 0 69.6639 25748.3 13834.9 5.1777e-11 0 241.56 157 0 0 0 8.23806e-10 0 0 2.64426e-11 26977.9 43636.4 4.17395e-10 0 195.467 226951 157850 2.78263e-10 0 12193.2 4331.06 0 0 0 7.85328 0 0 2.7652e-12 1175.64 1659.86 3.5308 0 36.6091 4810.92 1554.26 11.856 0 4.99212e-11 3.28198 0 
0 0 1.79152e-11 0 0 3.90637 7054.89 309.313 1.10807e-11 0 18.2231 2853.27 2067.37 1.01573e-11 0 27.6315 8.93179 0 0 0 3.4901e-12 0 0 1.56843 337.109 654.401 1.97891e-12 0 0.347768 106.856 97.3852 1.97891e-12 0 2.8053 3.4901e-12 0 0 0 6.32391e-12 0 0 1.4834 730.12 1106.52 2.38577 0 3.96517 1494.15 806.917 2.98677e-12 0 14.0175 9.15703 0 0 0 3.6821e-11 0 0 7.97281e-13 1116.35 1950.38 1.57335e-11 0 5.8936 9391.31 7055.28 1.0489e-11 0 504.558 193.582 0 0 0 36.7106 0 0 1.58777e-11 5726.7 7759.11 18.0665 0 210.208 23434.6 7265.48 60.6653 0 2.43173e-10 15.3418 0 
$Fmort
 0.135002 0.150176 0.0773339
#ESTIMATED_PARAMETERS
$availability
1.48515 1.49041 1.82307 0.146338 0.0550396 
0.191422 0.130699 0.23702 4.0271 0.413765 
0.0404721 0.0433719 0.0261694 0.231335 4.65865 
$availabilityVector
 1.48515 0.191422 0.0404721 1.49041 0.130699 0.0433719 1.82307 0.23702 0.0261694 0.146338 4.0271 0.231335 0.0550396 0.413765 4.65865
$selectivity
 0.0652557 1.22086 1.52664 0.864655 1.32259
$RunSize
 0 0 3.75835e-09 0 0 19128.2 1.84982e+06 64889.4 4.10002e-09 0 89232.4 748140 433705 3.75835e-09 0 7245.09 1873.76 0 0 0 6.83337e-10 0 0 7166.65 82492.7 128127 6.83337e-10 0 1589.06 26148.4 19067.3 6.83337e-10 0 686.474 6.83337e-10 0 0 0 2.05001e-09 0 0 11233.2 295870 358697 1364.59 0 30026.8 605481 261577 1.70834e-09 0 5680.37 2968.42 0 0 0 1.36667e-09 0 0 6.83337e-10 51672.5 72391.8 1.02501e-09 0 5051.31 434694 261869 6.83337e-10 0 23354.4 7185.13 0 0 0 86.7755 0 0 6.83337e-10 16092.5 18340.8 67.498 0 9046.83 65853.3 17173.9 226.651 0 6.83337e-10 36.2645 0
